/out/sourcedata/freesurfer/sub-v1s13x0050059_ses-1/mri
/opt/freesurfer/bin/talairach_avi
--i orig_nu.mgz --xfm transforms/talairach.auto.xfm
talairach_avi 7.3.2
Linux dna006 5.14.0-427.37.1.el9_4.x86_64 #1 SMP PREEMPT_DYNAMIC Fri Sep 13 12:41:50 EDT 2024 x86_64 x86_64 x86_64 GNU/Linux
Sun Mar  8 17:07:52 CET 2026
mri_convert orig_nu.mgz talsrcimg.img 
reading from orig_nu.mgz...
TR=0.00, TE=0.00, TI=0.00, flip angle=0.00
i_ras = (-1, 0, 0)
j_ras = (0, 0, -1)
k_ras = (0, 1, 0)
writing to talsrcimg.img...
Analyze Output Matrix
-1.00000   0.00000   0.00000   129.52499;
 0.00000   0.00000   1.00000  -127.94919;
 0.00000  -1.00000   0.00000   127.14522;
 0.00000   0.00000   0.00000   1.00000;
--------------------
INFO: set hdr.hist.orient to -1
mpr2mni305 talsrcimg
Sun Mar  8 17:07:53 CET 2026
/opt/freesurfer/bin/mpr2mni305 talsrcimg
mpr2mni305 7.3.2
target=711-2C_as_mni_average_305

---------------------------------------------------------------------
analyzeto4dfp talsrcimg -O0 -y
---------------------------------------------------------------------

freesurfer ifh2hdr.c
Sun Mar  8 17:07:53 2026
Writing: talsrcimg.4dfp.hdr
freesurfer analyzeto4dfp.c
Reading: talsrcimg.hdr
header size 348 bytes
hdr.dime.datatype	offset=70	value=2
hdr.dime.bitpix		offset=72	value=8
hdr.hist.orient		offset=252	value=-1
dimensionality     4
dimensions       256       256       256         1
Reading: talsrcimg.img
Writing: talsrcimg.4dfp.img
Writing: talsrcimg.4dfp.ifh
ifh2hdr talsrcimg -r0to255
ori=2

---------------------------------------------------------------------
gauss_4dfp talsrcimg 1.1
---------------------------------------------------------------------

freesurfer gauss_4dfp.c
Reading: talsrcimg.4dfp.img
Writing: talsrcimg_g11.4dfp.img
image dimensions 256 256 256 padded to 288 288 288
processing volume 1freesurfer ifh2hdr.c
Sun Mar  8 17:07:55 2026
Writing: talsrcimg_g11.4dfp.hdr

Writing: talsrcimg_g11.4dfp.ifh
including: talsrcimg.4dfp.img.rec in talsrcimg_g11.4dfp.img.rec

---------------------------------------------------------------------
imgreg_4dfp /opt/freesurfer/average/711-2C_as_mni_average_305 none talsrcimg_g11 none talsrcimg_to_711-2C_as_mni_average_305_t4 4355
---------------------------------------------------------------------

freesurfer imgreg_4dfp.c
/opt/freesurfer/average/711-2C_as_mni_average_305.4dfp.img
       256       256       256         1
  1.000000  1.000000  1.000000
orientation T byte_order littleendian
Reading image: /opt/freesurfer/average/711-2C_as_mni_average_305.4dfp.img
dimensions:      256       256       256
mmppix:       1.0000   -1.0000   -1.0000
center:     128.0000 -129.0000 -129.0000
talsrcimg_g11.4dfp.img
       256       256       256         1
  1.000000  1.000000  1.000000
orientation T byte_order littleendian
Reading image: talsrcimg_g11.4dfp.img
dimensions:      256       256       256
mmppix:       1.0000   -1.0000   -1.0000
center:     128.0000 -129.0000 -129.0000
t4_read: open error in t4_sub.f l:  41 t4_file(1:l)talsrcimg_to_711-2C_as_mni_average_305_t4 
t4_read: transform initialized to I4
rotation matrix determinant  1.000000
image alignment mode   4355 decimal     1103 hex
   -7.5000  -45.0000  -45.0000 9047.8262   12.3226
    0.0000  -45.0000  -45.0000 9480.3604   12.3065
    7.5000  -45.0000  -45.0000 9102.8594   12.2614
   -7.5000  -37.5000  -45.0000 9566.1914   12.3047
    0.0000  -37.5000  -45.000010005.6055   12.2951
    7.5000  -37.5000  -45.0000 9607.7246   12.2571
   -7.5000  -30.0000  -45.000010399.3818   12.2725
    0.0000  -30.0000  -45.000010873.3154   12.2654
    7.5000  -30.0000  -45.000010425.8027   12.2332
   -7.5000  -22.5000  -45.000011116.7451   12.2255
    0.0000  -22.5000  -45.000011635.2090   12.2140
    7.5000  -22.5000  -45.000011117.6621   12.1786
   -7.5000  -15.0000  -45.000011703.9014   12.1627
    0.0000  -15.0000  -45.000012257.4639   12.1449
    7.5000  -15.0000  -45.000011719.0127   12.1020
   -7.5000   -7.5000  -45.000012234.0938   12.1027
    0.0000   -7.5000  -45.000012830.1484   12.0837
    7.5000   -7.5000  -45.000012273.9326   12.0376
   -7.5000    0.0000  -45.000012699.9521   12.0719
    0.0000    0.0000  -45.000013281.8428   12.0573
    7.5000    0.0000  -45.000012711.6133   12.0140
   -7.5000    7.5000  -45.000012137.3535   12.1040
    0.0000    7.5000  -45.000012688.5967   12.0955
    7.5000    7.5000  -45.000012152.9180   12.0587
   -7.5000   15.0000  -45.000011496.0830   12.1696
    0.0000   15.0000  -45.000012035.7168   12.1639
    7.5000   15.0000  -45.000011517.4316   12.1323
   -7.5000   22.5000  -45.000010799.6045   12.2648
    0.0000   22.5000  -45.000011314.6699   12.2547
    7.5000   22.5000  -45.000010799.5898   12.2193
   -7.5000   30.0000  -45.000010048.1289   12.2303
    0.0000   30.0000  -45.000010528.8105   12.2136
    7.5000   30.0000  -45.000010012.3750   12.1716
   -7.5000   37.5000  -45.0000 9626.3545   12.3593
    0.0000   37.5000  -45.000010085.7598   12.3430
    7.5000   37.5000  -45.0000 9578.4229   12.2967
   -7.5000   45.0000  -45.0000 8917.7764   12.2512
    0.0000   45.0000  -45.0000 9353.1758   12.2411
    7.5000   45.0000  -45.0000 8880.2500   12.1988
   -7.5000  -45.0000  -37.5000 9612.4326   12.3247
    0.0000  -45.0000  -37.500010082.2686   12.3107
    7.5000  -45.0000  -37.5000 9661.7080   12.2675
   -7.5000  -37.5000  -37.500010145.3867   12.3035
    0.0000  -37.5000  -37.500010636.6924   12.2973
    7.5000  -37.5000  -37.500010194.4639   12.2618
   -7.5000  -30.0000  -37.500011044.5635   12.2695
    0.0000  -30.0000  -37.500011581.4941   12.2654
    7.5000  -30.0000  -37.500011062.1445   12.2354
   -7.5000  -22.5000  -37.500011820.0273   12.2241
    0.0000  -22.5000  -37.500012373.4131   12.2136
    7.5000  -22.5000  -37.500011801.8652   12.1796
   -7.5000  -15.0000  -37.500012432.8184   12.1648
    0.0000  -15.0000  -37.500013018.3740   12.1469
    7.5000  -15.0000  -37.500012421.0898   12.1048
   -7.5000   -7.5000  -37.500012976.9043   12.1045
    0.0000   -7.5000  -37.500013594.3369   12.0859
    7.5000   -7.5000  -37.500012984.6445   12.0410
   -7.5000    0.0000  -37.500013435.6631   12.0702
    0.0000    0.0000  -37.500014037.3564   12.0577
    7.5000    0.0000  -37.500013421.6055   12.0164
   -7.5000    7.5000  -37.500012827.3047   12.0996
    0.0000    7.5000  -37.500013412.5537   12.0944
    7.5000    7.5000  -37.500012828.3105   12.0602
   -7.5000   15.0000  -37.500012135.0654   12.1640
    0.0000   15.0000  -37.500012704.3477   12.1612
    7.5000   15.0000  -37.500012145.7334   12.1318
   -7.5000   22.5000  -37.500011391.3018   12.2603
    0.0000   22.5000  -37.500011917.9688   12.2513
    7.5000   22.5000  -37.500011359.7451   12.2173
   -7.5000   30.0000  -37.500010550.7129   12.2288
    0.0000   30.0000  -37.500011063.3213   12.2126
    7.5000   30.0000  -37.500010522.5312   12.1713
   -7.5000   37.5000  -37.500010062.2393   12.3573
    0.0000   37.5000  -37.500010554.6445   12.3419
    7.5000   37.5000  -37.500010039.7988   12.2966
   -7.5000   45.0000  -37.5000 9291.3057   12.2472
    0.0000   45.0000  -37.5000 9752.7402   12.2389
    7.5000   45.0000  -37.5000 9272.6250   12.1992
   -7.5000  -45.0000  -30.000010375.4297   12.8087
    0.0000  -45.0000  -30.000010899.7998   12.7954
    7.5000  -45.0000  -30.000010408.6094   12.7571
   -7.5000  -37.5000  -30.000010936.0957   12.7806
    0.0000  -37.5000  -30.000011482.6934   12.7754
    7.5000  -37.5000  -30.000010964.6777   12.7453
   -7.5000  -30.0000  -30.000011886.3643   12.7420
    0.0000  -30.0000  -30.000012468.3428   12.7391
    7.5000  -30.0000  -30.000011894.5645   12.7147
   -7.5000  -22.5000  -30.000012722.3594   12.6955
    0.0000  -22.5000  -30.000013329.8604   12.6865
    7.5000  -22.5000  -30.000012711.3594   12.6580
   -7.5000  -15.0000  -30.000013390.0420   12.6366
    0.0000  -15.0000  -30.000014036.0322   12.6201
    7.5000  -15.0000  -30.000013391.0293   12.5831
   -7.5000   -7.5000  -30.000013962.6133   12.5740
    0.0000   -7.5000  -30.000014627.3115   12.5564
    7.5000   -7.5000  -30.000013953.2656   12.5161
   -7.5000    0.0000  -30.000014414.3691   12.5341
    0.0000    0.0000  -30.000015107.1719   12.5222
    7.5000    0.0000  -30.000014372.2852   12.4856
   -7.5000    7.5000  -30.000013758.3604   12.5608
    0.0000    7.5000  -30.000014415.8809   12.5566
    7.5000    7.5000  -30.000013743.1514   12.5275
   -7.5000   15.0000  -30.000013015.3838   12.6262
    0.0000   15.0000  -30.000013640.8408   12.6246
    7.5000   15.0000  -30.000012981.3057   12.6007
   -7.5000   22.5000  -30.000012193.5850   12.7256
    0.0000   22.5000  -30.000012767.2158   12.7186
    7.5000   22.5000  -30.000012142.2852   12.6904
   -7.5000   30.0000  -30.000011275.2607   12.6981
    0.0000   30.0000  -30.000011810.4990   12.6844
    7.5000   30.0000  -30.000011249.2568   12.6492
   -7.5000   37.5000  -30.000010710.2324   12.8314
    0.0000   37.5000  -30.000011241.2236   12.8189
    7.5000   37.5000  -30.000010716.0791   12.7791
   -7.5000   45.0000  -30.0000 9883.6162   12.7207
    0.0000   45.0000  -30.000010357.0156   12.7150
    7.5000   45.0000  -30.0000 9864.9580   12.6809
   -7.5000  -45.0000  -22.500011094.4473   13.2229
    0.0000  -45.0000  -22.500011653.0029   13.2091
    7.5000  -45.0000  -22.500011141.6865   13.1751
   -7.5000  -37.5000  -22.500011679.3525   13.1913
    0.0000  -37.5000  -22.500012274.9951   13.1845
    7.5000  -37.5000  -22.500011712.1816   13.1588
   -7.5000  -30.0000  -22.500012696.0059   13.1498
    0.0000  -30.0000  -22.500013328.7910   13.1461
    7.5000  -30.0000  -22.500012711.4766   13.1266
   -7.5000  -22.5000  -22.500013595.6221   13.1004
    0.0000  -22.5000  -22.500014257.9209   13.0930
    7.5000  -22.5000  -22.500013593.6025   13.0702
   -7.5000  -15.0000  -22.500014295.2764   13.0384
    0.0000  -15.0000  -22.500014984.0029   13.0249
    7.5000  -15.0000  -22.500014291.7803   12.9937
   -7.5000   -7.5000  -22.500014873.6201   12.9732
    0.0000   -7.5000  -22.500015583.1836   12.9573
    7.5000   -7.5000  -22.500014850.7363   12.9222
   -7.5000    0.0000  -22.500015342.6357   12.9313
    0.0000    0.0000  -22.500016098.4043   12.9190
    7.5000    0.0000  -22.500015310.7314   12.8867
   -7.5000    7.5000  -22.500014654.2744   12.9581
    0.0000    7.5000  -22.500015375.7393   12.9524
    7.5000    7.5000  -22.500014615.7861   12.9277
   -7.5000   15.0000  -22.500013841.2656   13.0259
    0.0000   15.0000  -22.500014524.4775   13.0234
    7.5000   15.0000  -22.500013802.5381   13.0045
   -7.5000   22.5000  -22.500012905.9404   13.1269
    0.0000   22.5000  -22.500013545.3281   13.1218
    7.5000   22.5000  -22.500012862.3945   13.0999
   -7.5000   30.0000  -22.500011906.0215   13.1006
    0.0000   30.0000  -22.500012485.4795   13.0904
    7.5000   30.0000  -22.500011864.4766   13.0619
   -7.5000   37.5000  -22.500011327.1592   13.2386
    0.0000   37.5000  -22.500011883.0225   13.2294
    7.5000   37.5000  -22.500011314.6689   13.1957
   -7.5000   45.0000  -22.500010430.6641   13.1297
    0.0000   45.0000  -22.500010928.7373   13.1260
    7.5000   45.0000  -22.500010418.6855   13.0967
   -7.5000  -45.0000  -15.000011771.4072   13.5257
    0.0000  -45.0000  -15.000012349.7871   13.5104
    7.5000  -45.0000  -15.000011816.3545   13.4749
   -7.5000  -37.5000  -15.000012390.9570   13.4960
    0.0000  -37.5000  -15.000013015.0430   13.4863
    7.5000  -37.5000  -15.000012419.2627   13.4592
   -7.5000  -30.0000  -15.000013476.5010   13.4552
    0.0000  -30.0000  -15.000014133.2471   13.4493
    7.5000  -30.0000  -15.000013487.7715   13.4292
   -7.5000  -22.5000  -15.000014433.5898   13.4031
    0.0000  -22.5000  -15.000015164.2217   13.3958
    7.5000  -22.5000  -15.000014432.9570   13.3728
   -7.5000  -15.0000  -15.000015177.0400   13.3356
    0.0000  -15.0000  -15.000015933.3682   13.3235
    7.5000  -15.0000  -15.000015153.9834   13.2922
   -7.5000   -7.5000  -15.000015768.5830   13.2673
    0.0000   -7.5000  -15.000016519.1875   13.2519
    7.5000   -7.5000  -15.000015706.0850   13.2160
   -7.5000    0.0000  -15.000016241.5518   13.2261
    0.0000    0.0000  -15.000017041.2617   13.2125
    7.5000    0.0000  -15.000016160.3389   13.1788
   -7.5000    7.5000  -15.000015518.1133   13.2566
    0.0000    7.5000  -15.000016277.1113   13.2482
    7.5000    7.5000  -15.000015435.7500   13.2222
   -7.5000   15.0000  -15.000014617.7568   13.3277
    0.0000   15.0000  -15.000015356.7998   13.3231
    7.5000   15.0000  -15.000014554.7100   13.3037
   -7.5000   22.5000  -15.000013620.5547   13.4297
    0.0000   22.5000  -15.000014279.0986   13.4249
    7.5000   22.5000  -15.000013551.9326   13.4029
   -7.5000   30.0000  -15.000012552.6387   13.4023
    0.0000   30.0000  -15.000013143.5420   13.3931
    7.5000   30.0000  -15.000012507.9971   13.3646
   -7.5000   37.5000  -15.000011966.5186   13.5424
    0.0000   37.5000  -15.000012542.5967   13.5335
    7.5000   37.5000  -15.000011925.9502   13.4993
   -7.5000   45.0000  -15.000011007.4443   13.4382
    0.0000   45.0000  -15.000011522.0762   13.4335
    7.5000   45.0000  -15.000010976.3184   13.4023
   -7.5000  -45.0000   -7.500012488.7520   13.6816
    0.0000  -45.0000   -7.500013083.6416   13.6643
    7.5000  -45.0000   -7.500012526.5420   13.6210
   -7.5000  -37.5000   -7.500013140.1240   13.6551
    0.0000  -37.5000   -7.500013794.7305   13.6435
    7.5000  -37.5000   -7.500013165.2520   13.6083
   -7.5000  -30.0000   -7.500014266.5781   13.6143
    0.0000  -30.0000   -7.500014970.4561   13.6065
    7.5000  -30.0000   -7.500014265.6104   13.5783
   -7.5000  -22.5000   -7.500015294.5977   13.5586
    0.0000  -22.5000   -7.500016090.9336   13.5487
    7.5000  -22.5000   -7.500015303.9082   13.5177
   -7.5000  -15.0000   -7.500016107.4688   13.4859
    0.0000  -15.0000   -7.500016925.0527   13.4708
    7.5000  -15.0000   -7.500016102.5869   13.4317
   -7.5000   -7.5000   -7.500016748.8457   13.4158
    0.0000   -7.5000   -7.500017542.9844   13.3980
    7.5000   -7.5000   -7.500016681.1328   13.3547
   -7.5000    0.0000   -7.500017226.6562   13.3774
    0.0000    0.0000   -7.500017997.6504   13.3619
    7.5000    0.0000   -7.500017105.0078   13.3208
   -7.5000    7.5000   -7.500016427.0684   13.4121
    0.0000    7.5000   -7.500017167.9863   13.4018
    7.5000    7.5000   -7.500016311.1660   13.3680
   -7.5000   15.0000   -7.500015452.8057   13.4849
    0.0000   15.0000   -7.500016147.8848   13.4784
    7.5000   15.0000   -7.500015340.5303   13.4511
   -7.5000   22.5000   -7.500014385.1914   13.5856
    0.0000   22.5000   -7.500015048.2578   13.5778
    7.5000   22.5000   -7.500014289.4785   13.5474
   -7.5000   30.0000   -7.500013256.8633   13.5565
    0.0000   30.0000   -7.500013864.7900   13.5432
    7.5000   30.0000   -7.500013179.3252   13.5061
   -7.5000   37.5000   -7.500012634.2822   13.6968
    0.0000   37.5000   -7.500013242.9980   13.6836
    7.5000   37.5000   -7.500012569.4639   13.6411
   -7.5000   45.0000   -7.500011592.4473   13.5987
    0.0000   45.0000   -7.500012153.6562   13.5903
    7.5000   45.0000   -7.500011547.9473   13.5506
   -7.5000  -45.0000    0.000013045.1504   13.7030
    0.0000  -45.0000    0.000013696.0508   13.6856
    7.5000  -45.0000    0.000013120.7910   13.6364
   -7.5000  -37.5000    0.000013748.4092   13.6775
    0.0000  -37.5000    0.000014438.2441   13.6673
    7.5000  -37.5000    0.000013784.3369   13.6262
   -7.5000  -30.0000    0.000014915.0264   13.6364
    0.0000  -30.0000    0.000015639.4814   13.6291
    7.5000  -30.0000    0.000014922.3174   13.5944
   -7.5000  -22.5000    0.000016005.7910   13.5792
    0.0000  -22.5000    0.000016826.2637   13.5670
    7.5000  -22.5000    0.000016020.5312   13.5289
   -7.5000  -15.0000    0.000016947.8770   13.5049
    0.0000  -15.0000    0.000017826.8652   13.4858
    7.5000  -15.0000    0.000016969.0703   13.4394
   -7.5000   -7.5000    0.000017667.6445   13.4346
    0.0000   -7.5000    0.000018539.8672   13.4141
    7.5000   -7.5000    0.000017619.1152   13.3643
   -7.5000    0.0000    0.000018229.1738   13.3972
    0.0000    0.0000    0.000018994.5566   13.3816
    7.5000    0.0000    0.000018067.9180   13.3348
   -7.5000    7.5000    0.000017337.6816   13.4335
    0.0000    7.5000    0.000018036.3574   13.4245
    7.5000    7.5000    0.000017173.4062   13.3850
   -7.5000   15.0000    0.000016281.1035   13.5064
    0.0000   15.0000    0.000016970.2793   13.5006
    7.5000   15.0000    0.000016106.3193   13.4668
   -7.5000   22.5000    0.000015118.0498   13.6073
    0.0000   22.5000    0.000015825.2490   13.5966
    7.5000   22.5000    0.000014988.0371   13.5588
   -7.5000   30.0000    0.000013891.5137   13.5779
    0.0000   30.0000    0.000014569.4141   13.5601
    7.5000   30.0000    0.000013755.3057   13.5148
   -7.5000   37.5000    0.000013200.4092   13.7172
    0.0000   37.5000    0.000013884.1484   13.6997
    7.5000   37.5000    0.000013091.6475   13.6497
   -7.5000   45.0000    0.000012114.1201   13.6220
    0.0000   45.0000    0.000012732.8359   13.6113
    7.5000   45.0000    0.000012034.1592   13.5656
   -7.5000  -45.0000    7.500012639.1650   13.7335
    0.0000  -45.0000    7.500013219.1553   13.7182
    7.5000  -45.0000    7.500012702.1445   13.6708
   -7.5000  -37.5000    7.500013295.5293   13.7059
    0.0000  -37.5000    7.500013916.2197   13.6993
    7.5000  -37.5000    7.500013368.0264   13.6605
   -7.5000  -30.0000    7.500014405.0381   13.6646
    0.0000  -30.0000    7.500015040.7539   13.6603
    7.5000  -30.0000    7.500014425.4365   13.6277
   -7.5000  -22.5000    7.500015446.0654   13.6108
    0.0000  -22.5000    7.500016137.4189   13.5996
    7.5000  -22.5000    7.500015440.5332   13.5625
   -7.5000  -15.0000    7.500016412.3555   13.5422
    0.0000  -15.0000    7.500017285.0645   13.5227
    7.5000  -15.0000    7.500016437.8906   13.4767
   -7.5000   -7.5000    7.500017206.5020   13.4728
    0.0000   -7.5000    7.500018198.6680   13.4525
    7.5000   -7.5000    7.500017253.9043   13.4035
   -7.5000    0.0000    7.500017749.5508   13.4327
    0.0000    0.0000    7.500018704.1328   13.4192
    7.5000    0.0000    7.500017707.9414   13.3741
   -7.5000    7.5000    7.500016801.2754   13.4657
    0.0000    7.5000    7.500017677.5508   13.4602
    7.5000    7.5000    7.500016719.3145   13.4230
   -7.5000   15.0000    7.500015717.9443   13.5375
    0.0000   15.0000    7.500016540.5234   13.5347
    7.5000   15.0000    7.500015586.6367   13.5028
   -7.5000   22.5000    7.500014568.9619   13.6402
    0.0000   22.5000    7.500015312.6543   13.6305
    7.5000   22.5000    7.500014437.6582   13.5936
   -7.5000   30.0000    7.500013415.7285   13.6144
    0.0000   30.0000    7.500014040.6279   13.5967
    7.5000   30.0000    7.500013267.5186   13.5518
   -7.5000   37.5000    7.500012788.3799   13.7549
    0.0000   37.5000    7.500013374.7949   13.7382
    7.5000   37.5000    7.500012668.6729   13.6888
   -7.5000   45.0000    7.500011715.3418   13.6577
    0.0000   45.0000    7.500012261.8711   13.6488
    7.5000   45.0000    7.500011621.5059   13.6055
   -7.5000  -45.0000   15.000012066.6465   13.7736
    0.0000  -45.0000   15.000012587.7637   13.7599
    7.5000  -45.0000   15.000012116.6260   13.7189
   -7.5000  -37.5000   15.000012687.9072   13.7432
    0.0000  -37.5000   15.000013269.3066   13.7384
    7.5000  -37.5000   15.000012772.9375   13.7062
   -7.5000  -30.0000   15.000013722.7939   13.7017
    0.0000  -30.0000   15.000014314.2881   13.6994
    7.5000  -30.0000   15.000013780.0898   13.6735
   -7.5000  -22.5000   15.000014754.4121   13.6520
    0.0000  -22.5000   15.000015368.2842   13.6432
    7.5000  -22.5000   15.000014747.1660   13.6127
   -7.5000  -15.0000   15.000015692.8115   13.5894
    0.0000  -15.0000   15.000016456.5977   13.5724
    7.5000  -15.0000   15.000015696.5215   13.5330
   -7.5000   -7.5000   15.000016443.6152   13.5211
    0.0000   -7.5000   15.000017259.0488   13.5030
    7.5000   -7.5000   15.000016413.6934   13.4600
   -7.5000    0.0000   15.000016921.6387   13.4779
    0.0000    0.0000   15.000017720.5449   13.4659
    7.5000    0.0000   15.000016848.2090   13.4269
   -7.5000    7.5000   15.000016037.1533   13.5068
    0.0000    7.5000   15.000016829.0840   13.5031
    7.5000    7.5000   15.000015961.4775   13.4722
   -7.5000   15.0000   15.000015033.2275   13.5775
    0.0000   15.0000   15.000015802.2012   13.5765
    7.5000   15.0000   15.000014938.5508   13.5513
   -7.5000   22.5000   15.000013895.1338   13.6813
    0.0000   22.5000   15.000014603.7363   13.6745
    7.5000   22.5000   15.000013803.9326   13.6446
   -7.5000   30.0000   15.000012750.9648   13.6583
    0.0000   30.0000   15.000013351.8564   13.6442
    7.5000   30.0000   15.000012652.0547   13.6068
   -7.5000   37.5000   15.000012165.5723   13.8005
    0.0000   37.5000   15.000012707.6436   13.7878
    7.5000   37.5000   15.000012077.7500   13.7454
   -7.5000   45.0000   15.000011148.3818   13.6982
    0.0000   45.0000   15.000011644.6543   13.6928
    7.5000   45.0000   15.000011080.1572   13.6566
   -7.5000  -45.0000   22.500011348.1133   13.8266
    0.0000  -45.0000   22.500011853.6797   13.8135
    7.5000  -45.0000   22.500011406.0312   13.7779
   -7.5000  -37.5000   22.500011951.3672   13.7959
    0.0000  -37.5000   22.500012511.4189   13.7901
    7.5000  -37.5000   22.500012042.8047   13.7633
   -7.5000  -30.0000   22.500012953.7178   13.7568
    0.0000  -30.0000   22.500013496.4668   13.7544
    7.5000  -30.0000   22.500013023.3037   13.7341
   -7.5000  -22.5000   22.500013919.0898   13.7099
    0.0000  -22.5000   22.500014501.7021   13.7034
    7.5000  -22.5000   22.500013945.8770   13.6796
   -7.5000  -15.0000   22.500014796.9541   13.6492
    0.0000  -15.0000   22.500015457.4180   13.6364
    7.5000  -15.0000   22.500014816.3096   13.6036
   -7.5000   -7.5000   22.500015445.5859   13.5805
    0.0000   -7.5000   22.500016133.9580   13.5653
    7.5000   -7.5000   22.500015436.4902   13.5284
   -7.5000    0.0000   22.500015855.3730   13.5360
    0.0000    0.0000   22.500016523.9219   13.5246
    7.5000    0.0000   22.500015802.8076   13.4908
   -7.5000    7.5000   22.500015060.4209   13.5633
    0.0000    7.5000   22.500015730.7715   13.5587
    7.5000    7.5000   22.500014991.6143   13.5331
   -7.5000   15.0000   22.500014154.2471   13.6333
    0.0000   15.0000   22.500014808.5605   13.6321
    7.5000   15.0000   22.500014070.6104   13.6126
   -7.5000   22.5000   22.500013138.4990   13.7359
    0.0000   22.5000   22.500013743.6934   13.7320
    7.5000   22.5000   22.500013050.6523   13.7092
   -7.5000   30.0000   22.500012037.0215   13.7111
    0.0000   30.0000   22.500012563.2676   13.7018
    7.5000   30.0000   22.500011957.6406   13.6721
   -7.5000   37.5000   22.500011451.1523   13.8535
    0.0000   37.5000   22.500011976.0068   13.8453
    7.5000   37.5000   22.500011400.5996   13.8101
   -7.5000   45.0000   22.500010483.7441   13.7476
    0.0000   45.0000   22.500010958.4443   13.7453
    7.5000   45.0000   22.500010453.8457   13.7147
   -7.5000  -45.0000   30.000010543.5205   13.9540
    0.0000  -45.0000   30.000011035.8711   13.9401
    7.5000  -45.0000   30.000010612.7842   13.9029
   -7.5000  -37.5000   30.000011121.6523   13.9261
    0.0000  -37.5000   30.000011644.6279   13.9181
    7.5000  -37.5000   30.000011212.6699   13.8898
   -7.5000  -30.0000   30.000012055.5742   13.8907
    0.0000  -30.0000   30.000012577.0811   13.8866
    7.5000  -30.0000   30.000012136.8271   13.8657
   -7.5000  -22.5000   30.000012966.0059   13.8439
    0.0000  -22.5000   30.000013551.1318   13.8384
    7.5000  -22.5000   30.000013012.1729   13.8145
   -7.5000  -15.0000   30.000013751.0703   13.7806
    0.0000  -15.0000   30.000014370.4707   13.7701
    7.5000  -15.0000   30.000013787.3301   13.7374
   -7.5000   -7.5000   30.000014341.5342   13.7097
    0.0000   -7.5000   30.000014938.0283   13.6959
    7.5000   -7.5000   30.000014327.0713   13.6584
   -7.5000    0.0000   30.000014728.9727   13.6661
    0.0000    0.0000   30.000015351.3154   13.6541
    7.5000    0.0000   30.000014695.2119   13.6189
   -7.5000    7.5000   30.000013995.8242   13.6954
    0.0000    7.5000   30.000014605.9082   13.6888
    7.5000    7.5000   30.000013961.9004   13.6618
   -7.5000   15.0000   30.000013152.9385   13.7667
    0.0000   15.0000   30.000013756.9492   13.7640
    7.5000   15.0000   30.000013113.5137   13.7441
   -7.5000   22.5000   30.000012224.0020   13.8687
    0.0000   22.5000   30.000012782.7939   13.8658
    7.5000   22.5000   30.000012176.3320   13.8432
   -7.5000   30.0000   30.000011225.6895   13.8405
    0.0000   30.0000   30.000011708.2666   13.8330
    7.5000   30.0000   30.000011173.3984   13.8035
   -7.5000   37.5000   30.000010673.2861   13.9828
    0.0000   37.5000   30.000011167.1680   13.9757
    7.5000   37.5000   30.000010645.8525   13.9402
   -7.5000   45.0000   30.0000 9767.2920   13.8774
    0.0000   45.0000   30.000010215.0879   13.8747
    7.5000   45.0000   30.0000 9751.5000   13.8424
   -7.5000  -45.0000   37.500010150.6436   14.1422
    0.0000  -45.0000   37.500010619.1299   14.1256
    7.5000  -45.0000   37.500010202.9541   14.0795
   -7.5000  -37.5000   37.500010703.9307   14.1178
    0.0000  -37.5000   37.500011190.9102   14.1072
    7.5000  -37.5000   37.500010760.0713   14.0701
   -7.5000  -30.0000   37.500011615.6396   14.0848
    0.0000  -30.0000   37.500012127.2227   14.0781
    7.5000  -30.0000   37.500011659.3457   14.0485
   -7.5000  -22.5000   37.500012470.5244   14.0367
    0.0000  -22.5000   37.500013064.6436   14.0278
    7.5000  -22.5000   37.500012505.2676   13.9952
   -7.5000  -15.0000   37.500013197.5137   13.9699
    0.0000  -15.0000   37.500013779.5830   13.9554
    7.5000  -15.0000   37.500013205.5059   13.9139
   -7.5000   -7.5000   37.500013749.1816   13.8974
    0.0000   -7.5000   37.500014295.3809   13.8802
    7.5000   -7.5000   37.500013719.9121   13.8341
   -7.5000    0.0000   37.500014125.8525   13.8554
    0.0000    0.0000   37.500014704.5078   13.8408
    7.5000    0.0000   37.500014080.7861   13.7972
   -7.5000    7.5000   37.500013418.3389   13.8877
    0.0000    7.5000   37.500013989.8047   13.8786
    7.5000    7.5000   37.500013392.0029   13.8431
   -7.5000   15.0000   37.500012598.5156   13.9601
    0.0000   15.0000   37.500013153.6562   13.9550
    7.5000   15.0000   37.500012568.8223   13.9266
   -7.5000   22.5000   37.500011712.6270   14.0627
    0.0000   22.5000   37.500012232.5078   14.0559
    7.5000   22.5000   37.500011669.3281   14.0243
   -7.5000   30.0000   37.500010771.6943   14.0321
    0.0000   30.0000   37.500011245.8086   14.0194
    7.5000   30.0000   37.500010731.5498   13.9803
   -7.5000   37.5000   37.500010263.6777   14.1747
    0.0000   37.5000   37.500010737.9414   14.1622
    7.5000   37.5000   37.500010249.6387   14.1174
   -7.5000   45.0000   37.5000 9416.0273   14.0730
    0.0000   45.0000   37.5000 9837.2441   14.0658
    7.5000   45.0000   37.5000 9394.8027   14.0240
   -7.5000  -45.0000   45.0000 9360.6777   14.3565
    0.0000  -45.0000   45.0000 9796.6680   14.3405
    7.5000  -45.0000   45.0000 9391.5664   14.2864
   -7.5000  -37.5000   45.0000 9876.6934   14.3323
    0.0000  -37.5000   45.000010325.2910   14.3239
    7.5000  -37.5000   45.0000 9905.5215   14.2788
   -7.5000  -30.0000   45.000010709.0332   14.2984
    0.0000  -30.0000   45.000011184.1582   14.2927
    7.5000  -30.0000   45.000010734.7090   14.2551
   -7.5000  -22.5000   45.000011474.2148   14.2483
    0.0000  -22.5000   45.000012001.4912   14.2375
    7.5000  -22.5000   45.000011497.2520   14.1965
   -7.5000  -15.0000   45.000012132.1836   14.1808
    0.0000  -15.0000   45.000012642.2217   14.1628
    7.5000  -15.0000   45.000012121.6797   14.1126
   -7.5000   -7.5000   45.000012618.4404   14.1095
    0.0000   -7.5000   45.000013120.4238   14.0903
    7.5000   -7.5000   45.000012585.1162   14.0359
   -7.5000    0.0000   45.000012980.4326   14.0683
    0.0000    0.0000   45.000013504.4600   14.0545
    7.5000    0.0000   45.000012932.9521   14.0032
   -7.5000    7.5000   45.000012330.2188   14.1009
    0.0000    7.5000   45.000012850.5078   14.0941
    7.5000    7.5000   45.000012299.4473   14.0509
   -7.5000   15.0000   45.000011573.6484   14.1724
    0.0000   15.0000   45.000012067.9951   14.1685
    7.5000   15.0000   45.000011551.5537   14.1321
   -7.5000   22.5000   45.000010742.3428   14.2760
    0.0000   22.5000   45.000011218.9648   14.2668
    7.5000   22.5000   45.000010713.0605   14.2263
   -7.5000   30.0000   45.0000 9890.3125   14.2454
    0.0000   30.0000   45.000010344.4502   14.2286
    7.5000   30.0000   45.0000 9861.7939   14.1799
   -7.5000   37.5000   45.0000 9452.5625   14.3920
    0.0000   37.5000   45.0000 9873.1240   14.3759
    7.5000   37.5000   45.0000 9416.2949   14.3218
   -7.5000   45.0000   45.0000 8655.3779   14.3032
    0.0000   45.0000   45.0000 9051.3408   14.2945
    7.5000   45.0000   45.0000 8623.0137   14.2448

---------------------------------------------------------------------
imgreg_4dfp /opt/freesurfer/average/711-2C_as_mni_average_305 /opt/freesurfer/average/711-2B_as_mni_average_305_mask talsrcimg_g11 none talsrcimg_to_711-2C_as_mni_average_305_t4 4355
---------------------------------------------------------------------

freesurfer imgreg_4dfp.c
/opt/freesurfer/average/711-2C_as_mni_average_305.4dfp.img
       256       256       256         1
  1.000000  1.000000  1.000000
orientation T byte_order littleendian
Reading image: /opt/freesurfer/average/711-2C_as_mni_average_305.4dfp.img
dimensions:      256       256       256
mmppix:       1.0000   -1.0000   -1.0000
center:     128.0000 -129.0000 -129.0000
/opt/freesurfer/average/711-2B_as_mni_average_305_mask.4dfp.img
       256       256       256         1
  1.000000  1.000000  1.000000
orientation T byte_order littleendian
Reading mask: /opt/freesurfer/average/711-2B_as_mni_average_305_mask.4dfp.img (2306576 pixels)
talsrcimg_g11.4dfp.img
       256       256       256         1
  1.000000  1.000000  1.000000
orientation T byte_order littleendian
Reading image: talsrcimg_g11.4dfp.img
dimensions:      256       256       256
mmppix:       1.0000   -1.0000   -1.0000
center:     128.0000 -129.0000 -129.0000
rotation matrix determinant  1.000000
image alignment mode   4355 decimal     1103 hex
   -7.5000  -45.0000  -45.0000 2250.2542   14.9989
    0.0000  -45.0000  -45.0000 2269.7400   14.8896
    7.5000  -45.0000  -45.0000 2254.3965   14.9446
   -7.5000  -37.5000  -45.0000 2306.6506   14.1615
    0.0000  -37.5000  -45.0000 2318.0847   14.0742
    7.5000  -37.5000  -45.0000 2306.7468   14.1228
   -7.5000  -30.0000  -45.0000 2347.2126   13.5149
    0.0000  -30.0000  -45.0000 2357.5537   13.4288
    7.5000  -30.0000  -45.0000 2349.6868   13.4631
   -7.5000  -22.5000  -45.0000 2372.1743   13.0257
    0.0000  -22.5000  -45.0000 2392.5605   12.9281
    7.5000  -22.5000  -45.0000 2374.6299   12.9650
   -7.5000  -15.0000  -45.0000 2384.4695   12.6740
    0.0000  -15.0000  -45.0000 2401.2046   12.6007
    7.5000  -15.0000  -45.0000 2384.2539   12.6447
   -7.5000   -7.5000  -45.0000 2388.1589   12.5409
    0.0000   -7.5000  -45.0000 2410.3843   12.4271
    7.5000   -7.5000  -45.0000 2392.8220   12.4589
   -7.5000    0.0000  -45.0000 2384.4802   12.5791
    0.0000    0.0000  -45.0000 2403.9548   12.4539
    7.5000    0.0000  -45.0000 2389.4546   12.4885
   -7.5000    7.5000  -45.0000 2358.2847   12.8555
    0.0000    7.5000  -45.0000 2380.6145   12.7435
    7.5000    7.5000  -45.0000 2369.6003   12.7738
   -7.5000   15.0000  -45.0000 2315.4338   13.3927
    0.0000   15.0000  -45.0000 2340.6040   13.2743
    7.5000   15.0000  -45.0000 2325.0286   13.3256
   -7.5000   22.5000  -45.0000 2255.5359   14.1514
    0.0000   22.5000  -45.0000 2279.9402   14.0136
    7.5000   22.5000  -45.0000 2269.3196   14.0428
   -7.5000   30.0000  -45.0000 2182.6841   15.1825
    0.0000   30.0000  -45.0000 2204.0879   15.0168
    7.5000   30.0000  -45.0000 2192.8892   15.0111
   -7.5000   37.5000  -45.0000 2099.3687   16.5675
    0.0000   37.5000  -45.0000 2115.6626   16.3617
    7.5000   37.5000  -45.0000 2103.7014   16.3364
   -7.5000   45.0000  -45.0000 2001.1482   18.4838
    0.0000   45.0000  -45.0000 2021.8829   18.2308
    7.5000   45.0000  -45.0000 2005.3188   18.2086
   -7.5000  -45.0000  -37.5000 2339.5686   13.9149
    0.0000  -45.0000  -37.5000 2356.6738   13.8309
    7.5000  -45.0000  -37.5000 2340.8953   13.8470
   -7.5000  -37.5000  -37.5000 2396.1243   13.1586
    0.0000  -37.5000  -37.5000 2409.9299   13.0800
    7.5000  -37.5000  -37.5000 2401.8223   13.0991
   -7.5000  -30.0000  -37.5000 2437.5354   12.5805
    0.0000  -30.0000  -37.5000 2455.4187   12.4850
    7.5000  -30.0000  -37.5000 2442.3540   12.4869
   -7.5000  -22.5000  -37.5000 2469.2017   12.1151
    0.0000  -22.5000  -37.5000 2484.7485   12.0303
    7.5000  -22.5000  -37.5000 2468.5112   12.0406
   -7.5000  -15.0000  -37.5000 2479.9121   11.8013
    0.0000  -15.0000  -37.5000 2498.6597   11.7114
    7.5000  -15.0000  -37.5000 2479.1252   11.7550
   -7.5000   -7.5000  -37.5000 2483.5273   11.6803
    0.0000   -7.5000  -37.5000 2506.9714   11.5716
    7.5000   -7.5000  -37.5000 2486.1855   11.6117
   -7.5000    0.0000  -37.5000 2475.9819   11.7100
    0.0000    0.0000  -37.5000 2497.2715   11.5991
    7.5000    0.0000  -37.5000 2484.4744   11.6473
   -7.5000    7.5000  -37.5000 2452.7397   11.9637
    0.0000    7.5000  -37.5000 2475.1550   11.8413
    7.5000    7.5000  -37.5000 2461.9563   11.8951
   -7.5000   15.0000  -37.5000 2408.4951   12.4221
    0.0000   15.0000  -37.5000 2432.4453   12.3165
    7.5000   15.0000  -37.5000 2420.0591   12.3643
   -7.5000   22.5000  -37.5000 2347.1230   13.1031
    0.0000   22.5000  -37.5000 2370.3625   12.9893
    7.5000   22.5000  -37.5000 2356.4316   13.0299
   -7.5000   30.0000  -37.5000 2267.0437   14.0204
    0.0000   30.0000  -37.5000 2290.6470   13.8770
    7.5000   30.0000  -37.5000 2278.2820   13.8983
   -7.5000   37.5000  -37.5000 2176.3640   15.2844
    0.0000   37.5000  -37.5000 2192.7854   15.1188
    7.5000   37.5000  -37.5000 2184.5085   15.1117
   -7.5000   45.0000  -37.5000 2070.2673   17.0450
    0.0000   45.0000  -37.5000 2088.9951   16.8315
    7.5000   45.0000  -37.5000 2075.5220   16.8059
   -7.5000  -45.0000  -30.0000 2472.1318   13.3880
    0.0000  -45.0000  -30.0000 2487.6194   13.3361
    7.5000  -45.0000  -30.0000 2470.2690   13.3312
   -7.5000  -37.5000  -30.0000 2526.7214   12.6495
    0.0000  -37.5000  -30.0000 2545.3086   12.5862
    7.5000  -37.5000  -30.0000 2527.3665   12.6009
   -7.5000  -30.0000  -30.0000 2566.8735   12.0900
    0.0000  -30.0000  -30.0000 2586.0227   12.0099
    7.5000  -30.0000  -30.0000 2569.2910   12.0153
   -7.5000  -22.5000  -30.0000 2605.4822   11.6317
    0.0000  -22.5000  -30.0000 2622.4565   11.5374
    7.5000  -22.5000  -30.0000 2604.4534   11.5518
   -7.5000  -15.0000  -30.0000 2623.5120   11.3385
    0.0000  -15.0000  -30.0000 2645.9824   11.2265
    7.5000  -15.0000  -30.0000 2625.0562   11.2649
   -7.5000   -7.5000  -30.0000 2631.1160   11.2309
    0.0000   -7.5000  -30.0000 2654.1787   11.1158
    7.5000   -7.5000  -30.0000 2634.0532   11.1582
   -7.5000    0.0000  -30.0000 2622.4014   11.2619
    0.0000    0.0000  -30.0000 2647.9006   11.1641
    7.5000    0.0000  -30.0000 2627.9509   11.2143
   -7.5000    7.5000  -30.0000 2600.0144   11.4936
    0.0000    7.5000  -30.0000 2624.9939   11.3906
    7.5000    7.5000  -30.0000 2608.1716   11.4542
   -7.5000   15.0000  -30.0000 2555.7593   11.9136
    0.0000   15.0000  -30.0000 2580.8975   11.8076
    7.5000   15.0000  -30.0000 2562.0632   11.8731
   -7.5000   22.5000  -30.0000 2488.3701   12.5615
    0.0000   22.5000  -30.0000 2514.8120   12.4571
    7.5000   22.5000  -30.0000 2494.1731   12.4957
   -7.5000   30.0000  -30.0000 2398.7263   13.4303
    0.0000   30.0000  -30.0000 2421.9644   13.3051
    7.5000   30.0000  -30.0000 2410.0591   13.3297
   -7.5000   37.5000  -30.0000 2295.6133   14.6327
    0.0000   37.5000  -30.0000 2319.4136   14.4724
    7.5000   37.5000  -30.0000 2310.8284   14.4819
   -7.5000   45.0000  -30.0000 2182.2532   16.2751
    0.0000   45.0000  -30.0000 2200.6973   16.1046
    7.5000   45.0000  -30.0000 2189.4724   16.0721
   -7.5000  -45.0000  -22.5000 2559.8853   12.8532
    0.0000  -45.0000  -22.5000 2579.6819   12.7928
    7.5000  -45.0000  -22.5000 2562.4890   12.7962
   -7.5000  -37.5000  -22.5000 2619.8325   12.0989
    0.0000  -37.5000  -22.5000 2640.4482   12.0114
    7.5000  -37.5000  -22.5000 2623.2456   12.0471
   -7.5000  -30.0000  -22.5000 2670.7764   11.5165
    0.0000  -30.0000  -22.5000 2689.4851   11.4240
    7.5000  -30.0000  -22.5000 2670.7327   11.4655
   -7.5000  -22.5000  -22.5000 2711.6206   11.0897
    0.0000  -22.5000  -22.5000 2730.8809   10.9928
    7.5000  -22.5000  -22.5000 2714.6013   11.0186
   -7.5000  -15.0000  -22.5000 2731.3743   10.8226
    0.0000  -15.0000  -22.5000 2755.7676   10.7063
    7.5000  -15.0000  -22.5000 2740.4719   10.7317
   -7.5000   -7.5000  -22.5000 2744.1379   10.7048
    0.0000   -7.5000  -22.5000 2770.4597   10.6051
    7.5000   -7.5000  -22.5000 2749.8000   10.6269
   -7.5000    0.0000  -22.5000 2738.2188   10.7242
    0.0000    0.0000  -22.5000 2769.3728   10.6318
    7.5000    0.0000  -22.5000 2748.2175   10.6681
   -7.5000    7.5000  -22.5000 2720.5383   10.9427
    0.0000    7.5000  -22.5000 2749.5112   10.8626
    7.5000    7.5000  -22.5000 2728.5166   10.9136
   -7.5000   15.0000  -22.5000 2672.2964   11.3580
    0.0000   15.0000  -22.5000 2702.5251   11.2502
    7.5000   15.0000  -22.5000 2681.5842   11.3320
   -7.5000   22.5000  -22.5000 2600.7388   11.9579
    0.0000   22.5000  -22.5000 2629.5576   11.8430
    7.5000   22.5000  -22.5000 2606.4236   11.9088
   -7.5000   30.0000  -22.5000 2500.7705   12.7834
    0.0000   30.0000  -22.5000 2524.3647   12.6570
    7.5000   30.0000  -22.5000 2510.2351   12.6958
   -7.5000   37.5000  -22.5000 2387.5615   13.9562
    0.0000   37.5000  -22.5000 2412.4866   13.8016
    7.5000   37.5000  -22.5000 2403.2908   13.8055
   -7.5000   45.0000  -22.5000 2268.5208   15.5235
    0.0000   45.0000  -22.5000 2285.7405   15.3579
    7.5000   45.0000  -22.5000 2275.6575   15.3408
   -7.5000  -45.0000  -15.0000 2610.7019   12.3980
    0.0000  -45.0000  -15.0000 2630.4946   12.2775
    7.5000  -45.0000  -15.0000 2614.9241   12.3085
   -7.5000  -37.5000  -15.0000 2674.9290   11.6361
    0.0000  -37.5000  -15.0000 2694.8174   11.5353
    7.5000  -37.5000  -15.0000 2676.9438   11.5644
   -7.5000  -30.0000  -15.0000 2731.1016   11.0550
    0.0000  -30.0000  -15.0000 2748.4080   10.9348
    7.5000  -30.0000  -15.0000 2730.6445   10.9967
   -7.5000  -22.5000  -15.0000 2773.9668   10.6314
    0.0000  -22.5000  -15.0000 2800.2297   10.5303
    7.5000  -22.5000  -15.0000 2780.9084   10.5839
   -7.5000  -15.0000  -15.0000 2804.6116   10.3475
    0.0000  -15.0000  -15.0000 2834.4248   10.2342
    7.5000  -15.0000  -15.0000 2815.5596   10.2788
   -7.5000   -7.5000  -15.0000 2823.7139   10.1950
    0.0000   -7.5000  -15.0000 2855.4868   10.0850
    7.5000   -7.5000  -15.0000 2834.1592   10.1216
   -7.5000    0.0000  -15.0000 2826.9316   10.2099
    0.0000    0.0000  -15.0000 2865.8750   10.0997
    7.5000    0.0000  -15.0000 2838.6816   10.1454
   -7.5000    7.5000  -15.0000 2810.9294   10.4511
    0.0000    7.5000  -15.0000 2846.0391   10.3295
    7.5000    7.5000  -15.0000 2822.8022   10.3913
   -7.5000   15.0000  -15.0000 2753.9724   10.8375
    0.0000   15.0000  -15.0000 2790.2993   10.7183
    7.5000   15.0000  -15.0000 2769.4216   10.7873
   -7.5000   22.5000  -15.0000 2676.8298   11.4128
    0.0000   22.5000  -15.0000 2706.8093   11.2710
    7.5000   22.5000  -15.0000 2686.4446   11.3480
   -7.5000   30.0000  -15.0000 2568.6343   12.2275
    0.0000   30.0000  -15.0000 2597.8870   12.0727
    7.5000   30.0000  -15.0000 2585.2432   12.1300
   -7.5000   37.5000  -15.0000 2454.0342   13.3618
    0.0000   37.5000  -15.0000 2480.5466   13.1828
    7.5000   37.5000  -15.0000 2468.9797   13.2221
   -7.5000   45.0000  -15.0000 2326.1414   14.8815
    0.0000   45.0000  -15.0000 2344.5369   14.6858
    7.5000   45.0000  -15.0000 2337.9583   14.7247
   -7.5000  -45.0000   -7.5000 2645.4712   12.0200
    0.0000  -45.0000   -7.5000 2665.7371   11.8642
    7.5000  -45.0000   -7.5000 2652.1460   11.9091
   -7.5000  -37.5000   -7.5000 2705.9136   11.2735
    0.0000  -37.5000   -7.5000 2729.2822   11.1333
    7.5000  -37.5000   -7.5000 2711.2483   11.1683
   -7.5000  -30.0000   -7.5000 2760.5479   10.6959
    0.0000  -30.0000   -7.5000 2783.0244   10.5689
    7.5000  -30.0000   -7.5000 2764.9824   10.6063
   -7.5000  -22.5000   -7.5000 2814.8682   10.2553
    0.0000  -22.5000   -7.5000 2840.2893   10.1407
    7.5000  -22.5000   -7.5000 2824.0840   10.1700
   -7.5000  -15.0000   -7.5000 2854.9304    9.9806
    0.0000  -15.0000   -7.5000 2889.7322    9.8615
    7.5000  -15.0000   -7.5000 2870.8337    9.9012
   -7.5000   -7.5000   -7.5000 2883.4109    9.8090
    0.0000   -7.5000   -7.5000 2922.3064    9.6454
    7.5000   -7.5000   -7.5000 2900.5310    9.7121
   -7.5000    0.0000   -7.5000 2897.5081    9.8063
    0.0000    0.0000   -7.5000 2936.7712    9.6281
    7.5000    0.0000   -7.5000 2911.1406    9.7036
   -7.5000    7.5000   -7.5000 2876.7737   10.0377
    0.0000    7.5000   -7.5000 2914.8826    9.8571
    7.5000    7.5000   -7.5000 2892.8035    9.9300
   -7.5000   15.0000   -7.5000 2817.3672   10.4012
    0.0000   15.0000   -7.5000 2848.5396   10.2435
    7.5000   15.0000   -7.5000 2832.2825   10.3258
   -7.5000   22.5000   -7.5000 2729.7490   10.9697
    0.0000   22.5000   -7.5000 2763.8481   10.7828
    7.5000   22.5000   -7.5000 2746.0903   10.8880
   -7.5000   30.0000   -7.5000 2614.5552   11.7769
    0.0000   30.0000   -7.5000 2647.1099   11.5775
    7.5000   30.0000   -7.5000 2634.0146   11.6685
   -7.5000   37.5000   -7.5000 2497.5742   12.9053
    0.0000   37.5000   -7.5000 2525.3337   12.6837
    7.5000   37.5000   -7.5000 2510.9575   12.7507
   -7.5000   45.0000   -7.5000 2362.2834   14.3723
    0.0000   45.0000   -7.5000 2384.3059   14.1538
    7.5000   45.0000   -7.5000 2374.6790   14.2056
   -7.5000  -45.0000    0.0000 2651.4788   11.7882
    0.0000  -45.0000    0.0000 2674.1968   11.6356
    7.5000  -45.0000    0.0000 2660.1677   11.6863
   -7.5000  -37.5000    0.0000 2715.4724   11.0260
    0.0000  -37.5000    0.0000 2739.3137   10.8905
    7.5000  -37.5000    0.0000 2723.5188   10.9270
   -7.5000  -30.0000    0.0000 2775.9141   10.4351
    0.0000  -30.0000    0.0000 2799.2737   10.2935
    7.5000  -30.0000    0.0000 2786.4487   10.3313
   -7.5000  -22.5000    0.0000 2835.6641    9.9939
    0.0000  -22.5000    0.0000 2862.3184    9.8476
    7.5000  -22.5000    0.0000 2846.5413    9.8887
   -7.5000  -15.0000    0.0000 2892.2283    9.7274
    0.0000  -15.0000    0.0000 2926.3123    9.6120
    7.5000  -15.0000    0.0000 2907.2727    9.6352
   -7.5000   -7.5000    0.0000 2926.1370    9.5782
    0.0000   -7.5000    0.0000 2969.4043    9.4066
    7.5000   -7.5000    0.0000 2943.6528    9.4718
   -7.5000    0.0000    0.0000 2943.5571    9.6047
    0.0000    0.0000    0.0000 2983.0510    9.3944
    7.5000    0.0000    0.0000 2953.8821    9.4822
   -7.5000    7.5000    0.0000 2921.2646    9.7906
    0.0000    7.5000    0.0000 2956.3467    9.5959
    7.5000    7.5000    0.0000 2930.2981    9.6924
   -7.5000   15.0000    0.0000 2853.7571   10.1366
    0.0000   15.0000    0.0000 2888.7134    9.9643
    7.5000   15.0000    0.0000 2863.0933   10.0546
   -7.5000   22.5000    0.0000 2761.9585   10.6651
    0.0000   22.5000    0.0000 2796.9546   10.5157
    7.5000   22.5000    0.0000 2778.7559   10.5879
   -7.5000   30.0000    0.0000 2641.2659   11.4654
    0.0000   30.0000    0.0000 2675.8318   11.3121
    7.5000   30.0000    0.0000 2656.8816   11.3582
   -7.5000   37.5000    0.0000 2520.4436   12.5802
    0.0000   37.5000    0.0000 2548.9451   12.4350
    7.5000   37.5000    0.0000 2530.4766   12.4410
   -7.5000   45.0000    0.0000 2383.4971   14.0305
    0.0000   45.0000    0.0000 2404.5698   13.9080
    7.5000   45.0000    0.0000 2393.9292   13.8890
   -7.5000  -45.0000    7.5000 2644.7817   11.7212
    0.0000  -45.0000    7.5000 2667.1001   11.5178
    7.5000  -45.0000    7.5000 2654.8931   11.6307
   -7.5000  -37.5000    7.5000 2708.4124   10.9170
    0.0000  -37.5000    7.5000 2729.0532   10.7301
    7.5000  -37.5000    7.5000 2718.8638   10.8335
   -7.5000  -30.0000    7.5000 2771.0110   10.2882
    0.0000  -30.0000    7.5000 2793.6079   10.1139
    7.5000  -30.0000    7.5000 2782.8667   10.1948
   -7.5000  -22.5000    7.5000 2839.8159    9.8430
    0.0000  -22.5000    7.5000 2865.6206    9.6615
    7.5000  -22.5000    7.5000 2850.3831    9.7503
   -7.5000  -15.0000    7.5000 2902.9758    9.6177
    0.0000  -15.0000    7.5000 2934.2852    9.4552
    7.5000  -15.0000    7.5000 2912.2600    9.5336
   -7.5000   -7.5000    7.5000 2943.6240    9.5291
    0.0000   -7.5000    7.5000 2986.2876    9.3969
    7.5000   -7.5000    7.5000 2959.8284    9.4374
   -7.5000    0.0000    7.5000 2963.1724    9.5346
    0.0000    0.0000    7.5000 3013.3188    9.3928
    7.5000    0.0000    7.5000 2972.7964    9.4524
   -7.5000    7.5000    7.5000 2940.2678    9.6829
    0.0000    7.5000    7.5000 2985.5339    9.5367
    7.5000    7.5000    7.5000 2945.2058    9.6188
   -7.5000   15.0000    7.5000 2870.8206   10.0171
    0.0000   15.0000    7.5000 2911.2434    9.8575
    7.5000   15.0000    7.5000 2875.3289    9.9526
   -7.5000   22.5000    7.5000 2771.1548   10.5768
    0.0000   22.5000    7.5000 2803.6421   10.4280
    7.5000   22.5000    7.5000 2782.4219   10.5002
   -7.5000   30.0000    7.5000 2651.2703   11.3986
    0.0000   30.0000    7.5000 2676.3201   11.2394
    7.5000   30.0000    7.5000 2663.7800   11.2801
   -7.5000   37.5000    7.5000 2526.2996   12.4940
    0.0000   37.5000    7.5000 2548.8049   12.3311
    7.5000   37.5000    7.5000 2536.7729   12.3604
   -7.5000   45.0000    7.5000 2387.5364   13.9331
    0.0000   45.0000    7.5000 2408.1599   13.7618
    7.5000   45.0000    7.5000 2396.8313   13.7883
   -7.5000  -45.0000   15.0000 2626.4834   11.8090
    0.0000  -45.0000   15.0000 2647.4841   11.5578
    7.5000  -45.0000   15.0000 2637.3816   11.7375
   -7.5000  -37.5000   15.0000 2686.9106   10.9798
    0.0000  -37.5000   15.0000 2708.6758   10.7621
    7.5000  -37.5000   15.0000 2694.9055   10.9248
   -7.5000  -30.0000   15.0000 2746.0769   10.3434
    0.0000  -30.0000   15.0000 2769.4949   10.1444
    7.5000  -30.0000   15.0000 2751.7244   10.2887
   -7.5000  -22.5000   15.0000 2816.3552    9.9094
    0.0000  -22.5000   15.0000 2842.2332    9.7119
    7.5000  -22.5000   15.0000 2819.5139    9.8482
   -7.5000  -15.0000   15.0000 2881.0176    9.7031
    0.0000  -15.0000   15.0000 2915.1145    9.4992
    7.5000  -15.0000   15.0000 2889.3074    9.5981
   -7.5000   -7.5000   15.0000 2927.7224    9.6195
    0.0000   -7.5000   15.0000 2977.0303    9.4262
    7.5000   -7.5000   15.0000 2940.5884    9.5103
   -7.5000    0.0000   15.0000 2947.9182    9.6211
    0.0000    0.0000   15.0000 2997.6555    9.4319
    7.5000    0.0000   15.0000 2955.6235    9.5368
   -7.5000    7.5000   15.0000 2925.5994    9.7920
    0.0000    7.5000   15.0000 2965.1941    9.6141
    7.5000    7.5000   15.0000 2927.5059    9.7365
   -7.5000   15.0000   15.0000 2856.7908   10.1373
    0.0000   15.0000   15.0000 2890.1851    9.9978
    7.5000   15.0000   15.0000 2858.5544   10.1026
   -7.5000   22.5000   15.0000 2752.9038   10.7242
    0.0000   22.5000   15.0000 2779.1602   10.5883
    7.5000   22.5000   15.0000 2759.9641   10.6549
   -7.5000   30.0000   15.0000 2634.6619   11.5326
    0.0000   30.0000   15.0000 2653.4160   11.3825
    7.5000   30.0000   15.0000 2643.1174   11.4255
   -7.5000   37.5000   15.0000 2512.9800   12.5920
    0.0000   37.5000   15.0000 2529.1165   12.4306
    7.5000   37.5000   15.0000 2522.2959   12.4537
   -7.5000   45.0000   15.0000 2375.8672   13.9688
    0.0000   45.0000   15.0000 2394.4211   13.7993
    7.5000   45.0000   15.0000 2384.5869   13.7938
   -7.5000  -45.0000   22.5000 2600.9878   12.0480
    0.0000  -45.0000   22.5000 2621.9924   11.7774
    7.5000  -45.0000   22.5000 2606.0281   11.9976
   -7.5000  -37.5000   22.5000 2655.0530   11.2319
    0.0000  -37.5000   22.5000 2676.7410   11.0051
    7.5000  -37.5000   22.5000 2661.4727   11.1878
   -7.5000  -30.0000   22.5000 2713.5493   10.6078
    0.0000  -30.0000   22.5000 2731.4297   10.4151
    7.5000  -30.0000   22.5000 2715.6008   10.5704
   -7.5000  -22.5000   22.5000 2777.4275   10.1533
    0.0000  -22.5000   22.5000 2801.4043    9.9502
    7.5000  -22.5000   22.5000 2779.0571   10.1007
   -7.5000  -15.0000   22.5000 2841.1296    9.9334
    0.0000  -15.0000   22.5000 2872.7292    9.7445
    7.5000  -15.0000   22.5000 2848.1736    9.8537
   -7.5000   -7.5000   22.5000 2886.5532    9.8383
    0.0000   -7.5000   22.5000 2927.8381    9.6391
    7.5000   -7.5000   22.5000 2896.1362    9.7538
   -7.5000    0.0000   22.5000 2898.3003    9.8673
    0.0000    0.0000   22.5000 2938.8821    9.6457
    7.5000    0.0000   22.5000 2906.4241    9.7753
   -7.5000    7.5000   22.5000 2882.1165   10.0609
    0.0000    7.5000   22.5000 2915.1689    9.8677
    7.5000    7.5000   22.5000 2881.7578    9.9811
   -7.5000   15.0000   22.5000 2815.6555   10.4549
    0.0000   15.0000   22.5000 2849.0537   10.2931
    7.5000   15.0000   22.5000 2820.5266   10.3774
   -7.5000   22.5000   22.5000 2721.3748   11.0428
    0.0000   22.5000   22.5000 2746.7068   10.8901
    7.5000   22.5000   22.5000 2727.1428   10.9563
   -7.5000   30.0000   22.5000 2603.4993   11.8294
    0.0000   30.0000   22.5000 2621.8350   11.6663
    7.5000   30.0000   22.5000 2610.3667   11.7253
   -7.5000   37.5000   22.5000 2480.0273   12.8332
    0.0000   37.5000   22.5000 2499.9836   12.6932
    7.5000   37.5000   22.5000 2490.1567   12.7214
   -7.5000   45.0000   22.5000 2345.2468   14.1708
    0.0000   45.0000   22.5000 2363.7593   14.0359
    7.5000   45.0000   22.5000 2352.6992   14.0362
   -7.5000  -45.0000   30.0000 2552.5889   12.4510
    0.0000  -45.0000   30.0000 2570.5464   12.2119
    7.5000  -45.0000   30.0000 2558.2380   12.4392
   -7.5000  -37.5000   30.0000 2608.9519   11.6345
    0.0000  -37.5000   30.0000 2631.8281   11.4210
    7.5000  -37.5000   30.0000 2614.9241   11.6231
   -7.5000  -30.0000   30.0000 2666.8120   11.0030
    0.0000  -30.0000   30.0000 2690.1846   10.7835
    7.5000  -30.0000   30.0000 2670.0061   10.9764
   -7.5000  -22.5000   30.0000 2731.6990   10.5613
    0.0000  -22.5000   30.0000 2758.4465   10.3381
    7.5000  -22.5000   30.0000 2731.2034   10.5092
   -7.5000  -15.0000   30.0000 2788.8367   10.3431
    0.0000  -15.0000   30.0000 2819.4836   10.1674
    7.5000  -15.0000   30.0000 2791.9702   10.2828
   -7.5000   -7.5000   30.0000 2826.4810   10.2405
    0.0000   -7.5000   30.0000 2859.0251   10.0337
    7.5000   -7.5000   30.0000 2831.0691   10.1613
   -7.5000    0.0000   30.0000 2830.6875   10.3054
    0.0000    0.0000   30.0000 2862.9011   10.0861
    7.5000    0.0000   30.0000 2836.5073   10.1952
   -7.5000    7.5000   30.0000 2806.5635   10.5267
    0.0000    7.5000   30.0000 2832.4338   10.3548
    7.5000    7.5000   30.0000 2808.9221   10.4540
   -7.5000   15.0000   30.0000 2745.9377   10.9297
    0.0000   15.0000   30.0000 2778.2917   10.7819
    7.5000   15.0000   30.0000 2749.1030   10.8585
   -7.5000   22.5000   30.0000 2662.3201   11.4989
    0.0000   22.5000   30.0000 2690.5867   11.3546
    7.5000   22.5000   30.0000 2667.7285   11.4194
   -7.5000   30.0000   30.0000 2554.4514   12.2601
    0.0000   30.0000   30.0000 2572.3359   12.1115
    7.5000   30.0000   30.0000 2561.5681   12.1575
   -7.5000   37.5000   30.0000 2436.2134   13.2336
    0.0000   37.5000   30.0000 2458.5032   13.0998
    7.5000   37.5000   30.0000 2446.5581   13.1151
   -7.5000   45.0000   30.0000 2301.5237   14.5413
    0.0000   45.0000   30.0000 2324.3525   14.3901
    7.5000   45.0000   30.0000 2314.9326   14.3811
   -7.5000  -45.0000   37.5000 2498.7214   12.9971
    0.0000  -45.0000   37.5000 2522.5308   12.7783
    7.5000  -45.0000   37.5000 2510.1443   12.9797
   -7.5000  -37.5000   37.5000 2559.3674   12.1621
    0.0000  -37.5000   37.5000 2584.3489   11.9359
    7.5000  -37.5000   37.5000 2565.2146   12.1448
   -7.5000  -30.0000   37.5000 2619.1995   11.5246
    0.0000  -30.0000   37.5000 2643.9453   11.2963
    7.5000  -30.0000   37.5000 2619.4302   11.5021
   -7.5000  -22.5000   37.5000 2677.2344   11.0982
    0.0000  -22.5000   37.5000 2705.6689   10.8954
    7.5000  -22.5000   37.5000 2676.7366   11.0569
   -7.5000  -15.0000   37.5000 2724.1782   10.8785
    0.0000  -15.0000   37.5000 2755.2932   10.6759
    7.5000  -15.0000   37.5000 2722.0647   10.8142
   -7.5000   -7.5000   37.5000 2754.1863   10.7948
    0.0000   -7.5000   37.5000 2780.3052   10.5790
    7.5000   -7.5000   37.5000 2752.5073   10.6909
   -7.5000    0.0000   37.5000 2754.0273   10.8815
    0.0000    0.0000   37.5000 2778.4983   10.6880
    7.5000    0.0000   37.5000 2753.8059   10.7829
   -7.5000    7.5000   37.5000 2719.9233   11.1451
    0.0000    7.5000   37.5000 2744.6106   10.9967
    7.5000    7.5000   37.5000 2723.5818   11.0772
   -7.5000   15.0000   37.5000 2659.6677   11.5607
    0.0000   15.0000   37.5000 2686.9998   11.4136
    7.5000   15.0000   37.5000 2664.0962   11.5088
   -7.5000   22.5000   37.5000 2588.0500   12.0920
    0.0000   22.5000   37.5000 2616.6567   11.9384
    7.5000   22.5000   37.5000 2591.4304   12.0285
   -7.5000   30.0000   37.5000 2494.1216   12.8151
    0.0000   30.0000   37.5000 2510.3855   12.6828
    7.5000   30.0000   37.5000 2493.7224   12.7433
   -7.5000   37.5000   37.5000 2382.1609   13.7613
    0.0000   37.5000   37.5000 2403.8979   13.6553
    7.5000   37.5000   37.5000 2391.6682   13.6645
   -7.5000   45.0000   37.5000 2252.1902   15.0878
    0.0000   45.0000   37.5000 2270.7024   14.9735
    7.5000   45.0000   37.5000 2262.8005   14.9720
   -7.5000  -45.0000   45.0000 2445.4304   13.6633
    0.0000  -45.0000   45.0000 2472.7686   13.4656
    7.5000  -45.0000   45.0000 2458.2610   13.6348
   -7.5000  -37.5000   45.0000 2507.4697   12.8313
    0.0000  -37.5000   45.0000 2534.2058   12.6328
    7.5000  -37.5000   45.0000 2514.2036   12.7944
   -7.5000  -30.0000   45.0000 2561.5833   12.2096
    0.0000  -30.0000   45.0000 2588.0405   12.0070
    7.5000  -30.0000   45.0000 2563.8647   12.1834
   -7.5000  -22.5000   45.0000 2610.0071   11.7855
    0.0000  -22.5000   45.0000 2639.2195   11.5882
    7.5000  -22.5000   45.0000 2612.5127   11.7472
   -7.5000  -15.0000   45.0000 2649.2988   11.5525
    0.0000  -15.0000   45.0000 2676.7715   11.3444
    7.5000  -15.0000   45.0000 2644.5723   11.4950
   -7.5000   -7.5000   45.0000 2667.3389   11.4807
    0.0000   -7.5000   45.0000 2691.0151   11.2925
    7.5000   -7.5000   45.0000 2662.3879   11.3936
   -7.5000    0.0000   45.0000 2663.6746   11.5928
    0.0000    0.0000   45.0000 2682.6018   11.4454
    7.5000    0.0000   45.0000 2661.9761   11.5008
   -7.5000    7.5000   45.0000 2630.3110   11.8777
    0.0000    7.5000   45.0000 2651.9141   11.7444
    7.5000    7.5000   45.0000 2634.7100   11.8109
   -7.5000   15.0000   45.0000 2573.8567   12.3099
    0.0000   15.0000   45.0000 2592.7361   12.1819
    7.5000   15.0000   45.0000 2578.3689   12.2713
   -7.5000   22.5000   45.0000 2504.2554   12.8241
    0.0000   22.5000   45.0000 2525.8784   12.7138
    7.5000   22.5000   45.0000 2506.4429   12.7913
   -7.5000   30.0000   45.0000 2426.1873   13.4937
    0.0000   30.0000   45.0000 2448.3760   13.3609
    7.5000   30.0000   45.0000 2427.0977   13.4359
   -7.5000   37.5000   45.0000 2324.0381   14.4575
    0.0000   37.5000   45.0000 2342.6565   14.3321
    7.5000   37.5000   45.0000 2327.2585   14.3656
   -7.5000   45.0000   45.0000 2194.7480   15.7856
    0.0000   45.0000   45.0000 2215.6074   15.6896
    7.5000   45.0000   45.0000 2202.5137   15.6733

---------------------------------------------------------------------
imgreg_4dfp /opt/freesurfer/average/711-2C_as_mni_average_305 /opt/freesurfer/average/711-2B_as_mni_average_305_mask talsrcimg_g11 none talsrcimg_to_711-2C_as_mni_average_305_t4 1283
---------------------------------------------------------------------

freesurfer imgreg_4dfp.c
/opt/freesurfer/average/711-2C_as_mni_average_305.4dfp.img
       256       256       256         1
  1.000000  1.000000  1.000000
orientation T byte_order littleendian
Reading image: /opt/freesurfer/average/711-2C_as_mni_average_305.4dfp.img
dimensions:      256       256       256
mmppix:       1.0000   -1.0000   -1.0000
center:     128.0000 -129.0000 -129.0000
/opt/freesurfer/average/711-2B_as_mni_average_305_mask.4dfp.img
       256       256       256         1
  1.000000  1.000000  1.000000
orientation T byte_order littleendian
Reading mask: /opt/freesurfer/average/711-2B_as_mni_average_305_mask.4dfp.img (2306576 pixels)
talsrcimg_g11.4dfp.img
       256       256       256         1
  1.000000  1.000000  1.000000
orientation T byte_order littleendian
Reading image: talsrcimg_g11.4dfp.img
dimensions:      256       256       256
mmppix:       1.0000   -1.0000   -1.0000
center:     128.0000 -129.0000 -129.0000
rotation matrix determinant  1.000000
fimgreg.f
image alignment mode   1283 decimal      503 hex
parameters
    0.0000    0.0000    7.5000    0.0000    0.0000    0.0000
eta,q 0.94446  9.41016
niter,ni,del,rscale     5    3   12.0000    1.2000
parameter  4 -3.771564 ->  0.500000 qaram    1.1500
parameters
    0.4314   -1.1200    8.1337   -3.4500    1.8332    0.6894
eta,q 0.94906  9.31718
  0.0674  0.0596  0.0597  0.0482  0.0598  0.0559
  0.0626  0.0575  0.0563  0.0511  0.0566  0.0542
  0.0597  0.0569  0.0558  0.0542  0.0542  0.0527
  0.0576  0.0570  0.0567  0.0571  0.0519  0.0513
  0.0572  0.0575  0.0569  0.0590  0.0513  0.0510
  0.0602  0.0595  0.0566  0.0610  0.0524  0.0526
  0.0658  0.0637  0.0577  0.0635  0.0542  0.0547
niter,ni,del,rscale     5    3   12.0000    1.2000
parameter  4  1.700384 ->  0.500000 qaram    1.3225
parameters
   -0.1834    0.4962    8.1291   -7.4175    1.7896    0.9592
eta,q 0.95451  9.30818
  0.0608  0.0593  0.0542  0.0446  0.0531  0.0517
  0.0559  0.0556  0.0516  0.0451  0.0496  0.0489
  0.0525  0.0532  0.0506  0.0469  0.0467  0.0466
  0.0509  0.0510  0.0501  0.0501  0.0455  0.0455
  0.0533  0.0500  0.0501  0.0543  0.0466  0.0461
  0.0591  0.0511  0.0511  0.0582  0.0496  0.0479
  0.0662  0.0540  0.0547  0.0610  0.0535  0.0509
niter,ni,del,rscale     5    3   12.0000    1.2000
parameter  4  0.955010 ->  0.500000 qaram    1.5209
parameters
    0.1521    1.7319    7.3795  -11.9801    1.5904    1.0275
eta,q 0.95678  9.37135
  0.0611  0.0570  0.0490  0.0416  0.0492  0.0489
  0.0548  0.0521  0.0468  0.0429  0.0464  0.0462
  0.0493  0.0473  0.0456  0.0439  0.0441  0.0440
  0.0455  0.0453  0.0453  0.0454  0.0432  0.0432
  0.0463  0.0457  0.0456  0.0482  0.0440  0.0441
  0.0516  0.0473  0.0478  0.0524  0.0463  0.0460
  0.0593  0.0502  0.0528  0.0575  0.0507  0.0486
niter,ni,del,rscale     5    3   12.0000    1.2000
parameters
   -0.0378    4.1781    5.8324  -15.2318    1.9524    1.1297
eta,q 0.95984  9.31631
  0.0574  0.0532  0.0456  0.0445  0.0474  0.0461
  0.0504  0.0489  0.0428  0.0413  0.0441  0.0429
  0.0451  0.0454  0.0423  0.0402  0.0414  0.0407
  0.0432  0.0432  0.0425  0.0423  0.0402  0.0401
  0.0457  0.0426  0.0442  0.0451  0.0406  0.0410
  0.0517  0.0424  0.0475  0.0485  0.0425  0.0428
  0.0593  0.0445  0.0516  0.0536  0.0462  0.0455
niter,ni,del,rscale     4    3   12.0000    1.2000
parameters
   -0.1710    3.8869    5.1531  -15.4606    2.1985    1.1007
eta,q 0.96040  9.31675
  0.0557  0.0482  0.0463  0.0474  0.0470  0.0455
  0.0483  0.0432  0.0415  0.0445  0.0433  0.0423
  0.0425  0.0398  0.0396  0.0411  0.0407  0.0401
  0.0402  0.0402  0.0399  0.0397  0.0396  0.0396
  0.0422  0.0422  0.0417  0.0420  0.0402  0.0406
  0.0489  0.0449  0.0452  0.0448  0.0422  0.0425
  0.0576  0.0488  0.0485  0.0480  0.0461  0.0453
niter,ni,del,rscale     3    3   12.0000    1.2000
parameters
   -0.1863    3.8629    5.0884  -15.4967    2.2304    1.0927
eta,q 0.96044  9.31662
  0.0561  0.0488  0.0484  0.0474  0.0466  0.0455
  0.0486  0.0436  0.0427  0.0449  0.0429  0.0423
  0.0423  0.0397  0.0397  0.0413  0.0404  0.0401
  0.0396  0.0396  0.0396  0.0396  0.0396  0.0396
  0.0414  0.0417  0.0409  0.0417  0.0403  0.0406
  0.0481  0.0444  0.0442  0.0446  0.0425  0.0425
  0.0570  0.0479  0.0476  0.0477  0.0466  0.0452
niter,ni,del,rscale     2    3   12.0000    1.2000
parameters
   -0.1895    3.8602    5.0739  -15.5037    2.2369    1.0910
eta,q 0.96045  9.31664
  0.0561  0.0489  0.0486  0.0474  0.0465  0.0455
  0.0487  0.0436  0.0428  0.0450  0.0429  0.0423
  0.0423  0.0397  0.0398  0.0413  0.0404  0.0401
  0.0396  0.0396  0.0396  0.0396  0.0396  0.0396
  0.0413  0.0417  0.0409  0.0416  0.0403  0.0406
  0.0480  0.0443  0.0441  0.0445  0.0426  0.0424
  0.0569  0.0478  0.0475  0.0476  0.0467  0.0452
registration optimization eta report
parameter search radius
    6.0000    6.0000    6.0000    9.1253    6.0000    6.0000
100000*second partial in parameter space
       46.       24.       24.        9.       19.       16.
  0.0561  0.0489  0.0486  0.0474  0.0465  0.0455
  0.0487  0.0436  0.0428  0.0450  0.0429  0.0423
  0.0423  0.0397  0.0398  0.0413  0.0404  0.0401
  0.0396  0.0396  0.0396  0.0396  0.0396  0.0396
  0.0413  0.0417  0.0409  0.0416  0.0403  0.0406
  0.0480  0.0443  0.0441  0.0445  0.0426  0.0424
  0.0569  0.0478  0.0475  0.0476  0.0467  0.0452
   -0.1895    3.8602    5.0739  -15.5037    2.2369    1.0910
eta,q 0.96045  9.31664

---------------------------------------------------------------------
imgreg_4dfp /opt/freesurfer/average/711-2C_as_mni_average_305 /opt/freesurfer/average/711-2B_as_mni_average_305_mask talsrcimg_g11 none talsrcimg_to_711-2C_as_mni_average_305_t4 3335
---------------------------------------------------------------------

freesurfer imgreg_4dfp.c
/opt/freesurfer/average/711-2C_as_mni_average_305.4dfp.img
       256       256       256         1
  1.000000  1.000000  1.000000
orientation T byte_order littleendian
Reading image: /opt/freesurfer/average/711-2C_as_mni_average_305.4dfp.img
dimensions:      256       256       256
mmppix:       1.0000   -1.0000   -1.0000
center:     128.0000 -129.0000 -129.0000
/opt/freesurfer/average/711-2B_as_mni_average_305_mask.4dfp.img
       256       256       256         1
  1.000000  1.000000  1.000000
orientation T byte_order littleendian
Reading mask: /opt/freesurfer/average/711-2B_as_mni_average_305_mask.4dfp.img (2306576 pixels)
talsrcimg_g11.4dfp.img
       256       256       256         1
  1.000000  1.000000  1.000000
orientation T byte_order littleendian
Reading image: talsrcimg_g11.4dfp.img
dimensions:      256       256       256
mmppix:       1.0000   -1.0000   -1.0000
center:     128.0000 -129.0000 -129.0000
fimgreg.f
image alignment mode   3335 decimal      D07 hex
parameters
   -0.1895    3.8602    5.0739   -0.0943   -3.6363   -3.7121
   -0.7916   -4.2694    1.9026   26.6537    3.9031  -26.7098
eta,q 0.96205  9.37567
niter,ni,del,rscale     5    3    5.0000    1.2000
parameter  4  1.049491 ->  0.500000 qaram    1.1500
parameter  5  3.348734 ->  0.500000 qaram    1.1500
parameter 11  0.550044 ->  0.500000 qaram    1.1500
parameters
   -0.0969    3.9612    5.1894   -4.2343   -7.7763   -6.2564
    1.0839   -2.6177    4.0895   23.2933   -0.2369  -23.1404
eta,q 0.96847  8.95576
  0.0407  0.0395  0.0397  0.0352  0.0311  0.0331  0.0360  0.0374  0.0350  0.0327  0.0319  0.0338
  0.0393  0.0388  0.0387  0.0354  0.0324  0.0330  0.0347  0.0355  0.0339  0.0321  0.0318  0.0330
  0.0384  0.0382  0.0381  0.0362  0.0339  0.0330  0.0337  0.0339  0.0331  0.0320  0.0318  0.0323
  0.0380  0.0379  0.0379  0.0379  0.0356  0.0328  0.0330  0.0329  0.0326  0.0325  0.0320  0.0318
  0.0382  0.0380  0.0381  0.0403  0.0373  0.0331  0.0329  0.0326  0.0325  0.0334  0.0323  0.0316
  0.0390  0.0385  0.0386  0.0428  0.0394  0.0348  0.0333  0.0333  0.0327  0.0346  0.0328  0.0316
  0.0404  0.0394  0.0393  0.0459  0.0416  0.0377  0.0340  0.0348  0.0332  0.0361  0.0336  0.0318
niter,ni,del,rscale     7    3    5.0000    1.2000
parameter  4  0.578613 ->  0.500000 qaram    1.3225
parameter  5  1.225198 ->  0.500000 qaram    1.3225
parameters
   -0.1954    3.3510    5.1978   -8.9953  -12.5373   -7.7101
    0.6349   -2.3229    4.4793   22.3008   -0.6700  -22.8318
eta,q 0.97183  8.48305
  0.0341  0.0324  0.0323  0.0310  0.0282  0.0292  0.0305  0.0317  0.0303  0.0299  0.0288  0.0295
  0.0326  0.0317  0.0318  0.0307  0.0284  0.0283  0.0292  0.0300  0.0292  0.0288  0.0285  0.0288
  0.0318  0.0314  0.0315  0.0308  0.0292  0.0281  0.0284  0.0288  0.0285  0.0283  0.0283  0.0284
  0.0315  0.0315  0.0314  0.0314  0.0307  0.0285  0.0283  0.0282  0.0282  0.0282  0.0282  0.0282
  0.0319  0.0321  0.0315  0.0327  0.0325  0.0288  0.0287  0.0285  0.0284  0.0287  0.0282  0.0283
  0.0329  0.0330  0.0318  0.0349  0.0345  0.0290  0.0297  0.0295  0.0289  0.0297  0.0285  0.0287
  0.0345  0.0342  0.0323  0.0373  0.0367  0.0299  0.0310  0.0313  0.0299  0.0312  0.0290  0.0294
niter,ni,del,rscale     7    3    5.0000    1.2000
parameters
   -0.2291    3.5145    5.3899  -10.0492  -16.1756   -7.7626
    0.5181   -2.4303    4.5118   22.3083   -1.1520  -23.2297
eta,q 0.97222  8.26985
  0.0308  0.0307  0.0296  0.0300  0.0290  0.0295  0.0300  0.0309  0.0295  0.0302  0.0284  0.0289
  0.0294  0.0294  0.0289  0.0289  0.0281  0.0284  0.0288  0.0292  0.0286  0.0287  0.0281  0.0283
  0.0285  0.0285  0.0284  0.0283  0.0278  0.0277  0.0280  0.0281  0.0280  0.0279  0.0278  0.0279
  0.0282  0.0282  0.0282  0.0282  0.0282  0.0278  0.0278  0.0278  0.0278  0.0278  0.0278  0.0278
  0.0285  0.0283  0.0282  0.0285  0.0294  0.0284  0.0281  0.0282  0.0280  0.0282  0.0279  0.0280
  0.0295  0.0290  0.0286  0.0294  0.0312  0.0287  0.0289  0.0293  0.0286  0.0289  0.0282  0.0285
  0.0310  0.0301  0.0292  0.0315  0.0333  0.0291  0.0302  0.0311  0.0295  0.0300  0.0286  0.0292
niter,ni,del,rscale     6    3    5.0000    1.2000
parameters
   -0.2834    4.0006    5.4268  -10.0567  -16.8185   -8.0690
    0.5668   -2.5479    4.5459   22.8431   -1.7507  -23.3897
eta,q 0.97233  8.23495
  0.0302  0.0307  0.0290  0.0299  0.0302  0.0293  0.0300  0.0307  0.0293  0.0304  0.0283  0.0288
  0.0289  0.0293  0.0283  0.0286  0.0289  0.0282  0.0288  0.0291  0.0284  0.0289  0.0279  0.0282
  0.0281  0.0283  0.0278  0.0279  0.0280  0.0276  0.0279  0.0280  0.0279  0.0279  0.0277  0.0278
  0.0278  0.0278  0.0277  0.0277  0.0277  0.0277  0.0276  0.0277  0.0277  0.0277  0.0277  0.0277
  0.0281  0.0278  0.0278  0.0279  0.0281  0.0284  0.0279  0.0281  0.0278  0.0279  0.0278  0.0278
  0.0290  0.0282  0.0282  0.0285  0.0293  0.0288  0.0287  0.0292  0.0284  0.0286  0.0280  0.0282
  0.0305  0.0290  0.0289  0.0300  0.0311  0.0291  0.0299  0.0309  0.0293  0.0295  0.0285  0.0289
niter,ni,del,rscale     5    3    5.0000    1.2000
parameters
   -0.3212    4.2014    5.2297  -10.2348  -17.1547   -8.4468
    0.5953   -2.5911    4.6979   23.1883   -2.1777  -23.5933
eta,q 0.97241  8.20089
  0.0301  0.0300  0.0287  0.0297  0.0302  0.0293  0.0298  0.0307  0.0293  0.0302  0.0282  0.0287
  0.0288  0.0288  0.0280  0.0285  0.0289  0.0282  0.0286  0.0291  0.0284  0.0287  0.0279  0.0281
  0.0279  0.0280  0.0277  0.0278  0.0280  0.0275  0.0278  0.0279  0.0278  0.0278  0.0276  0.0277
  0.0277  0.0277  0.0277  0.0276  0.0276  0.0277  0.0276  0.0276  0.0276  0.0276  0.0276  0.0276
  0.0280  0.0278  0.0279  0.0278  0.0280  0.0284  0.0279  0.0280  0.0277  0.0279  0.0277  0.0277
  0.0288  0.0283  0.0284  0.0285  0.0291  0.0288  0.0286  0.0291  0.0283  0.0286  0.0280  0.0282
  0.0303  0.0293  0.0290  0.0299  0.0307  0.0291  0.0298  0.0308  0.0291  0.0295  0.0284  0.0288
niter,ni,del,rscale     4    3    5.0000    1.2000
parameters
   -0.3574    4.3372    5.0220  -10.3453  -17.4259   -8.8055
    0.6032   -2.6211    4.8372   23.5217   -2.4593  -23.7730
eta,q 0.97249  8.17378
  0.0300  0.0298  0.0286  0.0296  0.0301  0.0293  0.0297  0.0307  0.0292  0.0301  0.0282  0.0286
  0.0287  0.0286  0.0280  0.0284  0.0289  0.0282  0.0286  0.0290  0.0283  0.0286  0.0278  0.0280
  0.0279  0.0279  0.0276  0.0277  0.0280  0.0275  0.0278  0.0279  0.0277  0.0278  0.0276  0.0276
  0.0276  0.0276  0.0276  0.0276  0.0276  0.0276  0.0275  0.0275  0.0275  0.0275  0.0275  0.0275
  0.0279  0.0277  0.0278  0.0278  0.0279  0.0283  0.0278  0.0280  0.0277  0.0278  0.0276  0.0277
  0.0288  0.0283  0.0283  0.0284  0.0289  0.0289  0.0285  0.0291  0.0282  0.0285  0.0279  0.0281
  0.0302  0.0293  0.0290  0.0298  0.0305  0.0291  0.0297  0.0307  0.0291  0.0295  0.0283  0.0287
niter,ni,del,rscale     3    3    5.0000    1.2000
parameters
   -0.3844    4.4623    4.8358  -10.4390  -17.6923   -9.1256
    0.6107   -2.6386    4.9603   23.8457   -2.6791  -23.9356
eta,q 0.97256  8.14952
  0.0299  0.0296  0.0286  0.0296  0.0300  0.0294  0.0296  0.0306  0.0291  0.0300  0.0282  0.0285
  0.0286  0.0285  0.0279  0.0283  0.0288  0.0282  0.0285  0.0290  0.0282  0.0286  0.0278  0.0279
  0.0278  0.0278  0.0276  0.0276  0.0279  0.0275  0.0277  0.0278  0.0277  0.0277  0.0275  0.0276
  0.0275  0.0275  0.0275  0.0275  0.0275  0.0275  0.0275  0.0274  0.0275  0.0274  0.0275  0.0274
  0.0278  0.0277  0.0277  0.0277  0.0278  0.0283  0.0277  0.0279  0.0276  0.0277  0.0276  0.0276
  0.0287  0.0283  0.0282  0.0283  0.0289  0.0289  0.0285  0.0290  0.0281  0.0284  0.0278  0.0280
  0.0301  0.0292  0.0289  0.0297  0.0304  0.0292  0.0296  0.0306  0.0290  0.0294  0.0283  0.0286
niter,ni,del,rscale     2    3    5.0000    1.2000
parameters
   -0.4056    4.5835    4.6698  -10.5107  -17.9534   -9.4020
    0.6234   -2.6509    5.0387   24.1805   -2.7945  -24.0719
eta,q 0.97260  8.12862
  0.0299  0.0296  0.0286  0.0295  0.0299  0.0294  0.0295  0.0306  0.0291  0.0299  0.0282  0.0285
  0.0285  0.0284  0.0279  0.0283  0.0287  0.0283  0.0284  0.0290  0.0282  0.0286  0.0278  0.0279
  0.0277  0.0277  0.0275  0.0275  0.0278  0.0275  0.0276  0.0278  0.0276  0.0277  0.0275  0.0275
  0.0274  0.0274  0.0274  0.0274  0.0274  0.0274  0.0274  0.0274  0.0274  0.0274  0.0274  0.0274
  0.0277  0.0276  0.0277  0.0277  0.0277  0.0282  0.0277  0.0278  0.0276  0.0277  0.0275  0.0275
  0.0286  0.0282  0.0282  0.0283  0.0288  0.0289  0.0284  0.0290  0.0281  0.0284  0.0278  0.0279
  0.0300  0.0292  0.0289  0.0296  0.0303  0.0292  0.0295  0.0306  0.0290  0.0294  0.0282  0.0286
niter,ni,del,rscale     1    3    5.0000    1.2000
parameters
   -0.4240    4.7087    4.5152  -10.5893  -18.2396   -9.6690
    0.6384   -2.6582    5.0859   24.5246   -2.8596  -24.1999
eta,q 0.97263  8.10682
  0.0298  0.0295  0.0286  0.0295  0.0298  0.0294  0.0295  0.0305  0.0290  0.0299  0.0282  0.0284
  0.0285  0.0284  0.0279  0.0282  0.0286  0.0283  0.0284  0.0289  0.0281  0.0286  0.0278  0.0279
  0.0277  0.0277  0.0275  0.0275  0.0278  0.0275  0.0276  0.0278  0.0276  0.0277  0.0274  0.0275
  0.0274  0.0274  0.0274  0.0274  0.0274  0.0274  0.0274  0.0274  0.0274  0.0274  0.0274  0.0274
  0.0277  0.0276  0.0276  0.0276  0.0277  0.0281  0.0276  0.0278  0.0275  0.0276  0.0275  0.0275
  0.0285  0.0281  0.0281  0.0282  0.0288  0.0288  0.0283  0.0289  0.0281  0.0284  0.0278  0.0279
  0.0299  0.0291  0.0288  0.0295  0.0303  0.0292  0.0295  0.0305  0.0290  0.0294  0.0282  0.0285
registration optimization eta report
parameter search radius
    2.4000    2.4000    2.4000    9.5220    9.5220    7.2000
    7.2000    7.2000    7.2000    7.2000    8.2800    7.2000
100000*second partial in parameter space
       42.       33.       22.        2.        3.        3.
        4.        6.        3.        4.        1.        2.
  0.0298  0.0295  0.0286  0.0295  0.0298  0.0294  0.0295  0.0305  0.0290  0.0299  0.0282  0.0284
  0.0285  0.0284  0.0279  0.0282  0.0286  0.0283  0.0284  0.0289  0.0281  0.0286  0.0278  0.0279
  0.0277  0.0277  0.0275  0.0275  0.0278  0.0275  0.0276  0.0278  0.0276  0.0277  0.0274  0.0275
  0.0274  0.0274  0.0274  0.0274  0.0274  0.0274  0.0274  0.0274  0.0274  0.0274  0.0274  0.0274
  0.0277  0.0276  0.0276  0.0276  0.0277  0.0281  0.0276  0.0278  0.0275  0.0276  0.0275  0.0275
  0.0285  0.0281  0.0281  0.0282  0.0288  0.0288  0.0283  0.0289  0.0281  0.0284  0.0278  0.0279
  0.0299  0.0291  0.0288  0.0295  0.0303  0.0292  0.0295  0.0305  0.0290  0.0294  0.0282  0.0285
   -0.4240    4.7087    4.5152  -10.5893  -18.2396   -9.6690
    0.6384   -2.6582    5.0859   24.5246   -2.8596  -24.1999
eta,q 0.97263  8.10682

---------------------------------------------------------------------
imgreg_4dfp /opt/freesurfer/average/711-2C_as_mni_average_305 /opt/freesurfer/average/711-2B_as_mni_average_305_mask talsrcimg_g11 none talsrcimg_to_711-2C_as_mni_average_305_t4 2311
---------------------------------------------------------------------

freesurfer imgreg_4dfp.c
/opt/freesurfer/average/711-2C_as_mni_average_305.4dfp.img
       256       256       256         1
  1.000000  1.000000  1.000000
orientation T byte_order littleendian
Reading image: /opt/freesurfer/average/711-2C_as_mni_average_305.4dfp.img
dimensions:      256       256       256
mmppix:       1.0000   -1.0000   -1.0000
center:     128.0000 -129.0000 -129.0000
/opt/freesurfer/average/711-2B_as_mni_average_305_mask.4dfp.img
       256       256       256         1
  1.000000  1.000000  1.000000
orientation T byte_order littleendian
Reading mask: /opt/freesurfer/average/711-2B_as_mni_average_305_mask.4dfp.img (2306576 pixels)
talsrcimg_g11.4dfp.img
       256       256       256         1
  1.000000  1.000000  1.000000
orientation T byte_order littleendian
Reading image: talsrcimg_g11.4dfp.img
dimensions:      256       256       256
mmppix:       1.0000   -1.0000   -1.0000
center:     128.0000 -129.0000 -129.0000
fimgreg.f
image alignment mode   2311 decimal      907 hex
parameters
   -0.4240    4.7087    4.5152  -10.5893  -18.2396   -9.6690
    0.6384   -2.6582    5.0859   24.5246   -2.8596  -24.1999
eta,q 0.97263  8.10682
niter,ni,del,rscale     5    3    5.0000    0.8000
parameters
   -0.4386    4.8287    4.3338  -10.9819  -18.1389  -10.4453
    0.6484   -2.6837    5.0753   24.6638   -3.2261  -24.1172
eta,q 0.97271  8.06379
  0.0284  0.0284  0.0278  0.0278  0.0281  0.0283  0.0283  0.0289  0.0281  0.0285  0.0276  0.0278
  0.0278  0.0278  0.0275  0.0275  0.0277  0.0277  0.0277  0.0280  0.0276  0.0278  0.0274  0.0275
  0.0275  0.0275  0.0274  0.0273  0.0275  0.0273  0.0274  0.0275  0.0274  0.0274  0.0273  0.0273
  0.0274  0.0274  0.0274  0.0274  0.0273  0.0273  0.0273  0.0273  0.0273  0.0273  0.0273  0.0273
  0.0275  0.0274  0.0275  0.0274  0.0274  0.0278  0.0274  0.0275  0.0274  0.0274  0.0274  0.0273
  0.0279  0.0277  0.0277  0.0276  0.0276  0.0284  0.0277  0.0281  0.0276  0.0278  0.0275  0.0275
  0.0285  0.0281  0.0281  0.0279  0.0281  0.0288  0.0283  0.0289  0.0281  0.0283  0.0277  0.0278
niter,ni,del,rscale     4    3    5.0000    0.7000
parameters
   -0.4622    4.9449    4.1216  -11.0965  -18.2803  -10.8197
    0.6445   -2.6893    5.1276   24.9642   -3.3402  -24.2446
eta,q 0.97274  8.04314
  0.0281  0.0281  0.0276  0.0277  0.0278  0.0282  0.0280  0.0285  0.0279  0.0283  0.0275  0.0276
  0.0276  0.0277  0.0274  0.0274  0.0275  0.0277  0.0276  0.0278  0.0275  0.0277  0.0274  0.0274
  0.0274  0.0274  0.0273  0.0273  0.0273  0.0274  0.0273  0.0274  0.0273  0.0274  0.0273  0.0273
  0.0273  0.0273  0.0273  0.0273  0.0273  0.0273  0.0273  0.0273  0.0273  0.0273  0.0273  0.0273
  0.0274  0.0273  0.0274  0.0273  0.0273  0.0275  0.0274  0.0274  0.0273  0.0273  0.0273  0.0273
  0.0277  0.0275  0.0276  0.0275  0.0276  0.0280  0.0276  0.0279  0.0275  0.0276  0.0274  0.0275
  0.0281  0.0278  0.0279  0.0277  0.0279  0.0285  0.0280  0.0285  0.0279  0.0280  0.0275  0.0277
niter,ni,del,rscale     3    3    5.0000    0.6000
parameters
   -0.4762    5.0624    3.9598  -11.2075  -18.4569  -11.0280
    0.6330   -2.7155    5.1051   25.2551   -3.3713  -24.3852
eta,q 0.97275  8.02768
  0.0279  0.0278  0.0275  0.0275  0.0276  0.0280  0.0278  0.0282  0.0277  0.0280  0.0274  0.0275
  0.0275  0.0275  0.0273  0.0273  0.0274  0.0276  0.0275  0.0277  0.0274  0.0276  0.0273  0.0274
  0.0273  0.0273  0.0273  0.0273  0.0273  0.0273  0.0273  0.0273  0.0273  0.0274  0.0273  0.0273
  0.0273  0.0273  0.0273  0.0272  0.0272  0.0273  0.0273  0.0272  0.0273  0.0272  0.0273  0.0272
  0.0273  0.0273  0.0273  0.0273  0.0273  0.0274  0.0273  0.0274  0.0273  0.0273  0.0273  0.0273
  0.0275  0.0274  0.0275  0.0274  0.0275  0.0277  0.0275  0.0277  0.0275  0.0275  0.0273  0.0274
  0.0279  0.0277  0.0277  0.0275  0.0278  0.0282  0.0278  0.0282  0.0277  0.0278  0.0274  0.0275
niter,ni,del,rscale     2    3    5.0000    0.5000
parameters
   -0.4926    5.1612    3.8399  -11.3674  -18.6085  -11.1358
    0.6337   -2.7268    5.0677   25.5075   -3.3310  -24.5477
eta,q 0.97277  8.01463
  0.0277  0.0276  0.0274  0.0274  0.0275  0.0278  0.0276  0.0279  0.0276  0.0278  0.0274  0.0274
  0.0274  0.0274  0.0273  0.0273  0.0274  0.0275  0.0274  0.0275  0.0274  0.0275  0.0273  0.0273
  0.0273  0.0273  0.0272  0.0272  0.0273  0.0273  0.0273  0.0273  0.0273  0.0273  0.0272  0.0272
  0.0272  0.0272  0.0272  0.0272  0.0272  0.0272  0.0272  0.0272  0.0272  0.0272  0.0272  0.0272
  0.0273  0.0273  0.0273  0.0273  0.0273  0.0273  0.0273  0.0273  0.0273  0.0273  0.0272  0.0273
  0.0274  0.0274  0.0274  0.0273  0.0274  0.0275  0.0274  0.0275  0.0274  0.0274  0.0273  0.0273
  0.0277  0.0275  0.0275  0.0274  0.0276  0.0279  0.0276  0.0279  0.0276  0.0276  0.0274  0.0274
niter,ni,del,rscale     1    3    5.0000    0.4000
parameters
   -0.5051    5.2450    3.7472  -11.5361  -18.7472  -11.1903
    0.6322   -2.7452    5.0361   25.6962   -3.3174  -24.6906
eta,q 0.97278  8.00272
  0.0275  0.0275  0.0273  0.0273  0.0274  0.0276  0.0275  0.0276  0.0274  0.0276  0.0273  0.0273
  0.0273  0.0274  0.0273  0.0273  0.0273  0.0274  0.0273  0.0274  0.0273  0.0274  0.0273  0.0273
  0.0273  0.0273  0.0272  0.0272  0.0272  0.0273  0.0272  0.0273  0.0272  0.0273  0.0272  0.0272
  0.0272  0.0272  0.0272  0.0272  0.0272  0.0272  0.0272  0.0272  0.0272  0.0272  0.0272  0.0272
  0.0273  0.0272  0.0273  0.0273  0.0272  0.0273  0.0273  0.0273  0.0273  0.0272  0.0272  0.0272
  0.0273  0.0273  0.0273  0.0273  0.0273  0.0274  0.0273  0.0274  0.0273  0.0273  0.0273  0.0273
  0.0275  0.0274  0.0274  0.0274  0.0274  0.0277  0.0275  0.0277  0.0274  0.0275  0.0273  0.0274
registration optimization eta report
parameter search radius
    0.8000    0.8000    0.8000    2.4000    2.4000    2.4000
    2.4000    2.4000    2.4000    2.4000    2.4000    2.4000
100000*second partial in parameter space
       42.       34.       23.        2.        3.        7.
        4.        7.        4.        5.        1.        2.
  0.0275  0.0275  0.0273  0.0273  0.0274  0.0276  0.0275  0.0276  0.0274  0.0276  0.0273  0.0273
  0.0273  0.0274  0.0273  0.0273  0.0273  0.0274  0.0273  0.0274  0.0273  0.0274  0.0273  0.0273
  0.0273  0.0273  0.0272  0.0272  0.0272  0.0273  0.0272  0.0273  0.0272  0.0273  0.0272  0.0272
  0.0272  0.0272  0.0272  0.0272  0.0272  0.0272  0.0272  0.0272  0.0272  0.0272  0.0272  0.0272
  0.0273  0.0272  0.0273  0.0273  0.0272  0.0273  0.0273  0.0273  0.0273  0.0272  0.0272  0.0272
  0.0273  0.0273  0.0273  0.0273  0.0273  0.0274  0.0273  0.0274  0.0273  0.0273  0.0273  0.0273
  0.0275  0.0274  0.0274  0.0274  0.0274  0.0277  0.0275  0.0277  0.0274  0.0275  0.0273  0.0274
   -0.5051    5.2450    3.7472  -11.5361  -18.7472  -11.1903
    0.6322   -2.7452    5.0361   25.6962   -3.3174  -24.6906
eta,q 0.97278  8.00272

---------------------------------------------------------------------
imgreg_4dfp /opt/freesurfer/average/711-2C_as_mni_average_305 /opt/freesurfer/average/711-2B_as_mni_average_305_mask talsrcimg_g11 none talsrcimg_to_711-2C_as_mni_average_305_t4 2311
---------------------------------------------------------------------

freesurfer imgreg_4dfp.c
/opt/freesurfer/average/711-2C_as_mni_average_305.4dfp.img
       256       256       256         1
  1.000000  1.000000  1.000000
orientation T byte_order littleendian
Reading image: /opt/freesurfer/average/711-2C_as_mni_average_305.4dfp.img
dimensions:      256       256       256
mmppix:       1.0000   -1.0000   -1.0000
center:     128.0000 -129.0000 -129.0000
/opt/freesurfer/average/711-2B_as_mni_average_305_mask.4dfp.img
       256       256       256         1
  1.000000  1.000000  1.000000
orientation T byte_order littleendian
Reading mask: /opt/freesurfer/average/711-2B_as_mni_average_305_mask.4dfp.img (2306576 pixels)
talsrcimg_g11.4dfp.img
       256       256       256         1
  1.000000  1.000000  1.000000
orientation T byte_order littleendian
Reading image: talsrcimg_g11.4dfp.img
dimensions:      256       256       256
mmppix:       1.0000   -1.0000   -1.0000
center:     128.0000 -129.0000 -129.0000
fimgreg.f
image alignment mode   2311 decimal      907 hex
parameters
   -0.5051    5.2450    3.7472  -11.5361  -18.7472  -11.1903
    0.6322   -2.7452    5.0361   25.6962   -3.3174  -24.6906
eta,q 0.97278  8.00273
niter,ni,del,rscale     5    3    5.0000    0.8000
parameters
   -0.5016    5.3163    3.7033  -11.2643  -19.1281  -11.3426
    0.7068   -2.6879    5.0284   26.0201   -3.1446  -24.6533
eta,q 0.97276  7.99635
  0.0283  0.0282  0.0278  0.0279  0.0278  0.0285  0.0282  0.0288  0.0281  0.0286  0.0276  0.0277
  0.0277  0.0277  0.0275  0.0275  0.0275  0.0279  0.0277  0.0280  0.0276  0.0279  0.0274  0.0275
  0.0273  0.0273  0.0273  0.0273  0.0273  0.0274  0.0273  0.0274  0.0273  0.0274  0.0273  0.0273
  0.0272  0.0272  0.0272  0.0272  0.0272  0.0272  0.0272  0.0272  0.0272  0.0272  0.0272  0.0272
  0.0273  0.0273  0.0273  0.0273  0.0273  0.0274  0.0273  0.0274  0.0273  0.0273  0.0273  0.0273
  0.0277  0.0276  0.0275  0.0274  0.0276  0.0280  0.0276  0.0280  0.0276  0.0277  0.0274  0.0275
  0.0283  0.0280  0.0278  0.0277  0.0281  0.0286  0.0281  0.0287  0.0281  0.0282  0.0275  0.0277
niter,ni,del,rscale     4    3    5.0000    0.7000
parameters
   -0.4969    5.4233    3.5775  -11.4077  -19.3012  -11.5099
    0.7022   -2.7162    4.9094   26.2378   -3.0586  -24.7272
eta,q 0.97277  7.97980
  0.0280  0.0280  0.0276  0.0276  0.0277  0.0282  0.0280  0.0284  0.0278  0.0282  0.0275  0.0276
  0.0276  0.0276  0.0274  0.0274  0.0275  0.0277  0.0275  0.0278  0.0275  0.0277  0.0273  0.0274
  0.0273  0.0273  0.0273  0.0272  0.0273  0.0274  0.0273  0.0273  0.0273  0.0274  0.0273  0.0273
  0.0272  0.0272  0.0272  0.0272  0.0272  0.0272  0.0272  0.0272  0.0272  0.0272  0.0272  0.0272
  0.0273  0.0273  0.0273  0.0273  0.0273  0.0274  0.0273  0.0274  0.0273  0.0273  0.0273  0.0273
  0.0276  0.0275  0.0275  0.0274  0.0275  0.0278  0.0276  0.0278  0.0275  0.0276  0.0273  0.0274
  0.0280  0.0278  0.0277  0.0276  0.0279  0.0284  0.0279  0.0284  0.0279  0.0280  0.0275  0.0276
niter,ni,del,rscale     3    3    5.0000    0.6000
parameters
   -0.5089    5.5121    3.4779  -11.5387  -19.4274  -11.6071
    0.7071   -2.7397    4.8347   26.4089   -2.9778  -24.8212
eta,q 0.97278  7.96800
  0.0278  0.0278  0.0275  0.0275  0.0276  0.0280  0.0278  0.0281  0.0277  0.0280  0.0274  0.0275
  0.0275  0.0275  0.0273  0.0273  0.0274  0.0276  0.0274  0.0276  0.0274  0.0276  0.0273  0.0273
  0.0273  0.0273  0.0272  0.0272  0.0273  0.0273  0.0273  0.0273  0.0273  0.0273  0.0272  0.0272
  0.0272  0.0272  0.0272  0.0272  0.0272  0.0272  0.0272  0.0272  0.0272  0.0272  0.0272  0.0272
  0.0273  0.0273  0.0273  0.0273  0.0273  0.0273  0.0273  0.0273  0.0273  0.0273  0.0272  0.0273
  0.0275  0.0274  0.0274  0.0274  0.0274  0.0276  0.0275  0.0277  0.0275  0.0275  0.0273  0.0274
  0.0278  0.0276  0.0276  0.0275  0.0277  0.0281  0.0277  0.0281  0.0277  0.0278  0.0274  0.0275
niter,ni,del,rscale     2    3    5.0000    0.5000
parameters
   -0.5126    5.5728    3.3971  -11.6944  -19.5241  -11.6628
    0.7070   -2.7543    4.7693   26.5351   -2.9046  -24.9266
eta,q 0.97278  7.95751
  0.0276  0.0276  0.0274  0.0274  0.0275  0.0278  0.0276  0.0279  0.0275  0.0278  0.0274  0.0274
  0.0274  0.0274  0.0273  0.0273  0.0273  0.0275  0.0274  0.0275  0.0274  0.0275  0.0273  0.0273
  0.0273  0.0273  0.0272  0.0272  0.0273  0.0273  0.0273  0.0273  0.0272  0.0273  0.0272  0.0272
  0.0272  0.0272  0.0272  0.0272  0.0272  0.0272  0.0272  0.0272  0.0272  0.0272  0.0272  0.0272
  0.0273  0.0272  0.0273  0.0273  0.0272  0.0273  0.0273  0.0273  0.0273  0.0273  0.0272  0.0273
  0.0274  0.0273  0.0273  0.0273  0.0273  0.0275  0.0274  0.0275  0.0274  0.0274  0.0273  0.0273
  0.0276  0.0275  0.0275  0.0274  0.0275  0.0278  0.0276  0.0279  0.0276  0.0277  0.0273  0.0274
niter,ni,del,rscale     1    3    5.0000    0.4000
parameters
   -0.5179    5.6179    3.3451  -11.8477  -19.5615  -11.6620
    0.7087   -2.7750    4.7233   26.6212   -2.8447  -25.0127
eta,q 0.97279  7.95115
  0.0275  0.0275  0.0273  0.0273  0.0274  0.0276  0.0274  0.0276  0.0274  0.0276  0.0273  0.0273
  0.0273  0.0273  0.0273  0.0273  0.0273  0.0274  0.0273  0.0274  0.0273  0.0274  0.0273  0.0273
  0.0272  0.0273  0.0272  0.0272  0.0272  0.0273  0.0272  0.0273  0.0272  0.0273  0.0272  0.0272
  0.0272  0.0272  0.0272  0.0272  0.0272  0.0272  0.0272  0.0272  0.0272  0.0272  0.0272  0.0272
  0.0272  0.0272  0.0272  0.0272  0.0272  0.0272  0.0272  0.0273  0.0272  0.0272  0.0272  0.0272
  0.0273  0.0273  0.0273  0.0273  0.0273  0.0274  0.0273  0.0274  0.0273  0.0273  0.0273  0.0273
  0.0275  0.0274  0.0274  0.0274  0.0274  0.0276  0.0274  0.0276  0.0274  0.0275  0.0273  0.0274
registration optimization eta report
parameter search radius
    0.8000    0.8000    0.8000    2.4000    2.4000    2.4000
    2.4000    2.4000    2.4000    2.4000    2.4000    2.4000
100000*second partial in parameter space
       41.       33.       22.        2.        3.        7.
        4.        7.        4.        5.        2.        2.
  0.0275  0.0275  0.0273  0.0273  0.0274  0.0276  0.0274  0.0276  0.0274  0.0276  0.0273  0.0273
  0.0273  0.0273  0.0273  0.0273  0.0273  0.0274  0.0273  0.0274  0.0273  0.0274  0.0273  0.0273
  0.0272  0.0273  0.0272  0.0272  0.0272  0.0273  0.0272  0.0273  0.0272  0.0273  0.0272  0.0272
  0.0272  0.0272  0.0272  0.0272  0.0272  0.0272  0.0272  0.0272  0.0272  0.0272  0.0272  0.0272
  0.0272  0.0272  0.0272  0.0272  0.0272  0.0272  0.0272  0.0273  0.0272  0.0272  0.0272  0.0272
  0.0273  0.0273  0.0273  0.0273  0.0273  0.0274  0.0273  0.0274  0.0273  0.0273  0.0273  0.0273
  0.0275  0.0274  0.0274  0.0274  0.0274  0.0276  0.0274  0.0276  0.0274  0.0275  0.0273  0.0274
   -0.5179    5.6179    3.3451  -11.8477  -19.5615  -11.6620
    0.7087   -2.7750    4.7233   26.6212   -2.8447  -25.0127
eta,q 0.97279  7.95115

---------------------------------------------------------------------
compute_vox2vox talsrcimg talsrcimg_to_711-2C_as_mni_average_305_t4 /opt/freesurfer/average/711-2C_as_mni_average_305
---------------------------------------------------------------------

freesurfer compute_vox2vox.c
Reading: talsrcimg.4dfp.ifh
Reading: talsrcimg_to_711-2C_as_mni_average_305_t4
Reading: /opt/freesurfer/average/711-2C_as_mni_average_305.4dfp.ifh
Writing: talsrcimg_to_711-2C_as_mni_average_305_t4_vox2vox.txt

start time Sun Mar 8 17:07:53 CET 2026
end		time Sun Mar 8 17:09:23 CET 2026

mpr2mni305 success

avi2talxfm orig_nu.mgz /opt/freesurfer/average/mni305.cor.mgz talsrcimg_to_711-2C_as_mni_average_305_t4_vox2vox.txt transforms/talairach.auto.xfm
avi2talxfm done
mv -f /out/sourcedata/freesurfer/sub-v1s13x0050059_ses-1/mri/talsrcimg_to_711-2C_as_mni_average_305_t4_vox2vox.txt /out/sourcedata/freesurfer/sub-v1s13x0050059_ses-1/mri/transforms/talsrcimg_to_711-2C_as_mni_average_305_t4_vox2vox.txt
lta_convert --src orig_nu.mgz --trg /opt/freesurfer/average/mni305.cor.mgz --inxfm transforms/talairach.auto.xfm --outlta transforms/talairach.auto.xfm.lta --subject fsaverage
7.3.2

--src: orig_nu.mgz src image (geometry).
--trg: /opt/freesurfer/average/mni305.cor.mgz trg image (geometry).
--inmni: transforms/talairach.auto.xfm input MNI/XFM transform.
--outlta: transforms/talairach.auto.xfm.lta output LTA.
--s: fsaverage subject name
 LTA read, type : 1
 1.13549   0.03537   0.00099  -0.13188;
 0.01617   1.03553   0.32186  -5.72790;
-0.07203  -0.34479   1.13661  -3.10585;
 0.00000   0.00000   0.00000   1.00000;
setting subject to fsaverage
Writing  LTA to file transforms/talairach.auto.xfm.lta...
lta_convert successful.
 
 
Started at Sun Mar 8 17:07:52 CET 2026
Ended   at Sun Mar  8 17:09:23 CET 2026
talairach_avi done
