status file for recon-all
Sun Mar  8 12:43:07 CET 2026
#@# MotionCor Sun Mar  8 12:43:10 CET 2026
#@# Talairach Sun Mar  8 12:43:19 CET 2026
#@# Talairach Failure Detection Sun Mar  8 12:47:43 CET 2026
#@# Nu Intensity Correction Sun Mar  8 12:47:43 CET 2026
#@# Intensity Normalization Sun Mar  8 12:50:58 CET 2026
recon-all -s sub-v1s13x0050011_ses-1 finished without error at Sun Mar  8 12:52:26 CET 2026



#New# invocation of recon-all 



status file for recon-all
Sun Mar  8 12:59:53 CET 2026
#@# EM Registration Sun Mar  8 12:59:53 CET 2026
recon-all -s sub-v1s13x0050011_ses-1 finished without error at Sun Mar  8 13:01:35 CET 2026



#New# invocation of recon-all 



status file for recon-all
Sun Mar  8 13:01:39 CET 2026
#@# CA Normalize Sun Mar  8 13:01:39 CET 2026
#@# CA Reg Sun Mar  8 13:02:59 CET 2026
#@# SubCort Seg Sun Mar  8 13:50:48 CET 2026
#@# CC Seg Sun Mar  8 14:24:57 CET 2026
#@# Merge ASeg Sun Mar  8 14:25:31 CET 2026
#@# Intensity Normalization2 Sun Mar  8 14:25:31 CET 2026
#@# Mask BFS Sun Mar  8 14:27:46 CET 2026
#@# WM Segmentation Sun Mar  8 14:27:47 CET 2026
#@# Fill Sun Mar  8 14:29:55 CET 2026
recon-all -s sub-v1s13x0050011_ses-1 finished without error at Sun Mar  8 14:30:59 CET 2026



#New# invocation of recon-all 



status file for recon-all
Sun Mar  8 15:42:46 CET 2026
#@# white curv lh Sun Mar  8 15:42:46 CET 2026
#@# white area lh Sun Mar  8 15:42:46 CET 2026
#@# pial curv lh Sun Mar  8 15:42:46 CET 2026
#@# pial area lh Sun Mar  8 15:42:46 CET 2026
#@# thickness lh Sun Mar  8 15:42:46 CET 2026
#@# area and vertex vol lh Sun Mar  8 15:42:46 CET 2026
#@# white curv rh Sun Mar  8 15:42:46 CET 2026
#@# white area rh Sun Mar  8 15:42:46 CET 2026
#@# pial curv rh Sun Mar  8 15:42:46 CET 2026
#@# pial area rh Sun Mar  8 15:42:46 CET 2026
#@# thickness rh Sun Mar  8 15:42:46 CET 2026
#@# area and vertex vol rh Sun Mar  8 15:42:46 CET 2026
#@# Cortical ribbon mask Sun Mar  8 15:42:46 CET 2026
recon-all -s sub-v1s13x0050011_ses-1 finished without error at Sun Mar  8 15:49:29 CET 2026



#New# invocation of recon-all 



status file for recon-all
Sun Mar  8 15:57:24 CET 2026
#@# white curv lh Sun Mar  8 15:57:24 CET 2026
#@# white area lh Sun Mar  8 15:57:24 CET 2026
#@# pial curv lh Sun Mar  8 15:57:24 CET 2026
#@# pial area lh Sun Mar  8 15:57:25 CET 2026
#@# thickness lh Sun Mar  8 15:57:25 CET 2026
#@# area and vertex vol lh Sun Mar  8 15:57:25 CET 2026
#@# white curv rh Sun Mar  8 15:57:25 CET 2026
#@# white area rh Sun Mar  8 15:57:25 CET 2026
#@# pial curv rh Sun Mar  8 15:57:25 CET 2026
#@# pial area rh Sun Mar  8 15:57:25 CET 2026
#@# thickness rh Sun Mar  8 15:57:25 CET 2026
#@# area and vertex vol rh Sun Mar  8 15:57:25 CET 2026
#@# Curvature Stats lh Sun Mar  8 15:57:25 CET 2026
#@# Curvature Stats rh Sun Mar  8 15:57:28 CET 2026
#@# Relabel Hypointensities Sun Mar  8 15:57:31 CET 2026
#@# APas-to-ASeg Sun Mar  8 15:57:48 CET 2026
#@# AParc-to-ASeg aparc Sun Mar  8 15:57:58 CET 2026
#@# AParc-to-ASeg aparc.a2009s Sun Mar  8 15:58:44 CET 2026
#@# AParc-to-ASeg aparc.DKTatlas Sun Mar  8 15:59:28 CET 2026
#@# WMParc Sun Mar  8 16:00:15 CET 2026
#@# ASeg Stats Sun Mar  8 16:04:18 CET 2026
recon-all -s sub-v1s13x0050011_ses-1 finished without error at Sun Mar  8 16:04:58 CET 2026
