/out/sourcedata/freesurfer/sub-v1s13x0050019_ses-1/mri
/opt/freesurfer/bin/talairach_avi
--i orig_nu.mgz --xfm transforms/talairach.auto.xfm
talairach_avi 7.3.2
Linux dna010 5.14.0-427.37.1.el9_4.x86_64 #1 SMP PREEMPT_DYNAMIC Fri Sep 13 12:41:50 EDT 2024 x86_64 x86_64 x86_64 GNU/Linux
Sun Mar  8 14:17:03 CET 2026
mri_convert orig_nu.mgz talsrcimg.img 
reading from orig_nu.mgz...
TR=0.00, TE=0.00, TI=0.00, flip angle=0.00
i_ras = (-1, 0, 0)
j_ras = (0, 0, -1)
k_ras = (0, 1, 0)
writing to talsrcimg.img...
Analyze Output Matrix
-1.00000   0.00000   0.00000   133.15695;
 0.00000   0.00000   1.00000  -130.85919;
 0.00000  -1.00000   0.00000   138.21671;
 0.00000   0.00000   0.00000   1.00000;
--------------------
INFO: set hdr.hist.orient to -1
mpr2mni305 talsrcimg
Sun Mar  8 14:17:04 CET 2026
/opt/freesurfer/bin/mpr2mni305 talsrcimg
mpr2mni305 7.3.2
target=711-2C_as_mni_average_305

---------------------------------------------------------------------
analyzeto4dfp talsrcimg -O0 -y
---------------------------------------------------------------------

freesurfer ifh2hdr.c
Sun Mar  8 14:17:04 2026
Writing: talsrcimg.4dfp.hdr
freesurfer analyzeto4dfp.c
Reading: talsrcimg.hdr
header size 348 bytes
hdr.dime.datatype	offset=70	value=2
hdr.dime.bitpix		offset=72	value=8
hdr.hist.orient		offset=252	value=-1
dimensionality     4
dimensions       256       256       256         1
Reading: talsrcimg.img
Writing: talsrcimg.4dfp.img
Writing: talsrcimg.4dfp.ifh
ifh2hdr talsrcimg -r0to229
ori=2

---------------------------------------------------------------------
gauss_4dfp talsrcimg 1.1
---------------------------------------------------------------------

freesurfer gauss_4dfp.c
Reading: talsrcimg.4dfp.img
Writing: talsrcimg_g11.4dfp.img
image dimensions 256 256 256 padded to 288 288 288
processing volume 1freesurfer ifh2hdr.c
Sun Mar  8 14:17:05 2026
Writing: talsrcimg_g11.4dfp.hdr

Writing: talsrcimg_g11.4dfp.ifh
including: talsrcimg.4dfp.img.rec in talsrcimg_g11.4dfp.img.rec

---------------------------------------------------------------------
imgreg_4dfp /opt/freesurfer/average/711-2C_as_mni_average_305 none talsrcimg_g11 none talsrcimg_to_711-2C_as_mni_average_305_t4 4355
---------------------------------------------------------------------

freesurfer imgreg_4dfp.c
/opt/freesurfer/average/711-2C_as_mni_average_305.4dfp.img
       256       256       256         1
  1.000000  1.000000  1.000000
orientation T byte_order littleendian
Reading image: /opt/freesurfer/average/711-2C_as_mni_average_305.4dfp.img
dimensions:      256       256       256
mmppix:       1.0000   -1.0000   -1.0000
center:     128.0000 -129.0000 -129.0000
talsrcimg_g11.4dfp.img
       256       256       256         1
  1.000000  1.000000  1.000000
orientation T byte_order littleendian
Reading image: talsrcimg_g11.4dfp.img
dimensions:      256       256       256
mmppix:       1.0000   -1.0000   -1.0000
center:     128.0000 -129.0000 -129.0000
t4_read: open error in t4_sub.f l:  41 t4_file(1:l)talsrcimg_to_711-2C_as_mni_average_305_t4 
t4_read: transform initialized to I4
rotation matrix determinant  1.000000
image alignment mode   4355 decimal     1103 hex
   -7.5000  -45.0000  -45.0000 9608.5928   12.3267
    0.0000  -45.0000  -45.000010064.5166   12.3311
    7.5000  -45.0000  -45.0000 9599.6572   12.3537
   -7.5000  -37.5000  -45.0000 9854.1768   12.4162
    0.0000  -37.5000  -45.000010304.3350   12.4218
    7.5000  -37.5000  -45.0000 9829.0654   12.4480
   -7.5000  -30.0000  -45.000010383.1543   12.3335
    0.0000  -30.0000  -45.000010852.3887   12.3393
    7.5000  -30.0000  -45.000010341.0928   12.3656
   -7.5000  -22.5000  -45.000010851.7881   12.2663
    0.0000  -22.5000  -45.000011350.0518   12.2703
    7.5000  -22.5000  -45.000010811.0693   12.2941
   -7.5000  -15.0000  -45.000011259.5439   12.2044
    0.0000  -15.0000  -45.000011751.8672   12.2064
    7.5000  -15.0000  -45.000011185.4531   12.2273
   -7.5000   -7.5000  -45.000011537.6787   12.1493
    0.0000   -7.5000  -45.000012068.2412   12.1506
    7.5000   -7.5000  -45.000011474.6797   12.1703
   -7.5000    0.0000  -45.000011747.2461   12.1155
    0.0000    0.0000  -45.000012265.7432   12.1175
    7.5000    0.0000  -45.000011675.9287   12.1394
   -7.5000    7.5000  -45.000011066.7676   12.2500
    0.0000    7.5000  -45.000011579.5576   12.2537
    7.5000    7.5000  -45.000011021.7383   12.2793
   -7.5000   15.0000  -45.000010379.5029   12.4788
    0.0000   15.0000  -45.000010870.8105   12.4831
    7.5000   15.0000  -45.000010340.2061   12.5105
   -7.5000   22.5000  -45.0000 9677.2119   12.7495
    0.0000   22.5000  -45.000010116.0645   12.7527
    7.5000   22.5000  -45.0000 9600.2100   12.7791
   -7.5000   30.0000  -45.0000 8955.4229   12.9117
    0.0000   30.0000  -45.0000 9371.7930   12.9137
    7.5000   30.0000  -45.0000 8883.8252   12.9377
   -7.5000   37.5000  -45.0000 8563.9424   13.2680
    0.0000   37.5000  -45.0000 8974.8457   13.2695
    7.5000   37.5000  -45.0000 8495.5605   13.2907
   -7.5000   45.0000  -45.0000 7849.7168   13.3629
    0.0000   45.0000  -45.0000 8226.9424   13.3636
    7.5000   45.0000  -45.0000 7794.2676   13.3856
   -7.5000  -45.0000  -37.500010139.7090   12.2061
    0.0000  -45.0000  -37.500010608.4941   12.2150
    7.5000  -45.0000  -37.500010118.5625   12.2368
   -7.5000  -37.5000  -37.500010407.1914   12.2940
    0.0000  -37.5000  -37.500010878.6250   12.3054
    7.5000  -37.5000  -37.500010364.4980   12.3325
   -7.5000  -30.0000  -37.500010959.1387   12.2107
    0.0000  -30.0000  -37.500011449.5117   12.2228
    7.5000  -30.0000  -37.500010899.8438   12.2519
   -7.5000  -22.5000  -37.500011448.1416   12.1415
    0.0000  -22.5000  -37.500011965.0537   12.1511
    7.5000  -22.5000  -37.500011393.7852   12.1775
   -7.5000  -15.0000  -37.500011837.5186   12.0787
    0.0000  -15.0000  -37.500012357.1641   12.0852
    7.5000  -15.0000  -37.500011759.8047   12.1070
   -7.5000   -7.5000  -37.500012140.6191   12.0244
    0.0000   -7.5000  -37.500012676.8721   12.0296
    7.5000   -7.5000  -37.500012075.3369   12.0488
   -7.5000    0.0000  -37.500012364.1084   11.9917
    0.0000    0.0000  -37.500012893.7354   11.9980
    7.5000    0.0000  -37.500012300.2012   12.0192
   -7.5000    7.5000  -37.500011657.2070   12.1241
    0.0000    7.5000  -37.500012187.4912   12.1333
    7.5000    7.5000  -37.500011607.1279   12.1597
   -7.5000   15.0000  -37.500010932.5098   12.3503
    0.0000   15.0000  -37.500011441.0508   12.3609
    7.5000   15.0000  -37.500010886.6191   12.3910
   -7.5000   22.5000  -37.500010184.5420   12.6244
    0.0000   22.5000  -37.500010633.1904   12.6337
    7.5000   22.5000  -37.500010110.1113   12.6624
   -7.5000   30.0000  -37.5000 9415.9941   12.7941
    0.0000   30.0000  -37.5000 9838.5762   12.8004
    7.5000   30.0000  -37.5000 9343.6631   12.8248
   -7.5000   37.5000  -37.5000 8996.1240   13.1599
    0.0000   37.5000  -37.5000 9404.1221   13.1660
    7.5000   37.5000  -37.5000 8909.4072   13.1867
   -7.5000   45.0000  -37.5000 8235.7178   13.2742
    0.0000   45.0000  -37.5000 8608.9775   13.2809
    7.5000   45.0000  -37.5000 8169.8433   13.3026
   -7.5000  -45.0000  -30.000010981.4209   12.6130
    0.0000  -45.0000  -30.000011466.0195   12.6249
    7.5000  -45.0000  -30.000010943.3926   12.6450
   -7.5000  -37.5000  -30.000011276.0986   12.7017
    0.0000  -37.5000  -30.000011759.4707   12.7184
    7.5000  -37.5000  -30.000011208.9141   12.7467
   -7.5000  -30.0000  -30.000011860.4775   12.6142
    0.0000  -30.0000  -30.000012364.6973   12.6327
    7.5000  -30.0000  -30.000011775.9678   12.6655
   -7.5000  -22.5000  -30.000012376.5850   12.5406
    0.0000  -22.5000  -30.000012911.2959   12.5553
    7.5000  -22.5000  -30.000012298.9424   12.5847
   -7.5000  -15.0000  -30.000012776.2148   12.4740
    0.0000  -15.0000  -30.000013336.6699   12.4836
    7.5000  -15.0000  -30.000012687.6250   12.5057
   -7.5000   -7.5000  -30.000013105.4814   12.4177
    0.0000   -7.5000  -30.000013673.3770   12.4249
    7.5000   -7.5000  -30.000013027.0332   12.4422
   -7.5000    0.0000  -30.000013320.5088   12.3841
    0.0000    0.0000  -30.000013895.3652   12.3932
    7.5000    0.0000  -30.000013273.9238   12.4127
   -7.5000    7.5000  -30.000012540.1035   12.5203
    0.0000    7.5000  -30.000013103.4248   12.5345
    7.5000    7.5000  -30.000012493.8770   12.5621
   -7.5000   15.0000  -30.000011743.2930   12.7516
    0.0000   15.0000  -30.000012263.6055   12.7686
    7.5000   15.0000  -30.000011715.0303   12.8026
   -7.5000   22.5000  -30.000010921.6074   13.0406
    0.0000   22.5000  -30.000011388.0811   13.0562
    7.5000   22.5000  -30.000010874.8770   13.0885
   -7.5000   30.0000  -30.000010098.5918   13.2269
    0.0000   30.0000  -30.000010526.2598   13.2369
    7.5000   30.0000  -30.000010036.9688   13.2619
   -7.5000   37.5000  -30.0000 9619.6797   13.6093
    0.0000   37.5000  -30.000010035.9316   13.6191
    7.5000   37.5000  -30.0000 9534.3896   13.6390
   -7.5000   45.0000  -30.0000 8790.4541   13.7371
    0.0000   45.0000  -30.0000 9181.3125   13.7484
    7.5000   45.0000  -30.0000 8716.0439   13.7702
   -7.5000  -45.0000  -22.500011904.5879   12.9964
    0.0000  -45.0000  -22.500012391.4814   13.0065
    7.5000  -45.0000  -22.500011849.9824   13.0255
   -7.5000  -37.5000  -22.500012223.5713   13.0855
    0.0000  -37.5000  -22.500012702.7705   13.1012
    7.5000  -37.5000  -22.500012146.7803   13.1299
   -7.5000  -30.0000  -22.500012832.5566   12.9965
    0.0000  -30.0000  -22.500013359.7148   13.0145
    7.5000  -30.0000  -22.500012763.2842   13.0487
   -7.5000  -22.5000  -22.500013399.7041   12.9221
    0.0000  -22.5000  -22.500013952.7881   12.9360
    7.5000  -22.5000  -22.500013302.8096   12.9661
   -7.5000  -15.0000  -22.500013798.2168   12.8529
    0.0000  -15.0000  -22.500014379.2646   12.8608
    7.5000  -15.0000  -22.500013691.7725   12.8822
   -7.5000   -7.5000  -22.500014137.3096   12.7909
    0.0000   -7.5000  -22.500014726.6113   12.7959
    7.5000   -7.5000  -22.500014040.8477   12.8116
   -7.5000    0.0000  -22.500014367.8770   12.7525
    0.0000    0.0000  -22.500014963.4521   12.7597
    7.5000    0.0000  -22.500014296.6035   12.7781
   -7.5000    7.5000  -22.500013507.4941   12.8921
    0.0000    7.5000  -22.500014060.4346   12.9053
    7.5000    7.5000  -22.500013448.8799   12.9332
   -7.5000   15.0000  -22.500012614.9678   13.1317
    0.0000   15.0000  -22.500013127.2920   13.1483
    7.5000   15.0000  -22.500012583.6221   13.1836
   -7.5000   22.5000  -22.500011717.3623   13.4316
    0.0000   22.5000  -22.500012188.1914   13.4465
    7.5000   22.5000  -22.500011670.9189   13.4800
   -7.5000   30.0000  -22.500010824.1309   13.6271
    0.0000   30.0000  -22.500011266.5986   13.6350
    7.5000   30.0000  -22.500010762.8457   13.6594
   -7.5000   37.5000  -22.500010284.9893   14.0146
    0.0000   37.5000  -22.500010719.5078   14.0227
    7.5000   37.5000  -22.500010195.8057   14.0417
   -7.5000   45.0000  -22.5000 9378.7939   14.1469
    0.0000   45.0000  -22.5000 9785.8457   14.1566
    7.5000   45.0000  -22.5000 9298.3574   14.1778
   -7.5000  -45.0000  -15.000012861.4658   13.2897
    0.0000  -45.0000  -15.000013364.1689   13.2945
    7.5000  -45.0000  -15.000012801.9033   13.3139
   -7.5000  -37.5000  -15.000013200.0732   13.3775
    0.0000  -37.5000  -15.000013711.1836   13.3869
    7.5000  -37.5000  -15.000013129.8486   13.4148
   -7.5000  -30.0000  -15.000013871.3203   13.2857
    0.0000  -30.0000  -15.000014434.3457   13.2971
    7.5000  -30.0000  -15.000013803.9502   13.3289
   -7.5000  -22.5000  -15.000014441.0898   13.2105
    0.0000  -22.5000  -15.000015031.4443   13.2185
    7.5000  -22.5000  -15.000014353.0977   13.2462
   -7.5000  -15.0000  -15.000014834.1777   13.1403
    0.0000  -15.0000  -15.000015424.1982   13.1432
    7.5000  -15.0000  -15.000014727.5459   13.1633
   -7.5000   -7.5000  -15.000015187.0518   13.0757
    0.0000   -7.5000  -15.000015800.4756   13.0759
    7.5000   -7.5000  -15.000015115.9512   13.0916
   -7.5000    0.0000  -15.000015449.4463   13.0343
    0.0000    0.0000  -15.000016047.9336   13.0364
    7.5000    0.0000  -15.000015383.5957   13.0550
   -7.5000    7.5000  -15.000014525.2207   13.1757
    0.0000    7.5000  -15.000015098.1279   13.1827
    7.5000    7.5000  -15.000014469.2090   13.2097
   -7.5000   15.0000  -15.000013550.8164   13.4207
    0.0000   15.0000  -15.000014070.4102   13.4306
    7.5000   15.0000  -15.000013495.7520   13.4633
   -7.5000   22.5000  -15.000012552.3506   13.7266
    0.0000   22.5000  -15.000013038.7832   13.7351
    7.5000   22.5000  -15.000012497.8203   13.7658
   -7.5000   30.0000  -15.000011582.6084   13.9283
    0.0000   30.0000  -15.000012041.0332   13.9310
    7.5000   30.0000  -15.000011508.9805   13.9543
   -7.5000   37.5000  -15.000010975.4355   14.3226
    0.0000   37.5000  -15.000011425.5010   14.3254
    7.5000   37.5000  -15.000010874.6445   14.3443
   -7.5000   45.0000  -15.0000 9986.6133   14.4611
    0.0000   45.0000  -15.000010417.1729   14.4644
    7.5000   45.0000  -15.0000 9883.4463   14.4851
   -7.5000  -45.0000   -7.500013807.6807   13.4318
    0.0000  -45.0000   -7.500014357.5391   13.4327
    7.5000  -45.0000   -7.500013717.2695   13.4538
   -7.5000  -37.5000   -7.500014200.0078   13.5188
    0.0000  -37.5000   -7.500014789.2451   13.5223
    7.5000  -37.5000   -7.500014101.7939   13.5487
   -7.5000  -30.0000   -7.500014968.7861   13.4244
    0.0000  -30.0000   -7.500015612.0957   13.4289
    7.5000  -30.0000   -7.500014868.6514   13.4565
   -7.5000  -22.5000   -7.500015546.2109   13.3475
    0.0000  -22.5000   -7.500016203.1426   13.3498
    7.5000  -22.5000   -7.500015442.7949   13.3740
   -7.5000  -15.0000   -7.500015969.3779   13.2767
    0.0000  -15.0000   -7.500016589.5176   13.2756
    7.5000  -15.0000   -7.500015846.6201   13.2952
   -7.5000   -7.5000   -7.500016367.0996   13.2128
    0.0000   -7.5000   -7.500016987.0215   13.2099
    7.5000   -7.5000   -7.500016285.7686   13.2274
   -7.5000    0.0000   -7.500016638.6953   13.1718
    0.0000    0.0000   -7.500017280.9590   13.1701
    7.5000    0.0000   -7.500016541.8594   13.1903
   -7.5000    7.5000   -7.500015674.5859   13.3143
    0.0000    7.5000   -7.500016286.3672   13.3155
    7.5000    7.5000   -7.500015541.8877   13.3411
   -7.5000   15.0000   -7.500014624.2852   13.5605
    0.0000   15.0000   -7.500015186.0117   13.5635
    7.5000   15.0000   -7.500014478.6221   13.5919
   -7.5000   22.5000   -7.500013515.9736   13.8655
    0.0000   22.5000   -7.500014040.3926   13.8672
    7.5000   22.5000   -7.500013381.3701   13.8939
   -7.5000   30.0000   -7.500012414.2373   14.0682
    0.0000   30.0000   -7.500012918.5010   14.0671
    7.5000   30.0000   -7.500012302.3193   14.0900
   -7.5000   37.5000   -7.500011739.4814   14.4691
    0.0000   37.5000   -7.500012223.9678   14.4676
    7.5000   37.5000   -7.500011599.5381   14.4874
   -7.5000   45.0000   -7.500010672.2178   14.6151
    0.0000   45.0000   -7.500011127.3467   14.6129
    7.5000   45.0000   -7.500010528.5322   14.6337
   -7.5000  -45.0000    0.000014619.4561   13.4430
    0.0000  -45.0000    0.000015222.1250   13.4456
    7.5000  -45.0000    0.000014541.0049   13.4688
   -7.5000  -37.5000    0.000015087.0312   13.5298
    0.0000  -37.5000    0.000015748.6348   13.5339
    7.5000  -37.5000    0.000014978.2852   13.5607
   -7.5000  -30.0000    0.000015982.9160   13.4331
    0.0000  -30.0000    0.000016767.7910   13.4374
    7.5000  -30.0000    0.000015877.3955   13.4644
   -7.5000  -22.5000    0.000016646.3262   13.3536
    0.0000  -22.5000    0.000017470.8574   13.3560
    7.5000  -22.5000    0.000016512.6992   13.3803
   -7.5000  -15.0000    0.000017108.3789   13.2823
    0.0000  -15.0000    0.000017894.5664   13.2824
    7.5000  -15.0000    0.000016929.9902   13.3034
   -7.5000   -7.5000    0.000017537.9746   13.2210
    0.0000   -7.5000    0.000018291.3516   13.2200
    7.5000   -7.5000    0.000017341.7305   13.2398
   -7.5000    0.0000    0.000017828.8281   13.1829
    0.0000    0.0000    0.000018600.2383   13.1828
    7.5000    0.0000    0.000017580.4688   13.2049
   -7.5000    7.5000    0.000016787.1895   13.3254
    0.0000    7.5000    0.000017493.1992   13.3272
    7.5000    7.5000    0.000016499.3574   13.3531
   -7.5000   15.0000    0.000015608.1846   13.5693
    0.0000   15.0000    0.000016242.8564   13.5719
    7.5000   15.0000    0.000015355.8984   13.5996
   -7.5000   22.5000    0.000014387.7754   13.8712
    0.0000   22.5000    0.000014970.6191   13.8726
    7.5000   22.5000    0.000014179.7979   13.8991
   -7.5000   30.0000    0.000013166.2715   14.0730
    0.0000   30.0000    0.000013721.0928   14.0731
    7.5000   30.0000    0.000013035.2959   14.0973
   -7.5000   37.5000    0.000012433.1367   14.4776
    0.0000   37.5000    0.000012958.0029   14.4772
    7.5000   37.5000    0.000012292.5840   14.4986
   -7.5000   45.0000    0.000011303.6318   14.6297
    0.0000   45.0000    0.000011763.6934   14.6286
    7.5000   45.0000    0.000011137.9004   14.6507
   -7.5000  -45.0000    7.500014294.9248   13.4881
    0.0000  -45.0000    7.500014919.0576   13.4969
    7.5000  -45.0000    7.500014259.1914   13.5200
   -7.5000  -37.5000    7.500014747.6689   13.5785
    0.0000  -37.5000    7.500015425.4805   13.5899
    7.5000  -37.5000    7.500014650.9844   13.6185
   -7.5000  -30.0000    7.500015732.3955   13.4809
    0.0000  -30.0000    7.500016588.1484   13.4932
    7.5000  -30.0000    7.500015592.4570   13.5237
   -7.5000  -22.5000    7.500016517.5156   13.3989
    0.0000  -22.5000    7.500017502.4531   13.4083
    7.5000  -22.5000    7.500016296.7627   13.4359
   -7.5000  -15.0000    7.500017009.7129   13.3253
    0.0000  -15.0000    7.500018000.7402   13.3314
    7.5000  -15.0000    7.500016742.5645   13.3541
   -7.5000   -7.5000    7.500017346.7461   13.2640
    0.0000   -7.5000    7.500018298.2109   13.2685
    7.5000   -7.5000    7.500017057.9473   13.2884
   -7.5000    0.0000    7.500017573.2129   13.2277
    0.0000    0.0000    7.500018455.1602   13.2334
    7.5000    0.0000    7.500017236.3828   13.2554
   -7.5000    7.5000    7.500016502.5215   13.3725
    0.0000    7.5000    7.500017233.9297   13.3814
    7.5000    7.5000    7.500016174.7568   13.4091
   -7.5000   15.0000    7.500015320.7666   13.6180
    0.0000   15.0000    7.500015957.5527   13.6284
    7.5000   15.0000    7.500015061.5557   13.6599
   -7.5000   22.5000    7.500014117.8398   13.9217
    0.0000   22.5000    7.500014679.9531   13.9309
    7.5000   22.5000    7.500013914.2656   13.9610
   -7.5000   30.0000    7.500012937.9150   14.1252
    0.0000   30.0000    7.500013460.3730   14.1315
    7.5000   30.0000    7.500012766.2490   14.1573
   -7.5000   37.5000    7.500012214.5098   14.5326
    0.0000   37.5000    7.500012725.6533   14.5384
    7.5000   37.5000    7.500012044.4590   14.5601
   -7.5000   45.0000    7.500011084.7129   14.6892
    0.0000   45.0000    7.500011548.2783   14.6953
    7.5000   45.0000    7.500010906.9648   14.7181
   -7.5000  -45.0000   15.000013867.0137   13.5428
    0.0000  -45.0000   15.000014532.9590   13.5557
    7.5000  -45.0000   15.000013817.7744   13.5765
   -7.5000  -37.5000   15.000014245.6133   13.6362
    0.0000  -37.5000   15.000014906.6826   13.6543
    7.5000  -37.5000   15.000014133.9541   13.6839
   -7.5000  -30.0000   15.000015163.1855   13.5389
    0.0000  -30.0000   15.000015909.9395   13.5591
    7.5000  -30.0000   15.000014981.8271   13.5936
   -7.5000  -22.5000   15.000015955.0605   13.4566
    0.0000  -22.5000   15.000016865.7656   13.4727
    7.5000  -22.5000   15.000015744.0928   13.5036
   -7.5000  -15.0000   15.000016487.9336   13.3819
    0.0000  -15.0000   15.000017500.1270   13.3925
    7.5000  -15.0000   15.000016277.0156   13.4156
   -7.5000   -7.5000   15.000016880.4941   13.3191
    0.0000   -7.5000   15.000017865.5078   13.3269
    7.5000   -7.5000   15.000016627.7051   13.3447
   -7.5000    0.0000   15.000017145.7832   13.2820
    0.0000    0.0000   15.000018008.1230   13.2917
    7.5000    0.0000   15.000016805.6484   13.3117
   -7.5000    7.5000   15.000016114.7803   13.4286
    0.0000    7.5000   15.000016834.9355   13.4439
    7.5000    7.5000   15.000015761.3535   13.4726
   -7.5000   15.0000   15.000014924.4922   13.6770
    0.0000   15.0000   15.000015552.8467   13.6955
    7.5000   15.0000   15.000014639.3154   13.7311
   -7.5000   22.5000   15.000013740.9551   13.9851
    0.0000   22.5000   15.000014318.6621   14.0022
    7.5000   22.5000   15.000013515.5752   14.0361
   -7.5000   30.0000   15.000012603.6367   14.1917
    0.0000   30.0000   15.000013131.2959   14.2025
    7.5000   30.0000   15.000012397.7852   14.2286
   -7.5000   37.5000   15.000011902.5508   14.5964
    0.0000   37.5000   15.000012403.0381   14.6068
    7.5000   37.5000   15.000011691.7197   14.6272
   -7.5000   45.0000   15.000010755.1680   14.7444
    0.0000   45.0000   15.000011208.8027   14.7562
    7.5000   45.0000   15.000010562.3018   14.7782
   -7.5000  -45.0000   22.500013330.5273   13.6173
    0.0000  -45.0000   22.500014002.9717   13.6286
    7.5000  -45.0000   22.500013271.8945   13.6478
   -7.5000  -37.5000   22.500013661.2178   13.7117
    0.0000  -37.5000   22.500014338.6045   13.7292
    7.5000  -37.5000   22.500013582.4922   13.7585
   -7.5000  -30.0000   22.500014466.8662   13.6167
    0.0000  -30.0000   22.500015150.0557   13.6368
    7.5000  -30.0000   22.500014342.3730   13.6721
   -7.5000  -22.5000   22.500015225.9170   13.5369
    0.0000  -22.5000   22.500016012.8955   13.5527
    7.5000  -22.5000   22.500015078.4277   13.5837
   -7.5000  -15.0000   22.500015829.3350   13.4631
    0.0000  -15.0000   22.500016715.5684   13.4725
    7.5000  -15.0000   22.500015656.4854   13.4942
   -7.5000   -7.5000   22.500016320.0498   13.3971
    0.0000   -7.5000   22.500017155.3457   13.4032
    7.5000   -7.5000   22.500016011.8330   13.4189
   -7.5000    0.0000   22.500016573.8184   13.3561
    0.0000    0.0000   22.500017293.5449   13.3643
    7.5000    0.0000   22.500016202.4551   13.3828
   -7.5000    7.5000   22.500015522.6709   13.5029
    0.0000    7.5000   22.500016149.1113   13.5176
    7.5000    7.5000   22.500015197.0967   13.5460
   -7.5000   15.0000   22.500014356.1680   13.7536
    0.0000   15.0000   22.500014926.8320   13.7723
    7.5000   15.0000   22.500014069.9375   13.8085
   -7.5000   22.5000   22.500013190.8525   14.0637
    0.0000   22.5000   22.500013737.7480   14.0807
    7.5000   22.5000   22.500012934.5576   14.1151
   -7.5000   30.0000   22.500012093.0654   14.2685
    0.0000   30.0000   22.500012606.3721   14.2781
    7.5000   30.0000   22.500011857.3115   14.3029
   -7.5000   37.5000   22.500011400.2100   14.6669
    0.0000   37.5000   22.500011884.0508   14.6764
    7.5000   37.5000   22.500011179.6504   14.6953
   -7.5000   45.0000   22.500010262.3877   14.8031
    0.0000   45.0000   22.500010692.0635   14.8141
    7.5000   45.0000   22.500010072.2812   14.8352
   -7.5000  -45.0000   30.000012671.8477   13.7509
    0.0000  -45.0000   30.000013317.0156   13.7577
    7.5000  -45.0000   30.000012586.5088   13.7768
   -7.5000  -37.5000   30.000013024.1797   13.8428
    0.0000  -37.5000   30.000013689.5195   13.8545
    7.5000  -37.5000   30.000012919.1572   13.8826
   -7.5000  -30.0000   30.000013805.2441   13.7496
    0.0000  -30.0000   30.000014468.3701   13.7634
    7.5000  -30.0000   30.000013666.6309   13.7960
   -7.5000  -22.5000   30.000014561.4814   13.6726
    0.0000  -22.5000   30.000015318.4482   13.6830
    7.5000  -22.5000   30.000014367.6094   13.7112
   -7.5000  -15.0000   30.000015167.7520   13.6008
    0.0000  -15.0000   30.000016008.3398   13.6059
    7.5000  -15.0000   30.000014932.4424   13.6259
   -7.5000   -7.5000   30.000015545.7656   13.5333
    0.0000   -7.5000   30.000016287.9941   13.5354
    7.5000   -7.5000   30.000015249.1387   13.5505
   -7.5000    0.0000   30.000015651.0684   13.4883
    0.0000    0.0000   30.000016282.3174   13.4922
    7.5000    0.0000   30.000015358.1963   13.5105
   -7.5000    7.5000   30.000014626.6924   13.6321
    0.0000    7.5000   30.000015184.7646   13.6411
    7.5000    7.5000   30.000014361.0889   13.6683
   -7.5000   15.0000   30.000013548.1504   13.8832
    0.0000   15.0000   30.000014067.0791   13.8956
    7.5000   15.0000   30.000013269.6973   13.9289
   -7.5000   22.5000   30.000012468.8887   14.1950
    0.0000   22.5000   30.000012956.6191   14.2060
    7.5000   22.5000   30.000012191.1602   14.2372
   -7.5000   30.0000   30.000011416.9775   14.3994
    0.0000   30.0000   30.000011861.4766   14.4044
    7.5000   30.0000   30.000011149.1377   14.4275
   -7.5000   37.5000   30.000010743.7148   14.7970
    0.0000   37.5000   30.000011171.6924   14.8019
    7.5000   37.5000   30.000010507.9170   14.8201
   -7.5000   45.0000   30.0000 9666.8564   14.9304
    0.0000   45.0000   30.000010068.1914   14.9356
    7.5000   45.0000   30.0000 9478.8311   14.9557
   -7.5000  -45.0000   37.500012437.7383   13.9628
    0.0000  -45.0000   37.500013040.7676   13.9664
    7.5000  -45.0000   37.500012293.6465   13.9875
   -7.5000  -37.5000   37.500012812.9189   14.0557
    0.0000  -37.5000   37.500013431.6816   14.0619
    7.5000  -37.5000   37.500012657.3828   14.0886
   -7.5000  -30.0000   37.500013597.2920   13.9616
    0.0000  -30.0000   37.500014248.2598   13.9689
    7.5000  -30.0000   37.500013446.8945   13.9970
   -7.5000  -22.5000   37.500014334.4209   13.8833
    0.0000  -22.5000   37.500015073.8867   13.8883
    7.5000  -22.5000   37.500014145.7061   13.9127
   -7.5000  -15.0000   37.500014925.8467   13.8101
    0.0000  -15.0000   37.500015704.9531   13.8116
    7.5000  -15.0000   37.500014681.8291   13.8312
   -7.5000   -7.5000   37.500015176.4277   13.7420
    0.0000   -7.5000   37.500015848.8086   13.7416
    7.5000   -7.5000   37.500014929.7783   13.7589
   -7.5000    0.0000   37.500015217.0576   13.6964
    0.0000    0.0000   37.500015817.4697   13.6971
    7.5000    0.0000   37.500014972.1094   13.7173
   -7.5000    7.5000   37.500014229.1084   13.8409
    0.0000    7.5000   37.500014787.8613   13.8446
    7.5000    7.5000   37.500013972.4170   13.8704
   -7.5000   15.0000   37.500013192.9805   14.0933
    0.0000   15.0000   37.500013709.8701   14.0988
    7.5000   15.0000   37.500012907.4121   14.1274
   -7.5000   22.5000   37.500012147.2051   14.4061
    0.0000   22.5000   37.500012630.9707   14.4106
    7.5000   22.5000   37.500011873.7168   14.4375
   -7.5000   30.0000   37.500011104.4980   14.6111
    0.0000   30.0000   37.500011553.4268   14.6125
    7.5000   30.0000   37.500010860.0850   14.6352
   -7.5000   37.5000   37.500010435.2568   15.0176
    0.0000   37.5000   37.500010873.3955   15.0186
    7.5000   37.5000   37.500010212.8857   15.0377
   -7.5000   45.0000   37.5000 9391.6113   15.1587
    0.0000   45.0000   37.5000 9790.5000   15.1591
    7.5000   45.0000   37.5000 9221.2119   15.1792
   -7.5000  -45.0000   45.000011578.7051   14.1321
    0.0000  -45.0000   45.000012117.8936   14.1389
    7.5000  -45.0000   45.000011404.4404   14.1632
   -7.5000  -37.5000   45.000011924.8984   14.2271
    0.0000  -37.5000   45.000012477.2549   14.2355
    7.5000  -37.5000   45.000011755.7354   14.2636
   -7.5000  -30.0000   45.000012660.4189   14.1291
    0.0000  -30.0000   45.000013224.3369   14.1380
    7.5000  -30.0000   45.000012488.5127   14.1661
   -7.5000  -22.5000   45.000013318.2627   14.0450
    0.0000  -22.5000   45.000013989.0684   14.0521
    7.5000  -22.5000   45.000013157.0488   14.0774
   -7.5000  -15.0000   45.000013838.0400   13.9680
    0.0000  -15.0000   45.000014509.9453   13.9726
    7.5000  -15.0000   45.000013642.2236   13.9946
   -7.5000   -7.5000   45.000014031.1318   13.9031
    0.0000   -7.5000   45.000014624.7939   13.9063
    7.5000   -7.5000   45.000013827.5479   13.9270
   -7.5000    0.0000   45.000014083.8037   13.8628
    0.0000    0.0000   45.000014643.4795   13.8665
    7.5000    0.0000   45.000013859.3564   13.8896
   -7.5000    7.5000   45.000013158.0195   14.0094
    0.0000    7.5000   45.000013689.8564   14.0152
    7.5000    7.5000   45.000012914.7441   14.0422
   -7.5000   15.0000   45.000012190.1982   14.2592
    0.0000   15.0000   45.000012662.5430   14.2663
    7.5000   15.0000   45.000011935.9736   14.2949
   -7.5000   22.5000   45.000011227.9922   14.5688
    0.0000   22.5000   45.000011664.3672   14.5751
    7.5000   22.5000   45.000010995.0156   14.6027
   -7.5000   30.0000   45.000010274.4297   14.7739
    0.0000   30.0000   45.000010685.2324   14.7788
    7.5000   30.0000   45.000010074.8623   14.8043
   -7.5000   37.5000   45.0000 9662.0957   15.1931
    0.0000   37.5000   45.000010059.7949   15.1974
    7.5000   37.5000   45.0000 9480.8965   15.2195
   -7.5000   45.0000   45.0000 8700.1250   15.3544
    0.0000   45.0000   45.0000 9064.1465   15.3576
    7.5000   45.0000   45.0000 8570.2168   15.3801

---------------------------------------------------------------------
imgreg_4dfp /opt/freesurfer/average/711-2C_as_mni_average_305 /opt/freesurfer/average/711-2B_as_mni_average_305_mask talsrcimg_g11 none talsrcimg_to_711-2C_as_mni_average_305_t4 4355
---------------------------------------------------------------------

freesurfer imgreg_4dfp.c
/opt/freesurfer/average/711-2C_as_mni_average_305.4dfp.img
       256       256       256         1
  1.000000  1.000000  1.000000
orientation T byte_order littleendian
Reading image: /opt/freesurfer/average/711-2C_as_mni_average_305.4dfp.img
dimensions:      256       256       256
mmppix:       1.0000   -1.0000   -1.0000
center:     128.0000 -129.0000 -129.0000
/opt/freesurfer/average/711-2B_as_mni_average_305_mask.4dfp.img
       256       256       256         1
  1.000000  1.000000  1.000000
orientation T byte_order littleendian
Reading mask: /opt/freesurfer/average/711-2B_as_mni_average_305_mask.4dfp.img (2306576 pixels)
talsrcimg_g11.4dfp.img
       256       256       256         1
  1.000000  1.000000  1.000000
orientation T byte_order littleendian
Reading image: talsrcimg_g11.4dfp.img
dimensions:      256       256       256
mmppix:       1.0000   -1.0000   -1.0000
center:     128.0000 -129.0000 -129.0000
rotation matrix determinant  1.000000
image alignment mode   4355 decimal     1103 hex
   -7.5000  -45.0000  -45.0000 2437.0503   17.0962
    0.0000  -45.0000  -45.0000 2450.9360   17.0656
    7.5000  -45.0000  -45.0000 2435.3967   17.1292
   -7.5000  -37.5000  -45.0000 2452.6138   16.5918
    0.0000  -37.5000  -45.0000 2468.5513   16.5744
    7.5000  -37.5000  -45.0000 2449.0879   16.6707
   -7.5000  -30.0000  -45.0000 2459.8213   16.2721
    0.0000  -30.0000  -45.0000 2476.8777   16.2404
    7.5000  -30.0000  -45.0000 2457.4419   16.3516
   -7.5000  -22.5000  -45.0000 2462.6567   16.2223
    0.0000  -22.5000  -45.0000 2477.7454   16.1721
    7.5000  -22.5000  -45.0000 2459.8208   16.2510
   -7.5000  -15.0000  -45.0000 2445.6753   16.4429
    0.0000  -15.0000  -45.0000 2460.6338   16.3920
    7.5000  -15.0000  -45.0000 2445.8372   16.4657
   -7.5000   -7.5000  -45.0000 2415.8315   16.8403
    0.0000   -7.5000  -45.0000 2433.3213   16.7881
    7.5000   -7.5000  -45.0000 2417.5928   16.8790
   -7.5000    0.0000  -45.0000 2373.8298   17.4753
    0.0000    0.0000  -45.0000 2391.6560   17.3924
    7.5000    0.0000  -45.0000 2373.7708   17.5160
   -7.5000    7.5000  -45.0000 2322.6838   18.3198
    0.0000    7.5000  -45.0000 2337.9683   18.2577
    7.5000    7.5000  -45.0000 2318.9124   18.4009
   -7.5000   15.0000  -45.0000 2258.1279   19.4738
    0.0000   15.0000  -45.0000 2272.0396   19.4275
    7.5000   15.0000  -45.0000 2254.7981   19.5416
   -7.5000   22.5000  -45.0000 2191.4155   21.0235
    0.0000   22.5000  -45.0000 2198.4648   20.9789
    7.5000   22.5000  -45.0000 2188.3794   21.0865
   -7.5000   30.0000  -45.0000 2107.2603   22.9406
    0.0000   30.0000  -45.0000 2114.8118   22.8956
    7.5000   30.0000  -45.0000 2105.1313   23.0522
   -7.5000   37.5000  -45.0000 2019.1327   25.4863
    0.0000   37.5000  -45.0000 2029.9235   25.3336
    7.5000   37.5000  -45.0000 2016.5902   25.6245
   -7.5000   45.0000  -45.0000 1917.2471   28.8716
    0.0000   45.0000  -45.0000 1927.0385   28.6697
    7.5000   45.0000  -45.0000 1915.8857   28.9724
   -7.5000  -45.0000  -37.5000 2509.6257   15.9370
    0.0000  -45.0000  -37.5000 2521.7107   15.8864
    7.5000  -45.0000  -37.5000 2508.1768   15.9750
   -7.5000  -37.5000  -37.5000 2531.6350   15.4955
    0.0000  -37.5000  -37.5000 2548.6074   15.4188
    7.5000  -37.5000  -37.5000 2530.0898   15.5412
   -7.5000  -30.0000  -37.5000 2546.2517   15.1836
    0.0000  -30.0000  -37.5000 2562.5110   15.1061
    7.5000  -30.0000  -37.5000 2542.9141   15.2539
   -7.5000  -22.5000  -37.5000 2551.0063   15.0864
    0.0000  -22.5000  -37.5000 2565.1638   15.0099
    7.5000  -22.5000  -37.5000 2545.9644   15.1442
   -7.5000  -15.0000  -37.5000 2538.3000   15.2322
    0.0000  -15.0000  -37.5000 2551.2012   15.1393
    7.5000  -15.0000  -37.5000 2533.3733   15.2812
   -7.5000   -7.5000  -37.5000 2508.4089   15.5357
    0.0000   -7.5000  -37.5000 2524.5415   15.4537
    7.5000   -7.5000  -37.5000 2510.0986   15.5882
   -7.5000    0.0000  -37.5000 2466.8054   16.1035
    0.0000    0.0000  -37.5000 2483.8530   16.0098
    7.5000    0.0000  -37.5000 2464.4578   16.1677
   -7.5000    7.5000  -37.5000 2409.8032   16.8373
    0.0000    7.5000  -37.5000 2427.7527   16.7897
    7.5000    7.5000  -37.5000 2407.3711   16.9156
   -7.5000   15.0000  -37.5000 2342.7754   17.8583
    0.0000   15.0000  -37.5000 2362.3757   17.8208
    7.5000   15.0000  -37.5000 2340.1411   17.9582
   -7.5000   22.5000  -37.5000 2272.4661   19.2510
    0.0000   22.5000  -37.5000 2286.1826   19.2160
    7.5000   22.5000  -37.5000 2267.3521   19.3513
   -7.5000   30.0000  -37.5000 2186.2610   20.9650
    0.0000   30.0000  -37.5000 2197.0120   20.9464
    7.5000   30.0000  -37.5000 2179.3015   21.0910
   -7.5000   37.5000  -37.5000 2096.4456   23.2869
    0.0000   37.5000  -37.5000 2108.1079   23.2099
    7.5000   37.5000  -37.5000 2089.1392   23.4299
   -7.5000   45.0000  -37.5000 1984.4302   26.3425
    0.0000   45.0000  -37.5000 1992.3357   26.2370
    7.5000   45.0000  -37.5000 1985.9751   26.4599
   -7.5000  -45.0000  -30.0000 2641.1160   15.3544
    0.0000  -45.0000  -30.0000 2653.6729   15.2524
    7.5000  -45.0000  -30.0000 2638.4653   15.3828
   -7.5000  -37.5000  -30.0000 2667.0281   14.9232
    0.0000  -37.5000  -30.0000 2681.9373   14.8119
    7.5000  -37.5000  -30.0000 2664.5574   14.9858
   -7.5000  -30.0000  -30.0000 2678.3101   14.6679
    0.0000  -30.0000  -30.0000 2694.0566   14.5598
    7.5000  -30.0000  -30.0000 2677.2202   14.7317
   -7.5000  -22.5000  -30.0000 2687.8008   14.5215
    0.0000  -22.5000  -30.0000 2704.0405   14.4087
    7.5000  -22.5000  -30.0000 2684.4045   14.5817
   -7.5000  -15.0000  -30.0000 2680.7737   14.5871
    0.0000  -15.0000  -30.0000 2693.2329   14.4721
    7.5000  -15.0000  -30.0000 2672.9529   14.6351
   -7.5000   -7.5000  -30.0000 2656.5530   14.8276
    0.0000   -7.5000  -30.0000 2669.4417   14.7340
    7.5000   -7.5000  -30.0000 2650.7751   14.8906
   -7.5000    0.0000  -30.0000 2611.6211   15.3202
    0.0000    0.0000  -30.0000 2624.9089   15.2259
    7.5000    0.0000  -30.0000 2606.7883   15.4001
   -7.5000    7.5000  -30.0000 2551.5601   15.9835
    0.0000    7.5000  -30.0000 2568.3491   15.9280
    7.5000    7.5000  -30.0000 2545.9663   16.0791
   -7.5000   15.0000  -30.0000 2480.4131   16.9389
    0.0000   15.0000  -30.0000 2497.4109   16.8725
    7.5000   15.0000  -30.0000 2476.9036   17.0531
   -7.5000   22.5000  -30.0000 2401.9255   18.2167
    0.0000   22.5000  -30.0000 2416.5522   18.1481
    7.5000   22.5000  -30.0000 2396.8325   18.3209
   -7.5000   30.0000  -30.0000 2312.2065   19.8333
    0.0000   30.0000  -30.0000 2321.7437   19.7937
    7.5000   30.0000  -30.0000 2303.6597   19.9599
   -7.5000   37.5000  -30.0000 2212.0005   22.0007
    0.0000   37.5000  -30.0000 2227.4158   21.9577
    7.5000   37.5000  -30.0000 2202.4780   22.0825
   -7.5000   45.0000  -30.0000 2095.8420   24.8037
    0.0000   45.0000  -30.0000 2112.2717   24.7877
    7.5000   45.0000  -30.0000 2095.9172   24.9036
   -7.5000  -45.0000  -22.5000 2746.0227   14.7781
    0.0000  -45.0000  -22.5000 2758.6912   14.6519
    7.5000  -45.0000  -22.5000 2743.8008   14.7896
   -7.5000  -37.5000  -22.5000 2769.7510   14.3848
    0.0000  -37.5000  -22.5000 2783.2393   14.2601
    7.5000  -37.5000  -22.5000 2766.2849   14.4330
   -7.5000  -30.0000  -22.5000 2779.6479   14.1020
    0.0000  -30.0000  -22.5000 2794.7520   13.9781
    7.5000  -30.0000  -22.5000 2779.5479   14.1694
   -7.5000  -22.5000  -22.5000 2790.6743   13.9183
    0.0000  -22.5000  -22.5000 2806.1838   13.7904
    7.5000  -22.5000  -22.5000 2786.3325   13.9927
   -7.5000  -15.0000  -22.5000 2787.1804   13.9146
    0.0000  -15.0000  -22.5000 2800.4683   13.7825
    7.5000  -15.0000  -22.5000 2782.4839   13.9665
   -7.5000   -7.5000  -22.5000 2770.3872   14.1097
    0.0000   -7.5000  -22.5000 2781.0454   13.9820
    7.5000   -7.5000  -22.5000 2760.8652   14.1782
   -7.5000    0.0000  -22.5000 2726.5591   14.5103
    0.0000    0.0000  -22.5000 2736.6545   14.4065
    7.5000    0.0000  -22.5000 2721.9873   14.5777
   -7.5000    7.5000  -22.5000 2667.8176   15.1124
    0.0000    7.5000  -22.5000 2678.7527   15.0194
    7.5000    7.5000  -22.5000 2662.0481   15.1784
   -7.5000   15.0000  -22.5000 2590.7109   16.0078
    0.0000   15.0000  -22.5000 2604.2908   15.8987
    7.5000   15.0000  -22.5000 2587.6301   16.0870
   -7.5000   22.5000  -22.5000 2508.0374   17.1937
    0.0000   22.5000  -22.5000 2519.8889   17.1004
    7.5000   22.5000  -22.5000 2502.9873   17.2914
   -7.5000   30.0000  -22.5000 2413.1138   18.7222
    0.0000   30.0000  -22.5000 2423.2812   18.6365
    7.5000   30.0000  -22.5000 2406.4512   18.8294
   -7.5000   37.5000  -22.5000 2305.0286   20.7074
    0.0000   37.5000  -22.5000 2319.6365   20.6358
    7.5000   37.5000  -22.5000 2296.1492   20.7872
   -7.5000   45.0000  -22.5000 2187.0664   23.3349
    0.0000   45.0000  -22.5000 2206.5339   23.2589
    7.5000   45.0000  -22.5000 2184.6760   23.3848
   -7.5000  -45.0000  -15.0000 2813.4104   14.2635
    0.0000  -45.0000  -15.0000 2827.2402   14.1286
    7.5000  -45.0000  -15.0000 2811.2927   14.2682
   -7.5000  -37.5000  -15.0000 2838.7595   13.8491
    0.0000  -37.5000  -15.0000 2851.4766   13.7346
    7.5000  -37.5000  -15.0000 2835.6318   13.9016
   -7.5000  -30.0000  -15.0000 2848.9175   13.5572
    0.0000  -30.0000  -15.0000 2865.5061   13.4554
    7.5000  -30.0000  -15.0000 2848.4993   13.6405
   -7.5000  -22.5000  -15.0000 2858.5259   13.3811
    0.0000  -22.5000  -15.0000 2875.4351   13.2238
    7.5000  -22.5000  -15.0000 2855.6692   13.4412
   -7.5000  -15.0000  -15.0000 2857.6826   13.2836
    0.0000  -15.0000  -15.0000 2869.0537   13.1507
    7.5000  -15.0000  -15.0000 2854.7627   13.3756
   -7.5000   -7.5000  -15.0000 2845.4780   13.4599
    0.0000   -7.5000  -15.0000 2860.8623   13.3035
    7.5000   -7.5000  -15.0000 2841.6191   13.5250
   -7.5000    0.0000  -15.0000 2806.7356   13.8194
    0.0000    0.0000  -15.0000 2818.1409   13.6776
    7.5000    0.0000  -15.0000 2804.5129   13.8624
   -7.5000    7.5000  -15.0000 2750.9749   14.3852
    0.0000    7.5000  -15.0000 2765.5762   14.2472
    7.5000    7.5000  -15.0000 2746.3191   14.4237
   -7.5000   15.0000  -15.0000 2674.6377   15.1928
    0.0000   15.0000  -15.0000 2689.7007   15.0658
    7.5000   15.0000  -15.0000 2668.3892   15.2738
   -7.5000   22.5000  -15.0000 2587.8308   16.2758
    0.0000   22.5000  -15.0000 2603.3569   16.1569
    7.5000   22.5000  -15.0000 2583.2646   16.3705
   -7.5000   30.0000  -15.0000 2491.5623   17.7196
    0.0000   30.0000  -15.0000 2502.9614   17.6074
    7.5000   30.0000  -15.0000 2483.2744   17.8058
   -7.5000   37.5000  -15.0000 2372.4624   19.5662
    0.0000   37.5000  -15.0000 2385.4468   19.4509
    7.5000   37.5000  -15.0000 2367.7000   19.6592
   -7.5000   45.0000  -15.0000 2253.4390   21.9810
    0.0000   45.0000  -15.0000 2272.1138   21.8900
    7.5000   45.0000  -15.0000 2250.3093   22.0680
   -7.5000  -45.0000   -7.5000 2857.9128   13.8029
    0.0000  -45.0000   -7.5000 2867.3086   13.6746
    7.5000  -45.0000   -7.5000 2853.7158   13.7431
   -7.5000  -37.5000   -7.5000 2878.6335   13.3933
    0.0000  -37.5000   -7.5000 2889.2307   13.3021
    7.5000  -37.5000   -7.5000 2874.6877   13.4101
   -7.5000  -30.0000   -7.5000 2894.8567   13.0893
    0.0000  -30.0000   -7.5000 2906.4001   12.9940
    7.5000  -30.0000   -7.5000 2894.1736   13.1314
   -7.5000  -22.5000   -7.5000 2901.6802   12.8869
    0.0000  -22.5000   -7.5000 2916.5557   12.7403
    7.5000  -22.5000   -7.5000 2901.3503   12.9241
   -7.5000  -15.0000   -7.5000 2903.6340   12.7498
    0.0000  -15.0000   -7.5000 2913.0515   12.6047
    7.5000  -15.0000   -7.5000 2898.2039   12.8498
   -7.5000   -7.5000   -7.5000 2897.7566   12.8971
    0.0000   -7.5000   -7.5000 2913.9126   12.7203
    7.5000   -7.5000   -7.5000 2893.0071   12.9660
   -7.5000    0.0000   -7.5000 2863.4353   13.2003
    0.0000    0.0000   -7.5000 2879.4836   13.0493
    7.5000    0.0000   -7.5000 2856.4941   13.2592
   -7.5000    7.5000   -7.5000 2811.8599   13.7493
    0.0000    7.5000   -7.5000 2830.7070   13.6172
    7.5000    7.5000   -7.5000 2807.5725   13.7864
   -7.5000   15.0000   -7.5000 2737.4153   14.4840
    0.0000   15.0000   -7.5000 2755.1746   14.3658
    7.5000   15.0000   -7.5000 2734.3584   14.5410
   -7.5000   22.5000   -7.5000 2653.1577   15.4963
    0.0000   22.5000   -7.5000 2668.4880   15.3908
    7.5000   22.5000   -7.5000 2648.4878   15.5717
   -7.5000   30.0000   -7.5000 2548.4829   16.8555
    0.0000   30.0000   -7.5000 2563.2283   16.7594
    7.5000   30.0000   -7.5000 2544.9163   16.9324
   -7.5000   37.5000   -7.5000 2426.7480   18.6312
    0.0000   37.5000   -7.5000 2442.5293   18.4981
    7.5000   37.5000   -7.5000 2424.8513   18.6898
   -7.5000   45.0000   -7.5000 2303.1548   20.8659
    0.0000   45.0000   -7.5000 2323.9473   20.7322
    7.5000   45.0000   -7.5000 2301.9893   20.9495
   -7.5000  -45.0000    0.0000 2876.6785   13.3840
    0.0000  -45.0000    0.0000 2889.9106   13.3023
    7.5000  -45.0000    0.0000 2878.1758   13.3931
   -7.5000  -37.5000    0.0000 2898.0054   13.0314
    0.0000  -37.5000    0.0000 2913.8704   12.9561
    7.5000  -37.5000    0.0000 2897.9314   13.0292
   -7.5000  -30.0000    0.0000 2916.4504   12.7771
    0.0000  -30.0000    0.0000 2933.6243   12.7131
    7.5000  -30.0000    0.0000 2916.9583   12.7781
   -7.5000  -22.5000    0.0000 2925.1350   12.6113
    0.0000  -22.5000    0.0000 2945.4812   12.5472
    7.5000  -22.5000    0.0000 2927.4731   12.6087
   -7.5000  -15.0000    0.0000 2931.4265   12.4241
    0.0000  -15.0000    0.0000 2944.7036   12.3393
    7.5000  -15.0000    0.0000 2925.0632   12.4684
   -7.5000   -7.5000    0.0000 2933.1489   12.4704
    0.0000   -7.5000    0.0000 2948.6064   12.3762
    7.5000   -7.5000    0.0000 2923.5852   12.5115
   -7.5000    0.0000    0.0000 2899.6807   12.7328
    0.0000    0.0000    0.0000 2924.0193   12.6372
    7.5000    0.0000    0.0000 2891.8135   12.7706
   -7.5000    7.5000    0.0000 2854.1245   13.2414
    0.0000    7.5000    0.0000 2878.6736   13.1701
    7.5000    7.5000    0.0000 2845.3650   13.2808
   -7.5000   15.0000    0.0000 2782.1523   13.9735
    0.0000   15.0000    0.0000 2806.0918   13.9003
    7.5000   15.0000    0.0000 2781.7656   14.0005
   -7.5000   22.5000    0.0000 2700.3220   14.9502
    0.0000   22.5000    0.0000 2718.9006   14.8714
    7.5000   22.5000    0.0000 2697.7798   14.9952
   -7.5000   30.0000    0.0000 2595.6287   16.2714
    0.0000   30.0000    0.0000 2612.4346   16.1971
    7.5000   30.0000    0.0000 2596.1323   16.3365
   -7.5000   37.5000    0.0000 2474.4944   17.9775
    0.0000   37.5000    0.0000 2491.3264   17.8642
    7.5000   37.5000    0.0000 2473.6948   18.0208
   -7.5000   45.0000    0.0000 2348.2048   20.1193
    0.0000   45.0000    0.0000 2361.9976   19.9914
    7.5000   45.0000    0.0000 2342.7366   20.1910
   -7.5000  -45.0000    7.5000 2879.0469   13.0915
    0.0000  -45.0000    7.5000 2896.4866   13.0218
    7.5000  -45.0000    7.5000 2885.0386   13.1166
   -7.5000  -37.5000    7.5000 2899.7158   12.7623
    0.0000  -37.5000    7.5000 2917.1196   12.7307
    7.5000  -37.5000    7.5000 2902.6187   12.7679
   -7.5000  -30.0000    7.5000 2923.5723   12.5749
    0.0000  -30.0000    7.5000 2945.0686   12.5899
    7.5000  -30.0000    7.5000 2922.2434   12.5429
   -7.5000  -22.5000    7.5000 2937.2043   12.4895
    0.0000  -22.5000    7.5000 2965.0491   12.5491
    7.5000  -22.5000    7.5000 2936.6855   12.4036
   -7.5000  -15.0000    7.5000 2949.1042   12.2959
    0.0000  -15.0000    7.5000 2974.4221   12.3189
    7.5000  -15.0000    7.5000 2939.6152   12.2487
   -7.5000   -7.5000    7.5000 2951.2615   12.2450
    0.0000   -7.5000    7.5000 2972.8560   12.2308
    7.5000   -7.5000    7.5000 2940.6824   12.2448
   -7.5000    0.0000    7.5000 2926.5098   12.4336
    0.0000    0.0000    7.5000 2948.9685   12.4206
    7.5000    0.0000    7.5000 2912.2529   12.4765
   -7.5000    7.5000    7.5000 2887.3704   12.9120
    0.0000    7.5000    7.5000 2905.8662   12.8577
    7.5000    7.5000    7.5000 2872.7896   12.9591
   -7.5000   15.0000    7.5000 2819.4688   13.6501
    0.0000   15.0000    7.5000 2835.2842   13.5751
    7.5000   15.0000    7.5000 2811.6411   13.6843
   -7.5000   22.5000    7.5000 2735.6196   14.6194
    0.0000   22.5000    7.5000 2750.6736   14.5348
    7.5000   22.5000    7.5000 2732.8921   14.6768
   -7.5000   30.0000    7.5000 2632.7075   15.9120
    0.0000   30.0000    7.5000 2649.8325   15.8206
    7.5000   30.0000    7.5000 2632.3201   15.9739
   -7.5000   37.5000    7.5000 2516.7874   17.5584
    0.0000   37.5000    7.5000 2532.8792   17.4784
    7.5000   37.5000    7.5000 2512.3647   17.6022
   -7.5000   45.0000    7.5000 2383.8145   19.6481
    0.0000   45.0000    7.5000 2395.6057   19.6063
    7.5000   45.0000    7.5000 2373.6462   19.7320
   -7.5000  -45.0000   15.0000 2864.2874   12.9682
    0.0000  -45.0000   15.0000 2883.3782   12.9635
    7.5000  -45.0000   15.0000 2866.1060   13.0119
   -7.5000  -37.5000   15.0000 2884.3030   12.6110
    0.0000  -37.5000   15.0000 2899.5149   12.6367
    7.5000  -37.5000   15.0000 2883.3257   12.6401
   -7.5000  -30.0000   15.0000 2911.3938   12.4170
    0.0000  -30.0000   15.0000 2926.0981   12.4506
    7.5000  -30.0000   15.0000 2907.0034   12.4071
   -7.5000  -22.5000   15.0000 2937.7915   12.3734
    0.0000  -22.5000   15.0000 2955.8062   12.4265
    7.5000  -22.5000   15.0000 2935.6570   12.3177
   -7.5000  -15.0000   15.0000 2951.9348   12.2828
    0.0000  -15.0000   15.0000 2976.6038   12.3325
    7.5000  -15.0000   15.0000 2945.2996   12.2353
   -7.5000   -7.5000   15.0000 2958.8015   12.2535
    0.0000   -7.5000   15.0000 2982.5059   12.2700
    7.5000   -7.5000   15.0000 2942.4236   12.2510
   -7.5000    0.0000   15.0000 2938.1738   12.4273
    0.0000    0.0000   15.0000 2957.2380   12.4138
    7.5000    0.0000   15.0000 2920.3296   12.4689
   -7.5000    7.5000   15.0000 2900.9282   12.8757
    0.0000    7.5000   15.0000 2915.7625   12.8084
    7.5000    7.5000   15.0000 2883.4570   12.9204
   -7.5000   15.0000   15.0000 2833.4260   13.5888
    0.0000   15.0000   15.0000 2844.9148   13.4869
    7.5000   15.0000   15.0000 2824.2991   13.6199
   -7.5000   22.5000   15.0000 2751.7124   14.5237
    0.0000   22.5000   15.0000 2765.2114   14.4077
    7.5000   22.5000   15.0000 2746.2861   14.5748
   -7.5000   30.0000   15.0000 2653.2131   15.7629
    0.0000   30.0000   15.0000 2668.9250   15.6433
    7.5000   30.0000   15.0000 2649.1030   15.8140
   -7.5000   37.5000   15.0000 2540.9475   17.3258
    0.0000   37.5000   15.0000 2555.1423   17.2484
    7.5000   37.5000   15.0000 2532.4910   17.3941
   -7.5000   45.0000   15.0000 2400.9338   19.3759
    0.0000   45.0000   15.0000 2411.5837   19.3380
    7.5000   45.0000   15.0000 2392.4634   19.4683
   -7.5000  -45.0000   22.5000 2839.1267   13.0435
    0.0000  -45.0000   22.5000 2853.5322   13.0485
    7.5000  -45.0000   22.5000 2844.6475   13.0794
   -7.5000  -37.5000   22.5000 2861.8264   12.6213
    0.0000  -37.5000   22.5000 2880.4895   12.6553
    7.5000  -37.5000   22.5000 2868.7527   12.6611
   -7.5000  -30.0000   22.5000 2894.5701   12.3778
    0.0000  -30.0000   22.5000 2913.0510   12.3774
    7.5000  -30.0000   22.5000 2896.9365   12.4039
   -7.5000  -22.5000   22.5000 2930.3325   12.2962
    0.0000  -22.5000   22.5000 2948.5007   12.2925
    7.5000  -22.5000   22.5000 2929.4851   12.3061
   -7.5000  -15.0000   22.5000 2949.6494   12.3032
    0.0000  -15.0000   22.5000 2974.4187   12.3010
    7.5000  -15.0000   22.5000 2946.8997   12.2693
   -7.5000   -7.5000   22.5000 2954.2515   12.3453
    0.0000   -7.5000   22.5000 2979.2085   12.2944
    7.5000   -7.5000   22.5000 2939.3938   12.3362
   -7.5000    0.0000   22.5000 2935.0176   12.5533
    0.0000    0.0000   22.5000 2953.5571   12.4586
    7.5000    0.0000   22.5000 2920.4734   12.5671
   -7.5000    7.5000   22.5000 2897.4124   12.9771
    0.0000    7.5000   22.5000 2911.8657   12.8774
    7.5000    7.5000   22.5000 2884.6790   13.0411
   -7.5000   15.0000   22.5000 2837.7817   13.6709
    0.0000   15.0000   22.5000 2845.9592   13.5561
    7.5000   15.0000   22.5000 2821.2480   13.7466
   -7.5000   22.5000   22.5000 2751.1763   14.6220
    0.0000   22.5000   22.5000 2759.7444   14.5058
    7.5000   22.5000   22.5000 2738.6047   14.7092
   -7.5000   30.0000   22.5000 2652.3984   15.8414
    0.0000   30.0000   22.5000 2662.1052   15.7393
    7.5000   30.0000   22.5000 2644.5964   15.8964
   -7.5000   37.5000   22.5000 2542.2729   17.3490
    0.0000   37.5000   22.5000 2552.4565   17.2495
    7.5000   37.5000   22.5000 2535.1213   17.3544
   -7.5000   45.0000   22.5000 2407.6365   19.2957
    0.0000   45.0000   22.5000 2415.6125   19.2205
    7.5000   45.0000   22.5000 2398.1853   19.3128
   -7.5000  -45.0000   30.0000 2803.3198   13.2897
    0.0000  -45.0000   30.0000 2816.5813   13.2779
    7.5000  -45.0000   30.0000 2807.7881   13.3075
   -7.5000  -37.5000   30.0000 2832.7935   12.8336
    0.0000  -37.5000   30.0000 2848.6582   12.8604
    7.5000  -37.5000   30.0000 2839.8293   12.8771
   -7.5000  -30.0000   30.0000 2867.6440   12.5579
    0.0000  -30.0000   30.0000 2883.8308   12.5584
    7.5000  -30.0000   30.0000 2868.5315   12.5998
   -7.5000  -22.5000   30.0000 2909.0674   12.4667
    0.0000  -22.5000   30.0000 2924.1990   12.4599
    7.5000  -22.5000   30.0000 2901.3000   12.4919
   -7.5000  -15.0000   30.0000 2933.2861   12.4737
    0.0000  -15.0000   30.0000 2960.7283   12.4640
    7.5000  -15.0000   30.0000 2928.8716   12.4494
   -7.5000   -7.5000   30.0000 2941.5010   12.4916
    0.0000   -7.5000   30.0000 2965.5740   12.4079
    7.5000   -7.5000   30.0000 2923.7690   12.4957
   -7.5000    0.0000   30.0000 2918.7375   12.6901
    0.0000    0.0000   30.0000 2932.0767   12.5522
    7.5000    0.0000   30.0000 2903.1443   12.7229
   -7.5000    7.5000   30.0000 2885.1580   13.1192
    0.0000    7.5000   30.0000 2895.3918   12.9785
    7.5000    7.5000   30.0000 2869.0789   13.2202
   -7.5000   15.0000   30.0000 2827.6533   13.8472
    0.0000   15.0000   30.0000 2833.9851   13.7234
    7.5000   15.0000   30.0000 2809.0398   13.9707
   -7.5000   22.5000   30.0000 2742.5615   14.8468
    0.0000   22.5000   30.0000 2751.0889   14.7313
    7.5000   22.5000   30.0000 2725.9019   14.9443
   -7.5000   30.0000   30.0000 2637.2078   16.0984
    0.0000   30.0000   30.0000 2645.9629   15.9692
    7.5000   30.0000   30.0000 2626.2878   16.1391
   -7.5000   37.5000   30.0000 2524.2583   17.5952
    0.0000   37.5000   30.0000 2534.4871   17.4878
    7.5000   37.5000   30.0000 2516.7705   17.5861
   -7.5000   45.0000   30.0000 2394.5737   19.4625
    0.0000   45.0000   30.0000 2402.3630   19.3558
    7.5000   45.0000   30.0000 2381.0867   19.4319
   -7.5000  -45.0000   37.5000 2758.8071   13.6710
    0.0000  -45.0000   37.5000 2767.4663   13.6729
    7.5000  -45.0000   37.5000 2759.2859   13.7252
   -7.5000  -37.5000   37.5000 2790.7075   13.2064
    0.0000  -37.5000   37.5000 2806.0994   13.1980
    7.5000  -37.5000   37.5000 2793.4885   13.2749
   -7.5000  -30.0000   37.5000 2830.9739   12.9180
    0.0000  -30.0000   37.5000 2848.0608   12.9098
    7.5000  -30.0000   37.5000 2830.9150   13.0009
   -7.5000  -22.5000   37.5000 2871.3948   12.8256
    0.0000  -22.5000   37.5000 2888.2021   12.8353
    7.5000  -22.5000   37.5000 2863.7432   12.9048
   -7.5000  -15.0000   37.5000 2898.2234   12.8457
    0.0000  -15.0000   37.5000 2924.2629   12.8293
    7.5000  -15.0000   37.5000 2886.7751   12.8804
   -7.5000   -7.5000   37.5000 2900.9849   12.8247
    0.0000   -7.5000   37.5000 2920.9700   12.7194
    7.5000   -7.5000   37.5000 2883.2451   12.8986
   -7.5000    0.0000   37.5000 2882.0454   12.9767
    0.0000    0.0000   37.5000 2893.7876   12.8375
    7.5000    0.0000   37.5000 2863.7385   13.0925
   -7.5000    7.5000   37.5000 2854.9880   13.4673
    0.0000    7.5000   37.5000 2864.7771   13.3280
    7.5000    7.5000   37.5000 2836.2192   13.6012
   -7.5000   15.0000   37.5000 2798.7944   14.2281
    0.0000   15.0000   37.5000 2805.8884   14.1088
    7.5000   15.0000   37.5000 2779.8875   14.3653
   -7.5000   22.5000   37.5000 2718.5823   15.2259
    0.0000   22.5000   37.5000 2726.7576   15.1187
    7.5000   22.5000   37.5000 2702.0093   15.3392
   -7.5000   30.0000   37.5000 2612.4639   16.4749
    0.0000   30.0000   37.5000 2622.0518   16.3712
    7.5000   30.0000   37.5000 2604.1052   16.5672
   -7.5000   37.5000   37.5000 2496.3367   17.9584
    0.0000   37.5000   37.5000 2509.7834   17.8654
    7.5000   37.5000   37.5000 2489.3765   17.9961
   -7.5000   45.0000   37.5000 2364.6091   19.8083
    0.0000   45.0000   37.5000 2374.2197   19.7394
    7.5000   45.0000   37.5000 2357.3271   19.8160
   -7.5000  -45.0000   45.0000 2708.7847   14.1765
    0.0000  -45.0000   45.0000 2715.4138   14.1530
    7.5000  -45.0000   45.0000 2706.0957   14.2573
   -7.5000  -37.5000   45.0000 2739.9297   13.7166
    0.0000  -37.5000   45.0000 2751.0930   13.6774
    7.5000  -37.5000   45.0000 2740.2595   13.8195
   -7.5000  -30.0000   45.0000 2776.3921   13.4178
    0.0000  -30.0000   45.0000 2789.3938   13.3894
    7.5000  -30.0000   45.0000 2774.1443   13.5494
   -7.5000  -22.5000   45.0000 2812.9558   13.3545
    0.0000  -22.5000   45.0000 2831.4629   13.3307
    7.5000  -22.5000   45.0000 2810.5562   13.4916
   -7.5000  -15.0000   45.0000 2838.1614   13.3888
    0.0000  -15.0000   45.0000 2857.5186   13.3715
    7.5000  -15.0000   45.0000 2828.8975   13.4981
   -7.5000   -7.5000   45.0000 2836.4526   13.3342
    0.0000   -7.5000   45.0000 2847.9404   13.2286
    7.5000   -7.5000   45.0000 2823.0740   13.5144
   -7.5000    0.0000   45.0000 2821.8215   13.5314
    0.0000    0.0000   45.0000 2835.2112   13.4069
    7.5000    0.0000   45.0000 2811.2849   13.6951
   -7.5000    7.5000   45.0000 2799.6702   14.0518
    0.0000    7.5000   45.0000 2814.4844   13.9176
    7.5000    7.5000   45.0000 2789.1960   14.1679
   -7.5000   15.0000   45.0000 2747.2896   14.7961
    0.0000   15.0000   45.0000 2758.1174   14.6711
    7.5000   15.0000   45.0000 2734.9927   14.8984
   -7.5000   22.5000   45.0000 2674.0867   15.7588
    0.0000   22.5000   45.0000 2681.5591   15.6548
    7.5000   22.5000   45.0000 2661.1707   15.8896
   -7.5000   30.0000   45.0000 2574.9106   16.9912
    0.0000   30.0000   45.0000 2586.9597   16.9006
    7.5000   30.0000   45.0000 2567.7644   17.0930
   -7.5000   37.5000   45.0000 2456.0327   18.4974
    0.0000   37.5000   45.0000 2472.8967   18.4020
    7.5000   37.5000   45.0000 2454.5850   18.5662
   -7.5000   45.0000   45.0000 2323.5161   20.3404
    0.0000   45.0000   45.0000 2338.1238   20.2551
    7.5000   45.0000   45.0000 2321.7017   20.3487

---------------------------------------------------------------------
imgreg_4dfp /opt/freesurfer/average/711-2C_as_mni_average_305 /opt/freesurfer/average/711-2B_as_mni_average_305_mask talsrcimg_g11 none talsrcimg_to_711-2C_as_mni_average_305_t4 1283
---------------------------------------------------------------------

freesurfer imgreg_4dfp.c
/opt/freesurfer/average/711-2C_as_mni_average_305.4dfp.img
       256       256       256         1
  1.000000  1.000000  1.000000
orientation T byte_order littleendian
Reading image: /opt/freesurfer/average/711-2C_as_mni_average_305.4dfp.img
dimensions:      256       256       256
mmppix:       1.0000   -1.0000   -1.0000
center:     128.0000 -129.0000 -129.0000
/opt/freesurfer/average/711-2B_as_mni_average_305_mask.4dfp.img
       256       256       256         1
  1.000000  1.000000  1.000000
orientation T byte_order littleendian
Reading mask: /opt/freesurfer/average/711-2B_as_mni_average_305_mask.4dfp.img (2306576 pixels)
talsrcimg_g11.4dfp.img
       256       256       256         1
  1.000000  1.000000  1.000000
orientation T byte_order littleendian
Reading image: talsrcimg_g11.4dfp.img
dimensions:      256       256       256
mmppix:       1.0000   -1.0000   -1.0000
center:     128.0000 -129.0000 -129.0000
rotation matrix determinant  1.000000
fimgreg.f
image alignment mode   1283 decimal      503 hex
parameters
    0.0000   -7.5000   15.0000    0.0000    0.0000    0.0000
eta,q 0.93453 12.27661
niter,ni,del,rscale     5    3   12.0000    1.2000
parameter  2  1.321886 ->  0.500000 qaram    1.1500
parameter  3 -0.080462 ->  0.500000 qaram    1.1500
parameter  4-17.078405 ->  0.500000 qaram    1.1500
parameters
   -0.6898  -10.9500   11.5500   -3.4500   -2.1741    2.7678
eta,q 0.93811 12.25944
  0.0729  0.0662  0.0656  0.0621  0.0650  0.0673
  0.0704  0.0657  0.0655  0.0636  0.0634  0.0662
  0.0686  0.0666  0.0656  0.0645  0.0632  0.0650
  0.0677  0.0677  0.0660  0.0653  0.0639  0.0632
  0.0689  0.0686  0.0667  0.0662  0.0654  0.0619
  0.0723  0.0698  0.0661  0.0670  0.0662  0.0623
  0.0764  0.0708  0.0652  0.0683  0.0670  0.0640
niter,ni,del,rscale     7    3   12.0000    1.2000
parameter  3 -0.688535 -> -0.500000 qaram    1.3225
parameter  4 -3.152941 ->  0.500000 qaram    1.3225
parameters
    0.1756   -9.7791   15.5175   -7.4175   -1.3101    4.0555
eta,q 0.94521 12.21235
  0.0759  0.0665  0.0668  0.0491  0.0613  0.0595
  0.0709  0.0643  0.0652  0.0544  0.0598  0.0579
  0.0655  0.0625  0.0629  0.0579  0.0574  0.0564
  0.0619  0.0612  0.0612  0.0604  0.0555  0.0552
  0.0614  0.0613  0.0603  0.0633  0.0555  0.0547
  0.0649  0.0617  0.0605  0.0666  0.0573  0.0554
  0.0710  0.0643  0.0605  0.0691  0.0595  0.0573
niter,ni,del,rscale     7    3   12.0000    1.2000
parameter  3 -0.502045 -> -0.500000 qaram    1.5209
parameter  4  5.874575 ->  0.500000 qaram    1.5209
parameters
    0.1696   -8.2521   20.0801  -11.9801   -0.7964    1.9974
eta,q 0.95623 12.06799
  0.0671  0.0630  0.0620  0.0419  0.0515  0.0468
  0.0620  0.0594  0.0591  0.0437  0.0479  0.0446
  0.0572  0.0565  0.0558  0.0481  0.0456  0.0438
  0.0548  0.0548  0.0542  0.0541  0.0446  0.0446
  0.0560  0.0539  0.0538  0.0580  0.0449  0.0470
  0.0613  0.0546  0.0543  0.0620  0.0465  0.0506
  0.0680  0.0586  0.0541  0.0672  0.0495  0.0542
niter,ni,del,rscale     7    3   12.0000    1.2000
parameter  4  1.832265 ->  0.500000 qaram    1.7490
parameters
   -0.3306   -7.8089   19.7922  -17.2272    0.1026    1.9179
eta,q 0.96069 12.15592
  0.0547  0.0564  0.0532  0.0357  0.0469  0.0435
  0.0489  0.0510  0.0493  0.0383  0.0437  0.0417
  0.0444  0.0458  0.0449  0.0415  0.0410  0.0400
  0.0438  0.0435  0.0437  0.0437  0.0394  0.0393
  0.0470  0.0460  0.0455  0.0506  0.0397  0.0397
  0.0523  0.0496  0.0496  0.0570  0.0414  0.0413
  0.0579  0.0531  0.0547  0.0613  0.0436  0.0442
niter,ni,del,rscale     7    3   12.0000    1.2000
parameter  4  0.840143 ->  0.500000 qaram    2.0114
parameters
   -0.8979   -7.2786   17.6364  -23.2612    0.9216    1.9672
eta,q 0.96829 12.17116
  0.0504  0.0499  0.0451  0.0331  0.0424  0.0382
  0.0445  0.0442  0.0403  0.0317  0.0378  0.0353
  0.0401  0.0407  0.0381  0.0331  0.0339  0.0328
  0.0393  0.0391  0.0390  0.0379  0.0318  0.0317
  0.0425  0.0393  0.0429  0.0424  0.0324  0.0324
  0.0486  0.0418  0.0477  0.0476  0.0346  0.0349
  0.0543  0.0474  0.0526  0.0554  0.0380  0.0382
niter,ni,del,rscale     7    3   12.0000    1.2000
parameters
   -1.1411   -6.1146   16.3822  -25.5969    1.4997    1.9520
eta,q 0.97036 12.16673
  0.0468  0.0479  0.0412  0.0402  0.0386  0.0358
  0.0391  0.0412  0.0359  0.0327  0.0345  0.0330
  0.0335  0.0355  0.0317  0.0295  0.0311  0.0305
  0.0317  0.0317  0.0310  0.0307  0.0296  0.0296
  0.0346  0.0314  0.0348  0.0353  0.0303  0.0306
  0.0415  0.0351  0.0413  0.0419  0.0324  0.0329
  0.0488  0.0405  0.0477  0.0481  0.0358  0.0360
niter,ni,del,rscale     6    3   12.0000    1.2000
parameters
   -1.3237   -5.7645   15.7107  -26.6221    1.7529    2.0358
eta,q 0.97112 12.14405
  0.0455  0.0443  0.0423  0.0410  0.0368  0.0358
  0.0372  0.0380  0.0355  0.0368  0.0331  0.0328
  0.0313  0.0325  0.0308  0.0298  0.0302  0.0300
  0.0296  0.0296  0.0295  0.0294  0.0289  0.0289
  0.0327  0.0312  0.0330  0.0326  0.0296  0.0298
  0.0394  0.0361  0.0385  0.0389  0.0320  0.0324
  0.0466  0.0419  0.0460  0.0460  0.0358  0.0356
niter,ni,del,rscale     5    3   12.0000    1.2000
parameters
   -1.4437   -5.8050   15.3967  -27.0289    1.7696    2.1154
eta,q 0.97132 12.14078
  0.0455  0.0432  0.0434  0.0414  0.0360  0.0358
  0.0371  0.0367  0.0359  0.0381  0.0324  0.0327
  0.0308  0.0314  0.0306  0.0307  0.0297  0.0298
  0.0289  0.0288  0.0288  0.0288  0.0287  0.0287
  0.0321  0.0316  0.0323  0.0319  0.0296  0.0298
  0.0388  0.0374  0.0374  0.0375  0.0321  0.0323
  0.0460  0.0431  0.0451  0.0442  0.0362  0.0355
niter,ni,del,rscale     4    3   12.0000    1.2000
parameters
   -1.4983   -5.8481   15.2455  -27.1987    1.7579    2.1575
eta,q 0.97138 12.14061
  0.0459  0.0432  0.0439  0.0415  0.0359  0.0357
  0.0374  0.0366  0.0363  0.0383  0.0323  0.0327
  0.0308  0.0313  0.0307  0.0313  0.0296  0.0297
  0.0287  0.0287  0.0287  0.0287  0.0286  0.0286
  0.0317  0.0316  0.0319  0.0316  0.0295  0.0298
  0.0385  0.0375  0.0371  0.0369  0.0321  0.0324
  0.0458  0.0430  0.0446  0.0435  0.0362  0.0356
niter,ni,del,rscale     3    3   12.0000    1.2000
parameters
   -1.5225   -5.8728   15.1742  -27.2740    1.7485    2.1784
eta,q 0.97140 12.14066
  0.0461  0.0433  0.0442  0.0416  0.0359  0.0357
  0.0376  0.0366  0.0365  0.0384  0.0323  0.0326
  0.0309  0.0313  0.0308  0.0315  0.0296  0.0296
  0.0286  0.0286  0.0286  0.0286  0.0286  0.0286
  0.0316  0.0316  0.0317  0.0315  0.0295  0.0298
  0.0384  0.0375  0.0369  0.0367  0.0321  0.0324
  0.0457  0.0429  0.0444  0.0432  0.0362  0.0356
registration optimization eta report
parameter search radius
    6.0000    6.9000    9.1252   12.0681    6.0000    6.0000
100000*second partial in parameter space
       47.       29.       18.        9.       20.       19.
  0.0461  0.0433  0.0442  0.0416  0.0359  0.0357
  0.0376  0.0366  0.0365  0.0384  0.0323  0.0326
  0.0309  0.0313  0.0308  0.0315  0.0296  0.0296
  0.0286  0.0286  0.0286  0.0286  0.0286  0.0286
  0.0316  0.0316  0.0317  0.0315  0.0295  0.0298
  0.0384  0.0375  0.0369  0.0367  0.0321  0.0324
  0.0457  0.0429  0.0444  0.0432  0.0362  0.0356
   -1.5225   -5.8728   15.1742  -27.2740    1.7485    2.1784
eta,q 0.97140 12.14066

---------------------------------------------------------------------
imgreg_4dfp /opt/freesurfer/average/711-2C_as_mni_average_305 /opt/freesurfer/average/711-2B_as_mni_average_305_mask talsrcimg_g11 none talsrcimg_to_711-2C_as_mni_average_305_t4 3335
---------------------------------------------------------------------

freesurfer imgreg_4dfp.c
/opt/freesurfer/average/711-2C_as_mni_average_305.4dfp.img
       256       256       256         1
  1.000000  1.000000  1.000000
orientation T byte_order littleendian
Reading image: /opt/freesurfer/average/711-2C_as_mni_average_305.4dfp.img
dimensions:      256       256       256
mmppix:       1.0000   -1.0000   -1.0000
center:     128.0000 -129.0000 -129.0000
/opt/freesurfer/average/711-2B_as_mni_average_305_mask.4dfp.img
       256       256       256         1
  1.000000  1.000000  1.000000
orientation T byte_order littleendian
Reading mask: /opt/freesurfer/average/711-2B_as_mni_average_305_mask.4dfp.img (2306576 pixels)
talsrcimg_g11.4dfp.img
       256       256       256         1
  1.000000  1.000000  1.000000
orientation T byte_order littleendian
Reading image: talsrcimg_g11.4dfp.img
dimensions:      256       256       256
mmppix:       1.0000   -1.0000   -1.0000
center:     128.0000 -129.0000 -129.0000
fimgreg.f
image alignment mode   3335 decimal      D07 hex
parameters
   -1.5225   -5.8728   15.1742   -0.1188  -11.1286  -11.1588
   -1.9813   -4.4518    3.7993   45.6884    3.0512  -45.8033
eta,q 0.97019 12.23534
niter,ni,del,rscale     5    3    5.0000    1.2000
parameter  5  0.728489 ->  0.500000 qaram    1.1500
parameters
   -1.6683   -5.7834   15.0911   -2.7172  -15.2686  -10.0754
    0.7142   -3.8182    3.6516   45.9460    1.1865  -47.9938
eta,q 0.97192 12.03620
  0.0322  0.0322  0.0309  0.0303  0.0288  0.0314  0.0315  0.0315  0.0297  0.0306  0.0285  0.0286
  0.0308  0.0309  0.0303  0.0299  0.0286  0.0302  0.0302  0.0299  0.0289  0.0294  0.0283  0.0282
  0.0300  0.0301  0.0299  0.0297  0.0288  0.0291  0.0292  0.0289  0.0284  0.0286  0.0282  0.0281
  0.0298  0.0298  0.0298  0.0298  0.0297  0.0286  0.0285  0.0283  0.0282  0.0282  0.0282  0.0282
  0.0302  0.0300  0.0300  0.0305  0.0313  0.0286  0.0283  0.0283  0.0284  0.0284  0.0284  0.0285
  0.0313  0.0307  0.0304  0.0317  0.0333  0.0293  0.0285  0.0291  0.0290  0.0292  0.0286  0.0290
  0.0328  0.0318  0.0311  0.0333  0.0354  0.0302  0.0290  0.0307  0.0298  0.0303  0.0290  0.0297
niter,ni,del,rscale     5    3    5.0000    1.2000
parameters
   -1.7240   -5.4005   14.8592   -2.3309  -17.1857   -9.8134
    0.9520   -3.8452    4.0385   47.0727    0.4191  -49.3922
eta,q 0.97212 12.04739
  0.0306  0.0309  0.0291  0.0297  0.0295  0.0304  0.0298  0.0307  0.0296  0.0306  0.0283  0.0286
  0.0291  0.0295  0.0284  0.0290  0.0287  0.0292  0.0288  0.0293  0.0288  0.0294  0.0281  0.0281
  0.0283  0.0286  0.0281  0.0284  0.0281  0.0283  0.0282  0.0284  0.0282  0.0285  0.0280  0.0279
  0.0281  0.0281  0.0280  0.0280  0.0280  0.0280  0.0280  0.0280  0.0280  0.0280  0.0279  0.0279
  0.0285  0.0281  0.0282  0.0280  0.0287  0.0283  0.0282  0.0282  0.0281  0.0280  0.0280  0.0282
  0.0294  0.0286  0.0288  0.0286  0.0304  0.0290  0.0287  0.0293  0.0285  0.0285  0.0282  0.0286
  0.0308  0.0296  0.0296  0.0296  0.0328  0.0300  0.0295  0.0309  0.0293  0.0294  0.0285  0.0292
niter,ni,del,rscale     4    3    5.0000    1.2000
parameters
   -1.6999   -5.2979   14.5531   -2.1411  -18.1339   -9.7089
    1.0209   -3.8419    4.1674   47.7855   -0.0992  -50.4637
eta,q 0.97215 12.06514
  0.0306  0.0301  0.0288  0.0296  0.0299  0.0301  0.0297  0.0307  0.0294  0.0302  0.0283  0.0286
  0.0291  0.0289  0.0282  0.0289  0.0289  0.0290  0.0287  0.0292  0.0286  0.0291  0.0280  0.0281
  0.0282  0.0282  0.0279  0.0283  0.0282  0.0282  0.0281  0.0283  0.0281  0.0283  0.0279  0.0279
  0.0279  0.0279  0.0279  0.0279  0.0278  0.0279  0.0279  0.0279  0.0279  0.0279  0.0279  0.0279
  0.0282  0.0281  0.0281  0.0279  0.0281  0.0282  0.0281  0.0282  0.0281  0.0280  0.0280  0.0281
  0.0291  0.0287  0.0287  0.0286  0.0294  0.0290  0.0287  0.0292  0.0285  0.0286  0.0281  0.0286
  0.0304  0.0298  0.0295  0.0297  0.0316  0.0299  0.0296  0.0308  0.0293  0.0295  0.0284  0.0291
niter,ni,del,rscale     3    3    5.0000    1.2000
parameters
   -1.6729   -5.2755   14.3196   -2.0302  -18.7348   -9.7231
    1.0698   -3.8192    4.1976   48.2881   -0.5731  -51.1237
eta,q 0.97215 12.07242
  0.0306  0.0299  0.0289  0.0297  0.0300  0.0300  0.0297  0.0308  0.0294  0.0300  0.0283  0.0288
  0.0291  0.0288  0.0283  0.0289  0.0290  0.0288  0.0287  0.0292  0.0286  0.0290  0.0280  0.0282
  0.0281  0.0281  0.0279  0.0283  0.0283  0.0281  0.0281  0.0283  0.0281  0.0282  0.0279  0.0279
  0.0279  0.0279  0.0279  0.0278  0.0278  0.0279  0.0279  0.0279  0.0279  0.0279  0.0279  0.0279
  0.0282  0.0281  0.0281  0.0279  0.0280  0.0282  0.0281  0.0282  0.0281  0.0280  0.0280  0.0281
  0.0291  0.0288  0.0286  0.0286  0.0291  0.0289  0.0287  0.0292  0.0286  0.0286  0.0281  0.0285
  0.0304  0.0298  0.0294  0.0298  0.0312  0.0299  0.0296  0.0308  0.0293  0.0295  0.0284  0.0290
niter,ni,del,rscale     2    3    5.0000    1.2000
parameters
   -1.6602   -5.2533   14.1506   -1.9897  -19.1613   -9.8071
    1.0888   -3.7898    4.1947   48.6702   -0.9375  -51.4972
eta,q 0.97215 12.07078
  0.0306  0.0299  0.0290  0.0297  0.0300  0.0299  0.0297  0.0308  0.0294  0.0299  0.0283  0.0289
  0.0291  0.0288  0.0283  0.0289  0.0290  0.0288  0.0287  0.0292  0.0285  0.0289  0.0280  0.0282
  0.0281  0.0281  0.0279  0.0283  0.0283  0.0281  0.0281  0.0283  0.0280  0.0282  0.0279  0.0279
  0.0278  0.0278  0.0279  0.0278  0.0278  0.0279  0.0279  0.0279  0.0279  0.0279  0.0279  0.0279
  0.0282  0.0281  0.0281  0.0279  0.0279  0.0282  0.0281  0.0282  0.0281  0.0280  0.0280  0.0281
  0.0291  0.0287  0.0286  0.0287  0.0290  0.0289  0.0287  0.0292  0.0286  0.0286  0.0281  0.0285
  0.0305  0.0298  0.0293  0.0299  0.0310  0.0299  0.0296  0.0308  0.0293  0.0295  0.0284  0.0290
niter,ni,del,rscale     1    3    5.0000    1.2000
parameters
   -1.6524   -5.2130   14.0241   -2.0031  -19.4854   -9.9431
    1.0736   -3.7650    4.2161   48.9817   -1.2129  -51.7088
eta,q 0.97214 12.06223
  0.0306  0.0299  0.0290  0.0297  0.0300  0.0298  0.0297  0.0308  0.0294  0.0298  0.0283  0.0289
  0.0291  0.0288  0.0283  0.0289  0.0291  0.0287  0.0287  0.0292  0.0286  0.0288  0.0281  0.0283
  0.0281  0.0281  0.0279  0.0283  0.0283  0.0281  0.0281  0.0283  0.0280  0.0282  0.0279  0.0279
  0.0279  0.0279  0.0279  0.0278  0.0279  0.0279  0.0279  0.0279  0.0279  0.0279  0.0279  0.0279
  0.0282  0.0281  0.0281  0.0280  0.0279  0.0282  0.0281  0.0282  0.0281  0.0280  0.0280  0.0281
  0.0291  0.0287  0.0285  0.0288  0.0289  0.0289  0.0287  0.0292  0.0286  0.0286  0.0281  0.0284
  0.0305  0.0297  0.0293  0.0299  0.0309  0.0299  0.0297  0.0308  0.0293  0.0295  0.0284  0.0290
registration optimization eta report
parameter search radius
    2.4000    2.4000    2.4000    7.2000    8.2800    7.2000
    7.2000    7.2000    7.2000    7.2000    7.2000    7.2000
100000*second partial in parameter space
       47.       34.       22.        4.        4.        4.
        3.        6.        3.        3.        1.        2.
  0.0306  0.0299  0.0290  0.0297  0.0300  0.0298  0.0297  0.0308  0.0294  0.0298  0.0283  0.0289
  0.0291  0.0288  0.0283  0.0289  0.0291  0.0287  0.0287  0.0292  0.0286  0.0288  0.0281  0.0283
  0.0281  0.0281  0.0279  0.0283  0.0283  0.0281  0.0281  0.0283  0.0280  0.0282  0.0279  0.0279
  0.0279  0.0279  0.0279  0.0278  0.0279  0.0279  0.0279  0.0279  0.0279  0.0279  0.0279  0.0279
  0.0282  0.0281  0.0281  0.0280  0.0279  0.0282  0.0281  0.0282  0.0281  0.0280  0.0280  0.0281
  0.0291  0.0287  0.0285  0.0288  0.0289  0.0289  0.0287  0.0292  0.0286  0.0286  0.0281  0.0284
  0.0305  0.0297  0.0293  0.0299  0.0309  0.0299  0.0297  0.0308  0.0293  0.0295  0.0284  0.0290
   -1.6524   -5.2130   14.0241   -2.0031  -19.4854   -9.9431
    1.0736   -3.7650    4.2161   48.9817   -1.2129  -51.7088
eta,q 0.97214 12.06223

---------------------------------------------------------------------
imgreg_4dfp /opt/freesurfer/average/711-2C_as_mni_average_305 /opt/freesurfer/average/711-2B_as_mni_average_305_mask talsrcimg_g11 none talsrcimg_to_711-2C_as_mni_average_305_t4 2311
---------------------------------------------------------------------

freesurfer imgreg_4dfp.c
/opt/freesurfer/average/711-2C_as_mni_average_305.4dfp.img
       256       256       256         1
  1.000000  1.000000  1.000000
orientation T byte_order littleendian
Reading image: /opt/freesurfer/average/711-2C_as_mni_average_305.4dfp.img
dimensions:      256       256       256
mmppix:       1.0000   -1.0000   -1.0000
center:     128.0000 -129.0000 -129.0000
/opt/freesurfer/average/711-2B_as_mni_average_305_mask.4dfp.img
       256       256       256         1
  1.000000  1.000000  1.000000
orientation T byte_order littleendian
Reading mask: /opt/freesurfer/average/711-2B_as_mni_average_305_mask.4dfp.img (2306576 pixels)
talsrcimg_g11.4dfp.img
       256       256       256         1
  1.000000  1.000000  1.000000
orientation T byte_order littleendian
Reading image: talsrcimg_g11.4dfp.img
dimensions:      256       256       256
mmppix:       1.0000   -1.0000   -1.0000
center:     128.0000 -129.0000 -129.0000
fimgreg.f
image alignment mode   2311 decimal      907 hex
parameters
   -1.6524   -5.2130   14.0241   -2.0031  -19.4854   -9.9431
    1.0736   -3.7650    4.2161   48.9817   -1.2129  -51.7088
eta,q 0.97214 12.06223
niter,ni,del,rscale     5    3    5.0000    0.8000
parameters
   -1.6747   -5.1902   13.8950   -1.6543  -18.8653  -10.1687
    1.0215   -3.7008    4.2175   48.8484   -1.5737  -51.8459
eta,q 0.97222 12.09736
  0.0291  0.0288  0.0284  0.0289  0.0288  0.0287  0.0287  0.0292  0.0285  0.0286  0.0280  0.0283
  0.0284  0.0283  0.0281  0.0285  0.0284  0.0282  0.0282  0.0285  0.0281  0.0281  0.0279  0.0280
  0.0280  0.0280  0.0279  0.0281  0.0280  0.0279  0.0279  0.0280  0.0279  0.0279  0.0278  0.0278
  0.0279  0.0279  0.0279  0.0279  0.0278  0.0278  0.0278  0.0278  0.0278  0.0278  0.0278  0.0278
  0.0280  0.0280  0.0280  0.0279  0.0278  0.0279  0.0279  0.0279  0.0279  0.0279  0.0278  0.0279
  0.0285  0.0282  0.0282  0.0282  0.0280  0.0283  0.0282  0.0284  0.0281  0.0282  0.0279  0.0280
  0.0291  0.0287  0.0285  0.0288  0.0285  0.0288  0.0287  0.0292  0.0285  0.0287  0.0281  0.0283
niter,ni,del,rscale     4    3    5.0000    0.7000
parameters
   -1.6747   -5.2488   13.8597   -1.5372  -18.7522  -10.1937
    0.9926   -3.6680    4.2023   48.7781   -1.5897  -51.9003
eta,q 0.97223 12.10649
  0.0288  0.0284  0.0282  0.0287  0.0285  0.0285  0.0285  0.0289  0.0283  0.0284  0.0280  0.0282
  0.0282  0.0280  0.0280  0.0283  0.0281  0.0281  0.0281  0.0283  0.0280  0.0281  0.0279  0.0279
  0.0279  0.0278  0.0278  0.0280  0.0279  0.0279  0.0278  0.0279  0.0278  0.0278  0.0278  0.0278
  0.0278  0.0278  0.0278  0.0278  0.0278  0.0278  0.0278  0.0278  0.0278  0.0278  0.0278  0.0278
  0.0279  0.0279  0.0278  0.0278  0.0278  0.0279  0.0279  0.0279  0.0278  0.0279  0.0278  0.0278
  0.0282  0.0281  0.0280  0.0281  0.0280  0.0281  0.0281  0.0283  0.0280  0.0281  0.0279  0.0280
  0.0288  0.0285  0.0283  0.0286  0.0285  0.0286  0.0285  0.0289  0.0283  0.0285  0.0280  0.0282
niter,ni,del,rscale     3    3    5.0000    0.6000
parameters
   -1.6763   -5.2783   13.8537   -1.4561  -18.6120  -10.1750
    0.9637   -3.6503    4.1812   48.6737   -1.5988  -51.9154
eta,q 0.97224 12.11518
  0.0285  0.0283  0.0281  0.0285  0.0283  0.0283  0.0283  0.0286  0.0282  0.0282  0.0279  0.0281
  0.0281  0.0280  0.0279  0.0281  0.0280  0.0280  0.0280  0.0281  0.0279  0.0280  0.0278  0.0279
  0.0278  0.0278  0.0278  0.0279  0.0279  0.0278  0.0278  0.0279  0.0278  0.0278  0.0278  0.0278
  0.0278  0.0278  0.0278  0.0278  0.0278  0.0278  0.0278  0.0278  0.0278  0.0278  0.0278  0.0278
  0.0279  0.0278  0.0278  0.0278  0.0278  0.0278  0.0278  0.0279  0.0278  0.0278  0.0278  0.0278
  0.0281  0.0280  0.0279  0.0281  0.0279  0.0280  0.0280  0.0281  0.0279  0.0280  0.0278  0.0279
  0.0285  0.0283  0.0281  0.0285  0.0283  0.0284  0.0283  0.0286  0.0282  0.0283  0.0279  0.0281
niter,ni,del,rscale     2    3    5.0000    0.5000
parameters
   -1.6762   -5.2988   13.8749   -1.3750  -18.4615  -10.1097
    0.9531   -3.6368    4.1599   48.5730   -1.5751  -51.9038
eta,q 0.97225 12.12602
  0.0283  0.0281  0.0280  0.0283  0.0281  0.0282  0.0281  0.0283  0.0280  0.0281  0.0279  0.0280
  0.0280  0.0279  0.0279  0.0280  0.0279  0.0280  0.0279  0.0280  0.0279  0.0279  0.0278  0.0278
  0.0278  0.0278  0.0278  0.0279  0.0278  0.0278  0.0278  0.0278  0.0278  0.0278  0.0278  0.0278
  0.0278  0.0278  0.0278  0.0278  0.0278  0.0278  0.0277  0.0278  0.0277  0.0277  0.0277  0.0277
  0.0278  0.0278  0.0278  0.0278  0.0278  0.0278  0.0278  0.0278  0.0278  0.0278  0.0278  0.0278
  0.0280  0.0279  0.0279  0.0280  0.0279  0.0279  0.0279  0.0280  0.0279  0.0279  0.0278  0.0279
  0.0283  0.0281  0.0280  0.0282  0.0281  0.0282  0.0281  0.0283  0.0280  0.0281  0.0279  0.0280
niter,ni,del,rscale     1    3    5.0000    0.4000
parameters
   -1.6801   -5.3236   13.9083   -1.3040  -18.3205  -10.0497
    0.9459   -3.6356    4.1241   48.4482   -1.4941  -51.8506
eta,q 0.97226 12.13399
  0.0281  0.0280  0.0279  0.0281  0.0280  0.0280  0.0280  0.0281  0.0279  0.0280  0.0278  0.0279
  0.0279  0.0278  0.0278  0.0279  0.0279  0.0279  0.0278  0.0279  0.0278  0.0278  0.0278  0.0278
  0.0278  0.0278  0.0278  0.0278  0.0278  0.0278  0.0278  0.0278  0.0278  0.0278  0.0278  0.0278
  0.0277  0.0277  0.0277  0.0278  0.0277  0.0277  0.0277  0.0277  0.0277  0.0277  0.0277  0.0277
  0.0278  0.0278  0.0278  0.0278  0.0278  0.0278  0.0278  0.0278  0.0278  0.0278  0.0278  0.0278
  0.0279  0.0279  0.0278  0.0279  0.0278  0.0279  0.0279  0.0279  0.0278  0.0279  0.0278  0.0278
  0.0281  0.0280  0.0279  0.0281  0.0280  0.0280  0.0280  0.0281  0.0279  0.0280  0.0278  0.0279
registration optimization eta report
parameter search radius
    0.8000    0.8000    0.8000    2.4000    2.4000    2.4000
    2.4000    2.4000    2.4000    2.4000    2.4000    2.4000
100000*second partial in parameter space
       54.       37.       25.        6.        4.        5.
        4.        7.        3.        4.        1.        2.
  0.0281  0.0280  0.0279  0.0281  0.0280  0.0280  0.0280  0.0281  0.0279  0.0280  0.0278  0.0279
  0.0279  0.0278  0.0278  0.0279  0.0279  0.0279  0.0278  0.0279  0.0278  0.0278  0.0278  0.0278
  0.0278  0.0278  0.0278  0.0278  0.0278  0.0278  0.0278  0.0278  0.0278  0.0278  0.0278  0.0278
  0.0277  0.0277  0.0277  0.0278  0.0277  0.0277  0.0277  0.0277  0.0277  0.0277  0.0277  0.0277
  0.0278  0.0278  0.0278  0.0278  0.0278  0.0278  0.0278  0.0278  0.0278  0.0278  0.0278  0.0278
  0.0279  0.0279  0.0278  0.0279  0.0278  0.0279  0.0279  0.0279  0.0278  0.0279  0.0278  0.0278
  0.0281  0.0280  0.0279  0.0281  0.0280  0.0280  0.0280  0.0281  0.0279  0.0280  0.0278  0.0279
   -1.6801   -5.3236   13.9083   -1.3040  -18.3205  -10.0497
    0.9459   -3.6356    4.1241   48.4482   -1.4941  -51.8506
eta,q 0.97226 12.13399

---------------------------------------------------------------------
imgreg_4dfp /opt/freesurfer/average/711-2C_as_mni_average_305 /opt/freesurfer/average/711-2B_as_mni_average_305_mask talsrcimg_g11 none talsrcimg_to_711-2C_as_mni_average_305_t4 2311
---------------------------------------------------------------------

freesurfer imgreg_4dfp.c
/opt/freesurfer/average/711-2C_as_mni_average_305.4dfp.img
       256       256       256         1
  1.000000  1.000000  1.000000
orientation T byte_order littleendian
Reading image: /opt/freesurfer/average/711-2C_as_mni_average_305.4dfp.img
dimensions:      256       256       256
mmppix:       1.0000   -1.0000   -1.0000
center:     128.0000 -129.0000 -129.0000
/opt/freesurfer/average/711-2B_as_mni_average_305_mask.4dfp.img
       256       256       256         1
  1.000000  1.000000  1.000000
orientation T byte_order littleendian
Reading mask: /opt/freesurfer/average/711-2B_as_mni_average_305_mask.4dfp.img (2306576 pixels)
talsrcimg_g11.4dfp.img
       256       256       256         1
  1.000000  1.000000  1.000000
orientation T byte_order littleendian
Reading image: talsrcimg_g11.4dfp.img
dimensions:      256       256       256
mmppix:       1.0000   -1.0000   -1.0000
center:     128.0000 -129.0000 -129.0000
fimgreg.f
image alignment mode   2311 decimal      907 hex
parameters
   -1.6801   -5.3236   13.9083   -1.3040  -18.3205  -10.0497
    0.9459   -3.6356    4.1241   48.4482   -1.4941  -51.8506
eta,q 0.97226 12.13399
niter,ni,del,rscale     5    3    5.0000    0.8000
parameters
   -1.6618   -5.3424   13.9658   -1.5306  -18.6002  -10.0351
    1.0275   -3.6636    4.1205   48.5677   -1.3095  -51.7861
eta,q 0.97224 12.11234
  0.0291  0.0287  0.0284  0.0287  0.0286  0.0288  0.0287  0.0292  0.0285  0.0287  0.0281  0.0283
  0.0284  0.0281  0.0280  0.0283  0.0281  0.0282  0.0282  0.0284  0.0281  0.0282  0.0279  0.0280
  0.0279  0.0278  0.0278  0.0279  0.0279  0.0279  0.0279  0.0279  0.0278  0.0279  0.0278  0.0278
  0.0277  0.0277  0.0277  0.0277  0.0277  0.0278  0.0278  0.0278  0.0278  0.0278  0.0278  0.0278
  0.0279  0.0279  0.0278  0.0279  0.0278  0.0279  0.0279  0.0279  0.0278  0.0279  0.0278  0.0278
  0.0283  0.0282  0.0280  0.0284  0.0282  0.0282  0.0282  0.0284  0.0281  0.0282  0.0279  0.0280
  0.0290  0.0287  0.0283  0.0290  0.0289  0.0288  0.0286  0.0292  0.0285  0.0286  0.0280  0.0283
niter,ni,del,rscale     4    3    5.0000    0.7000
parameters
   -1.6713   -5.3100   13.9495   -1.4853  -18.5359  -10.0500
    1.0102   -3.6651    4.1270   48.5485   -1.3933  -51.7938
eta,q 0.97224 12.11651
  0.0288  0.0285  0.0282  0.0286  0.0284  0.0285  0.0285  0.0289  0.0283  0.0285  0.0280  0.0282
  0.0282  0.0281  0.0280  0.0282  0.0281  0.0281  0.0281  0.0283  0.0280  0.0281  0.0278  0.0279
  0.0279  0.0278  0.0278  0.0279  0.0279  0.0279  0.0278  0.0279  0.0278  0.0278  0.0278  0.0278
  0.0278  0.0278  0.0278  0.0278  0.0278  0.0278  0.0278  0.0278  0.0278  0.0278  0.0278  0.0278
  0.0279  0.0278  0.0278  0.0278  0.0278  0.0278  0.0279  0.0279  0.0278  0.0278  0.0278  0.0278
  0.0282  0.0281  0.0280  0.0281  0.0280  0.0281  0.0281  0.0283  0.0280  0.0281  0.0279  0.0280
  0.0288  0.0284  0.0282  0.0287  0.0285  0.0286  0.0284  0.0289  0.0283  0.0285  0.0280  0.0282
niter,ni,del,rscale     3    3    5.0000    0.6000
parameters
   -1.6771   -5.3127   13.9471   -1.4225  -18.4277  -10.0508
    0.9940   -3.6516    4.1256   48.4947   -1.4116  -51.8024
eta,q 0.97225 12.12321
  0.0285  0.0283  0.0281  0.0284  0.0283  0.0283  0.0283  0.0286  0.0282  0.0283  0.0279  0.0281
  0.0281  0.0280  0.0279  0.0281  0.0280  0.0280  0.0280  0.0281  0.0279  0.0280  0.0278  0.0279
  0.0278  0.0278  0.0278  0.0279  0.0278  0.0278  0.0278  0.0279  0.0278  0.0278  0.0278  0.0278
  0.0278  0.0278  0.0278  0.0278  0.0278  0.0277  0.0277  0.0277  0.0277  0.0277  0.0278  0.0278
  0.0279  0.0278  0.0278  0.0278  0.0278  0.0278  0.0278  0.0278  0.0278  0.0278  0.0278  0.0278
  0.0281  0.0280  0.0279  0.0280  0.0279  0.0280  0.0280  0.0281  0.0279  0.0280  0.0278  0.0279
  0.0285  0.0283  0.0281  0.0284  0.0283  0.0283  0.0283  0.0286  0.0282  0.0283  0.0279  0.0281
niter,ni,del,rscale     2    3    5.0000    0.5000
parameters
   -1.6785   -5.3317   13.9528   -1.3512  -18.3048  -10.0216
    0.9761   -3.6464    4.1110   48.4105   -1.3740  -51.8032
eta,q 0.97226 12.13145
  0.0283  0.0281  0.0280  0.0283  0.0281  0.0282  0.0281  0.0283  0.0280  0.0281  0.0279  0.0280
  0.0280  0.0279  0.0279  0.0280  0.0279  0.0279  0.0279  0.0280  0.0279  0.0279  0.0278  0.0278
  0.0278  0.0278  0.0278  0.0278  0.0278  0.0278  0.0278  0.0278  0.0278  0.0278  0.0278  0.0278
  0.0278  0.0278  0.0277  0.0277  0.0277  0.0277  0.0277  0.0277  0.0277  0.0277  0.0277  0.0277
  0.0278  0.0278  0.0278  0.0278  0.0278  0.0278  0.0278  0.0278  0.0278  0.0278  0.0278  0.0278
  0.0280  0.0279  0.0279  0.0280  0.0279  0.0279  0.0279  0.0280  0.0279  0.0279  0.0278  0.0278
  0.0283  0.0281  0.0280  0.0282  0.0281  0.0282  0.0281  0.0283  0.0280  0.0281  0.0279  0.0280
niter,ni,del,rscale     1    3    5.0000    0.4000
parameters
   -1.6814   -5.3494   13.9713   -1.2872  -18.1603   -9.9755
    0.9668   -3.6400    4.0749   48.2944   -1.3566  -51.7492
eta,q 0.97226 12.13883
  0.0281  0.0280  0.0279  0.0281  0.0280  0.0280  0.0280  0.0281  0.0279  0.0280  0.0278  0.0279
  0.0279  0.0278  0.0278  0.0279  0.0279  0.0279  0.0278  0.0279  0.0278  0.0278  0.0278  0.0278
  0.0278  0.0278  0.0278  0.0278  0.0278  0.0278  0.0278  0.0278  0.0278  0.0278  0.0277  0.0278
  0.0277  0.0277  0.0277  0.0277  0.0277  0.0277  0.0277  0.0277  0.0277  0.0277  0.0277  0.0277
  0.0278  0.0278  0.0278  0.0278  0.0277  0.0278  0.0278  0.0278  0.0278  0.0278  0.0278  0.0278
  0.0279  0.0279  0.0278  0.0279  0.0278  0.0278  0.0278  0.0279  0.0278  0.0279  0.0278  0.0278
  0.0281  0.0280  0.0279  0.0281  0.0280  0.0280  0.0280  0.0281  0.0279  0.0280  0.0278  0.0279
registration optimization eta report
parameter search radius
    0.8000    0.8000    0.8000    2.4000    2.4000    2.4000
    2.4000    2.4000    2.4000    2.4000    2.4000    2.4000
100000*second partial in parameter space
       53.       36.       24.        6.        4.        5.
        4.        7.        3.        4.        1.        3.
  0.0281  0.0280  0.0279  0.0281  0.0280  0.0280  0.0280  0.0281  0.0279  0.0280  0.0278  0.0279
  0.0279  0.0278  0.0278  0.0279  0.0279  0.0279  0.0278  0.0279  0.0278  0.0278  0.0278  0.0278
  0.0278  0.0278  0.0278  0.0278  0.0278  0.0278  0.0278  0.0278  0.0278  0.0278  0.0277  0.0278
  0.0277  0.0277  0.0277  0.0277  0.0277  0.0277  0.0277  0.0277  0.0277  0.0277  0.0277  0.0277
  0.0278  0.0278  0.0278  0.0278  0.0277  0.0278  0.0278  0.0278  0.0278  0.0278  0.0278  0.0278
  0.0279  0.0279  0.0278  0.0279  0.0278  0.0278  0.0278  0.0279  0.0278  0.0279  0.0278  0.0278
  0.0281  0.0280  0.0279  0.0281  0.0280  0.0280  0.0280  0.0281  0.0279  0.0280  0.0278  0.0279
   -1.6814   -5.3494   13.9713   -1.2872  -18.1603   -9.9755
    0.9668   -3.6400    4.0749   48.2944   -1.3566  -51.7492
eta,q 0.97226 12.13883

---------------------------------------------------------------------
compute_vox2vox talsrcimg talsrcimg_to_711-2C_as_mni_average_305_t4 /opt/freesurfer/average/711-2C_as_mni_average_305
---------------------------------------------------------------------

freesurfer compute_vox2vox.c
Reading: talsrcimg.4dfp.ifh
Reading: talsrcimg_to_711-2C_as_mni_average_305_t4
Reading: /opt/freesurfer/average/711-2C_as_mni_average_305.4dfp.ifh
Writing: talsrcimg_to_711-2C_as_mni_average_305_t4_vox2vox.txt

start time Sun Mar 8 14:17:04 CET 2026
end		time Sun Mar 8 14:18:29 CET 2026

mpr2mni305 success

avi2talxfm orig_nu.mgz /opt/freesurfer/average/mni305.cor.mgz talsrcimg_to_711-2C_as_mni_average_305_t4_vox2vox.txt transforms/talairach.auto.xfm
avi2talxfm done
mv -f /out/sourcedata/freesurfer/sub-v1s13x0050019_ses-1/mri/talsrcimg_to_711-2C_as_mni_average_305_t4_vox2vox.txt /out/sourcedata/freesurfer/sub-v1s13x0050019_ses-1/mri/transforms/talsrcimg_to_711-2C_as_mni_average_305_t4_vox2vox.txt
lta_convert --src orig_nu.mgz --trg /opt/freesurfer/average/mni305.cor.mgz --inxfm transforms/talairach.auto.xfm --outlta transforms/talairach.auto.xfm.lta --subject fsaverage
7.3.2

--src: orig_nu.mgz src image (geometry).
--trg: /opt/freesurfer/average/mni305.cor.mgz trg image (geometry).
--inmni: transforms/talairach.auto.xfm input MNI/XFM transform.
--outlta: transforms/talairach.auto.xfm.lta output LTA.
--s: fsaverage subject name
 LTA read, type : 1
 1.01310   0.03538   0.01040  -2.94138;
-0.01025   0.82909   0.52437  -12.21544;
-0.04439  -0.49101   0.91194   2.03931;
 0.00000   0.00000   0.00000   1.00000;
setting subject to fsaverage
Writing  LTA to file transforms/talairach.auto.xfm.lta...
lta_convert successful.
 
 
Started at Sun Mar 8 14:17:03 CET 2026
Ended   at Sun Mar  8 14:18:30 CET 2026
talairach_avi done
