/out/sourcedata/freesurfer/sub-v1s13x0050045_ses-1/mri
/opt/freesurfer/bin/talairach_avi
--i orig_nu.mgz --xfm transforms/talairach.auto.xfm
talairach_avi 7.3.2
Linux dna020 5.14.0-427.37.1.el9_4.x86_64 #1 SMP PREEMPT_DYNAMIC Fri Sep 13 12:41:50 EDT 2024 x86_64 x86_64 x86_64 GNU/Linux
Sun Mar  8 16:42:19 CET 2026
mri_convert orig_nu.mgz talsrcimg.img 
reading from orig_nu.mgz...
TR=0.00, TE=0.00, TI=0.00, flip angle=0.00
i_ras = (-1, 0, 0)
j_ras = (0, 0, -1)
k_ras = (0, 1, 0)
writing to talsrcimg.img...
Analyze Output Matrix
-1.00000   0.00000   0.00000   127.34582;
 0.00000   0.00000   1.00000  -127.94919;
 0.00000  -1.00000   0.00000   130.05078;
 0.00000   0.00000   0.00000   1.00000;
--------------------
INFO: set hdr.hist.orient to -1
mpr2mni305 talsrcimg
Sun Mar  8 16:42:19 CET 2026
/opt/freesurfer/bin/mpr2mni305 talsrcimg
mpr2mni305 7.3.2
target=711-2C_as_mni_average_305

---------------------------------------------------------------------
analyzeto4dfp talsrcimg -O0 -y
---------------------------------------------------------------------

freesurfer ifh2hdr.c
Sun Mar  8 16:42:20 2026
Writing: talsrcimg.4dfp.hdr
freesurfer analyzeto4dfp.c
Reading: talsrcimg.hdr
header size 348 bytes
hdr.dime.datatype	offset=70	value=2
hdr.dime.bitpix		offset=72	value=8
hdr.hist.orient		offset=252	value=-1
dimensionality     4
dimensions       256       256       256         1
Reading: talsrcimg.img
Writing: talsrcimg.4dfp.img
Writing: talsrcimg.4dfp.ifh
ifh2hdr talsrcimg -r0to226
ori=2

---------------------------------------------------------------------
gauss_4dfp talsrcimg 1.1
---------------------------------------------------------------------

freesurfer gauss_4dfp.c
Reading: talsrcimg.4dfp.img
Writing: talsrcimg_g11.4dfp.img
image dimensions 256 256 256 padded to 288 288 288
processing volume 1freesurfer ifh2hdr.c
Sun Mar  8 16:42:21 2026
Writing: talsrcimg_g11.4dfp.hdr

Writing: talsrcimg_g11.4dfp.ifh
including: talsrcimg.4dfp.img.rec in talsrcimg_g11.4dfp.img.rec

---------------------------------------------------------------------
imgreg_4dfp /opt/freesurfer/average/711-2C_as_mni_average_305 none talsrcimg_g11 none talsrcimg_to_711-2C_as_mni_average_305_t4 4355
---------------------------------------------------------------------

freesurfer imgreg_4dfp.c
/opt/freesurfer/average/711-2C_as_mni_average_305.4dfp.img
       256       256       256         1
  1.000000  1.000000  1.000000
orientation T byte_order littleendian
Reading image: /opt/freesurfer/average/711-2C_as_mni_average_305.4dfp.img
dimensions:      256       256       256
mmppix:       1.0000   -1.0000   -1.0000
center:     128.0000 -129.0000 -129.0000
talsrcimg_g11.4dfp.img
       256       256       256         1
  1.000000  1.000000  1.000000
orientation T byte_order littleendian
Reading image: talsrcimg_g11.4dfp.img
dimensions:      256       256       256
mmppix:       1.0000   -1.0000   -1.0000
center:     128.0000 -129.0000 -129.0000
t4_read: open error in t4_sub.f l:  41 t4_file(1:l)talsrcimg_to_711-2C_as_mni_average_305_t4 
t4_read: transform initialized to I4
rotation matrix determinant  1.000000
image alignment mode   4355 decimal     1103 hex
   -7.5000  -45.0000  -45.0000 9739.2334   13.5952
    0.0000  -45.0000  -45.000010194.8330   13.5778
    7.5000  -45.0000  -45.0000 9784.9980   13.5676
   -7.5000  -37.5000  -45.000010143.9316   13.6751
    0.0000  -37.5000  -45.000010619.0566   13.6513
    7.5000  -37.5000  -45.000010180.6299   13.6329
   -7.5000  -30.0000  -45.000010842.4346   13.6256
    0.0000  -30.0000  -45.000011346.7998   13.5951
    7.5000  -30.0000  -45.000010872.9521   13.5703
   -7.5000  -22.5000  -45.000011473.2549   13.5552
    0.0000  -22.5000  -45.000012014.7061   13.5241
    7.5000  -22.5000  -45.000011500.1758   13.5012
   -7.5000  -15.0000  -45.000012019.6670   13.4638
    0.0000  -15.0000  -45.000012568.4150   13.4377
    7.5000  -15.0000  -45.000012020.9199   13.4222
   -7.5000   -7.5000  -45.000012471.4805   13.3711
    0.0000   -7.5000  -45.000013051.5830   13.3505
    7.5000   -7.5000  -45.000012488.5527   13.3414
   -7.5000    0.0000  -45.000012745.6182   13.3191
    0.0000    0.0000  -45.000013349.7461   13.2995
    7.5000    0.0000  -45.000012787.7900   13.2906
   -7.5000    7.5000  -45.000012087.9600   13.4480
    0.0000    7.5000  -45.000012662.1260   13.4225
    7.5000    7.5000  -45.000012151.1729   13.4053
   -7.5000   15.0000  -45.000011366.6162   13.6288
    0.0000   15.0000  -45.000011910.6797   13.5969
    7.5000   15.0000  -45.000011438.8193   13.5730
   -7.5000   22.5000  -45.000010628.7451   13.8237
    0.0000   22.5000  -45.000011107.0312   13.7921
    7.5000   22.5000  -45.000010657.7939   13.7682
   -7.5000   30.0000  -45.0000 9865.1484   13.8600
    0.0000   30.0000  -45.000010302.2529   13.8344
    7.5000   30.0000  -45.0000 9872.9551   13.8160
   -7.5000   37.5000  -45.0000 9478.8984   14.0824
    0.0000   37.5000  -45.0000 9897.8047   14.0611
    7.5000   37.5000  -45.0000 9489.0498   14.0489
   -7.5000   45.0000  -45.0000 8772.8105   14.0657
    0.0000   45.0000  -45.0000 9186.0664   14.0438
    7.5000   45.0000  -45.0000 8798.9209   14.0318
   -7.5000  -45.0000  -37.500010321.9219   13.5601
    0.0000  -45.0000  -37.500010812.3545   13.5396
    7.5000  -45.0000  -37.500010378.4902   13.5288
   -7.5000  -37.5000  -37.500010752.4727   13.6418
    0.0000  -37.5000  -37.500011261.5352   13.6162
    7.5000  -37.5000  -37.500010803.2383   13.5983
   -7.5000  -30.0000  -37.500011491.9404   13.5975
    0.0000  -30.0000  -37.500012035.8340   13.5653
    7.5000  -30.0000  -37.500011545.2168   13.5411
   -7.5000  -22.5000  -37.500012142.1709   13.5302
    0.0000  -22.5000  -37.500012708.4707   13.4963
    7.5000  -22.5000  -37.500012184.3066   13.4727
   -7.5000  -15.0000  -37.500012687.3936   13.4375
    0.0000  -15.0000  -37.500013276.7080   13.4073
    7.5000  -15.0000  -37.500012719.1299   13.3899
   -7.5000   -7.5000  -37.500013142.2500   13.3403
    0.0000   -7.5000  -37.500013756.1689   13.3156
    7.5000   -7.5000  -37.500013169.7314   13.3046
   -7.5000    0.0000  -37.500013426.1465   13.2841
    0.0000    0.0000  -37.500014047.2236   13.2616
    7.5000    0.0000  -37.500013482.1318   13.2520
   -7.5000    7.5000  -37.500012735.2422   13.4147
    0.0000    7.5000  -37.500013325.2607   13.3876
    7.5000    7.5000  -37.500012812.0537   13.3710
   -7.5000   15.0000  -37.500011961.6973   13.6005
    0.0000   15.0000  -37.500012503.3672   13.5672
    7.5000   15.0000  -37.500012045.5381   13.5439
   -7.5000   22.5000  -37.500011162.6094   13.7987
    0.0000   22.5000  -37.500011653.8467   13.7641
    7.5000   22.5000  -37.500011210.4336   13.7394
   -7.5000   30.0000  -37.500010320.4912   13.8309
    0.0000   30.0000  -37.500010757.1348   13.8005
    7.5000   30.0000  -37.500010336.8105   13.7793
   -7.5000   37.5000  -37.5000 9900.5762   14.0465
    0.0000   37.5000  -37.500010312.9922   14.0191
    7.5000   37.5000  -37.5000 9907.2021   14.0036
   -7.5000   45.0000  -37.5000 9154.0957   14.0203
    0.0000   45.0000  -37.5000 9565.2041   13.9937
    7.5000   45.0000  -37.5000 9184.1924   13.9796
   -7.5000  -45.0000  -30.000011120.1270   14.0725
    0.0000  -45.0000  -30.000011632.5664   14.0493
    7.5000  -45.0000  -30.000011176.4834   14.0389
   -7.5000  -37.5000  -30.000011566.8848   14.1560
    0.0000  -37.5000  -30.000012099.3184   14.1295
    7.5000  -37.5000  -30.000011617.9287   14.1130
   -7.5000  -30.0000  -30.000012361.7891   14.1096
    0.0000  -30.0000  -30.000012949.8975   14.0775
    7.5000  -30.0000  -30.000012429.5117   14.0548
   -7.5000  -22.5000  -30.000013052.5996   14.0385
    0.0000  -22.5000  -30.000013665.7002   14.0036
    7.5000  -22.5000  -30.000013113.4600   13.9806
   -7.5000  -15.0000  -30.000013639.2939   13.9396
    0.0000  -15.0000  -30.000014279.5811   13.9066
    7.5000  -15.0000  -30.000013699.9561   13.8894
   -7.5000   -7.5000  -30.000014087.5293   13.8357
    0.0000   -7.5000  -30.000014742.0879   13.8074
    7.5000   -7.5000  -30.000014151.7119   13.7965
   -7.5000    0.0000  -30.000014395.5127   13.7758
    0.0000    0.0000  -30.000015061.1348   13.7505
    7.5000    0.0000  -30.000014485.2451   13.7414
   -7.5000    7.5000  -30.000013633.5898   13.9120
    0.0000    7.5000  -30.000014268.9473   13.8838
    7.5000    7.5000  -30.000013735.3682   13.8685
   -7.5000   15.0000  -30.000012805.8857   14.1063
    0.0000   15.0000  -30.000013389.5869   14.0728
    7.5000   15.0000  -30.000012903.6611   14.0507
   -7.5000   22.5000  -30.000011928.5176   14.3120
    0.0000   22.5000  -30.000012454.7314   14.2765
    7.5000   22.5000  -30.000011988.6143   14.2523
   -7.5000   30.0000  -30.000010981.5391   14.3460
    0.0000   30.0000  -30.000011442.1719   14.3121
    7.5000   30.0000  -30.000011021.6699   14.2905
   -7.5000   37.5000  -30.000010521.4873   14.5677
    0.0000   37.5000  -30.000010949.1357   14.5347
    7.5000   37.5000  -30.000010547.8418   14.5178
   -7.5000   45.0000  -30.0000 9720.9150   14.5460
    0.0000   45.0000  -30.000010133.1191   14.5151
    7.5000   45.0000  -30.0000 9740.3203   14.4992
   -7.5000  -45.0000  -22.500011917.8525   14.5260
    0.0000  -45.0000  -22.500012458.9814   14.5043
    7.5000  -45.0000  -22.500011989.0791   14.4955
   -7.5000  -37.5000  -22.500012385.3818   14.6098
    0.0000  -37.5000  -22.500012932.2627   14.5853
    7.5000  -37.5000  -22.500012450.2461   14.5696
   -7.5000  -30.0000  -22.500013239.6309   14.5576
    0.0000  -30.0000  -22.500013851.5615   14.5279
    7.5000  -30.0000  -22.500013327.7363   14.5062
   -7.5000  -22.5000  -22.500013958.0400   14.4798
    0.0000  -22.5000  -22.500014633.6260   14.4475
    7.5000  -22.5000  -22.500014065.8799   14.4265
   -7.5000  -15.0000  -22.500014575.0215   14.3758
    0.0000  -15.0000  -22.500015285.2402   14.3451
    7.5000  -15.0000  -22.500014683.1768   14.3305
   -7.5000   -7.5000  -22.500015040.8789   14.2691
    0.0000   -7.5000  -22.500015777.4395   14.2426
    7.5000   -7.5000  -22.500015142.7969   14.2344
   -7.5000    0.0000  -22.500015358.6631   14.2086
    0.0000    0.0000  -22.500016104.7070   14.1846
    7.5000    0.0000  -22.500015461.8086   14.1773
   -7.5000    7.5000  -22.500014522.7061   14.3488
    0.0000    7.5000  -22.500015214.3896   14.3224
    7.5000    7.5000  -22.500014639.2021   14.3080
   -7.5000   15.0000  -22.500013598.0264   14.5471
    0.0000   15.0000  -22.500014248.9570   14.5155
    7.5000   15.0000  -22.500013713.9033   14.4940
   -7.5000   22.5000  -22.500012630.1055   14.7553
    0.0000   22.5000  -22.500013215.8135   14.7228
    7.5000   22.5000  -22.500012747.1973   14.7005
   -7.5000   30.0000  -22.500011615.4316   14.7943
    0.0000   30.0000  -22.500012107.0742   14.7629
    7.5000   30.0000  -22.500011686.1602   14.7442
   -7.5000   37.5000  -22.500011119.8828   15.0231
    0.0000   37.5000  -22.500011559.3984   14.9921
    7.5000   37.5000  -22.500011168.4072   14.9779
   -7.5000   45.0000  -22.500010258.4854   15.0136
    0.0000   45.0000  -22.500010665.3105   14.9844
    7.5000   45.0000  -22.500010275.0762   14.9694
   -7.5000  -45.0000  -15.000012689.3291   14.8512
    0.0000  -45.0000  -15.000013281.9229   14.8325
    7.5000  -45.0000  -15.000012773.1650   14.8247
   -7.5000  -37.5000  -15.000013165.5322   14.9327
    0.0000  -37.5000  -15.000013793.7471   14.9099
    7.5000  -37.5000  -15.000013274.6045   14.8935
   -7.5000  -30.0000  -15.000014056.4805   14.8726
    0.0000  -30.0000  -15.000014742.3125   14.8442
    7.5000  -30.0000  -15.000014206.5469   14.8216
   -7.5000  -22.5000  -15.000014840.4502   14.7882
    0.0000  -22.5000  -15.000015584.3223   14.7584
    7.5000  -22.5000  -15.000015007.2686   14.7378
   -7.5000  -15.0000  -15.000015495.3154   14.6814
    0.0000  -15.0000  -15.000016277.1533   14.6545
    7.5000  -15.0000  -15.000015663.1328   14.6419
   -7.5000   -7.5000  -15.000015972.5234   14.5753
    0.0000   -7.5000  -15.000016798.6855   14.5527
    7.5000   -7.5000  -15.000016126.2451   14.5466
   -7.5000    0.0000  -15.000016267.5166   14.5154
    0.0000    0.0000  -15.000017102.0098   14.4941
    7.5000    0.0000  -15.000016419.3789   14.4877
   -7.5000    7.5000  -15.000015350.9902   14.6567
    0.0000    7.5000  -15.000016144.5986   14.6318
    7.5000    7.5000  -15.000015508.4473   14.6168
   -7.5000   15.0000  -15.000014339.7471   14.8538
    0.0000   15.0000  -15.000015067.0293   14.8231
    7.5000   15.0000  -15.000014498.6309   14.8008
   -7.5000   22.5000  -15.000013307.0439   15.0609
    0.0000   22.5000  -15.000013952.4307   15.0312
    7.5000   22.5000  -15.000013469.2715   15.0096
   -7.5000   30.0000  -15.000012246.1396   15.1067
    0.0000   30.0000  -15.000012790.1064   15.0794
    7.5000   30.0000  -15.000012356.3809   15.0635
   -7.5000   37.5000  -15.000011707.2744   15.3416
    0.0000   37.5000  -15.000012207.7578   15.3163
    7.5000   37.5000  -15.000011797.8672   15.3057
   -7.5000   45.0000  -15.000010791.8438   15.3450
    0.0000   45.0000  -15.000011252.9590   15.3202
    7.5000   45.0000  -15.000010842.7471   15.3077
   -7.5000  -45.0000   -7.500013408.7402   14.9976
    0.0000  -45.0000   -7.500014071.2617   14.9794
    7.5000  -45.0000   -7.500013543.3877   14.9702
   -7.5000  -37.5000   -7.500013946.2656   15.0764
    0.0000  -37.5000   -7.500014637.1904   15.0520
    7.5000  -37.5000   -7.500014088.7510   15.0334
   -7.5000  -30.0000   -7.500014896.2031   15.0131
    0.0000  -30.0000   -7.500015656.0889   14.9823
    7.5000  -30.0000   -7.500015058.6689   14.9571
   -7.5000  -22.5000   -7.500015732.8311   14.9271
    0.0000  -22.5000   -7.500016529.3574   14.8960
    7.5000  -22.5000   -7.500015914.9238   14.8736
   -7.5000  -15.0000   -7.500016440.8086   14.8202
    0.0000  -15.0000   -7.500017307.1328   14.7937
    7.5000  -15.0000   -7.500016644.0547   14.7800
   -7.5000   -7.5000   -7.500016949.1953   14.7142
    0.0000   -7.5000   -7.500017876.6602   14.6926
    7.5000   -7.5000   -7.500017175.2305   14.6856
   -7.5000    0.0000   -7.500017231.0820   14.6536
    0.0000    0.0000   -7.500018163.1953   14.6326
    7.5000    0.0000   -7.500017457.8066   14.6249
   -7.5000    7.5000   -7.500016236.5420   14.7944
    0.0000    7.5000   -7.500017106.3105   14.7678
    7.5000    7.5000   -7.500016450.6133   14.7507
   -7.5000   15.0000   -7.500015149.0527   14.9909
    0.0000   15.0000   -7.500015943.2236   14.9579
    7.5000   15.0000   -7.500015350.2402   14.9333
   -7.5000   22.5000   -7.500014056.6455   15.1966
    0.0000   22.5000   -7.500014764.0830   15.1653
    7.5000   22.5000   -7.500014234.1035   15.1420
   -7.5000   30.0000   -7.500012940.5693   15.2453
    0.0000   30.0000   -7.500013548.0361   15.2191
    7.5000   30.0000   -7.500013062.6006   15.2027
   -7.5000   37.5000   -7.500012363.5889   15.4818
    0.0000   37.5000   -7.500012951.0684   15.4592
    7.5000   37.5000   -7.500012469.4404   15.4490
   -7.5000   45.0000   -7.500011384.3691   15.4893
    0.0000   45.0000   -7.500011921.1230   15.4660
    7.5000   45.0000   -7.500011462.5312   15.4545
   -7.5000  -45.0000    0.000014041.3066   15.0033
    0.0000  -45.0000    0.000014794.9473   14.9829
    7.5000  -45.0000    0.000014232.0840   14.9718
   -7.5000  -37.5000    0.000014602.6689   15.0813
    0.0000  -37.5000    0.000015398.3105   15.0537
    7.5000  -37.5000    0.000014812.9844   15.0337
   -7.5000  -30.0000    0.000015609.9287   15.0197
    0.0000  -30.0000    0.000016456.6230   14.9848
    7.5000  -30.0000    0.000015825.4844   14.9581
   -7.5000  -22.5000    0.000016511.4922   14.9360
    0.0000  -22.5000    0.000017403.6074   14.9006
    7.5000  -22.5000    0.000016739.5254   14.8760
   -7.5000  -15.0000    0.000017314.3262   14.8294
    0.0000  -15.0000    0.000018316.1934   14.7995
    7.5000  -15.0000    0.000017581.0098   14.7830
   -7.5000   -7.5000    0.000017903.7812   14.7210
    0.0000   -7.5000    0.000019027.4141   14.6970
    7.5000   -7.5000    0.000018201.0586   14.6873
   -7.5000    0.0000    0.000018183.8711   14.6576
    0.0000    0.0000    0.000019329.8398   14.6344
    7.5000    0.0000    0.000018460.0527   14.6249
   -7.5000    7.5000    0.000017081.1836   14.7976
    0.0000    7.5000    0.000018104.8965   14.7680
    7.5000    7.5000    0.000017297.3340   14.7496
   -7.5000   15.0000    0.000015891.0352   14.9953
    0.0000   15.0000    0.000016814.3281   14.9587
    7.5000   15.0000    0.000016080.7734   14.9330
   -7.5000   22.5000    0.000014722.2119   15.2035
    0.0000   22.5000    0.000015534.3350   15.1674
    7.5000   22.5000    0.000014860.4775   15.1419
   -7.5000   30.0000    0.000013558.3193   15.2520
    0.0000   30.0000    0.000014269.1455   15.2225
    7.5000   30.0000    0.000013666.3252   15.2029
   -7.5000   37.5000    0.000012944.1719   15.4868
    0.0000   37.5000    0.000013618.8203   15.4617
    7.5000   37.5000    0.000013049.2832   15.4488
   -7.5000   45.0000    0.000011902.4541   15.4904
    0.0000   45.0000    0.000012495.4482   15.4645
    7.5000   45.0000    0.000011981.9189   15.4517
   -7.5000  -45.0000    7.500013596.2930   15.0433
    0.0000  -45.0000    7.500014360.5596   15.0197
    7.5000  -45.0000    7.500013848.0010   15.0079
   -7.5000  -37.5000    7.500014180.5000   15.1257
    0.0000  -37.5000    7.500014996.9443   15.0965
    7.5000  -37.5000    7.500014430.1582   15.0770
   -7.5000  -30.0000    7.500015145.4102   15.0700
    0.0000  -30.0000    7.500016050.9248   15.0335
    7.5000  -30.0000    7.500015410.4219   15.0072
   -7.5000  -22.5000    7.500016044.7070   14.9900
    0.0000  -22.5000    7.500017009.2148   14.9515
    7.5000  -22.5000    7.500016267.6445   14.9259
   -7.5000  -15.0000    7.500016828.7832   14.8830
    0.0000  -15.0000    7.500018024.3555   14.8485
    7.5000  -15.0000    7.500017124.4336   14.8297
   -7.5000   -7.5000    7.500017405.4180   14.7712
    0.0000   -7.5000    7.500018828.4922   14.7427
    7.5000   -7.5000    7.500017741.0332   14.7309
   -7.5000    0.0000    7.500017699.0352   14.7045
    0.0000    0.0000    7.500019103.9941   14.6783
    7.5000    0.0000    7.500017980.1504   14.6680
   -7.5000    7.5000    7.500016616.9180   14.8475
    0.0000    7.5000    7.500017841.4668   14.8162
    7.5000    7.5000    7.500016850.0391   14.7984
   -7.5000   15.0000    7.500015413.9912   15.0513
    0.0000   15.0000    7.500016464.1230   15.0134
    7.5000   15.0000    7.500015656.9834   14.9882
   -7.5000   22.5000    7.500014275.5635   15.2647
    0.0000   22.5000    7.500015130.7227   15.2253
    7.5000   22.5000    7.500014439.5098   15.1987
   -7.5000   30.0000    7.500013141.6875   15.3105
    0.0000   30.0000    7.500013850.2334   15.2756
    7.5000   30.0000    7.500013249.8379   15.2528
   -7.5000   37.5000    7.500012557.7656   15.5431
    0.0000   37.5000    7.500013211.2783   15.5114
    7.5000   37.5000    7.500012662.4043   15.4947
   -7.5000   45.0000    7.500011533.8906   15.5396
    0.0000   45.0000    7.500012099.1807   15.5087
    7.5000   45.0000    7.500011619.4883   15.4934
   -7.5000  -45.0000   15.000013037.7891   15.0948
    0.0000  -45.0000   15.000013882.2686   15.0696
    7.5000  -45.0000   15.000013276.2188   15.0581
   -7.5000  -37.5000   15.000013587.0195   15.1801
    0.0000  -37.5000   15.000014497.8672   15.1514
    7.5000  -37.5000   15.000013835.3535   15.1335
   -7.5000  -30.0000   15.000014558.3662   15.1286
    0.0000  -30.0000   15.000015543.0615   15.0938
    7.5000  -30.0000   15.000014811.3652   15.0694
   -7.5000  -22.5000   15.000015419.0498   15.0507
    0.0000  -22.5000   15.000016486.5625   15.0129
    7.5000  -22.5000   15.000015684.2754   14.9881
   -7.5000  -15.0000   15.000016123.2178   14.9431
    0.0000  -15.0000   15.000017329.0664   14.9072
    7.5000  -15.0000   15.000016474.6484   14.8887
   -7.5000   -7.5000   15.000016634.5117   14.8300
    0.0000   -7.5000   15.000017871.1016   14.7993
    7.5000   -7.5000   15.000016988.9609   14.7875
   -7.5000    0.0000   15.000016899.3203   14.7630
    0.0000    0.0000   15.000018084.4453   14.7355
    7.5000    0.0000   15.000017198.1074   14.7255
   -7.5000    7.5000   15.000015944.5781   14.9079
    0.0000    7.5000   15.000017033.3164   14.8773
    7.5000    7.5000   15.000016202.8613   14.8608
   -7.5000   15.0000   15.000014823.0654   15.1146
    0.0000   15.0000   15.000015811.1992   15.0784
    7.5000   15.0000   15.000015093.5459   15.0546
   -7.5000   22.5000   15.000013715.3389   15.3294
    0.0000   22.5000   15.000014561.3936   15.2910
    7.5000   22.5000   15.000013911.8838   15.2651
   -7.5000   30.0000   15.000012620.1387   15.3712
    0.0000   30.0000   15.000013313.7451   15.3344
    7.5000   30.0000   15.000012710.8848   15.3113
   -7.5000   37.5000   15.000012012.6426   15.6025
    0.0000   37.5000   15.000012660.8525   15.5667
    7.5000   37.5000   15.000012095.0234   15.5487
   -7.5000   45.0000   15.000011004.1201   15.5962
    0.0000   45.0000   15.000011581.4854   15.5626
    7.5000   45.0000   15.000011088.5664   15.5454
   -7.5000  -45.0000   22.500012339.3154   15.1659
    0.0000  -45.0000   22.500013130.1729   15.1435
    7.5000  -45.0000   22.500012544.8457   15.1337
   -7.5000  -37.5000   22.500012849.6377   15.2522
    0.0000  -37.5000   22.500013677.5273   15.2270
    7.5000  -37.5000   22.500013057.8535   15.2100
   -7.5000  -30.0000   22.500013748.6094   15.1998
    0.0000  -30.0000   22.500014624.1357   15.1692
    7.5000  -30.0000   22.500013985.8232   15.1459
   -7.5000  -22.5000   22.500014578.5576   15.1208
    0.0000  -22.5000   22.500015536.5459   15.0873
    7.5000  -22.5000   22.500014848.5957   15.0647
   -7.5000  -15.0000   22.500015246.8984   15.0141
    0.0000  -15.0000   22.500016281.1631   14.9823
    7.5000  -15.0000   22.500015571.0654   14.9664
   -7.5000   -7.5000   22.500015735.9502   14.9048
    0.0000   -7.5000   22.500016716.5195   14.8773
    7.5000   -7.5000   22.500016029.0850   14.8681
   -7.5000    0.0000   22.500016006.8955   14.8411
    0.0000    0.0000   22.500016965.1484   14.8164
    7.5000    0.0000   22.500016250.2900   14.8080
   -7.5000    7.5000   22.500015113.9746   14.9863
    0.0000    7.5000   22.500016008.4521   14.9591
    7.5000    7.5000   22.500015344.8262   14.9434
   -7.5000   15.0000   22.500014057.4434   15.1909
    0.0000   15.0000   22.500014876.5596   15.1583
    7.5000   15.0000   22.500014281.2881   15.1352
   -7.5000   22.5000   22.500013010.5879   15.4023
    0.0000   22.5000   22.500013709.5342   15.3687
    7.5000   22.5000   22.500013169.4941   15.3450
   -7.5000   30.0000   22.500011955.4971   15.4438
    0.0000   30.0000   22.500012557.4678   15.4112
    7.5000   30.0000   22.500012057.9385   15.3911
   -7.5000   37.5000   22.500011346.5498   15.6778
    0.0000   37.5000   22.500011934.9121   15.6457
    7.5000   37.5000   22.500011438.4824   15.6303
   -7.5000   45.0000   22.500010384.3926   15.6766
    0.0000   45.0000   22.500010922.2070   15.6464
    7.5000   45.0000   22.500010472.2480   15.6302
   -7.5000  -45.0000   30.000011515.3828   15.3029
    0.0000  -45.0000   30.000012209.7773   15.2845
    7.5000  -45.0000   30.000011697.6787   15.2752
   -7.5000  -37.5000   30.000011958.5840   15.3894
    0.0000  -37.5000   30.000012659.7715   15.3669
    7.5000  -37.5000   30.000012131.9639   15.3486
   -7.5000  -30.0000   30.000012819.5420   15.3337
    0.0000  -30.0000   30.000013552.9502   15.3056
    7.5000  -30.0000   30.000012994.8359   15.2807
   -7.5000  -22.5000   30.000013610.0029   15.2525
    0.0000  -22.5000   30.000014415.3906   15.2228
    7.5000  -22.5000   30.000013813.2109   15.2002
   -7.5000  -15.0000   30.000014214.7363   15.1475
    0.0000  -15.0000   30.000015080.2539   15.1207
    7.5000  -15.0000   30.000014460.8125   15.1065
   -7.5000   -7.5000   30.000014664.8506   15.0431
    0.0000   -7.5000   30.000015493.9131   15.0206
    7.5000   -7.5000   30.000014864.0840   15.0132
   -7.5000    0.0000   30.000014950.0928   14.9828
    0.0000    0.0000   30.000015799.2773   14.9619
    7.5000    0.0000   30.000015131.0439   14.9540
   -7.5000    7.5000   30.000014116.1514   15.1277
    0.0000    7.5000   30.000014928.5547   15.1031
    7.5000    7.5000   30.000014287.9922   15.0863
   -7.5000   15.0000   30.000013136.4375   15.3291
    0.0000   15.0000   30.000013892.6445   15.2986
    7.5000   15.0000   30.000013313.2617   15.2741
   -7.5000   22.5000   30.000012159.4053   15.5375
    0.0000   22.5000   30.000012805.7539   15.5079
    7.5000   22.5000   30.000012281.7656   15.4842
   -7.5000   30.0000   30.000011160.4238   15.5821
    0.0000   30.0000   30.000011729.0918   15.5550
    7.5000   30.0000   30.000011242.2090   15.5374
   -7.5000   37.5000   30.000010590.8418   15.8217
    0.0000   37.5000   30.000011128.6016   15.7965
    7.5000   37.5000   30.000010671.3115   15.7844
   -7.5000   45.0000   30.0000 9673.9404   15.8286
    0.0000   45.0000   30.000010166.0869   15.8041
    7.5000   45.0000   30.0000 9743.3945   15.7899
   -7.5000  -45.0000   37.500011097.4150   15.5190
    0.0000  -45.0000   37.500011726.4131   15.5012
    7.5000  -45.0000   37.500011250.2246   15.4895
   -7.5000  -37.5000   37.500011515.3438   15.6058
    0.0000  -37.5000   37.500012164.7617   15.5816
    7.5000  -37.5000   37.500011669.1729   15.5600
   -7.5000  -30.0000   37.500012347.3613   15.5473
    0.0000  -30.0000   37.500013040.3594   15.5165
    7.5000  -30.0000   37.500012502.2939   15.4881
   -7.5000  -22.5000   37.500013098.9766   15.4651
    0.0000  -22.5000   37.500013835.8477   15.4341
    7.5000  -22.5000   37.500013273.0488   15.4087
   -7.5000  -15.0000   37.500013661.8789   15.3616
    0.0000  -15.0000   37.500014438.2510   15.3356
    7.5000  -15.0000   37.500013861.1191   15.3193
   -7.5000   -7.5000   37.500014073.9951   15.2597
    0.0000   -7.5000   37.500014828.0654   15.2388
    7.5000   -7.5000   37.500014237.9062   15.2293
   -7.5000    0.0000   37.500014351.3252   15.2003
    0.0000    0.0000   37.500015127.0312   15.1799
    7.5000    0.0000   37.500014516.5596   15.1697
   -7.5000    7.5000   37.500013563.4971   15.3454
    0.0000    7.5000   37.500014292.6895   15.3191
    7.5000    7.5000   37.500013711.4717   15.2991
   -7.5000   15.0000   37.500012642.8818   15.5464
    0.0000   15.0000   37.500013310.8789   15.5134
    7.5000   15.0000   37.500012778.2354   15.4857
   -7.5000   22.5000   37.500011709.3057   15.7562
    0.0000   22.5000   37.500012299.7314   15.7251
    7.5000   22.5000   37.500011801.5049   15.6987
   -7.5000   30.0000   37.500010755.3301   15.8051
    0.0000   30.0000   37.500011297.1670   15.7794
    7.5000   30.0000   37.500010826.4014   15.7604
   -7.5000   37.5000   37.500010223.7168   16.0524
    0.0000   37.5000   37.500010725.9414   16.0305
    7.5000   37.5000   37.500010293.2471   16.0178
   -7.5000   45.0000   37.5000 9328.8672   16.0658
    0.0000   45.0000   37.5000 9776.9951   16.0430
    7.5000   45.0000   37.5000 9373.7197   16.0288
   -7.5000  -45.0000   45.000010218.9580   15.7508
    0.0000  -45.0000   45.000010778.0771   15.7287
    7.5000  -45.0000   45.000010367.5205   15.7152
   -7.5000  -37.5000   45.000010605.8975   15.8419
    0.0000  -37.5000   45.000011194.3223   15.8123
    7.5000  -37.5000   45.000010761.8008   15.7889
   -7.5000  -30.0000   45.000011348.2031   15.7875
    0.0000  -30.0000   45.000011988.9023   15.7500
    7.5000  -30.0000   45.000011512.0283   15.7189
   -7.5000  -22.5000   45.000012019.8389   15.7079
    0.0000  -22.5000   45.000012682.1475   15.6699
    7.5000  -22.5000   45.000012178.0840   15.6407
   -7.5000  -15.0000   45.000012540.7656   15.6025
    0.0000  -15.0000   45.000013224.0527   15.5704
    7.5000  -15.0000   45.000012694.0029   15.5501
   -7.5000   -7.5000   45.000012907.5693   15.4950
    0.0000   -7.5000   45.000013588.2002   15.4693
    7.5000   -7.5000   45.000013042.2812   15.4569
   -7.5000    0.0000   45.000013164.9570   15.4313
    0.0000    0.0000   45.000013855.8906   15.4067
    7.5000    0.0000   45.000013307.9434   15.3947
   -7.5000    7.5000   45.000012451.1582   15.5806
    0.0000    7.5000   45.000013092.4658   15.5490
    7.5000    7.5000   45.000012580.7197   15.5272
   -7.5000   15.0000   45.000011610.0840   15.7903
    0.0000   15.0000   45.000012204.4834   15.7512
    7.5000   15.0000   45.000011724.7354   15.7212
   -7.5000   22.5000   45.000010755.4307   16.0097
    0.0000   22.5000   45.000011281.7500   15.9710
    7.5000   22.5000   45.000010827.7852   15.9408
   -7.5000   30.0000   45.0000 9903.5000   16.0596
    0.0000   30.0000   45.000010380.5752   16.0279
    7.5000   30.0000   45.0000 9954.0693   16.0043
   -7.5000   37.5000   45.0000 9429.1484   16.3091
    0.0000   37.5000   45.0000 9888.3096   16.2822
    7.5000   37.5000   45.0000 9484.3330   16.2664
   -7.5000   45.0000   45.0000 8599.1484   16.3264
    0.0000   45.0000   45.0000 9022.6016   16.2984
    7.5000   45.0000   45.0000 8649.6055   16.2832

---------------------------------------------------------------------
imgreg_4dfp /opt/freesurfer/average/711-2C_as_mni_average_305 /opt/freesurfer/average/711-2B_as_mni_average_305_mask talsrcimg_g11 none talsrcimg_to_711-2C_as_mni_average_305_t4 4355
---------------------------------------------------------------------

freesurfer imgreg_4dfp.c
/opt/freesurfer/average/711-2C_as_mni_average_305.4dfp.img
       256       256       256         1
  1.000000  1.000000  1.000000
orientation T byte_order littleendian
Reading image: /opt/freesurfer/average/711-2C_as_mni_average_305.4dfp.img
dimensions:      256       256       256
mmppix:       1.0000   -1.0000   -1.0000
center:     128.0000 -129.0000 -129.0000
/opt/freesurfer/average/711-2B_as_mni_average_305_mask.4dfp.img
       256       256       256         1
  1.000000  1.000000  1.000000
orientation T byte_order littleendian
Reading mask: /opt/freesurfer/average/711-2B_as_mni_average_305_mask.4dfp.img (2306576 pixels)
talsrcimg_g11.4dfp.img
       256       256       256         1
  1.000000  1.000000  1.000000
orientation T byte_order littleendian
Reading image: talsrcimg_g11.4dfp.img
dimensions:      256       256       256
mmppix:       1.0000   -1.0000   -1.0000
center:     128.0000 -129.0000 -129.0000
rotation matrix determinant  1.000000
image alignment mode   4355 decimal     1103 hex
   -7.5000  -45.0000  -45.0000 2329.9707   16.9683
    0.0000  -45.0000  -45.0000 2346.0010   16.8650
    7.5000  -45.0000  -45.0000 2336.5786   16.8797
   -7.5000  -37.5000  -45.0000 2367.8013   16.2342
    0.0000  -37.5000  -45.0000 2384.1885   16.1264
    7.5000  -37.5000  -45.0000 2375.3643   16.1674
   -7.5000  -30.0000  -45.0000 2391.0549   15.6534
    0.0000  -30.0000  -45.0000 2405.3733   15.5320
    7.5000  -30.0000  -45.0000 2395.6113   15.5918
   -7.5000  -22.5000  -45.0000 2407.0378   15.2117
    0.0000  -22.5000  -45.0000 2427.9048   15.0793
    7.5000  -22.5000  -45.0000 2418.1619   15.1423
   -7.5000  -15.0000  -45.0000 2422.0422   14.9278
    0.0000  -15.0000  -45.0000 2441.9543   14.7562
    7.5000  -15.0000  -45.0000 2428.6880   14.8291
   -7.5000   -7.5000  -45.0000 2424.6528   14.9365
    0.0000   -7.5000  -45.0000 2447.7280   14.7340
    7.5000   -7.5000  -45.0000 2433.1118   14.7861
   -7.5000    0.0000  -45.0000 2407.3779   15.1975
    0.0000    0.0000  -45.0000 2431.1182   14.9824
    7.5000    0.0000  -45.0000 2417.3323   15.0420
   -7.5000    7.5000  -45.0000 2371.2334   15.7286
    0.0000    7.5000  -45.0000 2397.2058   15.5068
    7.5000    7.5000  -45.0000 2387.0391   15.5899
   -7.5000   15.0000  -45.0000 2321.0012   16.4839
    0.0000   15.0000  -45.0000 2347.3899   16.2518
    7.5000   15.0000  -45.0000 2337.4448   16.3261
   -7.5000   22.5000  -45.0000 2261.1760   17.5326
    0.0000   22.5000  -45.0000 2283.4463   17.2903
    7.5000   22.5000  -45.0000 2273.7524   17.3712
   -7.5000   30.0000  -45.0000 2185.4082   18.9150
    0.0000   30.0000  -45.0000 2205.1370   18.6712
    7.5000   30.0000  -45.0000 2195.1008   18.7469
   -7.5000   37.5000  -45.0000 2101.7139   20.7975
    0.0000   37.5000  -45.0000 2119.7500   20.5516
    7.5000   37.5000  -45.0000 2107.5508   20.6176
   -7.5000   45.0000  -45.0000 2000.4110   23.3716
    0.0000   45.0000  -45.0000 2024.6823   23.0927
    7.5000   45.0000  -45.0000 2010.4138   23.1487
   -7.5000  -45.0000  -37.5000 2419.5139   15.8229
    0.0000  -45.0000  -37.5000 2436.8201   15.6921
    7.5000  -45.0000  -37.5000 2426.2244   15.7183
   -7.5000  -37.5000  -37.5000 2456.3057   15.1381
    0.0000  -37.5000  -37.5000 2473.7527   15.0254
    7.5000  -37.5000  -37.5000 2464.4312   15.0649
   -7.5000  -30.0000  -37.5000 2481.2065   14.5957
    0.0000  -30.0000  -37.5000 2500.0027   14.4712
    7.5000  -30.0000  -37.5000 2490.4189   14.5220
   -7.5000  -22.5000  -37.5000 2497.1223   14.1797
    0.0000  -22.5000  -37.5000 2518.7444   14.0239
    7.5000  -22.5000  -37.5000 2508.9675   14.0838
   -7.5000  -15.0000  -37.5000 2508.9172   13.9203
    0.0000  -15.0000  -37.5000 2532.0535   13.7323
    7.5000  -15.0000  -37.5000 2517.3062   13.8157
   -7.5000   -7.5000  -37.5000 2514.8667   13.8813
    0.0000   -7.5000  -37.5000 2539.4272   13.6886
    7.5000   -7.5000  -37.5000 2522.5288   13.7591
   -7.5000    0.0000  -37.5000 2499.4727   14.0751
    0.0000    0.0000  -37.5000 2524.3923   13.8543
    7.5000    0.0000  -37.5000 2509.4912   13.9492
   -7.5000    7.5000  -37.5000 2465.7888   14.5270
    0.0000    7.5000  -37.5000 2494.6533   14.2976
    7.5000    7.5000  -37.5000 2481.4233   14.3991
   -7.5000   15.0000  -37.5000 2414.9780   15.2363
    0.0000   15.0000  -37.5000 2442.4246   14.9880
    7.5000   15.0000  -37.5000 2432.0720   15.0770
   -7.5000   22.5000  -37.5000 2351.2305   16.2043
    0.0000   22.5000  -37.5000 2374.5801   15.9260
    7.5000   22.5000  -37.5000 2360.8306   16.0225
   -7.5000   30.0000  -37.5000 2266.8584   17.4954
    0.0000   30.0000  -37.5000 2286.2610   17.2231
    7.5000   30.0000  -37.5000 2275.5337   17.3008
   -7.5000   37.5000  -37.5000 2175.4041   19.2427
    0.0000   37.5000  -37.5000 2193.6282   18.9522
    7.5000   37.5000  -37.5000 2180.6008   19.0517
   -7.5000   45.0000  -37.5000 2068.5125   21.5689
    0.0000   45.0000  -37.5000 2092.6201   21.2804
    7.5000   45.0000  -37.5000 2076.9546   21.3471
   -7.5000  -45.0000  -30.0000 2551.4417   15.2408
    0.0000  -45.0000  -30.0000 2572.3577   15.0877
    7.5000  -45.0000  -30.0000 2558.7756   15.1746
   -7.5000  -37.5000  -30.0000 2587.3623   14.6023
    0.0000  -37.5000  -30.0000 2606.9771   14.4489
    7.5000  -37.5000  -30.0000 2595.4814   14.5098
   -7.5000  -30.0000  -30.0000 2615.7837   14.0750
    0.0000  -30.0000  -30.0000 2638.4861   13.9290
    7.5000  -30.0000  -30.0000 2627.6895   13.9700
   -7.5000  -22.5000  -30.0000 2639.9036   13.6682
    0.0000  -22.5000  -30.0000 2660.8940   13.5023
    7.5000  -22.5000  -30.0000 2650.7483   13.5487
   -7.5000  -15.0000  -30.0000 2650.3062   13.4279
    0.0000  -15.0000  -30.0000 2676.8240   13.2392
    7.5000  -15.0000  -30.0000 2664.6362   13.3151
   -7.5000   -7.5000  -30.0000 2656.8970   13.3675
    0.0000   -7.5000  -30.0000 2684.4827   13.1689
    7.5000   -7.5000  -30.0000 2666.3225   13.2660
   -7.5000    0.0000  -30.0000 2645.0020   13.5235
    0.0000    0.0000  -30.0000 2673.7234   13.3155
    7.5000    0.0000  -30.0000 2656.9419   13.4249
   -7.5000    7.5000  -30.0000 2616.9609   13.9213
    0.0000    7.5000  -30.0000 2647.5557   13.7082
    7.5000    7.5000  -30.0000 2633.9873   13.8061
   -7.5000   15.0000  -30.0000 2561.4607   14.5868
    0.0000   15.0000  -30.0000 2591.8145   14.3516
    7.5000   15.0000  -30.0000 2577.1270   14.4419
   -7.5000   22.5000  -30.0000 2488.3833   15.5217
    0.0000   22.5000  -30.0000 2516.7056   15.2625
    7.5000   22.5000  -30.0000 2501.6675   15.3410
   -7.5000   30.0000  -30.0000 2395.0610   16.7624
    0.0000   30.0000  -30.0000 2416.8335   16.4682
    7.5000   30.0000  -30.0000 2404.9316   16.5686
   -7.5000   37.5000  -30.0000 2293.4246   18.4229
    0.0000   37.5000  -30.0000 2311.9346   18.1343
    7.5000   37.5000  -30.0000 2300.4429   18.2250
   -7.5000   45.0000  -30.0000 2174.6685   20.6366
    0.0000   45.0000  -30.0000 2198.8403   20.3626
    7.5000   45.0000  -30.0000 2186.8569   20.4048
   -7.5000  -45.0000  -22.5000 2643.4556   14.5884
    0.0000  -45.0000  -22.5000 2660.5671   14.4595
    7.5000  -45.0000  -22.5000 2653.5581   14.5601
   -7.5000  -37.5000  -22.5000 2687.2034   13.9359
    0.0000  -37.5000  -22.5000 2700.1631   13.7874
    7.5000  -37.5000  -22.5000 2694.5337   13.8714
   -7.5000  -30.0000  -22.5000 2720.9028   13.4432
    0.0000  -30.0000  -22.5000 2743.3650   13.2771
    7.5000  -30.0000  -22.5000 2732.7009   13.3350
   -7.5000  -22.5000  -22.5000 2743.1318   13.0672
    0.0000  -22.5000  -22.5000 2771.0300   12.9034
    7.5000  -22.5000  -22.5000 2756.9026   12.9577
   -7.5000  -15.0000  -22.5000 2763.2471   12.8498
    0.0000  -15.0000  -22.5000 2792.5879   12.6629
    7.5000  -15.0000  -22.5000 2776.6753   12.7331
   -7.5000   -7.5000  -22.5000 2772.4963   12.7931
    0.0000   -7.5000  -22.5000 2806.0056   12.6080
    7.5000   -7.5000  -22.5000 2785.0278   12.6873
   -7.5000    0.0000  -22.5000 2765.6887   12.9305
    0.0000    0.0000  -22.5000 2800.0886   12.7321
    7.5000    0.0000  -22.5000 2778.9248   12.8245
   -7.5000    7.5000  -22.5000 2735.9429   13.3092
    0.0000    7.5000  -22.5000 2768.0129   13.0824
    7.5000    7.5000  -22.5000 2753.7195   13.1675
   -7.5000   15.0000  -22.5000 2674.4956   13.9267
    0.0000   15.0000  -22.5000 2709.5054   13.6932
    7.5000   15.0000  -22.5000 2694.9905   13.7622
   -7.5000   22.5000  -22.5000 2594.3755   14.8054
    0.0000   22.5000  -22.5000 2626.3950   14.5589
    7.5000   22.5000  -22.5000 2614.3228   14.6323
   -7.5000   30.0000  -22.5000 2490.7036   16.0164
    0.0000   30.0000  -22.5000 2515.7869   15.7525
    7.5000   30.0000  -22.5000 2504.7275   15.8376
   -7.5000   37.5000  -22.5000 2381.1099   17.6383
    0.0000   37.5000  -22.5000 2400.9082   17.3543
    7.5000   37.5000  -22.5000 2390.9089   17.4556
   -7.5000   45.0000  -22.5000 2256.8655   19.7529
    0.0000   45.0000  -22.5000 2276.3145   19.4397
    7.5000   45.0000  -22.5000 2266.4993   19.5571
   -7.5000  -45.0000  -15.0000 2704.6865   13.9656
    0.0000  -45.0000  -15.0000 2719.2405   13.8413
    7.5000  -45.0000  -15.0000 2709.0579   13.9344
   -7.5000  -37.5000  -15.0000 2749.4138   13.3164
    0.0000  -37.5000  -15.0000 2765.0127   13.1797
    7.5000  -37.5000  -15.0000 2756.7329   13.2661
   -7.5000  -30.0000  -15.0000 2788.1306   12.8265
    0.0000  -30.0000  -15.0000 2809.2151   12.6758
    7.5000  -30.0000  -15.0000 2801.2773   12.7470
   -7.5000  -22.5000  -15.0000 2815.2092   12.4656
    0.0000  -22.5000  -15.0000 2844.7375   12.3000
    7.5000  -22.5000  -15.0000 2831.7571   12.3765
   -7.5000  -15.0000  -15.0000 2841.0022   12.2636
    0.0000  -15.0000  -15.0000 2871.9636   12.1006
    7.5000  -15.0000  -15.0000 2855.1494   12.1638
   -7.5000   -7.5000  -15.0000 2856.4065   12.2269
    0.0000   -7.5000  -15.0000 2889.7329   12.0572
    7.5000   -7.5000  -15.0000 2868.0344   12.1137
   -7.5000    0.0000  -15.0000 2852.4805   12.3617
    0.0000    0.0000  -15.0000 2892.5647   12.1639
    7.5000    0.0000  -15.0000 2869.5420   12.2416
   -7.5000    7.5000  -15.0000 2818.4121   12.7103
    0.0000    7.5000  -15.0000 2859.4768   12.4919
    7.5000    7.5000  -15.0000 2840.8701   12.5673
   -7.5000   15.0000  -15.0000 2752.7651   13.3174
    0.0000   15.0000  -15.0000 2790.6401   13.0702
    7.5000   15.0000  -15.0000 2777.7964   13.1508
   -7.5000   22.5000  -15.0000 2664.9414   14.1727
    0.0000   22.5000  -15.0000 2701.6494   13.9234
    7.5000   22.5000  -15.0000 2687.9941   14.0280
   -7.5000   30.0000  -15.0000 2555.3540   15.3588
    0.0000   30.0000  -15.0000 2586.4341   15.1102
    7.5000   30.0000  -15.0000 2572.9080   15.2225
   -7.5000   37.5000  -15.0000 2435.9958   16.9400
    0.0000   37.5000  -15.0000 2463.3035   16.6787
    7.5000   37.5000  -15.0000 2452.8459   16.7879
   -7.5000   45.0000  -15.0000 2307.3167   19.0103
    0.0000   45.0000  -15.0000 2331.1670   18.7181
    7.5000   45.0000  -15.0000 2322.1770   18.8277
   -7.5000  -45.0000   -7.5000 2734.2505   13.4705
    0.0000  -45.0000   -7.5000 2753.2695   13.3288
    7.5000  -45.0000   -7.5000 2746.6836   13.4257
   -7.5000  -37.5000   -7.5000 2783.0154   12.8214
    0.0000  -37.5000   -7.5000 2800.0942   12.6727
    7.5000  -37.5000   -7.5000 2795.5691   12.7663
   -7.5000  -30.0000   -7.5000 2825.7317   12.3198
    0.0000  -30.0000   -7.5000 2849.1570   12.1744
    7.5000  -30.0000   -7.5000 2838.7993   12.2331
   -7.5000  -22.5000   -7.5000 2864.5403   11.9466
    0.0000  -22.5000   -7.5000 2892.0950   11.7691
    7.5000  -22.5000   -7.5000 2879.5437   11.8373
   -7.5000  -15.0000   -7.5000 2892.9600   11.7652
    0.0000  -15.0000   -7.5000 2927.1628   11.5878
    7.5000  -15.0000   -7.5000 2910.6423   11.6418
   -7.5000   -7.5000   -7.5000 2915.5569   11.7336
    0.0000   -7.5000   -7.5000 2957.5281   11.5335
    7.5000   -7.5000   -7.5000 2935.6091   11.6110
   -7.5000    0.0000   -7.5000 2912.8367   11.8584
    0.0000    0.0000   -7.5000 2961.5146   11.6501
    7.5000    0.0000   -7.5000 2938.2375   11.7440
   -7.5000    7.5000   -7.5000 2877.5161   12.1947
    0.0000    7.5000   -7.5000 2925.5144   11.9556
    7.5000    7.5000   -7.5000 2904.2395   12.0624
   -7.5000   15.0000   -7.5000 2806.4458   12.7783
    0.0000   15.0000   -7.5000 2848.6323   12.5334
    7.5000   15.0000   -7.5000 2832.7263   12.6249
   -7.5000   22.5000   -7.5000 2709.4897   13.6332
    0.0000   22.5000   -7.5000 2747.7556   13.3916
    7.5000   22.5000   -7.5000 2734.5425   13.4884
   -7.5000   30.0000   -7.5000 2594.7686   14.8410
    0.0000   30.0000   -7.5000 2629.2419   14.5876
    7.5000   30.0000   -7.5000 2614.1794   14.6861
   -7.5000   37.5000   -7.5000 2467.4492   16.4210
    0.0000   37.5000   -7.5000 2501.5261   16.1264
    7.5000   37.5000   -7.5000 2487.4504   16.2441
   -7.5000   45.0000   -7.5000 2333.6838   18.4318
    0.0000   45.0000   -7.5000 2362.8501   18.1016
    7.5000   45.0000   -7.5000 2352.8176   18.2384
   -7.5000  -45.0000    0.0000 2743.2480   13.1980
    0.0000  -45.0000    0.0000 2762.6147   13.0624
    7.5000  -45.0000    0.0000 2759.6328   13.1422
   -7.5000  -37.5000    0.0000 2794.7112   12.5373
    0.0000  -37.5000    0.0000 2813.5234   12.3852
    7.5000  -37.5000    0.0000 2809.2009   12.4522
   -7.5000  -30.0000    0.0000 2843.9854   12.0110
    0.0000  -30.0000    0.0000 2867.0173   11.8583
    7.5000  -30.0000    0.0000 2858.6003   11.9051
   -7.5000  -22.5000    0.0000 2890.5608   11.6388
    0.0000  -22.5000    0.0000 2920.4038   11.4647
    7.5000  -22.5000    0.0000 2910.3440   11.5101
   -7.5000  -15.0000    0.0000 2929.8523   11.4696
    0.0000  -15.0000    0.0000 2969.8176   11.2979
    7.5000  -15.0000    0.0000 2953.6875   11.3319
   -7.5000   -7.5000    0.0000 2956.9734   11.4507
    0.0000   -7.5000    0.0000 3009.9690   11.2991
    7.5000   -7.5000    0.0000 2988.4312   11.3187
   -7.5000    0.0000    0.0000 2952.4387   11.5614
    0.0000    0.0000    0.0000 3015.3062   11.3786
    7.5000    0.0000    0.0000 2985.7134   11.4247
   -7.5000    7.5000    0.0000 2910.0471   11.8632
    0.0000    7.5000    0.0000 2965.4402   11.6699
    7.5000    7.5000    0.0000 2940.4631   11.7197
   -7.5000   15.0000    0.0000 2839.9307   12.4110
    0.0000   15.0000    0.0000 2885.7808   12.2038
    7.5000   15.0000    0.0000 2868.9263   12.2455
   -7.5000   22.5000    0.0000 2734.6411   13.2913
    0.0000   22.5000    0.0000 2775.9050   13.0676
    7.5000   22.5000    0.0000 2761.0010   13.1218
   -7.5000   30.0000    0.0000 2613.5991   14.4953
    0.0000   30.0000    0.0000 2648.6831   14.2804
    7.5000   30.0000    0.0000 2633.6799   14.3324
   -7.5000   37.5000    0.0000 2482.9309   16.0190
    0.0000   37.5000    0.0000 2516.6880   15.7934
    7.5000   37.5000    0.0000 2502.6746   15.8475
   -7.5000   45.0000    0.0000 2347.1890   17.9774
    0.0000   45.0000    0.0000 2371.8032   17.7080
    7.5000   45.0000    0.0000 2365.0088   17.7816
   -7.5000  -45.0000    7.5000 2736.0212   13.1264
    0.0000  -45.0000    7.5000 2753.7834   12.9592
    7.5000  -45.0000    7.5000 2754.4038   13.0463
   -7.5000  -37.5000    7.5000 2790.6528   12.4498
    0.0000  -37.5000    7.5000 2810.6086   12.2874
    7.5000  -37.5000    7.5000 2806.2688   12.3393
   -7.5000  -30.0000    7.5000 2840.8721   11.9262
    0.0000  -30.0000    7.5000 2871.6106   11.7681
    7.5000  -30.0000    7.5000 2863.5759   11.7824
   -7.5000  -22.5000    7.5000 2895.7412   11.5430
    0.0000  -22.5000    7.5000 2933.8040   11.3844
    7.5000  -22.5000    7.5000 2923.5422   11.3776
   -7.5000  -15.0000    7.5000 2945.7168   11.3614
    0.0000  -15.0000    7.5000 2989.4849   11.2388
    7.5000  -15.0000    7.5000 2976.7368   11.1890
   -7.5000   -7.5000    7.5000 2974.3828   11.3278
    0.0000   -7.5000    7.5000 3033.7820   11.2556
    7.5000   -7.5000    7.5000 3012.4094   11.1684
   -7.5000    0.0000    7.5000 2967.0974   11.4405
    0.0000    0.0000    7.5000 3029.2869   11.3600
    7.5000    0.0000    7.5000 3003.5452   11.2842
   -7.5000    7.5000    7.5000 2918.5225   11.7786
    0.0000    7.5000    7.5000 2977.0002   11.6352
    7.5000    7.5000    7.5000 2952.1389   11.6117
   -7.5000   15.0000    7.5000 2843.0027   12.3346
    0.0000   15.0000    7.5000 2892.6387   12.1496
    7.5000   15.0000    7.5000 2877.5789   12.1571
   -7.5000   22.5000    7.5000 2739.6177   13.1988
    0.0000   22.5000    7.5000 2778.3359   12.9667
    7.5000   22.5000    7.5000 2767.0566   13.0084
   -7.5000   30.0000    7.5000 2620.1223   14.3576
    0.0000   30.0000    7.5000 2650.2910   14.1124
    7.5000   30.0000    7.5000 2638.9521   14.1826
   -7.5000   37.5000    7.5000 2485.8901   15.8364
    0.0000   37.5000    7.5000 2514.9783   15.5717
    7.5000   37.5000    7.5000 2505.4756   15.6743
   -7.5000   45.0000    7.5000 2344.4067   17.7561
    0.0000   45.0000    7.5000 2366.9490   17.4761
    7.5000   45.0000    7.5000 2361.7432   17.5605
   -7.5000  -45.0000   15.0000 2716.2273   13.2630
    0.0000  -45.0000   15.0000 2735.2117   13.1221
    7.5000  -45.0000   15.0000 2733.3247   13.1281
   -7.5000  -37.5000   15.0000 2767.8193   12.5673
    0.0000  -37.5000   15.0000 2786.8464   12.4239
    7.5000  -37.5000   15.0000 2783.9841   12.4130
   -7.5000  -30.0000   15.0000 2825.6819   12.0341
    0.0000  -30.0000   15.0000 2855.9175   11.8916
    7.5000  -30.0000   15.0000 2848.7324   11.8735
   -7.5000  -22.5000   15.0000 2885.9407   11.6611
    0.0000  -22.5000   15.0000 2923.8215   11.4890
    7.5000  -22.5000   15.0000 2914.7151   11.4627
   -7.5000  -15.0000   15.0000 2940.3345   11.4304
    0.0000  -15.0000   15.0000 2990.0342   11.2835
    7.5000  -15.0000   15.0000 2977.4038   11.2514
   -7.5000   -7.5000   15.0000 2970.0828   11.3497
    0.0000   -7.5000   15.0000 3034.7627   11.1996
    7.5000   -7.5000   15.0000 3014.8611   11.2004
   -7.5000    0.0000   15.0000 2955.7446   11.4998
    0.0000    0.0000   15.0000 3018.3457   11.2864
    7.5000    0.0000   15.0000 2991.0100   11.3426
   -7.5000    7.5000   15.0000 2901.3376   11.9005
    0.0000    7.5000   15.0000 2959.0557   11.6573
    7.5000    7.5000   15.0000 2935.2893   11.7191
   -7.5000   15.0000   15.0000 2818.0466   12.5249
    0.0000   15.0000   15.0000 2863.4331   12.3017
    7.5000   15.0000   15.0000 2850.8608   12.3354
   -7.5000   22.5000   15.0000 2718.2253   13.3689
    0.0000   22.5000   15.0000 2751.2812   13.1409
    7.5000   22.5000   15.0000 2742.8059   13.1633
   -7.5000   30.0000   15.0000 2605.2080   14.4797
    0.0000   30.0000   15.0000 2625.4065   14.2505
    7.5000   30.0000   15.0000 2617.6873   14.3015
   -7.5000   37.5000   15.0000 2475.0532   15.9069
    0.0000   37.5000   15.0000 2494.8628   15.6301
    7.5000   37.5000   15.0000 2487.1487   15.7214
   -7.5000   45.0000   15.0000 2329.0925   17.7696
    0.0000   45.0000   15.0000 2349.9839   17.4694
    7.5000   45.0000   15.0000 2346.5540   17.5472
   -7.5000  -45.0000   22.5000 2692.4358   13.5391
    0.0000  -45.0000   22.5000 2707.2812   13.3800
    7.5000  -45.0000   22.5000 2707.6038   13.3808
   -7.5000  -37.5000   22.5000 2744.4363   12.8338
    0.0000  -37.5000   22.5000 2761.0049   12.6465
    7.5000  -37.5000   22.5000 2759.7859   12.6517
   -7.5000  -30.0000   22.5000 2799.8547   12.3123
    0.0000  -30.0000   22.5000 2824.9712   12.1084
    7.5000  -30.0000   22.5000 2824.9114   12.1068
   -7.5000  -22.5000   22.5000 2858.1758   11.9376
    0.0000  -22.5000   22.5000 2895.7273   11.7184
    7.5000  -22.5000   22.5000 2890.3752   11.7230
   -7.5000  -15.0000   22.5000 2909.6738   11.7171
    0.0000  -15.0000   22.5000 2960.7368   11.5231
    7.5000  -15.0000   22.5000 2946.6177   11.5247
   -7.5000   -7.5000   22.5000 2938.7170   11.6344
    0.0000   -7.5000   22.5000 2994.8242   11.4004
    7.5000   -7.5000   22.5000 2979.5068   11.4658
   -7.5000    0.0000   22.5000 2921.0110   11.7896
    0.0000    0.0000   22.5000 2974.5386   11.5242
    7.5000    0.0000   22.5000 2954.6287   11.6199
   -7.5000    7.5000   22.5000 2868.6812   12.2142
    0.0000    7.5000   22.5000 2918.0452   11.9397
    7.5000    7.5000   22.5000 2901.1804   12.0233
   -7.5000   15.0000   22.5000 2782.7644   12.8769
    0.0000   15.0000   22.5000 2824.5222   12.5931
    7.5000   15.0000   22.5000 2813.7664   12.6476
   -7.5000   22.5000   22.5000 2681.2886   13.7377
    0.0000   22.5000   22.5000 2712.8674   13.4541
    7.5000   22.5000   22.5000 2704.0151   13.4962
   -7.5000   30.0000   22.5000 2567.7043   14.8323
    0.0000   30.0000   22.5000 2589.9680   14.5696
    7.5000   30.0000   22.5000 2585.9673   14.6219
   -7.5000   37.5000   22.5000 2440.9426   16.2411
    0.0000   37.5000   22.5000 2462.3140   15.9709
    7.5000   37.5000   22.5000 2452.7246   16.0357
   -7.5000   45.0000   22.5000 2294.9033   18.0577
    0.0000   45.0000   22.5000 2318.2122   17.7759
    7.5000   45.0000   22.5000 2312.9036   17.8370
   -7.5000  -45.0000   30.0000 2656.8257   13.9646
    0.0000  -45.0000   30.0000 2678.0857   13.7242
    7.5000  -45.0000   30.0000 2675.5603   13.7481
   -7.5000  -37.5000   30.0000 2706.6414   13.2415
    0.0000  -37.5000   30.0000 2727.7126   12.9984
    7.5000  -37.5000   30.0000 2723.7029   13.0221
   -7.5000  -30.0000   30.0000 2763.0232   12.7476
    0.0000  -30.0000   30.0000 2785.0154   12.4860
    7.5000  -30.0000   30.0000 2785.3367   12.5174
   -7.5000  -22.5000   30.0000 2819.5325   12.3957
    0.0000  -22.5000   30.0000 2851.0996   12.1563
    7.5000  -22.5000   30.0000 2846.9102   12.1666
   -7.5000  -15.0000   30.0000 2860.1494   12.2016
    0.0000  -15.0000   30.0000 2902.8235   11.9533
    7.5000  -15.0000   30.0000 2893.1064   11.9799
   -7.5000   -7.5000   30.0000 2883.4426   12.1503
    0.0000   -7.5000   30.0000 2927.4265   11.8822
    7.5000   -7.5000   30.0000 2915.1057   11.9346
   -7.5000    0.0000   30.0000 2863.1233   12.3307
    0.0000    0.0000   30.0000 2906.2102   12.0890
    7.5000    0.0000   30.0000 2891.1025   12.1493
   -7.5000    7.5000   30.0000 2812.1453   12.7603
    0.0000    7.5000   30.0000 2852.9067   12.5122
    7.5000    7.5000   30.0000 2839.8220   12.5664
   -7.5000   15.0000   30.0000 2730.9565   13.3805
    0.0000   15.0000   30.0000 2772.5881   13.1175
    7.5000   15.0000   30.0000 2761.1660   13.1618
   -7.5000   22.5000   30.0000 2634.3572   14.2275
    0.0000   22.5000   30.0000 2663.7319   13.9431
    7.5000   22.5000   30.0000 2655.7410   14.0037
   -7.5000   30.0000   30.0000 2518.8940   15.3122
    0.0000   30.0000   30.0000 2544.2021   15.0443
    7.5000   30.0000   30.0000 2537.8970   15.0979
   -7.5000   37.5000   30.0000 2391.9600   16.7322
    0.0000   37.5000   30.0000 2415.8601   16.4412
    7.5000   37.5000   30.0000 2407.8442   16.4998
   -7.5000   45.0000   30.0000 2250.4065   18.5474
    0.0000   45.0000   30.0000 2271.8057   18.2421
    7.5000   45.0000   30.0000 2267.5237   18.3045
   -7.5000  -45.0000   37.5000 2618.2031   14.5294
    0.0000  -45.0000   37.5000 2640.5366   14.2396
    7.5000  -45.0000   37.5000 2636.8057   14.2723
   -7.5000  -37.5000   37.5000 2662.7830   13.8247
    0.0000  -37.5000   37.5000 2688.3201   13.5302
    7.5000  -37.5000   37.5000 2683.6277   13.5597
   -7.5000  -30.0000   37.5000 2713.4983   13.3559
    0.0000  -30.0000   37.5000 2741.1755   13.0697
    7.5000  -30.0000   37.5000 2736.8030   13.0807
   -7.5000  -22.5000   37.5000 2763.7161   13.0286
    0.0000  -22.5000   37.5000 2794.2812   12.7498
    7.5000  -22.5000   37.5000 2789.2373   12.7523
   -7.5000  -15.0000   37.5000 2792.9954   12.8387
    0.0000  -15.0000   37.5000 2831.1357   12.5676
    7.5000  -15.0000   37.5000 2823.9341   12.6003
   -7.5000   -7.5000   37.5000 2803.4863   12.8322
    0.0000   -7.5000   37.5000 2840.2681   12.5525
    7.5000   -7.5000   37.5000 2830.3665   12.6001
   -7.5000    0.0000   37.5000 2787.1272   13.0384
    0.0000    0.0000   37.5000 2821.7112   12.8009
    7.5000    0.0000   37.5000 2811.4385   12.8421
   -7.5000    7.5000   37.5000 2739.6943   13.4572
    0.0000    7.5000   37.5000 2775.5986   13.2276
    7.5000    7.5000   37.5000 2763.8962   13.2685
   -7.5000   15.0000   37.5000 2669.2622   14.0729
    0.0000   15.0000   37.5000 2705.8052   13.8154
    7.5000   15.0000   37.5000 2693.1262   13.8615
   -7.5000   22.5000   37.5000 2574.8730   14.9044
    0.0000   22.5000   37.5000 2600.7798   14.6173
    7.5000   22.5000   37.5000 2594.2920   14.6786
   -7.5000   30.0000   37.5000 2464.0684   15.9672
    0.0000   30.0000   37.5000 2489.0479   15.6846
    7.5000   30.0000   37.5000 2482.3545   15.7464
   -7.5000   37.5000   37.5000 2337.8909   17.3786
    0.0000   37.5000   37.5000 2361.4863   17.1154
    7.5000   37.5000   37.5000 2356.4641   17.1473
   -7.5000   45.0000   37.5000 2197.3718   19.1676
    0.0000   45.0000   37.5000 2217.6248   18.8833
    7.5000   45.0000   37.5000 2215.9905   18.9575
   -7.5000  -45.0000   45.0000 2566.3232   15.2600
    0.0000  -45.0000   45.0000 2595.9695   14.9280
    7.5000  -45.0000   45.0000 2590.6062   14.9627
   -7.5000  -37.5000   45.0000 2610.8831   14.5777
    0.0000  -37.5000   45.0000 2644.0513   14.2496
    7.5000  -37.5000   45.0000 2637.8135   14.2826
   -7.5000  -30.0000   45.0000 2653.9668   14.1151
    0.0000  -30.0000   45.0000 2688.6106   13.7989
    7.5000  -30.0000   45.0000 2681.2500   13.8137
   -7.5000  -22.5000   45.0000 2695.5913   13.8150
    0.0000  -22.5000   45.0000 2731.4766   13.5080
    7.5000  -22.5000   45.0000 2722.4102   13.5163
   -7.5000  -15.0000   45.0000 2717.2803   13.6682
    0.0000  -15.0000   45.0000 2755.0786   13.3648
    7.5000  -15.0000   45.0000 2744.5312   13.3978
   -7.5000   -7.5000   45.0000 2716.8066   13.6655
    0.0000   -7.5000   45.0000 2752.4204   13.3899
    7.5000   -7.5000   45.0000 2741.0583   13.4315
   -7.5000    0.0000   45.0000 2693.6145   13.8915
    0.0000    0.0000   45.0000 2727.9717   13.6355
    7.5000    0.0000   45.0000 2720.5781   13.6848
   -7.5000    7.5000   45.0000 2656.7693   14.3001
    0.0000    7.5000   45.0000 2690.1294   14.0537
    7.5000    7.5000   45.0000 2682.0613   14.0882
   -7.5000   15.0000   45.0000 2591.1951   14.8855
    0.0000   15.0000   45.0000 2624.3240   14.6162
    7.5000   15.0000   45.0000 2614.9353   14.6575
   -7.5000   22.5000   45.0000 2504.6174   15.7044
    0.0000   22.5000   45.0000 2532.4119   15.4072
    7.5000   22.5000   45.0000 2523.2217   15.4710
   -7.5000   30.0000   45.0000 2400.0430   16.7519
    0.0000   30.0000   45.0000 2422.7573   16.4776
    7.5000   30.0000   45.0000 2416.3752   16.5455
   -7.5000   37.5000   45.0000 2275.8821   18.1645
    0.0000   37.5000   45.0000 2301.5615   17.9393
    7.5000   37.5000   45.0000 2297.3904   17.9693
   -7.5000   45.0000   45.0000 2141.7566   19.9732
    0.0000   45.0000   45.0000 2166.1924   19.7108
    7.5000   45.0000   45.0000 2161.8699   19.7461

---------------------------------------------------------------------
imgreg_4dfp /opt/freesurfer/average/711-2C_as_mni_average_305 /opt/freesurfer/average/711-2B_as_mni_average_305_mask talsrcimg_g11 none talsrcimg_to_711-2C_as_mni_average_305_t4 1283
---------------------------------------------------------------------

freesurfer imgreg_4dfp.c
/opt/freesurfer/average/711-2C_as_mni_average_305.4dfp.img
       256       256       256         1
  1.000000  1.000000  1.000000
orientation T byte_order littleendian
Reading image: /opt/freesurfer/average/711-2C_as_mni_average_305.4dfp.img
dimensions:      256       256       256
mmppix:       1.0000   -1.0000   -1.0000
center:     128.0000 -129.0000 -129.0000
/opt/freesurfer/average/711-2B_as_mni_average_305_mask.4dfp.img
       256       256       256         1
  1.000000  1.000000  1.000000
orientation T byte_order littleendian
Reading mask: /opt/freesurfer/average/711-2B_as_mni_average_305_mask.4dfp.img (2306576 pixels)
talsrcimg_g11.4dfp.img
       256       256       256         1
  1.000000  1.000000  1.000000
orientation T byte_order littleendian
Reading image: talsrcimg_g11.4dfp.img
dimensions:      256       256       256
mmppix:       1.0000   -1.0000   -1.0000
center:     128.0000 -129.0000 -129.0000
rotation matrix determinant  1.000000
fimgreg.f
image alignment mode   1283 decimal      503 hex
parameters
    0.0000   -7.5000   15.0000    0.0000    0.0000    0.0000
eta,q 0.95055 11.24430
niter,ni,del,rscale     5    3   12.0000    1.2000
parameter  3  0.970564 ->  0.500000 qaram    1.1500
parameter  4 15.375314 ->  0.500000 qaram    1.1500
parameters
    1.8482   -5.6810   11.5500   -3.4500    1.0035    0.9074
eta,q 0.95816 11.16792
  0.0665  0.0588  0.0456  0.0395  0.0471  0.0466
  0.0588  0.0524  0.0455  0.0413  0.0442  0.0446
  0.0538  0.0500  0.0466  0.0434  0.0424  0.0429
  0.0507  0.0499  0.0494  0.0455  0.0418  0.0419
  0.0500  0.0493  0.0532  0.0478  0.0422  0.0420
  0.0516  0.0492  0.0573  0.0497  0.0428  0.0431
  0.0542  0.0509  0.0619  0.0520  0.0442  0.0446
niter,ni,del,rscale     6    3   12.0000    1.2000
parameter  4  1.833836 ->  0.500000 qaram    1.3225
parameters
    1.7702   -4.2596    9.5242   -7.4175    0.3604    0.3540
eta,q 0.96358 11.25443
  0.0522  0.0526  0.0431  0.0350  0.0408  0.0403
  0.0463  0.0482  0.0413  0.0360  0.0377  0.0384
  0.0425  0.0443  0.0407  0.0383  0.0365  0.0369
  0.0418  0.0418  0.0413  0.0407  0.0366  0.0365
  0.0438  0.0414  0.0423  0.0437  0.0376  0.0375
  0.0472  0.0427  0.0452  0.0475  0.0394  0.0396
  0.0520  0.0462  0.0508  0.0510  0.0428  0.0419
niter,ni,del,rscale     6    3   12.0000    1.2000
parameter  4  0.704557 ->  0.500000 qaram    1.5209
parameters
    1.8584   -3.3453    8.1813  -11.9801    0.5021   -0.0950
eta,q 0.96755 11.28472
  0.0502  0.0477  0.0411  0.0343  0.0393  0.0376
  0.0427  0.0423  0.0371  0.0326  0.0357  0.0348
  0.0378  0.0379  0.0356  0.0330  0.0333  0.0330
  0.0364  0.0365  0.0365  0.0358  0.0325  0.0325
  0.0386  0.0369  0.0384  0.0394  0.0332  0.0335
  0.0428  0.0388  0.0415  0.0429  0.0351  0.0361
  0.0487  0.0423  0.0459  0.0472  0.0387  0.0394
niter,ni,del,rscale     6    3   12.0000    1.2000
parameters
    1.6792   -2.3506    7.2966  -12.8163    0.6185   -0.1359
eta,q 0.96879 11.28619
  0.0468  0.0454  0.0396  0.0400  0.0386  0.0374
  0.0384  0.0407  0.0342  0.0361  0.0346  0.0343
  0.0331  0.0359  0.0316  0.0322  0.0321  0.0321
  0.0325  0.0323  0.0316  0.0314  0.0312  0.0312
  0.0354  0.0318  0.0337  0.0337  0.0319  0.0320
  0.0401  0.0348  0.0382  0.0388  0.0341  0.0343
  0.0475  0.0402  0.0446  0.0435  0.0382  0.0377
niter,ni,del,rscale     5    3   12.0000    1.2000
parameters
    1.5869   -2.1942    7.1042  -13.2099    0.6459   -0.1608
eta,q 0.96886 11.28836
  0.0470  0.0429  0.0415  0.0405  0.0386  0.0372
  0.0382  0.0379  0.0355  0.0366  0.0346  0.0343
  0.0323  0.0335  0.0318  0.0330  0.0320  0.0320
  0.0312  0.0312  0.0311  0.0311  0.0311  0.0311
  0.0344  0.0326  0.0327  0.0328  0.0320  0.0318
  0.0395  0.0372  0.0365  0.0375  0.0344  0.0342
  0.0469  0.0419  0.0424  0.0426  0.0385  0.0375
niter,ni,del,rscale     4    3   12.0000    1.2000
parameters
    1.5629   -2.0971    7.0278  -13.4001    0.6456   -0.1609
eta,q 0.96886 11.28811
  0.0476  0.0426  0.0420  0.0406  0.0387  0.0373
  0.0387  0.0376  0.0358  0.0368  0.0346  0.0343
  0.0326  0.0332  0.0320  0.0335  0.0320  0.0321
  0.0311  0.0311  0.0311  0.0311  0.0311  0.0311
  0.0343  0.0330  0.0327  0.0325  0.0321  0.0318
  0.0395  0.0374  0.0364  0.0369  0.0346  0.0342
  0.0469  0.0417  0.0421  0.0422  0.0387  0.0375
niter,ni,del,rscale     3    3   12.0000    1.2000
parameters
    1.5565   -2.0403    6.9878  -13.5021    0.6381   -0.1519
eta,q 0.96886 11.28806
  0.0478  0.0424  0.0421  0.0407  0.0387  0.0373
  0.0390  0.0374  0.0360  0.0369  0.0347  0.0344
  0.0327  0.0331  0.0321  0.0337  0.0320  0.0321
  0.0311  0.0311  0.0311  0.0311  0.0311  0.0311
  0.0342  0.0332  0.0327  0.0324  0.0321  0.0318
  0.0396  0.0376  0.0364  0.0366  0.0346  0.0342
  0.0470  0.0416  0.0420  0.0420  0.0388  0.0375
niter,ni,del,rscale     2    3   12.0000    1.2000
parameters
    1.5557   -2.0091    6.9634  -13.5580    0.6284   -0.1414
eta,q 0.96886 11.28809
  0.0479  0.0422  0.0422  0.0407  0.0387  0.0373
  0.0391  0.0373  0.0360  0.0369  0.0347  0.0344
  0.0328  0.0330  0.0322  0.0338  0.0320  0.0322
  0.0311  0.0311  0.0311  0.0311  0.0311  0.0311
  0.0342  0.0333  0.0327  0.0323  0.0322  0.0318
  0.0396  0.0377  0.0364  0.0364  0.0347  0.0342
  0.0470  0.0416  0.0420  0.0419  0.0388  0.0375
registration optimization eta report
parameter search radius
    6.0000    6.0000    6.9000    9.1253    6.0000    6.0000
100000*second partial in parameter space
       44.       28.       23.       12.       21.       17.
  0.0479  0.0422  0.0422  0.0407  0.0387  0.0373
  0.0391  0.0373  0.0360  0.0369  0.0347  0.0344
  0.0328  0.0330  0.0322  0.0338  0.0320  0.0322
  0.0311  0.0311  0.0311  0.0311  0.0311  0.0311
  0.0342  0.0333  0.0327  0.0323  0.0322  0.0318
  0.0396  0.0377  0.0364  0.0364  0.0347  0.0342
  0.0470  0.0416  0.0420  0.0419  0.0388  0.0375
    1.5557   -2.0091    6.9634  -13.5580    0.6284   -0.1414
eta,q 0.96886 11.28809

---------------------------------------------------------------------
imgreg_4dfp /opt/freesurfer/average/711-2C_as_mni_average_305 /opt/freesurfer/average/711-2B_as_mni_average_305_mask talsrcimg_g11 none talsrcimg_to_711-2C_as_mni_average_305_t4 3335
---------------------------------------------------------------------

freesurfer imgreg_4dfp.c
/opt/freesurfer/average/711-2C_as_mni_average_305.4dfp.img
       256       256       256         1
  1.000000  1.000000  1.000000
orientation T byte_order littleendian
Reading image: /opt/freesurfer/average/711-2C_as_mni_average_305.4dfp.img
dimensions:      256       256       256
mmppix:       1.0000   -1.0000   -1.0000
center:     128.0000 -129.0000 -129.0000
/opt/freesurfer/average/711-2B_as_mni_average_305_mask.4dfp.img
       256       256       256         1
  1.000000  1.000000  1.000000
orientation T byte_order littleendian
Reading mask: /opt/freesurfer/average/711-2B_as_mni_average_305_mask.4dfp.img (2306576 pixels)
talsrcimg_g11.4dfp.img
       256       256       256         1
  1.000000  1.000000  1.000000
orientation T byte_order littleendian
Reading image: talsrcimg_g11.4dfp.img
dimensions:      256       256       256
mmppix:       1.0000   -1.0000   -1.0000
center:     128.0000 -129.0000 -129.0000
fimgreg.f
image alignment mode   3335 decimal      D07 hex
parameters
    1.5557   -2.0091    6.9634   -0.0063   -2.7876   -2.7925
    0.4970   -1.0083   -0.2468   23.4455    1.0968  -23.4415
eta,q 0.96935 11.29733
niter,ni,del,rscale     5    3    5.0000    1.2000
parameter  4  0.713042 ->  0.500000 qaram    1.1500
parameter  5  0.702895 ->  0.500000 qaram    1.1500
parameter 10  0.965917 ->  0.500000 qaram    1.1500
parameters
    1.6586   -2.1299    7.1828   -4.1463   -6.9276   -5.5772
    0.5452    0.2142    1.1550   19.3055    2.0344  -25.6460
eta,q 0.97297 10.61464
  0.0339  0.0325  0.0323  0.0296  0.0290  0.0291  0.0311  0.0328  0.0305  0.0272  0.0282  0.0277
  0.0322  0.0314  0.0314  0.0296  0.0288  0.0287  0.0298  0.0308  0.0296  0.0271  0.0277  0.0272
  0.0311  0.0308  0.0309  0.0299  0.0290  0.0287  0.0290  0.0294  0.0290  0.0276  0.0273  0.0270
  0.0306  0.0306  0.0306  0.0306  0.0296  0.0289  0.0287  0.0287  0.0286  0.0285  0.0271  0.0271
  0.0309  0.0310  0.0307  0.0318  0.0306  0.0293  0.0290  0.0287  0.0285  0.0297  0.0272  0.0276
  0.0318  0.0317  0.0311  0.0336  0.0318  0.0302  0.0298  0.0293  0.0288  0.0311  0.0274  0.0283
  0.0334  0.0328  0.0318  0.0360  0.0334  0.0319  0.0310  0.0308  0.0295  0.0328  0.0278  0.0292
niter,ni,del,rscale     7    3    5.0000    1.2000
parameters
    1.8401   -1.8965    7.2336   -6.9890   -8.4464   -6.3250
    0.3142    0.0009    0.5824   18.9935    1.9376  -25.5540
eta,q 0.97341 10.31705
  0.0303  0.0298  0.0284  0.0276  0.0283  0.0285  0.0288  0.0300  0.0281  0.0298  0.0275  0.0279
  0.0286  0.0283  0.0277  0.0270  0.0274  0.0274  0.0276  0.0282  0.0272  0.0279  0.0270  0.0272
  0.0275  0.0274  0.0272  0.0268  0.0268  0.0267  0.0269  0.0270  0.0267  0.0268  0.0267  0.0268
  0.0270  0.0270  0.0270  0.0270  0.0268  0.0267  0.0266  0.0266  0.0266  0.0266  0.0266  0.0266
  0.0272  0.0272  0.0271  0.0277  0.0274  0.0273  0.0270  0.0272  0.0270  0.0272  0.0267  0.0267
  0.0280  0.0278  0.0276  0.0289  0.0285  0.0281  0.0278  0.0285  0.0276  0.0284  0.0270  0.0271
  0.0295  0.0288  0.0283  0.0307  0.0300  0.0291  0.0291  0.0305  0.0287  0.0300  0.0275  0.0278
niter,ni,del,rscale     6    3    5.0000    1.2000
parameters
    1.7892   -1.7081    7.0239   -7.0591   -8.6920   -6.6951
    0.3971   -0.0297    0.5591   19.1694    1.8825  -25.6169
eta,q 0.97344 10.28452
  0.0292  0.0291  0.0277  0.0286  0.0287  0.0287  0.0289  0.0301  0.0283  0.0300  0.0274  0.0277
  0.0278  0.0278  0.0270  0.0274  0.0276  0.0275  0.0277  0.0283  0.0273  0.0281  0.0270  0.0271
  0.0268  0.0269  0.0267  0.0268  0.0269  0.0268  0.0269  0.0270  0.0267  0.0269  0.0267  0.0267
  0.0266  0.0266  0.0266  0.0266  0.0266  0.0266  0.0265  0.0265  0.0265  0.0265  0.0266  0.0266
  0.0270  0.0268  0.0268  0.0268  0.0269  0.0271  0.0268  0.0270  0.0268  0.0270  0.0267  0.0267
  0.0279  0.0274  0.0274  0.0275  0.0278  0.0280  0.0276  0.0283  0.0274  0.0281  0.0270  0.0271
  0.0295  0.0284  0.0282  0.0286  0.0291  0.0289  0.0288  0.0302  0.0283  0.0296  0.0275  0.0278
niter,ni,del,rscale     5    3    5.0000    1.2000
parameters
    1.7810   -1.6244    6.8944   -7.1105   -8.7860   -6.8847
    0.3989   -0.0328    0.5691   19.3043    1.8471  -25.6593
eta,q 0.97344 10.26942
  0.0293  0.0288  0.0278  0.0286  0.0287  0.0288  0.0288  0.0301  0.0283  0.0299  0.0274  0.0277
  0.0278  0.0275  0.0271  0.0274  0.0277  0.0276  0.0277  0.0283  0.0273  0.0280  0.0270  0.0271
  0.0269  0.0268  0.0267  0.0268  0.0269  0.0268  0.0268  0.0270  0.0267  0.0269  0.0267  0.0267
  0.0266  0.0266  0.0266  0.0266  0.0266  0.0266  0.0266  0.0266  0.0265  0.0266  0.0266  0.0266
  0.0269  0.0268  0.0268  0.0268  0.0268  0.0271  0.0268  0.0270  0.0268  0.0270  0.0267  0.0267
  0.0278  0.0274  0.0273  0.0274  0.0276  0.0279  0.0276  0.0283  0.0273  0.0281  0.0270  0.0271
  0.0293  0.0284  0.0281  0.0286  0.0290  0.0288  0.0289  0.0302  0.0282  0.0295  0.0275  0.0278
niter,ni,del,rscale     4    3    5.0000    1.2000
parameters
    1.7794   -1.5763    6.8231   -7.1424   -8.8525   -6.9813
    0.3904   -0.0276    0.5740   19.3952    1.8233  -25.6784
eta,q 0.97344 10.26075
  0.0293  0.0287  0.0279  0.0286  0.0287  0.0288  0.0288  0.0301  0.0282  0.0299  0.0274  0.0278
  0.0278  0.0275  0.0271  0.0274  0.0277  0.0277  0.0277  0.0283  0.0273  0.0280  0.0270  0.0271
  0.0269  0.0268  0.0267  0.0268  0.0269  0.0268  0.0268  0.0271  0.0267  0.0269  0.0267  0.0267
  0.0266  0.0266  0.0266  0.0266  0.0266  0.0266  0.0266  0.0266  0.0266  0.0266  0.0266  0.0266
  0.0269  0.0268  0.0268  0.0268  0.0268  0.0270  0.0269  0.0270  0.0268  0.0270  0.0267  0.0267
  0.0278  0.0274  0.0272  0.0274  0.0276  0.0279  0.0276  0.0283  0.0273  0.0281  0.0270  0.0271
  0.0293  0.0285  0.0280  0.0286  0.0289  0.0288  0.0289  0.0301  0.0282  0.0295  0.0275  0.0278
niter,ni,del,rscale     3    3    5.0000    1.2000
parameters
    1.7803   -1.5456    6.7838   -7.1624   -8.8934   -7.0422
    0.3808   -0.0235    0.5794   19.4505    1.8102  -25.6933
eta,q 0.97344 10.25528
  0.0293  0.0286  0.0279  0.0286  0.0287  0.0289  0.0288  0.0301  0.0282  0.0298  0.0274  0.0278
  0.0278  0.0274  0.0272  0.0274  0.0277  0.0277  0.0277  0.0283  0.0273  0.0279  0.0270  0.0271
  0.0269  0.0268  0.0267  0.0268  0.0269  0.0269  0.0269  0.0271  0.0267  0.0269  0.0267  0.0267
  0.0266  0.0266  0.0266  0.0266  0.0266  0.0266  0.0266  0.0266  0.0266  0.0266  0.0266  0.0266
  0.0269  0.0268  0.0267  0.0268  0.0268  0.0270  0.0269  0.0270  0.0268  0.0270  0.0267  0.0267
  0.0278  0.0275  0.0272  0.0274  0.0276  0.0279  0.0277  0.0283  0.0273  0.0281  0.0270  0.0271
  0.0293  0.0285  0.0280  0.0286  0.0289  0.0288  0.0289  0.0301  0.0282  0.0295  0.0275  0.0278
niter,ni,del,rscale     2    3    5.0000    1.2000
parameters
    1.7812   -1.5255    6.7585   -7.1734   -8.9318   -7.0786
    0.3784   -0.0200    0.5834   19.4844    1.8136  -25.6935
eta,q 0.97344 10.25123
  0.0293  0.0286  0.0279  0.0286  0.0287  0.0289  0.0288  0.0301  0.0282  0.0298  0.0275  0.0278
  0.0278  0.0274  0.0272  0.0274  0.0277  0.0277  0.0277  0.0283  0.0273  0.0279  0.0270  0.0271
  0.0269  0.0268  0.0267  0.0268  0.0269  0.0269  0.0269  0.0271  0.0267  0.0269  0.0267  0.0267
  0.0266  0.0266  0.0266  0.0266  0.0266  0.0266  0.0266  0.0266  0.0266  0.0266  0.0266  0.0266
  0.0269  0.0268  0.0267  0.0268  0.0268  0.0270  0.0269  0.0270  0.0268  0.0270  0.0267  0.0267
  0.0278  0.0275  0.0272  0.0274  0.0276  0.0279  0.0276  0.0283  0.0273  0.0281  0.0270  0.0271
  0.0293  0.0285  0.0279  0.0286  0.0289  0.0288  0.0289  0.0301  0.0282  0.0295  0.0275  0.0278
niter,ni,del,rscale     1    3    5.0000    1.2000
parameters
    1.7830   -1.5123    6.7422   -7.1866   -8.9516   -7.1083
    0.3743   -0.0192    0.5764   19.5088    1.8002  -25.6976
eta,q 0.97343 10.24837
  0.0293  0.0286  0.0279  0.0286  0.0287  0.0289  0.0288  0.0301  0.0282  0.0298  0.0274  0.0278
  0.0278  0.0274  0.0272  0.0274  0.0277  0.0277  0.0277  0.0283  0.0273  0.0279  0.0270  0.0271
  0.0269  0.0268  0.0267  0.0268  0.0269  0.0269  0.0269  0.0271  0.0267  0.0268  0.0267  0.0267
  0.0266  0.0266  0.0266  0.0266  0.0266  0.0266  0.0266  0.0266  0.0266  0.0266  0.0266  0.0266
  0.0269  0.0268  0.0267  0.0268  0.0268  0.0270  0.0269  0.0270  0.0268  0.0270  0.0267  0.0267
  0.0278  0.0275  0.0272  0.0274  0.0276  0.0279  0.0277  0.0283  0.0273  0.0281  0.0270  0.0271
  0.0293  0.0285  0.0279  0.0286  0.0289  0.0288  0.0289  0.0302  0.0282  0.0295  0.0275  0.0278
registration optimization eta report
parameter search radius
    2.4000    2.4000    2.4000    8.2800    8.2800    7.2000
    7.2000    7.2000    7.2000    8.2800    7.2000    7.2000
100000*second partial in parameter space
       47.       34.       23.        3.        3.        4.
        4.        7.        3.        4.        2.        2.
  0.0293  0.0286  0.0279  0.0286  0.0287  0.0289  0.0288  0.0301  0.0282  0.0298  0.0274  0.0278
  0.0278  0.0274  0.0272  0.0274  0.0277  0.0277  0.0277  0.0283  0.0273  0.0279  0.0270  0.0271
  0.0269  0.0268  0.0267  0.0268  0.0269  0.0269  0.0269  0.0271  0.0267  0.0268  0.0267  0.0267
  0.0266  0.0266  0.0266  0.0266  0.0266  0.0266  0.0266  0.0266  0.0266  0.0266  0.0266  0.0266
  0.0269  0.0268  0.0267  0.0268  0.0268  0.0270  0.0269  0.0270  0.0268  0.0270  0.0267  0.0267
  0.0278  0.0275  0.0272  0.0274  0.0276  0.0279  0.0277  0.0283  0.0273  0.0281  0.0270  0.0271
  0.0293  0.0285  0.0279  0.0286  0.0289  0.0288  0.0289  0.0302  0.0282  0.0295  0.0275  0.0278
    1.7830   -1.5123    6.7422   -7.1866   -8.9516   -7.1083
    0.3743   -0.0192    0.5764   19.5088    1.8002  -25.6976
eta,q 0.97343 10.24837

---------------------------------------------------------------------
imgreg_4dfp /opt/freesurfer/average/711-2C_as_mni_average_305 /opt/freesurfer/average/711-2B_as_mni_average_305_mask talsrcimg_g11 none talsrcimg_to_711-2C_as_mni_average_305_t4 2311
---------------------------------------------------------------------

freesurfer imgreg_4dfp.c
/opt/freesurfer/average/711-2C_as_mni_average_305.4dfp.img
       256       256       256         1
  1.000000  1.000000  1.000000
orientation T byte_order littleendian
Reading image: /opt/freesurfer/average/711-2C_as_mni_average_305.4dfp.img
dimensions:      256       256       256
mmppix:       1.0000   -1.0000   -1.0000
center:     128.0000 -129.0000 -129.0000
/opt/freesurfer/average/711-2B_as_mni_average_305_mask.4dfp.img
       256       256       256         1
  1.000000  1.000000  1.000000
orientation T byte_order littleendian
Reading mask: /opt/freesurfer/average/711-2B_as_mni_average_305_mask.4dfp.img (2306576 pixels)
talsrcimg_g11.4dfp.img
       256       256       256         1
  1.000000  1.000000  1.000000
orientation T byte_order littleendian
Reading image: talsrcimg_g11.4dfp.img
dimensions:      256       256       256
mmppix:       1.0000   -1.0000   -1.0000
center:     128.0000 -129.0000 -129.0000
fimgreg.f
image alignment mode   2311 decimal      907 hex
parameters
    1.7830   -1.5123    6.7422   -7.1866   -8.9516   -7.1083
    0.3743   -0.0192    0.5764   19.5088    1.8002  -25.6976
eta,q 0.97343 10.24837
niter,ni,del,rscale     5    3    5.0000    0.8000
parameters
    1.7693   -1.5459    6.7220   -7.2334   -8.6799   -7.2977
    0.4039    0.0076    0.5411   19.1797    1.8167  -25.5673
eta,q 0.97345 10.24388
  0.0278  0.0274  0.0272  0.0272  0.0274  0.0277  0.0277  0.0283  0.0273  0.0275  0.0270  0.0271
  0.0271  0.0269  0.0268  0.0268  0.0270  0.0271  0.0271  0.0274  0.0269  0.0269  0.0267  0.0268
  0.0267  0.0266  0.0266  0.0266  0.0267  0.0267  0.0267  0.0268  0.0266  0.0266  0.0266  0.0266
  0.0266  0.0266  0.0266  0.0266  0.0266  0.0266  0.0266  0.0266  0.0266  0.0266  0.0265  0.0265
  0.0267  0.0267  0.0266  0.0266  0.0266  0.0268  0.0267  0.0268  0.0267  0.0268  0.0266  0.0266
  0.0271  0.0270  0.0269  0.0269  0.0269  0.0273  0.0271  0.0274  0.0269  0.0272  0.0267  0.0268
  0.0278  0.0275  0.0272  0.0272  0.0273  0.0279  0.0276  0.0283  0.0273  0.0278  0.0269  0.0271
niter,ni,del,rscale     4    3    5.0000    0.7000
parameters
    1.7678   -1.6357    6.7069   -7.1990   -8.4764   -7.3323
    0.4140    0.0052    0.5055   19.0041    1.8273  -25.5100
eta,q 0.97347 10.25077
  0.0275  0.0271  0.0270  0.0270  0.0272  0.0275  0.0274  0.0279  0.0271  0.0274  0.0268  0.0270
  0.0270  0.0268  0.0267  0.0268  0.0269  0.0270  0.0269  0.0272  0.0268  0.0269  0.0267  0.0267
  0.0267  0.0266  0.0266  0.0266  0.0267  0.0267  0.0266  0.0267  0.0266  0.0266  0.0266  0.0266
  0.0265  0.0265  0.0265  0.0265  0.0265  0.0265  0.0265  0.0265  0.0265  0.0265  0.0265  0.0265
  0.0267  0.0267  0.0266  0.0266  0.0266  0.0267  0.0266  0.0267  0.0266  0.0267  0.0266  0.0266
  0.0270  0.0269  0.0268  0.0268  0.0268  0.0271  0.0269  0.0272  0.0268  0.0270  0.0267  0.0267
  0.0275  0.0273  0.0270  0.0270  0.0271  0.0276  0.0274  0.0279  0.0271  0.0275  0.0268  0.0269
niter,ni,del,rscale     3    3    5.0000    0.6000
parameters
    1.7625   -1.6945    6.7224   -7.1884   -8.3382   -7.3156
    0.4290    0.0119    0.4828   18.8777    1.8329  -25.4755
eta,q 0.97348 10.25687
  0.0272  0.0270  0.0269  0.0269  0.0270  0.0273  0.0272  0.0275  0.0270  0.0272  0.0268  0.0268
  0.0268  0.0267  0.0267  0.0267  0.0268  0.0269  0.0268  0.0270  0.0267  0.0268  0.0266  0.0267
  0.0266  0.0266  0.0266  0.0266  0.0266  0.0266  0.0266  0.0267  0.0266  0.0266  0.0265  0.0266
  0.0265  0.0265  0.0265  0.0265  0.0265  0.0265  0.0265  0.0265  0.0265  0.0265  0.0265  0.0265
  0.0266  0.0266  0.0266  0.0266  0.0266  0.0266  0.0266  0.0266  0.0266  0.0266  0.0265  0.0266
  0.0269  0.0268  0.0267  0.0267  0.0267  0.0269  0.0268  0.0270  0.0267  0.0269  0.0266  0.0266
  0.0272  0.0271  0.0269  0.0269  0.0270  0.0273  0.0271  0.0275  0.0270  0.0272  0.0267  0.0268
niter,ni,del,rscale     2    3    5.0000    0.5000
parameters
    1.7569   -1.7382    6.7417   -7.1770   -8.2459   -7.2779
    0.4329    0.0120    0.4700   18.7741    1.8326  -25.4282
eta,q 0.97348 10.26202
  0.0270  0.0269  0.0268  0.0268  0.0269  0.0271  0.0270  0.0272  0.0268  0.0270  0.0267  0.0267
  0.0267  0.0267  0.0266  0.0266  0.0267  0.0268  0.0267  0.0269  0.0267  0.0267  0.0266  0.0266
  0.0266  0.0266  0.0266  0.0265  0.0266  0.0266  0.0266  0.0266  0.0266  0.0266  0.0265  0.0265
  0.0265  0.0265  0.0265  0.0265  0.0265  0.0265  0.0265  0.0265  0.0265  0.0265  0.0265  0.0265
  0.0266  0.0266  0.0265  0.0266  0.0266  0.0266  0.0266  0.0266  0.0266  0.0266  0.0265  0.0265
  0.0268  0.0267  0.0266  0.0266  0.0267  0.0268  0.0267  0.0268  0.0267  0.0268  0.0266  0.0266
  0.0270  0.0269  0.0268  0.0268  0.0269  0.0271  0.0270  0.0272  0.0268  0.0270  0.0267  0.0267
niter,ni,del,rscale     1    3    5.0000    0.4000
parameters
    1.7529   -1.7758    6.7714   -7.1550   -8.1754   -7.2330
    0.4464    0.0188    0.4735   18.6749    1.8436  -25.3609
eta,q 0.97349 10.26696
  0.0268  0.0267  0.0267  0.0267  0.0268  0.0269  0.0268  0.0270  0.0267  0.0268  0.0266  0.0267
  0.0267  0.0266  0.0266  0.0266  0.0266  0.0267  0.0267  0.0267  0.0266  0.0266  0.0266  0.0266
  0.0266  0.0265  0.0265  0.0265  0.0265  0.0266  0.0266  0.0266  0.0265  0.0265  0.0265  0.0265
  0.0265  0.0265  0.0265  0.0265  0.0265  0.0265  0.0265  0.0265  0.0265  0.0265  0.0265  0.0265
  0.0266  0.0265  0.0265  0.0265  0.0265  0.0266  0.0266  0.0266  0.0265  0.0266  0.0265  0.0265
  0.0267  0.0266  0.0266  0.0266  0.0266  0.0267  0.0266  0.0267  0.0266  0.0267  0.0266  0.0266
  0.0268  0.0268  0.0267  0.0267  0.0267  0.0269  0.0268  0.0270  0.0267  0.0268  0.0266  0.0266
registration optimization eta report
parameter search radius
    0.8000    0.8000    0.8000    2.4000    2.4000    2.4000
    2.4000    2.4000    2.4000    2.4000    2.4000    2.4000
100000*second partial in parameter space
       50.       38.       24.        3.        4.        7.
        5.        8.        4.        5.        2.        2.
  0.0268  0.0267  0.0267  0.0267  0.0268  0.0269  0.0268  0.0270  0.0267  0.0268  0.0266  0.0267
  0.0267  0.0266  0.0266  0.0266  0.0266  0.0267  0.0267  0.0267  0.0266  0.0266  0.0266  0.0266
  0.0266  0.0265  0.0265  0.0265  0.0265  0.0266  0.0266  0.0266  0.0265  0.0265  0.0265  0.0265
  0.0265  0.0265  0.0265  0.0265  0.0265  0.0265  0.0265  0.0265  0.0265  0.0265  0.0265  0.0265
  0.0266  0.0265  0.0265  0.0265  0.0265  0.0266  0.0266  0.0266  0.0265  0.0266  0.0265  0.0265
  0.0267  0.0266  0.0266  0.0266  0.0266  0.0267  0.0266  0.0267  0.0266  0.0267  0.0266  0.0266
  0.0268  0.0268  0.0267  0.0267  0.0267  0.0269  0.0268  0.0270  0.0267  0.0268  0.0266  0.0266
    1.7529   -1.7758    6.7714   -7.1550   -8.1754   -7.2330
    0.4464    0.0188    0.4735   18.6749    1.8436  -25.3609
eta,q 0.97349 10.26696

---------------------------------------------------------------------
imgreg_4dfp /opt/freesurfer/average/711-2C_as_mni_average_305 /opt/freesurfer/average/711-2B_as_mni_average_305_mask talsrcimg_g11 none talsrcimg_to_711-2C_as_mni_average_305_t4 2311
---------------------------------------------------------------------

freesurfer imgreg_4dfp.c
/opt/freesurfer/average/711-2C_as_mni_average_305.4dfp.img
       256       256       256         1
  1.000000  1.000000  1.000000
orientation T byte_order littleendian
Reading image: /opt/freesurfer/average/711-2C_as_mni_average_305.4dfp.img
dimensions:      256       256       256
mmppix:       1.0000   -1.0000   -1.0000
center:     128.0000 -129.0000 -129.0000
/opt/freesurfer/average/711-2B_as_mni_average_305_mask.4dfp.img
       256       256       256         1
  1.000000  1.000000  1.000000
orientation T byte_order littleendian
Reading mask: /opt/freesurfer/average/711-2B_as_mni_average_305_mask.4dfp.img (2306576 pixels)
talsrcimg_g11.4dfp.img
       256       256       256         1
  1.000000  1.000000  1.000000
orientation T byte_order littleendian
Reading image: talsrcimg_g11.4dfp.img
dimensions:      256       256       256
mmppix:       1.0000   -1.0000   -1.0000
center:     128.0000 -129.0000 -129.0000
fimgreg.f
image alignment mode   2311 decimal      907 hex
parameters
    1.7529   -1.7758    6.7714   -7.1550   -8.1754   -7.2330
    0.4464    0.0188    0.4735   18.6749    1.8436  -25.3609
eta,q 0.97349 10.26696
niter,ni,del,rscale     5    3    5.0000    0.8000
parameters
    1.7633   -1.7602    6.7938   -7.0963   -8.3090   -7.2036
    0.4437   -0.0205    0.5022   18.8182    1.8621  -25.4827
eta,q 0.97348 10.26850
  0.0278  0.0275  0.0272  0.0272  0.0273  0.0278  0.0276  0.0282  0.0273  0.0278  0.0269  0.0270
  0.0271  0.0269  0.0268  0.0268  0.0269  0.0272  0.0270  0.0273  0.0269  0.0271  0.0267  0.0268
  0.0267  0.0266  0.0266  0.0266  0.0266  0.0267  0.0267  0.0267  0.0266  0.0267  0.0266  0.0266
  0.0265  0.0265  0.0265  0.0265  0.0265  0.0265  0.0265  0.0265  0.0265  0.0265  0.0265  0.0265
  0.0267  0.0266  0.0266  0.0266  0.0266  0.0267  0.0267  0.0267  0.0266  0.0267  0.0266  0.0266
  0.0271  0.0269  0.0268  0.0268  0.0269  0.0272  0.0270  0.0273  0.0269  0.0270  0.0267  0.0268
  0.0277  0.0274  0.0271  0.0272  0.0275  0.0278  0.0276  0.0283  0.0273  0.0276  0.0269  0.0271
niter,ni,del,rscale     4    3    5.0000    0.7000
parameters
    1.7580   -1.7444    6.7856   -7.1257   -8.2934   -7.2357
    0.4381   -0.0110    0.4968   18.8323    1.8552  -25.4813
eta,q 0.97349 10.26628
  0.0275  0.0273  0.0270  0.0270  0.0272  0.0275  0.0274  0.0279  0.0271  0.0275  0.0268  0.0269
  0.0269  0.0268  0.0267  0.0267  0.0268  0.0270  0.0269  0.0272  0.0268  0.0269  0.0267  0.0267
  0.0266  0.0266  0.0266  0.0266  0.0266  0.0266  0.0266  0.0267  0.0266  0.0266  0.0265  0.0266
  0.0265  0.0265  0.0265  0.0265  0.0265  0.0265  0.0265  0.0265  0.0265  0.0265  0.0265  0.0265
  0.0266  0.0266  0.0266  0.0266  0.0266  0.0267  0.0266  0.0267  0.0266  0.0266  0.0266  0.0266
  0.0270  0.0268  0.0267  0.0267  0.0268  0.0270  0.0269  0.0271  0.0268  0.0269  0.0267  0.0267
  0.0275  0.0272  0.0270  0.0270  0.0272  0.0276  0.0274  0.0279  0.0271  0.0274  0.0268  0.0269
niter,ni,del,rscale     3    3    5.0000    0.6000
parameters
    1.7558   -1.7492    6.7758   -7.1461   -8.2592   -7.2457
    0.4304   -0.0038    0.4803   18.7822    1.8461  -25.4570
eta,q 0.97348 10.26530
  0.0272  0.0271  0.0269  0.0269  0.0270  0.0273  0.0271  0.0275  0.0270  0.0272  0.0267  0.0268
  0.0268  0.0267  0.0267  0.0267  0.0268  0.0269  0.0268  0.0270  0.0267  0.0268  0.0266  0.0267
  0.0266  0.0266  0.0266  0.0266  0.0266  0.0266  0.0266  0.0267  0.0266  0.0266  0.0265  0.0266
  0.0265  0.0265  0.0265  0.0265  0.0265  0.0265  0.0265  0.0265  0.0265  0.0265  0.0265  0.0265
  0.0266  0.0266  0.0266  0.0266  0.0266  0.0266  0.0266  0.0266  0.0266  0.0266  0.0265  0.0266
  0.0268  0.0268  0.0267  0.0267  0.0267  0.0269  0.0268  0.0270  0.0267  0.0269  0.0266  0.0267
  0.0272  0.0270  0.0269  0.0269  0.0270  0.0273  0.0271  0.0275  0.0270  0.0272  0.0267  0.0268
niter,ni,del,rscale     2    3    5.0000    0.5000
parameters
    1.7534   -1.7689    6.7772   -7.1427   -8.2063   -7.2373
    0.4446   -0.0008    0.4666   18.7250    1.8313  -25.4058
eta,q 0.97348 10.26719
  0.0270  0.0269  0.0268  0.0268  0.0269  0.0271  0.0270  0.0272  0.0268  0.0270  0.0267  0.0267
  0.0267  0.0267  0.0266  0.0266  0.0267  0.0268  0.0267  0.0269  0.0267  0.0267  0.0266  0.0266
  0.0266  0.0266  0.0265  0.0265  0.0266  0.0266  0.0266  0.0266  0.0266  0.0266  0.0265  0.0265
  0.0265  0.0265  0.0265  0.0265  0.0265  0.0265  0.0265  0.0265  0.0265  0.0265  0.0265  0.0265
  0.0266  0.0266  0.0265  0.0266  0.0266  0.0266  0.0266  0.0266  0.0266  0.0266  0.0265  0.0265
  0.0268  0.0267  0.0266  0.0266  0.0267  0.0268  0.0267  0.0268  0.0267  0.0268  0.0266  0.0266
  0.0270  0.0269  0.0268  0.0268  0.0269  0.0271  0.0270  0.0272  0.0268  0.0270  0.0267  0.0267
niter,ni,del,rscale     1    3    5.0000    0.4000
parameters
    1.7502   -1.7920    6.7823   -7.1590   -8.1505   -7.2128
    0.4459    0.0130    0.4677   18.6566    1.8109  -25.3832
eta,q 0.97348 10.26908
  0.0268  0.0267  0.0267  0.0267  0.0268  0.0269  0.0268  0.0270  0.0267  0.0268  0.0266  0.0267
  0.0267  0.0266  0.0266  0.0266  0.0266  0.0267  0.0267  0.0268  0.0266  0.0266  0.0266  0.0266
  0.0266  0.0265  0.0265  0.0265  0.0265  0.0266  0.0266  0.0266  0.0265  0.0265  0.0265  0.0265
  0.0265  0.0265  0.0265  0.0265  0.0265  0.0265  0.0265  0.0265  0.0265  0.0265  0.0265  0.0265
  0.0266  0.0265  0.0265  0.0265  0.0265  0.0266  0.0266  0.0266  0.0265  0.0266  0.0265  0.0265
  0.0267  0.0266  0.0266  0.0266  0.0266  0.0267  0.0267  0.0267  0.0266  0.0267  0.0266  0.0266
  0.0268  0.0268  0.0267  0.0267  0.0267  0.0269  0.0268  0.0270  0.0267  0.0268  0.0266  0.0267
registration optimization eta report
parameter search radius
    0.8000    0.8000    0.8000    2.4000    2.4000    2.4000
    2.4000    2.4000    2.4000    2.4000    2.4000    2.4000
100000*second partial in parameter space
       49.       38.       25.        3.        4.        7.
        5.        8.        4.        5.        2.        2.
  0.0268  0.0267  0.0267  0.0267  0.0268  0.0269  0.0268  0.0270  0.0267  0.0268  0.0266  0.0267
  0.0267  0.0266  0.0266  0.0266  0.0266  0.0267  0.0267  0.0268  0.0266  0.0266  0.0266  0.0266
  0.0266  0.0265  0.0265  0.0265  0.0265  0.0266  0.0266  0.0266  0.0265  0.0265  0.0265  0.0265
  0.0265  0.0265  0.0265  0.0265  0.0265  0.0265  0.0265  0.0265  0.0265  0.0265  0.0265  0.0265
  0.0266  0.0265  0.0265  0.0265  0.0265  0.0266  0.0266  0.0266  0.0265  0.0266  0.0265  0.0265
  0.0267  0.0266  0.0266  0.0266  0.0266  0.0267  0.0267  0.0267  0.0266  0.0267  0.0266  0.0266
  0.0268  0.0268  0.0267  0.0267  0.0267  0.0269  0.0268  0.0270  0.0267  0.0268  0.0266  0.0267
    1.7502   -1.7920    6.7823   -7.1590   -8.1505   -7.2128
    0.4459    0.0130    0.4677   18.6566    1.8109  -25.3832
eta,q 0.97348 10.26908

---------------------------------------------------------------------
compute_vox2vox talsrcimg talsrcimg_to_711-2C_as_mni_average_305_t4 /opt/freesurfer/average/711-2C_as_mni_average_305
---------------------------------------------------------------------

freesurfer compute_vox2vox.c
Reading: talsrcimg.4dfp.ifh
Reading: talsrcimg_to_711-2C_as_mni_average_305_t4
Reading: /opt/freesurfer/average/711-2C_as_mni_average_305.4dfp.ifh
Writing: talsrcimg_to_711-2C_as_mni_average_305_t4_vox2vox.txt

start time Sun Mar 8 16:42:19 CET 2026
end		time Sun Mar 8 16:43:44 CET 2026

mpr2mni305 success

avi2talxfm orig_nu.mgz /opt/freesurfer/average/mni305.cor.mgz talsrcimg_to_711-2C_as_mni_average_305_t4_vox2vox.txt transforms/talairach.auto.xfm
avi2talxfm done
mv -f /out/sourcedata/freesurfer/sub-v1s13x0050045_ses-1/mri/talsrcimg_to_711-2C_as_mni_average_305_t4_vox2vox.txt /out/sourcedata/freesurfer/sub-v1s13x0050045_ses-1/mri/transforms/talsrcimg_to_711-2C_as_mni_average_305_t4_vox2vox.txt
lta_convert --src orig_nu.mgz --trg /opt/freesurfer/average/mni305.cor.mgz --inxfm transforms/talairach.auto.xfm --outlta transforms/talairach.auto.xfm.lta --subject fsaverage
7.3.2

--src: orig_nu.mgz src image (geometry).
--trg: /opt/freesurfer/average/mni305.cor.mgz trg image (geometry).
--inmni: transforms/talairach.auto.xfm input MNI/XFM transform.
--outlta: transforms/talairach.auto.xfm.lta output LTA.
--s: fsaverage subject name
 LTA read, type : 1
 1.07712   0.00085  -0.00499  -0.11295;
-0.02134   1.02098   0.28226  -7.76520;
-0.00115  -0.20739   1.03143   2.18175;
 0.00000   0.00000   0.00000   1.00000;
setting subject to fsaverage
Writing  LTA to file transforms/talairach.auto.xfm.lta...
lta_convert successful.
 
 
Started at Sun Mar 8 16:42:19 CET 2026
Ended   at Sun Mar  8 16:43:44 CET 2026
talairach_avi done
