/out/sourcedata/freesurfer/sub-v1s13x0050048_ses-1/mri
/opt/freesurfer/bin/talairach_avi
--i orig_nu.mgz --xfm transforms/talairach.auto.xfm
talairach_avi 7.3.2
Linux dna061 5.14.0-427.37.1.el9_4.x86_64 #1 SMP PREEMPT_DYNAMIC Fri Sep 13 12:41:50 EDT 2024 x86_64 x86_64 x86_64 GNU/Linux
Sun Mar  8 16:45:08 CET 2026
mri_convert orig_nu.mgz talsrcimg.img 
reading from orig_nu.mgz...
TR=0.00, TE=0.00, TI=0.00, flip angle=0.00
i_ras = (-1, 0, 0)
j_ras = (0, 0, -1)
k_ras = (0, 1, 0)
writing to talsrcimg.img...
Analyze Output Matrix
-1.00000   0.00000   0.00000   127.34582;
 0.00000   0.00000   1.00000  -131.04846;
 0.00000  -1.00000   0.00000   118.99347;
 0.00000   0.00000   0.00000   1.00000;
--------------------
INFO: set hdr.hist.orient to -1
mpr2mni305 talsrcimg
Sun Mar  8 16:45:08 CET 2026
/opt/freesurfer/bin/mpr2mni305 talsrcimg
mpr2mni305 7.3.2
target=711-2C_as_mni_average_305

---------------------------------------------------------------------
analyzeto4dfp talsrcimg -O0 -y
---------------------------------------------------------------------

freesurfer ifh2hdr.c
Sun Mar  8 16:45:08 2026
Writing: talsrcimg.4dfp.hdr
freesurfer analyzeto4dfp.c
Reading: talsrcimg.hdr
header size 348 bytes
hdr.dime.datatype	offset=70	value=2
hdr.dime.bitpix		offset=72	value=8
hdr.hist.orient		offset=252	value=-1
dimensionality     4
dimensions       256       256       256         1
Reading: talsrcimg.img
Writing: talsrcimg.4dfp.img
Writing: talsrcimg.4dfp.ifh
ifh2hdr talsrcimg -r0to235
ori=2

---------------------------------------------------------------------
gauss_4dfp talsrcimg 1.1
---------------------------------------------------------------------

freesurfer gauss_4dfp.c
Reading: talsrcimg.4dfp.img
Writing: talsrcimg_g11.4dfp.img
image dimensions 256 256 256 padded to 288 288 288
processing volume 1freesurfer ifh2hdr.c
Sun Mar  8 16:45:10 2026
Writing: talsrcimg_g11.4dfp.hdr

Writing: talsrcimg_g11.4dfp.ifh
including: talsrcimg.4dfp.img.rec in talsrcimg_g11.4dfp.img.rec

---------------------------------------------------------------------
imgreg_4dfp /opt/freesurfer/average/711-2C_as_mni_average_305 none talsrcimg_g11 none talsrcimg_to_711-2C_as_mni_average_305_t4 4355
---------------------------------------------------------------------

freesurfer imgreg_4dfp.c
/opt/freesurfer/average/711-2C_as_mni_average_305.4dfp.img
       256       256       256         1
  1.000000  1.000000  1.000000
orientation T byte_order littleendian
Reading image: /opt/freesurfer/average/711-2C_as_mni_average_305.4dfp.img
dimensions:      256       256       256
mmppix:       1.0000   -1.0000   -1.0000
center:     128.0000 -129.0000 -129.0000
talsrcimg_g11.4dfp.img
       256       256       256         1
  1.000000  1.000000  1.000000
orientation T byte_order littleendian
Reading image: talsrcimg_g11.4dfp.img
dimensions:      256       256       256
mmppix:       1.0000   -1.0000   -1.0000
center:     128.0000 -129.0000 -129.0000
t4_read: open error in t4_sub.f l:  41 t4_file(1:l)talsrcimg_to_711-2C_as_mni_average_305_t4 
t4_read: transform initialized to I4
rotation matrix determinant  1.000000
image alignment mode   4355 decimal     1103 hex
   -7.5000  -45.0000  -45.0000 9108.3936   15.7840
    0.0000  -45.0000  -45.0000 9552.0889   15.7915
    7.5000  -45.0000  -45.0000 9208.4414   15.7898
   -7.5000  -37.5000  -45.0000 9580.9600   15.7302
    0.0000  -37.5000  -45.000010055.6807   15.7347
    7.5000  -37.5000  -45.0000 9676.5020   15.7298
   -7.5000  -30.0000  -45.000010388.0361   15.6618
    0.0000  -30.0000  -45.000010908.3799   15.6658
    7.5000  -30.0000  -45.000010483.0996   15.6638
   -7.5000  -22.5000  -45.000011072.0859   15.5849
    0.0000  -22.5000  -45.000011625.6582   15.5912
    7.5000  -22.5000  -45.000011161.3516   15.5950
   -7.5000  -15.0000  -45.000011625.9404   15.5197
    0.0000  -15.0000  -45.000012211.9121   15.5289
    7.5000  -15.0000  -45.000011711.5889   15.5358
   -7.5000   -7.5000  -45.000012138.7080   15.4910
    0.0000   -7.5000  -45.000012718.9131   15.5007
    7.5000   -7.5000  -45.000012205.6396   15.5046
   -7.5000    0.0000  -45.000012561.6240   15.4965
    0.0000    0.0000  -45.000013140.6406   15.5040
    7.5000    0.0000  -45.000012616.9268   15.5020
   -7.5000    7.5000  -45.000011980.3398   15.5078
    0.0000    7.5000  -45.000012520.4736   15.5124
    7.5000    7.5000  -45.000012047.1367   15.5074
   -7.5000   15.0000  -45.000011313.9570   15.5202
    0.0000   15.0000  -45.000011807.9961   15.5242
    7.5000   15.0000  -45.000011335.7686   15.5220
   -7.5000   22.5000  -45.000010552.7480   15.5825
    0.0000   22.5000  -45.000011023.0684   15.5888
    7.5000   22.5000  -45.000010579.4189   15.5918
   -7.5000   30.0000  -45.0000 9753.2861   15.5118
    0.0000   30.0000  -45.000010167.9775   15.5211
    7.5000   30.0000  -45.0000 9751.6172   15.5287
   -7.5000   37.5000  -45.0000 9298.6846   15.6835
    0.0000   37.5000  -45.0000 9662.6553   15.6937
    7.5000   37.5000  -45.0000 9261.9277   15.6995
   -7.5000   45.0000  -45.0000 8529.7002   15.5107
    0.0000   45.0000  -45.0000 8864.6982   15.5184
    7.5000   45.0000  -45.0000 8492.7861   15.5221
   -7.5000  -45.0000  -37.5000 9657.0518   15.7837
    0.0000  -45.0000  -37.500010154.6338   15.7961
    7.5000  -45.0000  -37.5000 9771.4004   15.7964
   -7.5000  -37.5000  -37.500010148.4893   15.7317
    0.0000  -37.5000  -37.500010664.5635   15.7393
    7.5000  -37.5000  -37.500010251.4199   15.7369
   -7.5000  -30.0000  -37.500010976.5547   15.6648
    0.0000  -30.0000  -37.500011537.6494   15.6699
    7.5000  -30.0000  -37.500011087.2402   15.6695
   -7.5000  -22.5000  -37.500011705.1738   15.5874
    0.0000  -22.5000  -37.500012296.3438   15.5948
    7.5000  -22.5000  -37.500011798.1523   15.5989
   -7.5000  -15.0000  -37.500012280.7578   15.5190
    0.0000  -15.0000  -37.500012894.2295   15.5303
    7.5000  -15.0000  -37.500012369.7988   15.5370
   -7.5000   -7.5000  -37.500012791.3115   15.4868
    0.0000   -7.5000  -37.500013419.5732   15.5005
    7.5000   -7.5000  -37.500012849.1260   15.5052
   -7.5000    0.0000  -37.500013191.8916   15.4901
    0.0000    0.0000  -37.500013827.2920   15.5023
    7.5000    0.0000  -37.500013250.0781   15.5023
   -7.5000    7.5000  -37.500012581.6924   15.5035
    0.0000    7.5000  -37.500013176.6279   15.5111
    7.5000    7.5000  -37.500012644.8125   15.5086
   -7.5000   15.0000  -37.500011852.4727   15.5177
    0.0000   15.0000  -37.500012401.8076   15.5229
    7.5000   15.0000  -37.500011901.2480   15.5223
   -7.5000   22.5000  -37.500011014.5088   15.5801
    0.0000   22.5000  -37.500011534.9990   15.5875
    7.5000   22.5000  -37.500011058.2471   15.5908
   -7.5000   30.0000  -37.500010148.6289   15.5067
    0.0000   30.0000  -37.500010597.5771   15.5181
    7.5000   30.0000  -37.500010150.4307   15.5255
   -7.5000   37.5000  -37.5000 9635.4795   15.6753
    0.0000   37.5000  -37.500010028.4355   15.6892
    7.5000   37.5000  -37.5000 9604.1621   15.6952
   -7.5000   45.0000  -37.5000 8818.1719   15.5057
    0.0000   45.0000  -37.5000 9176.8545   15.5179
    7.5000   45.0000  -37.5000 8803.4443   15.5231
   -7.5000  -45.0000  -30.000010323.6729   16.4163
    0.0000  -45.0000  -30.000010869.0107   16.4292
    7.5000  -45.0000  -30.000010445.0498   16.4303
   -7.5000  -37.5000  -30.000010851.8311   16.3545
    0.0000  -37.5000  -30.000011411.6152   16.3625
    7.5000  -37.5000  -30.000010946.5527   16.3624
   -7.5000  -30.0000  -30.000011709.2969   16.2808
    0.0000  -30.0000  -30.000012329.5293   16.2845
    7.5000  -30.0000  -30.000011816.4395   16.2859
   -7.5000  -22.5000  -30.000012489.3799   16.2005
    0.0000  -22.5000  -30.000013132.1455   16.2049
    7.5000  -22.5000  -30.000012573.1318   16.2085
   -7.5000  -15.0000  -30.000013076.4688   16.1324
    0.0000  -15.0000  -30.000013767.6182   16.1401
    7.5000  -15.0000  -30.000013172.8184   16.1444
   -7.5000   -7.5000  -30.000013605.8008   16.0989
    0.0000   -7.5000  -30.000014317.9297   16.1108
    7.5000   -7.5000  -30.000013678.3018   16.1138
   -7.5000    0.0000  -30.000014018.6855   16.0967
    0.0000    0.0000  -30.000014743.1553   16.1094
    7.5000    0.0000  -30.000014084.7246   16.1104
   -7.5000    7.5000  -30.000013353.9033   16.1061
    0.0000    7.5000  -30.000014023.1494   16.1142
    7.5000    7.5000  -30.000013421.0791   16.1141
   -7.5000   15.0000  -30.000012545.4238   16.1197
    0.0000   15.0000  -30.000013166.7334   16.1235
    7.5000   15.0000  -30.000012598.9570   16.1248
   -7.5000   22.5000  -30.000011658.1885   16.1862
    0.0000   22.5000  -30.000012216.7471   16.1909
    7.5000   22.5000  -30.000011683.6650   16.1940
   -7.5000   30.0000  -30.000010705.9932   16.1173
    0.0000   30.0000  -30.000011200.6270   16.1250
    7.5000   30.0000  -30.000010718.8545   16.1296
   -7.5000   37.5000  -30.000010144.6338   16.2930
    0.0000   37.5000  -30.000010568.0938   16.3046
    7.5000   37.5000  -30.000010115.6055   16.3077
   -7.5000   45.0000  -30.0000 9261.5215   16.1252
    0.0000   45.0000  -30.0000 9656.2227   16.1361
    7.5000   45.0000  -30.0000 9257.1406   16.1405
   -7.5000  -45.0000  -22.500010963.1758   16.9600
    0.0000  -45.0000  -22.500011546.8301   16.9674
    7.5000  -45.0000  -22.500011083.2686   16.9675
   -7.5000  -37.5000  -22.500011504.2227   16.8855
    0.0000  -37.5000  -22.500012119.6826   16.8909
    7.5000  -37.5000  -22.500011603.2285   16.8916
   -7.5000  -30.0000  -22.500012412.9688   16.8039
    0.0000  -30.0000  -22.500013096.7676   16.8060
    7.5000  -30.0000  -22.500012507.9170   16.8084
   -7.5000  -22.5000  -22.500013215.5078   16.7237
    0.0000  -22.5000  -22.500013910.6562   16.7243
    7.5000  -22.5000  -22.500013298.8887   16.7279
   -7.5000  -15.0000  -22.500013825.4346   16.6605
    0.0000  -15.0000  -22.500014569.5635   16.6618
    7.5000  -15.0000  -22.500013920.0098   16.6643
   -7.5000   -7.5000  -22.500014334.8555   16.6297
    0.0000   -7.5000  -22.500015119.7988   16.6345
    7.5000   -7.5000  -22.500014421.1172   16.6353
   -7.5000    0.0000  -22.500014778.7520   16.6232
    0.0000    0.0000  -22.500015572.0459   16.6308
    7.5000    0.0000  -22.500014832.9453   16.6310
   -7.5000    7.5000  -22.500014051.6709   16.6247
    0.0000    7.5000  -22.500014799.5166   16.6303
    7.5000    7.5000  -22.500014081.5361   16.6309
   -7.5000   15.0000  -22.500013171.2588   16.6348
    0.0000   15.0000  -22.500013859.9189   16.6371
    7.5000   15.0000  -22.500013216.0488   16.6394
   -7.5000   22.5000  -22.500012230.4678   16.7067
    0.0000   22.5000  -22.500012823.2412   16.7077
    7.5000   22.5000  -22.500012234.3330   16.7111
   -7.5000   30.0000  -22.500011214.2354   16.6482
    0.0000   30.0000  -22.500011738.6035   16.6494
    7.5000   30.0000  -22.500011222.3838   16.6519
   -7.5000   37.5000  -22.500010617.1494   16.8345
    0.0000   37.5000  -22.500011074.5840   16.8385
    7.5000   37.5000  -22.500010589.7822   16.8390
   -7.5000   45.0000  -22.5000 9684.5020   16.6650
    0.0000   45.0000  -22.500010110.0469   16.6691
    7.5000   45.0000  -22.5000 9660.0508   16.6715
   -7.5000  -45.0000  -15.000011603.1562   17.3557
    0.0000  -45.0000  -15.000012210.4482   17.3582
    7.5000  -45.0000  -15.000011734.6084   17.3567
   -7.5000  -37.5000  -15.000012157.1221   17.2765
    0.0000  -37.5000  -15.000012794.4004   17.2790
    7.5000  -37.5000  -15.000012272.0645   17.2777
   -7.5000  -30.0000  -15.000013095.0244   17.1914
    0.0000  -30.0000  -15.000013774.0098   17.1931
    7.5000  -30.0000  -15.000013190.5703   17.1947
   -7.5000  -22.5000  -15.000013915.1475   17.1109
    0.0000  -22.5000  -15.000014608.9395   17.1116
    7.5000  -22.5000  -15.000013990.2539   17.1159
   -7.5000  -15.0000  -15.000014539.9922   17.0483
    0.0000  -15.0000  -15.000015289.4756   17.0487
    7.5000  -15.0000  -15.000014621.5566   17.0521
   -7.5000   -7.5000  -15.000015055.9297   17.0174
    0.0000   -7.5000  -15.000015825.0322   17.0189
    7.5000   -7.5000  -15.000015127.9150   17.0194
   -7.5000    0.0000  -15.000015487.2373   17.0096
    0.0000    0.0000  -15.000016301.2402   17.0127
    7.5000    0.0000  -15.000015533.8369   17.0113
   -7.5000    7.5000  -15.000014684.0352   17.0086
    0.0000    7.5000  -15.000015473.2705   17.0115
    7.5000    7.5000  -15.000014716.6904   17.0104
   -7.5000   15.0000  -15.000013754.5566   17.0180
    0.0000   15.0000  -15.000014475.5557   17.0199
    7.5000   15.0000  -15.000013799.9414   17.0214
   -7.5000   22.5000  -15.000012751.1855   17.0924
    0.0000   22.5000  -15.000013391.2832   17.0936
    7.5000   22.5000  -15.000012763.7959   17.0978
   -7.5000   30.0000  -15.000011671.5430   17.0401
    0.0000   30.0000  -15.000012224.7188   17.0405
    7.5000   30.0000  -15.000011676.4219   17.0439
   -7.5000   37.5000  -15.000011029.7783   17.2319
    0.0000   37.5000  -15.000011522.9131   17.2326
    7.5000   37.5000  -15.000011014.2217   17.2336
   -7.5000   45.0000  -15.000010072.3906   17.0610
    0.0000   45.0000  -15.000010508.6152   17.0605
    7.5000   45.0000  -15.000010033.9043   17.0618
   -7.5000  -45.0000   -7.500012265.1670   17.5411
    0.0000  -45.0000   -7.500012854.5635   17.5447
    7.5000  -45.0000   -7.500012374.5361   17.5418
   -7.5000  -37.5000   -7.500012822.0391   17.4667
    0.0000  -37.5000   -7.500013431.7021   17.4692
    7.5000  -37.5000   -7.500012933.0225   17.4645
   -7.5000  -30.0000   -7.500013800.0518   17.3816
    0.0000  -30.0000   -7.500014418.9062   17.3844
    7.5000  -30.0000   -7.500013881.4004   17.3833
   -7.5000  -22.5000   -7.500014651.3896   17.2960
    0.0000  -22.5000   -7.500015310.8047   17.3002
    7.5000  -22.5000   -7.500014710.7822   17.3044
   -7.5000  -15.0000   -7.500015307.2812   17.2266
    0.0000  -15.0000   -7.500016015.9297   17.2322
    7.5000  -15.0000   -7.500015370.9346   17.2379
   -7.5000   -7.5000   -7.500015855.6572   17.1934
    0.0000   -7.5000   -7.500016565.8809   17.1988
    7.5000   -7.5000   -7.500015908.6182   17.2011
   -7.5000    0.0000   -7.500016261.3252   17.1904
    0.0000    0.0000   -7.500017016.1094   17.1945
    7.5000    0.0000   -7.500016301.6309   17.1917
   -7.5000    7.5000   -7.500015363.3691   17.1952
    0.0000    7.5000   -7.500016115.7959   17.1980
    7.5000    7.5000   -7.500015400.8252   17.1934
   -7.5000   15.0000   -7.500014368.0723   17.2058
    0.0000   15.0000   -7.500015095.0928   17.2089
    7.5000   15.0000   -7.500014420.9346   17.2077
   -7.5000   22.5000   -7.500013296.3467   17.2748
    0.0000   22.5000   -7.500013944.1572   17.2793
    7.5000   22.5000   -7.500013319.3809   17.2830
   -7.5000   30.0000   -7.500012159.5566   17.2176
    0.0000   30.0000   -7.500012707.3008   17.2234
    7.5000   30.0000   -7.500012152.8945   17.2296
   -7.5000   37.5000   -7.500011499.8535   17.4086
    0.0000   37.5000   -7.500011989.9199   17.4140
    7.5000   37.5000   -7.500011471.5615   17.4179
   -7.5000   45.0000   -7.500010495.0137   17.2419
    0.0000   45.0000   -7.500010922.9395   17.2443
    7.5000   45.0000   -7.500010438.8770   17.2463
   -7.5000  -45.0000    0.000012803.2715   17.5530
    0.0000  -45.0000    0.000013372.0693   17.5620
    7.5000  -45.0000    0.000012892.2695   17.5597
   -7.5000  -37.5000    0.000013377.9150   17.4868
    0.0000  -37.5000    0.000013954.6758   17.4926
    7.5000  -37.5000    0.000013479.0352   17.4868
   -7.5000  -30.0000    0.000014362.1602   17.4051
    0.0000  -30.0000    0.000014954.9492   17.4104
    7.5000  -30.0000    0.000014460.7305   17.4077
   -7.5000  -22.5000    0.000015274.2754   17.3146
    0.0000  -22.5000    0.000015945.1670   17.3224
    7.5000  -22.5000    0.000015356.7773   17.3263
   -7.5000  -15.0000    0.000015978.7666   17.2374
    0.0000  -15.0000    0.000016650.5488   17.2486
    7.5000  -15.0000    0.000016038.1289   17.2559
   -7.5000   -7.5000    0.000016526.9746   17.2003
    0.0000   -7.5000    0.000017148.6699   17.2122
    7.5000   -7.5000    0.000016555.6758   17.2163
   -7.5000    0.0000    0.000016917.5449   17.2015
    0.0000    0.0000    0.000017559.6016   17.2108
    7.5000    0.0000    0.000016915.0859   17.2084
   -7.5000    7.5000    0.000015982.2617   17.2144
    0.0000    7.5000    0.000016612.2539   17.2204
    7.5000    7.5000    0.000015971.2441   17.2147
   -7.5000   15.0000    0.000014926.4844   17.2288
    0.0000   15.0000    0.000015559.8984   17.2343
    7.5000   15.0000    0.000014912.2891   17.2316
   -7.5000   22.5000    0.000013766.3496   17.2930
    0.0000   22.5000    0.000014351.3691   17.3011
    7.5000   22.5000    0.000013754.4912   17.3041
   -7.5000   30.0000    0.000012586.7451   17.2271
    0.0000   30.0000    0.000013082.1426   17.2385
    7.5000   30.0000    0.000012556.2949   17.2467
   -7.5000   37.5000    0.000011898.0850   17.4128
    0.0000   37.5000    0.000012376.0566   17.4251
    7.5000   37.5000    0.000011876.3574   17.4315
   -7.5000   45.0000    0.000010854.6016   17.2522
    0.0000   45.0000    0.000011294.9736   17.2617
    7.5000   45.0000    0.000010820.5264   17.2656
   -7.5000  -45.0000    7.500012342.2500   17.5899
    0.0000  -45.0000    7.500012883.5664   17.6042
    7.5000  -45.0000    7.500012420.0557   17.6043
   -7.5000  -37.5000    7.500012878.0508   17.5282
    0.0000  -37.5000    7.500013394.9873   17.5373
    7.5000  -37.5000    7.500012957.6709   17.5344
   -7.5000  -30.0000    7.500013826.3320   17.4507
    0.0000  -30.0000    7.500014333.8770   17.4570
    7.5000  -30.0000    7.500013874.1699   17.4563
   -7.5000  -22.5000    7.500014682.3857   17.3616
    0.0000  -22.5000    7.500015301.3164   17.3704
    7.5000  -22.5000    7.500014758.9531   17.3749
   -7.5000  -15.0000    7.500015376.1318   17.2826
    0.0000  -15.0000    7.500016000.0615   17.2957
    7.5000  -15.0000    7.500015455.5449   17.3031
   -7.5000   -7.5000    7.500015926.6836   17.2437
    0.0000   -7.5000    7.500016502.4492   17.2595
    7.5000   -7.5000    7.500015948.5342   17.2646
   -7.5000    0.0000    7.500016324.2012   17.2444
    0.0000    0.0000    7.500016902.3945   17.2587
    7.5000    0.0000    7.500016287.7402   17.2586
   -7.5000    7.5000    7.500015454.4463   17.2598
    0.0000    7.5000    7.500016003.0449   17.2689
    7.5000    7.5000    7.500015376.2441   17.2660
   -7.5000   15.0000    7.500014410.3164   17.2763
    0.0000   15.0000    7.500014948.2627   17.2828
    7.5000   15.0000    7.500014329.0732   17.2820
   -7.5000   22.5000    7.500013250.2451   17.3405
    0.0000   22.5000    7.500013748.8369   17.3495
    7.5000   22.5000    7.500013186.4805   17.3531
   -7.5000   30.0000    7.500012113.3789   17.2710
    0.0000   30.0000    7.500012548.4531   17.2843
    7.5000   30.0000    7.500012058.2646   17.2924
   -7.5000   37.5000    7.500011450.4277   17.4555
    0.0000   37.5000    7.500011873.5830   17.4717
    7.5000   37.5000    7.500011413.5459   17.4783
   -7.5000   45.0000    7.500010446.9883   17.2988
    0.0000   45.0000    7.500010842.0527   17.3131
    7.5000   45.0000    7.500010414.1611   17.3187
   -7.5000  -45.0000   15.000011731.6367   17.6941
    0.0000  -45.0000   15.000012251.7188   17.7090
    7.5000  -45.0000   15.000011804.7021   17.7104
   -7.5000  -37.5000   15.000012264.0977   17.6281
    0.0000  -37.5000   15.000012757.9531   17.6376
    7.5000  -37.5000   15.000012333.9658   17.6378
   -7.5000  -30.0000   15.000013175.8975   17.5503
    0.0000  -30.0000   15.000013662.5088   17.5551
    7.5000  -30.0000   15.000013193.6328   17.5569
   -7.5000  -22.5000   15.000013998.8105   17.4654
    0.0000  -22.5000   15.000014537.0723   17.4711
    7.5000  -22.5000   15.000014012.5596   17.4755
   -7.5000  -15.0000   15.000014689.8428   17.3915
    0.0000  -15.0000   15.000015270.3096   17.4008
    7.5000  -15.0000   15.000014700.4229   17.4059
   -7.5000   -7.5000   15.000015242.2080   17.3549
    0.0000   -7.5000   15.000015881.9443   17.3689
    7.5000   -7.5000   15.000015264.0068   17.3724
   -7.5000    0.0000   15.000015629.2822   17.3522
    0.0000    0.0000   15.000016300.8877   17.3669
    7.5000    0.0000   15.000015636.8701   17.3682
   -7.5000    7.5000   15.000014796.8066   17.3621
    0.0000    7.5000   15.000015391.1436   17.3716
    7.5000    7.5000   15.000014736.4658   17.3717
   -7.5000   15.0000   15.000013826.6992   17.3757
    0.0000   15.0000   15.000014368.1875   17.3807
    7.5000   15.0000   15.000013739.7773   17.3824
   -7.5000   22.5000   15.000012700.4092   17.4425
    0.0000   22.5000   15.000013174.3574   17.4485
    7.5000   22.5000   15.000012637.3896   17.4523
   -7.5000   30.0000   15.000011584.6396   17.3761
    0.0000   30.0000   15.000012020.0059   17.3855
    7.5000   30.0000   15.000011550.3760   17.3909
   -7.5000   37.5000   15.000010944.2148   17.5636
    0.0000   37.5000   15.000011348.2061   17.5772
    7.5000   37.5000   15.000010919.7080   17.5810
   -7.5000   45.0000   15.0000 9969.4912   17.4032
    0.0000   45.0000   15.000010346.7422   17.4158
    7.5000   45.0000   15.0000 9950.0977   17.4209
   -7.5000  -45.0000   22.500011008.0762   17.8102
    0.0000  -45.0000   22.500011539.0566   17.8193
    7.5000  -45.0000   22.500011099.9082   17.8207
   -7.5000  -37.5000   22.500011564.6924   17.7375
    0.0000  -37.5000   22.500012097.4277   17.7444
    7.5000  -37.5000   22.500011640.1865   17.7464
   -7.5000  -30.0000   22.500012433.1777   17.6581
    0.0000  -30.0000   22.500012994.6270   17.6615
    7.5000  -30.0000   22.500012487.1768   17.6654
   -7.5000  -22.5000   22.500013234.4502   17.5794
    0.0000  -22.5000   22.500013814.9014   17.5811
    7.5000  -22.5000   22.500013276.4033   17.5863
   -7.5000  -15.0000   22.500013913.4326   17.5125
    0.0000  -15.0000   22.500014498.3252   17.5149
    7.5000  -15.0000   22.500013923.9053   17.5189
   -7.5000   -7.5000   22.500014453.5166   17.4790
    0.0000   -7.5000   22.500015060.9990   17.4853
    7.5000   -7.5000   22.500014458.5859   17.4873
   -7.5000    0.0000   22.500014825.7812   17.4717
    0.0000    0.0000   22.500015433.9434   17.4809
    7.5000    0.0000   22.500014826.6318   17.4825
   -7.5000    7.5000   22.500014042.9805   17.4736
    0.0000    7.5000   22.500014617.7168   17.4806
    7.5000    7.5000   22.500014013.3623   17.4827
   -7.5000   15.0000   22.500013135.5615   17.4813
    0.0000   15.0000   22.500013695.4521   17.4849
    7.5000   15.0000   22.500013101.9199   17.4888
   -7.5000   22.5000   22.500012090.0498   17.5511
    0.0000   22.5000   22.500012602.3232   17.5533
    7.5000   22.5000   22.500012077.8984   17.5584
   -7.5000   30.0000   22.500011025.5049   17.4917
    0.0000   30.0000   22.500011505.5146   17.4941
    7.5000   30.0000   22.500011034.8662   17.4981
   -7.5000   37.5000   22.500010381.0166   17.6835
    0.0000   37.5000   22.500010830.2480   17.6887
    7.5000   37.5000   22.500010394.7441   17.6906
   -7.5000   45.0000   22.5000 9442.0527   17.5131
    0.0000   45.0000   22.5000 9835.4404   17.5183
    7.5000   45.0000   22.5000 9434.0088   17.5222
   -7.5000  -45.0000   30.000010235.1562   17.9169
    0.0000  -45.0000   30.000010761.4238   17.9213
    7.5000  -45.0000   30.000010326.2676   17.9211
   -7.5000  -37.5000   30.000010793.1348   17.8434
    0.0000  -37.5000   30.000011312.1211   17.8479
    7.5000  -37.5000   30.000010847.0996   17.8481
   -7.5000  -30.0000   30.000011608.5391   17.7649
    0.0000  -30.0000   30.000012172.2871   17.7684
    7.5000  -30.0000   30.000011662.3633   17.7718
   -7.5000  -22.5000   30.000012361.6396   17.6896
    0.0000  -22.5000   30.000012958.9043   17.6921
    7.5000  -22.5000   30.000012408.3164   17.6981
   -7.5000  -15.0000   30.000013003.2891   17.6246
    0.0000  -15.0000   30.000013600.6582   17.6265
    7.5000  -15.0000   30.000013028.5127   17.6316
   -7.5000   -7.5000   30.000013540.4277   17.5912
    0.0000   -7.5000   30.000014148.0586   17.5942
    7.5000   -7.5000   30.000013566.7949   17.5962
   -7.5000    0.0000   30.000013888.1846   17.5827
    0.0000    0.0000   30.000014499.3896   17.5875
    7.5000    0.0000   30.000013905.8711   17.5875
   -7.5000    7.5000   30.000013137.7734   17.5821
    0.0000    7.5000   30.000013712.3867   17.5869
    7.5000    7.5000   30.000013144.4092   17.5872
   -7.5000   15.0000   30.000012300.0215   17.5863
    0.0000   15.0000   30.000012844.2656   17.5900
    7.5000   15.0000   30.000012293.7266   17.5933
   -7.5000   22.5000   30.000011365.8799   17.6560
    0.0000   22.5000   30.000011864.3125   17.6588
    7.5000   22.5000   30.000011362.7764   17.6649
   -7.5000   30.0000   30.000010377.1592   17.5991
    0.0000   30.0000   30.000010840.0215   17.6011
    7.5000   30.0000   30.000010384.2061   17.6062
   -7.5000   37.5000   30.0000 9777.5967   17.7914
    0.0000   37.5000   30.000010223.3662   17.7934
    7.5000   37.5000   30.0000 9788.7275   17.7959
   -7.5000   45.0000   30.0000 8880.2744   17.6119
    0.0000   45.0000   30.0000 9279.2842   17.6123
    7.5000   45.0000   30.0000 8871.6572   17.6153
   -7.5000  -45.0000   37.5000 9818.7598   18.0723
    0.0000  -45.0000   37.500010322.4033   18.0786
    7.5000  -45.0000   37.5000 9887.4316   18.0776
   -7.5000  -37.5000   37.500010361.1719   18.0070
    0.0000  -37.5000   37.500010885.7744   18.0118
    7.5000  -37.5000   37.500010407.5898   18.0091
   -7.5000  -30.0000   37.500011166.0049   17.9317
    0.0000  -30.0000   37.500011738.4434   17.9368
    7.5000  -30.0000   37.500011218.2598   17.9378
   -7.5000  -22.5000   37.500011893.9795   17.8535
    0.0000  -22.5000   37.500012492.9336   17.8603
    7.5000  -22.5000   37.500011933.2363   17.8669
   -7.5000  -15.0000   37.500012496.9336   17.7816
    0.0000  -15.0000   37.500013108.3877   17.7899
    7.5000  -15.0000   37.500012533.0869   17.7980
   -7.5000   -7.5000   37.500013020.4678   17.7453
    0.0000   -7.5000   37.500013642.9873   17.7533
    7.5000   -7.5000   37.500013065.4658   17.7576
   -7.5000    0.0000   37.500013367.4600   17.7416
    0.0000    0.0000   37.500013995.5889   17.7480
    7.5000    0.0000   37.500013413.6436   17.7471
   -7.5000    7.5000   37.500012676.1807   17.7473
    0.0000    7.5000   37.500013238.5195   17.7523
    7.5000    7.5000   37.500012682.2998   17.7496
   -7.5000   15.0000   37.500011853.4609   17.7507
    0.0000   15.0000   37.500012380.6533   17.7558
    7.5000   15.0000   37.500011853.5000   17.7569
   -7.5000   22.5000   37.500010960.1406   17.8145
    0.0000   22.5000   37.500011456.6904   17.8213
    7.5000   22.5000   37.500010964.0176   17.8274
   -7.5000   30.0000   37.500010024.2373   17.7496
    0.0000   30.0000   37.500010478.5645   17.7578
    7.5000   30.0000   37.500010036.9531   17.7665
   -7.5000   37.5000   37.5000 9470.8545   17.9388
    0.0000   37.5000   37.5000 9903.5918   17.9464
    7.5000   37.5000   37.5000 9475.6348   17.9525
   -7.5000   45.0000   37.5000 8617.7832   17.7576
    0.0000   45.0000   37.5000 8996.5996   17.7617
    7.5000   45.0000   37.5000 8612.6289   17.7659
   -7.5000  -45.0000   45.0000 8967.4307   18.2422
    0.0000  -45.0000   45.0000 9427.7188   18.2554
    7.5000  -45.0000   45.0000 9037.9824   18.2556
   -7.5000  -37.5000   45.0000 9465.9775   18.1876
    0.0000  -37.5000   45.0000 9963.6914   18.1970
    7.5000  -37.5000   45.0000 9531.0146   18.1936
   -7.5000  -30.0000   45.000010219.9023   18.1177
    0.0000  -30.0000   45.000010750.7207   18.1263
    7.5000  -30.0000   45.000010286.9150   18.1263
   -7.5000  -22.5000   45.000010882.2881   18.0355
    0.0000  -22.5000   45.000011416.3809   18.0470
    7.5000  -22.5000   45.000010932.7744   18.0538
   -7.5000  -15.0000   45.000011451.7021   17.9545
    0.0000  -15.0000   45.000011993.8379   17.9698
    7.5000  -15.0000   45.000011477.6865   17.9801
   -7.5000   -7.5000   45.000011926.1074   17.9125
    0.0000   -7.5000   45.000012479.9922   17.9285
    7.5000   -7.5000   45.000011955.1816   17.9353
   -7.5000    0.0000   45.000012242.3008   17.9130
    0.0000    0.0000   45.000012801.1006   17.9261
    7.5000    0.0000   45.000012279.1289   17.9260
   -7.5000    7.5000   45.000011617.3672   17.9278
    0.0000    7.5000   45.000012125.7822   17.9372
    7.5000    7.5000   45.000011642.9297   17.9337
   -7.5000   15.0000   45.000010886.5039   17.9336
    0.0000   15.0000   45.000011359.5420   17.9422
    7.5000   15.0000   45.000010898.1865   17.9420
   -7.5000   22.5000   45.000010080.9619   17.9917
    0.0000   22.5000   45.000010530.2500   18.0030
    7.5000   22.5000   45.000010076.2148   18.0089
   -7.5000   30.0000   45.0000 9213.1689   17.9141
    0.0000   30.0000   45.0000 9631.6475   17.9291
    7.5000   30.0000   45.0000 9222.9736   17.9404
   -7.5000   37.5000   45.0000 8728.1797   18.0981
    0.0000   37.5000   45.0000 9118.1777   18.1141
    7.5000   37.5000   45.0000 8738.6279   18.1233
   -7.5000   45.0000   45.0000 7957.8076   17.9299
    0.0000   45.0000   45.0000 8304.4717   17.9425
    7.5000   45.0000   45.0000 7957.6187   17.9492

---------------------------------------------------------------------
imgreg_4dfp /opt/freesurfer/average/711-2C_as_mni_average_305 /opt/freesurfer/average/711-2B_as_mni_average_305_mask talsrcimg_g11 none talsrcimg_to_711-2C_as_mni_average_305_t4 4355
---------------------------------------------------------------------

freesurfer imgreg_4dfp.c
/opt/freesurfer/average/711-2C_as_mni_average_305.4dfp.img
       256       256       256         1
  1.000000  1.000000  1.000000
orientation T byte_order littleendian
Reading image: /opt/freesurfer/average/711-2C_as_mni_average_305.4dfp.img
dimensions:      256       256       256
mmppix:       1.0000   -1.0000   -1.0000
center:     128.0000 -129.0000 -129.0000
/opt/freesurfer/average/711-2B_as_mni_average_305_mask.4dfp.img
       256       256       256         1
  1.000000  1.000000  1.000000
orientation T byte_order littleendian
Reading mask: /opt/freesurfer/average/711-2B_as_mni_average_305_mask.4dfp.img (2306576 pixels)
talsrcimg_g11.4dfp.img
       256       256       256         1
  1.000000  1.000000  1.000000
orientation T byte_order littleendian
Reading image: talsrcimg_g11.4dfp.img
dimensions:      256       256       256
mmppix:       1.0000   -1.0000   -1.0000
center:     128.0000 -129.0000 -129.0000
rotation matrix determinant  1.000000
image alignment mode   4355 decimal     1103 hex
   -7.5000  -45.0000  -45.0000 2186.2634   16.5332
    0.0000  -45.0000  -45.0000 2200.8286   16.3717
    7.5000  -45.0000  -45.0000 2197.8125   16.4435
   -7.5000  -37.5000  -45.0000 2236.3635   15.6285
    0.0000  -37.5000  -45.0000 2256.0544   15.4732
    7.5000  -37.5000  -45.0000 2251.5430   15.5288
   -7.5000  -30.0000  -45.0000 2272.3071   14.9748
    0.0000  -30.0000  -45.0000 2292.3953   14.7834
    7.5000  -30.0000  -45.0000 2285.7231   14.8460
   -7.5000  -22.5000  -45.0000 2291.0190   14.4542
    0.0000  -22.5000  -45.0000 2312.2581   14.2882
    7.5000  -22.5000  -45.0000 2303.4709   14.3480
   -7.5000  -15.0000  -45.0000 2293.9146   14.1576
    0.0000  -15.0000  -45.0000 2317.5332   13.9573
    7.5000  -15.0000  -45.0000 2305.4863   14.0395
   -7.5000   -7.5000  -45.0000 2290.1536   14.1198
    0.0000   -7.5000  -45.0000 2314.2302   13.8774
    7.5000   -7.5000  -45.0000 2302.8853   13.9577
   -7.5000    0.0000  -45.0000 2270.7866   14.3488
    0.0000    0.0000  -45.0000 2294.0969   14.1089
    7.5000    0.0000  -45.0000 2284.3667   14.1920
   -7.5000    7.5000  -45.0000 2226.6484   14.8879
    0.0000    7.5000  -45.0000 2251.5022   14.6618
    7.5000    7.5000  -45.0000 2243.6907   14.7558
   -7.5000   15.0000  -45.0000 2169.6614   15.7087
    0.0000   15.0000  -45.0000 2193.9785   15.4699
    7.5000   15.0000  -45.0000 2182.7444   15.5786
   -7.5000   22.5000  -45.0000 2095.5625   16.8134
    0.0000   22.5000  -45.0000 2120.5400   16.5457
    7.5000   22.5000  -45.0000 2111.2695   16.6533
   -7.5000   30.0000  -45.0000 2009.5216   18.3028
    0.0000   30.0000  -45.0000 2033.2156   18.0033
    7.5000   30.0000  -45.0000 2022.3192   18.1446
   -7.5000   37.5000  -45.0000 1911.4534   20.3944
    0.0000   37.5000  -45.0000 1931.9933   20.0650
    7.5000   37.5000  -45.0000 1919.1731   20.1916
   -7.5000   45.0000  -45.0000 1799.8582   23.3235
    0.0000   45.0000  -45.0000 1820.3198   22.9794
    7.5000   45.0000  -45.0000 1812.0784   23.0683
   -7.5000  -45.0000  -37.5000 2278.8975   15.3118
    0.0000  -45.0000  -37.5000 2297.5991   15.1841
    7.5000  -45.0000  -37.5000 2292.3772   15.2270
   -7.5000  -37.5000  -37.5000 2330.3384   14.4500
    0.0000  -37.5000  -37.5000 2349.9180   14.3012
    7.5000  -37.5000  -37.5000 2344.6729   14.3709
   -7.5000  -30.0000  -37.5000 2369.7424   13.8329
    0.0000  -30.0000  -37.5000 2386.1301   13.6961
    7.5000  -30.0000  -37.5000 2379.5327   13.7535
   -7.5000  -22.5000  -37.5000 2390.4368   13.4120
    0.0000  -22.5000  -37.5000 2409.2959   13.2687
    7.5000  -22.5000  -37.5000 2399.8464   13.3158
   -7.5000  -15.0000  -37.5000 2393.5603   13.1741
    0.0000  -15.0000  -37.5000 2415.0952   13.0204
    7.5000  -15.0000  -37.5000 2407.4143   13.0841
   -7.5000   -7.5000  -37.5000 2385.9814   13.1491
    0.0000   -7.5000  -37.5000 2411.6980   12.9743
    7.5000   -7.5000  -37.5000 2398.5012   13.0451
   -7.5000    0.0000  -37.5000 2361.5515   13.3626
    0.0000    0.0000  -37.5000 2386.4092   13.1728
    7.5000    0.0000  -37.5000 2378.0649   13.2417
   -7.5000    7.5000  -37.5000 2319.3867   13.8447
    0.0000    7.5000  -37.5000 2346.6753   13.6413
    7.5000    7.5000  -37.5000 2338.9873   13.7176
   -7.5000   15.0000  -37.5000 2259.4385   14.5647
    0.0000   15.0000  -37.5000 2286.0823   14.3541
    7.5000   15.0000  -37.5000 2276.1760   14.4479
   -7.5000   22.5000  -37.5000 2176.5916   15.5676
    0.0000   22.5000  -37.5000 2203.1553   15.3312
    7.5000   22.5000  -37.5000 2191.5244   15.4351
   -7.5000   30.0000  -37.5000 2083.3826   16.9255
    0.0000   30.0000  -37.5000 2107.4565   16.6521
    7.5000   30.0000  -37.5000 2096.1873   16.7828
   -7.5000   37.5000  -37.5000 1979.0010   18.8005
    0.0000   37.5000  -37.5000 1999.8284   18.5097
    7.5000   37.5000  -37.5000 1989.1331   18.6429
   -7.5000   45.0000  -37.5000 1864.3751   21.4133
    0.0000   45.0000  -37.5000 1888.4636   21.1057
    7.5000   45.0000  -37.5000 1879.2870   21.2395
   -7.5000  -45.0000  -30.0000 2401.6182   14.7165
    0.0000  -45.0000  -30.0000 2424.2117   14.6018
    7.5000  -45.0000  -30.0000 2418.5845   14.6592
   -7.5000  -37.5000  -30.0000 2464.2078   13.8762
    0.0000  -37.5000  -30.0000 2483.5693   13.7404
    7.5000  -37.5000  -30.0000 2471.5437   13.7985
   -7.5000  -30.0000  -30.0000 2506.3540   13.2621
    0.0000  -30.0000  -30.0000 2527.0552   13.1273
    7.5000  -30.0000  -30.0000 2515.1472   13.1682
   -7.5000  -22.5000  -30.0000 2535.4758   12.8775
    0.0000  -22.5000  -30.0000 2556.4009   12.7315
    7.5000  -22.5000  -30.0000 2545.7810   12.7590
   -7.5000  -15.0000  -30.0000 2539.6182   12.6631
    0.0000  -15.0000  -30.0000 2567.4285   12.5449
    7.5000  -15.0000  -30.0000 2554.4128   12.5737
   -7.5000   -7.5000  -30.0000 2535.2170   12.6813
    0.0000   -7.5000  -30.0000 2563.1929   12.5551
    7.5000   -7.5000  -30.0000 2547.5227   12.6025
   -7.5000    0.0000  -30.0000 2507.6594   12.9044
    0.0000    0.0000  -30.0000 2537.4287   12.7721
    7.5000    0.0000  -30.0000 2525.4443   12.8377
   -7.5000    7.5000  -30.0000 2464.8186   13.3571
    0.0000    7.5000  -30.0000 2495.8635   13.1878
    7.5000    7.5000  -30.0000 2481.2153   13.2813
   -7.5000   15.0000  -30.0000 2400.5750   14.0046
    0.0000   15.0000  -30.0000 2431.9221   13.8286
    7.5000   15.0000  -30.0000 2415.3167   13.9244
   -7.5000   22.5000  -30.0000 2312.1663   14.9528
    0.0000   22.5000  -30.0000 2340.9980   14.7439
    7.5000   22.5000  -30.0000 2324.6560   14.8445
   -7.5000   30.0000  -30.0000 2206.1655   16.2487
    0.0000   30.0000  -30.0000 2230.5608   16.0034
    7.5000   30.0000  -30.0000 2217.9363   16.1089
   -7.5000   37.5000  -30.0000 2088.8240   18.0487
    0.0000   37.5000  -30.0000 2107.9324   17.7710
    7.5000   37.5000  -30.0000 2095.9504   17.8672
   -7.5000   45.0000  -30.0000 1965.3326   20.4941
    0.0000   45.0000  -30.0000 1990.0925   20.1993
    7.5000   45.0000  -30.0000 1977.7770   20.3022
   -7.5000  -45.0000  -22.5000 2488.0342   14.1609
    0.0000  -45.0000  -22.5000 2509.3770   13.9993
    7.5000  -45.0000  -22.5000 2501.7212   14.0645
   -7.5000  -37.5000  -22.5000 2551.9548   13.3260
    0.0000  -37.5000  -22.5000 2574.3306   13.1855
    7.5000  -37.5000  -22.5000 2562.1931   13.2249
   -7.5000  -30.0000  -22.5000 2606.1099   12.6868
    0.0000  -30.0000  -22.5000 2631.1931   12.5749
    7.5000  -30.0000  -22.5000 2618.3525   12.6072
   -7.5000  -22.5000  -22.5000 2643.3286   12.2810
    0.0000  -22.5000  -22.5000 2666.9292   12.1751
    7.5000  -22.5000  -22.5000 2658.5381   12.1869
   -7.5000  -15.0000  -22.5000 2657.3228   12.0886
    0.0000  -15.0000  -22.5000 2685.0391   11.9896
    7.5000  -15.0000  -22.5000 2671.5566   12.0153
   -7.5000   -7.5000  -22.5000 2654.5989   12.1270
    0.0000   -7.5000  -22.5000 2686.9387   12.0318
    7.5000   -7.5000  -22.5000 2668.7979   12.0645
   -7.5000    0.0000  -22.5000 2630.4556   12.3880
    0.0000    0.0000  -22.5000 2667.5881   12.2694
    7.5000    0.0000  -22.5000 2647.1133   12.3187
   -7.5000    7.5000  -22.5000 2586.3931   12.8130
    0.0000    7.5000  -22.5000 2619.5110   12.6900
    7.5000    7.5000  -22.5000 2598.5139   12.7491
   -7.5000   15.0000  -22.5000 2515.0557   13.4233
    0.0000   15.0000  -22.5000 2549.5681   13.2826
    7.5000   15.0000  -22.5000 2528.8950   13.3611
   -7.5000   22.5000  -22.5000 2418.8679   14.3095
    0.0000   22.5000  -22.5000 2449.7075   14.1360
    7.5000   22.5000  -22.5000 2430.1233   14.2228
   -7.5000   30.0000  -22.5000 2302.8396   15.5432
    0.0000   30.0000  -22.5000 2331.2971   15.3402
    7.5000   30.0000  -22.5000 2318.5750   15.4289
   -7.5000   37.5000  -22.5000 2173.9082   17.2691
    0.0000   37.5000  -22.5000 2194.8523   17.0193
    7.5000   37.5000  -22.5000 2186.1238   17.1108
   -7.5000   45.0000  -22.5000 2041.1948   19.5982
    0.0000   45.0000  -22.5000 2063.4714   19.3316
    7.5000   45.0000  -22.5000 2050.8904   19.4131
   -7.5000  -45.0000  -15.0000 2534.6816   13.6765
    0.0000  -45.0000  -15.0000 2559.0298   13.5109
    7.5000  -45.0000  -15.0000 2555.5105   13.5701
   -7.5000  -37.5000  -15.0000 2606.7683   12.8350
    0.0000  -37.5000  -15.0000 2631.4282   12.6771
    7.5000  -37.5000  -15.0000 2623.1345   12.7333
   -7.5000  -30.0000  -15.0000 2668.4541   12.1989
    0.0000  -30.0000  -15.0000 2696.5012   12.0560
    7.5000  -30.0000  -15.0000 2681.4475   12.1254
   -7.5000  -22.5000  -15.0000 2716.4138   11.7851
    0.0000  -22.5000  -15.0000 2745.7229   11.6480
    7.5000  -22.5000  -15.0000 2732.4722   11.7184
   -7.5000  -15.0000  -15.0000 2740.4688   11.5890
    0.0000  -15.0000  -15.0000 2778.9998   11.4564
    7.5000  -15.0000  -15.0000 2758.6680   11.5252
   -7.5000   -7.5000  -15.0000 2745.4717   11.6235
    0.0000   -7.5000  -15.0000 2784.8230   11.5018
    7.5000   -7.5000  -15.0000 2763.4736   11.5572
   -7.5000    0.0000  -15.0000 2726.1138   11.8858
    0.0000    0.0000  -15.0000 2770.5269   11.7616
    7.5000    0.0000  -15.0000 2743.7200   11.8140
   -7.5000    7.5000  -15.0000 2677.4182   12.2987
    0.0000    7.5000  -15.0000 2719.9028   12.1893
    7.5000    7.5000  -15.0000 2691.5127   12.2394
   -7.5000   15.0000  -15.0000 2600.4106   12.8735
    0.0000   15.0000  -15.0000 2639.2493   12.7478
    7.5000   15.0000  -15.0000 2616.2551   12.8436
   -7.5000   22.5000  -15.0000 2498.0981   13.7095
    0.0000   22.5000  -15.0000 2532.9075   13.5525
    7.5000   22.5000  -15.0000 2511.0239   13.6621
   -7.5000   30.0000  -15.0000 2369.2991   14.9080
    0.0000   30.0000  -15.0000 2402.6765   14.7246
    7.5000   30.0000  -15.0000 2386.0049   14.8138
   -7.5000   37.5000  -15.0000 2230.7161   16.5583
    0.0000   37.5000  -15.0000 2259.7954   16.3303
    7.5000   37.5000  -15.0000 2250.6709   16.4261
   -7.5000   45.0000  -15.0000 2089.0747   18.7679
    0.0000   45.0000  -15.0000 2114.2476   18.4989
    7.5000   45.0000  -15.0000 2103.3823   18.5988
   -7.5000  -45.0000   -7.5000 2556.8809   13.2969
    0.0000  -45.0000   -7.5000 2585.5120   13.0675
    7.5000  -45.0000   -7.5000 2580.3931   13.1720
   -7.5000  -37.5000   -7.5000 2634.5972   12.4253
    0.0000  -37.5000   -7.5000 2664.8086   12.2126
    7.5000  -37.5000   -7.5000 2656.2139   12.3011
   -7.5000  -30.0000   -7.5000 2710.3616   11.7889
    0.0000  -30.0000   -7.5000 2739.1379   11.5806
    7.5000  -30.0000   -7.5000 2728.5017   11.6919
   -7.5000  -22.5000   -7.5000 2767.7285   11.3807
    0.0000  -22.5000   -7.5000 2806.5002   11.2004
    7.5000  -22.5000   -7.5000 2788.5994   11.3092
   -7.5000  -15.0000   -7.5000 2807.6057   11.1616
    0.0000  -15.0000   -7.5000 2857.4700   10.9857
    7.5000  -15.0000   -7.5000 2833.0696   11.1047
   -7.5000   -7.5000   -7.5000 2823.0354   11.2108
    0.0000   -7.5000   -7.5000 2870.4983   11.0275
    7.5000   -7.5000   -7.5000 2845.7800   11.1344
   -7.5000    0.0000   -7.5000 2804.9614   11.4390
    0.0000    0.0000   -7.5000 2854.3291   11.2968
    7.5000    0.0000   -7.5000 2825.8330   11.3765
   -7.5000    7.5000   -7.5000 2745.0315   11.8483
    0.0000    7.5000   -7.5000 2793.5515   11.7086
    7.5000    7.5000   -7.5000 2763.7927   11.7933
   -7.5000   15.0000   -7.5000 2655.9614   12.4232
    0.0000   15.0000   -7.5000 2702.4045   12.2843
    7.5000   15.0000   -7.5000 2677.3176   12.3788
   -7.5000   22.5000   -7.5000 2543.6963   13.2054
    0.0000   22.5000   -7.5000 2582.3716   13.0545
    7.5000   22.5000   -7.5000 2562.0654   13.1458
   -7.5000   30.0000   -7.5000 2411.5139   14.3642
    0.0000   30.0000   -7.5000 2444.6821   14.1889
    7.5000   30.0000   -7.5000 2428.3652   14.2711
   -7.5000   37.5000   -7.5000 2268.4866   15.9435
    0.0000   37.5000   -7.5000 2299.8347   15.7294
    7.5000   37.5000   -7.5000 2287.0764   15.8236
   -7.5000   45.0000   -7.5000 2120.0315   18.0512
    0.0000   45.0000   -7.5000 2146.4185   17.7851
    7.5000   45.0000   -7.5000 2132.4136   17.8985
   -7.5000  -45.0000    0.0000 2559.9753   13.0743
    0.0000  -45.0000    0.0000 2588.7476   12.7987
    7.5000  -45.0000    0.0000 2582.7913   12.9510
   -7.5000  -37.5000    0.0000 2644.6414   12.1679
    0.0000  -37.5000    0.0000 2675.1809   11.9171
    7.5000  -37.5000    0.0000 2667.4087   12.0400
   -7.5000  -30.0000    0.0000 2727.0220   11.5140
    0.0000  -30.0000    0.0000 2758.8281   11.2829
    7.5000  -30.0000    0.0000 2751.0132   11.4196
   -7.5000  -22.5000    0.0000 2803.3474   11.1129
    0.0000  -22.5000    0.0000 2844.6533   10.9042
    7.5000  -22.5000    0.0000 2826.5981   11.0308
   -7.5000  -15.0000    0.0000 2857.2295   10.9010
    0.0000  -15.0000    0.0000 2915.2275   10.6896
    7.5000  -15.0000    0.0000 2885.0920   10.8318
   -7.5000   -7.5000    0.0000 2879.4417   10.8980
    0.0000   -7.5000    0.0000 2944.0278   10.6775
    7.5000   -7.5000    0.0000 2908.6333   10.8352
   -7.5000    0.0000    0.0000 2857.9348   11.1241
    0.0000    0.0000    0.0000 2912.3433   10.9233
    7.5000    0.0000    0.0000 2880.5432   11.0641
   -7.5000    7.5000    0.0000 2790.5708   11.5555
    0.0000    7.5000    0.0000 2836.2397   11.3654
    7.5000    7.5000    0.0000 2809.9053   11.4834
   -7.5000   15.0000    0.0000 2689.6064   12.1299
    0.0000   15.0000    0.0000 2733.5391   11.9724
    7.5000   15.0000    0.0000 2708.2544   12.0696
   -7.5000   22.5000    0.0000 2566.7217   12.9059
    0.0000   22.5000    0.0000 2606.1736   12.7429
    7.5000   22.5000    0.0000 2584.7966   12.8325
   -7.5000   30.0000    0.0000 2431.2075   14.0206
    0.0000   30.0000    0.0000 2463.1885   13.8493
    7.5000   30.0000    0.0000 2444.4941   13.9387
   -7.5000   37.5000    0.0000 2284.9026   15.5275
    0.0000   37.5000    0.0000 2313.5220   15.3465
    7.5000   37.5000    0.0000 2296.9839   15.4405
   -7.5000   45.0000    0.0000 2132.7483   17.5780
    0.0000   45.0000    0.0000 2156.9829   17.3562
    7.5000   45.0000    0.0000 2144.6482   17.4585
   -7.5000  -45.0000    7.5000 2551.8640   13.0528
    0.0000  -45.0000    7.5000 2580.9644   12.7389
    7.5000  -45.0000    7.5000 2570.3130   12.9251
   -7.5000  -37.5000    7.5000 2637.9651   12.0989
    0.0000  -37.5000    7.5000 2670.4973   11.8116
    7.5000  -37.5000    7.5000 2660.4268   11.9785
   -7.5000  -30.0000    7.5000 2727.4006   11.4225
    0.0000  -30.0000    7.5000 2762.5662   11.1376
    7.5000  -30.0000    7.5000 2750.0967   11.3083
   -7.5000  -22.5000    7.5000 2808.6829   11.0109
    0.0000  -22.5000    7.5000 2854.4158   10.7414
    7.5000  -22.5000    7.5000 2833.7749   10.8954
   -7.5000  -15.0000    7.5000 2868.8977   10.8067
    0.0000  -15.0000    7.5000 2928.6970   10.5888
    7.5000  -15.0000    7.5000 2901.3818   10.7239
   -7.5000   -7.5000    7.5000 2896.3838   10.7972
    0.0000   -7.5000    7.5000 2962.9802   10.5710
    7.5000   -7.5000    7.5000 2927.6367   10.7335
   -7.5000    0.0000    7.5000 2878.7446   10.9798
    0.0000    0.0000    7.5000 2936.9849   10.7736
    7.5000    0.0000    7.5000 2903.8044   10.8958
   -7.5000    7.5000    7.5000 2809.2971   11.3973
    0.0000    7.5000    7.5000 2852.7659   11.2114
    7.5000    7.5000    7.5000 2827.2886   11.2960
   -7.5000   15.0000    7.5000 2697.7905   12.0107
    0.0000   15.0000    7.5000 2738.2173   11.8314
    7.5000   15.0000    7.5000 2712.5071   11.9033
   -7.5000   22.5000    7.5000 2566.9458   12.8273
    0.0000   22.5000    7.5000 2598.5720   12.6364
    7.5000   22.5000    7.5000 2581.3535   12.7018
   -7.5000   30.0000    7.5000 2430.6162   13.9337
    0.0000   30.0000    7.5000 2455.5164   13.7364
    7.5000   30.0000    7.5000 2442.6960   13.8184
   -7.5000   37.5000    7.5000 2281.1938   15.4000
    0.0000   37.5000    7.5000 2307.6226   15.1857
    7.5000   37.5000    7.5000 2295.0403   15.2741
   -7.5000   45.0000    7.5000 2130.0732   17.3264
    0.0000   45.0000    7.5000 2155.0581   17.1125
    7.5000   45.0000    7.5000 2142.3953   17.2108
   -7.5000  -45.0000   15.0000 2528.9673   13.1994
    0.0000  -45.0000   15.0000 2560.1997   12.8744
    7.5000  -45.0000   15.0000 2546.9873   13.0559
   -7.5000  -37.5000   15.0000 2614.9387   12.2475
    0.0000  -37.5000   15.0000 2647.2097   11.9374
    7.5000  -37.5000   15.0000 2633.6482   12.0982
   -7.5000  -30.0000   15.0000 2702.7041   11.5674
    0.0000  -30.0000   15.0000 2739.9207   11.2588
    7.5000  -30.0000   15.0000 2718.5652   11.4128
   -7.5000  -22.5000   15.0000 2784.4602   11.1312
    0.0000  -22.5000   15.0000 2828.5964   10.8610
    7.5000  -22.5000   15.0000 2804.4075   10.9906
   -7.5000  -15.0000   15.0000 2845.1165   10.9156
    0.0000  -15.0000   15.0000 2900.2473   10.6704
    7.5000  -15.0000   15.0000 2871.0916   10.7948
   -7.5000   -7.5000   15.0000 2868.5715   10.9346
    0.0000   -7.5000   15.0000 2925.9006   10.7151
    7.5000   -7.5000   15.0000 2897.3152   10.8223
   -7.5000    0.0000   15.0000 2851.9146   11.1112
    0.0000    0.0000   15.0000 2902.8699   10.9383
    7.5000    0.0000   15.0000 2876.8374   11.0086
   -7.5000    7.5000   15.0000 2784.9678   11.4963
    0.0000    7.5000   15.0000 2828.5308   11.3150
    7.5000    7.5000   15.0000 2801.0728   11.3803
   -7.5000   15.0000   15.0000 2682.3567   12.0811
    0.0000   15.0000   15.0000 2719.4543   11.8858
    7.5000   15.0000   15.0000 2694.7927   11.9388
   -7.5000   22.5000   15.0000 2546.8865   12.9396
    0.0000   22.5000   15.0000 2573.9380   12.7113
    7.5000   22.5000   15.0000 2562.1104   12.7667
   -7.5000   30.0000   15.0000 2410.4751   14.0295
    0.0000   30.0000   15.0000 2434.1575   13.7810
    7.5000   30.0000   15.0000 2425.3296   13.8498
   -7.5000   37.5000   15.0000 2263.2100   15.4713
    0.0000   37.5000   15.0000 2287.0437   15.2191
    7.5000   37.5000   15.0000 2275.9463   15.2980
   -7.5000   45.0000   15.0000 2110.3706   17.3622
    0.0000   45.0000   15.0000 2133.9167   17.0877
    7.5000   45.0000   15.0000 2119.6567   17.1960
   -7.5000  -45.0000   22.5000 2492.4937   13.5494
    0.0000  -45.0000   22.5000 2525.5378   13.2548
    7.5000  -45.0000   22.5000 2513.9395   13.3975
   -7.5000  -37.5000   22.5000 2581.1765   12.5984
    0.0000  -37.5000   22.5000 2614.8618   12.3068
    7.5000  -37.5000   22.5000 2598.3743   12.4465
   -7.5000  -30.0000   22.5000 2659.7148   11.9106
    0.0000  -30.0000   22.5000 2697.8672   11.6401
    7.5000  -30.0000   22.5000 2673.7466   11.7653
   -7.5000  -22.5000   22.5000 2735.8313   11.4871
    0.0000  -22.5000   22.5000 2774.2209   11.2388
    7.5000  -22.5000   22.5000 2751.1587   11.3337
   -7.5000  -15.0000   22.5000 2793.0867   11.2650
    0.0000  -15.0000   22.5000 2840.0378   11.0183
    7.5000  -15.0000   22.5000 2813.3450   11.1120
   -7.5000   -7.5000   22.5000 2812.3918   11.2795
    0.0000   -7.5000   22.5000 2855.9536   11.0495
    7.5000   -7.5000   22.5000 2835.4763   11.1229
   -7.5000    0.0000   22.5000 2785.9692   11.4869
    0.0000    0.0000   22.5000 2824.2939   11.2696
    7.5000    0.0000   22.5000 2808.0632   11.3361
   -7.5000    7.5000   22.5000 2724.9878   11.8722
    0.0000    7.5000   22.5000 2759.8623   11.6578
    7.5000    7.5000   22.5000 2737.8020   11.7275
   -7.5000   15.0000   22.5000 2632.7971   12.4417
    0.0000   15.0000   22.5000 2665.5215   12.2274
    7.5000   15.0000   22.5000 2641.2788   12.2919
   -7.5000   22.5000   22.5000 2510.9128   13.2377
    0.0000   22.5000   22.5000 2536.7849   13.0176
    7.5000   22.5000   22.5000 2521.5896   13.0808
   -7.5000   30.0000   22.5000 2377.5281   14.2957
    0.0000   30.0000   22.5000 2404.2268   14.0385
    7.5000   30.0000   22.5000 2394.9883   14.1073
   -7.5000   37.5000   22.5000 2229.3899   15.7287
    0.0000   37.5000   22.5000 2253.5896   15.4700
    7.5000   37.5000   22.5000 2247.1089   15.5295
   -7.5000   45.0000   22.5000 2082.9978   17.5622
    0.0000   45.0000   22.5000 2103.4778   17.3061
    7.5000   45.0000   22.5000 2093.3777   17.3776
   -7.5000  -45.0000   30.0000 2453.8599   14.0959
    0.0000  -45.0000   30.0000 2486.0850   13.8514
    7.5000  -45.0000   30.0000 2471.5371   13.9851
   -7.5000  -37.5000   30.0000 2539.2300   13.1415
    0.0000  -37.5000   30.0000 2571.2930   12.8795
    7.5000  -37.5000   30.0000 2552.9604   12.9983
   -7.5000  -30.0000   30.0000 2606.0713   12.4512
    0.0000  -30.0000   30.0000 2644.2151   12.1926
    7.5000  -30.0000   30.0000 2619.8857   12.3082
   -7.5000  -22.5000   30.0000 2673.3069   12.0284
    0.0000  -22.5000   30.0000 2712.1924   11.7953
    7.5000  -22.5000   30.0000 2687.7561   11.8835
   -7.5000  -15.0000   30.0000 2717.8333   11.8164
    0.0000  -15.0000   30.0000 2758.4062   11.5980
    7.5000  -15.0000   30.0000 2733.0833   11.6722
   -7.5000   -7.5000   30.0000 2728.9441   11.8360
    0.0000   -7.5000   30.0000 2764.3838   11.6421
    7.5000   -7.5000   30.0000 2745.3928   11.6831
   -7.5000    0.0000   30.0000 2697.1958   12.0391
    0.0000    0.0000   30.0000 2731.7402   11.8537
    7.5000    0.0000   30.0000 2713.1133   11.8914
   -7.5000    7.5000   30.0000 2637.2041   12.4313
    0.0000    7.5000   30.0000 2669.2561   12.2412
    7.5000    7.5000   30.0000 2650.3269   12.2879
   -7.5000   15.0000   30.0000 2556.9578   12.9926
    0.0000   15.0000   30.0000 2586.4976   12.7862
    7.5000   15.0000   30.0000 2565.2712   12.8502
   -7.5000   22.5000   30.0000 2451.9111   13.7526
    0.0000   22.5000   30.0000 2474.9275   13.5555
    7.5000   22.5000   30.0000 2461.1570   13.6220
   -7.5000   30.0000   30.0000 2331.9609   14.7471
    0.0000   30.0000   30.0000 2354.0710   14.5283
    7.5000   30.0000   30.0000 2343.1414   14.6110
   -7.5000   37.5000   30.0000 2191.5310   16.1475
    0.0000   37.5000   30.0000 2213.4600   15.9227
    7.5000   37.5000   30.0000 2204.1128   15.9923
   -7.5000   45.0000   30.0000 2047.3035   17.9721
    0.0000   45.0000   30.0000 2068.3777   17.7318
    7.5000   45.0000   30.0000 2055.5847   17.8207
   -7.5000  -45.0000   37.5000 2406.5278   14.8481
    0.0000  -45.0000   37.5000 2435.0432   14.6543
    7.5000  -45.0000   37.5000 2418.6528   14.7712
   -7.5000  -37.5000   37.5000 2487.4634   13.8733
    0.0000  -37.5000   37.5000 2519.6636   13.6702
    7.5000  -37.5000   37.5000 2495.9275   13.7638
   -7.5000  -30.0000   37.5000 2546.6943   13.1877
    0.0000  -30.0000   37.5000 2582.4568   12.9640
    7.5000  -30.0000   37.5000 2555.4951   13.0536
   -7.5000  -22.5000   37.5000 2599.9004   12.7534
    0.0000  -22.5000   37.5000 2635.0747   12.5583
    7.5000  -22.5000   37.5000 2610.9221   12.6311
   -7.5000  -15.0000   37.5000 2630.9070   12.5484
    0.0000  -15.0000   37.5000 2664.0605   12.3736
    7.5000  -15.0000   37.5000 2641.2625   12.4290
   -7.5000   -7.5000   37.5000 2633.3606   12.5808
    0.0000   -7.5000   37.5000 2663.9934   12.4186
    7.5000   -7.5000   37.5000 2646.4902   12.4436
   -7.5000    0.0000   37.5000 2597.9563   12.7976
    0.0000    0.0000   37.5000 2628.5864   12.6369
    7.5000    0.0000   37.5000 2613.9373   12.6690
   -7.5000    7.5000   37.5000 2543.0439   13.2055
    0.0000    7.5000   37.5000 2567.9717   13.0420
    7.5000    7.5000   37.5000 2554.8071   13.0627
   -7.5000   15.0000   37.5000 2472.6553   13.7331
    0.0000   15.0000   37.5000 2494.7771   13.5659
    7.5000   15.0000   37.5000 2480.0925   13.5838
   -7.5000   22.5000   37.5000 2381.5259   14.4483
    0.0000   22.5000   37.5000 2404.0308   14.2640
    7.5000   22.5000   37.5000 2388.5203   14.3142
   -7.5000   30.0000   37.5000 2273.8032   15.3992
    0.0000   30.0000   37.5000 2294.5461   15.2238
    7.5000   30.0000   37.5000 2284.5608   15.2745
   -7.5000   37.5000   37.5000 2142.4822   16.8169
    0.0000   37.5000   37.5000 2162.9177   16.6005
    7.5000   37.5000   37.5000 2152.6616   16.6630
   -7.5000   45.0000   37.5000 2008.0334   18.6258
    0.0000   45.0000   37.5000 2024.2117   18.4142
    7.5000   45.0000   37.5000 2013.3754   18.4840
   -7.5000  -45.0000   45.0000 2346.1296   15.8983
    0.0000  -45.0000   45.0000 2370.1216   15.7168
    7.5000  -45.0000   45.0000 2353.1072   15.8095
   -7.5000  -37.5000   45.0000 2419.9041   14.8704
    0.0000  -37.5000   45.0000 2449.9016   14.6876
    7.5000  -37.5000   45.0000 2425.3372   14.7796
   -7.5000  -30.0000   45.0000 2474.4580   14.1479
    0.0000  -30.0000   45.0000 2504.4270   13.9749
    7.5000  -30.0000   45.0000 2480.0068   14.0497
   -7.5000  -22.5000   45.0000 2514.7512   13.7155
    0.0000  -22.5000   45.0000 2541.2212   13.5398
    7.5000  -22.5000   45.0000 2522.7612   13.6070
   -7.5000  -15.0000   45.0000 2538.4136   13.5001
    0.0000  -15.0000   45.0000 2563.0000   13.3395
    7.5000  -15.0000   45.0000 2542.4653   13.3963
   -7.5000   -7.5000   45.0000 2532.5376   13.5426
    0.0000   -7.5000   45.0000 2555.1348   13.3941
    7.5000   -7.5000   45.0000 2537.7522   13.4217
   -7.5000    0.0000   45.0000 2498.4968   13.7728
    0.0000    0.0000   45.0000 2518.4216   13.6319
    7.5000    0.0000   45.0000 2506.3201   13.6550
   -7.5000    7.5000   45.0000 2447.2986   14.1695
    0.0000    7.5000   45.0000 2465.1477   14.0182
    7.5000    7.5000   45.0000 2458.2788   14.0420
   -7.5000   15.0000   45.0000 2383.2805   14.6945
    0.0000   15.0000   45.0000 2398.8977   14.5456
    7.5000   15.0000   45.0000 2389.7405   14.5560
   -7.5000   22.5000   45.0000 2306.6519   15.3446
    0.0000   22.5000   45.0000 2326.4880   15.1776
    7.5000   22.5000   45.0000 2309.7876   15.1999
   -7.5000   30.0000   45.0000 2204.3657   16.2841
    0.0000   30.0000   45.0000 2225.0410   16.1131
    7.5000   30.0000   45.0000 2208.6421   16.1543
   -7.5000   37.5000   45.0000 2084.0410   17.7005
    0.0000   37.5000   45.0000 2103.7732   17.4982
    7.5000   37.5000   45.0000 2091.9600   17.5546
   -7.5000   45.0000   45.0000 1956.9819   19.5499
    0.0000   45.0000   45.0000 1973.7959   19.3396
    7.5000   45.0000   45.0000 1962.0352   19.3899

---------------------------------------------------------------------
imgreg_4dfp /opt/freesurfer/average/711-2C_as_mni_average_305 /opt/freesurfer/average/711-2B_as_mni_average_305_mask talsrcimg_g11 none talsrcimg_to_711-2C_as_mni_average_305_t4 1283
---------------------------------------------------------------------

freesurfer imgreg_4dfp.c
/opt/freesurfer/average/711-2C_as_mni_average_305.4dfp.img
       256       256       256         1
  1.000000  1.000000  1.000000
orientation T byte_order littleendian
Reading image: /opt/freesurfer/average/711-2C_as_mni_average_305.4dfp.img
dimensions:      256       256       256
mmppix:       1.0000   -1.0000   -1.0000
center:     128.0000 -129.0000 -129.0000
/opt/freesurfer/average/711-2B_as_mni_average_305_mask.4dfp.img
       256       256       256         1
  1.000000  1.000000  1.000000
orientation T byte_order littleendian
Reading mask: /opt/freesurfer/average/711-2B_as_mni_average_305_mask.4dfp.img (2306576 pixels)
talsrcimg_g11.4dfp.img
       256       256       256         1
  1.000000  1.000000  1.000000
orientation T byte_order littleendian
Reading image: talsrcimg_g11.4dfp.img
dimensions:      256       256       256
mmppix:       1.0000   -1.0000   -1.0000
center:     128.0000 -129.0000 -129.0000
rotation matrix determinant  1.000000
fimgreg.f
image alignment mode   1283 decimal      503 hex
parameters
    0.0000   -7.5000    7.5000    0.0000    0.0000    0.0000
eta,q 0.93067 10.56438
niter,ni,del,rscale     5    3   12.0000    1.2000
parameter  4  3.397211 ->  0.500000 qaram    1.1500
parameters
    1.3716   -7.0977    6.4735   -3.4500    1.5785    1.4056
eta,q 0.93717 10.48849
  0.0874  0.0743  0.0743  0.0618  0.0743  0.0662
  0.0805  0.0704  0.0711  0.0629  0.0695  0.0649
  0.0738  0.0683  0.0689  0.0653  0.0658  0.0640
  0.0692  0.0680  0.0682  0.0683  0.0635  0.0631
  0.0683  0.0684  0.0705  0.0708  0.0633  0.0628
  0.0712  0.0694  0.0754  0.0735  0.0646  0.0633
  0.0772  0.0726  0.0802  0.0765  0.0669  0.0645
niter,ni,del,rscale     5    3   12.0000    1.2000
parameter  4  1.039422 ->  0.500000 qaram    1.3225
parameters
    1.1574   -5.7918    5.3086   -7.4175    1.7210    1.3774
eta,q 0.94106 10.41173
  0.0772  0.0733  0.0681  0.0579  0.0672  0.0625
  0.0701  0.0684  0.0643  0.0586  0.0629  0.0606
  0.0645  0.0648  0.0619  0.0597  0.0598  0.0595
  0.0628  0.0628  0.0623  0.0616  0.0589  0.0589
  0.0655  0.0623  0.0657  0.0657  0.0601  0.0593
  0.0716  0.0636  0.0693  0.0702  0.0625  0.0606
  0.0792  0.0672  0.0730  0.0740  0.0662  0.0626
niter,ni,del,rscale     5    3   12.0000    1.2000
parameter  4  0.609726 ->  0.500000 qaram    1.5209
parameters
    1.0198   -4.4861    4.9892  -11.9801    2.1840    1.5136
eta,q 0.94376 10.37779
  0.0745  0.0710  0.0665  0.0573  0.0656  0.0598
  0.0673  0.0648  0.0630  0.0563  0.0615  0.0579
  0.0612  0.0606  0.0598  0.0573  0.0583  0.0565
  0.0589  0.0589  0.0591  0.0590  0.0564  0.0562
  0.0616  0.0592  0.0608  0.0604  0.0567  0.0566
  0.0682  0.0603  0.0639  0.0641  0.0593  0.0576
  0.0759  0.0634  0.0683  0.0696  0.0637  0.0595
niter,ni,del,rscale     5    3   12.0000    1.2000
parameters
    0.7455   -2.5111    4.7198  -14.3879    2.3705    0.6832
eta,q 0.94559 10.38323
  0.0720  0.0705  0.0625  0.0591  0.0626  0.0573
  0.0646  0.0637  0.0590  0.0563  0.0587  0.0554
  0.0581  0.0587  0.0565  0.0548  0.0560  0.0544
  0.0562  0.0561  0.0556  0.0556  0.0547  0.0547
  0.0599  0.0556  0.0568  0.0585  0.0553  0.0555
  0.0668  0.0565  0.0596  0.0610  0.0579  0.0568
  0.0747  0.0589  0.0642  0.0658  0.0619  0.0592
niter,ni,del,rscale     4    3   12.0000    1.2000
parameters
    0.6835   -1.8394    4.3446  -15.0296    2.4751    0.6238
eta,q 0.94594 10.40672
  0.0706  0.0648  0.0611  0.0613  0.0617  0.0580
  0.0629  0.0597  0.0574  0.0577  0.0578  0.0557
  0.0566  0.0563  0.0549  0.0549  0.0552  0.0543
  0.0544  0.0544  0.0542  0.0541  0.0541  0.0541
  0.0575  0.0545  0.0556  0.0565  0.0548  0.0549
  0.0636  0.0567  0.0585  0.0595  0.0575  0.0559
  0.0709  0.0614  0.0633  0.0628  0.0612  0.0580
niter,ni,del,rscale     3    3   12.0000    1.2000
parameters
    0.6993   -1.6867    4.2558  -15.2384    2.4481    0.6238
eta,q 0.94601 10.41056
  0.0705  0.0631  0.0618  0.0619  0.0613  0.0581
  0.0626  0.0589  0.0578  0.0582  0.0574  0.0557
  0.0562  0.0558  0.0551  0.0553  0.0549  0.0542
  0.0541  0.0541  0.0540  0.0540  0.0540  0.0540
  0.0569  0.0544  0.0552  0.0559  0.0549  0.0548
  0.0627  0.0576  0.0579  0.0592  0.0576  0.0558
  0.0699  0.0630  0.0625  0.0621  0.0615  0.0578
niter,ni,del,rscale     2    3   12.0000    1.2000
parameters
    0.7191   -1.6338    4.2297  -15.3078    2.4192    0.6210
eta,q 0.94603 10.41175
  0.0704  0.0628  0.0620  0.0621  0.0613  0.0580
  0.0625  0.0588  0.0579  0.0584  0.0574  0.0557
  0.0561  0.0558  0.0551  0.0554  0.0549  0.0542
  0.0540  0.0540  0.0540  0.0540  0.0540  0.0540
  0.0568  0.0545  0.0551  0.0557  0.0548  0.0548
  0.0626  0.0579  0.0577  0.0591  0.0576  0.0557
  0.0698  0.0633  0.0624  0.0619  0.0614  0.0578
registration optimization eta report
parameter search radius
    6.0000    6.0000    6.0000    9.1253    6.0000    6.0000
100000*second partial in parameter space
       43.       25.       23.        9.       20.       11.
  0.0704  0.0628  0.0620  0.0621  0.0613  0.0580
  0.0625  0.0588  0.0579  0.0584  0.0574  0.0557
  0.0561  0.0558  0.0551  0.0554  0.0549  0.0542
  0.0540  0.0540  0.0540  0.0540  0.0540  0.0540
  0.0568  0.0545  0.0551  0.0557  0.0548  0.0548
  0.0626  0.0579  0.0577  0.0591  0.0576  0.0557
  0.0698  0.0633  0.0624  0.0619  0.0614  0.0578
    0.7191   -1.6338    4.2297  -15.3078    2.4192    0.6210
eta,q 0.94603 10.41175

---------------------------------------------------------------------
imgreg_4dfp /opt/freesurfer/average/711-2C_as_mni_average_305 /opt/freesurfer/average/711-2B_as_mni_average_305_mask talsrcimg_g11 none talsrcimg_to_711-2C_as_mni_average_305_t4 3335
---------------------------------------------------------------------

freesurfer imgreg_4dfp.c
/opt/freesurfer/average/711-2C_as_mni_average_305.4dfp.img
       256       256       256         1
  1.000000  1.000000  1.000000
orientation T byte_order littleendian
Reading image: /opt/freesurfer/average/711-2C_as_mni_average_305.4dfp.img
dimensions:      256       256       256
mmppix:       1.0000   -1.0000   -1.0000
center:     128.0000 -129.0000 -129.0000
/opt/freesurfer/average/711-2B_as_mni_average_305_mask.4dfp.img
       256       256       256         1
  1.000000  1.000000  1.000000
orientation T byte_order littleendian
Reading mask: /opt/freesurfer/average/711-2B_as_mni_average_305_mask.4dfp.img (2306576 pixels)
talsrcimg_g11.4dfp.img
       256       256       256         1
  1.000000  1.000000  1.000000
orientation T byte_order littleendian
Reading image: talsrcimg_g11.4dfp.img
dimensions:      256       256       256
mmppix:       1.0000   -1.0000   -1.0000
center:     128.0000 -129.0000 -129.0000
fimgreg.f
image alignment mode   3335 decimal      D07 hex
parameters
    0.7191   -1.6338    4.2297   -0.0950   -3.5414   -3.6338
    0.0689   -4.3573    1.0829   26.3548    4.2211  -26.3769
eta,q 0.94765 10.51688
niter,ni,del,rscale     5    3    5.0000    1.2000
parameter  4  1.449091 ->  0.500000 qaram    1.1500
parameter  5  2.166447 ->  0.500000 qaram    1.1500
parameter  6  1.246401 ->  0.500000 qaram    1.1500
parameter 10  1.138773 ->  0.500000 qaram    1.1500
parameters
    0.4049   -1.6476    3.5713   -4.2350   -7.6814   -7.7738
    0.6861   -4.8184    2.7730   22.2148    2.1422  -23.5636
eta,q 0.96393  9.75403
  0.0544  0.0541  0.0531  0.0455  0.0410  0.0374  0.0413  0.0427  0.0410  0.0359  0.0370  0.0386
  0.0531  0.0531  0.0524  0.0469  0.0428  0.0385  0.0401  0.0405  0.0400  0.0362  0.0365  0.0375
  0.0524  0.0525  0.0522  0.0490  0.0449  0.0405  0.0393  0.0392  0.0393  0.0372  0.0363  0.0367
  0.0523  0.0523  0.0523  0.0522  0.0474  0.0433  0.0389  0.0389  0.0389  0.0388  0.0364  0.0363
  0.0529  0.0525  0.0528  0.0563  0.0504  0.0471  0.0391  0.0397  0.0388  0.0410  0.0368  0.0361
  0.0541  0.0532  0.0537  0.0609  0.0539  0.0519  0.0396  0.0413  0.0391  0.0436  0.0376  0.0362
  0.0559  0.0542  0.0549  0.0661  0.0577  0.0573  0.0406  0.0438  0.0397  0.0466  0.0386  0.0365
niter,ni,del,rscale     7    3    5.0000    1.2000
parameter  4  0.655981 ->  0.500000 qaram    1.3225
parameter  5  1.529964 ->  0.500000 qaram    1.3225
parameter  6  0.634966 ->  0.500000 qaram    1.3225
parameters
    0.3603   -1.2196    2.9669   -8.9960  -12.4424  -12.5348
    0.1279   -4.9289    3.3595   18.5258    1.0012  -22.4348
eta,q 0.97137  8.96743
  0.0391  0.0387  0.0369  0.0343  0.0296  0.0295  0.0314  0.0329  0.0312  0.0298  0.0293  0.0302
  0.0374  0.0374  0.0362  0.0341  0.0306  0.0294  0.0302  0.0310  0.0303  0.0289  0.0289  0.0295
  0.0364  0.0365  0.0359  0.0346  0.0322  0.0298  0.0296  0.0298  0.0297  0.0288  0.0287  0.0290
  0.0361  0.0361  0.0360  0.0359  0.0342  0.0310  0.0295  0.0294  0.0294  0.0294  0.0287  0.0287
  0.0365  0.0360  0.0365  0.0383  0.0366  0.0334  0.0299  0.0299  0.0295  0.0307  0.0289  0.0287
  0.0376  0.0365  0.0374  0.0420  0.0396  0.0370  0.0308  0.0312  0.0299  0.0325  0.0293  0.0290
  0.0393  0.0374  0.0387  0.0467  0.0431  0.0421  0.0320  0.0331  0.0307  0.0348  0.0298  0.0295
niter,ni,del,rscale     7    3    5.0000    1.2000
parameter  5  0.691648 ->  0.500000 qaram    1.5209
parameters
    0.4363   -0.9668    2.9175  -11.3201  -17.9175  -14.7869
   -0.1767   -4.6643    3.3175   18.9133    1.0001  -22.8147
eta,q 0.97308  8.50049
  0.0316  0.0313  0.0299  0.0303  0.0274  0.0290  0.0290  0.0303  0.0286  0.0304  0.0276  0.0278
  0.0301  0.0299  0.0292  0.0292  0.0271  0.0277  0.0278  0.0286  0.0277  0.0285  0.0272  0.0273
  0.0290  0.0290  0.0288  0.0287  0.0274  0.0270  0.0271  0.0274  0.0271  0.0273  0.0270  0.0270
  0.0286  0.0286  0.0286  0.0286  0.0286  0.0271  0.0269  0.0269  0.0269  0.0269  0.0269  0.0269
  0.0289  0.0288  0.0288  0.0294  0.0305  0.0281  0.0273  0.0272  0.0271  0.0272  0.0270  0.0271
  0.0298  0.0293  0.0293  0.0312  0.0330  0.0297  0.0281  0.0282  0.0277  0.0282  0.0272  0.0275
  0.0313  0.0303  0.0300  0.0343  0.0362  0.0330  0.0293  0.0300  0.0286  0.0297  0.0276  0.0281
niter,ni,del,rscale     7    3    5.0000    1.2000
parameters
    0.3648   -0.4246    1.9794  -11.4357  -20.7383  -16.5502
   -0.1634   -4.5025    3.4646   20.8031    1.3710  -23.3391
eta,q 0.97364  8.31595
  0.0294  0.0297  0.0271  0.0292  0.0282  0.0289  0.0286  0.0297  0.0282  0.0305  0.0271  0.0272
  0.0280  0.0284  0.0267  0.0279  0.0272  0.0276  0.0275  0.0281  0.0273  0.0287  0.0267  0.0267
  0.0272  0.0274  0.0266  0.0270  0.0267  0.0267  0.0268  0.0270  0.0268  0.0273  0.0265  0.0264
  0.0269  0.0269  0.0268  0.0266  0.0266  0.0266  0.0265  0.0265  0.0265  0.0265  0.0264  0.0264
  0.0273  0.0269  0.0273  0.0268  0.0275  0.0276  0.0268  0.0268  0.0267  0.0264  0.0264  0.0266
  0.0282  0.0272  0.0279  0.0278  0.0294  0.0292  0.0275  0.0279  0.0272  0.0269  0.0266  0.0269
  0.0297  0.0280  0.0288  0.0296  0.0320  0.0316  0.0286  0.0295  0.0280  0.0281  0.0270  0.0274
niter,ni,del,rscale     6    3    5.0000    1.2000
parameters
    0.3966    0.4330    0.9158  -11.7823  -23.3341  -18.5327
   -0.2244   -4.3606    2.7882   23.3283    2.8464  -23.3615
eta,q 0.97456  8.13525
  0.0289  0.0293  0.0263  0.0283  0.0274  0.0281  0.0277  0.0289  0.0272  0.0301  0.0265  0.0263
  0.0275  0.0279  0.0260  0.0270  0.0264  0.0268  0.0267  0.0273  0.0264  0.0282  0.0260  0.0258
  0.0267  0.0269  0.0259  0.0262  0.0259  0.0260  0.0260  0.0262  0.0259  0.0268  0.0257  0.0255
  0.0264  0.0264  0.0262  0.0259  0.0259  0.0259  0.0258  0.0258  0.0258  0.0258  0.0255  0.0254
  0.0266  0.0262  0.0266  0.0262  0.0265  0.0269  0.0261  0.0261  0.0262  0.0255  0.0254  0.0256
  0.0274  0.0263  0.0273  0.0271  0.0281  0.0288  0.0267  0.0271  0.0268  0.0258  0.0256  0.0259
  0.0287  0.0268  0.0282  0.0289  0.0305  0.0313  0.0277  0.0286  0.0277  0.0270  0.0259  0.0262
niter,ni,del,rscale     5    3    5.0000    1.2000
parameters
    0.5217    1.4692   -0.1893  -12.5848  -25.3320  -20.1098
   -0.4942   -4.0879    2.2407   24.8173    2.9424  -23.6952
eta,q 0.97535  7.97540
  0.0279  0.0287  0.0252  0.0270  0.0269  0.0273  0.0265  0.0279  0.0264  0.0289  0.0255  0.0254
  0.0266  0.0272  0.0249  0.0258  0.0256  0.0260  0.0255  0.0263  0.0255  0.0270  0.0250  0.0249
  0.0258  0.0261  0.0249  0.0250  0.0249  0.0251  0.0250  0.0252  0.0249  0.0256  0.0247  0.0247
  0.0254  0.0254  0.0251  0.0249  0.0249  0.0248  0.0248  0.0248  0.0248  0.0248  0.0247  0.0247
  0.0256  0.0251  0.0256  0.0253  0.0256  0.0256  0.0251  0.0251  0.0252  0.0247  0.0247  0.0248
  0.0263  0.0252  0.0262  0.0263  0.0270  0.0274  0.0257  0.0260  0.0259  0.0254  0.0250  0.0251
  0.0275  0.0257  0.0271  0.0280  0.0294  0.0302  0.0267  0.0275  0.0269  0.0269  0.0254  0.0255
niter,ni,del,rscale     4    3    5.0000    1.2000
parameters
    0.7144    1.9352   -0.7373  -12.7884  -25.7217  -20.7997
   -0.7065   -3.8424    2.2808   25.4640    2.5840  -23.9847
eta,q 0.97547  7.93732
  0.0272  0.0272  0.0251  0.0271  0.0275  0.0275  0.0263  0.0276  0.0265  0.0282  0.0252  0.0253
  0.0259  0.0259  0.0247  0.0257  0.0260  0.0261  0.0253  0.0261  0.0255  0.0264  0.0248  0.0248
  0.0250  0.0251  0.0245  0.0248  0.0249  0.0250  0.0247  0.0250  0.0248  0.0251  0.0246  0.0246
  0.0247  0.0246  0.0246  0.0245  0.0245  0.0245  0.0246  0.0246  0.0246  0.0246  0.0245  0.0245
  0.0248  0.0246  0.0248  0.0249  0.0249  0.0249  0.0248  0.0249  0.0248  0.0248  0.0247  0.0247
  0.0254  0.0250  0.0253  0.0258  0.0261  0.0264  0.0255  0.0258  0.0254  0.0257  0.0249  0.0250
  0.0265  0.0257  0.0260  0.0273  0.0282  0.0290  0.0264  0.0273  0.0265  0.0272  0.0254  0.0254
niter,ni,del,rscale     3    3    5.0000    1.2000
parameters
    0.8096    2.0971   -0.9448  -12.7948  -25.8488  -21.0951
   -0.8777   -3.6869    2.3632   25.7552    2.3475  -24.1024
eta,q 0.97546  7.92734
  0.0269  0.0265  0.0253  0.0272  0.0277  0.0276  0.0263  0.0276  0.0265  0.0279  0.0253  0.0254
  0.0256  0.0255  0.0248  0.0258  0.0261  0.0262  0.0253  0.0260  0.0255  0.0262  0.0249  0.0249
  0.0248  0.0248  0.0246  0.0248  0.0250  0.0251  0.0247  0.0249  0.0248  0.0250  0.0246  0.0246
  0.0245  0.0245  0.0245  0.0245  0.0245  0.0245  0.0245  0.0246  0.0245  0.0245  0.0245  0.0245
  0.0247  0.0247  0.0247  0.0248  0.0248  0.0248  0.0248  0.0249  0.0248  0.0248  0.0247  0.0247
  0.0254  0.0252  0.0251  0.0257  0.0260  0.0261  0.0255  0.0258  0.0254  0.0258  0.0249  0.0250
  0.0265  0.0260  0.0257  0.0272  0.0280  0.0285  0.0264  0.0273  0.0264  0.0275  0.0254  0.0253
niter,ni,del,rscale     2    3    5.0000    1.2000
parameters
    0.8654    2.1687   -1.0387  -12.7896  -25.9175  -21.2352
   -1.0020   -3.5962    2.4243   25.8937    2.2038  -24.1561
eta,q 0.97545  7.92277
  0.0268  0.0264  0.0254  0.0272  0.0277  0.0277  0.0263  0.0275  0.0265  0.0278  0.0253  0.0254
  0.0256  0.0254  0.0249  0.0258  0.0261  0.0263  0.0253  0.0260  0.0255  0.0261  0.0249  0.0249
  0.0248  0.0247  0.0246  0.0249  0.0250  0.0252  0.0247  0.0249  0.0248  0.0250  0.0246  0.0246
  0.0245  0.0245  0.0245  0.0245  0.0245  0.0245  0.0245  0.0246  0.0246  0.0246  0.0246  0.0246
  0.0247  0.0247  0.0247  0.0249  0.0248  0.0248  0.0248  0.0249  0.0248  0.0249  0.0247  0.0247
  0.0254  0.0253  0.0250  0.0258  0.0260  0.0260  0.0254  0.0259  0.0254  0.0259  0.0249  0.0250
  0.0266  0.0261  0.0256  0.0272  0.0280  0.0283  0.0264  0.0274  0.0264  0.0276  0.0254  0.0253
niter,ni,del,rscale     1    3    5.0000    1.2000
parameters
    0.8996    2.2058   -1.0859  -12.7867  -25.9585  -21.3071
   -1.0766   -3.5411    2.4555   25.9640    2.1210  -24.1698
eta,q 0.97544  7.92011
  0.0268  0.0263  0.0255  0.0272  0.0277  0.0277  0.0263  0.0275  0.0265  0.0277  0.0253  0.0254
  0.0256  0.0253  0.0250  0.0258  0.0262  0.0263  0.0254  0.0259  0.0255  0.0260  0.0249  0.0249
  0.0248  0.0247  0.0246  0.0249  0.0250  0.0252  0.0247  0.0249  0.0248  0.0249  0.0246  0.0246
  0.0246  0.0245  0.0246  0.0246  0.0245  0.0246  0.0246  0.0246  0.0246  0.0246  0.0246  0.0246
  0.0248  0.0248  0.0247  0.0249  0.0248  0.0247  0.0248  0.0249  0.0248  0.0249  0.0247  0.0247
  0.0255  0.0253  0.0250  0.0258  0.0260  0.0260  0.0254  0.0259  0.0254  0.0260  0.0249  0.0250
  0.0266  0.0262  0.0255  0.0273  0.0280  0.0283  0.0264  0.0274  0.0264  0.0276  0.0254  0.0253
registration optimization eta report
parameter search radius
    2.4000    2.4000    2.4000    9.5220   10.9503    9.5220
    7.2000    7.2000    7.2000    8.2800    7.2000    7.2000
100000*second partial in parameter space
       37.       30.       16.        3.        3.        4.
        3.        6.        4.        4.        1.        2.
  0.0268  0.0263  0.0255  0.0272  0.0277  0.0277  0.0263  0.0275  0.0265  0.0277  0.0253  0.0254
  0.0256  0.0253  0.0250  0.0258  0.0262  0.0263  0.0254  0.0259  0.0255  0.0260  0.0249  0.0249
  0.0248  0.0247  0.0246  0.0249  0.0250  0.0252  0.0247  0.0249  0.0248  0.0249  0.0246  0.0246
  0.0246  0.0245  0.0246  0.0246  0.0245  0.0246  0.0246  0.0246  0.0246  0.0246  0.0246  0.0246
  0.0248  0.0248  0.0247  0.0249  0.0248  0.0247  0.0248  0.0249  0.0248  0.0249  0.0247  0.0247
  0.0255  0.0253  0.0250  0.0258  0.0260  0.0260  0.0254  0.0259  0.0254  0.0260  0.0249  0.0250
  0.0266  0.0262  0.0255  0.0273  0.0280  0.0283  0.0264  0.0274  0.0264  0.0276  0.0254  0.0253
    0.8996    2.2058   -1.0859  -12.7867  -25.9585  -21.3071
   -1.0766   -3.5411    2.4555   25.9640    2.1210  -24.1698
eta,q 0.97544  7.92011

---------------------------------------------------------------------
imgreg_4dfp /opt/freesurfer/average/711-2C_as_mni_average_305 /opt/freesurfer/average/711-2B_as_mni_average_305_mask talsrcimg_g11 none talsrcimg_to_711-2C_as_mni_average_305_t4 2311
---------------------------------------------------------------------

freesurfer imgreg_4dfp.c
/opt/freesurfer/average/711-2C_as_mni_average_305.4dfp.img
       256       256       256         1
  1.000000  1.000000  1.000000
orientation T byte_order littleendian
Reading image: /opt/freesurfer/average/711-2C_as_mni_average_305.4dfp.img
dimensions:      256       256       256
mmppix:       1.0000   -1.0000   -1.0000
center:     128.0000 -129.0000 -129.0000
/opt/freesurfer/average/711-2B_as_mni_average_305_mask.4dfp.img
       256       256       256         1
  1.000000  1.000000  1.000000
orientation T byte_order littleendian
Reading mask: /opt/freesurfer/average/711-2B_as_mni_average_305_mask.4dfp.img (2306576 pixels)
talsrcimg_g11.4dfp.img
       256       256       256         1
  1.000000  1.000000  1.000000
orientation T byte_order littleendian
Reading image: talsrcimg_g11.4dfp.img
dimensions:      256       256       256
mmppix:       1.0000   -1.0000   -1.0000
center:     128.0000 -129.0000 -129.0000
fimgreg.f
image alignment mode   2311 decimal      907 hex
parameters
    0.8996    2.2058   -1.0859  -12.7867  -25.9585  -21.3071
   -1.0766   -3.5411    2.4555   25.9640    2.1210  -24.1698
eta,q 0.97544  7.92011
niter,ni,del,rscale     5    3    5.0000    0.8000
parameters
    0.9202    2.1894   -1.1024  -12.7346  -25.4715  -20.6015
   -1.1428   -3.5888    2.4458   25.8281    2.1303  -24.3481
eta,q 0.97550  7.96018
  0.0256  0.0253  0.0250  0.0253  0.0254  0.0257  0.0253  0.0259  0.0254  0.0256  0.0249  0.0249
  0.0250  0.0249  0.0247  0.0249  0.0250  0.0252  0.0249  0.0251  0.0249  0.0250  0.0247  0.0246
  0.0247  0.0246  0.0246  0.0246  0.0247  0.0248  0.0246  0.0247  0.0246  0.0246  0.0245  0.0245
  0.0246  0.0246  0.0246  0.0246  0.0246  0.0245  0.0245  0.0245  0.0245  0.0245  0.0245  0.0245
  0.0247  0.0247  0.0246  0.0246  0.0246  0.0245  0.0246  0.0247  0.0246  0.0247  0.0245  0.0246
  0.0250  0.0249  0.0247  0.0249  0.0248  0.0247  0.0249  0.0252  0.0249  0.0251  0.0247  0.0247
  0.0255  0.0253  0.0250  0.0253  0.0251  0.0252  0.0254  0.0259  0.0254  0.0257  0.0249  0.0249
niter,ni,del,rscale     4    3    5.0000    0.7000
parameters
    0.9273    2.1259   -0.9013  -12.7755  -25.4730  -20.3009
   -1.1328   -3.5891    2.3859   25.7493    2.1875  -24.3876
eta,q 0.97552  7.96788
  0.0253  0.0251  0.0249  0.0251  0.0250  0.0253  0.0251  0.0256  0.0252  0.0253  0.0248  0.0248
  0.0248  0.0247  0.0247  0.0247  0.0247  0.0249  0.0248  0.0250  0.0248  0.0249  0.0246  0.0246
  0.0246  0.0245  0.0246  0.0245  0.0246  0.0246  0.0246  0.0246  0.0246  0.0246  0.0245  0.0245
  0.0245  0.0245  0.0245  0.0245  0.0245  0.0245  0.0245  0.0245  0.0245  0.0245  0.0245  0.0245
  0.0246  0.0246  0.0245  0.0246  0.0246  0.0245  0.0246  0.0246  0.0246  0.0246  0.0245  0.0245
  0.0248  0.0248  0.0246  0.0248  0.0247  0.0247  0.0248  0.0250  0.0248  0.0249  0.0246  0.0246
  0.0252  0.0252  0.0247  0.0251  0.0250  0.0252  0.0251  0.0256  0.0252  0.0254  0.0248  0.0248
niter,ni,del,rscale     3    3    5.0000    0.6000
parameters
    0.9201    2.0978   -0.8201  -12.8001  -25.4586  -20.1577
   -1.0977   -3.6063    2.3608   25.6995    2.2288  -24.4193
eta,q 0.97553  7.97190
  0.0250  0.0249  0.0248  0.0249  0.0249  0.0251  0.0250  0.0253  0.0250  0.0251  0.0247  0.0247
  0.0247  0.0247  0.0246  0.0247  0.0247  0.0248  0.0247  0.0248  0.0247  0.0248  0.0246  0.0246
  0.0245  0.0245  0.0245  0.0245  0.0245  0.0246  0.0245  0.0246  0.0245  0.0245  0.0245  0.0245
  0.0245  0.0245  0.0245  0.0245  0.0245  0.0245  0.0245  0.0245  0.0245  0.0245  0.0245  0.0245
  0.0245  0.0245  0.0245  0.0245  0.0245  0.0245  0.0245  0.0246  0.0245  0.0246  0.0245  0.0245
  0.0247  0.0247  0.0246  0.0247  0.0246  0.0247  0.0247  0.0248  0.0247  0.0248  0.0246  0.0246
  0.0250  0.0250  0.0247  0.0249  0.0249  0.0250  0.0250  0.0253  0.0250  0.0252  0.0247  0.0247
niter,ni,del,rscale     2    3    5.0000    0.5000
parameters
    0.9122    2.0822   -0.7755  -12.8291  -25.4327  -20.0518
   -1.0818   -3.6161    2.3259   25.6793    2.2445  -24.4650
eta,q 0.97553  7.97546
  0.0249  0.0248  0.0247  0.0248  0.0247  0.0249  0.0248  0.0250  0.0248  0.0249  0.0246  0.0246
  0.0246  0.0246  0.0246  0.0246  0.0246  0.0247  0.0246  0.0247  0.0246  0.0247  0.0245  0.0245
  0.0245  0.0245  0.0245  0.0245  0.0245  0.0245  0.0245  0.0245  0.0245  0.0245  0.0245  0.0245
  0.0245  0.0245  0.0245  0.0245  0.0245  0.0245  0.0245  0.0245  0.0245  0.0245  0.0245  0.0245
  0.0245  0.0245  0.0245  0.0245  0.0245  0.0245  0.0245  0.0245  0.0245  0.0245  0.0245  0.0245
  0.0246  0.0246  0.0245  0.0246  0.0246  0.0246  0.0246  0.0247  0.0246  0.0247  0.0245  0.0246
  0.0249  0.0248  0.0246  0.0248  0.0247  0.0249  0.0248  0.0250  0.0248  0.0249  0.0246  0.0246
niter,ni,del,rscale     1    3    5.0000    0.4000
parameters
    0.9009    2.0710   -0.7365  -12.8882  -25.4377  -19.9626
   -1.0482   -3.6382    2.3242   25.6516    2.2603  -24.4955
eta,q 0.97553  7.97573
  0.0247  0.0247  0.0246  0.0246  0.0246  0.0248  0.0247  0.0248  0.0247  0.0248  0.0246  0.0246
  0.0246  0.0246  0.0245  0.0245  0.0245  0.0246  0.0246  0.0246  0.0246  0.0246  0.0245  0.0245
  0.0245  0.0245  0.0245  0.0245  0.0245  0.0245  0.0245  0.0245  0.0245  0.0245  0.0245  0.0245
  0.0245  0.0245  0.0245  0.0245  0.0245  0.0245  0.0245  0.0245  0.0245  0.0245  0.0245  0.0245
  0.0245  0.0245  0.0245  0.0245  0.0245  0.0245  0.0245  0.0245  0.0245  0.0245  0.0245  0.0245
  0.0246  0.0246  0.0245  0.0246  0.0245  0.0246  0.0246  0.0246  0.0246  0.0246  0.0245  0.0245
  0.0247  0.0247  0.0246  0.0247  0.0246  0.0247  0.0247  0.0248  0.0247  0.0248  0.0246  0.0246
registration optimization eta report
parameter search radius
    0.8000    0.8000    0.8000    2.4000    2.4000    2.4000
    2.4000    2.4000    2.4000    2.4000    2.4000    2.4000
100000*second partial in parameter space
       39.       32.       18.        3.        3.        5.
        4.        6.        4.        5.        2.        2.
  0.0247  0.0247  0.0246  0.0246  0.0246  0.0248  0.0247  0.0248  0.0247  0.0248  0.0246  0.0246
  0.0246  0.0246  0.0245  0.0245  0.0245  0.0246  0.0246  0.0246  0.0246  0.0246  0.0245  0.0245
  0.0245  0.0245  0.0245  0.0245  0.0245  0.0245  0.0245  0.0245  0.0245  0.0245  0.0245  0.0245
  0.0245  0.0245  0.0245  0.0245  0.0245  0.0245  0.0245  0.0245  0.0245  0.0245  0.0245  0.0245
  0.0245  0.0245  0.0245  0.0245  0.0245  0.0245  0.0245  0.0245  0.0245  0.0245  0.0245  0.0245
  0.0246  0.0246  0.0245  0.0246  0.0245  0.0246  0.0246  0.0246  0.0246  0.0246  0.0245  0.0245
  0.0247  0.0247  0.0246  0.0247  0.0246  0.0247  0.0247  0.0248  0.0247  0.0248  0.0246  0.0246
    0.9009    2.0710   -0.7365  -12.8882  -25.4377  -19.9626
   -1.0482   -3.6382    2.3242   25.6516    2.2603  -24.4955
eta,q 0.97553  7.97573

---------------------------------------------------------------------
imgreg_4dfp /opt/freesurfer/average/711-2C_as_mni_average_305 /opt/freesurfer/average/711-2B_as_mni_average_305_mask talsrcimg_g11 none talsrcimg_to_711-2C_as_mni_average_305_t4 2311
---------------------------------------------------------------------

freesurfer imgreg_4dfp.c
/opt/freesurfer/average/711-2C_as_mni_average_305.4dfp.img
       256       256       256         1
  1.000000  1.000000  1.000000
orientation T byte_order littleendian
Reading image: /opt/freesurfer/average/711-2C_as_mni_average_305.4dfp.img
dimensions:      256       256       256
mmppix:       1.0000   -1.0000   -1.0000
center:     128.0000 -129.0000 -129.0000
/opt/freesurfer/average/711-2B_as_mni_average_305_mask.4dfp.img
       256       256       256         1
  1.000000  1.000000  1.000000
orientation T byte_order littleendian
Reading mask: /opt/freesurfer/average/711-2B_as_mni_average_305_mask.4dfp.img (2306576 pixels)
talsrcimg_g11.4dfp.img
       256       256       256         1
  1.000000  1.000000  1.000000
orientation T byte_order littleendian
Reading image: talsrcimg_g11.4dfp.img
dimensions:      256       256       256
mmppix:       1.0000   -1.0000   -1.0000
center:     128.0000 -129.0000 -129.0000
fimgreg.f
image alignment mode   2311 decimal      907 hex
parameters
    0.9009    2.0710   -0.7365  -12.8882  -25.4377  -19.9626
   -1.0482   -3.6382    2.3242   25.6516    2.2603  -24.4955
eta,q 0.97553  7.97572
niter,ni,del,rscale     5    3    5.0000    0.8000
parameters
    0.8967    2.0839   -0.7192  -12.8120  -25.5094  -20.1560
   -1.0389   -3.6288    2.3392   25.7087    2.2979  -24.3685
eta,q 0.97553  7.97004
  0.0255  0.0253  0.0249  0.0252  0.0251  0.0254  0.0253  0.0259  0.0254  0.0257  0.0249  0.0249
  0.0249  0.0248  0.0247  0.0248  0.0248  0.0249  0.0249  0.0251  0.0249  0.0250  0.0246  0.0247
  0.0246  0.0246  0.0245  0.0245  0.0245  0.0246  0.0246  0.0246  0.0246  0.0246  0.0245  0.0245
  0.0245  0.0245  0.0245  0.0245  0.0245  0.0245  0.0245  0.0245  0.0245  0.0245  0.0245  0.0245
  0.0246  0.0246  0.0245  0.0246  0.0245  0.0246  0.0246  0.0246  0.0246  0.0246  0.0245  0.0245
  0.0249  0.0248  0.0247  0.0248  0.0248  0.0250  0.0249  0.0251  0.0249  0.0250  0.0246  0.0247
  0.0255  0.0253  0.0249  0.0252  0.0252  0.0256  0.0253  0.0259  0.0254  0.0256  0.0248  0.0248
niter,ni,del,rscale     4    3    5.0000    0.7000
parameters
    0.8983    2.0888   -0.7724  -12.8006  -25.4780  -20.1637
   -1.0515   -3.6375    2.3367   25.6926    2.2665  -24.3855
eta,q 0.97553  7.97094
  0.0252  0.0251  0.0248  0.0250  0.0250  0.0252  0.0251  0.0256  0.0252  0.0254  0.0248  0.0248
  0.0248  0.0247  0.0246  0.0247  0.0247  0.0249  0.0248  0.0250  0.0248  0.0249  0.0246  0.0246
  0.0246  0.0245  0.0245  0.0245  0.0245  0.0246  0.0245  0.0246  0.0246  0.0246  0.0245  0.0245
  0.0245  0.0245  0.0245  0.0245  0.0245  0.0245  0.0245  0.0245  0.0245  0.0245  0.0245  0.0245
  0.0246  0.0245  0.0245  0.0245  0.0245  0.0245  0.0246  0.0246  0.0246  0.0246  0.0245  0.0245
  0.0248  0.0248  0.0247  0.0247  0.0247  0.0248  0.0248  0.0250  0.0248  0.0249  0.0246  0.0246
  0.0252  0.0251  0.0249  0.0250  0.0250  0.0253  0.0251  0.0256  0.0252  0.0254  0.0248  0.0248
niter,ni,del,rscale     3    3    5.0000    0.6000
parameters
    0.8983    2.0821   -0.7781  -12.8211  -25.4563  -20.1028
   -1.0495   -3.6351    2.3398   25.6784    2.2549  -24.4372
eta,q 0.97553  7.97299
  0.0250  0.0249  0.0247  0.0249  0.0249  0.0251  0.0250  0.0253  0.0250  0.0251  0.0247  0.0247
  0.0247  0.0247  0.0246  0.0246  0.0247  0.0248  0.0247  0.0248  0.0247  0.0248  0.0246  0.0246
  0.0245  0.0245  0.0245  0.0245  0.0245  0.0246  0.0245  0.0246  0.0245  0.0245  0.0245  0.0245
  0.0245  0.0245  0.0245  0.0245  0.0245  0.0245  0.0245  0.0245  0.0245  0.0245  0.0245  0.0245
  0.0245  0.0245  0.0245  0.0245  0.0245  0.0245  0.0245  0.0246  0.0245  0.0246  0.0245  0.0245
  0.0247  0.0247  0.0246  0.0247  0.0246  0.0247  0.0247  0.0248  0.0247  0.0248  0.0246  0.0246
  0.0250  0.0249  0.0247  0.0249  0.0249  0.0251  0.0250  0.0253  0.0250  0.0251  0.0247  0.0247
niter,ni,del,rscale     2    3    5.0000    0.5000
parameters
    0.8959    2.0727   -0.7562  -12.8418  -25.4346  -20.0296
   -1.0469   -3.6342    2.3251   25.6619    2.2775  -24.4561
eta,q 0.97553  7.97531
  0.0249  0.0248  0.0247  0.0248  0.0247  0.0249  0.0248  0.0250  0.0248  0.0249  0.0246  0.0246
  0.0246  0.0246  0.0246  0.0246  0.0246  0.0247  0.0246  0.0247  0.0246  0.0247  0.0245  0.0245
  0.0245  0.0245  0.0245  0.0245  0.0245  0.0245  0.0245  0.0245  0.0245  0.0245  0.0245  0.0245
  0.0245  0.0245  0.0245  0.0245  0.0245  0.0245  0.0245  0.0245  0.0245  0.0245  0.0245  0.0245
  0.0245  0.0245  0.0245  0.0245  0.0245  0.0245  0.0245  0.0245  0.0245  0.0245  0.0245  0.0245
  0.0246  0.0246  0.0246  0.0246  0.0246  0.0246  0.0246  0.0247  0.0246  0.0247  0.0245  0.0246
  0.0249  0.0248  0.0246  0.0248  0.0247  0.0249  0.0248  0.0250  0.0248  0.0249  0.0246  0.0246
niter,ni,del,rscale     1    3    5.0000    0.4000
parameters
    0.8972    2.0646   -0.7286  -12.8670  -25.4313  -19.9433
   -1.0408   -3.6505    2.3087   25.6452    2.2612  -24.4780
eta,q 0.97553  7.97715
  0.0247  0.0247  0.0246  0.0247  0.0246  0.0248  0.0247  0.0248  0.0247  0.0248  0.0246  0.0246
  0.0246  0.0246  0.0245  0.0245  0.0245  0.0246  0.0246  0.0246  0.0246  0.0246  0.0245  0.0245
  0.0245  0.0245  0.0245  0.0245  0.0245  0.0245  0.0245  0.0245  0.0245  0.0245  0.0245  0.0245
  0.0245  0.0245  0.0245  0.0245  0.0245  0.0245  0.0245  0.0245  0.0245  0.0245  0.0245  0.0245
  0.0245  0.0245  0.0245  0.0245  0.0245  0.0245  0.0245  0.0245  0.0245  0.0245  0.0245  0.0245
  0.0246  0.0246  0.0245  0.0246  0.0245  0.0246  0.0246  0.0246  0.0246  0.0246  0.0245  0.0245
  0.0247  0.0247  0.0246  0.0247  0.0246  0.0247  0.0247  0.0248  0.0247  0.0248  0.0246  0.0246
registration optimization eta report
parameter search radius
    0.8000    0.8000    0.8000    2.4000    2.4000    2.4000
    2.4000    2.4000    2.4000    2.4000    2.4000    2.4000
100000*second partial in parameter space
       39.       32.       19.        3.        3.        5.
        4.        6.        4.        5.        2.        2.
  0.0247  0.0247  0.0246  0.0247  0.0246  0.0248  0.0247  0.0248  0.0247  0.0248  0.0246  0.0246
  0.0246  0.0246  0.0245  0.0245  0.0245  0.0246  0.0246  0.0246  0.0246  0.0246  0.0245  0.0245
  0.0245  0.0245  0.0245  0.0245  0.0245  0.0245  0.0245  0.0245  0.0245  0.0245  0.0245  0.0245
  0.0245  0.0245  0.0245  0.0245  0.0245  0.0245  0.0245  0.0245  0.0245  0.0245  0.0245  0.0245
  0.0245  0.0245  0.0245  0.0245  0.0245  0.0245  0.0245  0.0245  0.0245  0.0245  0.0245  0.0245
  0.0246  0.0246  0.0245  0.0246  0.0245  0.0246  0.0246  0.0246  0.0246  0.0246  0.0245  0.0245
  0.0247  0.0247  0.0246  0.0247  0.0246  0.0247  0.0247  0.0248  0.0247  0.0248  0.0246  0.0246
    0.8972    2.0646   -0.7286  -12.8670  -25.4313  -19.9433
   -1.0408   -3.6505    2.3087   25.6452    2.2612  -24.4780
eta,q 0.97553  7.97715

---------------------------------------------------------------------
compute_vox2vox talsrcimg talsrcimg_to_711-2C_as_mni_average_305_t4 /opt/freesurfer/average/711-2C_as_mni_average_305
---------------------------------------------------------------------

freesurfer compute_vox2vox.c
Reading: talsrcimg.4dfp.ifh
Reading: talsrcimg_to_711-2C_as_mni_average_305_t4
Reading: /opt/freesurfer/average/711-2C_as_mni_average_305.4dfp.ifh
Writing: talsrcimg_to_711-2C_as_mni_average_305_t4_vox2vox.txt

start time Sun Mar 8 16:45:08 CET 2026
end		time Sun Mar 8 16:46:33 CET 2026

mpr2mni305 success

avi2talxfm orig_nu.mgz /opt/freesurfer/average/mni305.cor.mgz talsrcimg_to_711-2C_as_mni_average_305_t4_vox2vox.txt transforms/talairach.auto.xfm
avi2talxfm done
mv -f /out/sourcedata/freesurfer/sub-v1s13x0050048_ses-1/mri/talsrcimg_to_711-2C_as_mni_average_305_t4_vox2vox.txt /out/sourcedata/freesurfer/sub-v1s13x0050048_ses-1/mri/transforms/talsrcimg_to_711-2C_as_mni_average_305_t4_vox2vox.txt
lta_convert --src orig_nu.mgz --trg /opt/freesurfer/average/mni305.cor.mgz --inxfm transforms/talairach.auto.xfm --outlta transforms/talairach.auto.xfm.lta --subject fsaverage
7.3.2

--src: orig_nu.mgz src image (geometry).
--trg: /opt/freesurfer/average/mni305.cor.mgz trg image (geometry).
--inmni: transforms/talairach.auto.xfm input MNI/XFM transform.
--outlta: transforms/talairach.auto.xfm.lta output LTA.
--s: fsaverage subject name
 LTA read, type : 1
 1.14577   0.04264   0.02999   1.26646;
-0.03910   1.12881   0.37000   6.17246;
-0.02203  -0.38953   1.21287   8.14452;
 0.00000   0.00000   0.00000   1.00000;
setting subject to fsaverage
Writing  LTA to file transforms/talairach.auto.xfm.lta...
lta_convert successful.
 
 
Started at Sun Mar 8 16:45:08 CET 2026
Ended   at Sun Mar  8 16:46:33 CET 2026
talairach_avi done
