status file for recon-all
Sun Mar  8 14:17:12 CET 2026
#@# Tessellate lh Sun Mar  8 14:17:12 CET 2026
#@# Smooth1 lh Sun Mar  8 14:17:15 CET 2026
#@# Inflation1 lh Sun Mar  8 14:17:18 CET 2026
#@# QSphere lh Sun Mar  8 14:17:27 CET 2026
#@# Fix Topology lh Sun Mar  8 14:18:14 CET 2026
#@# Smooth2 lh Sun Mar  8 14:59:15 CET 2026
#@# Inflation2 lh Sun Mar  8 14:59:18 CET 2026
#@# Curv .H and .K lh Sun Mar  8 14:59:27 CET 2026
#@# Sphere lh Sun Mar  8 15:00:10 CET 2026
#@# Surf Reg lh Sun Mar  8 15:02:02 CET 2026
#@# Jacobian white lh Sun Mar  8 15:04:34 CET 2026
#@# AvgCurv lh Sun Mar  8 15:04:34 CET 2026
#@# Cortical Parc lh Sun Mar  8 15:04:35 CET 2026
#@# white curv lh Sun Mar  8 15:10:21 CET 2026
#@# white area lh Sun Mar  8 15:10:22 CET 2026
#@# pial curv lh Sun Mar  8 15:10:23 CET 2026
#@# pial area lh Sun Mar  8 15:10:25 CET 2026
#@# thickness lh Sun Mar  8 15:10:25 CET 2026
#@# area and vertex vol lh Sun Mar  8 15:10:52 CET 2026
#@# Curvature Stats lh Sun Mar  8 15:10:53 CET 2026
#@# Cortical Parc 2 lh Sun Mar  8 15:10:55 CET 2026
#@# Cortical Parc 3 lh Sun Mar  8 15:11:07 CET 2026
#@# WM/GM Contrast lh Sun Mar  8 15:11:16 CET 2026
recon-all -s sub-v1s13x0050005_ses-1 finished without error at Sun Mar  8 15:11:19 CET 2026



#New# invocation of recon-all 



status file for recon-all
Sun Mar  8 15:46:45 CET 2026
#@# white curv lh Sun Mar  8 15:46:45 CET 2026
#@# white area lh Sun Mar  8 15:46:45 CET 2026
#@# pial curv lh Sun Mar  8 15:46:45 CET 2026
#@# pial area lh Sun Mar  8 15:46:45 CET 2026
#@# thickness lh Sun Mar  8 15:46:45 CET 2026
#@# area and vertex vol lh Sun Mar  8 15:46:45 CET 2026
#@# Parcellation Stats lh Sun Mar  8 15:46:45 CET 2026
#@# Parcellation Stats 2 lh Sun Mar  8 15:47:00 CET 2026
#@# Parcellation Stats 3 lh Sun Mar  8 15:47:08 CET 2026
#@# BA_exvivo Labels lh Sun Mar  8 15:47:16 CET 2026
recon-all -s sub-v1s13x0050005_ses-1 finished without error at Sun Mar  8 15:49:24 CET 2026
