/out/sourcedata/freesurfer/sub-v1s13x0050036_ses-1/mri
/opt/freesurfer/bin/talairach_avi
--i orig_nu.mgz --xfm transforms/talairach.auto.xfm
talairach_avi 7.3.2
Linux dna073 5.14.0-427.37.1.el9_4.x86_64 #1 SMP PREEMPT_DYNAMIC Fri Sep 13 12:41:50 EDT 2024 x86_64 x86_64 x86_64 GNU/Linux
Sun Mar  8 16:30:25 CET 2026
mri_convert orig_nu.mgz talsrcimg.img 
reading from orig_nu.mgz...
TR=0.00, TE=0.00, TI=0.00, flip angle=0.00
i_ras = (-1, 0, 0)
j_ras = (0, 0, -1)
k_ras = (0, 1, 0)
writing to talsrcimg.img...
Analyze Output Matrix
-1.00000   0.00000   0.00000   129.52499;
 0.00000   0.00000   1.00000  -129.72020;
 0.00000  -1.00000   0.00000   107.91310;
 0.00000   0.00000   0.00000   1.00000;
--------------------
INFO: set hdr.hist.orient to -1
mpr2mni305 talsrcimg
Sun Mar  8 16:30:25 CET 2026
/opt/freesurfer/bin/mpr2mni305 talsrcimg
mpr2mni305 7.3.2
target=711-2C_as_mni_average_305

---------------------------------------------------------------------
analyzeto4dfp talsrcimg -O0 -y
---------------------------------------------------------------------

freesurfer ifh2hdr.c
Sun Mar  8 16:30:25 2026
Writing: talsrcimg.4dfp.hdr
freesurfer analyzeto4dfp.c
Reading: talsrcimg.hdr
header size 348 bytes
hdr.dime.datatype	offset=70	value=2
hdr.dime.bitpix		offset=72	value=8
hdr.hist.orient		offset=252	value=-1
dimensionality     4
dimensions       256       256       256         1
Reading: talsrcimg.img
Writing: talsrcimg.4dfp.img
Writing: talsrcimg.4dfp.ifh
ifh2hdr talsrcimg -r0to252
ori=2

---------------------------------------------------------------------
gauss_4dfp talsrcimg 1.1
---------------------------------------------------------------------

freesurfer gauss_4dfp.c
Reading: talsrcimg.4dfp.img
Writing: talsrcimg_g11.4dfp.img
image dimensions 256 256 256 padded to 288 288 288
processing volume 1freesurfer ifh2hdr.c
Sun Mar  8 16:30:27 2026
Writing: talsrcimg_g11.4dfp.hdr

Writing: talsrcimg_g11.4dfp.ifh
including: talsrcimg.4dfp.img.rec in talsrcimg_g11.4dfp.img.rec

---------------------------------------------------------------------
imgreg_4dfp /opt/freesurfer/average/711-2C_as_mni_average_305 none talsrcimg_g11 none talsrcimg_to_711-2C_as_mni_average_305_t4 4355
---------------------------------------------------------------------

freesurfer imgreg_4dfp.c
/opt/freesurfer/average/711-2C_as_mni_average_305.4dfp.img
       256       256       256         1
  1.000000  1.000000  1.000000
orientation T byte_order littleendian
Reading image: /opt/freesurfer/average/711-2C_as_mni_average_305.4dfp.img
dimensions:      256       256       256
mmppix:       1.0000   -1.0000   -1.0000
center:     128.0000 -129.0000 -129.0000
talsrcimg_g11.4dfp.img
       256       256       256         1
  1.000000  1.000000  1.000000
orientation T byte_order littleendian
Reading image: talsrcimg_g11.4dfp.img
dimensions:      256       256       256
mmppix:       1.0000   -1.0000   -1.0000
center:     128.0000 -129.0000 -129.0000
t4_read: open error in t4_sub.f l:  41 t4_file(1:l)talsrcimg_to_711-2C_as_mni_average_305_t4 
t4_read: transform initialized to I4
rotation matrix determinant  1.000000
image alignment mode   4355 decimal     1103 hex
   -7.5000  -45.0000  -45.0000 8291.7734   14.0970
    0.0000  -45.0000  -45.0000 8634.1045   14.0943
    7.5000  -45.0000  -45.0000 8234.1934   14.0935
   -7.5000  -37.5000  -45.0000 8873.8281   14.0876
    0.0000  -37.5000  -45.0000 9241.1484   14.0822
    7.5000  -37.5000  -45.0000 8809.0801   14.0759
   -7.5000  -30.0000  -45.0000 9767.4082   14.0539
    0.0000  -30.0000  -45.000010172.9521   14.0475
    7.5000  -30.0000  -45.0000 9717.8721   14.0366
   -7.5000  -22.5000  -45.000010609.5752   13.9659
    0.0000  -22.5000  -45.000011069.2236   13.9616
    7.5000  -22.5000  -45.000010558.6113   13.9523
   -7.5000  -15.0000  -45.000011393.1143   13.8595
    0.0000  -15.0000  -45.000011893.6523   13.8577
    7.5000  -15.0000  -45.000011322.7070   13.8541
   -7.5000   -7.5000  -45.000012018.2119   13.7840
    0.0000   -7.5000  -45.000012548.9951   13.7825
    7.5000   -7.5000  -45.000011938.8115   13.7829
   -7.5000    0.0000  -45.000012544.1504   13.7661
    0.0000    0.0000  -45.000013106.0557   13.7635
    7.5000    0.0000  -45.000012471.7100   13.7629
   -7.5000    7.5000  -45.000012136.0957   13.8172
    0.0000    7.5000  -45.000012666.4854   13.8119
    7.5000    7.5000  -45.000012060.5986   13.8061
   -7.5000   15.0000  -45.000011581.0078   13.8483
    0.0000   15.0000  -45.000012085.1797   13.8419
    7.5000   15.0000  -45.000011526.1104   13.8315
   -7.5000   22.5000  -45.000010965.6396   13.8273
    0.0000   22.5000  -45.000011439.1572   13.8231
    7.5000   22.5000  -45.000010920.0527   13.8140
   -7.5000   30.0000  -45.000010283.1504   13.6365
    0.0000   30.0000  -45.000010695.2012   13.6347
    7.5000   30.0000  -45.000010227.9951   13.6310
   -7.5000   37.5000  -45.0000 9928.9834   13.7234
    0.0000   37.5000  -45.000010304.0801   13.7204
    7.5000   37.5000  -45.0000 9856.3467   13.7206
   -7.5000   45.0000  -45.0000 9172.4336   13.5485
    0.0000   45.0000  -45.0000 9508.5605   13.5460
    7.5000   45.0000  -45.0000 9085.5703   13.5438
   -7.5000  -45.0000  -37.5000 8808.3115   14.1168
    0.0000  -45.0000  -37.5000 9171.2588   14.1149
    7.5000  -45.0000  -37.5000 8742.6758   14.1078
   -7.5000  -37.5000  -37.5000 9456.6348   14.1043
    0.0000  -37.5000  -37.5000 9847.6445   14.0992
    7.5000  -37.5000  -37.5000 9387.2695   14.0877
   -7.5000  -30.0000  -37.500010402.7383   14.0726
    0.0000  -30.0000  -37.500010831.2637   14.0678
    7.5000  -30.0000  -37.500010336.9160   14.0523
   -7.5000  -22.5000  -37.500011290.3555   13.9893
    0.0000  -22.5000  -37.500011770.8086   13.9892
    7.5000  -22.5000  -37.500011204.4570   13.9748
   -7.5000  -15.0000  -37.500012099.7686   13.8853
    0.0000  -15.0000  -37.500012628.7344   13.8886
    7.5000  -15.0000  -37.500011996.9326   13.8791
   -7.5000   -7.5000  -37.500012754.4844   13.8073
    0.0000   -7.5000  -37.500013334.1631   13.8091
    7.5000   -7.5000  -37.500012656.5146   13.8031
   -7.5000    0.0000  -37.500013301.0088   13.7832
    0.0000    0.0000  -37.500013916.4697   13.7814
    7.5000    0.0000  -37.500013193.7061   13.7749
   -7.5000    7.5000  -37.500012842.1787   13.8319
    0.0000    7.5000  -37.500013426.3770   13.8268
    7.5000    7.5000  -37.500012729.4326   13.8160
   -7.5000   15.0000  -37.500012246.4053   13.8656
    0.0000   15.0000  -37.500012794.8721   13.8609
    7.5000   15.0000  -37.500012135.0752   13.8460
   -7.5000   22.5000  -37.500011606.7305   13.8499
    0.0000   22.5000  -37.500012100.5488   13.8497
    7.5000   22.5000  -37.500011488.0645   13.8357
   -7.5000   30.0000  -37.500010863.5273   13.6615
    0.0000   30.0000  -37.500011313.4893   13.6645
    7.5000   30.0000  -37.500010749.5068   13.6551
   -7.5000   37.5000  -37.500010428.3779   13.7465
    0.0000   37.5000  -37.500010855.9219   13.7463
    7.5000   37.5000  -37.500010320.9014   13.7402
   -7.5000   45.0000  -37.5000 9592.3164   13.5667
    0.0000   45.0000  -37.5000 9973.3428   13.5653
    7.5000   45.0000  -37.5000 9489.8506   13.5581
   -7.5000  -45.0000  -30.0000 9486.0908   14.6880
    0.0000  -45.0000  -30.0000 9886.0635   14.6864
    7.5000  -45.0000  -30.0000 9411.3486   14.6730
   -7.5000  -37.5000  -30.000010172.7471   14.6601
    0.0000  -37.5000  -30.000010607.8359   14.6551
    7.5000  -37.5000  -30.000010098.1230   14.6396
   -7.5000  -30.0000  -30.000011192.7754   14.6169
    0.0000  -30.0000  -30.000011668.8691   14.6130
    7.5000  -30.0000  -30.000011111.9785   14.5953
   -7.5000  -22.5000  -30.000012139.0537   14.5328
    0.0000  -22.5000  -30.000012649.0352   14.5346
    7.5000  -22.5000  -30.000012011.6865   14.5180
   -7.5000  -15.0000  -30.000012991.0820   14.4341
    0.0000  -15.0000  -30.000013551.2559   14.4396
    7.5000  -15.0000  -30.000012857.0703   14.4260
   -7.5000   -7.5000  -30.000013683.5840   14.3582
    0.0000   -7.5000  -30.000014294.1230   14.3613
    7.5000   -7.5000  -30.000013570.7031   14.3491
   -7.5000    0.0000  -30.000014274.3066   14.3276
    0.0000    0.0000  -30.000014940.3613   14.3259
    7.5000    0.0000  -30.000014147.8691   14.3134
   -7.5000    7.5000  -30.000013772.9414   14.3665
    0.0000    7.5000  -30.000014402.1641   14.3615
    7.5000    7.5000  -30.000013633.8379   14.3468
   -7.5000   15.0000  -30.000013112.5459   14.3941
    0.0000   15.0000  -30.000013692.0273   14.3902
    7.5000   15.0000  -30.000012946.6875   14.3732
   -7.5000   22.5000  -30.000012385.3711   14.3815
    0.0000   22.5000  -30.000012922.8643   14.3830
    7.5000   22.5000  -30.000012226.8535   14.3667
   -7.5000   30.0000  -30.000011577.7695   14.1998
    0.0000   30.0000  -30.000012064.9453   14.2049
    7.5000   30.0000  -30.000011427.9619   14.1914
   -7.5000   37.5000  -30.000011113.0850   14.2931
    0.0000   37.5000  -30.000011580.8301   14.2938
    7.5000   37.5000  -30.000010957.9766   14.2816
   -7.5000   45.0000  -30.000010196.2480   14.1092
    0.0000   45.0000  -30.000010627.4668   14.1085
    7.5000   45.0000  -30.000010072.1289   14.0963
   -7.5000  -45.0000  -22.500010144.9668   15.1516
    0.0000  -45.0000  -22.500010569.0430   15.1492
    7.5000  -45.0000  -22.500010077.4795   15.1367
   -7.5000  -37.5000  -22.500010882.0381   15.1112
    0.0000  -37.5000  -22.500011327.5303   15.1064
    7.5000  -37.5000  -22.500010796.4092   15.0929
   -7.5000  -30.0000  -22.500011961.3994   15.0546
    0.0000  -30.0000  -22.500012462.5244   15.0502
    7.5000  -30.0000  -22.500011857.0000   15.0357
   -7.5000  -22.5000  -22.500012940.4434   14.9653
    0.0000  -22.5000  -22.500013486.1494   14.9647
    7.5000  -22.5000  -22.500012803.1807   14.9513
   -7.5000  -15.0000  -22.500013821.9473   14.8700
    0.0000  -15.0000  -22.500014421.1836   14.8722
    7.5000  -15.0000  -22.500013700.5850   14.8603
   -7.5000   -7.5000  -22.500014554.5947   14.7988
    0.0000   -7.5000  -22.500015214.2432   14.7995
    7.5000   -7.5000  -22.500014436.6152   14.7880
   -7.5000    0.0000  -22.500015179.3076   14.7665
    0.0000    0.0000  -22.500015873.7588   14.7640
    7.5000    0.0000  -22.500015006.2812   14.7522
   -7.5000    7.5000  -22.500014643.5801   14.7982
    0.0000    7.5000  -22.500015285.6289   14.7933
    7.5000    7.5000  -22.500014438.7031   14.7804
   -7.5000   15.0000  -22.500013944.9561   14.8175
    0.0000   15.0000  -22.500014553.8389   14.8130
    7.5000   15.0000  -22.500013728.6426   14.7990
   -7.5000   22.5000  -22.500013128.7236   14.8033
    0.0000   22.5000  -22.500013700.8955   14.8025
    7.5000   22.5000  -22.500012942.0312   14.7894
   -7.5000   30.0000  -22.500012237.2061   14.6281
    0.0000   30.0000  -22.500012765.8174   14.6301
    7.5000   30.0000  -22.500012070.9883   14.6182
   -7.5000   37.5000  -22.500011725.2607   14.7290
    0.0000   37.5000  -22.500012229.9580   14.7276
    7.5000   37.5000  -22.500011568.3701   14.7163
   -7.5000   45.0000  -22.500010735.3574   14.5471
    0.0000   45.0000  -22.500011190.7881   14.5457
    7.5000   45.0000  -22.500010600.3711   14.5345
   -7.5000  -45.0000  -15.000010765.1934   15.4678
    0.0000  -45.0000  -15.000011221.7891   15.4649
    7.5000  -45.0000  -15.000010703.1230   15.4588
   -7.5000  -37.5000  -15.000011551.7598   15.4277
    0.0000  -37.5000  -15.000012039.7012   15.4230
    7.5000  -37.5000  -15.000011481.0645   15.4147
   -7.5000  -30.0000  -15.000012702.4482   15.3658
    0.0000  -30.0000  -15.000013238.4453   15.3599
    7.5000  -30.0000  -15.000012607.6934   15.3503
   -7.5000  -22.5000  -15.000013715.7529   15.2686
    0.0000  -22.5000  -15.000014308.0117   15.2639
    7.5000  -22.5000  -15.000013608.0879   15.2555
   -7.5000  -15.0000  -15.000014629.5811   15.1686
    0.0000  -15.0000  -15.000015253.0039   15.1660
    7.5000  -15.0000  -15.000014527.2588   15.1598
   -7.5000   -7.5000  -15.000015385.6084   15.0989
    0.0000   -7.5000  -15.000016075.9053   15.0967
    7.5000   -7.5000  -15.000015265.4531   15.0915
   -7.5000    0.0000  -15.000016027.0879   15.0716
    0.0000    0.0000  -15.000016746.4863   15.0685
    7.5000    0.0000  -15.000015828.5762   15.0629
   -7.5000    7.5000  -15.000015454.8613   15.1061
    0.0000    7.5000  -15.000016127.4102   15.1014
    7.5000    7.5000  -15.000015228.4736   15.0936
   -7.5000   15.0000  -15.000014704.4053   15.1228
    0.0000   15.0000  -15.000015368.2998   15.1170
    7.5000   15.0000  -15.000014499.5654   15.1077
   -7.5000   22.5000  -15.000013817.7256   15.1022
    0.0000   22.5000  -15.000014417.6963   15.0975
    7.5000   22.5000  -15.000013634.7900   15.0894
   -7.5000   30.0000  -15.000012866.9033   14.9240
    0.0000   30.0000  -15.000013428.9434   14.9212
    7.5000   30.0000  -15.000012699.2285   14.9150
   -7.5000   37.5000  -15.000012313.2246   15.0280
    0.0000   37.5000  -15.000012842.5137   15.0241
    7.5000   37.5000  -15.000012159.9463   15.0191
   -7.5000   45.0000  -15.000011254.4883   14.8542
    0.0000   45.0000  -15.000011747.5957   14.8519
    7.5000   45.0000  -15.000011124.6914   14.8460
   -7.5000  -45.0000   -7.500011387.4277   15.6317
    0.0000  -45.0000   -7.500011842.3535   15.6285
    7.5000  -45.0000   -7.500011311.0273   15.6280
   -7.5000  -37.5000   -7.500012216.5703   15.6036
    0.0000  -37.5000   -7.500012733.0117   15.5984
    7.5000  -37.5000   -7.500012149.0312   15.5933
   -7.5000  -30.0000   -7.500013435.8516   15.5484
    0.0000  -30.0000   -7.500014006.1602   15.5412
    7.5000  -30.0000   -7.500013356.4229   15.5328
   -7.5000  -22.5000   -7.500014507.0381   15.4442
    0.0000  -22.5000   -7.500015126.1387   15.4376
    7.5000  -22.5000   -7.500014420.6318   15.4310
   -7.5000  -15.0000   -7.500015445.6289   15.3303
    0.0000  -15.0000   -7.500016082.3936   15.3258
    7.5000  -15.0000   -7.500015354.0664   15.3238
   -7.5000   -7.5000   -7.500016203.0234   15.2518
    0.0000   -7.5000   -7.500016909.8906   15.2487
    7.5000   -7.5000   -7.500016094.9854   15.2494
   -7.5000    0.0000   -7.500016829.6504   15.2280
    0.0000    0.0000   -7.500017535.2461   15.2249
    7.5000    0.0000   -7.500016660.0527   15.2247
   -7.5000    7.5000   -7.500016206.2676   15.2752
    0.0000    7.5000   -7.500016851.2188   15.2701
    7.5000    7.5000   -7.500015998.1934   15.2656
   -7.5000   15.0000   -7.500015404.1260   15.2999
    0.0000   15.0000   -7.500016032.6934   15.2929
    7.5000   15.0000   -7.500015207.9180   15.2850
   -7.5000   22.5000   -7.500014476.0596   15.2726
    0.0000   22.5000   -7.500015075.9141   15.2661
    7.5000   22.5000   -7.500014291.6484   15.2597
   -7.5000   30.0000   -7.500013455.8281   15.0823
    0.0000   30.0000   -7.500014009.4707   15.0777
    7.5000   30.0000   -7.500013288.0811   15.0755
   -7.5000   37.5000   -7.500012888.1943   15.1810
    0.0000   37.5000   -7.500013391.1191   15.1763
    7.5000   37.5000   -7.500012712.8271   15.1770
   -7.5000   45.0000   -7.500011785.3379   15.0138
    0.0000   45.0000   -7.500012264.5967   15.0109
    7.5000   45.0000   -7.500011645.3223   15.0093
   -7.5000  -45.0000    0.000011917.3398   15.6649
    0.0000  -45.0000    0.000012398.7031   15.6619
    7.5000  -45.0000    0.000011844.3594   15.6612
   -7.5000  -37.5000    0.000012776.3994   15.6469
    0.0000  -37.5000    0.000013316.7607   15.6410
    7.5000  -37.5000    0.000012725.4512   15.6343
   -7.5000  -30.0000    0.000014051.0469   15.6019
    0.0000  -30.0000    0.000014641.2930   15.5948
    7.5000  -30.0000    0.000013986.2881   15.5830
   -7.5000  -22.5000    0.000015143.8418   15.4969
    0.0000  -22.5000    0.000015772.5898   15.4923
    7.5000  -22.5000    0.000015103.1445   15.4821
   -7.5000  -15.0000    0.000016131.2930   15.3724
    0.0000  -15.0000    0.000016832.8867   15.3705
    7.5000  -15.0000    0.000016093.4707   15.3666
   -7.5000   -7.5000    0.000016953.3203   15.2826
    0.0000   -7.5000    0.000017710.0469   15.2810
    7.5000   -7.5000    0.000016875.2168   15.2815
   -7.5000    0.0000    0.000017572.4062   15.2572
    0.0000    0.0000    0.000018234.9336   15.2544
    7.5000    0.0000    0.000017430.0586   15.2540
   -7.5000    7.5000    0.000016869.8574   15.3143
    0.0000    7.5000    0.000017464.5273   15.3086
    7.5000    7.5000    0.000016701.1113   15.3025
   -7.5000   15.0000    0.000015988.6416   15.3496
    0.0000   15.0000    0.000016566.7793   15.3428
    7.5000   15.0000    0.000015837.9902   15.3316
   -7.5000   22.5000    0.000015025.0186   15.3226
    0.0000   22.5000    0.000015568.1191   15.3181
    7.5000   22.5000    0.000014883.2891   15.3082
   -7.5000   30.0000    0.000013990.8047   15.1232
    0.0000   30.0000    0.000014486.0459   15.1212
    7.5000   30.0000    0.000013853.6963   15.1172
   -7.5000   37.5000    0.000013404.3975   15.2144
    0.0000   37.5000    0.000013862.3936   15.2111
    7.5000   37.5000    0.000013246.9004   15.2115
   -7.5000   45.0000    0.000012284.0977   15.0481
    0.0000   45.0000    0.000012736.3662   15.0453
    7.5000   45.0000    0.000012136.5557   15.0432
   -7.5000  -45.0000    7.500011503.6709   15.7177
    0.0000  -45.0000    7.500011981.9268   15.7156
    7.5000  -45.0000    7.500011448.5898   15.7079
   -7.5000  -37.5000    7.500012333.2129   15.6984
    0.0000  -37.5000    7.500012859.4463   15.6927
    7.5000  -37.5000    7.500012314.2246   15.6801
   -7.5000  -30.0000    7.500013544.8691   15.6577
    0.0000  -30.0000    7.500014126.1895   15.6523
    7.5000  -30.0000    7.500013519.4785   15.6353
   -7.5000  -22.5000    7.500014571.6484   15.5600
    0.0000  -22.5000    7.500015190.3018   15.5598
    7.5000  -22.5000    7.500014579.9189   15.5441
   -7.5000  -15.0000    7.500015525.7910   15.4400
    0.0000  -15.0000    7.500016239.7920   15.4437
    7.5000  -15.0000    7.500015548.0430   15.4333
   -7.5000   -7.5000    7.500016356.5361   15.3493
    0.0000   -7.5000    7.500017120.1113   15.3513
    7.5000   -7.5000    7.500016377.7119   15.3447
   -7.5000    0.0000    7.500016948.1523   15.3184
    0.0000    0.0000    7.500017578.9805   15.3164
    7.5000    0.0000    7.500016934.7969   15.3094
   -7.5000    7.5000    7.500016299.1826   15.3727
    0.0000    7.5000    7.500016816.9688   15.3670
    7.5000    7.5000    7.500016216.1777   15.3553
   -7.5000   15.0000    7.500015475.3174   15.4105
    0.0000   15.0000    7.500015960.0859   15.4052
    7.5000   15.0000    7.500015363.5752   15.3890
   -7.5000   22.5000    7.500014510.4922   15.3890
    0.0000   22.5000    7.500014990.2207   15.3888
    7.5000   22.5000    7.500014393.2197   15.3734
   -7.5000   30.0000    7.500013489.1338   15.1916
    0.0000   30.0000    7.500013944.0596   15.1949
    7.5000   30.0000    7.500013374.1729   15.1846
   -7.5000   37.5000    7.500012906.6992   15.2826
    0.0000   37.5000    7.500013368.7480   15.2824
    7.5000   37.5000    7.500012787.1211   15.2757
   -7.5000   45.0000    7.500011836.4463   15.1109
    0.0000   45.0000    7.500012280.7305   15.1093
    7.5000   45.0000    7.500011713.1719   15.1016
   -7.5000  -45.0000   15.000011011.4150   15.7927
    0.0000  -45.0000   15.000011485.6318   15.7910
    7.5000  -45.0000   15.000010964.1631   15.7768
   -7.5000  -37.5000   15.000011760.4082   15.7623
    0.0000  -37.5000   15.000012273.5703   15.7569
    7.5000  -37.5000   15.000011761.1367   15.7405
   -7.5000  -30.0000   15.000012906.1240   15.7157
    0.0000  -30.0000   15.000013450.4033   15.7115
    7.5000  -30.0000   15.000012921.3770   15.6927
   -7.5000  -22.5000   15.000013930.2344   15.6252
    0.0000  -22.5000   15.000014483.9951   15.6271
    7.5000  -22.5000   15.000013953.9697   15.6095
   -7.5000  -15.0000   15.000014817.7822   15.5190
    0.0000  -15.0000   15.000015460.8330   15.5250
    7.5000  -15.0000   15.000014877.0742   15.5105
   -7.5000   -7.5000   15.000015576.5527   15.4373
    0.0000   -7.5000   15.000016267.9463   15.4407
    7.5000   -7.5000   15.000015646.5039   15.4277
   -7.5000    0.0000   15.000016205.4893   15.4021
    0.0000    0.0000   15.000016914.2227   15.4003
    7.5000    0.0000   15.000016236.7354   15.3870
   -7.5000    7.5000   15.000015661.0068   15.4445
    0.0000    7.5000   15.000016329.7500   15.4390
    7.5000    7.5000   15.000015600.4512   15.4235
   -7.5000   15.0000   15.000014872.5957   15.4750
    0.0000   15.0000   15.000015495.1904   15.4708
    7.5000   15.0000   15.000014761.5742   15.4526
   -7.5000   22.5000   15.000013910.8916   15.4585
    0.0000   22.5000   15.000014475.4912   15.4602
    7.5000   22.5000   15.000013784.7744   15.4429
   -7.5000   30.0000   15.000012868.1406   15.2708
    0.0000   30.0000   15.000013369.3975   15.2764
    7.5000   30.0000   15.000012777.4980   15.2620
   -7.5000   37.5000   15.000012318.7578   15.3682
    0.0000   37.5000   15.000012781.8301   15.3691
    7.5000   37.5000   15.000012232.1768   15.3561
   -7.5000   45.0000   15.000011309.5957   15.1891
    0.0000   45.0000   15.000011731.8623   15.1883
    7.5000   45.0000   15.000011235.1475   15.1754
   -7.5000  -45.0000   22.500010401.0430   15.8506
    0.0000  -45.0000   22.500010843.4111   15.8481
    7.5000  -45.0000   22.500010361.7422   15.8353
   -7.5000  -37.5000   22.500011102.3135   15.8123
    0.0000  -37.5000   22.500011608.5771   15.8073
    7.5000  -37.5000   22.500011103.3213   15.7932
   -7.5000  -30.0000   22.500012178.3633   15.7568
    0.0000  -30.0000   22.500012728.7812   15.7523
    7.5000  -30.0000   22.500012203.8174   15.7371
   -7.5000  -22.5000   22.500013175.0371   15.6674
    0.0000  -22.5000   22.500013774.3438   15.6669
    7.5000  -22.5000   22.500013220.9131   15.6529
   -7.5000  -15.0000   22.500014040.6211   15.5721
    0.0000  -15.0000   22.500014696.7422   15.5747
    7.5000  -15.0000   22.500014089.4258   15.5623
   -7.5000   -7.5000   22.500014815.2764   15.5027
    0.0000   -7.5000   22.500015468.6592   15.5037
    7.5000   -7.5000   22.500014840.0938   15.4917
   -7.5000    0.0000   22.500015412.5635   15.4693
    0.0000    0.0000   22.500016054.0195   15.4669
    7.5000    0.0000   22.500015391.6475   15.4547
   -7.5000    7.5000   22.500014847.5850   15.5030
    0.0000    7.5000   22.500015457.1260   15.4980
    7.5000    7.5000   22.500014775.3301   15.4845
   -7.5000   15.0000   22.500014104.3438   15.5233
    0.0000   15.0000   22.500014671.0996   15.5188
    7.5000   15.0000   22.500014002.6211   15.5041
   -7.5000   22.5000   22.500013196.8037   15.5055
    0.0000   22.5000   22.500013719.2930   15.5049
    7.5000   22.5000   22.500013106.0439   15.4912
   -7.5000   30.0000   22.500012194.7334   15.3231
    0.0000   30.0000   22.500012674.3047   15.3255
    7.5000   30.0000   22.500012140.4727   15.3131
   -7.5000   37.5000   22.500011675.3047   15.4266
    0.0000   37.5000   22.500012150.6787   15.4254
    7.5000   37.5000   22.500011621.0273   15.4137
   -7.5000   45.0000   22.500010694.7539   15.2457
    0.0000   45.0000   22.500011140.6035   15.2444
    7.5000   45.0000   22.500010648.6650   15.2327
   -7.5000  -45.0000   30.0000 9712.5010   15.9104
    0.0000  -45.0000   30.000010136.0869   15.9073
    7.5000  -45.0000   30.0000 9666.5869   15.9012
   -7.5000  -37.5000   30.000010397.0908   15.8758
    0.0000  -37.5000   30.000010870.0723   15.8711
    7.5000  -37.5000   30.000010367.3320   15.8627
   -7.5000  -30.0000   30.000011427.6807   15.8186
    0.0000  -30.0000   30.000011948.5557   15.8128
    7.5000  -30.0000   30.000011416.5264   15.8028
   -7.5000  -22.5000   30.000012370.4512   15.7253
    0.0000  -22.5000   30.000012941.2422   15.7209
    7.5000  -22.5000   30.000012383.9736   15.7123
   -7.5000  -15.0000   30.000013173.1279   15.6297
    0.0000  -15.0000   30.000013764.0352   15.6274
    7.5000  -15.0000   30.000013205.7568   15.6211
   -7.5000   -7.5000   30.000013885.9736   15.5653
    0.0000   -7.5000   30.000014458.5117   15.5633
    7.5000   -7.5000   30.000013899.5107   15.5581
   -7.5000    0.0000   30.000014447.5625   15.5378
    0.0000    0.0000   30.000015046.6572   15.5347
    7.5000    0.0000   30.000014437.0078   15.5290
   -7.5000    7.5000   30.000013876.2568   15.5739
    0.0000    7.5000   30.000014449.4668   15.5692
    7.5000    7.5000   30.000013850.5762   15.5612
   -7.5000   15.0000   30.000013184.2383   15.5914
    0.0000   15.0000   30.000013708.7842   15.5856
    7.5000   15.0000   30.000013118.9971   15.5760
   -7.5000   22.5000   30.000012354.3779   15.5678
    0.0000   22.5000   30.000012842.0859   15.5633
    7.5000   22.5000   30.000012281.5078   15.5549
   -7.5000   30.0000   30.000011442.3711   15.3797
    0.0000   30.0000   30.000011889.3965   15.3773
    7.5000   30.0000   30.000011391.1855   15.3709
   -7.5000   37.5000   30.000010955.5225   15.4829
    0.0000   37.5000   30.000011399.4619   15.4792
    7.5000   37.5000   30.000010920.9150   15.4742
   -7.5000   45.0000   30.000010040.7881   15.3052
    0.0000   45.0000   30.000010450.5527   15.3031
    7.5000   45.0000   30.0000 9999.6484   15.2971
   -7.5000  -45.0000   37.5000 9373.4785   16.0733
    0.0000  -45.0000   37.5000 9780.3828   16.0697
    7.5000  -45.0000   37.5000 9325.8857   16.0696
   -7.5000  -37.5000   37.500010051.7881   16.0534
    0.0000  -37.5000   37.500010508.3311   16.0478
    7.5000  -37.5000   37.500010021.5400   16.0429
   -7.5000  -30.0000   37.500011075.7900   16.0050
    0.0000  -30.0000   37.500011573.6533   15.9975
    7.5000  -30.0000   37.500011039.4590   15.9891
   -7.5000  -22.5000   37.500011979.3418   15.9063
    0.0000  -22.5000   37.500012531.3223   15.8996
    7.5000  -22.5000   37.500011952.4023   15.8930
   -7.5000  -15.0000   37.500012738.5664   15.7981
    0.0000  -15.0000   37.500013327.6230   15.7935
    7.5000  -15.0000   37.500012724.7881   15.7918
   -7.5000   -7.5000   37.500013410.7080   15.7270
    0.0000   -7.5000   37.500014001.6299   15.7236
    7.5000   -7.5000   37.500013388.6748   15.7247
   -7.5000    0.0000   37.500013952.1133   15.7037
    0.0000    0.0000   37.500014575.3682   15.7001
    7.5000    0.0000   37.500013931.4150   15.7001
   -7.5000    7.5000   37.500013383.6729   15.7534
    0.0000    7.5000   37.500013990.9658   15.7479
    7.5000    7.5000   37.500013377.7236   15.7432
   -7.5000   15.0000   37.500012688.8945   15.7791
    0.0000   15.0000   37.500013253.3018   15.7718
    7.5000   15.0000   37.500012686.3184   15.7637
   -7.5000   22.5000   37.500011899.4766   15.7497
    0.0000   22.5000   37.500012415.6680   15.7431
    7.5000   22.5000   37.500011884.8877   15.7367
   -7.5000   30.0000   37.500011049.3301   15.5446
    0.0000   30.0000   37.500011530.4863   15.5400
    7.5000   30.0000   37.500011027.1963   15.5381
   -7.5000   37.5000   37.500010584.4521   15.6413
    0.0000   37.5000   37.500011048.5273   15.6363
    7.5000   37.5000   37.500010560.3076   15.6375
   -7.5000   45.0000   37.5000 9708.9951   15.4672
    0.0000   45.0000   37.500010124.8506   15.4641
    7.5000   45.0000   37.5000 9674.1270   15.4627
   -7.5000  -45.0000   45.0000 8637.7256   16.2345
    0.0000  -45.0000   45.0000 9008.4697   16.2305
    7.5000  -45.0000   45.0000 8591.1553   16.2294
   -7.5000  -37.5000   45.0000 9274.0928   16.2292
    0.0000  -37.5000   45.0000 9685.4180   16.2218
    7.5000  -37.5000   45.0000 9215.0566   16.2142
   -7.5000  -30.0000   45.000010216.1357   16.1942
    0.0000  -30.0000   45.000010663.1494   16.1856
    7.5000  -30.0000   45.000010152.5947   16.1723
   -7.5000  -22.5000   45.000011038.0732   16.0943
    0.0000  -22.5000   45.000011529.7861   16.0886
    7.5000  -22.5000   45.000010988.8418   16.0771
   -7.5000  -15.0000   45.000011726.0459   15.9734
    0.0000  -15.0000   45.000012248.8877   15.9710
    7.5000  -15.0000   45.000011679.5693   15.9663
   -7.5000   -7.5000   45.000012334.1436   15.8903
    0.0000   -7.5000   45.000012882.2793   15.8883
    7.5000   -7.5000   45.000012291.4600   15.8885
   -7.5000    0.0000   45.000012833.0977   15.8663
    0.0000    0.0000   45.000013407.0703   15.8625
    7.5000    0.0000   45.000012789.1719   15.8617
   -7.5000    7.5000   45.000012311.6396   15.9296
    0.0000    7.5000   45.000012872.3730   15.9225
    7.5000    7.5000   45.000012292.8281   15.9153
   -7.5000   15.0000   45.000011670.7773   15.9683
    0.0000   15.0000   45.000012185.2002   15.9599
    7.5000   15.0000   45.000011668.2627   15.9472
   -7.5000   22.5000   45.000010951.2852   15.9375
    0.0000   22.5000   45.000011431.7734   15.9319
    7.5000   22.5000   45.000010936.6543   15.9207
   -7.5000   30.0000   45.000010168.2109   15.7147
    0.0000   30.0000   45.000010606.2959   15.7122
    7.5000   30.0000   45.000010145.8340   15.7075
   -7.5000   37.5000   45.0000 9761.5332   15.8027
    0.0000   37.5000   45.000010168.7148   15.7988
    7.5000   37.5000   45.0000 9733.6670   15.7989
   -7.5000   45.0000   45.0000 8953.3350   15.6374
    0.0000   45.0000   45.0000 9327.4707   15.6338
    7.5000   45.0000   45.0000 8928.9307   15.6312

---------------------------------------------------------------------
imgreg_4dfp /opt/freesurfer/average/711-2C_as_mni_average_305 /opt/freesurfer/average/711-2B_as_mni_average_305_mask talsrcimg_g11 none talsrcimg_to_711-2C_as_mni_average_305_t4 4355
---------------------------------------------------------------------

freesurfer imgreg_4dfp.c
/opt/freesurfer/average/711-2C_as_mni_average_305.4dfp.img
       256       256       256         1
  1.000000  1.000000  1.000000
orientation T byte_order littleendian
Reading image: /opt/freesurfer/average/711-2C_as_mni_average_305.4dfp.img
dimensions:      256       256       256
mmppix:       1.0000   -1.0000   -1.0000
center:     128.0000 -129.0000 -129.0000
/opt/freesurfer/average/711-2B_as_mni_average_305_mask.4dfp.img
       256       256       256         1
  1.000000  1.000000  1.000000
orientation T byte_order littleendian
Reading mask: /opt/freesurfer/average/711-2B_as_mni_average_305_mask.4dfp.img (2306576 pixels)
talsrcimg_g11.4dfp.img
       256       256       256         1
  1.000000  1.000000  1.000000
orientation T byte_order littleendian
Reading image: talsrcimg_g11.4dfp.img
dimensions:      256       256       256
mmppix:       1.0000   -1.0000   -1.0000
center:     128.0000 -129.0000 -129.0000
rotation matrix determinant  1.000000
image alignment mode   4355 decimal     1103 hex
   -7.5000  -45.0000  -45.0000 2113.0898   17.2232
    0.0000  -45.0000  -45.0000 2119.7888   17.1626
    7.5000  -45.0000  -45.0000 2099.2251   17.3746
   -7.5000  -37.5000  -45.0000 2184.1870   16.0235
    0.0000  -37.5000  -45.0000 2190.5376   15.9562
    7.5000  -37.5000  -45.0000 2168.7026   16.1571
   -7.5000  -30.0000  -45.0000 2240.4375   15.1182
    0.0000  -30.0000  -45.0000 2249.5901   15.0803
    7.5000  -30.0000  -45.0000 2230.9924   15.2371
   -7.5000  -22.5000  -45.0000 2285.2966   14.4159
    0.0000  -22.5000  -45.0000 2296.7622   14.3726
    7.5000  -22.5000  -45.0000 2277.0747   14.5153
   -7.5000  -15.0000  -45.0000 2313.4275   13.8589
    0.0000  -15.0000  -45.0000 2325.5525   13.8120
    7.5000  -15.0000  -45.0000 2303.9199   13.9544
   -7.5000   -7.5000  -45.0000 2318.8928   13.5093
    0.0000   -7.5000  -45.0000 2334.0510   13.4653
    7.5000   -7.5000  -45.0000 2314.1099   13.5930
   -7.5000    0.0000  -45.0000 2320.8660   13.3851
    0.0000    0.0000  -45.0000 2337.6975   13.3085
    7.5000    0.0000  -45.0000 2319.3152   13.4725
   -7.5000    7.5000  -45.0000 2315.2761   13.4752
    0.0000    7.5000  -45.0000 2330.7209   13.3864
    7.5000    7.5000  -45.0000 2311.3777   13.5602
   -7.5000   15.0000  -45.0000 2286.3713   13.8581
    0.0000   15.0000  -45.0000 2304.8420   13.7661
    7.5000   15.0000  -45.0000 2284.9231   13.9545
   -7.5000   22.5000  -45.0000 2245.5615   14.4449
    0.0000   22.5000  -45.0000 2264.1201   14.3446
    7.5000   22.5000  -45.0000 2245.1521   14.5289
   -7.5000   30.0000  -45.0000 2187.1604   15.2776
    0.0000   30.0000  -45.0000 2203.5283   15.1563
    7.5000   30.0000  -45.0000 2187.9727   15.3394
   -7.5000   37.5000  -45.0000 2112.4780   16.4902
    0.0000   37.5000  -45.0000 2128.1060   16.3106
    7.5000   37.5000  -45.0000 2108.6436   16.5374
   -7.5000   45.0000  -45.0000 2013.2802   18.1975
    0.0000   45.0000  -45.0000 2026.8245   17.9764
    7.5000   45.0000  -45.0000 2009.8844   18.2478
   -7.5000  -45.0000  -37.5000 2202.1130   15.9560
    0.0000  -45.0000  -37.5000 2207.5605   15.9097
    7.5000  -45.0000  -37.5000 2184.7302   16.0858
   -7.5000  -37.5000  -37.5000 2281.4231   14.8456
    0.0000  -37.5000  -37.5000 2289.1230   14.8143
    7.5000  -37.5000  -37.5000 2265.7881   14.9620
   -7.5000  -30.0000  -37.5000 2339.6575   13.9711
    0.0000  -30.0000  -37.5000 2345.9456   13.9379
    7.5000  -30.0000  -37.5000 2328.3420   14.1073
   -7.5000  -22.5000  -37.5000 2382.6387   13.3205
    0.0000  -22.5000  -37.5000 2391.4128   13.3057
    7.5000  -22.5000  -37.5000 2370.5269   13.4245
   -7.5000  -15.0000  -37.5000 2408.1724   12.8312
    0.0000  -15.0000  -37.5000 2418.7358   12.7932
    7.5000  -15.0000  -37.5000 2396.0781   12.8987
   -7.5000   -7.5000  -37.5000 2419.1587   12.4996
    0.0000   -7.5000  -37.5000 2435.4006   12.4618
    7.5000   -7.5000  -37.5000 2411.8936   12.5699
   -7.5000    0.0000  -37.5000 2419.4282   12.3875
    0.0000    0.0000  -37.5000 2435.7781   12.3622
    7.5000    0.0000  -37.5000 2416.0020   12.4624
   -7.5000    7.5000  -37.5000 2407.9192   12.4896
    0.0000    7.5000  -37.5000 2426.3499   12.4339
    7.5000    7.5000  -37.5000 2408.1370   12.5637
   -7.5000   15.0000  -37.5000 2379.2012   12.8151
    0.0000   15.0000  -37.5000 2398.0183   12.7756
    7.5000   15.0000  -37.5000 2380.0894   12.9151
   -7.5000   22.5000  -37.5000 2339.0884   13.3574
    0.0000   22.5000  -37.5000 2358.6255   13.2954
    7.5000   22.5000  -37.5000 2335.9878   13.4423
   -7.5000   30.0000  -37.5000 2274.2729   14.1484
    0.0000   30.0000  -37.5000 2291.9507   14.0568
    7.5000   30.0000  -37.5000 2272.3269   14.2175
   -7.5000   37.5000  -37.5000 2190.8696   15.2485
    0.0000   37.5000  -37.5000 2208.4792   15.1438
    7.5000   37.5000  -37.5000 2187.8633   15.3239
   -7.5000   45.0000  -37.5000 2088.4219   16.8041
    0.0000   45.0000  -37.5000 2102.0630   16.6802
    7.5000   45.0000  -37.5000 2082.5691   16.8748
   -7.5000  -45.0000  -30.0000 2327.6804   15.3709
    0.0000  -45.0000  -30.0000 2333.4180   15.3390
    7.5000  -45.0000  -30.0000 2308.2698   15.4784
   -7.5000  -37.5000  -30.0000 2409.0076   14.2621
    0.0000  -37.5000  -30.0000 2416.7632   14.2517
    7.5000  -37.5000  -30.0000 2393.0388   14.3659
   -7.5000  -30.0000  -30.0000 2472.6184   13.3798
    0.0000  -30.0000  -30.0000 2480.0684   13.3728
    7.5000  -30.0000  -30.0000 2458.2478   13.5027
   -7.5000  -22.5000  -30.0000 2522.1150   12.7356
    0.0000  -22.5000  -30.0000 2530.4763   12.7082
    7.5000  -22.5000  -30.0000 2503.7192   12.8062
   -7.5000  -15.0000  -30.0000 2549.4246   12.2857
    0.0000  -15.0000  -30.0000 2561.8765   12.2357
    7.5000  -15.0000  -30.0000 2536.6055   12.3174
   -7.5000   -7.5000  -30.0000 2567.3716   11.9639
    0.0000   -7.5000  -30.0000 2583.8906   11.9354
    7.5000   -7.5000  -30.0000 2557.0911   12.0202
   -7.5000    0.0000  -30.0000 2572.6860   11.8672
    0.0000    0.0000  -30.0000 2589.7112   11.8624
    7.5000    0.0000  -30.0000 2566.2991   11.9260
   -7.5000    7.5000  -30.0000 2561.0845   11.9722
    0.0000    7.5000  -30.0000 2580.1643   11.9577
    7.5000    7.5000  -30.0000 2560.8208   12.0513
   -7.5000   15.0000  -30.0000 2528.7380   12.2950
    0.0000   15.0000  -30.0000 2546.6692   12.2659
    7.5000   15.0000  -30.0000 2527.1484   12.3746
   -7.5000   22.5000  -30.0000 2480.5850   12.7900
    0.0000   22.5000  -30.0000 2500.8499   12.7582
    7.5000   22.5000  -30.0000 2477.4663   12.8773
   -7.5000   30.0000  -30.0000 2409.9277   13.5550
    0.0000   30.0000  -30.0000 2430.5027   13.5044
    7.5000   30.0000  -30.0000 2407.1362   13.6354
   -7.5000   37.5000  -30.0000 2320.4956   14.6179
    0.0000   37.5000  -30.0000 2338.6101   14.5437
    7.5000   37.5000  -30.0000 2313.5127   14.6944
   -7.5000   45.0000  -30.0000 2207.2471   16.0861
    0.0000   45.0000  -30.0000 2224.0342   15.9855
    7.5000   45.0000  -30.0000 2200.6924   16.1616
   -7.5000  -45.0000  -22.5000 2419.9819   14.7516
    0.0000  -45.0000  -22.5000 2426.3042   14.7097
    7.5000  -45.0000  -22.5000 2404.1289   14.8882
   -7.5000  -37.5000  -22.5000 2501.4995   13.6513
    0.0000  -37.5000  -22.5000 2506.5925   13.5983
    7.5000  -37.5000  -22.5000 2483.1687   13.7509
   -7.5000  -30.0000  -22.5000 2568.8401   12.7809
    0.0000  -30.0000  -22.5000 2575.3521   12.7346
    7.5000  -30.0000  -22.5000 2551.9951   12.8579
   -7.5000  -22.5000  -22.5000 2621.2034   12.1066
    0.0000  -22.5000  -22.5000 2630.7083   12.0726
    7.5000  -22.5000  -22.5000 2603.5642   12.1595
   -7.5000  -15.0000  -22.5000 2656.5334   11.6397
    0.0000  -15.0000  -22.5000 2671.2380   11.6025
    7.5000  -15.0000  -22.5000 2647.2646   11.6888
   -7.5000   -7.5000  -22.5000 2682.8867   11.3455
    0.0000   -7.5000  -22.5000 2702.6887   11.3158
    7.5000   -7.5000  -22.5000 2677.4541   11.4111
   -7.5000    0.0000  -22.5000 2697.0137   11.2570
    0.0000    0.0000  -22.5000 2714.0535   11.2384
    7.5000    0.0000  -22.5000 2689.4207   11.3177
   -7.5000    7.5000  -22.5000 2687.5518   11.3845
    0.0000    7.5000  -22.5000 2708.7917   11.3658
    7.5000    7.5000  -22.5000 2684.0769   11.4398
   -7.5000   15.0000  -22.5000 2655.0276   11.6888
    0.0000   15.0000  -22.5000 2676.7407   11.6676
    7.5000   15.0000  -22.5000 2650.7314   11.7525
   -7.5000   22.5000  -22.5000 2602.5051   12.1532
    0.0000   22.5000  -22.5000 2625.8684   12.1323
    7.5000   22.5000  -22.5000 2599.4019   12.2315
   -7.5000   30.0000  -22.5000 2523.4360   12.8767
    0.0000   30.0000  -22.5000 2546.1609   12.8425
    7.5000   30.0000  -22.5000 2517.5083   12.9712
   -7.5000   37.5000  -22.5000 2421.6658   13.9154
    0.0000   37.5000  -22.5000 2441.9194   13.8614
    7.5000   37.5000  -22.5000 2415.0637   13.9993
   -7.5000   45.0000  -22.5000 2295.4612   15.3206
    0.0000   45.0000  -22.5000 2313.1091   15.2356
    7.5000   45.0000  -22.5000 2290.1506   15.4025
   -7.5000  -45.0000  -15.0000 2475.8708   14.1891
    0.0000  -45.0000  -15.0000 2481.1130   14.1379
    7.5000  -45.0000  -15.0000 2458.3696   14.3465
   -7.5000  -37.5000  -15.0000 2558.7346   13.0804
    0.0000  -37.5000  -15.0000 2566.6355   13.0396
    7.5000  -37.5000  -15.0000 2540.6174   13.2290
   -7.5000  -30.0000  -15.0000 2627.5090   12.2187
    0.0000  -30.0000  -15.0000 2635.5352   12.1760
    7.5000  -30.0000  -15.0000 2610.0642   12.3309
   -7.5000  -22.5000  -15.0000 2683.8960   11.5385
    0.0000  -22.5000  -15.0000 2697.0142   11.4906
    7.5000  -22.5000  -15.0000 2670.4878   11.6115
   -7.5000  -15.0000  -15.0000 2730.8386   11.0507
    0.0000  -15.0000  -15.0000 2750.0376   10.9822
    7.5000  -15.0000  -15.0000 2726.7395   11.1215
   -7.5000   -7.5000  -15.0000 2767.4844   10.7528
    0.0000   -7.5000  -15.0000 2789.2358   10.7190
    7.5000   -7.5000  -15.0000 2765.7183   10.8385
   -7.5000    0.0000  -15.0000 2790.3628   10.6696
    0.0000    0.0000  -15.0000 2816.8389   10.6338
    7.5000    0.0000  -15.0000 2781.4756   10.7377
   -7.5000    7.5000  -15.0000 2788.9514   10.8031
    0.0000    7.5000  -15.0000 2815.7192   10.7702
    7.5000    7.5000  -15.0000 2780.7073   10.8757
   -7.5000   15.0000  -15.0000 2755.4277   11.1022
    0.0000   15.0000  -15.0000 2784.6873   11.0795
    7.5000   15.0000  -15.0000 2750.8088   11.1774
   -7.5000   22.5000  -15.0000 2696.7644   11.5469
    0.0000   22.5000  -15.0000 2724.1135   11.5262
    7.5000   22.5000  -15.0000 2693.4863   11.6383
   -7.5000   30.0000  -15.0000 2609.4629   12.2326
    0.0000   30.0000  -15.0000 2635.4387   12.1910
    7.5000   30.0000  -15.0000 2602.9597   12.3307
   -7.5000   37.5000  -15.0000 2496.3323   13.2518
    0.0000   37.5000  -15.0000 2519.6582   13.1981
    7.5000   37.5000  -15.0000 2488.7117   13.3295
   -7.5000   45.0000  -15.0000 2360.8494   14.6299
    0.0000   45.0000  -15.0000 2380.3352   14.5572
    7.5000   45.0000  -15.0000 2353.6816   14.7136
   -7.5000  -45.0000   -7.5000 2502.3291   13.7615
    0.0000  -45.0000   -7.5000 2508.7156   13.6946
    7.5000  -45.0000   -7.5000 2483.3687   13.9487
   -7.5000  -37.5000   -7.5000 2589.6704   12.6464
    0.0000  -37.5000   -7.5000 2597.6936   12.5827
    7.5000  -37.5000   -7.5000 2569.3652   12.8234
   -7.5000  -30.0000   -7.5000 2661.1970   11.7708
    0.0000  -30.0000   -7.5000 2670.5798   11.7137
    7.5000  -30.0000   -7.5000 2643.9619   11.8972
   -7.5000  -22.5000   -7.5000 2726.9111   11.0751
    0.0000  -22.5000   -7.5000 2741.7996   11.0231
    7.5000  -22.5000   -7.5000 2714.5203   11.1846
   -7.5000  -15.0000   -7.5000 2786.4395   10.5550
    0.0000  -15.0000   -7.5000 2806.2578   10.4940
    7.5000  -15.0000   -7.5000 2779.6572   10.6601
   -7.5000   -7.5000   -7.5000 2834.8250   10.2495
    0.0000   -7.5000   -7.5000 2863.6807   10.1894
    7.5000   -7.5000   -7.5000 2834.9954   10.3468
   -7.5000    0.0000   -7.5000 2871.2554   10.1430
    0.0000    0.0000   -7.5000 2901.4373   10.0787
    7.5000    0.0000   -7.5000 2864.1877   10.2374
   -7.5000    7.5000   -7.5000 2877.7751   10.2799
    0.0000    7.5000   -7.5000 2902.5715   10.2237
    7.5000    7.5000   -7.5000 2862.6748   10.3790
   -7.5000   15.0000   -7.5000 2839.5591   10.5746
    0.0000   15.0000   -7.5000 2866.1260   10.5300
    7.5000   15.0000   -7.5000 2827.6748   10.6804
   -7.5000   22.5000   -7.5000 2770.4785   11.0257
    0.0000   22.5000   -7.5000 2798.5713   10.9657
    7.5000   22.5000   -7.5000 2764.0281   11.1143
   -7.5000   30.0000   -7.5000 2668.0903   11.6900
    0.0000   30.0000   -7.5000 2695.8728   11.6232
    7.5000   30.0000   -7.5000 2662.2383   11.7830
   -7.5000   37.5000   -7.5000 2543.6187   12.6884
    0.0000   37.5000   -7.5000 2566.1870   12.6146
    7.5000   37.5000   -7.5000 2534.9988   12.7781
   -7.5000   45.0000   -7.5000 2400.2151   14.0428
    0.0000   45.0000   -7.5000 2422.4319   13.9606
    7.5000   45.0000   -7.5000 2394.7676   14.1234
   -7.5000  -45.0000    0.0000 2508.9775   13.5606
    0.0000  -45.0000    0.0000 2516.9182   13.4836
    7.5000  -45.0000    0.0000 2488.9739   13.7744
   -7.5000  -37.5000    0.0000 2595.2302   12.3958
    0.0000  -37.5000    0.0000 2605.3381   12.3264
    7.5000  -37.5000    0.0000 2576.6335   12.6070
   -7.5000  -30.0000    0.0000 2672.1748   11.4946
    0.0000  -30.0000    0.0000 2682.8706   11.4276
    7.5000  -30.0000    0.0000 2656.4563   11.6522
   -7.5000  -22.5000    0.0000 2744.4219   10.7854
    0.0000  -22.5000    0.0000 2757.3000   10.7056
    7.5000  -22.5000    0.0000 2733.8027   10.9165
   -7.5000  -15.0000    0.0000 2815.5955   10.2588
    0.0000  -15.0000    0.0000 2838.0569   10.1853
    7.5000  -15.0000    0.0000 2809.1099   10.3902
   -7.5000   -7.5000    0.0000 2884.2861    9.9430
    0.0000   -7.5000    0.0000 2917.9485    9.8631
    7.5000   -7.5000    0.0000 2878.6677   10.0574
   -7.5000    0.0000    0.0000 2937.3704    9.8138
    0.0000    0.0000    0.0000 2975.9353    9.6992
    7.5000    0.0000    0.0000 2922.3662    9.9301
   -7.5000    7.5000    0.0000 2949.0132    9.9420
    0.0000    7.5000    0.0000 2979.4973    9.8191
    7.5000    7.5000    0.0000 2926.3481   10.0543
   -7.5000   15.0000    0.0000 2898.7388   10.2509
    0.0000   15.0000    0.0000 2927.1079   10.1339
    7.5000   15.0000    0.0000 2883.7590   10.3549
   -7.5000   22.5000    0.0000 2816.7539   10.6944
    0.0000   22.5000    0.0000 2845.1040   10.5851
    7.5000   22.5000    0.0000 2811.4319   10.7884
   -7.5000   30.0000    0.0000 2706.0190   11.3675
    0.0000   30.0000    0.0000 2733.9788   11.2545
    7.5000   30.0000    0.0000 2702.6973   11.4610
   -7.5000   37.5000    0.0000 2572.5876   12.3530
    0.0000   37.5000    0.0000 2592.3511   12.2490
    7.5000   37.5000    0.0000 2564.9248   12.4392
   -7.5000   45.0000    0.0000 2423.6672   13.6957
    0.0000   45.0000    0.0000 2443.4768   13.5880
    7.5000   45.0000    0.0000 2417.5818   13.7588
   -7.5000  -45.0000    7.5000 2504.4294   13.5030
    0.0000  -45.0000    7.5000 2514.5955   13.4209
    7.5000  -45.0000    7.5000 2485.0764   13.7200
   -7.5000  -37.5000    7.5000 2592.4895   12.2992
    0.0000  -37.5000    7.5000 2603.5095   12.2285
    7.5000  -37.5000    7.5000 2575.7004   12.5244
   -7.5000  -30.0000    7.5000 2674.5327   11.3734
    0.0000  -30.0000    7.5000 2684.9441   11.2894
    7.5000  -30.0000    7.5000 2655.2073   11.5599
   -7.5000  -22.5000    7.5000 2750.7739   10.6290
    0.0000  -22.5000    7.5000 2767.4871   10.5620
    7.5000  -22.5000    7.5000 2738.0830   10.8071
   -7.5000  -15.0000    7.5000 2833.3066   10.0973
    0.0000  -15.0000    7.5000 2855.5339   10.0247
    7.5000  -15.0000    7.5000 2818.8069   10.2706
   -7.5000   -7.5000    7.5000 2912.5166    9.8085
    0.0000   -7.5000    7.5000 2941.2256    9.7290
    7.5000   -7.5000    7.5000 2896.0413    9.9494
   -7.5000    0.0000    7.5000 2970.7820    9.6780
    0.0000    0.0000    7.5000 3007.9514    9.5626
    7.5000    0.0000    7.5000 2946.5640    9.8289
   -7.5000    7.5000    7.5000 2985.6104    9.7976
    0.0000    7.5000    7.5000 3018.5664    9.6318
    7.5000    7.5000    7.5000 2957.4224    9.9314
   -7.5000   15.0000    7.5000 2928.8975   10.1058
    0.0000   15.0000    7.5000 2957.2603    9.9635
    7.5000   15.0000    7.5000 2911.4338   10.2136
   -7.5000   22.5000    7.5000 2835.6238   10.5495
    0.0000   22.5000    7.5000 2862.8926   10.4305
    7.5000   22.5000    7.5000 2828.0332   10.6377
   -7.5000   30.0000    7.5000 2714.9111   11.2188
    0.0000   30.0000    7.5000 2740.2866   11.1102
    7.5000   30.0000    7.5000 2710.7615   11.2903
   -7.5000   37.5000    7.5000 2577.0269   12.1983
    0.0000   37.5000    7.5000 2600.9148   12.1062
    7.5000   37.5000    7.5000 2571.6096   12.2705
   -7.5000   45.0000    7.5000 2426.7134   13.5244
    0.0000   45.0000    7.5000 2448.4766   13.4406
    7.5000   45.0000    7.5000 2420.6067   13.5862
   -7.5000  -45.0000   15.0000 2500.9348   13.5601
    0.0000  -45.0000   15.0000 2510.0188   13.4945
    7.5000  -45.0000   15.0000 2477.7332   13.8095
   -7.5000  -37.5000   15.0000 2582.6211   12.3056
    0.0000  -37.5000   15.0000 2597.6099   12.2357
    7.5000  -37.5000   15.0000 2564.9036   12.5546
   -7.5000  -30.0000   15.0000 2664.2390   11.3759
    0.0000  -30.0000   15.0000 2675.3188   11.2854
    7.5000  -30.0000   15.0000 2644.3245   11.5803
   -7.5000  -22.5000   15.0000 2744.3733   10.6547
    0.0000  -22.5000   15.0000 2759.2185   10.5485
    7.5000  -22.5000   15.0000 2727.3538   10.8391
   -7.5000  -15.0000   15.0000 2825.6877   10.1372
    0.0000  -15.0000   15.0000 2847.0061   10.0392
    7.5000  -15.0000   15.0000 2810.0881   10.3169
   -7.5000   -7.5000   15.0000 2901.4678    9.8575
    0.0000   -7.5000   15.0000 2930.3188    9.7718
    7.5000   -7.5000   15.0000 2882.7104   10.0201
   -7.5000    0.0000   15.0000 2954.1416    9.7701
    0.0000    0.0000   15.0000 2987.6646    9.6641
    7.5000    0.0000   15.0000 2927.3430    9.9150
   -7.5000    7.5000   15.0000 2967.4019    9.8960
    0.0000    7.5000   15.0000 2998.5002    9.8089
    7.5000    7.5000   15.0000 2935.5376   10.0123
   -7.5000   15.0000   15.0000 2916.2781   10.1581
    0.0000   15.0000   15.0000 2945.2139   10.0881
    7.5000   15.0000   15.0000 2894.0408   10.2522
   -7.5000   22.5000   15.0000 2819.0117   10.5746
    0.0000   22.5000   15.0000 2844.7263   10.4971
    7.5000   22.5000   15.0000 2807.6958   10.6700
   -7.5000   30.0000   15.0000 2697.6099   11.2414
    0.0000   30.0000   15.0000 2719.7310   11.1469
    7.5000   30.0000   15.0000 2692.4658   11.3167
   -7.5000   37.5000   15.0000 2563.0503   12.2280
    0.0000   37.5000   15.0000 2583.2419   12.1174
    7.5000   37.5000   15.0000 2558.4585   12.2838
   -7.5000   45.0000   15.0000 2414.1353   13.5212
    0.0000   45.0000   15.0000 2435.4868   13.4025
    7.5000   45.0000   15.0000 2410.8882   13.5641
   -7.5000  -45.0000   22.5000 2485.2666   13.7153
    0.0000  -45.0000   22.5000 2495.0769   13.6522
    7.5000  -45.0000   22.5000 2462.2505   13.9992
   -7.5000  -37.5000   22.5000 2570.0952   12.4692
    0.0000  -37.5000   22.5000 2586.5083   12.3942
    7.5000  -37.5000   22.5000 2549.3555   12.7292
   -7.5000  -30.0000   22.5000 2646.3120   11.5426
    0.0000  -30.0000   22.5000 2659.8928   11.4590
    7.5000  -30.0000   22.5000 2627.0603   11.7565
   -7.5000  -22.5000   22.5000 2723.5754   10.8395
    0.0000  -22.5000   22.5000 2741.9128   10.7514
    7.5000  -22.5000   22.5000 2706.4734   11.0300
   -7.5000  -15.0000   22.5000 2796.7856   10.3577
    0.0000  -15.0000   22.5000 2819.1975   10.2874
    7.5000  -15.0000   22.5000 2777.7737   10.5324
   -7.5000   -7.5000   22.5000 2866.9824   10.0981
    0.0000   -7.5000   22.5000 2891.7778   10.0119
    7.5000   -7.5000   22.5000 2846.0173   10.2457
   -7.5000    0.0000   22.5000 2905.1057   10.0327
    0.0000    0.0000   22.5000 2931.8127    9.9182
    7.5000    0.0000   22.5000 2883.0557   10.1416
   -7.5000    7.5000   22.5000 2904.1763   10.1713
    0.0000    7.5000   22.5000 2931.4326   10.0733
    7.5000    7.5000   22.5000 2882.5969   10.2491
   -7.5000   15.0000   22.5000 2859.1389   10.4356
    0.0000   15.0000   22.5000 2883.7737   10.3316
    7.5000   15.0000   22.5000 2838.6501   10.4977
   -7.5000   22.5000   22.5000 2773.1953   10.8328
    0.0000   22.5000   22.5000 2795.6743   10.7500
    7.5000   22.5000   22.5000 2760.3071   10.9155
   -7.5000   30.0000   22.5000 2655.3201   11.4615
    0.0000   30.0000   22.5000 2676.0938   11.3699
    7.5000   30.0000   22.5000 2649.6516   11.5538
   -7.5000   37.5000   22.5000 2528.6450   12.4201
    0.0000   37.5000   22.5000 2549.9753   12.3179
    7.5000   37.5000   22.5000 2523.0991   12.4830
   -7.5000   45.0000   22.5000 2381.3105   13.6973
    0.0000   45.0000   22.5000 2402.8916   13.5690
    7.5000   45.0000   22.5000 2378.2195   13.7294
   -7.5000  -45.0000   30.0000 2454.0044   14.0693
    0.0000  -45.0000   30.0000 2463.7603   14.0175
    7.5000  -45.0000   30.0000 2428.9507   14.3656
   -7.5000  -37.5000   30.0000 2547.0244   12.8189
    0.0000  -37.5000   30.0000 2559.5913   12.7636
    7.5000  -37.5000   30.0000 2519.3518   13.0822
   -7.5000  -30.0000   30.0000 2621.5396   11.9017
    0.0000  -30.0000   30.0000 2635.0710   11.8275
    7.5000  -30.0000   30.0000 2594.1790   12.1137
   -7.5000  -22.5000   30.0000 2689.6790   11.2099
    0.0000  -22.5000   30.0000 2709.5789   11.1333
    7.5000  -22.5000   30.0000 2668.4250   11.3876
   -7.5000  -15.0000   30.0000 2753.1963   10.7393
    0.0000  -15.0000   30.0000 2774.7837   10.6598
    7.5000  -15.0000   30.0000 2735.1958   10.8922
   -7.5000   -7.5000   30.0000 2808.1831   10.4815
    0.0000   -7.5000   30.0000 2831.0007   10.3816
    7.5000   -7.5000   30.0000 2789.5222   10.6058
   -7.5000    0.0000   30.0000 2834.5342   10.4428
    0.0000    0.0000   30.0000 2854.3459   10.3443
    7.5000    0.0000   30.0000 2815.6741   10.5327
   -7.5000    7.5000   30.0000 2818.1216   10.6185
    0.0000    7.5000   30.0000 2840.0110   10.5219
    7.5000    7.5000   30.0000 2803.2444   10.6820
   -7.5000   15.0000   30.0000 2775.1890   10.8946
    0.0000   15.0000   30.0000 2796.4182   10.7860
    7.5000   15.0000   30.0000 2757.3896   10.9459
   -7.5000   22.5000   30.0000 2703.8142   11.2897
    0.0000   22.5000   30.0000 2721.9858   11.1865
    7.5000   22.5000   30.0000 2686.4167   11.3456
   -7.5000   30.0000   30.0000 2596.6604   11.8729
    0.0000   30.0000   30.0000 2614.4424   11.7814
    7.5000   30.0000   30.0000 2588.3110   11.9364
   -7.5000   37.5000   30.0000 2476.8931   12.7665
    0.0000   37.5000   30.0000 2497.6084   12.6716
    7.5000   37.5000   30.0000 2476.3054   12.8487
   -7.5000   45.0000   30.0000 2338.7280   14.0247
    0.0000   45.0000   30.0000 2358.1521   13.9114
    7.5000   45.0000   30.0000 2337.6418   14.0613
   -7.5000  -45.0000   37.5000 2406.6814   14.6778
    0.0000  -45.0000   37.5000 2409.9954   14.6376
    7.5000  -45.0000   37.5000 2384.4614   14.9428
   -7.5000  -37.5000   37.5000 2503.2810   13.3850
    0.0000  -37.5000   37.5000 2512.5752   13.3528
    7.5000  -37.5000   37.5000 2476.8291   13.6524
   -7.5000  -30.0000   37.5000 2581.3694   12.4597
    0.0000  -30.0000   37.5000 2593.0671   12.4019
    7.5000  -30.0000   37.5000 2552.3247   12.6747
   -7.5000  -22.5000   37.5000 2646.3853   11.7706
    0.0000  -22.5000   37.5000 2662.7468   11.6962
    7.5000  -22.5000   37.5000 2617.9182   11.9401
   -7.5000  -15.0000   37.5000 2697.2832   11.2935
    0.0000  -15.0000   37.5000 2716.8025   11.2199
    7.5000  -15.0000   37.5000 2674.7444   11.4312
   -7.5000   -7.5000   37.5000 2735.9180   11.0502
    0.0000   -7.5000   37.5000 2756.9607   10.9670
    7.5000   -7.5000   37.5000 2716.5566   11.1578
   -7.5000    0.0000   37.5000 2750.5908   11.0185
    0.0000    0.0000   37.5000 2768.3306   10.9458
    7.5000    0.0000   37.5000 2733.7488   11.1041
   -7.5000    7.5000   37.5000 2723.7480   11.2097
    0.0000    7.5000   37.5000 2746.6716   11.1329
    7.5000    7.5000   37.5000 2713.5295   11.2774
   -7.5000   15.0000   37.5000 2675.2280   11.4948
    0.0000   15.0000   37.5000 2694.1814   11.4129
    7.5000   15.0000   37.5000 2665.2678   11.5633
   -7.5000   22.5000   37.5000 2611.9438   11.8903
    0.0000   22.5000   37.5000 2630.5454   11.8033
    7.5000   22.5000   37.5000 2601.2285   11.9508
   -7.5000   30.0000   37.5000 2524.4558   12.4356
    0.0000   30.0000   37.5000 2542.4053   12.3384
    7.5000   30.0000   37.5000 2514.0745   12.5251
   -7.5000   37.5000   37.5000 2419.0034   13.2741
    0.0000   37.5000   37.5000 2436.0476   13.2030
    7.5000   37.5000   37.5000 2410.9070   13.3796
   -7.5000   45.0000   37.5000 2286.5984   14.5425
    0.0000   45.0000   37.5000 2305.7534   14.4386
    7.5000   45.0000   37.5000 2283.6174   14.5921
   -7.5000  -45.0000   45.0000 2346.2205   15.5095
    0.0000  -45.0000   45.0000 2351.9573   15.4607
    7.5000  -45.0000   45.0000 2327.3569   15.7775
   -7.5000  -37.5000   45.0000 2444.4185   14.1856
    0.0000  -37.5000   45.0000 2453.6135   14.1447
    7.5000  -37.5000   45.0000 2416.1108   14.4312
   -7.5000  -30.0000   45.0000 2521.4058   13.2379
    0.0000  -30.0000   45.0000 2530.5803   13.1708
    7.5000  -30.0000   45.0000 2490.6006   13.4399
   -7.5000  -22.5000   45.0000 2576.6599   12.5381
    0.0000  -22.5000   45.0000 2588.5940   12.4671
    7.5000  -22.5000   45.0000 2551.0745   12.6967
   -7.5000  -15.0000   45.0000 2617.8594   12.0661
    0.0000  -15.0000   45.0000 2632.5740   11.9873
    7.5000  -15.0000   45.0000 2597.3345   12.1904
   -7.5000   -7.5000   45.0000 2646.7761   11.8068
    0.0000   -7.5000   45.0000 2663.4607   11.7443
    7.5000   -7.5000   45.0000 2627.7666   11.9123
   -7.5000    0.0000   45.0000 2654.0591   11.7738
    0.0000    0.0000   45.0000 2668.1230   11.7153
    7.5000    0.0000   45.0000 2635.7424   11.8776
   -7.5000    7.5000   45.0000 2625.2112   11.9775
    0.0000    7.5000   45.0000 2645.1631   11.9141
    7.5000    7.5000   45.0000 2616.4294   12.0541
   -7.5000   15.0000   45.0000 2577.6194   12.2820
    0.0000   15.0000   45.0000 2591.4673   12.2231
    7.5000   15.0000   45.0000 2569.8174   12.3658
   -7.5000   22.5000   45.0000 2517.8247   12.6582
    0.0000   22.5000   45.0000 2532.9619   12.5958
    7.5000   22.5000   45.0000 2509.0195   12.7320
   -7.5000   30.0000   45.0000 2441.7742   13.1686
    0.0000   30.0000   45.0000 2455.7295   13.0875
    7.5000   30.0000   45.0000 2432.4526   13.2666
   -7.5000   37.5000   45.0000 2350.0544   13.9670
    0.0000   37.5000   45.0000 2362.9873   13.8937
    7.5000   37.5000   45.0000 2339.6821   14.0787
   -7.5000   45.0000   45.0000 2224.9062   15.2098
    0.0000   45.0000   45.0000 2238.9836   15.1250
    7.5000   45.0000   45.0000 2222.3684   15.2944

---------------------------------------------------------------------
imgreg_4dfp /opt/freesurfer/average/711-2C_as_mni_average_305 /opt/freesurfer/average/711-2B_as_mni_average_305_mask talsrcimg_g11 none talsrcimg_to_711-2C_as_mni_average_305_t4 1283
---------------------------------------------------------------------

freesurfer imgreg_4dfp.c
/opt/freesurfer/average/711-2C_as_mni_average_305.4dfp.img
       256       256       256         1
  1.000000  1.000000  1.000000
orientation T byte_order littleendian
Reading image: /opt/freesurfer/average/711-2C_as_mni_average_305.4dfp.img
dimensions:      256       256       256
mmppix:       1.0000   -1.0000   -1.0000
center:     128.0000 -129.0000 -129.0000
/opt/freesurfer/average/711-2B_as_mni_average_305_mask.4dfp.img
       256       256       256         1
  1.000000  1.000000  1.000000
orientation T byte_order littleendian
Reading mask: /opt/freesurfer/average/711-2B_as_mni_average_305_mask.4dfp.img (2306576 pixels)
talsrcimg_g11.4dfp.img
       256       256       256         1
  1.000000  1.000000  1.000000
orientation T byte_order littleendian
Reading image: talsrcimg_g11.4dfp.img
dimensions:      256       256       256
mmppix:       1.0000   -1.0000   -1.0000
center:     128.0000 -129.0000 -129.0000
rotation matrix determinant  1.000000
fimgreg.f
image alignment mode   1283 decimal      503 hex
parameters
    0.0000    7.5000    7.5000    0.0000    0.0000    0.0000
eta,q 0.94791  9.58259
niter,ni,del,rscale     5    3   12.0000    1.2000
parameter  4  0.900193 ->  0.500000 qaram    1.1500
parameter  6  0.548844 ->  0.500000 qaram    1.1500
parameters
   -0.7087    4.7311    8.2919   -3.4500    0.5297   -3.4500
eta,q 0.95276  9.49539
  0.0614  0.0541  0.0600  0.0485  0.0536  0.0480
  0.0577  0.0520  0.0567  0.0484  0.0514  0.0473
  0.0545  0.0518  0.0540  0.0488  0.0496  0.0475
  0.0533  0.0532  0.0517  0.0512  0.0484  0.0484
  0.0556  0.0566  0.0512  0.0550  0.0487  0.0496
  0.0605  0.0615  0.0536  0.0593  0.0500  0.0516
  0.0667  0.0670  0.0574  0.0626  0.0524  0.0543
niter,ni,del,rscale     6    3   12.0000    1.2000
parameter  4  0.634082 ->  0.500000 qaram    1.3225
parameters
   -1.5036    5.9794    8.4862   -7.4175    0.8132   -4.1504
eta,q 0.95510  9.53763
  0.0560  0.0600  0.0542  0.0456  0.0513  0.0484
  0.0513  0.0545  0.0509  0.0447  0.0483  0.0473
  0.0477  0.0499  0.0484  0.0455  0.0457  0.0458
  0.0472  0.0469  0.0468  0.0468  0.0448  0.0448
  0.0505  0.0473  0.0476  0.0490  0.0454  0.0460
  0.0556  0.0495  0.0502  0.0523  0.0473  0.0485
  0.0614  0.0526  0.0536  0.0567  0.0503  0.0502
niter,ni,del,rscale     6    3   12.0000    1.2000
parameters
   -1.5461    7.7478    8.1891   -9.4197    1.1821   -4.3521
eta,q 0.95678  9.52202
  0.0576  0.0596  0.0517  0.0476  0.0497  0.0476
  0.0516  0.0538  0.0475  0.0451  0.0464  0.0460
  0.0468  0.0486  0.0449  0.0432  0.0439  0.0444
  0.0449  0.0449  0.0440  0.0440  0.0431  0.0432
  0.0471  0.0441  0.0451  0.0466  0.0438  0.0438
  0.0521  0.0458  0.0486  0.0497  0.0454  0.0462
  0.0577  0.0493  0.0536  0.0533  0.0482  0.0484
niter,ni,del,rscale     5    3   12.0000    1.2000
parameters
   -1.4450    8.3307    7.8931   -9.9316    1.0369   -4.2469
eta,q 0.95685  9.52534
  0.0566  0.0559  0.0509  0.0496  0.0488  0.0479
  0.0503  0.0503  0.0466  0.0468  0.0456  0.0463
  0.0453  0.0457  0.0440  0.0444  0.0434  0.0445
  0.0432  0.0432  0.0432  0.0432  0.0432  0.0432
  0.0452  0.0443  0.0443  0.0449  0.0442  0.0437
  0.0498  0.0474  0.0476  0.0479  0.0460  0.0458
  0.0556  0.0520  0.0527  0.0515  0.0491  0.0481
niter,ni,del,rscale     4    3   12.0000    1.2000
parameters
   -1.3463    8.4480    7.7774  -10.1958    0.8829   -4.1559
eta,q 0.95687  9.52926
  0.0563  0.0544  0.0513  0.0499  0.0488  0.0480
  0.0502  0.0491  0.0470  0.0472  0.0456  0.0463
  0.0452  0.0448  0.0441  0.0447  0.0434  0.0445
  0.0431  0.0432  0.0432  0.0432  0.0432  0.0432
  0.0451  0.0449  0.0442  0.0446  0.0443  0.0437
  0.0497  0.0485  0.0472  0.0475  0.0461  0.0459
  0.0554  0.0535  0.0522  0.0511  0.0491  0.0481
niter,ni,del,rscale     3    3   12.0000    1.2000
parameters
   -1.2911    8.4969    7.7084  -10.3520    0.7903   -4.0962
eta,q 0.95686  9.53208
  0.0562  0.0541  0.0514  0.0499  0.0489  0.0480
  0.0501  0.0490  0.0471  0.0474  0.0457  0.0463
  0.0452  0.0447  0.0441  0.0448  0.0435  0.0445
  0.0431  0.0431  0.0431  0.0431  0.0432  0.0432
  0.0452  0.0449  0.0442  0.0444  0.0443  0.0438
  0.0498  0.0486  0.0471  0.0473  0.0461  0.0459
  0.0556  0.0537  0.0520  0.0509  0.0489  0.0482
niter,ni,del,rscale     2    3   12.0000    1.2000
parameters
   -1.2602    8.5239    7.6676  -10.4471    0.7358   -4.0582
eta,q 0.95684  9.53374
  0.0561  0.0540  0.0515  0.0499  0.0490  0.0480
  0.0501  0.0489  0.0471  0.0475  0.0458  0.0463
  0.0451  0.0447  0.0442  0.0449  0.0435  0.0445
  0.0431  0.0431  0.0432  0.0432  0.0432  0.0432
  0.0452  0.0449  0.0442  0.0443  0.0443  0.0438
  0.0499  0.0487  0.0471  0.0472  0.0461  0.0460
  0.0558  0.0538  0.0519  0.0508  0.0489  0.0483
niter,ni,del,rscale     1    3   12.0000    1.2000
parameters
   -1.2418    8.5398    7.6435  -10.5045    0.7036   -4.0342
eta,q 0.95684  9.53467
  0.0561  0.0540  0.0516  0.0499  0.0490  0.0480
  0.0501  0.0489  0.0472  0.0475  0.0459  0.0463
  0.0451  0.0447  0.0442  0.0450  0.0435  0.0445
  0.0432  0.0432  0.0432  0.0432  0.0432  0.0432
  0.0453  0.0449  0.0442  0.0443  0.0443  0.0439
  0.0500  0.0487  0.0471  0.0471  0.0461  0.0460
  0.0559  0.0539  0.0519  0.0507  0.0488  0.0483
registration optimization eta report
parameter search radius
    6.0000    6.0000    6.0000    7.9350    6.0000    6.9000
100000*second partial in parameter space
       34.       29.       24.       11.       16.       10.
  0.0561  0.0540  0.0516  0.0499  0.0490  0.0480
  0.0501  0.0489  0.0472  0.0475  0.0459  0.0463
  0.0451  0.0447  0.0442  0.0450  0.0435  0.0445
  0.0432  0.0432  0.0432  0.0432  0.0432  0.0432
  0.0453  0.0449  0.0442  0.0443  0.0443  0.0439
  0.0500  0.0487  0.0471  0.0471  0.0461  0.0460
  0.0559  0.0539  0.0519  0.0507  0.0488  0.0483
   -1.2418    8.5398    7.6435  -10.5045    0.7036   -4.0342
eta,q 0.95684  9.53467

---------------------------------------------------------------------
imgreg_4dfp /opt/freesurfer/average/711-2C_as_mni_average_305 /opt/freesurfer/average/711-2B_as_mni_average_305_mask talsrcimg_g11 none talsrcimg_to_711-2C_as_mni_average_305_t4 3335
---------------------------------------------------------------------

freesurfer imgreg_4dfp.c
/opt/freesurfer/average/711-2C_as_mni_average_305.4dfp.img
       256       256       256         1
  1.000000  1.000000  1.000000
orientation T byte_order littleendian
Reading image: /opt/freesurfer/average/711-2C_as_mni_average_305.4dfp.img
dimensions:      256       256       256
mmppix:       1.0000   -1.0000   -1.0000
center:     128.0000 -129.0000 -129.0000
/opt/freesurfer/average/711-2B_as_mni_average_305_mask.4dfp.img
       256       256       256         1
  1.000000  1.000000  1.000000
orientation T byte_order littleendian
Reading mask: /opt/freesurfer/average/711-2B_as_mni_average_305_mask.4dfp.img (2306576 pixels)
talsrcimg_g11.4dfp.img
       256       256       256         1
  1.000000  1.000000  1.000000
orientation T byte_order littleendian
Reading image: talsrcimg_g11.4dfp.img
dimensions:      256       256       256
mmppix:       1.0000   -1.0000   -1.0000
center:     128.0000 -129.0000 -129.0000
fimgreg.f
image alignment mode   3335 decimal      D07 hex
parameters
   -1.2418    8.5398    7.6435   -0.2553   -1.9353   -1.6833
    7.1405    0.0782   -7.0346   18.2710    1.2279  -18.2298
eta,q 0.95864  9.51766
niter,ni,del,rscale     5    3    5.0000    1.2000
parameter  4  1.510183 ->  0.500000 qaram    1.1500
parameter  5  1.731430 ->  0.500000 qaram    1.1500
parameter  6  1.052035 ->  0.500000 qaram    1.1500
parameter 10  1.206572 ->  0.500000 qaram    1.1500
parameter 11  0.690380 ->  0.500000 qaram    1.1500
parameters
   -1.5147    7.9988    7.4904   -4.3953   -6.0753   -5.8233
    5.9769   -0.1530   -4.1763   14.1310   -2.9121  -19.1720
eta,q 0.97165  8.94252
  0.0431  0.0422  0.0425  0.0359  0.0332  0.0310  0.0327  0.0350  0.0333  0.0286  0.0285  0.0294
  0.0421  0.0415  0.0417  0.0372  0.0343  0.0312  0.0318  0.0330  0.0324  0.0287  0.0283  0.0288
  0.0415  0.0412  0.0413  0.0390  0.0358  0.0324  0.0314  0.0318  0.0317  0.0297  0.0285  0.0284
  0.0414  0.0413  0.0412  0.0412  0.0376  0.0347  0.0314  0.0314  0.0314  0.0312  0.0289  0.0284
  0.0418  0.0418  0.0415  0.0441  0.0399  0.0376  0.0319  0.0319  0.0312  0.0332  0.0296  0.0286
  0.0428  0.0425  0.0420  0.0477  0.0426  0.0410  0.0327  0.0334  0.0313  0.0354  0.0306  0.0292
  0.0442  0.0435  0.0428  0.0518  0.0457  0.0452  0.0339  0.0354  0.0316  0.0378  0.0318  0.0301
niter,ni,del,rscale     7    3    5.0000    1.2000
parameter  4  0.524972 ->  0.500000 qaram    1.3225
parameter  5  0.739907 ->  0.500000 qaram    1.3225
parameters
   -1.4044    8.5589    7.0501   -9.1563  -10.8363   -8.7569
    5.4616    1.0979   -4.0673   12.5923   -4.2710  -19.1834
eta,q 0.97423  8.46569
  0.0313  0.0314  0.0294  0.0279  0.0257  0.0266  0.0277  0.0296  0.0272  0.0273  0.0265  0.0268
  0.0298  0.0299  0.0286  0.0271  0.0258  0.0264  0.0268  0.0279  0.0265  0.0262  0.0260  0.0263
  0.0288  0.0289  0.0282  0.0271  0.0262  0.0260  0.0262  0.0267  0.0261  0.0258  0.0258  0.0259
  0.0283  0.0283  0.0282  0.0281  0.0270  0.0258  0.0261  0.0261  0.0259  0.0259  0.0258  0.0258
  0.0285  0.0282  0.0287  0.0300  0.0286  0.0267  0.0264  0.0259  0.0260  0.0264  0.0260  0.0259
  0.0294  0.0286  0.0295  0.0326  0.0310  0.0293  0.0272  0.0265  0.0264  0.0274  0.0264  0.0263
  0.0309  0.0295  0.0306  0.0362  0.0339  0.0330  0.0282  0.0279  0.0271  0.0289  0.0271  0.0269
niter,ni,del,rscale     7    3    5.0000    1.2000
parameters
   -1.1502    8.8431    6.9914   -9.4228  -13.7414  -10.0634
    5.0313    1.3954   -4.1230   12.8338   -4.8121  -19.7817
eta,q 0.97453  8.27866
  0.0289  0.0278  0.0268  0.0287  0.0266  0.0265  0.0272  0.0281  0.0268  0.0279  0.0262  0.0264
  0.0273  0.0267  0.0262  0.0274  0.0257  0.0257  0.0262  0.0268  0.0260  0.0263  0.0258  0.0258
  0.0262  0.0260  0.0258  0.0264  0.0254  0.0255  0.0256  0.0259  0.0256  0.0255  0.0255  0.0255
  0.0258  0.0257  0.0257  0.0257  0.0258  0.0255  0.0255  0.0255  0.0255  0.0255  0.0255  0.0255
  0.0259  0.0258  0.0259  0.0260  0.0264  0.0254  0.0258  0.0256  0.0256  0.0258  0.0256  0.0257
  0.0266  0.0263  0.0263  0.0273  0.0277  0.0260  0.0266  0.0264  0.0261  0.0264  0.0259  0.0261
  0.0278  0.0269  0.0269  0.0295  0.0300  0.0283  0.0277  0.0278  0.0268  0.0273  0.0265  0.0267
niter,ni,del,rscale     6    3    5.0000    1.2000
parameters
   -1.0722    9.3952    6.9156  -10.0803  -14.6753  -10.3463
    4.8459    1.5474   -4.0829   13.7438   -5.0568  -20.2309
eta,q 0.97463  8.21384
  0.0281  0.0278  0.0263  0.0279  0.0273  0.0267  0.0272  0.0278  0.0267  0.0282  0.0262  0.0263
  0.0267  0.0266  0.0258  0.0268  0.0262  0.0257  0.0262  0.0265  0.0260  0.0265  0.0257  0.0257
  0.0258  0.0259  0.0255  0.0259  0.0254  0.0253  0.0256  0.0257  0.0255  0.0256  0.0254  0.0254
  0.0255  0.0255  0.0254  0.0254  0.0254  0.0254  0.0253  0.0253  0.0253  0.0253  0.0254  0.0254
  0.0257  0.0254  0.0255  0.0257  0.0260  0.0254  0.0256  0.0255  0.0255  0.0256  0.0255  0.0255
  0.0265  0.0257  0.0259  0.0270  0.0267  0.0257  0.0263  0.0263  0.0260  0.0261  0.0258  0.0259
  0.0277  0.0263  0.0264  0.0291  0.0282  0.0270  0.0274  0.0277  0.0267  0.0269  0.0263  0.0265
niter,ni,del,rscale     5    3    5.0000    1.2000
parameters
   -1.0117    9.7954    6.7373  -10.4242  -15.3950  -10.8475
    4.6799    1.7266   -4.1540   14.4985   -5.1331  -20.5858
eta,q 0.97472  8.15958
  0.0278  0.0274  0.0261  0.0278  0.0274  0.0265  0.0271  0.0277  0.0267  0.0280  0.0261  0.0262
  0.0265  0.0264  0.0256  0.0267  0.0262  0.0256  0.0261  0.0264  0.0259  0.0264  0.0257  0.0257
  0.0257  0.0257  0.0254  0.0259  0.0254  0.0252  0.0255  0.0256  0.0254  0.0255  0.0254  0.0254
  0.0254  0.0254  0.0253  0.0253  0.0254  0.0253  0.0253  0.0253  0.0253  0.0253  0.0253  0.0253
  0.0256  0.0254  0.0255  0.0255  0.0259  0.0254  0.0255  0.0255  0.0254  0.0255  0.0254  0.0254
  0.0264  0.0257  0.0258  0.0267  0.0267  0.0256  0.0262  0.0262  0.0259  0.0261  0.0257  0.0258
  0.0276  0.0264  0.0264  0.0287  0.0279  0.0270  0.0272  0.0275  0.0267  0.0269  0.0262  0.0264
niter,ni,del,rscale     4    3    5.0000    1.2000
parameters
   -0.9506   10.1303    6.5338  -10.7417  -16.0430  -11.2821
    4.5770    1.8965   -4.2785   15.1318   -5.1285  -20.9219
eta,q 0.97479  8.11167
  0.0277  0.0273  0.0260  0.0277  0.0273  0.0265  0.0270  0.0276  0.0266  0.0279  0.0261  0.0261
  0.0264  0.0263  0.0255  0.0265  0.0262  0.0255  0.0260  0.0264  0.0258  0.0264  0.0256  0.0256
  0.0256  0.0256  0.0253  0.0258  0.0254  0.0251  0.0254  0.0255  0.0253  0.0255  0.0253  0.0253
  0.0253  0.0253  0.0252  0.0253  0.0253  0.0252  0.0252  0.0252  0.0252  0.0252  0.0252  0.0252
  0.0255  0.0253  0.0254  0.0254  0.0259  0.0254  0.0254  0.0254  0.0254  0.0255  0.0253  0.0254
  0.0262  0.0257  0.0257  0.0265  0.0266  0.0256  0.0261  0.0261  0.0259  0.0261  0.0256  0.0257
  0.0275  0.0264  0.0263  0.0284  0.0278  0.0268  0.0271  0.0275  0.0267  0.0270  0.0261  0.0262
niter,ni,del,rscale     3    3    5.0000    1.2000
parameters
   -0.9007   10.4109    6.3752  -10.9816  -16.5552  -11.5993
    4.5267    2.0143   -4.4126   15.6493   -5.1048  -21.2072
eta,q 0.97484  8.07624
  0.0275  0.0272  0.0260  0.0276  0.0273  0.0265  0.0269  0.0275  0.0266  0.0278  0.0260  0.0260
  0.0263  0.0262  0.0255  0.0264  0.0262  0.0255  0.0260  0.0263  0.0258  0.0263  0.0256  0.0255
  0.0255  0.0255  0.0253  0.0257  0.0254  0.0251  0.0254  0.0255  0.0253  0.0254  0.0253  0.0252
  0.0252  0.0252  0.0252  0.0252  0.0252  0.0252  0.0252  0.0252  0.0251  0.0251  0.0252  0.0252
  0.0254  0.0253  0.0253  0.0253  0.0258  0.0254  0.0254  0.0254  0.0253  0.0254  0.0253  0.0253
  0.0262  0.0257  0.0257  0.0263  0.0266  0.0256  0.0260  0.0261  0.0259  0.0261  0.0256  0.0256
  0.0274  0.0264  0.0262  0.0282  0.0277  0.0267  0.0270  0.0274  0.0267  0.0271  0.0260  0.0261
niter,ni,del,rscale     2    3    5.0000    1.2000
parameters
   -0.8710   10.6278    6.2585  -11.1301  -16.9353  -11.8257
    4.5165    2.0913   -4.5166   16.0267   -5.0936  -21.3991
eta,q 0.97485  8.05177
  0.0274  0.0270  0.0259  0.0275  0.0274  0.0265  0.0269  0.0275  0.0266  0.0277  0.0260  0.0260
  0.0262  0.0261  0.0255  0.0264  0.0262  0.0255  0.0260  0.0263  0.0258  0.0262  0.0255  0.0255
  0.0254  0.0254  0.0252  0.0257  0.0254  0.0251  0.0254  0.0255  0.0253  0.0254  0.0253  0.0252
  0.0252  0.0252  0.0252  0.0252  0.0252  0.0252  0.0251  0.0251  0.0251  0.0251  0.0252  0.0251
  0.0254  0.0253  0.0253  0.0252  0.0257  0.0254  0.0253  0.0254  0.0253  0.0255  0.0253  0.0253
  0.0261  0.0257  0.0256  0.0262  0.0265  0.0256  0.0260  0.0262  0.0259  0.0261  0.0256  0.0256
  0.0273  0.0264  0.0261  0.0281  0.0276  0.0266  0.0270  0.0275  0.0267  0.0271  0.0260  0.0260
niter,ni,del,rscale     1    3    5.0000    1.2000
parameters
   -0.8587   10.7782    6.1744  -11.2215  -17.2048  -11.9704
    4.5253    2.1379   -4.5881   16.2894   -5.0565  -21.5428
eta,q 0.97486  8.03581
  0.0273  0.0269  0.0259  0.0275  0.0274  0.0265  0.0269  0.0275  0.0266  0.0277  0.0260  0.0260
  0.0261  0.0260  0.0255  0.0264  0.0262  0.0256  0.0260  0.0263  0.0258  0.0262  0.0255  0.0255
  0.0254  0.0254  0.0252  0.0256  0.0254  0.0251  0.0254  0.0254  0.0253  0.0253  0.0252  0.0252
  0.0251  0.0251  0.0251  0.0251  0.0252  0.0252  0.0251  0.0251  0.0251  0.0251  0.0251  0.0251
  0.0254  0.0253  0.0253  0.0252  0.0257  0.0254  0.0253  0.0254  0.0253  0.0255  0.0252  0.0253
  0.0261  0.0257  0.0256  0.0261  0.0265  0.0256  0.0260  0.0262  0.0258  0.0262  0.0255  0.0255
  0.0273  0.0265  0.0261  0.0280  0.0275  0.0265  0.0269  0.0275  0.0267  0.0272  0.0260  0.0260
registration optimization eta report
parameter search radius
    2.4000    2.4000    2.4000    9.5220    9.5220    8.2800
    7.2000    7.2000    7.2000    8.2800    8.2800    7.2000
100000*second partial in parameter space
       37.       27.       15.        3.        2.        2.
        3.        4.        3.        3.        1.        2.
  0.0273  0.0269  0.0259  0.0275  0.0274  0.0265  0.0269  0.0275  0.0266  0.0277  0.0260  0.0260
  0.0261  0.0260  0.0255  0.0264  0.0262  0.0256  0.0260  0.0263  0.0258  0.0262  0.0255  0.0255
  0.0254  0.0254  0.0252  0.0256  0.0254  0.0251  0.0254  0.0254  0.0253  0.0253  0.0252  0.0252
  0.0251  0.0251  0.0251  0.0251  0.0252  0.0252  0.0251  0.0251  0.0251  0.0251  0.0251  0.0251
  0.0254  0.0253  0.0253  0.0252  0.0257  0.0254  0.0253  0.0254  0.0253  0.0255  0.0252  0.0253
  0.0261  0.0257  0.0256  0.0261  0.0265  0.0256  0.0260  0.0262  0.0258  0.0262  0.0255  0.0255
  0.0273  0.0265  0.0261  0.0280  0.0275  0.0265  0.0269  0.0275  0.0267  0.0272  0.0260  0.0260
   -0.8587   10.7782    6.1744  -11.2215  -17.2048  -11.9704
    4.5253    2.1379   -4.5881   16.2894   -5.0565  -21.5428
eta,q 0.97486  8.03581

---------------------------------------------------------------------
imgreg_4dfp /opt/freesurfer/average/711-2C_as_mni_average_305 /opt/freesurfer/average/711-2B_as_mni_average_305_mask talsrcimg_g11 none talsrcimg_to_711-2C_as_mni_average_305_t4 2311
---------------------------------------------------------------------

freesurfer imgreg_4dfp.c
/opt/freesurfer/average/711-2C_as_mni_average_305.4dfp.img
       256       256       256         1
  1.000000  1.000000  1.000000
orientation T byte_order littleendian
Reading image: /opt/freesurfer/average/711-2C_as_mni_average_305.4dfp.img
dimensions:      256       256       256
mmppix:       1.0000   -1.0000   -1.0000
center:     128.0000 -129.0000 -129.0000
/opt/freesurfer/average/711-2B_as_mni_average_305_mask.4dfp.img
       256       256       256         1
  1.000000  1.000000  1.000000
orientation T byte_order littleendian
Reading mask: /opt/freesurfer/average/711-2B_as_mni_average_305_mask.4dfp.img (2306576 pixels)
talsrcimg_g11.4dfp.img
       256       256       256         1
  1.000000  1.000000  1.000000
orientation T byte_order littleendian
Reading image: talsrcimg_g11.4dfp.img
dimensions:      256       256       256
mmppix:       1.0000   -1.0000   -1.0000
center:     128.0000 -129.0000 -129.0000
fimgreg.f
image alignment mode   2311 decimal      907 hex
parameters
   -0.8587   10.7782    6.1744  -11.2215  -17.2048  -11.9704
    4.5253    2.1379   -4.5881   16.2894   -5.0565  -21.5428
eta,q 0.97486  8.03580
niter,ni,del,rscale     5    3    5.0000    0.8000
parameters
   -0.8464   10.8591    6.1398   -9.9740  -17.5313  -12.0850
    4.6556    2.2571   -4.6368   15.9636   -5.0887  -21.2944
eta,q 0.97496  8.06048
  0.0261  0.0259  0.0255  0.0260  0.0258  0.0253  0.0259  0.0262  0.0257  0.0258  0.0253  0.0254
  0.0256  0.0255  0.0253  0.0256  0.0254  0.0251  0.0255  0.0256  0.0253  0.0253  0.0252  0.0252
  0.0253  0.0252  0.0252  0.0254  0.0251  0.0250  0.0252  0.0252  0.0251  0.0251  0.0251  0.0251
  0.0251  0.0251  0.0251  0.0251  0.0251  0.0251  0.0250  0.0250  0.0250  0.0250  0.0250  0.0250
  0.0252  0.0252  0.0252  0.0251  0.0252  0.0251  0.0251  0.0251  0.0251  0.0252  0.0251  0.0251
  0.0256  0.0254  0.0253  0.0251  0.0255  0.0252  0.0254  0.0255  0.0254  0.0255  0.0252  0.0252
  0.0261  0.0258  0.0255  0.0255  0.0259  0.0253  0.0259  0.0261  0.0258  0.0259  0.0253  0.0254
niter,ni,del,rscale     4    3    5.0000    0.7000
parameters
   -0.8329   10.8420    6.0371   -9.9397  -17.5445  -12.7803
    4.6768    2.2441   -4.6695   15.7624   -5.1015  -21.0481
eta,q 0.97501  8.03011
  0.0258  0.0256  0.0253  0.0256  0.0257  0.0252  0.0257  0.0258  0.0255  0.0256  0.0252  0.0253
  0.0254  0.0253  0.0251  0.0253  0.0253  0.0250  0.0253  0.0254  0.0252  0.0252  0.0251  0.0251
  0.0251  0.0251  0.0251  0.0251  0.0251  0.0250  0.0251  0.0251  0.0250  0.0250  0.0250  0.0250
  0.0250  0.0250  0.0250  0.0250  0.0250  0.0250  0.0250  0.0250  0.0250  0.0250  0.0250  0.0250
  0.0251  0.0251  0.0251  0.0251  0.0251  0.0251  0.0251  0.0251  0.0251  0.0251  0.0250  0.0250
  0.0254  0.0253  0.0252  0.0252  0.0253  0.0252  0.0253  0.0254  0.0252  0.0253  0.0251  0.0251
  0.0258  0.0256  0.0254  0.0256  0.0257  0.0252  0.0257  0.0259  0.0255  0.0257  0.0252  0.0252
niter,ni,del,rscale     3    3    5.0000    0.6000
parameters
   -0.8223   10.8307    5.9505   -9.9094  -17.5180  -13.1579
    4.6871    2.2427   -4.6908   15.6545   -5.1055  -20.9204
eta,q 0.97503  8.01608
  0.0256  0.0254  0.0252  0.0254  0.0255  0.0252  0.0255  0.0256  0.0254  0.0255  0.0252  0.0252
  0.0252  0.0252  0.0251  0.0252  0.0252  0.0250  0.0252  0.0252  0.0251  0.0252  0.0251  0.0251
  0.0251  0.0250  0.0250  0.0251  0.0250  0.0250  0.0250  0.0250  0.0250  0.0250  0.0250  0.0250
  0.0250  0.0250  0.0250  0.0250  0.0250  0.0250  0.0250  0.0250  0.0250  0.0250  0.0250  0.0250
  0.0251  0.0250  0.0250  0.0250  0.0250  0.0251  0.0250  0.0250  0.0250  0.0251  0.0250  0.0250
  0.0252  0.0252  0.0251  0.0252  0.0252  0.0252  0.0252  0.0252  0.0251  0.0252  0.0251  0.0250
  0.0255  0.0254  0.0253  0.0254  0.0255  0.0252  0.0255  0.0256  0.0254  0.0255  0.0252  0.0252
niter,ni,del,rscale     2    3    5.0000    0.5000
parameters
   -0.8221   10.8177    5.8947   -9.8446  -17.5005  -13.4126
    4.7017    2.2407   -4.6967   15.5892   -5.0717  -20.8291
eta,q 0.97504  8.00843
  0.0254  0.0252  0.0251  0.0253  0.0253  0.0252  0.0253  0.0254  0.0252  0.0253  0.0251  0.0251
  0.0251  0.0251  0.0250  0.0251  0.0251  0.0250  0.0251  0.0252  0.0251  0.0251  0.0250  0.0250
  0.0250  0.0250  0.0250  0.0250  0.0250  0.0250  0.0250  0.0250  0.0250  0.0250  0.0250  0.0250
  0.0250  0.0250  0.0250  0.0250  0.0250  0.0250  0.0250  0.0250  0.0250  0.0250  0.0250  0.0250
  0.0250  0.0250  0.0250  0.0250  0.0250  0.0250  0.0250  0.0250  0.0250  0.0250  0.0250  0.0250
  0.0252  0.0251  0.0251  0.0251  0.0251  0.0251  0.0251  0.0252  0.0251  0.0251  0.0250  0.0250
  0.0254  0.0252  0.0252  0.0253  0.0253  0.0252  0.0253  0.0254  0.0252  0.0253  0.0251  0.0251
niter,ni,del,rscale     1    3    5.0000    0.4000
parameters
   -0.8264   10.8068    5.8508   -9.7962  -17.4912  -13.6396
    4.7194    2.2231   -4.7268   15.5355   -5.0941  -20.6855
eta,q 0.97504  8.00077
  0.0252  0.0251  0.0251  0.0252  0.0252  0.0251  0.0252  0.0252  0.0251  0.0252  0.0250  0.0251
  0.0251  0.0250  0.0250  0.0251  0.0251  0.0250  0.0251  0.0251  0.0250  0.0250  0.0250  0.0250
  0.0250  0.0250  0.0250  0.0250  0.0250  0.0250  0.0250  0.0250  0.0250  0.0250  0.0250  0.0250
  0.0250  0.0250  0.0250  0.0250  0.0250  0.0250  0.0250  0.0250  0.0250  0.0250  0.0250  0.0250
  0.0250  0.0250  0.0250  0.0250  0.0250  0.0250  0.0250  0.0250  0.0250  0.0250  0.0250  0.0250
  0.0251  0.0250  0.0250  0.0250  0.0251  0.0251  0.0251  0.0251  0.0250  0.0251  0.0250  0.0250
  0.0252  0.0251  0.0251  0.0251  0.0252  0.0251  0.0252  0.0252  0.0251  0.0252  0.0250  0.0250
registration optimization eta report
parameter search radius
    0.8000    0.8000    0.8000    2.4000    2.4000    2.4000
    2.4000    2.4000    2.4000    2.4000    2.4000    2.4000
100000*second partial in parameter space
       39.       27.       17.        3.        4.        2.
        4.        5.        3.        4.        2.        2.
  0.0252  0.0251  0.0251  0.0252  0.0252  0.0251  0.0252  0.0252  0.0251  0.0252  0.0250  0.0251
  0.0251  0.0250  0.0250  0.0251  0.0251  0.0250  0.0251  0.0251  0.0250  0.0250  0.0250  0.0250
  0.0250  0.0250  0.0250  0.0250  0.0250  0.0250  0.0250  0.0250  0.0250  0.0250  0.0250  0.0250
  0.0250  0.0250  0.0250  0.0250  0.0250  0.0250  0.0250  0.0250  0.0250  0.0250  0.0250  0.0250
  0.0250  0.0250  0.0250  0.0250  0.0250  0.0250  0.0250  0.0250  0.0250  0.0250  0.0250  0.0250
  0.0251  0.0250  0.0250  0.0250  0.0251  0.0251  0.0251  0.0251  0.0250  0.0251  0.0250  0.0250
  0.0252  0.0251  0.0251  0.0251  0.0252  0.0251  0.0252  0.0252  0.0251  0.0252  0.0250  0.0250
   -0.8264   10.8068    5.8508   -9.7962  -17.4912  -13.6396
    4.7194    2.2231   -4.7268   15.5355   -5.0941  -20.6855
eta,q 0.97504  8.00077

---------------------------------------------------------------------
imgreg_4dfp /opt/freesurfer/average/711-2C_as_mni_average_305 /opt/freesurfer/average/711-2B_as_mni_average_305_mask talsrcimg_g11 none talsrcimg_to_711-2C_as_mni_average_305_t4 2311
---------------------------------------------------------------------

freesurfer imgreg_4dfp.c
/opt/freesurfer/average/711-2C_as_mni_average_305.4dfp.img
       256       256       256         1
  1.000000  1.000000  1.000000
orientation T byte_order littleendian
Reading image: /opt/freesurfer/average/711-2C_as_mni_average_305.4dfp.img
dimensions:      256       256       256
mmppix:       1.0000   -1.0000   -1.0000
center:     128.0000 -129.0000 -129.0000
/opt/freesurfer/average/711-2B_as_mni_average_305_mask.4dfp.img
       256       256       256         1
  1.000000  1.000000  1.000000
orientation T byte_order littleendian
Reading mask: /opt/freesurfer/average/711-2B_as_mni_average_305_mask.4dfp.img (2306576 pixels)
talsrcimg_g11.4dfp.img
       256       256       256         1
  1.000000  1.000000  1.000000
orientation T byte_order littleendian
Reading image: talsrcimg_g11.4dfp.img
dimensions:      256       256       256
mmppix:       1.0000   -1.0000   -1.0000
center:     128.0000 -129.0000 -129.0000
fimgreg.f
image alignment mode   2311 decimal      907 hex
parameters
   -0.8264   10.8068    5.8508   -9.7962  -17.4912  -13.6396
    4.7194    2.2231   -4.7268   15.5355   -5.0941  -20.6855
eta,q 0.97504  8.00076
niter,ni,del,rscale     5    3    5.0000    0.8000
parameters
   -0.8233   10.8264    5.7802  -10.1909  -17.4645  -13.1137
    4.6838    2.2282   -4.6644   15.6993   -5.0674  -21.0466
eta,q 0.97502  8.01055
  0.0260  0.0257  0.0253  0.0255  0.0258  0.0257  0.0258  0.0261  0.0257  0.0260  0.0253  0.0253
  0.0254  0.0253  0.0251  0.0253  0.0253  0.0253  0.0254  0.0255  0.0253  0.0254  0.0251  0.0251
  0.0251  0.0250  0.0250  0.0250  0.0251  0.0250  0.0251  0.0251  0.0251  0.0251  0.0250  0.0250
  0.0250  0.0250  0.0250  0.0250  0.0250  0.0250  0.0250  0.0250  0.0250  0.0250  0.0250  0.0250
  0.0251  0.0250  0.0250  0.0250  0.0251  0.0251  0.0251  0.0251  0.0251  0.0251  0.0250  0.0250
  0.0254  0.0253  0.0252  0.0253  0.0254  0.0252  0.0254  0.0255  0.0253  0.0254  0.0251  0.0252
  0.0259  0.0256  0.0254  0.0259  0.0257  0.0253  0.0258  0.0261  0.0257  0.0258  0.0253  0.0254
niter,ni,del,rscale     4    3    5.0000    0.7000
parameters
   -0.8256   10.8482    5.9044  -10.0689  -17.5062  -12.9911
    4.6872    2.2352   -4.6845   15.7403   -5.0983  -21.0479
eta,q 0.97501  8.01863
  0.0257  0.0255  0.0254  0.0255  0.0256  0.0254  0.0256  0.0258  0.0255  0.0257  0.0252  0.0253
  0.0253  0.0252  0.0252  0.0253  0.0253  0.0251  0.0253  0.0254  0.0252  0.0253  0.0251  0.0251
  0.0251  0.0250  0.0250  0.0251  0.0250  0.0250  0.0251  0.0251  0.0250  0.0250  0.0250  0.0250
  0.0250  0.0250  0.0250  0.0250  0.0250  0.0250  0.0250  0.0250  0.0250  0.0250  0.0250  0.0250
  0.0251  0.0250  0.0250  0.0250  0.0251  0.0251  0.0251  0.0251  0.0250  0.0251  0.0250  0.0250
  0.0253  0.0252  0.0251  0.0252  0.0253  0.0252  0.0253  0.0254  0.0252  0.0253  0.0251  0.0251
  0.0257  0.0255  0.0252  0.0255  0.0256  0.0253  0.0256  0.0258  0.0255  0.0256  0.0252  0.0252
niter,ni,del,rscale     3    3    5.0000    0.6000
parameters
   -0.8272   10.8391    5.9162   -9.9305  -17.5292  -13.1663
    4.7058    2.2422   -4.6900   15.6767   -5.0717  -20.9464
eta,q 0.97503  8.01495
  0.0255  0.0254  0.0252  0.0254  0.0255  0.0252  0.0255  0.0256  0.0254  0.0255  0.0252  0.0252
  0.0252  0.0251  0.0251  0.0252  0.0252  0.0250  0.0252  0.0253  0.0251  0.0252  0.0251  0.0251
  0.0250  0.0250  0.0250  0.0251  0.0250  0.0250  0.0250  0.0250  0.0250  0.0250  0.0250  0.0250
  0.0250  0.0250  0.0250  0.0250  0.0250  0.0250  0.0250  0.0250  0.0250  0.0250  0.0250  0.0250
  0.0250  0.0250  0.0250  0.0250  0.0250  0.0251  0.0250  0.0250  0.0250  0.0250  0.0250  0.0250
  0.0252  0.0252  0.0251  0.0251  0.0252  0.0251  0.0252  0.0252  0.0251  0.0252  0.0251  0.0251
  0.0255  0.0254  0.0252  0.0254  0.0255  0.0252  0.0255  0.0256  0.0254  0.0255  0.0252  0.0252
niter,ni,del,rscale     2    3    5.0000    0.5000
parameters
   -0.8256   10.8273    5.8962   -9.8440  -17.5103  -13.4127
    4.7104    2.2367   -4.7080   15.6069   -5.0800  -20.8233
eta,q 0.97504  8.00823
  0.0254  0.0252  0.0251  0.0253  0.0253  0.0252  0.0253  0.0254  0.0252  0.0253  0.0251  0.0251
  0.0251  0.0251  0.0250  0.0251  0.0251  0.0250  0.0251  0.0252  0.0251  0.0251  0.0250  0.0250
  0.0250  0.0250  0.0250  0.0250  0.0250  0.0250  0.0250  0.0250  0.0250  0.0250  0.0250  0.0250
  0.0250  0.0250  0.0250  0.0250  0.0250  0.0250  0.0250  0.0250  0.0250  0.0250  0.0250  0.0250
  0.0250  0.0250  0.0250  0.0250  0.0250  0.0250  0.0250  0.0250  0.0250  0.0250  0.0250  0.0250
  0.0251  0.0251  0.0250  0.0251  0.0251  0.0251  0.0251  0.0252  0.0251  0.0251  0.0250  0.0250
  0.0254  0.0252  0.0251  0.0253  0.0253  0.0252  0.0253  0.0254  0.0252  0.0253  0.0251  0.0251
niter,ni,del,rscale     1    3    5.0000    0.4000
parameters
   -0.8281   10.8141    5.8522   -9.7919  -17.4964  -13.6458
    4.7277    2.2220   -4.7212   15.5494   -5.0633  -20.7063
eta,q 0.97505  8.00079
  0.0252  0.0251  0.0251  0.0252  0.0252  0.0251  0.0252  0.0252  0.0251  0.0252  0.0251  0.0250
  0.0251  0.0250  0.0250  0.0251  0.0251  0.0250  0.0251  0.0251  0.0250  0.0251  0.0250  0.0250
  0.0250  0.0250  0.0250  0.0250  0.0250  0.0250  0.0250  0.0250  0.0250  0.0250  0.0250  0.0250
  0.0250  0.0250  0.0250  0.0250  0.0250  0.0250  0.0250  0.0250  0.0250  0.0250  0.0250  0.0250
  0.0250  0.0250  0.0250  0.0250  0.0250  0.0250  0.0250  0.0250  0.0250  0.0250  0.0250  0.0250
  0.0251  0.0250  0.0250  0.0250  0.0251  0.0251  0.0251  0.0251  0.0250  0.0251  0.0250  0.0250
  0.0252  0.0251  0.0251  0.0251  0.0252  0.0251  0.0252  0.0252  0.0251  0.0252  0.0250  0.0250
registration optimization eta report
parameter search radius
    0.8000    0.8000    0.8000    2.4000    2.4000    2.4000
    2.4000    2.4000    2.4000    2.4000    2.4000    2.4000
100000*second partial in parameter space
       39.       27.       16.        3.        4.        2.
        4.        5.        3.        4.        2.        2.
  0.0252  0.0251  0.0251  0.0252  0.0252  0.0251  0.0252  0.0252  0.0251  0.0252  0.0251  0.0250
  0.0251  0.0250  0.0250  0.0251  0.0251  0.0250  0.0251  0.0251  0.0250  0.0251  0.0250  0.0250
  0.0250  0.0250  0.0250  0.0250  0.0250  0.0250  0.0250  0.0250  0.0250  0.0250  0.0250  0.0250
  0.0250  0.0250  0.0250  0.0250  0.0250  0.0250  0.0250  0.0250  0.0250  0.0250  0.0250  0.0250
  0.0250  0.0250  0.0250  0.0250  0.0250  0.0250  0.0250  0.0250  0.0250  0.0250  0.0250  0.0250
  0.0251  0.0250  0.0250  0.0250  0.0251  0.0251  0.0251  0.0251  0.0250  0.0251  0.0250  0.0250
  0.0252  0.0251  0.0251  0.0251  0.0252  0.0251  0.0252  0.0252  0.0251  0.0252  0.0250  0.0250
   -0.8281   10.8141    5.8522   -9.7919  -17.4964  -13.6458
    4.7277    2.2220   -4.7212   15.5494   -5.0633  -20.7063
eta,q 0.97505  8.00079

---------------------------------------------------------------------
compute_vox2vox talsrcimg talsrcimg_to_711-2C_as_mni_average_305_t4 /opt/freesurfer/average/711-2C_as_mni_average_305
---------------------------------------------------------------------

freesurfer compute_vox2vox.c
Reading: talsrcimg.4dfp.ifh
Reading: talsrcimg_to_711-2C_as_mni_average_305_t4
Reading: /opt/freesurfer/average/711-2C_as_mni_average_305.4dfp.ifh
Writing: talsrcimg_to_711-2C_as_mni_average_305_t4_vox2vox.txt

start time Sun Mar 8 16:30:25 CET 2026
end		time Sun Mar 8 16:30:39 CET 2026

mpr2mni305 success

avi2talxfm orig_nu.mgz /opt/freesurfer/average/mni305.cor.mgz talsrcimg_to_711-2C_as_mni_average_305_t4_vox2vox.txt transforms/talairach.auto.xfm
avi2talxfm done
mv -f /out/sourcedata/freesurfer/sub-v1s13x0050036_ses-1/mri/talsrcimg_to_711-2C_as_mni_average_305_t4_vox2vox.txt /out/sourcedata/freesurfer/sub-v1s13x0050036_ses-1/mri/transforms/talsrcimg_to_711-2C_as_mni_average_305_t4_vox2vox.txt
lta_convert --src orig_nu.mgz --trg /opt/freesurfer/average/mni305.cor.mgz --inxfm transforms/talairach.auto.xfm --outlta transforms/talairach.auto.xfm.lta --subject fsaverage
7.3.2

--src: orig_nu.mgz src image (geometry).
--trg: /opt/freesurfer/average/mni305.cor.mgz trg image (geometry).
--inmni: transforms/talairach.auto.xfm input MNI/XFM transform.
--outlta: transforms/talairach.auto.xfm.lta output LTA.
--s: fsaverage subject name
 LTA read, type : 1
 1.10411  -0.01628  -0.06735  -0.29001;
 0.07643   1.10682   0.27340  -2.74161;
 0.04878  -0.20953   1.15669   12.76300;
 0.00000   0.00000   0.00000   1.00000;
setting subject to fsaverage
Writing  LTA to file transforms/talairach.auto.xfm.lta...
lta_convert successful.
 
 
Started at Sun Mar 8 16:30:25 CET 2026
Ended   at Sun Mar  8 16:30:39 CET 2026
talairach_avi done
