/out/sourcedata/freesurfer/sub-v1s13x0050044_ses-1/mri
/opt/freesurfer/bin/talairach_avi
--i orig_nu.mgz --xfm transforms/talairach.auto.xfm
talairach_avi 7.3.2
Linux dna078 5.14.0-427.37.1.el9_4.x86_64 #1 SMP PREEMPT_DYNAMIC Fri Sep 13 12:41:50 EDT 2024 x86_64 x86_64 x86_64 GNU/Linux
Sun Mar  8 16:40:43 CET 2026
mri_convert orig_nu.mgz talsrcimg.img 
reading from orig_nu.mgz...
TR=0.00, TE=0.00, TI=0.00, flip angle=0.00
i_ras = (-1, 0, 0)
j_ras = (0, 0, -1)
k_ras = (0, 1, 0)
writing to talsrcimg.img...
Analyze Output Matrix
-1.00000   0.00000   0.00000   132.43057;
 0.00000   0.00000   1.00000  -130.15546;
 0.00000  -1.00000   0.00000   112.02393;
 0.00000   0.00000   0.00000   1.00000;
--------------------
INFO: set hdr.hist.orient to -1
mpr2mni305 talsrcimg
Sun Mar  8 16:40:44 CET 2026
/opt/freesurfer/bin/mpr2mni305 talsrcimg
mpr2mni305 7.3.2
target=711-2C_as_mni_average_305

---------------------------------------------------------------------
analyzeto4dfp talsrcimg -O0 -y
---------------------------------------------------------------------

freesurfer ifh2hdr.c
Sun Mar  8 16:40:44 2026
Writing: talsrcimg.4dfp.hdr
freesurfer analyzeto4dfp.c
Reading: talsrcimg.hdr
header size 348 bytes
hdr.dime.datatype	offset=70	value=2
hdr.dime.bitpix		offset=72	value=8
hdr.hist.orient		offset=252	value=-1
dimensionality     4
dimensions       256       256       256         1
Reading: talsrcimg.img
Writing: talsrcimg.4dfp.img
Writing: talsrcimg.4dfp.ifh
ifh2hdr talsrcimg -r0to242
ori=2

---------------------------------------------------------------------
gauss_4dfp talsrcimg 1.1
---------------------------------------------------------------------

freesurfer gauss_4dfp.c
Reading: talsrcimg.4dfp.img
Writing: talsrcimg_g11.4dfp.img
image dimensions 256 256 256 padded to 288 288 288
processing volume 1freesurfer ifh2hdr.c
Sun Mar  8 16:40:45 2026
Writing: talsrcimg_g11.4dfp.hdr

Writing: talsrcimg_g11.4dfp.ifh
including: talsrcimg.4dfp.img.rec in talsrcimg_g11.4dfp.img.rec

---------------------------------------------------------------------
imgreg_4dfp /opt/freesurfer/average/711-2C_as_mni_average_305 none talsrcimg_g11 none talsrcimg_to_711-2C_as_mni_average_305_t4 4355
---------------------------------------------------------------------

freesurfer imgreg_4dfp.c
/opt/freesurfer/average/711-2C_as_mni_average_305.4dfp.img
       256       256       256         1
  1.000000  1.000000  1.000000
orientation T byte_order littleendian
Reading image: /opt/freesurfer/average/711-2C_as_mni_average_305.4dfp.img
dimensions:      256       256       256
mmppix:       1.0000   -1.0000   -1.0000
center:     128.0000 -129.0000 -129.0000
talsrcimg_g11.4dfp.img
       256       256       256         1
  1.000000  1.000000  1.000000
orientation T byte_order littleendian
Reading image: talsrcimg_g11.4dfp.img
dimensions:      256       256       256
mmppix:       1.0000   -1.0000   -1.0000
center:     128.0000 -129.0000 -129.0000
t4_read: open error in t4_sub.f l:  41 t4_file(1:l)talsrcimg_to_711-2C_as_mni_average_305_t4 
t4_read: transform initialized to I4
rotation matrix determinant  1.000000
image alignment mode   4355 decimal     1103 hex
   -7.5000  -45.0000  -45.0000 8769.5898   13.0359
    0.0000  -45.0000  -45.0000 9176.9727   13.0274
    7.5000  -45.0000  -45.0000 8793.5928   13.0178
   -7.5000  -37.5000  -45.0000 9300.6973   12.9672
    0.0000  -37.5000  -45.0000 9737.5547   12.9654
    7.5000  -37.5000  -45.0000 9323.9150   12.9636
   -7.5000  -30.0000  -45.000010168.1973   12.9080
    0.0000  -30.0000  -45.000010649.7148   12.9084
    7.5000  -30.0000  -45.000010185.0537   12.9122
   -7.5000  -22.5000  -45.000010948.8271   12.8656
    0.0000  -22.5000  -45.000011476.2822   12.8599
    7.5000  -22.5000  -45.000010980.0918   12.8598
   -7.5000  -15.0000  -45.000011581.9297   12.8214
    0.0000  -15.0000  -45.000012142.7744   12.8087
    7.5000  -15.0000  -45.000011583.0449   12.8012
   -7.5000   -7.5000  -45.000012191.2598   12.7677
    0.0000   -7.5000  -45.000012751.3232   12.7545
    7.5000   -7.5000  -45.000012153.0762   12.7432
   -7.5000    0.0000  -45.000012697.5205   12.7238
    0.0000    0.0000  -45.000013263.6006   12.7154
    7.5000    0.0000  -45.000012633.5225   12.7060
   -7.5000    7.5000  -45.000012213.5586   12.7180
    0.0000    7.5000  -45.000012752.8096   12.7159
    7.5000    7.5000  -45.000012160.7939   12.7141
   -7.5000   15.0000  -45.000011604.3076   12.7368
    0.0000   15.0000  -45.000012129.2930   12.7369
    7.5000   15.0000  -45.000011576.5156   12.7405
   -7.5000   22.5000  -45.000010931.3252   12.8096
    0.0000   22.5000  -45.000011418.8320   12.8039
    7.5000   22.5000  -45.000010881.7979   12.8037
   -7.5000   30.0000  -45.000010201.9189   12.7725
    0.0000   30.0000  -45.000010644.6865   12.7602
    7.5000   30.0000  -45.000010160.5986   12.7523
   -7.5000   37.5000  -45.0000 9789.4863   12.8835
    0.0000   37.5000  -45.000010241.2773   12.8707
    7.5000   37.5000  -45.0000 9762.7422   12.8591
   -7.5000   45.0000  -45.0000 9054.9834   12.7139
    0.0000   45.0000  -45.0000 9473.1836   12.7069
    7.5000   45.0000  -45.0000 9006.7725   12.6971
   -7.5000  -45.0000  -37.5000 9293.2148   13.0072
    0.0000  -45.0000  -37.5000 9725.9609   13.0027
    7.5000  -45.0000  -37.5000 9317.2783   12.9982
   -7.5000  -37.5000  -37.5000 9854.7803   12.9412
    0.0000  -37.5000  -37.500010328.0645   12.9439
    7.5000  -37.5000  -37.5000 9879.9688   12.9472
   -7.5000  -30.0000  -37.500010772.3164   12.8850
    0.0000  -30.0000  -37.500011286.0332   12.8905
    7.5000  -30.0000  -37.500010786.0283   12.8999
   -7.5000  -22.5000  -37.500011595.7217   12.8437
    0.0000  -22.5000  -37.500012149.5420   12.8431
    7.5000  -22.5000  -37.500011615.7021   12.8489
   -7.5000  -15.0000  -37.500012256.5391   12.7982
    0.0000  -15.0000  -37.500012837.0117   12.7899
    7.5000  -15.0000  -37.500012251.3613   12.7883
   -7.5000   -7.5000  -37.500012859.5205   12.7400
    0.0000   -7.5000  -37.500013449.3652   12.7308
    7.5000   -7.5000  -37.500012823.8447   12.7249
   -7.5000    0.0000  -37.500013393.4072   12.6934
    0.0000    0.0000  -37.500013969.4414   12.6888
    7.5000    0.0000  -37.500013309.6572   12.6844
   -7.5000    7.5000  -37.500012883.5332   12.6901
    0.0000    7.5000  -37.500013413.5654   12.6925
    7.5000    7.5000  -37.500012790.8164   12.6956
   -7.5000   15.0000  -37.500012249.8291   12.7119
    0.0000   15.0000  -37.500012770.3916   12.7172
    7.5000   15.0000  -37.500012188.1367   12.7262
   -7.5000   22.5000  -37.500011512.3281   12.7858
    0.0000   22.5000  -37.500011997.0684   12.7853
    7.5000   22.5000  -37.500011438.7744   12.7909
   -7.5000   30.0000  -37.500010687.6299   12.7464
    0.0000   30.0000  -37.500011142.8613   12.7387
    7.5000   30.0000  -37.500010657.1426   12.7369
   -7.5000   37.5000  -37.500010237.9111   12.8509
    0.0000   37.5000  -37.500010675.8301   12.8427
    7.5000   37.5000  -37.500010212.0977   12.8366
   -7.5000   45.0000  -37.5000 9456.5537   12.6800
    0.0000   45.0000  -37.5000 9870.3379   12.6777
    7.5000   45.0000  -37.5000 9415.9424   12.6729
   -7.5000  -45.0000  -30.000010032.7354   13.5245
    0.0000  -45.0000  -30.000010506.0869   13.5228
    7.5000  -45.0000  -30.000010041.4473   13.5178
   -7.5000  -37.5000  -30.000010634.7822   13.4548
    0.0000  -37.5000  -30.000011135.4346   13.4604
    7.5000  -37.5000  -30.000010642.0566   13.4633
   -7.5000  -30.0000  -30.000011595.7998   13.3950
    0.0000  -30.0000  -30.000012132.7510   13.4034
    7.5000  -30.0000  -30.000011600.2080   13.4133
   -7.5000  -22.5000  -30.000012499.7275   13.3488
    0.0000  -22.5000  -30.000013069.4932   13.3508
    7.5000  -22.5000  -30.000012480.7188   13.3582
   -7.5000  -15.0000  -30.000013211.7012   13.2982
    0.0000  -15.0000  -30.000013804.3564   13.2922
    7.5000  -15.0000  -30.000013185.1455   13.2920
   -7.5000   -7.5000  -30.000013831.9287   13.2356
    0.0000   -7.5000  -30.000014414.8408   13.2288
    7.5000   -7.5000  -30.000013761.2656   13.2233
   -7.5000    0.0000  -30.000014334.0713   13.1857
    0.0000    0.0000  -30.000014940.1846   13.1837
    7.5000    0.0000  -30.000014238.8633   13.1789
   -7.5000    7.5000  -30.000013773.5645   13.1837
    0.0000    7.5000  -30.000014361.8350   13.1888
    7.5000    7.5000  -30.000013704.0107   13.1915
   -7.5000   15.0000  -30.000013107.5605   13.2075
    0.0000   15.0000  -30.000013683.5205   13.2154
    7.5000   15.0000  -30.000013061.0879   13.2251
   -7.5000   22.5000  -30.000012302.6777   13.2823
    0.0000   22.5000  -30.000012825.5879   13.2844
    7.5000   22.5000  -30.000012249.0186   13.2916
   -7.5000   30.0000  -30.000011401.1611   13.2428
    0.0000   30.0000  -30.000011880.0234   13.2376
    7.5000   30.0000  -30.000011365.1709   13.2375
   -7.5000   37.5000  -30.000010889.0986   13.3488
    0.0000   37.5000  -30.000011346.6963   13.3430
    7.5000   37.5000  -30.000010871.2686   13.3374
   -7.5000   45.0000  -30.000010033.3174   13.1799
    0.0000   45.0000  -30.000010450.3828   13.1805
    7.5000   45.0000  -30.0000 9989.8721   13.1752
   -7.5000  -45.0000  -22.500010702.2637   13.9667
    0.0000  -45.0000  -22.500011203.2891   13.9637
    7.5000  -45.0000  -22.500010705.7705   13.9529
   -7.5000  -37.5000  -22.500011341.7705   13.8910
    0.0000  -37.5000  -22.500011868.3936   13.8944
    7.5000  -37.5000  -22.500011345.3262   13.8912
   -7.5000  -30.0000  -22.500012344.6074   13.8260
    0.0000  -30.0000  -22.500012913.1699   13.8314
    7.5000  -30.0000  -22.500012346.9922   13.8355
   -7.5000  -22.5000  -22.500013319.9678   13.7757
    0.0000  -22.5000  -22.500013921.1055   13.7747
    7.5000  -22.5000  -22.500013298.4258   13.7771
   -7.5000  -15.0000  -22.500014048.7451   13.7219
    0.0000  -15.0000  -22.500014713.2734   13.7139
    7.5000  -15.0000  -22.500014045.9375   13.7091
   -7.5000   -7.5000  -22.500014676.5459   13.6570
    0.0000   -7.5000  -22.500015352.6318   13.6490
    7.5000   -7.5000  -22.500014652.7158   13.6385
   -7.5000    0.0000  -22.500015209.5977   13.6041
    0.0000    0.0000  -22.500015896.3096   13.6008
    7.5000    0.0000  -22.500015151.3301   13.5903
   -7.5000    7.5000  -22.500014602.1699   13.6009
    0.0000    7.5000  -22.500015271.8945   13.6039
    7.5000    7.5000  -22.500014578.2715   13.6007
   -7.5000   15.0000  -22.500013889.7930   13.6248
    0.0000   15.0000  -22.500014532.6787   13.6298
    7.5000   15.0000  -22.500013856.3115   13.6337
   -7.5000   22.5000  -22.500013015.3457   13.7009
    0.0000   22.5000  -22.500013584.5742   13.7000
    7.5000   22.5000  -22.500012968.2617   13.7022
   -7.5000   30.0000  -22.500012049.8457   13.6649
    0.0000   30.0000  -22.500012562.2158   13.6577
    7.5000   30.0000  -22.500012010.7344   13.6531
   -7.5000   37.5000  -22.500011507.4824   13.7759
    0.0000   37.5000  -22.500011991.7637   13.7679
    7.5000   37.5000  -22.500011490.7617   13.7570
   -7.5000   45.0000  -22.500010589.2715   13.6095
    0.0000   45.0000  -22.500011012.2705   13.6080
    7.5000   45.0000  -22.500010530.9395   13.5969
   -7.5000  -45.0000  -15.000011357.8535   14.2771
    0.0000  -45.0000  -15.000011904.9834   14.2700
    7.5000  -45.0000  -15.000011392.9980   14.2540
   -7.5000  -37.5000  -15.000012011.7109   14.1957
    0.0000  -37.5000  -15.000012583.4971   14.1943
    7.5000  -37.5000  -15.000012058.5820   14.1855
   -7.5000  -30.0000  -15.000013059.5938   14.1255
    0.0000  -30.0000  -15.000013681.8311   14.1253
    7.5000  -30.0000  -15.000013094.0117   14.1232
   -7.5000  -22.5000  -15.000014077.0859   14.0720
    0.0000  -22.5000  -15.000014741.5615   14.0655
    7.5000  -22.5000  -15.000014099.9434   14.0615
   -7.5000  -15.0000  -15.000014846.0039   14.0167
    0.0000  -15.0000  -15.000015588.0674   14.0044
    7.5000  -15.0000  -15.000014896.4580   13.9936
   -7.5000   -7.5000  -15.000015485.2119   13.9521
    0.0000   -7.5000  -15.000016252.9395   13.9403
    7.5000   -7.5000  -15.000015502.4707   13.9248
   -7.5000    0.0000  -15.000016047.5703   13.8986
    0.0000    0.0000  -15.000016802.0664   13.8914
    7.5000    0.0000  -15.000015981.2041   13.8761
   -7.5000    7.5000  -15.000015403.3809   13.8936
    0.0000    7.5000  -15.000016150.2188   13.8919
    7.5000    7.5000  -15.000015360.6689   13.8834
   -7.5000   15.0000  -15.000014627.5918   13.9161
    0.0000   15.0000  -15.000015330.7188   13.9156
    7.5000   15.0000  -15.000014584.3467   13.9134
   -7.5000   22.5000  -15.000013661.5850   13.9922
    0.0000   22.5000  -15.000014300.9727   13.9858
    7.5000   22.5000  -15.000013623.2646   13.9818
   -7.5000   30.0000  -15.000012655.7891   13.9600
    0.0000   30.0000  -15.000013214.9248   13.9484
    7.5000   30.0000  -15.000012612.0781   13.9379
   -7.5000   37.5000  -15.000012107.8350   14.0773
    0.0000   37.5000  -15.000012633.2432   14.0649
    7.5000   37.5000  -15.000012064.4043   14.0487
   -7.5000   45.0000  -15.000011123.2207   13.9145
    0.0000   45.0000  -15.000011586.1143   13.9081
    7.5000   45.0000  -15.000011076.7793   13.8922
   -7.5000  -45.0000   -7.500011992.9658   14.4196
    0.0000  -45.0000   -7.500012580.8994   14.4095
    7.5000  -45.0000   -7.500012055.6533   14.3940
   -7.5000  -37.5000   -7.500012702.1113   14.3355
    0.0000  -37.5000   -7.500013323.0752   14.3315
    7.5000  -37.5000   -7.500012782.3750   14.3239
   -7.5000  -30.0000   -7.500013791.2705   14.2632
    0.0000  -30.0000   -7.500014454.3193   14.2608
    7.5000  -30.0000   -7.500013862.4531   14.2594
   -7.5000  -22.5000   -7.500014829.2988   14.2095
    0.0000  -22.5000   -7.500015547.6807   14.2009
    7.5000  -22.5000   -7.500014880.1797   14.1963
   -7.5000  -15.0000   -7.500015659.5332   14.1545
    0.0000  -15.0000   -7.500016483.4219   14.1396
    7.5000  -15.0000   -7.500015753.2666   14.1278
   -7.5000   -7.5000   -7.500016326.4785   14.0897
    0.0000   -7.5000   -7.500017203.9258   14.0751
    7.5000   -7.5000   -7.500016416.2207   14.0590
   -7.5000    0.0000   -7.500016870.8340   14.0355
    0.0000    0.0000   -7.500017731.9707   14.0256
    7.5000    0.0000   -7.500016875.3867   14.0109
   -7.5000    7.5000   -7.500016198.5410   14.0294
    0.0000    7.5000   -7.500017021.8906   14.0252
    7.5000    7.5000   -7.500016173.1504   14.0180
   -7.5000   15.0000   -7.500015350.8936   14.0513
    0.0000   15.0000   -7.500016121.4277   14.0486
    7.5000   15.0000   -7.500015327.3018   14.0472
   -7.5000   22.5000   -7.500014325.1445   14.1270
    0.0000   22.5000   -7.500015018.4639   14.1185
    7.5000   22.5000   -7.500014285.3613   14.1139
   -7.5000   30.0000   -7.500013239.1338   14.0966
    0.0000   30.0000   -7.500013861.9336   14.0822
    7.5000   30.0000   -7.500013215.4404   14.0703
   -7.5000   37.5000   -7.500012667.5801   14.2153
    0.0000   37.5000   -7.500013263.4805   14.2004
    7.5000   37.5000   -7.500012655.8701   14.1836
   -7.5000   45.0000   -7.500011661.8643   14.0530
    0.0000   45.0000   -7.500012199.1895   14.0438
    7.5000   45.0000   -7.500011632.0957   14.0286
   -7.5000  -45.0000    0.000012570.0723   14.4299
    0.0000  -45.0000    0.000013171.1279   14.4206
    7.5000  -45.0000    0.000012641.8594   14.4104
   -7.5000  -37.5000    0.000013307.8125   14.3463
    0.0000  -37.5000    0.000013954.2090   14.3443
    7.5000  -37.5000    0.000013403.0605   14.3426
   -7.5000  -30.0000    0.000014435.0088   14.2742
    0.0000  -30.0000    0.000015118.5996   14.2748
    7.5000  -30.0000    0.000014518.4795   14.2793
   -7.5000  -22.5000    0.000015493.2480   14.2208
    0.0000  -22.5000    0.000016190.1064   14.2150
    7.5000  -22.5000    0.000015518.6211   14.2153
   -7.5000  -15.0000    0.000016379.0723   14.1651
    0.0000  -15.0000    0.000017219.9141   14.1517
    7.5000  -15.0000    0.000016440.1211   14.1439
   -7.5000   -7.5000    0.000017153.0371   14.0986
    0.0000   -7.5000    0.000018142.1934   14.0845
    7.5000   -7.5000    0.000017233.4473   14.0728
   -7.5000    0.0000    0.000017722.1484   14.0440
    0.0000    0.0000    0.000018649.2148   14.0350
    7.5000    0.0000    0.000017720.7324   14.0253
   -7.5000    7.5000    0.000016954.6289   14.0387
    0.0000    7.5000    0.000017772.4766   14.0366
    7.5000    7.5000    0.000016899.4844   14.0350
   -7.5000   15.0000    0.000016055.6807   14.0612
    0.0000   15.0000    0.000016778.5879   14.0617
    7.5000   15.0000    0.000015965.8213   14.0660
   -7.5000   22.5000    0.000014966.1406   14.1379
    0.0000   22.5000    0.000015650.2031   14.1321
    7.5000   22.5000    0.000014883.7588   14.1323
   -7.5000   30.0000    0.000013831.2344   14.1062
    0.0000   30.0000    0.000014488.4600   14.0933
    7.5000   30.0000    0.000013763.2949   14.0852
   -7.5000   37.5000    0.000013225.5283   14.2219
    0.0000   37.5000    0.000013866.6250   14.2082
    7.5000   37.5000    0.000013177.1064   14.1961
   -7.5000   45.0000    0.000012181.9385   14.0587
    0.0000   45.0000    0.000012749.2773   14.0512
    7.5000   45.0000    0.000012108.1240   14.0410
   -7.5000  -45.0000    7.500012157.8252   14.4655
    0.0000  -45.0000    7.500012739.7959   14.4607
    7.5000  -45.0000    7.500012225.6064   14.4560
   -7.5000  -37.5000    7.500012876.7061   14.3863
    0.0000  -37.5000    7.500013509.2568   14.3895
    7.5000  -37.5000    7.500012972.6143   14.3935
   -7.5000  -30.0000    7.500013954.5117   14.3181
    0.0000  -30.0000    7.500014599.9688   14.3245
    7.5000  -30.0000    7.500014041.1074   14.3352
   -7.5000  -22.5000    7.500014981.6143   14.2667
    0.0000  -22.5000    7.500015599.8994   14.2664
    7.5000  -22.5000    7.500015011.7744   14.2731
   -7.5000  -15.0000    7.500015907.0479   14.2110
    0.0000  -15.0000    7.500016709.8027   14.2022
    7.5000  -15.0000    7.500015947.7305   14.2006
   -7.5000   -7.5000    7.500016748.2871   14.1420
    0.0000   -7.5000    7.500017728.7012   14.1321
    7.5000   -7.5000    7.500016774.3105   14.1259
   -7.5000    0.0000    7.500017343.7949   14.0866
    0.0000    0.0000    7.500018210.9766   14.0819
    7.5000    0.0000    7.500017250.2891   14.0774
   -7.5000    7.5000    7.500016541.9980   14.0836
    0.0000    7.5000    7.500017260.7891   14.0867
    7.5000    7.5000    7.500016392.0078   14.0905
   -7.5000   15.0000    7.500015611.9912   14.1084
    0.0000   15.0000    7.500016265.2959   14.1146
    7.5000   15.0000    7.500015439.8350   14.1250
   -7.5000   22.5000    7.500014536.4639   14.1859
    0.0000   22.5000    7.500015154.6328   14.1857
    7.5000   22.5000    7.500014397.0195   14.1923
   -7.5000   30.0000    7.500013435.3359   14.1518
    0.0000   30.0000    7.500014029.4971   14.1437
    7.5000   30.0000    7.500013323.2656   14.1420
   -7.5000   37.5000    7.500012835.1387   14.2639
    0.0000   37.5000    7.500013422.6953   14.2551
    7.5000   37.5000    7.500012757.8506   14.2488
   -7.5000   45.0000    7.500011789.7979   14.1003
    0.0000   45.0000    7.500012318.6328   14.0981
    7.5000   45.0000    7.500011698.3477   14.0932
   -7.5000  -45.0000   15.000011630.1211   14.5284
    0.0000  -45.0000   15.000012183.7920   14.5272
    7.5000  -45.0000   15.000011669.5488   14.5224
   -7.5000  -37.5000   15.000012347.9473   14.4517
    0.0000  -37.5000   15.000012917.2656   14.4583
    7.5000  -37.5000   15.000012402.0000   14.4620
   -7.5000  -30.0000   15.000013389.0010   14.3866
    0.0000  -30.0000   15.000013985.1543   14.3962
    7.5000  -30.0000   15.000013431.8340   14.4076
   -7.5000  -22.5000   15.000014395.2656   14.3363
    0.0000  -22.5000   15.000015009.7744   14.3391
    7.5000  -22.5000   15.000014388.6699   14.3478
   -7.5000  -15.0000   15.000015285.5088   14.2811
    0.0000  -15.0000   15.000016051.1895   14.2756
    7.5000  -15.0000   15.000015301.4932   14.2759
   -7.5000   -7.5000   15.000016033.8574   14.2118
    0.0000   -7.5000   15.000016849.9961   14.2052
    7.5000   -7.5000   15.000016017.4766   14.2000
   -7.5000    0.0000   15.000016564.3574   14.1557
    0.0000    0.0000   15.000017300.3926   14.1544
    7.5000    0.0000   15.000016431.7285   14.1498
   -7.5000    7.5000   15.000015846.9297   14.1536
    0.0000    7.5000   15.000016509.5234   14.1598
    7.5000    7.5000   15.000015651.4385   14.1634
   -7.5000   15.0000   15.000014991.7812   14.1788
    0.0000   15.0000   15.000015618.1797   14.1882
    7.5000   15.0000   15.000014764.3154   14.1992
   -7.5000   22.5000   15.000013939.8115   14.2555
    0.0000   22.5000   15.000014540.6230   14.2585
    7.5000   22.5000   15.000013777.1074   14.2669
   -7.5000   30.0000   15.000012836.9414   14.2195
    0.0000   30.0000   15.000013391.7891   14.2147
    7.5000   30.0000   15.000012726.7695   14.2152
   -7.5000   37.5000   15.000012281.0693   14.3301
    0.0000   37.5000   15.000012813.3643   14.3245
    7.5000   37.5000   15.000012181.0010   14.3191
   -7.5000   45.0000   15.000011289.7158   14.1654
    0.0000   45.0000   15.000011771.1123   14.1668
    7.5000   45.0000   15.000011193.4707   14.1617
   -7.5000  -45.0000   22.500010983.5234   14.6030
    0.0000  -45.0000   22.500011525.5127   14.6010
    7.5000  -45.0000   22.500011010.8193   14.5903
   -7.5000  -37.5000   22.500011690.0410   14.5260
    0.0000  -37.5000   22.500012261.7539   14.5308
    7.5000  -37.5000   22.500011709.3896   14.5280
   -7.5000  -30.0000   22.500012695.7148   14.4617
    0.0000  -30.0000   22.500013298.9043   14.4686
    7.5000  -30.0000   22.500012711.1230   14.4737
   -7.5000  -22.5000   22.500013643.2754   14.4126
    0.0000  -22.5000   22.500014258.6152   14.4130
    7.5000  -22.5000   22.500013625.1162   14.4162
   -7.5000  -15.0000   22.500014477.6338   14.3597
    0.0000  -15.0000   22.500015197.8662   14.3528
    7.5000  -15.0000   22.500014500.5166   14.3485
   -7.5000   -7.5000   22.500015183.8193   14.2928
    0.0000   -7.5000   22.500015847.0020   14.2858
    7.5000   -7.5000   22.500015150.4336   14.2757
   -7.5000    0.0000   22.500015689.2920   14.2366
    0.0000    0.0000   22.500016267.7607   14.2345
    7.5000    0.0000   22.500015585.1885   14.2244
   -7.5000    7.5000   22.500015005.3818   14.2326
    0.0000    7.5000   22.500015554.3936   14.2370
    7.5000    7.5000   22.500014880.5498   14.2345
   -7.5000   15.0000   22.500014218.3232   14.2549
    0.0000   15.0000   22.500014732.5576   14.2615
    7.5000   15.0000   22.500014057.2617   14.2664
   -7.5000   22.5000   22.500013253.5410   14.3292
    0.0000   22.5000   22.500013758.9355   14.3297
    7.5000   22.5000   22.500013114.8945   14.3328
   -7.5000   30.0000   22.500012207.8906   14.2934
    0.0000   30.0000   22.500012696.3018   14.2872
    7.5000   30.0000   22.500012107.8594   14.2832
   -7.5000   37.5000   22.500011652.1152   14.4065
    0.0000   37.5000   22.500012130.4580   14.3995
    7.5000   37.5000   22.500011550.7783   14.3888
   -7.5000   45.0000   22.500010714.6826   14.2406
    0.0000   45.0000   22.500011155.2568   14.2403
    7.5000   45.0000   22.500010612.4180   14.2294
   -7.5000  -45.0000   30.000010254.7100   14.6879
    0.0000  -45.0000   30.000010752.4395   14.6820
    7.5000  -45.0000   30.000010259.2441   14.6662
   -7.5000  -37.5000   30.000010920.6406   14.6095
    0.0000  -37.5000   30.000011428.0166   14.6095
    7.5000  -37.5000   30.000010921.3623   14.6012
   -7.5000  -30.0000   30.000011855.8135   14.5448
    0.0000  -30.0000   30.000012379.3418   14.5461
    7.5000  -30.0000   30.000011857.3828   14.5449
   -7.5000  -22.5000   30.000012722.8975   14.4972
    0.0000  -22.5000   30.000013287.1875   14.4921
    7.5000  -22.5000   30.000012738.8877   14.4890
   -7.5000  -15.0000   30.000013507.8057   14.4473
    0.0000  -15.0000   30.000014142.9004   14.4362
    7.5000  -15.0000   30.000013535.2969   14.4261
   -7.5000   -7.5000   30.000014191.0352   14.3837
    0.0000   -7.5000   30.000014773.7217   14.3732
    7.5000   -7.5000   30.000014154.4824   14.3580
   -7.5000    0.0000   30.000014697.6279   14.3274
    0.0000    0.0000   30.000015254.6182   14.3215
    7.5000    0.0000   30.000014616.8271   14.3067
   -7.5000    7.5000   30.000014059.5254   14.3208
    0.0000    7.5000   30.000014599.8350   14.3206
    7.5000    7.5000   30.000013954.4873   14.3127
   -7.5000   15.0000   30.000013306.6875   14.3390
    0.0000   15.0000   30.000013804.1318   14.3401
    7.5000   15.0000   30.000013192.1582   14.3389
   -7.5000   22.5000   30.000012399.3076   14.4116
    0.0000   22.5000   30.000012856.5684   14.4066
    7.5000   22.5000   30.000012298.1660   14.4034
   -7.5000   30.0000   30.000011441.0635   14.3770
    0.0000   30.0000   30.000011879.0996   14.3666
    7.5000   30.0000   30.000011360.0264   14.3567
   -7.5000   37.5000   30.000010919.3506   14.4941
    0.0000   37.5000   30.000011341.3008   14.4829
    7.5000   37.5000   30.000010829.2695   14.4669
   -7.5000   45.0000   30.000010022.5576   14.3269
    0.0000   45.0000   30.000010421.7637   14.3218
    7.5000   45.0000   30.0000 9942.5146   14.3062
   -7.5000  -45.0000   37.5000 9868.4473   14.8596
    0.0000  -45.0000   37.500010336.1738   14.8509
    7.5000  -45.0000   37.5000 9872.3213   14.8362
   -7.5000  -37.5000   37.500010497.0068   14.7806
    0.0000  -37.5000   37.500010983.6055   14.7782
    7.5000  -37.5000   37.500010511.3066   14.7718
   -7.5000  -30.0000   37.500011413.6143   14.7157
    0.0000  -30.0000   37.500011917.6709   14.7150
    7.5000  -30.0000   37.500011406.7529   14.7151
   -7.5000  -22.5000   37.500012254.9746   14.6695
    0.0000  -22.5000   37.500012811.7686   14.6623
    7.5000  -22.5000   37.500012266.6416   14.6590
   -7.5000  -15.0000   37.500013022.9834   14.6214
    0.0000  -15.0000   37.500013621.2148   14.6078
    7.5000  -15.0000   37.500013022.5977   14.5969
   -7.5000   -7.5000   37.500013671.6484   14.5587
    0.0000   -7.5000   37.500014222.8242   14.5455
    7.5000   -7.5000   37.500013630.0732   14.5302
   -7.5000    0.0000   37.500014166.6680   14.5012
    0.0000    0.0000   37.500014713.4102   14.4928
    7.5000    0.0000   37.500014098.3057   14.4790
   -7.5000    7.5000   37.500013558.8213   14.4934
    0.0000    7.5000   37.500014081.0879   14.4910
    7.5000    7.5000   37.500013473.8994   14.4849
   -7.5000   15.0000   37.500012828.7031   14.5087
    0.0000   15.0000   37.500013315.5469   14.5079
    7.5000   15.0000   37.500012740.4736   14.5080
   -7.5000   22.5000   37.500011964.4795   14.5813
    0.0000   22.5000   37.500012424.4355   14.5742
    7.5000   22.5000   37.500011883.2539   14.5709
   -7.5000   30.0000   37.500011051.5254   14.5469
    0.0000   30.0000   37.500011496.1357   14.5338
    7.5000   30.0000   37.500010971.9238   14.5229
   -7.5000   37.5000   37.500010559.0205   14.6654
    0.0000   37.5000   37.500010987.1924   14.6518
    7.5000   37.5000   37.500010485.7031   14.6359
   -7.5000   45.0000   37.5000 9700.6660   14.4959
    0.0000   45.0000   37.500010099.0381   14.4882
    7.5000   45.0000   37.5000 9625.5928   14.4738
   -7.5000  -45.0000   45.0000 9060.4570   15.0339
    0.0000  -45.0000   45.0000 9487.6455   15.0261
    7.5000  -45.0000   45.0000 9064.9131   15.0175
   -7.5000  -37.5000   45.0000 9641.6416   14.9558
    0.0000  -37.5000   45.000010085.2412   14.9557
    7.5000  -37.5000   45.0000 9653.4795   14.9558
   -7.5000  -30.0000   45.000010501.5645   14.8931
    0.0000  -30.0000   45.000010971.9404   14.8959
    7.5000  -30.0000   45.000010482.3916   14.9024
   -7.5000  -22.5000   45.000011264.4668   14.8495
    0.0000  -22.5000   45.000011785.2227   14.8457
    7.5000  -22.5000   45.000011261.7588   14.8480
   -7.5000  -15.0000   45.000011980.4561   14.8020
    0.0000  -15.0000   45.000012513.3955   14.7903
    7.5000  -15.0000   45.000011945.6807   14.7843
   -7.5000   -7.5000   45.000012549.1738   14.7365
    0.0000   -7.5000   45.000013074.0615   14.7241
    7.5000   -7.5000   45.000012508.0391   14.7141
   -7.5000    0.0000   45.000013014.4072   14.6753
    0.0000    0.0000   45.000013536.2520   14.6680
    7.5000    0.0000   45.000012973.0176   14.6601
   -7.5000    7.5000   45.000012442.7969   14.6682
    0.0000    7.5000   45.000012945.7373   14.6682
    7.5000    7.5000   45.000012403.0186   14.6685
   -7.5000   15.0000   45.000011777.5615   14.6838
    0.0000   15.0000   45.000012229.1934   14.6865
    7.5000   15.0000   45.000011705.1406   14.6929
   -7.5000   22.5000   45.000010984.5059   14.7587
    0.0000   22.5000   45.000011433.5781   14.7549
    7.5000   22.5000   45.000010925.7031   14.7570
   -7.5000   30.0000   45.000010160.8760   14.7221
    0.0000   30.0000   45.000010595.7627   14.7108
    7.5000   30.0000   45.000010107.5195   14.7044
   -7.5000   37.5000   45.0000 9709.9082   14.8376
    0.0000   37.5000   45.000010128.6240   14.8255
    7.5000   37.5000   45.0000 9652.5889   14.8151
   -7.5000   45.0000   45.0000 8937.4346   14.6720
    0.0000   45.0000   45.0000 9312.4121   14.6661
    7.5000   45.0000   45.0000 8855.6934   14.6576

---------------------------------------------------------------------
imgreg_4dfp /opt/freesurfer/average/711-2C_as_mni_average_305 /opt/freesurfer/average/711-2B_as_mni_average_305_mask talsrcimg_g11 none talsrcimg_to_711-2C_as_mni_average_305_t4 4355
---------------------------------------------------------------------

freesurfer imgreg_4dfp.c
/opt/freesurfer/average/711-2C_as_mni_average_305.4dfp.img
       256       256       256         1
  1.000000  1.000000  1.000000
orientation T byte_order littleendian
Reading image: /opt/freesurfer/average/711-2C_as_mni_average_305.4dfp.img
dimensions:      256       256       256
mmppix:       1.0000   -1.0000   -1.0000
center:     128.0000 -129.0000 -129.0000
/opt/freesurfer/average/711-2B_as_mni_average_305_mask.4dfp.img
       256       256       256         1
  1.000000  1.000000  1.000000
orientation T byte_order littleendian
Reading mask: /opt/freesurfer/average/711-2B_as_mni_average_305_mask.4dfp.img (2306576 pixels)
talsrcimg_g11.4dfp.img
       256       256       256         1
  1.000000  1.000000  1.000000
orientation T byte_order littleendian
Reading image: talsrcimg_g11.4dfp.img
dimensions:      256       256       256
mmppix:       1.0000   -1.0000   -1.0000
center:     128.0000 -129.0000 -129.0000
rotation matrix determinant  1.000000
image alignment mode   4355 decimal     1103 hex
   -7.5000  -45.0000  -45.0000 2181.2041   15.7568
    0.0000  -45.0000  -45.0000 2187.9353   15.7094
    7.5000  -45.0000  -45.0000 2173.2905   15.8102
   -7.5000  -37.5000  -45.0000 2235.7297   14.7434
    0.0000  -37.5000  -45.0000 2243.2881   14.7027
    7.5000  -37.5000  -45.0000 2229.4236   14.7946
   -7.5000  -30.0000  -45.0000 2281.9104   13.9417
    0.0000  -30.0000  -45.0000 2290.7322   13.8857
    7.5000  -30.0000  -45.0000 2273.4395   13.9829
   -7.5000  -22.5000  -45.0000 2312.6113   13.3501
    0.0000  -22.5000  -45.0000 2325.3130   13.2587
    7.5000  -22.5000  -45.0000 2311.2412   13.3688
   -7.5000  -15.0000  -45.0000 2331.6611   12.9095
    0.0000  -15.0000  -45.0000 2349.7673   12.8234
    7.5000  -15.0000  -45.0000 2331.1123   12.9300
   -7.5000   -7.5000  -45.0000 2350.5901   12.6914
    0.0000   -7.5000  -45.0000 2366.8445   12.5730
    7.5000   -7.5000  -45.0000 2346.4712   12.6613
   -7.5000    0.0000  -45.0000 2347.2893   12.7157
    0.0000    0.0000  -45.0000 2363.9797   12.5596
    7.5000    0.0000  -45.0000 2343.8340   12.6484
   -7.5000    7.5000  -45.0000 2323.5098   12.9450
    0.0000    7.5000  -45.0000 2342.7498   12.7836
    7.5000    7.5000  -45.0000 2324.6121   12.9047
   -7.5000   15.0000  -45.0000 2278.1716   13.4257
    0.0000   15.0000  -45.0000 2299.6431   13.2794
    7.5000   15.0000  -45.0000 2285.7122   13.4057
   -7.5000   22.5000  -45.0000 2222.3154   14.1712
    0.0000   22.5000  -45.0000 2240.0081   14.0131
    7.5000   22.5000  -45.0000 2221.5947   14.1306
   -7.5000   30.0000  -45.0000 2147.8101   15.2217
    0.0000   30.0000  -45.0000 2164.2107   15.0344
    7.5000   30.0000  -45.0000 2151.4604   15.1390
   -7.5000   37.5000  -45.0000 2063.6619   16.6414
    0.0000   37.5000  -45.0000 2081.6987   16.4510
    7.5000   37.5000  -45.0000 2066.2346   16.5391
   -7.5000   45.0000  -45.0000 1971.1295   18.5618
    0.0000   45.0000  -45.0000 1983.6835   18.3889
    7.5000   45.0000  -45.0000 1964.8643   18.4556
   -7.5000  -45.0000  -37.5000 2264.5125   14.5736
    0.0000  -45.0000  -37.5000 2271.6113   14.5441
    7.5000  -45.0000  -37.5000 2256.8525   14.6357
   -7.5000  -37.5000  -37.5000 2323.6719   13.6477
    0.0000  -37.5000  -37.5000 2334.4526   13.6267
    7.5000  -37.5000  -37.5000 2318.8975   13.7219
   -7.5000  -30.0000  -37.5000 2369.8730   12.9111
    0.0000  -30.0000  -37.5000 2382.8699   12.8772
    7.5000  -30.0000  -37.5000 2364.9368   12.9855
   -7.5000  -22.5000  -37.5000 2404.8577   12.3767
    0.0000  -22.5000  -37.5000 2417.0999   12.3178
    7.5000  -22.5000  -37.5000 2401.0010   12.4241
   -7.5000  -15.0000  -37.5000 2422.7327   12.0219
    0.0000  -15.0000  -37.5000 2439.8523   11.9087
    7.5000  -15.0000  -37.5000 2419.8767   12.0180
   -7.5000   -7.5000  -37.5000 2440.1831   11.8076
    0.0000   -7.5000  -37.5000 2458.0100   11.6712
    7.5000   -7.5000  -37.5000 2435.5183   11.7838
   -7.5000    0.0000  -37.5000 2440.6858   11.8069
    0.0000    0.0000  -37.5000 2459.4651   11.6547
    7.5000    0.0000  -37.5000 2435.9023   11.7554
   -7.5000    7.5000  -37.5000 2419.7683   12.0069
    0.0000    7.5000  -37.5000 2438.4058   11.8498
    7.5000    7.5000  -37.5000 2418.3149   11.9684
   -7.5000   15.0000  -37.5000 2373.3828   12.4482
    0.0000   15.0000  -37.5000 2395.5703   12.2902
    7.5000   15.0000  -37.5000 2379.0452   12.4341
   -7.5000   22.5000  -37.5000 2313.1404   13.1056
    0.0000   22.5000  -37.5000 2330.9902   12.9577
    7.5000   22.5000  -37.5000 2310.8250   13.1080
   -7.5000   30.0000  -37.5000 2230.4766   14.0607
    0.0000   30.0000  -37.5000 2247.3962   13.8851
    7.5000   30.0000  -37.5000 2233.8218   14.0056
   -7.5000   37.5000  -37.5000 2139.3057   15.3432
    0.0000   37.5000  -37.5000 2153.4553   15.1573
    7.5000   37.5000  -37.5000 2138.7258   15.2726
   -7.5000   45.0000  -37.5000 2040.0862   17.1088
    0.0000   45.0000  -37.5000 2053.3596   16.9135
    7.5000   45.0000  -37.5000 2034.2316   16.9783
   -7.5000  -45.0000  -30.0000 2394.9497   14.0068
    0.0000  -45.0000  -30.0000 2403.3560   13.9723
    7.5000  -45.0000  -30.0000 2384.7715   14.0745
   -7.5000  -37.5000  -30.0000 2459.7163   13.0929
    0.0000  -37.5000  -30.0000 2468.5996   13.0744
    7.5000  -37.5000  -30.0000 2449.2427   13.1845
   -7.5000  -30.0000  -30.0000 2505.1143   12.4210
    0.0000  -30.0000  -30.0000 2514.7283   12.3633
    7.5000  -30.0000  -30.0000 2495.8379   12.4752
   -7.5000  -22.5000  -30.0000 2547.6296   11.9094
    0.0000  -22.5000  -30.0000 2558.8079   11.8375
    7.5000  -22.5000  -30.0000 2538.6484   11.9411
   -7.5000  -15.0000  -30.0000 2571.6196   11.5852
    0.0000  -15.0000  -30.0000 2589.2847   11.4716
    7.5000  -15.0000  -30.0000 2569.2991   11.5729
   -7.5000   -7.5000  -30.0000 2589.4006   11.3864
    0.0000   -7.5000  -30.0000 2602.9685   11.2607
    7.5000   -7.5000  -30.0000 2579.3560   11.3856
   -7.5000    0.0000  -30.0000 2585.1157   11.3849
    0.0000    0.0000  -30.0000 2605.9460   11.2408
    7.5000    0.0000  -30.0000 2579.1357   11.3507
   -7.5000    7.5000  -30.0000 2563.8237   11.5755
    0.0000    7.5000  -30.0000 2584.0017   11.4164
    7.5000    7.5000  -30.0000 2563.7773   11.5414
   -7.5000   15.0000  -30.0000 2519.4265   11.9701
    0.0000   15.0000  -30.0000 2543.1904   11.8231
    7.5000   15.0000  -30.0000 2523.9146   11.9552
   -7.5000   22.5000  -30.0000 2453.0469   12.5684
    0.0000   22.5000  -30.0000 2473.1477   12.4212
    7.5000   22.5000  -30.0000 2452.1338   12.5714
   -7.5000   30.0000  -30.0000 2362.7732   13.4811
    0.0000   30.0000  -30.0000 2379.8845   13.3104
    7.5000   30.0000  -30.0000 2363.1484   13.4292
   -7.5000   37.5000  -30.0000 2262.2275   14.6983
    0.0000   37.5000  -30.0000 2275.4763   14.5052
    7.5000   37.5000  -30.0000 2260.5176   14.6286
   -7.5000   45.0000  -30.0000 2153.8350   16.3364
    0.0000   45.0000  -30.0000 2162.6089   16.1400
    7.5000   45.0000  -30.0000 2146.6187   16.2225
   -7.5000  -45.0000  -22.5000 2488.7810   13.4331
    0.0000  -45.0000  -22.5000 2500.7334   13.3712
    7.5000  -45.0000  -22.5000 2480.8965   13.4813
   -7.5000  -37.5000  -22.5000 2556.6711   12.5356
    0.0000  -37.5000  -22.5000 2569.5986   12.4559
    7.5000  -37.5000  -22.5000 2547.9744   12.5826
   -7.5000  -30.0000  -22.5000 2607.2766   11.8495
    0.0000  -30.0000  -22.5000 2622.2961   11.7735
    7.5000  -30.0000  -22.5000 2602.0913   11.8776
   -7.5000  -22.5000  -22.5000 2656.4099   11.3816
    0.0000  -22.5000  -22.5000 2672.7166   11.2810
    7.5000  -22.5000  -22.5000 2648.8987   11.3825
   -7.5000  -15.0000  -22.5000 2686.5576   11.0695
    0.0000  -15.0000  -22.5000 2708.1973   10.9576
    7.5000  -15.0000  -22.5000 2684.2803   11.0460
   -7.5000   -7.5000  -22.5000 2706.3203   10.8886
    0.0000   -7.5000  -22.5000 2727.0588   10.7725
    7.5000   -7.5000  -22.5000 2699.6975   10.8858
   -7.5000    0.0000  -22.5000 2706.2979   10.8789
    0.0000    0.0000  -22.5000 2730.7139   10.7527
    7.5000    0.0000  -22.5000 2701.9993   10.8604
   -7.5000    7.5000  -22.5000 2684.7378   11.0681
    0.0000    7.5000  -22.5000 2710.5637   10.9480
    7.5000    7.5000  -22.5000 2686.5588   11.0467
   -7.5000   15.0000  -22.5000 2638.1931   11.4332
    0.0000   15.0000  -22.5000 2665.0696   11.2993
    7.5000   15.0000  -22.5000 2639.7324   11.4267
   -7.5000   22.5000  -22.5000 2567.2468   11.9930
    0.0000   22.5000  -22.5000 2590.4075   11.8530
    7.5000   22.5000  -22.5000 2564.5125   11.9934
   -7.5000   30.0000  -22.5000 2468.1697   12.8376
    0.0000   30.0000  -22.5000 2488.5359   12.6729
    7.5000   30.0000  -22.5000 2467.3557   12.8036
   -7.5000   37.5000  -22.5000 2361.1135   14.0093
    0.0000   37.5000  -22.5000 2375.8535   13.8305
    7.5000   37.5000  -22.5000 2360.7117   13.9431
   -7.5000   45.0000  -22.5000 2241.6638   15.5977
    0.0000   45.0000  -22.5000 2249.6221   15.3582
    7.5000   45.0000  -22.5000 2234.7771   15.4570
   -7.5000  -45.0000  -15.0000 2548.6760   12.9524
    0.0000  -45.0000  -15.0000 2562.0896   12.8813
    7.5000  -45.0000  -15.0000 2543.8528   13.0119
   -7.5000  -37.5000  -15.0000 2615.8269   12.0395
    0.0000  -37.5000  -15.0000 2631.4446   11.9575
    7.5000  -37.5000  -15.0000 2614.1167   12.0764
   -7.5000  -30.0000  -15.0000 2675.9731   11.3288
    0.0000  -30.0000  -15.0000 2695.0022   11.2506
    7.5000  -30.0000  -15.0000 2676.4827   11.3604
   -7.5000  -22.5000  -15.0000 2732.3472   10.8704
    0.0000  -22.5000  -15.0000 2753.1707   10.7705
    7.5000  -22.5000  -15.0000 2729.1387   10.8725
   -7.5000  -15.0000  -15.0000 2770.4111   10.5614
    0.0000  -15.0000  -15.0000 2791.9956   10.4522
    7.5000  -15.0000  -15.0000 2767.7295   10.5537
   -7.5000   -7.5000  -15.0000 2793.5959   10.3935
    0.0000   -7.5000  -15.0000 2821.9812   10.2862
    7.5000   -7.5000  -15.0000 2788.7078   10.3803
   -7.5000    0.0000  -15.0000 2804.3704   10.3773
    0.0000    0.0000  -15.0000 2832.3035   10.2526
    7.5000    0.0000  -15.0000 2794.0588   10.3484
   -7.5000    7.5000  -15.0000 2781.7065   10.5645
    0.0000    7.5000  -15.0000 2811.5811   10.4576
    7.5000    7.5000  -15.0000 2779.1292   10.5416
   -7.5000   15.0000  -15.0000 2726.4707   10.9225
    0.0000   15.0000  -15.0000 2757.2029   10.7966
    7.5000   15.0000  -15.0000 2728.0964   10.8859
   -7.5000   22.5000  -15.0000 2649.3149   11.4448
    0.0000   22.5000  -15.0000 2676.5093   11.3071
    7.5000   22.5000  -15.0000 2649.1909   11.4229
   -7.5000   30.0000  -15.0000 2545.3293   12.2486
    0.0000   30.0000  -15.0000 2569.2708   12.0839
    7.5000   30.0000  -15.0000 2546.5767   12.2032
   -7.5000   37.5000  -15.0000 2427.5420   13.3907
    0.0000   37.5000  -15.0000 2447.6357   13.2126
    7.5000   37.5000  -15.0000 2429.8872   13.3170
   -7.5000   45.0000  -15.0000 2298.9651   14.9063
    0.0000   45.0000  -15.0000 2312.8811   14.6845
    7.5000   45.0000  -15.0000 2300.6021   14.7922
   -7.5000  -45.0000   -7.5000 2576.1824   12.5296
    0.0000  -45.0000   -7.5000 2594.1045   12.4348
    7.5000  -45.0000   -7.5000 2573.6423   12.5903
   -7.5000  -37.5000   -7.5000 2648.4194   11.6027
    0.0000  -37.5000   -7.5000 2670.8577   11.4966
    7.5000  -37.5000   -7.5000 2652.5776   11.6464
   -7.5000  -30.0000   -7.5000 2719.6133   10.8939
    0.0000  -30.0000   -7.5000 2738.5195   10.8039
    7.5000  -30.0000   -7.5000 2722.4880   10.9372
   -7.5000  -22.5000   -7.5000 2783.0042   10.4095
    0.0000  -22.5000   -7.5000 2804.8770   10.3128
    7.5000  -22.5000   -7.5000 2783.2498   10.4259
   -7.5000  -15.0000   -7.5000 2829.2366   10.1051
    0.0000  -15.0000   -7.5000 2854.7048   10.0212
    7.5000  -15.0000   -7.5000 2829.1946   10.1135
   -7.5000   -7.5000   -7.5000 2859.7329    9.9491
    0.0000   -7.5000   -7.5000 2891.1980    9.8633
    7.5000   -7.5000   -7.5000 2863.0122    9.9440
   -7.5000    0.0000   -7.5000 2873.2048    9.9156
    0.0000    0.0000   -7.5000 2910.9136    9.7860
    7.5000    0.0000   -7.5000 2869.6426    9.9103
   -7.5000    7.5000   -7.5000 2856.4648   10.0931
    0.0000    7.5000   -7.5000 2890.0559    9.9743
    7.5000    7.5000   -7.5000 2851.1787   10.0697
   -7.5000   15.0000   -7.5000 2797.1646   10.4384
    0.0000   15.0000   -7.5000 2827.8567   10.3321
    7.5000   15.0000   -7.5000 2797.4365   10.4157
   -7.5000   22.5000   -7.5000 2709.9236   10.9537
    0.0000   22.5000   -7.5000 2740.1316   10.8130
    7.5000   22.5000   -7.5000 2708.5676   10.9406
   -7.5000   30.0000   -7.5000 2596.7734   11.7237
    0.0000   30.0000   -7.5000 2622.9482   11.5481
    7.5000   30.0000   -7.5000 2599.2400   11.6967
   -7.5000   37.5000   -7.5000 2470.0674   12.8418
    0.0000   37.5000   -7.5000 2494.6917   12.6481
    7.5000   37.5000   -7.5000 2472.9680   12.7885
   -7.5000   45.0000   -7.5000 2338.6614   14.3033
    0.0000   45.0000   -7.5000 2358.0308   14.0932
    7.5000   45.0000   -7.5000 2337.2000   14.2430
   -7.5000  -45.0000    0.0000 2585.9277   12.2837
    0.0000  -45.0000    0.0000 2604.8408   12.1680
    7.5000  -45.0000    0.0000 2586.5398   12.3770
   -7.5000  -37.5000    0.0000 2663.6179   11.3358
    0.0000  -37.5000    0.0000 2686.4766   11.2228
    7.5000  -37.5000    0.0000 2666.2485   11.4129
   -7.5000  -30.0000    0.0000 2740.7715   10.6123
    0.0000  -30.0000    0.0000 2762.3049   10.5108
    7.5000  -30.0000    0.0000 2739.9397   10.6607
   -7.5000  -22.5000    0.0000 2810.6016   10.1143
    0.0000  -22.5000    0.0000 2833.7139    9.9825
    7.5000  -22.5000    0.0000 2808.7520   10.1174
   -7.5000  -15.0000    0.0000 2867.9897    9.8132
    0.0000  -15.0000    0.0000 2896.4900    9.6957
    7.5000  -15.0000    0.0000 2867.7693    9.8033
   -7.5000   -7.5000    0.0000 2908.6062    9.6670
    0.0000   -7.5000    0.0000 2948.5015    9.5764
    7.5000   -7.5000    0.0000 2915.6892    9.6589
   -7.5000    0.0000    0.0000 2928.2498    9.6332
    0.0000    0.0000    0.0000 2965.7349    9.5114
    7.5000    0.0000    0.0000 2925.1121    9.6243
   -7.5000    7.5000    0.0000 2909.8577    9.7724
    0.0000    7.5000    0.0000 2944.8196    9.6398
    7.5000    7.5000    0.0000 2899.6731    9.7689
   -7.5000   15.0000    0.0000 2844.8625   10.1091
    0.0000   15.0000    0.0000 2873.9541    9.9727
    7.5000   15.0000    0.0000 2834.8550   10.1149
   -7.5000   22.5000    0.0000 2747.5088   10.6419
    0.0000   22.5000    0.0000 2778.4224   10.4762
    7.5000   22.5000    0.0000 2743.9597   10.6292
   -7.5000   30.0000    0.0000 2624.2351   11.4020
    0.0000   30.0000    0.0000 2653.7842   11.2290
    7.5000   30.0000    0.0000 2625.8164   11.3702
   -7.5000   37.5000    0.0000 2494.3469   12.4785
    0.0000   37.5000    0.0000 2516.9346   12.3048
    7.5000   37.5000    0.0000 2494.9314   12.4291
   -7.5000   45.0000    0.0000 2356.6326   13.9321
    0.0000   45.0000    0.0000 2374.6335   13.7469
    7.5000   45.0000    0.0000 2356.5654   13.8433
   -7.5000  -45.0000    7.5000 2576.3425   12.2456
    0.0000  -45.0000    7.5000 2595.0596   12.1171
    7.5000  -45.0000    7.5000 2576.4878   12.3274
   -7.5000  -37.5000    7.5000 2657.8486   11.2395
    0.0000  -37.5000    7.5000 2678.9609   11.1214
    7.5000  -37.5000    7.5000 2658.8777   11.3246
   -7.5000  -30.0000    7.5000 2740.6821   10.4924
    0.0000  -30.0000    7.5000 2761.4448   10.3719
    7.5000  -30.0000    7.5000 2738.4866   10.5583
   -7.5000  -22.5000    7.5000 2818.7927    9.9727
    0.0000  -22.5000    7.5000 2841.8047    9.8283
    7.5000  -22.5000    7.5000 2815.5786   10.0014
   -7.5000  -15.0000    7.5000 2884.6848    9.6688
    0.0000  -15.0000    7.5000 2915.3467    9.5298
    7.5000  -15.0000    7.5000 2884.5791    9.6747
   -7.5000   -7.5000    7.5000 2935.0298    9.5564
    0.0000   -7.5000    7.5000 2976.3459    9.4526
    7.5000   -7.5000    7.5000 2936.8967    9.5449
   -7.5000    0.0000    7.5000 2952.4438    9.5391
    0.0000    0.0000    7.5000 2999.0298    9.4171
    7.5000    0.0000    7.5000 2952.8088    9.5048
   -7.5000    7.5000    7.5000 2928.0452    9.6493
    0.0000    7.5000    7.5000 2967.6860    9.5016
    7.5000    7.5000    7.5000 2925.3550    9.6180
   -7.5000   15.0000    7.5000 2860.5588    9.9711
    0.0000   15.0000    7.5000 2893.7922    9.8015
    7.5000   15.0000    7.5000 2852.6484    9.9614
   -7.5000   22.5000    7.5000 2757.1946   10.5138
    0.0000   22.5000    7.5000 2785.4644   10.3610
    7.5000   22.5000    7.5000 2754.6782   10.5059
   -7.5000   30.0000    7.5000 2632.5461   11.2798
    0.0000   30.0000    7.5000 2655.3469   11.1409
    7.5000   30.0000    7.5000 2636.7212   11.2438
   -7.5000   37.5000    7.5000 2497.5315   12.3288
    0.0000   37.5000    7.5000 2515.3577   12.1669
    7.5000   37.5000    7.5000 2504.7087   12.2687
   -7.5000   45.0000    7.5000 2357.1665   13.7281
    0.0000   45.0000    7.5000 2375.0625   13.5617
    7.5000   45.0000    7.5000 2360.7529   13.6535
   -7.5000  -45.0000   15.0000 2555.3362   12.3442
    0.0000  -45.0000   15.0000 2579.8508   12.2017
    7.5000  -45.0000   15.0000 2553.6604   12.4234
   -7.5000  -37.5000   15.0000 2640.8247   11.3303
    0.0000  -37.5000   15.0000 2661.4580   11.1839
    7.5000  -37.5000   15.0000 2635.6421   11.3958
   -7.5000  -30.0000   15.0000 2719.2183   10.5791
    0.0000  -30.0000   15.0000 2740.0837   10.4231
    7.5000  -30.0000   15.0000 2716.3457   10.6179
   -7.5000  -22.5000   15.0000 2801.1782   10.0431
    0.0000  -22.5000   15.0000 2824.3250    9.8841
    7.5000  -22.5000   15.0000 2800.2490   10.0498
   -7.5000  -15.0000   15.0000 2870.9414    9.7337
    0.0000  -15.0000   15.0000 2901.2061    9.5882
    7.5000  -15.0000   15.0000 2874.4651    9.7191
   -7.5000   -7.5000   15.0000 2924.1707    9.5854
    0.0000   -7.5000   15.0000 2964.2292    9.4824
    7.5000   -7.5000   15.0000 2928.1106    9.5673
   -7.5000    0.0000   15.0000 2940.2295    9.5465
    0.0000    0.0000   15.0000 2980.8564    9.3978
    7.5000    0.0000   15.0000 2941.8953    9.5127
   -7.5000    7.5000   15.0000 2909.5835    9.7113
    0.0000    7.5000   15.0000 2944.7522    9.5294
    7.5000    7.5000   15.0000 2912.1426    9.6557
   -7.5000   15.0000   15.0000 2843.1621   10.0404
    0.0000   15.0000   15.0000 2870.1614    9.8765
    7.5000   15.0000   15.0000 2836.9097   10.0059
   -7.5000   22.5000   15.0000 2739.6323   10.6028
    0.0000   22.5000   15.0000 2765.9229   10.4295
    7.5000   22.5000   15.0000 2741.5459   10.5487
   -7.5000   30.0000   15.0000 2609.7400   11.3785
    0.0000   30.0000   15.0000 2634.5020   11.1996
    7.5000   30.0000   15.0000 2623.0806   11.2973
   -7.5000   37.5000   15.0000 2480.5493   12.3884
    0.0000   37.5000   15.0000 2503.3960   12.1911
    7.5000   37.5000   15.0000 2494.3430   12.2815
   -7.5000   45.0000   15.0000 2342.0339   13.7341
    0.0000   45.0000   15.0000 2361.9248   13.5253
    7.5000   45.0000   15.0000 2350.7803   13.6002
   -7.5000  -45.0000   22.5000 2525.7153   12.6433
    0.0000  -45.0000   22.5000 2546.7129   12.5007
    7.5000  -45.0000   22.5000 2522.4761   12.7065
   -7.5000  -37.5000   22.5000 2612.8232   11.6165
    0.0000  -37.5000   22.5000 2627.5127   11.4668
    7.5000  -37.5000   22.5000 2604.9036   11.6441
   -7.5000  -30.0000   22.5000 2685.1902   10.8423
    0.0000  -30.0000   22.5000 2704.6064   10.6894
    7.5000  -30.0000   22.5000 2684.0281   10.8574
   -7.5000  -22.5000   22.5000 2763.2429   10.2854
    0.0000  -22.5000   22.5000 2785.0083   10.1311
    7.5000  -22.5000   22.5000 2762.2832   10.2806
   -7.5000  -15.0000   22.5000 2831.3813    9.9771
    0.0000  -15.0000   22.5000 2863.8904    9.8156
    7.5000  -15.0000   22.5000 2839.0730    9.9428
   -7.5000   -7.5000   22.5000 2882.9758    9.8191
    0.0000   -7.5000   22.5000 2921.0139    9.6598
    7.5000   -7.5000   22.5000 2890.4504    9.7836
   -7.5000    0.0000   22.5000 2898.7117    9.7814
    0.0000    0.0000   22.5000 2933.8210    9.5611
    7.5000    0.0000   22.5000 2903.2588    9.7224
   -7.5000    7.5000   22.5000 2874.1152    9.9271
    0.0000    7.5000   22.5000 2904.3303    9.7400
    7.5000    7.5000   22.5000 2877.2791    9.8855
   -7.5000   15.0000   22.5000 2805.3560   10.2794
    0.0000   15.0000   22.5000 2828.2964   10.1101
    7.5000   15.0000   22.5000 2803.8809   10.2537
   -7.5000   22.5000   22.5000 2703.6101   10.8505
    0.0000   22.5000   22.5000 2728.2346   10.6492
    7.5000   22.5000   22.5000 2708.7778   10.7883
   -7.5000   30.0000   22.5000 2575.2153   11.6411
    0.0000   30.0000   22.5000 2600.1738   11.4330
    7.5000   30.0000   22.5000 2589.0801   11.5568
   -7.5000   37.5000   22.5000 2447.0706   12.6650
    0.0000   37.5000   22.5000 2468.8264   12.4540
    7.5000   37.5000   22.5000 2462.2517   12.5222
   -7.5000   45.0000   22.5000 2313.0571   13.9696
    0.0000   45.0000   22.5000 2331.7812   13.7456
    7.5000   45.0000   22.5000 2322.7388   13.7892
   -7.5000  -45.0000   30.0000 2485.0903   13.1168
    0.0000  -45.0000   30.0000 2505.9080   12.9319
    7.5000  -45.0000   30.0000 2482.1929   13.1344
   -7.5000  -37.5000   30.0000 2570.1704   12.0516
    0.0000  -37.5000   30.0000 2589.0786   11.8846
    7.5000  -37.5000   30.0000 2566.1792   12.0684
   -7.5000  -30.0000   30.0000 2641.7891   11.2445
    0.0000  -30.0000   30.0000 2663.1536   11.0713
    7.5000  -30.0000   30.0000 2640.8015   11.2656
   -7.5000  -22.5000   30.0000 2713.8901   10.7075
    0.0000  -22.5000   30.0000 2735.0938   10.5241
    7.5000  -22.5000   30.0000 2716.5242   10.6883
   -7.5000  -15.0000   30.0000 2775.6238   10.4044
    0.0000  -15.0000   30.0000 2805.9573   10.2302
    7.5000  -15.0000   30.0000 2786.8394   10.3612
   -7.5000   -7.5000   30.0000 2823.3892   10.2433
    0.0000   -7.5000   30.0000 2858.8350   10.0410
    7.5000   -7.5000   30.0000 2831.6682   10.1839
   -7.5000    0.0000   30.0000 2832.8218   10.2197
    0.0000    0.0000   30.0000 2864.8188    9.9982
    7.5000    0.0000   30.0000 2841.6904   10.1584
   -7.5000    7.5000   30.0000 2803.7075   10.3792
    0.0000    7.5000   30.0000 2834.0872   10.1944
    7.5000    7.5000   30.0000 2810.3330   10.3325
   -7.5000   15.0000   30.0000 2742.3816   10.7123
    0.0000   15.0000   30.0000 2767.3484   10.5355
    7.5000   15.0000   30.0000 2747.3667   10.6755
   -7.5000   22.5000   30.0000 2651.0930   11.2425
    0.0000   22.5000   30.0000 2671.7776   11.0535
    7.5000   22.5000   30.0000 2658.4141   11.1986
   -7.5000   30.0000   30.0000 2536.2744   11.9912
    0.0000   30.0000   30.0000 2560.4368   11.7783
    7.5000   30.0000   30.0000 2548.3447   11.9173
   -7.5000   37.5000   30.0000 2404.5037   13.0288
    0.0000   37.5000   30.0000 2428.8049   12.8009
    7.5000   37.5000   30.0000 2423.6440   12.8848
   -7.5000   45.0000   30.0000 2270.3396   14.3065
    0.0000   45.0000   30.0000 2289.5374   14.0779
    7.5000   45.0000   30.0000 2288.0613   14.1285
   -7.5000  -45.0000   37.5000 2436.5503   13.7494
    0.0000  -45.0000   37.5000 2458.3713   13.5489
    7.5000  -45.0000   37.5000 2438.0503   13.7492
   -7.5000  -37.5000   37.5000 2520.4565   12.6491
    0.0000  -37.5000   37.5000 2542.1179   12.4538
    7.5000  -37.5000   37.5000 2520.9004   12.6425
   -7.5000  -30.0000   37.5000 2591.5098   11.8331
    0.0000  -30.0000   37.5000 2612.0303   11.6321
    7.5000  -30.0000   37.5000 2588.3118   11.8150
   -7.5000  -22.5000   37.5000 2655.9187   11.2882
    0.0000  -22.5000   37.5000 2680.7371   11.0887
    7.5000  -22.5000   37.5000 2657.8354   11.2464
   -7.5000  -15.0000   37.5000 2712.4138   10.9823
    0.0000  -15.0000   37.5000 2743.6357   10.7832
    7.5000  -15.0000   37.5000 2719.3306   10.9158
   -7.5000   -7.5000   37.5000 2747.2917   10.8171
    0.0000   -7.5000   37.5000 2781.6733   10.5856
    7.5000   -7.5000   37.5000 2756.9185   10.7413
   -7.5000    0.0000   37.5000 2751.6943   10.8123
    0.0000    0.0000   37.5000 2780.8533   10.5972
    7.5000    0.0000   37.5000 2759.8958   10.7505
   -7.5000    7.5000   37.5000 2719.0566   10.9858
    0.0000    7.5000   37.5000 2745.9556   10.8034
    7.5000    7.5000   37.5000 2727.8713   10.9338
   -7.5000   15.0000   37.5000 2659.4802   11.3213
    0.0000   15.0000   37.5000 2685.0330   11.1488
    7.5000   15.0000   37.5000 2671.1948   11.2813
   -7.5000   22.5000   37.5000 2579.9187   11.8294
    0.0000   22.5000   37.5000 2603.6501   11.6421
    7.5000   22.5000   37.5000 2590.7778   11.7908
   -7.5000   30.0000   37.5000 2481.9163   12.5188
    0.0000   30.0000   37.5000 2504.1887   12.3131
    7.5000   30.0000   37.5000 2491.3784   12.4520
   -7.5000   37.5000   37.5000 2359.6165   13.4988
    0.0000   37.5000   37.5000 2381.3535   13.2840
    7.5000   37.5000   37.5000 2375.9119   13.3885
   -7.5000   45.0000   37.5000 2224.1052   14.7820
    0.0000   45.0000   37.5000 2244.9790   14.5592
    7.5000   45.0000   37.5000 2239.8594   14.6303
   -7.5000  -45.0000   45.0000 2384.6714   14.5569
    0.0000  -45.0000   45.0000 2401.8975   14.3738
    7.5000  -45.0000   45.0000 2385.8196   14.5405
   -7.5000  -37.5000   45.0000 2464.1384   13.4019
    0.0000  -37.5000   45.0000 2483.9766   13.2187
    7.5000  -37.5000   45.0000 2467.3601   13.4062
   -7.5000  -30.0000   45.0000 2534.5471   12.5579
    0.0000  -30.0000   45.0000 2553.8354   12.3755
    7.5000  -30.0000   45.0000 2531.2996   12.5509
   -7.5000  -22.5000   45.0000 2588.3196   12.0187
    0.0000  -22.5000   45.0000 2614.9753   11.8268
    7.5000  -22.5000   45.0000 2590.0134   11.9706
   -7.5000  -15.0000   45.0000 2637.6047   11.7009
    0.0000  -15.0000   45.0000 2667.3882   11.4889
    7.5000  -15.0000   45.0000 2640.8516   11.6177
   -7.5000   -7.5000   45.0000 2660.9243   11.5304
    0.0000   -7.5000   45.0000 2691.9763   11.3251
    7.5000   -7.5000   45.0000 2666.1470   11.4568
   -7.5000    0.0000   45.0000 2658.7192   11.5584
    0.0000    0.0000   45.0000 2683.2749   11.3716
    7.5000    0.0000   45.0000 2663.8027   11.4986
   -7.5000    7.5000   45.0000 2623.8254   11.7335
    0.0000    7.5000   45.0000 2647.4177   11.5613
    7.5000    7.5000   45.0000 2636.3936   11.6886
   -7.5000   15.0000   45.0000 2568.9885   12.0672
    0.0000   15.0000   45.0000 2589.2083   11.9039
    7.5000   15.0000   45.0000 2579.2688   12.0437
   -7.5000   22.5000   45.0000 2497.8401   12.5664
    0.0000   22.5000   45.0000 2520.2703   12.3836
    7.5000   22.5000   45.0000 2507.0459   12.5185
   -7.5000   30.0000   45.0000 2413.4614   13.2085
    0.0000   30.0000   45.0000 2436.8418   13.0142
    7.5000   30.0000   45.0000 2420.0122   13.1435
   -7.5000   37.5000   45.0000 2304.8240   14.1240
    0.0000   37.5000   45.0000 2324.7473   13.9432
    7.5000   37.5000   45.0000 2314.5496   14.0383
   -7.5000   45.0000   45.0000 2174.1858   15.4257
    0.0000   45.0000   45.0000 2191.8730   15.2411
    7.5000   45.0000   45.0000 2181.2131   15.2971

---------------------------------------------------------------------
imgreg_4dfp /opt/freesurfer/average/711-2C_as_mni_average_305 /opt/freesurfer/average/711-2B_as_mni_average_305_mask talsrcimg_g11 none talsrcimg_to_711-2C_as_mni_average_305_t4 1283
---------------------------------------------------------------------

freesurfer imgreg_4dfp.c
/opt/freesurfer/average/711-2C_as_mni_average_305.4dfp.img
       256       256       256         1
  1.000000  1.000000  1.000000
orientation T byte_order littleendian
Reading image: /opt/freesurfer/average/711-2C_as_mni_average_305.4dfp.img
dimensions:      256       256       256
mmppix:       1.0000   -1.0000   -1.0000
center:     128.0000 -129.0000 -129.0000
/opt/freesurfer/average/711-2B_as_mni_average_305_mask.4dfp.img
       256       256       256         1
  1.000000  1.000000  1.000000
orientation T byte_order littleendian
Reading mask: /opt/freesurfer/average/711-2B_as_mni_average_305_mask.4dfp.img (2306576 pixels)
talsrcimg_g11.4dfp.img
       256       256       256         1
  1.000000  1.000000  1.000000
orientation T byte_order littleendian
Reading image: talsrcimg_g11.4dfp.img
dimensions:      256       256       256
mmppix:       1.0000   -1.0000   -1.0000
center:     128.0000 -129.0000 -129.0000
rotation matrix determinant  1.000000
fimgreg.f
image alignment mode   1283 decimal      503 hex
parameters
    0.0000    0.0000    7.5000    0.0000    0.0000    0.0000
eta,q 0.93992  9.45823
niter,ni,del,rscale     5    3   12.0000    1.2000
parameter  4  2.759532 ->  0.500000 qaram    1.1500
parameters
   -0.0839   -0.4195    9.5916   -3.4500    1.1070    2.7264
eta,q 0.94939  9.32999
  0.0717  0.0659  0.0657  0.0500  0.0597  0.0601
  0.0654  0.0626  0.0633  0.0513  0.0562  0.0573
  0.0611  0.0601  0.0608  0.0544  0.0537  0.0541
  0.0594  0.0594  0.0592  0.0585  0.0520  0.0517
  0.0612  0.0606  0.0585  0.0629  0.0520  0.0507
  0.0660  0.0639  0.0587  0.0672  0.0536  0.0510
  0.0723  0.0683  0.0607  0.0709  0.0557  0.0526
niter,ni,del,rscale     5    3   12.0000    1.2000
parameter  4  1.174877 ->  0.500000 qaram    1.3225
parameters
    0.1564   -0.1769    9.0814   -7.4175    1.5376    3.3865
eta,q 0.95321  9.36486
  0.0646  0.0628  0.0560  0.0455  0.0540  0.0530
  0.0584  0.0577  0.0532  0.0467  0.0507  0.0505
  0.0533  0.0529  0.0514  0.0480  0.0484  0.0482
  0.0506  0.0506  0.0506  0.0506  0.0470  0.0469
  0.0521  0.0523  0.0519  0.0548  0.0474  0.0470
  0.0562  0.0566  0.0548  0.0596  0.0494  0.0485
  0.0632  0.0611  0.0581  0.0643  0.0525  0.0512
niter,ni,del,rscale     5    3   12.0000    1.2000
parameter  4  0.815460 ->  0.500000 qaram    1.5209
parameters
   -0.0457    0.7570    8.2611  -11.9801    1.6171    3.0906
eta,q 0.95717  9.37698
  0.0601  0.0605  0.0518  0.0433  0.0493  0.0483
  0.0535  0.0542  0.0489  0.0427  0.0460  0.0457
  0.0489  0.0493  0.0467  0.0439  0.0438  0.0433
  0.0468  0.0468  0.0465  0.0463  0.0429  0.0429
  0.0491  0.0468  0.0483  0.0495  0.0435  0.0441
  0.0547  0.0497  0.0514  0.0537  0.0459  0.0463
  0.0622  0.0542  0.0556  0.0589  0.0490  0.0494
niter,ni,del,rscale     5    3   12.0000    1.2000
parameters
   -0.3606    2.1040    7.3728  -15.0333    2.4874    2.2932
eta,q 0.95942  9.41124
  0.0565  0.0580  0.0481  0.0448  0.0502  0.0455
  0.0495  0.0520  0.0442  0.0426  0.0461  0.0428
  0.0447  0.0464  0.0423  0.0412  0.0432  0.0408
  0.0428  0.0428  0.0425  0.0421  0.0412  0.0408
  0.0457  0.0428  0.0444  0.0449  0.0412  0.0425
  0.0519  0.0453  0.0479  0.0497  0.0435  0.0450
  0.0594  0.0492  0.0520  0.0549  0.0464  0.0484
niter,ni,del,rscale     4    3   12.0000    1.2000
parameters
   -0.9608    3.1900    7.0965  -16.5401    3.6852    1.5528
eta,q 0.96068  9.40459
  0.0543  0.0547  0.0490  0.0465  0.0498  0.0441
  0.0467  0.0481  0.0445  0.0421  0.0458  0.0416
  0.0419  0.0428  0.0414  0.0401  0.0424  0.0397
  0.0406  0.0405  0.0405  0.0405  0.0399  0.0395
  0.0447  0.0411  0.0426  0.0429  0.0397  0.0411
  0.0520  0.0435  0.0461  0.0463  0.0416  0.0436
  0.0598  0.0469  0.0500  0.0517  0.0447  0.0468
niter,ni,del,rscale     3    3   12.0000    1.2000
parameters
   -1.4633    3.8867    6.5879  -17.2244    4.5040    1.2950
eta,q 0.96192  9.37408
  0.0542  0.0523  0.0474  0.0482  0.0483  0.0441
  0.0455  0.0456  0.0421  0.0428  0.0442  0.0414
  0.0399  0.0411  0.0390  0.0388  0.0405  0.0390
  0.0393  0.0389  0.0388  0.0385  0.0383  0.0381
  0.0438  0.0396  0.0414  0.0417  0.0386  0.0392
  0.0506  0.0428  0.0453  0.0453  0.0410  0.0419
  0.0580  0.0470  0.0494  0.0503  0.0444  0.0454
niter,ni,del,rscale     2    3   12.0000    1.2000
parameters
   -1.7194    4.1065    6.4094  -17.5450    4.8243    1.2758
eta,q 0.96225  9.36160
  0.0550  0.0504  0.0485  0.0487  0.0471  0.0443
  0.0454  0.0439  0.0423  0.0439  0.0430  0.0415
  0.0394  0.0396  0.0384  0.0392  0.0394  0.0390
  0.0381  0.0379  0.0379  0.0378  0.0377  0.0377
  0.0424  0.0393  0.0403  0.0409  0.0388  0.0385
  0.0490  0.0435  0.0442  0.0448  0.0417  0.0412
  0.0561  0.0482  0.0485  0.0500  0.0454  0.0448
niter,ni,del,rscale     1    3   12.0000    1.2000
parameters
   -1.8069    4.1711    6.3439  -17.6857    4.9168    1.2936
eta,q 0.96234  9.35907
  0.0559  0.0500  0.0490  0.0490  0.0465  0.0444
  0.0459  0.0434  0.0425  0.0445  0.0425  0.0415
  0.0396  0.0393  0.0383  0.0397  0.0390  0.0390
  0.0377  0.0377  0.0377  0.0377  0.0376  0.0377
  0.0416  0.0394  0.0401  0.0405  0.0391  0.0384
  0.0483  0.0440  0.0439  0.0445  0.0421  0.0411
  0.0552  0.0488  0.0482  0.0498  0.0459  0.0448
registration optimization eta report
parameter search radius
    6.0000    6.0000    6.0000    9.1253    6.0000    6.0000
100000*second partial in parameter space
       48.       32.       30.       13.       23.       19.
  0.0559  0.0500  0.0490  0.0490  0.0465  0.0444
  0.0459  0.0434  0.0425  0.0445  0.0425  0.0415
  0.0396  0.0393  0.0383  0.0397  0.0390  0.0390
  0.0377  0.0377  0.0377  0.0377  0.0376  0.0377
  0.0416  0.0394  0.0401  0.0405  0.0391  0.0384
  0.0483  0.0440  0.0439  0.0445  0.0421  0.0411
  0.0552  0.0488  0.0482  0.0498  0.0459  0.0448
   -1.8069    4.1711    6.3439  -17.6857    4.9168    1.2936
eta,q 0.96234  9.35907

---------------------------------------------------------------------
imgreg_4dfp /opt/freesurfer/average/711-2C_as_mni_average_305 /opt/freesurfer/average/711-2B_as_mni_average_305_mask talsrcimg_g11 none talsrcimg_to_711-2C_as_mni_average_305_t4 3335
---------------------------------------------------------------------

freesurfer imgreg_4dfp.c
/opt/freesurfer/average/711-2C_as_mni_average_305.4dfp.img
       256       256       256         1
  1.000000  1.000000  1.000000
orientation T byte_order littleendian
Reading image: /opt/freesurfer/average/711-2C_as_mni_average_305.4dfp.img
dimensions:      256       256       256
mmppix:       1.0000   -1.0000   -1.0000
center:     128.0000 -129.0000 -129.0000
/opt/freesurfer/average/711-2B_as_mni_average_305_mask.4dfp.img
       256       256       256         1
  1.000000  1.000000  1.000000
orientation T byte_order littleendian
Reading mask: /opt/freesurfer/average/711-2B_as_mni_average_305_mask.4dfp.img (2306576 pixels)
talsrcimg_g11.4dfp.img
       256       256       256         1
  1.000000  1.000000  1.000000
orientation T byte_order littleendian
Reading image: talsrcimg_g11.4dfp.img
dimensions:      256       256       256
mmppix:       1.0000   -1.0000   -1.0000
center:     128.0000 -129.0000 -129.0000
fimgreg.f
image alignment mode   3335 decimal      D07 hex
parameters
   -1.8069    4.1711    6.3439   -0.3934   -4.6918   -5.0769
    0.4523   -8.8495    2.2492   30.1875    8.5709  -30.2678
eta,q 0.96108  9.45085
niter,ni,del,rscale     5    3    5.0000    1.2000
parameter  4  0.725448 ->  0.500000 qaram    1.1500
parameter  5  2.065897 ->  0.500000 qaram    1.1500
parameter  6  0.550440 ->  0.500000 qaram    1.1500
parameter  9 -0.644283 -> -0.500000 qaram    1.1500
parameter 10  0.840793 ->  0.500000 qaram    1.1500
parameters
   -1.5706    4.1005    5.8895   -4.5334   -8.8318   -9.2169
    0.6709   -5.9342    6.3892   26.0475    8.8434  -30.1264
eta,q 0.96868  8.85622
  0.0421  0.0407  0.0399  0.0374  0.0332  0.0342  0.0358  0.0398  0.0363  0.0312  0.0321  0.0321
  0.0405  0.0397  0.0391  0.0375  0.0343  0.0340  0.0348  0.0373  0.0351  0.0312  0.0316  0.0317
  0.0395  0.0390  0.0388  0.0379  0.0358  0.0340  0.0341  0.0353  0.0341  0.0317  0.0314  0.0314
  0.0389  0.0389  0.0389  0.0388  0.0376  0.0347  0.0339  0.0339  0.0333  0.0328  0.0313  0.0313
  0.0390  0.0392  0.0393  0.0403  0.0397  0.0363  0.0341  0.0333  0.0329  0.0343  0.0314  0.0314
  0.0397  0.0399  0.0400  0.0426  0.0420  0.0390  0.0347  0.0336  0.0328  0.0364  0.0316  0.0316
  0.0412  0.0409  0.0410  0.0456  0.0448  0.0424  0.0356  0.0346  0.0330  0.0389  0.0319  0.0321
niter,ni,del,rscale     7    3    5.0000    1.2000
parameter  5  1.322722 ->  0.500000 qaram    1.3225
parameters
   -1.3100    3.9916    5.1048   -7.3535  -13.5928  -11.9097
   -0.1979   -5.5599    6.2763   23.6044    8.4625  -29.7705
eta,q 0.97196  8.30297
  0.0345  0.0332  0.0317  0.0316  0.0281  0.0296  0.0302  0.0321  0.0306  0.0299  0.0287  0.0292
  0.0329  0.0320  0.0312  0.0311  0.0286  0.0287  0.0291  0.0303  0.0294  0.0285  0.0283  0.0286
  0.0318  0.0314  0.0311  0.0310  0.0296  0.0285  0.0285  0.0290  0.0286  0.0280  0.0281  0.0282
  0.0313  0.0313  0.0313  0.0311  0.0310  0.0288  0.0285  0.0284  0.0284  0.0284  0.0280  0.0280
  0.0314  0.0316  0.0316  0.0316  0.0328  0.0295  0.0289  0.0287  0.0287  0.0296  0.0282  0.0281
  0.0321  0.0323  0.0322  0.0326  0.0350  0.0309  0.0299  0.0297  0.0295  0.0315  0.0284  0.0284
  0.0334  0.0335  0.0330  0.0344  0.0376  0.0337  0.0312  0.0315  0.0308  0.0337  0.0288  0.0290
niter,ni,del,rscale     7    3    5.0000    1.2000
parameter  5  0.518194 ->  0.500000 qaram    1.5209
parameters
   -1.3755    4.0580    5.1725   -8.2870  -19.0679  -12.0514
   -0.7302   -5.6584    5.7764   23.7037    9.5422  -30.2241
eta,q 0.97283  8.00077
  0.0305  0.0304  0.0294  0.0293  0.0279  0.0299  0.0292  0.0306  0.0294  0.0310  0.0281  0.0281
  0.0291  0.0291  0.0287  0.0284  0.0273  0.0285  0.0281  0.0288  0.0281  0.0290  0.0276  0.0275
  0.0283  0.0283  0.0282  0.0280  0.0273  0.0275  0.0274  0.0276  0.0274  0.0277  0.0273  0.0272
  0.0280  0.0280  0.0280  0.0280  0.0280  0.0272  0.0272  0.0272  0.0272  0.0272  0.0272  0.0272
  0.0284  0.0283  0.0282  0.0284  0.0293  0.0278  0.0276  0.0277  0.0276  0.0276  0.0272  0.0274
  0.0293  0.0290  0.0286  0.0290  0.0311  0.0286  0.0286  0.0289  0.0285  0.0289  0.0274  0.0278
  0.0308  0.0301  0.0293  0.0300  0.0334  0.0300  0.0299  0.0307  0.0299  0.0308  0.0277  0.0283
niter,ni,del,rscale     7    3    5.0000    1.2000
parameters
   -1.3719    4.5745    5.0979   -8.7515  -19.3512  -12.3191
   -0.6352   -5.7450    5.4835   24.3003    9.7368  -30.3408
eta,q 0.97300  7.96810
  0.0298  0.0301  0.0282  0.0287  0.0304  0.0296  0.0294  0.0303  0.0293  0.0311  0.0277  0.0280
  0.0283  0.0287  0.0276  0.0277  0.0287  0.0283  0.0282  0.0286  0.0280  0.0290  0.0273  0.0274
  0.0274  0.0277  0.0272  0.0271  0.0275  0.0273  0.0273  0.0274  0.0272  0.0276  0.0271  0.0271
  0.0272  0.0272  0.0271  0.0271  0.0271  0.0271  0.0270  0.0270  0.0270  0.0270  0.0270  0.0270
  0.0275  0.0271  0.0272  0.0274  0.0275  0.0277  0.0273  0.0275  0.0274  0.0273  0.0271  0.0272
  0.0284  0.0275  0.0277  0.0280  0.0288  0.0285  0.0281  0.0287  0.0283  0.0284  0.0273  0.0275
  0.0298  0.0283  0.0284  0.0290  0.0309  0.0299  0.0293  0.0305  0.0296  0.0301  0.0276  0.0280
niter,ni,del,rscale     6    3    5.0000    1.2000
parameters
   -1.3660    4.7320    4.9332   -8.8914  -19.6407  -12.5237
   -0.5864   -5.7372    5.3759   24.6060    9.8822  -30.3687
eta,q 0.97304  7.94575
  0.0296  0.0293  0.0280  0.0288  0.0303  0.0296  0.0293  0.0303  0.0293  0.0307  0.0276  0.0280
  0.0282  0.0281  0.0274  0.0277  0.0287  0.0282  0.0281  0.0286  0.0280  0.0288  0.0273  0.0274
  0.0273  0.0273  0.0271  0.0271  0.0275  0.0272  0.0273  0.0274  0.0272  0.0275  0.0271  0.0271
  0.0270  0.0270  0.0270  0.0270  0.0270  0.0270  0.0270  0.0270  0.0270  0.0270  0.0270  0.0270
  0.0273  0.0272  0.0272  0.0273  0.0274  0.0276  0.0272  0.0274  0.0273  0.0273  0.0270  0.0271
  0.0282  0.0277  0.0277  0.0279  0.0288  0.0284  0.0280  0.0286  0.0281  0.0284  0.0272  0.0275
  0.0296  0.0287  0.0284  0.0288  0.0308  0.0297  0.0293  0.0303  0.0294  0.0302  0.0276  0.0279
niter,ni,del,rscale     5    3    5.0000    1.2000
parameters
   -1.3532    4.8369    4.8138   -8.9842  -19.8509  -12.7127
   -0.5816   -5.7257    5.2929   24.8130   10.0058  -30.3504
eta,q 0.97306  7.92760
  0.0296  0.0291  0.0280  0.0288  0.0303  0.0295  0.0292  0.0303  0.0292  0.0305  0.0276  0.0280
  0.0281  0.0280  0.0274  0.0277  0.0287  0.0282  0.0280  0.0285  0.0280  0.0286  0.0272  0.0274
  0.0272  0.0272  0.0271  0.0271  0.0275  0.0272  0.0272  0.0274  0.0272  0.0274  0.0270  0.0270
  0.0270  0.0270  0.0270  0.0270  0.0270  0.0270  0.0269  0.0269  0.0269  0.0269  0.0269  0.0269
  0.0273  0.0271  0.0271  0.0273  0.0274  0.0275  0.0272  0.0273  0.0273  0.0273  0.0270  0.0271
  0.0281  0.0278  0.0276  0.0278  0.0287  0.0283  0.0280  0.0285  0.0281  0.0284  0.0272  0.0274
  0.0295  0.0287  0.0283  0.0287  0.0307  0.0297  0.0292  0.0303  0.0293  0.0302  0.0276  0.0279
niter,ni,del,rscale     4    3    5.0000    1.2000
parameters
   -1.3404    4.9213    4.7061   -9.0580  -20.0369  -12.9126
   -0.5833   -5.7179    5.2277   24.9849   10.1384  -30.3105
eta,q 0.97308  7.91039
  0.0296  0.0290  0.0280  0.0288  0.0302  0.0295  0.0292  0.0303  0.0292  0.0304  0.0276  0.0279
  0.0281  0.0279  0.0274  0.0277  0.0286  0.0282  0.0280  0.0285  0.0280  0.0286  0.0272  0.0274
  0.0272  0.0272  0.0270  0.0271  0.0274  0.0272  0.0272  0.0273  0.0272  0.0274  0.0270  0.0270
  0.0269  0.0269  0.0269  0.0269  0.0269  0.0269  0.0269  0.0269  0.0269  0.0269  0.0269  0.0269
  0.0272  0.0271  0.0271  0.0273  0.0274  0.0275  0.0272  0.0273  0.0272  0.0273  0.0270  0.0271
  0.0281  0.0278  0.0275  0.0278  0.0286  0.0283  0.0280  0.0285  0.0280  0.0284  0.0272  0.0274
  0.0295  0.0287  0.0282  0.0287  0.0306  0.0296  0.0292  0.0303  0.0293  0.0301  0.0275  0.0279
niter,ni,del,rscale     3    3    5.0000    1.2000
parameters
   -1.3285    5.0002    4.5957   -9.1256  -20.2207  -13.1322
   -0.5800   -5.7144    5.1503   25.1613   10.2626  -30.2579
eta,q 0.97310  7.89272
  0.0295  0.0290  0.0280  0.0287  0.0302  0.0294  0.0292  0.0302  0.0292  0.0303  0.0275  0.0279
  0.0281  0.0279  0.0274  0.0277  0.0286  0.0281  0.0280  0.0285  0.0279  0.0285  0.0272  0.0273
  0.0272  0.0272  0.0270  0.0270  0.0274  0.0272  0.0272  0.0273  0.0271  0.0273  0.0270  0.0270
  0.0269  0.0269  0.0269  0.0269  0.0269  0.0269  0.0269  0.0269  0.0269  0.0269  0.0269  0.0269
  0.0272  0.0271  0.0271  0.0273  0.0273  0.0275  0.0272  0.0273  0.0272  0.0273  0.0270  0.0270
  0.0281  0.0277  0.0275  0.0278  0.0286  0.0283  0.0280  0.0285  0.0280  0.0284  0.0272  0.0274
  0.0294  0.0287  0.0282  0.0287  0.0306  0.0296  0.0292  0.0302  0.0292  0.0300  0.0275  0.0278
niter,ni,del,rscale     2    3    5.0000    1.2000
parameters
   -1.3169    5.0885    4.4710   -9.2066  -20.4386  -13.3935
   -0.5704   -5.7123    5.0799   25.3665   10.3969  -30.1783
eta,q 0.97312  7.87167
  0.0295  0.0290  0.0279  0.0287  0.0301  0.0293  0.0291  0.0302  0.0291  0.0303  0.0275  0.0279
  0.0281  0.0278  0.0273  0.0277  0.0286  0.0281  0.0280  0.0284  0.0279  0.0285  0.0272  0.0273
  0.0272  0.0271  0.0270  0.0270  0.0274  0.0272  0.0272  0.0273  0.0271  0.0273  0.0270  0.0270
  0.0269  0.0269  0.0269  0.0269  0.0269  0.0269  0.0269  0.0269  0.0269  0.0269  0.0269  0.0269
  0.0272  0.0271  0.0271  0.0272  0.0273  0.0275  0.0272  0.0273  0.0272  0.0272  0.0269  0.0270
  0.0281  0.0277  0.0275  0.0278  0.0286  0.0283  0.0279  0.0285  0.0280  0.0283  0.0272  0.0273
  0.0294  0.0286  0.0282  0.0287  0.0305  0.0296  0.0291  0.0302  0.0292  0.0299  0.0275  0.0278
niter,ni,del,rscale     1    3    5.0000    1.2000
parameters
   -1.3050    5.1999    4.3085   -9.3087  -20.7379  -13.7529
   -0.5706   -5.7106    4.9907   25.6504   10.5240  -30.0662
eta,q 0.97314  7.84343
  0.0295  0.0289  0.0279  0.0287  0.0300  0.0292  0.0291  0.0301  0.0291  0.0302  0.0275  0.0278
  0.0280  0.0278  0.0273  0.0277  0.0285  0.0280  0.0279  0.0284  0.0279  0.0284  0.0272  0.0273
  0.0272  0.0271  0.0270  0.0270  0.0274  0.0271  0.0271  0.0273  0.0271  0.0273  0.0270  0.0269
  0.0269  0.0269  0.0269  0.0269  0.0269  0.0269  0.0269  0.0269  0.0269  0.0269  0.0269  0.0269
  0.0272  0.0271  0.0271  0.0272  0.0273  0.0275  0.0271  0.0273  0.0272  0.0271  0.0269  0.0270
  0.0280  0.0276  0.0275  0.0278  0.0286  0.0283  0.0279  0.0284  0.0280  0.0281  0.0271  0.0273
  0.0294  0.0285  0.0282  0.0287  0.0305  0.0296  0.0291  0.0301  0.0291  0.0298  0.0275  0.0277
registration optimization eta report
parameter search radius
    2.4000    2.4000    2.4000    8.2800   10.9503    8.2800
    7.2000    7.2000    8.2800    8.2800    7.2000    7.2000
100000*second partial in parameter space
       44.       32.       19.        3.        3.        4.
        4.        6.        3.        5.        1.        2.
  0.0295  0.0289  0.0279  0.0287  0.0300  0.0292  0.0291  0.0301  0.0291  0.0302  0.0275  0.0278
  0.0280  0.0278  0.0273  0.0277  0.0285  0.0280  0.0279  0.0284  0.0279  0.0284  0.0272  0.0273
  0.0272  0.0271  0.0270  0.0270  0.0274  0.0271  0.0271  0.0273  0.0271  0.0273  0.0270  0.0269
  0.0269  0.0269  0.0269  0.0269  0.0269  0.0269  0.0269  0.0269  0.0269  0.0269  0.0269  0.0269
  0.0272  0.0271  0.0271  0.0272  0.0273  0.0275  0.0271  0.0273  0.0272  0.0271  0.0269  0.0270
  0.0280  0.0276  0.0275  0.0278  0.0286  0.0283  0.0279  0.0284  0.0280  0.0281  0.0271  0.0273
  0.0294  0.0285  0.0282  0.0287  0.0305  0.0296  0.0291  0.0301  0.0291  0.0298  0.0275  0.0277
   -1.3050    5.1999    4.3085   -9.3087  -20.7379  -13.7529
   -0.5706   -5.7106    4.9907   25.6504   10.5240  -30.0662
eta,q 0.97314  7.84343

---------------------------------------------------------------------
imgreg_4dfp /opt/freesurfer/average/711-2C_as_mni_average_305 /opt/freesurfer/average/711-2B_as_mni_average_305_mask talsrcimg_g11 none talsrcimg_to_711-2C_as_mni_average_305_t4 2311
---------------------------------------------------------------------

freesurfer imgreg_4dfp.c
/opt/freesurfer/average/711-2C_as_mni_average_305.4dfp.img
       256       256       256         1
  1.000000  1.000000  1.000000
orientation T byte_order littleendian
Reading image: /opt/freesurfer/average/711-2C_as_mni_average_305.4dfp.img
dimensions:      256       256       256
mmppix:       1.0000   -1.0000   -1.0000
center:     128.0000 -129.0000 -129.0000
/opt/freesurfer/average/711-2B_as_mni_average_305_mask.4dfp.img
       256       256       256         1
  1.000000  1.000000  1.000000
orientation T byte_order littleendian
Reading mask: /opt/freesurfer/average/711-2B_as_mni_average_305_mask.4dfp.img (2306576 pixels)
talsrcimg_g11.4dfp.img
       256       256       256         1
  1.000000  1.000000  1.000000
orientation T byte_order littleendian
Reading image: talsrcimg_g11.4dfp.img
dimensions:      256       256       256
mmppix:       1.0000   -1.0000   -1.0000
center:     128.0000 -129.0000 -129.0000
fimgreg.f
image alignment mode   2311 decimal      907 hex
parameters
   -1.3050    5.1999    4.3085   -9.3087  -20.7379  -13.7529
   -0.5706   -5.7106    4.9907   25.6504   10.5240  -30.0662
eta,q 0.97314  7.84343
niter,ni,del,rscale     5    3    5.0000    0.8000
parameters
   -1.2958    5.3260    4.0731   -9.7949  -20.7030  -14.2847
   -0.5198   -5.7591    4.8012   26.0556   10.8398  -30.2120
eta,q 0.97320  7.81396
  0.0280  0.0278  0.0272  0.0274  0.0276  0.0277  0.0279  0.0283  0.0275  0.0280  0.0271  0.0272
  0.0274  0.0273  0.0270  0.0270  0.0272  0.0272  0.0273  0.0275  0.0271  0.0274  0.0270  0.0270
  0.0270  0.0270  0.0269  0.0268  0.0269  0.0269  0.0269  0.0270  0.0269  0.0270  0.0269  0.0268
  0.0269  0.0269  0.0269  0.0268  0.0268  0.0268  0.0268  0.0268  0.0268  0.0268  0.0268  0.0268
  0.0270  0.0269  0.0270  0.0270  0.0269  0.0271  0.0269  0.0270  0.0269  0.0269  0.0268  0.0269
  0.0274  0.0271  0.0272  0.0273  0.0272  0.0276  0.0273  0.0276  0.0272  0.0271  0.0269  0.0270
  0.0280  0.0275  0.0275  0.0276  0.0276  0.0281  0.0278  0.0284  0.0276  0.0277  0.0271  0.0272
niter,ni,del,rscale     4    3    5.0000    0.7000
parameters
   -1.2792    5.4954    3.7680  -10.0467  -21.1587  -14.8844
   -0.4461   -5.7870    4.6884   26.7901   10.8522  -30.0861
eta,q 0.97328  7.77189
  0.0277  0.0276  0.0270  0.0273  0.0272  0.0274  0.0276  0.0279  0.0273  0.0278  0.0270  0.0270
  0.0272  0.0272  0.0268  0.0270  0.0270  0.0270  0.0271  0.0273  0.0270  0.0273  0.0268  0.0269
  0.0269  0.0269  0.0268  0.0268  0.0268  0.0268  0.0269  0.0269  0.0268  0.0269  0.0267  0.0268
  0.0268  0.0268  0.0268  0.0268  0.0268  0.0268  0.0268  0.0268  0.0268  0.0267  0.0267  0.0267
  0.0269  0.0268  0.0269  0.0269  0.0269  0.0270  0.0268  0.0269  0.0268  0.0267  0.0267  0.0267
  0.0272  0.0270  0.0271  0.0271  0.0271  0.0274  0.0271  0.0273  0.0270  0.0269  0.0268  0.0268
  0.0277  0.0273  0.0273  0.0274  0.0275  0.0279  0.0275  0.0280  0.0274  0.0273  0.0270  0.0270
niter,ni,del,rscale     3    3    5.0000    0.6000
parameters
   -1.2632    5.8368    3.2389  -10.3268  -22.0464  -15.8734
   -0.3684   -5.7820    4.8836   28.1017   10.2310  -29.5688
eta,q 0.97353  7.70152
  0.0274  0.0274  0.0267  0.0271  0.0268  0.0269  0.0272  0.0274  0.0271  0.0275  0.0266  0.0267
  0.0270  0.0271  0.0266  0.0268  0.0267  0.0267  0.0268  0.0270  0.0268  0.0271  0.0265  0.0266
  0.0268  0.0269  0.0266  0.0267  0.0266  0.0266  0.0266  0.0267  0.0266  0.0268  0.0265  0.0265
  0.0267  0.0267  0.0267  0.0266  0.0266  0.0266  0.0266  0.0266  0.0266  0.0266  0.0265  0.0265
  0.0268  0.0267  0.0268  0.0267  0.0267  0.0268  0.0266  0.0267  0.0266  0.0265  0.0265  0.0265
  0.0270  0.0268  0.0270  0.0269  0.0270  0.0272  0.0268  0.0270  0.0267  0.0265  0.0266  0.0265
  0.0273  0.0269  0.0272  0.0272  0.0273  0.0276  0.0271  0.0274  0.0270  0.0267  0.0268  0.0266
niter,ni,del,rscale     2    3    5.0000    0.5000
parameter  2 -0.578385 -> -0.500000 qaram    1.1500
parameter  3  0.793755 ->  0.500000 qaram    1.1500
parameters
   -1.2417    6.4118    2.6639  -10.4784  -23.1903  -16.9284
   -0.4110   -5.7173    5.3601   29.1663    9.4140  -29.3241
eta,q 0.97393  7.62613
  0.0269  0.0272  0.0263  0.0266  0.0263  0.0263  0.0265  0.0268  0.0266  0.0269  0.0262  0.0262
  0.0267  0.0269  0.0263  0.0264  0.0262  0.0262  0.0263  0.0264  0.0264  0.0266  0.0261  0.0261
  0.0265  0.0266  0.0263  0.0263  0.0262  0.0262  0.0262  0.0262  0.0262  0.0263  0.0261  0.0261
  0.0265  0.0265  0.0264  0.0263  0.0263  0.0262  0.0262  0.0262  0.0262  0.0262  0.0261  0.0261
  0.0265  0.0264  0.0265  0.0263  0.0264  0.0264  0.0262  0.0262  0.0262  0.0261  0.0261  0.0261
  0.0267  0.0264  0.0266  0.0265  0.0266  0.0266  0.0263  0.0264  0.0262  0.0261  0.0262  0.0261
  0.0269  0.0264  0.0268  0.0267  0.0268  0.0270  0.0266  0.0267  0.0264  0.0263  0.0263  0.0262
niter,ni,del,rscale     3    3    5.0000    0.6000
parameters
   -1.2051    6.7605    1.9806  -10.4064  -23.7216  -17.8850
   -0.5529   -5.6130    5.6016   29.5599    9.2002  -29.3207
eta,q 0.97411  7.58312
  0.0267  0.0270  0.0260  0.0265  0.0263  0.0262  0.0264  0.0268  0.0265  0.0267  0.0261  0.0261
  0.0264  0.0266  0.0260  0.0262  0.0261  0.0260  0.0261  0.0263  0.0262  0.0263  0.0260  0.0260
  0.0262  0.0262  0.0260  0.0260  0.0260  0.0259  0.0260  0.0260  0.0260  0.0260  0.0259  0.0259
  0.0261  0.0261  0.0260  0.0259  0.0259  0.0259  0.0259  0.0259  0.0259  0.0259  0.0259  0.0259
  0.0261  0.0260  0.0262  0.0260  0.0260  0.0261  0.0260  0.0260  0.0259  0.0259  0.0259  0.0259
  0.0263  0.0261  0.0264  0.0262  0.0263  0.0264  0.0262  0.0263  0.0261  0.0261  0.0260  0.0260
  0.0267  0.0264  0.0267  0.0265  0.0266  0.0269  0.0265  0.0267  0.0263  0.0264  0.0262  0.0261
niter,ni,del,rscale     2    3    5.0000    0.5000
parameters
   -1.1634    6.8752    1.6788  -10.2958  -23.7507  -18.2672
   -0.6526   -5.5669    5.6608   29.7200    9.1710  -29.3841
eta,q 0.97414  7.57767
  0.0264  0.0264  0.0260  0.0263  0.0262  0.0262  0.0262  0.0265  0.0262  0.0264  0.0260  0.0260
  0.0261  0.0261  0.0259  0.0261  0.0260  0.0260  0.0260  0.0261  0.0260  0.0261  0.0259  0.0259
  0.0260  0.0260  0.0259  0.0259  0.0259  0.0259  0.0259  0.0259  0.0259  0.0259  0.0259  0.0259
  0.0259  0.0259  0.0259  0.0259  0.0259  0.0259  0.0259  0.0259  0.0259  0.0259  0.0259  0.0259
  0.0259  0.0259  0.0260  0.0259  0.0259  0.0259  0.0259  0.0259  0.0259  0.0259  0.0259  0.0259
  0.0261  0.0260  0.0261  0.0260  0.0260  0.0261  0.0261  0.0261  0.0260  0.0260  0.0259  0.0259
  0.0263  0.0262  0.0262  0.0262  0.0262  0.0264  0.0263  0.0264  0.0262  0.0263  0.0260  0.0260
niter,ni,del,rscale     1    3    5.0000    0.4000
parameters
   -1.1401    6.9021    1.5608  -10.2673  -23.7169  -18.3698
   -0.6766   -5.5496    5.6640   29.7903    9.1784  -29.4007
eta,q 0.97414  7.57814
  0.0262  0.0262  0.0260  0.0261  0.0261  0.0261  0.0261  0.0263  0.0261  0.0262  0.0260  0.0260
  0.0260  0.0260  0.0259  0.0260  0.0260  0.0260  0.0260  0.0260  0.0260  0.0260  0.0259  0.0259
  0.0259  0.0259  0.0259  0.0259  0.0259  0.0259  0.0259  0.0259  0.0259  0.0259  0.0259  0.0259
  0.0259  0.0259  0.0259  0.0259  0.0259  0.0259  0.0259  0.0259  0.0259  0.0259  0.0259  0.0259
  0.0259  0.0259  0.0259  0.0259  0.0259  0.0259  0.0259  0.0259  0.0259  0.0259  0.0259  0.0259
  0.0260  0.0260  0.0260  0.0260  0.0260  0.0260  0.0260  0.0260  0.0260  0.0260  0.0259  0.0259
  0.0261  0.0261  0.0261  0.0261  0.0261  0.0262  0.0261  0.0262  0.0261  0.0261  0.0260  0.0260
registration optimization eta report
parameter search radius
    0.8000    0.9200    0.9200    2.4000    2.4000    2.4000
    2.4000    2.4000    2.4000    2.4000    2.4000    2.4000
100000*second partial in parameter space
       43.       33.       17.        4.        4.        5.
        4.        7.        4.        5.        2.        2.
  0.0262  0.0262  0.0260  0.0261  0.0261  0.0261  0.0261  0.0263  0.0261  0.0262  0.0260  0.0260
  0.0260  0.0260  0.0259  0.0260  0.0260  0.0260  0.0260  0.0260  0.0260  0.0260  0.0259  0.0259
  0.0259  0.0259  0.0259  0.0259  0.0259  0.0259  0.0259  0.0259  0.0259  0.0259  0.0259  0.0259
  0.0259  0.0259  0.0259  0.0259  0.0259  0.0259  0.0259  0.0259  0.0259  0.0259  0.0259  0.0259
  0.0259  0.0259  0.0259  0.0259  0.0259  0.0259  0.0259  0.0259  0.0259  0.0259  0.0259  0.0259
  0.0260  0.0260  0.0260  0.0260  0.0260  0.0260  0.0260  0.0260  0.0260  0.0260  0.0259  0.0259
  0.0261  0.0261  0.0261  0.0261  0.0261  0.0262  0.0261  0.0262  0.0261  0.0261  0.0260  0.0260
   -1.1401    6.9021    1.5608  -10.2673  -23.7169  -18.3698
   -0.6766   -5.5496    5.6640   29.7903    9.1784  -29.4007
eta,q 0.97414  7.57814

---------------------------------------------------------------------
imgreg_4dfp /opt/freesurfer/average/711-2C_as_mni_average_305 /opt/freesurfer/average/711-2B_as_mni_average_305_mask talsrcimg_g11 none talsrcimg_to_711-2C_as_mni_average_305_t4 2311
---------------------------------------------------------------------

freesurfer imgreg_4dfp.c
/opt/freesurfer/average/711-2C_as_mni_average_305.4dfp.img
       256       256       256         1
  1.000000  1.000000  1.000000
orientation T byte_order littleendian
Reading image: /opt/freesurfer/average/711-2C_as_mni_average_305.4dfp.img
dimensions:      256       256       256
mmppix:       1.0000   -1.0000   -1.0000
center:     128.0000 -129.0000 -129.0000
/opt/freesurfer/average/711-2B_as_mni_average_305_mask.4dfp.img
       256       256       256         1
  1.000000  1.000000  1.000000
orientation T byte_order littleendian
Reading mask: /opt/freesurfer/average/711-2B_as_mni_average_305_mask.4dfp.img (2306576 pixels)
talsrcimg_g11.4dfp.img
       256       256       256         1
  1.000000  1.000000  1.000000
orientation T byte_order littleendian
Reading image: talsrcimg_g11.4dfp.img
dimensions:      256       256       256
mmppix:       1.0000   -1.0000   -1.0000
center:     128.0000 -129.0000 -129.0000
fimgreg.f
image alignment mode   2311 decimal      907 hex
parameters
   -1.1401    6.9021    1.5608  -10.2673  -23.7169  -18.3698
   -0.6766   -5.5496    5.6640   29.7903    9.1784  -29.4007
eta,q 0.97414  7.57814
niter,ni,del,rscale     5    3    5.0000    0.8000
parameters
   -1.1276    6.9316    1.5413  -10.1981  -23.8982  -18.6274
   -0.7110   -5.5174    5.6811   29.7579    9.1044  -29.2862
eta,q 0.97413  7.56550
  0.0270  0.0267  0.0263  0.0268  0.0266  0.0267  0.0268  0.0274  0.0268  0.0270  0.0263  0.0263
  0.0264  0.0262  0.0261  0.0263  0.0262  0.0263  0.0263  0.0266  0.0263  0.0264  0.0260  0.0260
  0.0260  0.0260  0.0259  0.0260  0.0260  0.0260  0.0260  0.0260  0.0260  0.0260  0.0259  0.0259
  0.0259  0.0259  0.0259  0.0259  0.0259  0.0259  0.0259  0.0259  0.0259  0.0259  0.0259  0.0259
  0.0260  0.0260  0.0259  0.0260  0.0260  0.0260  0.0260  0.0260  0.0260  0.0260  0.0259  0.0259
  0.0263  0.0262  0.0261  0.0263  0.0263  0.0264  0.0263  0.0265  0.0263  0.0264  0.0261  0.0260
  0.0269  0.0267  0.0263  0.0267  0.0268  0.0270  0.0268  0.0273  0.0268  0.0271  0.0263  0.0262
niter,ni,del,rscale     4    3    5.0000    0.7000
parameters
   -1.1168    6.9408    1.4588  -10.1708  -23.8337  -18.6743
   -0.7166   -5.5006    5.6914   29.7804    9.1090  -29.3189
eta,q 0.97413  7.56796
  0.0267  0.0265  0.0262  0.0266  0.0265  0.0266  0.0266  0.0270  0.0266  0.0268  0.0262  0.0262
  0.0262  0.0262  0.0260  0.0262  0.0262  0.0262  0.0262  0.0264  0.0262  0.0263  0.0260  0.0260
  0.0260  0.0259  0.0259  0.0260  0.0260  0.0260  0.0259  0.0260  0.0259  0.0260  0.0259  0.0259
  0.0259  0.0259  0.0259  0.0259  0.0259  0.0259  0.0259  0.0259  0.0259  0.0259  0.0259  0.0259
  0.0260  0.0259  0.0259  0.0260  0.0259  0.0259  0.0260  0.0260  0.0259  0.0260  0.0259  0.0259
  0.0262  0.0262  0.0260  0.0262  0.0261  0.0262  0.0262  0.0264  0.0262  0.0262  0.0260  0.0260
  0.0267  0.0265  0.0262  0.0266  0.0265  0.0267  0.0266  0.0270  0.0266  0.0268  0.0262  0.0262
niter,ni,del,rscale     3    3    5.0000    0.6000
parameters
   -1.1127    6.9349    1.4507  -10.1780  -23.7867  -18.6233
   -0.7236   -5.5053    5.6858   29.7997    9.1386  -29.3631
eta,q 0.97413  7.57150
  0.0265  0.0263  0.0261  0.0264  0.0263  0.0264  0.0264  0.0267  0.0264  0.0265  0.0261  0.0261
  0.0261  0.0261  0.0260  0.0261  0.0261  0.0261  0.0261  0.0262  0.0261  0.0262  0.0260  0.0259
  0.0259  0.0259  0.0259  0.0259  0.0259  0.0260  0.0259  0.0260  0.0259  0.0259  0.0259  0.0259
  0.0259  0.0259  0.0259  0.0259  0.0259  0.0259  0.0259  0.0259  0.0259  0.0259  0.0259  0.0259
  0.0259  0.0259  0.0259  0.0259  0.0259  0.0259  0.0259  0.0260  0.0259  0.0259  0.0259  0.0259
  0.0261  0.0261  0.0260  0.0261  0.0261  0.0261  0.0261  0.0263  0.0261  0.0261  0.0260  0.0260
  0.0265  0.0263  0.0261  0.0264  0.0263  0.0264  0.0264  0.0267  0.0264  0.0265  0.0261  0.0261
niter,ni,del,rscale     2    3    5.0000    0.5000
parameters
   -1.1126    6.9272    1.4573  -10.2047  -23.7590  -18.5464
   -0.7220   -5.5117    5.6769   29.8102    9.1545  -29.3687
eta,q 0.97414  7.57377
  0.0263  0.0262  0.0260  0.0263  0.0262  0.0263  0.0262  0.0265  0.0262  0.0263  0.0260  0.0260
  0.0261  0.0260  0.0259  0.0260  0.0260  0.0261  0.0260  0.0261  0.0260  0.0261  0.0259  0.0259
  0.0259  0.0259  0.0259  0.0259  0.0259  0.0259  0.0259  0.0259  0.0259  0.0259  0.0259  0.0259
  0.0259  0.0259  0.0259  0.0259  0.0259  0.0259  0.0259  0.0259  0.0259  0.0259  0.0259  0.0259
  0.0259  0.0259  0.0259  0.0259  0.0259  0.0259  0.0259  0.0259  0.0259  0.0259  0.0259  0.0259
  0.0261  0.0260  0.0259  0.0261  0.0260  0.0260  0.0260  0.0261  0.0260  0.0261  0.0259  0.0259
  0.0263  0.0262  0.0260  0.0263  0.0262  0.0262  0.0262  0.0265  0.0262  0.0263  0.0260  0.0260
niter,ni,del,rscale     1    3    5.0000    0.4000
parameters
   -1.1157    6.9221    1.4720  -10.2243  -23.7308  -18.4741
   -0.7164   -5.5242    5.6694   29.8221    9.1525  -29.4168
eta,q 0.97414  7.57672
  0.0261  0.0261  0.0260  0.0261  0.0261  0.0261  0.0261  0.0262  0.0261  0.0262  0.0260  0.0259
  0.0260  0.0260  0.0259  0.0260  0.0260  0.0260  0.0260  0.0260  0.0260  0.0260  0.0259  0.0259
  0.0259  0.0259  0.0259  0.0259  0.0259  0.0259  0.0259  0.0259  0.0259  0.0259  0.0259  0.0259
  0.0259  0.0259  0.0259  0.0259  0.0259  0.0259  0.0259  0.0259  0.0259  0.0259  0.0259  0.0259
  0.0259  0.0259  0.0259  0.0259  0.0259  0.0259  0.0259  0.0259  0.0259  0.0259  0.0259  0.0259
  0.0260  0.0260  0.0259  0.0260  0.0260  0.0260  0.0260  0.0260  0.0260  0.0260  0.0259  0.0259
  0.0261  0.0261  0.0260  0.0261  0.0261  0.0261  0.0261  0.0263  0.0261  0.0262  0.0260  0.0260
registration optimization eta report
parameter search radius
    0.8000    0.8000    0.8000    2.4000    2.4000    2.4000
    2.4000    2.4000    2.4000    2.4000    2.4000    2.4000
100000*second partial in parameter space
       42.       33.       18.        4.        4.        4.
        4.        7.        4.        5.        2.        2.
  0.0261  0.0261  0.0260  0.0261  0.0261  0.0261  0.0261  0.0262  0.0261  0.0262  0.0260  0.0259
  0.0260  0.0260  0.0259  0.0260  0.0260  0.0260  0.0260  0.0260  0.0260  0.0260  0.0259  0.0259
  0.0259  0.0259  0.0259  0.0259  0.0259  0.0259  0.0259  0.0259  0.0259  0.0259  0.0259  0.0259
  0.0259  0.0259  0.0259  0.0259  0.0259  0.0259  0.0259  0.0259  0.0259  0.0259  0.0259  0.0259
  0.0259  0.0259  0.0259  0.0259  0.0259  0.0259  0.0259  0.0259  0.0259  0.0259  0.0259  0.0259
  0.0260  0.0260  0.0259  0.0260  0.0260  0.0260  0.0260  0.0260  0.0260  0.0260  0.0259  0.0259
  0.0261  0.0261  0.0260  0.0261  0.0261  0.0261  0.0261  0.0263  0.0261  0.0262  0.0260  0.0260
   -1.1157    6.9221    1.4720  -10.2243  -23.7308  -18.4741
   -0.7164   -5.5242    5.6694   29.8221    9.1525  -29.4168
eta,q 0.97414  7.57672

---------------------------------------------------------------------
compute_vox2vox talsrcimg talsrcimg_to_711-2C_as_mni_average_305_t4 /opt/freesurfer/average/711-2C_as_mni_average_305
---------------------------------------------------------------------

freesurfer compute_vox2vox.c
Reading: talsrcimg.4dfp.ifh
Reading: talsrcimg_to_711-2C_as_mni_average_305_t4
Reading: /opt/freesurfer/average/711-2C_as_mni_average_305.4dfp.ifh
Writing: talsrcimg_to_711-2C_as_mni_average_305_t4_vox2vox.txt

start time Sun Mar 8 16:40:44 CET 2026
end		time Sun Mar 8 16:40:58 CET 2026

mpr2mni305 success

avi2talxfm orig_nu.mgz /opt/freesurfer/average/mni305.cor.mgz talsrcimg_to_711-2C_as_mni_average_305_t4_vox2vox.txt transforms/talairach.auto.xfm
avi2talxfm done
mv -f /out/sourcedata/freesurfer/sub-v1s13x0050044_ses-1/mri/talsrcimg_to_711-2C_as_mni_average_305_t4_vox2vox.txt /out/sourcedata/freesurfer/sub-v1s13x0050044_ses-1/mri/transforms/talsrcimg_to_711-2C_as_mni_average_305_t4_vox2vox.txt
lta_convert --src orig_nu.mgz --trg /opt/freesurfer/average/mni305.cor.mgz --inxfm transforms/talairach.auto.xfm --outlta transforms/talairach.auto.xfm.lta --subject fsaverage
7.3.2

--src: orig_nu.mgz src image (geometry).
--trg: /opt/freesurfer/average/mni305.cor.mgz trg image (geometry).
--inmni: transforms/talairach.auto.xfm input MNI/XFM transform.
--outlta: transforms/talairach.auto.xfm.lta output LTA.
--s: fsaverage subject name
 LTA read, type : 1
 1.10536   0.06231   0.03442  -2.17014;
-0.13473   1.06735   0.41041   4.16761;
-0.02948  -0.42198   1.14811   11.32298;
 0.00000   0.00000   0.00000   1.00000;
setting subject to fsaverage
Writing  LTA to file transforms/talairach.auto.xfm.lta...
lta_convert successful.
 
 
Started at Sun Mar 8 16:40:43 CET 2026
Ended   at Sun Mar  8 16:40:58 CET 2026
talairach_avi done
