/out/sourcedata/freesurfer/sub-v1s13x0050031_ses-1/mri
/opt/freesurfer/bin/talairach_avi
--i orig_nu.mgz --xfm transforms/talairach.auto.xfm
talairach_avi 7.3.2
Linux dna079 5.14.0-427.37.1.el9_4.x86_64 #1 SMP PREEMPT_DYNAMIC Fri Sep 13 12:41:50 EDT 2024 x86_64 x86_64 x86_64 GNU/Linux
Sun Mar  8 16:15:23 CET 2026
mri_convert orig_nu.mgz talsrcimg.img 
reading from orig_nu.mgz...
TR=0.00, TE=0.00, TI=0.00, flip angle=0.00
i_ras = (-1, 0, 0)
j_ras = (0, 0, -1)
k_ras = (0, 1, 0)
writing to talsrcimg.img...
Analyze Output Matrix
-1.00000   0.00000   0.00000   130.97778;
 0.00000   0.00000   1.00000  -137.00446;
 0.00000  -1.00000   0.00000   98.35733;
 0.00000   0.00000   0.00000   1.00000;
--------------------
INFO: set hdr.hist.orient to -1
mpr2mni305 talsrcimg
Sun Mar  8 16:15:24 CET 2026
/opt/freesurfer/bin/mpr2mni305 talsrcimg
mpr2mni305 7.3.2
target=711-2C_as_mni_average_305

---------------------------------------------------------------------
analyzeto4dfp talsrcimg -O0 -y
---------------------------------------------------------------------

freesurfer ifh2hdr.c
Sun Mar  8 16:15:24 2026
Writing: talsrcimg.4dfp.hdr
freesurfer analyzeto4dfp.c
Reading: talsrcimg.hdr
header size 348 bytes
hdr.dime.datatype	offset=70	value=2
hdr.dime.bitpix		offset=72	value=8
hdr.hist.orient		offset=252	value=-1
dimensionality     4
dimensions       256       256       256         1
Reading: talsrcimg.img
Writing: talsrcimg.4dfp.img
Writing: talsrcimg.4dfp.ifh
ifh2hdr talsrcimg -r0to220
ori=2

---------------------------------------------------------------------
gauss_4dfp talsrcimg 1.1
---------------------------------------------------------------------

freesurfer gauss_4dfp.c
Reading: talsrcimg.4dfp.img
Writing: talsrcimg_g11.4dfp.img
image dimensions 256 256 256 padded to 288 288 288
processing volume 1freesurfer ifh2hdr.c
Sun Mar  8 16:15:25 2026
Writing: talsrcimg_g11.4dfp.hdr

Writing: talsrcimg_g11.4dfp.ifh
including: talsrcimg.4dfp.img.rec in talsrcimg_g11.4dfp.img.rec

---------------------------------------------------------------------
imgreg_4dfp /opt/freesurfer/average/711-2C_as_mni_average_305 none talsrcimg_g11 none talsrcimg_to_711-2C_as_mni_average_305_t4 4355
---------------------------------------------------------------------

freesurfer imgreg_4dfp.c
/opt/freesurfer/average/711-2C_as_mni_average_305.4dfp.img
       256       256       256         1
  1.000000  1.000000  1.000000
orientation T byte_order littleendian
Reading image: /opt/freesurfer/average/711-2C_as_mni_average_305.4dfp.img
dimensions:      256       256       256
mmppix:       1.0000   -1.0000   -1.0000
center:     128.0000 -129.0000 -129.0000
talsrcimg_g11.4dfp.img
       256       256       256         1
  1.000000  1.000000  1.000000
orientation T byte_order littleendian
Reading image: talsrcimg_g11.4dfp.img
dimensions:      256       256       256
mmppix:       1.0000   -1.0000   -1.0000
center:     128.0000 -129.0000 -129.0000
t4_read: open error in t4_sub.f l:  41 t4_file(1:l)talsrcimg_to_711-2C_as_mni_average_305_t4 
t4_read: transform initialized to I4
rotation matrix determinant  1.000000
image alignment mode   4355 decimal     1103 hex
   -7.5000  -45.0000  -45.0000 7516.8018   17.1248
    0.0000  -45.0000  -45.0000 7834.3091   17.1052
    7.5000  -45.0000  -45.0000 7499.4443   17.0977
   -7.5000  -37.5000  -45.0000 8131.1367   16.9811
    0.0000  -37.5000  -45.0000 8462.4961   16.9566
    7.5000  -37.5000  -45.0000 8080.2480   16.9542
   -7.5000  -30.0000  -45.0000 9045.3633   16.8716
    0.0000  -30.0000  -45.0000 9421.0898   16.8441
    7.5000  -30.0000  -45.0000 8992.6436   16.8443
   -7.5000  -22.5000  -45.0000 9939.0332   16.8205
    0.0000  -22.5000  -45.000010348.6436   16.7961
    7.5000  -22.5000  -45.0000 9890.0332   16.7934
   -7.5000  -15.0000  -45.000010785.5635   16.7983
    0.0000  -15.0000  -45.000011235.6611   16.7796
    7.5000  -15.0000  -45.000010712.5264   16.7727
   -7.5000   -7.5000  -45.000011478.2656   16.7543
    0.0000   -7.5000  -45.000011976.5488   16.7379
    7.5000   -7.5000  -45.000011394.4248   16.7288
   -7.5000    0.0000  -45.000012025.1689   16.6729
    0.0000    0.0000  -45.000012547.1777   16.6544
    7.5000    0.0000  -45.000011953.3154   16.6471
   -7.5000    7.5000  -45.000011699.4736   16.6342
    0.0000    7.5000  -45.000012194.9863   16.6108
    7.5000    7.5000  -45.000011630.7305   16.6080
   -7.5000   15.0000  -45.000011266.2393   16.6141
    0.0000   15.0000  -45.000011728.1162   16.5876
    7.5000   15.0000  -45.000011206.7627   16.5876
   -7.5000   22.5000  -45.000010722.0381   16.6464
    0.0000   22.5000  -45.000011187.9727   16.6227
    7.5000   22.5000  -45.000010676.2256   16.6200
   -7.5000   30.0000  -45.000010094.9727   16.4899
    0.0000   30.0000  -45.000010528.9453   16.4717
    7.5000   30.0000  -45.000010051.7598   16.4648
   -7.5000   37.5000  -45.0000 9811.6885   16.5044
    0.0000   37.5000  -45.000010205.4482   16.4880
    7.5000   37.5000  -45.0000 9738.9834   16.4787
   -7.5000   45.0000  -45.0000 9116.4775   16.2144
    0.0000   45.0000  -45.0000 9489.2744   16.1962
    7.5000   45.0000  -45.0000 9050.9141   16.1875
   -7.5000  -45.0000  -37.5000 7991.9565   17.0955
    0.0000  -45.0000  -37.5000 8348.3867   17.0735
    7.5000  -45.0000  -37.5000 7965.3623   17.0743
   -7.5000  -37.5000  -37.5000 8647.0127   16.9577
    0.0000  -37.5000  -37.5000 9043.3838   16.9332
    7.5000  -37.5000  -37.5000 8617.7568   16.9376
   -7.5000  -30.0000  -37.5000 9639.2852   16.8524
    0.0000  -30.0000  -37.500010057.6055   16.8247
    7.5000  -30.0000  -37.5000 9590.6182   16.8318
   -7.5000  -22.5000  -37.500010595.6865   16.7959
    0.0000  -22.5000  -37.500011056.2432   16.7684
    7.5000  -22.5000  -37.500010535.2812   16.7742
   -7.5000  -15.0000  -37.500011444.5020   16.7628
    0.0000  -15.0000  -37.500011966.3701   16.7386
    7.5000  -15.0000  -37.500011383.7246   16.7411
   -7.5000   -7.5000  -37.500012185.8955   16.7107
    0.0000   -7.5000  -37.500012730.2520   16.6895
    7.5000   -7.5000  -37.500012122.0498   16.6893
   -7.5000    0.0000  -37.500012772.6855   16.6286
    0.0000    0.0000  -37.500013338.7246   16.6079
    7.5000    0.0000  -37.500012688.6807   16.6083
   -7.5000    7.5000  -37.500012397.0420   16.5984
    0.0000    7.5000  -37.500012938.8457   16.5751
    7.5000    7.5000  -37.500012333.4736   16.5789
   -7.5000   15.0000  -37.500011919.5176   16.5856
    0.0000   15.0000  -37.500012418.8496   16.5589
    7.5000   15.0000  -37.500011854.6221   16.5656
   -7.5000   22.5000  -37.500011373.6436   16.6156
    0.0000   22.5000  -37.500011846.1123   16.5890
    7.5000   22.5000  -37.500011306.3271   16.5946
   -7.5000   30.0000  -37.500010698.4971   16.4517
    0.0000   30.0000  -37.500011145.5938   16.4283
    7.5000   30.0000  -37.500010643.4570   16.4305
   -7.5000   37.5000  -37.500010354.4785   16.4593
    0.0000   37.5000  -37.500010781.6719   16.4381
    7.5000   37.5000  -37.500010287.7910   16.4376
   -7.5000   45.0000  -37.5000 9592.1504   16.1692
    0.0000   45.0000  -37.5000 9983.3174   16.1489
    7.5000   45.0000  -37.5000 9521.8936   16.1476
   -7.5000  -45.0000  -30.0000 8604.4404   17.7811
    0.0000  -45.0000  -30.0000 8987.0029   17.7598
    7.5000  -45.0000  -30.0000 8562.6426   17.7583
   -7.5000  -37.5000  -30.0000 9305.4912   17.6447
    0.0000  -37.5000  -30.0000 9726.1885   17.6226
    7.5000  -37.5000  -30.0000 9270.4268   17.6240
   -7.5000  -30.0000  -30.000010377.4893   17.5414
    0.0000  -30.0000  -30.000010833.3662   17.5172
    7.5000  -30.0000  -30.000010321.7266   17.5237
   -7.5000  -22.5000  -30.000011404.7559   17.4778
    0.0000  -22.5000  -30.000011914.6934   17.4536
    7.5000  -22.5000  -30.000011335.6641   17.4622
   -7.5000  -15.0000  -30.000012301.0928   17.4309
    0.0000  -15.0000  -30.000012858.1182   17.4087
    7.5000  -15.0000  -30.000012256.2598   17.4146
   -7.5000   -7.5000  -30.000013082.7041   17.3671
    0.0000   -7.5000  -30.000013680.8477   17.3463
    7.5000   -7.5000  -30.000013029.4590   17.3470
   -7.5000    0.0000  -30.000013731.4053   17.2805
    0.0000    0.0000  -30.000014350.8574   17.2605
    7.5000    0.0000  -30.000013646.6963   17.2586
   -7.5000    7.5000  -30.000013323.6748   17.2586
    0.0000    7.5000  -30.000013898.5732   17.2375
    7.5000    7.5000  -30.000013228.1104   17.2384
   -7.5000   15.0000  -30.000012768.5215   17.2545
    0.0000   15.0000  -30.000013301.9785   17.2312
    7.5000   15.0000  -30.000012685.9297   17.2372
   -7.5000   22.5000  -30.000012177.0762   17.2825
    0.0000   22.5000  -30.000012686.1924   17.2591
    7.5000   22.5000  -30.000012104.6055   17.2675
   -7.5000   30.0000  -30.000011465.7900   17.1063
    0.0000   30.0000  -30.000011949.4043   17.0848
    7.5000   30.0000  -30.000011400.7754   17.0905
   -7.5000   37.5000  -30.000011083.9912   17.1054
    0.0000   37.5000  -30.000011548.2969   17.0846
    7.5000   37.5000  -30.000011011.9443   17.0849
   -7.5000   45.0000  -30.000010236.1797   16.8140
    0.0000   45.0000  -30.000010647.5518   16.7944
    7.5000   45.0000  -30.000010179.0391   16.7910
   -7.5000  -45.0000  -22.5000 9224.7119   18.3540
    0.0000  -45.0000  -22.5000 9627.2988   18.3359
    7.5000  -45.0000  -22.5000 9184.7256   18.3218
   -7.5000  -37.5000  -22.5000 9991.0557   18.2126
    0.0000  -37.5000  -22.500010436.6797   18.1927
    7.5000  -37.5000  -22.5000 9954.4834   18.1825
   -7.5000  -30.0000  -22.500011131.8789   18.1047
    0.0000  -30.0000  -22.500011624.6523   18.0847
    7.5000  -30.0000  -22.500011073.8281   18.0819
   -7.5000  -22.5000  -22.500012221.0703   18.0358
    0.0000  -22.5000  -22.500012758.6221   18.0193
    7.5000  -22.5000  -22.500012150.9941   18.0207
   -7.5000  -15.0000  -22.500013157.7109   17.9828
    0.0000  -15.0000  -22.500013742.4463   17.9696
    7.5000  -15.0000  -22.500013107.1211   17.9682
   -7.5000   -7.5000  -22.500013989.5859   17.9140
    0.0000   -7.5000  -22.500014613.4297   17.8999
    7.5000   -7.5000  -22.500013919.1084   17.8906
   -7.5000    0.0000  -22.500014677.6094   17.8242
    0.0000    0.0000  -22.500015350.7168   17.8074
    7.5000    0.0000  -22.500014570.8311   17.7936
   -7.5000    7.5000  -22.500014249.4990   17.8036
    0.0000    7.5000  -22.500014882.8633   17.7846
    7.5000    7.5000  -22.500014116.8174   17.7743
   -7.5000   15.0000  -22.500013639.1143   17.8008
    0.0000   15.0000  -22.500014240.1699   17.7817
    7.5000   15.0000  -22.500013537.4707   17.7788
   -7.5000   22.5000  -22.500012965.4541   17.8281
    0.0000   22.5000  -22.500013529.6201   17.8122
    7.5000   22.5000  -22.500012880.8408   17.8135
   -7.5000   30.0000  -22.500012190.8027   17.6483
    0.0000   30.0000  -22.500012710.6865   17.6357
    7.5000   30.0000  -22.500012102.9258   17.6342
   -7.5000   37.5000  -22.500011761.7695   17.6446
    0.0000   37.5000  -22.500012255.2480   17.6303
    7.5000   37.5000  -22.500011676.8018   17.6209
   -7.5000   45.0000  -22.500010860.5361   17.3533
    0.0000   45.0000  -22.500011300.7363   17.3368
    7.5000   45.0000  -22.500010784.4434   17.3222
   -7.5000  -45.0000  -15.0000 9850.6650   18.7395
    0.0000  -45.0000  -15.000010275.8477   18.7235
    7.5000  -45.0000  -15.0000 9815.0186   18.6995
   -7.5000  -37.5000  -15.000010674.4336   18.5860
    0.0000  -37.5000  -15.000011148.4795   18.5655
    7.5000  -37.5000  -15.000010643.7637   18.5467
   -7.5000  -30.0000  -15.000011883.2861   18.4670
    0.0000  -30.0000  -15.000012402.8037   18.4468
    7.5000  -30.0000  -15.000011828.0537   18.4356
   -7.5000  -22.5000  -15.000013028.3408   18.3964
    0.0000  -22.5000  -15.000013610.6035   18.3830
    7.5000  -22.5000  -15.000012964.3994   18.3747
   -7.5000  -15.0000  -15.000014019.7461   18.3471
    0.0000  -15.0000  -15.000014659.7129   18.3399
    7.5000  -15.0000  -15.000013955.7188   18.3279
   -7.5000   -7.5000  -15.000014889.1875   18.2800
    0.0000   -7.5000  -15.000015567.6729   18.2712
    7.5000   -7.5000  -15.000014807.5469   18.2516
   -7.5000    0.0000  -15.000015592.6074   18.1859
    0.0000    0.0000  -15.000016294.1426   18.1711
    7.5000    0.0000  -15.000015465.5059   18.1481
   -7.5000    7.5000  -15.000015138.7646   18.1582
    0.0000    7.5000  -15.000015823.9307   18.1387
    7.5000    7.5000  -15.000014990.8398   18.1203
   -7.5000   15.0000  -15.000014507.1396   18.1496
    0.0000   15.0000  -15.000015160.3779   18.1301
    7.5000   15.0000  -15.000014384.3613   18.1191
   -7.5000   22.5000  -15.000013772.6738   18.1787
    0.0000   22.5000  -15.000014384.8203   18.1658
    7.5000   22.5000  -15.000013640.8086   18.1575
   -7.5000   30.0000  -15.000012915.7158   18.0060
    0.0000   30.0000  -15.000013481.6914   17.9991
    7.5000   30.0000  -15.000012805.3525   17.9872
   -7.5000   37.5000  -15.000012445.2461   18.0053
    0.0000   37.5000  -15.000012963.9111   17.9962
    7.5000   37.5000  -15.000012332.9229   17.9766
   -7.5000   45.0000  -15.000011474.7334   17.7146
    0.0000   45.0000  -15.000011946.5088   17.7000
    7.5000   45.0000  -15.000011378.9434   17.6765
   -7.5000  -45.0000   -7.500010516.2480   18.8958
    0.0000  -45.0000   -7.500010974.0742   18.8775
    7.5000  -45.0000   -7.500010481.7969   18.8577
   -7.5000  -37.5000   -7.500011401.9346   18.7276
    0.0000  -37.5000   -7.500011896.5938   18.7033
    7.5000  -37.5000   -7.500011370.1504   18.6894
   -7.5000  -30.0000   -7.500012656.7910   18.5963
    0.0000  -30.0000   -7.500013212.9766   18.5705
    7.5000  -30.0000   -7.500012620.4863   18.5615
   -7.5000  -22.5000   -7.500013856.8789   18.5266
    0.0000  -22.5000   -7.500014493.6572   18.5073
    7.5000  -22.5000   -7.500013813.7725   18.4975
   -7.5000  -15.0000   -7.500014914.8672   18.4861
    0.0000  -15.0000   -7.500015590.9570   18.4742
    7.5000  -15.0000   -7.500014857.0596   18.4601
   -7.5000   -7.5000   -7.500015814.5791   18.4230
    0.0000   -7.5000   -7.500016522.2031   18.4115
    7.5000   -7.5000   -7.500015743.8564   18.3926
   -7.5000    0.0000   -7.500016528.9805   18.3231
    0.0000    0.0000   -7.500017245.2441   18.3062
    7.5000    0.0000   -7.500016408.0762   18.2871
   -7.5000    7.5000   -7.500016004.3105   18.2848
    0.0000    7.5000   -7.500016720.6504   18.2617
    7.5000    7.5000   -7.500015852.3604   18.2479
   -7.5000   15.0000   -7.500015331.1543   18.2678
    0.0000   15.0000   -7.500016048.6445   18.2430
    7.5000   15.0000   -7.500015202.8672   18.2341
   -7.5000   22.5000   -7.500014541.4990   18.2994
    0.0000   22.5000   -7.500015194.6445   18.2807
    7.5000   22.5000   -7.500014393.0459   18.2709
   -7.5000   30.0000   -7.500013611.8770   18.1388
    0.0000   30.0000   -7.500014212.2881   18.1273
    7.5000   30.0000   -7.500013473.4648   18.1133
   -7.5000   37.5000   -7.500013090.9023   18.1435
    0.0000   37.5000   -7.500013646.9043   18.1317
    7.5000   37.5000   -7.500012952.8418   18.1129
   -7.5000   45.0000   -7.500012059.5215   17.8531
    0.0000   45.0000   -7.500012565.5029   17.8364
    7.5000   45.0000   -7.500011944.5381   17.8164
   -7.5000  -45.0000    0.000011106.6826   18.8935
    0.0000  -45.0000    0.000011603.6123   18.8706
    7.5000  -45.0000    0.000011072.3555   18.8632
   -7.5000  -37.5000    0.000012025.2422   18.7200
    0.0000  -37.5000    0.000012550.3398   18.6919
    7.5000  -37.5000    0.000012001.7646   18.6897
   -7.5000  -30.0000    0.000013327.3643   18.5832
    0.0000  -30.0000    0.000013911.2725   18.5519
    7.5000  -30.0000    0.000013315.6289   18.5525
   -7.5000  -22.5000    0.000014569.6191   18.5114
    0.0000  -22.5000    0.000015204.6211   18.4834
    7.5000  -22.5000    0.000014553.9756   18.4809
   -7.5000  -15.0000    0.000015679.3809   18.4713
    0.0000  -15.0000    0.000016364.7031   18.4496
    7.5000  -15.0000    0.000015656.7578   18.4427
   -7.5000   -7.5000    0.000016633.7461   18.4077
    0.0000   -7.5000    0.000017323.6641   18.3886
    7.5000   -7.5000    0.000016594.8594   18.3793
   -7.5000    0.0000    0.000017352.6934   18.3046
    0.0000    0.0000    0.000018068.8770   18.2832
    7.5000    0.0000    0.000017273.3281   18.2758
   -7.5000    7.5000    0.000016796.5312   18.2641
    0.0000    7.5000    0.000017517.0957   18.2374
    7.5000    7.5000    0.000016685.9355   18.2348
   -7.5000   15.0000    0.000016033.2090   18.2449
    0.0000   15.0000    0.000016730.0215   18.2149
    7.5000   15.0000    0.000015941.8066   18.2152
   -7.5000   22.5000    0.000015165.5098   18.2775
    0.0000   22.5000    0.000015801.7705   18.2505
    7.5000   22.5000    0.000015051.0615   18.2478
   -7.5000   30.0000    0.000014155.8740   18.1214
    0.0000   30.0000    0.000014767.5293   18.1004
    7.5000   30.0000    0.000014055.3223   18.0933
   -7.5000   37.5000    0.000013607.5146   18.1269
    0.0000   37.5000    0.000014180.4395   18.1079
    7.5000   37.5000    0.000013488.8232   18.0983
   -7.5000   45.0000    0.000012562.3008   17.8394
    0.0000   45.0000    0.000013083.4629   17.8183
    7.5000   45.0000    0.000012452.2793   17.8094
   -7.5000  -45.0000    7.500010785.1670   18.9482
    0.0000  -45.0000    7.500011276.5166   18.9229
    7.5000  -45.0000    7.500010763.5654   18.9244
   -7.5000  -37.5000    7.500011669.4971   18.7836
    0.0000  -37.5000    7.500012176.4492   18.7557
    7.5000  -37.5000    7.500011650.9434   18.7610
   -7.5000  -30.0000    7.500012950.5420   18.6545
    0.0000  -30.0000    7.500013499.9150   18.6231
    7.5000  -30.0000    7.500012945.7637   18.6315
   -7.5000  -22.5000    7.500014116.4268   18.5794
    0.0000  -22.5000    7.500014718.1279   18.5485
    7.5000  -22.5000    7.500014138.8135   18.5554
   -7.5000  -15.0000    7.500015183.4229   18.5298
    0.0000  -15.0000    7.500015799.7588   18.5025
    7.5000  -15.0000    7.500015178.9541   18.5056
   -7.5000   -7.5000    7.500016148.8516   18.4595
    0.0000   -7.5000    7.500016848.9258   18.4354
    7.5000   -7.5000    7.500016125.2803   18.4355
   -7.5000    0.0000    7.500016885.0332   18.3575
    0.0000    0.0000    7.500017636.4883   18.3338
    7.5000    0.0000    7.500016862.0977   18.3347
   -7.5000    7.5000    7.500016354.1201   18.3260
    0.0000    7.5000    7.500017055.9941   18.2995
    7.5000    7.5000    7.500016321.0361   18.3040
   -7.5000   15.0000    7.500015564.1895   18.3146
    0.0000   15.0000    7.500016194.6162   18.2846
    7.5000   15.0000    7.500015505.3311   18.2923
   -7.5000   22.5000    7.500014641.2998   18.3445
    0.0000   22.5000    7.500015219.0762   18.3146
    7.5000   22.5000    7.500014596.7520   18.3212
   -7.5000   30.0000    7.500013679.1328   18.1787
    0.0000   30.0000    7.500014233.2441   18.1523
    7.5000   30.0000    7.500013632.5547   18.1550
   -7.5000   37.5000    7.500013174.6709   18.1782
    0.0000   37.5000    7.500013705.7598   18.1542
    7.5000   37.5000    7.500013104.0811   18.1539
   -7.5000   45.0000    7.500012186.0498   17.8897
    0.0000   45.0000    7.500012661.5195   17.8664
    7.5000   45.0000    7.500012089.5234   17.8653
   -7.5000  -45.0000   15.000010354.0635   19.0484
    0.0000  -45.0000   15.000010837.2900   19.0248
    7.5000  -45.0000   15.000010338.6934   19.0237
   -7.5000  -37.5000   15.000011200.2568   18.8961
    0.0000  -37.5000   15.000011699.9053   18.8716
    7.5000  -37.5000   15.000011186.4473   18.8737
   -7.5000  -30.0000   15.000012420.4863   18.7784
    0.0000  -30.0000   15.000012952.7178   18.7519
    7.5000  -30.0000   15.000012428.5234   18.7594
   -7.5000  -22.5000   15.000013547.3574   18.7032
    0.0000  -22.5000   15.000014104.6729   18.6769
    7.5000  -22.5000   15.000013569.8594   18.6866
   -7.5000  -15.0000   15.000014562.6348   18.6454
    0.0000  -15.0000   15.000015103.5352   18.6212
    7.5000  -15.0000   15.000014580.8096   18.6280
   -7.5000   -7.5000   15.000015483.7539   18.5698
    0.0000   -7.5000   15.000016132.6953   18.5470
    7.5000   -7.5000   15.000015496.3447   18.5480
   -7.5000    0.0000   15.000016231.3340   18.4705
    0.0000    0.0000   15.000016919.1250   18.4484
    7.5000    0.0000   15.000016217.8789   18.4468
   -7.5000    7.5000   15.000015774.9990   18.4482
    0.0000    7.5000   15.000016424.8926   18.4249
    7.5000    7.5000   15.000015688.1211   18.4263
   -7.5000   15.0000   15.000015035.0674   18.4454
    0.0000   15.0000   15.000015614.1592   18.4199
    7.5000   15.0000   15.000014918.4033   18.4269
   -7.5000   22.5000   15.000014110.7676   18.4728
    0.0000   22.5000   15.000014663.9629   18.4474
    7.5000   22.5000   15.000014046.4395   18.4567
   -7.5000   30.0000   15.000013174.5801   18.2951
    0.0000   30.0000   15.000013672.1162   18.2717
    7.5000   30.0000   15.000013113.7520   18.2781
   -7.5000   37.5000   15.000012683.2031   18.2887
    0.0000   37.5000   15.000013149.3838   18.2660
    7.5000   37.5000   15.000012609.4463   18.2666
   -7.5000   45.0000   15.000011749.5625   17.9964
    0.0000   45.0000   15.000012166.6143   17.9747
    7.5000   45.0000   15.000011658.7158   17.9715
   -7.5000  -45.0000   22.5000 9841.3818   19.1439
    0.0000  -45.0000   22.500010293.7158   19.1246
    7.5000  -45.0000   22.5000 9827.1348   19.1102
   -7.5000  -37.5000   22.500010649.4365   18.9956
    0.0000  -37.5000   22.500011118.5371   18.9744
    7.5000  -37.5000   22.500010624.2959   18.9639
   -7.5000  -30.0000   22.500011805.2021   18.8816
    0.0000  -30.0000   22.500012299.5693   18.8604
    7.5000  -30.0000   22.500011784.7373   18.8578
   -7.5000  -22.5000   22.500012925.9033   18.8080
    0.0000  -22.5000   22.500013449.1816   18.7905
    7.5000  -22.5000   22.500012925.1025   18.7922
   -7.5000  -15.0000   22.500013938.4482   18.7505
    0.0000  -15.0000   22.500014462.4961   18.7363
    7.5000  -15.0000   22.500013918.0176   18.7351
   -7.5000   -7.5000   22.500014816.9375   18.6763
    0.0000   -7.5000   22.500015394.0840   18.6611
    7.5000   -7.5000   22.500014787.7070   18.6517
   -7.5000    0.0000   22.500015488.9639   18.5804
    0.0000    0.0000   22.500016104.7812   18.5623
    7.5000    0.0000   22.500015438.3320   18.5482
   -7.5000    7.5000   22.500015039.3213   18.5593
    0.0000    7.5000   22.500015615.4248   18.5390
    7.5000    7.5000   22.500014940.1865   18.5285
   -7.5000   15.0000   22.500014374.2256   18.5573
    0.0000   15.0000   22.500014935.6064   18.5368
    7.5000   15.0000   22.500014259.5869   18.5340
   -7.5000   22.5000   22.500013527.1562   18.5834
    0.0000   22.5000   22.500014068.6377   18.5665
    7.5000   22.5000   22.500013436.4883   18.5681
   -7.5000   30.0000   22.500012623.5322   18.4018
    0.0000   30.0000   22.500013129.3027   18.3882
    7.5000   30.0000   22.500012563.3701   18.3869
   -7.5000   37.5000   22.500012137.6318   18.3955
    0.0000   37.5000   22.500012615.6113   18.3801
    7.5000   37.5000   22.500012084.5283   18.3706
   -7.5000   45.0000   22.500011229.5215   18.0986
    0.0000   45.0000   22.500011659.5225   18.0808
    7.5000   45.0000   22.500011163.9453   18.0659
   -7.5000  -45.0000   30.0000 9228.8320   19.2204
    0.0000  -45.0000   30.0000 9658.6738   19.2037
    7.5000  -45.0000   30.0000 9219.0869   19.1790
   -7.5000  -37.5000   30.000010016.0029   19.0671
    0.0000  -37.5000   30.000010475.5234   19.0459
    7.5000  -37.5000   30.0000 9977.0098   19.0265
   -7.5000  -30.0000   30.000011121.3564   18.9490
    0.0000  -30.0000   30.000011613.0098   18.9281
    7.5000  -30.0000   30.000011084.8311   18.9166
   -7.5000  -22.5000   30.000012202.4102   18.8798
    0.0000  -22.5000   30.000012720.2246   18.8661
    7.5000  -22.5000   30.000012152.0000   18.8574
   -7.5000  -15.0000   30.000013172.4668   18.8323
    0.0000  -15.0000   30.000013703.4434   18.8247
    7.5000  -15.0000   30.000013101.8096   18.8123
   -7.5000   -7.5000   30.000013987.4170   18.7661
    0.0000   -7.5000   30.000014551.4014   18.7568
    7.5000   -7.5000   30.000013910.7178   18.7365
   -7.5000    0.0000   30.000014645.2715   18.6720
    0.0000    0.0000   30.000015203.8730   18.6564
    7.5000    0.0000   30.000014557.6494   18.6326
   -7.5000    7.5000   30.000014169.3750   18.6434
    0.0000    7.5000   30.000014717.2900   18.6231
    7.5000    7.5000   30.000014077.9316   18.6040
   -7.5000   15.0000   30.000013566.7148   18.6343
    0.0000   15.0000   30.000014092.2959   18.6141
    7.5000   15.0000   30.000013449.0459   18.6027
   -7.5000   22.5000   30.000012816.9424   18.6617
    0.0000   22.5000   30.000013303.9814   18.6484
    7.5000   22.5000   30.000012714.1318   18.6398
   -7.5000   30.0000   30.000011962.8711   18.4857
    0.0000   30.0000   30.000012429.8203   18.4784
    7.5000   30.0000   30.000011892.5469   18.4661
   -7.5000   37.5000   30.000011504.7227   18.4857
    0.0000   37.5000   30.000011945.7197   18.4761
    7.5000   37.5000   30.000011427.8320   18.4559
   -7.5000   45.0000   30.000010631.7100   18.1840
    0.0000   45.0000   30.000011026.6777   18.1687
    7.5000   45.0000   30.000010542.0498   18.1445
   -7.5000  -45.0000   37.5000 8931.5547   19.3089
    0.0000  -45.0000   37.5000 9333.4121   19.2900
    7.5000  -45.0000   37.5000 8910.4922   19.2697
   -7.5000  -37.5000   37.5000 9702.2422   19.1431
    0.0000  -37.5000   37.500010149.1162   19.1180
    7.5000  -37.5000   37.5000 9668.6758   19.1038
   -7.5000  -30.0000   37.500010794.9834   19.0143
    0.0000  -30.0000   37.500011279.4912   18.9879
    7.5000  -30.0000   37.500010746.8740   18.9789
   -7.5000  -22.5000   37.500011842.0420   18.9479
    0.0000  -22.5000   37.500012369.2617   18.9281
    7.5000  -22.5000   37.500011794.7617   18.9183
   -7.5000  -15.0000   37.500012756.4404   18.9113
    0.0000  -15.0000   37.500013328.4854   18.8990
    7.5000  -15.0000   37.500012715.5947   18.8847
   -7.5000   -7.5000   37.500013549.4121   18.8523
    0.0000   -7.5000   37.500014136.2715   18.8404
    7.5000   -7.5000   37.500013488.9805   18.8211
   -7.5000    0.0000   37.500014205.2393   18.7557
    0.0000    0.0000   37.500014787.7305   18.7380
    7.5000    0.0000   37.500014120.8174   18.7184
   -7.5000    7.5000   37.500013741.4336   18.7162
    0.0000    7.5000   37.500014291.7676   18.6922
    7.5000    7.5000   37.500013663.1045   18.6782
   -7.5000   15.0000   37.500013126.9121   18.6976
    0.0000   15.0000   37.500013650.2686   18.6720
    7.5000   15.0000   37.500013034.5381   18.6630
   -7.5000   22.5000   37.500012409.2617   18.7283
    0.0000   22.5000   37.500012910.0420   18.7091
    7.5000   22.5000   37.500012329.6309   18.6993
   -7.5000   30.0000   37.500011609.2939   18.5629
    0.0000   30.0000   37.500012069.0098   18.5511
    7.5000   30.0000   37.500011537.2842   18.5368
   -7.5000   37.5000   37.500011185.3594   18.5702
    0.0000   37.5000   37.500011632.7090   18.5580
    7.5000   37.5000   37.500011106.7051   18.5388
   -7.5000   45.0000   37.500010342.0400   18.2648
    0.0000   45.0000   37.500010746.6035   18.2474
    7.5000   45.0000   37.500010253.6240   18.2271
   -7.5000  -45.0000   45.0000 8240.0264   19.4134
    0.0000  -45.0000   45.0000 8613.8477   19.3902
    7.5000  -45.0000   45.0000 8219.2568   19.3829
   -7.5000  -37.5000   45.0000 8932.6924   19.2460
    0.0000  -37.5000   45.0000 9365.7373   19.2175
    7.5000  -37.5000   45.0000 8910.8770   19.2158
   -7.5000  -30.0000   45.0000 9953.3350   19.1155
    0.0000  -30.0000   45.000010417.5889   19.0838
    7.5000  -30.0000   45.0000 9918.7285   19.0853
   -7.5000  -22.5000   45.000010915.3711   19.0508
    0.0000  -22.5000   45.000011415.0654   19.0226
    7.5000  -22.5000   45.000010874.4609   19.0210
   -7.5000  -15.0000   45.000011751.1787   19.0197
    0.0000  -15.0000   45.000012313.9756   18.9978
    7.5000  -15.0000   45.000011724.6270   18.9915
   -7.5000   -7.5000   45.000012485.7959   18.9658
    0.0000   -7.5000   45.000013057.4287   18.9467
    7.5000   -7.5000   45.000012437.4854   18.9376
   -7.5000    0.0000   45.000013077.5752   18.8710
    0.0000    0.0000   45.000013662.4766   18.8491
    7.5000    0.0000   45.000013024.0010   18.8418
   -7.5000    7.5000   45.000012658.8330   18.8284
    0.0000    7.5000   45.000013194.0400   18.8010
    7.5000    7.5000   45.000012609.0547   18.7989
   -7.5000   15.0000   45.000012082.1543   18.8057
    0.0000   15.0000   45.000012584.5293   18.7750
    7.5000   15.0000   45.000012033.6631   18.7762
   -7.5000   22.5000   45.000011431.7617   18.8356
    0.0000   22.5000   45.000011886.2070   18.8081
    7.5000   22.5000   45.000011371.3320   18.8064
   -7.5000   30.0000   45.000010701.0293   18.6704
    0.0000   30.0000   45.000011125.8350   18.6492
    7.5000   30.0000   45.000010637.1357   18.6427
   -7.5000   37.5000   45.000010324.6396   18.6828
    0.0000   37.5000   45.000010739.7510   18.6636
    7.5000   37.5000   45.000010263.2275   18.6543
   -7.5000   45.0000   45.0000 9572.6016   18.3875
    0.0000   45.0000   45.0000 9943.2607   18.3659
    7.5000   45.0000   45.0000 9497.6641   18.3571

---------------------------------------------------------------------
imgreg_4dfp /opt/freesurfer/average/711-2C_as_mni_average_305 /opt/freesurfer/average/711-2B_as_mni_average_305_mask talsrcimg_g11 none talsrcimg_to_711-2C_as_mni_average_305_t4 4355
---------------------------------------------------------------------

freesurfer imgreg_4dfp.c
/opt/freesurfer/average/711-2C_as_mni_average_305.4dfp.img
       256       256       256         1
  1.000000  1.000000  1.000000
orientation T byte_order littleendian
Reading image: /opt/freesurfer/average/711-2C_as_mni_average_305.4dfp.img
dimensions:      256       256       256
mmppix:       1.0000   -1.0000   -1.0000
center:     128.0000 -129.0000 -129.0000
/opt/freesurfer/average/711-2B_as_mni_average_305_mask.4dfp.img
       256       256       256         1
  1.000000  1.000000  1.000000
orientation T byte_order littleendian
Reading mask: /opt/freesurfer/average/711-2B_as_mni_average_305_mask.4dfp.img (2306576 pixels)
talsrcimg_g11.4dfp.img
       256       256       256         1
  1.000000  1.000000  1.000000
orientation T byte_order littleendian
Reading image: talsrcimg_g11.4dfp.img
dimensions:      256       256       256
mmppix:       1.0000   -1.0000   -1.0000
center:     128.0000 -129.0000 -129.0000
rotation matrix determinant  1.000000
image alignment mode   4355 decimal     1103 hex
   -7.5000  -45.0000  -45.0000 2015.1027   22.8757
    0.0000  -45.0000  -45.0000 2026.7139   22.7460
    7.5000  -45.0000  -45.0000 2009.5776   23.0124
   -7.5000  -37.5000  -45.0000 2094.2888   20.9243
    0.0000  -37.5000  -45.0000 2102.9661   20.8579
    7.5000  -37.5000  -45.0000 2083.6228   21.1134
   -7.5000  -30.0000  -45.0000 2155.3730   19.4742
    0.0000  -30.0000  -45.0000 2168.9075   19.4532
    7.5000  -30.0000  -45.0000 2147.2368   19.6689
   -7.5000  -22.5000  -45.0000 2209.8950   18.3737
    0.0000  -22.5000  -45.0000 2217.3164   18.3340
    7.5000  -22.5000  -45.0000 2198.6511   18.5593
   -7.5000  -15.0000  -45.0000 2248.2056   17.5371
    0.0000  -15.0000  -45.0000 2255.9934   17.5115
    7.5000  -15.0000  -45.0000 2233.1853   17.7073
   -7.5000   -7.5000  -45.0000 2262.2258   16.9715
    0.0000   -7.5000  -45.0000 2270.7986   16.9443
    7.5000   -7.5000  -45.0000 2247.4531   17.1210
   -7.5000    0.0000  -45.0000 2265.9438   16.6245
    0.0000    0.0000  -45.0000 2274.8347   16.5382
    7.5000    0.0000  -45.0000 2254.0928   16.7726
   -7.5000    7.5000  -45.0000 2263.9434   16.4722
    0.0000    7.5000  -45.0000 2273.9153   16.4006
    7.5000    7.5000  -45.0000 2253.1812   16.6264
   -7.5000   15.0000  -45.0000 2251.6829   16.7206
    0.0000   15.0000  -45.0000 2261.1609   16.6316
    7.5000   15.0000  -45.0000 2238.8706   16.8955
   -7.5000   22.5000  -45.0000 2214.5320   17.3417
    0.0000   22.5000  -45.0000 2229.7603   17.2609
    7.5000   22.5000  -45.0000 2205.8601   17.5249
   -7.5000   30.0000  -45.0000 2164.3682   18.2727
    0.0000   30.0000  -45.0000 2179.2808   18.2150
    7.5000   30.0000  -45.0000 2154.4497   18.4788
   -7.5000   37.5000  -45.0000 2096.5825   19.5651
    0.0000   37.5000  -45.0000 2106.1311   19.5211
    7.5000   37.5000  -45.0000 2083.8809   19.7949
   -7.5000   45.0000  -45.0000 2015.3146   21.2432
    0.0000   45.0000  -45.0000 2025.0068   21.1710
    7.5000   45.0000  -45.0000 2002.5930   21.5438
   -7.5000  -45.0000  -37.5000 2093.3303   21.1385
    0.0000  -45.0000  -37.5000 2108.0295   21.0395
    7.5000  -45.0000  -37.5000 2087.6458   21.2973
   -7.5000  -37.5000  -37.5000 2175.7441   19.3281
    0.0000  -37.5000  -37.5000 2194.8843   19.2583
    7.5000  -37.5000  -37.5000 2172.5710   19.4916
   -7.5000  -30.0000  -37.5000 2252.3389   17.9832
    0.0000  -30.0000  -37.5000 2263.8796   17.9447
    7.5000  -30.0000  -37.5000 2244.8152   18.1390
   -7.5000  -22.5000  -37.5000 2305.9658   16.9513
    0.0000  -22.5000  -37.5000 2314.0642   16.9419
    7.5000  -22.5000  -37.5000 2295.2659   17.1399
   -7.5000  -15.0000  -37.5000 2338.2048   16.1729
    0.0000  -15.0000  -37.5000 2351.0725   16.1558
    7.5000  -15.0000  -37.5000 2326.3948   16.3440
   -7.5000   -7.5000  -37.5000 2358.0693   15.6344
    0.0000   -7.5000  -37.5000 2368.5115   15.6013
    7.5000   -7.5000  -37.5000 2344.9043   15.7632
   -7.5000    0.0000  -37.5000 2360.4207   15.3238
    0.0000    0.0000  -37.5000 2372.6274   15.2830
    7.5000    0.0000  -37.5000 2349.8770   15.4644
   -7.5000    7.5000  -37.5000 2357.5103   15.2180
    0.0000    7.5000  -37.5000 2369.3606   15.1447
    7.5000    7.5000  -37.5000 2348.0034   15.3636
   -7.5000   15.0000  -37.5000 2343.1067   15.4084
    0.0000   15.0000  -37.5000 2353.7393   15.3287
    7.5000   15.0000  -37.5000 2330.9216   15.5687
   -7.5000   22.5000  -37.5000 2308.6707   15.9468
    0.0000   22.5000  -37.5000 2321.7314   15.8622
    7.5000   22.5000  -37.5000 2295.4866   16.1237
   -7.5000   30.0000  -37.5000 2257.4080   16.7982
    0.0000   30.0000  -37.5000 2268.4009   16.7171
    7.5000   30.0000  -37.5000 2243.6235   16.9783
   -7.5000   37.5000  -37.5000 2184.6577   17.9806
    0.0000   37.5000  -37.5000 2196.3894   17.9024
    7.5000   37.5000  -37.5000 2172.9189   18.1954
   -7.5000   45.0000  -37.5000 2097.6633   19.5089
    0.0000   45.0000  -37.5000 2105.2366   19.4493
    7.5000   45.0000  -37.5000 2084.5581   19.7934
   -7.5000  -45.0000  -30.0000 2212.9082   20.2320
    0.0000  -45.0000  -30.0000 2227.0210   20.2261
    7.5000  -45.0000  -30.0000 2203.5767   20.4129
   -7.5000  -37.5000  -30.0000 2303.5369   18.5235
    0.0000  -37.5000  -30.0000 2319.6694   18.4910
    7.5000  -37.5000  -30.0000 2296.7732   18.6561
   -7.5000  -30.0000  -30.0000 2381.7092   17.1938
    0.0000  -30.0000  -30.0000 2393.3679   17.1566
    7.5000  -30.0000  -30.0000 2372.1182   17.3482
   -7.5000  -22.5000  -30.0000 2435.2080   16.1586
    0.0000  -22.5000  -30.0000 2448.5120   16.1413
    7.5000  -22.5000  -30.0000 2424.6938   16.3284
   -7.5000  -15.0000  -30.0000 2476.0120   15.4089
    0.0000  -15.0000  -30.0000 2488.7715   15.3673
    7.5000  -15.0000  -30.0000 2465.2490   15.5377
   -7.5000   -7.5000  -30.0000 2501.8574   14.8874
    0.0000   -7.5000  -30.0000 2514.7290   14.8204
    7.5000   -7.5000  -30.0000 2489.5164   15.0010
   -7.5000    0.0000  -30.0000 2511.2966   14.6107
    0.0000    0.0000  -30.0000 2522.7271   14.5744
    7.5000    0.0000  -30.0000 2497.0706   14.7211
   -7.5000    7.5000  -30.0000 2508.8274   14.5332
    0.0000    7.5000  -30.0000 2519.1096   14.4662
    7.5000    7.5000  -30.0000 2494.1521   14.6434
   -7.5000   15.0000  -30.0000 2488.3821   14.7207
    0.0000   15.0000  -30.0000 2500.2476   14.6365
    7.5000   15.0000  -30.0000 2473.8608   14.8580
   -7.5000   22.5000  -30.0000 2453.3503   15.2087
    0.0000   22.5000  -30.0000 2466.1101   15.1313
    7.5000   22.5000  -30.0000 2439.1995   15.3731
   -7.5000   30.0000  -30.0000 2397.2119   16.0083
    0.0000   30.0000  -30.0000 2408.3381   15.9348
    7.5000   30.0000  -30.0000 2381.8289   16.1852
   -7.5000   37.5000  -30.0000 2319.1636   17.1269
    0.0000   37.5000  -30.0000 2331.5505   17.0524
    7.5000   37.5000  -30.0000 2305.5688   17.3154
   -7.5000   45.0000  -30.0000 2220.0527   18.6159
    0.0000   45.0000  -30.0000 2229.2886   18.5373
    7.5000   45.0000  -30.0000 2207.9365   18.8136
   -7.5000  -45.0000  -22.5000 2302.1506   19.4125
    0.0000  -45.0000  -22.5000 2315.2468   19.4063
    7.5000  -45.0000  -22.5000 2293.8140   19.5586
   -7.5000  -37.5000  -22.5000 2397.5361   17.7145
    0.0000  -37.5000  -22.5000 2410.5413   17.6871
    7.5000  -37.5000  -22.5000 2387.1985   17.8381
   -7.5000  -30.0000  -22.5000 2475.5293   16.3627
    0.0000  -30.0000  -22.5000 2489.9514   16.3460
    7.5000  -30.0000  -22.5000 2467.1091   16.5229
   -7.5000  -22.5000  -22.5000 2536.9580   15.3543
    0.0000  -22.5000  -22.5000 2547.8704   15.3411
    7.5000  -22.5000  -22.5000 2527.2952   15.4668
   -7.5000  -15.0000  -22.5000 2580.6931   14.6156
    0.0000  -15.0000  -22.5000 2586.4536   14.5700
    7.5000  -15.0000  -22.5000 2571.2161   14.7130
   -7.5000   -7.5000  -22.5000 2616.2729   14.0808
    0.0000   -7.5000  -22.5000 2623.1060   14.0341
    7.5000   -7.5000  -22.5000 2602.2241   14.1733
   -7.5000    0.0000  -22.5000 2636.2781   13.7932
    0.0000    0.0000  -22.5000 2646.5376   13.7396
    7.5000    0.0000  -22.5000 2616.4319   13.8807
   -7.5000    7.5000  -22.5000 2639.8486   13.7463
    0.0000    7.5000  -22.5000 2648.7830   13.6769
    7.5000    7.5000  -22.5000 2618.0969   13.8351
   -7.5000   15.0000  -22.5000 2619.2061   13.9366
    0.0000   15.0000  -22.5000 2631.9478   13.8595
    7.5000   15.0000  -22.5000 2602.4712   14.0528
   -7.5000   22.5000  -22.5000 2578.4211   14.3990
    0.0000   22.5000  -22.5000 2595.5676   14.3223
    7.5000   22.5000  -22.5000 2564.1350   14.5408
   -7.5000   30.0000  -22.5000 2513.9414   15.1607
    0.0000   30.0000  -22.5000 2528.0796   15.0902
    7.5000   30.0000  -22.5000 2496.4749   15.3141
   -7.5000   37.5000  -22.5000 2424.7458   16.2238
    0.0000   37.5000  -22.5000 2436.3752   16.1511
    7.5000   37.5000  -22.5000 2410.2556   16.3708
   -7.5000   45.0000  -22.5000 2317.5115   17.6454
    0.0000   45.0000  -22.5000 2326.9292   17.5754
    7.5000   45.0000  -22.5000 2305.6792   17.8360
   -7.5000  -45.0000  -15.0000 2355.2139   18.6779
    0.0000  -45.0000  -15.0000 2368.4590   18.6217
    7.5000  -45.0000  -15.0000 2346.4609   18.7692
   -7.5000  -37.5000  -15.0000 2451.5203   16.9430
    0.0000  -37.5000  -15.0000 2466.7710   16.9240
    7.5000  -37.5000  -15.0000 2448.0120   17.0790
   -7.5000  -30.0000  -15.0000 2534.8943   15.5980
    0.0000  -30.0000  -15.0000 2546.4050   15.5813
    7.5000  -30.0000  -15.0000 2524.7327   15.7150
   -7.5000  -22.5000  -15.0000 2603.7642   14.5721
    0.0000  -22.5000  -15.0000 2615.1191   14.5395
    7.5000  -22.5000  -15.0000 2592.8625   14.6939
   -7.5000  -15.0000  -15.0000 2658.4800   13.8256
    0.0000  -15.0000  -15.0000 2670.0879   13.7919
    7.5000  -15.0000  -15.0000 2647.1943   13.9474
   -7.5000   -7.5000  -15.0000 2703.3589   13.3158
    0.0000   -7.5000  -15.0000 2711.3059   13.2664
    7.5000   -7.5000  -15.0000 2687.7361   13.4195
   -7.5000    0.0000  -15.0000 2733.8965   13.0196
    0.0000    0.0000  -15.0000 2744.2886   12.9613
    7.5000    0.0000  -15.0000 2711.6306   13.1013
   -7.5000    7.5000  -15.0000 2745.9980   12.9816
    0.0000    7.5000  -15.0000 2754.9363   12.9106
    7.5000    7.5000  -15.0000 2721.8271   13.0618
   -7.5000   15.0000  -15.0000 2728.5024   13.1765
    0.0000   15.0000  -15.0000 2745.0979   13.1028
    7.5000   15.0000  -15.0000 2711.1636   13.2728
   -7.5000   22.5000  -15.0000 2684.8049   13.6337
    0.0000   22.5000  -15.0000 2702.3997   13.5596
    7.5000   22.5000  -15.0000 2664.2185   13.7510
   -7.5000   30.0000  -15.0000 2610.2551   14.3624
    0.0000   30.0000  -15.0000 2625.2607   14.2933
    7.5000   30.0000  -15.0000 2589.1411   14.4937
   -7.5000   37.5000  -15.0000 2511.5557   15.3954
    0.0000   37.5000  -15.0000 2522.0957   15.3123
    7.5000   37.5000  -15.0000 2493.4109   15.5254
   -7.5000   45.0000  -15.0000 2395.2136   16.7761
    0.0000   45.0000  -15.0000 2403.9565   16.6907
    7.5000   45.0000  -15.0000 2380.5325   16.9197
   -7.5000  -45.0000   -7.5000 2387.6030   18.0539
    0.0000  -45.0000   -7.5000 2401.6121   17.9595
    7.5000  -45.0000   -7.5000 2377.0447   18.2147
   -7.5000  -37.5000   -7.5000 2485.9712   16.2862
    0.0000  -37.5000   -7.5000 2502.4841   16.2311
    7.5000  -37.5000   -7.5000 2480.0908   16.4597
   -7.5000  -30.0000   -7.5000 2569.4155   14.9166
    0.0000  -30.0000   -7.5000 2584.1926   14.8733
    7.5000  -30.0000   -7.5000 2561.0371   15.0688
   -7.5000  -22.5000   -7.5000 2650.3362   13.8829
    0.0000  -22.5000   -7.5000 2663.5403   13.8417
    7.5000  -22.5000   -7.5000 2640.1069   14.0276
   -7.5000  -15.0000   -7.5000 2716.7773   13.1491
    0.0000  -15.0000   -7.5000 2729.1428   13.1043
    7.5000  -15.0000   -7.5000 2704.3992   13.2710
   -7.5000   -7.5000   -7.5000 2775.3396   12.6466
    0.0000   -7.5000   -7.5000 2787.1970   12.5797
    7.5000   -7.5000   -7.5000 2758.3235   12.7532
   -7.5000    0.0000   -7.5000 2820.7715   12.3423
    0.0000    0.0000   -7.5000 2832.4734   12.2538
    7.5000    0.0000   -7.5000 2794.8193   12.4364
   -7.5000    7.5000   -7.5000 2835.5264   12.2931
    0.0000    7.5000   -7.5000 2852.8210   12.2106
    7.5000    7.5000   -7.5000 2809.5813   12.3818
   -7.5000   15.0000   -7.5000 2821.6760   12.4679
    0.0000   15.0000   -7.5000 2843.4709   12.3896
    7.5000   15.0000   -7.5000 2804.7625   12.5438
   -7.5000   22.5000   -7.5000 2770.8037   12.9140
    0.0000   22.5000   -7.5000 2790.6355   12.8375
    7.5000   22.5000   -7.5000 2751.0803   13.0191
   -7.5000   30.0000   -7.5000 2683.0869   13.6420
    0.0000   30.0000   -7.5000 2702.4595   13.5627
    7.5000   30.0000   -7.5000 2662.1797   13.7532
   -7.5000   37.5000   -7.5000 2574.4619   14.6489
    0.0000   37.5000   -7.5000 2588.5789   14.5672
    7.5000   37.5000   -7.5000 2554.4236   14.7679
   -7.5000   45.0000   -7.5000 2449.7437   16.0133
    0.0000   45.0000   -7.5000 2463.0085   15.9166
    7.5000   45.0000   -7.5000 2433.0413   16.1296
   -7.5000  -45.0000    0.0000 2397.2129   17.6953
    0.0000  -45.0000    0.0000 2417.4087   17.5649
    7.5000  -45.0000    0.0000 2391.0989   17.9019
   -7.5000  -37.5000    0.0000 2498.7319   15.8498
    0.0000  -37.5000    0.0000 2518.1858   15.7628
    7.5000  -37.5000    0.0000 2494.9155   16.0788
   -7.5000  -30.0000    0.0000 2584.5920   14.4509
    0.0000  -30.0000    0.0000 2603.4470   14.3501
    7.5000  -30.0000    0.0000 2579.9663   14.6405
   -7.5000  -22.5000    0.0000 2669.9136   13.4011
    0.0000  -22.5000    0.0000 2681.0137   13.3325
    7.5000  -22.5000    0.0000 2659.2769   13.5659
   -7.5000  -15.0000    0.0000 2752.5872   12.6748
    0.0000  -15.0000    0.0000 2765.8948   12.6001
    7.5000  -15.0000    0.0000 2737.9072   12.7897
   -7.5000   -7.5000    0.0000 2829.7566   12.1786
    0.0000   -7.5000    0.0000 2844.7979   12.0895
    7.5000   -7.5000    0.0000 2811.2578   12.2845
   -7.5000    0.0000    0.0000 2893.8040   11.8519
    0.0000    0.0000    0.0000 2915.6216   11.7457
    7.5000    0.0000    0.0000 2866.6069   11.9680
   -7.5000    7.5000    0.0000 2918.1970   11.8010
    0.0000    7.5000    0.0000 2951.2966   11.6921
    7.5000    7.5000    0.0000 2889.2527   11.9202
   -7.5000   15.0000    0.0000 2897.2510   11.9689
    0.0000   15.0000    0.0000 2927.4629   11.8658
    7.5000   15.0000    0.0000 2875.0359   12.0706
   -7.5000   22.5000    0.0000 2839.4062   12.3608
    0.0000   22.5000    0.0000 2860.7515   12.2694
    7.5000   22.5000    0.0000 2817.3376   12.4801
   -7.5000   30.0000    0.0000 2739.0498   13.0765
    0.0000   30.0000    0.0000 2763.5977   12.9742
    7.5000   30.0000    0.0000 2720.2263   13.1997
   -7.5000   37.5000    0.0000 2617.0471   14.1120
    0.0000   37.5000    0.0000 2636.7815   13.9987
    7.5000   37.5000    0.0000 2597.0645   14.2374
   -7.5000   45.0000    0.0000 2484.4712   15.4510
    0.0000   45.0000    0.0000 2498.9751   15.3571
    7.5000   45.0000    0.0000 2462.8162   15.6141
   -7.5000  -45.0000    7.5000 2392.3501   17.5575
    0.0000  -45.0000    7.5000 2418.8491   17.4222
    7.5000  -45.0000    7.5000 2389.4653   17.7789
   -7.5000  -37.5000    7.5000 2496.9910   15.6777
    0.0000  -37.5000    7.5000 2515.1331   15.5343
    7.5000  -37.5000    7.5000 2492.6289   15.8889
   -7.5000  -30.0000    7.5000 2591.2905   14.2279
    0.0000  -30.0000    7.5000 2604.8081   14.0887
    7.5000  -30.0000    7.5000 2582.8127   14.4073
   -7.5000  -22.5000    7.5000 2680.0354   13.1376
    0.0000  -22.5000    7.5000 2692.8728   13.0242
    7.5000  -22.5000    7.5000 2671.1228   13.3170
   -7.5000  -15.0000    7.5000 2770.2493   12.3830
    0.0000  -15.0000    7.5000 2787.6609   12.2587
    7.5000  -15.0000    7.5000 2755.7620   12.5265
   -7.5000   -7.5000    7.5000 2863.0620   11.9050
    0.0000   -7.5000    7.5000 2885.4084   11.7597
    7.5000   -7.5000    7.5000 2845.5247   12.0126
   -7.5000    0.0000    7.5000 2939.3616   11.5884
    0.0000    0.0000    7.5000 2978.9609   11.4612
    7.5000    0.0000    7.5000 2914.1970   11.7056
   -7.5000    7.5000    7.5000 2982.7300   11.5168
    0.0000    7.5000    7.5000 3031.8945   11.3890
    7.5000    7.5000    7.5000 2949.4512   11.6461
   -7.5000   15.0000    7.5000 2956.4192   11.6706
    0.0000   15.0000    7.5000 2994.4006   11.5427
    7.5000   15.0000    7.5000 2922.8655   11.7974
   -7.5000   22.5000    7.5000 2879.9414   12.0483
    0.0000   22.5000    7.5000 2907.4187   11.9297
    7.5000   22.5000    7.5000 2857.1348   12.1807
   -7.5000   30.0000    7.5000 2769.7207   12.7491
    0.0000   30.0000    7.5000 2795.3660   12.6390
    7.5000   30.0000    7.5000 2752.0818   12.8707
   -7.5000   37.5000    7.5000 2640.3005   13.7916
    0.0000   37.5000    7.5000 2662.8408   13.6839
    7.5000   37.5000    7.5000 2624.3689   13.9017
   -7.5000   45.0000    7.5000 2501.1150   15.1232
    0.0000   45.0000    7.5000 2516.6404   15.0466
    7.5000   45.0000    7.5000 2481.9287   15.2842
   -7.5000  -45.0000   15.0000 2380.7092   17.6331
    0.0000  -45.0000   15.0000 2406.6682   17.4921
    7.5000  -45.0000   15.0000 2381.2031   17.8275
   -7.5000  -37.5000   15.0000 2486.1787   15.7121
    0.0000  -37.5000   15.0000 2502.9460   15.5515
    7.5000  -37.5000   15.0000 2479.6157   15.8735
   -7.5000  -30.0000   15.0000 2579.0696   14.2051
    0.0000  -30.0000   15.0000 2594.7407   14.0477
    7.5000  -30.0000   15.0000 2572.5388   14.3888
   -7.5000  -22.5000   15.0000 2672.9377   13.1018
    0.0000  -22.5000   15.0000 2691.9622   12.9515
    7.5000  -22.5000   15.0000 2662.5916   13.2792
   -7.5000  -15.0000   15.0000 2766.1516   12.3202
    0.0000  -15.0000   15.0000 2788.1599   12.1402
    7.5000  -15.0000   15.0000 2753.0251   12.4827
   -7.5000   -7.5000   15.0000 2861.0232   11.8495
    0.0000   -7.5000   15.0000 2892.3040   11.6598
    7.5000   -7.5000   15.0000 2842.9968   11.9804
   -7.5000    0.0000   15.0000 2940.5669   11.5463
    0.0000    0.0000   15.0000 2986.7202   11.4035
    7.5000    0.0000   15.0000 2917.6965   11.6616
   -7.5000    7.5000   15.0000 2991.9688   11.4683
    0.0000    7.5000   15.0000 3046.8132   11.3179
    7.5000    7.5000   15.0000 2958.7356   11.5677
   -7.5000   15.0000   15.0000 2966.2517   11.6169
    0.0000   15.0000   15.0000 3006.8242   11.4720
    7.5000   15.0000   15.0000 2935.5464   11.7182
   -7.5000   22.5000   15.0000 2882.5774   11.9973
    0.0000   22.5000   15.0000 2914.7383   11.8686
    7.5000   22.5000   15.0000 2866.3750   12.1107
   -7.5000   30.0000   15.0000 2771.0120   12.6871
    0.0000   30.0000   15.0000 2795.3711   12.5646
    7.5000   30.0000   15.0000 2758.0649   12.7843
   -7.5000   37.5000   15.0000 2638.7373   13.6881
    0.0000   37.5000   15.0000 2659.8459   13.5787
    7.5000   37.5000   15.0000 2628.9766   13.7752
   -7.5000   45.0000   15.0000 2499.5110   14.9662
    0.0000   45.0000   15.0000 2514.5828   14.8744
    7.5000   45.0000   15.0000 2486.5791   15.1050
   -7.5000  -45.0000   22.5000 2364.7632   17.8907
    0.0000  -45.0000   22.5000 2388.3542   17.7350
    7.5000  -45.0000   22.5000 2365.9976   18.0455
   -7.5000  -37.5000   22.5000 2469.3303   15.9167
    0.0000  -37.5000   22.5000 2489.2717   15.7286
    7.5000  -37.5000   22.5000 2465.6226   16.0438
   -7.5000  -30.0000   22.5000 2561.2200   14.4119
    0.0000  -30.0000   22.5000 2580.9736   14.2122
    7.5000  -30.0000   22.5000 2555.0605   14.5521
   -7.5000  -22.5000   22.5000 2656.8535   13.3133
    0.0000  -22.5000   22.5000 2676.1560   13.1342
    7.5000  -22.5000   22.5000 2648.3987   13.4603
   -7.5000  -15.0000   22.5000 2749.2949   12.5332
    0.0000  -15.0000   22.5000 2768.6138   12.3536
    7.5000  -15.0000   22.5000 2736.9526   12.6813
   -7.5000   -7.5000   22.5000 2837.9998   12.0429
    0.0000   -7.5000   22.5000 2864.2776   11.8874
    7.5000   -7.5000   22.5000 2825.2585   12.1631
   -7.5000    0.0000   22.5000 2906.2441   11.7361
    0.0000    0.0000   22.5000 2946.7417   11.5850
    7.5000    0.0000   22.5000 2891.0789   11.8411
   -7.5000    7.5000   22.5000 2947.5479   11.6788
    0.0000    7.5000   22.5000 2985.2222   11.5301
    7.5000    7.5000   22.5000 2924.8345   11.7733
   -7.5000   15.0000   22.5000 2925.5027   11.8391
    0.0000   15.0000   22.5000 2962.6631   11.7001
    7.5000   15.0000   22.5000 2907.8906   11.9176
   -7.5000   22.5000   22.5000 2845.4465   12.2425
    0.0000   22.5000   22.5000 2877.0359   12.1171
    7.5000   22.5000   22.5000 2835.4551   12.3183
   -7.5000   30.0000   22.5000 2740.7329   12.8934
    0.0000   30.0000   22.5000 2765.8694   12.7819
    7.5000   30.0000   22.5000 2733.4534   12.9742
   -7.5000   37.5000   22.5000 2614.7812   13.8282
    0.0000   37.5000   22.5000 2634.7529   13.7150
    7.5000   37.5000   22.5000 2610.8347   13.9142
   -7.5000   45.0000   22.5000 2478.4866   15.0390
    0.0000   45.0000   22.5000 2493.2168   14.9438
    7.5000   45.0000   22.5000 2472.9302   15.1691
   -7.5000  -45.0000   30.0000 2334.1838   18.3163
    0.0000  -45.0000   30.0000 2354.6357   18.1694
    7.5000  -45.0000   30.0000 2336.3083   18.4481
   -7.5000  -37.5000   30.0000 2448.3311   16.3149
    0.0000  -37.5000   30.0000 2466.5457   16.1770
    7.5000  -37.5000   30.0000 2441.3650   16.4317
   -7.5000  -30.0000   30.0000 2539.7393   14.8200
    0.0000  -30.0000   30.0000 2557.8718   14.6601
    7.5000  -30.0000   30.0000 2531.7285   14.9372
   -7.5000  -22.5000   30.0000 2629.2610   13.7220
    0.0000  -22.5000   30.0000 2650.4380   13.5654
    7.5000  -22.5000   30.0000 2623.0967   13.8597
   -7.5000  -15.0000   30.0000 2718.7397   12.9651
    0.0000  -15.0000   30.0000 2738.3708   12.8118
    7.5000  -15.0000   30.0000 2706.3530   13.0916
   -7.5000   -7.5000   30.0000 2796.7578   12.4780
    0.0000   -7.5000   30.0000 2821.1680   12.3342
    7.5000   -7.5000   30.0000 2784.4360   12.5670
   -7.5000    0.0000   30.0000 2851.4094   12.1754
    0.0000    0.0000   30.0000 2879.4993   12.0213
    7.5000    0.0000   30.0000 2837.7869   12.2634
   -7.5000    7.5000   30.0000 2868.0549   12.1434
    0.0000    7.5000   30.0000 2894.6567   11.9971
    7.5000    7.5000   30.0000 2854.1609   12.2145
   -7.5000   15.0000   30.0000 2853.0486   12.2830
    0.0000   15.0000   30.0000 2880.8955   12.1608
    7.5000   15.0000   30.0000 2837.2539   12.3584
   -7.5000   22.5000   30.0000 2784.7747   12.6929
    0.0000   22.5000   30.0000 2808.3044   12.5708
    7.5000   22.5000   30.0000 2774.4595   12.7587
   -7.5000   30.0000   30.0000 2684.5205   13.3288
    0.0000   30.0000   30.0000 2707.0142   13.2065
    7.5000   30.0000   30.0000 2681.6633   13.3934
   -7.5000   37.5000   30.0000 2569.0767   14.2237
    0.0000   37.5000   30.0000 2586.5647   14.0970
    7.5000   37.5000   30.0000 2565.7930   14.3034
   -7.5000   45.0000   30.0000 2438.4565   15.3677
    0.0000   45.0000   30.0000 2455.6885   15.2648
    7.5000   45.0000   30.0000 2435.1704   15.4799
   -7.5000  -45.0000   37.5000 2290.3733   18.9610
    0.0000  -45.0000   37.5000 2304.4744   18.8474
    7.5000  -45.0000   37.5000 2290.9939   19.1070
   -7.5000  -37.5000   37.5000 2407.3972   16.9297
    0.0000  -37.5000   37.5000 2424.8853   16.8136
    7.5000  -37.5000   37.5000 2402.6235   17.0576
   -7.5000  -30.0000   37.5000 2507.6399   15.4002
    0.0000  -30.0000   37.5000 2527.2688   15.2551
    7.5000  -30.0000   37.5000 2500.3667   15.5002
   -7.5000  -22.5000   37.5000 2594.5459   14.2997
    0.0000  -22.5000   37.5000 2618.2930   14.1672
    7.5000  -22.5000   37.5000 2587.6025   14.4270
   -7.5000  -15.0000   37.5000 2670.4290   13.5701
    0.0000  -15.0000   37.5000 2694.7048   13.4545
    7.5000  -15.0000   37.5000 2660.9231   13.6828
   -7.5000   -7.5000   37.5000 2737.9966   13.1048
    0.0000   -7.5000   37.5000 2763.4387   12.9657
    7.5000   -7.5000   37.5000 2727.9277   13.1820
   -7.5000    0.0000   37.5000 2781.9448   12.8197
    0.0000    0.0000   37.5000 2807.7036   12.6867
    7.5000    0.0000   37.5000 2768.7048   12.8899
   -7.5000    7.5000   37.5000 2785.3142   12.7855
    0.0000    7.5000   37.5000 2805.4641   12.6685
    7.5000    7.5000   37.5000 2775.1709   12.8494
   -7.5000   15.0000   37.5000 2760.5935   12.9290
    0.0000   15.0000   37.5000 2782.2842   12.8184
    7.5000   15.0000   37.5000 2750.6421   13.0032
   -7.5000   22.5000   37.5000 2700.5620   13.3183
    0.0000   22.5000   37.5000 2721.7493   13.1975
    7.5000   22.5000   37.5000 2694.4436   13.3825
   -7.5000   30.0000   37.5000 2612.3181   13.9298
    0.0000   30.0000   37.5000 2630.9514   13.8133
    7.5000   30.0000   37.5000 2610.2434   13.9944
   -7.5000   37.5000   37.5000 2509.8342   14.7616
    0.0000   37.5000   37.5000 2529.7378   14.6701
    7.5000   37.5000   37.5000 2508.0896   14.8562
   -7.5000   45.0000   37.5000 2386.4380   15.9225
    0.0000   45.0000   37.5000 2405.6602   15.8052
    7.5000   45.0000   37.5000 2385.5427   16.0093
   -7.5000  -45.0000   45.0000 2238.1626   19.9320
    0.0000  -45.0000   45.0000 2252.1111   19.7890
    7.5000  -45.0000   45.0000 2238.2932   20.0433
   -7.5000  -37.5000   45.0000 2352.2468   17.8199
    0.0000  -37.5000   45.0000 2374.0830   17.7068
    7.5000  -37.5000   45.0000 2351.8013   17.9187
   -7.5000  -30.0000   45.0000 2457.9070   16.2173
    0.0000  -30.0000   45.0000 2478.5774   16.1133
    7.5000  -30.0000   45.0000 2455.1577   16.3285
   -7.5000  -22.5000   45.0000 2542.0557   15.1135
    0.0000  -22.5000   45.0000 2562.9487   14.9997
    7.5000  -22.5000   45.0000 2533.9705   15.2333
   -7.5000  -15.0000   45.0000 2607.5461   14.3843
    0.0000  -15.0000   45.0000 2634.4460   14.2966
    7.5000  -15.0000   45.0000 2602.4587   14.5027
   -7.5000   -7.5000   45.0000 2665.5137   13.9259
    0.0000   -7.5000   45.0000 2692.0889   13.8244
    7.5000   -7.5000   45.0000 2656.3391   14.0209
   -7.5000    0.0000   45.0000 2696.4043   13.6526
    0.0000    0.0000   45.0000 2720.5100   13.5622
    7.5000    0.0000   45.0000 2686.3220   13.7309
   -7.5000    7.5000   45.0000 2693.4919   13.6210
    0.0000    7.5000   45.0000 2711.5649   13.5163
    7.5000    7.5000   45.0000 2685.0549   13.6905
   -7.5000   15.0000   45.0000 2664.1956   13.7610
    0.0000   15.0000   45.0000 2680.9836   13.6718
    7.5000   15.0000   45.0000 2658.1736   13.8410
   -7.5000   22.5000   45.0000 2610.8945   14.1073
    0.0000   22.5000   45.0000 2626.8030   14.0138
    7.5000   22.5000   45.0000 2607.2415   14.1760
   -7.5000   30.0000   45.0000 2533.3911   14.6755
    0.0000   30.0000   45.0000 2548.5632   14.5640
    7.5000   30.0000   45.0000 2529.1089   14.7434
   -7.5000   37.5000   45.0000 2442.4634   15.4725
    0.0000   37.5000   45.0000 2455.5583   15.3798
    7.5000   37.5000   45.0000 2441.8823   15.5624
   -7.5000   45.0000   45.0000 2328.9314   16.6277
    0.0000   45.0000   45.0000 2341.9695   16.5191
    7.5000   45.0000   45.0000 2327.3147   16.7068

---------------------------------------------------------------------
imgreg_4dfp /opt/freesurfer/average/711-2C_as_mni_average_305 /opt/freesurfer/average/711-2B_as_mni_average_305_mask talsrcimg_g11 none talsrcimg_to_711-2C_as_mni_average_305_t4 1283
---------------------------------------------------------------------

freesurfer imgreg_4dfp.c
/opt/freesurfer/average/711-2C_as_mni_average_305.4dfp.img
       256       256       256         1
  1.000000  1.000000  1.000000
orientation T byte_order littleendian
Reading image: /opt/freesurfer/average/711-2C_as_mni_average_305.4dfp.img
dimensions:      256       256       256
mmppix:       1.0000   -1.0000   -1.0000
center:     128.0000 -129.0000 -129.0000
/opt/freesurfer/average/711-2B_as_mni_average_305_mask.4dfp.img
       256       256       256         1
  1.000000  1.000000  1.000000
orientation T byte_order littleendian
Reading mask: /opt/freesurfer/average/711-2B_as_mni_average_305_mask.4dfp.img (2306576 pixels)
talsrcimg_g11.4dfp.img
       256       256       256         1
  1.000000  1.000000  1.000000
orientation T byte_order littleendian
Reading image: talsrcimg_g11.4dfp.img
dimensions:      256       256       256
mmppix:       1.0000   -1.0000   -1.0000
center:     128.0000 -129.0000 -129.0000
rotation matrix determinant  1.000000
fimgreg.f
image alignment mode   1283 decimal      503 hex
parameters
    0.0000    7.5000   15.0000    0.0000    0.0000    0.0000
eta,q 0.95592 11.31618
niter,ni,del,rscale     5    3   12.0000    1.2000
parameter  4  1.062553 ->  0.500000 qaram    1.1500
parameters
   -0.9009    9.0344   12.6593   -3.4500    0.8901    1.9524
eta,q 0.96122 11.25975
  0.0579  0.0600  0.0465  0.0395  0.0500  0.0468
  0.0508  0.0530  0.0434  0.0394  0.0455  0.0439
  0.0460  0.0480  0.0434  0.0408  0.0417  0.0412
  0.0457  0.0452  0.0448  0.0431  0.0397  0.0394
  0.0500  0.0447  0.0474  0.0460  0.0396  0.0388
  0.0582  0.0462  0.0520  0.0497  0.0417  0.0395
  0.0671  0.0501  0.0587  0.0534  0.0458  0.0413
niter,ni,del,rscale     5    3   12.0000    1.2000
parameters
   -1.2141    9.7144   12.2429   -5.1509    0.7900    2.1825
eta,q 0.96176 11.26275
  0.0561  0.0537  0.0471  0.0423  0.0466  0.0432
  0.0472  0.0465  0.0419  0.0400  0.0425  0.0407
  0.0408  0.0410  0.0391  0.0383  0.0395  0.0388
  0.0388  0.0387  0.0386  0.0385  0.0382  0.0382
  0.0423  0.0394  0.0404  0.0407  0.0393  0.0387
  0.0503  0.0428  0.0440  0.0446  0.0427  0.0402
  0.0596  0.0482  0.0495  0.0496  0.0474  0.0425
niter,ni,del,rscale     4    3   12.0000    1.2000
parameters
   -1.2319   10.0155   12.0005   -5.5710    0.7483    2.2911
eta,q 0.96158 11.26716
  0.0574  0.0515  0.0474  0.0436  0.0469  0.0429
  0.0480  0.0437  0.0422  0.0416  0.0429  0.0406
  0.0411  0.0388  0.0392  0.0393  0.0398  0.0390
  0.0382  0.0382  0.0384  0.0383  0.0384  0.0384
  0.0408  0.0399  0.0400  0.0390  0.0394  0.0388
  0.0484  0.0432  0.0434  0.0416  0.0428  0.0404
  0.0576  0.0478  0.0487  0.0462  0.0474  0.0426
niter,ni,del,rscale     3    3   12.0000    1.2000
parameters
   -1.2362   10.1083   11.9416   -5.6718    0.7311    2.3370
eta,q 0.96152 11.26803
  0.0575  0.0503  0.0481  0.0439  0.0470  0.0428
  0.0482  0.0427  0.0428  0.0419  0.0430  0.0406
  0.0413  0.0385  0.0395  0.0397  0.0399  0.0390
  0.0384  0.0384  0.0385  0.0384  0.0385  0.0385
  0.0409  0.0403  0.0399  0.0387  0.0394  0.0389
  0.0484  0.0436  0.0432  0.0410  0.0428  0.0405
  0.0576  0.0481  0.0483  0.0454  0.0475  0.0427
niter,ni,del,rscale     2    3   12.0000    1.2000
parameters
   -1.2359   10.1316   11.9233   -5.6921    0.7226    2.3506
eta,q 0.96151 11.26840
  0.0576  0.0500  0.0482  0.0440  0.0471  0.0427
  0.0482  0.0424  0.0429  0.0420  0.0430  0.0406
  0.0413  0.0385  0.0396  0.0398  0.0400  0.0390
  0.0385  0.0385  0.0385  0.0385  0.0385  0.0385
  0.0409  0.0405  0.0398  0.0387  0.0394  0.0389
  0.0484  0.0437  0.0431  0.0409  0.0428  0.0405
  0.0576  0.0482  0.0482  0.0452  0.0475  0.0427
registration optimization eta report
parameter search radius
    6.0000    6.0000    6.0000    6.9000    6.0000    6.0000
100000*second partial in parameter space
       52.       30.       27.       13.       24.       12.
  0.0576  0.0500  0.0482  0.0440  0.0471  0.0427
  0.0482  0.0424  0.0429  0.0420  0.0430  0.0406
  0.0413  0.0385  0.0396  0.0398  0.0400  0.0390
  0.0385  0.0385  0.0385  0.0385  0.0385  0.0385
  0.0409  0.0405  0.0398  0.0387  0.0394  0.0389
  0.0484  0.0437  0.0431  0.0409  0.0428  0.0405
  0.0576  0.0482  0.0482  0.0452  0.0475  0.0427
   -1.2359   10.1316   11.9233   -5.6921    0.7226    2.3506
eta,q 0.96151 11.26840

---------------------------------------------------------------------
imgreg_4dfp /opt/freesurfer/average/711-2C_as_mni_average_305 /opt/freesurfer/average/711-2B_as_mni_average_305_mask talsrcimg_g11 none talsrcimg_to_711-2C_as_mni_average_305_t4 3335
---------------------------------------------------------------------

freesurfer imgreg_4dfp.c
/opt/freesurfer/average/711-2C_as_mni_average_305.4dfp.img
       256       256       256         1
  1.000000  1.000000  1.000000
orientation T byte_order littleendian
Reading image: /opt/freesurfer/average/711-2C_as_mni_average_305.4dfp.img
dimensions:      256       256       256
mmppix:       1.0000   -1.0000   -1.0000
center:     128.0000 -129.0000 -129.0000
/opt/freesurfer/average/711-2B_as_mni_average_305_mask.4dfp.img
       256       256       256         1
  1.000000  1.000000  1.000000
orientation T byte_order littleendian
Reading mask: /opt/freesurfer/average/711-2B_as_mni_average_305_mask.4dfp.img (2306576 pixels)
talsrcimg_g11.4dfp.img
       256       256       256         1
  1.000000  1.000000  1.000000
orientation T byte_order littleendian
Reading image: talsrcimg_g11.4dfp.img
dimensions:      256       256       256
mmppix:       1.0000   -1.0000   -1.0000
center:     128.0000 -129.0000 -129.0000
fimgreg.f
image alignment mode   3335 decimal      D07 hex
parameters
   -1.2359   10.1316   11.9233   -0.0921   -0.5717   -0.5010
   -3.9562   -1.6607    4.1011    9.8584    1.2612   -9.9175
eta,q 0.96372 11.29808
niter,ni,del,rscale     5    3    5.0000    1.2000
parameter  4  0.933669 ->  0.500000 qaram    1.1500
parameter  5  1.567246 ->  0.500000 qaram    1.1500
parameter  6  0.523784 ->  0.500000 qaram    1.1500
parameters
   -1.2870    9.5888   11.6389   -4.2321   -4.7117   -4.6410
   -2.2562   -0.4918    4.4364    6.3609    1.8526   -8.8975
eta,q 0.97147 10.54264
  0.0397  0.0374  0.0376  0.0327  0.0290  0.0301  0.0326  0.0350  0.0308  0.0294  0.0298  0.0300
  0.0378  0.0365  0.0367  0.0329  0.0300  0.0296  0.0312  0.0323  0.0300  0.0287  0.0291  0.0293
  0.0366  0.0361  0.0362  0.0340  0.0314  0.0295  0.0301  0.0304  0.0295  0.0286  0.0287  0.0288
  0.0363  0.0363  0.0361  0.0361  0.0331  0.0304  0.0295  0.0294  0.0292  0.0292  0.0286  0.0286
  0.0368  0.0368  0.0365  0.0394  0.0354  0.0323  0.0294  0.0294  0.0293  0.0303  0.0286  0.0286
  0.0380  0.0378  0.0373  0.0434  0.0381  0.0354  0.0298  0.0304  0.0298  0.0318  0.0289  0.0289
  0.0400  0.0392  0.0384  0.0480  0.0412  0.0393  0.0307  0.0323  0.0306  0.0337  0.0294  0.0294
niter,ni,del,rscale     7    3    5.0000    1.2000
parameter  5  0.853782 ->  0.500000 qaram    1.3225
parameters
   -1.2617    9.8785   11.0987   -6.8354   -9.4727   -5.6811
   -2.5599   -0.6350    4.2276    7.0843    1.8773  -10.1395
eta,q 0.97335 10.09846
  0.0318  0.0313  0.0293  0.0298  0.0265  0.0292  0.0287  0.0302  0.0280  0.0298  0.0274  0.0274
  0.0300  0.0299  0.0287  0.0288  0.0266  0.0278  0.0275  0.0283  0.0273  0.0282  0.0270  0.0270
  0.0289  0.0290  0.0284  0.0283  0.0271  0.0269  0.0269  0.0270  0.0268  0.0272  0.0268  0.0267
  0.0285  0.0285  0.0285  0.0284  0.0282  0.0267  0.0267  0.0267  0.0267  0.0267  0.0267  0.0267
  0.0289  0.0286  0.0289  0.0295  0.0299  0.0271  0.0270  0.0271  0.0269  0.0268  0.0267  0.0269
  0.0299  0.0292  0.0296  0.0322  0.0323  0.0286  0.0278  0.0284  0.0274  0.0275  0.0270  0.0275
  0.0317  0.0302  0.0306  0.0360  0.0351  0.0316  0.0290  0.0305  0.0282  0.0287  0.0274  0.0282
niter,ni,del,rscale     7    3    5.0000    1.2000
parameters
   -1.1117   10.1992   10.8806   -7.2438  -12.4199   -5.8302
   -2.5514   -0.5094    4.7210    8.3430    1.3579  -10.5524
eta,q 0.97376  9.92883
  0.0298  0.0292  0.0277  0.0290  0.0277  0.0293  0.0284  0.0299  0.0277  0.0294  0.0268  0.0272
  0.0282  0.0278  0.0270  0.0279  0.0268  0.0278  0.0272  0.0280  0.0270  0.0279  0.0265  0.0267
  0.0271  0.0270  0.0267  0.0271  0.0263  0.0267  0.0265  0.0267  0.0265  0.0268  0.0263  0.0264
  0.0267  0.0266  0.0266  0.0266  0.0266  0.0263  0.0263  0.0263  0.0263  0.0263  0.0262  0.0262
  0.0268  0.0268  0.0269  0.0268  0.0275  0.0265  0.0266  0.0267  0.0264  0.0263  0.0264  0.0264
  0.0277  0.0272  0.0274  0.0278  0.0292  0.0275  0.0273  0.0278  0.0267  0.0268  0.0266  0.0268
  0.0292  0.0280  0.0281  0.0302  0.0316  0.0299  0.0283  0.0297  0.0274  0.0278  0.0271  0.0275
niter,ni,del,rscale     6    3    5.0000    1.2000
parameters
   -1.0487   10.8130   10.6336   -7.4484  -13.7956   -6.4430
   -2.7791   -0.4161    5.2739    9.7892    0.9319  -10.7540
eta,q 0.97404  9.82482
  0.0291  0.0291  0.0271  0.0284  0.0280  0.0286  0.0279  0.0294  0.0273  0.0290  0.0265  0.0269
  0.0276  0.0276  0.0265  0.0273  0.0269  0.0273  0.0268  0.0276  0.0267  0.0276  0.0262  0.0264
  0.0266  0.0267  0.0262  0.0266  0.0262  0.0263  0.0262  0.0264  0.0263  0.0266  0.0260  0.0261
  0.0262  0.0262  0.0261  0.0261  0.0262  0.0261  0.0261  0.0261  0.0261  0.0260  0.0260  0.0260
  0.0265  0.0262  0.0264  0.0262  0.0268  0.0264  0.0264  0.0264  0.0261  0.0260  0.0261  0.0261
  0.0273  0.0265  0.0269  0.0270  0.0278  0.0275  0.0271  0.0275  0.0264  0.0264  0.0263  0.0265
  0.0288  0.0271  0.0276  0.0292  0.0295  0.0299  0.0281  0.0293  0.0270  0.0273  0.0267  0.0270
niter,ni,del,rscale     5    3    5.0000    1.2000
parameters
   -0.9765   11.5193   10.1378   -7.8123  -15.3690   -7.4619
   -3.1696   -0.2960    5.2156   11.4208    1.4184  -10.9040
eta,q 0.97450  9.68178
  0.0287  0.0287  0.0265  0.0278  0.0275  0.0280  0.0273  0.0289  0.0268  0.0287  0.0263  0.0264
  0.0273  0.0274  0.0260  0.0268  0.0265  0.0267  0.0264  0.0271  0.0262  0.0273  0.0259  0.0259
  0.0263  0.0265  0.0258  0.0261  0.0259  0.0258  0.0258  0.0260  0.0258  0.0263  0.0256  0.0256
  0.0260  0.0260  0.0258  0.0257  0.0258  0.0257  0.0257  0.0257  0.0257  0.0257  0.0255  0.0255
  0.0262  0.0258  0.0261  0.0258  0.0265  0.0262  0.0260  0.0260  0.0258  0.0255  0.0255  0.0256
  0.0270  0.0261  0.0267  0.0266  0.0276  0.0275  0.0267  0.0270  0.0262  0.0259  0.0257  0.0260
  0.0284  0.0267  0.0274  0.0287  0.0291  0.0298  0.0277  0.0287  0.0269  0.0269  0.0261  0.0265
niter,ni,del,rscale     4    3    5.0000    1.2000
parameters
   -0.8564   12.2486    9.6419   -8.1412  -16.6231   -8.2734
   -3.5291   -0.1508    4.6888   12.6246    1.9276  -11.3732
eta,q 0.97488  9.56778
  0.0282  0.0284  0.0260  0.0273  0.0273  0.0278  0.0269  0.0285  0.0264  0.0283  0.0260  0.0260
  0.0268  0.0270  0.0255  0.0262  0.0261  0.0264  0.0259  0.0267  0.0257  0.0269  0.0256  0.0254
  0.0259  0.0261  0.0253  0.0256  0.0254  0.0255  0.0254  0.0256  0.0253  0.0258  0.0253  0.0252
  0.0255  0.0255  0.0253  0.0253  0.0253  0.0253  0.0253  0.0252  0.0252  0.0252  0.0251  0.0251
  0.0257  0.0253  0.0256  0.0254  0.0259  0.0257  0.0256  0.0256  0.0255  0.0252  0.0252  0.0253
  0.0264  0.0256  0.0262  0.0261  0.0271  0.0270  0.0262  0.0266  0.0260  0.0257  0.0254  0.0256
  0.0277  0.0262  0.0270  0.0279  0.0287  0.0293  0.0272  0.0282  0.0268  0.0268  0.0258  0.0261
niter,ni,del,rscale     3    3    5.0000    1.2000
parameters
   -0.7489   12.6806    9.3871   -8.2577  -17.1125   -8.5859
   -3.6306   -0.0398    4.4840   13.2450    1.9386  -11.8606
eta,q 0.97497  9.52889
  0.0277  0.0276  0.0260  0.0271  0.0276  0.0279  0.0269  0.0284  0.0264  0.0278  0.0258  0.0259
  0.0264  0.0264  0.0254  0.0260  0.0262  0.0265  0.0259  0.0265  0.0257  0.0265  0.0254  0.0254
  0.0255  0.0255  0.0251  0.0253  0.0254  0.0255  0.0252  0.0254  0.0252  0.0255  0.0251  0.0251
  0.0251  0.0251  0.0251  0.0250  0.0250  0.0251  0.0251  0.0251  0.0251  0.0251  0.0250  0.0250
  0.0253  0.0251  0.0253  0.0252  0.0255  0.0254  0.0254  0.0254  0.0253  0.0252  0.0251  0.0252
  0.0260  0.0255  0.0258  0.0259  0.0266  0.0265  0.0260  0.0264  0.0258  0.0259  0.0254  0.0256
  0.0273  0.0263  0.0265  0.0275  0.0281  0.0287  0.0269  0.0281  0.0266  0.0271  0.0258  0.0261
niter,ni,del,rscale     2    3    5.0000    1.2000
parameters
   -0.7061   12.8625    9.2907   -8.3054  -17.2859   -8.6779
   -3.6577    0.0130    4.4724   13.5499    1.8704  -12.1174
eta,q 0.97498  9.51789
  0.0274  0.0271  0.0261  0.0271  0.0277  0.0280  0.0269  0.0283  0.0265  0.0276  0.0258  0.0259
  0.0262  0.0260  0.0255  0.0260  0.0263  0.0266  0.0259  0.0265  0.0257  0.0263  0.0254  0.0254
  0.0254  0.0253  0.0251  0.0253  0.0254  0.0255  0.0252  0.0254  0.0252  0.0254  0.0251  0.0251
  0.0250  0.0250  0.0250  0.0250  0.0250  0.0250  0.0250  0.0250  0.0250  0.0250  0.0250  0.0250
  0.0252  0.0252  0.0252  0.0252  0.0254  0.0253  0.0253  0.0254  0.0252  0.0252  0.0251  0.0252
  0.0260  0.0257  0.0256  0.0258  0.0265  0.0263  0.0259  0.0264  0.0257  0.0260  0.0254  0.0255
  0.0274  0.0265  0.0263  0.0274  0.0280  0.0285  0.0268  0.0281  0.0265  0.0273  0.0258  0.0260
niter,ni,del,rscale     1    3    5.0000    1.2000
parameters
   -0.6910   12.9412    9.2499   -8.3300  -17.3610   -8.7132
   -3.6766    0.0323    4.4775   13.6965    1.8253  -12.2284
eta,q 0.97498  9.51353
  0.0274  0.0269  0.0261  0.0271  0.0278  0.0280  0.0269  0.0282  0.0265  0.0275  0.0258  0.0259
  0.0261  0.0259  0.0255  0.0260  0.0264  0.0266  0.0259  0.0264  0.0257  0.0262  0.0254  0.0254
  0.0253  0.0252  0.0251  0.0253  0.0254  0.0255  0.0252  0.0253  0.0252  0.0254  0.0251  0.0251
  0.0250  0.0250  0.0250  0.0250  0.0250  0.0250  0.0250  0.0250  0.0250  0.0250  0.0250  0.0250
  0.0252  0.0252  0.0252  0.0252  0.0253  0.0252  0.0253  0.0254  0.0252  0.0253  0.0251  0.0252
  0.0260  0.0258  0.0256  0.0258  0.0264  0.0263  0.0259  0.0265  0.0257  0.0260  0.0254  0.0255
  0.0274  0.0266  0.0262  0.0273  0.0279  0.0284  0.0268  0.0282  0.0265  0.0273  0.0258  0.0260
registration optimization eta report
parameter search radius
    2.4000    2.4000    2.4000    8.2800    9.5220    8.2800
    7.2000    7.2000    7.2000    7.2000    7.2000    7.2000
100000*second partial in parameter space
       41.       31.       20.        3.        3.        5.
        4.        6.        3.        5.        1.        2.
  0.0274  0.0269  0.0261  0.0271  0.0278  0.0280  0.0269  0.0282  0.0265  0.0275  0.0258  0.0259
  0.0261  0.0259  0.0255  0.0260  0.0264  0.0266  0.0259  0.0264  0.0257  0.0262  0.0254  0.0254
  0.0253  0.0252  0.0251  0.0253  0.0254  0.0255  0.0252  0.0253  0.0252  0.0254  0.0251  0.0251
  0.0250  0.0250  0.0250  0.0250  0.0250  0.0250  0.0250  0.0250  0.0250  0.0250  0.0250  0.0250
  0.0252  0.0252  0.0252  0.0252  0.0253  0.0252  0.0253  0.0254  0.0252  0.0253  0.0251  0.0252
  0.0260  0.0258  0.0256  0.0258  0.0264  0.0263  0.0259  0.0265  0.0257  0.0260  0.0254  0.0255
  0.0274  0.0266  0.0262  0.0273  0.0279  0.0284  0.0268  0.0282  0.0265  0.0273  0.0258  0.0260
   -0.6910   12.9412    9.2499   -8.3300  -17.3610   -8.7132
   -3.6766    0.0323    4.4775   13.6965    1.8253  -12.2284
eta,q 0.97498  9.51353

---------------------------------------------------------------------
imgreg_4dfp /opt/freesurfer/average/711-2C_as_mni_average_305 /opt/freesurfer/average/711-2B_as_mni_average_305_mask talsrcimg_g11 none talsrcimg_to_711-2C_as_mni_average_305_t4 2311
---------------------------------------------------------------------

freesurfer imgreg_4dfp.c
/opt/freesurfer/average/711-2C_as_mni_average_305.4dfp.img
       256       256       256         1
  1.000000  1.000000  1.000000
orientation T byte_order littleendian
Reading image: /opt/freesurfer/average/711-2C_as_mni_average_305.4dfp.img
dimensions:      256       256       256
mmppix:       1.0000   -1.0000   -1.0000
center:     128.0000 -129.0000 -129.0000
/opt/freesurfer/average/711-2B_as_mni_average_305_mask.4dfp.img
       256       256       256         1
  1.000000  1.000000  1.000000
orientation T byte_order littleendian
Reading mask: /opt/freesurfer/average/711-2B_as_mni_average_305_mask.4dfp.img (2306576 pixels)
talsrcimg_g11.4dfp.img
       256       256       256         1
  1.000000  1.000000  1.000000
orientation T byte_order littleendian
Reading image: talsrcimg_g11.4dfp.img
dimensions:      256       256       256
mmppix:       1.0000   -1.0000   -1.0000
center:     128.0000 -129.0000 -129.0000
fimgreg.f
image alignment mode   2311 decimal      907 hex
parameters
   -0.6910   12.9412    9.2499   -8.3300  -17.3609   -8.7132
   -3.6766    0.0323    4.4775   13.6965    1.8253  -12.2284
eta,q 0.97498  9.51354
niter,ni,del,rscale     5    3    5.0000    0.8000
parameters
   -0.6450   12.9225    9.2425   -7.9733  -17.1206   -8.2048
   -3.8040    0.1033    4.5464   13.7639    1.8907  -12.4274
eta,q 0.97502  9.56941
  0.0261  0.0258  0.0255  0.0258  0.0259  0.0263  0.0258  0.0265  0.0257  0.0261  0.0253  0.0254
  0.0255  0.0253  0.0253  0.0254  0.0255  0.0256  0.0253  0.0257  0.0253  0.0255  0.0252  0.0251
  0.0252  0.0251  0.0251  0.0251  0.0252  0.0252  0.0251  0.0251  0.0251  0.0251  0.0250  0.0250
  0.0250  0.0250  0.0250  0.0250  0.0250  0.0250  0.0250  0.0250  0.0250  0.0250  0.0250  0.0250
  0.0251  0.0251  0.0251  0.0250  0.0250  0.0250  0.0251  0.0251  0.0250  0.0251  0.0250  0.0251
  0.0254  0.0254  0.0253  0.0252  0.0253  0.0253  0.0254  0.0256  0.0253  0.0255  0.0251  0.0252
  0.0260  0.0258  0.0256  0.0256  0.0258  0.0259  0.0259  0.0264  0.0256  0.0261  0.0253  0.0254
niter,ni,del,rscale     4    3    5.0000    0.7000
parameters
   -0.6272   12.8817    9.3311   -7.9028  -17.0945   -8.0507
   -3.8583    0.1146    4.5706   13.7690    1.8742  -12.4569
eta,q 0.97503  9.58243
  0.0258  0.0256  0.0254  0.0255  0.0256  0.0258  0.0257  0.0261  0.0255  0.0258  0.0252  0.0253
  0.0254  0.0252  0.0252  0.0252  0.0253  0.0254  0.0253  0.0255  0.0252  0.0254  0.0251  0.0251
  0.0251  0.0250  0.0250  0.0251  0.0251  0.0251  0.0250  0.0251  0.0250  0.0251  0.0250  0.0250
  0.0250  0.0250  0.0250  0.0250  0.0250  0.0250  0.0250  0.0250  0.0250  0.0250  0.0250  0.0250
  0.0251  0.0251  0.0250  0.0250  0.0250  0.0250  0.0251  0.0251  0.0250  0.0251  0.0250  0.0250
  0.0253  0.0253  0.0251  0.0252  0.0252  0.0253  0.0253  0.0255  0.0252  0.0254  0.0251  0.0251
  0.0258  0.0256  0.0253  0.0255  0.0256  0.0257  0.0257  0.0261  0.0255  0.0258  0.0253  0.0253
niter,ni,del,rscale     3    3    5.0000    0.6000
parameters
   -0.6164   12.8624    9.3575   -7.8626  -17.0360   -7.9842
   -3.9050    0.1385    4.5904   13.7568    1.8950  -12.4724
eta,q 0.97504  9.59089
  0.0256  0.0254  0.0253  0.0254  0.0254  0.0256  0.0255  0.0258  0.0253  0.0256  0.0252  0.0252
  0.0253  0.0252  0.0251  0.0252  0.0252  0.0252  0.0252  0.0253  0.0251  0.0253  0.0251  0.0251
  0.0250  0.0250  0.0250  0.0250  0.0250  0.0250  0.0250  0.0251  0.0250  0.0250  0.0250  0.0250
  0.0250  0.0250  0.0250  0.0250  0.0250  0.0250  0.0250  0.0250  0.0250  0.0250  0.0250  0.0250
  0.0250  0.0250  0.0250  0.0250  0.0250  0.0250  0.0250  0.0251  0.0250  0.0250  0.0250  0.0250
  0.0252  0.0252  0.0251  0.0251  0.0252  0.0252  0.0252  0.0253  0.0251  0.0253  0.0251  0.0251
  0.0256  0.0254  0.0253  0.0254  0.0254  0.0255  0.0255  0.0258  0.0253  0.0256  0.0252  0.0252
niter,ni,del,rscale     2    3    5.0000    0.5000
parameters
   -0.6035   12.8420    9.3712   -7.8258  -16.9764   -7.9433
   -3.9462    0.1513    4.5993   13.7545    1.9046  -12.5295
eta,q 0.97504  9.59832
  0.0254  0.0253  0.0252  0.0253  0.0253  0.0254  0.0253  0.0256  0.0252  0.0254  0.0251  0.0251
  0.0252  0.0251  0.0251  0.0251  0.0251  0.0252  0.0251  0.0252  0.0251  0.0252  0.0250  0.0250
  0.0250  0.0250  0.0250  0.0250  0.0250  0.0250  0.0250  0.0250  0.0250  0.0250  0.0250  0.0250
  0.0250  0.0250  0.0250  0.0250  0.0250  0.0250  0.0250  0.0250  0.0250  0.0250  0.0250  0.0250
  0.0250  0.0250  0.0250  0.0250  0.0250  0.0250  0.0250  0.0250  0.0250  0.0250  0.0250  0.0250
  0.0251  0.0251  0.0251  0.0251  0.0251  0.0251  0.0251  0.0252  0.0251  0.0252  0.0250  0.0251
  0.0254  0.0253  0.0252  0.0252  0.0253  0.0254  0.0253  0.0255  0.0252  0.0254  0.0251  0.0251
niter,ni,del,rscale     1    3    5.0000    0.4000
parameters
   -0.5996   12.8302    9.3701   -7.7896  -16.9203   -7.9392
   -3.9805    0.1762    4.6465   13.7665    1.8948  -12.5767
eta,q 0.97504  9.60404
  0.0252  0.0252  0.0251  0.0252  0.0252  0.0252  0.0252  0.0253  0.0251  0.0253  0.0251  0.0251
  0.0251  0.0250  0.0250  0.0251  0.0251  0.0251  0.0251  0.0251  0.0250  0.0251  0.0250  0.0250
  0.0250  0.0250  0.0250  0.0250  0.0250  0.0250  0.0250  0.0250  0.0250  0.0250  0.0250  0.0250
  0.0250  0.0250  0.0250  0.0250  0.0250  0.0250  0.0250  0.0250  0.0250  0.0250  0.0250  0.0250
  0.0250  0.0250  0.0250  0.0250  0.0250  0.0250  0.0250  0.0250  0.0250  0.0250  0.0250  0.0250
  0.0251  0.0251  0.0250  0.0250  0.0251  0.0251  0.0251  0.0251  0.0250  0.0251  0.0250  0.0250
  0.0252  0.0252  0.0251  0.0252  0.0252  0.0252  0.0252  0.0253  0.0251  0.0253  0.0251  0.0251
registration optimization eta report
parameter search radius
    0.8000    0.8000    0.8000    2.4000    2.4000    2.4000
    2.4000    2.4000    2.4000    2.4000    2.4000    2.4000
100000*second partial in parameter space
       44.       33.       21.        3.        4.        5.
        4.        7.        3.        5.        2.        2.
  0.0252  0.0252  0.0251  0.0252  0.0252  0.0252  0.0252  0.0253  0.0251  0.0253  0.0251  0.0251
  0.0251  0.0250  0.0250  0.0251  0.0251  0.0251  0.0251  0.0251  0.0250  0.0251  0.0250  0.0250
  0.0250  0.0250  0.0250  0.0250  0.0250  0.0250  0.0250  0.0250  0.0250  0.0250  0.0250  0.0250
  0.0250  0.0250  0.0250  0.0250  0.0250  0.0250  0.0250  0.0250  0.0250  0.0250  0.0250  0.0250
  0.0250  0.0250  0.0250  0.0250  0.0250  0.0250  0.0250  0.0250  0.0250  0.0250  0.0250  0.0250
  0.0251  0.0251  0.0250  0.0250  0.0251  0.0251  0.0251  0.0251  0.0250  0.0251  0.0250  0.0250
  0.0252  0.0252  0.0251  0.0252  0.0252  0.0252  0.0252  0.0253  0.0251  0.0253  0.0251  0.0251
   -0.5996   12.8302    9.3701   -7.7896  -16.9203   -7.9392
   -3.9805    0.1762    4.6465   13.7665    1.8948  -12.5767
eta,q 0.97504  9.60404

---------------------------------------------------------------------
imgreg_4dfp /opt/freesurfer/average/711-2C_as_mni_average_305 /opt/freesurfer/average/711-2B_as_mni_average_305_mask talsrcimg_g11 none talsrcimg_to_711-2C_as_mni_average_305_t4 2311
---------------------------------------------------------------------

freesurfer imgreg_4dfp.c
/opt/freesurfer/average/711-2C_as_mni_average_305.4dfp.img
       256       256       256         1
  1.000000  1.000000  1.000000
orientation T byte_order littleendian
Reading image: /opt/freesurfer/average/711-2C_as_mni_average_305.4dfp.img
dimensions:      256       256       256
mmppix:       1.0000   -1.0000   -1.0000
center:     128.0000 -129.0000 -129.0000
/opt/freesurfer/average/711-2B_as_mni_average_305_mask.4dfp.img
       256       256       256         1
  1.000000  1.000000  1.000000
orientation T byte_order littleendian
Reading mask: /opt/freesurfer/average/711-2B_as_mni_average_305_mask.4dfp.img (2306576 pixels)
talsrcimg_g11.4dfp.img
       256       256       256         1
  1.000000  1.000000  1.000000
orientation T byte_order littleendian
Reading image: talsrcimg_g11.4dfp.img
dimensions:      256       256       256
mmppix:       1.0000   -1.0000   -1.0000
center:     128.0000 -129.0000 -129.0000
fimgreg.f
image alignment mode   2311 decimal      907 hex
parameters
   -0.5996   12.8302    9.3701   -7.7896  -16.9203   -7.9392
   -3.9805    0.1762    4.6465   13.7665    1.8948  -12.5767
eta,q 0.97504  9.60405
niter,ni,del,rscale     5    3    5.0000    0.8000
parameters
   -0.6154   12.8622    9.3747   -7.9250  -17.1727   -8.0324
   -3.8449    0.1345    4.5589   13.7696    1.8448  -12.3907
eta,q 0.97503  9.57800
  0.0260  0.0258  0.0255  0.0256  0.0257  0.0260  0.0259  0.0265  0.0256  0.0261  0.0253  0.0255
  0.0255  0.0253  0.0252  0.0253  0.0253  0.0254  0.0254  0.0256  0.0252  0.0255  0.0251  0.0252
  0.0251  0.0250  0.0250  0.0251  0.0251  0.0251  0.0251  0.0251  0.0250  0.0251  0.0250  0.0250
  0.0250  0.0250  0.0250  0.0250  0.0250  0.0250  0.0250  0.0250  0.0250  0.0250  0.0250  0.0250
  0.0251  0.0251  0.0250  0.0250  0.0251  0.0251  0.0251  0.0251  0.0250  0.0251  0.0250  0.0250
  0.0255  0.0253  0.0252  0.0253  0.0254  0.0254  0.0254  0.0257  0.0253  0.0255  0.0251  0.0252
  0.0261  0.0257  0.0255  0.0257  0.0259  0.0261  0.0258  0.0265  0.0257  0.0261  0.0253  0.0254
niter,ni,del,rscale     4    3    5.0000    0.7000
parameters
   -0.6211   12.8739    9.3685   -7.9155  -17.1179   -8.0099
   -3.8675    0.1331    4.5715   13.7523    1.9020  -12.4427
eta,q 0.97503  9.58234
  0.0258  0.0256  0.0254  0.0255  0.0256  0.0258  0.0257  0.0261  0.0255  0.0258  0.0252  0.0253
  0.0254  0.0253  0.0252  0.0252  0.0253  0.0253  0.0253  0.0255  0.0252  0.0254  0.0251  0.0251
  0.0251  0.0250  0.0250  0.0251  0.0251  0.0251  0.0250  0.0251  0.0250  0.0251  0.0250  0.0250
  0.0250  0.0250  0.0250  0.0250  0.0250  0.0250  0.0250  0.0250  0.0250  0.0250  0.0250  0.0250
  0.0251  0.0250  0.0250  0.0250  0.0250  0.0250  0.0251  0.0251  0.0250  0.0251  0.0250  0.0250
  0.0253  0.0253  0.0252  0.0252  0.0252  0.0253  0.0253  0.0255  0.0252  0.0254  0.0251  0.0251
  0.0258  0.0256  0.0254  0.0255  0.0256  0.0258  0.0257  0.0261  0.0255  0.0259  0.0252  0.0253
niter,ni,del,rscale     3    3    5.0000    0.6000
parameters
   -0.6135   12.8575    9.3724   -7.8589  -17.0442   -7.9653
   -3.9072    0.1426    4.5873   13.7488    1.9130  -12.4772
eta,q 0.97503  9.59155
  0.0256  0.0254  0.0253  0.0254  0.0254  0.0256  0.0255  0.0258  0.0253  0.0256  0.0252  0.0252
  0.0253  0.0252  0.0251  0.0252  0.0252  0.0252  0.0252  0.0253  0.0251  0.0253  0.0251  0.0251
  0.0250  0.0250  0.0250  0.0250  0.0250  0.0250  0.0250  0.0251  0.0250  0.0250  0.0250  0.0250
  0.0250  0.0250  0.0250  0.0250  0.0250  0.0250  0.0250  0.0250  0.0250  0.0250  0.0250  0.0250
  0.0250  0.0250  0.0250  0.0250  0.0250  0.0250  0.0250  0.0251  0.0250  0.0250  0.0250  0.0250
  0.0252  0.0252  0.0251  0.0251  0.0252  0.0252  0.0252  0.0253  0.0251  0.0252  0.0251  0.0251
  0.0256  0.0254  0.0253  0.0254  0.0254  0.0256  0.0255  0.0258  0.0253  0.0256  0.0252  0.0252
niter,ni,del,rscale     2    3    5.0000    0.5000
parameters
   -0.6058   12.8418    9.3750   -7.8287  -16.9751   -7.9381
   -3.9418    0.1456    4.5986   13.7538    1.8940  -12.5229
eta,q 0.97504  9.59844
  0.0254  0.0253  0.0252  0.0253  0.0253  0.0254  0.0253  0.0255  0.0252  0.0254  0.0251  0.0251
  0.0252  0.0251  0.0251  0.0251  0.0251  0.0252  0.0251  0.0252  0.0251  0.0252  0.0250  0.0250
  0.0250  0.0250  0.0250  0.0250  0.0250  0.0250  0.0250  0.0250  0.0250  0.0250  0.0250  0.0250
  0.0250  0.0250  0.0250  0.0250  0.0250  0.0250  0.0250  0.0250  0.0250  0.0250  0.0250  0.0250
  0.0250  0.0250  0.0250  0.0250  0.0250  0.0250  0.0250  0.0250  0.0250  0.0250  0.0250  0.0250
  0.0252  0.0251  0.0251  0.0251  0.0251  0.0251  0.0252  0.0252  0.0251  0.0252  0.0250  0.0251
  0.0254  0.0253  0.0252  0.0252  0.0253  0.0254  0.0253  0.0255  0.0252  0.0254  0.0251  0.0251
niter,ni,del,rscale     1    3    5.0000    0.4000
parameters
   -0.6035   12.8349    9.3687   -7.7945  -16.9145   -7.9403
   -3.9722    0.1717    4.6331   13.7733    1.9281  -12.5776
eta,q 0.97504  9.60404
  0.0252  0.0252  0.0251  0.0252  0.0252  0.0252  0.0252  0.0253  0.0251  0.0253  0.0251  0.0251
  0.0251  0.0250  0.0250  0.0251  0.0251  0.0251  0.0251  0.0251  0.0250  0.0251  0.0250  0.0250
  0.0250  0.0250  0.0250  0.0250  0.0250  0.0250  0.0250  0.0250  0.0250  0.0250  0.0250  0.0250
  0.0250  0.0250  0.0250  0.0250  0.0250  0.0250  0.0250  0.0250  0.0250  0.0250  0.0250  0.0250
  0.0250  0.0250  0.0250  0.0250  0.0250  0.0250  0.0250  0.0250  0.0250  0.0250  0.0250  0.0250
  0.0251  0.0251  0.0250  0.0250  0.0250  0.0251  0.0251  0.0251  0.0250  0.0251  0.0250  0.0250
  0.0252  0.0252  0.0251  0.0251  0.0252  0.0252  0.0252  0.0253  0.0251  0.0253  0.0251  0.0251
registration optimization eta report
parameter search radius
    0.8000    0.8000    0.8000    2.4000    2.4000    2.4000
    2.4000    2.4000    2.4000    2.4000    2.4000    2.4000
100000*second partial in parameter space
       44.       33.       22.        3.        4.        5.
        4.        6.        3.        5.        2.        2.
  0.0252  0.0252  0.0251  0.0252  0.0252  0.0252  0.0252  0.0253  0.0251  0.0253  0.0251  0.0251
  0.0251  0.0250  0.0250  0.0251  0.0251  0.0251  0.0251  0.0251  0.0250  0.0251  0.0250  0.0250
  0.0250  0.0250  0.0250  0.0250  0.0250  0.0250  0.0250  0.0250  0.0250  0.0250  0.0250  0.0250
  0.0250  0.0250  0.0250  0.0250  0.0250  0.0250  0.0250  0.0250  0.0250  0.0250  0.0250  0.0250
  0.0250  0.0250  0.0250  0.0250  0.0250  0.0250  0.0250  0.0250  0.0250  0.0250  0.0250  0.0250
  0.0251  0.0251  0.0250  0.0250  0.0250  0.0251  0.0251  0.0251  0.0250  0.0251  0.0250  0.0250
  0.0252  0.0252  0.0251  0.0251  0.0252  0.0252  0.0252  0.0253  0.0251  0.0253  0.0251  0.0251
   -0.6035   12.8349    9.3687   -7.7945  -16.9145   -7.9403
   -3.9722    0.1717    4.6331   13.7733    1.9281  -12.5776
eta,q 0.97504  9.60404

---------------------------------------------------------------------
compute_vox2vox talsrcimg talsrcimg_to_711-2C_as_mni_average_305_t4 /opt/freesurfer/average/711-2C_as_mni_average_305
---------------------------------------------------------------------

freesurfer compute_vox2vox.c
Reading: talsrcimg.4dfp.ifh
Reading: talsrcimg_to_711-2C_as_mni_average_305_t4
Reading: /opt/freesurfer/average/711-2C_as_mni_average_305.4dfp.ifh
Writing: talsrcimg_to_711-2C_as_mni_average_305_t4_vox2vox.txt

start time Sun Mar 8 16:15:24 CET 2026
end		time Sun Mar 8 16:15:38 CET 2026

mpr2mni305 success

avi2talxfm orig_nu.mgz /opt/freesurfer/average/mni305.cor.mgz talsrcimg_to_711-2C_as_mni_average_305_t4_vox2vox.txt transforms/talairach.auto.xfm
avi2talxfm done
mv -f /out/sourcedata/freesurfer/sub-v1s13x0050031_ses-1/mri/talsrcimg_to_711-2C_as_mni_average_305_t4_vox2vox.txt /out/sourcedata/freesurfer/sub-v1s13x0050031_ses-1/mri/transforms/talsrcimg_to_711-2C_as_mni_average_305_t4_vox2vox.txt
lta_convert --src orig_nu.mgz --trg /opt/freesurfer/average/mni305.cor.mgz --inxfm transforms/talairach.auto.xfm --outlta transforms/talairach.auto.xfm.lta --subject fsaverage
7.3.2

--src: orig_nu.mgz src image (geometry).
--trg: /opt/freesurfer/average/mni305.cor.mgz trg image (geometry).
--inmni: transforms/talairach.auto.xfm input MNI/XFM transform.
--outlta: transforms/talairach.auto.xfm.lta output LTA.
--s: fsaverage subject name
 LTA read, type : 1
 1.08221  -0.00954   0.05029  -0.58820;
-0.03023   1.06246   0.15939   1.49300;
-0.05534  -0.17560   1.17435   21.05258;
 0.00000   0.00000   0.00000   1.00000;
setting subject to fsaverage
Writing  LTA to file transforms/talairach.auto.xfm.lta...
lta_convert successful.
 
 
Started at Sun Mar 8 16:15:23 CET 2026
Ended   at Sun Mar  8 16:15:38 CET 2026
talairach_avi done
