/out/sourcedata/freesurfer/sub-v1s13x0050014_ses-1/mri
/opt/freesurfer/bin/talairach_avi
--i orig_nu.mgz --xfm transforms/talairach.auto.xfm
talairach_avi 7.3.2
Linux dna030 5.14.0-427.37.1.el9_4.x86_64 #1 SMP PREEMPT_DYNAMIC Fri Sep 13 12:41:50 EDT 2024 x86_64 x86_64 x86_64 GNU/Linux
Sun Mar  8 12:46:24 CET 2026
mri_convert orig_nu.mgz talsrcimg.img 
reading from orig_nu.mgz...
TR=0.00, TE=0.00, TI=0.00, flip angle=0.00
i_ras = (-1, 0, 0)
j_ras = (0, 0, -1)
k_ras = (0, 1, 0)
writing to talsrcimg.img...
Analyze Output Matrix
-1.00000   0.00000   0.00000   132.43057;
 0.00000   0.00000   1.00000  -132.47682;
 0.00000  -1.00000   0.00000   123.66484;
 0.00000   0.00000   0.00000   1.00000;
--------------------
INFO: set hdr.hist.orient to -1
mpr2mni305 talsrcimg
Sun Mar  8 12:46:24 CET 2026
/opt/freesurfer/bin/mpr2mni305 talsrcimg
mpr2mni305 7.3.2
target=711-2C_as_mni_average_305

---------------------------------------------------------------------
analyzeto4dfp talsrcimg -O0 -y
---------------------------------------------------------------------

freesurfer ifh2hdr.c
Sun Mar  8 12:46:24 2026
Writing: talsrcimg.4dfp.hdr
freesurfer analyzeto4dfp.c
Reading: talsrcimg.hdr
header size 348 bytes
hdr.dime.datatype	offset=70	value=2
hdr.dime.bitpix		offset=72	value=8
hdr.hist.orient		offset=252	value=-1
dimensionality     4
dimensions       256       256       256         1
Reading: talsrcimg.img
Writing: talsrcimg.4dfp.img
Writing: talsrcimg.4dfp.ifh
ifh2hdr talsrcimg -r0to222
ori=2

---------------------------------------------------------------------
gauss_4dfp talsrcimg 1.1
---------------------------------------------------------------------

freesurfer gauss_4dfp.c
Reading: talsrcimg.4dfp.img
Writing: talsrcimg_g11.4dfp.img
image dimensions 256 256 256 padded to 288 288 288
processing volume 1freesurfer ifh2hdr.c
Sun Mar  8 12:46:26 2026
Writing: talsrcimg_g11.4dfp.hdr

Writing: talsrcimg_g11.4dfp.ifh
including: talsrcimg.4dfp.img.rec in talsrcimg_g11.4dfp.img.rec

---------------------------------------------------------------------
imgreg_4dfp /opt/freesurfer/average/711-2C_as_mni_average_305 none talsrcimg_g11 none talsrcimg_to_711-2C_as_mni_average_305_t4 4355
---------------------------------------------------------------------

freesurfer imgreg_4dfp.c
/opt/freesurfer/average/711-2C_as_mni_average_305.4dfp.img
       256       256       256         1
  1.000000  1.000000  1.000000
orientation T byte_order littleendian
Reading image: /opt/freesurfer/average/711-2C_as_mni_average_305.4dfp.img
dimensions:      256       256       256
mmppix:       1.0000   -1.0000   -1.0000
center:     128.0000 -129.0000 -129.0000
talsrcimg_g11.4dfp.img
       256       256       256         1
  1.000000  1.000000  1.000000
orientation T byte_order littleendian
Reading image: talsrcimg_g11.4dfp.img
dimensions:      256       256       256
mmppix:       1.0000   -1.0000   -1.0000
center:     128.0000 -129.0000 -129.0000
t4_read: open error in t4_sub.f l:  41 t4_file(1:l)talsrcimg_to_711-2C_as_mni_average_305_t4 
t4_read: transform initialized to I4
rotation matrix determinant  1.000000
image alignment mode   4355 decimal     1103 hex
   -7.5000  -45.0000  -45.0000 9645.7188   16.3151
    0.0000  -45.0000  -45.000010015.0859   16.3061
    7.5000  -45.0000  -45.0000 9520.9219   16.2983
   -7.5000  -37.5000  -45.000010154.3672   16.2095
    0.0000  -37.5000  -45.000010540.9580   16.2040
    7.5000  -37.5000  -45.000010017.4170   16.1986
   -7.5000  -30.0000  -45.000010920.3135   16.1209
    0.0000  -30.0000  -45.000011336.6025   16.1162
    7.5000  -30.0000  -45.000010788.9541   16.1067
   -7.5000  -22.5000  -45.000011573.9209   16.0627
    0.0000  -22.5000  -45.000012035.6846   16.0541
    7.5000  -22.5000  -45.000011445.8506   16.0387
   -7.5000  -15.0000  -45.000012137.2666   16.0117
    0.0000  -15.0000  -45.000012629.4043   15.9997
    7.5000  -15.0000  -45.000012004.6172   15.9831
   -7.5000   -7.5000  -45.000012594.4385   15.9440
    0.0000   -7.5000  -45.000013154.8193   15.9323
    7.5000   -7.5000  -45.000012476.3633   15.9211
   -7.5000    0.0000  -45.000012936.5420   15.9145
    0.0000    0.0000  -45.000013532.2422   15.9058
    7.5000    0.0000  -45.000012814.0078   15.9009
   -7.5000    7.5000  -45.000012295.9131   15.8891
    0.0000    7.5000  -45.000012831.8066   15.8844
    7.5000    7.5000  -45.000012184.0156   15.8810
   -7.5000   15.0000  -45.000011553.0508   15.9922
    0.0000   15.0000  -45.000012062.0322   15.9876
    7.5000   15.0000  -45.000011473.4209   15.9797
   -7.5000   22.5000  -45.000010753.1074   16.1627
    0.0000   22.5000  -45.000011231.9248   16.1545
    7.5000   22.5000  -45.000010700.8018   16.1405
   -7.5000   30.0000  -45.0000 9947.4980   16.1627
    0.0000   30.0000  -45.000010382.3232   16.1536
    7.5000   30.0000  -45.0000 9890.7520   16.1404
   -7.5000   37.5000  -45.0000 9513.3193   16.4224
    0.0000   37.5000  -45.0000 9935.0752   16.4173
    7.5000   37.5000  -45.0000 9447.7148   16.4096
   -7.5000   45.0000  -45.0000 8781.3389   16.2998
    0.0000   45.0000  -45.0000 9151.3984   16.3050
    7.5000   45.0000  -45.0000 8700.2354   16.3074
   -7.5000  -45.0000  -37.500010221.9941   16.3117
    0.0000  -45.0000  -37.500010620.2793   16.3070
    7.5000  -45.0000  -37.500010097.7939   16.2928
   -7.5000  -37.5000  -37.500010723.8086   16.2105
    0.0000  -37.5000  -37.500011139.8271   16.2088
    7.5000  -37.5000  -37.500010598.0840   16.1966
   -7.5000  -30.0000  -37.500011521.0078   16.1242
    0.0000  -30.0000  -37.500011977.0166   16.1211
    7.5000  -30.0000  -37.500011368.4092   16.1061
   -7.5000  -22.5000  -37.500012208.4795   16.0627
    0.0000  -22.5000  -37.500012704.4229   16.0543
    7.5000  -22.5000  -37.500012064.4434   16.0349
   -7.5000  -15.0000  -37.500012791.1377   16.0066
    0.0000  -15.0000  -37.500013309.1338   15.9949
    7.5000  -15.0000  -37.500012639.7881   15.9746
   -7.5000   -7.5000  -37.500013238.5225   15.9376
    0.0000   -7.5000  -37.500013814.5156   15.9284
    7.5000   -7.5000  -37.500013100.9746   15.9124
   -7.5000    0.0000  -37.500013579.6328   15.9112
    0.0000    0.0000  -37.500014136.4883   15.9065
    7.5000    0.0000  -37.500013406.0361   15.8955
   -7.5000    7.5000  -37.500012899.0029   15.8901
    0.0000    7.5000  -37.500013422.6660   15.8886
    7.5000    7.5000  -37.500012723.3105   15.8789
   -7.5000   15.0000  -37.500012090.4932   15.9944
    0.0000   15.0000  -37.500012602.3730   15.9914
    7.5000   15.0000  -37.500011965.8252   15.9781
   -7.5000   22.5000  -37.500011231.7529   16.1604
    0.0000   22.5000  -37.500011723.3818   16.1526
    7.5000   22.5000  -37.500011138.5156   16.1348
   -7.5000   30.0000  -37.500010343.2861   16.1566
    0.0000   30.0000  -37.500010799.7432   16.1479
    7.5000   30.0000  -37.500010271.7422   16.1313
   -7.5000   37.5000  -37.5000 9873.8545   16.4165
    0.0000   37.5000  -37.500010307.3408   16.4143
    7.5000   37.5000  -37.5000 9788.4355   16.4022
   -7.5000   45.0000  -37.5000 9089.9219   16.2974
    0.0000   45.0000  -37.5000 9486.4785   16.3066
    7.5000   45.0000  -37.5000 8997.4893   16.3026
   -7.5000  -45.0000  -30.000010963.3984   16.9481
    0.0000  -45.0000  -30.000011356.9023   16.9466
    7.5000  -45.0000  -30.000010797.9736   16.9342
   -7.5000  -37.5000  -30.000011473.6670   16.8425
    0.0000  -37.5000  -30.000011892.1230   16.8437
    7.5000  -37.5000  -30.000011317.3789   16.8329
   -7.5000  -30.0000  -30.000012286.3379   16.7532
    0.0000  -30.0000  -30.000012774.2021   16.7531
    7.5000  -30.0000  -30.000012125.9473   16.7405
   -7.5000  -22.5000  -30.000013009.3467   16.6861
    0.0000  -22.5000  -30.000013529.1729   16.6810
    7.5000  -22.5000  -30.000012846.2969   16.6658
   -7.5000  -15.0000  -30.000013654.5713   16.6211
    0.0000  -15.0000  -30.000014186.4053   16.6126
    7.5000  -15.0000  -30.000013435.4805   16.5971
   -7.5000   -7.5000  -30.000014130.2754   16.5439
    0.0000   -7.5000  -30.000014709.6904   16.5377
    7.5000   -7.5000  -30.000013899.9814   16.5252
   -7.5000    0.0000  -30.000014462.4102   16.5164
    0.0000    0.0000  -30.000015020.4141   16.5145
    7.5000    0.0000  -30.000014204.3799   16.5055
   -7.5000    7.5000  -30.000013676.5127   16.4970
    0.0000    7.5000  -30.000014222.1143   16.4983
    7.5000    7.5000  -30.000013467.3477   16.4900
   -7.5000   15.0000  -30.000012793.4072   16.6080
    0.0000   15.0000  -30.000013319.8340   16.6078
    7.5000   15.0000  -30.000012652.5840   16.5970
   -7.5000   22.5000  -30.000011879.8018   16.7757
    0.0000   22.5000  -30.000012383.3506   16.7711
    7.5000   22.5000  -30.000011763.6650   16.7574
   -7.5000   30.0000  -30.000010927.0273   16.7702
    0.0000   30.0000  -30.000011390.9082   16.7638
    7.5000   30.0000  -30.000010839.1621   16.7516
   -7.5000   37.5000  -30.000010409.9639   17.0350
    0.0000   37.5000  -30.000010847.8525   17.0346
    7.5000   37.5000  -30.000010315.0439   17.0254
   -7.5000   45.0000  -30.0000 9539.0234   16.9214
    0.0000   45.0000  -30.0000 9947.1270   16.9304
    7.5000   45.0000  -30.0000 9440.2480   16.9258
   -7.5000  -45.0000  -22.500011605.3496   17.5038
    0.0000  -45.0000  -22.500012040.7744   17.5005
    7.5000  -45.0000  -22.500011447.9619   17.4979
   -7.5000  -37.5000  -22.500012141.2490   17.3889
    0.0000  -37.5000  -22.500012602.0508   17.3888
    7.5000  -37.5000  -22.500011972.6455   17.3870
   -7.5000  -30.0000  -22.500013011.5283   17.2946
    0.0000  -30.0000  -22.500013518.9053   17.2959
    7.5000  -30.0000  -22.500012819.7939   17.2923
   -7.5000  -22.5000  -22.500013766.8496   17.2259
    0.0000  -22.5000  -22.500014297.0479   17.2250
    7.5000  -22.5000  -22.500013554.9736   17.2192
   -7.5000  -15.0000  -22.500014430.9795   17.1585
    0.0000  -15.0000  -22.500014989.1758   17.1541
    7.5000  -15.0000  -22.500014140.0928   17.1484
   -7.5000   -7.5000  -22.500014935.6533   17.0750
    0.0000   -7.5000  -22.500015521.1416   17.0696
    7.5000   -7.5000  -22.500014588.5137   17.0669
   -7.5000    0.0000  -22.500015265.9580   17.0427
    0.0000    0.0000  -22.500015851.4062   17.0392
    7.5000    0.0000  -22.500014917.6787   17.0395
   -7.5000    7.5000  -22.500014427.6650   17.0203
    0.0000    7.5000  -22.500014985.4238   17.0203
    7.5000    7.5000  -22.500014140.6680   17.0208
   -7.5000   15.0000  -22.500013472.0449   17.1360
    0.0000   15.0000  -22.500013992.1270   17.1372
    7.5000   15.0000  -22.500013246.6641   17.1352
   -7.5000   22.5000  -22.500012467.3193   17.3103
    0.0000   22.5000  -22.500012985.0459   17.3093
    7.5000   22.5000  -22.500012312.9561   17.3046
   -7.5000   30.0000  -22.500011435.7090   17.3082
    0.0000   30.0000  -22.500011926.3525   17.3049
    7.5000   30.0000  -22.500011330.0859   17.3017
   -7.5000   37.5000  -22.500010890.1260   17.5760
    0.0000   37.5000  -22.500011347.0371   17.5748
    7.5000   37.5000  -22.500010774.5723   17.5745
   -7.5000   45.0000  -22.5000 9970.6816   17.4640
    0.0000   45.0000  -22.500010394.2480   17.4682
    7.5000   45.0000  -22.5000 9867.6924   17.4707
   -7.5000  -45.0000  -15.000012243.4229   17.9212
    0.0000  -45.0000  -15.000012719.5547   17.9137
    7.5000  -45.0000  -15.000012085.6484   17.9186
   -7.5000  -37.5000  -15.000012786.7383   17.7982
    0.0000  -37.5000  -15.000013281.3926   17.7947
    7.5000  -37.5000  -15.000012595.0449   17.8005
   -7.5000  -30.0000  -15.000013661.1602   17.6988
    0.0000  -30.0000  -15.000014200.1582   17.6995
    7.5000  -30.0000  -15.000013468.4414   17.7024
   -7.5000  -22.5000  -15.000014462.6406   17.6323
    0.0000  -22.5000  -15.000015030.8086   17.6323
    7.5000  -22.5000  -15.000014246.3145   17.6317
   -7.5000  -15.0000  -15.000015144.5146   17.5691
    0.0000  -15.0000  -15.000015752.5889   17.5651
    7.5000  -15.0000  -15.000014832.5547   17.5643
   -7.5000   -7.5000  -15.000015674.2969   17.4846
    0.0000   -7.5000  -15.000016252.0273   17.4772
    7.5000   -7.5000  -15.000015269.8604   17.4805
   -7.5000    0.0000  -15.000015990.6846   17.4478
    0.0000    0.0000  -15.000016563.7285   17.4403
    7.5000    0.0000  -15.000015587.0771   17.4478
   -7.5000    7.5000  -15.000015103.4795   17.4199
    0.0000    7.5000  -15.000015649.7666   17.4168
    7.5000    7.5000  -15.000014758.9756   17.4247
   -7.5000   15.0000  -15.000014055.0332   17.5367
    0.0000   15.0000  -15.000014604.0342   17.5373
    7.5000   15.0000  -15.000013818.9736   17.5417
   -7.5000   22.5000  -15.000013004.3955   17.7188
    0.0000   22.5000  -15.000013522.1807   17.7185
    7.5000   22.5000  -15.000012805.5186   17.7187
   -7.5000   30.0000  -15.000011929.7637   17.7240
    0.0000   30.0000  -15.000012423.0068   17.7211
    7.5000   30.0000  -15.000011776.5674   17.7224
   -7.5000   37.5000  -15.000011356.6797   17.9974
    0.0000   37.5000  -15.000011840.0889   17.9937
    7.5000   37.5000  -15.000011211.6055   17.9990
   -7.5000   45.0000  -15.000010395.5391   17.8861
    0.0000   45.0000  -15.000010829.1221   17.8864
    7.5000   45.0000  -15.000010248.2822   17.8964
   -7.5000  -45.0000   -7.500012867.3955   18.1084
    0.0000  -45.0000   -7.500013401.5967   18.0982
    7.5000  -45.0000   -7.500012705.0703   18.0995
   -7.5000  -37.5000   -7.500013384.8877   17.9818
    0.0000  -37.5000   -7.500013950.7842   17.9760
    7.5000  -37.5000   -7.500013229.8125   17.9791
   -7.5000  -30.0000   -7.500014320.5576   17.8778
    0.0000  -30.0000   -7.500014876.5986   17.8753
    7.5000  -30.0000   -7.500014123.7207   17.8744
   -7.5000  -22.5000   -7.500015176.0410   17.8100
    0.0000  -22.5000   -7.500015818.7637   17.8055
    7.5000  -22.5000   -7.500014973.1758   17.7989
   -7.5000  -15.0000   -7.500015909.0996   17.7490
    0.0000  -15.0000   -7.500016597.4023   17.7404
    7.5000  -15.0000   -7.500015638.2217   17.7327
   -7.5000   -7.5000   -7.500016413.9043   17.6662
    0.0000   -7.5000   -7.500016990.3418   17.6549
    7.5000   -7.5000   -7.500016041.5498   17.6529
   -7.5000    0.0000   -7.500016691.2168   17.6294
    0.0000    0.0000   -7.500017239.3535   17.6192
    7.5000    0.0000   -7.500016299.7920   17.6234
   -7.5000    7.5000   -7.500015715.1738   17.5992
    0.0000    7.5000   -7.500016258.4170   17.5940
    7.5000    7.5000   -7.500015374.2656   17.5993
   -7.5000   15.0000   -7.500014630.6719   17.7141
    0.0000   15.0000   -7.500015169.0215   17.7116
    7.5000   15.0000   -7.500014372.7549   17.7124
   -7.5000   22.5000   -7.500013525.8750   17.8976
    0.0000   22.5000   -7.500014046.2656   17.8931
    7.5000   22.5000   -7.500013313.1143   17.8877
   -7.5000   30.0000   -7.500012413.1543   17.9080
    0.0000   30.0000   -7.500012904.1934   17.9014
    7.5000   30.0000   -7.500012260.7979   17.8964
   -7.5000   37.5000   -7.500011834.4033   18.1880
    0.0000   37.5000   -7.500012312.0811   18.1819
    7.5000   37.5000   -7.500011672.8828   18.1824
   -7.5000   45.0000   -7.500010842.0342   18.0794
    0.0000   45.0000   -7.500011281.1328   18.0805
    7.5000   45.0000   -7.500010681.7549   18.0901
   -7.5000  -45.0000    0.000013370.5020   18.1079
    0.0000  -45.0000    0.000013951.9219   18.0983
    7.5000  -45.0000    0.000013255.9297   18.0895
   -7.5000  -37.5000    0.000013893.0830   17.9831
    0.0000  -37.5000    0.000014487.4785   17.9773
    7.5000  -37.5000    0.000013766.0752   17.9710
   -7.5000  -30.0000    0.000014863.0674   17.8776
    0.0000  -30.0000    0.000015473.9717   17.8725
    7.5000  -30.0000    0.000014705.0918   17.8618
   -7.5000  -22.5000    0.000015772.3486   17.8057
    0.0000  -22.5000    0.000016512.3027   17.7963
    7.5000  -22.5000    0.000015604.4756   17.7791
   -7.5000  -15.0000    0.000016555.2617   17.7419
    0.0000  -15.0000    0.000017288.4082   17.7287
    7.5000  -15.0000    0.000016329.4150   17.7103
   -7.5000   -7.5000    0.000017111.8789   17.6604
    0.0000   -7.5000    0.000017696.5527   17.6476
    7.5000   -7.5000    0.000016770.9141   17.6351
   -7.5000    0.0000    0.000017320.0410   17.6271
    0.0000    0.0000    0.000017881.3555   17.6176
    7.5000    0.0000    0.000017000.5664   17.6121
   -7.5000    7.5000    0.000016222.3330   17.5993
    0.0000    7.5000    0.000016782.6035   17.5941
    7.5000    7.5000    0.000015971.6484   17.5904
   -7.5000   15.0000    0.000015085.8887   17.7123
    0.0000   15.0000    0.000015634.1533   17.7073
    7.5000   15.0000    0.000014894.0137   17.6985
   -7.5000   22.5000    0.000013946.7783   17.8932
    0.0000   22.5000    0.000014467.7158   17.8843
    7.5000   22.5000    0.000013775.9717   17.8688
   -7.5000   30.0000    0.000012831.5459   17.9037
    0.0000   30.0000    0.000013314.0059   17.8938
    7.5000   30.0000    0.000012671.1582   17.8791
   -7.5000   37.5000    0.000012230.7646   18.1881
    0.0000   37.5000    0.000012698.9004   18.1826
    7.5000   37.5000    0.000012070.0371   18.1739
   -7.5000   45.0000    0.000011213.6250   18.0844
    0.0000   45.0000    0.000011630.1465   18.0902
    7.5000   45.0000    0.000011049.6260   18.0927
   -7.5000  -45.0000    7.500012859.0156   18.1520
    0.0000  -45.0000    7.500013443.1143   18.1471
    7.5000  -45.0000    7.500012805.5469   18.1312
   -7.5000  -37.5000    7.500013334.5967   18.0339
    0.0000  -37.5000    7.500013919.2773   18.0322
    7.5000  -37.5000    7.500013298.6084   18.0184
   -7.5000  -30.0000    7.500014238.7158   17.9326
    0.0000  -30.0000    7.500014863.0547   17.9293
    7.5000  -30.0000    7.500014212.2119   17.9124
   -7.5000  -22.5000    7.500015087.5693   17.8592
    0.0000  -22.5000    7.500015794.3262   17.8500
    7.5000  -22.5000    7.500015028.5967   17.8283
   -7.5000  -15.0000    7.500015849.1914   17.7922
    0.0000  -15.0000    7.500016552.4961   17.7794
    7.5000  -15.0000    7.500015705.0996   17.7567
   -7.5000   -7.5000    7.500016499.6621   17.7115
    0.0000   -7.5000    7.500017083.0723   17.7014
    7.5000   -7.5000    7.500016194.0762   17.6836
   -7.5000    0.0000    7.500016775.7051   17.6819
    0.0000    0.0000    7.500017294.5059   17.6767
    7.5000    0.0000    7.500016446.9883   17.6645
   -7.5000    7.5000    7.500015692.5576   17.6585
    0.0000    7.5000    7.500016173.9326   17.6569
    7.5000    7.5000    7.500015412.3535   17.6460
   -7.5000   15.0000    7.500014544.8936   17.7734
    0.0000   15.0000    7.500015027.1279   17.7701
    7.5000   15.0000    7.500014345.3408   17.7553
   -7.5000   22.5000    7.500013414.8652   17.9506
    0.0000   22.5000    7.500013879.8330   17.9421
    7.5000   22.5000    7.500013262.3291   17.9223
   -7.5000   30.0000    7.500012347.8818   17.9578
    0.0000   30.0000    7.500012782.1514   17.9483
    7.5000   30.0000    7.500012214.8506   17.9298
   -7.5000   37.5000    7.500011762.6768   18.2446
    0.0000   37.5000    7.500012201.9268   18.2423
    7.5000   37.5000    7.500011641.4141   18.2287
   -7.5000   45.0000    7.500010729.8467   18.1455
    0.0000   45.0000    7.500011136.9238   18.1558
    7.5000   45.0000    7.500010608.8418   18.1512
   -7.5000  -45.0000   15.000012199.2979   18.2512
    0.0000  -45.0000   15.000012745.4434   18.2499
    7.5000  -45.0000   15.000012197.1660   18.2362
   -7.5000  -37.5000   15.000012644.9531   18.1375
    0.0000  -37.5000   15.000013233.3848   18.1391
    7.5000  -37.5000   15.000012687.1787   18.1271
   -7.5000  -30.0000   15.000013541.3086   18.0416
    0.0000  -30.0000   15.000014168.7031   18.0417
    7.5000  -30.0000   15.000013579.0918   18.0279
   -7.5000  -22.5000   15.000014400.0342   17.9698
    0.0000  -22.5000   15.000015032.8057   17.9645
    7.5000  -22.5000   15.000014360.7559   17.9480
   -7.5000  -15.0000   15.000015119.1504   17.9006
    0.0000  -15.0000   15.000015727.9365   17.8918
    7.5000  -15.0000   15.000014972.6641   17.8747
   -7.5000   -7.5000   15.000015689.9277   17.8186
    0.0000   -7.5000   15.000016276.6729   17.8120
    7.5000   -7.5000   15.000015441.2754   17.7982
   -7.5000    0.0000   15.000016001.5801   17.7892
    0.0000    0.0000   15.000016550.9336   17.7874
    7.5000    0.0000   15.000015699.8545   17.7773
   -7.5000    7.5000   15.000015018.2783   17.7682
    0.0000    7.5000   15.000015539.7578   17.7697
    7.5000    7.5000   15.000014747.3633   17.7605
   -7.5000   15.0000   15.000013890.6309   17.8852
    0.0000   15.0000   15.000014396.9844   17.8852
    7.5000   15.0000   15.000013735.2812   17.8733
   -7.5000   22.5000   15.000012810.8574   18.0589
    0.0000   22.5000   15.000013278.0215   18.0541
    7.5000   22.5000   15.000012695.9326   18.0390
   -7.5000   30.0000   15.000011782.6357   18.0592
    0.0000   30.0000   15.000012223.7373   18.0525
    7.5000   30.0000   15.000011689.1348   18.0389
   -7.5000   37.5000   15.000011192.6855   18.3414
    0.0000   37.5000   15.000011619.4248   18.3410
    7.5000   37.5000   15.000011096.7031   18.3307
   -7.5000   45.0000   15.000010175.1016   18.2398
    0.0000   45.0000   15.000010548.9355   18.2497
    7.5000   45.0000   15.000010082.1602   18.2442
   -7.5000  -45.0000   22.500011495.2012   18.3728
    0.0000  -45.0000   22.500012003.7861   18.3696
    7.5000  -45.0000   22.500011482.1406   18.3665
   -7.5000  -37.5000   22.500011932.9951   18.2581
    0.0000  -37.5000   22.500012473.0527   18.2583
    7.5000  -37.5000   22.500011939.3262   18.2562
   -7.5000  -30.0000   22.500012811.1270   18.1654
    0.0000  -30.0000   22.500013384.7656   18.1671
    7.5000  -30.0000   22.500012816.2607   18.1631
   -7.5000  -22.5000   22.500013620.4580   18.1000
    0.0000  -22.5000   22.500014185.8740   18.0993
    7.5000  -22.5000   22.500013567.2646   18.0930
   -7.5000  -15.0000   22.500014269.7832   18.0357
    0.0000  -15.0000   22.500014808.1680   18.0313
    7.5000  -15.0000   22.500014150.9453   18.0249
   -7.5000   -7.5000   22.500014750.4268   17.9537
    0.0000   -7.5000   22.500015281.8105   17.9481
    7.5000   -7.5000   22.500014591.2773   17.9449
   -7.5000    0.0000   22.500015025.1416   17.9200
    0.0000    0.0000   22.500015544.5293   17.9165
    7.5000    0.0000   22.500014843.5029   17.9163
   -7.5000    7.5000   22.500014147.4062   17.8959
    0.0000    7.5000   22.500014636.8906   17.8961
    7.5000    7.5000   22.500013981.2080   17.8965
   -7.5000   15.0000   22.500013158.6465   18.0143
    0.0000   15.0000   22.500013631.9912   18.0158
    7.5000   15.0000   22.500013044.1484   18.0134
   -7.5000   22.5000   22.500012164.5176   18.1909
    0.0000   22.5000   22.500012616.2236   18.1900
    7.5000   22.5000   22.500012073.3242   18.1846
   -7.5000   30.0000   22.500011185.4697   18.1896
    0.0000   30.0000   22.500011618.9824   18.1863
    7.5000   30.0000   22.500011107.8955   18.1824
   -7.5000   37.5000   22.500010600.1289   18.4670
    0.0000   37.5000   22.500010998.7676   18.4658
    7.5000   37.5000   22.500010511.7900   18.4649
   -7.5000   45.0000   22.5000 9606.4160   18.3581
    0.0000   45.0000   22.5000 9964.0498   18.3627
    7.5000   45.0000   22.5000 9514.3184   18.3648
   -7.5000  -45.0000   30.000010732.7812   18.4948
    0.0000  -45.0000   30.000011197.0771   18.4875
    7.5000  -45.0000   30.000010679.0664   18.4922
   -7.5000  -37.5000   30.000011160.5654   18.3767
    0.0000  -37.5000   30.000011634.3682   18.3734
    7.5000  -37.5000   30.000011102.3369   18.3790
   -7.5000  -30.0000   30.000011961.1650   18.2835
    0.0000  -30.0000   30.000012474.8047   18.2845
    7.5000  -30.0000   30.000011919.2871   18.2870
   -7.5000  -22.5000   30.000012691.4570   18.2248
    0.0000  -22.5000   30.000013223.7705   18.2251
    7.5000  -22.5000   30.000012620.3818   18.2240
   -7.5000  -15.0000   30.000013254.6504   18.1694
    0.0000  -15.0000   30.000013796.3027   18.1656
    7.5000  -15.0000   30.000013183.8975   18.1643
   -7.5000   -7.5000   30.000013687.0537   18.0907
    0.0000   -7.5000   30.000014257.0107   18.0833
    7.5000   -7.5000   30.000013599.2910   18.0862
   -7.5000    0.0000   30.000013945.0508   18.0532
    0.0000    0.0000   30.000014518.2227   18.0457
    7.5000    0.0000   30.000013842.1396   18.0531
   -7.5000    7.5000   30.000013150.2617   18.0236
    0.0000    7.5000   30.000013668.0059   18.0206
    7.5000    7.5000   30.000013048.5977   18.0283
   -7.5000   15.0000   30.000012266.4551   18.1400
    0.0000   15.0000   30.000012764.0859   18.1407
    7.5000   15.0000   30.000012191.9570   18.1448
   -7.5000   22.5000   30.000011382.3516   18.3211
    0.0000   22.5000   30.000011843.6016   18.3209
    7.5000   22.5000   30.000011308.0010   18.3205
   -7.5000   30.0000   30.000010471.1729   18.3229
    0.0000   30.0000   30.000010900.6191   18.3201
    7.5000   30.0000   30.000010404.1455   18.3207
   -7.5000   37.5000   30.0000 9912.3037   18.6003
    0.0000   37.5000   30.000010328.3594   18.5967
    7.5000   37.5000   30.0000 9855.7900   18.6015
   -7.5000   45.0000   30.0000 8971.2217   18.4845
    0.0000   45.0000   30.0000 9339.4023   18.4850
    7.5000   45.0000   30.0000 8911.1797   18.4948
   -7.5000  -45.0000   37.500010332.2031   18.6565
    0.0000  -45.0000   37.500010757.7617   18.6464
    7.5000  -45.0000   37.500010234.7598   18.6473
   -7.5000  -37.5000   37.500010719.8838   18.5375
    0.0000  -37.5000   37.500011174.9854   18.5320
    7.5000  -37.5000   37.500010635.0898   18.5347
   -7.5000  -30.0000   37.500011479.7598   18.4435
    0.0000  -30.0000   37.500011977.3799   18.4413
    7.5000  -30.0000   37.500011403.1240   18.4397
   -7.5000  -22.5000   37.500012180.5557   18.3874
    0.0000  -22.5000   37.500012699.3281   18.3832
    7.5000  -22.5000   37.500012079.6914   18.3755
   -7.5000  -15.0000   37.500012705.9658   18.3377
    0.0000  -15.0000   37.500013234.6133   18.3293
    7.5000  -15.0000   37.500012618.9668   18.3203
   -7.5000   -7.5000   37.500013076.0605   18.2629
    0.0000   -7.5000   37.500013642.0713   18.2518
    7.5000   -7.5000   37.500013023.3467   18.2487
   -7.5000    0.0000   37.500013326.8193   18.2249
    0.0000    0.0000   37.500013878.1973   18.2148
    7.5000    0.0000   37.500013260.2363   18.2184
   -7.5000    7.5000   37.500012597.0137   18.1926
    0.0000    7.5000   37.500013104.6494   18.1875
    7.5000    7.5000   37.500012513.7920   18.1924
   -7.5000   15.0000   37.500011772.8877   18.3068
    0.0000   15.0000   37.500012263.9580   18.3044
    7.5000   15.0000   37.500011704.8105   18.3044
   -7.5000   22.5000   37.500010932.1143   18.4915
    0.0000   22.5000   37.500011392.0225   18.4870
    7.5000   22.5000   37.500010871.0967   18.4803
   -7.5000   30.0000   37.500010074.6943   18.4969
    0.0000   30.0000   37.500010498.1562   18.4904
    7.5000   30.0000   37.500010018.1670   18.4840
   -7.5000   37.5000   37.5000 9566.1738   18.7808
    0.0000   37.5000   37.5000 9986.5400   18.7748
    7.5000   37.5000   37.5000 9514.9072   18.7740
   -7.5000   45.0000   37.5000 8654.4062   18.6634
    0.0000   45.0000   37.5000 9029.1396   18.6650
    7.5000   45.0000   37.5000 8623.3271   18.6739
   -7.5000  -45.0000   45.0000 9492.0205   18.8602
    0.0000  -45.0000   45.0000 9868.2852   18.8487
    7.5000  -45.0000   45.0000 9376.2148   18.8385
   -7.5000  -37.5000   45.0000 9826.5410   18.7433
    0.0000  -37.5000   45.000010228.4707   18.7361
    7.5000  -37.5000   45.0000 9735.5156   18.7286
   -7.5000  -30.0000   45.000010491.2812   18.6483
    0.0000  -30.0000   45.000010941.0664   18.6417
    7.5000  -30.0000   45.000010413.8525   18.6292
   -7.5000  -22.5000   45.000011105.4199   18.5895
    0.0000  -22.5000   45.000011583.5322   18.5778
    7.5000  -22.5000   45.000011026.8965   18.5580
   -7.5000  -15.0000   45.000011585.6475   18.5392
    0.0000  -15.0000   45.000012083.6250   18.5231
    7.5000  -15.0000   45.000011524.4062   18.5018
   -7.5000   -7.5000   45.000011957.6641   18.4676
    0.0000   -7.5000   45.000012458.7363   18.4520
    7.5000   -7.5000   45.000011892.9814   18.4373
   -7.5000    0.0000   45.000012182.8691   18.4330
    0.0000    0.0000   45.000012686.6650   18.4213
    7.5000    0.0000   45.000012103.3477   18.4143
   -7.5000    7.5000   45.000011512.0811   18.4021
    0.0000    7.5000   45.000011990.0000   18.3953
    7.5000    7.5000   45.000011448.9844   18.3903
   -7.5000   15.0000   45.000010786.3086   18.5149
    0.0000   15.0000   45.000011246.7568   18.5081
    7.5000   15.0000   45.000010732.3984   18.4975
   -7.5000   22.5000   45.000010023.4414   18.6994
    0.0000   22.5000   45.000010459.3652   18.6879
    7.5000   22.5000   45.0000 9960.5332   18.6696
   -7.5000   30.0000   45.0000 9242.5039   18.7049
    0.0000   30.0000   45.0000 9642.1055   18.6921
    7.5000   30.0000   45.0000 9191.6221   18.6746
   -7.5000   37.5000   45.0000 8806.9082   19.0005
    0.0000   37.5000   45.0000 9184.5811   18.9923
    7.5000   37.5000   45.0000 8752.5879   18.9812
   -7.5000   45.0000   45.0000 7992.7207   18.9004
    0.0000   45.0000   45.0000 8322.4961   18.9048
    7.5000   45.0000   45.0000 7939.9731   18.9059

---------------------------------------------------------------------
imgreg_4dfp /opt/freesurfer/average/711-2C_as_mni_average_305 /opt/freesurfer/average/711-2B_as_mni_average_305_mask talsrcimg_g11 none talsrcimg_to_711-2C_as_mni_average_305_t4 4355
---------------------------------------------------------------------

freesurfer imgreg_4dfp.c
/opt/freesurfer/average/711-2C_as_mni_average_305.4dfp.img
       256       256       256         1
  1.000000  1.000000  1.000000
orientation T byte_order littleendian
Reading image: /opt/freesurfer/average/711-2C_as_mni_average_305.4dfp.img
dimensions:      256       256       256
mmppix:       1.0000   -1.0000   -1.0000
center:     128.0000 -129.0000 -129.0000
/opt/freesurfer/average/711-2B_as_mni_average_305_mask.4dfp.img
       256       256       256         1
  1.000000  1.000000  1.000000
orientation T byte_order littleendian
Reading mask: /opt/freesurfer/average/711-2B_as_mni_average_305_mask.4dfp.img (2306576 pixels)
talsrcimg_g11.4dfp.img
       256       256       256         1
  1.000000  1.000000  1.000000
orientation T byte_order littleendian
Reading image: talsrcimg_g11.4dfp.img
dimensions:      256       256       256
mmppix:       1.0000   -1.0000   -1.0000
center:     128.0000 -129.0000 -129.0000
rotation matrix determinant  1.000000
image alignment mode   4355 decimal     1103 hex
   -7.5000  -45.0000  -45.0000 2236.2290   17.7699
    0.0000  -45.0000  -45.0000 2235.6460   17.7813
    7.5000  -45.0000  -45.0000 2211.9668   18.0495
   -7.5000  -37.5000  -45.0000 2284.8401   16.8272
    0.0000  -37.5000  -45.0000 2284.3625   16.8441
    7.5000  -37.5000  -45.0000 2260.1289   17.0728
   -7.5000  -30.0000  -45.0000 2314.8418   16.1075
    0.0000  -30.0000  -45.0000 2312.2500   16.1095
    7.5000  -30.0000  -45.0000 2291.3838   16.3233
   -7.5000  -22.5000  -45.0000 2330.9849   15.5986
    0.0000  -22.5000  -45.0000 2331.3088   15.5924
    7.5000  -22.5000  -45.0000 2309.6538   15.8118
   -7.5000  -15.0000  -45.0000 2335.5269   15.3040
    0.0000  -15.0000  -45.0000 2340.6096   15.2814
    7.5000  -15.0000  -45.0000 2318.6531   15.4907
   -7.5000   -7.5000  -45.0000 2336.9727   15.2249
    0.0000   -7.5000  -45.0000 2350.2791   15.1969
    7.5000   -7.5000  -45.0000 2325.6375   15.4003
   -7.5000    0.0000  -45.0000 2323.5479   15.4905
    0.0000    0.0000  -45.0000 2340.6746   15.4533
    7.5000    0.0000  -45.0000 2314.2483   15.6684
   -7.5000    7.5000  -45.0000 2294.9216   16.0472
    0.0000    7.5000  -45.0000 2312.0342   16.0032
    7.5000    7.5000  -45.0000 2286.6692   16.2232
   -7.5000   15.0000  -45.0000 2247.3748   16.9169
    0.0000   15.0000  -45.0000 2265.7478   16.8516
    7.5000   15.0000  -45.0000 2242.1951   17.0690
   -7.5000   22.5000  -45.0000 2181.4441   18.1322
    0.0000   22.5000  -45.0000 2200.0396   18.0551
    7.5000   22.5000  -45.0000 2179.3550   18.2515
   -7.5000   30.0000  -45.0000 2101.0583   19.8090
    0.0000   30.0000  -45.0000 2118.7786   19.6763
    7.5000   30.0000  -45.0000 2099.9771   19.9189
   -7.5000   37.5000  -45.0000 2006.5842   21.9540
    0.0000   37.5000  -45.0000 2023.5331   21.7971
    7.5000   37.5000  -45.0000 2001.3274   22.0299
   -7.5000   45.0000  -45.0000 1902.7065   24.7737
    0.0000   45.0000  -45.0000 1914.1709   24.6290
    7.5000   45.0000  -45.0000 1898.1498   24.8455
   -7.5000  -45.0000  -37.5000 2326.3245   16.4371
    0.0000  -45.0000  -37.5000 2329.0535   16.4521
    7.5000  -45.0000  -37.5000 2302.0061   16.7152
   -7.5000  -37.5000  -37.5000 2372.2437   15.5789
    0.0000  -37.5000  -37.5000 2372.3616   15.5801
    7.5000  -37.5000  -37.5000 2346.4473   15.7792
   -7.5000  -30.0000  -37.5000 2406.5681   14.8937
    0.0000  -30.0000  -37.5000 2401.7378   14.8809
    7.5000  -30.0000  -37.5000 2378.3484   15.0582
   -7.5000  -22.5000  -37.5000 2429.7393   14.4286
    0.0000  -22.5000  -37.5000 2432.6455   14.4091
    7.5000  -22.5000  -37.5000 2406.8562   14.5731
   -7.5000  -15.0000  -37.5000 2434.7395   14.2184
    0.0000  -15.0000  -37.5000 2443.4897   14.1911
    7.5000  -15.0000  -37.5000 2419.8848   14.3219
   -7.5000   -7.5000  -37.5000 2434.0618   14.1572
    0.0000   -7.5000  -37.5000 2451.3005   14.1222
    7.5000   -7.5000  -37.5000 2425.7549   14.2921
   -7.5000    0.0000  -37.5000 2420.0920   14.4065
    0.0000    0.0000  -37.5000 2437.5012   14.3584
    7.5000    0.0000  -37.5000 2412.9111   14.5438
   -7.5000    7.5000  -37.5000 2389.5017   14.9076
    0.0000    7.5000  -37.5000 2408.8601   14.8427
    7.5000    7.5000  -37.5000 2381.1736   15.0645
   -7.5000   15.0000  -37.5000 2334.5349   15.7450
    0.0000   15.0000  -37.5000 2355.6226   15.6667
    7.5000   15.0000  -37.5000 2330.0103   15.8655
   -7.5000   22.5000  -37.5000 2260.9150   16.9005
    0.0000   22.5000  -37.5000 2281.3984   16.8213
    7.5000   22.5000  -37.5000 2259.1528   17.0001
   -7.5000   30.0000  -37.5000 2172.1150   18.4432
    0.0000   30.0000  -37.5000 2190.3457   18.3451
    7.5000   30.0000  -37.5000 2169.3362   18.5302
   -7.5000   37.5000  -37.5000 2071.8342   20.4386
    0.0000   37.5000  -37.5000 2087.8757   20.3287
    7.5000   37.5000  -37.5000 2065.9614   20.4909
   -7.5000   45.0000  -37.5000 1957.7413   22.9863
    0.0000   45.0000  -37.5000 1974.8304   22.8682
    7.5000   45.0000  -37.5000 1953.0781   23.0663
   -7.5000  -45.0000  -30.0000 2457.6926   15.7530
    0.0000  -45.0000  -30.0000 2453.3613   15.7630
    7.5000  -45.0000  -30.0000 2426.5386   15.9957
   -7.5000  -37.5000  -30.0000 2506.0823   14.8981
    0.0000  -37.5000  -30.0000 2503.3110   14.8896
    7.5000  -37.5000  -30.0000 2477.3032   15.0986
   -7.5000  -30.0000  -30.0000 2535.9282   14.2964
    0.0000  -30.0000  -30.0000 2539.2346   14.2755
    7.5000  -30.0000  -30.0000 2514.0891   14.4165
   -7.5000  -22.5000  -30.0000 2565.3108   13.8713
    0.0000  -22.5000  -30.0000 2572.0286   13.8028
    7.5000  -22.5000  -30.0000 2545.8303   13.9586
   -7.5000  -15.0000  -30.0000 2585.8684   13.6813
    0.0000  -15.0000  -30.0000 2597.1404   13.6023
    7.5000  -15.0000  -30.0000 2565.4609   13.7389
   -7.5000   -7.5000  -30.0000 2591.4995   13.6459
    0.0000   -7.5000  -30.0000 2606.8828   13.5967
    7.5000   -7.5000  -30.0000 2578.3098   13.7398
   -7.5000    0.0000  -30.0000 2574.2302   13.8677
    0.0000    0.0000  -30.0000 2591.3315   13.8328
    7.5000    0.0000  -30.0000 2562.3699   13.9943
   -7.5000    7.5000  -30.0000 2537.8635   14.3824
    0.0000    7.5000  -30.0000 2556.3757   14.3208
    7.5000    7.5000  -30.0000 2526.8591   14.5028
   -7.5000   15.0000  -30.0000 2473.5664   15.1851
    0.0000   15.0000  -30.0000 2495.4695   15.1179
    7.5000   15.0000  -30.0000 2467.8113   15.2969
   -7.5000   22.5000  -30.0000 2393.0627   16.3102
    0.0000   22.5000  -30.0000 2413.4802   16.2221
    7.5000   22.5000  -30.0000 2388.9246   16.3932
   -7.5000   30.0000  -30.0000 2292.2759   17.8110
    0.0000   30.0000  -30.0000 2310.0559   17.7355
    7.5000   30.0000  -30.0000 2290.2080   17.8943
   -7.5000   37.5000  -30.0000 2178.9717   19.7218
    0.0000   37.5000  -30.0000 2192.0903   19.6468
    7.5000   37.5000  -30.0000 2173.6746   19.8048
   -7.5000   45.0000  -30.0000 2050.8184   22.1315
    0.0000   45.0000  -30.0000 2064.5422   22.0516
    7.5000   45.0000  -30.0000 2045.2462   22.2643
   -7.5000  -45.0000  -22.5000 2538.5671   15.0667
    0.0000  -45.0000  -22.5000 2539.5750   15.0428
    7.5000  -45.0000  -22.5000 2512.2461   15.3149
   -7.5000  -37.5000  -22.5000 2596.5728   14.2062
    0.0000  -37.5000  -22.5000 2598.5166   14.1858
    7.5000  -37.5000  -22.5000 2569.3779   14.4336
   -7.5000  -30.0000  -22.5000 2639.9700   13.6073
    0.0000  -30.0000  -22.5000 2645.7666   13.5812
    7.5000  -30.0000  -22.5000 2618.4905   13.7747
   -7.5000  -22.5000  -22.5000 2675.7383   13.2036
    0.0000  -22.5000  -22.5000 2686.8181   13.1634
    7.5000  -22.5000  -22.5000 2660.8301   13.3415
   -7.5000  -15.0000  -22.5000 2707.7705   13.0395
    0.0000  -15.0000  -22.5000 2719.8582   12.9775
    7.5000  -15.0000  -22.5000 2686.3279   13.1255
   -7.5000   -7.5000  -22.5000 2718.8728   13.0535
    0.0000   -7.5000  -22.5000 2737.4717   13.0051
    7.5000   -7.5000  -22.5000 2698.7886   13.1373
   -7.5000    0.0000  -22.5000 2704.6790   13.2977
    0.0000    0.0000  -22.5000 2724.8650   13.2625
    7.5000    0.0000  -22.5000 2686.3281   13.3958
   -7.5000    7.5000  -22.5000 2663.6255   13.7946
    0.0000    7.5000  -22.5000 2683.1663   13.7543
    7.5000    7.5000  -22.5000 2645.4939   13.9161
   -7.5000   15.0000  -22.5000 2587.2771   14.5758
    0.0000   15.0000  -22.5000 2606.6599   14.5197
    7.5000   15.0000  -22.5000 2573.7612   14.7053
   -7.5000   22.5000  -22.5000 2492.5039   15.6642
    0.0000   22.5000  -22.5000 2512.4502   15.5840
    7.5000   22.5000  -22.5000 2486.2866   15.7825
   -7.5000   30.0000  -22.5000 2378.2891   17.1261
    0.0000   30.0000  -22.5000 2396.9182   17.0429
    7.5000   30.0000  -22.5000 2376.6372   17.2446
   -7.5000   37.5000  -22.5000 2255.1658   18.9708
    0.0000   37.5000  -22.5000 2272.7461   18.8937
    7.5000   37.5000  -22.5000 2254.9460   19.0899
   -7.5000   45.0000  -22.5000 2119.8440   21.2931
    0.0000   45.0000  -22.5000 2133.8208   21.2007
    7.5000   45.0000  -22.5000 2119.2239   21.3877
   -7.5000  -45.0000  -15.0000 2590.0320   14.4755
    0.0000  -45.0000  -15.0000 2591.3909   14.4643
    7.5000  -45.0000  -15.0000 2562.7729   14.7763
   -7.5000  -37.5000  -15.0000 2658.4243   13.6287
    0.0000  -37.5000  -15.0000 2658.5244   13.6131
    7.5000  -37.5000  -15.0000 2628.7144   13.8771
   -7.5000  -30.0000  -15.0000 2712.3469   13.0151
    0.0000  -30.0000  -15.0000 2718.0605   12.9827
    7.5000  -30.0000  -15.0000 2690.6392   13.2113
   -7.5000  -22.5000  -15.0000 2763.3157   12.6100
    0.0000  -22.5000  -15.0000 2775.5215   12.5811
    7.5000  -22.5000  -15.0000 2746.0898   12.7958
   -7.5000  -15.0000  -15.0000 2803.9072   12.4559
    0.0000  -15.0000  -15.0000 2822.0398   12.4266
    7.5000  -15.0000  -15.0000 2780.7966   12.6030
   -7.5000   -7.5000  -15.0000 2823.9001   12.4907
    0.0000   -7.5000  -15.0000 2847.9739   12.4429
    7.5000   -7.5000  -15.0000 2797.8113   12.6177
   -7.5000    0.0000  -15.0000 2807.9570   12.7395
    0.0000    0.0000  -15.0000 2830.5376   12.7024
    7.5000    0.0000  -15.0000 2780.3955   12.8827
   -7.5000    7.5000  -15.0000 2750.8228   13.2229
    0.0000    7.5000  -15.0000 2773.8511   13.1855
    7.5000    7.5000  -15.0000 2734.6091   13.3763
   -7.5000   15.0000  -15.0000 2662.4338   13.9845
    0.0000   15.0000  -15.0000 2686.9177   13.9318
    7.5000   15.0000  -15.0000 2655.8223   14.1452
   -7.5000   22.5000  -15.0000 2558.5771   15.0592
    0.0000   22.5000  -15.0000 2577.2258   15.0109
    7.5000   22.5000  -15.0000 2550.1387   15.2152
   -7.5000   30.0000  -15.0000 2436.8442   16.5044
    0.0000   30.0000  -15.0000 2454.0232   16.4283
    7.5000   30.0000  -15.0000 2428.6680   16.6524
   -7.5000   37.5000  -15.0000 2306.2646   18.3088
    0.0000   37.5000  -15.0000 2325.1470   18.2177
    7.5000   37.5000  -15.0000 2303.0566   18.4217
   -7.5000   45.0000  -15.0000 2161.7480   20.5099
    0.0000   45.0000  -15.0000 2178.5288   20.4225
    7.5000   45.0000  -15.0000 2157.6550   20.6393
   -7.5000  -45.0000   -7.5000 2622.6145   13.9774
    0.0000  -45.0000   -7.5000 2624.9197   13.9702
    7.5000  -45.0000   -7.5000 2588.9624   14.2817
   -7.5000  -37.5000   -7.5000 2694.5688   13.0881
    0.0000  -37.5000   -7.5000 2699.8347   13.0959
    7.5000  -37.5000   -7.5000 2665.3542   13.3774
   -7.5000  -30.0000   -7.5000 2767.1448   12.4851
    0.0000  -30.0000   -7.5000 2776.4575   12.4711
    7.5000  -30.0000   -7.5000 2739.0803   12.7197
   -7.5000  -22.5000   -7.5000 2831.6560   12.1241
    0.0000  -22.5000   -7.5000 2848.3398   12.0808
    7.5000  -22.5000   -7.5000 2808.9985   12.3266
   -7.5000  -15.0000   -7.5000 2888.0229   11.9924
    0.0000  -15.0000   -7.5000 2913.7952   11.9572
    7.5000  -15.0000   -7.5000 2859.3984   12.1737
   -7.5000   -7.5000   -7.5000 2913.9778   12.0172
    0.0000   -7.5000   -7.5000 2946.2935   11.9612
    7.5000   -7.5000   -7.5000 2877.5569   12.1989
   -7.5000    0.0000   -7.5000 2887.5195   12.2471
    0.0000    0.0000   -7.5000 2911.9707   12.1795
    7.5000    0.0000   -7.5000 2855.0112   12.4314
   -7.5000    7.5000   -7.5000 2812.5459   12.7091
    0.0000    7.5000   -7.5000 2837.8699   12.6516
    7.5000    7.5000   -7.5000 2796.9409   12.8892
   -7.5000   15.0000   -7.5000 2713.2153   13.4436
    0.0000   15.0000   -7.5000 2739.0291   13.4008
    7.5000   15.0000   -7.5000 2703.7581   13.6313
   -7.5000   22.5000   -7.5000 2597.1592   14.5250
    0.0000   22.5000   -7.5000 2619.8525   14.4758
    7.5000   22.5000   -7.5000 2587.6729   14.7039
   -7.5000   30.0000   -7.5000 2464.8318   15.9472
    0.0000   30.0000   -7.5000 2483.8970   15.8881
    7.5000   30.0000   -7.5000 2460.3928   16.1134
   -7.5000   37.5000   -7.5000 2332.2266   17.6731
    0.0000   37.5000   -7.5000 2353.2090   17.6103
    7.5000   37.5000   -7.5000 2324.9766   17.8448
   -7.5000   45.0000   -7.5000 2186.4436   19.8496
    0.0000   45.0000   -7.5000 2204.1631   19.7844
    7.5000   45.0000   -7.5000 2179.9810   20.0286
   -7.5000  -45.0000    0.0000 2638.7004   13.6511
    0.0000  -45.0000    0.0000 2643.8269   13.6406
    7.5000  -45.0000    0.0000 2603.7358   13.9996
   -7.5000  -37.5000    0.0000 2719.3232   12.7635
    0.0000  -37.5000    0.0000 2727.9692   12.7553
    7.5000  -37.5000    0.0000 2685.7014   13.0564
   -7.5000  -30.0000    0.0000 2800.0630   12.1463
    0.0000  -30.0000    0.0000 2812.8000   12.1217
    7.5000  -30.0000    0.0000 2767.9636   12.4269
   -7.5000  -22.5000    0.0000 2877.9548   11.8181
    0.0000  -22.5000    0.0000 2898.9817   11.7757
    7.5000  -22.5000    0.0000 2845.3108   12.0486
   -7.5000  -15.0000    0.0000 2946.2280   11.6990
    0.0000  -15.0000    0.0000 2981.3308   11.6806
    7.5000  -15.0000    0.0000 2904.1152   11.9093
   -7.5000   -7.5000    0.0000 2980.3105   11.7428
    0.0000   -7.5000    0.0000 3017.7239   11.6381
    7.5000   -7.5000    0.0000 2928.8613   11.9367
   -7.5000    0.0000    0.0000 2938.7769   11.9541
    0.0000    0.0000    0.0000 2968.1301   11.8331
    7.5000    0.0000    0.0000 2897.8403   12.1636
   -7.5000    7.5000    0.0000 2844.6260   12.3837
    0.0000    7.5000    0.0000 2870.9619   12.3145
    7.5000    7.5000    0.0000 2825.1213   12.5971
   -7.5000   15.0000    0.0000 2731.7332   13.1178
    0.0000   15.0000    0.0000 2760.3152   13.0514
    7.5000   15.0000    0.0000 2724.1245   13.3038
   -7.5000   22.5000    0.0000 2611.6516   14.1858
    0.0000   22.5000    0.0000 2635.2664   14.1112
    7.5000   22.5000    0.0000 2603.5020   14.3118
   -7.5000   30.0000    0.0000 2473.7256   15.5762
    0.0000   30.0000    0.0000 2492.7322   15.5047
    7.5000   30.0000    0.0000 2467.8735   15.6963
   -7.5000   37.5000    0.0000 2333.4216   17.3227
    0.0000   37.5000    0.0000 2354.0205   17.2310
    7.5000   37.5000    0.0000 2332.1709   17.4511
   -7.5000   45.0000    0.0000 2185.9893   19.4944
    0.0000   45.0000    0.0000 2202.9902   19.3923
    7.5000   45.0000    0.0000 2186.8176   19.6360
   -7.5000  -45.0000    7.5000 2648.0288   13.5380
    0.0000  -45.0000    7.5000 2652.7986   13.5422
    7.5000  -45.0000    7.5000 2612.2795   13.9174
   -7.5000  -37.5000    7.5000 2727.7585   12.6580
    0.0000  -37.5000    7.5000 2735.7910   12.6625
    7.5000  -37.5000    7.5000 2695.1875   12.9989
   -7.5000  -30.0000    7.5000 2809.8252   12.0491
    0.0000  -30.0000    7.5000 2824.0112   12.0243
    7.5000  -30.0000    7.5000 2777.6008   12.3670
   -7.5000  -22.5000    7.5000 2889.8464   11.7190
    0.0000  -22.5000    7.5000 2908.0281   11.6980
    7.5000  -22.5000    7.5000 2850.4109   11.9910
   -7.5000  -15.0000    7.5000 2955.1155   11.6110
    0.0000  -15.0000    7.5000 2983.2097   11.5743
    7.5000  -15.0000    7.5000 2907.7756   11.8445
   -7.5000   -7.5000    7.5000 2990.3923   11.6959
    0.0000   -7.5000    7.5000 3017.4031   11.5890
    7.5000   -7.5000    7.5000 2932.8635   11.8664
   -7.5000    0.0000    7.5000 2944.2273   11.9186
    0.0000    0.0000    7.5000 2969.8301   11.8256
    7.5000    0.0000    7.5000 2903.5710   12.0818
   -7.5000    7.5000    7.5000 2844.3120   12.3367
    0.0000    7.5000    7.5000 2871.6836   12.2364
    7.5000    7.5000    7.5000 2824.5061   12.5089
   -7.5000   15.0000    7.5000 2725.8538   13.0397
    0.0000   15.0000    7.5000 2752.6167   12.9340
    7.5000   15.0000    7.5000 2717.5615   13.1996
   -7.5000   22.5000    7.5000 2595.9236   14.0880
    0.0000   22.5000    7.5000 2618.1804   13.9728
    7.5000   22.5000    7.5000 2596.3452   14.1913
   -7.5000   30.0000    7.5000 2460.4070   15.4482
    0.0000   30.0000    7.5000 2478.6787   15.3586
    7.5000   30.0000    7.5000 2459.2737   15.5424
   -7.5000   37.5000    7.5000 2319.7175   17.1597
    0.0000   37.5000    7.5000 2338.6035   17.0823
    7.5000   37.5000    7.5000 2320.3323   17.2775
   -7.5000   45.0000    7.5000 2169.4417   19.2919
    0.0000   45.0000    7.5000 2186.4905   19.2328
    7.5000   45.0000    7.5000 2169.6033   19.4308
   -7.5000  -45.0000   15.0000 2643.6968   13.6206
    0.0000  -45.0000   15.0000 2646.4473   13.6409
    7.5000  -45.0000   15.0000 2605.5896   14.0517
   -7.5000  -37.5000   15.0000 2718.6436   12.7909
    0.0000  -37.5000   15.0000 2728.9521   12.7965
    7.5000  -37.5000   15.0000 2687.1060   13.1808
   -7.5000  -30.0000   15.0000 2791.9419   12.2411
    0.0000  -30.0000   15.0000 2805.9863   12.2205
    7.5000  -30.0000   15.0000 2760.4243   12.5823
   -7.5000  -22.5000   15.0000 2862.4260   11.9486
    0.0000  -22.5000   15.0000 2878.8931   11.9109
    7.5000  -22.5000   15.0000 2828.7346   12.2077
   -7.5000  -15.0000   15.0000 2913.9592   11.8362
    0.0000  -15.0000   15.0000 2938.3162   11.7474
    7.5000  -15.0000   15.0000 2876.7280   12.0387
   -7.5000   -7.5000   15.0000 2934.5459   11.8848
    0.0000   -7.5000   15.0000 2956.7666   11.7910
    7.5000   -7.5000   15.0000 2893.9705   12.0447
   -7.5000    0.0000   15.0000 2894.8293   12.1033
    0.0000    0.0000   15.0000 2913.3562   12.0207
    7.5000    0.0000   15.0000 2859.0005   12.2686
   -7.5000    7.5000   15.0000 2805.1594   12.5602
    0.0000    7.5000   15.0000 2825.0010   12.4823
    7.5000    7.5000   15.0000 2782.2070   12.7140
   -7.5000   15.0000   15.0000 2685.1509   13.2587
    0.0000   15.0000   15.0000 2707.8589   13.1629
    7.5000   15.0000   15.0000 2679.6833   13.4196
   -7.5000   22.5000   15.0000 2562.9136   14.2372
    0.0000   22.5000   15.0000 2579.7537   14.1299
    7.5000   22.5000   15.0000 2561.0234   14.3573
   -7.5000   30.0000   15.0000 2432.5427   15.5653
    0.0000   30.0000   15.0000 2449.7495   15.4580
    7.5000   30.0000   15.0000 2433.0811   15.6572
   -7.5000   37.5000   15.0000 2293.2070   17.2498
    0.0000   37.5000   15.0000 2308.5178   17.1267
    7.5000   37.5000   15.0000 2292.4758   17.3342
   -7.5000   45.0000   15.0000 2144.4041   19.3764
    0.0000   45.0000   15.0000 2159.8037   19.2436
    7.5000   45.0000   15.0000 2141.8298   19.4607
   -7.5000  -45.0000   22.5000 2622.4485   14.0121
    0.0000  -45.0000   22.5000 2625.2473   14.0345
    7.5000  -45.0000   22.5000 2582.5256   14.4782
   -7.5000  -37.5000   22.5000 2689.1221   13.2189
    0.0000  -37.5000   22.5000 2697.6777   13.2075
    7.5000  -37.5000   22.5000 2654.5815   13.6119
   -7.5000  -30.0000   22.5000 2756.1074   12.7017
    0.0000  -30.0000   22.5000 2766.5625   12.6792
    7.5000  -30.0000   22.5000 2724.5383   13.0319
   -7.5000  -22.5000   22.5000 2813.0410   12.4135
    0.0000  -22.5000   22.5000 2828.6060   12.3447
    7.5000  -22.5000   22.5000 2784.7988   12.6568
   -7.5000  -15.0000   22.5000 2844.6248   12.2857
    0.0000  -15.0000   22.5000 2864.2717   12.1903
    7.5000  -15.0000   22.5000 2816.6475   12.4743
   -7.5000   -7.5000   22.5000 2845.5295   12.3641
    0.0000   -7.5000   22.5000 2862.4434   12.2642
    7.5000   -7.5000   22.5000 2819.4849   12.5265
   -7.5000    0.0000   22.5000 2810.3130   12.5604
    0.0000    0.0000   22.5000 2825.6687   12.4547
    7.5000    0.0000   22.5000 2785.2183   12.7195
   -7.5000    7.5000   22.5000 2736.6497   13.0006
    0.0000    7.5000   22.5000 2752.2332   12.8956
    7.5000    7.5000   22.5000 2715.4585   13.1570
   -7.5000   15.0000   22.5000 2625.9929   13.7014
    0.0000   15.0000   22.5000 2644.0068   13.5794
    7.5000   15.0000   22.5000 2621.3093   13.8561
   -7.5000   22.5000   22.5000 2514.9336   14.6760
    0.0000   22.5000   22.5000 2532.1211   14.5594
    7.5000   22.5000   22.5000 2513.6553   14.8199
   -7.5000   30.0000   22.5000 2389.2634   15.9451
    0.0000   30.0000   22.5000 2407.4932   15.8217
    7.5000   30.0000   22.5000 2391.3708   16.0475
   -7.5000   37.5000   22.5000 2254.1536   17.5860
    0.0000   37.5000   22.5000 2267.8313   17.4413
    7.5000   37.5000   22.5000 2253.0552   17.6624
   -7.5000   45.0000   22.5000 2108.3809   19.6901
    0.0000   45.0000   22.5000 2124.1775   19.5640
    7.5000   45.0000   22.5000 2106.9714   19.7696
   -7.5000  -45.0000   30.0000 2585.9790   14.6473
    0.0000  -45.0000   30.0000 2589.5461   14.6767
    7.5000  -45.0000   30.0000 2547.5476   15.1198
   -7.5000  -37.5000   30.0000 2651.0830   13.8477
    0.0000  -37.5000   30.0000 2657.9424   13.8544
    7.5000  -37.5000   30.0000 2611.8855   14.2357
   -7.5000  -30.0000   30.0000 2703.8503   13.3136
    0.0000  -30.0000   30.0000 2713.7456   13.2889
    7.5000  -30.0000   30.0000 2671.8035   13.6404
   -7.5000  -22.5000   30.0000 2743.7061   13.0483
    0.0000  -22.5000   30.0000 2757.5940   12.9910
    7.5000  -22.5000   30.0000 2715.1790   13.2961
   -7.5000  -15.0000   30.0000 2758.6775   12.9438
    0.0000  -15.0000   30.0000 2772.7993   12.8911
    7.5000  -15.0000   30.0000 2735.5635   13.1540
   -7.5000   -7.5000   30.0000 2745.9922   13.0309
    0.0000   -7.5000   30.0000 2760.0200   12.9638
    7.5000   -7.5000   30.0000 2724.8318   13.2245
   -7.5000    0.0000   30.0000 2708.8940   13.2389
    0.0000    0.0000   30.0000 2723.4690   13.1569
    7.5000    0.0000   30.0000 2688.7700   13.4134
   -7.5000    7.5000   30.0000 2644.7229   13.6377
    0.0000    7.5000   30.0000 2656.2947   13.5586
    7.5000    7.5000   30.0000 2626.4915   13.8363
   -7.5000   15.0000   30.0000 2552.4658   14.3095
    0.0000   15.0000   30.0000 2569.3960   14.2225
    7.5000   15.0000   30.0000 2547.8218   14.4934
   -7.5000   22.5000   30.0000 2454.2629   15.2779
    0.0000   22.5000   30.0000 2470.9539   15.1773
    7.5000   22.5000   30.0000 2451.1667   15.4417
   -7.5000   30.0000   30.0000 2335.0676   16.5485
    0.0000   30.0000   30.0000 2352.5049   16.4406
    7.5000   30.0000   30.0000 2337.0195   16.6537
   -7.5000   37.5000   30.0000 2199.1785   18.1687
    0.0000   37.5000   30.0000 2220.9932   18.0387
    7.5000   37.5000   30.0000 2206.9778   18.2503
   -7.5000   45.0000   30.0000 2061.8215   20.2806
    0.0000   45.0000   30.0000 2081.0212   20.1414
    7.5000   45.0000   30.0000 2068.6057   20.3776
   -7.5000  -45.0000   37.5000 2536.0337   15.4973
    0.0000  -45.0000   37.5000 2538.8572   15.5023
    7.5000  -45.0000   37.5000 2492.9905   15.9146
   -7.5000  -37.5000   37.5000 2590.0920   14.6841
    0.0000  -37.5000   37.5000 2597.8716   14.6865
    7.5000  -37.5000   37.5000 2553.2065   15.0385
   -7.5000  -30.0000   37.5000 2631.6470   14.1646
    0.0000  -30.0000   37.5000 2642.9153   14.1479
    7.5000  -30.0000   37.5000 2602.2400   14.4545
   -7.5000  -22.5000   37.5000 2660.1846   13.9087
    0.0000  -22.5000   37.5000 2676.4263   13.8666
    7.5000  -22.5000   37.5000 2635.5923   14.1562
   -7.5000  -15.0000   37.5000 2669.5798   13.8092
    0.0000  -15.0000   37.5000 2679.3188   13.7847
    7.5000  -15.0000   37.5000 2648.8921   14.0489
   -7.5000   -7.5000   37.5000 2644.5488   13.8857
    0.0000   -7.5000   37.5000 2658.4138   13.8309
    7.5000   -7.5000   37.5000 2632.7061   14.1021
   -7.5000    0.0000   37.5000 2603.9458   14.1141
    0.0000    0.0000   37.5000 2615.1060   14.0553
    7.5000    0.0000   37.5000 2593.7207   14.3080
   -7.5000    7.5000   37.5000 2550.9736   14.4811
    0.0000    7.5000   37.5000 2563.2524   14.4212
    7.5000    7.5000   37.5000 2539.3513   14.6960
   -7.5000   15.0000   37.5000 2474.5603   15.0894
    0.0000   15.0000   37.5000 2488.7661   15.0316
    7.5000   15.0000   37.5000 2464.9038   15.3132
   -7.5000   22.5000   37.5000 2385.8879   16.0113
    0.0000   22.5000   37.5000 2398.2273   15.9473
    7.5000   22.5000   37.5000 2381.7952   16.1953
   -7.5000   30.0000   37.5000 2272.6636   17.3166
    0.0000   30.0000   37.5000 2287.8093   17.2329
    7.5000   30.0000   37.5000 2274.9871   17.4250
   -7.5000   37.5000   37.5000 2145.6135   18.9759
    0.0000   37.5000   37.5000 2163.3350   18.8773
    7.5000   37.5000   37.5000 2150.0715   19.0452
   -7.5000   45.0000   37.5000 2013.1974   21.1363
    0.0000   45.0000   37.5000 2027.7021   20.9896
    7.5000   45.0000   37.5000 2016.7252   21.2114
   -7.5000  -45.0000   45.0000 2473.5684   16.5627
    0.0000  -45.0000   45.0000 2473.5220   16.5719
    7.5000  -45.0000   45.0000 2430.2581   16.9477
   -7.5000  -37.5000   45.0000 2518.1924   15.7273
    0.0000  -37.5000   45.0000 2524.4661   15.7372
    7.5000  -37.5000   45.0000 2482.5657   16.0735
   -7.5000  -30.0000   45.0000 2544.4727   15.2164
    0.0000  -30.0000   45.0000 2557.6995   15.1959
    7.5000  -30.0000   45.0000 2523.4387   15.5071
   -7.5000  -22.5000   45.0000 2563.4219   14.9571
    0.0000  -22.5000   45.0000 2578.2585   14.9443
    7.5000  -22.5000   45.0000 2545.7590   15.2090
   -7.5000  -15.0000   45.0000 2563.9292   14.9102
    0.0000  -15.0000   45.0000 2576.0134   14.8805
    7.5000  -15.0000   45.0000 2549.0693   15.1277
   -7.5000   -7.5000   45.0000 2541.9375   15.0128
    0.0000   -7.5000   45.0000 2553.4006   14.9783
    7.5000   -7.5000   45.0000 2532.0825   15.2116
   -7.5000    0.0000   45.0000 2501.1765   15.2267
    0.0000    0.0000   45.0000 2511.5408   15.1934
    7.5000    0.0000   45.0000 2491.5811   15.4106
   -7.5000    7.5000   45.0000 2450.1770   15.5652
    0.0000    7.5000   45.0000 2463.0291   15.5479
    7.5000    7.5000   45.0000 2445.2854   15.7897
   -7.5000   15.0000   45.0000 2388.4299   16.1161
    0.0000   15.0000   45.0000 2404.1538   16.0797
    7.5000   15.0000   45.0000 2384.9666   16.3275
   -7.5000   22.5000   45.0000 2307.2070   16.9939
    0.0000   22.5000   45.0000 2322.5149   16.9151
    7.5000   22.5000   45.0000 2301.9546   17.1566
   -7.5000   30.0000   45.0000 2199.5625   18.2991
    0.0000   30.0000   45.0000 2212.8721   18.2125
    7.5000   30.0000   45.0000 2199.4194   18.3848
   -7.5000   37.5000   45.0000 2082.3064   20.0323
    0.0000   37.5000   45.0000 2093.9319   19.9453
    7.5000   37.5000   45.0000 2080.2051   20.1094
   -7.5000   45.0000   45.0000 1954.2095   22.3079
    0.0000   45.0000   45.0000 1965.7485   22.1465
    7.5000   45.0000   45.0000 1953.5681   22.3472

---------------------------------------------------------------------
imgreg_4dfp /opt/freesurfer/average/711-2C_as_mni_average_305 /opt/freesurfer/average/711-2B_as_mni_average_305_mask talsrcimg_g11 none talsrcimg_to_711-2C_as_mni_average_305_t4 1283
---------------------------------------------------------------------

freesurfer imgreg_4dfp.c
/opt/freesurfer/average/711-2C_as_mni_average_305.4dfp.img
       256       256       256         1
  1.000000  1.000000  1.000000
orientation T byte_order littleendian
Reading image: /opt/freesurfer/average/711-2C_as_mni_average_305.4dfp.img
dimensions:      256       256       256
mmppix:       1.0000   -1.0000   -1.0000
center:     128.0000 -129.0000 -129.0000
/opt/freesurfer/average/711-2B_as_mni_average_305_mask.4dfp.img
       256       256       256         1
  1.000000  1.000000  1.000000
orientation T byte_order littleendian
Reading mask: /opt/freesurfer/average/711-2B_as_mni_average_305_mask.4dfp.img (2306576 pixels)
talsrcimg_g11.4dfp.img
       256       256       256         1
  1.000000  1.000000  1.000000
orientation T byte_order littleendian
Reading image: talsrcimg_g11.4dfp.img
dimensions:      256       256       256
mmppix:       1.0000   -1.0000   -1.0000
center:     128.0000 -129.0000 -129.0000
rotation matrix determinant  1.000000
fimgreg.f
image alignment mode   1283 decimal      503 hex
parameters
    0.0000   -7.5000    0.0000    0.0000    0.0000    0.0000
eta,q 0.94644 11.63055
niter,ni,del,rscale     5    3   12.0000    1.2000
parameter  3 -0.778574 -> -0.500000 qaram    1.1500
parameters
   -1.4326   -8.0796    3.4500   -2.9998   -0.5460   -2.7173
eta,q 0.95441 11.45125
  0.0627  0.0613  0.0666  0.0477  0.0526  0.0476
  0.0569  0.0566  0.0611  0.0469  0.0495  0.0462
  0.0531  0.0532  0.0568  0.0464  0.0472  0.0455
  0.0537  0.0525  0.0525  0.0476  0.0465  0.0466
  0.0594  0.0545  0.0489  0.0502  0.0476  0.0495
  0.0676  0.0593  0.0478  0.0545  0.0510  0.0530
  0.0754  0.0656  0.0498  0.0589  0.0558  0.0563
niter,ni,del,rscale     5    3   12.0000    1.2000
parameters
   -1.8474   -7.4595    3.5081   -4.7377   -0.1235   -3.5723
eta,q 0.95495 11.48750
  0.0606  0.0568  0.0575  0.0469  0.0535  0.0486
  0.0533  0.0523  0.0516  0.0459  0.0501  0.0465
  0.0477  0.0485  0.0469  0.0453  0.0472  0.0453
  0.0456  0.0456  0.0453  0.0453  0.0453  0.0451
  0.0484  0.0458  0.0468  0.0463  0.0454  0.0460
  0.0562  0.0492  0.0513  0.0487  0.0480  0.0484
  0.0659  0.0537  0.0571  0.0526  0.0522  0.0515
niter,ni,del,rscale     4    3   12.0000    1.2000
parameters
   -2.2062   -6.5684    3.4182   -6.2652    0.3160   -3.7549
eta,q 0.95589 11.51218
  0.0608  0.0571  0.0567  0.0463  0.0530  0.0495
  0.0530  0.0524  0.0508  0.0450  0.0495  0.0466
  0.0472  0.0482  0.0461  0.0443  0.0464  0.0447
  0.0450  0.0451  0.0445  0.0445  0.0443  0.0441
  0.0481  0.0448  0.0465  0.0455  0.0447  0.0449
  0.0558  0.0479  0.0512  0.0475  0.0475  0.0471
  0.0652  0.0524  0.0573  0.0509  0.0514  0.0501
niter,ni,del,rscale     3    3   12.0000    1.2000
parameters
   -2.3597   -5.9842    3.2448   -6.7602    0.5308   -3.7260
eta,q 0.95621 11.51954
  0.0617  0.0565  0.0562  0.0477  0.0522  0.0499
  0.0535  0.0517  0.0501  0.0452  0.0487  0.0467
  0.0471  0.0471  0.0456  0.0440  0.0455  0.0445
  0.0441  0.0442  0.0439  0.0439  0.0438  0.0438
  0.0468  0.0445  0.0459  0.0447  0.0447  0.0445
  0.0546  0.0482  0.0508  0.0462  0.0476  0.0467
  0.0640  0.0533  0.0575  0.0491  0.0515  0.0498
niter,ni,del,rscale     2    3   12.0000    1.2000
parameters
   -2.4109   -5.8106    3.1779   -6.8727    0.6002   -3.7153
eta,q 0.95625 11.52064
  0.0622  0.0556  0.0563  0.0483  0.0519  0.0499
  0.0537  0.0507  0.0501  0.0455  0.0483  0.0468
  0.0471  0.0462  0.0456  0.0440  0.0452  0.0445
  0.0438  0.0438  0.0438  0.0438  0.0438  0.0438
  0.0462  0.0450  0.0454  0.0444  0.0448  0.0444
  0.0538  0.0494  0.0503  0.0458  0.0478  0.0467
  0.0634  0.0549  0.0571  0.0485  0.0518  0.0499
niter,ni,del,rscale     1    3   12.0000    1.2000
parameters
   -2.4280   -5.7659    3.1617   -6.9041    0.6247   -3.7117
eta,q 0.95625 11.52077
  0.0624  0.0553  0.0565  0.0484  0.0518  0.0499
  0.0538  0.0503  0.0502  0.0456  0.0482  0.0468
  0.0471  0.0459  0.0457  0.0441  0.0451  0.0445
  0.0438  0.0438  0.0438  0.0438  0.0437  0.0437
  0.0460  0.0452  0.0452  0.0444  0.0449  0.0444
  0.0537  0.0498  0.0501  0.0457  0.0479  0.0467
  0.0632  0.0553  0.0569  0.0484  0.0519  0.0499
registration optimization eta report
parameter search radius
    6.0000    6.0000    6.9000    6.0000    6.0000    6.0000
100000*second partial in parameter space
       52.       31.       27.       13.       22.       17.
  0.0624  0.0553  0.0565  0.0484  0.0518  0.0499
  0.0538  0.0503  0.0502  0.0456  0.0482  0.0468
  0.0471  0.0459  0.0457  0.0441  0.0451  0.0445
  0.0438  0.0438  0.0438  0.0438  0.0437  0.0437
  0.0460  0.0452  0.0452  0.0444  0.0449  0.0444
  0.0537  0.0498  0.0501  0.0457  0.0479  0.0467
  0.0632  0.0553  0.0569  0.0484  0.0519  0.0499
   -2.4280   -5.7659    3.1617   -6.9041    0.6247   -3.7117
eta,q 0.95625 11.52077

---------------------------------------------------------------------
imgreg_4dfp /opt/freesurfer/average/711-2C_as_mni_average_305 /opt/freesurfer/average/711-2B_as_mni_average_305_mask talsrcimg_g11 none talsrcimg_to_711-2C_as_mni_average_305_t4 3335
---------------------------------------------------------------------

freesurfer imgreg_4dfp.c
/opt/freesurfer/average/711-2C_as_mni_average_305.4dfp.img
       256       256       256         1
  1.000000  1.000000  1.000000
orientation T byte_order littleendian
Reading image: /opt/freesurfer/average/711-2C_as_mni_average_305.4dfp.img
dimensions:      256       256       256
mmppix:       1.0000   -1.0000   -1.0000
center:     128.0000 -129.0000 -129.0000
/opt/freesurfer/average/711-2B_as_mni_average_305_mask.4dfp.img
       256       256       256         1
  1.000000  1.000000  1.000000
orientation T byte_order littleendian
Reading mask: /opt/freesurfer/average/711-2B_as_mni_average_305_mask.4dfp.img (2306576 pixels)
talsrcimg_g11.4dfp.img
       256       256       256         1
  1.000000  1.000000  1.000000
orientation T byte_order littleendian
Reading image: talsrcimg_g11.4dfp.img
dimensions:      256       256       256
mmppix:       1.0000   -1.0000   -1.0000
center:     128.0000 -129.0000 -129.0000
fimgreg.f
image alignment mode   3335 decimal      D07 hex
parameters
   -2.4280   -5.7659    3.1617   -0.2157   -0.9419   -0.7310
    6.5575   -0.3020   -6.4733   12.0657    1.0904  -12.0201
eta,q 0.95816 11.54879
niter,ni,del,rscale     5    3    5.0000    1.2000
parameter  4  1.220281 ->  0.500000 qaram    1.1500
parameter  5  1.473343 ->  0.500000 qaram    1.1500
parameter  6  1.469052 ->  0.500000 qaram    1.1500
parameter  9 -0.583368 -> -0.500000 qaram    1.1500
parameter 10  0.930415 ->  0.500000 qaram    1.1500
parameter 12  0.677890 ->  0.500000 qaram    1.1500
parameters
   -2.4796   -5.4654    3.2372   -4.3557   -5.0819   -4.8710
    7.9907    0.4425   -2.3333    7.9257   -1.5660  -16.1601
eta,q 0.97282 10.81042
  0.0448  0.0447  0.0437  0.0372  0.0347  0.0290  0.0343  0.0363  0.0343  0.0278  0.0284  0.0274
  0.0431  0.0432  0.0426  0.0380  0.0354  0.0303  0.0326  0.0337  0.0328  0.0279  0.0280  0.0272
  0.0421  0.0423  0.0420  0.0395  0.0366  0.0326  0.0314  0.0317  0.0316  0.0287  0.0278  0.0273
  0.0418  0.0418  0.0418  0.0418  0.0383  0.0357  0.0308  0.0307  0.0307  0.0301  0.0280  0.0278
  0.0422  0.0419  0.0420  0.0449  0.0404  0.0394  0.0308  0.0310  0.0302  0.0322  0.0286  0.0286
  0.0433  0.0425  0.0425  0.0486  0.0429  0.0440  0.0313  0.0322  0.0301  0.0349  0.0295  0.0297
  0.0451  0.0435  0.0434  0.0529  0.0457  0.0493  0.0323  0.0345  0.0304  0.0380  0.0307  0.0310
niter,ni,del,rscale     7    3    5.0000    1.2000
parameter  5  0.764203 ->  0.500000 qaram    1.3225
parameter  6  0.520725 ->  0.500000 qaram    1.3225
parameters
   -2.6152   -5.0228    2.6139   -8.1825   -9.8429   -9.6320
    7.3071    0.3911   -1.8050    7.6537   -2.1397  -14.9369
eta,q 0.97656 10.08082
  0.0304  0.0308  0.0282  0.0271  0.0251  0.0243  0.0257  0.0276  0.0265  0.0276  0.0244  0.0260
  0.0285  0.0290  0.0273  0.0265  0.0246  0.0236  0.0244  0.0255  0.0249  0.0253  0.0239  0.0249
  0.0275  0.0278  0.0269  0.0263  0.0250  0.0236  0.0237  0.0240  0.0239  0.0239  0.0236  0.0240
  0.0272  0.0272  0.0271  0.0269  0.0263  0.0247  0.0236  0.0235  0.0235  0.0235  0.0235  0.0235
  0.0277  0.0271  0.0278  0.0286  0.0281  0.0273  0.0241  0.0240  0.0237  0.0241  0.0237  0.0235
  0.0291  0.0277  0.0289  0.0315  0.0301  0.0315  0.0252  0.0255  0.0245  0.0258  0.0241  0.0240
  0.0312  0.0288  0.0305  0.0354  0.0327  0.0369  0.0266  0.0277  0.0258  0.0281  0.0248  0.0250
niter,ni,del,rscale     7    3    5.0000    1.2000
parameters
   -2.5582   -4.7882    2.0431   -8.4278  -10.8326  -11.0993
    7.1113    0.4761   -1.3977    7.6818   -2.5732  -14.9767
eta,q 0.97660  9.93229
  0.0268  0.0268  0.0243  0.0254  0.0263  0.0267  0.0259  0.0274  0.0260  0.0275  0.0243  0.0253
  0.0250  0.0251  0.0236  0.0243  0.0248  0.0249  0.0245  0.0253  0.0247  0.0253  0.0238  0.0243
  0.0239  0.0240  0.0233  0.0237  0.0237  0.0237  0.0237  0.0239  0.0238  0.0239  0.0235  0.0236
  0.0234  0.0234  0.0234  0.0233  0.0233  0.0233  0.0234  0.0234  0.0234  0.0234  0.0234  0.0234
  0.0238  0.0236  0.0239  0.0234  0.0241  0.0240  0.0238  0.0238  0.0236  0.0239  0.0235  0.0236
  0.0248  0.0244  0.0247  0.0242  0.0257  0.0265  0.0247  0.0252  0.0244  0.0254  0.0239  0.0243
  0.0266  0.0257  0.0259  0.0260  0.0279  0.0309  0.0261  0.0273  0.0256  0.0274  0.0245  0.0254
niter,ni,del,rscale     6    3    5.0000    1.2000
parameters
   -2.5150   -4.6085    1.7237   -8.4006  -10.9808  -11.5784
    7.0111    0.5317   -1.1496    7.9245   -2.8891  -15.1523
eta,q 0.97661  9.90246
  0.0266  0.0264  0.0246  0.0254  0.0267  0.0274  0.0259  0.0273  0.0258  0.0275  0.0243  0.0252
  0.0249  0.0249  0.0238  0.0243  0.0251  0.0253  0.0245  0.0253  0.0245  0.0253  0.0238  0.0243
  0.0238  0.0238  0.0234  0.0237  0.0240  0.0239  0.0237  0.0239  0.0237  0.0239  0.0235  0.0236
  0.0234  0.0234  0.0234  0.0234  0.0234  0.0234  0.0234  0.0234  0.0234  0.0234  0.0234  0.0234
  0.0237  0.0236  0.0237  0.0234  0.0237  0.0236  0.0237  0.0238  0.0236  0.0238  0.0235  0.0237
  0.0247  0.0243  0.0244  0.0240  0.0252  0.0254  0.0247  0.0252  0.0244  0.0251  0.0239  0.0243
  0.0264  0.0256  0.0254  0.0257  0.0271  0.0291  0.0260  0.0272  0.0256  0.0270  0.0245  0.0254
niter,ni,del,rscale     5    3    5.0000    1.2000
parameters
   -2.4944   -4.5110    1.5625   -8.4157  -11.0371  -11.7862
    6.9501    0.5739   -0.9808    8.1044   -3.0864  -15.2510
eta,q 0.97661  9.88937
  0.0265  0.0262  0.0247  0.0254  0.0267  0.0276  0.0259  0.0273  0.0258  0.0274  0.0243  0.0253
  0.0248  0.0247  0.0239  0.0243  0.0252  0.0254  0.0246  0.0252  0.0245  0.0253  0.0238  0.0243
  0.0238  0.0237  0.0235  0.0237  0.0240  0.0240  0.0237  0.0239  0.0237  0.0239  0.0235  0.0236
  0.0234  0.0234  0.0234  0.0234  0.0234  0.0234  0.0234  0.0234  0.0234  0.0234  0.0234  0.0234
  0.0237  0.0236  0.0236  0.0234  0.0237  0.0236  0.0237  0.0238  0.0236  0.0238  0.0235  0.0237
  0.0248  0.0244  0.0242  0.0241  0.0251  0.0251  0.0247  0.0252  0.0244  0.0252  0.0238  0.0243
  0.0264  0.0257  0.0251  0.0257  0.0270  0.0286  0.0260  0.0272  0.0256  0.0270  0.0244  0.0254
niter,ni,del,rscale     4    3    5.0000    1.2000
parameters
   -2.4827   -4.4530    1.4803   -8.4082  -11.0813  -11.8986
    6.9051    0.5956   -0.8805    8.2127   -3.1989  -15.3050
eta,q 0.97660  9.88257
  0.0265  0.0261  0.0249  0.0254  0.0267  0.0277  0.0259  0.0273  0.0257  0.0273  0.0243  0.0253
  0.0248  0.0246  0.0240  0.0243  0.0252  0.0255  0.0246  0.0252  0.0245  0.0252  0.0238  0.0243
  0.0238  0.0237  0.0235  0.0237  0.0240  0.0240  0.0237  0.0239  0.0237  0.0239  0.0235  0.0237
  0.0234  0.0234  0.0234  0.0234  0.0234  0.0234  0.0234  0.0234  0.0234  0.0234  0.0234  0.0234
  0.0237  0.0237  0.0236  0.0234  0.0237  0.0235  0.0237  0.0238  0.0237  0.0239  0.0235  0.0237
  0.0248  0.0245  0.0242  0.0241  0.0251  0.0251  0.0246  0.0252  0.0244  0.0252  0.0238  0.0243
  0.0264  0.0258  0.0250  0.0256  0.0270  0.0285  0.0260  0.0272  0.0256  0.0270  0.0244  0.0254
niter,ni,del,rscale     3    3    5.0000    1.2000
parameters
   -2.4753   -4.4169    1.4362   -8.4087  -11.1148  -11.9622
    6.8808    0.6132   -0.8130    8.2785   -3.2842  -15.3355
eta,q 0.97659  9.87805
  0.0265  0.0260  0.0249  0.0254  0.0267  0.0277  0.0259  0.0272  0.0257  0.0272  0.0243  0.0253
  0.0248  0.0246  0.0241  0.0243  0.0252  0.0255  0.0246  0.0252  0.0245  0.0252  0.0238  0.0243
  0.0238  0.0237  0.0236  0.0237  0.0241  0.0240  0.0237  0.0239  0.0237  0.0239  0.0235  0.0237
  0.0234  0.0234  0.0234  0.0234  0.0234  0.0234  0.0234  0.0234  0.0234  0.0234  0.0234  0.0234
  0.0237  0.0237  0.0236  0.0234  0.0237  0.0235  0.0237  0.0239  0.0237  0.0239  0.0235  0.0237
  0.0248  0.0245  0.0242  0.0241  0.0251  0.0250  0.0246  0.0252  0.0244  0.0252  0.0238  0.0243
  0.0264  0.0258  0.0250  0.0256  0.0270  0.0284  0.0260  0.0272  0.0256  0.0270  0.0244  0.0254
niter,ni,del,rscale     2    3    5.0000    1.2000
parameters
   -2.4709   -4.3967    1.4100   -8.4066  -11.1342  -12.0058
    6.8677    0.6228   -0.7680    8.3118   -3.3415  -15.3474
eta,q 0.97659  9.87503
  0.0265  0.0260  0.0249  0.0254  0.0267  0.0277  0.0260  0.0272  0.0257  0.0272  0.0243  0.0253
  0.0248  0.0246  0.0241  0.0243  0.0252  0.0255  0.0246  0.0252  0.0245  0.0252  0.0239  0.0243
  0.0238  0.0237  0.0236  0.0237  0.0241  0.0240  0.0237  0.0239  0.0237  0.0239  0.0235  0.0237
  0.0234  0.0234  0.0234  0.0234  0.0234  0.0234  0.0234  0.0234  0.0234  0.0234  0.0234  0.0234
  0.0238  0.0237  0.0236  0.0234  0.0237  0.0235  0.0237  0.0239  0.0237  0.0239  0.0235  0.0237
  0.0248  0.0245  0.0241  0.0241  0.0251  0.0250  0.0246  0.0252  0.0244  0.0252  0.0238  0.0243
  0.0264  0.0258  0.0250  0.0256  0.0269  0.0284  0.0260  0.0272  0.0256  0.0271  0.0244  0.0253
niter,ni,del,rscale     1    3    5.0000    1.2000
parameters
   -2.4675   -4.3830    1.3884   -8.4064  -11.1452  -12.0371
    6.8509    0.6292   -0.7391    8.3358   -3.3764  -15.3602
eta,q 0.97658  9.87297
  0.0265  0.0259  0.0249  0.0254  0.0267  0.0278  0.0260  0.0272  0.0257  0.0272  0.0243  0.0253
  0.0248  0.0245  0.0241  0.0243  0.0252  0.0255  0.0246  0.0252  0.0245  0.0252  0.0239  0.0243
  0.0238  0.0237  0.0236  0.0237  0.0241  0.0240  0.0237  0.0239  0.0237  0.0239  0.0235  0.0237
  0.0234  0.0234  0.0234  0.0234  0.0234  0.0234  0.0234  0.0234  0.0234  0.0234  0.0234  0.0234
  0.0238  0.0237  0.0236  0.0234  0.0237  0.0236  0.0237  0.0239  0.0237  0.0239  0.0235  0.0237
  0.0248  0.0246  0.0241  0.0241  0.0251  0.0250  0.0246  0.0252  0.0244  0.0252  0.0238  0.0243
  0.0264  0.0258  0.0250  0.0256  0.0269  0.0284  0.0260  0.0272  0.0256  0.0271  0.0244  0.0253
registration optimization eta report
parameter search radius
    2.4000    2.4000    2.4000    8.2800    9.5220    9.5220
    7.2000    7.2000    8.2800    8.2800    7.2000    8.2800
100000*second partial in parameter space
       53.       43.       27.        3.        4.        5.
        5.        7.        3.        5.        2.        3.
  0.0265  0.0259  0.0249  0.0254  0.0267  0.0278  0.0260  0.0272  0.0257  0.0272  0.0243  0.0253
  0.0248  0.0245  0.0241  0.0243  0.0252  0.0255  0.0246  0.0252  0.0245  0.0252  0.0239  0.0243
  0.0238  0.0237  0.0236  0.0237  0.0241  0.0240  0.0237  0.0239  0.0237  0.0239  0.0235  0.0237
  0.0234  0.0234  0.0234  0.0234  0.0234  0.0234  0.0234  0.0234  0.0234  0.0234  0.0234  0.0234
  0.0238  0.0237  0.0236  0.0234  0.0237  0.0236  0.0237  0.0239  0.0237  0.0239  0.0235  0.0237
  0.0248  0.0246  0.0241  0.0241  0.0251  0.0250  0.0246  0.0252  0.0244  0.0252  0.0238  0.0243
  0.0264  0.0258  0.0250  0.0256  0.0269  0.0284  0.0260  0.0272  0.0256  0.0271  0.0244  0.0253
   -2.4675   -4.3830    1.3884   -8.4064  -11.1452  -12.0371
    6.8509    0.6292   -0.7391    8.3358   -3.3764  -15.3602
eta,q 0.97658  9.87297

---------------------------------------------------------------------
imgreg_4dfp /opt/freesurfer/average/711-2C_as_mni_average_305 /opt/freesurfer/average/711-2B_as_mni_average_305_mask talsrcimg_g11 none talsrcimg_to_711-2C_as_mni_average_305_t4 2311
---------------------------------------------------------------------

freesurfer imgreg_4dfp.c
/opt/freesurfer/average/711-2C_as_mni_average_305.4dfp.img
       256       256       256         1
  1.000000  1.000000  1.000000
orientation T byte_order littleendian
Reading image: /opt/freesurfer/average/711-2C_as_mni_average_305.4dfp.img
dimensions:      256       256       256
mmppix:       1.0000   -1.0000   -1.0000
center:     128.0000 -129.0000 -129.0000
/opt/freesurfer/average/711-2B_as_mni_average_305_mask.4dfp.img
       256       256       256         1
  1.000000  1.000000  1.000000
orientation T byte_order littleendian
Reading mask: /opt/freesurfer/average/711-2B_as_mni_average_305_mask.4dfp.img (2306576 pixels)
talsrcimg_g11.4dfp.img
       256       256       256         1
  1.000000  1.000000  1.000000
orientation T byte_order littleendian
Reading image: talsrcimg_g11.4dfp.img
dimensions:      256       256       256
mmppix:       1.0000   -1.0000   -1.0000
center:     128.0000 -129.0000 -129.0000
fimgreg.f
image alignment mode   2311 decimal      907 hex
parameters
   -2.4675   -4.3830    1.3884   -8.4064  -11.1452  -12.0371
    6.8509    0.6292   -0.7391    8.3358   -3.3764  -15.3602
eta,q 0.97658  9.87297
niter,ni,del,rscale     5    3    5.0000    0.8000
parameters
   -2.4692   -4.3975    1.3627   -7.6123  -10.6571  -11.1877
    6.8637    0.7010   -0.7631    8.4089   -3.1580  -15.3982
eta,q 0.97670  9.99187
  0.0248  0.0245  0.0241  0.0241  0.0246  0.0247  0.0245  0.0252  0.0241  0.0248  0.0238  0.0240
  0.0240  0.0239  0.0237  0.0238  0.0240  0.0240  0.0239  0.0242  0.0237  0.0240  0.0235  0.0236
  0.0236  0.0235  0.0235  0.0236  0.0236  0.0236  0.0234  0.0235  0.0234  0.0235  0.0234  0.0234
  0.0234  0.0234  0.0234  0.0234  0.0234  0.0233  0.0233  0.0233  0.0233  0.0233  0.0233  0.0233
  0.0236  0.0236  0.0235  0.0234  0.0234  0.0233  0.0234  0.0235  0.0234  0.0235  0.0233  0.0234
  0.0240  0.0239  0.0238  0.0235  0.0237  0.0235  0.0239  0.0241  0.0237  0.0239  0.0235  0.0236
  0.0248  0.0246  0.0241  0.0238  0.0243  0.0240  0.0245  0.0251  0.0241  0.0247  0.0237  0.0240
niter,ni,del,rscale     4    3    5.0000    0.7000
parameters
   -2.4726   -4.4802    1.5532   -7.4634  -10.5479  -10.8311
    6.8821    0.7072   -0.9070    8.3150   -2.9719  -15.3328
eta,q 0.97674 10.02476
  0.0244  0.0241  0.0240  0.0238  0.0242  0.0242  0.0242  0.0247  0.0239  0.0244  0.0236  0.0238
  0.0238  0.0236  0.0236  0.0236  0.0237  0.0237  0.0237  0.0239  0.0235  0.0238  0.0234  0.0235
  0.0234  0.0234  0.0234  0.0234  0.0234  0.0234  0.0234  0.0234  0.0233  0.0234  0.0233  0.0233
  0.0233  0.0233  0.0233  0.0233  0.0233  0.0233  0.0233  0.0233  0.0233  0.0233  0.0233  0.0233
  0.0234  0.0234  0.0233  0.0233  0.0233  0.0233  0.0234  0.0234  0.0233  0.0234  0.0233  0.0233
  0.0238  0.0238  0.0234  0.0235  0.0236  0.0235  0.0237  0.0239  0.0236  0.0238  0.0234  0.0235
  0.0244  0.0243  0.0237  0.0238  0.0241  0.0240  0.0242  0.0247  0.0240  0.0245  0.0236  0.0238
niter,ni,del,rscale     3    3    5.0000    0.6000
parameters
   -2.4814   -4.5384    1.6509   -7.3179  -10.4576  -10.5834
    6.9086    0.6966   -0.9998    8.2453   -2.8714  -15.2820
eta,q 0.97676 10.05054
  0.0241  0.0239  0.0238  0.0237  0.0239  0.0239  0.0239  0.0243  0.0237  0.0241  0.0235  0.0237
  0.0236  0.0235  0.0235  0.0235  0.0236  0.0236  0.0236  0.0237  0.0234  0.0236  0.0234  0.0234
  0.0233  0.0233  0.0233  0.0233  0.0234  0.0234  0.0233  0.0233  0.0233  0.0233  0.0233  0.0233
  0.0233  0.0233  0.0233  0.0233  0.0232  0.0232  0.0232  0.0232  0.0232  0.0232  0.0232  0.0232
  0.0234  0.0234  0.0233  0.0233  0.0233  0.0232  0.0233  0.0234  0.0233  0.0233  0.0233  0.0233
  0.0236  0.0236  0.0234  0.0234  0.0235  0.0234  0.0235  0.0237  0.0235  0.0237  0.0233  0.0234
  0.0241  0.0240  0.0236  0.0237  0.0239  0.0238  0.0239  0.0243  0.0238  0.0241  0.0235  0.0236
niter,ni,del,rscale     2    3    5.0000    0.5000
parameters
   -2.4875   -4.5760    1.7092   -7.1852  -10.3931  -10.3956
    6.9290    0.6817   -1.0638    8.2112   -2.7758  -15.2947
eta,q 0.97678 10.07155
  0.0238  0.0237  0.0236  0.0235  0.0237  0.0237  0.0237  0.0240  0.0236  0.0238  0.0234  0.0235
  0.0235  0.0234  0.0234  0.0234  0.0235  0.0234  0.0234  0.0236  0.0234  0.0235  0.0233  0.0233
  0.0233  0.0233  0.0233  0.0233  0.0233  0.0233  0.0233  0.0233  0.0233  0.0233  0.0232  0.0232
  0.0232  0.0232  0.0232  0.0232  0.0232  0.0232  0.0232  0.0232  0.0232  0.0232  0.0232  0.0232
  0.0233  0.0233  0.0233  0.0232  0.0233  0.0232  0.0233  0.0233  0.0233  0.0233  0.0232  0.0233
  0.0235  0.0235  0.0233  0.0233  0.0234  0.0233  0.0234  0.0236  0.0234  0.0235  0.0233  0.0234
  0.0238  0.0238  0.0235  0.0235  0.0237  0.0236  0.0237  0.0240  0.0236  0.0239  0.0234  0.0235
niter,ni,del,rscale     1    3    5.0000    0.4000
parameters
   -2.4948   -4.6015    1.7486   -7.0906  -10.3407  -10.2302
    6.9458    0.6610   -1.1018    8.1952   -2.7247  -15.3116
eta,q 0.97679 10.08884
  0.0236  0.0235  0.0234  0.0234  0.0235  0.0235  0.0235  0.0237  0.0234  0.0236  0.0233  0.0234
  0.0234  0.0234  0.0233  0.0233  0.0234  0.0234  0.0234  0.0234  0.0233  0.0234  0.0233  0.0233
  0.0233  0.0233  0.0232  0.0233  0.0233  0.0233  0.0233  0.0233  0.0232  0.0233  0.0232  0.0232
  0.0232  0.0232  0.0232  0.0232  0.0232  0.0232  0.0232  0.0232  0.0232  0.0232  0.0232  0.0232
  0.0233  0.0233  0.0232  0.0232  0.0232  0.0232  0.0232  0.0233  0.0232  0.0233  0.0232  0.0232
  0.0234  0.0234  0.0233  0.0233  0.0233  0.0233  0.0234  0.0235  0.0233  0.0234  0.0233  0.0233
  0.0236  0.0236  0.0234  0.0234  0.0235  0.0235  0.0235  0.0237  0.0235  0.0236  0.0233  0.0234
registration optimization eta report
parameter search radius
    0.8000    0.8000    0.8000    2.4000    2.4000    2.4000
    2.4000    2.4000    2.4000    2.4000    2.4000    2.4000
100000*second partial in parameter space
       60.       50.       30.        4.        6.        5.
        5.        9.        4.        7.        2.        3.
  0.0236  0.0235  0.0234  0.0234  0.0235  0.0235  0.0235  0.0237  0.0234  0.0236  0.0233  0.0234
  0.0234  0.0234  0.0233  0.0233  0.0234  0.0234  0.0234  0.0234  0.0233  0.0234  0.0233  0.0233
  0.0233  0.0233  0.0232  0.0233  0.0233  0.0233  0.0233  0.0233  0.0232  0.0233  0.0232  0.0232
  0.0232  0.0232  0.0232  0.0232  0.0232  0.0232  0.0232  0.0232  0.0232  0.0232  0.0232  0.0232
  0.0233  0.0233  0.0232  0.0232  0.0232  0.0232  0.0232  0.0233  0.0232  0.0233  0.0232  0.0232
  0.0234  0.0234  0.0233  0.0233  0.0233  0.0233  0.0234  0.0235  0.0233  0.0234  0.0233  0.0233
  0.0236  0.0236  0.0234  0.0234  0.0235  0.0235  0.0235  0.0237  0.0235  0.0236  0.0233  0.0234
   -2.4948   -4.6015    1.7486   -7.0906  -10.3407  -10.2302
    6.9458    0.6610   -1.1018    8.1952   -2.7247  -15.3116
eta,q 0.97679 10.08884

---------------------------------------------------------------------
imgreg_4dfp /opt/freesurfer/average/711-2C_as_mni_average_305 /opt/freesurfer/average/711-2B_as_mni_average_305_mask talsrcimg_g11 none talsrcimg_to_711-2C_as_mni_average_305_t4 2311
---------------------------------------------------------------------

freesurfer imgreg_4dfp.c
/opt/freesurfer/average/711-2C_as_mni_average_305.4dfp.img
       256       256       256         1
  1.000000  1.000000  1.000000
orientation T byte_order littleendian
Reading image: /opt/freesurfer/average/711-2C_as_mni_average_305.4dfp.img
dimensions:      256       256       256
mmppix:       1.0000   -1.0000   -1.0000
center:     128.0000 -129.0000 -129.0000
/opt/freesurfer/average/711-2B_as_mni_average_305_mask.4dfp.img
       256       256       256         1
  1.000000  1.000000  1.000000
orientation T byte_order littleendian
Reading mask: /opt/freesurfer/average/711-2B_as_mni_average_305_mask.4dfp.img (2306576 pixels)
talsrcimg_g11.4dfp.img
       256       256       256         1
  1.000000  1.000000  1.000000
orientation T byte_order littleendian
Reading image: talsrcimg_g11.4dfp.img
dimensions:      256       256       256
mmppix:       1.0000   -1.0000   -1.0000
center:     128.0000 -129.0000 -129.0000
fimgreg.f
image alignment mode   2311 decimal      907 hex
parameters
   -2.4948   -4.6015    1.7486   -7.0906  -10.3407  -10.2302
    6.9458    0.6610   -1.1018    8.1952   -2.7247  -15.3116
eta,q 0.97679 10.08884
niter,ni,del,rscale     5    3    5.0000    0.8000
parameters
   -2.4959   -4.6136    1.7994   -7.5552  -10.5361  -10.5805
    6.9530    0.6517   -1.1318    8.0883   -2.7533  -15.1863
eta,q 0.97676 10.03118
  0.0247  0.0245  0.0240  0.0238  0.0243  0.0242  0.0245  0.0252  0.0241  0.0247  0.0237  0.0240
  0.0239  0.0238  0.0236  0.0235  0.0238  0.0237  0.0238  0.0241  0.0236  0.0239  0.0235  0.0236
  0.0234  0.0233  0.0233  0.0233  0.0234  0.0234  0.0234  0.0235  0.0233  0.0234  0.0233  0.0233
  0.0232  0.0232  0.0232  0.0232  0.0232  0.0232  0.0232  0.0232  0.0232  0.0232  0.0232  0.0232
  0.0234  0.0234  0.0233  0.0233  0.0234  0.0233  0.0234  0.0235  0.0234  0.0234  0.0233  0.0233
  0.0239  0.0238  0.0235  0.0236  0.0238  0.0238  0.0238  0.0241  0.0236  0.0240  0.0235  0.0236
  0.0247  0.0245  0.0239  0.0242  0.0245  0.0247  0.0245  0.0252  0.0241  0.0248  0.0237  0.0239
niter,ni,del,rscale     4    3    5.0000    0.7000
parameters
   -2.4910   -4.6035    1.7503   -7.4420  -10.4837  -10.5574
    6.9507    0.6626   -1.1183    8.1081   -2.7585  -15.2118
eta,q 0.97676 10.04198
  0.0244  0.0242  0.0238  0.0238  0.0241  0.0241  0.0242  0.0247  0.0239  0.0244  0.0236  0.0238
  0.0238  0.0237  0.0235  0.0236  0.0237  0.0236  0.0237  0.0239  0.0235  0.0238  0.0234  0.0235
  0.0234  0.0234  0.0233  0.0234  0.0234  0.0234  0.0233  0.0234  0.0233  0.0234  0.0233  0.0233
  0.0232  0.0232  0.0232  0.0232  0.0232  0.0232  0.0232  0.0232  0.0232  0.0232  0.0232  0.0232
  0.0234  0.0233  0.0233  0.0233  0.0233  0.0233  0.0233  0.0234  0.0233  0.0234  0.0233  0.0233
  0.0238  0.0237  0.0235  0.0234  0.0236  0.0235  0.0237  0.0239  0.0235  0.0238  0.0234  0.0235
  0.0244  0.0242  0.0239  0.0238  0.0241  0.0241  0.0242  0.0247  0.0239  0.0244  0.0236  0.0238
niter,ni,del,rscale     3    3    5.0000    0.6000
parameters
   -2.4935   -4.6034    1.7418   -7.3198  -10.4259  -10.4566
    6.9435    0.6642   -1.1153    8.1474   -2.7395  -15.2379
eta,q 0.97678 10.05807
  0.0241  0.0239  0.0237  0.0237  0.0239  0.0238  0.0239  0.0243  0.0237  0.0241  0.0235  0.0236
  0.0236  0.0236  0.0234  0.0235  0.0236  0.0235  0.0235  0.0237  0.0235  0.0236  0.0234  0.0234
  0.0233  0.0233  0.0233  0.0233  0.0233  0.0233  0.0233  0.0233  0.0233  0.0233  0.0233  0.0233
  0.0232  0.0232  0.0232  0.0232  0.0232  0.0232  0.0232  0.0232  0.0232  0.0232  0.0232  0.0232
  0.0233  0.0233  0.0233  0.0232  0.0233  0.0232  0.0233  0.0234  0.0233  0.0233  0.0233  0.0233
  0.0236  0.0236  0.0234  0.0234  0.0235  0.0234  0.0235  0.0237  0.0235  0.0236  0.0233  0.0234
  0.0241  0.0239  0.0237  0.0237  0.0239  0.0238  0.0239  0.0243  0.0237  0.0241  0.0235  0.0237
niter,ni,del,rscale     2    3    5.0000    0.5000
parameters
   -2.4954   -4.6052    1.7520   -7.1925  -10.3809  -10.3318
    6.9559    0.6640   -1.1334    8.1638   -2.7096  -15.2596
eta,q 0.97678 10.07481
  0.0238  0.0237  0.0235  0.0235  0.0237  0.0237  0.0237  0.0240  0.0236  0.0238  0.0234  0.0235
  0.0235  0.0234  0.0234  0.0234  0.0235  0.0234  0.0234  0.0236  0.0234  0.0235  0.0233  0.0233
  0.0233  0.0233  0.0233  0.0233  0.0233  0.0233  0.0233  0.0233  0.0233  0.0233  0.0232  0.0232
  0.0232  0.0232  0.0232  0.0232  0.0232  0.0232  0.0232  0.0232  0.0232  0.0232  0.0232  0.0232
  0.0233  0.0233  0.0233  0.0232  0.0233  0.0232  0.0233  0.0233  0.0233  0.0233  0.0232  0.0233
  0.0235  0.0234  0.0234  0.0233  0.0234  0.0233  0.0234  0.0236  0.0234  0.0235  0.0233  0.0234
  0.0238  0.0237  0.0235  0.0235  0.0237  0.0236  0.0237  0.0240  0.0236  0.0238  0.0234  0.0235
niter,ni,del,rscale     1    3    5.0000    0.4000
parameters
   -2.4974   -4.6153    1.7727   -7.0857  -10.3289  -10.1994
    6.9543    0.6467   -1.1418    8.1710   -2.6968  -15.2868
eta,q 0.97679 10.09110
  0.0236  0.0235  0.0234  0.0234  0.0235  0.0235  0.0235  0.0237  0.0234  0.0236  0.0233  0.0234
  0.0234  0.0234  0.0233  0.0233  0.0234  0.0234  0.0233  0.0234  0.0233  0.0234  0.0233  0.0233
  0.0233  0.0233  0.0232  0.0233  0.0233  0.0233  0.0233  0.0233  0.0232  0.0233  0.0232  0.0232
  0.0232  0.0232  0.0232  0.0232  0.0232  0.0232  0.0232  0.0232  0.0232  0.0232  0.0232  0.0232
  0.0233  0.0233  0.0232  0.0232  0.0232  0.0232  0.0232  0.0233  0.0232  0.0233  0.0232  0.0232
  0.0234  0.0234  0.0233  0.0233  0.0233  0.0233  0.0234  0.0235  0.0233  0.0234  0.0233  0.0233
  0.0236  0.0235  0.0234  0.0234  0.0235  0.0235  0.0235  0.0237  0.0234  0.0236  0.0233  0.0234
registration optimization eta report
parameter search radius
    0.8000    0.8000    0.8000    2.4000    2.4000    2.4000
    2.4000    2.4000    2.4000    2.4000    2.4000    2.4000
100000*second partial in parameter space
       60.       50.       30.        4.        6.        5.
        5.        9.        4.        7.        2.        3.
  0.0236  0.0235  0.0234  0.0234  0.0235  0.0235  0.0235  0.0237  0.0234  0.0236  0.0233  0.0234
  0.0234  0.0234  0.0233  0.0233  0.0234  0.0234  0.0233  0.0234  0.0233  0.0234  0.0233  0.0233
  0.0233  0.0233  0.0232  0.0233  0.0233  0.0233  0.0233  0.0233  0.0232  0.0233  0.0232  0.0232
  0.0232  0.0232  0.0232  0.0232  0.0232  0.0232  0.0232  0.0232  0.0232  0.0232  0.0232  0.0232
  0.0233  0.0233  0.0232  0.0232  0.0232  0.0232  0.0232  0.0233  0.0232  0.0233  0.0232  0.0232
  0.0234  0.0234  0.0233  0.0233  0.0233  0.0233  0.0234  0.0235  0.0233  0.0234  0.0233  0.0233
  0.0236  0.0235  0.0234  0.0234  0.0235  0.0235  0.0235  0.0237  0.0234  0.0236  0.0233  0.0234
   -2.4974   -4.6153    1.7727   -7.0857  -10.3289  -10.1994
    6.9543    0.6467   -1.1418    8.1710   -2.6968  -15.2868
eta,q 0.97679 10.09110

---------------------------------------------------------------------
compute_vox2vox talsrcimg talsrcimg_to_711-2C_as_mni_average_305_t4 /opt/freesurfer/average/711-2C_as_mni_average_305
---------------------------------------------------------------------

freesurfer compute_vox2vox.c
Reading: talsrcimg.4dfp.ifh
Reading: talsrcimg_to_711-2C_as_mni_average_305_t4
Reading: /opt/freesurfer/average/711-2C_as_mni_average_305.4dfp.ifh
Writing: talsrcimg_to_711-2C_as_mni_average_305_t4_vox2vox.txt

start time Sun Mar 8 12:46:24 CET 2026
end		time Sun Mar 8 12:47:49 CET 2026

mpr2mni305 success

avi2talxfm orig_nu.mgz /opt/freesurfer/average/mni305.cor.mgz talsrcimg_to_711-2C_as_mni_average_305_t4_vox2vox.txt transforms/talairach.auto.xfm
avi2talxfm done
mv -f /out/sourcedata/freesurfer/sub-v1s13x0050014_ses-1/mri/talsrcimg_to_711-2C_as_mni_average_305_t4_vox2vox.txt /out/sourcedata/freesurfer/sub-v1s13x0050014_ses-1/mri/transforms/talsrcimg_to_711-2C_as_mni_average_305_t4_vox2vox.txt
lta_convert --src orig_nu.mgz --trg /opt/freesurfer/average/mni305.cor.mgz --inxfm transforms/talairach.auto.xfm --outlta transforms/talairach.auto.xfm.lta --subject fsaverage
7.3.2

--src: orig_nu.mgz src image (geometry).
--trg: /opt/freesurfer/average/mni305.cor.mgz trg image (geometry).
--inmni: transforms/talairach.auto.xfm input MNI/XFM transform.
--outlta: transforms/talairach.auto.xfm.lta output LTA.
--s: fsaverage subject name
 LTA read, type : 1
 1.07523  -0.00015  -0.08341  -1.83382;
 0.03409   1.09656   0.18429   3.76730;
 0.01058  -0.09992   1.09733   10.63888;
 0.00000   0.00000   0.00000   1.00000;
setting subject to fsaverage
Writing  LTA to file transforms/talairach.auto.xfm.lta...
lta_convert successful.
 
 
Started at Sun Mar 8 12:46:24 CET 2026
Ended   at Sun Mar  8 12:47:50 CET 2026
talairach_avi done
