status file for recon-all
Sun Mar  8 14:28:12 CET 2026
#@# Tessellate lh Sun Mar  8 14:28:12 CET 2026
#@# Smooth1 lh Sun Mar  8 14:28:16 CET 2026
#@# Inflation1 lh Sun Mar  8 14:28:19 CET 2026
#@# QSphere lh Sun Mar  8 14:28:32 CET 2026
#@# Fix Topology lh Sun Mar  8 14:29:37 CET 2026
#@# Smooth2 lh Sun Mar  8 14:49:06 CET 2026
#@# Inflation2 lh Sun Mar  8 14:49:09 CET 2026
#@# Curv .H and .K lh Sun Mar  8 14:49:22 CET 2026
#@# Sphere lh Sun Mar  8 14:50:11 CET 2026
#@# Surf Reg lh Sun Mar  8 14:53:15 CET 2026
#@# Jacobian white lh Sun Mar  8 14:57:25 CET 2026
#@# AvgCurv lh Sun Mar  8 14:57:26 CET 2026
#@# Cortical Parc lh Sun Mar  8 14:57:27 CET 2026
#@# white curv lh Sun Mar  8 15:03:34 CET 2026
#@# white area lh Sun Mar  8 15:03:36 CET 2026
#@# pial curv lh Sun Mar  8 15:03:36 CET 2026
#@# pial area lh Sun Mar  8 15:03:38 CET 2026
#@# thickness lh Sun Mar  8 15:03:39 CET 2026
#@# area and vertex vol lh Sun Mar  8 15:04:09 CET 2026
#@# Curvature Stats lh Sun Mar  8 15:04:11 CET 2026
#@# Cortical Parc 2 lh Sun Mar  8 15:04:13 CET 2026
#@# Cortical Parc 3 lh Sun Mar  8 15:04:27 CET 2026
#@# WM/GM Contrast lh Sun Mar  8 15:04:38 CET 2026
recon-all -s sub-v1s13x0050006_ses-1 finished without error at Sun Mar  8 15:04:40 CET 2026



#New# invocation of recon-all 



status file for recon-all
Sun Mar  8 15:35:20 CET 2026
#@# white curv lh Sun Mar  8 15:35:20 CET 2026
#@# white area lh Sun Mar  8 15:35:20 CET 2026
#@# pial curv lh Sun Mar  8 15:35:20 CET 2026
#@# pial area lh Sun Mar  8 15:35:20 CET 2026
#@# thickness lh Sun Mar  8 15:35:21 CET 2026
#@# area and vertex vol lh Sun Mar  8 15:35:21 CET 2026
#@# Parcellation Stats lh Sun Mar  8 15:35:21 CET 2026
#@# Parcellation Stats 2 lh Sun Mar  8 15:35:44 CET 2026
#@# Parcellation Stats 3 lh Sun Mar  8 15:35:54 CET 2026
#@# BA_exvivo Labels lh Sun Mar  8 15:36:04 CET 2026
recon-all -s sub-v1s13x0050006_ses-1 finished without error at Sun Mar  8 15:38:41 CET 2026
