status file for recon-all
Sun Mar  8 15:04:42 CET 2026
#@# Tessellate rh Sun Mar  8 15:04:42 CET 2026
#@# Smooth1 rh Sun Mar  8 15:04:46 CET 2026
#@# Inflation1 rh Sun Mar  8 15:04:49 CET 2026
#@# QSphere rh Sun Mar  8 15:05:02 CET 2026
#@# Fix Topology rh Sun Mar  8 15:06:12 CET 2026
#@# Smooth2 rh Sun Mar  8 15:14:02 CET 2026
#@# Inflation2 rh Sun Mar  8 15:14:05 CET 2026
#@# Curv .H and .K rh Sun Mar  8 15:14:19 CET 2026
#@# Sphere rh Sun Mar  8 15:15:07 CET 2026
#@# Surf Reg rh Sun Mar  8 15:17:36 CET 2026
#@# Jacobian white rh Sun Mar  8 15:22:33 CET 2026
#@# AvgCurv rh Sun Mar  8 15:22:34 CET 2026
#@# Cortical Parc rh Sun Mar  8 15:22:35 CET 2026
#@# white curv rh Sun Mar  8 15:28:52 CET 2026
#@# white area rh Sun Mar  8 15:28:54 CET 2026
#@# pial curv rh Sun Mar  8 15:28:55 CET 2026
#@# pial area rh Sun Mar  8 15:28:57 CET 2026
#@# thickness rh Sun Mar  8 15:28:58 CET 2026
#@# area and vertex vol rh Sun Mar  8 15:29:29 CET 2026
#@# Curvature Stats rh Sun Mar  8 15:29:31 CET 2026
#@# Cortical Parc 2 rh Sun Mar  8 15:29:33 CET 2026
#@# Cortical Parc 3 rh Sun Mar  8 15:29:47 CET 2026
#@# WM/GM Contrast rh Sun Mar  8 15:29:57 CET 2026
recon-all -s sub-v1s13x0050006_ses-1 finished without error at Sun Mar  8 15:30:01 CET 2026



#New# invocation of recon-all 



status file for recon-all
Sun Mar  8 15:38:43 CET 2026
#@# white curv rh Sun Mar  8 15:38:43 CET 2026
#@# white area rh Sun Mar  8 15:38:43 CET 2026
#@# pial curv rh Sun Mar  8 15:38:43 CET 2026
#@# pial area rh Sun Mar  8 15:38:43 CET 2026
#@# thickness rh Sun Mar  8 15:38:43 CET 2026
#@# area and vertex vol rh Sun Mar  8 15:38:43 CET 2026
#@# Parcellation Stats rh Sun Mar  8 15:38:43 CET 2026
#@# Parcellation Stats 2 rh Sun Mar  8 15:39:02 CET 2026
#@# Parcellation Stats 3 rh Sun Mar  8 15:39:15 CET 2026
#@# BA_exvivo Labels rh Sun Mar  8 15:39:25 CET 2026
recon-all -s sub-v1s13x0050006_ses-1 finished without error at Sun Mar  8 15:42:01 CET 2026
