status file for recon-all
Sun Mar  8 12:42:57 CET 2026
#@# MotionCor Sun Mar  8 12:43:00 CET 2026
#@# Talairach Sun Mar  8 12:43:08 CET 2026
#@# Talairach Failure Detection Sun Mar  8 12:47:32 CET 2026
#@# Nu Intensity Correction Sun Mar  8 12:47:32 CET 2026
#@# Intensity Normalization Sun Mar  8 12:50:49 CET 2026
recon-all -s sub-v1s13x0050006_ses-1 finished without error at Sun Mar  8 12:52:11 CET 2026



#New# invocation of recon-all 



status file for recon-all
Sun Mar  8 12:59:35 CET 2026
#@# EM Registration Sun Mar  8 12:59:35 CET 2026
recon-all -s sub-v1s13x0050006_ses-1 finished without error at Sun Mar  8 13:01:32 CET 2026



#New# invocation of recon-all 



status file for recon-all
Sun Mar  8 13:01:35 CET 2026
#@# CA Normalize Sun Mar  8 13:01:35 CET 2026
#@# CA Reg Sun Mar  8 13:02:54 CET 2026
#@# SubCort Seg Sun Mar  8 13:51:44 CET 2026
#@# CC Seg Sun Mar  8 14:22:15 CET 2026
#@# Merge ASeg Sun Mar  8 14:22:56 CET 2026
#@# Intensity Normalization2 Sun Mar  8 14:22:56 CET 2026
#@# Mask BFS Sun Mar  8 14:25:05 CET 2026
#@# WM Segmentation Sun Mar  8 14:25:05 CET 2026
#@# Fill Sun Mar  8 14:27:06 CET 2026
recon-all -s sub-v1s13x0050006_ses-1 finished without error at Sun Mar  8 14:28:06 CET 2026



#New# invocation of recon-all 



status file for recon-all
Sun Mar  8 15:30:06 CET 2026
#@# white curv lh Sun Mar  8 15:30:06 CET 2026
#@# white area lh Sun Mar  8 15:30:06 CET 2026
#@# pial curv lh Sun Mar  8 15:30:06 CET 2026
#@# pial area lh Sun Mar  8 15:30:06 CET 2026
#@# thickness lh Sun Mar  8 15:30:06 CET 2026
#@# area and vertex vol lh Sun Mar  8 15:30:06 CET 2026
#@# white curv rh Sun Mar  8 15:30:06 CET 2026
#@# white area rh Sun Mar  8 15:30:06 CET 2026
#@# pial curv rh Sun Mar  8 15:30:06 CET 2026
#@# pial area rh Sun Mar  8 15:30:06 CET 2026
#@# thickness rh Sun Mar  8 15:30:06 CET 2026
#@# area and vertex vol rh Sun Mar  8 15:30:06 CET 2026
#@# Cortical ribbon mask Sun Mar  8 15:30:06 CET 2026
recon-all -s sub-v1s13x0050006_ses-1 finished without error at Sun Mar  8 15:35:16 CET 2026



#New# invocation of recon-all 



status file for recon-all
Sun Mar  8 15:42:07 CET 2026
#@# white curv lh Sun Mar  8 15:42:07 CET 2026
#@# white area lh Sun Mar  8 15:42:07 CET 2026
#@# pial curv lh Sun Mar  8 15:42:07 CET 2026
#@# pial area lh Sun Mar  8 15:42:07 CET 2026
#@# thickness lh Sun Mar  8 15:42:07 CET 2026
#@# area and vertex vol lh Sun Mar  8 15:42:07 CET 2026
#@# white curv rh Sun Mar  8 15:42:07 CET 2026
#@# white area rh Sun Mar  8 15:42:07 CET 2026
#@# pial curv rh Sun Mar  8 15:42:07 CET 2026
#@# pial area rh Sun Mar  8 15:42:07 CET 2026
#@# thickness rh Sun Mar  8 15:42:07 CET 2026
#@# area and vertex vol rh Sun Mar  8 15:42:07 CET 2026
#@# Curvature Stats lh Sun Mar  8 15:42:07 CET 2026
#@# Curvature Stats rh Sun Mar  8 15:42:10 CET 2026
#@# Relabel Hypointensities Sun Mar  8 15:42:12 CET 2026
#@# APas-to-ASeg Sun Mar  8 15:42:28 CET 2026
#@# AParc-to-ASeg aparc Sun Mar  8 15:42:35 CET 2026
#@# AParc-to-ASeg aparc.a2009s Sun Mar  8 15:43:34 CET 2026
#@# AParc-to-ASeg aparc.DKTatlas Sun Mar  8 15:44:28 CET 2026
#@# WMParc Sun Mar  8 15:45:25 CET 2026
#@# ASeg Stats Sun Mar  8 15:49:38 CET 2026
recon-all -s sub-v1s13x0050006_ses-1 finished without error at Sun Mar  8 15:50:21 CET 2026
