status file for recon-all
Sun Mar  8 16:46:33 CET 2026
#@# MotionCor Sun Mar  8 16:46:35 CET 2026
#@# Talairach Sun Mar  8 16:46:44 CET 2026
#@# Talairach Failure Detection Sun Mar  8 16:51:08 CET 2026
#@# Nu Intensity Correction Sun Mar  8 16:51:08 CET 2026
#@# Intensity Normalization Sun Mar  8 16:54:25 CET 2026
recon-all -s sub-v1s13x0050051_ses-1 finished without error at Sun Mar  8 16:55:54 CET 2026



#New# invocation of recon-all 



status file for recon-all
Sun Mar  8 17:03:19 CET 2026
#@# EM Registration Sun Mar  8 17:03:19 CET 2026
recon-all -s sub-v1s13x0050051_ses-1 finished without error at Sun Mar  8 17:05:51 CET 2026



#New# invocation of recon-all 



status file for recon-all
Sun Mar  8 17:05:55 CET 2026
#@# CA Normalize Sun Mar  8 17:05:55 CET 2026
#@# CA Reg Sun Mar  8 17:07:14 CET 2026
#@# SubCort Seg Sun Mar  8 17:51:03 CET 2026
#@# CC Seg Sun Mar  8 18:20:43 CET 2026
#@# Merge ASeg Sun Mar  8 18:21:14 CET 2026
#@# Intensity Normalization2 Sun Mar  8 18:21:14 CET 2026
#@# Mask BFS Sun Mar  8 18:23:26 CET 2026
#@# WM Segmentation Sun Mar  8 18:23:27 CET 2026
#@# Fill Sun Mar  8 18:25:29 CET 2026
recon-all -s sub-v1s13x0050051_ses-1 finished without error at Sun Mar  8 18:26:31 CET 2026



#New# invocation of recon-all 



status file for recon-all
Sun Mar  8 19:34:56 CET 2026
#@# white curv lh Sun Mar  8 19:34:56 CET 2026
#@# white area lh Sun Mar  8 19:34:56 CET 2026
#@# pial curv lh Sun Mar  8 19:34:56 CET 2026
#@# pial area lh Sun Mar  8 19:34:56 CET 2026
#@# thickness lh Sun Mar  8 19:34:56 CET 2026
#@# area and vertex vol lh Sun Mar  8 19:34:56 CET 2026
#@# white curv rh Sun Mar  8 19:34:56 CET 2026
#@# white area rh Sun Mar  8 19:34:56 CET 2026
#@# pial curv rh Sun Mar  8 19:34:56 CET 2026
#@# pial area rh Sun Mar  8 19:34:56 CET 2026
#@# thickness rh Sun Mar  8 19:34:56 CET 2026
#@# area and vertex vol rh Sun Mar  8 19:34:56 CET 2026
#@# Cortical ribbon mask Sun Mar  8 19:34:56 CET 2026
recon-all -s sub-v1s13x0050051_ses-1 finished without error at Sun Mar  8 19:40:50 CET 2026



#New# invocation of recon-all 



status file for recon-all
Sun Mar  8 19:47:32 CET 2026
#@# white curv lh Sun Mar  8 19:47:32 CET 2026
#@# white area lh Sun Mar  8 19:47:32 CET 2026
#@# pial curv lh Sun Mar  8 19:47:32 CET 2026
#@# pial area lh Sun Mar  8 19:47:32 CET 2026
#@# thickness lh Sun Mar  8 19:47:32 CET 2026
#@# area and vertex vol lh Sun Mar  8 19:47:32 CET 2026
#@# white curv rh Sun Mar  8 19:47:32 CET 2026
#@# white area rh Sun Mar  8 19:47:32 CET 2026
#@# pial curv rh Sun Mar  8 19:47:32 CET 2026
#@# pial area rh Sun Mar  8 19:47:32 CET 2026
#@# thickness rh Sun Mar  8 19:47:32 CET 2026
#@# area and vertex vol rh Sun Mar  8 19:47:32 CET 2026
#@# Curvature Stats lh Sun Mar  8 19:47:32 CET 2026
#@# Curvature Stats rh Sun Mar  8 19:47:35 CET 2026
#@# Relabel Hypointensities Sun Mar  8 19:47:37 CET 2026
#@# APas-to-ASeg Sun Mar  8 19:47:53 CET 2026
#@# AParc-to-ASeg aparc Sun Mar  8 19:48:01 CET 2026
#@# AParc-to-ASeg aparc.a2009s Sun Mar  8 19:48:51 CET 2026
#@# AParc-to-ASeg aparc.DKTatlas Sun Mar  8 19:49:42 CET 2026
#@# WMParc Sun Mar  8 19:50:34 CET 2026
#@# ASeg Stats Sun Mar  8 19:55:27 CET 2026
recon-all -s sub-v1s13x0050051_ses-1 finished without error at Sun Mar  8 19:56:09 CET 2026
