status file for recon-all
Sun Mar  8 18:26:34 CET 2026
#@# Tessellate lh Sun Mar  8 18:26:34 CET 2026
#@# Smooth1 lh Sun Mar  8 18:26:38 CET 2026
#@# Inflation1 lh Sun Mar  8 18:26:41 CET 2026
#@# QSphere lh Sun Mar  8 18:26:55 CET 2026
#@# Fix Topology lh Sun Mar  8 18:28:01 CET 2026
#@# Smooth2 lh Sun Mar  8 18:44:41 CET 2026
#@# Inflation2 lh Sun Mar  8 18:44:45 CET 2026
#@# Curv .H and .K lh Sun Mar  8 18:45:00 CET 2026
#@# Sphere lh Sun Mar  8 18:45:49 CET 2026
#@# Surf Reg lh Sun Mar  8 18:49:37 CET 2026
#@# Jacobian white lh Sun Mar  8 18:53:56 CET 2026
#@# AvgCurv lh Sun Mar  8 18:53:57 CET 2026
#@# Cortical Parc lh Sun Mar  8 18:53:57 CET 2026
#@# white curv lh Sun Mar  8 19:00:22 CET 2026
#@# white area lh Sun Mar  8 19:00:23 CET 2026
#@# pial curv lh Sun Mar  8 19:00:24 CET 2026
#@# pial area lh Sun Mar  8 19:00:26 CET 2026
#@# thickness lh Sun Mar  8 19:00:26 CET 2026
#@# area and vertex vol lh Sun Mar  8 19:00:58 CET 2026
#@# Curvature Stats lh Sun Mar  8 19:00:59 CET 2026
#@# Cortical Parc 2 lh Sun Mar  8 19:01:02 CET 2026
#@# Cortical Parc 3 lh Sun Mar  8 19:01:16 CET 2026
#@# WM/GM Contrast lh Sun Mar  8 19:01:26 CET 2026
recon-all -s sub-v1s13x0050051_ses-1 finished without error at Sun Mar  8 19:01:30 CET 2026



#New# invocation of recon-all 



status file for recon-all
Sun Mar  8 19:40:54 CET 2026
#@# white curv lh Sun Mar  8 19:40:54 CET 2026
#@# white area lh Sun Mar  8 19:40:54 CET 2026
#@# pial curv lh Sun Mar  8 19:40:54 CET 2026
#@# pial area lh Sun Mar  8 19:40:54 CET 2026
#@# thickness lh Sun Mar  8 19:40:54 CET 2026
#@# area and vertex vol lh Sun Mar  8 19:40:54 CET 2026
#@# Parcellation Stats lh Sun Mar  8 19:40:54 CET 2026
#@# Parcellation Stats 2 lh Sun Mar  8 19:41:14 CET 2026
#@# Parcellation Stats 3 lh Sun Mar  8 19:41:24 CET 2026
#@# BA_exvivo Labels lh Sun Mar  8 19:41:34 CET 2026
recon-all -s sub-v1s13x0050051_ses-1 finished without error at Sun Mar  8 19:44:10 CET 2026
