status file for recon-all
Sun Mar  8 19:01:33 CET 2026
#@# Tessellate rh Sun Mar  8 19:01:33 CET 2026
#@# Smooth1 rh Sun Mar  8 19:01:38 CET 2026
#@# Inflation1 rh Sun Mar  8 19:01:41 CET 2026
#@# QSphere rh Sun Mar  8 19:01:54 CET 2026
#@# Fix Topology rh Sun Mar  8 19:03:17 CET 2026
#@# Smooth2 rh Sun Mar  8 19:16:48 CET 2026
#@# Inflation2 rh Sun Mar  8 19:16:51 CET 2026
#@# Curv .H and .K rh Sun Mar  8 19:17:06 CET 2026
#@# Sphere rh Sun Mar  8 19:17:55 CET 2026
#@# Surf Reg rh Sun Mar  8 19:21:52 CET 2026
#@# Jacobian white rh Sun Mar  8 19:27:19 CET 2026
#@# AvgCurv rh Sun Mar  8 19:27:20 CET 2026
#@# Cortical Parc rh Sun Mar  8 19:27:20 CET 2026
#@# white curv rh Sun Mar  8 19:33:43 CET 2026
#@# white area rh Sun Mar  8 19:33:45 CET 2026
#@# pial curv rh Sun Mar  8 19:33:46 CET 2026
#@# pial area rh Sun Mar  8 19:33:48 CET 2026
#@# thickness rh Sun Mar  8 19:33:48 CET 2026
#@# area and vertex vol rh Sun Mar  8 19:34:21 CET 2026
#@# Curvature Stats rh Sun Mar  8 19:34:22 CET 2026
#@# Cortical Parc 2 rh Sun Mar  8 19:34:25 CET 2026
#@# Cortical Parc 3 rh Sun Mar  8 19:34:39 CET 2026
#@# WM/GM Contrast rh Sun Mar  8 19:34:50 CET 2026
recon-all -s sub-v1s13x0050051_ses-1 finished without error at Sun Mar  8 19:34:53 CET 2026



#New# invocation of recon-all 



status file for recon-all
Sun Mar  8 19:44:12 CET 2026
#@# white curv rh Sun Mar  8 19:44:12 CET 2026
#@# white area rh Sun Mar  8 19:44:12 CET 2026
#@# pial curv rh Sun Mar  8 19:44:12 CET 2026
#@# pial area rh Sun Mar  8 19:44:12 CET 2026
#@# thickness rh Sun Mar  8 19:44:12 CET 2026
#@# area and vertex vol rh Sun Mar  8 19:44:12 CET 2026
#@# Parcellation Stats rh Sun Mar  8 19:44:12 CET 2026
#@# Parcellation Stats 2 rh Sun Mar  8 19:44:32 CET 2026
#@# Parcellation Stats 3 rh Sun Mar  8 19:44:42 CET 2026
#@# BA_exvivo Labels rh Sun Mar  8 19:44:52 CET 2026
recon-all -s sub-v1s13x0050051_ses-1 finished without error at Sun Mar  8 19:47:28 CET 2026
