status file for recon-all
Sun Mar  8 18:17:15 CET 2026
#@# Tessellate lh Sun Mar  8 18:17:15 CET 2026
#@# Smooth1 lh Sun Mar  8 18:17:19 CET 2026
#@# Inflation1 lh Sun Mar  8 18:17:22 CET 2026
#@# QSphere lh Sun Mar  8 18:17:34 CET 2026
#@# Fix Topology lh Sun Mar  8 18:18:31 CET 2026
#@# Smooth2 lh Sun Mar  8 18:25:47 CET 2026
#@# Inflation2 lh Sun Mar  8 18:25:50 CET 2026
#@# Curv .H and .K lh Sun Mar  8 18:26:03 CET 2026
#@# Sphere lh Sun Mar  8 18:26:47 CET 2026
#@# Surf Reg lh Sun Mar  8 18:28:32 CET 2026
#@# Jacobian white lh Sun Mar  8 18:31:58 CET 2026
#@# AvgCurv lh Sun Mar  8 18:31:59 CET 2026
#@# Cortical Parc lh Sun Mar  8 18:32:00 CET 2026
#@# white curv lh Sun Mar  8 18:37:43 CET 2026
#@# white area lh Sun Mar  8 18:37:45 CET 2026
#@# pial curv lh Sun Mar  8 18:37:46 CET 2026
#@# pial area lh Sun Mar  8 18:37:47 CET 2026
#@# thickness lh Sun Mar  8 18:37:48 CET 2026
#@# area and vertex vol lh Sun Mar  8 18:38:15 CET 2026
#@# Curvature Stats lh Sun Mar  8 18:38:16 CET 2026
#@# Cortical Parc 2 lh Sun Mar  8 18:38:19 CET 2026
#@# Cortical Parc 3 lh Sun Mar  8 18:38:31 CET 2026
#@# WM/GM Contrast lh Sun Mar  8 18:38:41 CET 2026
recon-all -s sub-v1s13x0050040_ses-1 finished without error at Sun Mar  8 18:38:44 CET 2026



#New# invocation of recon-all 



status file for recon-all
Sun Mar  8 19:16:23 CET 2026
#@# white curv lh Sun Mar  8 19:16:23 CET 2026
#@# white area lh Sun Mar  8 19:16:23 CET 2026
#@# pial curv lh Sun Mar  8 19:16:23 CET 2026
#@# pial area lh Sun Mar  8 19:16:23 CET 2026
#@# thickness lh Sun Mar  8 19:16:23 CET 2026
#@# area and vertex vol lh Sun Mar  8 19:16:23 CET 2026
#@# Parcellation Stats lh Sun Mar  8 19:16:23 CET 2026
#@# Parcellation Stats 2 lh Sun Mar  8 19:16:40 CET 2026
#@# Parcellation Stats 3 lh Sun Mar  8 19:16:49 CET 2026
#@# BA_exvivo Labels lh Sun Mar  8 19:16:57 CET 2026
recon-all -s sub-v1s13x0050040_ses-1 finished without error at Sun Mar  8 19:19:22 CET 2026
