status file for recon-all
Sun Mar  8 18:38:46 CET 2026
#@# Tessellate rh Sun Mar  8 18:38:46 CET 2026
#@# Smooth1 rh Sun Mar  8 18:38:49 CET 2026
#@# Inflation1 rh Sun Mar  8 18:38:52 CET 2026
#@# QSphere rh Sun Mar  8 18:39:07 CET 2026
#@# Fix Topology rh Sun Mar  8 18:40:14 CET 2026
#@# Smooth2 rh Sun Mar  8 18:49:18 CET 2026
#@# Inflation2 rh Sun Mar  8 18:49:21 CET 2026
#@# Curv .H and .K rh Sun Mar  8 18:49:34 CET 2026
#@# Sphere rh Sun Mar  8 18:50:18 CET 2026
#@# Surf Reg rh Sun Mar  8 18:54:50 CET 2026
#@# Jacobian white rh Sun Mar  8 19:00:33 CET 2026
#@# AvgCurv rh Sun Mar  8 19:00:34 CET 2026
#@# Cortical Parc rh Sun Mar  8 19:00:35 CET 2026
#@# white curv rh Sun Mar  8 19:11:16 CET 2026
#@# white area rh Sun Mar  8 19:11:17 CET 2026
#@# pial curv rh Sun Mar  8 19:11:18 CET 2026
#@# pial area rh Sun Mar  8 19:11:19 CET 2026
#@# thickness rh Sun Mar  8 19:11:20 CET 2026
#@# area and vertex vol rh Sun Mar  8 19:11:46 CET 2026
#@# Curvature Stats rh Sun Mar  8 19:11:48 CET 2026
#@# Cortical Parc 2 rh Sun Mar  8 19:11:50 CET 2026
#@# Cortical Parc 3 rh Sun Mar  8 19:12:03 CET 2026
#@# WM/GM Contrast rh Sun Mar  8 19:12:14 CET 2026
recon-all -s sub-v1s13x0050040_ses-1 finished without error at Sun Mar  8 19:12:16 CET 2026



#New# invocation of recon-all 



status file for recon-all
Sun Mar  8 19:19:24 CET 2026
#@# white curv rh Sun Mar  8 19:19:24 CET 2026
#@# white area rh Sun Mar  8 19:19:24 CET 2026
#@# pial curv rh Sun Mar  8 19:19:24 CET 2026
#@# pial area rh Sun Mar  8 19:19:24 CET 2026
#@# thickness rh Sun Mar  8 19:19:24 CET 2026
#@# area and vertex vol rh Sun Mar  8 19:19:24 CET 2026
#@# Parcellation Stats rh Sun Mar  8 19:19:24 CET 2026
#@# Parcellation Stats 2 rh Sun Mar  8 19:19:40 CET 2026
#@# Parcellation Stats 3 rh Sun Mar  8 19:19:49 CET 2026
#@# BA_exvivo Labels rh Sun Mar  8 19:19:57 CET 2026
recon-all -s sub-v1s13x0050040_ses-1 finished without error at Sun Mar  8 19:22:21 CET 2026
