/out/sourcedata/freesurfer/sub-v1s13x0050029_ses-1/mri
/opt/freesurfer/bin/talairach_avi
--i orig_nu.mgz --xfm transforms/talairach.auto.xfm
talairach_avi 7.3.2
Linux dna071 5.14.0-427.37.1.el9_4.x86_64 #1 SMP PREEMPT_DYNAMIC Fri Sep 13 12:41:50 EDT 2024 x86_64 x86_64 x86_64 GNU/Linux
Sun Mar  8 16:10:38 CET 2026
mri_convert orig_nu.mgz talsrcimg.img 
reading from orig_nu.mgz...
TR=0.00, TE=0.00, TI=0.00, flip angle=0.00
i_ras = (-1, 0, 0)
j_ras = (0, 0, -1)
k_ras = (0, 1, 0)
writing to talsrcimg.img...
Analyze Output Matrix
-1.00000   0.00000   0.00000   126.61942;
 0.00000   0.00000   1.00000  -130.73856;
 0.00000  -1.00000   0.00000   125.60526;
 0.00000   0.00000   0.00000   1.00000;
--------------------
INFO: set hdr.hist.orient to -1
mpr2mni305 talsrcimg
Sun Mar  8 16:10:38 CET 2026
/opt/freesurfer/bin/mpr2mni305 talsrcimg
mpr2mni305 7.3.2
target=711-2C_as_mni_average_305

---------------------------------------------------------------------
analyzeto4dfp talsrcimg -O0 -y
---------------------------------------------------------------------

freesurfer ifh2hdr.c
Sun Mar  8 16:10:38 2026
Writing: talsrcimg.4dfp.hdr
freesurfer analyzeto4dfp.c
Reading: talsrcimg.hdr
header size 348 bytes
hdr.dime.datatype	offset=70	value=2
hdr.dime.bitpix		offset=72	value=8
hdr.hist.orient		offset=252	value=-1
dimensionality     4
dimensions       256       256       256         1
Reading: talsrcimg.img
Writing: talsrcimg.4dfp.img
Writing: talsrcimg.4dfp.ifh
ifh2hdr talsrcimg -r0to235
ori=2

---------------------------------------------------------------------
gauss_4dfp talsrcimg 1.1
---------------------------------------------------------------------

freesurfer gauss_4dfp.c
Reading: talsrcimg.4dfp.img
Writing: talsrcimg_g11.4dfp.img
image dimensions 256 256 256 padded to 288 288 288
processing volume 1freesurfer ifh2hdr.c
Sun Mar  8 16:10:39 2026
Writing: talsrcimg_g11.4dfp.hdr

Writing: talsrcimg_g11.4dfp.ifh
including: talsrcimg.4dfp.img.rec in talsrcimg_g11.4dfp.img.rec

---------------------------------------------------------------------
imgreg_4dfp /opt/freesurfer/average/711-2C_as_mni_average_305 none talsrcimg_g11 none talsrcimg_to_711-2C_as_mni_average_305_t4 4355
---------------------------------------------------------------------

freesurfer imgreg_4dfp.c
/opt/freesurfer/average/711-2C_as_mni_average_305.4dfp.img
       256       256       256         1
  1.000000  1.000000  1.000000
orientation T byte_order littleendian
Reading image: /opt/freesurfer/average/711-2C_as_mni_average_305.4dfp.img
dimensions:      256       256       256
mmppix:       1.0000   -1.0000   -1.0000
center:     128.0000 -129.0000 -129.0000
talsrcimg_g11.4dfp.img
       256       256       256         1
  1.000000  1.000000  1.000000
orientation T byte_order littleendian
Reading image: talsrcimg_g11.4dfp.img
dimensions:      256       256       256
mmppix:       1.0000   -1.0000   -1.0000
center:     128.0000 -129.0000 -129.0000
t4_read: open error in t4_sub.f l:  41 t4_file(1:l)talsrcimg_to_711-2C_as_mni_average_305_t4 
t4_read: transform initialized to I4
rotation matrix determinant  1.000000
image alignment mode   4355 decimal     1103 hex
   -7.5000  -45.0000  -45.0000 8091.2153   13.4996
    0.0000  -45.0000  -45.0000 8452.0273   13.4781
    7.5000  -45.0000  -45.0000 8114.1030   13.4693
   -7.5000  -37.5000  -45.0000 8602.3955   13.2744
    0.0000  -37.5000  -45.0000 9003.8643   13.2529
    7.5000  -37.5000  -45.0000 8640.7490   13.2426
   -7.5000  -30.0000  -45.0000 9491.3203   13.1448
    0.0000  -30.0000  -45.0000 9951.1162   13.1263
    7.5000  -30.0000  -45.0000 9547.9678   13.1185
   -7.5000  -22.5000  -45.000010439.9658   13.0896
    0.0000  -22.5000  -45.000010931.4883   13.0748
    7.5000  -22.5000  -45.000010497.0000   13.0718
   -7.5000  -15.0000  -45.000011332.6172   13.0327
    0.0000  -15.0000  -45.000011859.0400   13.0185
    7.5000  -15.0000  -45.000011397.2227   13.0178
   -7.5000   -7.5000  -45.000012061.1367   12.9738
    0.0000   -7.5000  -45.000012647.0938   12.9563
    7.5000   -7.5000  -45.000012127.6904   12.9526
   -7.5000    0.0000  -45.000012646.4766   12.9216
    0.0000    0.0000  -45.000013283.6152   12.9008
    7.5000    0.0000  -45.000012733.7822   12.8934
   -7.5000    7.5000  -45.000012323.0039   12.9322
    0.0000    7.5000  -45.000012971.8203   12.9111
    7.5000    7.5000  -45.000012430.7861   12.9023
   -7.5000   15.0000  -45.000011873.9512   12.9469
    0.0000   15.0000  -45.000012470.0723   12.9287
    7.5000   15.0000  -45.000011958.6396   12.9216
   -7.5000   22.5000  -45.000011297.4238   12.9569
    0.0000   22.5000  -45.000011857.3652   12.9422
    7.5000   22.5000  -45.000011383.0254   12.9394
   -7.5000   30.0000  -45.000010660.0996   12.8025
    0.0000   30.0000  -45.000011184.8320   12.7885
    7.5000   30.0000  -45.000010726.8916   12.7879
   -7.5000   37.5000  -45.000010385.9082   12.9058
    0.0000   37.5000  -45.000010908.5400   12.8860
    7.5000   37.5000  -45.000010454.5176   12.8837
   -7.5000   45.0000  -45.0000 9704.9199   12.7445
    0.0000   45.0000  -45.000010198.2061   12.7172
    7.5000   45.0000  -45.0000 9766.5645   12.7083
   -7.5000  -45.0000  -37.5000 8586.1240   13.4891
    0.0000  -45.0000  -37.5000 8990.2773   13.4661
    7.5000  -45.0000  -37.5000 8615.1963   13.4544
   -7.5000  -37.5000  -37.5000 9157.1562   13.2591
    0.0000  -37.5000  -37.5000 9614.5518   13.2373
    7.5000  -37.5000  -37.5000 9209.7305   13.2258
   -7.5000  -30.0000  -37.500010137.4443   13.1298
    0.0000  -30.0000  -37.500010643.1396   13.1120
    7.5000  -30.0000  -37.500010198.3672   13.1038
   -7.5000  -22.5000  -37.500011148.4863   13.0802
    0.0000  -22.5000  -37.500011691.2979   13.0658
    7.5000  -22.5000  -37.500011203.7910   13.0618
   -7.5000  -15.0000  -37.500012094.2236   13.0282
    0.0000  -15.0000  -37.500012677.5293   13.0134
    7.5000  -15.0000  -37.500012151.3662   13.0105
   -7.5000   -7.5000  -37.500012847.5000   12.9685
    0.0000   -7.5000  -37.500013507.6367   12.9495
    7.5000   -7.5000  -37.500012918.4355   12.9431
   -7.5000    0.0000  -37.500013436.5664   12.9116
    0.0000    0.0000  -37.500014149.5234   12.8893
    7.5000    0.0000  -37.500013544.0195   12.8794
   -7.5000    7.5000  -37.500013086.5381   12.9176
    0.0000    7.5000  -37.500013755.3926   12.8964
    7.5000    7.5000  -37.500013188.6572   12.8863
   -7.5000   15.0000  -37.500012579.1113   12.9322
    0.0000   15.0000  -37.500013203.6113   12.9147
    7.5000   15.0000  -37.500012680.0938   12.9073
   -7.5000   22.5000  -37.500011956.1094   12.9476
    0.0000   22.5000  -37.500012537.8174   12.9332
    7.5000   22.5000  -37.500012038.5723   12.9296
   -7.5000   30.0000  -37.500011270.6865   12.7981
    0.0000   30.0000  -37.500011835.4121   12.7835
    7.5000   30.0000  -37.500011335.7148   12.7808
   -7.5000   37.5000  -37.500010953.9082   12.9005
    0.0000   37.5000  -37.500011518.2939   12.8801
    7.5000   37.5000  -37.500011029.6260   12.8752
   -7.5000   45.0000  -37.500010186.9297   12.7339
    0.0000   45.0000  -37.500010712.4600   12.7070
    7.5000   45.0000  -37.500010266.1396   12.6961
   -7.5000  -45.0000  -30.0000 9249.9766   14.0226
    0.0000  -45.0000  -30.0000 9696.7803   14.0007
    7.5000  -45.0000  -30.0000 9284.9473   13.9851
   -7.5000  -37.5000  -30.0000 9895.8613   13.7822
    0.0000  -37.5000  -30.000010397.8086   13.7630
    7.5000  -37.5000  -30.0000 9956.1387   13.7475
   -7.5000  -30.0000  -30.000010969.1680   13.6490
    0.0000  -30.0000  -30.000011504.8350   13.6349
    7.5000  -30.0000  -30.000011037.7480   13.6230
   -7.5000  -22.5000  -30.000012023.6494   13.5969
    0.0000  -22.5000  -30.000012620.5693   13.5859
    7.5000  -22.5000  -30.000012080.3506   13.5788
   -7.5000  -15.0000  -30.000013022.1787   13.5397
    0.0000  -15.0000  -30.000013667.2354   13.5270
    7.5000  -15.0000  -30.000013089.5879   13.5216
   -7.5000   -7.5000  -30.000013835.4629   13.4730
    0.0000   -7.5000  -30.000014538.8135   13.4550
    7.5000   -7.5000  -30.000013916.6826   13.4457
   -7.5000    0.0000  -30.000014507.2432   13.4098
    0.0000    0.0000  -30.000015251.6357   13.3887
    7.5000    0.0000  -30.000014613.5186   13.3753
   -7.5000    7.5000  -30.000014129.6992   13.4171
    0.0000    7.5000  -30.000014822.1865   13.3984
    7.5000    7.5000  -30.000014202.5557   13.3845
   -7.5000   15.0000  -30.000013563.8574   13.4357
    0.0000   15.0000  -30.000014184.5518   13.4219
    7.5000   15.0000  -30.000013622.9219   13.4109
   -7.5000   22.5000  -30.000012845.0352   13.4525
    0.0000   22.5000  -30.000013421.2061   13.4414
    7.5000   22.5000  -30.000012894.5332   13.4348
   -7.5000   30.0000  -30.000012085.4600   13.2992
    0.0000   30.0000  -30.000012646.3848   13.2866
    7.5000   30.0000  -30.000012126.1631   13.2815
   -7.5000   37.5000  -30.000011720.7197   13.4003
    0.0000   37.5000  -30.000012315.9219   13.3813
    7.5000   37.5000  -30.000011802.1533   13.3735
   -7.5000   45.0000  -30.000010868.9209   13.2318
    0.0000   45.0000  -30.000011413.9902   13.2073
    7.5000   45.0000  -30.000010960.2500   13.1928
   -7.5000  -45.0000  -22.5000 9903.7021   14.4693
    0.0000  -45.0000  -22.500010383.3906   14.4520
    7.5000  -45.0000  -22.5000 9932.2627   14.4354
   -7.5000  -37.5000  -22.500010600.8174   14.2237
    0.0000  -37.5000  -22.500011134.8789   14.2088
    7.5000  -37.5000  -22.500010662.5166   14.1907
   -7.5000  -30.0000  -22.500011739.6084   14.0879
    0.0000  -30.0000  -22.500012314.5107   14.0776
    7.5000  -30.0000  -22.500011799.8232   14.0622
   -7.5000  -22.5000  -22.500012870.8477   14.0298
    0.0000  -22.5000  -22.500013477.0312   14.0222
    7.5000  -22.5000  -22.500012921.8252   14.0131
   -7.5000  -15.0000  -22.500013920.5605   13.9636
    0.0000  -15.0000  -22.500014584.9414   13.9546
    7.5000  -15.0000  -22.500013992.8643   13.9491
   -7.5000   -7.5000  -22.500014792.9844   13.8904
    0.0000   -7.5000  -22.500015516.5225   13.8764
    7.5000   -7.5000  -22.500014884.1465   13.8675
   -7.5000    0.0000  -22.500015543.0146   13.8244
    0.0000    0.0000  -22.500016315.3633   13.8077
    7.5000    0.0000  -22.500015626.7344   13.7937
   -7.5000    7.5000  -22.500015134.8467   13.8364
    0.0000    7.5000  -22.500015866.1084   13.8218
    7.5000    7.5000  -22.500015162.5459   13.8056
   -7.5000   15.0000  -22.500014459.0635   13.8596
    0.0000   15.0000  -22.500015149.8594   13.8493
    7.5000   15.0000  -22.500014499.3975   13.8352
   -7.5000   22.5000  -22.500013680.2881   13.8743
    0.0000   22.5000  -22.500014318.2480   13.8667
    7.5000   22.5000  -22.500013706.4795   13.8581
   -7.5000   30.0000  -22.500012833.9590   13.7149
    0.0000   30.0000  -22.500013439.6895   13.7059
    7.5000   30.0000  -22.500012871.3369   13.7006
   -7.5000   37.5000  -22.500012449.1562   13.8139
    0.0000   37.5000  -22.500013058.7490   13.7984
    7.5000   37.5000  -22.500012506.7441   13.7905
   -7.5000   45.0000  -22.500011531.0850   13.6476
    0.0000   45.0000  -22.500012085.1738   13.6269
    7.5000   45.0000  -22.500011590.9170   13.6109
   -7.5000  -45.0000  -15.000010520.1611   14.7803
    0.0000  -45.0000  -15.000011009.3906   14.7649
    7.5000  -45.0000  -15.000010572.8662   14.7512
   -7.5000  -37.5000  -15.000011284.1670   14.5331
    0.0000  -37.5000  -15.000011824.1729   14.5187
    7.5000  -37.5000  -15.000011347.1494   14.5016
   -7.5000  -30.0000  -15.000012476.1045   14.3940
    0.0000  -30.0000  -15.000013077.8486   14.3834
    7.5000  -30.0000  -15.000012541.8740   14.3682
   -7.5000  -22.5000  -15.000013666.5557   14.3277
    0.0000  -22.5000  -15.000014323.4502   14.3207
    7.5000  -22.5000  -15.000013725.6201   14.3128
   -7.5000  -15.0000  -15.000014773.2471   14.2525
    0.0000  -15.0000  -15.000015522.9844   14.2451
    7.5000  -15.0000  -15.000014859.7666   14.2423
   -7.5000   -7.5000  -15.000015743.2324   14.1749
    0.0000   -7.5000  -15.000016537.2266   14.1630
    7.5000   -7.5000  -15.000015815.5664   14.1573
   -7.5000    0.0000  -15.000016529.3496   14.1094
    0.0000    0.0000  -15.000017410.6855   14.0944
    7.5000    0.0000  -15.000016604.2598   14.0830
   -7.5000    7.5000  -15.000016054.2480   14.1270
    0.0000    7.5000  -15.000016912.3867   14.1129
    7.5000    7.5000  -15.000016083.1611   14.0977
   -7.5000   15.0000  -15.000015333.5566   14.1528
    0.0000   15.0000  -15.000016124.0332   14.1422
    7.5000   15.0000  -15.000015327.4854   14.1282
   -7.5000   22.5000  -15.000014508.1592   14.1632
    0.0000   22.5000  -15.000015246.9746   14.1561
    7.5000   22.5000  -15.000014498.7979   14.1486
   -7.5000   30.0000  -15.000013574.5508   13.9980
    0.0000   30.0000  -15.000014260.9795   13.9905
    7.5000   30.0000  -15.000013579.2559   13.9879
   -7.5000   37.5000  -15.000013150.8252   14.0960
    0.0000   37.5000  -15.000013798.8232   14.0817
    7.5000   37.5000  -15.000013187.3076   14.0768
   -7.5000   45.0000  -15.000012181.4805   13.9357
    0.0000   45.0000  -15.000012751.3896   13.9149
    7.5000   45.0000  -15.000012213.6934   13.9009
   -7.5000  -45.0000   -7.500011131.3369   14.9342
    0.0000  -45.0000   -7.500011674.4053   14.9147
    7.5000  -45.0000   -7.500011219.4424   14.9043
   -7.5000  -37.5000   -7.500011945.2842   14.6834
    0.0000  -37.5000   -7.500012528.3301   14.6641
    7.5000  -37.5000   -7.500012033.2979   14.6505
   -7.5000  -30.0000   -7.500013218.2227   14.5380
    0.0000  -30.0000   -7.500013871.3223   14.5223
    7.5000  -30.0000   -7.500013323.8516   14.5107
   -7.5000  -22.5000   -7.500014489.4062   14.4681
    0.0000  -22.5000   -7.500015201.5078   14.4566
    7.5000  -22.5000   -7.500014579.7637   14.4516
   -7.5000  -15.0000   -7.500015660.8281   14.3930
    0.0000  -15.0000   -7.500016468.5332   14.3818
    7.5000  -15.0000   -7.500015746.8711   14.3812
   -7.5000   -7.5000   -7.500016657.2734   14.3178
    0.0000   -7.5000   -7.500017536.8633   14.3024
    7.5000   -7.5000   -7.500016739.1855   14.2991
   -7.5000    0.0000   -7.500017537.1113   14.2548
    0.0000    0.0000   -7.500018522.2637   14.2358
    7.5000    0.0000   -7.500017614.4668   14.2272
   -7.5000    7.5000   -7.500017013.6992   14.2719
    0.0000    7.5000   -7.500017993.5449   14.2529
    7.5000    7.5000   -7.500017069.5156   14.2411
   -7.5000   15.0000   -7.500016185.4990   14.2938
    0.0000   15.0000   -7.500017100.7969   14.2782
    7.5000   15.0000   -7.500016183.2598   14.2676
   -7.5000   22.5000   -7.500015277.8066   14.3001
    0.0000   22.5000   -7.500016102.8994   14.2885
    7.5000   22.5000   -7.500015258.7676   14.2838
   -7.5000   30.0000   -7.500014309.7246   14.1355
    0.0000   30.0000   -7.500015046.5205   14.1243
    7.5000   30.0000   -7.500014273.4551   14.1238
   -7.5000   37.5000   -7.500013837.3965   14.2386
    0.0000   37.5000   -7.500014505.7705   14.2203
    7.5000   37.5000   -7.500013823.3916   14.2180
   -7.5000   45.0000   -7.500012801.7686   14.0843
    0.0000   45.0000   -7.500013405.1387   14.0580
    7.5000   45.0000   -7.500012830.2295   14.0472
   -7.5000  -45.0000    0.000011683.2881   14.9629
    0.0000  -45.0000    0.000012241.1426   14.9384
    7.5000  -45.0000    0.000011801.5088   14.9284
   -7.5000  -37.5000    0.000012535.6396   14.7055
    0.0000  -37.5000    0.000013136.2617   14.6812
    7.5000  -37.5000    0.000012647.4688   14.6697
   -7.5000  -30.0000    0.000013864.1064   14.5547
    0.0000  -30.0000    0.000014526.9053   14.5339
    7.5000  -30.0000    0.000013995.1045   14.5252
   -7.5000  -22.5000    0.000015180.2812   14.4868
    0.0000  -22.5000    0.000015913.8916   14.4699
    7.5000  -22.5000    0.000015308.7441   14.4664
   -7.5000  -15.0000    0.000016362.7861   14.4172
    0.0000  -15.0000    0.000017188.1309   14.4007
    7.5000  -15.0000    0.000016493.1191   14.3996
   -7.5000   -7.5000    0.000017407.6582   14.3447
    0.0000   -7.5000    0.000018309.9141   14.3243
    7.5000   -7.5000    0.000017531.0254   14.3199
   -7.5000    0.0000    0.000018371.1074   14.2798
    0.0000    0.0000    0.000019399.1660   14.2560
    7.5000    0.0000    0.000018486.5098   14.2476
   -7.5000    7.5000    0.000017828.3594   14.2918
    0.0000    7.5000    0.000018891.8555   14.2680
    7.5000    7.5000    0.000017957.3496   14.2581
   -7.5000   15.0000    0.000016955.1641   14.3094
    0.0000   15.0000    0.000017980.3984   14.2888
    7.5000   15.0000    0.000017013.7168   14.2810
   -7.5000   22.5000    0.000015945.6016   14.3181
    0.0000   22.5000    0.000016825.1016   14.3012
    7.5000   22.5000    0.000015937.0801   14.2980
   -7.5000   30.0000    0.000014901.5068   14.1595
    0.0000   30.0000    0.000015680.9707   14.1431
    7.5000   30.0000    0.000014872.5195   14.1422
   -7.5000   37.5000    0.000014394.3115   14.2670
    0.0000   37.5000    0.000015122.7979   14.2441
    7.5000   37.5000    0.000014372.2539   14.2412
   -7.5000   45.0000    0.000013352.2246   14.1128
    0.0000   45.0000    0.000014022.4287   14.0818
    7.5000   45.0000    0.000013350.5625   14.0717
   -7.5000  -45.0000    7.500011323.1465   15.0076
    0.0000  -45.0000    7.500011866.8330   14.9813
    7.5000  -45.0000    7.500011453.4854   14.9680
   -7.5000  -37.5000    7.500012130.5449   14.7461
    0.0000  -37.5000    7.500012695.0127   14.7213
    7.5000  -37.5000    7.500012254.1602   14.7083
   -7.5000  -30.0000    7.500013413.4639   14.5961
    0.0000  -30.0000    7.500014029.2031   14.5759
    7.5000  -30.0000    7.500013554.3105   14.5666
   -7.5000  -22.5000    7.500014682.2871   14.5346
    0.0000  -22.5000    7.500015376.0293   14.5178
    7.5000  -22.5000    7.500014827.7969   14.5133
   -7.5000  -15.0000    7.500015775.5107   14.4709
    0.0000  -15.0000    7.500016545.8516   14.4536
    7.5000  -15.0000    7.500015937.3086   14.4502
   -7.5000   -7.5000    7.500016808.1582   14.3993
    0.0000   -7.5000    7.500017632.8906   14.3773
    7.5000   -7.5000    7.500016956.1465   14.3698
   -7.5000    0.0000    7.500017785.0195   14.3317
    0.0000    0.0000    7.500018758.2363   14.3061
    7.5000    0.0000    7.500017936.4531   14.2949
   -7.5000    7.5000    7.500017297.8516   14.3393
    0.0000    7.5000    7.500018391.5898   14.3151
    7.5000    7.5000    7.500017474.0625   14.3037
   -7.5000   15.0000    7.500016508.5684   14.3563
    0.0000   15.0000    7.500017542.9121   14.3363
    7.5000   15.0000    7.500016608.7285   14.3280
   -7.5000   22.5000    7.500015470.8936   14.3693
    0.0000   22.5000    7.500016380.1016   14.3526
    7.5000   22.5000    7.500015494.2383   14.3485
   -7.5000   30.0000    7.500014412.3184   14.2143
    0.0000   30.0000    7.500015229.0811   14.1972
    7.5000   30.0000    7.500014399.4238   14.1940
   -7.5000   37.5000    7.500013916.1250   14.3235
    0.0000   37.5000    7.500014674.6250   14.2998
    7.5000   37.5000    7.500013899.3057   14.2942
   -7.5000   45.0000    7.500012897.9521   14.1648
    0.0000   45.0000    7.500013592.9648   14.1341
    7.5000   45.0000    7.500012881.3535   14.1218
   -7.5000  -45.0000   15.000010822.0264   15.0746
    0.0000  -45.0000   15.000011363.9814   15.0512
    7.5000  -45.0000   15.000010952.4199   15.0350
   -7.5000  -37.5000   15.000011581.8867   14.8131
    0.0000  -37.5000   15.000012127.5732   14.7928
    7.5000  -37.5000   15.000011723.0215   14.7766
   -7.5000  -30.0000   15.000012799.1221   14.6676
    0.0000  -30.0000   15.000013371.4629   14.6527
    7.5000  -30.0000   15.000012951.3730   14.6404
   -7.5000  -22.5000   15.000014004.4375   14.6098
    0.0000  -22.5000   15.000014633.6621   14.5979
    7.5000  -22.5000   15.000014167.7559   14.5909
   -7.5000  -15.0000   15.000015056.5781   14.5467
    0.0000  -15.0000   15.000015726.9482   14.5329
    7.5000  -15.0000   15.000015241.8994   14.5278
   -7.5000   -7.5000   15.000016074.8359   14.4734
    0.0000   -7.5000   15.000016771.2969   14.4540
    7.5000   -7.5000   15.000016226.9902   14.4447
   -7.5000    0.0000   15.000016999.4258   14.4040
    0.0000    0.0000   15.000017876.0000   14.3814
    7.5000    0.0000   15.000017145.7910   14.3677
   -7.5000    7.5000   15.000016523.6602   14.4119
    0.0000    7.5000   15.000017499.4648   14.3920
    7.5000    7.5000   15.000016651.8066   14.3777
   -7.5000   15.0000   15.000015777.8340   14.4322
    0.0000   15.0000   15.000016723.2324   14.4174
    7.5000   15.0000   15.000015818.6465   14.4062
   -7.5000   22.5000   15.000014818.4297   14.4473
    0.0000   22.5000   15.000015693.3555   14.4354
    7.5000   22.5000   15.000014825.0332   14.4289
   -7.5000   30.0000   15.000013789.3330   14.2891
    0.0000   30.0000   15.000014601.7344   14.2754
    7.5000   30.0000   15.000013805.3516   14.2706
   -7.5000   37.5000   15.000013280.8984   14.3950
    0.0000   37.5000   15.000014048.0596   14.3744
    7.5000   37.5000   15.000013300.2842   14.3667
   -7.5000   45.0000   15.000012313.7393   14.2302
    0.0000   45.0000   15.000012969.7061   14.2039
    7.5000   45.0000   15.000012318.4551   14.1889
   -7.5000  -45.0000   22.500010233.8955   15.1375
    0.0000  -45.0000   22.500010723.1729   15.1199
    7.5000  -45.0000   22.500010350.5322   15.1033
   -7.5000  -37.5000   22.500010952.8994   14.8813
    0.0000  -37.5000   22.500011449.5342   14.8663
    7.5000  -37.5000   22.500011068.9375   14.8480
   -7.5000  -30.0000   22.500012079.0586   14.7412
    0.0000  -30.0000   22.500012632.0615   14.7309
    7.5000  -30.0000   22.500012230.8711   14.7156
   -7.5000  -22.5000   22.500013227.4756   14.6827
    0.0000  -22.5000   22.500013819.0049   14.6752
    7.5000  -22.5000   22.500013401.5352   14.6666
   -7.5000  -15.0000   22.500014253.2129   14.6154
    0.0000  -15.0000   22.500014873.9434   14.6063
    7.5000  -15.0000   22.500014443.1230   14.6015
   -7.5000   -7.5000   22.500015267.5479   14.5408
    0.0000   -7.5000   22.500015932.1152   14.5264
    7.5000   -7.5000   22.500015424.6904   14.5180
   -7.5000    0.0000   22.500016157.4375   14.4738
    0.0000    0.0000   22.500016929.9199   14.4567
    7.5000    0.0000   22.500016263.5195   14.4427
   -7.5000    7.5000   22.500015676.2861   14.4863
    0.0000    7.5000   22.500016450.5449   14.4715
    7.5000    7.5000   22.500015743.2822   14.4551
   -7.5000   15.0000   22.500014922.3311   14.5106
    0.0000   15.0000   22.500015614.5908   14.5003
    7.5000   15.0000   22.500014942.8047   14.4861
   -7.5000   22.5000   22.500014037.9629   14.5233
    0.0000   22.5000   22.500014676.3633   14.5158
    7.5000   22.5000   22.500014042.5908   14.5077
   -7.5000   30.0000   22.500013083.1475   14.3571
    0.0000   30.0000   22.500013677.9766   14.3480
    7.5000   30.0000   22.500013109.4297   14.3434
   -7.5000   37.5000   22.500012601.1709   14.4594
    0.0000   37.5000   22.500013171.3857   14.4434
    7.5000   37.5000   22.500012632.1670   14.4360
   -7.5000   45.0000   22.500011682.1055   14.2924
    0.0000   45.0000   22.500012218.9131   14.2709
    7.5000   45.0000   22.500011707.9375   14.2549
   -7.5000  -45.0000   30.0000 9540.2305   15.2017
    0.0000  -45.0000   30.000010022.3438   15.1866
    7.5000  -45.0000   30.0000 9632.9219   15.1735
   -7.5000  -37.5000   30.000010218.6240   14.9512
    0.0000  -37.5000   30.000010714.4463   14.9372
    7.5000  -37.5000   30.000010311.1016   14.9206
   -7.5000  -30.0000   30.000011300.5879   14.8134
    0.0000  -30.0000   30.000011828.4775   14.8033
    7.5000  -30.0000   30.000011423.0967   14.7887
   -7.5000  -22.5000   30.000012389.5264   14.7519
    0.0000  -22.5000   30.000012946.0801   14.7455
    7.5000  -22.5000   30.000012541.2783   14.7385
   -7.5000  -15.0000   30.000013379.5605   14.6808
    0.0000  -15.0000   30.000013944.0576   14.6739
    7.5000  -15.0000   30.000013533.1201   14.6724
   -7.5000   -7.5000   30.000014306.5684   14.6073
    0.0000   -7.5000   30.000014918.3623   14.5958
    7.5000   -7.5000   30.000014448.9092   14.5911
   -7.5000    0.0000   30.000015067.7207   14.5458
    0.0000    0.0000   30.000015754.1953   14.5310
    7.5000    0.0000   30.000015181.3994   14.5202
   -7.5000    7.5000   30.000014581.2686   14.5629
    0.0000    7.5000   30.000015224.3926   14.5491
    7.5000    7.5000   30.000014655.7100   14.5344
   -7.5000   15.0000   30.000013870.3262   14.5883
    0.0000   15.0000   30.000014462.6855   14.5782
    7.5000   15.0000   30.000013929.5029   14.5648
   -7.5000   22.5000   30.000013059.4482   14.5963
    0.0000   22.5000   30.000013646.2803   14.5897
    7.5000   22.5000   30.000013106.3213   14.5833
   -7.5000   30.0000   30.000012201.0342   14.4225
    0.0000   30.0000   30.000012771.1475   14.4155
    7.5000   30.0000   30.000012238.4834   14.4141
   -7.5000   37.5000   30.000011743.4824   14.5242
    0.0000   37.5000   30.000012285.7715   14.5101
    7.5000   37.5000   30.000011773.5400   14.5063
   -7.5000   45.0000   30.000010916.8389   14.3591
    0.0000   45.0000   30.000011410.0762   14.3381
    7.5000   45.0000   30.000010927.1260   14.3248
   -7.5000  -45.0000   37.5000 9244.0615   15.3764
    0.0000  -45.0000   37.5000 9714.2568   15.3567
    7.5000  -45.0000   37.5000 9312.8408   15.3469
   -7.5000  -37.5000   37.5000 9910.9160   15.1221
    0.0000  -37.5000   37.500010404.3955   15.1027
    7.5000  -37.5000   37.5000 9998.9102   15.0894
   -7.5000  -30.0000   37.500010970.7627   14.9793
    0.0000  -30.0000   37.500011496.8281   14.9634
    7.5000  -30.0000   37.500011089.4219   14.9523
   -7.5000  -22.5000   37.500012030.5713   14.9162
    0.0000  -22.5000   37.500012590.4053   14.9047
    7.5000  -22.5000   37.500012165.1670   14.9007
   -7.5000  -15.0000   37.500012959.2061   14.8467
    0.0000  -15.0000   37.500013547.0498   14.8355
    7.5000  -15.0000   37.500013099.6934   14.8363
   -7.5000   -7.5000   37.500013811.6826   14.7767
    0.0000   -7.5000   37.500014460.2812   14.7612
    7.5000   -7.5000   37.500013965.4863   14.7591
   -7.5000    0.0000   37.500014493.7666   14.7188
    0.0000    0.0000   37.500015163.1699   14.6996
    7.5000    0.0000   37.500014622.8486   14.6919
   -7.5000    7.5000   37.500014018.2334   14.7357
    0.0000    7.5000   37.500014629.9395   14.7165
    7.5000    7.5000   37.500014111.3252   14.7051
   -7.5000   15.0000   37.500013346.7373   14.7575
    0.0000   15.0000   37.500013913.2852   14.7418
    7.5000   15.0000   37.500013420.7061   14.7316
   -7.5000   22.5000   37.500012557.4619   14.7628
    0.0000   22.5000   37.500013124.7773   14.7511
    7.5000   22.5000   37.500012611.8818   14.7476
   -7.5000   30.0000   37.500011739.8320   14.5866
    0.0000   30.0000   37.500012296.2393   14.5753
    7.5000   30.0000   37.500011788.9463   14.5763
   -7.5000   37.5000   37.500011318.9014   14.6940
    0.0000   37.5000   37.500011852.0332   14.6753
    7.5000   37.5000   37.500011375.0049   14.6745
   -7.5000   45.0000   37.500010523.4551   14.5315
    0.0000   45.0000   37.500011007.4160   14.5043
    7.5000   45.0000   37.500010557.9033   14.4942
   -7.5000  -45.0000   45.0000 8566.0352   15.5429
    0.0000  -45.0000   45.0000 8997.9336   15.5174
    7.5000  -45.0000   45.0000 8610.2168   15.5078
   -7.5000  -37.5000   45.0000 9160.0732   15.2764
    0.0000  -37.5000   45.0000 9618.0029   15.2513
    7.5000  -37.5000   45.0000 9234.5225   15.2399
   -7.5000  -30.0000   45.000010126.7764   15.1260
    0.0000  -30.0000   45.000010622.6016   15.1045
    7.5000  -30.0000   45.000010224.7148   15.0963
   -7.5000  -22.5000   45.000011118.3574   15.0663
    0.0000  -22.5000   45.000011655.9844   15.0489
    7.5000  -22.5000   45.000011231.6113   15.0469
   -7.5000  -15.0000   45.000011954.4307   15.0045
    0.0000  -15.0000   45.000012520.8916   14.9874
    7.5000  -15.0000   45.000012072.5029   14.9883
   -7.5000   -7.5000   45.000012707.1270   14.9390
    0.0000   -7.5000   45.000013324.6240   14.9179
    7.5000   -7.5000   45.000012848.5693   14.9150
   -7.5000    0.0000   45.000013314.1738   14.8800
    0.0000    0.0000   45.000013924.3984   14.8552
    7.5000    0.0000   45.000013433.3994   14.8474
   -7.5000    7.5000   45.000012845.5322   14.8903
    0.0000    7.5000   45.000013410.8936   14.8656
    7.5000    7.5000   45.000012942.5352   14.8560
   -7.5000   15.0000   45.000012229.4287   14.9066
    0.0000   15.0000   45.000012746.4932   14.8853
    7.5000   15.0000   45.000012307.2793   14.8781
   -7.5000   22.5000   45.000011512.3086   14.9144
    0.0000   22.5000   45.000012005.1250   14.8970
    7.5000   22.5000   45.000011568.7607   14.8954
   -7.5000   30.0000   45.000010763.8633   14.7412
    0.0000   30.0000   45.000011262.1406   14.7243
    7.5000   30.0000   45.000010810.1670   14.7254
   -7.5000   37.5000   45.000010383.0947   14.8563
    0.0000   37.5000   45.000010861.9912   14.8323
    7.5000   37.5000   45.000010431.4531   14.8311
   -7.5000   45.0000   45.0000 9652.7490   14.7001
    0.0000   45.0000   45.000010097.3906   14.6674
    7.5000   45.0000   45.0000 9694.5068   14.6580

---------------------------------------------------------------------
imgreg_4dfp /opt/freesurfer/average/711-2C_as_mni_average_305 /opt/freesurfer/average/711-2B_as_mni_average_305_mask talsrcimg_g11 none talsrcimg_to_711-2C_as_mni_average_305_t4 4355
---------------------------------------------------------------------

freesurfer imgreg_4dfp.c
/opt/freesurfer/average/711-2C_as_mni_average_305.4dfp.img
       256       256       256         1
  1.000000  1.000000  1.000000
orientation T byte_order littleendian
Reading image: /opt/freesurfer/average/711-2C_as_mni_average_305.4dfp.img
dimensions:      256       256       256
mmppix:       1.0000   -1.0000   -1.0000
center:     128.0000 -129.0000 -129.0000
/opt/freesurfer/average/711-2B_as_mni_average_305_mask.4dfp.img
       256       256       256         1
  1.000000  1.000000  1.000000
orientation T byte_order littleendian
Reading mask: /opt/freesurfer/average/711-2B_as_mni_average_305_mask.4dfp.img (2306576 pixels)
talsrcimg_g11.4dfp.img
       256       256       256         1
  1.000000  1.000000  1.000000
orientation T byte_order littleendian
Reading image: talsrcimg_g11.4dfp.img
dimensions:      256       256       256
mmppix:       1.0000   -1.0000   -1.0000
center:     128.0000 -129.0000 -129.0000
rotation matrix determinant  1.000000
image alignment mode   4355 decimal     1103 hex
   -7.5000  -45.0000  -45.0000 2141.9370   19.0715
    0.0000  -45.0000  -45.0000 2154.3845   18.9489
    7.5000  -45.0000  -45.0000 2144.7830   19.0373
   -7.5000  -37.5000  -45.0000 2199.9590   17.7866
    0.0000  -37.5000  -45.0000 2212.0154   17.6384
    7.5000  -37.5000  -45.0000 2204.4543   17.7586
   -7.5000  -30.0000  -45.0000 2255.7671   16.7196
    0.0000  -30.0000  -45.0000 2269.0708   16.6235
    7.5000  -30.0000  -45.0000 2260.3853   16.7116
   -7.5000  -22.5000  -45.0000 2307.8401   15.9142
    0.0000  -22.5000  -45.0000 2321.7476   15.8173
    7.5000  -22.5000  -45.0000 2310.2737   15.8891
   -7.5000  -15.0000  -45.0000 2341.1633   15.2619
    0.0000  -15.0000  -45.0000 2350.7939   15.1491
    7.5000  -15.0000  -45.0000 2340.0378   15.2622
   -7.5000   -7.5000  -45.0000 2358.8369   14.8129
    0.0000   -7.5000  -45.0000 2374.8513   14.6844
    7.5000   -7.5000  -45.0000 2362.0388   14.7693
   -7.5000    0.0000  -45.0000 2365.7605   14.5313
    0.0000    0.0000  -45.0000 2385.2449   14.3740
    7.5000    0.0000  -45.0000 2376.4832   14.4377
   -7.5000    7.5000  -45.0000 2375.0510   14.4136
    0.0000    7.5000  -45.0000 2395.1394   14.2376
    7.5000    7.5000  -45.0000 2386.7227   14.2932
   -7.5000   15.0000  -45.0000 2370.6431   14.5120
    0.0000   15.0000  -45.0000 2392.6196   14.3224
    7.5000   15.0000  -45.0000 2382.7454   14.3796
   -7.5000   22.5000  -45.0000 2354.4719   14.8922
    0.0000   22.5000  -45.0000 2378.7102   14.6897
    7.5000   22.5000  -45.0000 2370.4622   14.7301
   -7.5000   30.0000  -45.0000 2323.9377   15.4938
    0.0000   30.0000  -45.0000 2348.0471   15.2680
    7.5000   30.0000  -45.0000 2340.8494   15.3512
   -7.5000   37.5000  -45.0000 2275.8345   16.3222
    0.0000   37.5000  -45.0000 2299.3096   16.0979
    7.5000   37.5000  -45.0000 2291.4131   16.1583
   -7.5000   45.0000  -45.0000 2212.8037   17.4026
    0.0000   45.0000  -45.0000 2234.3110   17.1732
    7.5000   45.0000  -45.0000 2228.9570   17.2527
   -7.5000  -45.0000  -37.5000 2226.7534   17.5063
    0.0000  -45.0000  -37.5000 2240.5630   17.4162
    7.5000  -45.0000  -37.5000 2232.7920   17.5078
   -7.5000  -37.5000  -37.5000 2289.4360   16.3444
    0.0000  -37.5000  -37.5000 2308.4263   16.2521
    7.5000  -37.5000  -37.5000 2297.1685   16.3369
   -7.5000  -30.0000  -37.5000 2349.7852   15.4521
    0.0000  -30.0000  -37.5000 2366.9150   15.3541
    7.5000  -30.0000  -37.5000 2358.2180   15.4225
   -7.5000  -22.5000  -37.5000 2401.9360   14.7292
    0.0000  -22.5000  -37.5000 2413.6201   14.6374
    7.5000  -22.5000  -37.5000 2405.9124   14.6939
   -7.5000  -15.0000  -37.5000 2433.0696   14.1596
    0.0000  -15.0000  -37.5000 2442.9905   14.0608
    7.5000  -15.0000  -37.5000 2433.2117   14.1428
   -7.5000   -7.5000  -37.5000 2449.5576   13.7383
    0.0000   -7.5000  -37.5000 2470.6443   13.5880
    7.5000   -7.5000  -37.5000 2457.2778   13.6925
   -7.5000    0.0000  -37.5000 2450.2090   13.4974
    0.0000    0.0000  -37.5000 2474.1985   13.3327
    7.5000    0.0000  -37.5000 2463.5100   13.3998
   -7.5000    7.5000  -37.5000 2459.0750   13.3299
    0.0000    7.5000  -37.5000 2480.2417   13.1577
    7.5000    7.5000  -37.5000 2472.8704   13.2307
   -7.5000   15.0000  -37.5000 2458.6660   13.3944
    0.0000   15.0000  -37.5000 2481.2886   13.2032
    7.5000   15.0000  -37.5000 2472.8254   13.2788
   -7.5000   22.5000  -37.5000 2441.1152   13.7205
    0.0000   22.5000  -37.5000 2466.3818   13.5053
    7.5000   22.5000  -37.5000 2457.9978   13.5842
   -7.5000   30.0000  -37.5000 2413.3518   14.3017
    0.0000   30.0000  -37.5000 2439.1438   14.0557
    7.5000   30.0000  -37.5000 2431.4546   14.1639
   -7.5000   37.5000  -37.5000 2361.5344   15.0987
    0.0000   37.5000  -37.5000 2387.4167   14.8470
    7.5000   37.5000  -37.5000 2377.6187   14.9349
   -7.5000   45.0000  -37.5000 2294.1306   16.1341
    0.0000   45.0000  -37.5000 2316.4229   15.8801
    7.5000   45.0000  -37.5000 2309.0273   15.9752
   -7.5000  -45.0000  -30.0000 2350.5159   16.7923
    0.0000  -45.0000  -30.0000 2368.9487   16.7221
    7.5000  -45.0000  -30.0000 2358.7305   16.7890
   -7.5000  -37.5000  -30.0000 2425.5242   15.6880
    0.0000  -37.5000  -30.0000 2442.8423   15.5887
    7.5000  -37.5000  -30.0000 2430.8245   15.6585
   -7.5000  -30.0000  -30.0000 2487.5769   14.8125
    0.0000  -30.0000  -30.0000 2499.8960   14.7036
    7.5000  -30.0000  -30.0000 2493.0332   14.7926
   -7.5000  -22.5000  -30.0000 2530.7937   14.1193
    0.0000  -22.5000  -30.0000 2547.5576   13.9997
    7.5000  -22.5000  -30.0000 2536.8916   14.0815
   -7.5000  -15.0000  -30.0000 2562.1406   13.5615
    0.0000  -15.0000  -30.0000 2577.8711   13.4401
    7.5000  -15.0000  -30.0000 2566.4180   13.5127
   -7.5000   -7.5000  -30.0000 2589.1531   13.1474
    0.0000   -7.5000  -30.0000 2610.5259   12.9806
    7.5000   -7.5000  -30.0000 2597.1533   13.0771
   -7.5000    0.0000  -30.0000 2598.3120   12.9078
    0.0000    0.0000  -30.0000 2620.8577   12.7230
    7.5000    0.0000  -30.0000 2613.2458   12.8102
   -7.5000    7.5000  -30.0000 2607.1399   12.7830
    0.0000    7.5000  -30.0000 2626.8215   12.6082
    7.5000    7.5000  -30.0000 2619.8230   12.6781
   -7.5000   15.0000  -30.0000 2605.3079   12.8405
    0.0000   15.0000  -30.0000 2626.6953   12.6309
    7.5000   15.0000  -30.0000 2620.5862   12.6947
   -7.5000   22.5000  -30.0000 2588.1633   13.1302
    0.0000   22.5000  -30.0000 2610.5444   12.9046
    7.5000   22.5000  -30.0000 2605.7749   12.9691
   -7.5000   30.0000  -30.0000 2554.5842   13.6603
    0.0000   30.0000  -30.0000 2578.6855   13.4244
    7.5000   30.0000  -30.0000 2571.2578   13.5230
   -7.5000   37.5000  -30.0000 2500.3420   14.4242
    0.0000   37.5000  -30.0000 2527.6089   14.1864
    7.5000   37.5000  -30.0000 2517.7571   14.2707
   -7.5000   45.0000  -30.0000 2424.4607   15.4276
    0.0000   45.0000  -30.0000 2448.9822   15.2025
    7.5000   45.0000  -30.0000 2441.7124   15.2864
   -7.5000  -45.0000  -22.5000 2450.5647   16.0813
    0.0000  -45.0000  -22.5000 2469.6260   16.0103
    7.5000  -45.0000  -22.5000 2458.0540   16.0622
   -7.5000  -37.5000  -22.5000 2524.9727   14.9951
    0.0000  -37.5000  -22.5000 2544.6204   14.9119
    7.5000  -37.5000  -22.5000 2533.5935   14.9756
   -7.5000  -30.0000  -22.5000 2584.8276   14.1295
    0.0000  -30.0000  -22.5000 2601.1086   14.0260
    7.5000  -30.0000  -22.5000 2591.6523   14.1038
   -7.5000  -22.5000  -22.5000 2630.6611   13.4449
    0.0000  -22.5000  -22.5000 2645.5886   13.3042
    7.5000  -22.5000  -22.5000 2638.4316   13.3748
   -7.5000  -15.0000  -22.5000 2664.9531   12.8874
    0.0000  -15.0000  -22.5000 2681.5242   12.7431
    7.5000  -15.0000  -22.5000 2673.3252   12.8060
   -7.5000   -7.5000  -22.5000 2691.7039   12.5133
    0.0000   -7.5000  -22.5000 2710.7844   12.3408
    7.5000   -7.5000  -22.5000 2705.8025   12.4258
   -7.5000    0.0000  -22.5000 2714.3213   12.2464
    0.0000    0.0000  -22.5000 2737.4951   12.0597
    7.5000    0.0000  -22.5000 2729.2930   12.1332
   -7.5000    7.5000  -22.5000 2726.9717   12.1503
    0.0000    7.5000  -22.5000 2750.4348   11.9488
    7.5000    7.5000  -22.5000 2737.9368   12.0189
   -7.5000   15.0000  -22.5000 2725.0876   12.1781
    0.0000   15.0000  -22.5000 2749.8125   11.9660
    7.5000   15.0000  -22.5000 2742.3279   12.0310
   -7.5000   22.5000  -22.5000 2708.0486   12.4383
    0.0000   22.5000  -22.5000 2736.5486   12.2310
    7.5000   22.5000  -22.5000 2728.5417   12.2966
   -7.5000   30.0000  -22.5000 2668.8396   12.9268
    0.0000   30.0000  -22.5000 2700.7617   12.7196
    7.5000   30.0000  -22.5000 2690.7502   12.7879
   -7.5000   37.5000  -22.5000 2610.1248   13.6612
    0.0000   37.5000  -22.5000 2643.3730   13.4341
    7.5000   37.5000  -22.5000 2631.4761   13.5247
   -7.5000   45.0000  -22.5000 2528.3289   14.6702
    0.0000   45.0000  -22.5000 2555.0613   14.4298
    7.5000   45.0000  -22.5000 2547.7544   14.5232
   -7.5000  -45.0000  -15.0000 2512.5449   15.4554
    0.0000  -45.0000  -15.0000 2527.4333   15.3553
    7.5000  -45.0000  -15.0000 2522.1985   15.4707
   -7.5000  -37.5000  -15.0000 2591.2693   14.3780
    0.0000  -37.5000  -15.0000 2608.3657   14.2696
    7.5000  -37.5000  -15.0000 2599.7925   14.3570
   -7.5000  -30.0000  -15.0000 2647.1833   13.4959
    0.0000  -30.0000  -15.0000 2666.8630   13.3821
    7.5000  -30.0000  -15.0000 2653.9077   13.4587
   -7.5000  -22.5000  -15.0000 2693.3582   12.7922
    0.0000  -22.5000  -15.0000 2710.9446   12.6738
    7.5000  -22.5000  -15.0000 2701.9519   12.7560
   -7.5000  -15.0000  -15.0000 2732.6350   12.2414
    0.0000  -15.0000  -15.0000 2753.0620   12.1180
    7.5000  -15.0000  -15.0000 2745.9048   12.1886
   -7.5000   -7.5000  -15.0000 2766.9148   11.8668
    0.0000   -7.5000  -15.0000 2788.3540   11.7193
    7.5000   -7.5000  -15.0000 2784.7412   11.7847
   -7.5000    0.0000  -15.0000 2794.6826   11.6401
    0.0000    0.0000  -15.0000 2821.7402   11.4610
    7.5000    0.0000  -15.0000 2812.8345   11.5248
   -7.5000    7.5000  -15.0000 2815.1599   11.5014
    0.0000    7.5000  -15.0000 2844.0369   11.3121
    7.5000    7.5000  -15.0000 2829.2925   11.3628
   -7.5000   15.0000  -15.0000 2824.9854   11.5102
    0.0000   15.0000  -15.0000 2855.2820   11.3199
    7.5000   15.0000  -15.0000 2840.4570   11.3664
   -7.5000   22.5000  -15.0000 2806.0706   11.7685
    0.0000   22.5000  -15.0000 2843.9604   11.5577
    7.5000   22.5000  -15.0000 2828.3955   11.6365
   -7.5000   30.0000  -15.0000 2760.9312   12.2296
    0.0000   30.0000  -15.0000 2797.1667   12.0040
    7.5000   30.0000  -15.0000 2783.2065   12.1100
   -7.5000   37.5000  -15.0000 2693.8503   12.9542
    0.0000   37.5000  -15.0000 2728.1824   12.7072
    7.5000   37.5000  -15.0000 2717.6487   12.8085
   -7.5000   45.0000  -15.0000 2605.9958   13.9584
    0.0000   45.0000  -15.0000 2632.2944   13.6984
    7.5000   45.0000  -15.0000 2625.0076   13.7989
   -7.5000  -45.0000   -7.5000 2546.7087   15.0132
    0.0000  -45.0000   -7.5000 2566.1128   14.8880
    7.5000  -45.0000   -7.5000 2558.3652   15.0515
   -7.5000  -37.5000   -7.5000 2622.6497   13.9045
    0.0000  -37.5000   -7.5000 2643.3530   13.7818
    7.5000  -37.5000   -7.5000 2631.8433   13.8763
   -7.5000  -30.0000   -7.5000 2677.8352   12.9832
    0.0000  -30.0000   -7.5000 2701.2563   12.8581
    7.5000  -30.0000   -7.5000 2692.9805   12.9500
   -7.5000  -22.5000   -7.5000 2728.6472   12.2661
    0.0000  -22.5000   -7.5000 2749.2297   12.1466
    7.5000  -22.5000   -7.5000 2741.6475   12.2232
   -7.5000  -15.0000   -7.5000 2777.5540   11.7199
    0.0000  -15.0000   -7.5000 2803.1970   11.5893
    7.5000  -15.0000   -7.5000 2792.7073   11.6421
   -7.5000   -7.5000   -7.5000 2820.4321   11.3218
    0.0000   -7.5000   -7.5000 2848.5144   11.1730
    7.5000   -7.5000   -7.5000 2842.4121   11.2358
   -7.5000    0.0000   -7.5000 2858.5391   11.1065
    0.0000    0.0000   -7.5000 2890.0220   10.9410
    7.5000    0.0000   -7.5000 2880.2039   10.9908
   -7.5000    7.5000   -7.5000 2891.1396   10.9442
    0.0000    7.5000   -7.5000 2927.4316   10.7616
    7.5000    7.5000   -7.5000 2911.3025   10.8234
   -7.5000   15.0000   -7.5000 2904.1155   10.9455
    0.0000   15.0000   -7.5000 2940.4792   10.7368
    7.5000   15.0000   -7.5000 2922.3000   10.8077
   -7.5000   22.5000   -7.5000 2883.5793   11.1615
    0.0000   22.5000   -7.5000 2923.4668   10.9177
    7.5000   22.5000   -7.5000 2904.5994   11.0302
   -7.5000   30.0000   -7.5000 2830.5918   11.6343
    0.0000   30.0000   -7.5000 2868.7917   11.3668
    7.5000   30.0000   -7.5000 2854.8091   11.4873
   -7.5000   37.5000   -7.5000 2755.6633   12.3459
    0.0000   37.5000   -7.5000 2789.1470   12.0750
    7.5000   37.5000   -7.5000 2777.2153   12.1949
   -7.5000   45.0000   -7.5000 2655.8806   13.3500
    0.0000   45.0000   -7.5000 2686.5723   13.0575
    7.5000   45.0000   -7.5000 2679.2778   13.1833
   -7.5000  -45.0000    0.0000 2564.3083   14.7879
    0.0000  -45.0000    0.0000 2586.8044   14.6263
    7.5000  -45.0000    0.0000 2577.5059   14.8365
   -7.5000  -37.5000    0.0000 2629.4810   13.6243
    0.0000  -37.5000    0.0000 2657.4214   13.4561
    7.5000  -37.5000    0.0000 2646.7126   13.6055
   -7.5000  -30.0000    0.0000 2683.2058   12.6843
    0.0000  -30.0000    0.0000 2707.4622   12.5109
    7.5000  -30.0000    0.0000 2706.8027   12.6411
   -7.5000  -22.5000    0.0000 2740.7708   11.9603
    0.0000  -22.5000    0.0000 2760.2244   11.7888
    7.5000  -22.5000    0.0000 2760.6184   11.8685
   -7.5000  -15.0000    0.0000 2799.4160   11.3608
    0.0000  -15.0000    0.0000 2823.1404   11.2160
    7.5000  -15.0000    0.0000 2817.6172   11.2789
   -7.5000   -7.5000    0.0000 2853.1355   10.9687
    0.0000   -7.5000    0.0000 2884.5322   10.7948
    7.5000   -7.5000    0.0000 2877.0466   10.8551
   -7.5000    0.0000    0.0000 2906.6980   10.7310
    0.0000    0.0000    0.0000 2944.2983   10.5596
    7.5000    0.0000    0.0000 2932.1465   10.6189
   -7.5000    7.5000    0.0000 2948.8081   10.5926
    0.0000    7.5000    0.0000 2991.4167   10.4310
    7.5000    7.5000    0.0000 2972.8740   10.4823
   -7.5000   15.0000    0.0000 2961.5159   10.5888
    0.0000   15.0000    0.0000 3008.1277   10.3817
    7.5000   15.0000    0.0000 2982.0327   10.4570
   -7.5000   22.5000    0.0000 2933.7312   10.7799
    0.0000   22.5000    0.0000 2975.5750   10.5401
    7.5000   22.5000    0.0000 2954.5925   10.6369
   -7.5000   30.0000    0.0000 2878.9087   11.2266
    0.0000   30.0000    0.0000 2915.9087   10.9587
    7.5000   30.0000    0.0000 2900.1169   11.0792
   -7.5000   37.5000    0.0000 2791.8364   11.9549
    0.0000   37.5000    0.0000 2827.7871   11.6631
    7.5000   37.5000    0.0000 2815.1406   11.7859
   -7.5000   45.0000    0.0000 2688.0891   12.9653
    0.0000   45.0000    0.0000 2717.2173   12.6763
    7.5000   45.0000    0.0000 2709.5327   12.7741
   -7.5000  -45.0000    7.5000 2574.4604   14.7000
    0.0000  -45.0000    7.5000 2600.5000   14.4618
    7.5000  -45.0000    7.5000 2589.4385   14.7263
   -7.5000  -37.5000    7.5000 2635.0876   13.4949
    0.0000  -37.5000    7.5000 2658.5449   13.2642
    7.5000  -37.5000    7.5000 2651.3843   13.4668
   -7.5000  -30.0000    7.5000 2687.0623   12.5238
    0.0000  -30.0000    7.5000 2706.6765   12.3213
    7.5000  -30.0000    7.5000 2706.3572   12.4737
   -7.5000  -22.5000    7.5000 2745.4341   11.7536
    0.0000  -22.5000    7.5000 2766.4807   11.5660
    7.5000  -22.5000    7.5000 2762.8411   11.6735
   -7.5000  -15.0000    7.5000 2804.0217   11.1673
    0.0000  -15.0000    7.5000 2831.1016   10.9863
    7.5000  -15.0000    7.5000 2825.5002   11.0846
   -7.5000   -7.5000    7.5000 2873.2554   10.7480
    0.0000   -7.5000    7.5000 2907.9673   10.5459
    7.5000   -7.5000    7.5000 2898.5830   10.6358
   -7.5000    0.0000    7.5000 2934.7192   10.5353
    0.0000    0.0000    7.5000 2982.6248   10.3263
    7.5000    0.0000    7.5000 2965.1050   10.4120
   -7.5000    7.5000    7.5000 2981.7595   10.4373
    0.0000    7.5000    7.5000 3040.3740   10.2534
    7.5000    7.5000    7.5000 3015.5276   10.3121
   -7.5000   15.0000    7.5000 2992.6865   10.4465
    0.0000   15.0000    7.5000 3048.9570   10.2958
    7.5000   15.0000    7.5000 3021.8516   10.3133
   -7.5000   22.5000    7.5000 2953.2881   10.6527
    0.0000   22.5000    7.5000 3001.2725   10.4786
    7.5000   22.5000    7.5000 2975.3960   10.5142
   -7.5000   30.0000    7.5000 2891.9753   11.0675
    0.0000   30.0000    7.5000 2933.9319   10.8749
    7.5000   30.0000    7.5000 2914.8906   10.9196
   -7.5000   37.5000    7.5000 2801.8992   11.7835
    0.0000   37.5000    7.5000 2838.9392   11.5571
    7.5000   37.5000    7.5000 2826.3181   11.6115
   -7.5000   45.0000    7.5000 2693.3357   12.7868
    0.0000   45.0000    7.5000 2725.1665   12.5559
    7.5000   45.0000    7.5000 2711.7756   12.6052
   -7.5000  -45.0000   15.0000 2571.6111   14.7190
    0.0000  -45.0000   15.0000 2599.9399   14.4889
    7.5000  -45.0000   15.0000 2584.3894   14.7454
   -7.5000  -37.5000   15.0000 2629.4617   13.4727
    0.0000  -37.5000   15.0000 2651.7632   13.2085
    7.5000  -37.5000   15.0000 2642.2700   13.4436
   -7.5000  -30.0000   15.0000 2676.8706   12.4814
    0.0000  -30.0000   15.0000 2698.1545   12.2209
    7.5000  -30.0000   15.0000 2693.4409   12.4443
   -7.5000  -22.5000   15.0000 2733.7817   11.6952
    0.0000  -22.5000   15.0000 2758.0425   11.4637
    7.5000  -22.5000   15.0000 2752.8457   11.6317
   -7.5000  -15.0000   15.0000 2791.6860   11.1241
    0.0000  -15.0000   15.0000 2823.5464   10.8978
    7.5000  -15.0000   15.0000 2819.2976   11.0380
   -7.5000   -7.5000   15.0000 2862.5723   10.7360
    0.0000   -7.5000   15.0000 2899.8391   10.4994
    7.5000   -7.5000   15.0000 2888.9597   10.6405
   -7.5000    0.0000   15.0000 2928.3352   10.5455
    0.0000    0.0000   15.0000 2978.6106   10.3432
    7.5000    0.0000   15.0000 2956.1604   10.4551
   -7.5000    7.5000   15.0000 2976.2244   10.4519
    0.0000    7.5000   15.0000 3039.1677   10.3010
    7.5000    7.5000   15.0000 3004.7510   10.3635
   -7.5000   15.0000   15.0000 2982.9128   10.4595
    0.0000   15.0000   15.0000 3048.1409   10.3317
    7.5000   15.0000   15.0000 3009.9094   10.3524
   -7.5000   22.5000   15.0000 2941.6050   10.7083
    0.0000   22.5000   15.0000 2992.2729   10.5453
    7.5000   22.5000   15.0000 2967.7612   10.5679
   -7.5000   30.0000   15.0000 2873.0476   11.1753
    0.0000   30.0000   15.0000 2913.2712   10.9966
    7.5000   30.0000   15.0000 2899.6616   11.0296
   -7.5000   37.5000   15.0000 2782.5256   11.8818
    0.0000   37.5000   15.0000 2814.3870   11.6966
    7.5000   37.5000   15.0000 2804.0994   11.7248
   -7.5000   45.0000   15.0000 2675.5203   12.8510
    0.0000   45.0000   15.0000 2700.0903   12.6439
    7.5000   45.0000   15.0000 2689.0015   12.6857
   -7.5000  -45.0000   22.5000 2551.5823   14.8486
    0.0000  -45.0000   22.5000 2574.5464   14.5994
    7.5000  -45.0000   22.5000 2558.6614   14.8963
   -7.5000  -37.5000   22.5000 2614.4016   13.5761
    0.0000  -37.5000   22.5000 2631.8025   13.3035
    7.5000  -37.5000   22.5000 2620.6919   13.5610
   -7.5000  -30.0000   22.5000 2659.9844   12.5859
    0.0000  -30.0000   22.5000 2678.7075   12.3070
    7.5000  -30.0000   22.5000 2672.0762   12.5618
   -7.5000  -22.5000   22.5000 2714.1921   11.8288
    0.0000  -22.5000   22.5000 2732.5742   11.5665
    7.5000  -22.5000   22.5000 2728.1118   11.7797
   -7.5000  -15.0000   22.5000 2771.4971   11.2775
    0.0000  -15.0000   22.5000 2796.9409   11.0333
    7.5000  -15.0000   22.5000 2791.7600   11.2055
   -7.5000   -7.5000   22.5000 2837.3352   10.9294
    0.0000   -7.5000   22.5000 2869.4438   10.6849
    7.5000   -7.5000   22.5000 2858.7048   10.8315
   -7.5000    0.0000   22.5000 2898.4114   10.7603
    0.0000    0.0000   22.5000 2939.7429   10.5510
    7.5000    0.0000   22.5000 2920.6248   10.6515
   -7.5000    7.5000   22.5000 2939.4092   10.6770
    0.0000    7.5000   22.5000 2990.5913   10.4885
    7.5000    7.5000   22.5000 2964.5671   10.5792
   -7.5000   15.0000   22.5000 2943.2246   10.7058
    0.0000   15.0000   22.5000 2996.4126   10.5012
    7.5000   15.0000   22.5000 2966.8782   10.5876
   -7.5000   22.5000   22.5000 2907.5852   10.9956
    0.0000   22.5000   22.5000 2954.2947   10.7593
    7.5000   22.5000   22.5000 2931.2876   10.8567
   -7.5000   30.0000   22.5000 2836.5967   11.4718
    0.0000   30.0000   22.5000 2875.7700   11.2249
    7.5000   30.0000   22.5000 2862.1726   11.3169
   -7.5000   37.5000   22.5000 2742.6643   12.1980
    0.0000   37.5000   22.5000 2772.7122   11.9410
    7.5000   37.5000   22.5000 2764.5735   12.0183
   -7.5000   45.0000   22.5000 2636.3911   13.1507
    0.0000   45.0000   22.5000 2661.7363   12.9100
    7.5000   45.0000   22.5000 2654.2034   12.9710
   -7.5000  -45.0000   30.0000 2502.7080   15.2005
    0.0000  -45.0000   30.0000 2524.8677   14.9617
    7.5000  -45.0000   30.0000 2510.4897   15.2442
   -7.5000  -37.5000   30.0000 2571.2773   13.9017
    0.0000  -37.5000   30.0000 2589.5740   13.6485
    7.5000  -37.5000   30.0000 2573.5762   13.9020
   -7.5000  -30.0000   30.0000 2624.0486   12.9369
    0.0000  -30.0000   30.0000 2641.1221   12.6710
    7.5000  -30.0000   30.0000 2629.2749   12.9190
   -7.5000  -22.5000   30.0000 2675.0496   12.1955
    0.0000  -22.5000   30.0000 2695.8652   11.9313
    7.5000  -22.5000   30.0000 2685.1472   12.1622
   -7.5000  -15.0000   30.0000 2733.1675   11.6734
    0.0000  -15.0000   30.0000 2755.9744   11.4014
    7.5000  -15.0000   30.0000 2747.5505   11.6203
   -7.5000   -7.5000   30.0000 2794.7625   11.3557
    0.0000   -7.5000   30.0000 2819.3250   11.0819
    7.5000   -7.5000   30.0000 2812.6289   11.2608
   -7.5000    0.0000   30.0000 2847.7947   11.1653
    0.0000    0.0000   30.0000 2879.0334   10.9238
    7.5000    0.0000   30.0000 2865.7197   11.0433
   -7.5000    7.5000   30.0000 2879.3716   11.0980
    0.0000    7.5000   30.0000 2915.0620   10.8673
    7.5000    7.5000   30.0000 2896.7485   10.9764
   -7.5000   15.0000   30.0000 2872.7241   11.1839
    0.0000   15.0000   30.0000 2908.3379   10.9551
    7.5000   15.0000   30.0000 2892.2925   11.0652
   -7.5000   22.5000   30.0000 2843.2485   11.4612
    0.0000   22.5000   30.0000 2876.9463   11.2555
    7.5000   22.5000   30.0000 2864.7695   11.3262
   -7.5000   30.0000   30.0000 2780.7083   11.9376
    0.0000   30.0000   30.0000 2814.6423   11.7039
    7.5000   30.0000   30.0000 2800.3184   11.7785
   -7.5000   37.5000   30.0000 2691.6858   12.6204
    0.0000   37.5000   30.0000 2718.8970   12.3852
    7.5000   37.5000   30.0000 2710.8176   12.4419
   -7.5000   45.0000   30.0000 2588.3550   13.5470
    0.0000   45.0000   30.0000 2609.7878   13.3105
    7.5000   45.0000   30.0000 2606.0605   13.3623
   -7.5000  -45.0000   37.5000 2448.1995   15.7955
    0.0000  -45.0000   37.5000 2465.6211   15.6150
    7.5000  -45.0000   37.5000 2449.7537   15.8442
   -7.5000  -37.5000   37.5000 2519.3218   14.4836
    0.0000  -37.5000   37.5000 2541.1624   14.2509
    7.5000  -37.5000   37.5000 2521.2639   14.4939
   -7.5000  -30.0000   37.5000 2577.2847   13.4803
    0.0000  -30.0000   37.5000 2600.4509   13.2243
    7.5000  -30.0000   37.5000 2583.7236   13.4721
   -7.5000  -22.5000   37.5000 2630.4363   12.7414
    0.0000  -22.5000   37.5000 2657.7791   12.4666
    7.5000  -22.5000   37.5000 2640.8491   12.7083
   -7.5000  -15.0000   37.5000 2682.8306   12.2154
    0.0000  -15.0000   37.5000 2714.0569   11.9376
    7.5000  -15.0000   37.5000 2697.6243   12.1538
   -7.5000   -7.5000   37.5000 2734.4124   11.9166
    0.0000   -7.5000   37.5000 2767.0398   11.6508
    7.5000   -7.5000   37.5000 2753.0854   11.8254
   -7.5000    0.0000   37.5000 2776.1716   11.7353
    0.0000    0.0000   37.5000 2809.2434   11.4853
    7.5000    0.0000   37.5000 2796.4253   11.6219
   -7.5000    7.5000   37.5000 2797.9617   11.7018
    0.0000    7.5000   37.5000 2829.9590   11.4591
    7.5000    7.5000   37.5000 2817.5347   11.5735
   -7.5000   15.0000   37.5000 2787.8743   11.8293
    0.0000   15.0000   37.5000 2818.2812   11.6030
    7.5000   15.0000   37.5000 2806.5591   11.7025
   -7.5000   22.5000   37.5000 2754.5652   12.1053
    0.0000   22.5000   37.5000 2788.7488   11.8917
    7.5000   22.5000   37.5000 2774.6016   11.9692
   -7.5000   30.0000   37.5000 2702.3213   12.5691
    0.0000   30.0000   37.5000 2736.5151   12.3424
    7.5000   30.0000   37.5000 2721.2546   12.4205
   -7.5000   37.5000   37.5000 2624.1021   13.2208
    0.0000   37.5000   37.5000 2649.2859   12.9941
    7.5000   37.5000   37.5000 2642.7295   13.0703
   -7.5000   45.0000   37.5000 2531.5610   14.1035
    0.0000   45.0000   37.5000 2553.2917   13.8681
    7.5000   45.0000   37.5000 2547.9399   13.9403
   -7.5000  -45.0000   45.0000 2385.1941   16.6422
    0.0000  -45.0000   45.0000 2404.6843   16.4986
    7.5000  -45.0000   45.0000 2383.8108   16.6795
   -7.5000  -37.5000   45.0000 2457.1123   15.2488
    0.0000  -37.5000   45.0000 2479.1938   15.0659
    7.5000  -37.5000   45.0000 2459.8984   15.2771
   -7.5000  -30.0000   45.0000 2518.5134   14.1993
    0.0000  -30.0000   45.0000 2544.6038   13.9840
    7.5000  -30.0000   45.0000 2525.4060   14.2085
   -7.5000  -22.5000   45.0000 2574.9675   13.4689
    0.0000  -22.5000   45.0000 2603.7847   13.2314
    7.5000  -22.5000   45.0000 2584.3428   13.4352
   -7.5000  -15.0000   45.0000 2621.1926   12.9482
    0.0000  -15.0000   45.0000 2649.9744   12.6991
    7.5000  -15.0000   45.0000 2632.4580   12.8987
   -7.5000   -7.5000   45.0000 2662.4260   12.6586
    0.0000   -7.5000   45.0000 2696.4231   12.4113
    7.5000   -7.5000   45.0000 2679.5984   12.5716
   -7.5000    0.0000   45.0000 2695.4104   12.5032
    0.0000    0.0000   45.0000 2728.0474   12.2543
    7.5000    0.0000   45.0000 2712.2710   12.3892
   -7.5000    7.5000   45.0000 2707.5967   12.4710
    0.0000    7.5000   45.0000 2738.7537   12.2470
    7.5000    7.5000   45.0000 2726.9868   12.3733
   -7.5000   15.0000   45.0000 2694.2053   12.6257
    0.0000   15.0000   45.0000 2720.5310   12.4116
    7.5000   15.0000   45.0000 2710.1680   12.5257
   -7.5000   22.5000   45.0000 2663.8992   12.8927
    0.0000   22.5000   45.0000 2688.7976   12.6839
    7.5000   22.5000   45.0000 2679.9092   12.7749
   -7.5000   30.0000   45.0000 2615.7332   13.3548
    0.0000   30.0000   45.0000 2643.9399   13.1252
    7.5000   30.0000   45.0000 2631.5229   13.1998
   -7.5000   37.5000   45.0000 2550.1770   13.9756
    0.0000   37.5000   45.0000 2574.2410   13.7260
    7.5000   37.5000   45.0000 2562.7686   13.8218
   -7.5000   45.0000   45.0000 2463.2468   14.8071
    0.0000   45.0000   45.0000 2486.1909   14.5718
    7.5000   45.0000   45.0000 2473.4756   14.6615

---------------------------------------------------------------------
imgreg_4dfp /opt/freesurfer/average/711-2C_as_mni_average_305 /opt/freesurfer/average/711-2B_as_mni_average_305_mask talsrcimg_g11 none talsrcimg_to_711-2C_as_mni_average_305_t4 1283
---------------------------------------------------------------------

freesurfer imgreg_4dfp.c
/opt/freesurfer/average/711-2C_as_mni_average_305.4dfp.img
       256       256       256         1
  1.000000  1.000000  1.000000
orientation T byte_order littleendian
Reading image: /opt/freesurfer/average/711-2C_as_mni_average_305.4dfp.img
dimensions:      256       256       256
mmppix:       1.0000   -1.0000   -1.0000
center:     128.0000 -129.0000 -129.0000
/opt/freesurfer/average/711-2B_as_mni_average_305_mask.4dfp.img
       256       256       256         1
  1.000000  1.000000  1.000000
orientation T byte_order littleendian
Reading mask: /opt/freesurfer/average/711-2B_as_mni_average_305_mask.4dfp.img (2306576 pixels)
talsrcimg_g11.4dfp.img
       256       256       256         1
  1.000000  1.000000  1.000000
orientation T byte_order littleendian
Reading image: talsrcimg_g11.4dfp.img
dimensions:      256       256       256
mmppix:       1.0000   -1.0000   -1.0000
center:     128.0000 -129.0000 -129.0000
rotation matrix determinant  1.000000
fimgreg.f
image alignment mode   1283 decimal      503 hex
parameters
    0.0000   15.0000    7.5000    0.0000    0.0000    0.0000
eta,q 0.95565 10.31432
niter,ni,del,rscale     5    3   12.0000    1.2000
parameter  2  0.655642 ->  0.500000 qaram    1.1500
parameter  3 -0.731914 -> -0.500000 qaram    1.1500
parameter  4  1.020302 ->  0.500000 qaram    1.1500
parameters
    1.6748   11.5500   10.9500   -3.4500    0.4273   -1.2208
eta,q 0.96423 10.23282
  0.0624  0.0444  0.0534  0.0342  0.0426  0.0383
  0.0554  0.0420  0.0503  0.0355  0.0394  0.0365
  0.0498  0.0424  0.0461  0.0366  0.0372  0.0358
  0.0461  0.0452  0.0416  0.0386  0.0358  0.0358
  0.0454  0.0500  0.0388  0.0424  0.0362  0.0366
  0.0474  0.0552  0.0387  0.0474  0.0383  0.0389
  0.0511  0.0590  0.0404  0.0522  0.0411  0.0418
niter,ni,del,rscale     7    3   12.0000    1.2000
parameter  4  0.818744 ->  0.500000 qaram    1.3225
parameters
    1.0191   12.4174   11.3288   -7.4175    1.2790   -1.6550
eta,q 0.96750 10.25000
  0.0454  0.0501  0.0451  0.0318  0.0407  0.0366
  0.0394  0.0424  0.0404  0.0323  0.0369  0.0345
  0.0358  0.0374  0.0370  0.0337  0.0341  0.0331
  0.0358  0.0354  0.0351  0.0351  0.0326  0.0325
  0.0386  0.0353  0.0358  0.0369  0.0327  0.0331
  0.0433  0.0385  0.0383  0.0409  0.0343  0.0353
  0.0499  0.0441  0.0437  0.0465  0.0373  0.0383
niter,ni,del,rscale     7    3   12.0000    1.2000
parameters
    0.6106   13.9628   10.5869  -10.3862    1.7015   -1.3294
eta,q 0.97042 10.18662
  0.0442  0.0491  0.0418  0.0334  0.0380  0.0360
  0.0371  0.0411  0.0358  0.0301  0.0342  0.0333
  0.0330  0.0352  0.0320  0.0297  0.0312  0.0311
  0.0325  0.0323  0.0320  0.0315  0.0297  0.0297
  0.0351  0.0324  0.0350  0.0343  0.0305  0.0300
  0.0401  0.0346  0.0398  0.0364  0.0330  0.0321
  0.0471  0.0386  0.0460  0.0411  0.0360  0.0352
niter,ni,del,rscale     6    3   12.0000    1.2000
parameters
    0.5805   14.6240    9.9784  -10.7777    1.6031   -1.2751
eta,q 0.97082 10.17605
  0.0448  0.0464  0.0408  0.0366  0.0367  0.0355
  0.0368  0.0381  0.0342  0.0332  0.0329  0.0328
  0.0311  0.0318  0.0299  0.0298  0.0300  0.0304
  0.0296  0.0296  0.0296  0.0293  0.0292  0.0292
  0.0321  0.0311  0.0328  0.0314  0.0308  0.0299
  0.0374  0.0352  0.0382  0.0346  0.0336  0.0323
  0.0444  0.0405  0.0441  0.0374  0.0368  0.0356
niter,ni,del,rscale     5    3   12.0000    1.2000
parameters
    0.7019   14.8016    9.8644  -11.0000    1.5001   -1.2601
eta,q 0.97083 10.17285
  0.0455  0.0442  0.0422  0.0368  0.0368  0.0355
  0.0374  0.0362  0.0356  0.0336  0.0329  0.0328
  0.0311  0.0307  0.0305  0.0301  0.0300  0.0304
  0.0292  0.0292  0.0293  0.0292  0.0292  0.0292
  0.0316  0.0318  0.0316  0.0311  0.0307  0.0300
  0.0369  0.0364  0.0366  0.0344  0.0336  0.0325
  0.0438  0.0415  0.0424  0.0373  0.0368  0.0357
niter,ni,del,rscale     4    3   12.0000    1.2000
parameters
    0.7723   14.8738    9.8321  -11.0978    1.4456   -1.2551
eta,q 0.97079 10.17211
  0.0454  0.0437  0.0423  0.0370  0.0369  0.0355
  0.0372  0.0358  0.0358  0.0339  0.0330  0.0328
  0.0310  0.0305  0.0306  0.0304  0.0301  0.0304
  0.0292  0.0292  0.0292  0.0292  0.0292  0.0292
  0.0317  0.0320  0.0314  0.0309  0.0307  0.0300
  0.0372  0.0367  0.0363  0.0343  0.0335  0.0326
  0.0441  0.0417  0.0421  0.0371  0.0368  0.0358
niter,ni,del,rscale     3    3   12.0000    1.2000
parameters
    0.8053   14.9049    9.8206  -11.1390    1.4208   -1.2530
eta,q 0.97077 10.17197
  0.0453  0.0435  0.0424  0.0371  0.0370  0.0355
  0.0371  0.0356  0.0358  0.0340  0.0331  0.0329
  0.0309  0.0304  0.0307  0.0305  0.0301  0.0304
  0.0292  0.0292  0.0292  0.0292  0.0292  0.0292
  0.0319  0.0321  0.0313  0.0309  0.0306  0.0300
  0.0374  0.0369  0.0362  0.0342  0.0335  0.0326
  0.0442  0.0418  0.0420  0.0371  0.0368  0.0358
registration optimization eta report
parameter search radius
    6.0000    6.9000    6.9000    7.9350    6.0000    6.0000
100000*second partial in parameter space
       42.       27.       27.       12.       21.       17.
  0.0453  0.0435  0.0424  0.0371  0.0370  0.0355
  0.0371  0.0356  0.0358  0.0340  0.0331  0.0329
  0.0309  0.0304  0.0307  0.0305  0.0301  0.0304
  0.0292  0.0292  0.0292  0.0292  0.0292  0.0292
  0.0319  0.0321  0.0313  0.0309  0.0306  0.0300
  0.0374  0.0369  0.0362  0.0342  0.0335  0.0326
  0.0442  0.0418  0.0420  0.0371  0.0368  0.0358
    0.8053   14.9049    9.8206  -11.1390    1.4208   -1.2530
eta,q 0.97077 10.17197

---------------------------------------------------------------------
imgreg_4dfp /opt/freesurfer/average/711-2C_as_mni_average_305 /opt/freesurfer/average/711-2B_as_mni_average_305_mask talsrcimg_g11 none talsrcimg_to_711-2C_as_mni_average_305_t4 3335
---------------------------------------------------------------------

freesurfer imgreg_4dfp.c
/opt/freesurfer/average/711-2C_as_mni_average_305.4dfp.img
       256       256       256         1
  1.000000  1.000000  1.000000
orientation T byte_order littleendian
Reading image: /opt/freesurfer/average/711-2C_as_mni_average_305.4dfp.img
dimensions:      256       256       256
mmppix:       1.0000   -1.0000   -1.0000
center:     128.0000 -129.0000 -129.0000
/opt/freesurfer/average/711-2B_as_mni_average_305_mask.4dfp.img
       256       256       256         1
  1.000000  1.000000  1.000000
orientation T byte_order littleendian
Reading mask: /opt/freesurfer/average/711-2B_as_mni_average_305_mask.4dfp.img (2306576 pixels)
talsrcimg_g11.4dfp.img
       256       256       256         1
  1.000000  1.000000  1.000000
orientation T byte_order littleendian
Reading image: talsrcimg_g11.4dfp.img
dimensions:      256       256       256
mmppix:       1.0000   -1.0000   -1.0000
center:     128.0000 -129.0000 -129.0000
fimgreg.f
image alignment mode   3335 decimal      D07 hex
parameters
    0.8053   14.9049    9.8206   -0.0547   -1.9178   -1.9140
    2.6245   -2.0098   -2.1861   19.3675    2.4796  -19.3130
eta,q 0.97169 10.25399
niter,ni,del,rscale     5    3    5.0000    1.2000
parameter  5  1.673741 ->  0.500000 qaram    1.1500
parameters
    0.7093   14.3343    9.8450   -2.2719   -6.0578   -5.2872
    2.8044   -1.8348   -2.0696   16.3264    3.5639  -17.3385
eta,q 0.97495  9.84972
  0.0308  0.0293  0.0300  0.0290  0.0255  0.0264  0.0279  0.0294  0.0274  0.0261  0.0265  0.0269
  0.0294  0.0285  0.0290  0.0283  0.0260  0.0259  0.0267  0.0275  0.0264  0.0253  0.0259  0.0261
  0.0286  0.0282  0.0284  0.0280  0.0269  0.0257  0.0260  0.0263  0.0259  0.0252  0.0254  0.0255
  0.0283  0.0283  0.0282  0.0282  0.0280  0.0262  0.0257  0.0257  0.0257  0.0257  0.0252  0.0251
  0.0287  0.0288  0.0284  0.0289  0.0294  0.0278  0.0259  0.0260  0.0259  0.0266  0.0252  0.0251
  0.0297  0.0297  0.0290  0.0300  0.0309  0.0304  0.0266  0.0272  0.0264  0.0279  0.0254  0.0252
  0.0312  0.0310  0.0299  0.0317  0.0327  0.0335  0.0277  0.0292  0.0272  0.0295  0.0259  0.0257
niter,ni,del,rscale     5    3    5.0000    1.2000
parameters
    0.5939   13.9997    9.4825   -1.7201   -9.5991   -6.0601
    2.8376   -1.9739   -2.1629   15.8529    3.8604  -17.1285
eta,q 0.97550  9.70071
  0.0276  0.0267  0.0260  0.0270  0.0253  0.0264  0.0268  0.0280  0.0262  0.0265  0.0256  0.0257
  0.0261  0.0256  0.0253  0.0261  0.0246  0.0255  0.0256  0.0262  0.0252  0.0253  0.0250  0.0251
  0.0253  0.0251  0.0250  0.0254  0.0244  0.0248  0.0248  0.0250  0.0247  0.0247  0.0246  0.0247
  0.0251  0.0250  0.0250  0.0249  0.0249  0.0244  0.0245  0.0245  0.0245  0.0245  0.0245  0.0245
  0.0255  0.0255  0.0253  0.0250  0.0259  0.0247  0.0248  0.0249  0.0247  0.0249  0.0246  0.0246
  0.0265  0.0265  0.0260  0.0256  0.0272  0.0258  0.0256  0.0263  0.0253  0.0258  0.0249  0.0250
  0.0281  0.0278  0.0269  0.0266  0.0289  0.0280  0.0267  0.0285  0.0262  0.0270  0.0254  0.0255
niter,ni,del,rscale     4    3    5.0000    1.2000
parameters
    0.5819   14.1627    9.2868   -1.2472   -9.6493   -6.3796
    2.9018   -2.0281   -2.2512   15.9517    3.9120  -17.2890
eta,q 0.97552  9.70566
  0.0273  0.0270  0.0256  0.0266  0.0267  0.0265  0.0268  0.0281  0.0261  0.0268  0.0255  0.0255
  0.0257  0.0256  0.0249  0.0256  0.0255  0.0255  0.0256  0.0263  0.0252  0.0255  0.0250  0.0250
  0.0248  0.0248  0.0246  0.0249  0.0248  0.0249  0.0248  0.0250  0.0247  0.0247  0.0246  0.0246
  0.0245  0.0245  0.0245  0.0245  0.0245  0.0245  0.0245  0.0245  0.0245  0.0245  0.0245  0.0245
  0.0248  0.0247  0.0247  0.0246  0.0247  0.0245  0.0248  0.0249  0.0247  0.0248  0.0246  0.0246
  0.0258  0.0253  0.0253  0.0252  0.0256  0.0254  0.0255  0.0262  0.0253  0.0255  0.0249  0.0250
  0.0273  0.0263  0.0261  0.0263  0.0268  0.0274  0.0267  0.0284  0.0262  0.0266  0.0255  0.0256
niter,ni,del,rscale     3    3    5.0000    1.2000
parameters
    0.5808   14.1981    9.1597   -1.1956   -9.6480   -6.5220
    2.9335   -2.0247   -2.2471   16.0298    3.9533  -17.4093
eta,q 0.97550  9.70301
  0.0273  0.0267  0.0257  0.0264  0.0267  0.0265  0.0268  0.0282  0.0261  0.0268  0.0255  0.0256
  0.0258  0.0254  0.0250  0.0255  0.0256  0.0256  0.0256  0.0263  0.0252  0.0255  0.0250  0.0250
  0.0248  0.0247  0.0246  0.0248  0.0248  0.0249  0.0248  0.0250  0.0247  0.0247  0.0246  0.0246
  0.0245  0.0245  0.0245  0.0245  0.0245  0.0245  0.0245  0.0245  0.0245  0.0245  0.0245  0.0245
  0.0248  0.0247  0.0247  0.0247  0.0247  0.0245  0.0248  0.0249  0.0247  0.0248  0.0246  0.0247
  0.0258  0.0254  0.0252  0.0254  0.0256  0.0253  0.0256  0.0262  0.0252  0.0255  0.0249  0.0251
  0.0273  0.0265  0.0260  0.0265  0.0268  0.0272  0.0267  0.0283  0.0261  0.0266  0.0255  0.0256
niter,ni,del,rscale     2    3    5.0000    1.2000
parameters
    0.5855   14.2157    9.0966   -1.1784   -9.6483   -6.5860
    2.9344   -2.0174   -2.2456   16.0858    3.9679  -17.4884
eta,q 0.97550  9.70177
  0.0273  0.0267  0.0258  0.0264  0.0267  0.0266  0.0267  0.0282  0.0261  0.0268  0.0255  0.0256
  0.0258  0.0254  0.0250  0.0255  0.0256  0.0256  0.0256  0.0263  0.0252  0.0255  0.0250  0.0250
  0.0248  0.0247  0.0246  0.0248  0.0248  0.0249  0.0248  0.0250  0.0247  0.0247  0.0246  0.0246
  0.0245  0.0245  0.0245  0.0245  0.0245  0.0245  0.0245  0.0245  0.0245  0.0245  0.0245  0.0245
  0.0248  0.0248  0.0247  0.0247  0.0247  0.0245  0.0248  0.0249  0.0247  0.0248  0.0246  0.0247
  0.0258  0.0255  0.0252  0.0254  0.0256  0.0253  0.0256  0.0262  0.0253  0.0255  0.0249  0.0251
  0.0273  0.0265  0.0259  0.0266  0.0268  0.0271  0.0267  0.0283  0.0261  0.0266  0.0255  0.0256
niter,ni,del,rscale     1    3    5.0000    1.2000
parameters
    0.5883   14.2297    9.0688   -1.1758   -9.6547   -6.6129
    2.9335   -2.0155   -2.2472   16.1210    3.9745  -17.5345
eta,q 0.97550  9.70109
  0.0273  0.0267  0.0258  0.0264  0.0267  0.0266  0.0267  0.0282  0.0261  0.0267  0.0255  0.0256
  0.0258  0.0254  0.0251  0.0255  0.0256  0.0256  0.0256  0.0264  0.0252  0.0255  0.0250  0.0250
  0.0248  0.0247  0.0246  0.0249  0.0248  0.0249  0.0248  0.0251  0.0247  0.0247  0.0246  0.0246
  0.0245  0.0245  0.0245  0.0245  0.0245  0.0245  0.0245  0.0245  0.0245  0.0245  0.0245  0.0245
  0.0248  0.0248  0.0247  0.0247  0.0247  0.0245  0.0248  0.0249  0.0247  0.0248  0.0246  0.0247
  0.0258  0.0255  0.0252  0.0254  0.0256  0.0253  0.0256  0.0262  0.0253  0.0255  0.0249  0.0250
  0.0273  0.0265  0.0259  0.0266  0.0268  0.0270  0.0267  0.0283  0.0261  0.0266  0.0255  0.0256
registration optimization eta report
parameter search radius
    2.4000    2.4000    2.4000    7.2000    8.2800    7.2000
    7.2000    7.2000    7.2000    7.2000    7.2000    7.2000
100000*second partial in parameter space
       49.       36.       24.        4.        3.        5.
        4.        7.        3.        4.        2.        2.
  0.0273  0.0267  0.0258  0.0264  0.0267  0.0266  0.0267  0.0282  0.0261  0.0267  0.0255  0.0256
  0.0258  0.0254  0.0251  0.0255  0.0256  0.0256  0.0256  0.0264  0.0252  0.0255  0.0250  0.0250
  0.0248  0.0247  0.0246  0.0249  0.0248  0.0249  0.0248  0.0251  0.0247  0.0247  0.0246  0.0246
  0.0245  0.0245  0.0245  0.0245  0.0245  0.0245  0.0245  0.0245  0.0245  0.0245  0.0245  0.0245
  0.0248  0.0248  0.0247  0.0247  0.0247  0.0245  0.0248  0.0249  0.0247  0.0248  0.0246  0.0247
  0.0258  0.0255  0.0252  0.0254  0.0256  0.0253  0.0256  0.0262  0.0253  0.0255  0.0249  0.0250
  0.0273  0.0265  0.0259  0.0266  0.0268  0.0270  0.0267  0.0283  0.0261  0.0266  0.0255  0.0256
    0.5883   14.2297    9.0688   -1.1758   -9.6547   -6.6129
    2.9335   -2.0155   -2.2472   16.1210    3.9745  -17.5345
eta,q 0.97550  9.70109

---------------------------------------------------------------------
imgreg_4dfp /opt/freesurfer/average/711-2C_as_mni_average_305 /opt/freesurfer/average/711-2B_as_mni_average_305_mask talsrcimg_g11 none talsrcimg_to_711-2C_as_mni_average_305_t4 2311
---------------------------------------------------------------------

freesurfer imgreg_4dfp.c
/opt/freesurfer/average/711-2C_as_mni_average_305.4dfp.img
       256       256       256         1
  1.000000  1.000000  1.000000
orientation T byte_order littleendian
Reading image: /opt/freesurfer/average/711-2C_as_mni_average_305.4dfp.img
dimensions:      256       256       256
mmppix:       1.0000   -1.0000   -1.0000
center:     128.0000 -129.0000 -129.0000
/opt/freesurfer/average/711-2B_as_mni_average_305_mask.4dfp.img
       256       256       256         1
  1.000000  1.000000  1.000000
orientation T byte_order littleendian
Reading mask: /opt/freesurfer/average/711-2B_as_mni_average_305_mask.4dfp.img (2306576 pixels)
talsrcimg_g11.4dfp.img
       256       256       256         1
  1.000000  1.000000  1.000000
orientation T byte_order littleendian
Reading image: talsrcimg_g11.4dfp.img
dimensions:      256       256       256
mmppix:       1.0000   -1.0000   -1.0000
center:     128.0000 -129.0000 -129.0000
fimgreg.f
image alignment mode   2311 decimal      907 hex
parameters
    0.5883   14.2297    9.0688   -1.1758   -9.6547   -6.6129
    2.9335   -2.0155   -2.2472   16.1210    3.9745  -17.5345
eta,q 0.97550  9.70109
niter,ni,del,rscale     5    3    5.0000    0.8000
parameters
    0.5887   14.1894    9.0314   -0.9481   -9.5474   -6.0550
    2.9117   -1.9345   -2.2985   15.9990    3.9863  -17.6900
eta,q 0.97556  9.73766
  0.0258  0.0254  0.0251  0.0255  0.0254  0.0256  0.0255  0.0263  0.0252  0.0254  0.0249  0.0249
  0.0251  0.0249  0.0248  0.0251  0.0249  0.0251  0.0249  0.0253  0.0248  0.0249  0.0247  0.0247
  0.0247  0.0246  0.0246  0.0247  0.0246  0.0247  0.0246  0.0247  0.0245  0.0245  0.0245  0.0245
  0.0245  0.0245  0.0245  0.0245  0.0245  0.0245  0.0244  0.0244  0.0244  0.0244  0.0244  0.0244
  0.0247  0.0246  0.0246  0.0246  0.0246  0.0244  0.0246  0.0246  0.0245  0.0246  0.0245  0.0245
  0.0251  0.0250  0.0248  0.0249  0.0248  0.0247  0.0249  0.0252  0.0248  0.0250  0.0246  0.0247
  0.0258  0.0255  0.0251  0.0254  0.0253  0.0253  0.0255  0.0262  0.0252  0.0255  0.0249  0.0250
niter,ni,del,rscale     4    3    5.0000    0.7000
parameters
    0.6051   14.1566    9.1980   -0.9919   -9.5322   -5.6630
    2.9001   -1.9243   -2.3283   15.9620    3.9414  -17.5952
eta,q 0.97559  9.75245
  0.0255  0.0251  0.0251  0.0252  0.0251  0.0253  0.0252  0.0258  0.0250  0.0252  0.0248  0.0248
  0.0249  0.0247  0.0247  0.0248  0.0248  0.0249  0.0248  0.0251  0.0247  0.0248  0.0246  0.0246
  0.0246  0.0245  0.0245  0.0245  0.0245  0.0246  0.0245  0.0246  0.0245  0.0245  0.0244  0.0245
  0.0244  0.0244  0.0244  0.0244  0.0244  0.0244  0.0244  0.0244  0.0244  0.0244  0.0244  0.0244
  0.0245  0.0245  0.0245  0.0245  0.0245  0.0244  0.0245  0.0246  0.0245  0.0245  0.0245  0.0244
  0.0249  0.0248  0.0246  0.0248  0.0247  0.0246  0.0248  0.0251  0.0247  0.0248  0.0246  0.0246
  0.0254  0.0252  0.0248  0.0253  0.0251  0.0252  0.0252  0.0258  0.0250  0.0253  0.0248  0.0248
niter,ni,del,rscale     3    3    5.0000    0.6000
parameters
    0.6028   14.1298    9.3422   -1.0196   -9.5484   -5.3315
    2.8920   -1.9416   -2.3467   15.8752    3.9076  -17.4753
eta,q 0.97562  9.76342
  0.0252  0.0249  0.0249  0.0250  0.0249  0.0251  0.0250  0.0254  0.0248  0.0250  0.0247  0.0247
  0.0247  0.0246  0.0246  0.0247  0.0246  0.0248  0.0247  0.0249  0.0246  0.0246  0.0245  0.0245
  0.0245  0.0245  0.0245  0.0245  0.0245  0.0246  0.0245  0.0245  0.0244  0.0244  0.0244  0.0244
  0.0244  0.0244  0.0244  0.0244  0.0244  0.0244  0.0244  0.0244  0.0244  0.0244  0.0244  0.0244
  0.0245  0.0245  0.0244  0.0245  0.0245  0.0244  0.0245  0.0245  0.0244  0.0245  0.0244  0.0244
  0.0247  0.0247  0.0245  0.0247  0.0246  0.0246  0.0247  0.0249  0.0246  0.0247  0.0245  0.0245
  0.0252  0.0250  0.0247  0.0250  0.0249  0.0250  0.0250  0.0255  0.0248  0.0250  0.0247  0.0247
niter,ni,del,rscale     2    3    5.0000    0.5000
parameters
    0.5944   14.1039    9.4553   -1.0165   -9.5489   -5.0608
    2.8902   -1.9549   -2.3752   15.7678    3.8767  -17.3597
eta,q 0.97564  9.77334
  0.0249  0.0247  0.0247  0.0248  0.0247  0.0249  0.0248  0.0251  0.0247  0.0248  0.0246  0.0246
  0.0246  0.0245  0.0245  0.0246  0.0245  0.0247  0.0246  0.0247  0.0245  0.0245  0.0244  0.0245
  0.0244  0.0244  0.0244  0.0244  0.0244  0.0245  0.0244  0.0245  0.0244  0.0244  0.0244  0.0244
  0.0244  0.0244  0.0244  0.0244  0.0244  0.0244  0.0244  0.0244  0.0244  0.0244  0.0244  0.0244
  0.0244  0.0244  0.0244  0.0244  0.0244  0.0244  0.0244  0.0244  0.0244  0.0244  0.0244  0.0244
  0.0246  0.0246  0.0245  0.0246  0.0245  0.0245  0.0246  0.0247  0.0245  0.0246  0.0245  0.0244
  0.0249  0.0248  0.0246  0.0248  0.0247  0.0248  0.0248  0.0251  0.0247  0.0248  0.0246  0.0246
niter,ni,del,rscale     1    3    5.0000    0.4000
parameters
    0.5846   14.0752    9.5493   -1.0166   -9.5640   -4.8295
    2.8859   -1.9720   -2.3891   15.6818    3.8360  -17.2512
eta,q 0.97565  9.78099
  0.0247  0.0246  0.0246  0.0246  0.0246  0.0247  0.0246  0.0248  0.0245  0.0246  0.0245  0.0245
  0.0245  0.0245  0.0245  0.0245  0.0245  0.0246  0.0245  0.0246  0.0244  0.0245  0.0244  0.0244
  0.0244  0.0244  0.0244  0.0244  0.0244  0.0244  0.0244  0.0244  0.0244  0.0244  0.0244  0.0244
  0.0244  0.0244  0.0244  0.0244  0.0244  0.0244  0.0243  0.0243  0.0243  0.0243  0.0244  0.0243
  0.0244  0.0244  0.0244  0.0244  0.0244  0.0244  0.0244  0.0244  0.0244  0.0244  0.0244  0.0244
  0.0245  0.0245  0.0244  0.0245  0.0245  0.0244  0.0245  0.0246  0.0244  0.0245  0.0244  0.0244
  0.0247  0.0246  0.0245  0.0247  0.0246  0.0246  0.0246  0.0249  0.0246  0.0247  0.0245  0.0245
registration optimization eta report
parameter search radius
    0.8000    0.8000    0.8000    2.4000    2.4000    2.4000
    2.4000    2.4000    2.4000    2.4000    2.4000    2.4000
100000*second partial in parameter space
       53.       38.       27.        5.        4.        6.
        5.        9.        3.        5.        2.        2.
  0.0247  0.0246  0.0246  0.0246  0.0246  0.0247  0.0246  0.0248  0.0245  0.0246  0.0245  0.0245
  0.0245  0.0245  0.0245  0.0245  0.0245  0.0246  0.0245  0.0246  0.0244  0.0245  0.0244  0.0244
  0.0244  0.0244  0.0244  0.0244  0.0244  0.0244  0.0244  0.0244  0.0244  0.0244  0.0244  0.0244
  0.0244  0.0244  0.0244  0.0244  0.0244  0.0244  0.0243  0.0243  0.0243  0.0243  0.0244  0.0243
  0.0244  0.0244  0.0244  0.0244  0.0244  0.0244  0.0244  0.0244  0.0244  0.0244  0.0244  0.0244
  0.0245  0.0245  0.0244  0.0245  0.0245  0.0244  0.0245  0.0246  0.0244  0.0245  0.0244  0.0244
  0.0247  0.0246  0.0245  0.0247  0.0246  0.0246  0.0246  0.0249  0.0246  0.0247  0.0245  0.0245
    0.5846   14.0752    9.5493   -1.0166   -9.5640   -4.8295
    2.8859   -1.9720   -2.3891   15.6818    3.8360  -17.2512
eta,q 0.97565  9.78099

---------------------------------------------------------------------
imgreg_4dfp /opt/freesurfer/average/711-2C_as_mni_average_305 /opt/freesurfer/average/711-2B_as_mni_average_305_mask talsrcimg_g11 none talsrcimg_to_711-2C_as_mni_average_305_t4 2311
---------------------------------------------------------------------

freesurfer imgreg_4dfp.c
/opt/freesurfer/average/711-2C_as_mni_average_305.4dfp.img
       256       256       256         1
  1.000000  1.000000  1.000000
orientation T byte_order littleendian
Reading image: /opt/freesurfer/average/711-2C_as_mni_average_305.4dfp.img
dimensions:      256       256       256
mmppix:       1.0000   -1.0000   -1.0000
center:     128.0000 -129.0000 -129.0000
/opt/freesurfer/average/711-2B_as_mni_average_305_mask.4dfp.img
       256       256       256         1
  1.000000  1.000000  1.000000
orientation T byte_order littleendian
Reading mask: /opt/freesurfer/average/711-2B_as_mni_average_305_mask.4dfp.img (2306576 pixels)
talsrcimg_g11.4dfp.img
       256       256       256         1
  1.000000  1.000000  1.000000
orientation T byte_order littleendian
Reading image: talsrcimg_g11.4dfp.img
dimensions:      256       256       256
mmppix:       1.0000   -1.0000   -1.0000
center:     128.0000 -129.0000 -129.0000
fimgreg.f
image alignment mode   2311 decimal      907 hex
parameters
    0.5846   14.0752    9.5493   -1.0166   -9.5640   -4.8295
    2.8859   -1.9720   -2.3891   15.6818    3.8360  -17.2512
eta,q 0.97565  9.78099
niter,ni,del,rscale     5    3    5.0000    0.8000
parameters
    0.5798   14.0909    9.6312   -1.1936   -9.6593   -5.2320
    2.9104   -1.9839   -2.3568   15.7781    3.8793  -17.1884
eta,q 0.97562  9.75433
  0.0257  0.0254  0.0251  0.0253  0.0252  0.0253  0.0255  0.0262  0.0252  0.0255  0.0249  0.0249
  0.0249  0.0248  0.0247  0.0248  0.0247  0.0249  0.0249  0.0253  0.0247  0.0249  0.0246  0.0246
  0.0245  0.0244  0.0245  0.0245  0.0244  0.0246  0.0245  0.0246  0.0245  0.0245  0.0244  0.0244
  0.0244  0.0244  0.0244  0.0243  0.0243  0.0243  0.0244  0.0244  0.0244  0.0244  0.0244  0.0244
  0.0245  0.0245  0.0244  0.0245  0.0244  0.0245  0.0245  0.0246  0.0245  0.0245  0.0244  0.0244
  0.0250  0.0248  0.0246  0.0249  0.0248  0.0250  0.0249  0.0252  0.0247  0.0249  0.0246  0.0246
  0.0257  0.0253  0.0250  0.0255  0.0253  0.0260  0.0254  0.0263  0.0251  0.0254  0.0249  0.0249
niter,ni,del,rscale     4    3    5.0000    0.7000
parameters
    0.5738   14.0942    9.5206   -1.0961   -9.6086   -5.2593
    2.8977   -1.9773   -2.3580   15.7606    3.8855  -17.2633
eta,q 0.97563  9.75910
  0.0254  0.0251  0.0248  0.0252  0.0251  0.0252  0.0252  0.0258  0.0250  0.0252  0.0248  0.0248
  0.0248  0.0247  0.0245  0.0248  0.0247  0.0249  0.0248  0.0250  0.0246  0.0247  0.0245  0.0246
  0.0245  0.0244  0.0244  0.0245  0.0245  0.0246  0.0245  0.0246  0.0244  0.0245  0.0244  0.0244
  0.0244  0.0244  0.0244  0.0244  0.0244  0.0244  0.0244  0.0244  0.0244  0.0244  0.0244  0.0244
  0.0245  0.0245  0.0245  0.0244  0.0244  0.0244  0.0245  0.0245  0.0244  0.0245  0.0244  0.0244
  0.0248  0.0247  0.0247  0.0247  0.0247  0.0247  0.0248  0.0250  0.0246  0.0248  0.0245  0.0246
  0.0254  0.0251  0.0250  0.0251  0.0250  0.0254  0.0252  0.0258  0.0250  0.0252  0.0248  0.0248
niter,ni,del,rscale     3    3    5.0000    0.6000
parameters
    0.5743   14.0883    9.5040   -1.0542   -9.5642   -5.1390
    2.9031   -1.9788   -2.3796   15.7316    3.8860  -17.2799
eta,q 0.97564  9.76735
  0.0251  0.0249  0.0247  0.0250  0.0249  0.0251  0.0250  0.0254  0.0248  0.0250  0.0246  0.0247
  0.0247  0.0246  0.0245  0.0247  0.0246  0.0248  0.0246  0.0249  0.0246  0.0246  0.0245  0.0245
  0.0245  0.0244  0.0244  0.0245  0.0244  0.0245  0.0244  0.0245  0.0244  0.0244  0.0244  0.0244
  0.0244  0.0244  0.0244  0.0244  0.0244  0.0244  0.0244  0.0244  0.0244  0.0244  0.0244  0.0244
  0.0245  0.0244  0.0244  0.0244  0.0244  0.0244  0.0244  0.0245  0.0244  0.0244  0.0244  0.0244
  0.0247  0.0246  0.0245  0.0246  0.0246  0.0246  0.0246  0.0248  0.0246  0.0247  0.0245  0.0245
  0.0251  0.0249  0.0248  0.0250  0.0249  0.0251  0.0250  0.0255  0.0248  0.0250  0.0246  0.0247
niter,ni,del,rscale     2    3    5.0000    0.5000
parameters
    0.5792   14.0682    9.5443   -1.0429   -9.5329   -4.9490
    2.9029   -1.9762   -2.3996   15.6825    3.8662  -17.2481
eta,q 0.97565  9.77635
  0.0249  0.0247  0.0247  0.0248  0.0247  0.0249  0.0248  0.0251  0.0247  0.0248  0.0246  0.0246
  0.0246  0.0245  0.0245  0.0246  0.0245  0.0247  0.0246  0.0247  0.0245  0.0245  0.0244  0.0245
  0.0244  0.0244  0.0244  0.0244  0.0244  0.0245  0.0244  0.0244  0.0244  0.0244  0.0244  0.0244
  0.0244  0.0244  0.0244  0.0244  0.0244  0.0244  0.0244  0.0244  0.0244  0.0244  0.0244  0.0244
  0.0244  0.0244  0.0244  0.0244  0.0244  0.0244  0.0244  0.0244  0.0244  0.0244  0.0244  0.0244
  0.0246  0.0245  0.0245  0.0246  0.0245  0.0245  0.0246  0.0247  0.0245  0.0246  0.0244  0.0244
  0.0249  0.0248  0.0246  0.0248  0.0247  0.0248  0.0248  0.0251  0.0247  0.0248  0.0246  0.0246
niter,ni,del,rscale     1    3    5.0000    0.4000
parameters
    0.5789   14.0538    9.6056   -1.0245   -9.5639   -4.7560
    2.8920   -1.9785   -2.3845   15.6300    3.8274  -17.1864
eta,q 0.97566  9.78292
  0.0247  0.0246  0.0246  0.0246  0.0246  0.0247  0.0246  0.0248  0.0245  0.0246  0.0245  0.0245
  0.0245  0.0244  0.0245  0.0245  0.0244  0.0246  0.0245  0.0246  0.0244  0.0245  0.0244  0.0244
  0.0244  0.0244  0.0244  0.0244  0.0244  0.0244  0.0244  0.0244  0.0244  0.0244  0.0244  0.0244
  0.0244  0.0244  0.0243  0.0243  0.0244  0.0244  0.0243  0.0243  0.0243  0.0243  0.0243  0.0243
  0.0244  0.0244  0.0244  0.0244  0.0244  0.0244  0.0244  0.0244  0.0244  0.0244  0.0244  0.0244
  0.0245  0.0245  0.0244  0.0245  0.0244  0.0245  0.0245  0.0246  0.0244  0.0245  0.0244  0.0244
  0.0247  0.0246  0.0245  0.0246  0.0246  0.0247  0.0246  0.0249  0.0245  0.0246  0.0245  0.0245
registration optimization eta report
parameter search radius
    0.8000    0.8000    0.8000    2.4000    2.4000    2.4000
    2.4000    2.4000    2.4000    2.4000    2.4000    2.4000
100000*second partial in parameter space
       53.       39.       28.        5.        4.        6.
        5.        9.        3.        5.        2.        2.
  0.0247  0.0246  0.0246  0.0246  0.0246  0.0247  0.0246  0.0248  0.0245  0.0246  0.0245  0.0245
  0.0245  0.0244  0.0245  0.0245  0.0244  0.0246  0.0245  0.0246  0.0244  0.0245  0.0244  0.0244
  0.0244  0.0244  0.0244  0.0244  0.0244  0.0244  0.0244  0.0244  0.0244  0.0244  0.0244  0.0244
  0.0244  0.0244  0.0243  0.0243  0.0244  0.0244  0.0243  0.0243  0.0243  0.0243  0.0243  0.0243
  0.0244  0.0244  0.0244  0.0244  0.0244  0.0244  0.0244  0.0244  0.0244  0.0244  0.0244  0.0244
  0.0245  0.0245  0.0244  0.0245  0.0244  0.0245  0.0245  0.0246  0.0244  0.0245  0.0244  0.0244
  0.0247  0.0246  0.0245  0.0246  0.0246  0.0247  0.0246  0.0249  0.0245  0.0246  0.0245  0.0245
    0.5789   14.0538    9.6056   -1.0245   -9.5639   -4.7560
    2.8920   -1.9785   -2.3845   15.6300    3.8274  -17.1864
eta,q 0.97566  9.78292

---------------------------------------------------------------------
compute_vox2vox talsrcimg talsrcimg_to_711-2C_as_mni_average_305_t4 /opt/freesurfer/average/711-2C_as_mni_average_305
---------------------------------------------------------------------

freesurfer compute_vox2vox.c
Reading: talsrcimg.4dfp.ifh
Reading: talsrcimg_to_711-2C_as_mni_average_305_t4
Reading: /opt/freesurfer/average/711-2C_as_mni_average_305.4dfp.ifh
Writing: talsrcimg_to_711-2C_as_mni_average_305_t4_vox2vox.txt

start time Sun Mar 8 16:10:38 CET 2026
end		time Sun Mar 8 16:10:51 CET 2026

mpr2mni305 success

avi2talxfm orig_nu.mgz /opt/freesurfer/average/mni305.cor.mgz talsrcimg_to_711-2C_as_mni_average_305_t4_vox2vox.txt transforms/talairach.auto.xfm
avi2talxfm done
mv -f /out/sourcedata/freesurfer/sub-v1s13x0050029_ses-1/mri/talsrcimg_to_711-2C_as_mni_average_305_t4_vox2vox.txt /out/sourcedata/freesurfer/sub-v1s13x0050029_ses-1/mri/transforms/talsrcimg_to_711-2C_as_mni_average_305_t4_vox2vox.txt
lta_convert --src orig_nu.mgz --trg /opt/freesurfer/average/mni305.cor.mgz --inxfm transforms/talairach.auto.xfm --outlta transforms/talairach.auto.xfm.lta --subject fsaverage
7.3.2

--src: orig_nu.mgz src image (geometry).
--trg: /opt/freesurfer/average/mni305.cor.mgz trg image (geometry).
--inmni: transforms/talairach.auto.xfm input MNI/XFM transform.
--outlta: transforms/talairach.auto.xfm.lta output LTA.
--s: fsaverage subject name
 LTA read, type : 1
 1.00871   0.02545  -0.02742   1.93484;
-0.03466   1.01731   0.19444  -10.12081;
 0.03259  -0.17515   1.07143  -10.15889;
 0.00000   0.00000   0.00000   1.00000;
setting subject to fsaverage
Writing  LTA to file transforms/talairach.auto.xfm.lta...
lta_convert successful.
 
 
Started at Sun Mar 8 16:10:38 CET 2026
Ended   at Sun Mar  8 16:10:52 CET 2026
talairach_avi done
