status file for recon-all
Sun Mar  8 18:27:41 CET 2026
#@# Tessellate lh Sun Mar  8 18:27:41 CET 2026
#@# Smooth1 lh Sun Mar  8 18:27:45 CET 2026
#@# Inflation1 lh Sun Mar  8 18:27:48 CET 2026
#@# QSphere lh Sun Mar  8 18:28:01 CET 2026
#@# Fix Topology lh Sun Mar  8 18:29:04 CET 2026
#@# Smooth2 lh Sun Mar  8 18:41:44 CET 2026
#@# Inflation2 lh Sun Mar  8 18:41:47 CET 2026
#@# Curv .H and .K lh Sun Mar  8 18:41:59 CET 2026
#@# Sphere lh Sun Mar  8 18:42:54 CET 2026
#@# Surf Reg lh Sun Mar  8 18:47:45 CET 2026
#@# Jacobian white lh Sun Mar  8 18:52:26 CET 2026
#@# AvgCurv lh Sun Mar  8 18:52:27 CET 2026
#@# Cortical Parc lh Sun Mar  8 18:52:28 CET 2026
#@# white curv lh Sun Mar  8 18:59:27 CET 2026
#@# white area lh Sun Mar  8 18:59:28 CET 2026
#@# pial curv lh Sun Mar  8 18:59:29 CET 2026
#@# pial area lh Sun Mar  8 18:59:31 CET 2026
#@# thickness lh Sun Mar  8 18:59:31 CET 2026
#@# area and vertex vol lh Sun Mar  8 19:00:06 CET 2026
#@# Curvature Stats lh Sun Mar  8 19:00:07 CET 2026
#@# Cortical Parc 2 lh Sun Mar  8 19:00:10 CET 2026
#@# Cortical Parc 3 lh Sun Mar  8 19:00:24 CET 2026
#@# WM/GM Contrast lh Sun Mar  8 19:00:35 CET 2026
recon-all -s sub-v1s13x0050050_ses-1 finished without error at Sun Mar  8 19:00:38 CET 2026



#New# invocation of recon-all 



status file for recon-all
Sun Mar  8 19:45:55 CET 2026
#@# white curv lh Sun Mar  8 19:45:56 CET 2026
#@# white area lh Sun Mar  8 19:45:56 CET 2026
#@# pial curv lh Sun Mar  8 19:45:56 CET 2026
#@# pial area lh Sun Mar  8 19:45:56 CET 2026
#@# thickness lh Sun Mar  8 19:45:56 CET 2026
#@# area and vertex vol lh Sun Mar  8 19:45:56 CET 2026
#@# Parcellation Stats lh Sun Mar  8 19:45:56 CET 2026
#@# Parcellation Stats 2 lh Sun Mar  8 19:46:20 CET 2026
#@# Parcellation Stats 3 lh Sun Mar  8 19:46:32 CET 2026
#@# BA_exvivo Labels lh Sun Mar  8 19:46:44 CET 2026
recon-all -s sub-v1s13x0050050_ses-1 finished without error at Sun Mar  8 19:49:26 CET 2026
