status file for recon-all
Sun Mar  8 19:00:40 CET 2026
#@# Tessellate rh Sun Mar  8 19:00:40 CET 2026
#@# Smooth1 rh Sun Mar  8 19:00:44 CET 2026
#@# Inflation1 rh Sun Mar  8 19:00:47 CET 2026
#@# QSphere rh Sun Mar  8 19:00:58 CET 2026
#@# Fix Topology rh Sun Mar  8 19:02:00 CET 2026
#@# Smooth2 rh Sun Mar  8 19:17:21 CET 2026
#@# Inflation2 rh Sun Mar  8 19:17:24 CET 2026
#@# Curv .H and .K rh Sun Mar  8 19:17:36 CET 2026
#@# Sphere rh Sun Mar  8 19:18:32 CET 2026
#@# Surf Reg rh Sun Mar  8 19:23:10 CET 2026
#@# Jacobian white rh Sun Mar  8 19:30:05 CET 2026
#@# AvgCurv rh Sun Mar  8 19:30:06 CET 2026
#@# Cortical Parc rh Sun Mar  8 19:30:06 CET 2026
#@# white curv rh Sun Mar  8 19:37:22 CET 2026
#@# white area rh Sun Mar  8 19:37:25 CET 2026
#@# pial curv rh Sun Mar  8 19:37:25 CET 2026
#@# pial area rh Sun Mar  8 19:37:27 CET 2026
#@# thickness rh Sun Mar  8 19:37:28 CET 2026
#@# area and vertex vol rh Sun Mar  8 19:38:02 CET 2026
#@# Curvature Stats rh Sun Mar  8 19:38:04 CET 2026
#@# Cortical Parc 2 rh Sun Mar  8 19:38:06 CET 2026
#@# Cortical Parc 3 rh Sun Mar  8 19:38:21 CET 2026
#@# WM/GM Contrast rh Sun Mar  8 19:38:32 CET 2026
recon-all -s sub-v1s13x0050050_ses-1 finished without error at Sun Mar  8 19:38:36 CET 2026



#New# invocation of recon-all 



status file for recon-all
Sun Mar  8 19:49:28 CET 2026
#@# white curv rh Sun Mar  8 19:49:28 CET 2026
#@# white area rh Sun Mar  8 19:49:28 CET 2026
#@# pial curv rh Sun Mar  8 19:49:28 CET 2026
#@# pial area rh Sun Mar  8 19:49:28 CET 2026
#@# thickness rh Sun Mar  8 19:49:28 CET 2026
#@# area and vertex vol rh Sun Mar  8 19:49:28 CET 2026
#@# Parcellation Stats rh Sun Mar  8 19:49:28 CET 2026
#@# Parcellation Stats 2 rh Sun Mar  8 19:49:52 CET 2026
#@# Parcellation Stats 3 rh Sun Mar  8 19:50:04 CET 2026
#@# BA_exvivo Labels rh Sun Mar  8 19:50:16 CET 2026
recon-all -s sub-v1s13x0050050_ses-1 finished without error at Sun Mar  8 19:52:58 CET 2026
