status file for recon-all
Sun Mar  8 18:31:09 CET 2026
#@# Tessellate lh Sun Mar  8 18:31:09 CET 2026
#@# Smooth1 lh Sun Mar  8 18:31:13 CET 2026
#@# Inflation1 lh Sun Mar  8 18:31:15 CET 2026
#@# QSphere lh Sun Mar  8 18:31:28 CET 2026
#@# Fix Topology lh Sun Mar  8 18:32:30 CET 2026
#@# Smooth2 lh Sun Mar  8 18:55:20 CET 2026
#@# Inflation2 lh Sun Mar  8 18:55:23 CET 2026
#@# Curv .H and .K lh Sun Mar  8 18:55:36 CET 2026
#@# Sphere lh Sun Mar  8 18:56:18 CET 2026
#@# Surf Reg lh Sun Mar  8 19:01:54 CET 2026
#@# Jacobian white lh Sun Mar  8 19:07:45 CET 2026
#@# AvgCurv lh Sun Mar  8 19:07:46 CET 2026
#@# Cortical Parc lh Sun Mar  8 19:07:47 CET 2026
#@# white curv lh Sun Mar  8 19:13:36 CET 2026
#@# white area lh Sun Mar  8 19:13:38 CET 2026
#@# pial curv lh Sun Mar  8 19:13:39 CET 2026
#@# pial area lh Sun Mar  8 19:13:40 CET 2026
#@# thickness lh Sun Mar  8 19:13:41 CET 2026
#@# area and vertex vol lh Sun Mar  8 19:14:08 CET 2026
#@# Curvature Stats lh Sun Mar  8 19:14:10 CET 2026
#@# Cortical Parc 2 lh Sun Mar  8 19:14:12 CET 2026
#@# Cortical Parc 3 lh Sun Mar  8 19:14:24 CET 2026
#@# WM/GM Contrast lh Sun Mar  8 19:14:33 CET 2026
recon-all -s sub-v1s13x0050053_ses-1 finished without error at Sun Mar  8 19:14:36 CET 2026



#New# invocation of recon-all 



status file for recon-all
Sun Mar  8 19:49:41 CET 2026
#@# white curv lh Sun Mar  8 19:49:41 CET 2026
#@# white area lh Sun Mar  8 19:49:41 CET 2026
#@# pial curv lh Sun Mar  8 19:49:41 CET 2026
#@# pial area lh Sun Mar  8 19:49:41 CET 2026
#@# thickness lh Sun Mar  8 19:49:41 CET 2026
#@# area and vertex vol lh Sun Mar  8 19:49:41 CET 2026
#@# Parcellation Stats lh Sun Mar  8 19:49:41 CET 2026
#@# Parcellation Stats 2 lh Sun Mar  8 19:49:56 CET 2026
#@# Parcellation Stats 3 lh Sun Mar  8 19:50:04 CET 2026
#@# BA_exvivo Labels lh Sun Mar  8 19:50:12 CET 2026
recon-all -s sub-v1s13x0050053_ses-1 finished without error at Sun Mar  8 19:52:29 CET 2026
