status file for recon-all
Sun Mar  8 16:46:47 CET 2026
#@# MotionCor Sun Mar  8 16:46:50 CET 2026
#@# Talairach Sun Mar  8 16:46:58 CET 2026
#@# Talairach Failure Detection Sun Mar  8 16:51:24 CET 2026
#@# Nu Intensity Correction Sun Mar  8 16:51:24 CET 2026
#@# Intensity Normalization Sun Mar  8 16:54:41 CET 2026
recon-all -s sub-v1s13x0050052_ses-1 finished without error at Sun Mar  8 16:56:01 CET 2026



#New# invocation of recon-all 



status file for recon-all
Sun Mar  8 17:02:43 CET 2026
#@# EM Registration Sun Mar  8 17:02:43 CET 2026
recon-all -s sub-v1s13x0050052_ses-1 finished without error at Sun Mar  8 17:04:21 CET 2026



#New# invocation of recon-all 



status file for recon-all
Sun Mar  8 17:04:25 CET 2026
#@# CA Normalize Sun Mar  8 17:04:25 CET 2026
#@# CA Reg Sun Mar  8 17:05:45 CET 2026
#@# SubCort Seg Sun Mar  8 17:50:38 CET 2026
#@# CC Seg Sun Mar  8 18:18:49 CET 2026
#@# Merge ASeg Sun Mar  8 18:19:21 CET 2026
#@# Intensity Normalization2 Sun Mar  8 18:19:21 CET 2026
#@# Mask BFS Sun Mar  8 18:21:23 CET 2026
#@# WM Segmentation Sun Mar  8 18:21:24 CET 2026
#@# Fill Sun Mar  8 18:23:06 CET 2026
recon-all -s sub-v1s13x0050052_ses-1 finished without error at Sun Mar  8 18:24:06 CET 2026



#New# invocation of recon-all 



status file for recon-all
Sun Mar  8 19:01:58 CET 2026
#@# white curv lh Sun Mar  8 19:01:58 CET 2026
#@# white area lh Sun Mar  8 19:01:58 CET 2026
#@# pial curv lh Sun Mar  8 19:01:58 CET 2026
#@# pial area lh Sun Mar  8 19:01:58 CET 2026
#@# thickness lh Sun Mar  8 19:01:58 CET 2026
#@# area and vertex vol lh Sun Mar  8 19:01:58 CET 2026
#@# white curv rh Sun Mar  8 19:01:58 CET 2026
#@# white area rh Sun Mar  8 19:01:58 CET 2026
#@# pial curv rh Sun Mar  8 19:01:58 CET 2026
#@# pial area rh Sun Mar  8 19:01:58 CET 2026
#@# thickness rh Sun Mar  8 19:01:58 CET 2026
#@# area and vertex vol rh Sun Mar  8 19:01:58 CET 2026
#@# Cortical ribbon mask Sun Mar  8 19:01:58 CET 2026
recon-all -s sub-v1s13x0050052_ses-1 finished without error at Sun Mar  8 19:06:12 CET 2026



#New# invocation of recon-all 



status file for recon-all
Sun Mar  8 19:11:04 CET 2026
#@# white curv lh Sun Mar  8 19:11:04 CET 2026
#@# white area lh Sun Mar  8 19:11:04 CET 2026
#@# pial curv lh Sun Mar  8 19:11:04 CET 2026
#@# pial area lh Sun Mar  8 19:11:04 CET 2026
#@# thickness lh Sun Mar  8 19:11:04 CET 2026
#@# area and vertex vol lh Sun Mar  8 19:11:04 CET 2026
#@# white curv rh Sun Mar  8 19:11:04 CET 2026
#@# white area rh Sun Mar  8 19:11:04 CET 2026
#@# pial curv rh Sun Mar  8 19:11:04 CET 2026
#@# pial area rh Sun Mar  8 19:11:04 CET 2026
#@# thickness rh Sun Mar  8 19:11:05 CET 2026
#@# area and vertex vol rh Sun Mar  8 19:11:05 CET 2026
#@# Curvature Stats lh Sun Mar  8 19:11:05 CET 2026
#@# Curvature Stats rh Sun Mar  8 19:11:06 CET 2026
#@# Relabel Hypointensities Sun Mar  8 19:11:08 CET 2026
#@# APas-to-ASeg Sun Mar  8 19:11:20 CET 2026
#@# AParc-to-ASeg aparc Sun Mar  8 19:11:26 CET 2026
#@# AParc-to-ASeg aparc.a2009s Sun Mar  8 19:11:41 CET 2026
#@# AParc-to-ASeg aparc.DKTatlas Sun Mar  8 19:11:54 CET 2026
#@# WMParc Sun Mar  8 19:12:08 CET 2026
#@# ASeg Stats Sun Mar  8 19:15:34 CET 2026
recon-all -s sub-v1s13x0050052_ses-1 finished without error at Sun Mar  8 19:16:03 CET 2026
