status file for recon-all
Sun Mar  8 18:41:28 CET 2026
#@# Tessellate rh Sun Mar  8 18:41:28 CET 2026
#@# Smooth1 rh Sun Mar  8 18:41:32 CET 2026
#@# Inflation1 rh Sun Mar  8 18:41:34 CET 2026
#@# QSphere rh Sun Mar  8 18:41:42 CET 2026
#@# Fix Topology rh Sun Mar  8 18:42:24 CET 2026
#@# Smooth2 rh Sun Mar  8 18:50:05 CET 2026
#@# Inflation2 rh Sun Mar  8 18:50:07 CET 2026
#@# Curv .H and .K rh Sun Mar  8 18:50:15 CET 2026
#@# Sphere rh Sun Mar  8 18:50:52 CET 2026
#@# Surf Reg rh Sun Mar  8 18:53:39 CET 2026
#@# Jacobian white rh Sun Mar  8 18:56:40 CET 2026
#@# AvgCurv rh Sun Mar  8 18:56:41 CET 2026
#@# Cortical Parc rh Sun Mar  8 18:56:41 CET 2026
#@# white curv rh Sun Mar  8 19:01:05 CET 2026
#@# white area rh Sun Mar  8 19:01:06 CET 2026
#@# pial curv rh Sun Mar  8 19:01:06 CET 2026
#@# pial area rh Sun Mar  8 19:01:08 CET 2026
#@# thickness rh Sun Mar  8 19:01:08 CET 2026
#@# area and vertex vol rh Sun Mar  8 19:01:30 CET 2026
#@# Curvature Stats rh Sun Mar  8 19:01:31 CET 2026
#@# Cortical Parc 2 rh Sun Mar  8 19:01:33 CET 2026
#@# Cortical Parc 3 rh Sun Mar  8 19:01:43 CET 2026
#@# WM/GM Contrast rh Sun Mar  8 19:01:51 CET 2026
recon-all -s sub-v1s13x0050052_ses-1 finished without error at Sun Mar  8 19:01:53 CET 2026



#New# invocation of recon-all 



status file for recon-all
Sun Mar  8 19:08:40 CET 2026
#@# white curv rh Sun Mar  8 19:08:40 CET 2026
#@# white area rh Sun Mar  8 19:08:40 CET 2026
#@# pial curv rh Sun Mar  8 19:08:40 CET 2026
#@# pial area rh Sun Mar  8 19:08:40 CET 2026
#@# thickness rh Sun Mar  8 19:08:40 CET 2026
#@# area and vertex vol rh Sun Mar  8 19:08:40 CET 2026
#@# Parcellation Stats rh Sun Mar  8 19:08:40 CET 2026
#@# Parcellation Stats 2 rh Sun Mar  8 19:08:53 CET 2026
#@# Parcellation Stats 3 rh Sun Mar  8 19:08:59 CET 2026
#@# BA_exvivo Labels rh Sun Mar  8 19:09:05 CET 2026
recon-all -s sub-v1s13x0050052_ses-1 finished without error at Sun Mar  8 19:10:59 CET 2026
