status file for recon-all
Sun Mar  8 17:50:50 CET 2026
#@# Tessellate rh Sun Mar  8 17:50:50 CET 2026
#@# Smooth1 rh Sun Mar  8 17:50:53 CET 2026
#@# Inflation1 rh Sun Mar  8 17:50:54 CET 2026
#@# QSphere rh Sun Mar  8 17:51:06 CET 2026
#@# Fix Topology rh Sun Mar  8 17:51:53 CET 2026
#@# Smooth2 rh Sun Mar  8 17:56:12 CET 2026
#@# Inflation2 rh Sun Mar  8 17:56:14 CET 2026
#@# Curv .H and .K rh Sun Mar  8 17:56:28 CET 2026
#@# Sphere rh Sun Mar  8 17:57:05 CET 2026
#@# Surf Reg rh Sun Mar  8 17:59:30 CET 2026
#@# Jacobian white rh Sun Mar  8 18:02:33 CET 2026
#@# AvgCurv rh Sun Mar  8 18:02:34 CET 2026
#@# Cortical Parc rh Sun Mar  8 18:02:35 CET 2026
#@# white curv rh Sun Mar  8 18:08:22 CET 2026
#@# white area rh Sun Mar  8 18:08:23 CET 2026
#@# pial curv rh Sun Mar  8 18:08:24 CET 2026
#@# pial area rh Sun Mar  8 18:08:25 CET 2026
#@# thickness rh Sun Mar  8 18:08:26 CET 2026
#@# area and vertex vol rh Sun Mar  8 18:08:47 CET 2026
#@# Curvature Stats rh Sun Mar  8 18:08:48 CET 2026
#@# Cortical Parc 2 rh Sun Mar  8 18:08:50 CET 2026
#@# Cortical Parc 3 rh Sun Mar  8 18:09:00 CET 2026
#@# WM/GM Contrast rh Sun Mar  8 18:09:08 CET 2026
recon-all -s sub-v1s13x0050030_ses-1 finished without error at Sun Mar  8 18:09:11 CET 2026



#New# invocation of recon-all 



status file for recon-all
Sun Mar  8 18:15:16 CET 2026
#@# white curv rh Sun Mar  8 18:15:16 CET 2026
#@# white area rh Sun Mar  8 18:15:16 CET 2026
#@# pial curv rh Sun Mar  8 18:15:16 CET 2026
#@# pial area rh Sun Mar  8 18:15:16 CET 2026
#@# thickness rh Sun Mar  8 18:15:16 CET 2026
#@# area and vertex vol rh Sun Mar  8 18:15:16 CET 2026
#@# Parcellation Stats rh Sun Mar  8 18:15:16 CET 2026
#@# Parcellation Stats 2 rh Sun Mar  8 18:15:31 CET 2026
#@# Parcellation Stats 3 rh Sun Mar  8 18:15:39 CET 2026
#@# BA_exvivo Labels rh Sun Mar  8 18:15:47 CET 2026
recon-all -s sub-v1s13x0050030_ses-1 finished without error at Sun Mar  8 18:17:46 CET 2026
