status file for recon-all
Sun Mar  8 17:31:14 CET 2026
#@# Tessellate lh Sun Mar  8 17:31:14 CET 2026
#@# Smooth1 lh Sun Mar  8 17:31:16 CET 2026
#@# Inflation1 lh Sun Mar  8 17:31:18 CET 2026
#@# QSphere lh Sun Mar  8 17:31:31 CET 2026
#@# Fix Topology lh Sun Mar  8 17:32:42 CET 2026
#@# Smooth2 lh Sun Mar  8 17:38:12 CET 2026
#@# Inflation2 lh Sun Mar  8 17:38:14 CET 2026
#@# Curv .H and .K lh Sun Mar  8 17:38:28 CET 2026
#@# Sphere lh Sun Mar  8 17:39:05 CET 2026
#@# Surf Reg lh Sun Mar  8 17:40:42 CET 2026
#@# Jacobian white lh Sun Mar  8 17:44:08 CET 2026
#@# AvgCurv lh Sun Mar  8 17:44:09 CET 2026
#@# Cortical Parc lh Sun Mar  8 17:44:09 CET 2026
#@# white curv lh Sun Mar  8 17:50:03 CET 2026
#@# white area lh Sun Mar  8 17:50:04 CET 2026
#@# pial curv lh Sun Mar  8 17:50:05 CET 2026
#@# pial area lh Sun Mar  8 17:50:06 CET 2026
#@# thickness lh Sun Mar  8 17:50:06 CET 2026
#@# area and vertex vol lh Sun Mar  8 17:50:25 CET 2026
#@# Curvature Stats lh Sun Mar  8 17:50:26 CET 2026
#@# Cortical Parc 2 lh Sun Mar  8 17:50:28 CET 2026
#@# Cortical Parc 3 lh Sun Mar  8 17:50:38 CET 2026
#@# WM/GM Contrast lh Sun Mar  8 17:50:46 CET 2026
recon-all -s sub-v1s13x0050030_ses-1 finished without error at Sun Mar  8 17:50:48 CET 2026



#New# invocation of recon-all 



status file for recon-all
Sun Mar  8 18:12:44 CET 2026
#@# white curv lh Sun Mar  8 18:12:44 CET 2026
#@# white area lh Sun Mar  8 18:12:44 CET 2026
#@# pial curv lh Sun Mar  8 18:12:44 CET 2026
#@# pial area lh Sun Mar  8 18:12:44 CET 2026
#@# thickness lh Sun Mar  8 18:12:44 CET 2026
#@# area and vertex vol lh Sun Mar  8 18:12:44 CET 2026
#@# Parcellation Stats lh Sun Mar  8 18:12:44 CET 2026
#@# Parcellation Stats 2 lh Sun Mar  8 18:12:59 CET 2026
#@# Parcellation Stats 3 lh Sun Mar  8 18:13:07 CET 2026
#@# BA_exvivo Labels lh Sun Mar  8 18:13:15 CET 2026
recon-all -s sub-v1s13x0050030_ses-1 finished without error at Sun Mar  8 18:15:15 CET 2026
