status file for recon-all
Sun Mar  8 16:12:16 CET 2026
#@# MotionCor Sun Mar  8 16:12:18 CET 2026
#@# Talairach Sun Mar  8 16:12:25 CET 2026
#@# Talairach Failure Detection Sun Mar  8 16:15:16 CET 2026
#@# Nu Intensity Correction Sun Mar  8 16:15:16 CET 2026
#@# Intensity Normalization Sun Mar  8 16:18:04 CET 2026
recon-all -s sub-v1s13x0050030_ses-1 finished without error at Sun Mar  8 16:19:02 CET 2026



#New# invocation of recon-all 



status file for recon-all
Sun Mar  8 16:25:09 CET 2026
#@# EM Registration Sun Mar  8 16:25:09 CET 2026
recon-all -s sub-v1s13x0050030_ses-1 finished without error at Sun Mar  8 16:26:16 CET 2026



#New# invocation of recon-all 



status file for recon-all
Sun Mar  8 16:26:18 CET 2026
#@# CA Normalize Sun Mar  8 16:26:18 CET 2026
#@# CA Reg Sun Mar  8 16:27:11 CET 2026
#@# SubCort Seg Sun Mar  8 17:05:18 CET 2026
#@# CC Seg Sun Mar  8 17:27:15 CET 2026
#@# Merge ASeg Sun Mar  8 17:27:33 CET 2026
#@# Intensity Normalization2 Sun Mar  8 17:27:33 CET 2026
#@# Mask BFS Sun Mar  8 17:29:00 CET 2026
#@# WM Segmentation Sun Mar  8 17:29:00 CET 2026
#@# Fill Sun Mar  8 17:30:31 CET 2026
recon-all -s sub-v1s13x0050030_ses-1 finished without error at Sun Mar  8 17:31:09 CET 2026



#New# invocation of recon-all 



status file for recon-all
Sun Mar  8 18:09:14 CET 2026
#@# white curv lh Sun Mar  8 18:09:14 CET 2026
#@# white area lh Sun Mar  8 18:09:14 CET 2026
#@# pial curv lh Sun Mar  8 18:09:14 CET 2026
#@# pial area lh Sun Mar  8 18:09:14 CET 2026
#@# thickness lh Sun Mar  8 18:09:14 CET 2026
#@# area and vertex vol lh Sun Mar  8 18:09:14 CET 2026
#@# white curv rh Sun Mar  8 18:09:15 CET 2026
#@# white area rh Sun Mar  8 18:09:15 CET 2026
#@# pial curv rh Sun Mar  8 18:09:15 CET 2026
#@# pial area rh Sun Mar  8 18:09:15 CET 2026
#@# thickness rh Sun Mar  8 18:09:15 CET 2026
#@# area and vertex vol rh Sun Mar  8 18:09:15 CET 2026
#@# Cortical ribbon mask Sun Mar  8 18:09:15 CET 2026
recon-all -s sub-v1s13x0050030_ses-1 finished without error at Sun Mar  8 18:12:40 CET 2026



#New# invocation of recon-all 



status file for recon-all
Sun Mar  8 18:17:51 CET 2026
#@# white curv lh Sun Mar  8 18:17:51 CET 2026
#@# white area lh Sun Mar  8 18:17:51 CET 2026
#@# pial curv lh Sun Mar  8 18:17:51 CET 2026
#@# pial area lh Sun Mar  8 18:17:51 CET 2026
#@# thickness lh Sun Mar  8 18:17:51 CET 2026
#@# area and vertex vol lh Sun Mar  8 18:17:51 CET 2026
#@# white curv rh Sun Mar  8 18:17:51 CET 2026
#@# white area rh Sun Mar  8 18:17:51 CET 2026
#@# pial curv rh Sun Mar  8 18:17:51 CET 2026
#@# pial area rh Sun Mar  8 18:17:51 CET 2026
#@# thickness rh Sun Mar  8 18:17:52 CET 2026
#@# area and vertex vol rh Sun Mar  8 18:17:52 CET 2026
#@# Curvature Stats lh Sun Mar  8 18:17:52 CET 2026
#@# Curvature Stats rh Sun Mar  8 18:17:53 CET 2026
#@# Relabel Hypointensities Sun Mar  8 18:17:55 CET 2026
#@# APas-to-ASeg Sun Mar  8 18:18:05 CET 2026
#@# AParc-to-ASeg aparc Sun Mar  8 18:18:11 CET 2026
#@# AParc-to-ASeg aparc.a2009s Sun Mar  8 18:18:27 CET 2026
#@# AParc-to-ASeg aparc.DKTatlas Sun Mar  8 18:18:48 CET 2026
#@# WMParc Sun Mar  8 18:19:10 CET 2026
#@# ASeg Stats Sun Mar  8 18:21:14 CET 2026
recon-all -s sub-v1s13x0050030_ses-1 finished without error at Sun Mar  8 18:21:37 CET 2026
