/out/sourcedata/freesurfer/sub-v1s13x0050049_ses-1/mri
/opt/freesurfer/bin/talairach_avi
--i orig_nu.mgz --xfm transforms/talairach.auto.xfm
talairach_avi 7.3.2
Linux dna009 5.14.0-427.37.1.el9_4.x86_64 #1 SMP PREEMPT_DYNAMIC Fri Sep 13 12:41:50 EDT 2024 x86_64 x86_64 x86_64 GNU/Linux
Sun Mar  8 16:46:38 CET 2026
mri_convert orig_nu.mgz talsrcimg.img 
reading from orig_nu.mgz...
TR=0.00, TE=0.00, TI=0.00, flip angle=0.00
i_ras = (-1, 0, 0)
j_ras = (0, 0, -1)
k_ras = (0, 1, 0)
writing to talsrcimg.img...
Analyze Output Matrix
-1.00000   0.00000   0.00000   125.89304;
 0.00000   0.00000   1.00000  -127.94919;
 0.00000  -1.00000   0.00000   129.32437;
 0.00000   0.00000   0.00000   1.00000;
--------------------
INFO: set hdr.hist.orient to -1
mpr2mni305 talsrcimg
Sun Mar  8 16:46:38 CET 2026
/opt/freesurfer/bin/mpr2mni305 talsrcimg
mpr2mni305 7.3.2
target=711-2C_as_mni_average_305

---------------------------------------------------------------------
analyzeto4dfp talsrcimg -O0 -y
---------------------------------------------------------------------

freesurfer ifh2hdr.c
Sun Mar  8 16:46:39 2026
Writing: talsrcimg.4dfp.hdr
freesurfer analyzeto4dfp.c
Reading: talsrcimg.hdr
header size 348 bytes
hdr.dime.datatype	offset=70	value=2
hdr.dime.bitpix		offset=72	value=8
hdr.hist.orient		offset=252	value=-1
dimensionality     4
dimensions       256       256       256         1
Reading: talsrcimg.img
Writing: talsrcimg.4dfp.img
Writing: talsrcimg.4dfp.ifh
ifh2hdr talsrcimg -r0to255
ori=2

---------------------------------------------------------------------
gauss_4dfp talsrcimg 1.1
---------------------------------------------------------------------

freesurfer gauss_4dfp.c
Reading: talsrcimg.4dfp.img
Writing: talsrcimg_g11.4dfp.img
image dimensions 256 256 256 padded to 288 288 288
processing volume 1freesurfer ifh2hdr.c
Sun Mar  8 16:46:40 2026
Writing: talsrcimg_g11.4dfp.hdr

Writing: talsrcimg_g11.4dfp.ifh
including: talsrcimg.4dfp.img.rec in talsrcimg_g11.4dfp.img.rec

---------------------------------------------------------------------
imgreg_4dfp /opt/freesurfer/average/711-2C_as_mni_average_305 none talsrcimg_g11 none talsrcimg_to_711-2C_as_mni_average_305_t4 4355
---------------------------------------------------------------------

freesurfer imgreg_4dfp.c
/opt/freesurfer/average/711-2C_as_mni_average_305.4dfp.img
       256       256       256         1
  1.000000  1.000000  1.000000
orientation T byte_order littleendian
Reading image: /opt/freesurfer/average/711-2C_as_mni_average_305.4dfp.img
dimensions:      256       256       256
mmppix:       1.0000   -1.0000   -1.0000
center:     128.0000 -129.0000 -129.0000
talsrcimg_g11.4dfp.img
       256       256       256         1
  1.000000  1.000000  1.000000
orientation T byte_order littleendian
Reading image: talsrcimg_g11.4dfp.img
dimensions:      256       256       256
mmppix:       1.0000   -1.0000   -1.0000
center:     128.0000 -129.0000 -129.0000
t4_read: open error in t4_sub.f l:  41 t4_file(1:l)talsrcimg_to_711-2C_as_mni_average_305_t4 
t4_read: transform initialized to I4
rotation matrix determinant  1.000000
image alignment mode   4355 decimal     1103 hex
   -7.5000  -45.0000  -45.0000 9030.0752   13.9182
    0.0000  -45.0000  -45.0000 9484.7373   13.9088
    7.5000  -45.0000  -45.0000 9128.4951   13.8578
   -7.5000  -37.5000  -45.0000 9547.3086   13.8748
    0.0000  -37.5000  -45.000010027.2754   13.8731
    7.5000  -37.5000  -45.0000 9645.3682   13.8295
   -7.5000  -30.0000  -45.000010349.8291   13.8042
    0.0000  -30.0000  -45.000010862.0127   13.8044
    7.5000  -30.0000  -45.000010442.9355   13.7625
   -7.5000  -22.5000  -45.000011029.0908   13.7249
    0.0000  -22.5000  -45.000011574.2842   13.7201
    7.5000  -22.5000  -45.000011121.5771   13.6741
   -7.5000  -15.0000  -45.000011586.2695   13.6676
    0.0000  -15.0000  -45.000012154.5283   13.6573
    7.5000  -15.0000  -45.000011674.8936   13.6073
   -7.5000   -7.5000  -45.000012046.9795   13.6573
    0.0000   -7.5000  -45.000012641.3359   13.6457
    7.5000   -7.5000  -45.000012118.9766   13.5954
   -7.5000    0.0000  -45.000012434.4131   13.6691
    0.0000    0.0000  -45.000013037.5957   13.6620
    7.5000    0.0000  -45.000012517.4443   13.6167
   -7.5000    7.5000  -45.000011878.5674   13.6782
    0.0000    7.5000  -45.000012441.3242   13.6781
    7.5000    7.5000  -45.000011948.8418   13.6387
   -7.5000   15.0000  -45.000011224.0137   13.6765
    0.0000   15.0000  -45.000011723.7363   13.6775
    7.5000   15.0000  -45.000011263.0703   13.6386
   -7.5000   22.5000  -45.000010474.3711   13.7189
    0.0000   22.5000  -45.000010941.7979   13.7144
    7.5000   22.5000  -45.000010519.7285   13.6706
   -7.5000   30.0000  -45.0000 9705.7500   13.6869
    0.0000   30.0000  -45.000010143.5947   13.6756
    7.5000   30.0000  -45.0000 9735.6641   13.6279
   -7.5000   37.5000  -45.0000 9215.6006   13.8910
    0.0000   37.5000  -45.0000 9624.1025   13.8798
    7.5000   37.5000  -45.0000 9250.6328   13.8359
   -7.5000   45.0000  -45.0000 8458.0156   13.8108
    0.0000   45.0000  -45.0000 8838.3438   13.8063
    7.5000   45.0000  -45.0000 8493.4326   13.7703
   -7.5000  -45.0000  -37.5000 9610.0615   13.9135
    0.0000  -45.0000  -37.500010101.9971   13.9061
    7.5000  -45.0000  -37.5000 9730.4883   13.8572
   -7.5000  -37.5000  -37.500010130.8779   13.8651
    0.0000  -37.5000  -37.500010647.7969   13.8650
    7.5000  -37.5000  -37.500010249.2939   13.8232
   -7.5000  -30.0000  -37.500010975.7480   13.7940
    0.0000  -30.0000  -37.500011523.2754   13.7947
    7.5000  -30.0000  -37.500011063.5811   13.7538
   -7.5000  -22.5000  -37.500011695.4932   13.7201
    0.0000  -22.5000  -37.500012293.0156   13.7153
    7.5000  -22.5000  -37.500011789.0107   13.6699
   -7.5000  -15.0000  -37.500012253.2686   13.6678
    0.0000  -15.0000  -37.500012876.6484   13.6579
    7.5000  -15.0000  -37.500012360.1865   13.6083
   -7.5000   -7.5000  -37.500012709.8799   13.6558
    0.0000   -7.5000  -37.500013372.4014   13.6454
    7.5000   -7.5000  -37.500012809.2139   13.5964
   -7.5000    0.0000  -37.500013114.4805   13.6607
    0.0000    0.0000  -37.500013781.7080   13.6555
    7.5000    0.0000  -37.500013215.9824   13.6123
   -7.5000    7.5000  -37.500012502.8398   13.6650
    0.0000    7.5000  -37.500013140.3896   13.6662
    7.5000    7.5000  -37.500012587.3379   13.6287
   -7.5000   15.0000  -37.500011789.4209   13.6631
    0.0000   15.0000  -37.500012351.6611   13.6645
    7.5000   15.0000  -37.500011830.9814   13.6266
   -7.5000   22.5000  -37.500010977.7432   13.7117
    0.0000   22.5000  -37.500011500.4150   13.7070
    7.5000   22.5000  -37.500011026.3115   13.6635
   -7.5000   30.0000  -37.500010151.0791   13.6871
    0.0000   30.0000  -37.500010615.6328   13.6754
    7.5000   30.0000  -37.500010177.7148   13.6266
   -7.5000   37.5000  -37.5000 9599.2861   13.8879
    0.0000   37.5000  -37.500010030.6543   13.8762
    7.5000   37.5000  -37.5000 9627.9443   13.8320
   -7.5000   45.0000  -37.5000 8770.5059   13.8024
    0.0000   45.0000  -37.5000 9186.4707   13.7975
    7.5000   45.0000  -37.5000 8828.1836   13.7611
   -7.5000  -45.0000  -30.000010354.2578   14.4546
    0.0000  -45.0000  -30.000010891.1924   14.4483
    7.5000  -45.0000  -30.000010482.4814   14.4034
   -7.5000  -37.5000  -30.000010896.1943   14.4035
    0.0000  -37.5000  -30.000011463.3564   14.4027
    7.5000  -37.5000  -30.000011008.2012   14.3633
   -7.5000  -30.0000  -30.000011764.4697   14.3327
    0.0000  -30.0000  -30.000012386.5469   14.3309
    7.5000  -30.0000  -30.000011848.1895   14.2910
   -7.5000  -22.5000  -30.000012542.1445   14.2576
    0.0000  -22.5000  -30.000013185.5439   14.2506
    7.5000  -22.5000  -30.000012632.5107   14.2066
   -7.5000  -15.0000  -30.000013097.9551   14.2029
    0.0000  -15.0000  -30.000013788.7607   14.1919
    7.5000  -15.0000  -30.000013219.2812   14.1453
   -7.5000   -7.5000  -30.000013579.5225   14.1859
    0.0000   -7.5000  -30.000014301.3271   14.1761
    7.5000   -7.5000  -30.000013687.7949   14.1311
   -7.5000    0.0000  -30.000014001.3623   14.1861
    0.0000    0.0000  -30.000014745.2451   14.1819
    7.5000    0.0000  -30.000014109.0430   14.1428
   -7.5000    7.5000  -30.000013324.4473   14.1915
    0.0000    7.5000  -30.000014025.2217   14.1922
    7.5000    7.5000  -30.000013413.1299   14.1572
   -7.5000   15.0000  -30.000012542.2617   14.1943
    0.0000   15.0000  -30.000013183.6016   14.1934
    7.5000   15.0000  -30.000012590.5645   14.1565
   -7.5000   22.5000  -30.000011657.8057   14.2471
    0.0000   22.5000  -30.000012225.6924   14.2401
    7.5000   22.5000  -30.000011698.2100   14.1982
   -7.5000   30.0000  -30.000010754.7217   14.2268
    0.0000   30.0000  -30.000011267.1270   14.2137
    7.5000   30.0000  -30.000010790.6953   14.1673
   -7.5000   37.5000  -30.000010132.4854   14.4290
    0.0000   37.5000  -30.000010623.1943   14.4168
    7.5000   37.5000  -30.000010178.9902   14.3754
   -7.5000   45.0000  -30.0000 9245.6807   14.3411
    0.0000   45.0000  -30.0000 9684.6621   14.3349
    7.5000   45.0000  -30.0000 9295.1631   14.3006
   -7.5000  -45.0000  -22.500011035.2227   14.9297
    0.0000  -45.0000  -22.500011606.0674   14.9221
    7.5000  -45.0000  -22.500011146.1035   14.8799
   -7.5000  -37.5000  -22.500011598.0635   14.8855
    0.0000  -37.5000  -22.500012208.1455   14.8824
    7.5000  -37.5000  -22.500011708.7891   14.8440
   -7.5000  -30.0000  -22.500012503.3281   14.8196
    0.0000  -30.0000  -22.500013173.0801   14.8149
    7.5000  -30.0000  -22.500012605.0566   14.7753
   -7.5000  -22.5000  -22.500013315.8984   14.7384
    0.0000  -22.5000  -22.500014019.1475   14.7288
    7.5000  -22.5000  -22.500013429.7080   14.6863
   -7.5000  -15.0000  -22.500013882.9141   14.6733
    0.0000  -15.0000  -22.500014603.0908   14.6606
    7.5000  -15.0000  -22.500014004.6621   14.6171
   -7.5000   -7.5000  -22.500014367.0215   14.6501
    0.0000   -7.5000  -22.500015110.5205   14.6393
    7.5000   -7.5000  -22.500014481.4785   14.5979
   -7.5000    0.0000  -22.500014791.1875   14.6512
    0.0000    0.0000  -22.500015587.8301   14.6461
    7.5000    0.0000  -22.500014912.1260   14.6097
   -7.5000    7.5000  -22.500014066.1426   14.6654
    0.0000    7.5000  -22.500014840.3574   14.6640
    7.5000    7.5000  -22.500014165.9961   14.6300
   -7.5000   15.0000  -22.500013230.0703   14.6750
    0.0000   15.0000  -22.500013936.6973   14.6713
    7.5000   15.0000  -22.500013310.3770   14.6348
   -7.5000   22.5000  -22.500012277.9395   14.7253
    0.0000   22.5000  -22.500012909.7949   14.7160
    7.5000   22.5000  -22.500012329.5195   14.6760
   -7.5000   30.0000  -22.500011286.7402   14.7006
    0.0000   30.0000  -22.500011849.6025   14.6863
    7.5000   30.0000  -22.500011327.7539   14.6441
   -7.5000   37.5000  -22.500010641.0225   14.9043
    0.0000   37.5000  -22.500011166.6572   14.8917
    7.5000   37.5000  -22.500010689.9697   14.8542
   -7.5000   45.0000  -22.5000 9722.1113   14.8203
    0.0000   45.0000  -22.500010190.0947   14.8131
    7.5000   45.0000  -22.5000 9759.7627   14.7816
   -7.5000  -45.0000  -15.000011666.6924   15.2931
    0.0000  -45.0000  -15.000012265.1562   15.2841
    7.5000  -45.0000  -15.000011774.5732   15.2392
   -7.5000  -37.5000  -15.000012251.5059   15.2536
    0.0000  -37.5000  -15.000012888.8379   15.2495
    7.5000  -37.5000  -15.000012386.1436   15.2086
   -7.5000  -30.0000  -15.000013224.7578   15.1873
    0.0000  -30.0000  -15.000013901.8516   15.1822
    7.5000  -30.0000  -15.000013325.9629   15.1407
   -7.5000  -22.5000  -15.000014090.1260   15.0983
    0.0000  -22.5000  -15.000014800.8848   15.0881
    7.5000  -22.5000  -15.000014181.5508   15.0445
   -7.5000  -15.0000  -15.000014680.4922   15.0245
    0.0000  -15.0000  -15.000015408.9141   15.0110
    7.5000  -15.0000  -15.000014764.4209   14.9664
   -7.5000   -7.5000  -15.000015163.7783   15.0002
    0.0000   -7.5000  -15.000015907.9473   14.9882
    7.5000   -7.5000  -15.000015221.8096   14.9452
   -7.5000    0.0000  -15.000015568.0400   15.0064
    0.0000    0.0000  -15.000016403.0840   15.0000
    7.5000    0.0000  -15.000015652.7764   14.9614
   -7.5000    7.5000  -15.000014795.4697   15.0270
    0.0000    7.5000  -15.000015610.1943   15.0247
    7.5000    7.5000  -15.000014884.2939   14.9886
   -7.5000   15.0000  -15.000013868.0635   15.0380
    0.0000   15.0000  -15.000014618.4961   15.0339
    7.5000   15.0000  -15.000013931.3359   14.9958
   -7.5000   22.5000  -15.000012835.8389   15.0826
    0.0000   22.5000  -15.000013521.2344   15.0730
    7.5000   22.5000  -15.000012880.9766   15.0323
   -7.5000   30.0000  -15.000011777.6104   15.0522
    0.0000   30.0000  -15.000012393.7998   15.0379
    7.5000   30.0000  -15.000011821.8828   14.9963
   -7.5000   37.5000  -15.000011127.7070   15.2620
    0.0000   37.5000  -15.000011697.9395   15.2499
    7.5000   37.5000  -15.000011167.1221   15.2123
   -7.5000   45.0000  -15.000010152.2783   15.1878
    0.0000   45.0000  -15.000010654.1777   15.1815
    7.5000   45.0000  -15.000010177.1201   15.1497
   -7.5000  -45.0000   -7.500012287.2754   15.4779
    0.0000  -45.0000   -7.500012926.5918   15.4679
    7.5000  -45.0000   -7.500012419.8818   15.4166
   -7.5000  -37.5000   -7.500012893.1699   15.4346
    0.0000  -37.5000   -7.500013564.9502   15.4314
    7.5000  -37.5000   -7.500013048.5117   15.3862
   -7.5000  -30.0000   -7.500013914.4375   15.3613
    0.0000  -30.0000   -7.500014582.8154   15.3587
    7.5000  -30.0000   -7.500014016.2178   15.3145
   -7.5000  -22.5000   -7.500014843.0049   15.2687
    0.0000  -22.5000   -7.500015566.5508   15.2609
    7.5000  -22.5000   -7.500014943.0986   15.2136
   -7.5000  -15.0000   -7.500015498.0859   15.1955
    0.0000  -15.0000   -7.500016258.2227   15.1830
    7.5000  -15.0000   -7.500015592.1289   15.1330
   -7.5000   -7.5000   -7.500016055.1826   15.1760
    0.0000   -7.5000   -7.500016792.4316   15.1635
    7.5000   -7.5000   -7.500016079.6963   15.1138
   -7.5000    0.0000   -7.500016428.1758   15.1867
    0.0000    0.0000   -7.500017215.6465   15.1793
    7.5000    0.0000   -7.500016463.9258   15.1345
   -7.5000    7.5000   -7.500015559.2715   15.2050
    0.0000    7.5000   -7.500016333.9004   15.2035
    7.5000    7.5000   -7.500015593.2285   15.1632
   -7.5000   15.0000   -7.500014539.7920   15.2106
    0.0000   15.0000   -7.500015282.0215   15.2089
    7.5000   15.0000   -7.500014562.5410   15.1682
   -7.5000   22.5000   -7.500013429.4668   15.2507
    0.0000   22.5000   -7.500014152.0977   15.2437
    7.5000   22.5000   -7.500013481.1064   15.1991
   -7.5000   30.0000   -7.500012340.9111   15.2199
    0.0000   30.0000   -7.500012949.0996   15.2069
    7.5000   30.0000   -7.500012357.3145   15.1604
   -7.5000   37.5000   -7.500011661.5186   15.4385
    0.0000   37.5000   -7.500012218.2529   15.4272
    7.5000   37.5000   -7.500011672.7480   15.3845
   -7.5000   45.0000   -7.500010630.8594   15.3737
    0.0000   45.0000   -7.500011145.0098   15.3691
    7.5000   45.0000   -7.500010641.7646   15.3339
   -7.5000  -45.0000    0.000012826.8525   15.5021
    0.0000  -45.0000    0.000013423.4043   15.4927
    7.5000  -45.0000    0.000012954.7080   15.4371
   -7.5000  -37.5000    0.000013445.5918   15.4502
    0.0000  -37.5000    0.000014049.9727   15.4493
    7.5000  -37.5000    0.000013570.7197   15.4021
   -7.5000  -30.0000    0.000014473.0195   15.3689
    0.0000  -30.0000    0.000015110.6182   15.3701
    7.5000  -30.0000    0.000014571.8975   15.3247
   -7.5000  -22.5000    0.000015453.4482   15.2784
    0.0000  -22.5000    0.000016242.5586   15.2740
    7.5000  -22.5000    0.000015599.1826   15.2241
   -7.5000  -15.0000    0.000016223.2402   15.2124
    0.0000  -15.0000    0.000017059.1367   15.2020
    7.5000  -15.0000    0.000016357.1123   15.1477
   -7.5000   -7.5000    0.000016812.9707   15.1986
    0.0000   -7.5000    0.000017530.7285   15.1867
    7.5000   -7.5000    0.000016840.1543   15.1322
   -7.5000    0.0000    0.000017191.2090   15.2095
    0.0000    0.0000    0.000017845.2031   15.2027
    7.5000    0.0000    0.000017146.8320   15.1538
   -7.5000    7.5000    0.000016216.7646   15.2201
    0.0000    7.5000    0.000016825.8008   15.2210
    7.5000    7.5000    0.000016159.0264   15.1786
   -7.5000   15.0000    0.000015118.2217   15.2189
    0.0000   15.0000    0.000015716.9033   15.2210
    7.5000   15.0000    0.000015076.7988   15.1791
   -7.5000   22.5000    0.000013954.3740   15.2614
    0.0000   22.5000    0.000014562.4424   15.2574
    7.5000   22.5000    0.000013945.5430   15.2100
   -7.5000   30.0000    0.000012812.4023   15.2360
    0.0000   30.0000    0.000013353.9785   15.2244
    7.5000   30.0000    0.000012780.2275   15.1728
   -7.5000   37.5000    0.000012086.6465   15.4601
    0.0000   37.5000    0.000012603.8682   15.4488
    7.5000   37.5000    0.000012069.5566   15.4015
   -7.5000   45.0000    0.000011004.3828   15.3989
    0.0000   45.0000    0.000011495.5879   15.3951
    7.5000   45.0000    0.000011022.6562   15.3564
   -7.5000  -45.0000    7.500012347.2412   15.5240
    0.0000  -45.0000    7.500012937.8740   15.5163
    7.5000  -45.0000    7.500012501.3574   15.4626
   -7.5000  -37.5000    7.500012942.6406   15.4679
    0.0000  -37.5000    7.500013521.6602   15.4684
    7.5000  -37.5000    7.500013071.2451   15.4226
   -7.5000  -30.0000    7.500013926.5703   15.3869
    0.0000  -30.0000    7.500014503.5439   15.3883
    7.5000  -30.0000    7.500014009.1475   15.3434
   -7.5000  -22.5000    7.500014848.5898   15.3036
    0.0000  -22.5000    7.500015541.7588   15.2989
    7.5000  -22.5000    7.500014976.8340   15.2490
   -7.5000  -15.0000    7.500015578.3447   15.2451
    0.0000  -15.0000    7.500016273.6807   15.2346
    7.5000  -15.0000    7.500015710.8574   15.1802
   -7.5000   -7.5000    7.500016173.1338   15.2317
    0.0000   -7.5000    7.500016803.6562   15.2207
    7.5000   -7.5000    7.500016253.9072   15.1670
   -7.5000    0.0000    7.500016631.5137   15.2371
    0.0000    0.0000    7.500017194.4121   15.2319
    7.5000    0.0000    7.500016639.9355   15.1845
   -7.5000    7.5000    7.500015722.7461   15.2417
    0.0000    7.5000    7.500016228.0195   15.2437
    7.5000    7.5000    7.500015670.7002   15.2026
   -7.5000   15.0000    7.500014598.6416   15.2395
    0.0000   15.0000    7.500015096.8457   15.2416
    7.5000   15.0000    7.500014531.4482   15.2001
   -7.5000   22.5000    7.500013424.5342   15.2886
    0.0000   22.5000    7.500013923.0830   15.2839
    7.5000   22.5000    7.500013353.0430   15.2363
   -7.5000   30.0000    7.500012273.1396   15.2717
    0.0000   30.0000    7.500012757.4707   15.2592
    7.5000   30.0000    7.500012199.2900   15.2057
   -7.5000   37.5000    7.500011601.0830   15.4951
    0.0000   37.5000    7.500012084.2656   15.4826
    7.5000   37.5000    7.500011566.0195   15.4342
   -7.5000   45.0000    7.500010577.5176   15.4289
    0.0000   45.0000    7.500011033.2188   15.4240
    7.5000   45.0000    7.500010559.2246   15.3842
   -7.5000  -45.0000   15.000011720.1211   15.5603
    0.0000  -45.0000   15.000012258.6855   15.5529
    7.5000  -45.0000   15.000011875.3057   15.5042
   -7.5000  -37.5000   15.000012303.2422   15.5078
    0.0000  -37.5000   15.000012811.8730   15.5065
    7.5000  -37.5000   15.000012418.3516   15.4636
   -7.5000  -30.0000   15.000013238.6377   15.4339
    0.0000  -30.0000   15.000013763.5820   15.4315
    7.5000  -30.0000   15.000013324.7979   15.3879
   -7.5000  -22.5000   15.000014103.6738   15.3549
    0.0000  -22.5000   15.000014684.8193   15.3468
    7.5000  -22.5000   15.000014208.2998   15.2988
   -7.5000  -15.0000   15.000014788.0498   15.2970
    0.0000  -15.0000   15.000015358.4062   15.2845
    7.5000  -15.0000   15.000014862.7666   15.2336
   -7.5000   -7.5000   15.000015368.8301   15.2786
    0.0000   -7.5000   15.000015963.4873   15.2673
    7.5000   -7.5000   15.000015419.8994   15.2183
   -7.5000    0.0000   15.000015792.6025   15.2785
    0.0000    0.0000   15.000016446.5039   15.2735
    7.5000    0.0000   15.000015840.5928   15.2309
   -7.5000    7.5000   15.000014937.7236   15.2845
    0.0000    7.5000   15.000015568.3398   15.2847
    7.5000    7.5000   15.000014952.5566   15.2463
   -7.5000   15.0000   15.000013905.0088   15.2875
    0.0000   15.0000   15.000014487.6221   15.2860
    7.5000   15.0000   15.000013892.4824   15.2456
   -7.5000   22.5000   15.000012791.7969   15.3412
    0.0000   22.5000   15.000013343.0566   15.3331
    7.5000   22.5000   15.000012775.8643   15.2873
   -7.5000   30.0000   15.000011670.6787   15.3279
    0.0000   30.0000   15.000012155.9414   15.3131
    7.5000   30.0000   15.000011643.4492   15.2624
   -7.5000   37.5000   15.000011040.1016   15.5463
    0.0000   37.5000   15.000011471.8867   15.5324
    7.5000   37.5000   15.000011011.8271   15.4872
   -7.5000   45.0000   15.000010062.9424   15.4725
    0.0000   45.0000   15.000010442.3301   15.4652
    7.5000   45.0000   15.000010013.1367   15.4277
   -7.5000  -45.0000   22.500011019.1797   15.6265
    0.0000  -45.0000   22.500011511.0557   15.6168
    7.5000  -45.0000   22.500011126.4541   15.5708
   -7.5000  -37.5000   22.500011565.1963   15.5842
    0.0000  -37.5000   22.500012068.3154   15.5791
    7.5000  -37.5000   22.500011652.3799   15.5370
   -7.5000  -30.0000   22.500012459.9473   15.5190
    0.0000  -30.0000   22.500013014.0889   15.5122
    7.5000  -30.0000   22.500012550.4521   15.4688
   -7.5000  -22.5000   22.500013261.9189   15.4377
    0.0000  -22.5000   22.500013839.7959   15.4258
    7.5000  -22.5000   22.500013360.3359   15.3794
   -7.5000  -15.0000   22.500013965.4482   15.3723
    0.0000  -15.0000   22.500014499.3252   15.3571
    7.5000  -15.0000   22.500014004.8447   15.3095
   -7.5000   -7.5000   22.500014534.3408   15.3483
    0.0000   -7.5000   22.500015083.8896   15.3349
    7.5000   -7.5000   22.500014545.7051   15.2896
   -7.5000    0.0000   22.500014921.2852   15.3490
    0.0000    0.0000   22.500015488.0264   15.3418
    7.5000    0.0000   22.500014925.4268   15.3016
   -7.5000    7.5000   22.500014078.2490   15.3630
    0.0000    7.5000   22.500014597.5137   15.3596
    7.5000    7.5000   22.500014037.7002   15.3221
   -7.5000   15.0000   22.500013096.0088   15.3714
    0.0000   15.0000   22.500013592.3398   15.3656
    7.5000   15.0000   22.500013044.5312   15.3255
   -7.5000   22.5000   22.500012092.4951   15.4207
    0.0000   22.5000   22.500012583.8477   15.4091
    7.5000   22.5000   22.500012064.0342   15.3652
   -7.5000   30.0000   22.500011060.4619   15.3993
    0.0000   30.0000   22.500011523.9590   15.3824
    7.5000   30.0000   22.500011040.9463   15.3363
   -7.5000   37.5000   22.500010439.9980   15.6124
    0.0000   37.5000   22.500010880.3994   15.5974
    7.5000   37.5000   22.500010425.8828   15.5560
   -7.5000   45.0000   22.5000 9481.6738   15.5350
    0.0000   45.0000   22.5000 9874.8906   15.5257
    7.5000   45.0000   22.5000 9457.1475   15.4906
   -7.5000  -45.0000   30.000010244.3760   15.7592
    0.0000  -45.0000   30.000010741.3701   15.7465
    7.5000  -45.0000   30.000010345.3730   15.6973
   -7.5000  -37.5000   30.000010792.9883   15.7243
    0.0000  -37.5000   30.000011300.6631   15.7167
    7.5000  -37.5000   30.000010880.7197   15.6714
   -7.5000  -30.0000   30.000011624.4316   15.6626
    0.0000  -30.0000   30.000012183.4688   15.6537
    7.5000  -30.0000   30.000011722.8525   15.6077
   -7.5000  -22.5000   30.000012366.5586   15.5767
    0.0000  -22.5000   30.000012917.6006   15.5624
    7.5000  -22.5000   30.000012450.5557   15.5141
   -7.5000  -15.0000   30.000012998.5479   15.5046
    0.0000  -15.0000   30.000013522.9209   15.4870
    7.5000  -15.0000   30.000013041.1553   15.4376
   -7.5000   -7.5000   30.000013530.1104   15.4788
    0.0000   -7.5000   30.000014057.0469   15.4628
    7.5000   -7.5000   30.000013540.9346   15.4151
   -7.5000    0.0000   30.000013875.7334   15.4841
    0.0000    0.0000   30.000014399.8408   15.4741
    7.5000    0.0000   30.000013861.3320   15.4309
   -7.5000    7.5000   30.000013087.6406   15.5043
    0.0000    7.5000   30.000013571.5166   15.4986
    7.5000    7.5000   30.000013041.6807   15.4580
   -7.5000   15.0000   30.000012161.4551   15.5131
    0.0000   15.0000   30.000012638.3750   15.5053
    7.5000   15.0000   30.000012123.4248   15.4626
   -7.5000   22.5000   30.000011252.7432   15.5555
    0.0000   22.5000   30.000011723.1504   15.5420
    7.5000   22.5000   30.000011223.5693   15.4965
   -7.5000   30.0000   30.000010322.2852   15.5246
    0.0000   30.0000   30.000010756.4209   15.5062
    7.5000   30.0000   30.000010304.5752   15.4599
   -7.5000   37.5000   30.0000 9751.4248   15.7392
    0.0000   37.5000   30.000010164.5908   15.7234
    7.5000   37.5000   30.0000 9744.0508   15.6812
   -7.5000   45.0000   30.0000 8850.7715   15.6654
    0.0000   45.0000   30.0000 9237.6504   15.6558
    7.5000   45.0000   30.0000 8837.2441   15.6197
   -7.5000  -45.0000   37.5000 9869.4238   15.9611
    0.0000  -45.0000   37.500010363.5889   15.9459
    7.5000  -45.0000   37.5000 9974.5449   15.8881
   -7.5000  -37.5000   37.500010395.9395   15.9240
    0.0000  -37.5000   37.500010911.2656   15.9158
    7.5000  -37.5000   37.500010501.1738   15.8642
   -7.5000  -30.0000   37.500011193.1074   15.8566
    0.0000  -30.0000   37.500011772.7578   15.8491
    7.5000  -30.0000   37.500011312.1621   15.7983
   -7.5000  -22.5000   37.500011871.8115   15.7684
    0.0000  -22.5000   37.500012446.4336   15.7554
    7.5000  -22.5000   37.500011962.4951   15.7013
   -7.5000  -15.0000   37.500012464.5098   15.6983
    0.0000  -15.0000   37.500013019.1328   15.6804
    7.5000  -15.0000   37.500012528.0742   15.6234
   -7.5000   -7.5000   37.500012948.0439   15.6768
    0.0000   -7.5000   37.500013505.2754   15.6589
    7.5000   -7.5000   37.500012978.2920   15.6024
   -7.5000    0.0000   37.500013261.1826   15.6867
    0.0000    0.0000   37.500013821.2646   15.6741
    7.5000    0.0000   37.500013278.3076   15.6226
   -7.5000    7.5000   37.500012539.6162   15.7047
    0.0000    7.5000   37.500013043.7861   15.6983
    7.5000    7.5000   37.500012522.6113   15.6515
   -7.5000   15.0000   37.500011664.8262   15.7056
    0.0000   15.0000   37.500012139.2002   15.6991
    7.5000   15.0000   37.500011647.9209   15.6518
   -7.5000   22.5000   37.500010798.0938   15.7437
    0.0000   22.5000   37.500011264.0059   15.7315
    7.5000   22.5000   37.500010796.6553   15.6802
   -7.5000   30.0000   37.5000 9907.8623   15.7109
    0.0000   30.0000   37.500010350.6348   15.6925
    7.5000   30.0000   37.5000 9921.1484   15.6394
   -7.5000   37.5000   37.5000 9371.2607   15.9353
    0.0000   37.5000   37.5000 9790.2822   15.9188
    7.5000   37.5000   37.5000 9385.1787   15.8697
   -7.5000   45.0000   37.5000 8537.5342   15.8692
    0.0000   45.0000   37.5000 8905.2744   15.8599
    7.5000   45.0000   37.5000 8534.5801   15.8187
   -7.5000  -45.0000   45.0000 9082.8203   16.1890
    0.0000  -45.0000   45.0000 9537.6367   16.1737
    7.5000  -45.0000   45.0000 9180.7461   16.1090
   -7.5000  -37.5000   45.0000 9562.7480   16.1440
    0.0000  -37.5000   45.000010048.8604   16.1376
    7.5000  -37.5000   45.0000 9672.3066   16.0815
   -7.5000  -30.0000   45.000010296.7188   16.0699
    0.0000  -30.0000   45.000010841.4072   16.0651
    7.5000  -30.0000   45.000010419.0010   16.0110
   -7.5000  -22.5000   45.000010917.4697   15.9850
    0.0000  -22.5000   45.000011462.1592   15.9738
    7.5000  -22.5000   45.000011023.3965   15.9147
   -7.5000  -15.0000   45.000011449.1982   15.9223
    0.0000  -15.0000   45.000011983.9160   15.9048
    7.5000  -15.0000   45.000011543.9141   15.8409
   -7.5000   -7.5000   45.000011881.2051   15.9043
    0.0000   -7.5000   45.000012409.3330   15.8858
    7.5000   -7.5000   45.000011942.3271   15.8216
   -7.5000    0.0000   45.000012149.3662   15.9131
    0.0000    0.0000   45.000012677.0205   15.9004
    7.5000    0.0000   45.000012209.7656   15.8422
   -7.5000    7.5000   45.000011492.4092   15.9240
    0.0000    7.5000   45.000011957.7852   15.9192
    7.5000    7.5000   45.000011510.9180   15.8680
   -7.5000   15.0000   45.000010699.9805   15.9168
    0.0000   15.0000   45.000011142.3779   15.9129
    7.5000   15.0000   45.000010713.3672   15.8622
   -7.5000   22.5000   45.0000 9914.7988   15.9575
    0.0000   22.5000   45.000010325.7363   15.9469
    7.5000   22.5000   45.0000 9922.1475   15.8904
   -7.5000   30.0000   45.0000 9087.2148   15.9297
    0.0000   30.0000   45.0000 9496.5713   15.9113
    7.5000   30.0000   45.0000 9114.1318   15.8503
   -7.5000   37.5000   45.0000 8607.4258   16.1641
    0.0000   37.5000   45.0000 9008.4150   16.1467
    7.5000   37.5000   45.0000 8657.3701   16.0904
   -7.5000   45.0000   45.0000 7838.8604   16.1122
    0.0000   45.0000   45.0000 8193.0684   16.1034
    7.5000   45.0000   45.0000 7871.7461   16.0564

---------------------------------------------------------------------
imgreg_4dfp /opt/freesurfer/average/711-2C_as_mni_average_305 /opt/freesurfer/average/711-2B_as_mni_average_305_mask talsrcimg_g11 none talsrcimg_to_711-2C_as_mni_average_305_t4 4355
---------------------------------------------------------------------

freesurfer imgreg_4dfp.c
/opt/freesurfer/average/711-2C_as_mni_average_305.4dfp.img
       256       256       256         1
  1.000000  1.000000  1.000000
orientation T byte_order littleendian
Reading image: /opt/freesurfer/average/711-2C_as_mni_average_305.4dfp.img
dimensions:      256       256       256
mmppix:       1.0000   -1.0000   -1.0000
center:     128.0000 -129.0000 -129.0000
/opt/freesurfer/average/711-2B_as_mni_average_305_mask.4dfp.img
       256       256       256         1
  1.000000  1.000000  1.000000
orientation T byte_order littleendian
Reading mask: /opt/freesurfer/average/711-2B_as_mni_average_305_mask.4dfp.img (2306576 pixels)
talsrcimg_g11.4dfp.img
       256       256       256         1
  1.000000  1.000000  1.000000
orientation T byte_order littleendian
Reading image: talsrcimg_g11.4dfp.img
dimensions:      256       256       256
mmppix:       1.0000   -1.0000   -1.0000
center:     128.0000 -129.0000 -129.0000
rotation matrix determinant  1.000000
image alignment mode   4355 decimal     1103 hex
   -7.5000  -45.0000  -45.0000 2169.9792   15.2770
    0.0000  -45.0000  -45.0000 2196.7898   15.1004
    7.5000  -45.0000  -45.0000 2182.6396   15.1240
   -7.5000  -37.5000  -45.0000 2237.4568   14.4052
    0.0000  -37.5000  -45.0000 2260.3469   14.2357
    7.5000  -37.5000  -45.0000 2247.2783   14.2637
   -7.5000  -30.0000  -45.0000 2282.3159   13.7096
    0.0000  -30.0000  -45.0000 2305.3894   13.5725
    7.5000  -30.0000  -45.0000 2290.7029   13.5792
   -7.5000  -22.5000  -45.0000 2310.2881   13.2256
    0.0000  -22.5000  -45.0000 2331.5552   13.0778
    7.5000  -22.5000  -45.0000 2321.7014   13.0934
   -7.5000  -15.0000  -45.0000 2324.2944   12.9605
    0.0000  -15.0000  -45.0000 2347.7659   12.7851
    7.5000  -15.0000  -45.0000 2335.2700   12.8226
   -7.5000   -7.5000  -45.0000 2329.3533   12.8534
    0.0000   -7.5000  -45.0000 2354.6775   12.6635
    7.5000   -7.5000  -45.0000 2341.5935   12.6957
   -7.5000    0.0000  -45.0000 2323.7380   12.9506
    0.0000    0.0000  -45.0000 2350.3723   12.7574
    7.5000    0.0000  -45.0000 2338.9089   12.7942
   -7.5000    7.5000  -45.0000 2295.3503   13.3563
    0.0000    7.5000  -45.0000 2320.7710   13.1412
    7.5000    7.5000  -45.0000 2308.9468   13.1977
   -7.5000   15.0000  -45.0000 2244.8384   14.0091
    0.0000   15.0000  -45.0000 2272.7903   13.7723
    7.5000   15.0000  -45.0000 2258.2627   13.8160
   -7.5000   22.5000  -45.0000 2176.8286   14.8889
    0.0000   22.5000  -45.0000 2205.0359   14.6453
    7.5000   22.5000  -45.0000 2190.8752   14.6794
   -7.5000   30.0000  -45.0000 2088.9448   16.0987
    0.0000   30.0000  -45.0000 2116.2776   15.7876
    7.5000   30.0000  -45.0000 2102.8125   15.8490
   -7.5000   37.5000  -45.0000 1990.5215   17.7796
    0.0000   37.5000  -45.0000 2015.7797   17.4167
    7.5000   37.5000  -45.0000 2004.2708   17.4705
   -7.5000   45.0000  -45.0000 1877.8342   20.1398
    0.0000   45.0000  -45.0000 1907.5625   19.7679
    7.5000   45.0000  -45.0000 1892.4010   19.8191
   -7.5000  -45.0000  -37.5000 2265.3738   14.1102
    0.0000  -45.0000  -37.5000 2291.5815   13.9715
    7.5000  -45.0000  -37.5000 2279.5046   13.9744
   -7.5000  -37.5000  -37.5000 2326.7207   13.3256
    0.0000  -37.5000  -37.5000 2351.7573   13.1803
    7.5000  -37.5000  -37.5000 2340.0156   13.1953
   -7.5000  -30.0000  -37.5000 2370.2458   12.7229
    0.0000  -30.0000  -37.5000 2397.4446   12.5730
    7.5000  -30.0000  -37.5000 2385.5637   12.5736
   -7.5000  -22.5000  -37.5000 2401.2937   12.2958
    0.0000  -22.5000  -37.5000 2428.0522   12.1621
    7.5000  -22.5000  -37.5000 2417.1990   12.1544
   -7.5000  -15.0000  -37.5000 2417.9146   12.0350
    0.0000  -15.0000  -37.5000 2443.9409   11.8940
    7.5000  -15.0000  -37.5000 2432.7673   11.9151
   -7.5000   -7.5000  -37.5000 2416.5388   11.9969
    0.0000   -7.5000  -37.5000 2449.0906   11.8330
    7.5000   -7.5000  -37.5000 2438.0598   11.8206
   -7.5000    0.0000  -37.5000 2411.5303   12.0980
    0.0000    0.0000  -37.5000 2441.4668   11.9383
    7.5000    0.0000  -37.5000 2434.2449   11.9447
   -7.5000    7.5000  -37.5000 2383.6816   12.4585
    0.0000    7.5000  -37.5000 2414.1243   12.2770
    7.5000    7.5000  -37.5000 2401.7021   12.2878
   -7.5000   15.0000  -37.5000 2331.9023   13.0255
    0.0000   15.0000  -37.5000 2362.4304   12.8226
    7.5000   15.0000  -37.5000 2346.3816   12.8437
   -7.5000   22.5000  -37.5000 2256.2620   13.8598
    0.0000   22.5000  -37.5000 2287.5815   13.6192
    7.5000   22.5000  -37.5000 2275.3459   13.6369
   -7.5000   30.0000  -37.5000 2162.7063   14.9554
    0.0000   30.0000  -37.5000 2192.8718   14.6763
    7.5000   30.0000  -37.5000 2182.3086   14.7092
   -7.5000   37.5000  -37.5000 2059.9556   16.4508
    0.0000   37.5000  -37.5000 2082.7529   16.1517
    7.5000   37.5000  -37.5000 2075.4604   16.1648
   -7.5000   45.0000  -37.5000 1935.1250   18.5999
    0.0000   45.0000  -37.5000 1966.8191   18.2932
    7.5000   45.0000  -37.5000 1952.7271   18.3295
   -7.5000  -45.0000  -30.0000 2395.0820   13.5269
    0.0000  -45.0000  -30.0000 2419.7998   13.4169
    7.5000  -45.0000  -30.0000 2408.7944   13.4040
   -7.5000  -37.5000  -30.0000 2459.4053   12.7701
    0.0000  -37.5000  -30.0000 2481.3042   12.6484
    7.5000  -37.5000  -30.0000 2471.8667   12.6335
   -7.5000  -30.0000  -30.0000 2500.3301   12.2143
    0.0000  -30.0000  -30.0000 2527.3379   12.0887
    7.5000  -30.0000  -30.0000 2514.4177   12.0504
   -7.5000  -22.5000  -30.0000 2536.9753   11.8316
    0.0000  -22.5000  -30.0000 2566.4841   11.6838
    7.5000  -22.5000  -30.0000 2557.8914   11.6608
   -7.5000  -15.0000  -30.0000 2556.8342   11.5884
    0.0000  -15.0000  -30.0000 2589.8066   11.4287
    7.5000  -15.0000  -30.0000 2577.3801   11.4085
   -7.5000   -7.5000  -30.0000 2565.9526   11.5375
    0.0000   -7.5000  -30.0000 2601.9417   11.3892
    7.5000   -7.5000  -30.0000 2589.3782   11.3590
   -7.5000    0.0000  -30.0000 2555.3965   11.7054
    0.0000    0.0000  -30.0000 2592.4641   11.5600
    7.5000    0.0000  -30.0000 2582.0012   11.5463
   -7.5000    7.5000  -30.0000 2523.5518   12.0609
    0.0000    7.5000  -30.0000 2555.0437   11.9141
    7.5000    7.5000  -30.0000 2544.1079   11.9014
   -7.5000   15.0000  -30.0000 2468.2458   12.5904
    0.0000   15.0000  -30.0000 2499.3809   12.4094
    7.5000   15.0000  -30.0000 2486.3889   12.4016
   -7.5000   22.5000  -30.0000 2386.9370   13.3509
    0.0000   22.5000  -30.0000 2416.1345   13.1317
    7.5000   22.5000  -30.0000 2406.9077   13.1379
   -7.5000   30.0000  -30.0000 2285.7400   14.3919
    0.0000   30.0000  -30.0000 2314.1582   14.1380
    7.5000   30.0000  -30.0000 2310.4617   14.1489
   -7.5000   37.5000  -30.0000 2171.5017   15.8649
    0.0000   37.5000  -30.0000 2196.1812   15.5725
    7.5000   37.5000  -30.0000 2191.7036   15.5687
   -7.5000   45.0000  -30.0000 2038.5560   17.8885
    0.0000   45.0000  -30.0000 2063.2334   17.5570
    7.5000   45.0000  -30.0000 2057.6099   17.5743
   -7.5000  -45.0000  -22.5000 2490.6140   12.9517
    0.0000  -45.0000  -22.5000 2511.9041   12.8163
    7.5000  -45.0000  -22.5000 2500.6990   12.8198
   -7.5000  -37.5000  -22.5000 2552.3555   12.2443
    0.0000  -37.5000  -22.5000 2575.7417   12.1096
    7.5000  -37.5000  -22.5000 2564.2898   12.0928
   -7.5000  -30.0000  -22.5000 2599.0286   11.6961
    0.0000  -30.0000  -22.5000 2630.8945   11.5588
    7.5000  -30.0000  -22.5000 2617.6709   11.5436
   -7.5000  -22.5000  -22.5000 2643.5061   11.3161
    0.0000  -22.5000  -22.5000 2679.1145   11.1739
    7.5000  -22.5000  -22.5000 2669.3508   11.1643
   -7.5000  -15.0000  -22.5000 2671.6196   11.0775
    0.0000  -15.0000  -22.5000 2704.9270   10.9325
    7.5000  -15.0000  -22.5000 2694.3467   10.9226
   -7.5000   -7.5000  -22.5000 2684.0654   11.0363
    0.0000   -7.5000  -22.5000 2720.6060   10.8994
    7.5000   -7.5000  -22.5000 2708.1072   10.8693
   -7.5000    0.0000  -22.5000 2674.0320   11.2354
    0.0000    0.0000  -22.5000 2715.4509   11.0907
    7.5000    0.0000  -22.5000 2702.6125   11.0635
   -7.5000    7.5000  -22.5000 2639.1814   11.5939
    0.0000    7.5000  -22.5000 2677.7791   11.4753
    7.5000    7.5000  -22.5000 2661.7263   11.4399
   -7.5000   15.0000  -22.5000 2576.0032   12.1115
    0.0000   15.0000  -22.5000 2611.7847   11.9679
    7.5000   15.0000  -22.5000 2599.5647   11.9355
   -7.5000   22.5000  -22.5000 2489.0969   12.8163
    0.0000   22.5000  -22.5000 2521.5046   12.6211
    7.5000   22.5000  -22.5000 2510.4661   12.6089
   -7.5000   30.0000  -22.5000 2378.1133   13.7991
    0.0000   30.0000  -22.5000 2408.2163   13.5674
    7.5000   30.0000  -22.5000 2401.8743   13.5649
   -7.5000   37.5000  -22.5000 2251.6072   15.2154
    0.0000   37.5000  -22.5000 2279.8511   14.9508
    7.5000   37.5000  -22.5000 2276.0205   14.9372
   -7.5000   45.0000  -22.5000 2114.8652   17.1511
    0.0000   45.0000  -22.5000 2137.6863   16.8405
    7.5000   45.0000  -22.5000 2129.7979   16.8424
   -7.5000  -45.0000  -15.0000 2542.5461   12.4622
    0.0000  -45.0000  -15.0000 2564.9250   12.3129
    7.5000  -45.0000  -15.0000 2556.7524   12.3277
   -7.5000  -37.5000  -15.0000 2612.3406   11.7426
    0.0000  -37.5000  -15.0000 2637.6782   11.6074
    7.5000  -37.5000  -15.0000 2627.4712   11.6090
   -7.5000  -30.0000  -15.0000 2666.6440   11.2189
    0.0000  -30.0000  -15.0000 2697.3625   11.0743
    7.5000  -30.0000  -15.0000 2685.5652   11.0925
   -7.5000  -22.5000  -15.0000 2718.6570   10.8608
    0.0000  -22.5000  -15.0000 2752.1567   10.7148
    7.5000  -22.5000  -15.0000 2741.0945   10.7212
   -7.5000  -15.0000  -15.0000 2754.2727   10.6226
    0.0000  -15.0000  -15.0000 2793.3691   10.4589
    7.5000  -15.0000  -15.0000 2779.6125   10.4641
   -7.5000   -7.5000  -15.0000 2772.1755   10.5850
    0.0000   -7.5000  -15.0000 2815.4280   10.4241
    7.5000   -7.5000  -15.0000 2795.2502   10.4222
   -7.5000    0.0000  -15.0000 2764.5725   10.7828
    0.0000    0.0000  -15.0000 2817.6536   10.6483
    7.5000    0.0000  -15.0000 2796.3450   10.6228
   -7.5000    7.5000  -15.0000 2726.1177   11.1536
    0.0000    7.5000  -15.0000 2776.8484   11.0386
    7.5000    7.5000  -15.0000 2756.1724   11.0117
   -7.5000   15.0000  -15.0000 2653.1562   11.6696
    0.0000   15.0000  -15.0000 2698.1418   11.5467
    7.5000   15.0000  -15.0000 2680.8364   11.5110
   -7.5000   22.5000  -15.0000 2557.5415   12.3327
    0.0000   22.5000  -15.0000 2595.4375   12.1588
    7.5000   22.5000  -15.0000 2581.8105   12.1356
   -7.5000   30.0000  -15.0000 2440.0557   13.2718
    0.0000   30.0000  -15.0000 2475.8989   13.0482
    7.5000   30.0000  -15.0000 2464.4351   13.0383
   -7.5000   37.5000  -15.0000 2310.1697   14.6066
    0.0000   37.5000  -15.0000 2341.5142   14.3812
    7.5000   37.5000  -15.0000 2330.6899   14.3661
   -7.5000   45.0000  -15.0000 2162.8108   16.4330
    0.0000   45.0000  -15.0000 2188.6716   16.1862
    7.5000   45.0000  -15.0000 2179.4167   16.1897
   -7.5000  -45.0000   -7.5000 2569.9368   12.1289
    0.0000  -45.0000   -7.5000 2596.8721   11.9403
    7.5000  -45.0000   -7.5000 2585.0847   11.9814
   -7.5000  -37.5000   -7.5000 2637.7227   11.3902
    0.0000  -37.5000   -7.5000 2672.6982   11.2192
    7.5000  -37.5000   -7.5000 2660.3633   11.2474
   -7.5000  -30.0000   -7.5000 2703.0439   10.8413
    0.0000  -30.0000   -7.5000 2733.8726   10.6677
    7.5000  -30.0000   -7.5000 2722.4788   10.6949
   -7.5000  -22.5000   -7.5000 2763.8428   10.4770
    0.0000  -22.5000   -7.5000 2805.2668   10.3149
    7.5000  -22.5000   -7.5000 2791.9175   10.3273
   -7.5000  -15.0000   -7.5000 2808.2629   10.2683
    0.0000  -15.0000   -7.5000 2863.1760   10.0733
    7.5000  -15.0000   -7.5000 2844.3777   10.1001
   -7.5000   -7.5000   -7.5000 2839.4541   10.2315
    0.0000   -7.5000   -7.5000 2894.8782   10.0211
    7.5000   -7.5000   -7.5000 2872.8943   10.0449
   -7.5000    0.0000   -7.5000 2833.1306   10.4172
    0.0000    0.0000   -7.5000 2889.0166   10.2437
    7.5000    0.0000   -7.5000 2869.1846   10.2381
   -7.5000    7.5000   -7.5000 2786.1394   10.7866
    0.0000    7.5000   -7.5000 2840.9253   10.6368
    7.5000    7.5000   -7.5000 2820.6008   10.6280
   -7.5000   15.0000   -7.5000 2704.6721   11.2976
    0.0000   15.0000   -7.5000 2755.0913   11.1400
    7.5000   15.0000   -7.5000 2733.9050   11.1247
   -7.5000   22.5000   -7.5000 2599.3218   11.9414
    0.0000   22.5000   -7.5000 2642.1191   11.7688
    7.5000   22.5000   -7.5000 2625.3130   11.7566
   -7.5000   30.0000   -7.5000 2480.3127   12.8434
    0.0000   30.0000   -7.5000 2513.2510   12.6071
    7.5000   30.0000   -7.5000 2500.4729   12.6102
   -7.5000   37.5000   -7.5000 2342.5347   14.1309
    0.0000   37.5000   -7.5000 2373.4124   13.8888
    7.5000   37.5000   -7.5000 2361.5808   13.8955
   -7.5000   45.0000   -7.5000 2188.2395   15.8881
    0.0000   45.0000   -7.5000 2217.3018   15.6232
    7.5000   45.0000   -7.5000 2205.1067   15.6605
   -7.5000  -45.0000    0.0000 2577.5442   11.9534
    0.0000  -45.0000    0.0000 2603.4736   11.7029
    7.5000  -45.0000    0.0000 2593.8130   11.7588
   -7.5000  -37.5000    0.0000 2645.2402   11.1941
    0.0000  -37.5000    0.0000 2679.3047   10.9422
    7.5000  -37.5000    0.0000 2669.2273   11.0120
   -7.5000  -30.0000    0.0000 2715.7881   10.6273
    0.0000  -30.0000    0.0000 2752.4177   10.3812
    7.5000  -30.0000    0.0000 2740.2754   10.4349
   -7.5000  -22.5000    0.0000 2786.9834   10.2651
    0.0000  -22.5000    0.0000 2831.9548   10.0468
    7.5000  -22.5000    0.0000 2818.7786   10.0724
   -7.5000  -15.0000    0.0000 2842.7151   10.0689
    0.0000  -15.0000    0.0000 2906.7815    9.8554
    7.5000  -15.0000    0.0000 2883.8992    9.8790
   -7.5000   -7.5000    0.0000 2878.6584   10.0422
    0.0000   -7.5000    0.0000 2950.2573    9.8006
    7.5000   -7.5000    0.0000 2923.1206    9.8376
   -7.5000    0.0000    0.0000 2872.8303   10.2209
    0.0000    0.0000    0.0000 2938.6489    9.9472
    7.5000    0.0000    0.0000 2915.9873    9.9925
   -7.5000    7.5000    0.0000 2816.6921   10.5837
    0.0000    7.5000    0.0000 2872.6833   10.3109
    7.5000    7.5000    0.0000 2856.2571   10.3611
   -7.5000   15.0000    0.0000 2724.0298   11.0746
    0.0000   15.0000    0.0000 2775.0059   10.8406
    7.5000   15.0000    0.0000 2759.7295   10.8757
   -7.5000   22.5000    0.0000 2615.0811   11.7024
    0.0000   22.5000    0.0000 2655.8916   11.4839
    7.5000   22.5000    0.0000 2644.8555   11.5089
   -7.5000   30.0000    0.0000 2489.5359   12.5953
    0.0000   30.0000    0.0000 2524.5525   12.3490
    7.5000   30.0000    0.0000 2511.8647   12.3635
   -7.5000   37.5000    0.0000 2348.1687   13.8477
    0.0000   37.5000    0.0000 2383.2627   13.5830
    7.5000   37.5000    0.0000 2371.8682   13.6119
   -7.5000   45.0000    0.0000 2192.5227   15.5419
    0.0000   45.0000    0.0000 2221.5676   15.2614
    7.5000   45.0000    0.0000 2214.9561   15.3111
   -7.5000  -45.0000    7.5000 2572.2944   11.8933
    0.0000  -45.0000    7.5000 2601.3191   11.6165
    7.5000  -45.0000    7.5000 2596.2456   11.6830
   -7.5000  -37.5000    7.5000 2641.2876   11.1146
    0.0000  -37.5000    7.5000 2681.0830   10.8356
    7.5000  -37.5000    7.5000 2670.5891   10.8918
   -7.5000  -30.0000    7.5000 2717.9951   10.5192
    0.0000  -30.0000    7.5000 2759.7090   10.2347
    7.5000  -30.0000    7.5000 2749.5559   10.2994
   -7.5000  -22.5000    7.5000 2795.2053   10.1546
    0.0000  -22.5000    7.5000 2842.9443    9.8955
    7.5000  -22.5000    7.5000 2831.9839    9.9388
   -7.5000  -15.0000    7.5000 2852.3445    9.9766
    0.0000  -15.0000    7.5000 2917.5725    9.7282
    7.5000  -15.0000    7.5000 2898.8796    9.7598
   -7.5000   -7.5000    7.5000 2885.2903   10.0135
    0.0000   -7.5000    7.5000 2959.2969    9.7158
    7.5000   -7.5000    7.5000 2936.1748    9.7866
   -7.5000    0.0000    7.5000 2876.5691   10.2094
    0.0000    0.0000    7.5000 2941.6594    9.9003
    7.5000    0.0000    7.5000 2923.7432    9.9731
   -7.5000    7.5000    7.5000 2819.4585   10.5201
    0.0000    7.5000    7.5000 2871.6409   10.2306
    7.5000    7.5000    7.5000 2860.8608   10.2926
   -7.5000   15.0000    7.5000 2722.6230   10.9630
    0.0000   15.0000    7.5000 2770.9641   10.6942
    7.5000   15.0000    7.5000 2761.7786   10.7418
   -7.5000   22.5000    7.5000 2603.3374   11.6290
    0.0000   22.5000    7.5000 2645.0503   11.3707
    7.5000   22.5000    7.5000 2634.5239   11.4054
   -7.5000   30.0000    7.5000 2474.5334   12.5573
    0.0000   30.0000    7.5000 2512.7734   12.2960
    7.5000   30.0000    7.5000 2500.7688   12.2996
   -7.5000   37.5000    7.5000 2335.8384   13.8154
    0.0000   37.5000    7.5000 2372.2007   13.5450
    7.5000   37.5000    7.5000 2362.7329   13.5434
   -7.5000   45.0000    7.5000 2183.8809   15.4572
    0.0000   45.0000    7.5000 2213.0623   15.2025
    7.5000   45.0000    7.5000 2206.9321   15.1959
   -7.5000  -45.0000   15.0000 2561.2380   11.9486
    0.0000  -45.0000   15.0000 2594.9829   11.6341
    7.5000  -45.0000   15.0000 2589.2124   11.7344
   -7.5000  -37.5000   15.0000 2629.6243   11.1707
    0.0000  -37.5000   15.0000 2669.0361   10.8595
    7.5000  -37.5000   15.0000 2659.6536   10.9298
   -7.5000  -30.0000   15.0000 2702.5732   10.6034
    0.0000  -30.0000   15.0000 2744.3206   10.2965
    7.5000  -30.0000   15.0000 2732.0435   10.3678
   -7.5000  -22.5000   15.0000 2774.3506   10.2465
    0.0000  -22.5000   15.0000 2821.9568    9.9713
    7.5000  -22.5000   15.0000 2808.1235   10.0203
   -7.5000  -15.0000   15.0000 2827.0842   10.0750
    0.0000  -15.0000   15.0000 2886.9834    9.7947
    7.5000  -15.0000   15.0000 2869.0723    9.8478
   -7.5000   -7.5000   15.0000 2855.6287   10.1364
    0.0000   -7.5000   15.0000 2923.8257    9.8267
    7.5000   -7.5000   15.0000 2904.3789    9.8819
   -7.5000    0.0000   15.0000 2841.0725   10.3364
    0.0000    0.0000   15.0000 2905.8674   10.0835
    7.5000    0.0000   15.0000 2891.0752   10.0981
   -7.5000    7.5000   15.0000 2783.0857   10.6224
    0.0000    7.5000   15.0000 2840.1145   10.4144
    7.5000    7.5000   15.0000 2828.4597   10.4126
   -7.5000   15.0000   15.0000 2687.4219   11.0952
    0.0000   15.0000   15.0000 2734.1545   10.8707
    7.5000   15.0000   15.0000 2725.0627   10.8896
   -7.5000   22.5000   15.0000 2571.0127   11.7784
    0.0000   22.5000   15.0000 2613.2158   11.5135
    7.5000   22.5000   15.0000 2605.9546   11.5257
   -7.5000   30.0000   15.0000 2440.1077   12.7211
    0.0000   30.0000   15.0000 2476.7034   12.4419
    7.5000   30.0000   15.0000 2470.5522   12.4299
   -7.5000   37.5000   15.0000 2310.1897   13.9660
    0.0000   37.5000   15.0000 2338.9258   13.6679
    7.5000   37.5000   15.0000 2334.7688   13.6446
   -7.5000   45.0000   15.0000 2160.9714   15.5723
    0.0000   45.0000   15.0000 2183.4507   15.2578
    7.5000   45.0000   15.0000 2178.9216   15.2712
   -7.5000  -45.0000   22.5000 2539.7930   12.1862
    0.0000  -45.0000   22.5000 2571.1619   11.8609
    7.5000  -45.0000   22.5000 2563.9277   11.9473
   -7.5000  -37.5000   22.5000 2607.1040   11.4029
    0.0000  -37.5000   22.5000 2644.7061   11.0923
    7.5000  -37.5000   22.5000 2633.1589   11.1603
   -7.5000  -30.0000   22.5000 2677.4517   10.8560
    0.0000  -30.0000   22.5000 2716.7693   10.5609
    7.5000  -30.0000   22.5000 2704.0144   10.6220
   -7.5000  -22.5000   22.5000 2737.4270   10.5204
    0.0000  -22.5000   22.5000 2786.2556   10.2514
    7.5000  -22.5000   22.5000 2770.6321   10.2878
   -7.5000  -15.0000   22.5000 2784.1887   10.3753
    0.0000  -15.0000   22.5000 2839.5876   10.0686
    7.5000  -15.0000   22.5000 2820.2288   10.1172
   -7.5000   -7.5000   22.5000 2803.2971   10.4437
    0.0000   -7.5000   22.5000 2861.9626   10.1404
    7.5000   -7.5000   22.5000 2843.3455   10.1723
   -7.5000    0.0000   22.5000 2782.6016   10.6655
    0.0000    0.0000   22.5000 2837.8704   10.3972
    7.5000    0.0000   22.5000 2823.9724   10.4168
   -7.5000    7.5000   22.5000 2721.6113   10.9791
    0.0000    7.5000   22.5000 2767.9385   10.7276
    7.5000    7.5000   22.5000 2756.7546   10.7465
   -7.5000   15.0000   22.5000 2631.6907   11.4754
    0.0000   15.0000   22.5000 2673.6111   11.2169
    7.5000   15.0000   22.5000 2664.6008   11.2261
   -7.5000   22.5000   22.5000 2524.5430   12.1477
    0.0000   22.5000   22.5000 2565.8169   11.8597
    7.5000   22.5000   22.5000 2559.5544   11.8532
   -7.5000   30.0000   22.5000 2403.2627   13.0894
    0.0000   30.0000   22.5000 2436.3328   12.7862
    7.5000   30.0000   22.5000 2432.8110   12.7603
   -7.5000   37.5000   22.5000 2273.9753   14.3013
    0.0000   37.5000   22.5000 2300.3691   13.9960
    7.5000   37.5000   22.5000 2294.4739   13.9643
   -7.5000   45.0000   22.5000 2123.0459   15.9051
    0.0000   45.0000   22.5000 2144.7583   15.6039
    7.5000   45.0000   22.5000 2141.1604   15.5602
   -7.5000  -45.0000   30.0000 2501.8145   12.5882
    0.0000  -45.0000   30.0000 2534.9700   12.2959
    7.5000  -45.0000   30.0000 2523.3127   12.3622
   -7.5000  -37.5000   30.0000 2568.7275   11.8386
    0.0000  -37.5000   30.0000 2605.6841   11.5491
    7.5000  -37.5000   30.0000 2590.9673   11.6182
   -7.5000  -30.0000   30.0000 2625.8171   11.3127
    0.0000  -30.0000   30.0000 2671.0203   11.0273
    7.5000  -30.0000   30.0000 2658.8518   11.0734
   -7.5000  -22.5000   30.0000 2678.6450   10.9883
    0.0000  -22.5000   30.0000 2729.8953   10.6973
    7.5000  -22.5000   30.0000 2716.3098   10.7294
   -7.5000  -15.0000   30.0000 2715.6882   10.8546
    0.0000  -15.0000   30.0000 2766.6733   10.5561
    7.5000  -15.0000   30.0000 2751.7976   10.5925
   -7.5000   -7.5000   30.0000 2731.0195   10.9110
    0.0000   -7.5000   30.0000 2775.5391   10.6398
    7.5000   -7.5000   30.0000 2763.0935   10.6561
   -7.5000    0.0000   30.0000 2702.7454   11.1601
    0.0000    0.0000   30.0000 2742.9541   10.9094
    7.5000    0.0000   30.0000 2732.2622   10.9150
   -7.5000    7.5000   30.0000 2642.1160   11.5472
    0.0000    7.5000   30.0000 2675.8018   11.2942
    7.5000    7.5000   30.0000 2665.8064   11.2990
   -7.5000   15.0000   30.0000 2557.5444   12.0340
    0.0000   15.0000   30.0000 2595.2917   11.7666
    7.5000   15.0000   30.0000 2584.5925   11.7697
   -7.5000   22.5000   30.0000 2462.7803   12.6789
    0.0000   22.5000   30.0000 2500.3594   12.3954
    7.5000   22.5000   30.0000 2489.5754   12.3969
   -7.5000   30.0000   30.0000 2348.3342   13.5950
    0.0000   30.0000   30.0000 2381.7600   13.2843
    7.5000   30.0000   30.0000 2377.2908   13.2737
   -7.5000   37.5000   30.0000 2221.1792   14.7977
    0.0000   37.5000   30.0000 2248.7117   14.4857
    7.5000   37.5000   30.0000 2245.3755   14.4694
   -7.5000   45.0000   30.0000 2079.7605   16.3674
    0.0000   45.0000   30.0000 2102.9849   16.0762
    7.5000   45.0000   30.0000 2096.9866   16.0652
   -7.5000  -45.0000   37.5000 2453.7031   13.1830
    0.0000  -45.0000   37.5000 2488.5811   12.9024
    7.5000  -45.0000   37.5000 2476.1494   12.9541
   -7.5000  -37.5000   37.5000 2516.4026   12.4303
    0.0000  -37.5000   37.5000 2556.5288   12.1540
    7.5000  -37.5000   37.5000 2543.9434   12.1788
   -7.5000  -30.0000   37.5000 2566.9473   11.8939
    0.0000  -30.0000   37.5000 2618.8674   11.6290
    7.5000  -30.0000   37.5000 2603.9524   11.6476
   -7.5000  -22.5000   37.5000 2607.0886   11.5656
    0.0000  -22.5000   37.5000 2661.1138   11.2988
    7.5000  -22.5000   37.5000 2646.3149   11.3178
   -7.5000  -15.0000   37.5000 2635.8696   11.4576
    0.0000  -15.0000   37.5000 2680.9929   11.1947
    7.5000  -15.0000   37.5000 2666.7563   11.2157
   -7.5000   -7.5000   37.5000 2634.4272   11.5411
    0.0000   -7.5000   37.5000 2674.3137   11.3040
    7.5000   -7.5000   37.5000 2662.2629   11.3013
   -7.5000    0.0000   37.5000 2602.1055   11.7973
    0.0000    0.0000   37.5000 2638.9299   11.5801
    7.5000    0.0000   37.5000 2631.7039   11.5633
   -7.5000    7.5000   37.5000 2549.3667   12.2269
    0.0000    7.5000   37.5000 2576.5300   11.9945
    7.5000    7.5000   37.5000 2570.1091   11.9874
   -7.5000   15.0000   37.5000 2472.7395   12.7422
    0.0000   15.0000   37.5000 2500.4365   12.4984
    7.5000   15.0000   37.5000 2494.0632   12.4956
   -7.5000   22.5000   37.5000 2391.3376   13.3719
    0.0000   22.5000   37.5000 2420.9377   13.1015
    7.5000   22.5000   37.5000 2412.7219   13.1025
   -7.5000   30.0000   37.5000 2287.2246   14.2395
    0.0000   30.0000   37.5000 2320.5789   13.9505
    7.5000   30.0000   37.5000 2312.5115   13.9365
   -7.5000   37.5000   37.5000 2166.0461   15.4411
    0.0000   37.5000   37.5000 2192.5161   15.1251
    7.5000   37.5000   37.5000 2188.1123   15.1074
   -7.5000   45.0000   37.5000 2030.7455   17.0788
    0.0000   45.0000   37.5000 2048.8682   16.7889
    7.5000   45.0000   37.5000 2047.2576   16.7732
   -7.5000  -45.0000   45.0000 2394.2178   13.9961
    0.0000  -45.0000   45.0000 2428.5400   13.7378
    7.5000  -45.0000   45.0000 2416.4128   13.7698
   -7.5000  -37.5000   45.0000 2450.8572   13.2161
    0.0000  -37.5000   45.0000 2488.6177   12.9517
    7.5000  -37.5000   45.0000 2477.8347   12.9752
   -7.5000  -30.0000   45.0000 2496.0857   12.6488
    0.0000  -30.0000   45.0000 2543.6809   12.4012
    7.5000  -30.0000   45.0000 2530.0408   12.4238
   -7.5000  -22.5000   45.0000 2531.3767   12.3269
    0.0000  -22.5000   45.0000 2575.9563   12.0943
    7.5000  -22.5000   45.0000 2565.1528   12.1173
   -7.5000  -15.0000   45.0000 2547.0901   12.2412
    0.0000  -15.0000   45.0000 2583.2908   12.0227
    7.5000  -15.0000   45.0000 2574.4502   12.0418
   -7.5000   -7.5000   45.0000 2534.1165   12.3533
    0.0000   -7.5000   45.0000 2568.1016   12.1371
    7.5000   -7.5000   45.0000 2560.2888   12.1450
   -7.5000    0.0000   45.0000 2499.0327   12.6417
    0.0000    0.0000   45.0000 2528.4700   12.4223
    7.5000    0.0000   45.0000 2526.4880   12.4185
   -7.5000    7.5000   45.0000 2452.5278   13.0796
    0.0000    7.5000   45.0000 2475.5088   12.8489
    7.5000    7.5000   45.0000 2471.6758   12.8657
   -7.5000   15.0000   45.0000 2385.7979   13.6188
    0.0000   15.0000   45.0000 2408.5303   13.3821
    7.5000   15.0000   45.0000 2405.4395   13.4038
   -7.5000   22.5000   45.0000 2309.2488   14.2386
    0.0000   22.5000   45.0000 2330.5486   13.9786
    7.5000   22.5000   45.0000 2327.9099   13.9887
   -7.5000   30.0000   45.0000 2214.0981   15.0792
    0.0000   30.0000   45.0000 2243.4651   14.7794
    7.5000   30.0000   45.0000 2240.4636   14.7637
   -7.5000   37.5000   45.0000 2101.7581   16.2764
    0.0000   37.5000   45.0000 2128.5618   15.9645
    7.5000   37.5000   45.0000 2127.3252   15.9472
   -7.5000   45.0000   45.0000 1972.5615   17.9832
    0.0000   45.0000   45.0000 1993.8671   17.6740
    7.5000   45.0000   45.0000 1990.5664   17.6863

---------------------------------------------------------------------
imgreg_4dfp /opt/freesurfer/average/711-2C_as_mni_average_305 /opt/freesurfer/average/711-2B_as_mni_average_305_mask talsrcimg_g11 none talsrcimg_to_711-2C_as_mni_average_305_t4 1283
---------------------------------------------------------------------

freesurfer imgreg_4dfp.c
/opt/freesurfer/average/711-2C_as_mni_average_305.4dfp.img
       256       256       256         1
  1.000000  1.000000  1.000000
orientation T byte_order littleendian
Reading image: /opt/freesurfer/average/711-2C_as_mni_average_305.4dfp.img
dimensions:      256       256       256
mmppix:       1.0000   -1.0000   -1.0000
center:     128.0000 -129.0000 -129.0000
/opt/freesurfer/average/711-2B_as_mni_average_305_mask.4dfp.img
       256       256       256         1
  1.000000  1.000000  1.000000
orientation T byte_order littleendian
Reading mask: /opt/freesurfer/average/711-2B_as_mni_average_305_mask.4dfp.img (2306576 pixels)
talsrcimg_g11.4dfp.img
       256       256       256         1
  1.000000  1.000000  1.000000
orientation T byte_order littleendian
Reading image: talsrcimg_g11.4dfp.img
dimensions:      256       256       256
mmppix:       1.0000   -1.0000   -1.0000
center:     128.0000 -129.0000 -129.0000
rotation matrix determinant  1.000000
fimgreg.f
image alignment mode   1283 decimal      503 hex
parameters
    0.0000   -7.5000    7.5000    0.0000    0.0000    0.0000
eta,q 0.92823  9.70178
niter,ni,del,rscale     5    3   12.0000    1.2000
parameter  4  3.129344 ->  0.500000 qaram    1.1500
parameters
    1.7400   -5.0589    5.7572   -3.4500   -0.3326   -0.8570
eta,q 0.93635  9.55853
  0.0897  0.0790  0.0713  0.0626  0.0694  0.0673
  0.0821  0.0765  0.0699  0.0633  0.0668  0.0651
  0.0765  0.0740  0.0685  0.0654  0.0645  0.0637
  0.0722  0.0703  0.0686  0.0685  0.0638  0.0638
  0.0705  0.0684  0.0706  0.0714  0.0651  0.0648
  0.0728  0.0691  0.0746  0.0742  0.0678  0.0671
  0.0775  0.0725  0.0799  0.0765  0.0707  0.0700
niter,ni,del,rscale     5    3   12.0000    1.2000
parameters
    1.9939   -4.5898    4.8125   -6.7704   -0.1068   -1.0827
eta,q 0.93739  9.59140
  0.0775  0.0750  0.0685  0.0645  0.0687  0.0663
  0.0710  0.0692  0.0665  0.0635  0.0661  0.0644
  0.0661  0.0653  0.0647  0.0625  0.0639  0.0631
  0.0636  0.0636  0.0635  0.0638  0.0626  0.0626
  0.0652  0.0642  0.0650  0.0670  0.0633  0.0633
  0.0697  0.0679  0.0691  0.0707  0.0654  0.0649
  0.0753  0.0716  0.0742  0.0742  0.0681  0.0668
niter,ni,del,rscale     4    3   12.0000    1.2000
parameter  4  0.548833 ->  0.500000 qaram    1.3225
parameters
    1.8958   -3.3381    4.0065  -10.7380   -0.3588   -0.5496
eta,q 0.93756  9.68661
  0.0748  0.0732  0.0696  0.0623  0.0670  0.0661
  0.0685  0.0676  0.0670  0.0624  0.0645  0.0647
  0.0639  0.0636  0.0640  0.0628  0.0628  0.0635
  0.0626  0.0626  0.0629  0.0630  0.0625  0.0625
  0.0650  0.0633  0.0649  0.0640  0.0635  0.0627
  0.0695  0.0648  0.0697  0.0666  0.0654  0.0638
  0.0749  0.0661  0.0752  0.0702  0.0674  0.0653
niter,ni,del,rscale     4    3   12.0000    1.2000
parameter  4  0.519676 ->  0.500000 qaram    1.5209
parameters
    1.8747   -0.5610    3.2963  -15.3006    0.0333   -1.1168
eta,q 0.93954  9.71069
  0.0747  0.0710  0.0666  0.0607  0.0672  0.0640
  0.0683  0.0675  0.0645  0.0603  0.0641  0.0624
  0.0637  0.0651  0.0618  0.0608  0.0612  0.0611
  0.0624  0.0624  0.0607  0.0608  0.0603  0.0604
  0.0646  0.0609  0.0622  0.0628  0.0610  0.0609
  0.0689  0.0607  0.0662  0.0667  0.0631  0.0635
  0.0743  0.0633  0.0713  0.0707  0.0656  0.0661
niter,ni,del,rscale     4    3   12.0000    1.2000
parameters
    1.9161    0.9913    2.9879  -15.9194    0.1218   -1.5487
eta,q 0.94012  9.74337
  0.0736  0.0689  0.0662  0.0654  0.0657  0.0638
  0.0675  0.0651  0.0646  0.0619  0.0628  0.0621
  0.0621  0.0619  0.0622  0.0594  0.0603  0.0605
  0.0605  0.0605  0.0599  0.0601  0.0598  0.0598
  0.0628  0.0598  0.0609  0.0608  0.0609  0.0602
  0.0675  0.0607  0.0643  0.0629  0.0629  0.0627
  0.0729  0.0632  0.0692  0.0670  0.0650  0.0658
niter,ni,del,rscale     3    3   12.0000    1.2000
parameters
    2.0494    1.0756    2.9011  -15.9895    0.1007   -1.6791
eta,q 0.94007  9.74650
  0.0722  0.0665  0.0666  0.0662  0.0655  0.0641
  0.0666  0.0632  0.0648  0.0627  0.0627  0.0625
  0.0615  0.0611  0.0624  0.0597  0.0603  0.0608
  0.0599  0.0599  0.0599  0.0599  0.0599  0.0599
  0.0617  0.0601  0.0606  0.0609  0.0611  0.0600
  0.0658  0.0623  0.0638  0.0624  0.0631  0.0622
  0.0711  0.0668  0.0685  0.0663  0.0651  0.0652
niter,ni,del,rscale     2    3   12.0000    1.2000
parameters
    2.0776    1.1021    2.9042  -15.9956    0.0905   -1.7119
eta,q 0.94006  9.74679
  0.0717  0.0665  0.0668  0.0663  0.0655  0.0642
  0.0661  0.0632  0.0650  0.0628  0.0628  0.0626
  0.0613  0.0611  0.0625  0.0598  0.0604  0.0608
  0.0599  0.0599  0.0599  0.0599  0.0599  0.0599
  0.0619  0.0602  0.0605  0.0609  0.0612  0.0600
  0.0659  0.0624  0.0637  0.0624  0.0631  0.0620
  0.0713  0.0671  0.0683  0.0663  0.0651  0.0651
registration optimization eta report
parameter search radius
    6.0000    6.0000    6.0000    9.1253    6.0000    6.0000
100000*second partial in parameter space
       31.       19.       20.        8.       15.       13.
  0.0717  0.0665  0.0668  0.0663  0.0655  0.0642
  0.0661  0.0632  0.0650  0.0628  0.0628  0.0626
  0.0613  0.0611  0.0625  0.0598  0.0604  0.0608
  0.0599  0.0599  0.0599  0.0599  0.0599  0.0599
  0.0619  0.0602  0.0605  0.0609  0.0612  0.0600
  0.0659  0.0624  0.0637  0.0624  0.0631  0.0620
  0.0713  0.0671  0.0683  0.0663  0.0651  0.0651
    2.0776    1.1021    2.9042  -15.9956    0.0905   -1.7119
eta,q 0.94006  9.74679

---------------------------------------------------------------------
imgreg_4dfp /opt/freesurfer/average/711-2C_as_mni_average_305 /opt/freesurfer/average/711-2B_as_mni_average_305_mask talsrcimg_g11 none talsrcimg_to_711-2C_as_mni_average_305_t4 3335
---------------------------------------------------------------------

freesurfer imgreg_4dfp.c
/opt/freesurfer/average/711-2C_as_mni_average_305.4dfp.img
       256       256       256         1
  1.000000  1.000000  1.000000
orientation T byte_order littleendian
Reading image: /opt/freesurfer/average/711-2C_as_mni_average_305.4dfp.img
dimensions:      256       256       256
mmppix:       1.0000   -1.0000   -1.0000
center:     128.0000 -129.0000 -129.0000
/opt/freesurfer/average/711-2B_as_mni_average_305_mask.4dfp.img
       256       256       256         1
  1.000000  1.000000  1.000000
orientation T byte_order littleendian
Reading mask: /opt/freesurfer/average/711-2B_as_mni_average_305_mask.4dfp.img (2306576 pixels)
talsrcimg_g11.4dfp.img
       256       256       256         1
  1.000000  1.000000  1.000000
orientation T byte_order littleendian
Reading image: talsrcimg_g11.4dfp.img
dimensions:      256       256       256
mmppix:       1.0000   -1.0000   -1.0000
center:     128.0000 -129.0000 -129.0000
fimgreg.f
image alignment mode   3335 decimal      D07 hex
parameters
    2.0776    1.1021    2.9042   -0.0448   -3.9159   -3.8718
    2.9153    0.6715   -2.9874   27.5486    0.1580  -27.5564
eta,q 0.94352  9.69328
niter,ni,del,rscale     5    3    5.0000    1.2000
parameter  4  1.902159 ->  0.500000 qaram    1.1500
parameter  5  2.607600 ->  0.500000 qaram    1.1500
parameter  6  1.369639 ->  0.500000 qaram    1.1500
parameter 10  0.967958 ->  0.500000 qaram    1.1500
parameters
    1.6613    0.7823    2.3668   -4.1848   -8.0559   -8.0118
    0.9064    0.6304   -1.5043   23.4086   -2.9431  -27.2065
eta,q 0.95951  9.05130
  0.0581  0.0575  0.0570  0.0480  0.0448  0.0411  0.0437  0.0466  0.0445  0.0404  0.0409  0.0416
  0.0570  0.0568  0.0565  0.0500  0.0465  0.0422  0.0428  0.0443  0.0435  0.0406  0.0406  0.0410
  0.0565  0.0564  0.0563  0.0529  0.0485  0.0442  0.0425  0.0429  0.0428  0.0413  0.0405  0.0407
  0.0565  0.0564  0.0564  0.0563  0.0507  0.0470  0.0426  0.0425  0.0425  0.0424  0.0407  0.0405
  0.0570  0.0567  0.0567  0.0604  0.0533  0.0504  0.0433  0.0430  0.0424  0.0440  0.0412  0.0406
  0.0582  0.0573  0.0573  0.0653  0.0563  0.0546  0.0445  0.0444  0.0427  0.0462  0.0418  0.0409
  0.0598  0.0582  0.0581  0.0706  0.0595  0.0597  0.0461  0.0466  0.0433  0.0488  0.0427  0.0414
niter,ni,del,rscale     7    3    5.0000    1.2000
parameter  4  0.978335 ->  0.500000 qaram    1.3225
parameter  5  1.943148 ->  0.500000 qaram    1.3225
parameter  6  0.651169 ->  0.500000 qaram    1.3225
parameters
    1.9346    1.8706    2.3769   -8.9458  -12.8169  -12.7728
    0.5312    1.5367   -1.4991   20.7365   -2.9123  -27.1140
eta,q 0.96829  8.47144
  0.0440  0.0433  0.0416  0.0361  0.0319  0.0321  0.0342  0.0367  0.0340  0.0334  0.0324  0.0329
  0.0423  0.0421  0.0408  0.0366  0.0331  0.0322  0.0331  0.0347  0.0330  0.0321  0.0320  0.0323
  0.0411  0.0411  0.0403  0.0379  0.0348  0.0326  0.0324  0.0331  0.0324  0.0317  0.0318  0.0319
  0.0405  0.0404  0.0401  0.0401  0.0369  0.0335  0.0323  0.0323  0.0322  0.0322  0.0317  0.0317
  0.0406  0.0401  0.0403  0.0435  0.0393  0.0353  0.0326  0.0323  0.0324  0.0333  0.0318  0.0318
  0.0413  0.0402  0.0408  0.0476  0.0423  0.0385  0.0334  0.0333  0.0330  0.0350  0.0320  0.0322
  0.0427  0.0406  0.0416  0.0526  0.0453  0.0428  0.0346  0.0351  0.0340  0.0373  0.0324  0.0329
niter,ni,del,rscale     7    3    5.0000    1.2000
parameter  4  0.514814 ->  0.500000 qaram    1.5209
parameter  5  0.708449 ->  0.500000 qaram    1.5209
parameters
    2.1046    1.9602    1.7355  -14.4209  -18.2920  -16.5869
    0.6427    1.5152   -1.7229   20.1952   -3.7363  -28.5154
eta,q 0.97156  7.85892
  0.0349  0.0340  0.0323  0.0313  0.0295  0.0299  0.0309  0.0322  0.0302  0.0316  0.0292  0.0292
  0.0332  0.0328  0.0318  0.0308  0.0292  0.0289  0.0297  0.0302  0.0292  0.0299  0.0288  0.0287
  0.0321  0.0320  0.0316  0.0308  0.0296  0.0285  0.0288  0.0289  0.0287  0.0288  0.0285  0.0285
  0.0317  0.0317  0.0317  0.0316  0.0307  0.0292  0.0285  0.0285  0.0285  0.0285  0.0285  0.0285
  0.0319  0.0319  0.0321  0.0331  0.0326  0.0305  0.0288  0.0290  0.0288  0.0291  0.0287  0.0288
  0.0327  0.0326  0.0327  0.0359  0.0350  0.0319  0.0296  0.0303  0.0294  0.0306  0.0290  0.0293
  0.0341  0.0337  0.0335  0.0397  0.0381  0.0342  0.0308  0.0322  0.0304  0.0324  0.0295  0.0299
niter,ni,del,rscale     7    3    5.0000    1.2000
parameters
    2.0912    1.8016    1.0813  -14.2310  -19.7352  -17.1195
    0.6120    1.5270   -1.5716   20.4019   -3.6403  -29.5488
eta,q 0.97167  7.80230
  0.0313  0.0304  0.0291  0.0320  0.0310  0.0314  0.0305  0.0320  0.0300  0.0319  0.0292  0.0291
  0.0298  0.0292  0.0286  0.0302  0.0295  0.0299  0.0293  0.0301  0.0291  0.0300  0.0288  0.0286
  0.0288  0.0286  0.0283  0.0289  0.0286  0.0288  0.0286  0.0288  0.0286  0.0288  0.0285  0.0283
  0.0284  0.0284  0.0284  0.0283  0.0283  0.0283  0.0284  0.0284  0.0284  0.0284  0.0284  0.0284
  0.0288  0.0288  0.0288  0.0286  0.0290  0.0290  0.0286  0.0288  0.0285  0.0287  0.0284  0.0286
  0.0298  0.0297  0.0296  0.0297  0.0307  0.0306  0.0294  0.0301  0.0291  0.0299  0.0287  0.0290
  0.0314  0.0310  0.0305  0.0320  0.0331  0.0320  0.0305  0.0320  0.0299  0.0315  0.0291  0.0296
niter,ni,del,rscale     6    3    5.0000    1.2000
parameters
    2.0517    1.8577    0.8818  -14.1491  -19.9017  -17.2963
    0.5785    1.4664   -1.5561   20.6703   -3.5414  -29.8709
eta,q 0.97167  7.79982
  0.0310  0.0306  0.0294  0.0319  0.0316  0.0316  0.0305  0.0319  0.0299  0.0319  0.0291  0.0293
  0.0296  0.0293  0.0288  0.0300  0.0300  0.0301  0.0293  0.0300  0.0290  0.0300  0.0287  0.0287
  0.0286  0.0286  0.0284  0.0288  0.0289  0.0289  0.0286  0.0287  0.0285  0.0287  0.0284  0.0284
  0.0283  0.0283  0.0283  0.0283  0.0283  0.0283  0.0283  0.0283  0.0283  0.0283  0.0283  0.0283
  0.0287  0.0286  0.0285  0.0287  0.0286  0.0288  0.0286  0.0288  0.0285  0.0287  0.0284  0.0285
  0.0296  0.0293  0.0291  0.0297  0.0299  0.0304  0.0293  0.0301  0.0290  0.0298  0.0287  0.0289
  0.0312  0.0304  0.0299  0.0320  0.0321  0.0318  0.0305  0.0320  0.0299  0.0314  0.0291  0.0294
niter,ni,del,rscale     5    3    5.0000    1.2000
parameters
    2.0354    1.8864    0.8119  -14.1377  -19.9418  -17.3674
    0.5753    1.4386   -1.5723   20.7796   -3.5178  -29.9929
eta,q 0.97166  7.79891
  0.0310  0.0306  0.0295  0.0318  0.0317  0.0317  0.0305  0.0319  0.0299  0.0318  0.0291  0.0294
  0.0296  0.0293  0.0289  0.0300  0.0300  0.0301  0.0293  0.0300  0.0290  0.0299  0.0287  0.0288
  0.0287  0.0286  0.0285  0.0288  0.0289  0.0289  0.0286  0.0287  0.0285  0.0287  0.0284  0.0284
  0.0283  0.0283  0.0283  0.0283  0.0283  0.0283  0.0283  0.0283  0.0283  0.0283  0.0283  0.0283
  0.0286  0.0286  0.0285  0.0287  0.0285  0.0287  0.0286  0.0288  0.0285  0.0287  0.0284  0.0285
  0.0296  0.0293  0.0290  0.0297  0.0298  0.0303  0.0293  0.0300  0.0291  0.0299  0.0287  0.0289
  0.0312  0.0304  0.0297  0.0320  0.0320  0.0317  0.0305  0.0319  0.0299  0.0315  0.0291  0.0294
niter,ni,del,rscale     4    3    5.0000    1.2000
parameters
    2.0279    1.9011    0.7856  -14.1290  -19.9632  -17.3930
    0.5791    1.4323   -1.5797   20.8238   -3.5021  -30.0344
eta,q 0.97166  7.79860
  0.0311  0.0305  0.0296  0.0318  0.0317  0.0317  0.0305  0.0319  0.0299  0.0317  0.0291  0.0294
  0.0296  0.0293  0.0289  0.0300  0.0300  0.0301  0.0293  0.0300  0.0290  0.0298  0.0287  0.0288
  0.0287  0.0286  0.0285  0.0288  0.0289  0.0290  0.0286  0.0287  0.0285  0.0287  0.0284  0.0284
  0.0283  0.0283  0.0283  0.0283  0.0283  0.0283  0.0283  0.0283  0.0283  0.0283  0.0283  0.0283
  0.0286  0.0286  0.0285  0.0287  0.0285  0.0287  0.0286  0.0288  0.0285  0.0288  0.0284  0.0285
  0.0296  0.0293  0.0289  0.0297  0.0298  0.0303  0.0293  0.0300  0.0290  0.0299  0.0287  0.0289
  0.0311  0.0304  0.0297  0.0320  0.0320  0.0317  0.0305  0.0319  0.0299  0.0315  0.0291  0.0293
niter,ni,del,rscale     3    3    5.0000    1.2000
parameters
    2.0251    1.9075    0.7771  -14.1356  -19.9708  -17.4029
    0.5819    1.4267   -1.5830   20.8388   -3.4800  -30.0568
eta,q 0.97165  7.79807
  0.0311  0.0305  0.0296  0.0318  0.0317  0.0317  0.0305  0.0319  0.0299  0.0317  0.0291  0.0294
  0.0296  0.0293  0.0289  0.0300  0.0300  0.0301  0.0293  0.0300  0.0290  0.0298  0.0287  0.0288
  0.0287  0.0286  0.0285  0.0288  0.0289  0.0290  0.0286  0.0287  0.0285  0.0287  0.0284  0.0284
  0.0283  0.0283  0.0283  0.0283  0.0283  0.0283  0.0283  0.0283  0.0283  0.0283  0.0283  0.0283
  0.0286  0.0286  0.0285  0.0287  0.0285  0.0287  0.0286  0.0288  0.0285  0.0288  0.0284  0.0285
  0.0296  0.0293  0.0289  0.0297  0.0298  0.0303  0.0293  0.0300  0.0290  0.0299  0.0287  0.0289
  0.0311  0.0304  0.0296  0.0321  0.0320  0.0317  0.0305  0.0319  0.0299  0.0315  0.0291  0.0293
registration optimization eta report
parameter search radius
    2.4000    2.4000    2.4000   10.9503   10.9503    9.5220
    7.2000    7.2000    7.2000    8.2800    7.2000    7.2000
100000*second partial in parameter space
       48.       37.       22.        3.        3.        4.
        4.        7.        3.        5.        2.        2.
  0.0311  0.0305  0.0296  0.0318  0.0317  0.0317  0.0305  0.0319  0.0299  0.0317  0.0291  0.0294
  0.0296  0.0293  0.0289  0.0300  0.0300  0.0301  0.0293  0.0300  0.0290  0.0298  0.0287  0.0288
  0.0287  0.0286  0.0285  0.0288  0.0289  0.0290  0.0286  0.0287  0.0285  0.0287  0.0284  0.0284
  0.0283  0.0283  0.0283  0.0283  0.0283  0.0283  0.0283  0.0283  0.0283  0.0283  0.0283  0.0283
  0.0286  0.0286  0.0285  0.0287  0.0285  0.0287  0.0286  0.0288  0.0285  0.0288  0.0284  0.0285
  0.0296  0.0293  0.0289  0.0297  0.0298  0.0303  0.0293  0.0300  0.0290  0.0299  0.0287  0.0289
  0.0311  0.0304  0.0296  0.0321  0.0320  0.0317  0.0305  0.0319  0.0299  0.0315  0.0291  0.0293
    2.0251    1.9075    0.7771  -14.1356  -19.9708  -17.4029
    0.5819    1.4267   -1.5830   20.8388   -3.4800  -30.0568
eta,q 0.97165  7.79807

---------------------------------------------------------------------
imgreg_4dfp /opt/freesurfer/average/711-2C_as_mni_average_305 /opt/freesurfer/average/711-2B_as_mni_average_305_mask talsrcimg_g11 none talsrcimg_to_711-2C_as_mni_average_305_t4 2311
---------------------------------------------------------------------

freesurfer imgreg_4dfp.c
/opt/freesurfer/average/711-2C_as_mni_average_305.4dfp.img
       256       256       256         1
  1.000000  1.000000  1.000000
orientation T byte_order littleendian
Reading image: /opt/freesurfer/average/711-2C_as_mni_average_305.4dfp.img
dimensions:      256       256       256
mmppix:       1.0000   -1.0000   -1.0000
center:     128.0000 -129.0000 -129.0000
/opt/freesurfer/average/711-2B_as_mni_average_305_mask.4dfp.img
       256       256       256         1
  1.000000  1.000000  1.000000
orientation T byte_order littleendian
Reading mask: /opt/freesurfer/average/711-2B_as_mni_average_305_mask.4dfp.img (2306576 pixels)
talsrcimg_g11.4dfp.img
       256       256       256         1
  1.000000  1.000000  1.000000
orientation T byte_order littleendian
Reading image: talsrcimg_g11.4dfp.img
dimensions:      256       256       256
mmppix:       1.0000   -1.0000   -1.0000
center:     128.0000 -129.0000 -129.0000
fimgreg.f
image alignment mode   2311 decimal      907 hex
parameters
    2.0251    1.9075    0.7771  -14.1356  -19.9708  -17.4029
    0.5819    1.4267   -1.5830   20.8388   -3.4800  -30.0568
eta,q 0.97165  7.79807
niter,ni,del,rscale     5    3    5.0000    0.8000
parameters
    2.0419    1.8718    0.7806  -13.8625  -19.0875  -17.1782
    0.6140    1.4346   -1.5544   20.6152   -3.4134  -30.1225
eta,q 0.97172  7.84907
  0.0296  0.0293  0.0289  0.0291  0.0292  0.0295  0.0293  0.0300  0.0290  0.0294  0.0287  0.0288
  0.0289  0.0287  0.0286  0.0287  0.0288  0.0289  0.0288  0.0290  0.0286  0.0287  0.0285  0.0285
  0.0285  0.0284  0.0284  0.0285  0.0285  0.0285  0.0284  0.0285  0.0284  0.0284  0.0283  0.0283
  0.0283  0.0283  0.0283  0.0283  0.0283  0.0283  0.0283  0.0283  0.0283  0.0283  0.0283  0.0283
  0.0285  0.0285  0.0284  0.0284  0.0283  0.0283  0.0284  0.0285  0.0284  0.0285  0.0283  0.0284
  0.0289  0.0288  0.0286  0.0286  0.0285  0.0287  0.0287  0.0291  0.0286  0.0289  0.0284  0.0285
  0.0296  0.0293  0.0289  0.0290  0.0288  0.0294  0.0293  0.0300  0.0290  0.0296  0.0286  0.0288
niter,ni,del,rscale     4    3    5.0000    0.7000
parameters
    2.0569    1.7998    0.7925  -13.7271  -19.0609  -17.0524
    0.6050    1.4286   -1.5357   20.5644   -3.4171  -30.1203
eta,q 0.97173  7.86000
  0.0293  0.0290  0.0287  0.0289  0.0288  0.0292  0.0291  0.0296  0.0289  0.0292  0.0286  0.0287
  0.0287  0.0286  0.0285  0.0286  0.0286  0.0288  0.0286  0.0288  0.0285  0.0287  0.0284  0.0284
  0.0284  0.0283  0.0283  0.0284  0.0284  0.0285  0.0283  0.0284  0.0283  0.0284  0.0283  0.0283
  0.0283  0.0283  0.0283  0.0283  0.0283  0.0283  0.0283  0.0283  0.0283  0.0283  0.0283  0.0283
  0.0284  0.0284  0.0283  0.0283  0.0283  0.0283  0.0284  0.0284  0.0283  0.0284  0.0283  0.0283
  0.0287  0.0287  0.0285  0.0285  0.0285  0.0286  0.0286  0.0289  0.0285  0.0287  0.0284  0.0284
  0.0292  0.0291  0.0287  0.0288  0.0289  0.0292  0.0291  0.0296  0.0288  0.0292  0.0286  0.0287
niter,ni,del,rscale     3    3    5.0000    0.6000
parameters
    2.0633    1.7913    0.8057  -13.7271  -18.9966  -16.9539
    0.6087    1.4268   -1.5345   20.5540   -3.3868  -30.1206
eta,q 0.97174  7.86584
  0.0290  0.0288  0.0286  0.0287  0.0287  0.0290  0.0288  0.0292  0.0287  0.0290  0.0285  0.0286
  0.0286  0.0285  0.0284  0.0285  0.0285  0.0286  0.0285  0.0287  0.0285  0.0286  0.0284  0.0284
  0.0283  0.0283  0.0283  0.0283  0.0283  0.0284  0.0283  0.0283  0.0283  0.0283  0.0283  0.0283
  0.0283  0.0283  0.0283  0.0283  0.0283  0.0283  0.0283  0.0283  0.0283  0.0283  0.0283  0.0283
  0.0283  0.0283  0.0283  0.0283  0.0283  0.0283  0.0283  0.0284  0.0283  0.0283  0.0283  0.0283
  0.0286  0.0285  0.0284  0.0284  0.0284  0.0285  0.0285  0.0287  0.0285  0.0286  0.0284  0.0284
  0.0290  0.0288  0.0286  0.0287  0.0287  0.0289  0.0288  0.0292  0.0287  0.0290  0.0285  0.0285
niter,ni,del,rscale     2    3    5.0000    0.5000
parameters
    2.0650    1.7794    0.8178  -13.6661  -18.9627  -16.8604
    0.6062    1.4085   -1.5083   20.5382   -3.4131  -30.1377
eta,q 0.97175  7.87314
  0.0288  0.0287  0.0285  0.0286  0.0286  0.0288  0.0287  0.0289  0.0286  0.0287  0.0284  0.0285
  0.0285  0.0284  0.0284  0.0284  0.0284  0.0285  0.0284  0.0285  0.0284  0.0285  0.0283  0.0283
  0.0283  0.0283  0.0283  0.0283  0.0283  0.0283  0.0283  0.0283  0.0283  0.0283  0.0283  0.0283
  0.0283  0.0283  0.0283  0.0283  0.0283  0.0283  0.0283  0.0283  0.0283  0.0283  0.0283  0.0283
  0.0283  0.0283  0.0283  0.0283  0.0283  0.0283  0.0283  0.0283  0.0283  0.0283  0.0283  0.0283
  0.0285  0.0284  0.0284  0.0284  0.0284  0.0284  0.0284  0.0286  0.0284  0.0285  0.0283  0.0283
  0.0288  0.0287  0.0285  0.0286  0.0286  0.0287  0.0287  0.0289  0.0285  0.0287  0.0284  0.0285
niter,ni,del,rscale     1    3    5.0000    0.4000
parameters
    2.0672    1.7805    0.8297  -13.6271  -18.9175  -16.7769
    0.5874    1.3969   -1.4833   20.5320   -3.3753  -30.1292
eta,q 0.97174  7.87948
  0.0286  0.0285  0.0284  0.0284  0.0285  0.0286  0.0285  0.0287  0.0284  0.0286  0.0284  0.0284
  0.0284  0.0284  0.0283  0.0284  0.0284  0.0284  0.0284  0.0284  0.0283  0.0284  0.0283  0.0283
  0.0283  0.0283  0.0283  0.0283  0.0283  0.0283  0.0283  0.0283  0.0283  0.0283  0.0283  0.0283
  0.0283  0.0283  0.0283  0.0283  0.0283  0.0283  0.0283  0.0283  0.0283  0.0283  0.0283  0.0283
  0.0283  0.0283  0.0283  0.0283  0.0283  0.0283  0.0283  0.0283  0.0283  0.0283  0.0283  0.0283
  0.0284  0.0284  0.0283  0.0283  0.0283  0.0284  0.0284  0.0285  0.0283  0.0284  0.0283  0.0283
  0.0286  0.0285  0.0284  0.0284  0.0285  0.0286  0.0285  0.0287  0.0284  0.0286  0.0284  0.0284
registration optimization eta report
parameter search radius
    0.8000    0.8000    0.8000    2.4000    2.4000    2.4000
    2.4000    2.4000    2.4000    2.4000    2.4000    2.4000
100000*second partial in parameter space
       51.       41.       24.        3.        4.        5.
        5.        7.        3.        5.        2.        2.
  0.0286  0.0285  0.0284  0.0284  0.0285  0.0286  0.0285  0.0287  0.0284  0.0286  0.0284  0.0284
  0.0284  0.0284  0.0283  0.0284  0.0284  0.0284  0.0284  0.0284  0.0283  0.0284  0.0283  0.0283
  0.0283  0.0283  0.0283  0.0283  0.0283  0.0283  0.0283  0.0283  0.0283  0.0283  0.0283  0.0283
  0.0283  0.0283  0.0283  0.0283  0.0283  0.0283  0.0283  0.0283  0.0283  0.0283  0.0283  0.0283
  0.0283  0.0283  0.0283  0.0283  0.0283  0.0283  0.0283  0.0283  0.0283  0.0283  0.0283  0.0283
  0.0284  0.0284  0.0283  0.0283  0.0283  0.0284  0.0284  0.0285  0.0283  0.0284  0.0283  0.0283
  0.0286  0.0285  0.0284  0.0284  0.0285  0.0286  0.0285  0.0287  0.0284  0.0286  0.0284  0.0284
    2.0672    1.7805    0.8297  -13.6271  -18.9175  -16.7769
    0.5874    1.3969   -1.4833   20.5320   -3.3753  -30.1292
eta,q 0.97174  7.87948

---------------------------------------------------------------------
imgreg_4dfp /opt/freesurfer/average/711-2C_as_mni_average_305 /opt/freesurfer/average/711-2B_as_mni_average_305_mask talsrcimg_g11 none talsrcimg_to_711-2C_as_mni_average_305_t4 2311
---------------------------------------------------------------------

freesurfer imgreg_4dfp.c
/opt/freesurfer/average/711-2C_as_mni_average_305.4dfp.img
       256       256       256         1
  1.000000  1.000000  1.000000
orientation T byte_order littleendian
Reading image: /opt/freesurfer/average/711-2C_as_mni_average_305.4dfp.img
dimensions:      256       256       256
mmppix:       1.0000   -1.0000   -1.0000
center:     128.0000 -129.0000 -129.0000
/opt/freesurfer/average/711-2B_as_mni_average_305_mask.4dfp.img
       256       256       256         1
  1.000000  1.000000  1.000000
orientation T byte_order littleendian
Reading mask: /opt/freesurfer/average/711-2B_as_mni_average_305_mask.4dfp.img (2306576 pixels)
talsrcimg_g11.4dfp.img
       256       256       256         1
  1.000000  1.000000  1.000000
orientation T byte_order littleendian
Reading image: talsrcimg_g11.4dfp.img
dimensions:      256       256       256
mmppix:       1.0000   -1.0000   -1.0000
center:     128.0000 -129.0000 -129.0000
fimgreg.f
image alignment mode   2311 decimal      907 hex
parameters
    2.0672    1.7805    0.8297  -13.6271  -18.9175  -16.7769
    0.5874    1.3969   -1.4833   20.5320   -3.3753  -30.1292
eta,q 0.97174  7.87947
niter,ni,del,rscale     5    3    5.0000    0.8000
parameters
    2.0538    1.7943    0.8356  -13.7232  -19.1727  -17.0699
    0.6008    1.4288   -1.5473   20.5647   -3.4166  -30.0657
eta,q 0.97173  7.85485
  0.0295  0.0293  0.0289  0.0289  0.0289  0.0293  0.0293  0.0300  0.0290  0.0295  0.0286  0.0288
  0.0288  0.0287  0.0285  0.0286  0.0286  0.0288  0.0287  0.0290  0.0286  0.0288  0.0284  0.0285
  0.0284  0.0284  0.0283  0.0283  0.0283  0.0284  0.0284  0.0284  0.0284  0.0284  0.0283  0.0283
  0.0283  0.0283  0.0283  0.0283  0.0283  0.0283  0.0283  0.0283  0.0283  0.0283  0.0283  0.0283
  0.0284  0.0284  0.0283  0.0283  0.0284  0.0284  0.0284  0.0285  0.0284  0.0284  0.0283  0.0283
  0.0288  0.0287  0.0285  0.0286  0.0286  0.0289  0.0287  0.0290  0.0286  0.0288  0.0284  0.0285
  0.0296  0.0293  0.0289  0.0290  0.0291  0.0296  0.0293  0.0299  0.0290  0.0295  0.0287  0.0288
niter,ni,del,rscale     4    3    5.0000    0.7000
parameters
    2.0584    1.7979    0.8054  -13.7330  -19.0610  -17.0400
    0.6073    1.4308   -1.5329   20.5514   -3.4169  -30.1181
eta,q 0.97173  7.85994
  0.0293  0.0291  0.0287  0.0288  0.0289  0.0291  0.0291  0.0296  0.0289  0.0292  0.0286  0.0287
  0.0287  0.0286  0.0285  0.0285  0.0286  0.0287  0.0286  0.0288  0.0285  0.0287  0.0284  0.0284
  0.0284  0.0284  0.0283  0.0283  0.0284  0.0284  0.0283  0.0284  0.0283  0.0284  0.0283  0.0283
  0.0283  0.0283  0.0283  0.0283  0.0283  0.0283  0.0283  0.0283  0.0283  0.0283  0.0283  0.0283
  0.0284  0.0284  0.0283  0.0283  0.0283  0.0283  0.0284  0.0284  0.0283  0.0284  0.0283  0.0283
  0.0287  0.0286  0.0285  0.0285  0.0285  0.0286  0.0286  0.0289  0.0285  0.0287  0.0284  0.0285
  0.0293  0.0290  0.0288  0.0288  0.0288  0.0292  0.0291  0.0296  0.0289  0.0292  0.0286  0.0287
niter,ni,del,rscale     3    3    5.0000    0.6000
parameters
    2.0623    1.7884    0.8043  -13.7230  -18.9981  -16.9563
    0.6045    1.4243   -1.5332   20.5539   -3.4010  -30.1303
eta,q 0.97174  7.86597
  0.0290  0.0288  0.0286  0.0287  0.0287  0.0289  0.0288  0.0292  0.0287  0.0290  0.0285  0.0286
  0.0286  0.0285  0.0284  0.0285  0.0285  0.0286  0.0285  0.0287  0.0285  0.0286  0.0284  0.0284
  0.0283  0.0283  0.0283  0.0283  0.0283  0.0284  0.0283  0.0283  0.0283  0.0283  0.0283  0.0283
  0.0283  0.0283  0.0283  0.0283  0.0283  0.0283  0.0283  0.0283  0.0283  0.0283  0.0283  0.0283
  0.0283  0.0283  0.0283  0.0283  0.0283  0.0283  0.0283  0.0284  0.0283  0.0283  0.0283  0.0283
  0.0286  0.0285  0.0284  0.0284  0.0284  0.0285  0.0285  0.0287  0.0285  0.0286  0.0284  0.0284
  0.0290  0.0288  0.0286  0.0287  0.0287  0.0290  0.0288  0.0292  0.0287  0.0290  0.0285  0.0286
niter,ni,del,rscale     2    3    5.0000    0.5000
parameters
    2.0661    1.7794    0.8218  -13.6801  -18.9638  -16.8502
    0.5959    1.4085   -1.5121   20.5368   -3.3875  -30.1418
eta,q 0.97174  7.87286
  0.0288  0.0287  0.0285  0.0286  0.0286  0.0288  0.0287  0.0289  0.0286  0.0287  0.0284  0.0285
  0.0285  0.0284  0.0284  0.0284  0.0284  0.0285  0.0284  0.0285  0.0284  0.0285  0.0283  0.0283
  0.0283  0.0283  0.0283  0.0283  0.0283  0.0283  0.0283  0.0283  0.0283  0.0283  0.0283  0.0283
  0.0283  0.0283  0.0283  0.0283  0.0283  0.0283  0.0283  0.0283  0.0283  0.0283  0.0283  0.0283
  0.0283  0.0283  0.0283  0.0283  0.0283  0.0283  0.0283  0.0283  0.0283  0.0283  0.0283  0.0283
  0.0285  0.0284  0.0284  0.0284  0.0284  0.0284  0.0284  0.0286  0.0284  0.0285  0.0283  0.0283
  0.0288  0.0287  0.0285  0.0286  0.0286  0.0287  0.0287  0.0289  0.0286  0.0287  0.0284  0.0285
niter,ni,del,rscale     1    3    5.0000    0.4000
parameters
    2.0637    1.7813    0.8326  -13.6327  -18.9294  -16.7661
    0.5775    1.3934   -1.4935   20.5349   -3.3829  -30.1309
eta,q 0.97175  7.87924
  0.0286  0.0285  0.0284  0.0284  0.0285  0.0286  0.0285  0.0287  0.0284  0.0286  0.0284  0.0284
  0.0284  0.0284  0.0283  0.0283  0.0284  0.0284  0.0284  0.0284  0.0283  0.0284  0.0283  0.0283
  0.0283  0.0283  0.0283  0.0283  0.0283  0.0283  0.0283  0.0283  0.0283  0.0283  0.0283  0.0283
  0.0283  0.0283  0.0283  0.0283  0.0283  0.0283  0.0283  0.0283  0.0283  0.0283  0.0283  0.0283
  0.0283  0.0283  0.0283  0.0283  0.0283  0.0283  0.0283  0.0283  0.0283  0.0283  0.0283  0.0283
  0.0284  0.0284  0.0283  0.0283  0.0283  0.0284  0.0284  0.0285  0.0283  0.0284  0.0283  0.0283
  0.0286  0.0285  0.0284  0.0284  0.0285  0.0286  0.0285  0.0287  0.0284  0.0286  0.0284  0.0284
registration optimization eta report
parameter search radius
    0.8000    0.8000    0.8000    2.4000    2.4000    2.4000
    2.4000    2.4000    2.4000    2.4000    2.4000    2.4000
100000*second partial in parameter space
       51.       40.       24.        3.        4.        5.
        5.        7.        3.        5.        2.        2.
  0.0286  0.0285  0.0284  0.0284  0.0285  0.0286  0.0285  0.0287  0.0284  0.0286  0.0284  0.0284
  0.0284  0.0284  0.0283  0.0283  0.0284  0.0284  0.0284  0.0284  0.0283  0.0284  0.0283  0.0283
  0.0283  0.0283  0.0283  0.0283  0.0283  0.0283  0.0283  0.0283  0.0283  0.0283  0.0283  0.0283
  0.0283  0.0283  0.0283  0.0283  0.0283  0.0283  0.0283  0.0283  0.0283  0.0283  0.0283  0.0283
  0.0283  0.0283  0.0283  0.0283  0.0283  0.0283  0.0283  0.0283  0.0283  0.0283  0.0283  0.0283
  0.0284  0.0284  0.0283  0.0283  0.0283  0.0284  0.0284  0.0285  0.0283  0.0284  0.0283  0.0283
  0.0286  0.0285  0.0284  0.0284  0.0285  0.0286  0.0285  0.0287  0.0284  0.0286  0.0284  0.0284
    2.0637    1.7813    0.8326  -13.6327  -18.9294  -16.7661
    0.5775    1.3934   -1.4935   20.5349   -3.3829  -30.1309
eta,q 0.97175  7.87924

---------------------------------------------------------------------
compute_vox2vox talsrcimg talsrcimg_to_711-2C_as_mni_average_305_t4 /opt/freesurfer/average/711-2C_as_mni_average_305
---------------------------------------------------------------------

freesurfer compute_vox2vox.c
Reading: talsrcimg.4dfp.ifh
Reading: talsrcimg_to_711-2C_as_mni_average_305_t4
Reading: /opt/freesurfer/average/711-2C_as_mni_average_305.4dfp.ifh
Writing: talsrcimg_to_711-2C_as_mni_average_305_t4_vox2vox.txt

start time Sun Mar 8 16:46:38 CET 2026
end		time Sun Mar 8 16:48:05 CET 2026

mpr2mni305 success

avi2talxfm orig_nu.mgz /opt/freesurfer/average/mni305.cor.mgz talsrcimg_to_711-2C_as_mni_average_305_t4_vox2vox.txt transforms/talairach.auto.xfm
avi2talxfm done
mv -f /out/sourcedata/freesurfer/sub-v1s13x0050049_ses-1/mri/talsrcimg_to_711-2C_as_mni_average_305_t4_vox2vox.txt /out/sourcedata/freesurfer/sub-v1s13x0050049_ses-1/mri/transforms/talsrcimg_to_711-2C_as_mni_average_305_t4_vox2vox.txt
lta_convert --src orig_nu.mgz --trg /opt/freesurfer/average/mni305.cor.mgz --inxfm transforms/talairach.auto.xfm --outlta transforms/talairach.auto.xfm.lta --subject fsaverage
7.3.2

--src: orig_nu.mgz src image (geometry).
--trg: /opt/freesurfer/average/mni305.cor.mgz trg image (geometry).
--inmni: transforms/talairach.auto.xfm input MNI/XFM transform.
--outlta: transforms/talairach.auto.xfm.lta output LTA.
--s: fsaverage subject name
 LTA read, type : 1
 1.15698  -0.01588  -0.01414   1.25085;
 0.05014   1.09983   0.40841  -2.77926;
 0.00861  -0.27888   1.12978  -2.12366;
 0.00000   0.00000   0.00000   1.00000;
setting subject to fsaverage
Writing  LTA to file transforms/talairach.auto.xfm.lta...
lta_convert successful.
 
 
Started at Sun Mar 8 16:46:38 CET 2026
Ended   at Sun Mar  8 16:48:05 CET 2026
talairach_avi done
