status file for recon-all
Sun Mar  8 18:30:55 CET 2026
#@# Tessellate rh Sun Mar  8 18:30:55 CET 2026
#@# Smooth1 rh Sun Mar  8 18:30:59 CET 2026
#@# Inflation1 rh Sun Mar  8 18:31:02 CET 2026
#@# QSphere rh Sun Mar  8 18:31:11 CET 2026
#@# Fix Topology rh Sun Mar  8 18:32:04 CET 2026
#@# Smooth2 rh Sun Mar  8 18:37:54 CET 2026
#@# Inflation2 rh Sun Mar  8 18:37:56 CET 2026
#@# Curv .H and .K rh Sun Mar  8 18:38:06 CET 2026
#@# Sphere rh Sun Mar  8 18:38:53 CET 2026
#@# Surf Reg rh Sun Mar  8 18:40:33 CET 2026
#@# Jacobian white rh Sun Mar  8 18:43:44 CET 2026
#@# AvgCurv rh Sun Mar  8 18:43:45 CET 2026
#@# Cortical Parc rh Sun Mar  8 18:43:45 CET 2026
#@# white curv rh Sun Mar  8 18:49:23 CET 2026
#@# white area rh Sun Mar  8 18:49:24 CET 2026
#@# pial curv rh Sun Mar  8 18:49:25 CET 2026
#@# pial area rh Sun Mar  8 18:49:26 CET 2026
#@# thickness rh Sun Mar  8 18:49:27 CET 2026
#@# area and vertex vol rh Sun Mar  8 18:49:56 CET 2026
#@# Curvature Stats rh Sun Mar  8 18:49:57 CET 2026
#@# Cortical Parc 2 rh Sun Mar  8 18:49:59 CET 2026
#@# Cortical Parc 3 rh Sun Mar  8 18:50:12 CET 2026
#@# WM/GM Contrast rh Sun Mar  8 18:50:21 CET 2026
recon-all -s sub-v1s13x0050035_ses-1 finished without error at Sun Mar  8 18:50:24 CET 2026



#New# invocation of recon-all 



status file for recon-all
Sun Mar  8 18:57:45 CET 2026
#@# white curv rh Sun Mar  8 18:57:46 CET 2026
#@# white area rh Sun Mar  8 18:57:46 CET 2026
#@# pial curv rh Sun Mar  8 18:57:46 CET 2026
#@# pial area rh Sun Mar  8 18:57:46 CET 2026
#@# thickness rh Sun Mar  8 18:57:46 CET 2026
#@# area and vertex vol rh Sun Mar  8 18:57:46 CET 2026
#@# Parcellation Stats rh Sun Mar  8 18:57:46 CET 2026
#@# Parcellation Stats 2 rh Sun Mar  8 18:58:03 CET 2026
#@# Parcellation Stats 3 rh Sun Mar  8 18:58:12 CET 2026
#@# BA_exvivo Labels rh Sun Mar  8 18:58:21 CET 2026
recon-all -s sub-v1s13x0050035_ses-1 finished without error at Sun Mar  8 19:00:39 CET 2026
