/out/sourcedata/freesurfer/sub-v1s13x0050004_ses-1/mri
/opt/freesurfer/bin/talairach_avi
--i orig_nu.mgz --xfm transforms/talairach.auto.xfm
talairach_avi 7.3.2
Linux dna020 5.14.0-427.37.1.el9_4.x86_64 #1 SMP PREEMPT_DYNAMIC Fri Sep 13 12:41:50 EDT 2024 x86_64 x86_64 x86_64 GNU/Linux
Sun Mar  8 12:46:06 CET 2026
mri_convert orig_nu.mgz talsrcimg.img 
reading from orig_nu.mgz...
TR=0.00, TE=0.00, TI=0.00, flip angle=0.00
i_ras = (-1, 0, 0)
j_ras = (0, 0, -1)
k_ras = (0, 1, 0)
writing to talsrcimg.img...
Analyze Output Matrix
-1.00000   0.00000   0.00000   130.97778;
 0.00000   0.00000   1.00000  -127.94919;
 0.00000  -1.00000   0.00000   124.96603;
 0.00000   0.00000   0.00000   1.00000;
--------------------
INFO: set hdr.hist.orient to -1
mpr2mni305 talsrcimg
Sun Mar  8 12:46:07 CET 2026
/opt/freesurfer/bin/mpr2mni305 talsrcimg
mpr2mni305 7.3.2
target=711-2C_as_mni_average_305

---------------------------------------------------------------------
analyzeto4dfp talsrcimg -O0 -y
---------------------------------------------------------------------

freesurfer ifh2hdr.c
Sun Mar  8 12:46:07 2026
Writing: talsrcimg.4dfp.hdr
freesurfer analyzeto4dfp.c
Reading: talsrcimg.hdr
header size 348 bytes
hdr.dime.datatype	offset=70	value=2
hdr.dime.bitpix		offset=72	value=8
hdr.hist.orient		offset=252	value=-1
dimensionality     4
dimensions       256       256       256         1
Reading: talsrcimg.img
Writing: talsrcimg.4dfp.img
Writing: talsrcimg.4dfp.ifh
ifh2hdr talsrcimg -r0to255
ori=2

---------------------------------------------------------------------
gauss_4dfp talsrcimg 1.1
---------------------------------------------------------------------

freesurfer gauss_4dfp.c
Reading: talsrcimg.4dfp.img
Writing: talsrcimg_g11.4dfp.img
image dimensions 256 256 256 padded to 288 288 288
processing volume 1freesurfer ifh2hdr.c
Sun Mar  8 12:46:08 2026
Writing: talsrcimg_g11.4dfp.hdr

Writing: talsrcimg_g11.4dfp.ifh
including: talsrcimg.4dfp.img.rec in talsrcimg_g11.4dfp.img.rec

---------------------------------------------------------------------
imgreg_4dfp /opt/freesurfer/average/711-2C_as_mni_average_305 none talsrcimg_g11 none talsrcimg_to_711-2C_as_mni_average_305_t4 4355
---------------------------------------------------------------------

freesurfer imgreg_4dfp.c
/opt/freesurfer/average/711-2C_as_mni_average_305.4dfp.img
       256       256       256         1
  1.000000  1.000000  1.000000
orientation T byte_order littleendian
Reading image: /opt/freesurfer/average/711-2C_as_mni_average_305.4dfp.img
dimensions:      256       256       256
mmppix:       1.0000   -1.0000   -1.0000
center:     128.0000 -129.0000 -129.0000
talsrcimg_g11.4dfp.img
       256       256       256         1
  1.000000  1.000000  1.000000
orientation T byte_order littleendian
Reading image: talsrcimg_g11.4dfp.img
dimensions:      256       256       256
mmppix:       1.0000   -1.0000   -1.0000
center:     128.0000 -129.0000 -129.0000
t4_read: open error in t4_sub.f l:  41 t4_file(1:l)talsrcimg_to_711-2C_as_mni_average_305_t4 
t4_read: transform initialized to I4
rotation matrix determinant  1.000000
image alignment mode   4355 decimal     1103 hex
   -7.5000  -45.0000  -45.0000 9996.8115   11.2609
    0.0000  -45.0000  -45.000010416.2832   11.2465
    7.5000  -45.0000  -45.0000 9928.9424   11.2580
   -7.5000  -37.5000  -45.000010428.1992   11.2830
    0.0000  -37.5000  -45.000010859.4707   11.2669
    7.5000  -37.5000  -45.000010334.5342   11.2803
   -7.5000  -30.0000  -45.000011129.7441   11.2306
    0.0000  -30.0000  -45.000011579.0859   11.2158
    7.5000  -30.0000  -45.000011027.0723   11.2290
   -7.5000  -22.5000  -45.000011717.0967   11.1676
    0.0000  -22.5000  -45.000012199.2500   11.1567
    7.5000  -22.5000  -45.000011631.1309   11.1684
   -7.5000  -15.0000  -45.000012253.7480   11.1036
    0.0000  -15.0000  -45.000012729.7109   11.0950
    7.5000  -15.0000  -45.000012155.3408   11.1060
   -7.5000   -7.5000  -45.000012678.4854   11.0599
    0.0000   -7.5000  -45.000013192.0459   11.0494
    7.5000   -7.5000  -45.000012583.8545   11.0604
   -7.5000    0.0000  -45.000012957.4219   11.0454
    0.0000    0.0000  -45.000013506.9600   11.0316
    7.5000    0.0000  -45.000012876.1436   11.0432
   -7.5000    7.5000  -45.000012275.4814   11.1112
    0.0000    7.5000  -45.000012799.2773   11.0956
    7.5000    7.5000  -45.000012215.8926   11.1089
   -7.5000   15.0000  -45.000011492.7412   11.2305
    0.0000   15.0000  -45.000011991.5879   11.2165
    7.5000   15.0000  -45.000011448.3887   11.2297
   -7.5000   22.5000  -45.000010684.1758   11.3577
    0.0000   22.5000  -45.000011162.0557   11.3473
    7.5000   22.5000  -45.000010644.5371   11.3597
   -7.5000   30.0000  -45.0000 9869.2900   11.3592
    0.0000   30.0000  -45.000010303.0557   11.3516
    7.5000   30.0000  -45.0000 9808.5625   11.3635
   -7.5000   37.5000  -45.0000 9442.4395   11.5504
    0.0000   37.5000  -45.0000 9867.8076   11.5404
    7.5000   37.5000  -45.0000 9379.4980   11.5522
   -7.5000   45.0000  -45.0000 8661.8311   11.5293
    0.0000   45.0000  -45.0000 9060.0381   11.5144
    7.5000   45.0000  -45.0000 8622.6816   11.5266
   -7.5000  -45.0000  -37.500010588.6025   11.2679
    0.0000  -45.0000  -37.500011014.1826   11.2599
    7.5000  -45.0000  -37.500010515.6826   11.2737
   -7.5000  -37.5000  -37.500011023.8584   11.2935
    0.0000  -37.5000  -37.500011459.6377   11.2814
    7.5000  -37.5000  -37.500010937.4443   11.2954
   -7.5000  -30.0000  -37.500011760.4912   11.2442
    0.0000  -30.0000  -37.500012238.8027   11.2313
    7.5000  -30.0000  -37.500011689.0137   11.2442
   -7.5000  -22.5000  -37.500012396.7227   11.1801
    0.0000  -22.5000  -37.500012899.3291   11.1716
    7.5000  -22.5000  -37.500012316.0312   11.1834
   -7.5000  -15.0000  -37.500012927.1689   11.1116
    0.0000  -15.0000  -37.500013432.5371   11.1077
    7.5000  -15.0000  -37.500012833.4668   11.1201
   -7.5000   -7.5000  -37.500013350.1875   11.0638
    0.0000   -7.5000  -37.500013889.2070   11.0597
    7.5000   -7.5000  -37.500013260.5977   11.0730
   -7.5000    0.0000  -37.500013663.4629   11.0480
    0.0000    0.0000  -37.500014227.4648   11.0402
    7.5000    0.0000  -37.500013596.0000   11.0540
   -7.5000    7.5000  -37.500012925.5107   11.1172
    0.0000    7.5000  -37.500013468.0381   11.1055
    7.5000    7.5000  -37.500012877.5840   11.1194
   -7.5000   15.0000  -37.500012086.2959   11.2390
    0.0000   15.0000  -37.500012604.3213   11.2266
    7.5000   15.0000  -37.500012054.7568   11.2398
   -7.5000   22.5000  -37.500011212.3428   11.3654
    0.0000   22.5000  -37.500011688.2207   11.3572
    7.5000   22.5000  -37.500011182.6152   11.3699
   -7.5000   30.0000  -37.500010325.0127   11.3664
    0.0000   30.0000  -37.500010762.5615   11.3632
    7.5000   30.0000  -37.500010289.2246   11.3761
   -7.5000   37.5000  -37.5000 9853.1123   11.5579
    0.0000   37.5000  -37.500010288.2051   11.5544
    7.5000   37.5000  -37.5000 9803.8008   11.5674
   -7.5000   45.0000  -37.5000 9011.2236   11.5401
    0.0000   45.0000  -37.5000 9434.8379   11.5311
    7.5000   45.0000  -37.5000 8982.1631   11.5441
   -7.5000  -45.0000  -30.000011371.3740   11.7222
    0.0000  -45.0000  -30.000011820.0283   11.7177
    7.5000  -45.0000  -30.000011297.0830   11.7293
   -7.5000  -37.5000  -30.000011840.8457   11.7515
    0.0000  -37.5000  -30.000012296.3105   11.7410
    7.5000  -37.5000  -30.000011755.1367   11.7519
   -7.5000  -30.0000  -30.000012626.8232   11.6983
    0.0000  -30.0000  -30.000013143.2178   11.6859
    7.5000  -30.0000  -30.000012569.7109   11.6961
   -7.5000  -22.5000  -30.000013295.7031   11.6250
    0.0000  -22.5000  -30.000013841.6826   11.6179
    7.5000  -22.5000  -30.000013217.9111   11.6285
   -7.5000  -15.0000  -30.000013818.6523   11.5482
    0.0000  -15.0000  -30.000014363.3125   11.5475
    7.5000  -15.0000  -30.000013750.1377   11.5596
   -7.5000   -7.5000  -30.000014260.6064   11.4979
    0.0000   -7.5000  -30.000014834.4756   11.4979
    7.5000   -7.5000  -30.000014175.6660   11.5105
   -7.5000    0.0000  -30.000014615.1719   11.4852
    0.0000    0.0000  -30.000015222.9854   11.4807
    7.5000    0.0000  -30.000014554.9521   11.4925
   -7.5000    7.5000  -30.000013826.6953   11.5615
    0.0000    7.5000  -30.000014387.8730   11.5513
    7.5000    7.5000  -30.000013760.0557   11.5623
   -7.5000   15.0000  -30.000012913.6055   11.6864
    0.0000   15.0000  -30.000013438.0752   11.6745
    7.5000   15.0000  -30.000012853.3428   11.6851
   -7.5000   22.5000  -30.000011948.2217   11.8104
    0.0000   22.5000  -30.000012417.1855   11.8036
    7.5000   22.5000  -30.000011900.3828   11.8149
   -7.5000   30.0000  -30.000010992.6396   11.8106
    0.0000   30.0000  -30.000011418.6826   11.8101
    7.5000   30.0000  -30.000010934.7754   11.8225
   -7.5000   37.5000  -30.000010449.3252   12.0109
    0.0000   37.5000  -30.000010876.6523   12.0109
    7.5000   37.5000  -30.000010388.9443   12.0216
   -7.5000   45.0000  -30.0000 9542.4463   12.0055
    0.0000   45.0000  -30.0000 9966.4258   11.9989
    7.5000   45.0000  -30.0000 9502.1865   12.0082
   -7.5000  -45.0000  -22.500012106.4062   12.1145
    0.0000  -45.0000  -22.500012614.9434   12.1057
    7.5000  -45.0000  -22.500012027.7725   12.1122
   -7.5000  -37.5000  -22.500012631.2129   12.1450
    0.0000  -37.5000  -22.500013129.3467   12.1312
    7.5000  -37.5000  -22.500012518.8818   12.1378
   -7.5000  -30.0000  -22.500013463.6055   12.0860
    0.0000  -30.0000  -22.500014030.2432   12.0717
    7.5000  -30.0000  -22.500013384.8652   12.0791
   -7.5000  -22.5000  -22.500014171.6455   12.0059
    0.0000  -22.5000  -22.500014758.7510   11.9970
    7.5000  -22.5000  -22.500014077.8770   12.0058
   -7.5000  -15.0000  -22.500014705.2891   11.9256
    0.0000  -15.0000  -22.500015303.2676   11.9225
    7.5000  -15.0000  -22.500014625.1816   11.9322
   -7.5000   -7.5000  -22.500015153.5273   11.8770
    0.0000   -7.5000  -22.500015782.6230   11.8735
    7.5000   -7.5000  -22.500015069.0107   11.8822
   -7.5000    0.0000  -22.500015512.2520   11.8683
    0.0000    0.0000  -22.500016161.1836   11.8597
    7.5000    0.0000  -22.500015447.8115   11.8667
   -7.5000    7.5000  -22.500014634.1758   11.9482
    0.0000    7.5000  -22.500015219.4902   11.9348
    7.5000    7.5000  -22.500014567.7471   11.9416
   -7.5000   15.0000  -22.500013642.7109   12.0735
    0.0000   15.0000  -22.500014161.3242   12.0596
    7.5000   15.0000  -22.500013568.6348   12.0675
   -7.5000   22.5000  -22.500012585.4424   12.1956
    0.0000   22.5000  -22.500013049.5010   12.1873
    7.5000   22.5000  -22.500012535.0654   12.1966
   -7.5000   30.0000  -22.500011580.6084   12.1960
    0.0000   30.0000  -22.500012006.5215   12.1928
    7.5000   30.0000  -22.500011536.7725   12.2029
   -7.5000   37.5000  -22.500011005.9756   12.4034
    0.0000   37.5000  -22.500011431.4873   12.3989
    7.5000   37.5000  -22.500010967.9863   12.4052
   -7.5000   45.0000  -22.500010038.3516   12.4069
    0.0000   45.0000  -22.500010457.9941   12.3957
    7.5000   45.0000  -22.5000 9993.4326   12.4000
   -7.5000  -45.0000  -15.000012825.9424   12.3959
    0.0000  -45.0000  -15.000013352.5996   12.3803
    7.5000  -45.0000  -15.000012714.8154   12.3843
   -7.5000  -37.5000  -15.000013382.8633   12.4236
    0.0000  -37.5000  -15.000013900.4072   12.4054
    7.5000  -37.5000  -15.000013236.4492   12.4113
   -7.5000  -30.0000  -15.000014295.0449   12.3596
    0.0000  -30.0000  -15.000014875.3896   12.3433
    7.5000  -30.0000  -15.000014150.4033   12.3513
   -7.5000  -22.5000  -15.000015022.1670   12.2779
    0.0000  -22.5000  -15.000015640.9453   12.2666
    7.5000  -22.5000  -15.000014875.5068   12.2755
   -7.5000  -15.0000  -15.000015533.4912   12.1988
    0.0000  -15.0000  -15.000016167.0479   12.1910
    7.5000  -15.0000  -15.000015414.0654   12.1993
   -7.5000   -7.5000  -15.000015989.1709   12.1520
    0.0000   -7.5000  -15.000016636.5098   12.1419
    7.5000   -7.5000  -15.000015891.8467   12.1480
   -7.5000    0.0000  -15.000016362.4209   12.1435
    0.0000    0.0000  -15.000017030.4082   12.1284
    7.5000    0.0000  -15.000016268.2559   12.1329
   -7.5000    7.5000  -15.000015402.5078   12.2223
    0.0000    7.5000  -15.000016020.1895   12.2046
    7.5000    7.5000  -15.000015325.0049   12.2107
   -7.5000   15.0000  -15.000014293.4570   12.3481
    0.0000   15.0000  -15.000014858.0127   12.3323
    7.5000   15.0000  -15.000014232.2852   12.3406
   -7.5000   22.5000  -15.000013197.4033   12.4731
    0.0000   22.5000  -15.000013698.9844   12.4626
    7.5000   22.5000  -15.000013153.9824   12.4718
   -7.5000   30.0000  -15.000012133.5645   12.4762
    0.0000   30.0000  -15.000012600.7764   12.4683
    7.5000   30.0000  -15.000012098.1963   12.4776
   -7.5000   37.5000  -15.000011529.0176   12.6868
    0.0000   37.5000  -15.000011993.1768   12.6753
    7.5000   37.5000  -15.000011486.1514   12.6802
   -7.5000   45.0000  -15.000010514.3867   12.6926
    0.0000   45.0000  -15.000010963.7627   12.6751
    7.5000   45.0000  -15.000010460.4521   12.6783
   -7.5000  -45.0000   -7.500013573.1172   12.5239
    0.0000  -45.0000   -7.500014107.2549   12.5054
    7.5000  -45.0000   -7.500013399.5166   12.5128
   -7.5000  -37.5000   -7.500014130.3682   12.5465
    0.0000  -37.5000   -7.500014714.3154   12.5270
    7.5000  -37.5000   -7.500013928.0908   12.5372
   -7.5000  -30.0000   -7.500015106.4385   12.4817
    0.0000  -30.0000   -7.500015781.1221   12.4648
    7.5000  -30.0000   -7.500014879.7578   12.4767
   -7.5000  -22.5000   -7.500015914.4150   12.4042
    0.0000  -22.5000   -7.500016644.6035   12.3917
    7.5000  -22.5000   -7.500015688.9805   12.4030
   -7.5000  -15.0000   -7.500016480.8438   12.3289
    0.0000  -15.0000   -7.500017182.5234   12.3185
    7.5000  -15.0000   -7.500016254.6387   12.3283
   -7.5000   -7.5000   -7.500016932.9707   12.2814
    0.0000   -7.5000   -7.500017622.5898   12.2679
    7.5000   -7.5000   -7.500016756.8125   12.2760
   -7.5000    0.0000   -7.500017276.3301   12.2683
    0.0000    0.0000   -7.500018004.0488   12.2504
    7.5000    0.0000   -7.500017107.9453   12.2582
   -7.5000    7.5000   -7.500016245.6426   12.3430
    0.0000    7.5000   -7.500016936.2539   12.3241
    7.5000    7.5000   -7.500016094.8281   12.3343
   -7.5000   15.0000   -7.500015078.6162   12.4716
    0.0000   15.0000   -7.500015697.4189   12.4554
    7.5000   15.0000   -7.500014962.3359   12.4672
   -7.5000   22.5000   -7.500013922.5957   12.6027
    0.0000   22.5000   -7.500014482.5977   12.5911
    7.5000   22.5000   -7.500013826.3330   12.6027
   -7.5000   30.0000   -7.500012795.9951   12.6098
    0.0000   30.0000   -7.500013315.6045   12.6000
    7.5000   30.0000   -7.500012714.8076   12.6111
   -7.5000   37.5000   -7.500012168.7412   12.8203
    0.0000   37.5000   -7.500012671.2363   12.8064
    7.5000   37.5000   -7.500012070.1562   12.8148
   -7.5000   45.0000   -7.500011062.9277   12.8226
    0.0000   45.0000   -7.500011523.9004   12.8031
    7.5000   45.0000   -7.500010958.7080   12.8111
   -7.5000  -45.0000    0.000014202.3281   12.5272
    0.0000  -45.0000    0.000014778.2168   12.5114
    7.5000  -45.0000    0.000013959.4551   12.5244
   -7.5000  -37.5000    0.000014753.1445   12.5479
    0.0000  -37.5000    0.000015374.1904   12.5300
    7.5000  -37.5000    0.000014512.9092   12.5451
   -7.5000  -30.0000    0.000015741.3906   12.4862
    0.0000  -30.0000    0.000016492.6621   12.4698
    7.5000  -30.0000    0.000015510.4180   12.4847
   -7.5000  -22.5000    0.000016713.6953   12.4131
    0.0000  -22.5000    0.000017576.5000   12.4010
    7.5000  -22.5000    0.000016418.9570   12.4143
   -7.5000  -15.0000    0.000017415.9355   12.3395
    0.0000  -15.0000    0.000018338.3887   12.3300
    7.5000  -15.0000    0.000017086.8613   12.3424
   -7.5000   -7.5000    0.000017852.5840   12.2889
    0.0000   -7.5000    0.000018718.2090   12.2773
    7.5000   -7.5000    0.000017575.2363   12.2896
   -7.5000    0.0000    0.000018140.4902   12.2710
    0.0000    0.0000    0.000018951.0664   12.2556
    7.5000    0.0000    0.000017864.9805   12.2687
   -7.5000    7.5000    0.000017053.2734   12.3439
    0.0000    7.5000    0.000017786.4082   12.3265
    7.5000    7.5000    0.000016757.3281   12.3415
   -7.5000   15.0000    0.000015841.9893   12.4759
    0.0000   15.0000    0.000016541.7891   12.4602
    7.5000   15.0000    0.000015580.6729   12.4751
   -7.5000   22.5000    0.000014601.8662   12.6124
    0.0000   22.5000    0.000015221.8711   12.6008
    7.5000   22.5000    0.000014385.6289   12.6148
   -7.5000   30.0000    0.000013382.7178   12.6223
    0.0000   30.0000    0.000013945.0801   12.6138
    7.5000   30.0000    0.000013193.6963   12.6272
   -7.5000   37.5000    0.000012685.1709   12.8316
    0.0000   37.5000    0.000013221.3877   12.8205
    7.5000   37.5000    0.000012524.1709   12.8337
   -7.5000   45.0000    0.000011494.0537   12.8309
    0.0000   45.0000    0.000011992.2607   12.8143
    7.5000   45.0000    0.000011356.2607   12.8280
   -7.5000  -45.0000    7.500013707.1104   12.5583
    0.0000  -45.0000    7.500014293.5195   12.5495
    7.5000  -45.0000    7.500013468.4941   12.5650
   -7.5000  -37.5000    7.500014258.9561   12.5846
    0.0000  -37.5000    7.500014889.5107   12.5712
    7.5000  -37.5000    7.500014002.4072   12.5870
   -7.5000  -30.0000    7.500015260.1719   12.5279
    0.0000  -30.0000    7.500015974.2090   12.5136
    7.5000  -30.0000    7.500014971.1865   12.5281
   -7.5000  -22.5000    7.500016205.5039   12.4550
    0.0000  -22.5000    7.500017083.1094   12.4455
    7.5000  -22.5000    7.500015807.2549   12.4589
   -7.5000  -15.0000    7.500016918.3984   12.3775
    0.0000  -15.0000    7.500017881.8066   12.3731
    7.5000  -15.0000    7.500016436.2246   12.3871
   -7.5000   -7.5000    7.500017347.9688   12.3235
    0.0000   -7.5000    7.500018266.1855   12.3189
    7.5000   -7.5000    7.500016880.6289   12.3338
   -7.5000    0.0000    7.500017591.0469   12.3054
    0.0000    0.0000    7.500018459.4863   12.2968
    7.5000    0.0000    7.500017142.1113   12.3122
   -7.5000    7.5000    7.500016498.8516   12.3823
    0.0000    7.5000    7.500017286.3340   12.3692
    7.5000    7.5000    7.500016090.2100   12.3849
   -7.5000   15.0000    7.500015299.4521   12.5173
    0.0000   15.0000    7.500016014.8018   12.5036
    7.5000   15.0000    7.500014980.1143   12.5184
   -7.5000   22.5000    7.500014084.5840   12.6534
    0.0000   22.5000    7.500014709.1123   12.6443
    7.5000   22.5000    7.500013851.8896   12.6585
   -7.5000   30.0000    7.500012899.3535   12.6629
    0.0000   30.0000    7.500013466.9102   12.6593
    7.5000   30.0000    7.500012708.0361   12.6738
   -7.5000   37.5000    7.500012221.0771   12.8748
    0.0000   37.5000    7.500012737.2852   12.8708
    7.5000   37.5000    7.500012057.7246   12.8854
   -7.5000   45.0000    7.500011081.0596   12.8787
    0.0000   45.0000    7.500011543.4229   12.8686
    7.5000   45.0000    7.500010951.6504   12.8832
   -7.5000  -45.0000   15.000013123.5342   12.6138
    0.0000  -45.0000   15.000013698.8623   12.6093
    7.5000  -45.0000   15.000012859.4795   12.6220
   -7.5000  -37.5000   15.000013661.7676   12.6470
    0.0000  -37.5000   15.000014257.6260   12.6361
    7.5000  -37.5000   15.000013338.9287   12.6480
   -7.5000  -30.0000   15.000014631.1133   12.5915
    0.0000  -30.0000   15.000015262.5098   12.5785
    7.5000  -30.0000   15.000014255.7920   12.5895
   -7.5000  -22.5000   15.000015516.3203   12.5142
    0.0000  -22.5000   15.000016236.1270   12.5069
    7.5000  -22.5000   15.000015070.6006   12.5183
   -7.5000  -15.0000   15.000016123.2031   12.4317
    0.0000  -15.0000   15.000016841.4102   12.4313
    7.5000  -15.0000   15.000015662.7061   12.4445
   -7.5000   -7.5000   15.000016504.6465   12.3773
    0.0000   -7.5000   15.000017194.5781   12.3778
    7.5000   -7.5000   15.000016077.7148   12.3916
   -7.5000    0.0000   15.000016747.1875   12.3638
    0.0000    0.0000   15.000017463.5059   12.3594
    7.5000    0.0000   15.000016380.9307   12.3722
   -7.5000    7.5000   15.000015730.3535   12.4462
    0.0000    7.5000   15.000016426.7715   12.4356
    7.5000    7.5000   15.000015400.4014   12.4475
   -7.5000   15.0000   15.000014597.2939   12.5809
    0.0000   15.0000   15.000015243.5293   12.5684
    7.5000   15.0000   15.000014317.6104   12.5798
   -7.5000   22.5000   15.000013406.4883   12.7113
    0.0000   22.5000   15.000013966.0645   12.7043
    7.5000   22.5000   15.000013180.8447   12.7165
   -7.5000   30.0000   15.000012243.5234   12.7172
    0.0000   30.0000   15.000012790.8359   12.7171
    7.5000   30.0000   15.000012067.2031   12.7305
   -7.5000   37.5000   15.000011586.2822   12.9316
    0.0000   37.5000   15.000012114.4678   12.9321
    7.5000   37.5000   15.000011429.9443   12.9437
   -7.5000   45.0000   15.000010470.2939   12.9413
    0.0000   45.0000   15.000010927.8232   12.9347
    7.5000   45.0000   15.000010340.8809   12.9449
   -7.5000  -45.0000   22.500012370.1602   12.6822
    0.0000  -45.0000   22.500012895.9023   12.6738
    7.5000  -45.0000   22.500012103.1943   12.6808
   -7.5000  -37.5000   22.500012861.1768   12.7172
    0.0000  -37.5000   22.500013370.8613   12.7035
    7.5000  -37.5000   22.500012559.6367   12.7105
   -7.5000  -30.0000   22.500013740.2100   12.6594
    0.0000  -30.0000   22.500014303.0166   12.6451
    7.5000  -30.0000   22.500013411.2373   12.6529
   -7.5000  -22.5000   22.500014538.4746   12.5788
    0.0000  -22.5000   22.500015168.6162   12.5704
    7.5000  -22.5000   22.500014190.1455   12.5795
   -7.5000  -15.0000   22.500015126.9834   12.4954
    0.0000  -15.0000   22.500015731.9492   12.4930
    7.5000  -15.0000   22.500014767.9648   12.5031
   -7.5000   -7.5000   22.500015499.5088   12.4442
    0.0000   -7.5000   22.500016102.7344   12.4415
    7.5000   -7.5000   22.500015167.4170   12.4505
   -7.5000    0.0000   22.500015707.1660   12.4352
    0.0000    0.0000   22.500016353.9600   12.4271
    7.5000    0.0000   22.500015436.1729   12.4344
   -7.5000    7.5000   22.500014773.5889   12.5185
    0.0000    7.5000   22.500015389.4258   12.5052
    7.5000    7.5000   22.500014510.7793   12.5123
   -7.5000   15.0000   22.500013705.6768   12.6489
    0.0000   15.0000   22.500014267.4863   12.6351
    7.5000   15.0000   22.500013465.7568   12.6432
   -7.5000   22.5000   22.500012581.0420   12.7736
    0.0000   22.5000   22.500013090.3750   12.7657
    7.5000   22.5000   22.500012381.0342   12.7753
   -7.5000   30.0000   22.500011506.5527   12.7762
    0.0000   30.0000   22.500011999.7822   12.7737
    7.5000   30.0000   22.500011347.4492   12.7843
   -7.5000   37.5000   22.500010881.5801   12.9919
    0.0000   37.5000   22.500011350.0439   12.9881
    7.5000   37.5000   22.500010734.0029   12.9947
   -7.5000   45.0000   22.5000 9805.4238   13.0035
    0.0000   45.0000   22.500010220.6445   12.9927
    7.5000   45.0000   22.5000 9690.4658   12.9972
   -7.5000  -45.0000   30.000011441.7256   12.8198
    0.0000  -45.0000   30.000011909.4678   12.8048
    7.5000  -45.0000   30.000011253.4209   12.8088
   -7.5000  -37.5000   30.000011886.6006   12.8526
    0.0000  -37.5000   30.000012357.8418   12.8349
    7.5000  -37.5000   30.000011682.4189   12.8408
   -7.5000  -30.0000   30.000012726.5996   12.7921
    0.0000  -30.0000   30.000013254.0518   12.7764
    7.5000  -30.0000   30.000012514.2090   12.7844
   -7.5000  -22.5000   30.000013468.8223   12.7123
    0.0000  -22.5000   30.000014032.3037   12.7019
    7.5000  -22.5000   30.000013229.4229   12.7108
   -7.5000  -15.0000   30.000014008.6523   12.6312
    0.0000  -15.0000   30.000014544.9072   12.6245
    7.5000  -15.0000   30.000013744.4141   12.6328
   -7.5000   -7.5000   30.000014361.9219   12.5824
    0.0000   -7.5000   30.000014914.8408   12.5732
    7.5000   -7.5000   30.000014110.5254   12.5791
   -7.5000    0.0000   30.000014558.0293   12.5738
    0.0000    0.0000   30.000015151.0020   12.5592
    7.5000    0.0000   30.000014347.1318   12.5636
   -7.5000    7.5000   30.000013681.3682   12.6545
    0.0000    7.5000   30.000014254.2998   12.6373
    7.5000    7.5000   30.000013479.7471   12.6433
   -7.5000   15.0000   30.000012704.4004   12.7836
    0.0000   15.0000   30.000013215.4863   12.7684
    7.5000   15.0000   30.000012518.5576   12.7766
   -7.5000   22.5000   30.000011677.3047   12.9097
    0.0000   22.5000   30.000012144.4902   12.9002
    7.5000   22.5000   30.000011507.7832   12.9094
   -7.5000   30.0000   30.000010687.6709   12.9125
    0.0000   30.0000   30.000011135.4199   12.9060
    7.5000   30.0000   30.000010549.7949   12.9152
   -7.5000   37.5000   30.000010102.1426   13.1298
    0.0000   37.5000   30.000010526.6357   13.1194
    7.5000   37.5000   30.0000 9988.2383   13.1240
   -7.5000   45.0000   30.0000 9098.8643   13.1397
    0.0000   45.0000   30.0000 9463.4932   13.1229
    7.5000   45.0000   30.0000 9009.3037   13.1258
   -7.5000  -45.0000   37.500010931.2402   12.9982
    0.0000  -45.0000   37.500011364.5645   12.9800
    7.5000  -45.0000   37.500010800.2588   12.9875
   -7.5000  -37.5000   37.500011357.9902   13.0274
    0.0000  -37.5000   37.500011802.2451   13.0082
    7.5000  -37.5000   37.500011205.6895   13.0187
   -7.5000  -30.0000   37.500012156.0518   12.9680
    0.0000  -30.0000   37.500012655.9463   12.9517
    7.5000  -30.0000   37.500011997.1689   12.9641
   -7.5000  -22.5000   37.500012860.4238   12.8938
    0.0000  -22.5000   37.500013370.7520   12.8822
    7.5000  -22.5000   37.500012676.9307   12.8938
   -7.5000  -15.0000   37.500013363.3916   12.8167
    0.0000  -15.0000   37.500013862.6006   12.8072
    7.5000  -15.0000   37.500013177.7393   12.8171
   -7.5000   -7.5000   37.500013701.7607   12.7659
    0.0000   -7.5000   37.500014233.7637   12.7530
    7.5000   -7.5000   37.500013515.6074   12.7607
   -7.5000    0.0000   37.500013890.0684   12.7520
    0.0000    0.0000   37.500014456.6885   12.7343
    7.5000    0.0000   37.500013731.6533   12.7418
   -7.5000    7.5000   37.500013050.5127   12.8290
    0.0000    7.5000   37.500013595.8408   12.8103
    7.5000    7.5000   37.500012907.7959   12.8206
   -7.5000   15.0000   37.500012114.6592   12.9621
    0.0000   15.0000   37.500012608.6768   12.9464
    7.5000   15.0000   37.500011979.3770   12.9587
   -7.5000   22.5000   37.500011154.9883   13.0970
    0.0000   22.5000   37.500011615.9648   13.0863
    7.5000   22.5000   37.500011035.9717   13.0982
   -7.5000   30.0000   37.500010227.1504   13.1034
    0.0000   30.0000   37.500010652.2305   13.0947
    7.5000   30.0000   37.500010114.7861   13.1058
   -7.5000   37.5000   37.5000 9657.7422   13.3223
    0.0000   37.5000   37.500010076.3418   13.3091
    7.5000   37.5000   37.5000 9582.6768   13.3172
   -7.5000   45.0000   37.5000 8719.3721   13.3285
    0.0000   45.0000   37.5000 9086.6992   13.3093
    7.5000   45.0000   37.5000 8654.2021   13.3169
   -7.5000  -45.0000   45.000010024.7207   13.2110
    0.0000  -45.0000   45.000010416.0166   13.1951
    7.5000  -45.0000   45.0000 9926.1367   13.2071
   -7.5000  -37.5000   45.000010414.1689   13.2413
    0.0000  -37.5000   45.000010817.4219   13.2231
    7.5000  -37.5000   45.000010302.6582   13.2371
   -7.5000  -30.0000   45.000011124.2900   13.1865
    0.0000  -30.0000   45.000011572.1914   13.1696
    7.5000  -30.0000   45.000011002.7354   13.1830
   -7.5000  -22.5000   45.000011734.8340   13.1164
    0.0000  -22.5000   45.000012211.7051   13.1043
    7.5000  -22.5000   45.000011603.3301   13.1157
   -7.5000  -15.0000   45.000012191.4492   13.0388
    0.0000  -15.0000   45.000012645.7227   13.0297
    7.5000  -15.0000   45.000012033.2236   13.0403
   -7.5000   -7.5000   45.000012532.3027   12.9819
    0.0000   -7.5000   45.000013005.3369   12.9706
    7.5000   -7.5000   45.000012365.7178   12.9813
   -7.5000    0.0000   45.000012725.2012   12.9619
    0.0000    0.0000   45.000013227.7451   12.9465
    7.5000    0.0000   45.000012596.5762   12.9582
   -7.5000    7.5000   45.000011945.3809   13.0400
    0.0000    7.5000   45.000012440.6172   13.0223
    7.5000    7.5000   45.000011851.3398   13.0358
   -7.5000   15.0000   45.000011066.6758   13.1820
    0.0000   15.0000   45.000011546.6182   13.1660
    7.5000   15.0000   45.000010991.5234   13.1792
   -7.5000   22.5000   45.000010204.1289   13.3267
    0.0000   22.5000   45.000010649.6787   13.3153
    7.5000   22.5000   45.000010123.8633   13.3272
   -7.5000   30.0000   45.0000 9356.8945   13.3360
    0.0000   30.0000   45.0000 9765.4697   13.3282
    7.5000   30.0000   45.0000 9274.6201   13.3397
   -7.5000   37.5000   45.0000 8854.1006   13.5595
    0.0000   37.5000   45.0000 9257.9600   13.5491
    7.5000   37.5000   45.0000 8786.1533   13.5605
   -7.5000   45.0000   45.0000 8021.1099   13.5746
    0.0000   45.0000   45.0000 8371.2793   13.5581
    7.5000   45.0000   45.0000 7962.1821   13.5701

---------------------------------------------------------------------
imgreg_4dfp /opt/freesurfer/average/711-2C_as_mni_average_305 /opt/freesurfer/average/711-2B_as_mni_average_305_mask talsrcimg_g11 none talsrcimg_to_711-2C_as_mni_average_305_t4 4355
---------------------------------------------------------------------

freesurfer imgreg_4dfp.c
/opt/freesurfer/average/711-2C_as_mni_average_305.4dfp.img
       256       256       256         1
  1.000000  1.000000  1.000000
orientation T byte_order littleendian
Reading image: /opt/freesurfer/average/711-2C_as_mni_average_305.4dfp.img
dimensions:      256       256       256
mmppix:       1.0000   -1.0000   -1.0000
center:     128.0000 -129.0000 -129.0000
/opt/freesurfer/average/711-2B_as_mni_average_305_mask.4dfp.img
       256       256       256         1
  1.000000  1.000000  1.000000
orientation T byte_order littleendian
Reading mask: /opt/freesurfer/average/711-2B_as_mni_average_305_mask.4dfp.img (2306576 pixels)
talsrcimg_g11.4dfp.img
       256       256       256         1
  1.000000  1.000000  1.000000
orientation T byte_order littleendian
Reading image: talsrcimg_g11.4dfp.img
dimensions:      256       256       256
mmppix:       1.0000   -1.0000   -1.0000
center:     128.0000 -129.0000 -129.0000
rotation matrix determinant  1.000000
image alignment mode   4355 decimal     1103 hex
   -7.5000  -45.0000  -45.0000 2353.2197   12.9532
    0.0000  -45.0000  -45.0000 2359.7234   12.9788
    7.5000  -45.0000  -45.0000 2336.1689   13.1294
   -7.5000  -37.5000  -45.0000 2395.6536   12.3527
    0.0000  -37.5000  -45.0000 2401.3035   12.3467
    7.5000  -37.5000  -45.0000 2375.7725   12.5079
   -7.5000  -30.0000  -45.0000 2423.4485   11.9099
    0.0000  -30.0000  -45.0000 2430.7422   11.8917
    7.5000  -30.0000  -45.0000 2402.5601   12.0450
   -7.5000  -22.5000  -45.0000 2436.5632   11.6395
    0.0000  -22.5000  -45.0000 2446.8923   11.6087
    7.5000  -22.5000  -45.0000 2423.3257   11.7335
   -7.5000  -15.0000  -45.0000 2443.1658   11.5101
    0.0000  -15.0000  -45.0000 2455.2974   11.4387
    7.5000  -15.0000  -45.0000 2436.1011   11.5794
   -7.5000   -7.5000  -45.0000 2428.5718   11.5832
    0.0000   -7.5000  -45.0000 2445.0732   11.5162
    7.5000   -7.5000  -45.0000 2424.9031   11.6529
   -7.5000    0.0000  -45.0000 2395.8218   11.8452
    0.0000    0.0000  -45.0000 2415.6045   11.8006
    7.5000    0.0000  -45.0000 2395.7073   11.9195
   -7.5000    7.5000  -45.0000 2351.5874   12.3679
    0.0000    7.5000  -45.0000 2369.2546   12.2903
    7.5000    7.5000  -45.0000 2350.4954   12.4169
   -7.5000   15.0000  -45.0000 2285.2375   13.1016
    0.0000   15.0000  -45.0000 2300.6331   13.0195
    7.5000   15.0000  -45.0000 2285.4309   13.1469
   -7.5000   22.5000  -45.0000 2209.2175   14.0743
    0.0000   22.5000  -45.0000 2220.8320   14.0172
    7.5000   22.5000  -45.0000 2204.2612   14.1565
   -7.5000   30.0000  -45.0000 2119.6519   15.3654
    0.0000   30.0000  -45.0000 2130.9480   15.3155
    7.5000   30.0000  -45.0000 2112.4326   15.4557
   -7.5000   37.5000  -45.0000 2020.3276   17.1116
    0.0000   37.5000  -45.0000 2035.3202   17.0762
    7.5000   37.5000  -45.0000 2020.4935   17.2163
   -7.5000   45.0000  -45.0000 1907.9208   19.4544
    0.0000   45.0000  -45.0000 1921.5601   19.3795
    7.5000   45.0000  -45.0000 1912.7058   19.5959
   -7.5000  -45.0000  -37.5000 2438.5718   12.0792
    0.0000  -45.0000  -37.5000 2447.4651   12.0727
    7.5000  -45.0000  -37.5000 2419.4919   12.2365
   -7.5000  -37.5000  -37.5000 2480.5684   11.5308
    0.0000  -37.5000  -37.5000 2484.6653   11.5044
    7.5000  -37.5000  -37.5000 2459.9778   11.6673
   -7.5000  -30.0000  -37.5000 2509.5947   11.1415
    0.0000  -30.0000  -37.5000 2517.9438   11.0994
    7.5000  -30.0000  -37.5000 2493.7053   11.2433
   -7.5000  -22.5000  -37.5000 2528.3254   10.8847
    0.0000  -22.5000  -37.5000 2539.9268   10.8344
    7.5000  -22.5000  -37.5000 2515.3123   10.9733
   -7.5000  -15.0000  -37.5000 2529.5762   10.7807
    0.0000  -15.0000  -37.5000 2544.7170   10.6954
    7.5000  -15.0000  -37.5000 2525.0818   10.8420
   -7.5000   -7.5000  -37.5000 2519.1262   10.8068
    0.0000   -7.5000  -37.5000 2539.4004   10.7636
    7.5000   -7.5000  -37.5000 2514.1594   10.8873
   -7.5000    0.0000  -37.5000 2493.6548   11.0416
    0.0000    0.0000  -37.5000 2512.2480   10.9837
    7.5000    0.0000  -37.5000 2492.4431   11.1108
   -7.5000    7.5000  -37.5000 2445.7764   11.4932
    0.0000    7.5000  -37.5000 2463.5515   11.4140
    7.5000    7.5000  -37.5000 2444.5288   11.5390
   -7.5000   15.0000  -37.5000 2372.7588   12.1612
    0.0000   15.0000  -37.5000 2391.9756   12.0795
    7.5000   15.0000  -37.5000 2374.3916   12.1883
   -7.5000   22.5000  -37.5000 2290.0513   13.0306
    0.0000   22.5000  -37.5000 2305.1313   12.9959
    7.5000   22.5000  -37.5000 2288.0261   13.1131
   -7.5000   30.0000  -37.5000 2193.5508   14.1953
    0.0000   30.0000  -37.5000 2205.5835   14.1684
    7.5000   30.0000  -37.5000 2189.5037   14.3011
   -7.5000   37.5000  -37.5000 2087.6360   15.7643
    0.0000   37.5000  -37.5000 2104.8296   15.7637
    7.5000   37.5000  -37.5000 2084.9761   15.9144
   -7.5000   45.0000  -37.5000 1968.5889   17.9489
    0.0000   45.0000  -37.5000 1985.9854   17.9183
    7.5000   45.0000  -37.5000 1971.4492   18.1048
   -7.5000  -45.0000  -30.0000 2566.8384   11.6628
    0.0000  -45.0000  -30.0000 2573.2058   11.6425
    7.5000  -45.0000  -30.0000 2545.5923   11.7990
   -7.5000  -37.5000  -30.0000 2610.4741   11.1358
    0.0000  -37.5000  -30.0000 2613.0803   11.0982
    7.5000  -37.5000  -30.0000 2592.9531   11.2456
   -7.5000  -30.0000  -30.0000 2643.5437   10.7840
    0.0000  -30.0000  -30.0000 2653.9270   10.7219
    7.5000  -30.0000  -30.0000 2633.7751   10.8411
   -7.5000  -22.5000  -30.0000 2666.8203   10.5365
    0.0000  -22.5000  -30.0000 2679.2012   10.4624
    7.5000  -22.5000  -30.0000 2655.9463   10.5910
   -7.5000  -15.0000  -30.0000 2669.7332   10.4059
    0.0000  -15.0000  -30.0000 2688.4622   10.3199
    7.5000  -15.0000  -30.0000 2666.7837   10.4597
   -7.5000   -7.5000  -30.0000 2663.0212   10.4209
    0.0000   -7.5000  -30.0000 2684.5090   10.3748
    7.5000   -7.5000  -30.0000 2657.5361   10.5083
   -7.5000    0.0000  -30.0000 2640.6619   10.6569
    0.0000    0.0000  -30.0000 2662.7871   10.5965
    7.5000    0.0000  -30.0000 2637.9722   10.7118
   -7.5000    7.5000  -30.0000 2591.3574   11.0886
    0.0000    7.5000  -30.0000 2612.7981   10.9914
    7.5000    7.5000  -30.0000 2588.9548   11.1149
   -7.5000   15.0000  -30.0000 2510.6233   11.7071
    0.0000   15.0000  -30.0000 2532.0312   11.6007
    7.5000   15.0000  -30.0000 2513.9478   11.7181
   -7.5000   22.5000  -30.0000 2417.8848   12.5361
    0.0000   22.5000  -30.0000 2433.9902   12.4675
    7.5000   22.5000  -30.0000 2418.1870   12.5951
   -7.5000   30.0000  -30.0000 2315.7708   13.6391
    0.0000   30.0000  -30.0000 2325.4834   13.5675
    7.5000   30.0000  -30.0000 2310.3757   13.7255
   -7.5000   37.5000  -30.0000 2197.6279   15.1149
    0.0000   37.5000  -30.0000 2212.4626   15.0704
    7.5000   37.5000  -30.0000 2198.1338   15.2276
   -7.5000   45.0000  -30.0000 2071.1699   17.2142
    0.0000   45.0000  -30.0000 2087.7402   17.1643
    7.5000   45.0000  -30.0000 2074.7722   17.3249
   -7.5000  -45.0000  -22.5000 2659.4976   11.1904
    0.0000  -45.0000  -22.5000 2666.0513   11.1846
    7.5000  -45.0000  -22.5000 2641.9719   11.3285
   -7.5000  -37.5000  -22.5000 2707.5688   10.6859
    0.0000  -37.5000  -22.5000 2713.5874   10.6442
    7.5000  -37.5000  -22.5000 2692.6504   10.7688
   -7.5000  -30.0000  -22.5000 2744.7302   10.3233
    0.0000  -30.0000  -22.5000 2756.8438   10.2750
    7.5000  -30.0000  -22.5000 2738.5420   10.3887
   -7.5000  -22.5000  -22.5000 2769.0881   10.0788
    0.0000  -22.5000  -22.5000 2789.2046   10.0097
    7.5000  -22.5000  -22.5000 2765.9836   10.1252
   -7.5000  -15.0000  -22.5000 2784.7532    9.9466
    0.0000  -15.0000  -22.5000 2803.8359    9.8605
    7.5000  -15.0000  -22.5000 2778.8293    9.9881
   -7.5000   -7.5000  -22.5000 2783.6873    9.9697
    0.0000   -7.5000  -22.5000 2804.2720    9.9111
    7.5000   -7.5000  -22.5000 2776.0427   10.0267
   -7.5000    0.0000  -22.5000 2760.2292   10.2098
    0.0000    0.0000  -22.5000 2782.8132   10.1284
    7.5000    0.0000  -22.5000 2757.2471   10.2379
   -7.5000    7.5000  -22.5000 2707.1687   10.6231
    0.0000    7.5000  -22.5000 2728.8748   10.5003
    7.5000    7.5000  -22.5000 2706.5037   10.6287
   -7.5000   15.0000  -22.5000 2623.5596   11.2052
    0.0000   15.0000  -22.5000 2641.1743   11.0757
    7.5000   15.0000  -22.5000 2624.9460   11.2021
   -7.5000   22.5000  -22.5000 2520.3550   11.9884
    0.0000   22.5000  -22.5000 2535.3594   11.8868
    7.5000   22.5000  -22.5000 2520.8462   12.0322
   -7.5000   30.0000  -22.5000 2406.7529   13.0585
    0.0000   30.0000  -22.5000 2418.7556   12.9738
    7.5000   30.0000  -22.5000 2403.3079   13.1199
   -7.5000   37.5000  -22.5000 2283.2017   14.5133
    0.0000   37.5000  -22.5000 2298.7244   14.4318
    7.5000   37.5000  -22.5000 2285.2297   14.5833
   -7.5000   45.0000  -22.5000 2144.0334   16.4848
    0.0000   45.0000  -22.5000 2160.7485   16.3891
    7.5000   45.0000  -22.5000 2146.9941   16.5566
   -7.5000  -45.0000  -15.0000 2713.6038   10.7881
    0.0000  -45.0000  -15.0000 2719.2864   10.7580
    7.5000  -45.0000  -15.0000 2696.5403   10.8893
   -7.5000  -37.5000  -15.0000 2766.4158   10.2647
    0.0000  -37.5000  -15.0000 2772.7742   10.2304
    7.5000  -37.5000  -15.0000 2753.8628   10.3402
   -7.5000  -30.0000  -15.0000 2808.8218    9.8876
    0.0000  -30.0000  -15.0000 2823.8892    9.8473
    7.5000  -30.0000  -15.0000 2806.2114    9.9680
   -7.5000  -22.5000  -15.0000 2840.9836    9.6498
    0.0000  -22.5000  -15.0000 2864.5986    9.5772
    7.5000  -22.5000  -15.0000 2841.4827    9.7000
   -7.5000  -15.0000  -15.0000 2858.9429    9.5021
    0.0000  -15.0000  -15.0000 2884.1204    9.4271
    7.5000  -15.0000  -15.0000 2855.2695    9.5652
   -7.5000   -7.5000  -15.0000 2866.2595    9.5323
    0.0000   -7.5000  -15.0000 2890.4038    9.4394
    7.5000   -7.5000  -15.0000 2861.7332    9.5865
   -7.5000    0.0000  -15.0000 2845.1785    9.7734
    0.0000    0.0000  -15.0000 2873.5723    9.6699
    7.5000    0.0000  -15.0000 2843.5200    9.8012
   -7.5000    7.5000  -15.0000 2786.5256   10.1772
    0.0000    7.5000  -15.0000 2815.9219   10.0488
    7.5000    7.5000  -15.0000 2791.7134   10.1782
   -7.5000   15.0000  -15.0000 2695.7556   10.7339
    0.0000   15.0000  -15.0000 2719.8889   10.6057
    7.5000   15.0000  -15.0000 2702.0552   10.7412
   -7.5000   22.5000  -15.0000 2588.8538   11.4901
    0.0000   22.5000  -15.0000 2606.5820   11.3796
    7.5000   22.5000  -15.0000 2591.1211   11.5410
   -7.5000   30.0000  -15.0000 2467.6218   12.5507
    0.0000   30.0000  -15.0000 2487.0410   12.4501
    7.5000   30.0000  -15.0000 2469.9978   12.6168
   -7.5000   37.5000  -15.0000 2336.6318   13.9702
    0.0000   37.5000  -15.0000 2354.7698   13.8800
    7.5000   37.5000  -15.0000 2337.7581   14.0424
   -7.5000   45.0000  -15.0000 2191.5979   15.8752
    0.0000   45.0000  -15.0000 2209.7952   15.7836
    7.5000   45.0000  -15.0000 2195.7261   15.9471
   -7.5000  -45.0000   -7.5000 2741.0049   10.4663
    0.0000  -45.0000   -7.5000 2744.8704   10.4256
    7.5000  -45.0000   -7.5000 2724.6919   10.5625
   -7.5000  -37.5000   -7.5000 2794.4597    9.9273
    0.0000  -37.5000   -7.5000 2810.8467    9.8826
    7.5000  -37.5000   -7.5000 2787.7942   10.0047
   -7.5000  -30.0000   -7.5000 2845.6514    9.5437
    0.0000  -30.0000   -7.5000 2865.1204    9.5136
    7.5000  -30.0000   -7.5000 2843.8250    9.6195
   -7.5000  -22.5000   -7.5000 2887.9246    9.3067
    0.0000  -22.5000   -7.5000 2918.8188    9.2594
    7.5000  -22.5000   -7.5000 2891.2766    9.3629
   -7.5000  -15.0000   -7.5000 2916.6201    9.1525
    0.0000  -15.0000   -7.5000 2946.1936    9.0842
    7.5000  -15.0000   -7.5000 2912.3616    9.2353
   -7.5000   -7.5000   -7.5000 2928.6985    9.1508
    0.0000   -7.5000   -7.5000 2957.8408    9.0649
    7.5000   -7.5000   -7.5000 2921.8977    9.2392
   -7.5000    0.0000   -7.5000 2903.3276    9.3814
    0.0000    0.0000   -7.5000 2938.1821    9.2774
    7.5000    0.0000   -7.5000 2899.8926    9.4487
   -7.5000    7.5000   -7.5000 2840.0708    9.7798
    0.0000    7.5000   -7.5000 2874.9189    9.6765
    7.5000    7.5000   -7.5000 2844.0667    9.8265
   -7.5000   15.0000   -7.5000 2748.1934   10.3345
    0.0000   15.0000   -7.5000 2775.0027   10.2281
    7.5000   15.0000   -7.5000 2753.1794   10.3756
   -7.5000   22.5000   -7.5000 2634.8027   11.1051
    0.0000   22.5000   -7.5000 2653.5054   10.9956
    7.5000   22.5000   -7.5000 2635.7556   11.1676
   -7.5000   30.0000   -7.5000 2506.6233   12.1764
    0.0000   30.0000   -7.5000 2527.4841   12.0846
    7.5000   30.0000   -7.5000 2508.1560   12.2428
   -7.5000   37.5000   -7.5000 2371.2412   13.5532
    0.0000   37.5000   -7.5000 2390.4404   13.4727
    7.5000   37.5000   -7.5000 2371.9353   13.6379
   -7.5000   45.0000   -7.5000 2221.8503   15.3735
    0.0000   45.0000   -7.5000 2239.1294   15.2846
    7.5000   45.0000   -7.5000 2224.9878   15.4604
   -7.5000  -45.0000    0.0000 2742.3293   10.2694
    0.0000  -45.0000    0.0000 2750.6743   10.2462
    7.5000  -45.0000    0.0000 2728.4180   10.3653
   -7.5000  -37.5000    0.0000 2800.4382    9.7017
    0.0000  -37.5000    0.0000 2817.3423    9.6834
    7.5000  -37.5000    0.0000 2795.6814    9.8061
   -7.5000  -30.0000    0.0000 2857.4287    9.3017
    0.0000  -30.0000    0.0000 2883.3184    9.2905
    7.5000  -30.0000    0.0000 2858.0012    9.4185
   -7.5000  -22.5000    0.0000 2916.1184    9.0964
    0.0000  -22.5000    0.0000 2946.6504    9.0760
    7.5000  -22.5000    0.0000 2915.1572    9.1735
   -7.5000  -15.0000    0.0000 2952.4670    8.9842
    0.0000  -15.0000    0.0000 2987.0288    8.9593
    7.5000  -15.0000    0.0000 2947.1323    9.0548
   -7.5000   -7.5000    0.0000 2962.1133    8.9696
    0.0000   -7.5000    0.0000 2997.4771    8.9267
    7.5000   -7.5000    0.0000 2961.2170    9.0532
   -7.5000    0.0000    0.0000 2937.3496    9.1549
    0.0000    0.0000    0.0000 2970.7405    9.0888
    7.5000    0.0000    0.0000 2934.7585    9.2211
   -7.5000    7.5000    0.0000 2868.1379    9.5424
    0.0000    7.5000    0.0000 2899.9202    9.4539
    7.5000    7.5000    0.0000 2868.1094    9.5925
   -7.5000   15.0000    0.0000 2765.6453   10.1403
    0.0000   15.0000    0.0000 2797.0278   10.0449
    7.5000   15.0000    0.0000 2769.1858   10.1866
   -7.5000   22.5000    0.0000 2649.2993   10.9250
    0.0000   22.5000    0.0000 2670.0330   10.8418
    7.5000   22.5000    0.0000 2652.4207   10.9728
   -7.5000   30.0000    0.0000 2521.1064   11.9557
    0.0000   30.0000    0.0000 2539.1479   11.8894
    7.5000   30.0000    0.0000 2522.4343   12.0092
   -7.5000   37.5000    0.0000 2385.6499   13.2993
    0.0000   37.5000    0.0000 2400.5278   13.2666
    7.5000   37.5000    0.0000 2386.3210   13.3929
   -7.5000   45.0000    0.0000 2230.7710   15.0700
    0.0000   45.0000    0.0000 2247.4099   15.0478
    7.5000   45.0000    0.0000 2232.9458   15.1478
   -7.5000  -45.0000    7.5000 2722.4336   10.2125
    0.0000  -45.0000    7.5000 2733.2302   10.2037
    7.5000  -45.0000    7.5000 2717.8191   10.3360
   -7.5000  -37.5000    7.5000 2786.9441    9.6472
    0.0000  -37.5000    7.5000 2803.6736    9.6440
    7.5000  -37.5000    7.5000 2786.8135    9.7650
   -7.5000  -30.0000    7.5000 2852.2556    9.2543
    0.0000  -30.0000    7.5000 2876.0559    9.2665
    7.5000  -30.0000    7.5000 2857.9312    9.3632
   -7.5000  -22.5000    7.5000 2918.5894    9.0608
    0.0000  -22.5000    7.5000 2944.4939    9.0624
    7.5000  -22.5000    7.5000 2915.9292    9.1337
   -7.5000  -15.0000    7.5000 2960.7361    8.9622
    0.0000  -15.0000    7.5000 2996.4751    8.9754
    7.5000  -15.0000    7.5000 2955.9424    8.9978
   -7.5000   -7.5000    7.5000 2972.8369    8.9490
    0.0000   -7.5000    7.5000 3010.5244    8.9349
    7.5000   -7.5000    7.5000 2969.8916    9.0004
   -7.5000    0.0000    7.5000 2942.6487    9.1321
    0.0000    0.0000    7.5000 2975.0457    9.0736
    7.5000    0.0000    7.5000 2934.9998    9.1851
   -7.5000    7.5000    7.5000 2865.1577    9.5388
    0.0000    7.5000    7.5000 2897.4761    9.4572
    7.5000    7.5000    7.5000 2864.7273    9.5822
   -7.5000   15.0000    7.5000 2760.0735   10.1493
    0.0000   15.0000    7.5000 2786.8279   10.0700
    7.5000   15.0000    7.5000 2764.9595   10.2057
   -7.5000   22.5000    7.5000 2642.8982   10.9419
    0.0000   22.5000    7.5000 2659.7307   10.8629
    7.5000   22.5000    7.5000 2647.6626   10.9949
   -7.5000   30.0000    7.5000 2517.2646   11.9696
    0.0000   30.0000    7.5000 2530.1274   11.8848
    7.5000   30.0000    7.5000 2518.2061   12.0290
   -7.5000   37.5000    7.5000 2379.2695   13.2799
    0.0000   37.5000    7.5000 2393.7673   13.2119
    7.5000   37.5000    7.5000 2380.8281   13.3862
   -7.5000   45.0000    7.5000 2224.9143   15.0047
    0.0000   45.0000    7.5000 2240.9019   14.9516
    7.5000   45.0000    7.5000 2228.9187   15.1081
   -7.5000  -45.0000   15.0000 2696.7856   10.3782
    0.0000  -45.0000   15.0000 2702.0374   10.3955
    7.5000  -45.0000   15.0000 2696.9531   10.4897
   -7.5000  -37.5000   15.0000 2758.8286    9.8025
    0.0000  -37.5000   15.0000 2770.3396    9.8096
    7.5000  -37.5000   15.0000 2762.4785    9.8851
   -7.5000  -30.0000   15.0000 2828.8284    9.3977
    0.0000  -30.0000   15.0000 2839.7798    9.3904
    7.5000  -30.0000   15.0000 2832.1816    9.4661
   -7.5000  -22.5000   15.0000 2898.0515    9.1897
    0.0000  -22.5000   15.0000 2912.6895    9.1831
    7.5000  -22.5000   15.0000 2893.2520    9.2477
   -7.5000  -15.0000   15.0000 2936.9067    9.0865
    0.0000  -15.0000   15.0000 2963.8743    9.0765
    7.5000  -15.0000   15.0000 2932.9492    9.1441
   -7.5000   -7.5000   15.0000 2946.7122    9.1059
    0.0000   -7.5000   15.0000 2979.1689    9.0296
    7.5000   -7.5000   15.0000 2942.2595    9.1748
   -7.5000    0.0000   15.0000 2911.0442    9.3388
    0.0000    0.0000   15.0000 2941.0090    9.2318
    7.5000    0.0000   15.0000 2909.8113    9.4041
   -7.5000    7.5000   15.0000 2831.9351    9.7814
    0.0000    7.5000   15.0000 2861.0857    9.6744
    7.5000    7.5000   15.0000 2836.7673    9.8248
   -7.5000   15.0000   15.0000 2726.3889   10.3923
    0.0000   15.0000   15.0000 2752.4150   10.2920
    7.5000   15.0000   15.0000 2733.2634   10.4386
   -7.5000   22.5000   15.0000 2608.2727   11.1808
    0.0000   22.5000   15.0000 2623.3716   11.0974
    7.5000   22.5000   15.0000 2611.5610   11.2357
   -7.5000   30.0000   15.0000 2486.1074   12.1646
    0.0000   30.0000   15.0000 2499.6235   12.1019
    7.5000   30.0000   15.0000 2487.3420   12.2277
   -7.5000   37.5000   15.0000 2349.4841   13.4170
    0.0000   37.5000   15.0000 2365.2656   13.3573
    7.5000   37.5000   15.0000 2353.1426   13.5054
   -7.5000   45.0000   15.0000 2199.8457   15.0776
    0.0000   45.0000   15.0000 2214.6418   15.0265
    7.5000   45.0000   15.0000 2204.8423   15.1569
   -7.5000  -45.0000   22.5000 2657.9575   10.7001
    0.0000  -45.0000   22.5000 2666.4543   10.6796
    7.5000  -45.0000   22.5000 2660.7468   10.7821
   -7.5000  -37.5000   22.5000 2719.9292   10.1077
    0.0000  -37.5000   22.5000 2731.0369   10.0617
    7.5000  -37.5000   22.5000 2728.0469   10.1589
   -7.5000  -30.0000   22.5000 2784.9946    9.6885
    0.0000  -30.0000   22.5000 2797.1995    9.6399
    7.5000  -30.0000   22.5000 2790.3445    9.7496
   -7.5000  -22.5000   22.5000 2848.0115    9.4769
    0.0000  -22.5000   22.5000 2864.6960    9.4353
    7.5000  -22.5000   22.5000 2851.0244    9.5294
   -7.5000  -15.0000   22.5000 2884.0989    9.3844
    0.0000  -15.0000   22.5000 2908.6804    9.3340
    7.5000  -15.0000   22.5000 2887.3489    9.4399
   -7.5000   -7.5000   22.5000 2888.7297    9.4398
    0.0000   -7.5000   22.5000 2918.8743    9.3402
    7.5000   -7.5000   22.5000 2893.7693    9.4823
   -7.5000    0.0000   22.5000 2850.7942    9.6748
    0.0000    0.0000   22.5000 2879.5696    9.5874
    7.5000    0.0000   22.5000 2862.4297    9.7231
   -7.5000    7.5000   22.5000 2782.4717   10.1257
    0.0000    7.5000   22.5000 2806.9187   10.0293
    7.5000    7.5000   22.5000 2789.0381   10.1690
   -7.5000   15.0000   22.5000 2683.6174   10.7279
    0.0000   15.0000   22.5000 2703.5933   10.6157
    7.5000   15.0000   22.5000 2688.7590   10.7730
   -7.5000   22.5000   22.5000 2569.9185   11.4977
    0.0000   22.5000   22.5000 2584.7258   11.3974
    7.5000   22.5000   22.5000 2572.1377   11.5388
   -7.5000   30.0000   22.5000 2447.2202   12.4814
    0.0000   30.0000   22.5000 2460.8486   12.4214
    7.5000   30.0000   22.5000 2448.5576   12.5416
   -7.5000   37.5000   22.5000 2313.2666   13.7104
    0.0000   37.5000   22.5000 2328.7031   13.6606
    7.5000   37.5000   22.5000 2316.7124   13.7674
   -7.5000   45.0000   22.5000 2162.8633   15.3496
    0.0000   45.0000   22.5000 2175.8464   15.2712
    7.5000   45.0000   22.5000 2166.5505   15.3875
   -7.5000  -45.0000   30.0000 2608.4102   11.1244
    0.0000  -45.0000   30.0000 2617.7107   11.0616
    7.5000  -45.0000   30.0000 2615.3599   11.2113
   -7.5000  -37.5000   30.0000 2668.8130   10.4981
    0.0000  -37.5000   30.0000 2681.2937   10.4503
    7.5000  -37.5000   30.0000 2678.3723   10.5930
   -7.5000  -30.0000   30.0000 2729.1047   10.1156
    0.0000  -30.0000   30.0000 2741.5793   10.0526
    7.5000  -30.0000   30.0000 2737.8589   10.2084
   -7.5000  -22.5000   30.0000 2784.4695    9.9282
    0.0000  -22.5000   30.0000 2802.0945    9.8653
    7.5000  -22.5000   30.0000 2792.7651    9.9909
   -7.5000  -15.0000   30.0000 2812.8875    9.8516
    0.0000  -15.0000   30.0000 2834.6587    9.7492
    7.5000  -15.0000   30.0000 2818.2092    9.8891
   -7.5000   -7.5000   30.0000 2809.6909    9.9231
    0.0000   -7.5000   30.0000 2834.5554    9.8184
    7.5000   -7.5000   30.0000 2817.4487    9.9483
   -7.5000    0.0000   30.0000 2767.8218   10.1798
    0.0000    0.0000   30.0000 2795.0813   10.1012
    7.5000    0.0000   30.0000 2783.5559   10.2077
   -7.5000    7.5000   30.0000 2710.8997   10.6150
    0.0000    7.5000   30.0000 2734.3789   10.5263
    7.5000    7.5000   30.0000 2722.2151   10.6539
   -7.5000   15.0000   30.0000 2622.0049   11.2133
    0.0000   15.0000   30.0000 2641.3101   11.0965
    7.5000   15.0000   30.0000 2630.8821   11.2337
   -7.5000   22.5000   30.0000 2518.0671   11.9735
    0.0000   22.5000   30.0000 2533.2144   11.8499
    7.5000   22.5000   30.0000 2517.9919   11.9880
   -7.5000   30.0000   30.0000 2402.0286   12.9127
    0.0000   30.0000   30.0000 2414.5225   12.8175
    7.5000   30.0000   30.0000 2403.2700   12.9524
   -7.5000   37.5000   30.0000 2268.4514   14.1426
    0.0000   37.5000   30.0000 2281.8005   14.0838
    7.5000   37.5000   30.0000 2271.8745   14.1748
   -7.5000   45.0000   30.0000 2120.2122   15.7534
    0.0000   45.0000   30.0000 2130.8479   15.6679
    7.5000   45.0000   30.0000 2123.0083   15.7948
   -7.5000  -45.0000   37.5000 2559.5122   11.6528
    0.0000  -45.0000   37.5000 2570.5076   11.5756
    7.5000  -45.0000   37.5000 2565.6638   11.7760
   -7.5000  -37.5000   37.5000 2614.4082   11.0417
    0.0000  -37.5000   37.5000 2628.3782   10.9759
    7.5000  -37.5000   37.5000 2622.3303   11.1806
   -7.5000  -30.0000   37.5000 2666.4138   10.6566
    0.0000  -30.0000   37.5000 2681.7461   10.6089
    7.5000  -30.0000   37.5000 2675.9163   10.7868
   -7.5000  -22.5000   37.5000 2713.3604   10.4796
    0.0000  -22.5000   37.5000 2731.2947   10.3977
    7.5000  -22.5000   37.5000 2721.7307   10.5711
   -7.5000  -15.0000   37.5000 2731.9585   10.4308
    0.0000  -15.0000   37.5000 2754.2456   10.3324
    7.5000  -15.0000   37.5000 2742.5645   10.5132
   -7.5000   -7.5000   37.5000 2724.0913   10.5250
    0.0000   -7.5000   37.5000 2744.3213   10.4342
    7.5000   -7.5000   37.5000 2732.8066   10.5798
   -7.5000    0.0000   37.5000 2678.6653   10.8049
    0.0000    0.0000   37.5000 2703.5398   10.7128
    7.5000    0.0000   37.5000 2695.1980   10.8311
   -7.5000    7.5000   37.5000 2623.2576   11.2388
    0.0000    7.5000   37.5000 2648.8206   11.1334
    7.5000    7.5000   37.5000 2638.7014   11.2597
   -7.5000   15.0000   37.5000 2549.2754   11.8034
    0.0000   15.0000   37.5000 2569.8660   11.6715
    7.5000   15.0000   37.5000 2558.3643   11.8129
   -7.5000   22.5000   37.5000 2460.2170   12.5298
    0.0000   22.5000   37.5000 2478.4946   12.4076
    7.5000   22.5000   37.5000 2463.7173   12.5249
   -7.5000   30.0000   37.5000 2349.3770   13.4778
    0.0000   30.0000   37.5000 2360.8916   13.3784
    7.5000   30.0000   37.5000 2348.0627   13.5019
   -7.5000   37.5000   37.5000 2214.3088   14.7091
    0.0000   37.5000   37.5000 2230.6028   14.6381
    7.5000   37.5000   37.5000 2221.2947   14.7561
   -7.5000   45.0000   37.5000 2075.0498   16.3474
    0.0000   45.0000   37.5000 2087.7014   16.2594
    7.5000   45.0000   37.5000 2081.1921   16.3895
   -7.5000  -45.0000   45.0000 2507.0122   12.3283
    0.0000  -45.0000   45.0000 2514.2051   12.2527
    7.5000  -45.0000   45.0000 2508.7959   12.5292
   -7.5000  -37.5000   45.0000 2555.4380   11.7343
    0.0000  -37.5000   45.0000 2567.5935   11.6809
    7.5000  -37.5000   45.0000 2557.8955   11.9266
   -7.5000  -30.0000   45.0000 2595.8411   11.3435
    0.0000  -30.0000   45.0000 2607.7605   11.3143
    7.5000  -30.0000   45.0000 2601.3274   11.5165
   -7.5000  -22.5000   45.0000 2627.8767   11.1849
    0.0000  -22.5000   45.0000 2647.5132   11.1067
    7.5000  -22.5000   45.0000 2635.5608   11.3149
   -7.5000  -15.0000   45.0000 2642.8813   11.1501
    0.0000  -15.0000   45.0000 2656.5503   11.0674
    7.5000  -15.0000   45.0000 2644.1606   11.2642
   -7.5000   -7.5000   45.0000 2633.1860   11.2762
    0.0000   -7.5000   45.0000 2647.5425   11.1992
    7.5000   -7.5000   45.0000 2637.9187   11.3540
   -7.5000    0.0000   45.0000 2591.4077   11.5567
    0.0000    0.0000   45.0000 2610.5803   11.4805
    7.5000    0.0000   45.0000 2605.4609   11.6299
   -7.5000    7.5000   45.0000 2536.4573   11.9889
    0.0000    7.5000   45.0000 2557.4424   11.8940
    7.5000    7.5000   45.0000 2551.9368   12.0424
   -7.5000   15.0000   45.0000 2461.2046   12.5577
    0.0000   15.0000   45.0000 2486.9688   12.4226
    7.5000   15.0000   45.0000 2476.6680   12.5579
   -7.5000   22.5000   45.0000 2388.4253   13.2349
    0.0000   22.5000   45.0000 2410.7048   13.1073
    7.5000   22.5000   45.0000 2394.0427   13.2359
   -7.5000   30.0000   45.0000 2285.7688   14.1933
    0.0000   30.0000   45.0000 2303.7478   14.0931
    7.5000   30.0000   45.0000 2288.3450   14.2067
   -7.5000   37.5000   45.0000 2157.7878   15.4519
    0.0000   37.5000   45.0000 2176.5085   15.3931
    7.5000   37.5000   45.0000 2164.4656   15.4816
   -7.5000   45.0000   45.0000 2021.7029   17.1577
    0.0000   45.0000   45.0000 2036.7295   17.0758
    7.5000   45.0000   45.0000 2031.4995   17.1804

---------------------------------------------------------------------
imgreg_4dfp /opt/freesurfer/average/711-2C_as_mni_average_305 /opt/freesurfer/average/711-2B_as_mni_average_305_mask talsrcimg_g11 none talsrcimg_to_711-2C_as_mni_average_305_t4 1283
---------------------------------------------------------------------

freesurfer imgreg_4dfp.c
/opt/freesurfer/average/711-2C_as_mni_average_305.4dfp.img
       256       256       256         1
  1.000000  1.000000  1.000000
orientation T byte_order littleendian
Reading image: /opt/freesurfer/average/711-2C_as_mni_average_305.4dfp.img
dimensions:      256       256       256
mmppix:       1.0000   -1.0000   -1.0000
center:     128.0000 -129.0000 -129.0000
/opt/freesurfer/average/711-2B_as_mni_average_305_mask.4dfp.img
       256       256       256         1
  1.000000  1.000000  1.000000
orientation T byte_order littleendian
Reading mask: /opt/freesurfer/average/711-2B_as_mni_average_305_mask.4dfp.img (2306576 pixels)
talsrcimg_g11.4dfp.img
       256       256       256         1
  1.000000  1.000000  1.000000
orientation T byte_order littleendian
Reading image: talsrcimg_g11.4dfp.img
dimensions:      256       256       256
mmppix:       1.0000   -1.0000   -1.0000
center:     128.0000 -129.0000 -129.0000
rotation matrix determinant  1.000000
fimgreg.f
image alignment mode   1283 decimal      503 hex
parameters
    0.0000   -7.5000    7.5000    0.0000    0.0000    0.0000
eta,q 0.94474  8.98193
niter,ni,del,rscale     5    3   12.0000    1.2000
parameter  4  1.973051 ->  0.500000 qaram    1.1500
parameter  6  1.887645 ->  0.500000 qaram    1.1500
parameters
   -0.4375   -8.7005    6.1379   -3.4500   -1.9924   -3.4500
eta,q 0.95504  8.83240
  0.0620  0.0589  0.0565  0.0467  0.0495  0.0445
  0.0563  0.0558  0.0538  0.0483  0.0493  0.0447
  0.0543  0.0540  0.0531  0.0503  0.0489  0.0462
  0.0545  0.0541  0.0538  0.0534  0.0488  0.0489
  0.0561  0.0565  0.0551  0.0574  0.0495  0.0518
  0.0589  0.0602  0.0570  0.0612  0.0513  0.0544
  0.0634  0.0642  0.0606  0.0650  0.0538  0.0567
niter,ni,del,rscale     6    3   12.0000    1.2000
parameter  4  0.842822 ->  0.500000 qaram    1.3225
parameters
   -0.1762   -8.5142    6.0227   -7.4175   -1.8202   -5.3840
eta,q 0.95795  8.91578
  0.0579  0.0563  0.0506  0.0412  0.0477  0.0451
  0.0512  0.0497  0.0479  0.0422  0.0454  0.0428
  0.0466  0.0453  0.0460  0.0438  0.0440  0.0420
  0.0450  0.0450  0.0451  0.0451  0.0427  0.0426
  0.0463  0.0469  0.0457  0.0473  0.0427  0.0446
  0.0503  0.0499  0.0477  0.0520  0.0446  0.0470
  0.0554  0.0537  0.0515  0.0584  0.0477  0.0496
niter,ni,del,rscale     6    3   12.0000    1.2000
parameter  4  1.260594 ->  0.500000 qaram    1.5209
parameters
   -0.3414   -7.2077    4.9172  -11.9801   -1.0455   -5.0318
eta,q 0.96327  8.92055
  0.0556  0.0536  0.0468  0.0370  0.0447  0.0447
  0.0484  0.0482  0.0436  0.0368  0.0417  0.0408
  0.0433  0.0436  0.0416  0.0381  0.0390  0.0380
  0.0420  0.0420  0.0420  0.0414  0.0370  0.0368
  0.0444  0.0421  0.0445  0.0449  0.0372  0.0374
  0.0500  0.0431  0.0473  0.0474  0.0390  0.0399
  0.0566  0.0465  0.0513  0.0518  0.0422  0.0432
niter,ni,del,rscale     6    3   12.0000    1.2000
parameter  4  0.510781 ->  0.500000 qaram    1.7490
parameters
   -0.4488   -5.4805    3.8297  -17.2272   -1.0076   -5.5394
eta,q 0.96566  8.94521
  0.0524  0.0507  0.0428  0.0360  0.0425  0.0413
  0.0446  0.0452  0.0385  0.0343  0.0383  0.0372
  0.0387  0.0400  0.0359  0.0346  0.0355  0.0348
  0.0367  0.0367  0.0359  0.0355  0.0344  0.0344
  0.0396  0.0359  0.0385  0.0393  0.0354  0.0359
  0.0458  0.0376  0.0436  0.0446  0.0382  0.0391
  0.0530  0.0410  0.0506  0.0497  0.0423  0.0433
niter,ni,del,rscale     6    3   12.0000    1.2000
parameters
   -0.2961   -4.0241    2.2673  -17.4827   -0.7151   -5.9415
eta,q 0.96752  8.95930
  0.0529  0.0479  0.0396  0.0462  0.0423  0.0398
  0.0437  0.0414  0.0349  0.0383  0.0380  0.0357
  0.0368  0.0369  0.0327  0.0326  0.0342  0.0333
  0.0343  0.0344  0.0339  0.0327  0.0325  0.0325
  0.0369  0.0340  0.0377  0.0355  0.0333  0.0338
  0.0429  0.0356  0.0433  0.0396  0.0364  0.0373
  0.0507  0.0391  0.0498  0.0465  0.0410  0.0415
niter,ni,del,rscale     5    3   12.0000    1.2000
parameters
   -0.3358   -3.7862    2.0266  -17.7569   -0.5266   -6.0812
eta,q 0.96775  8.95715
  0.0514  0.0429  0.0433  0.0461  0.0422  0.0402
  0.0422  0.0375  0.0379  0.0387  0.0376  0.0360
  0.0349  0.0340  0.0337  0.0327  0.0338  0.0332
  0.0325  0.0325  0.0325  0.0324  0.0322  0.0322
  0.0359  0.0333  0.0345  0.0355  0.0332  0.0333
  0.0429  0.0362  0.0392  0.0397  0.0365  0.0366
  0.0514  0.0415  0.0450  0.0467  0.0413  0.0408
niter,ni,del,rscale     4    3   12.0000    1.2000
parameters
   -0.3766   -3.7251    1.9123  -17.8917   -0.4421   -6.1261
eta,q 0.96784  8.95606
  0.0515  0.0424  0.0437  0.0462  0.0420  0.0404
  0.0421  0.0372  0.0381  0.0394  0.0373  0.0361
  0.0347  0.0336  0.0338  0.0330  0.0335  0.0333
  0.0322  0.0322  0.0322  0.0322  0.0322  0.0322
  0.0356  0.0333  0.0341  0.0354  0.0333  0.0332
  0.0429  0.0367  0.0387  0.0395  0.0367  0.0364
  0.0514  0.0422  0.0446  0.0464  0.0416  0.0406
niter,ni,del,rscale     3    3   12.0000    1.2000
parameters
   -0.3974   -3.6962    1.8580  -17.9569   -0.4062   -6.1435
eta,q 0.96788  8.95558
  0.0516  0.0424  0.0439  0.0462  0.0418  0.0405
  0.0421  0.0372  0.0383  0.0397  0.0372  0.0362
  0.0347  0.0336  0.0339  0.0332  0.0334  0.0332
  0.0322  0.0322  0.0322  0.0322  0.0321  0.0321
  0.0355  0.0333  0.0339  0.0353  0.0333  0.0331
  0.0427  0.0369  0.0385  0.0394  0.0368  0.0363
  0.0513  0.0424  0.0444  0.0462  0.0418  0.0406
registration optimization eta report
parameter search radius
    6.0000    6.0000    6.0000   10.4940    6.0000    6.9000
100000*second partial in parameter space
       52.       28.       33.       12.       27.       18.
  0.0516  0.0424  0.0439  0.0462  0.0418  0.0405
  0.0421  0.0372  0.0383  0.0397  0.0372  0.0362
  0.0347  0.0336  0.0339  0.0332  0.0334  0.0332
  0.0322  0.0322  0.0322  0.0322  0.0321  0.0321
  0.0355  0.0333  0.0339  0.0353  0.0333  0.0331
  0.0427  0.0369  0.0385  0.0394  0.0368  0.0363
  0.0513  0.0424  0.0444  0.0462  0.0418  0.0406
   -0.3974   -3.6962    1.8580  -17.9569   -0.4062   -6.1435
eta,q 0.96788  8.95558

---------------------------------------------------------------------
imgreg_4dfp /opt/freesurfer/average/711-2C_as_mni_average_305 /opt/freesurfer/average/711-2B_as_mni_average_305_mask talsrcimg_g11 none talsrcimg_to_711-2C_as_mni_average_305_t4 3335
---------------------------------------------------------------------

freesurfer imgreg_4dfp.c
/opt/freesurfer/average/711-2C_as_mni_average_305.4dfp.img
       256       256       256         1
  1.000000  1.000000  1.000000
orientation T byte_order littleendian
Reading image: /opt/freesurfer/average/711-2C_as_mni_average_305.4dfp.img
dimensions:      256       256       256
mmppix:       1.0000   -1.0000   -1.0000
center:     128.0000 -129.0000 -129.0000
/opt/freesurfer/average/711-2B_as_mni_average_305_mask.4dfp.img
       256       256       256         1
  1.000000  1.000000  1.000000
orientation T byte_order littleendian
Reading mask: /opt/freesurfer/average/711-2B_as_mni_average_305_mask.4dfp.img (2306576 pixels)
talsrcimg_g11.4dfp.img
       256       256       256         1
  1.000000  1.000000  1.000000
orientation T byte_order littleendian
Reading image: talsrcimg_g11.4dfp.img
dimensions:      256       256       256
mmppix:       1.0000   -1.0000   -1.0000
center:     128.0000 -129.0000 -129.0000
fimgreg.f
image alignment mode   3335 decimal      D07 hex
parameters
   -0.3974   -3.6962    1.8580   -0.5768   -5.3941   -4.8735
    9.9633    3.9699  -10.7016   30.5809   -0.7089  -30.8293
eta,q 0.96803  9.01396
niter,ni,del,rscale     5    3    5.0000    1.2000
parameter  5  2.071489 ->  0.500000 qaram    1.1500
parameter 12 -0.610289 -> -0.500000 qaram    1.1500
parameters
   -0.2808   -3.5093    1.8017   -3.3612   -9.5341   -8.4499
    7.8863    5.0319   -9.2097   28.8531   -3.4368  -26.6893
eta,q 0.97267  8.57167
  0.0355  0.0343  0.0339  0.0327  0.0276  0.0290  0.0293  0.0328  0.0309  0.0294  0.0281  0.0299
  0.0337  0.0331  0.0328  0.0320  0.0287  0.0285  0.0285  0.0307  0.0296  0.0284  0.0278  0.0290
  0.0325  0.0323  0.0321  0.0316  0.0300  0.0284  0.0282  0.0292  0.0286  0.0279  0.0278  0.0283
  0.0320  0.0320  0.0319  0.0319  0.0316  0.0290  0.0284  0.0282  0.0281  0.0280  0.0279  0.0278
  0.0322  0.0321  0.0322  0.0332  0.0334  0.0307  0.0291  0.0282  0.0280  0.0287  0.0282  0.0274
  0.0332  0.0327  0.0329  0.0352  0.0356  0.0334  0.0302  0.0291  0.0285  0.0300  0.0286  0.0273
  0.0349  0.0337  0.0340  0.0377  0.0381  0.0370  0.0315  0.0309  0.0293  0.0319  0.0293  0.0276
niter,ni,del,rscale     6    3    5.0000    1.2000
parameter  5  1.017559 ->  0.500000 qaram    1.3225
parameters
   -0.2095   -4.1002    1.6967   -3.3980  -14.2951   -9.6881
    7.4965    5.2715   -8.8834   27.5557   -2.6724  -26.5587
eta,q 0.97476  8.30379
  0.0306  0.0285  0.0287  0.0290  0.0252  0.0269  0.0276  0.0292  0.0277  0.0271  0.0262  0.0270
  0.0288  0.0275  0.0278  0.0283  0.0252  0.0262  0.0263  0.0273  0.0265  0.0258  0.0257  0.0261
  0.0277  0.0271  0.0273  0.0277  0.0259  0.0256  0.0256  0.0260  0.0257  0.0253  0.0254  0.0255
  0.0273  0.0273  0.0271  0.0271  0.0271  0.0253  0.0254  0.0254  0.0254  0.0254  0.0253  0.0252
  0.0276  0.0280  0.0274  0.0271  0.0287  0.0257  0.0258  0.0257  0.0256  0.0260  0.0253  0.0254
  0.0286  0.0290  0.0280  0.0279  0.0305  0.0270  0.0267  0.0269  0.0262  0.0272  0.0255  0.0260
  0.0302  0.0304  0.0290  0.0295  0.0328  0.0292  0.0280  0.0288  0.0273  0.0288  0.0259  0.0269
niter,ni,del,rscale     6    3    5.0000    1.2000
parameters
   -0.1846   -3.9719    1.4558   -3.2871  -16.8264  -10.2372
    7.4477    5.1892   -9.0144   27.6541   -2.7521  -27.0514
eta,q 0.97495  8.18858
  0.0283  0.0282  0.0265  0.0268  0.0267  0.0267  0.0272  0.0285  0.0270  0.0279  0.0258  0.0265
  0.0266  0.0266  0.0257  0.0262  0.0257  0.0259  0.0260  0.0267  0.0259  0.0263  0.0254  0.0257
  0.0256  0.0256  0.0253  0.0257  0.0251  0.0254  0.0253  0.0255  0.0252  0.0253  0.0252  0.0252
  0.0252  0.0252  0.0252  0.0252  0.0252  0.0250  0.0251  0.0251  0.0251  0.0251  0.0251  0.0251
  0.0256  0.0255  0.0256  0.0251  0.0263  0.0252  0.0253  0.0255  0.0253  0.0254  0.0251  0.0254
  0.0266  0.0263  0.0262  0.0257  0.0279  0.0260  0.0261  0.0267  0.0260  0.0263  0.0254  0.0260
  0.0281  0.0276  0.0271  0.0271  0.0298  0.0278  0.0272  0.0287  0.0271  0.0276  0.0258  0.0268
niter,ni,del,rscale     5    3    5.0000    1.2000
parameters
   -0.1677   -3.7561    1.3231   -3.3015  -17.1607  -10.3630
    7.4339    5.2124   -9.0094   27.9445   -2.8917  -27.2827
eta,q 0.97494  8.17624
  0.0279  0.0280  0.0264  0.0264  0.0278  0.0269  0.0272  0.0285  0.0270  0.0280  0.0257  0.0265
  0.0263  0.0265  0.0256  0.0259  0.0264  0.0260  0.0260  0.0267  0.0259  0.0264  0.0254  0.0258
  0.0254  0.0255  0.0252  0.0255  0.0255  0.0255  0.0253  0.0255  0.0253  0.0254  0.0252  0.0252
  0.0250  0.0250  0.0250  0.0250  0.0250  0.0250  0.0251  0.0251  0.0251  0.0251  0.0251  0.0251
  0.0254  0.0252  0.0253  0.0249  0.0254  0.0251  0.0253  0.0254  0.0253  0.0254  0.0251  0.0253
  0.0263  0.0259  0.0258  0.0255  0.0267  0.0258  0.0261  0.0266  0.0260  0.0262  0.0254  0.0259
  0.0278  0.0271  0.0267  0.0268  0.0283  0.0273  0.0272  0.0286  0.0270  0.0274  0.0258  0.0267
niter,ni,del,rscale     4    3    5.0000    1.2000
parameters
   -0.1601   -3.6893    1.2625   -3.3406  -17.2722  -10.4014
    7.4258    5.2248   -8.9763   28.0667   -2.9605  -27.3815
eta,q 0.97492  8.17154
  0.0279  0.0276  0.0265  0.0264  0.0279  0.0269  0.0272  0.0285  0.0270  0.0278  0.0258  0.0266
  0.0263  0.0262  0.0257  0.0259  0.0265  0.0260  0.0260  0.0267  0.0259  0.0263  0.0254  0.0258
  0.0254  0.0254  0.0252  0.0255  0.0256  0.0255  0.0253  0.0256  0.0253  0.0254  0.0252  0.0253
  0.0251  0.0251  0.0251  0.0251  0.0251  0.0251  0.0251  0.0251  0.0251  0.0251  0.0251  0.0251
  0.0254  0.0253  0.0253  0.0249  0.0254  0.0251  0.0253  0.0254  0.0253  0.0254  0.0252  0.0253
  0.0263  0.0261  0.0258  0.0255  0.0266  0.0257  0.0261  0.0266  0.0260  0.0263  0.0254  0.0259
  0.0278  0.0273  0.0266  0.0268  0.0282  0.0273  0.0272  0.0286  0.0269  0.0275  0.0258  0.0266
niter,ni,del,rscale     3    3    5.0000    1.2000
parameters
   -0.1586   -3.6621    1.2425   -3.3540  -17.3200  -10.4170
    7.4175    5.2276   -8.9597   28.1219   -2.9901  -27.4158
eta,q 0.97491  8.16963
  0.0279  0.0276  0.0265  0.0264  0.0279  0.0269  0.0272  0.0285  0.0270  0.0278  0.0258  0.0266
  0.0263  0.0262  0.0257  0.0259  0.0266  0.0261  0.0260  0.0267  0.0259  0.0263  0.0254  0.0258
  0.0254  0.0253  0.0253  0.0255  0.0256  0.0255  0.0253  0.0256  0.0253  0.0254  0.0252  0.0253
  0.0251  0.0251  0.0251  0.0251  0.0251  0.0251  0.0251  0.0251  0.0251  0.0251  0.0251  0.0251
  0.0254  0.0254  0.0253  0.0250  0.0254  0.0252  0.0253  0.0254  0.0253  0.0255  0.0252  0.0253
  0.0264  0.0262  0.0258  0.0255  0.0265  0.0257  0.0261  0.0266  0.0260  0.0263  0.0254  0.0259
  0.0278  0.0274  0.0266  0.0268  0.0281  0.0273  0.0272  0.0286  0.0269  0.0276  0.0258  0.0266
niter,ni,del,rscale     2    3    5.0000    1.2000
parameters
   -0.1575   -3.6514    1.2343   -3.3589  -17.3372  -10.4238
    7.4137    5.2310   -8.9541   28.1367   -3.0073  -27.4174
eta,q 0.97491  8.16866
  0.0279  0.0275  0.0265  0.0264  0.0280  0.0269  0.0272  0.0285  0.0270  0.0277  0.0258  0.0266
  0.0263  0.0262  0.0258  0.0259  0.0266  0.0261  0.0260  0.0267  0.0259  0.0263  0.0254  0.0258
  0.0254  0.0253  0.0253  0.0255  0.0256  0.0255  0.0253  0.0256  0.0253  0.0253  0.0252  0.0253
  0.0251  0.0251  0.0251  0.0251  0.0251  0.0251  0.0251  0.0251  0.0251  0.0251  0.0251  0.0251
  0.0254  0.0254  0.0253  0.0250  0.0254  0.0252  0.0253  0.0254  0.0253  0.0255  0.0252  0.0253
  0.0264  0.0262  0.0258  0.0255  0.0265  0.0257  0.0261  0.0266  0.0260  0.0264  0.0254  0.0259
  0.0278  0.0274  0.0265  0.0268  0.0281  0.0273  0.0272  0.0286  0.0269  0.0276  0.0258  0.0266
registration optimization eta report
parameter search radius
    2.4000    2.4000    2.4000    7.2000    9.5220    7.2000
    7.2000    7.2000    7.2000    7.2000    7.2000    8.2800
100000*second partial in parameter space
       48.       41.       25.        3.        3.        4.
        4.        7.        4.        5.        1.        2.
  0.0279  0.0275  0.0265  0.0264  0.0280  0.0269  0.0272  0.0285  0.0270  0.0277  0.0258  0.0266
  0.0263  0.0262  0.0258  0.0259  0.0266  0.0261  0.0260  0.0267  0.0259  0.0263  0.0254  0.0258
  0.0254  0.0253  0.0253  0.0255  0.0256  0.0255  0.0253  0.0256  0.0253  0.0253  0.0252  0.0253
  0.0251  0.0251  0.0251  0.0251  0.0251  0.0251  0.0251  0.0251  0.0251  0.0251  0.0251  0.0251
  0.0254  0.0254  0.0253  0.0250  0.0254  0.0252  0.0253  0.0254  0.0253  0.0255  0.0252  0.0253
  0.0264  0.0262  0.0258  0.0255  0.0265  0.0257  0.0261  0.0266  0.0260  0.0264  0.0254  0.0259
  0.0278  0.0274  0.0265  0.0268  0.0281  0.0273  0.0272  0.0286  0.0269  0.0276  0.0258  0.0266
   -0.1575   -3.6514    1.2343   -3.3589  -17.3372  -10.4238
    7.4137    5.2310   -8.9541   28.1367   -3.0073  -27.4174
eta,q 0.97491  8.16866

---------------------------------------------------------------------
imgreg_4dfp /opt/freesurfer/average/711-2C_as_mni_average_305 /opt/freesurfer/average/711-2B_as_mni_average_305_mask talsrcimg_g11 none talsrcimg_to_711-2C_as_mni_average_305_t4 2311
---------------------------------------------------------------------

freesurfer imgreg_4dfp.c
/opt/freesurfer/average/711-2C_as_mni_average_305.4dfp.img
       256       256       256         1
  1.000000  1.000000  1.000000
orientation T byte_order littleendian
Reading image: /opt/freesurfer/average/711-2C_as_mni_average_305.4dfp.img
dimensions:      256       256       256
mmppix:       1.0000   -1.0000   -1.0000
center:     128.0000 -129.0000 -129.0000
/opt/freesurfer/average/711-2B_as_mni_average_305_mask.4dfp.img
       256       256       256         1
  1.000000  1.000000  1.000000
orientation T byte_order littleendian
Reading mask: /opt/freesurfer/average/711-2B_as_mni_average_305_mask.4dfp.img (2306576 pixels)
talsrcimg_g11.4dfp.img
       256       256       256         1
  1.000000  1.000000  1.000000
orientation T byte_order littleendian
Reading image: talsrcimg_g11.4dfp.img
dimensions:      256       256       256
mmppix:       1.0000   -1.0000   -1.0000
center:     128.0000 -129.0000 -129.0000
fimgreg.f
image alignment mode   2311 decimal      907 hex
parameters
   -0.1575   -3.6514    1.2343   -3.3589  -17.3372  -10.4238
    7.4137    5.2310   -8.9541   28.1367   -3.0073  -27.4174
eta,q 0.97491  8.16866
niter,ni,del,rscale     5    3    5.0000    0.8000
parameters
   -0.1696   -3.6756    1.2235   -2.2507  -16.8991   -9.6437
    7.3177    5.3680   -9.0741   28.0140   -3.0047  -27.5162
eta,q 0.97512  8.26120
  0.0263  0.0262  0.0258  0.0259  0.0260  0.0260  0.0259  0.0267  0.0258  0.0261  0.0252  0.0254
  0.0256  0.0256  0.0254  0.0256  0.0256  0.0256  0.0253  0.0258  0.0253  0.0254  0.0250  0.0251
  0.0252  0.0252  0.0252  0.0254  0.0252  0.0252  0.0250  0.0252  0.0250  0.0250  0.0249  0.0250
  0.0251  0.0251  0.0251  0.0251  0.0250  0.0249  0.0249  0.0249  0.0249  0.0249  0.0249  0.0249
  0.0252  0.0252  0.0252  0.0249  0.0250  0.0249  0.0250  0.0250  0.0250  0.0251  0.0249  0.0250
  0.0257  0.0256  0.0254  0.0251  0.0253  0.0251  0.0254  0.0256  0.0253  0.0255  0.0250  0.0252
  0.0264  0.0262  0.0258  0.0255  0.0258  0.0256  0.0260  0.0266  0.0259  0.0261  0.0252  0.0255
niter,ni,del,rscale     4    3    5.0000    0.7000
parameters
   -0.1845   -3.7547    1.4473   -2.1038  -16.7499   -9.2144
    7.3550    5.3789   -9.1349   27.9426   -2.9525  -27.3293
eta,q 0.97517  8.28792
  0.0259  0.0257  0.0256  0.0256  0.0257  0.0257  0.0257  0.0262  0.0256  0.0258  0.0251  0.0253
  0.0253  0.0252  0.0252  0.0253  0.0253  0.0254  0.0252  0.0255  0.0252  0.0252  0.0250  0.0251
  0.0250  0.0249  0.0250  0.0251  0.0250  0.0250  0.0249  0.0250  0.0249  0.0249  0.0249  0.0249
  0.0249  0.0249  0.0249  0.0249  0.0249  0.0249  0.0248  0.0248  0.0248  0.0248  0.0248  0.0248
  0.0250  0.0250  0.0249  0.0249  0.0249  0.0249  0.0249  0.0250  0.0249  0.0250  0.0249  0.0249
  0.0254  0.0254  0.0250  0.0251  0.0252  0.0251  0.0252  0.0255  0.0252  0.0253  0.0250  0.0250
  0.0260  0.0258  0.0253  0.0257  0.0256  0.0255  0.0256  0.0262  0.0256  0.0258  0.0251  0.0253
niter,ni,del,rscale     3    3    5.0000    0.6000
parameters
   -0.1891   -3.7824    1.5785   -1.9201  -16.6581   -8.9474
    7.3560    5.3947   -9.1626   27.8790   -2.9187  -27.1808
eta,q 0.97519  8.30665
  0.0256  0.0255  0.0253  0.0255  0.0254  0.0255  0.0254  0.0259  0.0254  0.0255  0.0250  0.0252
  0.0252  0.0251  0.0251  0.0252  0.0251  0.0252  0.0251  0.0253  0.0251  0.0251  0.0249  0.0250
  0.0249  0.0249  0.0249  0.0250  0.0249  0.0249  0.0249  0.0250  0.0249  0.0249  0.0248  0.0249
  0.0248  0.0248  0.0248  0.0248  0.0248  0.0248  0.0248  0.0248  0.0248  0.0248  0.0248  0.0248
  0.0249  0.0249  0.0249  0.0248  0.0249  0.0249  0.0249  0.0249  0.0249  0.0249  0.0248  0.0248
  0.0252  0.0252  0.0250  0.0250  0.0251  0.0250  0.0251  0.0253  0.0251  0.0252  0.0249  0.0250
  0.0256  0.0255  0.0252  0.0254  0.0254  0.0253  0.0254  0.0259  0.0254  0.0255  0.0250  0.0251
niter,ni,del,rscale     2    3    5.0000    0.5000
parameters
   -0.1924   -3.8024    1.6586   -1.7871  -16.5939   -8.7967
    7.3608    5.4133   -9.1763   27.8205   -2.9021  -27.0625
eta,q 0.97521  8.31778
  0.0254  0.0253  0.0251  0.0253  0.0253  0.0253  0.0252  0.0256  0.0252  0.0253  0.0250  0.0251
  0.0251  0.0250  0.0250  0.0251  0.0250  0.0250  0.0250  0.0252  0.0250  0.0250  0.0249  0.0249
  0.0249  0.0249  0.0249  0.0249  0.0249  0.0249  0.0248  0.0249  0.0248  0.0248  0.0248  0.0248
  0.0248  0.0248  0.0248  0.0248  0.0248  0.0248  0.0248  0.0248  0.0248  0.0248  0.0248  0.0248
  0.0249  0.0249  0.0248  0.0248  0.0248  0.0248  0.0248  0.0249  0.0248  0.0249  0.0248  0.0248
  0.0251  0.0250  0.0249  0.0250  0.0250  0.0250  0.0250  0.0251  0.0250  0.0250  0.0249  0.0249
  0.0254  0.0253  0.0251  0.0253  0.0252  0.0252  0.0252  0.0256  0.0252  0.0253  0.0250  0.0250
niter,ni,del,rscale     1    3    5.0000    0.4000
parameters
   -0.1943   -3.8175    1.7066   -1.6886  -16.5521   -8.7335
    7.3527    5.4345   -9.1742   27.7635   -2.8661  -26.9746
eta,q 0.97521  8.32333
  0.0252  0.0251  0.0250  0.0251  0.0251  0.0251  0.0251  0.0253  0.0251  0.0251  0.0249  0.0250
  0.0250  0.0249  0.0249  0.0250  0.0249  0.0249  0.0249  0.0250  0.0249  0.0249  0.0248  0.0249
  0.0248  0.0248  0.0248  0.0249  0.0248  0.0248  0.0248  0.0249  0.0248  0.0248  0.0248  0.0248
  0.0248  0.0248  0.0248  0.0248  0.0248  0.0248  0.0248  0.0248  0.0248  0.0248  0.0248  0.0248
  0.0248  0.0248  0.0248  0.0248  0.0248  0.0248  0.0248  0.0248  0.0248  0.0248  0.0248  0.0248
  0.0250  0.0249  0.0249  0.0249  0.0249  0.0249  0.0249  0.0250  0.0249  0.0250  0.0248  0.0249
  0.0252  0.0251  0.0250  0.0251  0.0251  0.0251  0.0251  0.0253  0.0251  0.0251  0.0249  0.0249
registration optimization eta report
parameter search radius
    0.8000    0.8000    0.8000    2.4000    2.4000    2.4000
    2.4000    2.4000    2.4000    2.4000    2.4000    2.4000
100000*second partial in parameter space
       59.       48.       29.        6.        5.        5.
        5.        9.        5.        6.        2.        3.
  0.0252  0.0251  0.0250  0.0251  0.0251  0.0251  0.0251  0.0253  0.0251  0.0251  0.0249  0.0250
  0.0250  0.0249  0.0249  0.0250  0.0249  0.0249  0.0249  0.0250  0.0249  0.0249  0.0248  0.0249
  0.0248  0.0248  0.0248  0.0249  0.0248  0.0248  0.0248  0.0249  0.0248  0.0248  0.0248  0.0248
  0.0248  0.0248  0.0248  0.0248  0.0248  0.0248  0.0248  0.0248  0.0248  0.0248  0.0248  0.0248
  0.0248  0.0248  0.0248  0.0248  0.0248  0.0248  0.0248  0.0248  0.0248  0.0248  0.0248  0.0248
  0.0250  0.0249  0.0249  0.0249  0.0249  0.0249  0.0249  0.0250  0.0249  0.0250  0.0248  0.0249
  0.0252  0.0251  0.0250  0.0251  0.0251  0.0251  0.0251  0.0253  0.0251  0.0251  0.0249  0.0249
   -0.1943   -3.8175    1.7066   -1.6886  -16.5521   -8.7335
    7.3527    5.4345   -9.1742   27.7635   -2.8661  -26.9746
eta,q 0.97521  8.32333

---------------------------------------------------------------------
imgreg_4dfp /opt/freesurfer/average/711-2C_as_mni_average_305 /opt/freesurfer/average/711-2B_as_mni_average_305_mask talsrcimg_g11 none talsrcimg_to_711-2C_as_mni_average_305_t4 2311
---------------------------------------------------------------------

freesurfer imgreg_4dfp.c
/opt/freesurfer/average/711-2C_as_mni_average_305.4dfp.img
       256       256       256         1
  1.000000  1.000000  1.000000
orientation T byte_order littleendian
Reading image: /opt/freesurfer/average/711-2C_as_mni_average_305.4dfp.img
dimensions:      256       256       256
mmppix:       1.0000   -1.0000   -1.0000
center:     128.0000 -129.0000 -129.0000
/opt/freesurfer/average/711-2B_as_mni_average_305_mask.4dfp.img
       256       256       256         1
  1.000000  1.000000  1.000000
orientation T byte_order littleendian
Reading mask: /opt/freesurfer/average/711-2B_as_mni_average_305_mask.4dfp.img (2306576 pixels)
talsrcimg_g11.4dfp.img
       256       256       256         1
  1.000000  1.000000  1.000000
orientation T byte_order littleendian
Reading image: talsrcimg_g11.4dfp.img
dimensions:      256       256       256
mmppix:       1.0000   -1.0000   -1.0000
center:     128.0000 -129.0000 -129.0000
fimgreg.f
image alignment mode   2311 decimal      907 hex
parameters
   -0.1943   -3.8175    1.7066   -1.6886  -16.5521   -8.7335
    7.3527    5.4345   -9.1742   27.7635   -2.8661  -26.9746
eta,q 0.97521  8.32333
niter,ni,del,rscale     5    3    5.0000    0.8000
parameters
   -0.1771   -3.8115    1.7267   -2.1694  -16.7311   -9.0743
    7.3817    5.3643   -9.1562   27.8765   -2.8511  -27.0405
eta,q 0.97517  8.28791
  0.0263  0.0260  0.0255  0.0257  0.0257  0.0257  0.0259  0.0266  0.0258  0.0262  0.0252  0.0254
  0.0255  0.0253  0.0251  0.0253  0.0253  0.0253  0.0253  0.0256  0.0253  0.0254  0.0250  0.0251
  0.0250  0.0249  0.0249  0.0250  0.0250  0.0250  0.0249  0.0251  0.0249  0.0250  0.0249  0.0249
  0.0248  0.0248  0.0248  0.0248  0.0248  0.0248  0.0248  0.0248  0.0248  0.0248  0.0248  0.0248
  0.0250  0.0249  0.0249  0.0249  0.0249  0.0250  0.0249  0.0250  0.0249  0.0250  0.0249  0.0249
  0.0255  0.0253  0.0251  0.0254  0.0253  0.0253  0.0253  0.0257  0.0253  0.0254  0.0250  0.0251
  0.0262  0.0260  0.0255  0.0263  0.0260  0.0262  0.0259  0.0267  0.0258  0.0260  0.0252  0.0255
niter,ni,del,rscale     4    3    5.0000    0.7000
parameters
   -0.1891   -3.7806    1.6355   -2.0736  -16.7028   -9.0343
    7.3665    5.3735   -9.1594   27.8744   -2.8804  -27.1247
eta,q 0.97519  8.29504
  0.0259  0.0258  0.0253  0.0256  0.0256  0.0256  0.0256  0.0262  0.0256  0.0258  0.0251  0.0253
  0.0253  0.0253  0.0250  0.0253  0.0252  0.0253  0.0252  0.0255  0.0252  0.0252  0.0250  0.0250
  0.0249  0.0249  0.0249  0.0250  0.0249  0.0250  0.0249  0.0250  0.0249  0.0249  0.0249  0.0249
  0.0248  0.0248  0.0248  0.0248  0.0248  0.0248  0.0248  0.0248  0.0248  0.0248  0.0248  0.0248
  0.0250  0.0249  0.0249  0.0248  0.0249  0.0249  0.0249  0.0250  0.0249  0.0250  0.0249  0.0249
  0.0253  0.0252  0.0251  0.0251  0.0252  0.0251  0.0252  0.0255  0.0252  0.0253  0.0249  0.0251
  0.0259  0.0257  0.0255  0.0257  0.0256  0.0257  0.0257  0.0262  0.0256  0.0258  0.0251  0.0253
niter,ni,del,rscale     3    3    5.0000    0.6000
parameters
   -0.1913   -3.7929    1.6425   -1.9103  -16.6507   -8.8963
    7.3652    5.3933   -9.1668   27.8480   -2.9046  -27.0877
eta,q 0.97520  8.30781
  0.0256  0.0255  0.0252  0.0255  0.0254  0.0254  0.0254  0.0259  0.0254  0.0255  0.0250  0.0252
  0.0252  0.0251  0.0250  0.0252  0.0251  0.0251  0.0251  0.0253  0.0251  0.0251  0.0249  0.0250
  0.0249  0.0249  0.0249  0.0250  0.0249  0.0249  0.0249  0.0249  0.0249  0.0249  0.0248  0.0248
  0.0248  0.0248  0.0248  0.0248  0.0248  0.0248  0.0248  0.0248  0.0248  0.0248  0.0248  0.0248
  0.0249  0.0249  0.0249  0.0248  0.0249  0.0249  0.0249  0.0249  0.0249  0.0249  0.0248  0.0248
  0.0252  0.0251  0.0250  0.0250  0.0251  0.0250  0.0251  0.0253  0.0251  0.0252  0.0249  0.0250
  0.0256  0.0255  0.0252  0.0254  0.0254  0.0254  0.0254  0.0259  0.0254  0.0255  0.0250  0.0252
niter,ni,del,rscale     2    3    5.0000    0.5000
parameters
   -0.1946   -3.8066    1.6814   -1.7796  -16.5989   -8.7663
    7.3602    5.4064   -9.1764   27.8018   -2.8729  -27.0467
eta,q 0.97520  8.31850
  0.0254  0.0253  0.0251  0.0253  0.0253  0.0253  0.0252  0.0256  0.0252  0.0253  0.0250  0.0251
  0.0251  0.0250  0.0250  0.0251  0.0250  0.0250  0.0250  0.0252  0.0250  0.0250  0.0249  0.0249
  0.0249  0.0249  0.0248  0.0249  0.0249  0.0249  0.0248  0.0249  0.0248  0.0248  0.0248  0.0248
  0.0248  0.0248  0.0248  0.0248  0.0248  0.0248  0.0248  0.0248  0.0248  0.0248  0.0248  0.0248
  0.0249  0.0249  0.0248  0.0248  0.0248  0.0248  0.0248  0.0249  0.0248  0.0249  0.0248  0.0248
  0.0251  0.0250  0.0249  0.0250  0.0250  0.0250  0.0250  0.0251  0.0250  0.0250  0.0249  0.0249
  0.0254  0.0253  0.0251  0.0253  0.0252  0.0252  0.0252  0.0256  0.0252  0.0253  0.0250  0.0250
niter,ni,del,rscale     1    3    5.0000    0.4000
parameters
   -0.1947   -3.8161    1.7206   -1.6866  -16.5493   -8.7142
    7.3594    5.4255   -9.1724   27.7649   -2.8806  -26.9905
eta,q 0.97521  8.32455
  0.0252  0.0251  0.0250  0.0251  0.0251  0.0251  0.0251  0.0253  0.0251  0.0251  0.0249  0.0250
  0.0250  0.0249  0.0249  0.0250  0.0249  0.0249  0.0249  0.0250  0.0249  0.0249  0.0248  0.0249
  0.0248  0.0248  0.0248  0.0249  0.0248  0.0248  0.0248  0.0249  0.0248  0.0248  0.0248  0.0248
  0.0248  0.0248  0.0248  0.0248  0.0248  0.0248  0.0248  0.0248  0.0248  0.0248  0.0248  0.0248
  0.0248  0.0248  0.0248  0.0248  0.0248  0.0248  0.0248  0.0248  0.0248  0.0248  0.0248  0.0248
  0.0250  0.0249  0.0249  0.0249  0.0249  0.0249  0.0249  0.0250  0.0249  0.0250  0.0248  0.0249
  0.0252  0.0251  0.0250  0.0251  0.0251  0.0251  0.0251  0.0253  0.0251  0.0251  0.0249  0.0250
registration optimization eta report
parameter search radius
    0.8000    0.8000    0.8000    2.4000    2.4000    2.4000
    2.4000    2.4000    2.4000    2.4000    2.4000    2.4000
100000*second partial in parameter space
       59.       48.       30.        6.        5.        5.
        5.        9.        5.        6.        2.        3.
  0.0252  0.0251  0.0250  0.0251  0.0251  0.0251  0.0251  0.0253  0.0251  0.0251  0.0249  0.0250
  0.0250  0.0249  0.0249  0.0250  0.0249  0.0249  0.0249  0.0250  0.0249  0.0249  0.0248  0.0249
  0.0248  0.0248  0.0248  0.0249  0.0248  0.0248  0.0248  0.0249  0.0248  0.0248  0.0248  0.0248
  0.0248  0.0248  0.0248  0.0248  0.0248  0.0248  0.0248  0.0248  0.0248  0.0248  0.0248  0.0248
  0.0248  0.0248  0.0248  0.0248  0.0248  0.0248  0.0248  0.0248  0.0248  0.0248  0.0248  0.0248
  0.0250  0.0249  0.0249  0.0249  0.0249  0.0249  0.0249  0.0250  0.0249  0.0250  0.0248  0.0249
  0.0252  0.0251  0.0250  0.0251  0.0251  0.0251  0.0251  0.0253  0.0251  0.0251  0.0249  0.0250
   -0.1947   -3.8161    1.7206   -1.6866  -16.5493   -8.7142
    7.3594    5.4255   -9.1724   27.7649   -2.8806  -26.9905
eta,q 0.97521  8.32455

---------------------------------------------------------------------
compute_vox2vox talsrcimg talsrcimg_to_711-2C_as_mni_average_305_t4 /opt/freesurfer/average/711-2C_as_mni_average_305
---------------------------------------------------------------------

freesurfer compute_vox2vox.c
Reading: talsrcimg.4dfp.ifh
Reading: talsrcimg_to_711-2C_as_mni_average_305_t4
Reading: /opt/freesurfer/average/711-2C_as_mni_average_305.4dfp.ifh
Writing: talsrcimg_to_711-2C_as_mni_average_305_t4_vox2vox.txt

start time Sun Mar 8 12:46:07 CET 2026
end		time Sun Mar 8 12:47:32 CET 2026

mpr2mni305 success

avi2talxfm orig_nu.mgz /opt/freesurfer/average/mni305.cor.mgz talsrcimg_to_711-2C_as_mni_average_305_t4_vox2vox.txt transforms/talairach.auto.xfm
avi2talxfm done
mv -f /out/sourcedata/freesurfer/sub-v1s13x0050004_ses-1/mri/talsrcimg_to_711-2C_as_mni_average_305_t4_vox2vox.txt /out/sourcedata/freesurfer/sub-v1s13x0050004_ses-1/mri/transforms/talsrcimg_to_711-2C_as_mni_average_305_t4_vox2vox.txt
lta_convert --src orig_nu.mgz --trg /opt/freesurfer/average/mni305.cor.mgz --inxfm transforms/talairach.auto.xfm --outlta transforms/talairach.auto.xfm.lta --subject fsaverage
7.3.2

--src: orig_nu.mgz src image (geometry).
--trg: /opt/freesurfer/average/mni305.cor.mgz trg image (geometry).
--inmni: transforms/talairach.auto.xfm input MNI/XFM transform.
--outlta: transforms/talairach.auto.xfm.lta output LTA.
--s: fsaverage subject name
 LTA read, type : 1
 1.00709  -0.02990  -0.09849  -2.51587;
 0.05873   0.99560   0.31683  -0.38118;
 0.09115  -0.33453   1.08207   8.92441;
 0.00000   0.00000   0.00000   1.00000;
setting subject to fsaverage
Writing  LTA to file transforms/talairach.auto.xfm.lta...
lta_convert successful.
 
 
Started at Sun Mar 8 12:46:06 CET 2026
Ended   at Sun Mar  8 12:47:32 CET 2026
talairach_avi done
