/out/sourcedata/freesurfer/sub-v1s13x0050042_ses-1/mri
/opt/freesurfer/bin/talairach_avi
--i orig_nu.mgz --xfm transforms/talairach.auto.xfm
talairach_avi 7.3.2
Linux dna030 5.14.0-427.37.1.el9_4.x86_64 #1 SMP PREEMPT_DYNAMIC Fri Sep 13 12:41:50 EDT 2024 x86_64 x86_64 x86_64 GNU/Linux
Sun Mar  8 16:38:06 CET 2026
mri_convert orig_nu.mgz talsrcimg.img 
reading from orig_nu.mgz...
TR=0.00, TE=0.00, TI=0.00, flip angle=0.00
i_ras = (-1, 0, 0)
j_ras = (0, 0, -1)
k_ras = (0, 1, 0)
writing to talsrcimg.img...
Analyze Output Matrix
-1.00000   0.00000   0.00000   131.71271;
 0.00000   0.00000   1.00000  -132.43781;
 0.00000  -1.00000   0.00000   114.34067;
 0.00000   0.00000   0.00000   1.00000;
--------------------
INFO: set hdr.hist.orient to -1
mpr2mni305 talsrcimg
Sun Mar  8 16:38:07 CET 2026
/opt/freesurfer/bin/mpr2mni305 talsrcimg
mpr2mni305 7.3.2
target=711-2C_as_mni_average_305

---------------------------------------------------------------------
analyzeto4dfp talsrcimg -O0 -y
---------------------------------------------------------------------

freesurfer ifh2hdr.c
Sun Mar  8 16:38:07 2026
Writing: talsrcimg.4dfp.hdr
freesurfer analyzeto4dfp.c
Reading: talsrcimg.hdr
header size 348 bytes
hdr.dime.datatype	offset=70	value=2
hdr.dime.bitpix		offset=72	value=8
hdr.hist.orient		offset=252	value=-1
dimensionality     4
dimensions       256       256       256         1
Reading: talsrcimg.img
Writing: talsrcimg.4dfp.img
Writing: talsrcimg.4dfp.ifh
ifh2hdr talsrcimg -r0to230
ori=2

---------------------------------------------------------------------
gauss_4dfp talsrcimg 1.1
---------------------------------------------------------------------

freesurfer gauss_4dfp.c
Reading: talsrcimg.4dfp.img
Writing: talsrcimg_g11.4dfp.img
image dimensions 256 256 256 padded to 288 288 288
processing volume 1freesurfer ifh2hdr.c
Sun Mar  8 16:38:09 2026
Writing: talsrcimg_g11.4dfp.hdr

Writing: talsrcimg_g11.4dfp.ifh
including: talsrcimg.4dfp.img.rec in talsrcimg_g11.4dfp.img.rec

---------------------------------------------------------------------
imgreg_4dfp /opt/freesurfer/average/711-2C_as_mni_average_305 none talsrcimg_g11 none talsrcimg_to_711-2C_as_mni_average_305_t4 4355
---------------------------------------------------------------------

freesurfer imgreg_4dfp.c
/opt/freesurfer/average/711-2C_as_mni_average_305.4dfp.img
       256       256       256         1
  1.000000  1.000000  1.000000
orientation T byte_order littleendian
Reading image: /opt/freesurfer/average/711-2C_as_mni_average_305.4dfp.img
dimensions:      256       256       256
mmppix:       1.0000   -1.0000   -1.0000
center:     128.0000 -129.0000 -129.0000
talsrcimg_g11.4dfp.img
       256       256       256         1
  1.000000  1.000000  1.000000
orientation T byte_order littleendian
Reading image: talsrcimg_g11.4dfp.img
dimensions:      256       256       256
mmppix:       1.0000   -1.0000   -1.0000
center:     128.0000 -129.0000 -129.0000
t4_read: open error in t4_sub.f l:  41 t4_file(1:l)talsrcimg_to_711-2C_as_mni_average_305_t4 
t4_read: transform initialized to I4
rotation matrix determinant  1.000000
image alignment mode   4355 decimal     1103 hex
   -7.5000  -45.0000  -45.0000 9128.5342   12.9769
    0.0000  -45.0000  -45.0000 9537.9854   12.9791
    7.5000  -45.0000  -45.0000 9110.0371   12.9728
   -7.5000  -37.5000  -45.0000 9581.6826   12.9475
    0.0000  -37.5000  -45.000010027.3584   12.9446
    7.5000  -37.5000  -45.0000 9568.6475   12.9397
   -7.5000  -30.0000  -45.000010378.7422   12.8898
    0.0000  -30.0000  -45.000010861.4062   12.8823
    7.5000  -30.0000  -45.000010337.2754   12.8756
   -7.5000  -22.5000  -45.000011072.1553   12.8306
    0.0000  -22.5000  -45.000011562.6523   12.8230
    7.5000  -22.5000  -45.000010993.5840   12.8121
   -7.5000  -15.0000  -45.000011663.0049   12.7738
    0.0000  -15.0000  -45.000012184.5684   12.7701
    7.5000  -15.0000  -45.000011576.0107   12.7575
   -7.5000   -7.5000  -45.000012186.1787   12.7287
    0.0000   -7.5000  -45.000012708.7246   12.7295
    7.5000   -7.5000  -45.000012077.4727   12.7202
   -7.5000    0.0000  -45.000012596.4922   12.6999
    0.0000    0.0000  -45.000013131.8379   12.7007
    7.5000    0.0000  -45.000012477.2881   12.6954
   -7.5000    7.5000  -45.000012040.9160   12.7284
    0.0000    7.5000  -45.000012574.4150   12.7246
    7.5000    7.5000  -45.000011944.7490   12.7204
   -7.5000   15.0000  -45.000011373.4775   12.7882
    0.0000   15.0000  -45.000011877.8135   12.7805
    7.5000   15.0000  -45.000011277.6309   12.7746
   -7.5000   22.5000  -45.000010658.3828   12.9155
    0.0000   22.5000  -45.000011155.5684   12.9074
    7.5000   22.5000  -45.000010582.6592   12.8965
   -7.5000   30.0000  -45.0000 9905.8838   12.9049
    0.0000   30.0000  -45.000010388.5410   12.9013
    7.5000   30.0000  -45.0000 9851.1670   12.8873
   -7.5000   37.5000  -45.0000 9496.7910   13.0746
    0.0000   37.5000  -45.0000 9938.9170   13.0781
    7.5000   37.5000  -45.0000 9436.4805   13.0694
   -7.5000   45.0000  -45.0000 8759.1660   12.9793
    0.0000   45.0000  -45.0000 9164.2158   12.9814
    7.5000   45.0000  -45.0000 8716.0098   12.9769
   -7.5000  -45.0000  -37.5000 9709.7861   12.9711
    0.0000  -45.0000  -37.500010136.2334   12.9731
    7.5000  -45.0000  -37.5000 9678.4600   12.9697
   -7.5000  -37.5000  -37.500010200.7744   12.9445
    0.0000  -37.5000  -37.500010665.9570   12.9409
    7.5000  -37.5000  -37.500010177.8320   12.9381
   -7.5000  -30.0000  -37.500011041.0361   12.8890
    0.0000  -30.0000  -37.500011544.5059   12.8805
    7.5000  -30.0000  -37.500010980.7646   12.8758
   -7.5000  -22.5000  -37.500011785.6055   12.8287
    0.0000  -22.5000  -37.500012289.8633   12.8202
    7.5000  -22.5000  -37.500011686.5205   12.8119
   -7.5000  -15.0000  -37.500012395.1943   12.7675
    0.0000  -15.0000  -37.500012924.3945   12.7638
    7.5000  -15.0000  -37.500012283.5332   12.7546
   -7.5000   -7.5000  -37.500012923.8252   12.7189
    0.0000   -7.5000  -37.500013442.7812   12.7199
    7.5000   -7.5000  -37.500012773.2158   12.7140
   -7.5000    0.0000  -37.500013342.0176   12.6893
    0.0000    0.0000  -37.500013891.5225   12.6898
    7.5000    0.0000  -37.500013172.9404   12.6873
   -7.5000    7.5000  -37.500012743.8789   12.7207
    0.0000    7.5000  -37.500013297.9561   12.7162
    7.5000    7.5000  -37.500012588.0234   12.7140
   -7.5000   15.0000  -37.500012021.5361   12.7831
    0.0000   15.0000  -37.500012543.2607   12.7743
    7.5000   15.0000  -37.500011896.0283   12.7704
   -7.5000   22.5000  -37.500011244.5186   12.9091
    0.0000   22.5000  -37.500011751.9111   12.9003
    7.5000   22.5000  -37.500011135.7617   12.8921
   -7.5000   30.0000  -37.500010404.8174   12.8959
    0.0000   30.0000  -37.500010905.3047   12.8923
    7.5000   30.0000  -37.500010346.4092   12.8816
   -7.5000   37.5000  -37.5000 9950.6602   13.0629
    0.0000   37.5000  -37.500010415.5420   13.0659
    7.5000   37.5000  -37.5000 9892.5625   13.0601
   -7.5000   45.0000  -37.5000 9157.2500   12.9687
    0.0000   45.0000  -37.5000 9580.6592   12.9692
    7.5000   45.0000  -37.5000 9112.3320   12.9668
   -7.5000  -45.0000  -30.000010493.6162   13.4765
    0.0000  -45.0000  -30.000010935.7178   13.4821
    7.5000  -45.0000  -30.000010411.4102   13.4840
   -7.5000  -37.5000  -30.000011031.2705   13.4497
    0.0000  -37.5000  -30.000011489.7422   13.4475
    7.5000  -37.5000  -30.000010950.4697   13.4509
   -7.5000  -30.0000  -30.000011914.5732   13.3880
    0.0000  -30.0000  -30.000012420.5039   13.3798
    7.5000  -30.0000  -30.000011832.6465   13.3821
   -7.5000  -22.5000  -30.000012688.8652   13.3173
    0.0000  -22.5000  -30.000013231.0459   13.3104
    7.5000  -22.5000  -30.000012581.0469   13.3092
   -7.5000  -15.0000  -30.000013323.5400   13.2481
    0.0000  -15.0000  -30.000013878.9121   13.2481
    7.5000  -15.0000  -30.000013190.8369   13.2453
   -7.5000   -7.5000  -30.000013889.2412   13.1990
    0.0000   -7.5000  -30.000014433.8994   13.2044
    7.5000   -7.5000  -30.000013727.6719   13.2040
   -7.5000    0.0000  -30.000014341.1221   13.1723
    0.0000    0.0000  -30.000014915.3408   13.1761
    7.5000    0.0000  -30.000014150.1533   13.1788
   -7.5000    7.5000  -30.000013694.2656   13.2081
    0.0000    7.5000  -30.000014267.7578   13.2048
    7.5000    7.5000  -30.000013520.4277   13.2086
   -7.5000   15.0000  -30.000012910.2969   13.2714
    0.0000   15.0000  -30.000013458.5312   13.2628
    7.5000   15.0000  -30.000012745.9180   13.2656
   -7.5000   22.5000  -30.000012042.7354   13.3938
    0.0000   22.5000  -30.000012580.2666   13.3865
    7.5000   22.5000  -30.000011905.0820   13.3855
   -7.5000   30.0000  -30.000011133.2949   13.3792
    0.0000   30.0000  -30.000011628.0381   13.3795
    7.5000   30.0000  -30.000011016.8965   13.3753
   -7.5000   37.5000  -30.000010619.3994   13.5532
    0.0000   37.5000  -30.000011094.8447   13.5612
    7.5000   37.5000  -30.000010541.2383   13.5607
   -7.5000   45.0000  -30.0000 9739.6895   13.4694
    0.0000   45.0000  -30.000010193.5078   13.4737
    7.5000   45.0000  -30.0000 9677.1758   13.4767
   -7.5000  -45.0000  -22.500011266.0898   13.9134
    0.0000  -45.0000  -22.500011729.7275   13.9232
    7.5000  -45.0000  -22.500011153.3984   13.9268
   -7.5000  -37.5000  -22.500011819.6904   13.8832
    0.0000  -37.5000  -22.500012310.0420   13.8836
    7.5000  -37.5000  -22.500011720.4375   13.8905
   -7.5000  -30.0000  -22.500012766.1230   13.8130
    0.0000  -30.0000  -22.500013279.8516   13.8064
    7.5000  -30.0000  -22.500012650.1182   13.8134
   -7.5000  -22.5000  -22.500013588.1934   13.7337
    0.0000  -22.5000  -22.500014128.8379   13.7294
    7.5000  -22.5000  -22.500013442.5166   13.7325
   -7.5000  -15.0000  -22.500014264.9609   13.6608
    0.0000  -15.0000  -22.500014805.8955   13.6649
    7.5000  -15.0000  -22.500014079.3057   13.6646
   -7.5000   -7.5000  -22.500014841.5771   13.6140
    0.0000   -7.5000  -22.500015399.0605   13.6238
    7.5000   -7.5000  -22.500014622.4414   13.6247
   -7.5000    0.0000  -22.500015329.7939   13.5901
    0.0000    0.0000  -22.500015921.1211   13.5978
    7.5000    0.0000  -22.500015075.9375   13.6020
   -7.5000    7.5000  -22.500014643.8105   13.6267
    0.0000    7.5000  -22.500015243.0352   13.6258
    7.5000    7.5000  -22.500014423.2236   13.6329
   -7.5000   15.0000  -22.500013774.4014   13.6880
    0.0000   15.0000  -22.500014341.6719   13.6809
    7.5000   15.0000  -22.500013577.9658   13.6883
   -7.5000   22.5000  -22.500012792.4707   13.8085
    0.0000   22.5000  -22.500013340.2246   13.8033
    7.5000   22.5000  -22.500012643.7949   13.8067
   -7.5000   30.0000  -22.500011782.1084   13.7965
    0.0000   30.0000  -22.500012284.6553   13.8011
    7.5000   30.0000  -22.500011651.3965   13.7995
   -7.5000   37.5000  -22.500011238.9512   13.9786
    0.0000   37.5000  -22.500011719.2246   13.9924
    7.5000   37.5000  -22.500011132.6406   13.9934
   -7.5000   45.0000  -22.500010298.8398   13.9041
    0.0000   45.0000  -22.500010749.0947   13.9147
    7.5000   45.0000  -22.500010209.9980   13.9200
   -7.5000  -45.0000  -15.000011986.6504   14.2318
    0.0000  -45.0000  -15.000012471.1973   14.2421
    7.5000  -45.0000  -15.000011860.1064   14.2421
   -7.5000  -37.5000  -15.000012580.6621   14.1968
    0.0000  -37.5000  -15.000013100.5146   14.1980
    7.5000  -37.5000  -15.000012440.4004   14.2026
   -7.5000  -30.0000  -15.000013588.7939   14.1225
    0.0000  -30.0000  -15.000014139.1426   14.1166
    7.5000  -30.0000  -15.000013440.9707   14.1217
   -7.5000  -22.5000  -15.000014461.4814   14.0425
    0.0000  -22.5000  -15.000015045.2178   14.0387
    7.5000  -22.5000  -15.000014279.6211   14.0390
   -7.5000  -15.0000  -15.000015183.6025   13.9712
    0.0000  -15.0000  -15.000015765.6689   13.9752
    7.5000  -15.0000  -15.000014942.6875   13.9709
   -7.5000   -7.5000  -15.000015768.8262   13.9246
    0.0000   -7.5000  -15.000016346.6533   13.9344
    7.5000   -7.5000  -15.000015482.4424   13.9308
   -7.5000    0.0000  -15.000016244.2725   13.8990
    0.0000    0.0000  -15.000016865.5762   13.9070
    7.5000    0.0000  -15.000015938.4473   13.9078
   -7.5000    7.5000  -15.000015529.1016   13.9335
    0.0000    7.5000  -15.000016134.6660   13.9333
    7.5000    7.5000  -15.000015231.3740   13.9381
   -7.5000   15.0000  -15.000014580.4590   13.9942
    0.0000   15.0000  -15.000015158.6123   13.9878
    7.5000   15.0000  -15.000014308.4111   13.9934
   -7.5000   22.5000  -15.000013517.2080   14.1187
    0.0000   22.5000  -15.000014062.1299   14.1138
    7.5000   22.5000  -15.000013306.4326   14.1143
   -7.5000   30.0000  -15.000012433.4082   14.1121
    0.0000   30.0000  -15.000012932.6924   14.1164
    7.5000   30.0000  -15.000012263.3760   14.1108
   -7.5000   37.5000  -15.000011851.0156   14.2984
    0.0000   37.5000  -15.000012348.8975   14.3131
    7.5000   37.5000  -15.000011724.3623   14.3102
   -7.5000   45.0000  -15.000010875.1670   14.2265
    0.0000   45.0000  -15.000011334.1182   14.2392
    7.5000   45.0000  -15.000010754.6348   14.2419
   -7.5000  -45.0000   -7.500012724.1162   14.3920
    0.0000  -45.0000   -7.500013213.4453   14.3984
    7.5000  -45.0000   -7.500012539.0889   14.3938
   -7.5000  -37.5000   -7.500013351.3672   14.3531
    0.0000  -37.5000   -7.500013878.6182   14.3524
    7.5000  -37.5000   -7.500013139.4600   14.3512
   -7.5000  -30.0000   -7.500014440.3594   14.2794
    0.0000  -30.0000   -7.500015012.7646   14.2728
    7.5000  -30.0000   -7.500014215.6533   14.2709
   -7.5000  -22.5000   -7.500015428.1357   14.2045
    0.0000  -22.5000   -7.500016037.4863   14.1985
    7.5000  -22.5000   -7.500015141.8594   14.1916
   -7.5000  -15.0000   -7.500016199.6641   14.1361
    0.0000  -15.0000   -7.500016814.5840   14.1359
    7.5000  -15.0000   -7.500015844.9648   14.1253
   -7.5000   -7.5000   -7.500016776.0898   14.0860
    0.0000   -7.5000   -7.500017352.7012   14.0910
    7.5000   -7.5000   -7.500016388.3555   14.0825
   -7.5000    0.0000   -7.500017236.9395   14.0543
    0.0000    0.0000   -7.500017830.2500   14.0586
    7.5000    0.0000   -7.500016828.9922   14.0548
   -7.5000    7.5000   -7.500016462.4199   14.0861
    0.0000    7.5000   -7.500017037.2188   14.0840
    7.5000    7.5000   -7.500016062.3281   14.0833
   -7.5000   15.0000   -7.500015477.8477   14.1490
    0.0000   15.0000   -7.500016016.0029   14.1419
    7.5000   15.0000   -7.500015112.4814   14.1408
   -7.5000   22.5000   -7.500014351.4541   14.2803
    0.0000   22.5000   -7.500014855.4365   14.2733
    7.5000   22.5000   -7.500014032.6436   14.2665
   -7.5000   30.0000   -7.500013209.6982   14.2777
    0.0000   30.0000   -7.500013669.7100   14.2777
    7.5000   30.0000   -7.500012930.2832   14.2656
   -7.5000   37.5000   -7.500012578.9004   14.4636
    0.0000   37.5000   -7.500013058.5166   14.4731
    7.5000   37.5000   -7.500012353.5166   14.4655
   -7.5000   45.0000   -7.500011521.5020   14.3872
    0.0000   45.0000   -7.500012000.1650   14.3955
    7.5000   45.0000   -7.500011345.5342   14.3934
   -7.5000  -45.0000    0.000013351.1846   14.4125
    0.0000  -45.0000    0.000013841.5400   14.4150
    7.5000  -45.0000    0.000013083.5781   14.4084
   -7.5000  -37.5000    0.000014020.2373   14.3732
    0.0000  -37.5000    0.000014539.3467   14.3700
    7.5000  -37.5000    0.000013709.1846   14.3649
   -7.5000  -30.0000    0.000015140.4902   14.3032
    0.0000  -30.0000    0.000015732.9316   14.2951
    7.5000  -30.0000    0.000014818.3184   14.2878
   -7.5000  -22.5000    0.000016224.5918   14.2324
    0.0000  -22.5000    0.000016876.2051   14.2240
    7.5000  -22.5000    0.000015858.2051   14.2122
   -7.5000  -15.0000    0.000017177.7285   14.1645
    0.0000  -15.0000    0.000017828.6016   14.1603
    7.5000  -15.0000    0.000016727.7656   14.1467
   -7.5000   -7.5000    0.000017875.7539   14.1097
    0.0000   -7.5000    0.000018426.0586   14.1103
    7.5000   -7.5000    0.000017343.6094   14.1004
   -7.5000    0.0000    0.000018334.6895   14.0733
    0.0000    0.0000    0.000018824.6777   14.0739
    7.5000    0.0000    0.000017754.6133   14.0682
   -7.5000    7.5000    0.000017420.0781   14.1051
    0.0000    7.5000    0.000017902.5508   14.1007
    7.5000    7.5000    0.000016870.1621   14.0962
   -7.5000   15.0000    0.000016376.9297   14.1718
    0.0000   15.0000    0.000016856.8965   14.1633
    7.5000   15.0000    0.000015836.6934   14.1568
   -7.5000   22.5000    0.000015196.4062   14.3082
    0.0000   22.5000    0.000015694.7285   14.2990
    7.5000   22.5000    0.000014703.3516   14.2872
   -7.5000   30.0000    0.000013944.9238   14.3060
    0.0000   30.0000    0.000014438.3672   14.3019
    7.5000   30.0000    0.000013519.5283   14.2867
   -7.5000   37.5000    0.000013249.9590   14.4886
    0.0000   37.5000    0.000013785.4062   14.4922
    7.5000   37.5000    0.000012908.9551   14.4829
   -7.5000   45.0000    0.000012119.7900   14.4079
    0.0000   45.0000    0.000012658.9365   14.4100
    7.5000   45.0000    0.000011884.8574   14.4052
   -7.5000  -45.0000    7.500012981.4893   14.4409
    0.0000  -45.0000    7.500013412.4590   14.4433
    7.5000  -45.0000    7.500012660.3398   14.4398
   -7.5000  -37.5000    7.500013614.7803   14.4067
    0.0000  -37.5000    7.500014049.5605   14.4029
    7.5000  -37.5000    7.500013256.2188   14.4000
   -7.5000  -30.0000    7.500014668.9199   14.3409
    0.0000  -30.0000    7.500015134.4902   14.3316
    7.5000  -30.0000    7.500014309.8496   14.3266
   -7.5000  -22.5000    7.500015750.2070   14.2703
    0.0000  -22.5000    7.500016322.1826   14.2609
    7.5000  -22.5000    7.500015366.5303   14.2519
   -7.5000  -15.0000    7.500016839.0938   14.1990
    0.0000  -15.0000    7.500017546.2969   14.1949
    7.5000  -15.0000    7.500016362.6016   14.1848
   -7.5000   -7.5000    7.500017672.2793   14.1422
    0.0000   -7.5000    7.500018350.5703   14.1431
    7.5000   -7.5000    7.500017053.8066   14.1368
   -7.5000    0.0000    7.500018016.5527   14.1067
    0.0000    0.0000    7.500018616.6211   14.1072
    7.5000    0.0000    7.500017351.0762   14.1046
   -7.5000    7.5000    7.500016987.6113   14.1420
    0.0000    7.5000    7.500017527.6562   14.1368
    7.5000    7.5000    7.500016358.7539   14.1346
   -7.5000   15.0000    7.500015871.0400   14.2114
    0.0000   15.0000    7.500016397.3633   14.2017
    7.5000   15.0000    7.500015264.7832   14.1975
   -7.5000   22.5000    7.500014699.0918   14.3465
    0.0000   22.5000    7.500015204.8154   14.3367
    7.5000   22.5000    7.500014121.1768   14.3278
   -7.5000   30.0000    7.500013463.2158   14.3414
    0.0000   30.0000    7.500013956.9238   14.3374
    7.5000   30.0000    7.500012989.4365   14.3257
   -7.5000   37.5000    7.500012788.2305   14.5238
    0.0000   37.5000    7.500013294.8223   14.5270
    7.5000   37.5000    7.500012429.8848   14.5207
   -7.5000   45.0000    7.500011688.7490   14.4455
    0.0000   45.0000    7.500012187.2217   14.4458
    7.5000   45.0000    7.500011442.9756   14.4434
   -7.5000  -45.0000   15.000012459.3477   14.4832
    0.0000  -45.0000   15.000012842.6514   14.4896
    7.5000  -45.0000   15.000012146.1299   14.4917
   -7.5000  -37.5000   15.000013090.4658   14.4540
    0.0000  -37.5000   15.000013510.8330   14.4522
    7.5000  -37.5000   15.000012738.2285   14.4558
   -7.5000  -30.0000   15.000014112.9541   14.3877
    0.0000  -30.0000   15.000014570.3203   14.3794
    7.5000  -30.0000   15.000013707.8799   14.3818
   -7.5000  -22.5000   15.000015151.7422   14.3120
    0.0000  -22.5000   15.000015693.0117   14.3049
    7.5000  -22.5000   15.000014657.2637   14.3036
   -7.5000  -15.0000   15.000016130.9707   14.2371
    0.0000  -15.0000   15.000016860.9316   14.2373
    7.5000  -15.0000   15.000015537.2412   14.2342
   -7.5000   -7.5000   15.000016818.1836   14.1832
    0.0000   -7.5000   15.000017551.3672   14.1891
    7.5000   -7.5000   15.000016160.9824   14.1887
   -7.5000    0.0000   15.000017143.7246   14.1538
    0.0000    0.0000   15.000017813.6543   14.1581
    7.5000    0.0000   15.000016489.0977   14.1609
   -7.5000    7.5000   15.000016217.6748   14.1924
    0.0000    7.5000   15.000016804.8691   14.1892
    7.5000    7.5000   15.000015614.8115   14.1933
   -7.5000   15.0000   15.000015158.3564   14.2605
    0.0000   15.0000   15.000015681.4111   14.2517
    7.5000   15.0000   15.000014597.8984   14.2546
   -7.5000   22.5000   15.000014020.8203   14.3890
    0.0000   22.5000   15.000014449.7832   14.3814
    7.5000   22.5000   15.000013485.7334   14.3803
   -7.5000   30.0000   15.000012804.9824   14.3805
    0.0000   30.0000   15.000013218.5322   14.3811
    7.5000   30.0000   15.000012384.1133   14.3764
   -7.5000   37.5000   15.000012149.0137   14.5664
    0.0000   37.5000   15.000012571.3555   14.5752
    7.5000   37.5000   15.000011828.2744   14.5745
   -7.5000   45.0000   15.000011130.1846   14.4944
    0.0000   45.0000   15.000011547.0781   14.4993
    7.5000   45.0000   15.000010883.7559   14.5025
   -7.5000  -45.0000   22.500011802.0381   14.5481
    0.0000  -45.0000   22.500012247.2998   14.5593
    7.5000  -45.0000   22.500011502.2334   14.5630
   -7.5000  -37.5000   22.500012402.9375   14.5194
    0.0000  -37.5000   22.500012868.8604   14.5209
    7.5000  -37.5000   22.500012067.9766   14.5280
   -7.5000  -30.0000   22.500013381.9697   14.4502
    0.0000  -30.0000   22.500013835.1240   14.4442
    7.5000  -30.0000   22.500012979.2354   14.4515
   -7.5000  -22.5000   22.500014346.0771   14.3715
    0.0000  -22.5000   22.500014844.6992   14.3677
    7.5000  -22.5000   22.500013856.8818   14.3708
   -7.5000  -15.0000   22.500015192.8135   14.2973
    0.0000  -15.0000   22.500015736.6875   14.3023
    7.5000  -15.0000   22.500014668.6904   14.3017
   -7.5000   -7.5000   22.500015762.5957   14.2481
    0.0000   -7.5000   22.500016257.0664   14.2591
    7.5000   -7.5000   22.500015207.9736   14.2597
   -7.5000    0.0000   22.500016072.9873   14.2228
    0.0000    0.0000   22.500016563.5645   14.2317
    7.5000    0.0000   22.500015547.5273   14.2360
   -7.5000    7.5000   22.500015261.7188   14.2606
    0.0000    7.5000   22.500015727.8613   14.2606
    7.5000    7.5000   22.500014775.8809   14.2680
   -7.5000   15.0000   22.500014283.8350   14.3238
    0.0000   15.0000   22.500014726.6406   14.3171
    7.5000   15.0000   22.500013845.1455   14.3249
   -7.5000   22.5000   22.500013226.2256   14.4466
    0.0000   22.5000   22.500013609.6162   14.4419
    7.5000   22.5000   22.500012821.4326   14.4454
   -7.5000   30.0000   22.500012097.6875   14.4371
    0.0000   30.0000   22.500012460.1084   14.4426
    7.5000   30.0000   22.500011750.8877   14.4406
   -7.5000   37.5000   22.500011474.2100   14.6261
    0.0000   37.5000   22.500011858.2295   14.6413
    7.5000   37.5000   22.500011190.8809   14.6422
   -7.5000   45.0000   22.500010489.8213   14.5573
    0.0000   45.0000   22.500010865.4697   14.5692
    7.5000   45.0000   22.500010275.0840   14.5747
   -7.5000  -45.0000   30.000011000.8994   14.6624
    0.0000  -45.0000   30.000011398.5771   14.6744
    7.5000  -45.0000   30.000010729.6025   14.6741
   -7.5000  -37.5000   30.000011549.4316   14.6301
    0.0000  -37.5000   30.000011956.3438   14.6328
    7.5000  -37.5000   30.000011258.7500   14.6373
   -7.5000  -30.0000   30.000012457.0527   14.5601
    0.0000  -30.0000   30.000012858.2588   14.5552
    7.5000  -30.0000   30.000012126.4824   14.5603
   -7.5000  -22.5000   30.000013341.3525   14.4843
    0.0000  -22.5000   30.000013798.6748   14.4813
    7.5000  -22.5000   30.000012962.8838   14.4811
   -7.5000  -15.0000   30.000014075.4053   14.4147
    0.0000  -15.0000   30.000014539.5088   14.4196
    7.5000  -15.0000   30.000013698.6133   14.4145
   -7.5000   -7.5000   30.000014602.6592   14.3667
    0.0000   -7.5000   30.000015019.4639   14.3777
    7.5000   -7.5000   30.000014199.0430   14.3734
   -7.5000    0.0000   30.000014932.2383   14.3396
    0.0000    0.0000   30.000015377.5049   14.3492
    7.5000    0.0000   30.000014531.8467   14.3495
   -7.5000    7.5000   30.000014150.8760   14.3731
    0.0000    7.5000   30.000014602.7373   14.3741
    7.5000    7.5000   30.000013805.9619   14.3789
   -7.5000   15.0000   30.000013271.0225   14.4330
    0.0000   15.0000   30.000013692.8662   14.4274
    7.5000   15.0000   30.000012930.0508   14.4330
   -7.5000   22.5000   30.000012289.4062   14.5580
    0.0000   22.5000   30.000012678.5576   14.5537
    7.5000   22.5000   30.000011973.3984   14.5538
   -7.5000   30.0000   30.000011273.6426   14.5512
    0.0000   30.0000   30.000011627.0352   14.5564
    7.5000   30.0000   30.000010980.4570   14.5498
   -7.5000   37.5000   30.000010709.3311   14.7413
    0.0000   37.5000   30.000011062.2598   14.7574
    7.5000   37.5000   30.000010463.9668   14.7538
   -7.5000   45.0000   30.0000 9769.9297   14.6695
    0.0000   45.0000   30.000010104.1123   14.6839
    7.5000   45.0000   30.0000 9582.1621   14.6863
   -7.5000  -45.0000   37.500010548.8848   14.8852
    0.0000  -45.0000   37.500010944.4482   14.8937
    7.5000  -45.0000   37.500010336.5361   14.8883
   -7.5000  -37.5000   37.500011077.3018   14.8489
    0.0000  -37.5000   37.500011494.6777   14.8503
    7.5000  -37.5000   37.500010845.8369   14.8488
   -7.5000  -30.0000   37.500011975.7188   14.7810
    0.0000  -30.0000   37.500012397.2529   14.7764
    7.5000  -30.0000   37.500011713.1436   14.7743
   -7.5000  -22.5000   37.500012821.9688   14.7117
    0.0000  -22.5000   37.500013284.0459   14.7074
    7.5000  -22.5000   37.500012512.8799   14.6998
   -7.5000  -15.0000   37.500013496.0586   14.6462
    0.0000  -15.0000   37.500013952.8564   14.6475
    7.5000  -15.0000   37.500013188.2002   14.6356
   -7.5000   -7.5000   37.500013984.4717   14.5947
    0.0000   -7.5000   37.500014423.6953   14.6013
    7.5000   -7.5000   37.500013667.0186   14.5915
   -7.5000    0.0000   37.500014332.3838   14.5610
    0.0000    0.0000   37.500014796.4521   14.5671
    7.5000    0.0000   37.500014014.7764   14.5625
   -7.5000    7.5000   37.500013586.5215   14.5905
    0.0000    7.5000   37.500014043.6152   14.5902
    7.5000    7.5000   37.500013319.0400   14.5892
   -7.5000   15.0000   37.500012718.0898   14.6514
    0.0000   15.0000   37.500013165.4131   14.6460
    7.5000   15.0000   37.500012462.1318   14.6446
   -7.5000   22.5000   37.500011782.1113   14.7853
    0.0000   22.5000   37.500012200.0840   14.7796
    7.5000   22.5000   37.500011537.4355   14.7721
   -7.5000   30.0000   37.500010848.4346   14.7820
    0.0000   30.0000   37.500011229.0088   14.7832
    7.5000   30.0000   37.500010616.8047   14.7696
   -7.5000   37.5000   37.500010303.6309   14.9734
    0.0000   37.5000   37.500010689.3359   14.9844
    7.5000   37.5000   37.500010118.3184   14.9756
   -7.5000   45.0000   37.5000 9392.1299   14.8957
    0.0000   45.0000   37.5000 9767.2891   14.9057
    7.5000   45.0000   37.5000 9263.9004   14.9030
   -7.5000  -45.0000   45.0000 9668.0635   15.1025
    0.0000  -45.0000   45.000010059.5312   15.1076
    7.5000  -45.0000   45.0000 9509.6689   15.1004
   -7.5000  -37.5000   45.000010183.7490   15.0656
    0.0000  -37.5000   45.000010572.0820   15.0650
    7.5000  -37.5000   45.0000 9992.0332   15.0596
   -7.5000  -30.0000   45.000011027.6592   15.0033
    0.0000  -30.0000   45.000011423.8389   14.9970
    7.5000  -30.0000   45.000010792.4990   14.9894
   -7.5000  -22.5000   45.000011776.0439   14.9394
    0.0000  -22.5000   45.000012205.9062   14.9321
    7.5000  -22.5000   45.000011515.0518   14.9191
   -7.5000  -15.0000   45.000012365.2803   14.8744
    0.0000  -15.0000   45.000012809.4268   14.8712
    7.5000  -15.0000   45.000012124.9873   14.8558
   -7.5000   -7.5000   45.000012816.0693   14.8163
    0.0000   -7.5000   45.000013245.0596   14.8185
    7.5000   -7.5000   45.000012565.7939   14.8072
   -7.5000    0.0000   45.000013139.7549   14.7758
    0.0000    0.0000   45.000013599.8633   14.7787
    7.5000    0.0000   45.000012885.4697   14.7723
   -7.5000    7.5000   45.000012474.3262   14.8050
    0.0000    7.5000   45.000012930.9395   14.8027
    7.5000    7.5000   45.000012245.3125   14.7979
   -7.5000   15.0000   45.000011676.3721   14.8707
    0.0000   15.0000   45.000012103.6943   14.8635
    7.5000   15.0000   45.000011472.0508   14.8567
   -7.5000   22.5000   45.000010814.0615   15.0131
    0.0000   22.5000   45.000011222.5098   15.0046
    7.5000   22.5000   45.000010635.7500   14.9915
   -7.5000   30.0000   45.0000 9964.9043   15.0099
    0.0000   30.0000   45.000010361.4668   15.0064
    7.5000   30.0000   45.0000 9781.0391   14.9892
   -7.5000   37.5000   45.0000 9478.6689   15.2014
    0.0000   37.5000   45.0000 9852.5195   15.2065
    7.5000   37.5000   45.0000 9310.5781   15.1959
   -7.5000   45.0000   45.0000 8659.2480   15.1286
    0.0000   45.0000   45.0000 9012.7080   15.1326
    7.5000   45.0000   45.0000 8529.1094   15.1273

---------------------------------------------------------------------
imgreg_4dfp /opt/freesurfer/average/711-2C_as_mni_average_305 /opt/freesurfer/average/711-2B_as_mni_average_305_mask talsrcimg_g11 none talsrcimg_to_711-2C_as_mni_average_305_t4 4355
---------------------------------------------------------------------

freesurfer imgreg_4dfp.c
/opt/freesurfer/average/711-2C_as_mni_average_305.4dfp.img
       256       256       256         1
  1.000000  1.000000  1.000000
orientation T byte_order littleendian
Reading image: /opt/freesurfer/average/711-2C_as_mni_average_305.4dfp.img
dimensions:      256       256       256
mmppix:       1.0000   -1.0000   -1.0000
center:     128.0000 -129.0000 -129.0000
/opt/freesurfer/average/711-2B_as_mni_average_305_mask.4dfp.img
       256       256       256         1
  1.000000  1.000000  1.000000
orientation T byte_order littleendian
Reading mask: /opt/freesurfer/average/711-2B_as_mni_average_305_mask.4dfp.img (2306576 pixels)
talsrcimg_g11.4dfp.img
       256       256       256         1
  1.000000  1.000000  1.000000
orientation T byte_order littleendian
Reading image: talsrcimg_g11.4dfp.img
dimensions:      256       256       256
mmppix:       1.0000   -1.0000   -1.0000
center:     128.0000 -129.0000 -129.0000
rotation matrix determinant  1.000000
image alignment mode   4355 decimal     1103 hex
   -7.5000  -45.0000  -45.0000 2248.4485   16.0990
    0.0000  -45.0000  -45.0000 2259.9448   16.1098
    7.5000  -45.0000  -45.0000 2242.6331   16.1993
   -7.5000  -37.5000  -45.0000 2291.0479   15.2841
    0.0000  -37.5000  -45.0000 2302.2566   15.2659
    7.5000  -37.5000  -45.0000 2287.7058   15.3431
   -7.5000  -30.0000  -45.0000 2326.5532   14.6238
    0.0000  -30.0000  -45.0000 2339.1091   14.6202
    7.5000  -30.0000  -45.0000 2323.4524   14.6803
   -7.5000  -22.5000  -45.0000 2348.0566   14.1501
    0.0000  -22.5000  -45.0000 2362.9033   14.1263
    7.5000  -22.5000  -45.0000 2345.9834   14.1859
   -7.5000  -15.0000  -45.0000 2361.4570   13.8291
    0.0000  -15.0000  -45.0000 2379.5647   13.7714
    7.5000  -15.0000  -45.0000 2363.9221   13.8370
   -7.5000   -7.5000  -45.0000 2366.0833   13.6982
    0.0000   -7.5000  -45.0000 2383.8157   13.6210
    7.5000   -7.5000  -45.0000 2367.5889   13.6681
   -7.5000    0.0000  -45.0000 2351.1829   13.7612
    0.0000    0.0000  -45.0000 2372.4236   13.6731
    7.5000    0.0000  -45.0000 2360.7722   13.7216
   -7.5000    7.5000  -45.0000 2324.2957   14.0695
    0.0000    7.5000  -45.0000 2347.4575   13.9936
    7.5000    7.5000  -45.0000 2334.5110   14.0182
   -7.5000   15.0000  -45.0000 2273.9294   14.6652
    0.0000   15.0000  -45.0000 2297.8936   14.5769
    7.5000   15.0000  -45.0000 2285.7681   14.6175
   -7.5000   22.5000  -45.0000 2213.6599   15.4929
    0.0000   22.5000  -45.0000 2236.3584   15.3765
    7.5000   22.5000  -45.0000 2221.9297   15.4402
   -7.5000   30.0000  -45.0000 2135.5557   16.6929
    0.0000   30.0000  -45.0000 2156.6274   16.5743
    7.5000   30.0000  -45.0000 2143.7573   16.6681
   -7.5000   37.5000  -45.0000 2048.7300   18.3836
    0.0000   37.5000  -45.0000 2061.8545   18.2813
    7.5000   37.5000  -45.0000 2051.9204   18.4120
   -7.5000   45.0000  -45.0000 1951.3273   20.7710
    0.0000   45.0000  -45.0000 1968.1095   20.6200
    7.5000   45.0000  -45.0000 1956.8190   20.7355
   -7.5000  -45.0000  -37.5000 2337.0410   14.9646
    0.0000  -45.0000  -37.5000 2345.2021   14.9875
    7.5000  -45.0000  -37.5000 2325.4458   15.0233
   -7.5000  -37.5000  -37.5000 2386.7114   14.1751
    0.0000  -37.5000  -37.5000 2397.0715   14.1737
    7.5000  -37.5000  -37.5000 2377.2026   14.2278
   -7.5000  -30.0000  -37.5000 2419.8621   13.5643
    0.0000  -30.0000  -37.5000 2434.1191   13.5438
    7.5000  -30.0000  -37.5000 2413.5046   13.6094
   -7.5000  -22.5000  -37.5000 2445.3064   13.1426
    0.0000  -22.5000  -37.5000 2458.7856   13.0995
    7.5000  -22.5000  -37.5000 2437.0093   13.1655
   -7.5000  -15.0000  -37.5000 2456.0286   12.8690
    0.0000  -15.0000  -37.5000 2470.6702   12.8107
    7.5000  -15.0000  -37.5000 2451.6021   12.8897
   -7.5000   -7.5000  -37.5000 2452.5437   12.7737
    0.0000   -7.5000  -37.5000 2471.2322   12.6919
    7.5000   -7.5000  -37.5000 2455.6458   12.7649
   -7.5000    0.0000  -37.5000 2439.6147   12.8279
    0.0000    0.0000  -37.5000 2460.7122   12.7553
    7.5000    0.0000  -37.5000 2446.4575   12.8030
   -7.5000    7.5000  -37.5000 2411.7156   13.1245
    0.0000    7.5000  -37.5000 2437.1353   13.0426
    7.5000    7.5000  -37.5000 2420.5032   13.0874
   -7.5000   15.0000  -37.5000 2362.6841   13.6257
    0.0000   15.0000  -37.5000 2388.9419   13.5158
    7.5000   15.0000  -37.5000 2372.7817   13.5800
   -7.5000   22.5000  -37.5000 2299.7227   14.3332
    0.0000   22.5000  -37.5000 2324.8418   14.2359
    7.5000   22.5000  -37.5000 2307.6667   14.2863
   -7.5000   30.0000  -37.5000 2216.9597   15.3722
    0.0000   30.0000  -37.5000 2239.3000   15.3014
    7.5000   30.0000  -37.5000 2224.2900   15.3647
   -7.5000   37.5000  -37.5000 2125.2268   16.9071
    0.0000   37.5000  -37.5000 2141.4185   16.8472
    7.5000   37.5000  -37.5000 2129.8364   16.9312
   -7.5000   45.0000  -37.5000 2018.0308   19.0478
    0.0000   45.0000  -37.5000 2038.6206   18.9170
    7.5000   45.0000  -37.5000 2026.5590   19.0185
   -7.5000  -45.0000  -30.0000 2461.3008   14.4001
    0.0000  -45.0000  -30.0000 2471.7571   14.3648
    7.5000  -45.0000  -30.0000 2445.0254   14.4337
   -7.5000  -37.5000  -30.0000 2515.5178   13.6281
    0.0000  -37.5000  -30.0000 2528.2949   13.5918
    7.5000  -37.5000  -30.0000 2507.2136   13.6595
   -7.5000  -30.0000  -30.0000 2554.2744   13.0397
    0.0000  -30.0000  -30.0000 2565.3774   12.9998
    7.5000  -30.0000  -30.0000 2546.3521   13.0402
   -7.5000  -22.5000  -30.0000 2582.1572   12.6391
    0.0000  -22.5000  -30.0000 2594.5574   12.5662
    7.5000  -22.5000  -30.0000 2575.4243   12.6395
   -7.5000  -15.0000  -30.0000 2593.6248   12.3730
    0.0000  -15.0000  -30.0000 2610.9890   12.2947
    7.5000  -15.0000  -30.0000 2592.5564   12.3658
   -7.5000   -7.5000  -30.0000 2595.9644   12.2793
    0.0000   -7.5000  -30.0000 2613.2930   12.1907
    7.5000   -7.5000  -30.0000 2598.7095   12.2762
   -7.5000    0.0000  -30.0000 2584.1384   12.3644
    0.0000    0.0000  -30.0000 2603.2444   12.3016
    7.5000    0.0000  -30.0000 2586.5869   12.3677
   -7.5000    7.5000  -30.0000 2556.6729   12.6480
    0.0000    7.5000  -30.0000 2580.3464   12.5557
    7.5000    7.5000  -30.0000 2563.1787   12.6202
   -7.5000   15.0000  -30.0000 2504.3230   13.1132
    0.0000   15.0000  -30.0000 2532.1128   13.0070
    7.5000   15.0000  -30.0000 2511.1267   13.0766
   -7.5000   22.5000  -30.0000 2433.2876   13.7347
    0.0000   22.5000  -30.0000 2460.5969   13.6634
    7.5000   22.5000  -30.0000 2443.1418   13.7151
   -7.5000   30.0000  -30.0000 2345.2239   14.6894
    0.0000   30.0000  -30.0000 2368.4912   14.6305
    7.5000   30.0000  -30.0000 2351.4302   14.6887
   -7.5000   37.5000  -30.0000 2244.5950   16.1283
    0.0000   37.5000  -30.0000 2261.6372   16.0576
    7.5000   37.5000  -30.0000 2248.3115   16.1431
   -7.5000   45.0000  -30.0000 2130.3201   18.0818
    0.0000   45.0000  -30.0000 2150.3682   18.0006
    7.5000   45.0000  -30.0000 2131.9795   18.0721
   -7.5000  -45.0000  -22.5000 2556.2522   13.8199
    0.0000  -45.0000  -22.5000 2569.3044   13.7670
    7.5000  -45.0000  -22.5000 2543.1687   13.8539
   -7.5000  -37.5000  -22.5000 2603.8257   13.0331
    0.0000  -37.5000  -22.5000 2621.9482   12.9825
    7.5000  -37.5000  -22.5000 2600.5979   13.0738
   -7.5000  -30.0000  -22.5000 2650.8940   12.4516
    0.0000  -30.0000  -22.5000 2661.3516   12.4015
    7.5000  -30.0000  -22.5000 2645.5066   12.4716
   -7.5000  -22.5000  -22.5000 2685.0386   12.0684
    0.0000  -22.5000  -22.5000 2699.6365   11.9801
    7.5000  -22.5000  -22.5000 2685.0986   12.0497
   -7.5000  -15.0000  -22.5000 2701.1111   11.8194
    0.0000  -15.0000  -22.5000 2714.7502   11.7377
    7.5000  -15.0000  -22.5000 2702.6846   11.8038
   -7.5000   -7.5000  -22.5000 2708.6321   11.7154
    0.0000   -7.5000  -22.5000 2725.3081   11.6444
    7.5000   -7.5000  -22.5000 2711.1670   11.7038
   -7.5000    0.0000  -22.5000 2703.8203   11.7875
    0.0000    0.0000  -22.5000 2724.8132   11.7293
    7.5000    0.0000  -22.5000 2707.1741   11.7801
   -7.5000    7.5000  -22.5000 2678.2354   12.0797
    0.0000    7.5000  -22.5000 2703.1431   12.0101
    7.5000    7.5000  -22.5000 2682.8372   12.0675
   -7.5000   15.0000  -22.5000 2624.0278   12.5175
    0.0000   15.0000  -22.5000 2651.5181   12.4210
    7.5000   15.0000  -22.5000 2629.1594   12.5056
   -7.5000   22.5000  -22.5000 2545.7888   13.1217
    0.0000   22.5000  -22.5000 2575.6833   13.0220
    7.5000   22.5000  -22.5000 2556.7930   13.1084
   -7.5000   30.0000  -22.5000 2448.8464   13.9974
    0.0000   30.0000  -22.5000 2472.3176   13.9416
    7.5000   30.0000  -22.5000 2457.5623   14.0223
   -7.5000   37.5000  -22.5000 2339.1953   15.3481
    0.0000   37.5000  -22.5000 2356.4922   15.2915
    7.5000   37.5000  -22.5000 2343.7773   15.3492
   -7.5000   45.0000  -22.5000 2214.5088   17.1901
    0.0000   45.0000  -22.5000 2232.3918   17.1150
    7.5000   45.0000  -22.5000 2216.1086   17.1562
   -7.5000  -45.0000  -15.0000 2615.4436   13.2430
    0.0000  -45.0000  -15.0000 2625.6631   13.2000
    7.5000  -45.0000  -15.0000 2602.2856   13.2973
   -7.5000  -37.5000  -15.0000 2665.8787   12.4720
    0.0000  -37.5000  -15.0000 2681.3250   12.3988
    7.5000  -37.5000  -15.0000 2664.0100   12.5203
   -7.5000  -30.0000  -15.0000 2708.4219   11.9211
    0.0000  -30.0000  -15.0000 2731.2705   11.8366
    7.5000  -30.0000  -15.0000 2713.2771   11.9368
   -7.5000  -22.5000  -15.0000 2748.1531   11.5172
    0.0000  -22.5000  -15.0000 2773.0413   11.4434
    7.5000  -22.5000  -15.0000 2757.4158   11.5305
   -7.5000  -15.0000  -15.0000 2775.5747   11.2772
    0.0000  -15.0000  -15.0000 2800.3374   11.1982
    7.5000  -15.0000  -15.0000 2783.6526   11.2753
   -7.5000   -7.5000  -15.0000 2791.4114   11.1600
    0.0000   -7.5000  -15.0000 2812.8784   11.0978
    7.5000   -7.5000  -15.0000 2794.0322   11.1629
   -7.5000    0.0000  -15.0000 2790.7925   11.2314
    0.0000    0.0000  -15.0000 2818.3560   11.1719
    7.5000    0.0000  -15.0000 2795.9998   11.2329
   -7.5000    7.5000  -15.0000 2767.1335   11.5199
    0.0000    7.5000  -15.0000 2796.1680   11.4539
    7.5000    7.5000  -15.0000 2773.9790   11.5226
   -7.5000   15.0000  -15.0000 2710.7476   11.9554
    0.0000   15.0000  -15.0000 2737.0461   11.8628
    7.5000   15.0000  -15.0000 2713.7942   11.9390
   -7.5000   22.5000  -15.0000 2631.4456   12.5366
    0.0000   22.5000  -15.0000 2655.1814   12.4417
    7.5000   22.5000  -15.0000 2635.2625   12.5364
   -7.5000   30.0000  -15.0000 2526.1782   13.3824
    0.0000   30.0000  -15.0000 2546.1306   13.3020
    7.5000   30.0000  -15.0000 2530.1479   13.4109
   -7.5000   37.5000  -15.0000 2405.9932   14.6898
    0.0000   37.5000  -15.0000 2427.4102   14.5952
    7.5000   37.5000  -15.0000 2414.0671   14.6903
   -7.5000   45.0000  -15.0000 2274.6267   16.4601
    0.0000   45.0000  -15.0000 2290.9016   16.3467
    7.5000   45.0000  -15.0000 2280.4551   16.4414
   -7.5000  -45.0000   -7.5000 2648.3679   12.7609
    0.0000  -45.0000   -7.5000 2659.2476   12.7129
    7.5000  -45.0000   -7.5000 2633.8008   12.8356
   -7.5000  -37.5000   -7.5000 2704.6167   12.0275
    0.0000  -37.5000   -7.5000 2719.2476   11.9324
    7.5000  -37.5000   -7.5000 2694.8018   12.0509
   -7.5000  -30.0000   -7.5000 2749.3027   11.4740
    0.0000  -30.0000   -7.5000 2775.5022   11.3758
    7.5000  -30.0000   -7.5000 2755.1582   11.4706
   -7.5000  -22.5000   -7.5000 2802.6270   11.0909
    0.0000  -22.5000   -7.5000 2827.7065   10.9988
    7.5000  -22.5000   -7.5000 2813.7112   11.0912
   -7.5000  -15.0000   -7.5000 2839.4092   10.8387
    0.0000  -15.0000   -7.5000 2872.3992   10.7333
    7.5000  -15.0000   -7.5000 2848.2598   10.8361
   -7.5000   -7.5000   -7.5000 2856.4705   10.7097
    0.0000   -7.5000   -7.5000 2885.8962   10.6078
    7.5000   -7.5000   -7.5000 2863.7302   10.7285
   -7.5000    0.0000   -7.5000 2859.7458   10.7798
    0.0000    0.0000   -7.5000 2888.8547   10.6604
    7.5000    0.0000   -7.5000 2864.9814   10.7803
   -7.5000    7.5000   -7.5000 2834.7966   11.0659
    0.0000    7.5000   -7.5000 2861.6028   10.9397
    7.5000    7.5000   -7.5000 2837.3953   11.0473
   -7.5000   15.0000   -7.5000 2776.8728   11.4804
    0.0000   15.0000   -7.5000 2801.7097   11.3476
    7.5000   15.0000   -7.5000 2776.4919   11.4771
   -7.5000   22.5000   -7.5000 2691.3252   12.0577
    0.0000   22.5000   -7.5000 2712.0867   11.9242
    7.5000   22.5000   -7.5000 2688.6047   12.0750
   -7.5000   30.0000   -7.5000 2581.2241   12.8939
    0.0000   30.0000   -7.5000 2599.1011   12.7619
    7.5000   30.0000   -7.5000 2581.1519   12.9232
   -7.5000   37.5000   -7.5000 2454.3232   14.1655
    0.0000   37.5000   -7.5000 2477.5222   14.0256
    7.5000   37.5000   -7.5000 2456.1919   14.1749
   -7.5000   45.0000   -7.5000 2314.1292   15.8476
    0.0000   45.0000   -7.5000 2334.7822   15.7319
    7.5000   45.0000   -7.5000 2318.6260   15.8632
   -7.5000  -45.0000    0.0000 2651.4102   12.4896
    0.0000  -45.0000    0.0000 2664.1421   12.3996
    7.5000  -45.0000    0.0000 2640.5146   12.5339
   -7.5000  -37.5000    0.0000 2713.9177   11.7300
    0.0000  -37.5000    0.0000 2734.2600   11.6297
    7.5000  -37.5000    0.0000 2706.9419   11.7407
   -7.5000  -30.0000    0.0000 2772.4973   11.1582
    0.0000  -30.0000    0.0000 2799.2881   11.0640
    7.5000  -30.0000    0.0000 2772.1943   11.1772
   -7.5000  -22.5000    0.0000 2832.7371   10.7976
    0.0000  -22.5000    0.0000 2860.7717   10.7110
    7.5000  -22.5000    0.0000 2837.1140   10.8164
   -7.5000  -15.0000    0.0000 2878.6833   10.6019
    0.0000  -15.0000    0.0000 2912.9424   10.4996
    7.5000  -15.0000    0.0000 2882.2217   10.6060
   -7.5000   -7.5000    0.0000 2909.0886   10.4723
    0.0000   -7.5000    0.0000 2939.2290   10.3294
    7.5000   -7.5000    0.0000 2911.2637   10.4973
   -7.5000    0.0000    0.0000 2914.1733   10.5186
    0.0000    0.0000    0.0000 2940.9753   10.3210
    7.5000    0.0000    0.0000 2908.6597   10.5368
   -7.5000    7.5000    0.0000 2884.7817   10.7412
    0.0000    7.5000    0.0000 2905.4907   10.5661
    7.5000    7.5000    0.0000 2877.5256   10.7592
   -7.5000   15.0000    0.0000 2817.3235   11.1632
    0.0000   15.0000    0.0000 2839.8367   11.0026
    7.5000   15.0000    0.0000 2807.6301   11.1881
   -7.5000   22.5000    0.0000 2724.9460   11.7637
    0.0000   22.5000    0.0000 2749.7134   11.6434
    7.5000   22.5000    0.0000 2718.7651   11.8114
   -7.5000   30.0000    0.0000 2607.6528   12.6037
    0.0000   30.0000    0.0000 2629.4824   12.5044
    7.5000   30.0000    0.0000 2602.9309   12.6549
   -7.5000   37.5000    0.0000 2479.6514   13.8259
    0.0000   37.5000    0.0000 2504.0198   13.7517
    7.5000   37.5000    0.0000 2480.6167   13.8610
   -7.5000   45.0000    0.0000 2342.0947   15.4692
    0.0000   45.0000    0.0000 2362.8069   15.4178
    7.5000   45.0000    0.0000 2344.7886   15.4947
   -7.5000  -45.0000    7.5000 2642.8357   12.4118
    0.0000  -45.0000    7.5000 2651.7913   12.3067
    7.5000  -45.0000    7.5000 2629.1206   12.4779
   -7.5000  -37.5000    7.5000 2706.0171   11.5845
    0.0000  -37.5000    7.5000 2723.0830   11.4748
    7.5000  -37.5000    7.5000 2697.7446   11.6491
   -7.5000  -30.0000    7.5000 2770.4961   11.0092
    0.0000  -30.0000    7.5000 2791.9824   10.8896
    7.5000  -30.0000    7.5000 2769.9939   11.0674
   -7.5000  -22.5000    7.5000 2839.9724   10.6666
    0.0000  -22.5000    7.5000 2862.5525   10.5702
    7.5000  -22.5000    7.5000 2840.7202   10.7399
   -7.5000  -15.0000    7.5000 2896.7468   10.5204
    0.0000  -15.0000    7.5000 2925.0361   10.4596
    7.5000  -15.0000    7.5000 2896.7581   10.5706
   -7.5000   -7.5000    7.5000 2936.6777   10.4522
    0.0000   -7.5000    7.5000 2972.9570   10.3813
    7.5000   -7.5000    7.5000 2930.1721   10.4784
   -7.5000    0.0000    7.5000 2943.6492   10.4035
    0.0000    0.0000    7.5000 2977.0955   10.3050
    7.5000    0.0000    7.5000 2929.2678   10.4351
   -7.5000    7.5000    7.5000 2909.6602   10.5450
    0.0000    7.5000    7.5000 2934.1250   10.4349
    7.5000    7.5000    7.5000 2893.8442   10.6019
   -7.5000   15.0000    7.5000 2835.5493   10.9287
    0.0000   15.0000    7.5000 2856.8230   10.8263
    7.5000   15.0000    7.5000 2822.9285   11.0088
   -7.5000   22.5000    7.5000 2736.8469   11.5951
    0.0000   22.5000    7.5000 2754.7791   11.5095
    7.5000   22.5000    7.5000 2725.2410   11.6570
   -7.5000   30.0000    7.5000 2613.7920   12.4909
    0.0000   30.0000    7.5000 2627.0645   12.4210
    7.5000   30.0000    7.5000 2604.1477   12.5516
   -7.5000   37.5000    7.5000 2487.0864   13.6940
    0.0000   37.5000    7.5000 2502.5662   13.6331
    7.5000   37.5000    7.5000 2485.1260   13.7315
   -7.5000   45.0000    7.5000 2349.0344   15.2742
    0.0000   45.0000    7.5000 2364.7097   15.2306
    7.5000   45.0000    7.5000 2347.0249   15.3163
   -7.5000  -45.0000   15.0000 2621.3894   12.4993
    0.0000  -45.0000   15.0000 2630.1921   12.3868
    7.5000  -45.0000   15.0000 2611.6584   12.6372
   -7.5000  -37.5000   15.0000 2680.4551   11.6692
    0.0000  -37.5000   15.0000 2693.0813   11.5830
    7.5000  -37.5000   15.0000 2672.9717   11.8084
   -7.5000  -30.0000   15.0000 2742.8579   11.0818
    0.0000  -30.0000   15.0000 2765.5061   11.0163
    7.5000  -30.0000   15.0000 2743.4800   11.1867
   -7.5000  -22.5000   15.0000 2818.0945   10.6979
    0.0000  -22.5000   15.0000 2839.9536   10.6514
    7.5000  -22.5000   15.0000 2815.7954   10.7983
   -7.5000  -15.0000   15.0000 2881.2385   10.5506
    0.0000  -15.0000   15.0000 2912.9983   10.5433
    7.5000  -15.0000   15.0000 2874.4353   10.6261
   -7.5000   -7.5000   15.0000 2926.8560   10.4563
    0.0000   -7.5000   15.0000 2960.9734   10.4815
    7.5000   -7.5000   15.0000 2909.8953   10.5281
   -7.5000    0.0000   15.0000 2934.8792   10.4258
    0.0000    0.0000   15.0000 2959.5925   10.4048
    7.5000    0.0000   15.0000 2911.8623   10.5172
   -7.5000    7.5000   15.0000 2900.8606   10.6212
    0.0000    7.5000   15.0000 2918.0554   10.5734
    7.5000    7.5000   15.0000 2879.1162   10.7225
   -7.5000   15.0000   15.0000 2819.7478   11.0529
    0.0000   15.0000   15.0000 2839.1785   10.9775
    7.5000   15.0000   15.0000 2807.6167   11.1324
   -7.5000   22.5000   15.0000 2724.4102   11.6874
    0.0000   22.5000   15.0000 2734.1045   11.5883
    7.5000   22.5000   15.0000 2708.5776   11.7502
   -7.5000   30.0000   15.0000 2598.8970   12.5692
    0.0000   30.0000   15.0000 2607.2847   12.4739
    7.5000   30.0000   15.0000 2588.3606   12.6327
   -7.5000   37.5000   15.0000 2472.8750   13.7455
    0.0000   37.5000   15.0000 2483.1902   13.6611
    7.5000   37.5000   15.0000 2467.2327   13.7780
   -7.5000   45.0000   15.0000 2336.7732   15.2973
    0.0000   45.0000   15.0000 2350.8748   15.2075
    7.5000   45.0000   15.0000 2332.4285   15.3139
   -7.5000  -45.0000   22.5000 2591.5864   12.7770
    0.0000  -45.0000   22.5000 2600.0767   12.7797
    7.5000  -45.0000   22.5000 2580.2800   13.0256
   -7.5000  -37.5000   22.5000 2651.0571   11.9294
    0.0000  -37.5000   22.5000 2660.9312   11.9154
    7.5000  -37.5000   22.5000 2640.5137   12.1339
   -7.5000  -30.0000   22.5000 2717.2976   11.3032
    0.0000  -30.0000   22.5000 2728.7275   11.2713
    7.5000  -30.0000   22.5000 2712.5759   11.4662
   -7.5000  -22.5000   22.5000 2785.0947   10.8896
    0.0000  -22.5000   22.5000 2803.7622   10.8498
    7.5000  -22.5000   22.5000 2782.6267   11.0148
   -7.5000  -15.0000   22.5000 2846.0664   10.7243
    0.0000  -15.0000   22.5000 2871.6594   10.6973
    7.5000  -15.0000   22.5000 2843.5574   10.8206
   -7.5000   -7.5000   22.5000 2888.8948   10.6301
    0.0000   -7.5000   22.5000 2912.0066   10.5833
    7.5000   -7.5000   22.5000 2875.4021   10.7315
   -7.5000    0.0000   22.5000 2888.5107   10.6593
    0.0000    0.0000   22.5000 2914.2656   10.5735
    7.5000    0.0000   22.5000 2876.7336   10.7641
   -7.5000    7.5000   22.5000 2856.3103   10.9203
    0.0000    7.5000   22.5000 2881.2256   10.8097
    7.5000    7.5000   22.5000 2847.8372   10.9976
   -7.5000   15.0000   22.5000 2778.3396   11.3822
    0.0000   15.0000   22.5000 2799.8459   11.2853
    7.5000   15.0000   22.5000 2773.7024   11.4441
   -7.5000   22.5000   22.5000 2686.3130   12.0107
    0.0000   22.5000   22.5000 2698.5979   11.9093
    7.5000   22.5000   22.5000 2678.0891   12.0867
   -7.5000   30.0000   22.5000 2568.8774   12.8609
    0.0000   30.0000   22.5000 2574.9453   12.7657
    7.5000   30.0000   22.5000 2559.3855   12.9373
   -7.5000   37.5000   22.5000 2446.6914   14.0166
    0.0000   37.5000   22.5000 2456.3594   13.9509
    7.5000   37.5000   22.5000 2437.8735   14.0807
   -7.5000   45.0000   22.5000 2311.6760   15.5323
    0.0000   45.0000   22.5000 2324.8059   15.4516
    7.5000   45.0000   22.5000 2305.0320   15.5720
   -7.5000  -45.0000   30.0000 2554.7546   13.2134
    0.0000  -45.0000   30.0000 2559.7358   13.2400
    7.5000  -45.0000   30.0000 2540.8159   13.5484
   -7.5000  -37.5000   30.0000 2615.3689   12.3390
    0.0000  -37.5000   30.0000 2625.5566   12.3216
    7.5000  -37.5000   30.0000 2608.3223   12.5988
   -7.5000  -30.0000   30.0000 2678.2144   11.6769
    0.0000  -30.0000   30.0000 2689.3733   11.6385
    7.5000  -30.0000   30.0000 2676.7322   11.8791
   -7.5000  -22.5000   30.0000 2740.0217   11.2798
    0.0000  -22.5000   30.0000 2756.7700   11.2274
    7.5000  -22.5000   30.0000 2736.5635   11.4393
   -7.5000  -15.0000   30.0000 2792.9160   11.0870
    0.0000  -15.0000   30.0000 2814.4146   11.0550
    7.5000  -15.0000   30.0000 2793.0203   11.2319
   -7.5000   -7.5000   30.0000 2824.8953   10.9975
    0.0000   -7.5000   30.0000 2843.5786   10.9250
    7.5000   -7.5000   30.0000 2814.0603   11.1474
   -7.5000    0.0000   30.0000 2820.9861   11.0948
    0.0000    0.0000   30.0000 2842.0073   11.0108
    7.5000    0.0000   30.0000 2812.5859   11.2295
   -7.5000    7.5000   30.0000 2785.1919   11.4066
    0.0000    7.5000   30.0000 2807.5105   11.3033
    7.5000    7.5000   30.0000 2786.0793   11.4992
   -7.5000   15.0000   30.0000 2719.9446   11.8765
    0.0000   15.0000   30.0000 2739.2302   11.7544
    7.5000   15.0000   30.0000 2716.7063   11.9341
   -7.5000   22.5000   30.0000 2632.6292   12.4997
    0.0000   22.5000   30.0000 2644.2039   12.3873
    7.5000   22.5000   30.0000 2627.1499   12.5722
   -7.5000   30.0000   30.0000 2525.1284   13.3277
    0.0000   30.0000   30.0000 2532.7859   13.2485
    7.5000   30.0000   30.0000 2515.0771   13.4196
   -7.5000   37.5000   30.0000 2407.3877   14.4796
    0.0000   37.5000   30.0000 2418.0847   14.3986
    7.5000   37.5000   30.0000 2401.0452   14.5581
   -7.5000   45.0000   30.0000 2270.0598   15.9655
    0.0000   45.0000   30.0000 2282.7209   15.8669
    7.5000   45.0000   30.0000 2270.6680   15.9927
   -7.5000  -45.0000   37.5000 2509.3757   13.7790
    0.0000  -45.0000   37.5000 2514.8525   13.8012
    7.5000  -45.0000   37.5000 2501.3176   14.1475
   -7.5000  -37.5000   37.5000 2570.2336   12.8785
    0.0000  -37.5000   37.5000 2581.5496   12.8773
    7.5000  -37.5000   37.5000 2563.1504   13.1880
   -7.5000  -30.0000   37.5000 2631.2256   12.2215
    0.0000  -30.0000   37.5000 2643.0054   12.2203
    7.5000  -30.0000   37.5000 2624.1172   12.5034
   -7.5000  -22.5000   37.5000 2686.9954   11.8447
    0.0000  -22.5000   37.5000 2702.1433   11.8079
    7.5000  -22.5000   37.5000 2676.2783   12.0530
   -7.5000  -15.0000   37.5000 2727.8037   11.6304
    0.0000  -15.0000   37.5000 2747.5562   11.5605
    7.5000  -15.0000   37.5000 2719.0742   11.8169
   -7.5000   -7.5000   37.5000 2745.7400   11.5520
    0.0000   -7.5000   37.5000 2766.8906   11.4724
    7.5000   -7.5000   37.5000 2734.3271   11.7341
   -7.5000    0.0000   37.5000 2738.7927   11.7034
    0.0000    0.0000   37.5000 2758.2166   11.6349
    7.5000    0.0000   37.5000 2732.4241   11.8443
   -7.5000    7.5000   37.5000 2701.9270   12.0586
    0.0000    7.5000   37.5000 2723.5425   11.9460
    7.5000    7.5000   37.5000 2705.1675   12.1331
   -7.5000   15.0000   37.5000 2644.5979   12.5119
    0.0000   15.0000   37.5000 2662.8840   12.3859
    7.5000   15.0000   37.5000 2643.7722   12.5710
   -7.5000   22.5000   37.5000 2566.8018   13.1335
    0.0000   22.5000   37.5000 2581.4358   13.0094
    7.5000   22.5000   37.5000 2562.3030   13.1992
   -7.5000   30.0000   37.5000 2471.3706   13.9446
    0.0000   30.0000   37.5000 2482.7964   13.8802
    7.5000   30.0000   37.5000 2462.9734   14.0497
   -7.5000   37.5000   37.5000 2362.6931   15.0593
    0.0000   37.5000   37.5000 2372.4558   14.9999
    7.5000   37.5000   37.5000 2356.2180   15.1300
   -7.5000   45.0000   37.5000 2220.6785   16.5241
    0.0000   45.0000   37.5000 2234.3081   16.4625
    7.5000   45.0000   37.5000 2219.3276   16.5951
   -7.5000  -45.0000   45.0000 2458.6045   14.4836
    0.0000  -45.0000   45.0000 2461.1633   14.5592
    7.5000  -45.0000   45.0000 2447.5425   14.9336
   -7.5000  -37.5000   45.0000 2522.9543   13.5729
    0.0000  -37.5000   45.0000 2524.8921   13.6233
    7.5000  -37.5000   45.0000 2506.5444   13.9466
   -7.5000  -30.0000   45.0000 2576.7573   12.9377
    0.0000  -30.0000   45.0000 2583.9619   12.9433
    7.5000  -30.0000   45.0000 2557.6536   13.2697
   -7.5000  -22.5000   45.0000 2620.3687   12.5477
    0.0000  -22.5000   45.0000 2632.2668   12.5344
    7.5000  -22.5000   45.0000 2600.4727   12.8037
   -7.5000  -15.0000   45.0000 2647.9539   12.3386
    0.0000  -15.0000   45.0000 2667.2429   12.2875
    7.5000  -15.0000   45.0000 2632.6096   12.5710
   -7.5000   -7.5000   45.0000 2658.8682   12.2790
    0.0000   -7.5000   45.0000 2675.8230   12.2399
    7.5000   -7.5000   45.0000 2644.9709   12.5042
   -7.5000    0.0000   45.0000 2648.3291   12.4529
    0.0000    0.0000   45.0000 2666.0234   12.4075
    7.5000    0.0000   45.0000 2638.6555   12.6076
   -7.5000    7.5000   45.0000 2614.5173   12.7951
    0.0000    7.5000   45.0000 2634.3538   12.7115
    7.5000    7.5000   45.0000 2612.0146   12.8948
   -7.5000   15.0000   45.0000 2556.9734   13.2745
    0.0000   15.0000   45.0000 2573.7864   13.1757
    7.5000   15.0000   45.0000 2557.8535   13.3466
   -7.5000   22.5000   45.0000 2486.5264   13.8901
    0.0000   22.5000   45.0000 2502.3306   13.7620
    7.5000   22.5000   45.0000 2488.3555   13.9408
   -7.5000   30.0000   45.0000 2411.6877   14.6762
    0.0000   30.0000   45.0000 2428.3623   14.5827
    7.5000   30.0000   45.0000 2402.4080   14.7426
   -7.5000   37.5000   45.0000 2308.3096   15.7785
    0.0000   37.5000   45.0000 2321.5671   15.7081
    7.5000   37.5000   45.0000 2295.2981   15.8074
   -7.5000   45.0000   45.0000 2166.4238   17.2744
    0.0000   45.0000   45.0000 2183.7070   17.1840
    7.5000   45.0000   45.0000 2162.9187   17.2965

---------------------------------------------------------------------
imgreg_4dfp /opt/freesurfer/average/711-2C_as_mni_average_305 /opt/freesurfer/average/711-2B_as_mni_average_305_mask talsrcimg_g11 none talsrcimg_to_711-2C_as_mni_average_305_t4 1283
---------------------------------------------------------------------

freesurfer imgreg_4dfp.c
/opt/freesurfer/average/711-2C_as_mni_average_305.4dfp.img
       256       256       256         1
  1.000000  1.000000  1.000000
orientation T byte_order littleendian
Reading image: /opt/freesurfer/average/711-2C_as_mni_average_305.4dfp.img
dimensions:      256       256       256
mmppix:       1.0000   -1.0000   -1.0000
center:     128.0000 -129.0000 -129.0000
/opt/freesurfer/average/711-2B_as_mni_average_305_mask.4dfp.img
       256       256       256         1
  1.000000  1.000000  1.000000
orientation T byte_order littleendian
Reading mask: /opt/freesurfer/average/711-2B_as_mni_average_305_mask.4dfp.img (2306576 pixels)
talsrcimg_g11.4dfp.img
       256       256       256         1
  1.000000  1.000000  1.000000
orientation T byte_order littleendian
Reading image: talsrcimg_g11.4dfp.img
dimensions:      256       256       256
mmppix:       1.0000   -1.0000   -1.0000
center:     128.0000 -129.0000 -129.0000
rotation matrix determinant  1.000000
fimgreg.f
image alignment mode   1283 decimal      503 hex
parameters
    0.0000    0.0000    7.5000    0.0000    0.0000    0.0000
eta,q 0.93361 10.33812
niter,ni,del,rscale     5    3   12.0000    1.2000
parameter  4  4.055786 ->  0.500000 qaram    1.1500
parameter  6  0.734772 ->  0.500000 qaram    1.1500
parameters
   -0.4163   -2.7723    9.5636   -3.4500   -0.0213   -3.4500
eta,q 0.94204 10.29039
  0.0766  0.0656  0.0732  0.0578  0.0639  0.0587
  0.0710  0.0639  0.0697  0.0592  0.0618  0.0580
  0.0670  0.0642  0.0659  0.0616  0.0608  0.0584
  0.0658  0.0655  0.0636  0.0639  0.0599  0.0599
  0.0678  0.0671  0.0639  0.0662  0.0599  0.0624
  0.0730  0.0707  0.0645  0.0687  0.0617  0.0652
  0.0803  0.0760  0.0657  0.0717  0.0644  0.0680
niter,ni,del,rscale     6    3   12.0000    1.2000
parameter  4  0.582555 ->  0.500000 qaram    1.3225
parameters
   -0.9799   -1.9615    9.4652   -7.4175    1.7096   -3.5001
eta,q 0.94295 10.41722
  0.0674  0.0686  0.0637  0.0579  0.0624  0.0597
  0.0618  0.0644  0.0610  0.0580  0.0598  0.0580
  0.0590  0.0602  0.0589  0.0577  0.0588  0.0571
  0.0580  0.0581  0.0584  0.0584  0.0580  0.0571
  0.0597  0.0594  0.0586  0.0616  0.0570  0.0573
  0.0647  0.0612  0.0605  0.0655  0.0572  0.0579
  0.0720  0.0644  0.0647  0.0698  0.0592  0.0598
niter,ni,del,rscale     6    3   12.0000    1.2000
parameter  4  1.047190 ->  0.500000 qaram    1.5209
parameters
   -1.4855    0.2168    8.1581  -11.9801    2.4411   -4.2641
eta,q 0.94906 10.36069
  0.0660  0.0633  0.0598  0.0513  0.0577  0.0551
  0.0608  0.0592  0.0561  0.0511  0.0547  0.0525
  0.0581  0.0578  0.0541  0.0517  0.0525  0.0511
  0.0571  0.0571  0.0553  0.0542  0.0512  0.0510
  0.0586  0.0555  0.0579  0.0579  0.0514  0.0520
  0.0632  0.0552  0.0609  0.0610  0.0527  0.0540
  0.0699  0.0578  0.0650  0.0639  0.0554  0.0574
niter,ni,del,rscale     6    3   12.0000    1.2000
parameters
   -1.5775    1.5973    7.0510  -16.1798    2.3994   -3.8920
eta,q 0.95067 10.31565
  0.0639  0.0617  0.0551  0.0493  0.0571  0.0543
  0.0575  0.0587  0.0515  0.0494  0.0533  0.0518
  0.0531  0.0552  0.0488  0.0493  0.0506  0.0502
  0.0509  0.0510  0.0494  0.0486  0.0494  0.0494
  0.0521  0.0494  0.0521  0.0514  0.0504  0.0497
  0.0579  0.0524  0.0558  0.0568  0.0536  0.0511
  0.0653  0.0565  0.0611  0.0621  0.0573  0.0534
niter,ni,del,rscale     5    3   12.0000    1.2000
parameters
   -1.4051    2.9245    5.9879  -17.5057    2.6938   -4.4349
eta,q 0.95260 10.28350
  0.0648  0.0589  0.0556  0.0532  0.0558  0.0527
  0.0581  0.0537  0.0519  0.0483  0.0522  0.0497
  0.0523  0.0508  0.0486  0.0474  0.0492  0.0478
  0.0493  0.0492  0.0489  0.0482  0.0475  0.0475
  0.0503  0.0488  0.0521  0.0492  0.0482  0.0488
  0.0563  0.0499  0.0567  0.0517  0.0509  0.0513
  0.0640  0.0528  0.0620  0.0568  0.0546  0.0541
niter,ni,del,rscale     4    3   12.0000    1.2000
parameters
   -1.4840    3.4424    5.4864  -17.6459    3.1156   -4.7047
eta,q 0.95295 10.26678
  0.0623  0.0557  0.0570  0.0567  0.0555  0.0533
  0.0556  0.0520  0.0532  0.0502  0.0519  0.0499
  0.0502  0.0495  0.0491  0.0472  0.0489  0.0477
  0.0474  0.0475  0.0472  0.0472  0.0472  0.0471
  0.0489  0.0473  0.0499  0.0496  0.0477  0.0484
  0.0557  0.0495  0.0554  0.0518  0.0503  0.0509
  0.0639  0.0541  0.0611  0.0557  0.0538  0.0539
niter,ni,del,rscale     3    3   12.0000    1.2000
parameters
   -1.5831    3.5569    5.3655  -17.7307    3.3540   -4.7900
eta,q 0.95295 10.25991
  0.0621  0.0548  0.0579  0.0571  0.0551  0.0537
  0.0552  0.0517  0.0540  0.0506  0.0516  0.0502
  0.0496  0.0490  0.0499  0.0472  0.0485  0.0478
  0.0471  0.0471  0.0471  0.0471  0.0471  0.0471
  0.0488  0.0474  0.0488  0.0497  0.0479  0.0482
  0.0557  0.0501  0.0539  0.0521  0.0506  0.0507
  0.0637  0.0554  0.0598  0.0558  0.0542  0.0537
niter,ni,del,rscale     2    3   12.0000    1.2000
parameters
   -1.6432    3.6117    5.3295  -17.7713    3.4631   -4.8268
eta,q 0.95295 10.25650
  0.0624  0.0548  0.0581  0.0573  0.0549  0.0538
  0.0553  0.0517  0.0542  0.0509  0.0514  0.0503
  0.0496  0.0490  0.0500  0.0473  0.0483  0.0478
  0.0470  0.0471  0.0471  0.0471  0.0471  0.0471
  0.0487  0.0475  0.0486  0.0497  0.0481  0.0482
  0.0555  0.0504  0.0536  0.0523  0.0509  0.0506
  0.0635  0.0557  0.0595  0.0558  0.0545  0.0537
niter,ni,del,rscale     1    3   12.0000    1.2000
parameters
   -1.6726    3.6344    5.3149  -17.7859    3.5139   -4.8442
eta,q 0.95293 10.25487
  0.0626  0.0548  0.0582  0.0574  0.0548  0.0538
  0.0554  0.0517  0.0543  0.0511  0.0513  0.0503
  0.0496  0.0490  0.0500  0.0473  0.0482  0.0478
  0.0471  0.0471  0.0471  0.0471  0.0471  0.0471
  0.0487  0.0475  0.0485  0.0497  0.0482  0.0481
  0.0554  0.0505  0.0535  0.0523  0.0510  0.0506
  0.0633  0.0559  0.0594  0.0558  0.0546  0.0536
registration optimization eta report
parameter search radius
    6.0000    6.0000    6.0000    9.1253    6.0000    6.9000
100000*second partial in parameter space
       43.       23.       31.       11.       21.       14.
  0.0626  0.0548  0.0582  0.0574  0.0548  0.0538
  0.0554  0.0517  0.0543  0.0511  0.0513  0.0503
  0.0496  0.0490  0.0500  0.0473  0.0482  0.0478
  0.0471  0.0471  0.0471  0.0471  0.0471  0.0471
  0.0487  0.0475  0.0485  0.0497  0.0482  0.0481
  0.0554  0.0505  0.0535  0.0523  0.0510  0.0506
  0.0633  0.0559  0.0594  0.0558  0.0546  0.0536
   -1.6726    3.6344    5.3149  -17.7859    3.5139   -4.8442
eta,q 0.95293 10.25487

---------------------------------------------------------------------
imgreg_4dfp /opt/freesurfer/average/711-2C_as_mni_average_305 /opt/freesurfer/average/711-2B_as_mni_average_305_mask talsrcimg_g11 none talsrcimg_to_711-2C_as_mni_average_305_t4 3335
---------------------------------------------------------------------

freesurfer imgreg_4dfp.c
/opt/freesurfer/average/711-2C_as_mni_average_305.4dfp.img
       256       256       256         1
  1.000000  1.000000  1.000000
orientation T byte_order littleendian
Reading image: /opt/freesurfer/average/711-2C_as_mni_average_305.4dfp.img
dimensions:      256       256       256
mmppix:       1.0000   -1.0000   -1.0000
center:     128.0000 -129.0000 -129.0000
/opt/freesurfer/average/711-2B_as_mni_average_305_mask.4dfp.img
       256       256       256         1
  1.000000  1.000000  1.000000
orientation T byte_order littleendian
Reading mask: /opt/freesurfer/average/711-2B_as_mni_average_305_mask.4dfp.img (2306576 pixels)
talsrcimg_g11.4dfp.img
       256       256       256         1
  1.000000  1.000000  1.000000
orientation T byte_order littleendian
Reading image: talsrcimg_g11.4dfp.img
dimensions:      256       256       256
mmppix:       1.0000   -1.0000   -1.0000
center:     128.0000 -129.0000 -129.0000
fimgreg.f
image alignment mode   3335 decimal      D07 hex
parameters
   -1.6726    3.6344    5.3149   -0.5445   -5.2778   -4.9586
    9.9065   -3.2357   -8.4288   30.9298    6.1290  -30.4887
eta,q 0.95287 10.37495
niter,ni,del,rscale     5    3    5.0000    1.2000
parameter  4  1.177444 ->  0.500000 qaram    1.1500
parameter  5-14.499639 ->  0.500000 qaram    1.1500
parameter  6  0.679950 ->  0.500000 qaram    1.1500
parameter 10  0.689893 ->  0.500000 qaram    1.1500
parameter 12 -1.089240 -> -0.500000 qaram    1.1500
parameters
   -1.5361    3.8665    5.1587   -4.6845   -9.4178   -9.0986
    9.2490   -1.9651   -6.0187   26.7898    4.1560  -26.3487
eta,q 0.96439  9.88675
  0.0499  0.0485  0.0485  0.0441  0.0362  0.0381  0.0401  0.0438  0.0413  0.0370  0.0372  0.0401
  0.0485  0.0478  0.0477  0.0441  0.0388  0.0382  0.0390  0.0413  0.0398  0.0367  0.0368  0.0388
  0.0475  0.0473  0.0472  0.0452  0.0416  0.0386  0.0384  0.0394  0.0387  0.0369  0.0366  0.0376
  0.0471  0.0471  0.0471  0.0471  0.0443  0.0396  0.0383  0.0383  0.0380  0.0378  0.0367  0.0366
  0.0473  0.0471  0.0474  0.0496  0.0467  0.0421  0.0387  0.0381  0.0378  0.0393  0.0370  0.0359
  0.0481  0.0475  0.0480  0.0522  0.0492  0.0458  0.0396  0.0391  0.0381  0.0412  0.0377  0.0355
  0.0494  0.0481  0.0489  0.0550  0.0517  0.0499  0.0407  0.0411  0.0387  0.0434  0.0386  0.0353
niter,ni,del,rscale     7    3    5.0000    1.2000
parameter  5  2.683090 ->  0.500000 qaram    1.3225
parameters
   -1.6411    3.3558    4.0965   -6.4943  -14.1788  -13.2219
    9.1869   -1.9481   -5.8265   25.0647    4.0331  -23.2597
eta,q 0.97028  9.33029
  0.0387  0.0368  0.0357  0.0374  0.0294  0.0308  0.0326  0.0339  0.0325  0.0328  0.0308  0.0328
  0.0369  0.0359  0.0353  0.0365  0.0306  0.0301  0.0313  0.0320  0.0313  0.0310  0.0304  0.0316
  0.0359  0.0355  0.0352  0.0355  0.0325  0.0304  0.0305  0.0307  0.0305  0.0301  0.0301  0.0306
  0.0356  0.0356  0.0355  0.0352  0.0352  0.0311  0.0302  0.0302  0.0302  0.0302  0.0300  0.0300
  0.0361  0.0361  0.0360  0.0362  0.0384  0.0321  0.0304  0.0305  0.0304  0.0314  0.0301  0.0297
  0.0373  0.0371  0.0368  0.0385  0.0413  0.0341  0.0313  0.0318  0.0311  0.0335  0.0304  0.0299
  0.0392  0.0384  0.0378  0.0414  0.0439  0.0375  0.0327  0.0340  0.0323  0.0361  0.0309  0.0304
niter,ni,del,rscale     7    3    5.0000    1.2000
parameter  5  0.796086 ->  0.500000 qaram    1.5209
parameters
   -1.6259    3.5213    4.1621   -6.5819  -19.6539  -13.8201
    9.1419   -2.0483   -5.9383   25.5887    4.2616  -23.1556
eta,q 0.97216  9.02481
  0.0328  0.0327  0.0313  0.0320  0.0278  0.0303  0.0301  0.0313  0.0299  0.0325  0.0286  0.0295
  0.0311  0.0312  0.0304  0.0312  0.0278  0.0289  0.0289  0.0295  0.0288  0.0301  0.0282  0.0285
  0.0301  0.0302  0.0299  0.0305  0.0284  0.0281  0.0281  0.0283  0.0281  0.0285  0.0279  0.0280
  0.0297  0.0297  0.0297  0.0297  0.0297  0.0279  0.0279  0.0279  0.0279  0.0279  0.0278  0.0278
  0.0301  0.0299  0.0299  0.0296  0.0320  0.0284  0.0281  0.0283  0.0282  0.0282  0.0279  0.0280
  0.0311  0.0306  0.0303  0.0307  0.0352  0.0294  0.0289  0.0296  0.0289  0.0295  0.0281  0.0285
  0.0327  0.0320  0.0311  0.0328  0.0386  0.0310  0.0302  0.0316  0.0300  0.0315  0.0285  0.0293
niter,ni,del,rscale     7    3    5.0000    1.2000
parameters
   -1.6390    3.7465    3.9327   -6.6439  -22.6704  -14.1376
    9.0082   -2.0371   -6.0086   26.5256    4.0332  -23.3662
eta,q 0.97249  8.86441
  0.0308  0.0308  0.0289  0.0299  0.0295  0.0299  0.0298  0.0310  0.0296  0.0321  0.0281  0.0289
  0.0292  0.0292  0.0282  0.0291  0.0282  0.0287  0.0286  0.0292  0.0284  0.0298  0.0277  0.0281
  0.0282  0.0282  0.0279  0.0285  0.0276  0.0278  0.0278  0.0280  0.0277  0.0282  0.0276  0.0276
  0.0278  0.0278  0.0278  0.0278  0.0278  0.0276  0.0275  0.0275  0.0276  0.0275  0.0275  0.0275
  0.0282  0.0280  0.0281  0.0277  0.0289  0.0280  0.0279  0.0279  0.0278  0.0277  0.0276  0.0277
  0.0292  0.0287  0.0286  0.0286  0.0309  0.0288  0.0287  0.0291  0.0285  0.0287  0.0278  0.0282
  0.0308  0.0298  0.0294  0.0306  0.0343  0.0303  0.0299  0.0310  0.0296  0.0304  0.0282  0.0290
niter,ni,del,rscale     6    3    5.0000    1.2000
parameters
   -1.6573    4.1766    3.5371   -6.8557  -23.7529  -15.1110
    8.9831   -2.0844   -5.7716   27.6999    3.3835  -23.1460
eta,q 0.97272  8.76933
  0.0303  0.0307  0.0283  0.0292  0.0302  0.0293  0.0296  0.0305  0.0295  0.0316  0.0277  0.0287
  0.0288  0.0291  0.0277  0.0285  0.0287  0.0282  0.0284  0.0288  0.0283  0.0295  0.0275  0.0279
  0.0278  0.0280  0.0274  0.0280  0.0277  0.0275  0.0276  0.0277  0.0276  0.0281  0.0273  0.0274
  0.0275  0.0275  0.0274  0.0274  0.0274  0.0274  0.0274  0.0274  0.0274  0.0274  0.0273  0.0273
  0.0279  0.0275  0.0277  0.0273  0.0281  0.0280  0.0276  0.0277  0.0276  0.0274  0.0274  0.0274
  0.0288  0.0280  0.0283  0.0282  0.0294  0.0289  0.0284  0.0288  0.0282  0.0282  0.0276  0.0278
  0.0304  0.0290  0.0290  0.0300  0.0318  0.0304  0.0296  0.0306  0.0292  0.0298  0.0279  0.0285
niter,ni,del,rscale     5    3    5.0000    1.2000
parameters
   -1.6550    4.6851    2.9572   -7.1794  -25.1935  -16.8216
    8.8269   -2.1310   -5.4788   29.2769    3.2585  -22.6412
eta,q 0.97319  8.62665
  0.0300  0.0304  0.0278  0.0287  0.0297  0.0285  0.0290  0.0299  0.0293  0.0313  0.0274  0.0283
  0.0285  0.0289  0.0273  0.0280  0.0283  0.0276  0.0279  0.0283  0.0281  0.0293  0.0270  0.0275
  0.0276  0.0279  0.0271  0.0276  0.0273  0.0271  0.0272  0.0273  0.0273  0.0279  0.0269  0.0270
  0.0273  0.0273  0.0272  0.0271  0.0272  0.0271  0.0270  0.0270  0.0270  0.0270  0.0268  0.0268
  0.0276  0.0272  0.0275  0.0270  0.0279  0.0278  0.0273  0.0273  0.0272  0.0268  0.0269  0.0269
  0.0285  0.0277  0.0281  0.0277  0.0293  0.0288  0.0281  0.0283  0.0279  0.0275  0.0271  0.0273
  0.0300  0.0286  0.0289  0.0295  0.0317  0.0304  0.0292  0.0300  0.0289  0.0291  0.0274  0.0279
niter,ni,del,rscale     4    3    5.0000    1.2000
parameters
   -1.6311    5.3404    2.2598   -7.6155  -26.7784  -18.6000
    8.5870   -2.1119   -5.5205   30.7002    3.6129  -22.6969
eta,q 0.97376  8.48576
  0.0293  0.0303  0.0271  0.0279  0.0292  0.0279  0.0283  0.0293  0.0287  0.0309  0.0270  0.0276
  0.0279  0.0287  0.0267  0.0271  0.0277  0.0270  0.0273  0.0277  0.0275  0.0290  0.0266  0.0268
  0.0271  0.0275  0.0265  0.0268  0.0267  0.0265  0.0266  0.0267  0.0267  0.0274  0.0263  0.0263
  0.0268  0.0268  0.0266  0.0265  0.0266  0.0265  0.0264  0.0264  0.0264  0.0264  0.0262  0.0262
  0.0271  0.0266  0.0270  0.0264  0.0274  0.0272  0.0267  0.0268  0.0267  0.0263  0.0263  0.0264
  0.0279  0.0270  0.0276  0.0270  0.0290  0.0283  0.0275  0.0277  0.0275  0.0271  0.0265  0.0269
  0.0292  0.0279  0.0285  0.0287  0.0314  0.0299  0.0286  0.0292  0.0287  0.0288  0.0268  0.0276
niter,ni,del,rscale     3    3    5.0000    1.2000
parameters
   -1.5487    5.7591    1.7776   -7.8334  -27.5672  -19.5001
    8.4189   -1.9388   -5.6422   31.3956    3.8644  -23.0434
eta,q 0.97393  8.42425
  0.0287  0.0295  0.0269  0.0275  0.0294  0.0279  0.0280  0.0291  0.0284  0.0303  0.0268  0.0273
  0.0274  0.0279  0.0264  0.0266  0.0277  0.0269  0.0270  0.0275  0.0272  0.0284  0.0264  0.0266
  0.0266  0.0268  0.0261  0.0263  0.0266  0.0263  0.0263  0.0265  0.0264  0.0269  0.0262  0.0261
  0.0262  0.0262  0.0262  0.0261  0.0261  0.0261  0.0261  0.0261  0.0261  0.0261  0.0261  0.0261
  0.0264  0.0262  0.0265  0.0260  0.0267  0.0266  0.0264  0.0264  0.0265  0.0263  0.0261  0.0263
  0.0272  0.0268  0.0270  0.0265  0.0283  0.0276  0.0271  0.0273  0.0273  0.0273  0.0263  0.0268
  0.0284  0.0278  0.0278  0.0280  0.0306  0.0290  0.0282  0.0288  0.0285  0.0293  0.0267  0.0275
niter,ni,del,rscale     2    3    5.0000    1.2000
parameters
   -1.4566    5.9398    1.5255   -7.8714  -27.8461  -19.8772
    8.3418   -1.7961   -5.7160   31.7347    3.9066  -23.2663
eta,q 0.97397  8.40613
  0.0285  0.0289  0.0270  0.0275  0.0296  0.0281  0.0280  0.0290  0.0284  0.0301  0.0267  0.0273
  0.0272  0.0274  0.0264  0.0266  0.0278  0.0270  0.0270  0.0274  0.0271  0.0281  0.0263  0.0266
  0.0264  0.0264  0.0261  0.0262  0.0266  0.0263  0.0263  0.0264  0.0263  0.0267  0.0261  0.0261
  0.0261  0.0261  0.0261  0.0260  0.0260  0.0261  0.0261  0.0261  0.0261  0.0261  0.0260  0.0260
  0.0262  0.0262  0.0263  0.0260  0.0265  0.0264  0.0263  0.0264  0.0264  0.0263  0.0261  0.0263
  0.0269  0.0270  0.0268  0.0264  0.0280  0.0272  0.0270  0.0273  0.0272  0.0275  0.0263  0.0267
  0.0281  0.0281  0.0275  0.0277  0.0302  0.0285  0.0281  0.0287  0.0284  0.0296  0.0267  0.0274
niter,ni,del,rscale     1    3    5.0000    1.2000
parameters
   -1.4030    6.0167    1.4091   -7.8998  -27.9558  -20.0444
    8.2901   -1.7155   -5.7446   31.8875    3.9070  -23.3646
eta,q 0.97397  8.39831
  0.0283  0.0286  0.0271  0.0275  0.0297  0.0281  0.0280  0.0289  0.0284  0.0299  0.0267  0.0274
  0.0271  0.0272  0.0265  0.0265  0.0279  0.0271  0.0270  0.0274  0.0271  0.0280  0.0263  0.0266
  0.0263  0.0263  0.0261  0.0262  0.0266  0.0263  0.0263  0.0264  0.0263  0.0266  0.0261  0.0261
  0.0260  0.0260  0.0260  0.0260  0.0260  0.0260  0.0260  0.0260  0.0260  0.0260  0.0260  0.0260
  0.0262  0.0263  0.0262  0.0260  0.0264  0.0263  0.0263  0.0264  0.0264  0.0264  0.0261  0.0263
  0.0269  0.0271  0.0266  0.0264  0.0279  0.0271  0.0270  0.0273  0.0272  0.0276  0.0263  0.0267
  0.0282  0.0283  0.0273  0.0277  0.0301  0.0284  0.0281  0.0288  0.0284  0.0298  0.0267  0.0274
registration optimization eta report
parameter search radius
    2.4000    2.4000    2.4000    8.2800   10.9503    8.2800
    7.2000    7.2000    7.2000    8.2800    7.2000    8.2800
100000*second partial in parameter space
       38.       42.       20.        2.        3.        3.
        4.        5.        5.        6.        1.        2.
  0.0283  0.0286  0.0271  0.0275  0.0297  0.0281  0.0280  0.0289  0.0284  0.0299  0.0267  0.0274
  0.0271  0.0272  0.0265  0.0265  0.0279  0.0271  0.0270  0.0274  0.0271  0.0280  0.0263  0.0266
  0.0263  0.0263  0.0261  0.0262  0.0266  0.0263  0.0263  0.0264  0.0263  0.0266  0.0261  0.0261
  0.0260  0.0260  0.0260  0.0260  0.0260  0.0260  0.0260  0.0260  0.0260  0.0260  0.0260  0.0260
  0.0262  0.0263  0.0262  0.0260  0.0264  0.0263  0.0263  0.0264  0.0264  0.0264  0.0261  0.0263
  0.0269  0.0271  0.0266  0.0264  0.0279  0.0271  0.0270  0.0273  0.0272  0.0276  0.0263  0.0267
  0.0282  0.0283  0.0273  0.0277  0.0301  0.0284  0.0281  0.0288  0.0284  0.0298  0.0267  0.0274
   -1.4030    6.0167    1.4091   -7.8998  -27.9558  -20.0444
    8.2901   -1.7155   -5.7446   31.8875    3.9070  -23.3646
eta,q 0.97397  8.39831

---------------------------------------------------------------------
imgreg_4dfp /opt/freesurfer/average/711-2C_as_mni_average_305 /opt/freesurfer/average/711-2B_as_mni_average_305_mask talsrcimg_g11 none talsrcimg_to_711-2C_as_mni_average_305_t4 2311
---------------------------------------------------------------------

freesurfer imgreg_4dfp.c
/opt/freesurfer/average/711-2C_as_mni_average_305.4dfp.img
       256       256       256         1
  1.000000  1.000000  1.000000
orientation T byte_order littleendian
Reading image: /opt/freesurfer/average/711-2C_as_mni_average_305.4dfp.img
dimensions:      256       256       256
mmppix:       1.0000   -1.0000   -1.0000
center:     128.0000 -129.0000 -129.0000
/opt/freesurfer/average/711-2B_as_mni_average_305_mask.4dfp.img
       256       256       256         1
  1.000000  1.000000  1.000000
orientation T byte_order littleendian
Reading mask: /opt/freesurfer/average/711-2B_as_mni_average_305_mask.4dfp.img (2306576 pixels)
talsrcimg_g11.4dfp.img
       256       256       256         1
  1.000000  1.000000  1.000000
orientation T byte_order littleendian
Reading image: talsrcimg_g11.4dfp.img
dimensions:      256       256       256
mmppix:       1.0000   -1.0000   -1.0000
center:     128.0000 -129.0000 -129.0000
fimgreg.f
image alignment mode   2311 decimal      907 hex
parameters
   -1.4030    6.0167    1.4091   -7.8998  -27.9558  -20.0444
    8.2901   -1.7155   -5.7446   31.8875    3.9070  -23.3646
eta,q 0.97397  8.39830
niter,ni,del,rscale     5    3    5.0000    0.8000
parameters
   -1.3592    6.0202    1.3500   -6.8834  -27.4495  -19.9270
    8.3251   -1.6172   -5.8355   32.0194    3.9022  -23.8746
eta,q 0.97405  8.48148
  0.0271  0.0271  0.0265  0.0264  0.0270  0.0268  0.0269  0.0273  0.0270  0.0274  0.0263  0.0264
  0.0265  0.0265  0.0262  0.0262  0.0265  0.0264  0.0264  0.0266  0.0264  0.0266  0.0261  0.0261
  0.0262  0.0261  0.0261  0.0261  0.0262  0.0261  0.0261  0.0261  0.0261  0.0262  0.0260  0.0260
  0.0260  0.0260  0.0260  0.0260  0.0260  0.0260  0.0260  0.0260  0.0260  0.0260  0.0260  0.0260
  0.0261  0.0262  0.0261  0.0260  0.0260  0.0260  0.0261  0.0261  0.0261  0.0261  0.0260  0.0261
  0.0264  0.0265  0.0263  0.0260  0.0262  0.0263  0.0264  0.0265  0.0265  0.0265  0.0261  0.0263
  0.0270  0.0271  0.0266  0.0262  0.0267  0.0268  0.0269  0.0272  0.0271  0.0273  0.0263  0.0265
niter,ni,del,rscale     4    3    5.0000    0.7000
parameters
   -1.3858    5.9605    1.3295   -6.8790  -27.3565  -19.8279
    8.4073   -1.6311   -5.8476   32.0382    3.9009  -23.9551
eta,q 0.97406  8.49039
  0.0267  0.0267  0.0264  0.0262  0.0266  0.0266  0.0267  0.0269  0.0268  0.0270  0.0262  0.0263
  0.0263  0.0263  0.0261  0.0261  0.0263  0.0263  0.0263  0.0264  0.0263  0.0264  0.0261  0.0261
  0.0260  0.0260  0.0260  0.0260  0.0261  0.0260  0.0260  0.0260  0.0260  0.0261  0.0260  0.0260
  0.0260  0.0259  0.0259  0.0259  0.0259  0.0259  0.0259  0.0259  0.0259  0.0259  0.0259  0.0259
  0.0260  0.0261  0.0260  0.0259  0.0260  0.0260  0.0260  0.0261  0.0260  0.0260  0.0260  0.0260
  0.0263  0.0264  0.0261  0.0260  0.0262  0.0262  0.0263  0.0264  0.0263  0.0264  0.0260  0.0261
  0.0268  0.0269  0.0264  0.0262  0.0266  0.0266  0.0266  0.0269  0.0268  0.0270  0.0262  0.0264
niter,ni,del,rscale     3    3    5.0000    0.6000
parameters
   -1.4011    5.9523    1.3461   -6.4877  -27.3047  -19.7087
    8.4612   -1.5959   -5.8767   32.0247    3.9059  -24.0338
eta,q 0.97408  8.51556
  0.0265  0.0266  0.0263  0.0261  0.0264  0.0264  0.0265  0.0267  0.0266  0.0267  0.0261  0.0262
  0.0262  0.0262  0.0261  0.0261  0.0262  0.0262  0.0262  0.0262  0.0262  0.0263  0.0260  0.0261
  0.0260  0.0260  0.0260  0.0260  0.0260  0.0260  0.0260  0.0260  0.0260  0.0260  0.0259  0.0259
  0.0259  0.0259  0.0259  0.0259  0.0259  0.0259  0.0259  0.0259  0.0259  0.0259  0.0259  0.0259
  0.0260  0.0260  0.0260  0.0259  0.0260  0.0260  0.0260  0.0260  0.0260  0.0260  0.0259  0.0260
  0.0262  0.0262  0.0261  0.0259  0.0261  0.0261  0.0261  0.0262  0.0262  0.0263  0.0260  0.0261
  0.0265  0.0266  0.0262  0.0261  0.0264  0.0264  0.0264  0.0266  0.0266  0.0267  0.0261  0.0262
niter,ni,del,rscale     2    3    5.0000    0.5000
parameters
   -1.4312    5.9330    1.3624   -6.1732  -27.2325  -19.5931
    8.5267   -1.5767   -5.8887   32.0023    3.8900  -24.0801
eta,q 0.97409  8.53708
  0.0263  0.0264  0.0261  0.0261  0.0263  0.0263  0.0263  0.0264  0.0264  0.0264  0.0260  0.0261
  0.0261  0.0261  0.0260  0.0260  0.0261  0.0261  0.0261  0.0261  0.0261  0.0262  0.0260  0.0260
  0.0260  0.0260  0.0259  0.0260  0.0260  0.0260  0.0260  0.0260  0.0260  0.0260  0.0259  0.0259
  0.0259  0.0259  0.0259  0.0259  0.0259  0.0259  0.0259  0.0259  0.0259  0.0259  0.0259  0.0259
  0.0260  0.0260  0.0259  0.0259  0.0259  0.0259  0.0259  0.0260  0.0260  0.0260  0.0259  0.0259
  0.0261  0.0261  0.0260  0.0259  0.0261  0.0260  0.0261  0.0261  0.0261  0.0262  0.0260  0.0260
  0.0264  0.0264  0.0261  0.0261  0.0263  0.0262  0.0263  0.0264  0.0264  0.0265  0.0260  0.0261
niter,ni,del,rscale     1    3    5.0000    0.4000
parameters
   -1.4600    5.9111    1.3816   -5.8892  -27.1666  -19.4737
    8.5820   -1.5558   -5.9051   31.9754    3.9230  -24.1043
eta,q 0.97410  8.55666
  0.0262  0.0262  0.0261  0.0260  0.0261  0.0261  0.0262  0.0262  0.0262  0.0262  0.0260  0.0260
  0.0260  0.0260  0.0260  0.0260  0.0260  0.0260  0.0260  0.0260  0.0260  0.0260  0.0259  0.0260
  0.0259  0.0259  0.0259  0.0259  0.0259  0.0259  0.0259  0.0259  0.0259  0.0259  0.0259  0.0259
  0.0259  0.0259  0.0259  0.0259  0.0259  0.0259  0.0259  0.0259  0.0259  0.0259  0.0259  0.0259
  0.0259  0.0259  0.0259  0.0259  0.0259  0.0259  0.0259  0.0259  0.0259  0.0259  0.0259  0.0259
  0.0260  0.0260  0.0260  0.0259  0.0260  0.0260  0.0260  0.0260  0.0260  0.0261  0.0259  0.0260
  0.0262  0.0262  0.0260  0.0260  0.0261  0.0261  0.0261  0.0262  0.0262  0.0263  0.0260  0.0260
registration optimization eta report
parameter search radius
    0.8000    0.8000    0.8000    2.4000    2.4000    2.4000
    2.4000    2.4000    2.4000    2.4000    2.4000    2.4000
100000*second partial in parameter space
       42.       45.       23.        2.        4.        4.
        4.        6.        5.        6.        2.        3.
  0.0262  0.0262  0.0261  0.0260  0.0261  0.0261  0.0262  0.0262  0.0262  0.0262  0.0260  0.0260
  0.0260  0.0260  0.0260  0.0260  0.0260  0.0260  0.0260  0.0260  0.0260  0.0260  0.0259  0.0260
  0.0259  0.0259  0.0259  0.0259  0.0259  0.0259  0.0259  0.0259  0.0259  0.0259  0.0259  0.0259
  0.0259  0.0259  0.0259  0.0259  0.0259  0.0259  0.0259  0.0259  0.0259  0.0259  0.0259  0.0259
  0.0259  0.0259  0.0259  0.0259  0.0259  0.0259  0.0259  0.0259  0.0259  0.0259  0.0259  0.0259
  0.0260  0.0260  0.0260  0.0259  0.0260  0.0260  0.0260  0.0260  0.0260  0.0261  0.0259  0.0260
  0.0262  0.0262  0.0260  0.0260  0.0261  0.0261  0.0261  0.0262  0.0262  0.0263  0.0260  0.0260
   -1.4600    5.9111    1.3816   -5.8892  -27.1666  -19.4737
    8.5820   -1.5558   -5.9051   31.9754    3.9230  -24.1043
eta,q 0.97410  8.55666

---------------------------------------------------------------------
imgreg_4dfp /opt/freesurfer/average/711-2C_as_mni_average_305 /opt/freesurfer/average/711-2B_as_mni_average_305_mask talsrcimg_g11 none talsrcimg_to_711-2C_as_mni_average_305_t4 2311
---------------------------------------------------------------------

freesurfer imgreg_4dfp.c
/opt/freesurfer/average/711-2C_as_mni_average_305.4dfp.img
       256       256       256         1
  1.000000  1.000000  1.000000
orientation T byte_order littleendian
Reading image: /opt/freesurfer/average/711-2C_as_mni_average_305.4dfp.img
dimensions:      256       256       256
mmppix:       1.0000   -1.0000   -1.0000
center:     128.0000 -129.0000 -129.0000
/opt/freesurfer/average/711-2B_as_mni_average_305_mask.4dfp.img
       256       256       256         1
  1.000000  1.000000  1.000000
orientation T byte_order littleendian
Reading mask: /opt/freesurfer/average/711-2B_as_mni_average_305_mask.4dfp.img (2306576 pixels)
talsrcimg_g11.4dfp.img
       256       256       256         1
  1.000000  1.000000  1.000000
orientation T byte_order littleendian
Reading image: talsrcimg_g11.4dfp.img
dimensions:      256       256       256
mmppix:       1.0000   -1.0000   -1.0000
center:     128.0000 -129.0000 -129.0000
fimgreg.f
image alignment mode   2311 decimal      907 hex
parameters
   -1.4600    5.9111    1.3816   -5.8892  -27.1666  -19.4737
    8.5820   -1.5558   -5.9051   31.9754    3.9230  -24.1043
eta,q 0.97411  8.55666
niter,ni,del,rscale     5    3    5.0000    0.8000
parameters
   -1.4676    5.9111    1.4101   -6.8812  -27.3521  -19.6567
    8.5253   -1.7270   -5.8157   31.9747    3.8613  -23.9255
eta,q 0.97406  8.49466
  0.0270  0.0270  0.0265  0.0262  0.0268  0.0267  0.0269  0.0271  0.0271  0.0273  0.0262  0.0265
  0.0264  0.0264  0.0262  0.0261  0.0263  0.0263  0.0264  0.0265  0.0265  0.0266  0.0261  0.0262
  0.0260  0.0260  0.0260  0.0260  0.0260  0.0260  0.0260  0.0260  0.0261  0.0261  0.0260  0.0260
  0.0259  0.0259  0.0259  0.0259  0.0259  0.0259  0.0259  0.0259  0.0259  0.0259  0.0259  0.0259
  0.0260  0.0260  0.0260  0.0259  0.0260  0.0260  0.0260  0.0261  0.0261  0.0261  0.0260  0.0260
  0.0264  0.0264  0.0261  0.0262  0.0264  0.0264  0.0264  0.0266  0.0264  0.0266  0.0261  0.0262
  0.0270  0.0270  0.0264  0.0268  0.0269  0.0268  0.0269  0.0273  0.0270  0.0273  0.0263  0.0264
niter,ni,del,rscale     4    3    5.0000    0.7000
parameters
   -1.4351    5.9451    1.3914   -6.8061  -27.3347  -19.7100
    8.4779   -1.6850   -5.8366   32.0099    3.9026  -23.9602
eta,q 0.97407  8.49849
  0.0268  0.0269  0.0264  0.0262  0.0266  0.0266  0.0267  0.0270  0.0268  0.0270  0.0262  0.0263
  0.0263  0.0263  0.0261  0.0261  0.0263  0.0262  0.0262  0.0264  0.0263  0.0264  0.0260  0.0261
  0.0260  0.0260  0.0260  0.0260  0.0260  0.0260  0.0260  0.0260  0.0260  0.0261  0.0260  0.0260
  0.0259  0.0259  0.0259  0.0259  0.0259  0.0259  0.0259  0.0259  0.0259  0.0259  0.0259  0.0259
  0.0260  0.0260  0.0260  0.0259  0.0260  0.0260  0.0260  0.0260  0.0260  0.0260  0.0260  0.0260
  0.0263  0.0263  0.0261  0.0260  0.0262  0.0262  0.0263  0.0264  0.0263  0.0264  0.0260  0.0261
  0.0267  0.0268  0.0264  0.0262  0.0266  0.0266  0.0267  0.0269  0.0268  0.0270  0.0262  0.0263
niter,ni,del,rscale     3    3    5.0000    0.6000
parameters
   -1.4267    5.9411    1.3724   -6.5020  -27.2781  -19.6728
    8.4888   -1.6314   -5.8703   32.0088    3.9079  -24.0199
eta,q 0.97408  8.51699
  0.0265  0.0266  0.0262  0.0261  0.0264  0.0264  0.0265  0.0267  0.0266  0.0267  0.0261  0.0262
  0.0262  0.0262  0.0261  0.0261  0.0262  0.0262  0.0262  0.0263  0.0262  0.0263  0.0260  0.0260
  0.0260  0.0260  0.0260  0.0260  0.0260  0.0260  0.0260  0.0260  0.0260  0.0260  0.0259  0.0259
  0.0259  0.0259  0.0259  0.0259  0.0259  0.0259  0.0259  0.0259  0.0259  0.0259  0.0259  0.0259
  0.0260  0.0260  0.0260  0.0259  0.0260  0.0260  0.0260  0.0260  0.0260  0.0260  0.0259  0.0260
  0.0262  0.0262  0.0261  0.0260  0.0261  0.0261  0.0262  0.0262  0.0262  0.0263  0.0260  0.0261
  0.0265  0.0266  0.0263  0.0261  0.0264  0.0264  0.0265  0.0266  0.0266  0.0267  0.0261  0.0262
niter,ni,del,rscale     2    3    5.0000    0.5000
parameters
   -1.4406    5.9281    1.3689   -6.1654  -27.2325  -19.5792
    8.5359   -1.5867   -5.8852   31.9923    3.9283  -24.0624
eta,q 0.97410  8.53758
  0.0263  0.0264  0.0261  0.0261  0.0263  0.0263  0.0263  0.0264  0.0264  0.0264  0.0260  0.0261
  0.0261  0.0261  0.0260  0.0260  0.0261  0.0261  0.0261  0.0261  0.0261  0.0262  0.0260  0.0260
  0.0260  0.0260  0.0259  0.0260  0.0260  0.0260  0.0259  0.0260  0.0259  0.0260  0.0259  0.0259
  0.0259  0.0259  0.0259  0.0259  0.0259  0.0259  0.0259  0.0259  0.0259  0.0259  0.0259  0.0259
  0.0260  0.0260  0.0259  0.0259  0.0259  0.0259  0.0259  0.0260  0.0260  0.0260  0.0259  0.0259
  0.0261  0.0261  0.0260  0.0259  0.0261  0.0260  0.0261  0.0261  0.0261  0.0262  0.0260  0.0260
  0.0263  0.0264  0.0261  0.0261  0.0263  0.0262  0.0263  0.0264  0.0264  0.0265  0.0260  0.0261
niter,ni,del,rscale     1    3    5.0000    0.4000
parameters
   -1.4649    5.9103    1.3856   -5.8588  -27.1704  -19.4706
    8.5960   -1.5558   -5.9177   31.9710    3.9350  -24.0914
eta,q 0.97411  8.55783
  0.0262  0.0262  0.0261  0.0260  0.0261  0.0261  0.0261  0.0262  0.0262  0.0262  0.0260  0.0260
  0.0260  0.0260  0.0260  0.0260  0.0260  0.0260  0.0260  0.0260  0.0260  0.0260  0.0259  0.0260
  0.0259  0.0259  0.0259  0.0259  0.0259  0.0259  0.0259  0.0259  0.0259  0.0259  0.0259  0.0259
  0.0259  0.0259  0.0259  0.0259  0.0259  0.0259  0.0259  0.0259  0.0259  0.0259  0.0259  0.0259
  0.0259  0.0259  0.0259  0.0259  0.0259  0.0259  0.0259  0.0259  0.0259  0.0259  0.0259  0.0259
  0.0260  0.0260  0.0260  0.0259  0.0260  0.0260  0.0260  0.0260  0.0260  0.0261  0.0259  0.0260
  0.0262  0.0262  0.0260  0.0260  0.0261  0.0261  0.0261  0.0262  0.0262  0.0263  0.0260  0.0260
registration optimization eta report
parameter search radius
    0.8000    0.8000    0.8000    2.4000    2.4000    2.4000
    2.4000    2.4000    2.4000    2.4000    2.4000    2.4000
100000*second partial in parameter space
       42.       46.       23.        2.        4.        4.
        4.        6.        5.        6.        2.        2.
  0.0262  0.0262  0.0261  0.0260  0.0261  0.0261  0.0261  0.0262  0.0262  0.0262  0.0260  0.0260
  0.0260  0.0260  0.0260  0.0260  0.0260  0.0260  0.0260  0.0260  0.0260  0.0260  0.0259  0.0260
  0.0259  0.0259  0.0259  0.0259  0.0259  0.0259  0.0259  0.0259  0.0259  0.0259  0.0259  0.0259
  0.0259  0.0259  0.0259  0.0259  0.0259  0.0259  0.0259  0.0259  0.0259  0.0259  0.0259  0.0259
  0.0259  0.0259  0.0259  0.0259  0.0259  0.0259  0.0259  0.0259  0.0259  0.0259  0.0259  0.0259
  0.0260  0.0260  0.0260  0.0259  0.0260  0.0260  0.0260  0.0260  0.0260  0.0261  0.0259  0.0260
  0.0262  0.0262  0.0260  0.0260  0.0261  0.0261  0.0261  0.0262  0.0262  0.0263  0.0260  0.0260
   -1.4649    5.9103    1.3856   -5.8588  -27.1704  -19.4706
    8.5960   -1.5558   -5.9177   31.9710    3.9350  -24.0914
eta,q 0.97411  8.55783

---------------------------------------------------------------------
compute_vox2vox talsrcimg talsrcimg_to_711-2C_as_mni_average_305_t4 /opt/freesurfer/average/711-2C_as_mni_average_305
---------------------------------------------------------------------

freesurfer compute_vox2vox.c
Reading: talsrcimg.4dfp.ifh
Reading: talsrcimg_to_711-2C_as_mni_average_305_t4
Reading: /opt/freesurfer/average/711-2C_as_mni_average_305.4dfp.ifh
Writing: talsrcimg_to_711-2C_as_mni_average_305_t4_vox2vox.txt

start time Sun Mar 8 16:38:07 CET 2026
end		time Sun Mar 8 16:39:35 CET 2026

mpr2mni305 success

avi2talxfm orig_nu.mgz /opt/freesurfer/average/mni305.cor.mgz talsrcimg_to_711-2C_as_mni_average_305_t4_vox2vox.txt transforms/talairach.auto.xfm
avi2talxfm done
mv -f /out/sourcedata/freesurfer/sub-v1s13x0050042_ses-1/mri/talsrcimg_to_711-2C_as_mni_average_305_t4_vox2vox.txt /out/sourcedata/freesurfer/sub-v1s13x0050042_ses-1/mri/transforms/talsrcimg_to_711-2C_as_mni_average_305_t4_vox2vox.txt
lta_convert --src orig_nu.mgz --trg /opt/freesurfer/average/mni305.cor.mgz --inxfm transforms/talairach.auto.xfm --outlta transforms/talairach.auto.xfm.lta --subject fsaverage
7.3.2

--src: orig_nu.mgz src image (geometry).
--trg: /opt/freesurfer/average/mni305.cor.mgz trg image (geometry).
--inmni: transforms/talairach.auto.xfm input MNI/XFM transform.
--outlta: transforms/talairach.auto.xfm.lta output LTA.
--s: fsaverage subject name
 LTA read, type : 1
 1.05313   0.06160  -0.10392  -2.03534;
-0.02286   1.09630   0.36534   5.57100;
 0.09561  -0.47625   1.20424   8.96298;
 0.00000   0.00000   0.00000   1.00000;
setting subject to fsaverage
Writing  LTA to file transforms/talairach.auto.xfm.lta...
lta_convert successful.
 
 
Started at Sun Mar 8 16:38:06 CET 2026
Ended   at Sun Mar  8 16:39:35 CET 2026
talairach_avi done
