status file for recon-all
Sun Mar  8 14:38:55 CET 2026
#@# Tessellate rh Sun Mar  8 14:38:55 CET 2026
#@# Smooth1 rh Sun Mar  8 14:38:59 CET 2026
#@# Inflation1 rh Sun Mar  8 14:39:01 CET 2026
#@# QSphere rh Sun Mar  8 14:39:11 CET 2026
#@# Fix Topology rh Sun Mar  8 14:40:08 CET 2026
#@# Smooth2 rh Sun Mar  8 14:46:13 CET 2026
#@# Inflation2 rh Sun Mar  8 14:46:16 CET 2026
#@# Curv .H and .K rh Sun Mar  8 14:46:26 CET 2026
#@# Sphere rh Sun Mar  8 14:47:16 CET 2026
#@# Surf Reg rh Sun Mar  8 14:49:04 CET 2026
#@# Jacobian white rh Sun Mar  8 14:52:24 CET 2026
#@# AvgCurv rh Sun Mar  8 14:52:25 CET 2026
#@# Cortical Parc rh Sun Mar  8 14:52:25 CET 2026
#@# white curv rh Sun Mar  8 14:57:51 CET 2026
#@# white area rh Sun Mar  8 14:57:53 CET 2026
#@# pial curv rh Sun Mar  8 14:57:53 CET 2026
#@# pial area rh Sun Mar  8 14:57:55 CET 2026
#@# thickness rh Sun Mar  8 14:57:55 CET 2026
#@# area and vertex vol rh Sun Mar  8 14:58:25 CET 2026
#@# Curvature Stats rh Sun Mar  8 14:58:26 CET 2026
#@# Cortical Parc 2 rh Sun Mar  8 14:58:29 CET 2026
#@# Cortical Parc 3 rh Sun Mar  8 14:58:41 CET 2026
#@# WM/GM Contrast rh Sun Mar  8 14:58:51 CET 2026
recon-all -s sub-v1s13x0050004_ses-1 finished without error at Sun Mar  8 14:58:54 CET 2026



#New# invocation of recon-all 



status file for recon-all
Sun Mar  8 15:07:27 CET 2026
#@# white curv rh Sun Mar  8 15:07:27 CET 2026
#@# white area rh Sun Mar  8 15:07:27 CET 2026
#@# pial curv rh Sun Mar  8 15:07:27 CET 2026
#@# pial area rh Sun Mar  8 15:07:27 CET 2026
#@# thickness rh Sun Mar  8 15:07:27 CET 2026
#@# area and vertex vol rh Sun Mar  8 15:07:27 CET 2026
#@# Parcellation Stats rh Sun Mar  8 15:07:27 CET 2026
#@# Parcellation Stats 2 rh Sun Mar  8 15:07:46 CET 2026
#@# Parcellation Stats 3 rh Sun Mar  8 15:07:56 CET 2026
#@# BA_exvivo Labels rh Sun Mar  8 15:08:05 CET 2026
recon-all -s sub-v1s13x0050004_ses-1 finished without error at Sun Mar  8 15:10:26 CET 2026
