status file for recon-all
Sun Mar  8 18:33:46 CET 2026
#@# Tessellate rh Sun Mar  8 18:33:46 CET 2026
#@# Smooth1 rh Sun Mar  8 18:33:50 CET 2026
#@# Inflation1 rh Sun Mar  8 18:33:53 CET 2026
#@# QSphere rh Sun Mar  8 18:34:03 CET 2026
#@# Fix Topology rh Sun Mar  8 18:35:10 CET 2026
#@# Smooth2 rh Sun Mar  8 18:40:52 CET 2026
#@# Inflation2 rh Sun Mar  8 18:40:55 CET 2026
#@# Curv .H and .K rh Sun Mar  8 18:41:06 CET 2026
#@# Sphere rh Sun Mar  8 18:41:54 CET 2026
#@# Surf Reg rh Sun Mar  8 18:44:37 CET 2026
#@# Jacobian white rh Sun Mar  8 18:47:57 CET 2026
#@# AvgCurv rh Sun Mar  8 18:47:57 CET 2026
#@# Cortical Parc rh Sun Mar  8 18:47:58 CET 2026
#@# white curv rh Sun Mar  8 18:53:27 CET 2026
#@# white area rh Sun Mar  8 18:53:28 CET 2026
#@# pial curv rh Sun Mar  8 18:53:29 CET 2026
#@# pial area rh Sun Mar  8 18:53:30 CET 2026
#@# thickness rh Sun Mar  8 18:53:31 CET 2026
#@# area and vertex vol rh Sun Mar  8 18:54:01 CET 2026
#@# Curvature Stats rh Sun Mar  8 18:54:03 CET 2026
#@# Cortical Parc 2 rh Sun Mar  8 18:54:05 CET 2026
#@# Cortical Parc 3 rh Sun Mar  8 18:54:19 CET 2026
#@# WM/GM Contrast rh Sun Mar  8 18:54:29 CET 2026
recon-all -s sub-v1s13x0050041_ses-1 finished without error at Sun Mar  8 18:54:31 CET 2026



#New# invocation of recon-all 



status file for recon-all
Sun Mar  8 19:03:01 CET 2026
#@# white curv rh Sun Mar  8 19:03:01 CET 2026
#@# white area rh Sun Mar  8 19:03:01 CET 2026
#@# pial curv rh Sun Mar  8 19:03:01 CET 2026
#@# pial area rh Sun Mar  8 19:03:01 CET 2026
#@# thickness rh Sun Mar  8 19:03:01 CET 2026
#@# area and vertex vol rh Sun Mar  8 19:03:01 CET 2026
#@# Parcellation Stats rh Sun Mar  8 19:03:01 CET 2026
#@# Parcellation Stats 2 rh Sun Mar  8 19:03:19 CET 2026
#@# Parcellation Stats 3 rh Sun Mar  8 19:03:29 CET 2026
#@# BA_exvivo Labels rh Sun Mar  8 19:03:38 CET 2026
recon-all -s sub-v1s13x0050041_ses-1 finished without error at Sun Mar  8 19:06:05 CET 2026
