status file for recon-all
Sun Mar  8 18:11:02 CET 2026
#@# Tessellate lh Sun Mar  8 18:11:02 CET 2026
#@# Smooth1 lh Sun Mar  8 18:11:05 CET 2026
#@# Inflation1 lh Sun Mar  8 18:11:08 CET 2026
#@# QSphere lh Sun Mar  8 18:11:19 CET 2026
#@# Fix Topology lh Sun Mar  8 18:12:18 CET 2026
#@# Smooth2 lh Sun Mar  8 18:20:00 CET 2026
#@# Inflation2 lh Sun Mar  8 18:20:02 CET 2026
#@# Curv .H and .K lh Sun Mar  8 18:20:14 CET 2026
#@# Sphere lh Sun Mar  8 18:21:02 CET 2026
#@# Surf Reg lh Sun Mar  8 18:23:37 CET 2026
#@# Jacobian white lh Sun Mar  8 18:26:46 CET 2026
#@# AvgCurv lh Sun Mar  8 18:26:47 CET 2026
#@# Cortical Parc lh Sun Mar  8 18:26:48 CET 2026
#@# white curv lh Sun Mar  8 18:32:38 CET 2026
#@# white area lh Sun Mar  8 18:32:40 CET 2026
#@# pial curv lh Sun Mar  8 18:32:41 CET 2026
#@# pial area lh Sun Mar  8 18:32:42 CET 2026
#@# thickness lh Sun Mar  8 18:32:43 CET 2026
#@# area and vertex vol lh Sun Mar  8 18:33:14 CET 2026
#@# Curvature Stats lh Sun Mar  8 18:33:15 CET 2026
#@# Cortical Parc 2 lh Sun Mar  8 18:33:17 CET 2026
#@# Cortical Parc 3 lh Sun Mar  8 18:33:31 CET 2026
#@# WM/GM Contrast lh Sun Mar  8 18:33:41 CET 2026
recon-all -s sub-v1s13x0050041_ses-1 finished without error at Sun Mar  8 18:33:44 CET 2026



#New# invocation of recon-all 



status file for recon-all
Sun Mar  8 18:59:49 CET 2026
#@# white curv lh Sun Mar  8 18:59:49 CET 2026
#@# white area lh Sun Mar  8 18:59:49 CET 2026
#@# pial curv lh Sun Mar  8 18:59:49 CET 2026
#@# pial area lh Sun Mar  8 18:59:49 CET 2026
#@# thickness lh Sun Mar  8 18:59:49 CET 2026
#@# area and vertex vol lh Sun Mar  8 18:59:49 CET 2026
#@# Parcellation Stats lh Sun Mar  8 18:59:49 CET 2026
#@# Parcellation Stats 2 lh Sun Mar  8 19:00:08 CET 2026
#@# Parcellation Stats 3 lh Sun Mar  8 19:00:18 CET 2026
#@# BA_exvivo Labels lh Sun Mar  8 19:00:28 CET 2026
recon-all -s sub-v1s13x0050041_ses-1 finished without error at Sun Mar  8 19:02:58 CET 2026
