status file for recon-all
Sun Mar  8 16:34:57 CET 2026
#@# MotionCor Sun Mar  8 16:34:59 CET 2026
#@# Talairach Sun Mar  8 16:35:08 CET 2026
#@# Talairach Failure Detection Sun Mar  8 16:39:41 CET 2026
#@# Nu Intensity Correction Sun Mar  8 16:39:41 CET 2026
#@# Intensity Normalization Sun Mar  8 16:42:57 CET 2026
recon-all -s sub-v1s13x0050041_ses-1 finished without error at Sun Mar  8 16:44:24 CET 2026



#New# invocation of recon-all 



status file for recon-all
Sun Mar  8 16:51:22 CET 2026
#@# EM Registration Sun Mar  8 16:51:22 CET 2026
recon-all -s sub-v1s13x0050041_ses-1 finished without error at Sun Mar  8 16:53:04 CET 2026



#New# invocation of recon-all 



status file for recon-all
Sun Mar  8 16:53:08 CET 2026
#@# CA Normalize Sun Mar  8 16:53:08 CET 2026
#@# CA Reg Sun Mar  8 16:54:28 CET 2026
#@# SubCort Seg Sun Mar  8 17:35:43 CET 2026
#@# CC Seg Sun Mar  8 18:04:56 CET 2026
#@# Merge ASeg Sun Mar  8 18:05:36 CET 2026
#@# Intensity Normalization2 Sun Mar  8 18:05:36 CET 2026
#@# Mask BFS Sun Mar  8 18:07:55 CET 2026
#@# WM Segmentation Sun Mar  8 18:07:56 CET 2026
#@# Fill Sun Mar  8 18:09:53 CET 2026
recon-all -s sub-v1s13x0050041_ses-1 finished without error at Sun Mar  8 18:10:57 CET 2026



#New# invocation of recon-all 



status file for recon-all
Sun Mar  8 18:54:36 CET 2026
#@# white curv lh Sun Mar  8 18:54:37 CET 2026
#@# white area lh Sun Mar  8 18:54:37 CET 2026
#@# pial curv lh Sun Mar  8 18:54:37 CET 2026
#@# pial area lh Sun Mar  8 18:54:37 CET 2026
#@# thickness lh Sun Mar  8 18:54:37 CET 2026
#@# area and vertex vol lh Sun Mar  8 18:54:37 CET 2026
#@# white curv rh Sun Mar  8 18:54:37 CET 2026
#@# white area rh Sun Mar  8 18:54:37 CET 2026
#@# pial curv rh Sun Mar  8 18:54:37 CET 2026
#@# pial area rh Sun Mar  8 18:54:37 CET 2026
#@# thickness rh Sun Mar  8 18:54:37 CET 2026
#@# area and vertex vol rh Sun Mar  8 18:54:37 CET 2026
#@# Cortical ribbon mask Sun Mar  8 18:54:37 CET 2026
recon-all -s sub-v1s13x0050041_ses-1 finished without error at Sun Mar  8 18:59:45 CET 2026



#New# invocation of recon-all 



status file for recon-all
Sun Mar  8 19:06:09 CET 2026
#@# white curv lh Sun Mar  8 19:06:09 CET 2026
#@# white area lh Sun Mar  8 19:06:09 CET 2026
#@# pial curv lh Sun Mar  8 19:06:09 CET 2026
#@# pial area lh Sun Mar  8 19:06:09 CET 2026
#@# thickness lh Sun Mar  8 19:06:09 CET 2026
#@# area and vertex vol lh Sun Mar  8 19:06:09 CET 2026
#@# white curv rh Sun Mar  8 19:06:09 CET 2026
#@# white area rh Sun Mar  8 19:06:09 CET 2026
#@# pial curv rh Sun Mar  8 19:06:09 CET 2026
#@# pial area rh Sun Mar  8 19:06:09 CET 2026
#@# thickness rh Sun Mar  8 19:06:09 CET 2026
#@# area and vertex vol rh Sun Mar  8 19:06:09 CET 2026
#@# Curvature Stats lh Sun Mar  8 19:06:09 CET 2026
#@# Curvature Stats rh Sun Mar  8 19:06:11 CET 2026
#@# Relabel Hypointensities Sun Mar  8 19:06:13 CET 2026
#@# APas-to-ASeg Sun Mar  8 19:06:29 CET 2026
#@# AParc-to-ASeg aparc Sun Mar  8 19:06:37 CET 2026
#@# AParc-to-ASeg aparc.a2009s Sun Mar  8 19:07:09 CET 2026
#@# AParc-to-ASeg aparc.DKTatlas Sun Mar  8 19:07:41 CET 2026
#@# WMParc Sun Mar  8 19:08:14 CET 2026
#@# ASeg Stats Sun Mar  8 19:12:11 CET 2026
recon-all -s sub-v1s13x0050041_ses-1 finished without error at Sun Mar  8 19:12:44 CET 2026
