/out/sourcedata/freesurfer/sub-v1s13x0050030_ses-1/mri
/opt/freesurfer/bin/talairach_avi
--i orig_nu.mgz --xfm transforms/talairach.auto.xfm
talairach_avi 7.3.2
Linux dna081 5.14.0-427.37.1.el9_4.x86_64 #1 SMP PREEMPT_DYNAMIC Fri Sep 13 12:41:50 EDT 2024 x86_64 x86_64 x86_64 GNU/Linux
Sun Mar  8 16:14:59 CET 2026
mri_convert orig_nu.mgz talsrcimg.img 
reading from orig_nu.mgz...
TR=0.00, TE=0.00, TI=0.00, flip angle=0.00
i_ras = (-1, 0, 0)
j_ras = (0, 0, -1)
k_ras = (0, 1, 0)
writing to talsrcimg.img...
Analyze Output Matrix
-1.00000   0.00000   0.00000   128.79861;
 0.00000   0.00000   1.00000  -127.94919;
 0.00000  -1.00000   0.00000   116.51984;
 0.00000   0.00000   0.00000   1.00000;
--------------------
INFO: set hdr.hist.orient to -1
mpr2mni305 talsrcimg
Sun Mar  8 16:14:59 CET 2026
/opt/freesurfer/bin/mpr2mni305 talsrcimg
mpr2mni305 7.3.2
target=711-2C_as_mni_average_305

---------------------------------------------------------------------
analyzeto4dfp talsrcimg -O0 -y
---------------------------------------------------------------------

freesurfer ifh2hdr.c
Sun Mar  8 16:15:00 2026
Writing: talsrcimg.4dfp.hdr
freesurfer analyzeto4dfp.c
Reading: talsrcimg.hdr
header size 348 bytes
hdr.dime.datatype	offset=70	value=2
hdr.dime.bitpix		offset=72	value=8
hdr.hist.orient		offset=252	value=-1
dimensionality     4
dimensions       256       256       256         1
Reading: talsrcimg.img
Writing: talsrcimg.4dfp.img
Writing: talsrcimg.4dfp.ifh
ifh2hdr talsrcimg -r0to247
ori=2

---------------------------------------------------------------------
gauss_4dfp talsrcimg 1.1
---------------------------------------------------------------------

freesurfer gauss_4dfp.c
Reading: talsrcimg.4dfp.img
Writing: talsrcimg_g11.4dfp.img
image dimensions 256 256 256 padded to 288 288 288
processing volume 1freesurfer ifh2hdr.c
Sun Mar  8 16:15:01 2026
Writing: talsrcimg_g11.4dfp.hdr

Writing: talsrcimg_g11.4dfp.ifh
including: talsrcimg.4dfp.img.rec in talsrcimg_g11.4dfp.img.rec

---------------------------------------------------------------------
imgreg_4dfp /opt/freesurfer/average/711-2C_as_mni_average_305 none talsrcimg_g11 none talsrcimg_to_711-2C_as_mni_average_305_t4 4355
---------------------------------------------------------------------

freesurfer imgreg_4dfp.c
/opt/freesurfer/average/711-2C_as_mni_average_305.4dfp.img
       256       256       256         1
  1.000000  1.000000  1.000000
orientation T byte_order littleendian
Reading image: /opt/freesurfer/average/711-2C_as_mni_average_305.4dfp.img
dimensions:      256       256       256
mmppix:       1.0000   -1.0000   -1.0000
center:     128.0000 -129.0000 -129.0000
talsrcimg_g11.4dfp.img
       256       256       256         1
  1.000000  1.000000  1.000000
orientation T byte_order littleendian
Reading image: talsrcimg_g11.4dfp.img
dimensions:      256       256       256
mmppix:       1.0000   -1.0000   -1.0000
center:     128.0000 -129.0000 -129.0000
t4_read: open error in t4_sub.f l:  41 t4_file(1:l)talsrcimg_to_711-2C_as_mni_average_305_t4 
t4_read: transform initialized to I4
rotation matrix determinant  1.000000
image alignment mode   4355 decimal     1103 hex
   -7.5000  -45.0000  -45.0000 9434.7314   12.0563
    0.0000  -45.0000  -45.0000 9831.3906   12.0665
    7.5000  -45.0000  -45.0000 9352.8447   12.0781
   -7.5000  -37.5000  -45.0000 9853.6377   12.0360
    0.0000  -37.5000  -45.000010247.3184   12.0456
    7.5000  -37.5000  -45.0000 9746.2793   12.0549
   -7.5000  -30.0000  -45.000010561.3037   11.9973
    0.0000  -30.0000  -45.000010983.2783   12.0064
    7.5000  -30.0000  -45.000010427.3848   12.0126
   -7.5000  -22.5000  -45.000011154.9648   11.9589
    0.0000  -22.5000  -45.000011623.0586   11.9685
    7.5000  -22.5000  -45.000011026.9512   11.9741
   -7.5000  -15.0000  -45.000011687.2783   11.9144
    0.0000  -15.0000  -45.000012180.3721   11.9247
    7.5000  -15.0000  -45.000011570.3105   11.9320
   -7.5000   -7.5000  -45.000012167.0898   11.8679
    0.0000   -7.5000  -45.000012652.2900   11.8774
    7.5000   -7.5000  -45.000012035.4570   11.8869
   -7.5000    0.0000  -45.000012546.6016   11.8353
    0.0000    0.0000  -45.000013033.3994   11.8439
    7.5000    0.0000  -45.000012391.1719   11.8537
   -7.5000    7.5000  -45.000011889.3496   11.8663
    0.0000    7.5000  -45.000012370.5391   11.8745
    7.5000    7.5000  -45.000011764.9268   11.8824
   -7.5000   15.0000  -45.000011186.4502   11.9430
    0.0000   15.0000  -45.000011628.0010   11.9513
    7.5000   15.0000  -45.000011066.0977   11.9562
   -7.5000   22.5000  -45.000010479.0283   12.0635
    0.0000   22.5000  -45.000010891.3799   12.0737
    7.5000   22.5000  -45.000010340.5664   12.0794
   -7.5000   30.0000  -45.0000 9693.8154   12.0363
    0.0000   30.0000  -45.000010078.8525   12.0474
    7.5000   30.0000  -45.0000 9562.9912   12.0541
   -7.5000   37.5000  -45.0000 9271.9746   12.1753
    0.0000   37.5000  -45.0000 9648.6094   12.1862
    7.5000   37.5000  -45.0000 9131.7471   12.1946
   -7.5000   45.0000  -45.0000 8461.0156   12.0708
    0.0000   45.0000  -45.0000 8790.5088   12.0828
    7.5000   45.0000  -45.0000 8334.2490   12.0904
   -7.5000  -45.0000  -37.500010029.3496   12.0483
    0.0000  -45.0000  -37.500010453.1602   12.0606
    7.5000  -45.0000  -37.5000 9934.0664   12.0761
   -7.5000  -37.5000  -37.500010470.2148   12.0308
    0.0000  -37.5000  -37.500010890.1123   12.0421
    7.5000  -37.5000  -37.500010337.1758   12.0539
   -7.5000  -30.0000  -37.500011199.1191   11.9896
    0.0000  -30.0000  -37.500011638.3447   11.9982
    7.5000  -30.0000  -37.500011057.6572   12.0048
   -7.5000  -22.5000  -37.500011823.1201   11.9458
    0.0000  -22.5000  -37.500012299.5352   11.9533
    7.5000  -22.5000  -37.500011679.6934   11.9586
   -7.5000  -15.0000  -37.500012386.2188   11.8963
    0.0000  -15.0000  -37.500012871.5234   11.9047
    7.5000  -15.0000  -37.500012220.6309   11.9130
   -7.5000   -7.5000  -37.500012880.8623   11.8493
    0.0000   -7.5000  -37.500013375.6465   11.8590
    7.5000   -7.5000  -37.500012694.6670   11.8715
   -7.5000    0.0000  -37.500013237.0576   11.8199
    0.0000    0.0000  -37.500013770.7178   11.8305
    7.5000    0.0000  -37.500013065.3096   11.8441
   -7.5000    7.5000  -37.500012560.9648   11.8537
    0.0000    7.5000  -37.500013058.6299   11.8637
    7.5000    7.5000  -37.500012400.6377   11.8740
   -7.5000   15.0000  -37.500011784.1484   11.9297
    0.0000   15.0000  -37.500012252.3477   11.9374
    7.5000   15.0000  -37.500011645.7793   11.9425
   -7.5000   22.5000  -37.500010986.4805   12.0460
    0.0000   22.5000  -37.500011418.7812   12.0537
    7.5000   22.5000  -37.500010844.0605   12.0587
   -7.5000   30.0000  -37.500010132.9609   12.0143
    0.0000   30.0000  -37.500010535.1406   12.0235
    7.5000   30.0000  -37.5000 9993.2939   12.0310
   -7.5000   37.5000  -37.5000 9679.8916   12.1552
    0.0000   37.5000  -37.500010070.7627   12.1659
    7.5000   37.5000  -37.5000 9531.4902   12.1765
   -7.5000   45.0000  -37.5000 8824.5303   12.0555
    0.0000   45.0000  -37.5000 9161.3213   12.0693
    7.5000   45.0000  -37.5000 8684.5420   12.0805
   -7.5000  -45.0000  -30.000010816.5684   12.5290
    0.0000  -45.0000  -30.000011254.4775   12.5478
    7.5000  -45.0000  -30.000010712.8857   12.5639
   -7.5000  -37.5000  -30.000011264.6973   12.5086
    0.0000  -37.5000  -30.000011720.1650   12.5267
    7.5000  -37.5000  -30.000011145.5400   12.5392
   -7.5000  -30.0000  -30.000012036.4600   12.4606
    0.0000  -30.0000  -30.000012523.8857   12.4746
    7.5000  -30.0000  -30.000011916.8291   12.4814
   -7.5000  -22.5000  -30.000012695.8555   12.4108
    0.0000  -22.5000  -30.000013215.8506   12.4217
    7.5000  -22.5000  -30.000012577.4434   12.4263
   -7.5000  -15.0000  -30.000013283.8330   12.3571
    0.0000  -15.0000  -30.000013819.0234   12.3685
    7.5000  -15.0000  -30.000013145.7480   12.3756
   -7.5000   -7.5000  -30.000013824.0176   12.3097
    0.0000   -7.5000  -30.000014369.2012   12.3240
    7.5000   -7.5000  -30.000013650.4541   12.3359
   -7.5000    0.0000  -30.000014204.6670   12.2817
    0.0000    0.0000  -30.000014782.0977   12.2985
    7.5000    0.0000  -30.000014054.7656   12.3124
   -7.5000    7.5000  -30.000013453.0801   12.3168
    0.0000    7.5000  -30.000013987.1104   12.3333
    7.5000    7.5000  -30.000013287.3330   12.3441
   -7.5000   15.0000  -30.000012603.4463   12.3925
    0.0000   15.0000  -30.000013087.6719   12.4056
    7.5000   15.0000  -30.000012430.4336   12.4106
   -7.5000   22.5000  -30.000011703.9375   12.5090
    0.0000   22.5000  -30.000012165.3857   12.5201
    7.5000   22.5000  -30.000011567.2119   12.5240
   -7.5000   30.0000  -30.000010765.0508   12.4768
    0.0000   30.0000  -30.000011182.0107   12.4890
    7.5000   30.0000  -30.000010626.1777   12.4956
   -7.5000   37.5000  -30.000010262.4873   12.6284
    0.0000   37.5000  -30.000010678.5518   12.6437
    7.5000   37.5000  -30.000010121.4648   12.6534
   -7.5000   45.0000  -30.0000 9339.8193   12.5345
    0.0000   45.0000  -30.0000 9714.5273   12.5548
    7.5000   45.0000  -30.0000 9199.6641   12.5673
   -7.5000  -45.0000  -22.500011556.0645   12.9390
    0.0000  -45.0000  -22.500012021.0039   12.9636
    7.5000  -45.0000  -22.500011453.3984   12.9763
   -7.5000  -37.5000  -22.500012021.9004   12.9135
    0.0000  -37.5000  -22.500012499.1846   12.9383
    7.5000  -37.5000  -22.500011902.4805   12.9492
   -7.5000  -30.0000  -22.500012842.7539   12.8611
    0.0000  -30.0000  -22.500013359.0576   12.8829
    7.5000  -30.0000  -22.500012731.3369   12.8902
   -7.5000  -22.5000  -22.500013539.4658   12.8100
    0.0000  -22.5000  -22.500014070.3125   12.8283
    7.5000  -22.5000  -22.500013398.8008   12.8332
   -7.5000  -15.0000  -22.500014148.7051   12.7570
    0.0000  -15.0000  -22.500014703.6807   12.7744
    7.5000  -15.0000  -22.500013984.6719   12.7799
   -7.5000   -7.5000  -22.500014707.5283   12.7093
    0.0000   -7.5000  -22.500015307.7998   12.7292
    7.5000   -7.5000  -22.500014520.6846   12.7376
   -7.5000    0.0000  -22.500015129.9268   12.6796
    0.0000    0.0000  -22.500015750.9082   12.7019
    7.5000    0.0000  -22.500014938.9307   12.7124
   -7.5000    7.5000  -22.500014294.0068   12.7136
    0.0000    7.5000  -22.500014884.9688   12.7365
    7.5000    7.5000  -22.500014133.6611   12.7456
   -7.5000   15.0000  -22.500013371.1816   12.7901
    0.0000   15.0000  -22.500013891.5928   12.8109
    7.5000   15.0000  -22.500013186.8613   12.8163
   -7.5000   22.5000  -22.500012390.8291   12.9105
    0.0000   22.5000  -22.500012873.7773   12.9293
    7.5000   22.5000  -22.500012233.1807   12.9336
   -7.5000   30.0000  -22.500011372.3174   12.8822
    0.0000   30.0000  -22.500011821.9658   12.9007
    7.5000   30.0000  -22.500011225.0137   12.9061
   -7.5000   37.5000  -22.500010827.7969   13.0407
    0.0000   37.5000  -22.500011255.7109   13.0622
    7.5000   37.5000  -22.500010697.2578   13.0689
   -7.5000   45.0000  -22.5000 9838.4355   12.9483
    0.0000   45.0000  -22.500010231.9023   12.9748
    7.5000   45.0000  -22.5000 9686.6035   12.9851
   -7.5000  -45.0000  -15.000012272.6904   13.2289
    0.0000  -45.0000  -15.000012769.7432   13.2527
    7.5000  -45.0000  -15.000012148.5098   13.2612
   -7.5000  -37.5000  -15.000012782.5469   13.2019
    0.0000  -37.5000  -15.000013296.9932   13.2265
    7.5000  -37.5000  -15.000012619.1143   13.2345
   -7.5000  -30.0000  -15.000013641.3359   13.1509
    0.0000  -30.0000  -15.000014207.3340   13.1751
    7.5000  -30.0000  -15.000013502.7197   13.1818
   -7.5000  -22.5000  -15.000014361.6016   13.1015
    0.0000  -22.5000  -15.000014937.6211   13.1237
    7.5000  -22.5000  -15.000014189.8398   13.1289
   -7.5000  -15.0000  -15.000014974.1504   13.0488
    0.0000  -15.0000  -15.000015579.1592   13.0694
    7.5000  -15.0000  -15.000014790.4385   13.0737
   -7.5000   -7.5000  -15.000015539.1104   12.9980
    0.0000   -7.5000  -15.000016189.0693   13.0188
    7.5000   -7.5000  -15.000015348.0664   13.0240
   -7.5000    0.0000  -15.000015966.6807   12.9638
    0.0000    0.0000  -15.000016643.1758   12.9853
    7.5000    0.0000  -15.000015773.5068   12.9917
   -7.5000    7.5000  -15.000015078.1631   12.9976
    0.0000    7.5000  -15.000015720.4932   13.0202
    7.5000    7.5000  -15.000014897.4355   13.0266
   -7.5000   15.0000  -15.000014048.7988   13.0778
    0.0000   15.0000  -15.000014632.3486   13.1010
    7.5000   15.0000  -15.000013856.7070   13.1059
   -7.5000   22.5000  -15.000013006.6182   13.2036
    0.0000   22.5000  -15.000013534.0176   13.2266
    7.5000   22.5000  -15.000012834.7119   13.2317
   -7.5000   30.0000  -15.000011940.0400   13.1795
    0.0000   30.0000  -15.000012405.3418   13.2014
    7.5000   30.0000  -15.000011766.7930   13.2057
   -7.5000   37.5000  -15.000011356.7803   13.3372
    0.0000   37.5000  -15.000011792.3398   13.3601
    7.5000   37.5000  -15.000011196.0361   13.3643
   -7.5000   45.0000  -15.000010304.8398   13.2438
    0.0000   45.0000  -15.000010719.7432   13.2699
    7.5000   45.0000  -15.000010132.8291   13.2763
   -7.5000  -45.0000   -7.500012994.4658   13.3676
    0.0000  -45.0000   -7.500013506.9014   13.3839
    7.5000  -45.0000   -7.500012840.5449   13.3922
   -7.5000  -37.5000   -7.500013551.4648   13.3399
    0.0000  -37.5000   -7.500014097.2061   13.3564
    7.5000  -37.5000   -7.500013347.1377   13.3639
   -7.5000  -30.0000   -7.500014506.3428   13.2917
    0.0000  -30.0000   -7.500015103.6543   13.3090
    7.5000  -30.0000   -7.500014272.7090   13.3151
   -7.5000  -22.5000   -7.500015244.5762   13.2451
    0.0000  -22.5000   -7.500015869.3174   13.2624
    7.5000  -22.5000   -7.500015012.8291   13.2676
   -7.5000  -15.0000   -7.500015834.7471   13.1926
    0.0000  -15.0000   -7.500016472.4258   13.2092
    7.5000  -15.0000   -7.500015615.2158   13.2142
   -7.5000   -7.5000   -7.500016387.9824   13.1383
    0.0000   -7.5000   -7.500017071.9121   13.1535
    7.5000   -7.5000   -7.500016180.0684   13.1593
   -7.5000    0.0000   -7.500016824.4609   13.0998
    0.0000    0.0000   -7.500017528.3984   13.1140
    7.5000    0.0000   -7.500016584.4434   13.1203
   -7.5000    7.5000   -7.500015896.5488   13.1335
    0.0000    7.5000   -7.500016574.5898   13.1483
    7.5000    7.5000   -7.500015659.9004   13.1542
   -7.5000   15.0000   -7.500014785.0527   13.2174
    0.0000   15.0000   -7.500015413.9668   13.2337
    7.5000   15.0000   -7.500014558.4053   13.2381
   -7.5000   22.5000   -7.500013698.4424   13.3463
    0.0000   22.5000   -7.500014238.9668   13.3644
    7.5000   22.5000   -7.500013462.3115   13.3698
   -7.5000   30.0000   -7.500012575.4248   13.3251
    0.0000   30.0000   -7.500013073.2656   13.3428
    7.5000   30.0000   -7.500012354.6562   13.3476
   -7.5000   37.5000   -7.500011955.1230   13.4778
    0.0000   37.5000   -7.500012407.3350   13.4951
    7.5000   37.5000   -7.500011732.7988   13.5000
   -7.5000   45.0000   -7.500010817.5029   13.3832
    0.0000   45.0000   -7.500011229.7080   13.4017
    7.5000   45.0000   -7.500010599.3467   13.4069
   -7.5000  -45.0000    0.000013611.0664   13.3810
    0.0000  -45.0000    0.000014130.5742   13.3916
    7.5000  -45.0000    0.000013456.8770   13.4041
   -7.5000  -37.5000    0.000014162.3545   13.3537
    0.0000  -37.5000    0.000014721.6484   13.3636
    7.5000  -37.5000    0.000013988.7119   13.3734
   -7.5000  -30.0000    0.000015198.5703   13.3069
    0.0000  -30.0000    0.000015833.8779   13.3162
    7.5000  -30.0000    0.000014951.9297   13.3226
   -7.5000  -22.5000    0.000016082.1309   13.2603
    0.0000  -22.5000    0.000016763.8340   13.2701
    7.5000  -22.5000    0.000015800.5264   13.2756
   -7.5000  -15.0000    0.000016720.9668   13.2068
    0.0000  -15.0000    0.000017426.3672   13.2172
    7.5000  -15.0000    0.000016445.2207   13.2246
   -7.5000   -7.5000    0.000017269.4141   13.1514
    0.0000   -7.5000    0.000017995.2949   13.1611
    7.5000   -7.5000    0.000016976.8672   13.1709
   -7.5000    0.0000    0.000017693.2734   13.1127
    0.0000    0.0000    0.000018440.4609   13.1214
    7.5000    0.0000    0.000017357.2637   13.1317
   -7.5000    7.5000    0.000016745.5293   13.1474
    0.0000    7.5000    0.000017441.7520   13.1558
    7.5000    7.5000    0.000016406.1504   13.1640
   -7.5000   15.0000    0.000015564.7627   13.2326
    0.0000   15.0000    0.000016218.8750   13.2410
    7.5000   15.0000    0.000015224.1357   13.2457
   -7.5000   22.5000    0.000014365.2959   13.3612
    0.0000   22.5000    0.000014956.3584   13.3714
    7.5000   22.5000    0.000014074.4932   13.3770
   -7.5000   30.0000    0.000013192.0645   13.3394
    0.0000   30.0000    0.000013743.6104   13.3506
    7.5000   30.0000    0.000012927.3389   13.3573
   -7.5000   37.5000    0.000012530.3711   13.4892
    0.0000   37.5000    0.000013029.2158   13.5003
    7.5000   37.5000    0.000012263.1689   13.5089
   -7.5000   45.0000    0.000011304.1016   13.3970
    0.0000   45.0000    0.000011746.6768   13.4095
    7.5000   45.0000    0.000011046.1084   13.4173
   -7.5000  -45.0000    7.500013190.2520   13.4208
    0.0000  -45.0000    7.500013721.3428   13.4339
    7.5000  -45.0000    7.500013050.0234   13.4509
   -7.5000  -37.5000    7.500013702.1875   13.3972
    0.0000  -37.5000    7.500014242.3477   13.4091
    7.5000  -37.5000    7.500013573.8330   13.4219
   -7.5000  -30.0000    7.500014676.3516   13.3483
    0.0000  -30.0000    7.500015282.0889   13.3571
    7.5000  -30.0000    7.500014494.6172   13.3641
   -7.5000  -22.5000    7.500015671.3994   13.2976
    0.0000  -22.5000    7.500016383.5664   13.3052
    7.5000  -22.5000    7.500015347.6904   13.3106
   -7.5000  -15.0000    7.500016480.1387   13.2407
    0.0000  -15.0000    7.500017262.6055   13.2495
    7.5000  -15.0000    7.500016038.8457   13.2582
   -7.5000   -7.5000    7.500016981.5312   13.1870
    0.0000   -7.5000    7.500017728.8359   13.1972
    7.5000   -7.5000    7.500016526.3320   13.2106
   -7.5000    0.0000    7.500017262.0371   13.1528
    0.0000    0.0000    7.500017961.3242   13.1640
    7.5000    0.0000    7.500016836.2148   13.1786
   -7.5000    7.5000    7.500016275.3818   13.1901
    0.0000    7.5000    7.500016900.3867   13.2005
    7.5000    7.5000    7.500015901.7773   13.2114
   -7.5000   15.0000    7.500015106.0586   13.2742
    0.0000   15.0000    7.500015681.2266   13.2821
    7.5000   15.0000    7.500014774.8516   13.2873
   -7.5000   22.5000    7.500013917.4131   13.3990
    0.0000   22.5000    7.500014455.7881   13.4069
    7.5000   22.5000    7.500013639.9355   13.4119
   -7.5000   30.0000    7.500012770.2363   13.3732
    0.0000   30.0000    7.500013274.1211   13.3828
    7.5000   30.0000    7.500012548.4170   13.3906
   -7.5000   37.5000    7.500012104.9658   13.5283
    0.0000   37.5000    7.500012586.5938   13.5395
    7.5000   37.5000    7.500011882.4834   13.5508
   -7.5000   45.0000    7.500010875.5283   13.4420
    0.0000   45.0000    7.500011300.6270   13.4567
    7.5000   45.0000    7.500010645.0566   13.4687
   -7.5000  -45.0000   15.000012622.7295   13.4766
    0.0000  -45.0000   15.000013144.9561   13.4969
    7.5000  -45.0000   15.000012473.2314   13.5143
   -7.5000  -37.5000   15.000013114.4141   13.4545
    0.0000  -37.5000   15.000013667.1191   13.4741
    7.5000  -37.5000   15.000012982.7910   13.4876
   -7.5000  -30.0000   15.000014043.1055   13.4024
    0.0000  -30.0000   15.000014628.4736   13.4176
    7.5000  -30.0000   15.000013885.8135   13.4250
   -7.5000  -22.5000   15.000014982.8672   13.3481
    0.0000  -22.5000   15.000015651.1797   13.3598
    7.5000  -22.5000   15.000014715.5654   13.3648
   -7.5000  -15.0000   15.000015715.4678   13.2901
    0.0000  -15.0000   15.000016397.5703   13.3022
    7.5000  -15.0000   15.000015397.4902   13.3099
   -7.5000   -7.5000   15.000016134.8770   13.2390
    0.0000   -7.5000   15.000016794.3945   13.2544
    7.5000   -7.5000   15.000015867.0439   13.2672
   -7.5000    0.0000   15.000016404.2734   13.2089
    0.0000    0.0000   15.000017055.9512   13.2271
    7.5000    0.0000   15.000016156.8896   13.2421
   -7.5000    7.5000   15.000015478.4326   13.2468
    0.0000    7.5000   15.000016053.7520   13.2646
    7.5000    7.5000   15.000015215.5312   13.2763
   -7.5000   15.0000   15.000014409.3799   13.3283
    0.0000   15.0000   15.000014915.7344   13.3424
    7.5000   15.0000   15.000014116.4277   13.3478
   -7.5000   22.5000   15.000013291.4922   13.4506
    0.0000   22.5000   15.000013748.6904   13.4626
    7.5000   22.5000   15.000013017.3418   13.4667
   -7.5000   30.0000   15.000012166.6895   13.4224
    0.0000   30.0000   15.000012608.8809   13.4356
    7.5000   30.0000   15.000011945.8164   13.4425
   -7.5000   37.5000   15.000011523.9639   13.5842
    0.0000   37.5000   15.000011944.9014   13.6007
    7.5000   37.5000   15.000011317.5342   13.6112
   -7.5000   45.0000   15.000010351.2188   13.4992
    0.0000   45.0000   15.000010738.1943   13.5211
    7.5000   45.0000   15.000010166.1738   13.5346
   -7.5000  -45.0000   22.500011895.5117   13.5429
    0.0000  -45.0000   22.500012367.3584   13.5697
    7.5000  -45.0000   22.500011757.2441   13.5832
   -7.5000  -37.5000   22.500012360.9814   13.5193
    0.0000  -37.5000   22.500012855.7441   13.5463
    7.5000  -37.5000   22.500012229.1885   13.5581
   -7.5000  -30.0000   22.500013234.3857   13.4679
    0.0000  -30.0000   22.500013769.3350   13.4917
    7.5000  -30.0000   22.500013106.1279   13.4997
   -7.5000  -22.5000   22.500014148.9297   13.4141
    0.0000  -22.5000   22.500014748.4473   13.4342
    7.5000  -22.5000   22.500013947.3574   13.4396
   -7.5000  -15.0000   22.500014798.0430   13.3580
    0.0000  -15.0000   22.500015391.2861   13.3771
    7.5000  -15.0000   22.500014593.5068   13.3831
   -7.5000   -7.5000   22.500015187.3096   13.3076
    0.0000   -7.5000   22.500015759.7158   13.3293
    7.5000   -7.5000   22.500015017.1865   13.3385
   -7.5000    0.0000   22.500015501.9434   13.2764
    0.0000    0.0000   22.500016081.4609   13.3007
    7.5000    0.0000   22.500015290.7725   13.3120
   -7.5000    7.5000   22.500014643.9619   13.3114
    0.0000    7.5000   22.500015168.1719   13.3363
    7.5000    7.5000   22.500014404.3516   13.3463
   -7.5000   15.0000   22.500013613.2627   13.3903
    0.0000   15.0000   22.500014080.2676   13.4130
    7.5000   15.0000   22.500013380.4844   13.4190
   -7.5000   22.5000   22.500012569.8525   13.5129
    0.0000   22.5000   22.500012991.2041   13.5334
    7.5000   22.5000   22.500012323.7510   13.5383
   -7.5000   30.0000   22.500011505.4658   13.4854
    0.0000   30.0000   22.500011893.6006   13.5056
    7.5000   30.0000   22.500011296.7002   13.5115
   -7.5000   37.5000   22.500010884.5928   13.6490
    0.0000   37.5000   22.500011249.2754   13.6723
    7.5000   37.5000   22.500010671.7646   13.6797
   -7.5000   45.0000   22.5000 9752.0488   13.5598
    0.0000   45.0000   22.500010105.0049   13.5885
    7.5000   45.0000   22.5000 9590.8477   13.5996
   -7.5000  -45.0000   30.000011042.4980   13.6486
    0.0000  -45.0000   30.000011498.2607   13.6752
    7.5000  -45.0000   30.000010965.7227   13.6847
   -7.5000  -37.5000   30.000011488.9775   13.6248
    0.0000  -37.5000   30.000011920.3379   13.6523
    7.5000  -37.5000   30.000011404.6797   13.6614
   -7.5000  -30.0000   30.000012328.0879   13.5773
    0.0000  -30.0000   30.000012794.2295   13.6044
    7.5000  -30.0000   30.000012221.5020   13.6122
   -7.5000  -22.5000   30.000013186.3809   13.5258
    0.0000  -22.5000   30.000013706.5186   13.5506
    7.5000  -22.5000   30.000013026.9395   13.5568
   -7.5000  -15.0000   30.000013804.8320   13.4708
    0.0000  -15.0000   30.000014306.4814   13.4938
    7.5000  -15.0000   30.000013633.7275   13.4990
   -7.5000   -7.5000   30.000014211.5117   13.4180
    0.0000   -7.5000   30.000014711.8047   13.4412
    7.5000   -7.5000   30.000014038.6719   13.4474
   -7.5000    0.0000   30.000014502.5059   13.3824
    0.0000    0.0000   30.000015034.7715   13.4066
    7.5000    0.0000   30.000014313.4648   13.4140
   -7.5000    7.5000   30.000013697.2949   13.4156
    0.0000    7.5000   30.000014181.6602   13.4410
    7.5000    7.5000   30.000013472.7217   13.4484
   -7.5000   15.0000   30.000012741.9844   13.4957
    0.0000   15.0000   30.000013168.7031   13.5216
    7.5000   15.0000   30.000012523.0215   13.5275
   -7.5000   22.5000   30.000011757.7979   13.6214
    0.0000   22.5000   30.000012153.3682   13.6470
    7.5000   22.5000   30.000011538.4561   13.6531
   -7.5000   30.0000   30.000010766.2002   13.5954
    0.0000   30.0000   30.000011145.5117   13.6196
    7.5000   30.0000   30.000010587.5957   13.6249
   -7.5000   37.5000   30.000010160.8545   13.7556
    0.0000   37.5000   30.000010518.7568   13.7809
    7.5000   37.5000   30.0000 9989.9785   13.7860
   -7.5000   45.0000   30.0000 9092.6279   13.6609
    0.0000   45.0000   30.0000 9433.6182   13.6897
    7.5000   45.0000   30.0000 8958.8535   13.6972
   -7.5000  -45.0000   37.500010557.8242   13.8154
    0.0000  -45.0000   37.500010992.7480   13.8348
    7.5000  -45.0000   37.500010510.8320   13.8443
   -7.5000  -37.5000   37.500010989.6797   13.7908
    0.0000  -37.5000   37.500011424.8691   13.8104
    7.5000  -37.5000   37.500010939.0938   13.8190
   -7.5000  -30.0000   37.500011824.2725   13.7476
    0.0000  -30.0000   37.500012296.0830   13.7679
    7.5000  -30.0000   37.500011742.5811   13.7749
   -7.5000  -22.5000   37.500012653.1768   13.6997
    0.0000  -22.5000   37.500013150.3682   13.7198
    7.5000  -22.5000   37.500012522.3467   13.7259
   -7.5000  -15.0000   37.500013215.7939   13.6453
    0.0000  -15.0000   37.500013714.0996   13.6646
    7.5000  -15.0000   37.500013094.1465   13.6707
   -7.5000   -7.5000   37.500013637.5957   13.5885
    0.0000   -7.5000   37.500014126.1670   13.6066
    7.5000   -7.5000   37.500013492.5977   13.6135
   -7.5000    0.0000   37.500013935.4678   13.5475
    0.0000    0.0000   37.500014433.1318   13.5646
    7.5000    0.0000   37.500013786.0547   13.5721
   -7.5000    7.5000   37.500013157.4014   13.5790
    0.0000    7.5000   37.500013631.9277   13.5967
    7.5000    7.5000   37.500012983.2881   13.6036
   -7.5000   15.0000   37.500012218.1270   13.6620
    0.0000   15.0000   37.500012668.8604   13.6811
    7.5000   15.0000   37.500012062.2637   13.6863
   -7.5000   22.5000   37.500011278.6914   13.7929
    0.0000   22.5000   37.500011691.1738   13.8137
    7.5000   22.5000   37.500011119.2910   13.8201
   -7.5000   30.0000   37.500010392.4375   13.7692
    0.0000   30.0000   37.500010777.2393   13.7894
    7.5000   30.0000   37.500010231.4609   13.7953
   -7.5000   37.5000   37.5000 9818.0654   13.9241
    0.0000   37.5000   37.500010186.0674   13.9442
    7.5000   37.5000   37.5000 9674.0371   13.9503
   -7.5000   45.0000   37.5000 8772.7432   13.8258
    0.0000   45.0000   37.5000 9136.3799   13.8473
    7.5000   45.0000   37.5000 8664.1152   13.8537
   -7.5000  -45.0000   45.0000 9656.5566   14.0139
    0.0000  -45.0000   45.000010070.9707   14.0280
    7.5000  -45.0000   45.0000 9633.6172   14.0419
   -7.5000  -37.5000   45.000010079.3125   13.9913
    0.0000  -37.5000   45.000010494.2588   14.0046
    7.5000  -37.5000   45.000010034.1055   14.0159
   -7.5000  -30.0000   45.000010862.0205   13.9499
    0.0000  -30.0000   45.000011311.7422   13.9627
    7.5000  -30.0000   45.000010777.8301   13.9705
   -7.5000  -22.5000   45.000011588.0293   13.9001
    0.0000  -22.5000   45.000012060.8936   13.9134
    7.5000  -22.5000   45.000011472.7939   13.9205
   -7.5000  -15.0000   45.000012103.7568   13.8409
    0.0000  -15.0000   45.000012578.2832   13.8549
    7.5000  -15.0000   45.000011991.2666   13.8640
   -7.5000   -7.5000   45.000012478.3105   13.7818
    0.0000   -7.5000   45.000012949.7988   13.7950
    7.5000   -7.5000   45.000012370.7783   13.8064
   -7.5000    0.0000   45.000012779.6504   13.7415
    0.0000    0.0000   45.000013259.5830   13.7536
    7.5000    0.0000   45.000012668.3682   13.7652
   -7.5000    7.5000   45.000012063.6182   13.7754
    0.0000    7.5000   45.000012515.0195   13.7871
    7.5000    7.5000   45.000011940.5830   13.7965
   -7.5000   15.0000   45.000011205.8320   13.8608
    0.0000   15.0000   45.000011642.3359   13.8724
    7.5000   15.0000   45.000011097.4727   13.8784
   -7.5000   22.5000   45.000010361.2695   13.9918
    0.0000   22.5000   45.000010753.3369   14.0055
    7.5000   22.5000   45.000010246.2402   14.0127
   -7.5000   30.0000   45.0000 9543.1660   13.9646
    0.0000   30.0000   45.0000 9937.5439   13.9792
    7.5000   30.0000   45.0000 9430.0010   13.9876
   -7.5000   37.5000   45.0000 9045.9961   14.1199
    0.0000   37.5000   45.0000 9416.6758   14.1345
    7.5000   37.5000   45.0000 8940.7412   14.1446
   -7.5000   45.0000   45.0000 8114.8154   14.0345
    0.0000   45.0000   45.0000 8445.9717   14.0505
    7.5000   45.0000   45.0000 8025.8613   14.0596

---------------------------------------------------------------------
imgreg_4dfp /opt/freesurfer/average/711-2C_as_mni_average_305 /opt/freesurfer/average/711-2B_as_mni_average_305_mask talsrcimg_g11 none talsrcimg_to_711-2C_as_mni_average_305_t4 4355
---------------------------------------------------------------------

freesurfer imgreg_4dfp.c
/opt/freesurfer/average/711-2C_as_mni_average_305.4dfp.img
       256       256       256         1
  1.000000  1.000000  1.000000
orientation T byte_order littleendian
Reading image: /opt/freesurfer/average/711-2C_as_mni_average_305.4dfp.img
dimensions:      256       256       256
mmppix:       1.0000   -1.0000   -1.0000
center:     128.0000 -129.0000 -129.0000
/opt/freesurfer/average/711-2B_as_mni_average_305_mask.4dfp.img
       256       256       256         1
  1.000000  1.000000  1.000000
orientation T byte_order littleendian
Reading mask: /opt/freesurfer/average/711-2B_as_mni_average_305_mask.4dfp.img (2306576 pixels)
talsrcimg_g11.4dfp.img
       256       256       256         1
  1.000000  1.000000  1.000000
orientation T byte_order littleendian
Reading image: talsrcimg_g11.4dfp.img
dimensions:      256       256       256
mmppix:       1.0000   -1.0000   -1.0000
center:     128.0000 -129.0000 -129.0000
rotation matrix determinant  1.000000
image alignment mode   4355 decimal     1103 hex
   -7.5000  -45.0000  -45.0000 2264.5879   13.3260
    0.0000  -45.0000  -45.0000 2265.9624   13.3489
    7.5000  -45.0000  -45.0000 2248.5413   13.5277
   -7.5000  -37.5000  -45.0000 2318.3782   12.6145
    0.0000  -37.5000  -45.0000 2318.8203   12.6307
    7.5000  -37.5000  -45.0000 2298.6619   12.8150
   -7.5000  -30.0000  -45.0000 2349.2715   12.1349
    0.0000  -30.0000  -45.0000 2356.9211   12.1340
    7.5000  -30.0000  -45.0000 2326.6702   12.3102
   -7.5000  -22.5000  -45.0000 2367.5098   11.8259
    0.0000  -22.5000  -45.0000 2376.2524   11.8022
    7.5000  -22.5000  -45.0000 2348.4731   11.9851
   -7.5000  -15.0000  -45.0000 2367.6362   11.6907
    0.0000  -15.0000  -45.0000 2379.4434   11.6484
    7.5000  -15.0000  -45.0000 2353.6873   11.8276
   -7.5000   -7.5000  -45.0000 2356.7905   11.7719
    0.0000   -7.5000  -45.0000 2366.4443   11.7385
    7.5000   -7.5000  -45.0000 2342.4661   11.9197
   -7.5000    0.0000  -45.0000 2325.1128   12.0900
    0.0000    0.0000  -45.0000 2335.5522   12.0601
    7.5000    0.0000  -45.0000 2305.4470   12.2524
   -7.5000    7.5000  -45.0000 2263.3215   12.6110
    0.0000    7.5000  -45.0000 2273.1252   12.5906
    7.5000    7.5000  -45.0000 2245.5481   12.8031
   -7.5000   15.0000  -45.0000 2188.2866   13.3486
    0.0000   15.0000  -45.0000 2195.1106   13.3371
    7.5000   15.0000  -45.0000 2169.8850   13.5712
   -7.5000   22.5000  -45.0000 2104.2476   14.4349
    0.0000   22.5000  -45.0000 2111.7397   14.4341
    7.5000   22.5000  -45.0000 2084.7595   14.6751
   -7.5000   30.0000  -45.0000 2007.4906   15.9415
    0.0000   30.0000  -45.0000 2012.3170   15.9359
    7.5000   30.0000  -45.0000 1988.2920   16.1983
   -7.5000   37.5000  -45.0000 1907.7405   18.0239
    0.0000   37.5000  -45.0000 1914.5222   18.0197
    7.5000   37.5000  -45.0000 1888.2264   18.2899
   -7.5000   45.0000  -45.0000 1788.3494   20.7953
    0.0000   45.0000  -45.0000 1794.6141   20.7838
    7.5000   45.0000  -45.0000 1777.9453   21.1678
   -7.5000  -45.0000  -37.5000 2357.1433   12.4288
    0.0000  -45.0000  -37.5000 2364.1399   12.4196
    7.5000  -45.0000  -37.5000 2337.8386   12.5960
   -7.5000  -37.5000  -37.5000 2412.5156   11.7655
    0.0000  -37.5000  -37.5000 2417.6362   11.7740
    7.5000  -37.5000  -37.5000 2391.4529   11.9535
   -7.5000  -30.0000  -37.5000 2441.8748   11.3186
    0.0000  -30.0000  -37.5000 2449.7764   11.3106
    7.5000  -30.0000  -37.5000 2419.8049   11.5032
   -7.5000  -22.5000  -37.5000 2459.1631   11.0393
    0.0000  -22.5000  -37.5000 2470.4895   11.0132
    7.5000  -22.5000  -37.5000 2443.5527   11.1878
   -7.5000  -15.0000  -37.5000 2462.0593   10.9173
    0.0000  -15.0000  -37.5000 2475.4558   10.8718
    7.5000  -15.0000  -37.5000 2447.3540   11.0449
   -7.5000   -7.5000  -37.5000 2452.4553   10.9782
    0.0000   -7.5000  -37.5000 2464.9282   10.9290
    7.5000   -7.5000  -37.5000 2434.8503   11.1132
   -7.5000    0.0000  -37.5000 2418.7468   11.2315
    0.0000    0.0000  -37.5000 2431.1067   11.2081
    7.5000    0.0000  -37.5000 2399.6416   11.3801
   -7.5000    7.5000  -37.5000 2362.2397   11.6748
    0.0000    7.5000  -37.5000 2374.6553   11.6526
    7.5000    7.5000  -37.5000 2341.7920   11.8555
   -7.5000   15.0000  -37.5000 2283.0923   12.3315
    0.0000   15.0000  -37.5000 2292.6133   12.3041
    7.5000   15.0000  -37.5000 2264.0369   12.5151
   -7.5000   22.5000  -37.5000 2189.6921   13.2635
    0.0000   22.5000  -37.5000 2199.3982   13.2535
    7.5000   22.5000  -37.5000 2169.2869   13.4540
   -7.5000   30.0000  -37.5000 2084.8467   14.6061
    0.0000   30.0000  -37.5000 2092.7615   14.5942
    7.5000   30.0000  -37.5000 2067.3240   14.8406
   -7.5000   37.5000  -37.5000 1979.0396   16.4640
    0.0000   37.5000  -37.5000 1990.8247   16.4538
    7.5000   37.5000  -37.5000 1955.7039   16.7411
   -7.5000   45.0000  -37.5000 1858.8591   18.9456
    0.0000   45.0000  -37.5000 1867.3085   18.9928
    7.5000   45.0000  -37.5000 1844.2765   19.3294
   -7.5000  -45.0000  -30.0000 2491.5881   12.0054
    0.0000  -45.0000  -30.0000 2499.3286   11.9956
    7.5000  -45.0000  -30.0000 2470.8064   12.1676
   -7.5000  -37.5000  -30.0000 2546.1497   11.3714
    0.0000  -37.5000  -30.0000 2555.9302   11.3661
    7.5000  -37.5000  -30.0000 2526.1733   11.5416
   -7.5000  -30.0000  -30.0000 2578.3210   10.9450
    0.0000  -30.0000  -30.0000 2588.3979   10.9194
    7.5000  -30.0000  -30.0000 2560.0874   11.1165
   -7.5000  -22.5000  -30.0000 2597.9211   10.6721
    0.0000  -22.5000  -30.0000 2612.2410   10.6409
    7.5000  -22.5000  -30.0000 2583.0066   10.8129
   -7.5000  -15.0000  -30.0000 2603.8132   10.5457
    0.0000  -15.0000  -30.0000 2617.3604   10.5061
    7.5000  -15.0000  -30.0000 2589.8572   10.6776
   -7.5000   -7.5000  -30.0000 2596.3552   10.6114
    0.0000   -7.5000  -30.0000 2608.9932   10.5756
    7.5000   -7.5000  -30.0000 2576.0881   10.7500
   -7.5000    0.0000  -30.0000 2561.7390   10.8326
    0.0000    0.0000  -30.0000 2577.3569   10.8070
    7.5000    0.0000  -30.0000 2543.2163   10.9798
   -7.5000    7.5000  -30.0000 2507.6628   11.2169
    0.0000    7.5000  -30.0000 2518.5896   11.1752
    7.5000    7.5000  -30.0000 2483.6157   11.3840
   -7.5000   15.0000  -30.0000 2421.4917   11.8093
    0.0000   15.0000  -30.0000 2431.4204   11.7748
    7.5000   15.0000  -30.0000 2401.4260   11.9802
   -7.5000   22.5000  -30.0000 2319.0769   12.6667
    0.0000   22.5000  -30.0000 2332.1418   12.6216
    7.5000   22.5000  -30.0000 2304.6108   12.8358
   -7.5000   30.0000  -30.0000 2205.3250   13.8972
    0.0000   30.0000  -30.0000 2211.1946   13.8718
    7.5000   30.0000  -30.0000 2187.8250   14.1131
   -7.5000   37.5000  -30.0000 2085.8435   15.6258
    0.0000   37.5000  -30.0000 2095.1343   15.6038
    7.5000   37.5000  -30.0000 2067.3123   15.8747
   -7.5000   45.0000  -30.0000 1962.9395   17.9610
    0.0000   45.0000  -30.0000 1975.8138   17.9913
    7.5000   45.0000  -30.0000 1948.0341   18.2816
   -7.5000  -45.0000  -22.5000 2579.0347   11.5183
    0.0000  -45.0000  -22.5000 2588.3096   11.5004
    7.5000  -45.0000  -22.5000 2562.5876   11.6809
   -7.5000  -37.5000  -22.5000 2640.5676   10.9110
    0.0000  -37.5000  -22.5000 2649.1963   10.9011
    7.5000  -37.5000  -22.5000 2620.6914   11.0696
   -7.5000  -30.0000  -22.5000 2685.0156   10.4947
    0.0000  -30.0000  -22.5000 2698.7468   10.4604
    7.5000  -30.0000  -22.5000 2669.1187   10.6342
   -7.5000  -22.5000  -22.5000 2711.6851   10.2336
    0.0000  -22.5000  -22.5000 2722.8020   10.1918
    7.5000  -22.5000  -22.5000 2692.0559   10.3548
   -7.5000  -15.0000  -22.5000 2718.9934   10.1102
    0.0000  -15.0000  -22.5000 2726.7346   10.0749
    7.5000  -15.0000  -22.5000 2700.7466   10.2288
   -7.5000   -7.5000  -22.5000 2712.5090   10.1716
    0.0000   -7.5000  -22.5000 2726.2368   10.1413
    7.5000   -7.5000  -22.5000 2689.6064   10.3032
   -7.5000    0.0000  -22.5000 2680.3042   10.3606
    0.0000    0.0000  -22.5000 2696.3647   10.3428
    7.5000    0.0000  -22.5000 2657.4382   10.5144
   -7.5000    7.5000  -22.5000 2617.3083   10.7323
    0.0000    7.5000  -22.5000 2632.9312   10.7093
    7.5000    7.5000  -22.5000 2595.5044   10.9015
   -7.5000   15.0000  -22.5000 2529.8977   11.2681
    0.0000   15.0000  -22.5000 2541.6321   11.2376
    7.5000   15.0000  -22.5000 2511.1565   11.4256
   -7.5000   22.5000  -22.5000 2423.7241   12.0735
    0.0000   22.5000  -22.5000 2435.7781   12.0369
    7.5000   22.5000  -22.5000 2408.1079   12.2364
   -7.5000   30.0000  -22.5000 2303.8247   13.2577
    0.0000   30.0000  -22.5000 2313.9448   13.2099
    7.5000   30.0000  -22.5000 2284.8379   13.4347
   -7.5000   37.5000  -22.5000 2176.0544   14.8580
    0.0000   37.5000  -22.5000 2183.7288   14.8438
    7.5000   37.5000  -22.5000 2158.6643   15.0834
   -7.5000   45.0000  -22.5000 2046.8253   17.0385
    0.0000   45.0000  -22.5000 2057.2627   17.0466
    7.5000   45.0000  -22.5000 2028.0129   17.3175
   -7.5000  -45.0000  -15.0000 2634.1104   11.0441
    0.0000  -45.0000  -15.0000 2646.8994   11.0154
    7.5000  -45.0000  -15.0000 2620.1418   11.2009
   -7.5000  -37.5000  -15.0000 2702.4053   10.4516
    0.0000  -37.5000  -15.0000 2713.8552   10.4476
    7.5000  -37.5000  -15.0000 2682.4089   10.5918
   -7.5000  -30.0000  -15.0000 2754.5950   10.0405
    0.0000  -30.0000  -15.0000 2767.5217   10.0366
    7.5000  -30.0000  -15.0000 2735.7888   10.1933
   -7.5000  -22.5000  -15.0000 2787.1772    9.7882
    0.0000  -22.5000  -15.0000 2801.2236    9.7673
    7.5000  -22.5000  -15.0000 2762.9614    9.9312
   -7.5000  -15.0000  -15.0000 2803.9373    9.6671
    0.0000  -15.0000  -15.0000 2816.9172    9.6376
    7.5000  -15.0000  -15.0000 2780.3447    9.7941
   -7.5000   -7.5000  -15.0000 2799.2441    9.7211
    0.0000   -7.5000  -15.0000 2814.2688    9.6882
    7.5000   -7.5000  -15.0000 2776.2827    9.8460
   -7.5000    0.0000  -15.0000 2770.1208    9.9017
    0.0000    0.0000  -15.0000 2788.0645    9.8772
    7.5000    0.0000  -15.0000 2744.9526   10.0458
   -7.5000    7.5000  -15.0000 2703.1543   10.2647
    0.0000    7.5000  -15.0000 2722.2241   10.2432
    7.5000    7.5000  -15.0000 2678.4844   10.4291
   -7.5000   15.0000  -15.0000 2608.3650   10.7831
    0.0000   15.0000  -15.0000 2626.8381   10.7551
    7.5000   15.0000  -15.0000 2587.3101   10.9473
   -7.5000   22.5000  -15.0000 2498.0852   11.5391
    0.0000   22.5000  -15.0000 2509.8176   11.5169
    7.5000   22.5000  -15.0000 2477.9912   11.7250
   -7.5000   30.0000  -15.0000 2374.9595   12.6572
    0.0000   30.0000  -15.0000 2385.0225   12.6343
    7.5000   30.0000  -15.0000 2350.6733   12.8605
   -7.5000   37.5000  -15.0000 2237.6243   14.1704
    0.0000   37.5000  -15.0000 2247.1746   14.1535
    7.5000   37.5000  -15.0000 2220.5549   14.3899
   -7.5000   45.0000  -15.0000 2099.8140   16.1880
    0.0000   45.0000  -15.0000 2108.4832   16.1903
    7.5000   45.0000  -15.0000 2078.4905   16.4490
   -7.5000  -45.0000   -7.5000 2667.7717   10.6488
    0.0000  -45.0000   -7.5000 2681.3303   10.6020
    7.5000  -45.0000   -7.5000 2651.3933   10.8083
   -7.5000  -37.5000   -7.5000 2738.6619   10.0680
    0.0000  -37.5000   -7.5000 2752.5105   10.0516
    7.5000  -37.5000   -7.5000 2718.8787   10.2153
   -7.5000  -30.0000   -7.5000 2797.1824    9.6762
    0.0000  -30.0000   -7.5000 2812.2847    9.6654
    7.5000  -30.0000   -7.5000 2777.6077    9.8059
   -7.5000  -22.5000   -7.5000 2842.1487    9.4071
    0.0000  -22.5000   -7.5000 2860.1394    9.3838
    7.5000  -22.5000   -7.5000 2815.7124    9.5374
   -7.5000  -15.0000   -7.5000 2862.4971    9.2664
    0.0000  -15.0000   -7.5000 2880.4275    9.2334
    7.5000  -15.0000   -7.5000 2831.6748    9.4283
   -7.5000   -7.5000   -7.5000 2866.9829    9.3091
    0.0000   -7.5000   -7.5000 2887.0193    9.2690
    7.5000   -7.5000   -7.5000 2839.5093    9.4552
   -7.5000    0.0000   -7.5000 2839.2832    9.4982
    0.0000    0.0000   -7.5000 2860.6086    9.4611
    7.5000    0.0000   -7.5000 2807.4341    9.6544
   -7.5000    7.5000   -7.5000 2772.8372    9.8413
    0.0000    7.5000   -7.5000 2792.2236    9.8188
    7.5000    7.5000   -7.5000 2742.5400    9.9998
   -7.5000   15.0000   -7.5000 2667.3970   10.3767
    0.0000   15.0000   -7.5000 2688.1472   10.3606
    7.5000   15.0000   -7.5000 2642.1436   10.5462
   -7.5000   22.5000   -7.5000 2551.7771   11.1172
    0.0000   22.5000   -7.5000 2562.0454   11.0842
    7.5000   22.5000   -7.5000 2525.3582   11.2987
   -7.5000   30.0000   -7.5000 2422.6194   12.1878
    0.0000   30.0000   -7.5000 2434.8772   12.1438
    7.5000   30.0000   -7.5000 2400.9685   12.3838
   -7.5000   37.5000   -7.5000 2283.6404   13.6229
    0.0000   37.5000   -7.5000 2294.5581   13.6048
    7.5000   37.5000   -7.5000 2264.1658   13.8419
   -7.5000   45.0000   -7.5000 2139.6289   15.5087
    0.0000   45.0000   -7.5000 2147.3267   15.5128
    7.5000   45.0000   -7.5000 2117.5842   15.7889
   -7.5000  -45.0000    0.0000 2681.0505   10.4161
    0.0000  -45.0000    0.0000 2690.6470   10.3775
    7.5000  -45.0000    0.0000 2665.3940   10.6031
   -7.5000  -37.5000    0.0000 2755.2905    9.8211
    0.0000  -37.5000    0.0000 2767.1575    9.7827
    7.5000  -37.5000    0.0000 2738.3550    9.9888
   -7.5000  -30.0000    0.0000 2818.1616    9.4141
    0.0000  -30.0000    0.0000 2834.2007    9.3878
    7.5000  -30.0000    0.0000 2802.1631    9.5647
   -7.5000  -22.5000    0.0000 2871.8987    9.1930
    0.0000  -22.5000    0.0000 2895.1477    9.1559
    7.5000  -22.5000    0.0000 2853.1836    9.3112
   -7.5000  -15.0000    0.0000 2907.1880    9.0441
    0.0000  -15.0000    0.0000 2932.5112    9.0162
    7.5000  -15.0000    0.0000 2876.0208    9.1959
   -7.5000   -7.5000    0.0000 2917.1904    9.0405
    0.0000   -7.5000    0.0000 2940.1179    9.0340
    7.5000   -7.5000    0.0000 2883.7603    9.2150
   -7.5000    0.0000    0.0000 2884.1414    9.2292
    0.0000    0.0000    0.0000 2905.0740    9.2140
    7.5000    0.0000    0.0000 2847.7192    9.3894
   -7.5000    7.5000    0.0000 2815.5000    9.5788
    0.0000    7.5000    0.0000 2834.9438    9.5685
    7.5000    7.5000    0.0000 2782.5264    9.7457
   -7.5000   15.0000    0.0000 2706.2058   10.1309
    0.0000   15.0000    0.0000 2726.7944   10.1143
    7.5000   15.0000    0.0000 2678.5063   10.3009
   -7.5000   22.5000    0.0000 2583.0554   10.8911
    0.0000   22.5000    0.0000 2596.7471   10.8520
    7.5000   22.5000    0.0000 2560.0393   11.0479
   -7.5000   30.0000    0.0000 2450.2544   11.9251
    0.0000   30.0000    0.0000 2463.0957   11.8950
    7.5000   30.0000    0.0000 2430.3323   12.0911
   -7.5000   37.5000    0.0000 2311.3586   13.3163
    0.0000   37.5000    0.0000 2322.6501   13.3166
    7.5000   37.5000    0.0000 2295.3105   13.4982
   -7.5000   45.0000    0.0000 2161.4890   15.1149
    0.0000   45.0000    0.0000 2169.1465   15.1486
    7.5000   45.0000    0.0000 2143.4177   15.3724
   -7.5000  -45.0000    7.5000 2667.0400   10.3806
    0.0000  -45.0000    7.5000 2679.8489   10.3453
    7.5000  -45.0000    7.5000 2658.3838   10.5835
   -7.5000  -37.5000    7.5000 2744.7151    9.7531
    0.0000  -37.5000    7.5000 2757.9507    9.7075
    7.5000  -37.5000    7.5000 2735.5298    9.9274
   -7.5000  -30.0000    7.5000 2814.5286    9.3169
    0.0000  -30.0000    7.5000 2827.7542    9.2761
    7.5000  -30.0000    7.5000 2802.7834    9.4831
   -7.5000  -22.5000    7.5000 2879.3333    9.1061
    0.0000  -22.5000    7.5000 2901.0388    9.0780
    7.5000  -22.5000    7.5000 2862.4890    9.2200
   -7.5000  -15.0000    7.5000 2925.2979    9.0067
    0.0000  -15.0000    7.5000 2956.4319    8.9804
    7.5000  -15.0000    7.5000 2898.8997    9.0849
   -7.5000   -7.5000    7.5000 2938.0784    8.9858
    0.0000   -7.5000    7.5000 2969.6111    8.9654
    7.5000   -7.5000    7.5000 2904.5710    9.1096
   -7.5000    0.0000    7.5000 2901.2385    9.1202
    0.0000    0.0000    7.5000 2925.5518    9.1044
    7.5000    0.0000    7.5000 2867.0229    9.2814
   -7.5000    7.5000    7.5000 2831.6941    9.4595
    0.0000    7.5000    7.5000 2851.9939    9.4250
    7.5000    7.5000    7.5000 2802.7366    9.6497
   -7.5000   15.0000    7.5000 2721.7095   10.0156
    0.0000   15.0000    7.5000 2738.7046    9.9826
    7.5000   15.0000    7.5000 2698.7141   10.2069
   -7.5000   22.5000    7.5000 2589.9426   10.8043
    0.0000   22.5000    7.5000 2604.0850   10.7655
    7.5000   22.5000    7.5000 2572.2014   10.9684
   -7.5000   30.0000    7.5000 2458.9114   11.8158
    0.0000   30.0000    7.5000 2469.2827   11.7835
    7.5000   30.0000    7.5000 2442.6077   11.9761
   -7.5000   37.5000    7.5000 2324.3142   13.1769
    0.0000   37.5000    7.5000 2334.0581   13.1506
    7.5000   37.5000    7.5000 2305.4502   13.3692
   -7.5000   45.0000    7.5000 2169.3801   14.8985
    0.0000   45.0000    7.5000 2182.5046   14.9502
    7.5000   45.0000    7.5000 2152.5679   15.1621
   -7.5000  -45.0000   15.0000 2630.8933   10.5493
    0.0000  -45.0000   15.0000 2641.7029   10.5085
    7.5000  -45.0000   15.0000 2625.2029   10.7222
   -7.5000  -37.5000   15.0000 2707.4338    9.8645
    0.0000  -37.5000   15.0000 2723.3677    9.8394
    7.5000  -37.5000   15.0000 2702.3960   10.0533
   -7.5000  -30.0000   15.0000 2784.8638    9.3897
    0.0000  -30.0000   15.0000 2802.2151    9.3700
    7.5000  -30.0000   15.0000 2777.0432    9.5899
   -7.5000  -22.5000   15.0000 2859.0852    9.1645
    0.0000  -22.5000   15.0000 2880.7148    9.1222
    7.5000  -22.5000   15.0000 2840.5393    9.3204
   -7.5000  -15.0000   15.0000 2912.7864    9.0596
    0.0000  -15.0000   15.0000 2940.3027    9.0205
    7.5000  -15.0000   15.0000 2882.9077    9.1808
   -7.5000   -7.5000   15.0000 2925.6035    9.0308
    0.0000   -7.5000   15.0000 2955.8760    8.9795
    7.5000   -7.5000   15.0000 2892.8472    9.1965
   -7.5000    0.0000   15.0000 2887.7324    9.1854
    0.0000    0.0000   15.0000 2911.6873    9.1369
    7.5000    0.0000   15.0000 2855.1841    9.3710
   -7.5000    7.5000   15.0000 2814.3457    9.5376
    0.0000    7.5000   15.0000 2832.8145    9.5012
    7.5000    7.5000   15.0000 2788.6626    9.7355
   -7.5000   15.0000   15.0000 2710.1936   10.0997
    0.0000   15.0000   15.0000 2724.1218   10.0604
    7.5000   15.0000   15.0000 2685.6672   10.2815
   -7.5000   22.5000   15.0000 2580.2695   10.8935
    0.0000   22.5000   15.0000 2594.5298   10.8351
    7.5000   22.5000   15.0000 2564.7292   11.0360
   -7.5000   30.0000   15.0000 2445.2039   11.8923
    0.0000   30.0000   15.0000 2456.3403   11.8563
    7.5000   30.0000   15.0000 2436.0513   12.0346
   -7.5000   37.5000   15.0000 2313.4724   13.2044
    0.0000   37.5000   15.0000 2322.6233   13.1621
    7.5000   37.5000   15.0000 2300.1692   13.3737
   -7.5000   45.0000   15.0000 2161.3032   14.8659
    0.0000   45.0000   15.0000 2173.4795   14.8759
    7.5000   45.0000   15.0000 2145.0784   15.1008
   -7.5000  -45.0000   22.5000 2594.9724   10.7998
    0.0000  -45.0000   22.5000 2603.9351   10.7389
    7.5000  -45.0000   22.5000 2587.2263   10.9822
   -7.5000  -37.5000   22.5000 2669.2866   10.0736
    0.0000  -37.5000   22.5000 2684.9065   10.0231
    7.5000  -37.5000   22.5000 2663.3359   10.2671
   -7.5000  -30.0000   22.5000 2748.3284    9.5904
    0.0000  -30.0000   22.5000 2763.8206    9.5589
    7.5000  -30.0000   22.5000 2738.8643    9.7925
   -7.5000  -22.5000   22.5000 2820.5828    9.3646
    0.0000  -22.5000   22.5000 2842.3975    9.3215
    7.5000  -22.5000   22.5000 2806.7246    9.5412
   -7.5000  -15.0000   22.5000 2869.9470    9.2722
    0.0000  -15.0000   22.5000 2896.9915    9.2157
    7.5000  -15.0000   22.5000 2845.7322    9.4218
   -7.5000   -7.5000   22.5000 2886.2280    9.2289
    0.0000   -7.5000   22.5000 2910.4993    9.1534
    7.5000   -7.5000   22.5000 2856.0762    9.4168
   -7.5000    0.0000   22.5000 2854.9856    9.3886
    0.0000    0.0000   22.5000 2874.2668    9.3300
    7.5000    0.0000   22.5000 2824.1880    9.5783
   -7.5000    7.5000   22.5000 2781.8376    9.7869
    0.0000    7.5000   22.5000 2794.8955    9.7394
    7.5000    7.5000   22.5000 2755.9243    9.9574
   -7.5000   15.0000   22.5000 2673.7644   10.3658
    0.0000   15.0000   22.5000 2685.2314   10.3132
    7.5000   15.0000   22.5000 2657.7119   10.5281
   -7.5000   22.5000   22.5000 2559.0388   11.1320
    0.0000   22.5000   22.5000 2570.2671   11.0619
    7.5000   22.5000   22.5000 2540.3916   11.2653
   -7.5000   30.0000   22.5000 2419.2339   12.1361
    0.0000   30.0000   22.5000 2428.4385   12.0939
    7.5000   30.0000   22.5000 2408.5037   12.2740
   -7.5000   37.5000   22.5000 2287.3550   13.4135
    0.0000   37.5000   22.5000 2294.3379   13.3879
    7.5000   37.5000   22.5000 2272.9573   13.5646
   -7.5000   45.0000   22.5000 2134.2551   14.9932
    0.0000   45.0000   22.5000 2147.5667   14.9890
    7.5000   45.0000   22.5000 2122.7178   15.1872
   -7.5000  -45.0000   30.0000 2557.0117   11.1940
    0.0000  -45.0000   30.0000 2573.6846   11.1055
    7.5000  -45.0000   30.0000 2550.0234   11.3821
   -7.5000  -37.5000   30.0000 2630.1465   10.4553
    0.0000  -37.5000   30.0000 2643.8235   10.3885
    7.5000  -37.5000   30.0000 2618.7122   10.6464
   -7.5000  -30.0000   30.0000 2700.9094    9.9690
    0.0000  -30.0000   30.0000 2714.7349    9.9157
    7.5000  -30.0000   30.0000 2687.9868   10.1749
   -7.5000  -22.5000   30.0000 2768.7390    9.7524
    0.0000  -22.5000   30.0000 2782.2532    9.6977
    7.5000  -22.5000   30.0000 2751.8586    9.9187
   -7.5000  -15.0000   30.0000 2811.7776    9.6492
    0.0000  -15.0000   30.0000 2830.8284    9.5867
    7.5000  -15.0000   30.0000 2787.8511    9.8120
   -7.5000   -7.5000   30.0000 2821.8784    9.6251
    0.0000   -7.5000   30.0000 2838.5574    9.5433
    7.5000   -7.5000   30.0000 2794.6853    9.8063
   -7.5000    0.0000   30.0000 2783.9875    9.8209
    0.0000    0.0000   30.0000 2799.3450    9.7602
    7.5000    0.0000   30.0000 2762.8838    9.9943
   -7.5000    7.5000   30.0000 2716.9324   10.2116
    0.0000    7.5000   30.0000 2730.2661   10.1523
    7.5000    7.5000   30.0000 2698.0229   10.3637
   -7.5000   15.0000   30.0000 2622.9517   10.7683
    0.0000   15.0000   30.0000 2629.8726   10.7006
    7.5000   15.0000   30.0000 2604.5139   10.9052
   -7.5000   22.5000   30.0000 2515.3665   11.5109
    0.0000   22.5000   30.0000 2523.8813   11.4551
    7.5000   22.5000   30.0000 2495.8074   11.6528
   -7.5000   30.0000   30.0000 2389.0015   12.4799
    0.0000   30.0000   30.0000 2398.2595   12.4318
    7.5000   30.0000   30.0000 2372.2102   12.6374
   -7.5000   37.5000   30.0000 2251.0312   13.7587
    0.0000   37.5000   30.0000 2255.9329   13.7222
    7.5000   37.5000   30.0000 2236.3638   13.9049
   -7.5000   45.0000   30.0000 2098.3057   15.3574
    0.0000   45.0000   30.0000 2108.3171   15.3129
    7.5000   45.0000   30.0000 2090.8298   15.4877
   -7.5000  -45.0000   37.5000 2511.2888   11.7299
    0.0000  -45.0000   37.5000 2528.5291   11.6268
    7.5000  -45.0000   37.5000 2504.4304   11.9195
   -7.5000  -37.5000   37.5000 2581.4827   10.9956
    0.0000  -37.5000   37.5000 2598.3752   10.9154
    7.5000  -37.5000   37.5000 2569.5935   11.1750
   -7.5000  -30.0000   37.5000 2646.8115   10.5142
    0.0000  -30.0000   37.5000 2664.9011   10.4500
    7.5000  -30.0000   37.5000 2630.8738   10.7091
   -7.5000  -22.5000   37.5000 2703.5693   10.3009
    0.0000  -22.5000   37.5000 2720.3875   10.2368
    7.5000  -22.5000   37.5000 2686.0608   10.4558
   -7.5000  -15.0000   37.5000 2732.3523   10.1723
    0.0000  -15.0000   37.5000 2754.1658   10.1054
    7.5000  -15.0000   37.5000 2714.3801   10.3341
   -7.5000   -7.5000   37.5000 2736.3198   10.1787
    0.0000   -7.5000   37.5000 2751.6196   10.1059
    7.5000   -7.5000   37.5000 2715.1772   10.3350
   -7.5000    0.0000   37.5000 2699.1616   10.4008
    0.0000    0.0000   37.5000 2712.8647   10.3277
    7.5000    0.0000   37.5000 2684.0410   10.5375
   -7.5000    7.5000   37.5000 2638.5032   10.7825
    0.0000    7.5000   37.5000 2651.2822   10.7197
    7.5000    7.5000   37.5000 2623.6431   10.9131
   -7.5000   15.0000   37.5000 2555.9419   11.3046
    0.0000   15.0000   37.5000 2567.8896   11.2433
    7.5000   15.0000   37.5000 2540.0693   11.4460
   -7.5000   22.5000   37.5000 2460.1597   12.0164
    0.0000   22.5000   37.5000 2469.9897   11.9678
    7.5000   22.5000   37.5000 2442.4839   12.1730
   -7.5000   30.0000   37.5000 2350.1079   12.9659
    0.0000   30.0000   37.5000 2357.1760   12.9334
    7.5000   30.0000   37.5000 2331.0603   13.1153
   -7.5000   37.5000   37.5000 2212.7747   14.2305
    0.0000   37.5000   37.5000 2219.3945   14.2102
    7.5000   37.5000   37.5000 2201.1765   14.3918
   -7.5000   45.0000   37.5000 2059.8486   15.8116
    0.0000   45.0000   37.5000 2077.5237   15.8230
    7.5000   45.0000   37.5000 2052.2410   15.9913
   -7.5000  -45.0000   45.0000 2453.2788   12.4508
    0.0000  -45.0000   45.0000 2471.2463   12.3467
    7.5000  -45.0000   45.0000 2445.2625   12.6344
   -7.5000  -37.5000   45.0000 2521.7788   11.6731
    0.0000  -37.5000   45.0000 2541.1704   11.5845
    7.5000  -37.5000   45.0000 2507.2185   11.8587
   -7.5000  -30.0000   45.0000 2578.9868   11.1978
    0.0000  -30.0000   45.0000 2601.0994   11.1194
    7.5000  -30.0000   45.0000 2560.4514   11.3625
   -7.5000  -22.5000   45.0000 2625.4839   10.9719
    0.0000  -22.5000   45.0000 2647.5125   10.8973
    7.5000  -22.5000   45.0000 2606.8960   11.1078
   -7.5000  -15.0000   45.0000 2648.8433   10.8384
    0.0000  -15.0000   45.0000 2667.0227   10.7914
    7.5000  -15.0000   45.0000 2626.8188   10.9945
   -7.5000   -7.5000   45.0000 2640.9849   10.8840
    0.0000   -7.5000   45.0000 2654.8772   10.8240
    7.5000   -7.5000   45.0000 2622.9919   11.0269
   -7.5000    0.0000   45.0000 2607.1089   11.1126
    0.0000    0.0000   45.0000 2620.7163   11.0521
    7.5000    0.0000   45.0000 2596.1702   11.2457
   -7.5000    7.5000   45.0000 2550.0132   11.4721
    0.0000    7.5000   45.0000 2564.8140   11.4195
    7.5000    7.5000   45.0000 2541.5735   11.6100
   -7.5000   15.0000   45.0000 2471.5884   11.9891
    0.0000   15.0000   45.0000 2486.3889   11.9362
    7.5000   15.0000   45.0000 2463.5398   12.1270
   -7.5000   22.5000   45.0000 2392.0840   12.6567
    0.0000   22.5000   45.0000 2402.0667   12.6183
    7.5000   22.5000   45.0000 2377.4895   12.8263
   -7.5000   30.0000   45.0000 2295.8000   13.5808
    0.0000   30.0000   45.0000 2308.3589   13.5262
    7.5000   30.0000   45.0000 2276.0610   13.7303
   -7.5000   37.5000   45.0000 2166.5122   14.8713
    0.0000   37.5000   45.0000 2175.6980   14.8523
    7.5000   37.5000   45.0000 2151.3262   15.0343
   -7.5000   45.0000   45.0000 2022.9144   16.4805
    0.0000   45.0000   45.0000 2033.9850   16.5147
    7.5000   45.0000   45.0000 2014.7971   16.6653

---------------------------------------------------------------------
imgreg_4dfp /opt/freesurfer/average/711-2C_as_mni_average_305 /opt/freesurfer/average/711-2B_as_mni_average_305_mask talsrcimg_g11 none talsrcimg_to_711-2C_as_mni_average_305_t4 1283
---------------------------------------------------------------------

freesurfer imgreg_4dfp.c
/opt/freesurfer/average/711-2C_as_mni_average_305.4dfp.img
       256       256       256         1
  1.000000  1.000000  1.000000
orientation T byte_order littleendian
Reading image: /opt/freesurfer/average/711-2C_as_mni_average_305.4dfp.img
dimensions:      256       256       256
mmppix:       1.0000   -1.0000   -1.0000
center:     128.0000 -129.0000 -129.0000
/opt/freesurfer/average/711-2B_as_mni_average_305_mask.4dfp.img
       256       256       256         1
  1.000000  1.000000  1.000000
orientation T byte_order littleendian
Reading mask: /opt/freesurfer/average/711-2B_as_mni_average_305_mask.4dfp.img (2306576 pixels)
talsrcimg_g11.4dfp.img
       256       256       256         1
  1.000000  1.000000  1.000000
orientation T byte_order littleendian
Reading image: talsrcimg_g11.4dfp.img
dimensions:      256       256       256
mmppix:       1.0000   -1.0000   -1.0000
center:     128.0000 -129.0000 -129.0000
rotation matrix determinant  1.000000
fimgreg.f
image alignment mode   1283 decimal      503 hex
parameters
    0.0000   -7.5000    7.5000    0.0000    0.0000    0.0000
eta,q 0.92942  8.98471
niter,ni,del,rscale     5    3   12.0000    1.2000
parameter  2  0.537157 ->  0.500000 qaram    1.1500
parameter  4  8.180624 ->  0.500000 qaram    1.1500
parameters
   -1.2516  -10.9500    9.0675   -3.4500   -1.9132   -0.1237
eta,q 0.93532  8.94364
  0.0765  0.0692  0.0753  0.0623  0.0668  0.0680
  0.0722  0.0677  0.0703  0.0644  0.0656  0.0659
  0.0702  0.0681  0.0675  0.0666  0.0647  0.0648
  0.0706  0.0699  0.0677  0.0692  0.0650  0.0647
  0.0734  0.0714  0.0692  0.0703  0.0671  0.0654
  0.0779  0.0734  0.0694  0.0725  0.0688  0.0665
  0.0839  0.0781  0.0686  0.0759  0.0699  0.0678
niter,ni,del,rscale     6    3   12.0000    1.2000
parameter  4  9.594582 ->  0.500000 qaram    1.3225
parameters
   -0.8827   -8.2208    7.7748   -7.4175   -1.9642   -0.4307
eta,q 0.94525  8.86961
  0.0810  0.0792  0.0650  0.0525  0.0613  0.0607
  0.0729  0.0743  0.0624  0.0541  0.0581  0.0570
  0.0667  0.0686  0.0619  0.0574  0.0559  0.0549
  0.0647  0.0648  0.0636  0.0624  0.0548  0.0548
  0.0664  0.0636  0.0643  0.0669  0.0559  0.0562
  0.0709  0.0642  0.0645  0.0699  0.0585  0.0584
  0.0770  0.0673  0.0659  0.0730  0.0613  0.0613
niter,ni,del,rscale     6    3   12.0000    1.2000
parameter  4  1.052709 ->  0.500000 qaram    1.5209
parameters
   -0.7792   -7.5060    7.9442  -11.9801   -1.4936   -0.0404
eta,q 0.94872  8.91370
  0.0701  0.0717  0.0599  0.0501  0.0589  0.0566
  0.0622  0.0654  0.0559  0.0510  0.0550  0.0543
  0.0566  0.0584  0.0546  0.0522  0.0522  0.0524
  0.0547  0.0548  0.0549  0.0549  0.0513  0.0513
  0.0566  0.0570  0.0553  0.0596  0.0522  0.0517
  0.0619  0.0618  0.0563  0.0656  0.0542  0.0533
  0.0688  0.0661  0.0586  0.0701  0.0564  0.0556
niter,ni,del,rscale     6    3   12.0000    1.2000
parameter  4  0.577278 ->  0.500000 qaram    1.7490
parameters
   -1.0275   -5.9034    6.4701  -17.2272   -0.3646   -0.5365
eta,q 0.95357  8.96005
  0.0656  0.0685  0.0532  0.0485  0.0556  0.0507
  0.0577  0.0607  0.0492  0.0468  0.0515  0.0484
  0.0525  0.0558  0.0481  0.0467  0.0484  0.0468
  0.0513  0.0512  0.0495  0.0483  0.0467  0.0465
  0.0542  0.0496  0.0517  0.0541  0.0469  0.0476
  0.0602  0.0528  0.0544  0.0593  0.0487  0.0496
  0.0671  0.0583  0.0581  0.0646  0.0506  0.0522
niter,ni,del,rscale     6    3   12.0000    1.2000
parameters
   -1.5051   -4.1935    5.7949  -20.0322    0.1804   -0.9543
eta,q 0.95482  9.00536
  0.0598  0.0656  0.0503  0.0503  0.0536  0.0491
  0.0521  0.0566  0.0461  0.0455  0.0500  0.0474
  0.0473  0.0500  0.0452  0.0449  0.0469  0.0459
  0.0464  0.0462  0.0461  0.0457  0.0452  0.0451
  0.0500  0.0466  0.0473  0.0476  0.0461  0.0458
  0.0562  0.0496  0.0485  0.0534  0.0485  0.0478
  0.0635  0.0524  0.0514  0.0620  0.0510  0.0510
niter,ni,del,rscale     5    3   12.0000    1.2000
parameters
   -1.7569   -2.7836    4.8061  -21.0783    0.2940   -0.8483
eta,q 0.95659  8.99006
  0.0619  0.0599  0.0494  0.0548  0.0516  0.0486
  0.0531  0.0524  0.0453  0.0472  0.0477  0.0465
  0.0467  0.0474  0.0442  0.0426  0.0446  0.0445
  0.0452  0.0450  0.0447  0.0443  0.0434  0.0434
  0.0493  0.0449  0.0462  0.0474  0.0447  0.0438
  0.0560  0.0468  0.0490  0.0511  0.0476  0.0457
  0.0635  0.0511  0.0531  0.0585  0.0507  0.0488
niter,ni,del,rscale     4    3   12.0000    1.2000
parameters
   -1.7489   -2.7556    4.6483  -21.1726    0.2466   -0.7899
eta,q 0.95674  8.98697
  0.0625  0.0550  0.0516  0.0567  0.0510  0.0485
  0.0532  0.0492  0.0459  0.0494  0.0472  0.0463
  0.0458  0.0453  0.0432  0.0432  0.0442  0.0442
  0.0434  0.0434  0.0434  0.0433  0.0433  0.0433
  0.0469  0.0444  0.0446  0.0466  0.0447  0.0437
  0.0537  0.0484  0.0473  0.0496  0.0477  0.0456
  0.0616  0.0555  0.0516  0.0562  0.0509  0.0488
niter,ni,del,rscale     3    3   12.0000    1.2000
parameters
   -1.7291   -2.7552    4.6293  -21.1918    0.2037   -0.7658
eta,q 0.95676  8.98649
  0.0624  0.0549  0.0521  0.0568  0.0510  0.0485
  0.0531  0.0491  0.0461  0.0496  0.0472  0.0462
  0.0457  0.0452  0.0432  0.0433  0.0442  0.0442
  0.0433  0.0433  0.0433  0.0433  0.0432  0.0432
  0.0467  0.0443  0.0445  0.0465  0.0446  0.0437
  0.0535  0.0484  0.0470  0.0495  0.0477  0.0457
  0.0615  0.0556  0.0513  0.0560  0.0509  0.0489
registration optimization eta report
parameter search radius
    6.0000    6.9000    6.0000   10.4940    6.0000    6.0000
100000*second partial in parameter space
       50.       25.       24.       12.       21.       15.
  0.0624  0.0549  0.0521  0.0568  0.0510  0.0485
  0.0531  0.0491  0.0461  0.0496  0.0472  0.0462
  0.0457  0.0452  0.0432  0.0433  0.0442  0.0442
  0.0433  0.0433  0.0433  0.0433  0.0432  0.0432
  0.0467  0.0443  0.0445  0.0465  0.0446  0.0437
  0.0535  0.0484  0.0470  0.0495  0.0477  0.0457
  0.0615  0.0556  0.0513  0.0560  0.0509  0.0489
   -1.7291   -2.7552    4.6293  -21.1918    0.2037   -0.7658
eta,q 0.95676  8.98649

---------------------------------------------------------------------
imgreg_4dfp /opt/freesurfer/average/711-2C_as_mni_average_305 /opt/freesurfer/average/711-2B_as_mni_average_305_mask talsrcimg_g11 none talsrcimg_to_711-2C_as_mni_average_305_t4 3335
---------------------------------------------------------------------

freesurfer imgreg_4dfp.c
/opt/freesurfer/average/711-2C_as_mni_average_305.4dfp.img
       256       256       256         1
  1.000000  1.000000  1.000000
orientation T byte_order littleendian
Reading image: /opt/freesurfer/average/711-2C_as_mni_average_305.4dfp.img
dimensions:      256       256       256
mmppix:       1.0000   -1.0000   -1.0000
center:     128.0000 -129.0000 -129.0000
/opt/freesurfer/average/711-2B_as_mni_average_305_mask.4dfp.img
       256       256       256         1
  1.000000  1.000000  1.000000
orientation T byte_order littleendian
Reading mask: /opt/freesurfer/average/711-2B_as_mni_average_305_mask.4dfp.img (2306576 pixels)
talsrcimg_g11.4dfp.img
       256       256       256         1
  1.000000  1.000000  1.000000
orientation T byte_order littleendian
Reading image: talsrcimg_g11.4dfp.img
dimensions:      256       256       256
mmppix:       1.0000   -1.0000   -1.0000
center:     128.0000 -129.0000 -129.0000
fimgreg.f
image alignment mode   3335 decimal      D07 hex
parameters
   -1.7291   -2.7552    4.6293   -0.0096   -6.7725   -6.7631
    1.3746    0.1517   -1.3365   36.1504    0.3555  -36.1489
eta,q 0.95840  8.99779
niter,ni,del,rscale     5    3    5.0000    1.2000
parameter  4  0.550925 ->  0.500000 qaram    1.1500
parameter  5  2.884188 ->  0.500000 qaram    1.1500
parameter  6  0.745767 ->  0.500000 qaram    1.1500
parameter 10  0.784104 ->  0.500000 qaram    1.1500
parameters
   -1.7941   -2.6265    5.0892   -4.1496  -10.9125  -10.9031
    0.8870    0.2300   -1.1236   32.0104   -1.0182  -32.7599
eta,q 0.96602  8.31720
  0.0447  0.0438  0.0438  0.0411  0.0345  0.0356  0.0375  0.0389  0.0379  0.0344  0.0348  0.0363
  0.0429  0.0427  0.0427  0.0408  0.0364  0.0357  0.0365  0.0373  0.0368  0.0342  0.0344  0.0354
  0.0419  0.0419  0.0420  0.0409  0.0384  0.0363  0.0359  0.0362  0.0361  0.0347  0.0343  0.0347
  0.0416  0.0416  0.0416  0.0415  0.0408  0.0369  0.0358  0.0358  0.0358  0.0358  0.0343  0.0342
  0.0421  0.0417  0.0416  0.0430  0.0435  0.0376  0.0361  0.0361  0.0360  0.0375  0.0345  0.0340
  0.0432  0.0423  0.0419  0.0454  0.0466  0.0391  0.0369  0.0371  0.0366  0.0398  0.0348  0.0340
  0.0450  0.0434  0.0425  0.0486  0.0497  0.0420  0.0380  0.0389  0.0377  0.0424  0.0354  0.0343
niter,ni,del,rscale     7    3    5.0000    1.2000
parameter  5  1.798824 ->  0.500000 qaram    1.3225
parameters
   -1.4312   -2.7168    5.3022   -6.8524  -15.6735  -12.8181
    0.5046    0.4066   -1.3800   30.7048    0.1103  -30.9706
eta,q 0.96992  7.85732
  0.0376  0.0361  0.0358  0.0345  0.0290  0.0324  0.0322  0.0340  0.0324  0.0333  0.0310  0.0317
  0.0358  0.0348  0.0348  0.0340  0.0301  0.0312  0.0311  0.0322  0.0312  0.0314  0.0306  0.0310
  0.0346  0.0341  0.0342  0.0338  0.0318  0.0304  0.0305  0.0309  0.0305  0.0303  0.0303  0.0304
  0.0340  0.0339  0.0339  0.0339  0.0338  0.0305  0.0303  0.0303  0.0303  0.0303  0.0302  0.0301
  0.0340  0.0343  0.0340  0.0344  0.0362  0.0318  0.0307  0.0306  0.0306  0.0313  0.0302  0.0301
  0.0347  0.0351  0.0344  0.0356  0.0390  0.0332  0.0315  0.0319  0.0314  0.0332  0.0303  0.0303
  0.0360  0.0364  0.0352  0.0377  0.0423  0.0348  0.0326  0.0338  0.0327  0.0359  0.0306  0.0307
niter,ni,del,rscale     7    3    5.0000    1.2000
parameter  5  0.863904 ->  0.500000 qaram    1.5209
parameters
   -1.3654   -2.6302    4.7329   -7.3055  -21.1487  -13.3256
    0.5696    0.4861   -1.5706   31.1852    0.3768  -30.6643
eta,q 0.97184  7.56363
  0.0330  0.0328  0.0308  0.0314  0.0281  0.0312  0.0302  0.0318  0.0301  0.0330  0.0288  0.0291
  0.0314  0.0313  0.0303  0.0305  0.0281  0.0298  0.0292  0.0300  0.0290  0.0307  0.0285  0.0286
  0.0305  0.0304  0.0300  0.0301  0.0287  0.0287  0.0285  0.0287  0.0284  0.0290  0.0282  0.0283
  0.0301  0.0301  0.0301  0.0300  0.0300  0.0282  0.0282  0.0282  0.0282  0.0282  0.0282  0.0282
  0.0303  0.0303  0.0305  0.0301  0.0320  0.0287  0.0284  0.0286  0.0285  0.0284  0.0282  0.0283
  0.0312  0.0311  0.0312  0.0307  0.0345  0.0304  0.0291  0.0298  0.0292  0.0299  0.0284  0.0285
  0.0327  0.0324  0.0321  0.0318  0.0374  0.0320  0.0301  0.0317  0.0303  0.0322  0.0287  0.0289
niter,ni,del,rscale     7    3    5.0000    1.2000
parameters
   -1.3316   -2.3828    4.0898   -7.0745  -23.9178  -13.9264
    0.4410    0.6386   -1.7448   32.0846    0.6829  -31.0773
eta,q 0.97226  7.44159
  0.0309  0.0311  0.0288  0.0298  0.0300  0.0306  0.0297  0.0314  0.0298  0.0326  0.0284  0.0285
  0.0294  0.0296  0.0283  0.0287  0.0285  0.0293  0.0287  0.0296  0.0287  0.0304  0.0281  0.0280
  0.0285  0.0286  0.0281  0.0281  0.0278  0.0283  0.0280  0.0284  0.0280  0.0287  0.0278  0.0278
  0.0282  0.0282  0.0282  0.0280  0.0281  0.0278  0.0278  0.0278  0.0278  0.0278  0.0277  0.0277
  0.0284  0.0283  0.0285  0.0282  0.0291  0.0283  0.0281  0.0282  0.0281  0.0279  0.0278  0.0279
  0.0293  0.0290  0.0292  0.0287  0.0313  0.0299  0.0288  0.0294  0.0289  0.0290  0.0280  0.0282
  0.0308  0.0300  0.0301  0.0295  0.0340  0.0316  0.0298  0.0312  0.0299  0.0310  0.0283  0.0287
niter,ni,del,rscale     6    3    5.0000    1.2000
parameters
   -1.3212   -2.1852    3.6993   -7.2096  -24.5738  -14.4051
    0.3609    0.7044   -1.9027   32.6623    0.7752  -31.2726
eta,q 0.97231  7.40127
  0.0304  0.0305  0.0286  0.0294  0.0311  0.0305  0.0297  0.0312  0.0297  0.0320  0.0283  0.0285
  0.0289  0.0290  0.0280  0.0284  0.0293  0.0292  0.0286  0.0294  0.0286  0.0299  0.0280  0.0280
  0.0280  0.0281  0.0277  0.0278  0.0280  0.0282  0.0279  0.0282  0.0279  0.0284  0.0278  0.0277
  0.0277  0.0277  0.0277  0.0277  0.0277  0.0277  0.0277  0.0277  0.0277  0.0277  0.0277  0.0277
  0.0280  0.0279  0.0280  0.0280  0.0283  0.0281  0.0280  0.0281  0.0280  0.0279  0.0277  0.0278
  0.0289  0.0286  0.0285  0.0285  0.0297  0.0296  0.0287  0.0293  0.0287  0.0291  0.0279  0.0281
  0.0303  0.0296  0.0293  0.0294  0.0321  0.0313  0.0297  0.0311  0.0298  0.0311  0.0283  0.0286
niter,ni,del,rscale     5    3    5.0000    1.2000
parameters
   -1.3040   -2.0414    3.4376   -7.2632  -25.0015  -14.8265
    0.3180    0.7593   -1.9891   33.0838    0.7904  -31.3437
eta,q 0.97232  7.37367
  0.0303  0.0302  0.0286  0.0295  0.0311  0.0304  0.0297  0.0311  0.0296  0.0317  0.0283  0.0286
  0.0289  0.0288  0.0280  0.0284  0.0293  0.0292  0.0286  0.0294  0.0286  0.0297  0.0280  0.0280
  0.0280  0.0280  0.0277  0.0277  0.0281  0.0282  0.0279  0.0282  0.0279  0.0283  0.0278  0.0277
  0.0277  0.0277  0.0277  0.0277  0.0277  0.0277  0.0277  0.0277  0.0277  0.0277  0.0277  0.0277
  0.0280  0.0279  0.0279  0.0280  0.0282  0.0280  0.0280  0.0281  0.0280  0.0279  0.0277  0.0278
  0.0288  0.0286  0.0284  0.0285  0.0296  0.0295  0.0287  0.0292  0.0287  0.0291  0.0280  0.0281
  0.0302  0.0296  0.0291  0.0294  0.0319  0.0312  0.0297  0.0310  0.0297  0.0311  0.0283  0.0285
niter,ni,del,rscale     4    3    5.0000    1.2000
parameters
   -1.2875   -1.9150    3.2140   -7.3167  -25.3837  -15.2352
    0.2655    0.8108   -2.0448   33.4621    0.7719  -31.3826
eta,q 0.97232  7.34847
  0.0303  0.0301  0.0286  0.0295  0.0311  0.0303  0.0297  0.0310  0.0296  0.0315  0.0283  0.0286
  0.0289  0.0287  0.0280  0.0284  0.0294  0.0291  0.0286  0.0293  0.0286  0.0296  0.0280  0.0280
  0.0280  0.0279  0.0277  0.0277  0.0281  0.0282  0.0279  0.0281  0.0279  0.0283  0.0278  0.0277
  0.0277  0.0277  0.0277  0.0277  0.0277  0.0277  0.0277  0.0277  0.0277  0.0277  0.0277  0.0277
  0.0280  0.0279  0.0279  0.0280  0.0282  0.0280  0.0280  0.0281  0.0280  0.0279  0.0277  0.0278
  0.0288  0.0285  0.0283  0.0285  0.0295  0.0294  0.0287  0.0292  0.0286  0.0290  0.0280  0.0281
  0.0302  0.0295  0.0290  0.0294  0.0318  0.0311  0.0297  0.0310  0.0296  0.0310  0.0283  0.0285
niter,ni,del,rscale     3    3    5.0000    1.2000
parameters
   -1.2726   -1.7826    2.9890   -7.3784  -25.7932  -15.6728
    0.2124    0.8581   -2.1016   33.8687    0.7236  -31.3981
eta,q 0.97232  7.32158
  0.0302  0.0300  0.0285  0.0295  0.0310  0.0302  0.0297  0.0309  0.0296  0.0314  0.0283  0.0285
  0.0288  0.0287  0.0280  0.0284  0.0293  0.0291  0.0286  0.0293  0.0285  0.0295  0.0280  0.0280
  0.0280  0.0279  0.0277  0.0278  0.0281  0.0282  0.0279  0.0281  0.0279  0.0283  0.0278  0.0277
  0.0277  0.0277  0.0277  0.0277  0.0277  0.0277  0.0277  0.0277  0.0277  0.0277  0.0277  0.0277
  0.0280  0.0279  0.0279  0.0280  0.0282  0.0280  0.0280  0.0281  0.0280  0.0279  0.0278  0.0278
  0.0288  0.0285  0.0283  0.0286  0.0295  0.0293  0.0287  0.0292  0.0286  0.0289  0.0280  0.0281
  0.0302  0.0295  0.0290  0.0294  0.0318  0.0310  0.0297  0.0309  0.0296  0.0309  0.0284  0.0285
niter,ni,del,rscale     2    3    5.0000    1.2000
parameters
   -1.2554   -1.6266    2.7368   -7.4612  -26.2862  -16.1923
    0.1468    0.9130   -2.1462   34.3619    0.6040  -31.4230
eta,q 0.97232  7.29034
  0.0302  0.0300  0.0285  0.0296  0.0309  0.0300  0.0297  0.0309  0.0296  0.0313  0.0283  0.0285
  0.0288  0.0287  0.0280  0.0284  0.0293  0.0290  0.0286  0.0293  0.0285  0.0295  0.0280  0.0280
  0.0280  0.0279  0.0277  0.0278  0.0281  0.0281  0.0279  0.0281  0.0279  0.0283  0.0277  0.0277
  0.0277  0.0277  0.0277  0.0277  0.0277  0.0277  0.0277  0.0277  0.0277  0.0277  0.0277  0.0277
  0.0280  0.0279  0.0279  0.0280  0.0282  0.0280  0.0280  0.0281  0.0280  0.0278  0.0278  0.0278
  0.0288  0.0285  0.0283  0.0286  0.0295  0.0293  0.0287  0.0292  0.0286  0.0288  0.0280  0.0281
  0.0301  0.0294  0.0289  0.0295  0.0318  0.0310  0.0297  0.0308  0.0296  0.0307  0.0284  0.0285
niter,ni,del,rscale     1    3    5.0000    1.2000
parameters
   -1.2377   -1.4180    2.4176   -7.6042  -26.9306  -16.8525
    0.0464    0.9792   -2.1876   35.0078    0.4195  -31.3857
eta,q 0.97237  7.24910
  0.0302  0.0300  0.0284  0.0296  0.0308  0.0299  0.0297  0.0308  0.0296  0.0313  0.0283  0.0284
  0.0288  0.0287  0.0279  0.0284  0.0291  0.0288  0.0286  0.0292  0.0285  0.0296  0.0279  0.0279
  0.0279  0.0280  0.0277  0.0277  0.0280  0.0280  0.0279  0.0281  0.0279  0.0284  0.0277  0.0277
  0.0277  0.0277  0.0277  0.0277  0.0277  0.0277  0.0277  0.0277  0.0277  0.0277  0.0276  0.0276
  0.0280  0.0278  0.0279  0.0281  0.0282  0.0279  0.0280  0.0280  0.0280  0.0277  0.0277  0.0277
  0.0288  0.0284  0.0283  0.0287  0.0295  0.0292  0.0287  0.0291  0.0286  0.0286  0.0280  0.0280
  0.0301  0.0293  0.0289  0.0295  0.0318  0.0310  0.0297  0.0307  0.0296  0.0306  0.0284  0.0284
registration optimization eta report
parameter search radius
    2.4000    2.4000    2.4000    8.2800   10.9503    8.2800
    7.2000    7.2000    7.2000    8.2800    7.2000    7.2000
100000*second partial in parameter space
       43.       34.       17.        3.        3.        4.
        4.        6.        4.        5.        1.        1.
  0.0302  0.0300  0.0284  0.0296  0.0308  0.0299  0.0297  0.0308  0.0296  0.0313  0.0283  0.0284
  0.0288  0.0287  0.0279  0.0284  0.0291  0.0288  0.0286  0.0292  0.0285  0.0296  0.0279  0.0279
  0.0279  0.0280  0.0277  0.0277  0.0280  0.0280  0.0279  0.0281  0.0279  0.0284  0.0277  0.0277
  0.0277  0.0277  0.0277  0.0277  0.0277  0.0277  0.0277  0.0277  0.0277  0.0277  0.0276  0.0276
  0.0280  0.0278  0.0279  0.0281  0.0282  0.0279  0.0280  0.0280  0.0280  0.0277  0.0277  0.0277
  0.0288  0.0284  0.0283  0.0287  0.0295  0.0292  0.0287  0.0291  0.0286  0.0286  0.0280  0.0280
  0.0301  0.0293  0.0289  0.0295  0.0318  0.0310  0.0297  0.0307  0.0296  0.0306  0.0284  0.0284
   -1.2377   -1.4180    2.4176   -7.6042  -26.9306  -16.8525
    0.0464    0.9792   -2.1876   35.0078    0.4195  -31.3857
eta,q 0.97237  7.24910

---------------------------------------------------------------------
imgreg_4dfp /opt/freesurfer/average/711-2C_as_mni_average_305 /opt/freesurfer/average/711-2B_as_mni_average_305_mask talsrcimg_g11 none talsrcimg_to_711-2C_as_mni_average_305_t4 2311
---------------------------------------------------------------------

freesurfer imgreg_4dfp.c
/opt/freesurfer/average/711-2C_as_mni_average_305.4dfp.img
       256       256       256         1
  1.000000  1.000000  1.000000
orientation T byte_order littleendian
Reading image: /opt/freesurfer/average/711-2C_as_mni_average_305.4dfp.img
dimensions:      256       256       256
mmppix:       1.0000   -1.0000   -1.0000
center:     128.0000 -129.0000 -129.0000
/opt/freesurfer/average/711-2B_as_mni_average_305_mask.4dfp.img
       256       256       256         1
  1.000000  1.000000  1.000000
orientation T byte_order littleendian
Reading mask: /opt/freesurfer/average/711-2B_as_mni_average_305_mask.4dfp.img (2306576 pixels)
talsrcimg_g11.4dfp.img
       256       256       256         1
  1.000000  1.000000  1.000000
orientation T byte_order littleendian
Reading image: talsrcimg_g11.4dfp.img
dimensions:      256       256       256
mmppix:       1.0000   -1.0000   -1.0000
center:     128.0000 -129.0000 -129.0000
fimgreg.f
image alignment mode   2311 decimal      907 hex
parameters
   -1.2377   -1.4180    2.4176   -7.6042  -26.9306  -16.8525
    0.0464    0.9792   -2.1876   35.0078    0.4195  -31.3857
eta,q 0.97237  7.24910
niter,ni,del,rscale     5    3    5.0000    0.8000
parameters
   -1.2295   -1.1778    2.0254   -8.2697  -27.3341  -17.0230
   -0.1617    1.0699   -2.3039   36.0551   -0.0089  -32.2136
eta,q 0.97255  7.22622
  0.0287  0.0288  0.0278  0.0281  0.0282  0.0284  0.0284  0.0290  0.0284  0.0291  0.0277  0.0277
  0.0281  0.0282  0.0277  0.0277  0.0278  0.0280  0.0279  0.0283  0.0279  0.0284  0.0276  0.0275
  0.0277  0.0278  0.0276  0.0276  0.0276  0.0277  0.0276  0.0277  0.0276  0.0279  0.0275  0.0275
  0.0276  0.0276  0.0276  0.0276  0.0276  0.0276  0.0276  0.0276  0.0276  0.0275  0.0275  0.0275
  0.0278  0.0276  0.0277  0.0278  0.0277  0.0276  0.0277  0.0277  0.0277  0.0275  0.0275  0.0275
  0.0281  0.0279  0.0279  0.0281  0.0280  0.0280  0.0281  0.0282  0.0280  0.0277  0.0277  0.0277
  0.0287  0.0282  0.0282  0.0285  0.0285  0.0287  0.0286  0.0289  0.0284  0.0282  0.0279  0.0279
niter,ni,del,rscale     4    3    5.0000    0.7000
parameters
   -1.2091   -0.9049    1.7687   -8.6406  -28.2285  -17.3782
   -0.3272    1.1731   -2.3681   36.8765   -0.4569  -32.8891
eta,q 0.97269  7.18966
  0.0283  0.0284  0.0276  0.0280  0.0278  0.0280  0.0281  0.0285  0.0280  0.0286  0.0275  0.0275
  0.0278  0.0279  0.0275  0.0276  0.0275  0.0277  0.0277  0.0279  0.0277  0.0280  0.0274  0.0274
  0.0276  0.0276  0.0274  0.0274  0.0274  0.0275  0.0274  0.0275  0.0274  0.0276  0.0273  0.0273
  0.0274  0.0274  0.0274  0.0274  0.0274  0.0274  0.0274  0.0274  0.0274  0.0274  0.0273  0.0273
  0.0275  0.0274  0.0275  0.0276  0.0276  0.0275  0.0275  0.0275  0.0275  0.0273  0.0274  0.0274
  0.0278  0.0276  0.0276  0.0278  0.0279  0.0278  0.0278  0.0278  0.0277  0.0275  0.0275  0.0275
  0.0283  0.0279  0.0279  0.0281  0.0283  0.0283  0.0282  0.0284  0.0281  0.0280  0.0276  0.0276
niter,ni,del,rscale     3    3    5.0000    0.6000
parameters
   -1.1753   -0.6467    1.4787   -8.9355  -28.9156  -17.6125
   -0.5003    1.2770   -2.4450   37.4431   -0.9326  -33.6606
eta,q 0.97280  7.16482
  0.0280  0.0280  0.0274  0.0277  0.0276  0.0277  0.0278  0.0281  0.0277  0.0282  0.0274  0.0273
  0.0276  0.0277  0.0273  0.0275  0.0274  0.0275  0.0275  0.0276  0.0275  0.0277  0.0273  0.0272
  0.0274  0.0274  0.0273  0.0273  0.0273  0.0273  0.0273  0.0274  0.0273  0.0274  0.0272  0.0272
  0.0273  0.0273  0.0273  0.0273  0.0273  0.0273  0.0273  0.0273  0.0273  0.0273  0.0272  0.0272
  0.0274  0.0273  0.0274  0.0274  0.0274  0.0273  0.0273  0.0273  0.0273  0.0272  0.0273  0.0273
  0.0276  0.0274  0.0275  0.0276  0.0276  0.0275  0.0275  0.0276  0.0275  0.0274  0.0274  0.0274
  0.0279  0.0276  0.0277  0.0279  0.0279  0.0280  0.0279  0.0280  0.0278  0.0278  0.0275  0.0275
niter,ni,del,rscale     2    3    5.0000    0.5000
parameters
   -1.1350   -0.4933    1.3080   -9.1251  -29.3169  -17.6920
   -0.6459    1.3873   -2.5309   37.8161   -1.2544  -34.0826
eta,q 0.97284  7.15232
  0.0277  0.0277  0.0273  0.0275  0.0275  0.0276  0.0275  0.0278  0.0275  0.0278  0.0273  0.0273
  0.0274  0.0274  0.0272  0.0273  0.0273  0.0274  0.0273  0.0275  0.0273  0.0275  0.0272  0.0272
  0.0273  0.0273  0.0272  0.0272  0.0272  0.0272  0.0272  0.0273  0.0272  0.0273  0.0272  0.0272
  0.0272  0.0272  0.0272  0.0272  0.0272  0.0272  0.0272  0.0272  0.0272  0.0272  0.0272  0.0272
  0.0272  0.0272  0.0272  0.0273  0.0273  0.0272  0.0273  0.0272  0.0272  0.0272  0.0272  0.0272
  0.0274  0.0273  0.0273  0.0274  0.0274  0.0274  0.0274  0.0274  0.0274  0.0273  0.0273  0.0273
  0.0276  0.0275  0.0274  0.0276  0.0276  0.0277  0.0276  0.0277  0.0275  0.0276  0.0274  0.0274
niter,ni,del,rscale     1    3    5.0000    0.4000
parameters
   -1.0945   -0.3957    1.2437   -9.2404  -29.5345  -17.6747
   -0.7506    1.4660   -2.5456   38.0111   -1.4059  -34.3334
eta,q 0.97285  7.14732
  0.0275  0.0275  0.0273  0.0274  0.0274  0.0274  0.0274  0.0275  0.0274  0.0275  0.0273  0.0272
  0.0273  0.0273  0.0272  0.0273  0.0272  0.0273  0.0273  0.0273  0.0273  0.0273  0.0272  0.0272
  0.0272  0.0272  0.0272  0.0272  0.0272  0.0272  0.0272  0.0272  0.0272  0.0272  0.0272  0.0272
  0.0272  0.0272  0.0272  0.0272  0.0272  0.0272  0.0272  0.0272  0.0272  0.0272  0.0272  0.0272
  0.0272  0.0272  0.0272  0.0272  0.0272  0.0272  0.0272  0.0272  0.0272  0.0272  0.0272  0.0272
  0.0273  0.0272  0.0272  0.0273  0.0273  0.0273  0.0273  0.0273  0.0273  0.0273  0.0272  0.0272
  0.0274  0.0273  0.0273  0.0274  0.0274  0.0275  0.0274  0.0275  0.0274  0.0274  0.0273  0.0273
registration optimization eta report
parameter search radius
    0.8000    0.8000    0.8000    2.4000    2.4000    2.4000
    2.4000    2.4000    2.4000    2.4000    2.4000    2.4000
100000*second partial in parameter space
       43.       36.       20.        4.        4.        5.
        4.        6.        4.        6.        2.        2.
  0.0275  0.0275  0.0273  0.0274  0.0274  0.0274  0.0274  0.0275  0.0274  0.0275  0.0273  0.0272
  0.0273  0.0273  0.0272  0.0273  0.0272  0.0273  0.0273  0.0273  0.0273  0.0273  0.0272  0.0272
  0.0272  0.0272  0.0272  0.0272  0.0272  0.0272  0.0272  0.0272  0.0272  0.0272  0.0272  0.0272
  0.0272  0.0272  0.0272  0.0272  0.0272  0.0272  0.0272  0.0272  0.0272  0.0272  0.0272  0.0272
  0.0272  0.0272  0.0272  0.0272  0.0272  0.0272  0.0272  0.0272  0.0272  0.0272  0.0272  0.0272
  0.0273  0.0272  0.0272  0.0273  0.0273  0.0273  0.0273  0.0273  0.0273  0.0273  0.0272  0.0272
  0.0274  0.0273  0.0273  0.0274  0.0274  0.0275  0.0274  0.0275  0.0274  0.0274  0.0273  0.0273
   -1.0945   -0.3957    1.2437   -9.2404  -29.5345  -17.6747
   -0.7506    1.4660   -2.5456   38.0111   -1.4059  -34.3334
eta,q 0.97285  7.14732

---------------------------------------------------------------------
imgreg_4dfp /opt/freesurfer/average/711-2C_as_mni_average_305 /opt/freesurfer/average/711-2B_as_mni_average_305_mask talsrcimg_g11 none talsrcimg_to_711-2C_as_mni_average_305_t4 2311
---------------------------------------------------------------------

freesurfer imgreg_4dfp.c
/opt/freesurfer/average/711-2C_as_mni_average_305.4dfp.img
       256       256       256         1
  1.000000  1.000000  1.000000
orientation T byte_order littleendian
Reading image: /opt/freesurfer/average/711-2C_as_mni_average_305.4dfp.img
dimensions:      256       256       256
mmppix:       1.0000   -1.0000   -1.0000
center:     128.0000 -129.0000 -129.0000
/opt/freesurfer/average/711-2B_as_mni_average_305_mask.4dfp.img
       256       256       256         1
  1.000000  1.000000  1.000000
orientation T byte_order littleendian
Reading mask: /opt/freesurfer/average/711-2B_as_mni_average_305_mask.4dfp.img (2306576 pixels)
talsrcimg_g11.4dfp.img
       256       256       256         1
  1.000000  1.000000  1.000000
orientation T byte_order littleendian
Reading image: talsrcimg_g11.4dfp.img
dimensions:      256       256       256
mmppix:       1.0000   -1.0000   -1.0000
center:     128.0000 -129.0000 -129.0000
fimgreg.f
image alignment mode   2311 decimal      907 hex
parameters
   -1.0945   -0.3957    1.2437   -9.2404  -29.5345  -17.6747
   -0.7506    1.4660   -2.5456   38.0111   -1.4059  -34.3334
eta,q 0.97285  7.14732
niter,ni,del,rscale     5    3    5.0000    0.8000
parameters
   -1.0574   -0.3189    1.2216   -9.1796  -29.7132  -18.1178
   -0.7847    1.5289   -2.5007   38.0023   -1.2650  -33.9512
eta,q 0.97283  7.12872
  0.0283  0.0282  0.0276  0.0281  0.0280  0.0281  0.0281  0.0287  0.0281  0.0285  0.0276  0.0277
  0.0277  0.0276  0.0274  0.0276  0.0275  0.0276  0.0276  0.0278  0.0276  0.0278  0.0274  0.0274
  0.0273  0.0273  0.0272  0.0273  0.0272  0.0273  0.0273  0.0273  0.0273  0.0274  0.0272  0.0272
  0.0272  0.0272  0.0272  0.0271  0.0272  0.0272  0.0272  0.0272  0.0272  0.0272  0.0272  0.0272
  0.0273  0.0272  0.0272  0.0273  0.0273  0.0273  0.0273  0.0273  0.0273  0.0273  0.0272  0.0272
  0.0276  0.0275  0.0274  0.0276  0.0276  0.0278  0.0276  0.0278  0.0276  0.0277  0.0274  0.0273
  0.0282  0.0280  0.0277  0.0280  0.0281  0.0286  0.0282  0.0286  0.0280  0.0285  0.0276  0.0275
niter,ni,del,rscale     4    3    5.0000    0.7000
parameters
   -1.0369   -0.3059    1.1068   -9.1152  -29.6541  -18.1356
   -0.8055    1.5420   -2.5021   37.9915   -1.3439  -34.0449
eta,q 0.97283  7.13301
  0.0280  0.0279  0.0275  0.0279  0.0279  0.0279  0.0279  0.0283  0.0278  0.0282  0.0275  0.0275
  0.0276  0.0275  0.0273  0.0275  0.0275  0.0276  0.0275  0.0277  0.0275  0.0276  0.0273  0.0273
  0.0273  0.0272  0.0272  0.0273  0.0273  0.0273  0.0272  0.0273  0.0272  0.0273  0.0272  0.0272
  0.0272  0.0272  0.0272  0.0272  0.0272  0.0272  0.0272  0.0272  0.0272  0.0272  0.0272  0.0272
  0.0273  0.0273  0.0272  0.0273  0.0272  0.0272  0.0273  0.0273  0.0272  0.0273  0.0272  0.0272
  0.0275  0.0275  0.0274  0.0275  0.0275  0.0275  0.0275  0.0277  0.0275  0.0276  0.0273  0.0273
  0.0280  0.0278  0.0276  0.0278  0.0278  0.0281  0.0279  0.0283  0.0278  0.0282  0.0275  0.0275
niter,ni,del,rscale     3    3    5.0000    0.6000
parameters
   -1.0390   -0.3254    1.0942   -9.1615  -29.6318  -18.0450
   -0.8250    1.5505   -2.5224   38.0232   -1.4155  -34.1696
eta,q 0.97284  7.13612
  0.0278  0.0277  0.0274  0.0277  0.0277  0.0278  0.0277  0.0280  0.0277  0.0279  0.0274  0.0274
  0.0274  0.0274  0.0273  0.0274  0.0274  0.0275  0.0274  0.0275  0.0274  0.0275  0.0273  0.0272
  0.0272  0.0272  0.0272  0.0272  0.0272  0.0273  0.0272  0.0272  0.0272  0.0273  0.0272  0.0272
  0.0272  0.0272  0.0272  0.0272  0.0272  0.0272  0.0272  0.0272  0.0272  0.0272  0.0272  0.0272
  0.0272  0.0272  0.0272  0.0272  0.0272  0.0272  0.0272  0.0273  0.0272  0.0272  0.0272  0.0272
  0.0274  0.0274  0.0273  0.0274  0.0274  0.0274  0.0274  0.0275  0.0274  0.0275  0.0273  0.0273
  0.0278  0.0277  0.0274  0.0277  0.0277  0.0278  0.0277  0.0280  0.0277  0.0279  0.0274  0.0274
niter,ni,del,rscale     2    3    5.0000    0.5000
parameters
   -1.0387   -0.3300    1.1200   -9.2297  -29.6339  -17.9076
   -0.8451    1.5497   -2.5297   38.0636   -1.4495  -34.3196
eta,q 0.97285  7.13938
  0.0276  0.0275  0.0274  0.0275  0.0275  0.0276  0.0275  0.0277  0.0275  0.0277  0.0273  0.0273
  0.0273  0.0273  0.0273  0.0273  0.0273  0.0274  0.0273  0.0274  0.0273  0.0274  0.0272  0.0272
  0.0272  0.0272  0.0272  0.0272  0.0272  0.0272  0.0272  0.0272  0.0272  0.0272  0.0272  0.0272
  0.0272  0.0272  0.0272  0.0272  0.0272  0.0272  0.0272  0.0272  0.0272  0.0272  0.0272  0.0272
  0.0272  0.0272  0.0272  0.0272  0.0272  0.0272  0.0272  0.0272  0.0272  0.0272  0.0272  0.0272
  0.0273  0.0273  0.0272  0.0274  0.0273  0.0273  0.0273  0.0274  0.0273  0.0274  0.0272  0.0272
  0.0276  0.0275  0.0273  0.0276  0.0275  0.0276  0.0276  0.0277  0.0275  0.0277  0.0273  0.0273
niter,ni,del,rscale     1    3    5.0000    0.4000
parameters
   -1.0367   -0.3321    1.1524   -9.2716  -29.6462  -17.7688
   -0.8728    1.5549   -2.5419   38.1177   -1.4827  -34.4209
eta,q 0.97286  7.14301
  0.0274  0.0274  0.0273  0.0274  0.0274  0.0274  0.0274  0.0275  0.0274  0.0275  0.0273  0.0273
  0.0273  0.0273  0.0272  0.0273  0.0273  0.0273  0.0273  0.0273  0.0272  0.0273  0.0272  0.0272
  0.0272  0.0272  0.0272  0.0272  0.0272  0.0272  0.0272  0.0272  0.0272  0.0272  0.0272  0.0272
  0.0272  0.0272  0.0271  0.0272  0.0272  0.0272  0.0271  0.0271  0.0271  0.0271  0.0271  0.0271
  0.0272  0.0272  0.0272  0.0272  0.0272  0.0272  0.0272  0.0272  0.0272  0.0272  0.0272  0.0272
  0.0273  0.0273  0.0272  0.0273  0.0273  0.0272  0.0273  0.0273  0.0272  0.0273  0.0272  0.0272
  0.0274  0.0274  0.0273  0.0274  0.0274  0.0274  0.0274  0.0275  0.0274  0.0275  0.0273  0.0273
registration optimization eta report
parameter search radius
    0.8000    0.8000    0.8000    2.4000    2.4000    2.4000
    2.4000    2.4000    2.4000    2.4000    2.4000    2.4000
100000*second partial in parameter space
       42.       36.       20.        4.        4.        5.
        4.        6.        4.        6.        2.        2.
  0.0274  0.0274  0.0273  0.0274  0.0274  0.0274  0.0274  0.0275  0.0274  0.0275  0.0273  0.0273
  0.0273  0.0273  0.0272  0.0273  0.0273  0.0273  0.0273  0.0273  0.0272  0.0273  0.0272  0.0272
  0.0272  0.0272  0.0272  0.0272  0.0272  0.0272  0.0272  0.0272  0.0272  0.0272  0.0272  0.0272
  0.0272  0.0272  0.0271  0.0272  0.0272  0.0272  0.0271  0.0271  0.0271  0.0271  0.0271  0.0271
  0.0272  0.0272  0.0272  0.0272  0.0272  0.0272  0.0272  0.0272  0.0272  0.0272  0.0272  0.0272
  0.0273  0.0273  0.0272  0.0273  0.0273  0.0272  0.0273  0.0273  0.0272  0.0273  0.0272  0.0272
  0.0274  0.0274  0.0273  0.0274  0.0274  0.0274  0.0274  0.0275  0.0274  0.0275  0.0273  0.0273
   -1.0367   -0.3321    1.1524   -9.2716  -29.6462  -17.7688
   -0.8728    1.5549   -2.5419   38.1177   -1.4827  -34.4209
eta,q 0.97286  7.14301

---------------------------------------------------------------------
compute_vox2vox talsrcimg talsrcimg_to_711-2C_as_mni_average_305_t4 /opt/freesurfer/average/711-2C_as_mni_average_305
---------------------------------------------------------------------

freesurfer compute_vox2vox.c
Reading: talsrcimg.4dfp.ifh
Reading: talsrcimg_to_711-2C_as_mni_average_305_t4
Reading: /opt/freesurfer/average/711-2C_as_mni_average_305.4dfp.ifh
Writing: talsrcimg_to_711-2C_as_mni_average_305_t4_vox2vox.txt

start time Sun Mar 8 16:14:59 CET 2026
end		time Sun Mar 8 16:15:14 CET 2026

mpr2mni305 success

avi2talxfm orig_nu.mgz /opt/freesurfer/average/mni305.cor.mgz talsrcimg_to_711-2C_as_mni_average_305_t4_vox2vox.txt transforms/talairach.auto.xfm
avi2talxfm done
mv -f /out/sourcedata/freesurfer/sub-v1s13x0050030_ses-1/mri/talsrcimg_to_711-2C_as_mni_average_305_t4_vox2vox.txt /out/sourcedata/freesurfer/sub-v1s13x0050030_ses-1/mri/transforms/talsrcimg_to_711-2C_as_mni_average_305_t4_vox2vox.txt
lta_convert --src orig_nu.mgz --trg /opt/freesurfer/average/mni305.cor.mgz --inxfm transforms/talairach.auto.xfm --outlta transforms/talairach.auto.xfm.lta --subject fsaverage
7.3.2

--src: orig_nu.mgz src image (geometry).
--trg: /opt/freesurfer/average/mni305.cor.mgz trg image (geometry).
--inmni: transforms/talairach.auto.xfm input MNI/XFM transform.
--outlta: transforms/talairach.auto.xfm.lta output LTA.
--s: fsaverage subject name
 LTA read, type : 1
 1.10191  -0.02215   0.00283   1.42725;
 0.02978   0.99067   0.48506   4.05963;
 0.02368  -0.53755   1.15868   15.52151;
 0.00000   0.00000   0.00000   1.00000;
setting subject to fsaverage
Writing  LTA to file transforms/talairach.auto.xfm.lta...
lta_convert successful.
 
 
Started at Sun Mar 8 16:14:59 CET 2026
Ended   at Sun Mar  8 16:15:14 CET 2026
talairach_avi done
