/out/sourcedata/freesurfer/sub-v1s13x0050034_ses-1/mri
/opt/freesurfer/bin/talairach_avi
--i orig_nu.mgz --xfm transforms/talairach.auto.xfm
talairach_avi 7.3.2
Linux dna009 5.14.0-427.37.1.el9_4.x86_64 #1 SMP PREEMPT_DYNAMIC Fri Sep 13 12:41:50 EDT 2024 x86_64 x86_64 x86_64 GNU/Linux
Sun Mar  8 16:26:39 CET 2026
mri_convert orig_nu.mgz talsrcimg.img 
reading from orig_nu.mgz...
TR=0.00, TE=0.00, TI=0.00, flip angle=0.00
i_ras = (-1, 0, 0)
j_ras = (0, 0, -1)
k_ras = (0, 1, 0)
writing to talsrcimg.img...
Analyze Output Matrix
-1.00000   0.00000   0.00000   129.52499;
 0.00000   0.00000   1.00000  -127.94919;
 0.00000  -1.00000   0.00000   114.79652;
 0.00000   0.00000   0.00000   1.00000;
--------------------
INFO: set hdr.hist.orient to -1
mpr2mni305 talsrcimg
Sun Mar  8 16:26:40 CET 2026
/opt/freesurfer/bin/mpr2mni305 talsrcimg
mpr2mni305 7.3.2
target=711-2C_as_mni_average_305

---------------------------------------------------------------------
analyzeto4dfp talsrcimg -O0 -y
---------------------------------------------------------------------

freesurfer ifh2hdr.c
Sun Mar  8 16:26:40 2026
Writing: talsrcimg.4dfp.hdr
freesurfer analyzeto4dfp.c
Reading: talsrcimg.hdr
header size 348 bytes
hdr.dime.datatype	offset=70	value=2
hdr.dime.bitpix		offset=72	value=8
hdr.hist.orient		offset=252	value=-1
dimensionality     4
dimensions       256       256       256         1
Reading: talsrcimg.img
Writing: talsrcimg.4dfp.img
Writing: talsrcimg.4dfp.ifh
ifh2hdr talsrcimg -r0to243
ori=2

---------------------------------------------------------------------
gauss_4dfp talsrcimg 1.1
---------------------------------------------------------------------

freesurfer gauss_4dfp.c
Reading: talsrcimg.4dfp.img
Writing: talsrcimg_g11.4dfp.img
image dimensions 256 256 256 padded to 288 288 288
processing volume 1freesurfer ifh2hdr.c
Sun Mar  8 16:26:42 2026
Writing: talsrcimg_g11.4dfp.hdr

Writing: talsrcimg_g11.4dfp.ifh
including: talsrcimg.4dfp.img.rec in talsrcimg_g11.4dfp.img.rec

---------------------------------------------------------------------
imgreg_4dfp /opt/freesurfer/average/711-2C_as_mni_average_305 none talsrcimg_g11 none talsrcimg_to_711-2C_as_mni_average_305_t4 4355
---------------------------------------------------------------------

freesurfer imgreg_4dfp.c
/opt/freesurfer/average/711-2C_as_mni_average_305.4dfp.img
       256       256       256         1
  1.000000  1.000000  1.000000
orientation T byte_order littleendian
Reading image: /opt/freesurfer/average/711-2C_as_mni_average_305.4dfp.img
dimensions:      256       256       256
mmppix:       1.0000   -1.0000   -1.0000
center:     128.0000 -129.0000 -129.0000
talsrcimg_g11.4dfp.img
       256       256       256         1
  1.000000  1.000000  1.000000
orientation T byte_order littleendian
Reading image: talsrcimg_g11.4dfp.img
dimensions:      256       256       256
mmppix:       1.0000   -1.0000   -1.0000
center:     128.0000 -129.0000 -129.0000
t4_read: open error in t4_sub.f l:  41 t4_file(1:l)talsrcimg_to_711-2C_as_mni_average_305_t4 
t4_read: transform initialized to I4
rotation matrix determinant  1.000000
image alignment mode   4355 decimal     1103 hex
   -7.5000  -45.0000  -45.0000 9096.4990   13.1944
    0.0000  -45.0000  -45.0000 9523.6963   13.1825
    7.5000  -45.0000  -45.0000 9153.1475   13.1851
   -7.5000  -37.5000  -45.0000 9576.3613   13.1533
    0.0000  -37.5000  -45.000010023.1875   13.1435
    7.5000  -37.5000  -45.0000 9629.3525   13.1435
   -7.5000  -30.0000  -45.000010377.6318   13.0662
    0.0000  -30.0000  -45.000010865.5938   13.0559
    7.5000  -30.0000  -45.000010415.2725   13.0551
   -7.5000  -22.5000  -45.000011058.1172   12.9849
    0.0000  -22.5000  -45.000011589.7578   12.9717
    7.5000  -22.5000  -45.000011083.9229   12.9724
   -7.5000  -15.0000  -45.000011630.1660   12.9374
    0.0000  -15.0000  -45.000012188.9717   12.9216
    7.5000  -15.0000  -45.000011658.4023   12.9242
   -7.5000   -7.5000  -45.000012173.1504   12.9262
    0.0000   -7.5000  -45.000012735.4199   12.9106
    7.5000   -7.5000  -45.000012153.6016   12.9144
   -7.5000    0.0000  -45.000012602.3184   12.9262
    0.0000    0.0000  -45.000013186.1465   12.9134
    7.5000    0.0000  -45.000012572.7031   12.9160
   -7.5000    7.5000  -45.000012089.9736   12.9428
    0.0000    7.5000  -45.000012630.0918   12.9323
    7.5000    7.5000  -45.000012062.3369   12.9323
   -7.5000   15.0000  -45.000011455.2314   12.9614
    0.0000   15.0000  -45.000011969.5146   12.9507
    7.5000   15.0000  -45.000011421.8291   12.9495
   -7.5000   22.5000  -45.000010786.3857   13.0569
    0.0000   22.5000  -45.000011280.4033   13.0438
    7.5000   22.5000  -45.000010762.2588   13.0444
   -7.5000   30.0000  -45.000010059.9863   13.0363
    0.0000   30.0000  -45.000010527.8828   13.0209
    7.5000   30.0000  -45.000010028.0996   13.0227
   -7.5000   37.5000  -45.0000 9650.4971   13.2209
    0.0000   37.5000  -45.000010071.6055   13.2086
    7.5000   37.5000  -45.0000 9600.3555   13.2145
   -7.5000   45.0000  -45.0000 8893.8965   13.1375
    0.0000   45.0000  -45.0000 9282.9951   13.1293
    7.5000   45.0000  -45.0000 8822.7461   13.1369
   -7.5000  -45.0000  -37.5000 9625.4385   13.2135
    0.0000  -45.0000  -37.500010088.5371   13.2103
    7.5000  -45.0000  -37.5000 9692.8018   13.2177
   -7.5000  -37.5000  -37.500010146.9365   13.1727
    0.0000  -37.5000  -37.500010632.6416   13.1714
    7.5000  -37.5000  -37.500010206.6914   13.1750
   -7.5000  -30.0000  -37.500011006.6191   13.0813
    0.0000  -30.0000  -37.500011543.4316   13.0777
    7.5000  -30.0000  -37.500011046.4951   13.0793
   -7.5000  -22.5000  -37.500011722.0088   12.9943
    0.0000  -22.5000  -37.500012292.7119   12.9859
    7.5000  -22.5000  -37.500011745.9121   12.9890
   -7.5000  -15.0000  -37.500012318.0508   12.9439
    0.0000  -15.0000  -37.500012906.5977   12.9327
    7.5000  -15.0000  -37.500012361.2686   12.9390
   -7.5000   -7.5000  -37.500012859.7480   12.9355
    0.0000   -7.5000  -37.500013464.7383   12.9267
    7.5000   -7.5000  -37.500012855.2002   12.9350
   -7.5000    0.0000  -37.500013294.7920   12.9390
    0.0000    0.0000  -37.500013909.9873   12.9347
    7.5000    0.0000  -37.500013283.5527   12.9417
   -7.5000    7.5000  -37.500012731.3545   12.9563
    0.0000    7.5000  -37.500013330.7891   12.9540
    7.5000    7.5000  -37.500012734.8262   12.9574
   -7.5000   15.0000  -37.500012045.1748   12.9712
    0.0000   15.0000  -37.500012609.3037   12.9671
    7.5000   15.0000  -37.500012043.3906   12.9683
   -7.5000   22.5000  -37.500011325.2461   13.0616
    0.0000   22.5000  -37.500011850.1240   13.0536
    7.5000   22.5000  -37.500011303.1465   13.0568
   -7.5000   30.0000  -37.500010536.3965   13.0398
    0.0000   30.0000  -37.500011004.5107   13.0293
    7.5000   30.0000  -37.500010508.8760   13.0349
   -7.5000   37.5000  -37.500010056.9023   13.2284
    0.0000   37.5000  -37.500010501.9736   13.2223
    7.5000   37.5000  -37.500010031.6445   13.2327
   -7.5000   45.0000  -37.5000 9240.3311   13.1486
    0.0000   45.0000  -37.5000 9658.7529   13.1481
    7.5000   45.0000  -37.5000 9209.3770   13.1598
   -7.5000  -45.0000  -30.000010356.2256   13.7583
    0.0000  -45.0000  -30.000010885.5049   13.7586
    7.5000  -45.0000  -30.000010442.6973   13.7658
   -7.5000  -37.5000  -30.000010920.5859   13.7144
    0.0000  -37.5000  -30.000011468.1475   13.7172
    7.5000  -37.5000  -30.000010999.1660   13.7204
   -7.5000  -30.0000  -30.000011831.1807   13.6131
    0.0000  -30.0000  -30.000012418.4219   13.6134
    7.5000  -30.0000  -30.000011898.5283   13.6157
   -7.5000  -22.5000  -30.000012611.9414   13.5154
    0.0000  -22.5000  -30.000013202.9531   13.5098
    7.5000  -22.5000  -30.000012650.7861   13.5151
   -7.5000  -15.0000  -30.000013246.1016   13.4607
    0.0000  -15.0000  -30.000013866.6885   13.4517
    7.5000  -15.0000  -30.000013305.6270   13.4604
   -7.5000   -7.5000  -30.000013813.7715   13.4561
    0.0000   -7.5000  -30.000014447.9512   13.4497
    7.5000   -7.5000  -30.000013813.8613   13.4594
   -7.5000    0.0000  -30.000014261.7246   13.4647
    0.0000    0.0000  -30.000014926.7070   13.4636
    7.5000    0.0000  -30.000014259.1670   13.4706
   -7.5000    7.5000  -30.000013632.0078   13.4834
    0.0000    7.5000  -30.000014298.2754   13.4851
    7.5000    7.5000  -30.000013653.1738   13.4881
   -7.5000   15.0000  -30.000012873.8350   13.4948
    0.0000   15.0000  -30.000013511.5186   13.4946
    7.5000   15.0000  -30.000012898.8525   13.4964
   -7.5000   22.5000  -30.000012088.9268   13.5812
    0.0000   22.5000  -30.000012663.7812   13.5760
    7.5000   22.5000  -30.000012080.2822   13.5812
   -7.5000   30.0000  -30.000011209.4297   13.5592
    0.0000   30.0000  -30.000011725.7109   13.5508
    7.5000   30.0000  -30.000011196.4004   13.5585
   -7.5000   37.5000  -30.000010678.1309   13.7581
    0.0000   37.5000  -30.000011168.4756   13.7536
    7.5000   37.5000  -30.000010673.6533   13.7648
   -7.5000   45.0000  -30.0000 9789.5547   13.6859
    0.0000   45.0000  -30.000010232.4443   13.6879
    7.5000   45.0000  -30.0000 9765.3506   13.6979
   -7.5000  -45.0000  -22.500011074.9209   14.2134
    0.0000  -45.0000  -22.500011657.2715   14.2078
    7.5000  -45.0000  -22.500011178.4658   14.2095
   -7.5000  -37.5000  -22.500011674.9854   14.1675
    0.0000  -37.5000  -22.500012278.7637   14.1654
    7.5000  -37.5000  -22.500011765.2861   14.1643
   -7.5000  -30.0000  -22.500012627.5703   14.0622
    0.0000  -30.0000  -22.500013278.6611   14.0593
    7.5000  -30.0000  -22.500012714.0527   14.0600
   -7.5000  -22.5000  -22.500013445.3193   13.9603
    0.0000  -22.5000  -22.500014107.1299   13.9526
    7.5000  -22.5000  -22.500013499.5908   13.9575
   -7.5000  -15.0000  -22.500014111.5342   13.9035
    0.0000  -15.0000  -22.500014807.1445   13.8918
    7.5000  -15.0000  -22.500014169.7383   13.8993
   -7.5000   -7.5000  -22.500014696.8301   13.8992
    0.0000   -7.5000  -22.500015407.7578   13.8882
    7.5000   -7.5000  -22.500014711.0479   13.8941
   -7.5000    0.0000  -22.500015167.2822   13.9085
    0.0000    0.0000  -22.500015919.8340   13.9017
    7.5000    0.0000  -22.500015175.7061   13.9034
   -7.5000    7.5000  -22.500014483.0908   13.9281
    0.0000    7.5000  -22.500015216.2773   13.9249
    7.5000    7.5000  -22.500014478.9307   13.9238
   -7.5000   15.0000  -22.500013663.3594   13.9396
    0.0000   15.0000  -22.500014344.5508   13.9362
    7.5000   15.0000  -22.500013660.8564   13.9364
   -7.5000   22.5000  -22.500012777.6807   14.0271
    0.0000   22.5000  -22.500013390.9170   14.0195
    7.5000   22.5000  -22.500012764.3564   14.0240
   -7.5000   30.0000  -22.500011811.8594   14.0072
    0.0000   30.0000  -22.500012356.1973   13.9958
    7.5000   30.0000  -22.500011804.7031   14.0016
   -7.5000   37.5000  -22.500011252.9912   14.2103
    0.0000   37.5000  -22.500011759.9893   14.2012
    7.5000   37.5000  -22.500011226.0596   14.2079
   -7.5000   45.0000  -22.500010292.0059   14.1431
    0.0000   45.0000  -22.500010755.7832   14.1393
    7.5000   45.0000  -22.500010278.5879   14.1429
   -7.5000  -45.0000  -15.000011764.1943   14.5289
    0.0000  -45.0000  -15.000012382.0518   14.5138
    7.5000  -45.0000  -15.000011906.8154   14.5111
   -7.5000  -37.5000  -15.000012397.1582   14.4817
    0.0000  -37.5000  -15.000013047.4424   14.4704
    7.5000  -37.5000  -15.000012527.9111   14.4654
   -7.5000  -30.0000  -15.000013420.4492   14.3780
    0.0000  -30.0000  -15.000014108.8467   14.3679
    7.5000  -30.0000  -15.000013516.0264   14.3657
   -7.5000  -22.5000  -15.000014268.5117   14.2785
    0.0000  -22.5000  -15.000014972.9688   14.2655
    7.5000  -22.5000  -15.000014333.1270   14.2680
   -7.5000  -15.0000  -15.000014951.8838   14.2212
    0.0000  -15.0000  -15.000015664.9766   14.2044
    7.5000  -15.0000  -15.000014975.5938   14.2087
   -7.5000   -7.5000  -15.000015538.4668   14.2121
    0.0000   -7.5000  -15.000016271.3955   14.1937
    7.5000   -7.5000  -15.000015519.9316   14.1956
   -7.5000    0.0000  -15.000016014.7012   14.2169
    0.0000    0.0000  -15.000016806.3555   14.2008
    7.5000    0.0000  -15.000015990.0967   14.1984
   -7.5000    7.5000  -15.000015267.7109   14.2368
    0.0000    7.5000  -15.000016050.1582   14.2247
    7.5000    7.5000  -15.000015247.5879   14.2200
   -7.5000   15.0000  -15.000014387.8564   14.2526
    0.0000   15.0000  -15.000015099.1562   14.2420
    7.5000   15.0000  -15.000014366.4512   14.2394
   -7.5000   22.5000  -15.000013418.5771   14.3466
    0.0000   22.5000  -15.000014050.0830   14.3333
    7.5000   22.5000  -15.000013392.8994   14.3353
   -7.5000   30.0000  -15.000012385.9365   14.3296
    0.0000   30.0000  -15.000012951.4238   14.3129
    7.5000   30.0000  -15.000012360.0068   14.3154
   -7.5000   37.5000  -15.000011803.5361   14.5316
    0.0000   37.5000  -15.000012338.0098   14.5156
    7.5000   37.5000  -15.000011758.2520   14.5181
   -7.5000   45.0000  -15.000010792.3154   14.4652
    0.0000   45.0000  -15.000011273.0420   14.4531
    7.5000   45.0000  -15.000010755.9473   14.4528
   -7.5000  -45.0000   -7.500012463.4619   14.6714
    0.0000  -45.0000   -7.500013118.9033   14.6523
    7.5000  -45.0000   -7.500012600.7637   14.6502
   -7.5000  -37.5000   -7.500013143.5967   14.6230
    0.0000  -37.5000   -7.500013828.7412   14.6070
    7.5000  -37.5000   -7.500013261.8477   14.6026
   -7.5000  -30.0000   -7.500014229.5869   14.5228
    0.0000  -30.0000   -7.500014969.2500   14.5081
    7.5000  -30.0000   -7.500014315.8613   14.5049
   -7.5000  -22.5000   -7.500015114.2666   14.4281
    0.0000  -22.5000   -7.500015875.9922   14.4115
    7.5000  -22.5000   -7.500015193.0576   14.4114
   -7.5000  -15.0000   -7.500015830.7510   14.3714
    0.0000  -15.0000   -7.500016578.5312   14.3515
    7.5000  -15.0000   -7.500015842.0791   14.3532
   -7.5000   -7.5000   -7.500016402.6328   14.3569
    0.0000   -7.5000   -7.500017162.0996   14.3352
    7.5000   -7.5000   -7.500016364.1650   14.3361
   -7.5000    0.0000   -7.500016869.1758   14.3562
    0.0000    0.0000   -7.500017647.4961   14.3362
    7.5000    0.0000   -7.500016821.4199   14.3343
   -7.5000    7.5000   -7.500016055.8906   14.3758
    0.0000    7.5000   -7.500016824.8496   14.3592
    7.5000    7.5000   -7.500016009.5342   14.3549
   -7.5000   15.0000   -7.500015116.7402   14.3964
    0.0000   15.0000   -7.500015821.8271   14.3812
    7.5000   15.0000   -7.500015073.2725   14.3777
   -7.5000   22.5000   -7.500014090.8428   14.4959
    0.0000   22.5000   -7.500014726.3945   14.4790
    7.5000   22.5000   -7.500014034.2979   14.4787
   -7.5000   30.0000   -7.500012985.9697   14.4813
    0.0000   30.0000   -7.500013564.2295   14.4616
    7.5000   30.0000   -7.500012926.1631   14.4619
   -7.5000   37.5000   -7.500012384.5518   14.6818
    0.0000   37.5000   -7.500012918.8350   14.6633
    7.5000   37.5000   -7.500012293.2471   14.6656
   -7.5000   45.0000   -7.500011323.4756   14.6146
    0.0000   45.0000   -7.500011825.7021   14.5995
    7.5000   45.0000   -7.500011243.5332   14.6015
   -7.5000  -45.0000    0.000013077.8232   14.6837
    0.0000  -45.0000    0.000013765.9902   14.6698
    7.5000  -45.0000    0.000013207.9678   14.6726
   -7.5000  -37.5000    0.000013752.9922   14.6341
    0.0000  -37.5000    0.000014484.7031   14.6226
    7.5000  -37.5000    0.000013874.1924   14.6224
   -7.5000  -30.0000    0.000014861.2607   14.5338
    0.0000  -30.0000    0.000015655.3174   14.5217
    7.5000  -30.0000    0.000014971.9004   14.5205
   -7.5000  -22.5000    0.000015845.5762   14.4402
    0.0000  -22.5000    0.000016665.6504   14.4249
    7.5000  -22.5000    0.000015951.6084   14.4254
   -7.5000  -15.0000    0.000016660.2871   14.3842
    0.0000  -15.0000    0.000017501.2480   14.3661
    7.5000  -15.0000    0.000016662.2578   14.3689
   -7.5000   -7.5000    0.000017304.5586   14.3692
    0.0000   -7.5000    0.000018057.2578   14.3514
    7.5000   -7.5000    0.000017202.7969   14.3555
   -7.5000    0.0000    0.000017710.3672   14.3676
    0.0000    0.0000    0.000018423.9980   14.3528
    7.5000    0.0000    0.000017616.7812   14.3555
   -7.5000    7.5000    0.000016804.7832   14.3864
    0.0000    7.5000    0.000017508.0039   14.3742
    7.5000    7.5000    0.000016734.6875   14.3740
   -7.5000   15.0000    0.000015828.4814   14.4073
    0.0000   15.0000    0.000016517.0234   14.3948
    7.5000   15.0000    0.000015728.0391   14.3934
   -7.5000   22.5000    0.000014736.6631   14.5081
    0.0000   22.5000    0.000015440.7119   14.4930
    7.5000   22.5000    0.000014647.3447   14.4935
   -7.5000   30.0000    0.000013556.3789   14.4945
    0.0000   30.0000    0.000014220.7783   14.4770
    7.5000   30.0000    0.000013471.4121   14.4788
   -7.5000   37.5000    0.000012905.3799   14.6970
    0.0000   37.5000    0.000013543.4561   14.6828
    7.5000   37.5000    0.000012813.5186   14.6892
   -7.5000   45.0000    0.000011793.3242   14.6313
    0.0000   45.0000    0.000012349.5098   14.6215
    7.5000   45.0000    0.000011699.7930   14.6297
   -7.5000  -45.0000    7.500012643.2207   14.7336
    0.0000  -45.0000    7.500013323.2031   14.7296
    7.5000  -45.0000    7.500012749.4150   14.7377
   -7.5000  -37.5000    7.500013309.7764   14.6858
    0.0000  -37.5000    7.500014001.7246   14.6837
    7.5000  -37.5000    7.500013418.0566   14.6875
   -7.5000  -30.0000    7.500014382.3340   14.5821
    0.0000  -30.0000    7.500015063.6719   14.5775
    7.5000  -30.0000    7.500014450.6553   14.5791
   -7.5000  -22.5000    7.500015359.7236   14.4841
    0.0000  -22.5000    7.500016138.5605   14.4742
    7.5000  -22.5000    7.500015435.6201   14.4776
   -7.5000  -15.0000    7.500016178.9355   14.4272
    0.0000  -15.0000    7.500017075.3535   14.4143
    7.5000  -15.0000    7.500016232.1055   14.4211
   -7.5000   -7.5000    7.500016752.0938   14.4173
    0.0000   -7.5000    7.500017634.8887   14.4070
    7.5000   -7.5000    7.500016801.9277   14.4161
   -7.5000    0.0000    7.500017127.1035   14.4208
    0.0000    0.0000    7.500018000.5508   14.4155
    7.5000    0.0000    7.500017170.4004   14.4231
   -7.5000    7.5000    7.500016232.7080   14.4398
    0.0000    7.5000    7.500017059.2832   14.4367
    7.5000    7.5000    7.500016239.1924   14.4404
   -7.5000   15.0000    7.500015272.7246   14.4562
    0.0000   15.0000    7.500016066.7754   14.4512
    7.5000   15.0000    7.500015212.5859   14.4523
   -7.5000   22.5000    7.500014217.6240   14.5520
    0.0000   22.5000    7.500014939.3838   14.5426
    7.5000   22.5000    7.500014135.9053   14.5460
   -7.5000   30.0000    7.500013063.2461   14.5376
    0.0000   30.0000    7.500013712.2295   14.5255
    7.5000   30.0000    7.500012970.5684   14.5315
   -7.5000   37.5000    7.500012424.0732   14.7469
    0.0000   37.5000    7.500013036.3291   14.7396
    7.5000   37.5000    7.500012334.3574   14.7511
   -7.5000   45.0000    7.500011340.1055   14.6855
    0.0000   45.0000    7.500011876.2979   14.6845
    7.5000   45.0000    7.500011262.0059   14.6973
   -7.5000  -45.0000   15.000012091.6465   14.8048
    0.0000  -45.0000   15.000012717.2305   14.8051
    7.5000  -45.0000   15.000012187.1201   14.8128
   -7.5000  -37.5000   15.000012707.2520   14.7596
    0.0000  -37.5000   15.000013378.2188   14.7626
    7.5000  -37.5000   15.000012809.7119   14.7659
   -7.5000  -30.0000   15.000013702.9072   14.6526
    0.0000  -30.0000   15.000014374.5879   14.6527
    7.5000  -30.0000   15.000013795.4639   14.6551
   -7.5000  -22.5000   15.000014625.8301   14.5489
    0.0000  -22.5000   15.000015413.8896   14.5428
    7.5000  -22.5000   15.000014722.9336   14.5483
   -7.5000  -15.0000   15.000015388.3047   14.4900
    0.0000  -15.0000   15.000016323.7520   14.4802
    7.5000  -15.0000   15.000015495.0156   14.4895
   -7.5000   -7.5000   15.000015924.2324   14.4854
    0.0000   -7.5000   15.000016943.6133   14.4784
    7.5000   -7.5000   15.000016093.1406   14.4887
   -7.5000    0.0000   15.000016335.7822   14.4948
    0.0000    0.0000   15.000017367.9883   14.4936
    7.5000    0.0000   15.000016484.6699   14.5010
   -7.5000    7.5000   15.000015544.7627   14.5150
    0.0000    7.5000   15.000016475.4805   14.5168
    7.5000    7.5000   15.000015611.5986   14.5199
   -7.5000   15.0000   15.000014599.0547   14.5270
    0.0000   15.0000   15.000015410.8945   14.5268
    7.5000   15.0000   15.000014574.6504   14.5286
   -7.5000   22.5000   15.000013548.9707   14.6169
    0.0000   22.5000   15.000014243.2451   14.6113
    7.5000   22.5000   15.000013502.3359   14.6166
   -7.5000   30.0000   15.000012429.2705   14.6012
    0.0000   30.0000   15.000013013.5107   14.5920
    7.5000   30.0000   15.000012372.0283   14.6001
   -7.5000   37.5000   15.000011824.7627   14.8159
    0.0000   37.5000   15.000012351.8916   14.8111
    7.5000   37.5000   15.000011772.1152   14.8230
   -7.5000   45.0000   15.000010805.8711   14.7583
    0.0000   45.0000   15.000011276.1494   14.7604
    7.5000   45.0000   15.000010760.5332   14.7711
   -7.5000  -45.0000   22.500011406.8984   14.8761
    0.0000  -45.0000   22.500012021.1045   14.8707
    7.5000  -45.0000   22.500011485.7285   14.8727
   -7.5000  -37.5000   22.500011996.9141   14.8330
    0.0000  -37.5000   22.500012646.0889   14.8313
    7.5000  -37.5000   22.500012099.5098   14.8301
   -7.5000  -30.0000   22.500012947.2568   14.7272
    0.0000  -30.0000   22.500013602.4297   14.7247
    7.5000  -30.0000   22.500013038.1162   14.7253
   -7.5000  -22.5000   22.500013831.6973   14.6238
    0.0000  -22.5000   22.500014566.8047   14.6163
    7.5000  -22.5000   22.500013905.8760   14.6214
   -7.5000  -15.0000   22.500014558.0020   14.5642
    0.0000  -15.0000   22.500015346.9385   14.5525
    7.5000  -15.0000   22.500014617.4990   14.5604
   -7.5000   -7.5000   22.500015084.2148   14.5596
    0.0000   -7.5000   22.500015879.5732   14.5486
    7.5000   -7.5000   22.500015178.2354   14.5548
   -7.5000    0.0000   22.500015512.6113   14.5696
    0.0000    0.0000   22.500016295.0352   14.5629
    7.5000    0.0000   22.500015566.1240   14.5648
   -7.5000    7.5000   22.500014723.2598   14.5903
    0.0000    7.5000   22.500015439.1592   14.5875
    7.5000    7.5000   22.500014752.8594   14.5863
   -7.5000   15.0000   22.500013851.1035   14.6020
    0.0000   15.0000   22.500014481.9453   14.5990
    7.5000   15.0000   22.500013833.1250   14.5991
   -7.5000   22.5000   22.500012861.8760   14.6912
    0.0000   22.5000   22.500013439.3496   14.6838
    7.5000   22.5000   22.500012841.9766   14.6885
   -7.5000   30.0000   22.500011767.1396   14.6746
    0.0000   30.0000   22.500012313.3867   14.6632
    7.5000   30.0000   22.500011759.6621   14.6692
   -7.5000   37.5000   22.500011157.2979   14.8871
    0.0000   37.5000   22.500011676.3340   14.8782
    7.5000   37.5000   22.500011153.7441   14.8851
   -7.5000   45.0000   22.500010194.7539   14.8275
    0.0000   45.0000   22.500010649.7314   14.8242
    7.5000   45.0000   22.500010177.0430   14.8278
   -7.5000  -45.0000   30.000010618.6172   14.9520
    0.0000  -45.0000   30.000011160.9551   14.9375
    7.5000  -45.0000   30.000010672.3721   14.9351
   -7.5000  -37.5000   30.000011177.5801   14.9094
    0.0000  -37.5000   30.000011748.7217   14.8989
    7.5000  -37.5000   30.000011245.4150   14.8938
   -7.5000  -30.0000   30.000012079.2275   14.8098
    0.0000  -30.0000   30.000012658.5703   14.8005
    7.5000  -30.0000   30.000012121.4111   14.7980
   -7.5000  -22.5000   30.000012897.1943   14.7129
    0.0000  -22.5000   30.000013542.2559   14.7007
    7.5000  -22.5000   30.000012924.2959   14.7031
   -7.5000  -15.0000   30.000013582.9277   14.6543
    0.0000  -15.0000   30.000014245.8320   14.6380
    7.5000  -15.0000   30.000013607.0352   14.6426
   -7.5000   -7.5000   30.000014095.3564   14.6446
    0.0000   -7.5000   30.000014783.9111   14.6268
    7.5000   -7.5000   30.000014146.8691   14.6290
   -7.5000    0.0000   30.000014478.5332   14.6496
    0.0000    0.0000   30.000015168.3311   14.6341
    7.5000    0.0000   30.000014539.1514   14.6318
   -7.5000    7.5000   30.000013729.9053   14.6693
    0.0000    7.5000   30.000014351.6152   14.6579
    7.5000    7.5000   30.000013760.9971   14.6530
   -7.5000   15.0000   30.000012901.4326   14.6838
    0.0000   15.0000   30.000013461.0879   14.6740
    7.5000   15.0000   30.000012903.7588   14.6712
   -7.5000   22.5000   30.000011996.3877   14.7777
    0.0000   22.5000   30.000012501.1875   14.7652
    7.5000   22.5000   30.000011975.2354   14.7671
   -7.5000   30.0000   30.000011004.7119   14.7608
    0.0000   30.0000   30.000011496.6582   14.7445
    7.5000   30.0000   30.000010993.1953   14.7471
   -7.5000   37.5000   30.000010415.8682   14.9673
    0.0000   37.5000   30.000010884.4531   14.9519
    7.5000   37.5000   30.000010415.8193   14.9546
   -7.5000   45.0000   30.0000 9509.7783   14.9022
    0.0000   45.0000   30.0000 9933.9580   14.8908
    7.5000   45.0000   30.0000 9496.2930   14.8905
   -7.5000  -45.0000   37.500010199.9775   15.1269
    0.0000  -45.0000   37.500010700.2402   15.1081
    7.5000  -45.0000   37.500010227.6895   15.1058
   -7.5000  -37.5000   37.500010743.1279   15.0834
    0.0000  -37.5000   37.500011268.5986   15.0678
    7.5000  -37.5000   37.500010772.9404   15.0627
   -7.5000  -30.0000   37.500011610.2148   14.9892
    0.0000  -30.0000   37.500012158.2480   14.9748
    7.5000  -30.0000   37.500011614.6895   14.9707
   -7.5000  -22.5000   37.500012401.6182   14.8991
    0.0000  -22.5000   37.500013011.2822   14.8827
    7.5000  -22.5000   37.500012409.6191   14.8821
   -7.5000  -15.0000   37.500013064.2080   14.8420
    0.0000  -15.0000   37.500013693.9404   14.8223
    7.5000  -15.0000   37.500013072.6328   14.8238
   -7.5000   -7.5000   37.500013564.6699   14.8266
    0.0000   -7.5000   37.500014190.4902   14.8052
    7.5000   -7.5000   37.500013576.8145   14.8060
   -7.5000    0.0000   37.500013922.9385   14.8256
    0.0000    0.0000   37.500014540.3740   14.8060
    7.5000    0.0000   37.500013946.2637   14.8037
   -7.5000    7.5000   37.500013198.6475   14.8435
    0.0000    7.5000   37.500013764.6768   14.8273
    7.5000    7.5000   37.500013210.6143   14.8224
   -7.5000   15.0000   37.500012397.6650   14.8614
    0.0000   15.0000   37.500012911.7471   14.8466
    7.5000   15.0000   37.500012392.2578   14.8422
   -7.5000   22.5000   37.500011524.6484   14.9626
    0.0000   22.5000   37.500012012.3945   14.9459
    7.5000   22.5000   37.500011507.6807   14.9450
   -7.5000   30.0000   37.500010611.2607   14.9473
    0.0000   30.0000   37.500011062.3096   14.9277
    7.5000   30.0000   37.500010570.0381   14.9275
   -7.5000   37.5000   37.500010044.7764   15.1530
    0.0000   37.5000   37.500010476.1953   15.1350
    7.5000   37.5000   37.500010030.4951   15.1370
   -7.5000   45.0000   37.5000 9179.4004   15.0850
    0.0000   45.0000   37.5000 9570.7236   15.0705
    7.5000   45.0000   37.5000 9139.8936   15.0722
   -7.5000  -45.0000   45.0000 9352.8174   15.2996
    0.0000  -45.0000   45.0000 9783.6475   15.2863
    7.5000  -45.0000   45.0000 9376.3271   15.2893
   -7.5000  -37.5000   45.0000 9857.8047   15.2552
    0.0000  -37.5000   45.000010321.3574   15.2441
    7.5000  -37.5000   45.0000 9863.5039   15.2435
   -7.5000  -30.0000   45.000010650.0508   15.1613
    0.0000  -30.0000   45.000011140.6484   15.1496
    7.5000  -30.0000   45.000010630.8174   15.1479
   -7.5000  -22.5000   45.000011362.4932   15.0721
    0.0000  -22.5000   45.000011890.9697   15.0575
    7.5000  -22.5000   45.000011343.5234   15.0578
   -7.5000  -15.0000   45.000011967.5527   15.0154
    0.0000  -15.0000   45.000012521.7754   14.9981
    7.5000  -15.0000   45.000011940.7139   15.0011
   -7.5000   -7.5000   45.000012409.5723   14.9994
    0.0000   -7.5000   45.000012964.6289   14.9823
    7.5000   -7.5000   45.000012381.5322   14.9868
   -7.5000    0.0000   45.000012740.6963   14.9979
    0.0000    0.0000   45.000013282.6318   14.9837
    7.5000    0.0000   45.000012729.4189   14.9865
   -7.5000    7.5000   45.000012090.7832   15.0145
    0.0000    7.5000   45.000012584.6943   15.0028
    7.5000    7.5000   45.000012076.2480   15.0023
   -7.5000   15.0000   45.000011366.1318   15.0314
    0.0000   15.0000   45.000011825.0508   15.0193
    7.5000   15.0000   45.000011335.0859   15.0173
   -7.5000   22.5000   45.000010541.7891   15.1343
    0.0000   22.5000   45.000010988.5107   15.1199
    7.5000   22.5000   45.000010528.5146   15.1201
   -7.5000   30.0000   45.0000 9723.6572   15.1187
    0.0000   30.0000   45.000010139.9336   15.1020
    7.5000   30.0000   45.0000 9685.2578   15.1038
   -7.5000   37.5000   45.0000 9215.1465   15.3304
    0.0000   37.5000   45.0000 9610.6270   15.3173
    7.5000   37.5000   45.0000 9186.9414   15.3241
   -7.5000   45.0000   45.0000 8409.8213   15.2744
    0.0000   45.0000   45.0000 8776.6182   15.2658
    7.5000   45.0000   45.0000 8383.4062   15.2744

---------------------------------------------------------------------
imgreg_4dfp /opt/freesurfer/average/711-2C_as_mni_average_305 /opt/freesurfer/average/711-2B_as_mni_average_305_mask talsrcimg_g11 none talsrcimg_to_711-2C_as_mni_average_305_t4 4355
---------------------------------------------------------------------

freesurfer imgreg_4dfp.c
/opt/freesurfer/average/711-2C_as_mni_average_305.4dfp.img
       256       256       256         1
  1.000000  1.000000  1.000000
orientation T byte_order littleendian
Reading image: /opt/freesurfer/average/711-2C_as_mni_average_305.4dfp.img
dimensions:      256       256       256
mmppix:       1.0000   -1.0000   -1.0000
center:     128.0000 -129.0000 -129.0000
/opt/freesurfer/average/711-2B_as_mni_average_305_mask.4dfp.img
       256       256       256         1
  1.000000  1.000000  1.000000
orientation T byte_order littleendian
Reading mask: /opt/freesurfer/average/711-2B_as_mni_average_305_mask.4dfp.img (2306576 pixels)
talsrcimg_g11.4dfp.img
       256       256       256         1
  1.000000  1.000000  1.000000
orientation T byte_order littleendian
Reading image: talsrcimg_g11.4dfp.img
dimensions:      256       256       256
mmppix:       1.0000   -1.0000   -1.0000
center:     128.0000 -129.0000 -129.0000
rotation matrix determinant  1.000000
image alignment mode   4355 decimal     1103 hex
   -7.5000  -45.0000  -45.0000 2210.5588   15.5653
    0.0000  -45.0000  -45.0000 2223.1985   15.5155
    7.5000  -45.0000  -45.0000 2214.3884   15.5688
   -7.5000  -37.5000  -45.0000 2262.3877   14.6244
    0.0000  -37.5000  -45.0000 2271.5671   14.5651
    7.5000  -37.5000  -45.0000 2267.5632   14.6334
   -7.5000  -30.0000  -45.0000 2309.3640   13.8756
    0.0000  -30.0000  -45.0000 2319.2600   13.8063
    7.5000  -30.0000  -45.0000 2308.8630   13.8798
   -7.5000  -22.5000  -45.0000 2337.9092   13.3262
    0.0000  -22.5000  -45.0000 2353.8210   13.2668
    7.5000  -22.5000  -45.0000 2340.3176   13.3202
   -7.5000  -15.0000  -45.0000 2354.0002   12.9853
    0.0000  -15.0000  -45.0000 2375.3870   12.8880
    7.5000  -15.0000  -45.0000 2358.7085   12.9610
   -7.5000   -7.5000  -45.0000 2360.8628   12.8660
    0.0000   -7.5000  -45.0000 2381.3147   12.7455
    7.5000   -7.5000  -45.0000 2365.5198   12.8139
   -7.5000    0.0000  -45.0000 2351.6565   12.9675
    0.0000    0.0000  -45.0000 2373.5254   12.8527
    7.5000    0.0000  -45.0000 2358.1501   12.9110
   -7.5000    7.5000  -45.0000 2320.1921   13.3400
    0.0000    7.5000  -45.0000 2337.9739   13.2199
    7.5000    7.5000  -45.0000 2328.3801   13.3093
   -7.5000   15.0000  -45.0000 2265.2485   13.9326
    0.0000   15.0000  -45.0000 2282.4204   13.8262
    7.5000   15.0000  -45.0000 2271.9131   13.9017
   -7.5000   22.5000  -45.0000 2193.8689   14.7669
    0.0000   22.5000  -45.0000 2209.4185   14.6519
    7.5000   22.5000  -45.0000 2199.4629   14.7100
   -7.5000   30.0000  -45.0000 2107.3154   15.9824
    0.0000   30.0000  -45.0000 2122.7185   15.8443
    7.5000   30.0000  -45.0000 2109.0371   15.9284
   -7.5000   37.5000  -45.0000 2009.6821   17.7378
    0.0000   37.5000  -45.0000 2019.0223   17.6016
    7.5000   37.5000  -45.0000 2008.5131   17.7083
   -7.5000   45.0000  -45.0000 1897.3700   20.1539
    0.0000   45.0000  -45.0000 1906.7731   19.9549
    7.5000   45.0000  -45.0000 1894.5302   20.0574
   -7.5000  -45.0000  -37.5000 2291.1665   14.4352
    0.0000  -45.0000  -37.5000 2304.9377   14.4065
    7.5000  -45.0000  -37.5000 2299.3069   14.4459
   -7.5000  -37.5000  -37.5000 2349.2935   13.5730
    0.0000  -37.5000  -37.5000 2363.7925   13.5543
    7.5000  -37.5000  -37.5000 2358.3018   13.5889
   -7.5000  -30.0000  -37.5000 2396.5139   12.9031
    0.0000  -30.0000  -37.5000 2413.8667   12.8440
    7.5000  -30.0000  -37.5000 2400.5537   12.9124
   -7.5000  -22.5000  -37.5000 2427.7891   12.4060
    0.0000  -22.5000  -37.5000 2444.9768   12.3444
    7.5000  -22.5000  -37.5000 2432.3154   12.4090
   -7.5000  -15.0000  -37.5000 2445.5273   12.1072
    0.0000  -15.0000  -37.5000 2464.6343   12.0161
    7.5000  -15.0000  -37.5000 2449.2100   12.1102
   -7.5000   -7.5000  -37.5000 2453.0034   11.9983
    0.0000   -7.5000  -37.5000 2471.6587   11.9020
    7.5000   -7.5000  -37.5000 2456.5300   11.9904
   -7.5000    0.0000  -37.5000 2440.6248   12.1035
    0.0000    0.0000  -37.5000 2462.8977   11.9775
    7.5000    0.0000  -37.5000 2447.8625   12.0884
   -7.5000    7.5000  -37.5000 2409.1125   12.4249
    0.0000    7.5000  -37.5000 2429.3083   12.3069
    7.5000    7.5000  -37.5000 2415.3728   12.4099
   -7.5000   15.0000  -37.5000 2351.3367   12.9240
    0.0000   15.0000  -37.5000 2369.2900   12.8077
    7.5000   15.0000  -37.5000 2357.7468   12.9217
   -7.5000   22.5000  -37.5000 2279.5264   13.6579
    0.0000   22.5000  -37.5000 2295.9954   13.5355
    7.5000   22.5000  -37.5000 2281.7827   13.6379
   -7.5000   30.0000  -37.5000 2187.2751   14.7269
    0.0000   30.0000  -37.5000 2199.3230   14.6188
    7.5000   30.0000  -37.5000 2188.2441   14.7528
   -7.5000   37.5000  -37.5000 2080.4946   16.3431
    0.0000   37.5000  -37.5000 2090.6130   16.2140
    7.5000   37.5000  -37.5000 2076.9692   16.3491
   -7.5000   45.0000  -37.5000 1964.3151   18.5102
    0.0000   45.0000  -37.5000 1977.7819   18.3615
    7.5000   45.0000  -37.5000 1963.5878   18.4831
   -7.5000  -45.0000  -30.0000 2416.3083   13.9417
    0.0000  -45.0000  -30.0000 2438.5051   13.9227
    7.5000  -45.0000  -30.0000 2428.1458   13.9507
   -7.5000  -37.5000  -30.0000 2478.0481   13.0859
    0.0000  -37.5000  -30.0000 2496.9158   13.0570
    7.5000  -37.5000  -30.0000 2487.5271   13.1078
   -7.5000  -30.0000  -30.0000 2530.6467   12.4208
    0.0000  -30.0000  -30.0000 2548.8589   12.3637
    7.5000  -30.0000  -30.0000 2534.9651   12.4310
   -7.5000  -22.5000  -30.0000 2567.3657   11.9712
    0.0000  -22.5000  -30.0000 2585.4368   11.8788
    7.5000  -22.5000  -30.0000 2573.0728   11.9517
   -7.5000  -15.0000  -30.0000 2586.4697   11.6720
    0.0000  -15.0000  -30.0000 2607.1531   11.5739
    7.5000  -15.0000  -30.0000 2596.7061   11.6763
   -7.5000   -7.5000  -30.0000 2597.1748   11.5857
    0.0000   -7.5000  -30.0000 2612.3096   11.4921
    7.5000   -7.5000  -30.0000 2598.7935   11.6047
   -7.5000    0.0000  -30.0000 2584.2993   11.6847
    0.0000    0.0000  -30.0000 2602.8882   11.5853
    7.5000    0.0000  -30.0000 2588.5457   11.7233
   -7.5000    7.5000  -30.0000 2549.0911   11.9755
    0.0000    7.5000  -30.0000 2571.6260   11.8760
    7.5000    7.5000  -30.0000 2557.9021   11.9920
   -7.5000   15.0000  -30.0000 2491.4470   12.4253
    0.0000   15.0000  -30.0000 2513.3320   12.3246
    7.5000   15.0000  -30.0000 2497.6399   12.4378
   -7.5000   22.5000  -30.0000 2415.4282   13.0897
    0.0000   22.5000  -30.0000 2431.4233   12.9731
    7.5000   22.5000  -30.0000 2417.3286   13.1024
   -7.5000   30.0000  -30.0000 2314.2632   14.1201
    0.0000   30.0000  -30.0000 2331.2266   13.9976
    7.5000   30.0000  -30.0000 2316.9316   14.1290
   -7.5000   37.5000  -30.0000 2199.1626   15.6325
    0.0000   37.5000  -30.0000 2212.3984   15.4926
    7.5000   37.5000  -30.0000 2199.5317   15.6316
   -7.5000   45.0000  -30.0000 2071.4854   17.6446
    0.0000   45.0000  -30.0000 2088.2708   17.5038
    7.5000   45.0000  -30.0000 2070.5369   17.6101
   -7.5000  -45.0000  -22.5000 2507.2820   13.4073
    0.0000  -45.0000  -22.5000 2531.9460   13.3603
    7.5000  -45.0000  -22.5000 2520.6406   13.4145
   -7.5000  -37.5000  -22.5000 2572.5896   12.5507
    0.0000  -37.5000  -22.5000 2593.6577   12.4879
    7.5000  -37.5000  -22.5000 2582.7239   12.5472
   -7.5000  -30.0000  -22.5000 2627.1895   11.8885
    0.0000  -30.0000  -22.5000 2646.9231   11.8177
    7.5000  -30.0000  -22.5000 2634.5901   11.8887
   -7.5000  -22.5000  -22.5000 2672.3757   11.4332
    0.0000  -22.5000  -22.5000 2693.0786   11.3482
    7.5000  -22.5000  -22.5000 2679.8628   11.4111
   -7.5000  -15.0000  -22.5000 2696.9297   11.1406
    0.0000  -15.0000  -22.5000 2722.2812   11.0332
    7.5000  -15.0000  -22.5000 2709.6687   11.1168
   -7.5000   -7.5000  -22.5000 2712.2095   11.0591
    0.0000   -7.5000  -22.5000 2731.2466   10.9779
    7.5000   -7.5000  -22.5000 2717.5786   11.0716
   -7.5000    0.0000  -22.5000 2700.5759   11.1852
    0.0000    0.0000  -22.5000 2726.9724   11.0871
    7.5000    0.0000  -22.5000 2709.3306   11.2039
   -7.5000    7.5000  -22.5000 2669.1599   11.4629
    0.0000    7.5000  -22.5000 2696.6621   11.3785
    7.5000    7.5000  -22.5000 2675.9995   11.4736
   -7.5000   15.0000  -22.5000 2606.3757   11.8720
    0.0000   15.0000  -22.5000 2633.6680   11.7781
    7.5000   15.0000  -22.5000 2615.2239   11.8707
   -7.5000   22.5000  -22.5000 2523.8123   12.4851
    0.0000   22.5000  -22.5000 2543.2937   12.3699
    7.5000   22.5000  -22.5000 2527.3899   12.4841
   -7.5000   30.0000  -22.5000 2415.7168   13.4363
    0.0000   30.0000  -22.5000 2432.2727   13.3043
    7.5000   30.0000  -22.5000 2419.5654   13.4251
   -7.5000   37.5000  -22.5000 2292.9868   14.8640
    0.0000   37.5000  -22.5000 2307.0588   14.7105
    7.5000   37.5000  -22.5000 2290.1824   14.8516
   -7.5000   45.0000  -22.5000 2156.7029   16.7683
    0.0000   45.0000  -22.5000 2167.5256   16.6138
    7.5000   45.0000  -22.5000 2150.6462   16.7098
   -7.5000  -45.0000  -15.0000 2563.2007   12.9045
    0.0000  -45.0000  -15.0000 2587.8101   12.8048
    7.5000  -45.0000  -15.0000 2581.1880   12.8858
   -7.5000  -37.5000  -15.0000 2628.7131   12.0693
    0.0000  -37.5000  -15.0000 2650.6528   11.9412
    7.5000  -37.5000  -15.0000 2645.9475   12.0488
   -7.5000  -30.0000  -15.0000 2689.5208   11.4105
    0.0000  -30.0000  -15.0000 2714.7568   11.2951
    7.5000  -30.0000  -15.0000 2702.2988   11.3972
   -7.5000  -22.5000  -15.0000 2740.8574   10.9357
    0.0000  -22.5000  -15.0000 2766.8164   10.8223
    7.5000  -22.5000  -15.0000 2755.4512   10.9058
   -7.5000  -15.0000  -15.0000 2776.1467   10.6246
    0.0000  -15.0000  -15.0000 2802.3884   10.5096
    7.5000  -15.0000  -15.0000 2788.6646   10.6005
   -7.5000   -7.5000  -15.0000 2796.3296   10.5491
    0.0000   -7.5000  -15.0000 2821.2290   10.4379
    7.5000   -7.5000  -15.0000 2804.1077   10.5250
   -7.5000    0.0000  -15.0000 2793.4111   10.6728
    0.0000    0.0000  -15.0000 2822.8826   10.5606
    7.5000    0.0000  -15.0000 2803.9380   10.6624
   -7.5000    7.5000  -15.0000 2760.3247   10.9465
    0.0000    7.5000  -15.0000 2794.4548   10.8386
    7.5000    7.5000  -15.0000 2768.9072   10.9312
   -7.5000   15.0000  -15.0000 2695.4043   11.3464
    0.0000   15.0000  -15.0000 2726.4468   11.2273
    7.5000   15.0000  -15.0000 2701.0962   11.3318
   -7.5000   22.5000  -15.0000 2605.0503   11.9157
    0.0000   22.5000  -15.0000 2628.7668   11.7937
    7.5000   22.5000  -15.0000 2608.0100   11.9182
   -7.5000   30.0000  -15.0000 2490.0752   12.8219
    0.0000   30.0000  -15.0000 2512.0791   12.6775
    7.5000   30.0000  -15.0000 2495.1201   12.8117
   -7.5000   37.5000  -15.0000 2356.9946   14.1893
    0.0000   37.5000  -15.0000 2375.4446   14.0349
    7.5000   37.5000  -15.0000 2356.7527   14.1716
   -7.5000   45.0000  -15.0000 2212.2112   16.0429
    0.0000   45.0000  -15.0000 2225.2893   15.8560
    7.5000   45.0000  -15.0000 2210.5371   15.9738
   -7.5000  -45.0000   -7.5000 2591.2085   12.4872
    0.0000  -45.0000   -7.5000 2617.0564   12.3253
    7.5000  -45.0000   -7.5000 2611.1956   12.4172
   -7.5000  -37.5000   -7.5000 2659.2878   11.6578
    0.0000  -37.5000   -7.5000 2685.9453   11.5058
    7.5000  -37.5000   -7.5000 2681.3259   11.5853
   -7.5000  -30.0000   -7.5000 2726.9031   11.0103
    0.0000  -30.0000   -7.5000 2752.2976   10.8693
    7.5000  -30.0000   -7.5000 2743.0090   10.9522
   -7.5000  -22.5000   -7.5000 2785.9075   10.5195
    0.0000  -22.5000   -7.5000 2814.0825   10.3979
    7.5000  -22.5000   -7.5000 2802.5217   10.4970
   -7.5000  -15.0000   -7.5000 2832.8428   10.2033
    0.0000  -15.0000   -7.5000 2863.9895   10.0614
    7.5000  -15.0000   -7.5000 2846.1013   10.1742
   -7.5000   -7.5000   -7.5000 2861.5520   10.1158
    0.0000   -7.5000   -7.5000 2895.3333    9.9504
    7.5000   -7.5000   -7.5000 2871.1882   10.0749
   -7.5000    0.0000   -7.5000 2863.3210   10.2239
    0.0000    0.0000   -7.5000 2890.7605   10.0880
    7.5000    0.0000   -7.5000 2870.9885   10.1939
   -7.5000    7.5000   -7.5000 2832.7695   10.4951
    0.0000    7.5000   -7.5000 2863.3171   10.3612
    7.5000    7.5000   -7.5000 2836.1260   10.4632
   -7.5000   15.0000   -7.5000 2764.3721   10.8886
    0.0000   15.0000   -7.5000 2791.7979   10.7570
    7.5000   15.0000   -7.5000 2764.0217   10.8744
   -7.5000   22.5000   -7.5000 2666.5037   11.4658
    0.0000   22.5000   -7.5000 2689.8994   11.3250
    7.5000   22.5000   -7.5000 2663.5283   11.4649
   -7.5000   30.0000   -7.5000 2540.6677   12.3486
    0.0000   30.0000   -7.5000 2562.6777   12.1785
    7.5000   30.0000   -7.5000 2539.9321   12.3418
   -7.5000   37.5000   -7.5000 2399.4150   13.6805
    0.0000   37.5000   -7.5000 2417.9167   13.5009
    7.5000   37.5000   -7.5000 2396.6118   13.6426
   -7.5000   45.0000   -7.5000 2247.6143   15.4345
    0.0000   45.0000   -7.5000 2264.1733   15.2410
    7.5000   45.0000   -7.5000 2246.4143   15.3542
   -7.5000  -45.0000    0.0000 2598.5740   12.2813
    0.0000  -45.0000    0.0000 2622.5405   12.1001
    7.5000  -45.0000    0.0000 2623.5564   12.1997
   -7.5000  -37.5000    0.0000 2668.6260   11.4141
    0.0000  -37.5000    0.0000 2695.0032   11.2385
    7.5000  -37.5000    0.0000 2695.7883   11.3341
   -7.5000  -30.0000    0.0000 2739.6094   10.7355
    0.0000  -30.0000    0.0000 2766.9353   10.5664
    7.5000  -30.0000    0.0000 2762.0637   10.6697
   -7.5000  -22.5000    0.0000 2809.0364   10.2642
    0.0000  -22.5000    0.0000 2836.6812   10.1207
    7.5000  -22.5000    0.0000 2831.8469   10.2146
   -7.5000  -15.0000    0.0000 2868.2949    9.9600
    0.0000  -15.0000    0.0000 2902.1387    9.8011
    7.5000  -15.0000    0.0000 2883.7549    9.9196
   -7.5000   -7.5000    0.0000 2912.7612    9.8551
    0.0000   -7.5000    0.0000 2949.0447    9.6757
    7.5000   -7.5000    0.0000 2920.7595    9.8104
   -7.5000    0.0000    0.0000 2913.5498    9.9684
    0.0000    0.0000    0.0000 2946.9717    9.7726
    7.5000    0.0000    0.0000 2916.7827    9.9210
   -7.5000    7.5000    0.0000 2881.8196   10.2165
    0.0000    7.5000    0.0000 2909.2690   10.0508
    7.5000    7.5000    0.0000 2876.0796   10.1836
   -7.5000   15.0000    0.0000 2807.7554   10.6285
    0.0000   15.0000    0.0000 2832.3423   10.4749
    7.5000   15.0000    0.0000 2794.2517   10.6264
   -7.5000   22.5000    0.0000 2699.2637   11.2368
    0.0000   22.5000    0.0000 2724.2649   11.1093
    7.5000   22.5000    0.0000 2688.6104   11.2326
   -7.5000   30.0000    0.0000 2565.3613   12.0970
    0.0000   30.0000    0.0000 2586.3894   11.9716
    7.5000   30.0000    0.0000 2561.9016   12.0752
   -7.5000   37.5000    0.0000 2422.5215   13.3523
    0.0000   37.5000    0.0000 2442.9961   13.2383
    7.5000   37.5000    0.0000 2417.8337   13.3399
   -7.5000   45.0000    0.0000 2267.3032   15.0691
    0.0000   45.0000    0.0000 2282.5688   14.9432
    7.5000   45.0000    0.0000 2265.6553   15.0170
   -7.5000  -45.0000    7.5000 2584.7556   12.2478
    0.0000  -45.0000    7.5000 2609.3647   12.0577
    7.5000  -45.0000    7.5000 2611.5493   12.1532
   -7.5000  -37.5000    7.5000 2658.0857   11.3475
    0.0000  -37.5000    7.5000 2681.0537   11.1584
    7.5000  -37.5000    7.5000 2681.3274   11.2860
   -7.5000  -30.0000    7.5000 2738.8799   10.6366
    0.0000  -30.0000    7.5000 2762.4658   10.4421
    7.5000  -30.0000    7.5000 2756.5889   10.5898
   -7.5000  -22.5000    7.5000 2818.5542   10.1546
    0.0000  -22.5000    7.5000 2842.5413    9.9581
    7.5000  -22.5000    7.5000 2832.2773   10.1161
   -7.5000  -15.0000    7.5000 2886.4258    9.8889
    0.0000  -15.0000    7.5000 2916.9204    9.7419
    7.5000  -15.0000    7.5000 2896.8286    9.8452
   -7.5000   -7.5000    7.5000 2935.1467    9.7910
    0.0000   -7.5000    7.5000 2971.2366    9.6543
    7.5000   -7.5000    7.5000 2934.9656    9.7683
   -7.5000    0.0000    7.5000 2937.8997    9.8579
    0.0000    0.0000    7.5000 2973.3582    9.7200
    7.5000    0.0000    7.5000 2931.0723    9.8575
   -7.5000    7.5000    7.5000 2896.9231   10.0880
    0.0000    7.5000    7.5000 2927.0024    9.9635
    7.5000    7.5000    7.5000 2888.0979   10.0892
   -7.5000   15.0000    7.5000 2819.0259   10.5127
    0.0000   15.0000    7.5000 2843.8149   10.3973
    7.5000   15.0000    7.5000 2803.7629   10.4960
   -7.5000   22.5000    7.5000 2702.9839   11.1527
    0.0000   22.5000    7.5000 2722.0469   11.0471
    7.5000   22.5000    7.5000 2691.2671   11.1347
   -7.5000   30.0000    7.5000 2563.2534   12.0530
    0.0000   30.0000    7.5000 2583.3005   11.9228
    7.5000   30.0000    7.5000 2561.4812   12.0095
   -7.5000   37.5000    7.5000 2419.5601   13.2771
    0.0000   37.5000    7.5000 2438.3477   13.1500
    7.5000   37.5000    7.5000 2415.8591   13.2533
   -7.5000   45.0000    7.5000 2267.0596   14.9405
    0.0000   45.0000    7.5000 2281.7529   14.8238
    7.5000   45.0000    7.5000 2261.4431   14.9105
   -7.5000  -45.0000   15.0000 2568.7329   12.3515
    0.0000  -45.0000   15.0000 2591.8738   12.1325
    7.5000  -45.0000   15.0000 2593.4194   12.2492
   -7.5000  -37.5000   15.0000 2640.8198   11.4091
    0.0000  -37.5000   15.0000 2663.5559   11.2073
    7.5000  -37.5000   15.0000 2660.5374   11.3571
   -7.5000  -30.0000   15.0000 2719.5559   10.6996
    0.0000  -30.0000   15.0000 2743.8513   10.5083
    7.5000  -30.0000   15.0000 2735.0989   10.6739
   -7.5000  -22.5000   15.0000 2803.6555   10.2066
    0.0000  -22.5000   15.0000 2827.8447   10.0354
    7.5000  -22.5000   15.0000 2808.0847   10.2020
   -7.5000  -15.0000   15.0000 2876.0137    9.9437
    0.0000  -15.0000   15.0000 2903.0842    9.8231
    7.5000  -15.0000   15.0000 2875.3867    9.9435
   -7.5000   -7.5000   15.0000 2917.1079    9.8665
    0.0000   -7.5000   15.0000 2954.3357    9.7629
    7.5000   -7.5000   15.0000 2915.5552    9.8801
   -7.5000    0.0000   15.0000 2919.2949    9.9624
    0.0000    0.0000   15.0000 2953.6467    9.8551
    7.5000    0.0000   15.0000 2911.4153    9.9906
   -7.5000    7.5000   15.0000 2880.5635   10.2229
    0.0000    7.5000   15.0000 2905.6924   10.1184
    7.5000    7.5000   15.0000 2868.9534   10.2375
   -7.5000   15.0000   15.0000 2796.6938   10.6251
    0.0000   15.0000   15.0000 2816.2578   10.5026
    7.5000   15.0000   15.0000 2780.9353   10.6128
   -7.5000   22.5000   15.0000 2678.4705   11.2458
    0.0000   22.5000   15.0000 2693.3154   11.1237
    7.5000   22.5000   15.0000 2666.8528   11.2285
   -7.5000   30.0000   15.0000 2543.2078   12.1358
    0.0000   30.0000   15.0000 2558.9143   11.9834
    7.5000   30.0000   15.0000 2538.0566   12.0981
   -7.5000   37.5000   15.0000 2400.6531   13.3717
    0.0000   37.5000   15.0000 2415.3899   13.2130
    7.5000   37.5000   15.0000 2398.5771   13.3149
   -7.5000   45.0000   15.0000 2250.3967   14.9806
    0.0000   45.0000   15.0000 2262.5227   14.8255
    7.5000   45.0000   15.0000 2243.2371   14.9173
   -7.5000  -45.0000   22.5000 2540.1807   12.6111
    0.0000  -45.0000   22.5000 2567.7053   12.4123
    7.5000  -45.0000   22.5000 2559.3516   12.5544
   -7.5000  -37.5000   22.5000 2612.8457   11.6870
    0.0000  -37.5000   22.5000 2638.5374   11.4921
    7.5000  -37.5000   22.5000 2628.2778   11.6507
   -7.5000  -30.0000   22.5000 2690.6956   10.9510
    0.0000  -30.0000   22.5000 2713.2207   10.7820
    7.5000  -30.0000   22.5000 2695.7395   10.9575
   -7.5000  -22.5000   22.5000 2769.3057   10.4558
    0.0000  -22.5000   22.5000 2789.8040   10.2909
    7.5000  -22.5000   22.5000 2768.9465   10.4606
   -7.5000  -15.0000   22.5000 2837.9739   10.1922
    0.0000  -15.0000   22.5000 2861.4053   10.0456
    7.5000  -15.0000   22.5000 2831.5266   10.1931
   -7.5000   -7.5000   22.5000 2875.8706   10.1315
    0.0000   -7.5000   22.5000 2907.6921    9.9678
    7.5000   -7.5000   22.5000 2869.7432   10.1435
   -7.5000    0.0000   22.5000 2874.8723   10.2687
    0.0000    0.0000   22.5000 2902.6030   10.0960
    7.5000    0.0000   22.5000 2866.0020   10.2578
   -7.5000    7.5000   22.5000 2829.0999   10.5419
    0.0000    7.5000   22.5000 2852.0989   10.3877
    7.5000    7.5000   22.5000 2820.8594   10.5109
   -7.5000   15.0000   22.5000 2746.0544   10.9549
    0.0000   15.0000   22.5000 2761.6147   10.8087
    7.5000   15.0000   22.5000 2734.7886   10.9253
   -7.5000   22.5000   22.5000 2639.6216   11.5577
    0.0000   22.5000   22.5000 2650.8511   11.3999
    7.5000   22.5000   22.5000 2627.2681   11.5389
   -7.5000   30.0000   22.5000 2505.3638   12.4221
    0.0000   30.0000   22.5000 2521.6289   12.2543
    7.5000   30.0000   22.5000 2498.0220   12.4011
   -7.5000   37.5000   22.5000 2368.1519   13.6224
    0.0000   37.5000   22.5000 2381.9224   13.4644
    7.5000   37.5000   22.5000 2363.8503   13.5900
   -7.5000   45.0000   22.5000 2219.7170   15.1994
    0.0000   45.0000   22.5000 2230.1663   15.0511
    7.5000   45.0000   22.5000 2214.7847   15.1404
   -7.5000  -45.0000   30.0000 2500.8511   13.0496
    0.0000  -45.0000   30.0000 2529.0320   12.8305
    7.5000  -45.0000   30.0000 2516.1880   13.0099
   -7.5000  -37.5000   30.0000 2572.7612   12.1051
    0.0000  -37.5000   30.0000 2601.8037   11.9076
    7.5000  -37.5000   30.0000 2587.0005   12.0796
   -7.5000  -30.0000   30.0000 2647.4229   11.3809
    0.0000  -30.0000   30.0000 2670.7314   11.2014
    7.5000  -30.0000   30.0000 2652.1614   11.3785
   -7.5000  -22.5000   30.0000 2716.3577   10.9081
    0.0000  -22.5000   30.0000 2736.5012   10.7455
    7.5000  -22.5000   30.0000 2715.0000   10.9009
   -7.5000  -15.0000   30.0000 2779.4851   10.6285
    0.0000  -15.0000   30.0000 2798.0408   10.4826
    7.5000  -15.0000   30.0000 2768.8706   10.6452
   -7.5000   -7.5000   30.0000 2806.8418   10.5989
    0.0000   -7.5000   30.0000 2831.7151   10.4255
    7.5000   -7.5000   30.0000 2800.3267   10.6013
   -7.5000    0.0000   30.0000 2796.6882   10.7673
    0.0000    0.0000   30.0000 2818.8083   10.5890
    7.5000    0.0000   30.0000 2789.9292   10.7512
   -7.5000    7.5000   30.0000 2748.3647   11.0485
    0.0000    7.5000   30.0000 2766.0059   10.8880
    7.5000    7.5000   30.0000 2741.5466   11.0181
   -7.5000   15.0000   30.0000 2673.6895   11.4461
    0.0000   15.0000   30.0000 2688.6619   11.2854
    7.5000   15.0000   30.0000 2667.6934   11.4117
   -7.5000   22.5000   30.0000 2580.9485   12.0164
    0.0000   22.5000   30.0000 2589.5789   11.8605
    7.5000   22.5000   30.0000 2567.4370   12.0044
   -7.5000   30.0000   30.0000 2461.4409   12.8618
    0.0000   30.0000   30.0000 2473.6370   12.7145
    7.5000   30.0000   30.0000 2449.6523   12.8478
   -7.5000   37.5000   30.0000 2324.9529   14.0389
    0.0000   37.5000   30.0000 2339.0923   13.8833
    7.5000   37.5000   30.0000 2322.1189   14.0251
   -7.5000   45.0000   30.0000 2180.3164   15.5884
    0.0000   45.0000   30.0000 2189.1746   15.4475
    7.5000   45.0000   30.0000 2172.9224   15.5588
   -7.5000  -45.0000   37.5000 2454.1897   13.6399
    0.0000  -45.0000   37.5000 2479.7839   13.4212
    7.5000  -45.0000   37.5000 2468.4165   13.5928
   -7.5000  -37.5000   37.5000 2527.8818   12.6756
    0.0000  -37.5000   37.5000 2550.9673   12.4775
    7.5000  -37.5000   37.5000 2534.0774   12.6568
   -7.5000  -30.0000   37.5000 2597.5544   11.9769
    0.0000  -30.0000   37.5000 2616.8777   11.8006
    7.5000  -30.0000   37.5000 2593.6716   11.9877
   -7.5000  -22.5000   37.5000 2657.8130   11.5379
    0.0000  -22.5000   37.5000 2677.0793   11.3703
    7.5000  -22.5000   37.5000 2651.5889   11.5281
   -7.5000  -15.0000   37.5000 2705.3499   11.2797
    0.0000  -15.0000   37.5000 2725.5317   11.1321
    7.5000  -15.0000   37.5000 2694.8323   11.2823
   -7.5000   -7.5000   37.5000 2726.8179   11.2447
    0.0000   -7.5000   37.5000 2742.9863   11.0933
    7.5000   -7.5000   37.5000 2716.3076   11.2462
   -7.5000    0.0000   37.5000 2704.6428   11.4198
    0.0000    0.0000   37.5000 2721.2402   11.2675
    7.5000    0.0000   37.5000 2698.6875   11.4172
   -7.5000    7.5000   37.5000 2655.9158   11.7101
    0.0000    7.5000   37.5000 2669.6992   11.5792
    7.5000    7.5000   37.5000 2651.5898   11.7015
   -7.5000   15.0000   37.5000 2586.6650   12.1225
    0.0000   15.0000   37.5000 2600.2761   11.9752
    7.5000   15.0000   37.5000 2580.2324   12.1047
   -7.5000   22.5000   37.5000 2506.6177   12.6685
    0.0000   22.5000   37.5000 2517.5439   12.5316
    7.5000   22.5000   37.5000 2493.9521   12.6787
   -7.5000   30.0000   37.5000 2407.0725   13.4695
    0.0000   30.0000   37.5000 2415.4819   13.3274
    7.5000   30.0000   37.5000 2389.9583   13.4893
   -7.5000   37.5000   37.5000 2278.1968   14.6417
    0.0000   37.5000   37.5000 2287.7661   14.4992
    7.5000   37.5000   37.5000 2272.0815   14.6456
   -7.5000   45.0000   37.5000 2135.5527   16.1915
    0.0000   45.0000   37.5000 2143.5447   16.0527
    7.5000   45.0000   37.5000 2124.3704   16.1814
   -7.5000  -45.0000   45.0000 2402.0217   14.4066
    0.0000  -45.0000   45.0000 2423.9724   14.1849
    7.5000  -45.0000   45.0000 2415.9993   14.3796
   -7.5000  -37.5000   45.0000 2473.2371   13.4487
    0.0000  -37.5000   45.0000 2492.2554   13.2555
    7.5000  -37.5000   45.0000 2472.5154   13.4330
   -7.5000  -30.0000   45.0000 2532.9231   12.7505
    0.0000  -30.0000   45.0000 2552.0029   12.5869
    7.5000  -30.0000   45.0000 2525.2356   12.7407
   -7.5000  -22.5000   45.0000 2580.8357   12.3002
    0.0000  -22.5000   45.0000 2600.8044   12.1441
    7.5000  -22.5000   45.0000 2569.0637   12.2960
   -7.5000  -15.0000   45.0000 2617.4993   12.0577
    0.0000  -15.0000   45.0000 2637.5110   11.9102
    7.5000  -15.0000   45.0000 2602.8145   12.0703
   -7.5000   -7.5000   45.0000 2628.5393   12.0388
    0.0000   -7.5000   45.0000 2644.1833   11.9038
    7.5000   -7.5000   45.0000 2616.4629   12.0477
   -7.5000    0.0000   45.0000 2604.0544   12.2363
    0.0000    0.0000   45.0000 2616.5667   12.1131
    7.5000    0.0000   45.0000 2596.8040   12.2553
   -7.5000    7.5000   45.0000 2559.7283   12.5409
    0.0000    7.5000   45.0000 2568.9575   12.4212
    7.5000    7.5000   45.0000 2553.4873   12.5499
   -7.5000   15.0000   45.0000 2497.0842   12.9738
    0.0000   15.0000   45.0000 2504.6816   12.8326
    7.5000   15.0000   45.0000 2486.0417   12.9570
   -7.5000   22.5000   45.0000 2418.1619   13.4836
    0.0000   22.5000   45.0000 2429.2222   13.3504
    7.5000   22.5000   45.0000 2409.3435   13.4995
   -7.5000   30.0000   45.0000 2338.1309   14.2381
    0.0000   30.0000   45.0000 2348.7686   14.1107
    7.5000   30.0000   45.0000 2320.9612   14.2849
   -7.5000   37.5000   45.0000 2219.7317   15.3977
    0.0000   37.5000   45.0000 2229.5688   15.2665
    7.5000   37.5000   45.0000 2211.5857   15.4006
   -7.5000   45.0000   45.0000 2079.3789   16.9501
    0.0000   45.0000   45.0000 2088.2285   16.8591
    7.5000   45.0000   45.0000 2072.5210   16.9629

---------------------------------------------------------------------
imgreg_4dfp /opt/freesurfer/average/711-2C_as_mni_average_305 /opt/freesurfer/average/711-2B_as_mni_average_305_mask talsrcimg_g11 none talsrcimg_to_711-2C_as_mni_average_305_t4 1283
---------------------------------------------------------------------

freesurfer imgreg_4dfp.c
/opt/freesurfer/average/711-2C_as_mni_average_305.4dfp.img
       256       256       256         1
  1.000000  1.000000  1.000000
orientation T byte_order littleendian
Reading image: /opt/freesurfer/average/711-2C_as_mni_average_305.4dfp.img
dimensions:      256       256       256
mmppix:       1.0000   -1.0000   -1.0000
center:     128.0000 -129.0000 -129.0000
/opt/freesurfer/average/711-2B_as_mni_average_305_mask.4dfp.img
       256       256       256         1
  1.000000  1.000000  1.000000
orientation T byte_order littleendian
Reading mask: /opt/freesurfer/average/711-2B_as_mni_average_305_mask.4dfp.img (2306576 pixels)
talsrcimg_g11.4dfp.img
       256       256       256         1
  1.000000  1.000000  1.000000
orientation T byte_order littleendian
Reading image: talsrcimg_g11.4dfp.img
dimensions:      256       256       256
mmppix:       1.0000   -1.0000   -1.0000
center:     128.0000 -129.0000 -129.0000
rotation matrix determinant  1.000000
fimgreg.f
image alignment mode   1283 decimal      503 hex
parameters
    0.0000    0.0000    7.5000    0.0000    0.0000    0.0000
eta,q 0.93383  9.69590
niter,ni,del,rscale     5    3   12.0000    1.2000
parameter  4  4.146266 ->  0.500000 qaram    1.1500
parameter  6 -0.559195 -> -0.500000 qaram    1.1500
parameters
    0.1022   -2.5596    9.2155   -3.4500    1.6376    3.4500
eta,q 0.94441  9.56167
  0.0750  0.0661  0.0713  0.0541  0.0632  0.0634
  0.0704  0.0637  0.0685  0.0562  0.0600  0.0608
  0.0668  0.0630  0.0652  0.0589  0.0577  0.0585
  0.0648  0.0647  0.0627  0.0624  0.0569  0.0567
  0.0657  0.0678  0.0625  0.0665  0.0568  0.0558
  0.0693  0.0721  0.0638  0.0702  0.0574  0.0556
  0.0750  0.0766  0.0656  0.0734  0.0585  0.0565
niter,ni,del,rscale     6    3   12.0000    1.2000
parameter  4  1.439781 ->  0.500000 qaram    1.3225
parameters
   -0.5831   -1.5608    8.6084   -7.4175    2.4926    1.9239
eta,q 0.94910  9.57600
  0.0644  0.0695  0.0618  0.0494  0.0577  0.0537
  0.0590  0.0637  0.0589  0.0510  0.0550  0.0518
  0.0562  0.0583  0.0566  0.0534  0.0528  0.0508
  0.0556  0.0555  0.0556  0.0558  0.0516  0.0514
  0.0578  0.0565  0.0566  0.0593  0.0515  0.0527
  0.0627  0.0593  0.0606  0.0640  0.0528  0.0542
  0.0694  0.0626  0.0658  0.0692  0.0553  0.0566
niter,ni,del,rscale     6    3   12.0000    1.2000
parameter  4  0.881351 ->  0.500000 qaram    1.5209
parameters
   -1.1208   -0.6333    7.8355  -11.9801    2.9904    2.9733
eta,q 0.95321  9.48593
  0.0612  0.0615  0.0580  0.0474  0.0539  0.0536
  0.0544  0.0560  0.0549  0.0470  0.0509  0.0509
  0.0509  0.0519  0.0520  0.0479  0.0485  0.0484
  0.0509  0.0506  0.0508  0.0509  0.0471  0.0470
  0.0537  0.0513  0.0533  0.0545  0.0474  0.0469
  0.0582  0.0533  0.0582  0.0585  0.0494  0.0483
  0.0643  0.0558  0.0628  0.0636  0.0522  0.0509
niter,ni,del,rscale     6    3   12.0000    1.2000
parameters
   -1.4869    0.7081    7.0231  -16.1923    3.2456    2.3913
eta,q 0.95584  9.51061
  0.0590  0.0588  0.0545  0.0468  0.0520  0.0489
  0.0515  0.0535  0.0494  0.0443  0.0485  0.0468
  0.0473  0.0490  0.0462  0.0445  0.0455  0.0449
  0.0468  0.0466  0.0463  0.0459  0.0442  0.0442
  0.0494  0.0465  0.0495  0.0491  0.0451  0.0456
  0.0547  0.0485  0.0542  0.0546  0.0477  0.0481
  0.0612  0.0514  0.0586  0.0601  0.0508  0.0506
niter,ni,del,rscale     5    3   12.0000    1.2000
parameters
   -1.5430    2.8805    6.1244  -17.5045    3.1087    2.3723
eta,q 0.95796  9.51346
  0.0589  0.0578  0.0505  0.0515  0.0483  0.0492
  0.0512  0.0526  0.0463  0.0445  0.0455  0.0463
  0.0460  0.0482  0.0435  0.0415  0.0432  0.0434
  0.0442  0.0442  0.0430  0.0428  0.0420  0.0420
  0.0466  0.0429  0.0457  0.0456  0.0430  0.0433
  0.0521  0.0442  0.0506  0.0506  0.0456  0.0463
  0.0589  0.0471  0.0563  0.0563  0.0493  0.0493
niter,ni,del,rscale     4    3   12.0000    1.2000
parameters
   -1.4525    2.9669    5.8725  -17.8589    2.9800    2.4156
eta,q 0.95804  9.51424
  0.0582  0.0529  0.0511  0.0532  0.0480  0.0493
  0.0496  0.0475  0.0469  0.0473  0.0453  0.0463
  0.0438  0.0432  0.0435  0.0418  0.0430  0.0433
  0.0420  0.0421  0.0421  0.0421  0.0419  0.0420
  0.0444  0.0435  0.0435  0.0442  0.0428  0.0432
  0.0496  0.0467  0.0475  0.0486  0.0453  0.0462
  0.0566  0.0523  0.0532  0.0544  0.0490  0.0492
niter,ni,del,rscale     3    3   12.0000    1.2000
parameters
   -1.4053    2.9909    5.7865  -17.9915    2.9016    2.4503
eta,q 0.95808  9.51448
  0.0579  0.0528  0.0513  0.0535  0.0480  0.0493
  0.0493  0.0472  0.0471  0.0481  0.0452  0.0462
  0.0435  0.0430  0.0436  0.0421  0.0430  0.0433
  0.0420  0.0420  0.0420  0.0420  0.0419  0.0419
  0.0444  0.0436  0.0431  0.0440  0.0426  0.0432
  0.0497  0.0470  0.0469  0.0482  0.0451  0.0462
  0.0567  0.0525  0.0525  0.0539  0.0487  0.0492
niter,ni,del,rscale     2    3   12.0000    1.2000
parameters
   -1.3797    2.9997    5.7601  -18.0428    2.8614    2.4689
eta,q 0.95809  9.51479
  0.0578  0.0528  0.0514  0.0536  0.0480  0.0493
  0.0492  0.0471  0.0472  0.0485  0.0453  0.0462
  0.0434  0.0429  0.0436  0.0422  0.0430  0.0432
  0.0419  0.0419  0.0419  0.0419  0.0419  0.0419
  0.0444  0.0436  0.0430  0.0439  0.0426  0.0432
  0.0497  0.0471  0.0467  0.0480  0.0450  0.0462
  0.0567  0.0525  0.0522  0.0537  0.0486  0.0492
registration optimization eta report
parameter search radius
    6.0000    6.0000    6.0000    9.1253    6.0000    6.9000
100000*second partial in parameter space
       42.       30.       27.       14.       17.       15.
  0.0578  0.0528  0.0514  0.0536  0.0480  0.0493
  0.0492  0.0471  0.0472  0.0485  0.0453  0.0462
  0.0434  0.0429  0.0436  0.0422  0.0430  0.0432
  0.0419  0.0419  0.0419  0.0419  0.0419  0.0419
  0.0444  0.0436  0.0430  0.0439  0.0426  0.0432
  0.0497  0.0471  0.0467  0.0480  0.0450  0.0462
  0.0567  0.0525  0.0522  0.0537  0.0486  0.0492
   -1.3797    2.9997    5.7601  -18.0428    2.8614    2.4689
eta,q 0.95809  9.51479

---------------------------------------------------------------------
imgreg_4dfp /opt/freesurfer/average/711-2C_as_mni_average_305 /opt/freesurfer/average/711-2B_as_mni_average_305_mask talsrcimg_g11 none talsrcimg_to_711-2C_as_mni_average_305_t4 3335
---------------------------------------------------------------------

freesurfer imgreg_4dfp.c
/opt/freesurfer/average/711-2C_as_mni_average_305.4dfp.img
       256       256       256         1
  1.000000  1.000000  1.000000
orientation T byte_order littleendian
Reading image: /opt/freesurfer/average/711-2C_as_mni_average_305.4dfp.img
dimensions:      256       256       256
mmppix:       1.0000   -1.0000   -1.0000
center:     128.0000 -129.0000 -129.0000
/opt/freesurfer/average/711-2B_as_mni_average_305_mask.4dfp.img
       256       256       256         1
  1.000000  1.000000  1.000000
orientation T byte_order littleendian
Reading mask: /opt/freesurfer/average/711-2B_as_mni_average_305_mask.4dfp.img (2306576 pixels)
talsrcimg_g11.4dfp.img
       256       256       256         1
  1.000000  1.000000  1.000000
orientation T byte_order littleendian
Reading image: talsrcimg_g11.4dfp.img
dimensions:      256       256       256
mmppix:       1.0000   -1.0000   -1.0000
center:     128.0000 -129.0000 -129.0000
fimgreg.f
image alignment mode   3335 decimal      D07 hex
parameters
   -1.3797    2.9997    5.7601   -0.2174   -4.9391   -5.0360
   -2.5511   -6.0763    4.3023   30.7395    4.9920  -30.9341
eta,q 0.95746  9.64571
niter,ni,del,rscale     5    3    5.0000    1.2000
parameter  4  0.710439 ->  0.500000 qaram    1.1500
parameter  5  2.434478 ->  0.500000 qaram    1.1500
parameter  6  0.733859 ->  0.500000 qaram    1.1500
parameter 10  0.770802 ->  0.500000 qaram    1.1500
parameter 11  0.750854 ->  0.500000 qaram    1.1500
parameters
   -1.4339    2.6416    5.2942   -4.3574   -9.0791   -9.1760
   -1.1317   -6.5610    3.7979   26.5995    0.8520  -29.8940
eta,q 0.96635  9.07329
  0.0452  0.0436  0.0435  0.0414  0.0353  0.0356  0.0380  0.0387  0.0370  0.0343  0.0337  0.0352
  0.0438  0.0429  0.0428  0.0410  0.0369  0.0356  0.0368  0.0369  0.0361  0.0341  0.0337  0.0345
  0.0429  0.0425  0.0425  0.0413  0.0388  0.0360  0.0360  0.0358  0.0357  0.0345  0.0338  0.0339
  0.0425  0.0425  0.0425  0.0424  0.0410  0.0374  0.0356  0.0356  0.0356  0.0355  0.0342  0.0337
  0.0429  0.0429  0.0429  0.0444  0.0436  0.0400  0.0356  0.0362  0.0358  0.0371  0.0347  0.0337
  0.0439  0.0435  0.0437  0.0468  0.0466  0.0435  0.0360  0.0376  0.0364  0.0390  0.0355  0.0340
  0.0455  0.0446  0.0448  0.0495  0.0498  0.0475  0.0366  0.0397  0.0374  0.0414  0.0363  0.0345
niter,ni,del,rscale     7    3    5.0000    1.2000
parameter  5  1.800417 ->  0.500000 qaram    1.3225
parameters
   -1.6069    3.0448    4.6912   -4.1909  -13.8401  -11.8091
   -0.9576   -5.9224    4.0494   25.7703   -0.0174  -30.2641
eta,q 0.96947  8.73850
  0.0359  0.0361  0.0343  0.0365  0.0288  0.0316  0.0324  0.0342  0.0324  0.0329  0.0312  0.0316
  0.0346  0.0349  0.0337  0.0352  0.0301  0.0308  0.0314  0.0323  0.0314  0.0314  0.0308  0.0310
  0.0338  0.0341  0.0335  0.0342  0.0317  0.0306  0.0308  0.0311  0.0308  0.0307  0.0306  0.0306
  0.0336  0.0336  0.0336  0.0335  0.0334  0.0305  0.0306  0.0306  0.0306  0.0306  0.0305  0.0305
  0.0341  0.0336  0.0340  0.0335  0.0356  0.0312  0.0308  0.0308  0.0308  0.0311  0.0307  0.0307
  0.0351  0.0340  0.0347  0.0346  0.0384  0.0336  0.0314  0.0316  0.0313  0.0323  0.0311  0.0312
  0.0367  0.0349  0.0357  0.0368  0.0416  0.0375  0.0322  0.0330  0.0321  0.0340  0.0315  0.0319
niter,ni,del,rscale     7    3    5.0000    1.2000
parameter  5  0.822417 ->  0.500000 qaram    1.5209
parameters
   -1.4869    3.0241    4.3269   -3.7945  -19.3152  -12.1098
   -1.1085   -5.7243    4.1248   27.0108   -0.1599  -30.9944
eta,q 0.97176  8.52650
  0.0333  0.0323  0.0313  0.0331  0.0288  0.0303  0.0304  0.0315  0.0305  0.0325  0.0290  0.0292
  0.0318  0.0313  0.0308  0.0319  0.0282  0.0291  0.0292  0.0297  0.0293  0.0305  0.0286  0.0286
  0.0309  0.0307  0.0305  0.0310  0.0289  0.0284  0.0285  0.0286  0.0286  0.0290  0.0283  0.0283
  0.0305  0.0305  0.0305  0.0305  0.0304  0.0283  0.0283  0.0283  0.0283  0.0283  0.0283  0.0282
  0.0307  0.0307  0.0308  0.0305  0.0322  0.0283  0.0286  0.0286  0.0286  0.0284  0.0284  0.0285
  0.0315  0.0314  0.0312  0.0312  0.0344  0.0289  0.0294  0.0296  0.0293  0.0292  0.0286  0.0290
  0.0328  0.0324  0.0320  0.0330  0.0373  0.0311  0.0305  0.0311  0.0304  0.0306  0.0291  0.0297
niter,ni,del,rscale     7    3    5.0000    1.2000
parameters
   -1.5172    3.3076    4.0128   -3.5877  -21.1813  -12.6115
   -1.0152   -5.7554    4.2633   27.9738   -0.0037  -31.3739
eta,q 0.97201  8.45156
  0.0308  0.0313  0.0290  0.0308  0.0312  0.0298  0.0302  0.0310  0.0301  0.0317  0.0288  0.0290
  0.0294  0.0297  0.0285  0.0297  0.0296  0.0287  0.0290  0.0293  0.0290  0.0299  0.0283  0.0284
  0.0285  0.0287  0.0283  0.0288  0.0283  0.0281  0.0283  0.0283  0.0283  0.0286  0.0281  0.0281
  0.0282  0.0282  0.0282  0.0282  0.0282  0.0280  0.0280  0.0280  0.0280  0.0280  0.0280  0.0280
  0.0286  0.0284  0.0284  0.0282  0.0296  0.0280  0.0283  0.0284  0.0283  0.0281  0.0281  0.0282
  0.0295  0.0290  0.0289  0.0291  0.0315  0.0286  0.0290  0.0294  0.0289  0.0289  0.0283  0.0286
  0.0310  0.0300  0.0296  0.0309  0.0338  0.0308  0.0301  0.0310  0.0299  0.0303  0.0287  0.0292
niter,ni,del,rscale     6    3    5.0000    1.2000
parameters
   -1.5167    3.6973    3.5824   -3.5185  -22.0798  -13.6259
   -0.9736   -5.7517    4.2886   29.0125    0.4147  -31.1772
eta,q 0.97219  8.38400
  0.0306  0.0311  0.0286  0.0303  0.0315  0.0294  0.0300  0.0307  0.0298  0.0313  0.0286  0.0289
  0.0292  0.0295  0.0282  0.0293  0.0298  0.0284  0.0288  0.0291  0.0288  0.0296  0.0282  0.0283
  0.0283  0.0285  0.0279  0.0285  0.0284  0.0278  0.0281  0.0281  0.0281  0.0284  0.0279  0.0280
  0.0280  0.0280  0.0280  0.0279  0.0279  0.0279  0.0279  0.0279  0.0279  0.0279  0.0278  0.0278
  0.0283  0.0280  0.0282  0.0279  0.0289  0.0280  0.0281  0.0282  0.0281  0.0279  0.0279  0.0279
  0.0292  0.0286  0.0286  0.0288  0.0307  0.0287  0.0288  0.0291  0.0287  0.0286  0.0281  0.0282
  0.0306  0.0295  0.0293  0.0307  0.0328  0.0309  0.0299  0.0306  0.0297  0.0300  0.0284  0.0288
niter,ni,del,rscale     5    3    5.0000    1.2000
parameters
   -1.5336    4.1104    3.1038   -3.7373  -23.1991  -15.1067
   -0.9031   -5.7528    4.2633   30.1622    0.8558  -30.7189
eta,q 0.97250  8.27074
  0.0303  0.0307  0.0284  0.0298  0.0310  0.0290  0.0296  0.0302  0.0294  0.0309  0.0283  0.0286
  0.0289  0.0293  0.0280  0.0289  0.0295  0.0280  0.0285  0.0288  0.0284  0.0294  0.0279  0.0281
  0.0281  0.0283  0.0277  0.0282  0.0282  0.0276  0.0278  0.0279  0.0278  0.0282  0.0276  0.0277
  0.0278  0.0278  0.0278  0.0277  0.0277  0.0278  0.0276  0.0276  0.0276  0.0276  0.0275  0.0275
  0.0281  0.0278  0.0280  0.0277  0.0287  0.0281  0.0278  0.0279  0.0278  0.0276  0.0275  0.0276
  0.0290  0.0283  0.0285  0.0287  0.0305  0.0288  0.0285  0.0287  0.0284  0.0282  0.0278  0.0279
  0.0304  0.0292  0.0292  0.0305  0.0327  0.0307  0.0295  0.0302  0.0294  0.0296  0.0282  0.0284
niter,ni,del,rscale     4    3    5.0000    1.2000
parameters
   -1.5455    4.6215    2.5424   -4.2284  -24.6105  -16.9166
   -0.7413   -5.8038    4.3811   31.3341    0.5530  -30.3486
eta,q 0.97290  8.12296
  0.0298  0.0305  0.0280  0.0290  0.0304  0.0286  0.0290  0.0297  0.0291  0.0308  0.0278  0.0282
  0.0285  0.0290  0.0276  0.0283  0.0290  0.0277  0.0281  0.0283  0.0282  0.0292  0.0274  0.0276
  0.0277  0.0280  0.0274  0.0278  0.0279  0.0272  0.0275  0.0275  0.0275  0.0280  0.0272  0.0273
  0.0275  0.0275  0.0274  0.0274  0.0274  0.0275  0.0272  0.0272  0.0272  0.0272  0.0271  0.0271
  0.0278  0.0275  0.0277  0.0274  0.0283  0.0281  0.0274  0.0275  0.0274  0.0272  0.0272  0.0272
  0.0286  0.0279  0.0283  0.0282  0.0303  0.0289  0.0280  0.0283  0.0280  0.0279  0.0275  0.0275
  0.0299  0.0287  0.0290  0.0300  0.0325  0.0305  0.0289  0.0297  0.0290  0.0294  0.0280  0.0280
niter,ni,del,rscale     3    3    5.0000    1.2000
parameters
   -1.5273    5.0856    1.9252   -4.8761  -25.7226  -18.3167
   -0.6820   -5.8401    4.5885   32.1510   -0.0270  -30.3946
eta,q 0.97313  8.00548
  0.0293  0.0300  0.0276  0.0282  0.0302  0.0286  0.0285  0.0294  0.0289  0.0306  0.0276  0.0278
  0.0281  0.0286  0.0272  0.0276  0.0287  0.0276  0.0277  0.0280  0.0279  0.0290  0.0272  0.0273
  0.0274  0.0276  0.0270  0.0272  0.0276  0.0270  0.0272  0.0272  0.0273  0.0277  0.0269  0.0270
  0.0271  0.0271  0.0270  0.0270  0.0270  0.0271  0.0270  0.0270  0.0270  0.0269  0.0269  0.0269
  0.0273  0.0271  0.0273  0.0270  0.0278  0.0277  0.0271  0.0273  0.0271  0.0270  0.0270  0.0270
  0.0280  0.0275  0.0279  0.0276  0.0297  0.0286  0.0277  0.0281  0.0277  0.0279  0.0273  0.0273
  0.0292  0.0284  0.0288  0.0292  0.0320  0.0301  0.0285  0.0294  0.0288  0.0296  0.0278  0.0279
niter,ni,del,rscale     2    3    5.0000    1.2000
parameters
   -1.4905    5.3128    1.5060   -5.2297  -26.2111  -18.9485
   -0.7560   -5.8100    4.6631   32.5373   -0.2244  -30.5979
eta,q 0.97316  7.95553
  0.0289  0.0293  0.0276  0.0281  0.0305  0.0289  0.0284  0.0293  0.0288  0.0304  0.0276  0.0278
  0.0278  0.0280  0.0271  0.0274  0.0288  0.0278  0.0275  0.0280  0.0278  0.0287  0.0272  0.0273
  0.0271  0.0272  0.0269  0.0271  0.0276  0.0270  0.0270  0.0271  0.0271  0.0275  0.0269  0.0269
  0.0269  0.0269  0.0269  0.0268  0.0268  0.0269  0.0269  0.0269  0.0269  0.0269  0.0268  0.0268
  0.0270  0.0270  0.0271  0.0268  0.0273  0.0274  0.0270  0.0272  0.0270  0.0271  0.0270  0.0270
  0.0277  0.0276  0.0276  0.0273  0.0291  0.0283  0.0276  0.0280  0.0277  0.0281  0.0272  0.0273
  0.0288  0.0285  0.0284  0.0287  0.0315  0.0296  0.0284  0.0293  0.0288  0.0300  0.0277  0.0279
niter,ni,del,rscale     1    3    5.0000    1.2000
parameters
   -1.4566    5.4055    1.3153   -5.3092  -26.3926  -19.1919
   -0.8182   -5.7528    4.6823   32.7091   -0.2592  -30.7146
eta,q 0.97316  7.94039
  0.0288  0.0290  0.0278  0.0281  0.0306  0.0291  0.0283  0.0294  0.0287  0.0303  0.0277  0.0278
  0.0278  0.0278  0.0272  0.0274  0.0289  0.0279  0.0275  0.0280  0.0278  0.0286  0.0272  0.0273
  0.0271  0.0271  0.0269  0.0270  0.0277  0.0271  0.0270  0.0271  0.0271  0.0274  0.0269  0.0269
  0.0268  0.0268  0.0268  0.0268  0.0268  0.0269  0.0268  0.0268  0.0268  0.0268  0.0268  0.0268
  0.0270  0.0270  0.0270  0.0268  0.0272  0.0273  0.0270  0.0272  0.0270  0.0271  0.0270  0.0270
  0.0276  0.0277  0.0275  0.0272  0.0289  0.0281  0.0276  0.0279  0.0277  0.0283  0.0272  0.0273
  0.0287  0.0287  0.0281  0.0284  0.0313  0.0293  0.0284  0.0292  0.0288  0.0302  0.0276  0.0279
registration optimization eta report
parameter search radius
    2.4000    2.4000    2.4000    8.2800   10.9503    8.2800
    7.2000    7.2000    7.2000    8.2800    8.2800    7.2000
100000*second partial in parameter space
       33.       35.       20.        2.        3.        3.
        3.        5.        4.        5.        1.        2.
  0.0288  0.0290  0.0278  0.0281  0.0306  0.0291  0.0283  0.0294  0.0287  0.0303  0.0277  0.0278
  0.0278  0.0278  0.0272  0.0274  0.0289  0.0279  0.0275  0.0280  0.0278  0.0286  0.0272  0.0273
  0.0271  0.0271  0.0269  0.0270  0.0277  0.0271  0.0270  0.0271  0.0271  0.0274  0.0269  0.0269
  0.0268  0.0268  0.0268  0.0268  0.0268  0.0269  0.0268  0.0268  0.0268  0.0268  0.0268  0.0268
  0.0270  0.0270  0.0270  0.0268  0.0272  0.0273  0.0270  0.0272  0.0270  0.0271  0.0270  0.0270
  0.0276  0.0277  0.0275  0.0272  0.0289  0.0281  0.0276  0.0279  0.0277  0.0283  0.0272  0.0273
  0.0287  0.0287  0.0281  0.0284  0.0313  0.0293  0.0284  0.0292  0.0288  0.0302  0.0276  0.0279
   -1.4566    5.4055    1.3153   -5.3092  -26.3926  -19.1919
   -0.8182   -5.7528    4.6823   32.7091   -0.2592  -30.7146
eta,q 0.97316  7.94039

---------------------------------------------------------------------
imgreg_4dfp /opt/freesurfer/average/711-2C_as_mni_average_305 /opt/freesurfer/average/711-2B_as_mni_average_305_mask talsrcimg_g11 none talsrcimg_to_711-2C_as_mni_average_305_t4 2311
---------------------------------------------------------------------

freesurfer imgreg_4dfp.c
/opt/freesurfer/average/711-2C_as_mni_average_305.4dfp.img
       256       256       256         1
  1.000000  1.000000  1.000000
orientation T byte_order littleendian
Reading image: /opt/freesurfer/average/711-2C_as_mni_average_305.4dfp.img
dimensions:      256       256       256
mmppix:       1.0000   -1.0000   -1.0000
center:     128.0000 -129.0000 -129.0000
/opt/freesurfer/average/711-2B_as_mni_average_305_mask.4dfp.img
       256       256       256         1
  1.000000  1.000000  1.000000
orientation T byte_order littleendian
Reading mask: /opt/freesurfer/average/711-2B_as_mni_average_305_mask.4dfp.img (2306576 pixels)
talsrcimg_g11.4dfp.img
       256       256       256         1
  1.000000  1.000000  1.000000
orientation T byte_order littleendian
Reading image: talsrcimg_g11.4dfp.img
dimensions:      256       256       256
mmppix:       1.0000   -1.0000   -1.0000
center:     128.0000 -129.0000 -129.0000
fimgreg.f
image alignment mode   2311 decimal      907 hex
parameters
   -1.4566    5.4055    1.3153   -5.3092  -26.3926  -19.1919
   -0.8182   -5.7528    4.6823   32.7091   -0.2592  -30.7146
eta,q 0.97316  7.94039
niter,ni,del,rscale     5    3    5.0000    0.8000
parameters
   -1.4039    5.4014    1.2364   -4.0313  -25.5442  -19.1110
   -1.0838   -5.5891    4.7222   32.6932   -0.1157  -30.8705
eta,q 0.97328  8.03558
  0.0277  0.0278  0.0273  0.0273  0.0280  0.0277  0.0274  0.0279  0.0277  0.0280  0.0270  0.0272
  0.0273  0.0272  0.0270  0.0271  0.0275  0.0272  0.0270  0.0273  0.0272  0.0273  0.0269  0.0269
  0.0270  0.0269  0.0269  0.0269  0.0271  0.0268  0.0268  0.0269  0.0269  0.0269  0.0268  0.0268
  0.0268  0.0268  0.0268  0.0268  0.0268  0.0267  0.0267  0.0267  0.0267  0.0267  0.0267  0.0267
  0.0269  0.0270  0.0269  0.0268  0.0267  0.0269  0.0268  0.0268  0.0268  0.0269  0.0267  0.0268
  0.0272  0.0273  0.0271  0.0268  0.0270  0.0272  0.0271  0.0272  0.0271  0.0273  0.0268  0.0270
  0.0277  0.0277  0.0274  0.0270  0.0275  0.0276  0.0275  0.0277  0.0276  0.0280  0.0270  0.0272
niter,ni,del,rscale     4    3    5.0000    0.7000
parameters
   -1.4261    5.3450    1.2019   -3.9713  -25.4148  -19.1607
   -1.1238   -5.6205    4.7304   32.6572   -0.0758  -30.8617
eta,q 0.97329  8.04155
  0.0274  0.0274  0.0271  0.0270  0.0276  0.0274  0.0273  0.0275  0.0274  0.0277  0.0269  0.0271
  0.0270  0.0270  0.0269  0.0269  0.0272  0.0270  0.0270  0.0271  0.0270  0.0272  0.0268  0.0269
  0.0268  0.0268  0.0268  0.0268  0.0269  0.0268  0.0268  0.0268  0.0268  0.0268  0.0267  0.0268
  0.0267  0.0267  0.0267  0.0267  0.0267  0.0267  0.0267  0.0267  0.0267  0.0267  0.0267  0.0267
  0.0268  0.0268  0.0268  0.0267  0.0268  0.0268  0.0268  0.0268  0.0268  0.0268  0.0267  0.0268
  0.0270  0.0271  0.0269  0.0268  0.0271  0.0271  0.0270  0.0271  0.0270  0.0272  0.0268  0.0269
  0.0274  0.0275  0.0271  0.0271  0.0276  0.0274  0.0273  0.0276  0.0274  0.0277  0.0269  0.0271
niter,ni,del,rscale     3    3    5.0000    0.6000
parameters
   -1.4407    5.3261    1.1798   -3.7473  -25.3188  -19.1812
   -1.1628   -5.6034    4.7277   32.6187    0.0178  -30.8717
eta,q 0.97330  8.05362
  0.0272  0.0273  0.0270  0.0269  0.0274  0.0273  0.0271  0.0273  0.0272  0.0274  0.0269  0.0270
  0.0269  0.0269  0.0268  0.0268  0.0271  0.0270  0.0269  0.0270  0.0270  0.0270  0.0268  0.0268
  0.0268  0.0268  0.0267  0.0268  0.0268  0.0268  0.0267  0.0268  0.0268  0.0268  0.0267  0.0267
  0.0267  0.0267  0.0267  0.0267  0.0267  0.0267  0.0267  0.0267  0.0267  0.0267  0.0267  0.0267
  0.0268  0.0268  0.0267  0.0267  0.0268  0.0268  0.0268  0.0268  0.0268  0.0268  0.0267  0.0267
  0.0269  0.0270  0.0269  0.0268  0.0270  0.0270  0.0269  0.0270  0.0269  0.0270  0.0268  0.0268
  0.0272  0.0273  0.0270  0.0269  0.0274  0.0273  0.0271  0.0273  0.0273  0.0275  0.0269  0.0270
niter,ni,del,rscale     2    3    5.0000    0.5000
parameters
   -1.4495    5.3069    1.1652   -3.5491  -25.2287  -19.1985
   -1.2187   -5.5872    4.7172   32.5911    0.0655  -30.8703
eta,q 0.97330  8.06453
  0.0270  0.0271  0.0269  0.0269  0.0272  0.0271  0.0270  0.0271  0.0271  0.0272  0.0268  0.0269
  0.0269  0.0269  0.0268  0.0268  0.0270  0.0269  0.0268  0.0269  0.0269  0.0269  0.0268  0.0268
  0.0267  0.0267  0.0267  0.0267  0.0268  0.0267  0.0267  0.0267  0.0268  0.0268  0.0267  0.0267
  0.0267  0.0267  0.0267  0.0267  0.0267  0.0267  0.0267  0.0267  0.0267  0.0267  0.0267  0.0267
  0.0267  0.0268  0.0267  0.0267  0.0267  0.0268  0.0267  0.0268  0.0267  0.0268  0.0267  0.0267
  0.0269  0.0269  0.0268  0.0267  0.0269  0.0269  0.0268  0.0269  0.0269  0.0269  0.0268  0.0268
  0.0271  0.0271  0.0269  0.0269  0.0272  0.0271  0.0270  0.0271  0.0271  0.0272  0.0268  0.0269
niter,ni,del,rscale     1    3    5.0000    0.4000
parameters
   -1.4684    5.2942    1.1481   -3.4117  -25.1565  -19.2095
   -1.2534   -5.6000    4.7150   32.5786    0.1104  -30.8929
eta,q 0.97330  8.07302
  0.0269  0.0269  0.0268  0.0268  0.0270  0.0270  0.0269  0.0270  0.0269  0.0270  0.0268  0.0268
  0.0268  0.0268  0.0268  0.0268  0.0269  0.0268  0.0268  0.0268  0.0268  0.0269  0.0267  0.0268
  0.0267  0.0267  0.0267  0.0267  0.0268  0.0267  0.0267  0.0267  0.0267  0.0267  0.0267  0.0267
  0.0267  0.0267  0.0267  0.0267  0.0267  0.0267  0.0267  0.0267  0.0267  0.0267  0.0267  0.0267
  0.0267  0.0267  0.0267  0.0267  0.0267  0.0267  0.0267  0.0267  0.0267  0.0267  0.0267  0.0267
  0.0268  0.0268  0.0268  0.0267  0.0268  0.0268  0.0268  0.0268  0.0268  0.0268  0.0267  0.0268
  0.0269  0.0270  0.0268  0.0268  0.0270  0.0270  0.0269  0.0270  0.0269  0.0270  0.0268  0.0268
registration optimization eta report
parameter search radius
    0.8000    0.8000    0.8000    2.4000    2.4000    2.4000
    2.4000    2.4000    2.4000    2.4000    2.4000    2.4000
100000*second partial in parameter space
       34.       40.       21.        2.        5.        5.
        3.        5.        4.        6.        1.        2.
  0.0269  0.0269  0.0268  0.0268  0.0270  0.0270  0.0269  0.0270  0.0269  0.0270  0.0268  0.0268
  0.0268  0.0268  0.0268  0.0268  0.0269  0.0268  0.0268  0.0268  0.0268  0.0269  0.0267  0.0268
  0.0267  0.0267  0.0267  0.0267  0.0268  0.0267  0.0267  0.0267  0.0267  0.0267  0.0267  0.0267
  0.0267  0.0267  0.0267  0.0267  0.0267  0.0267  0.0267  0.0267  0.0267  0.0267  0.0267  0.0267
  0.0267  0.0267  0.0267  0.0267  0.0267  0.0267  0.0267  0.0267  0.0267  0.0267  0.0267  0.0267
  0.0268  0.0268  0.0268  0.0267  0.0268  0.0268  0.0268  0.0268  0.0268  0.0268  0.0267  0.0268
  0.0269  0.0270  0.0268  0.0268  0.0270  0.0270  0.0269  0.0270  0.0269  0.0270  0.0268  0.0268
   -1.4684    5.2942    1.1481   -3.4117  -25.1565  -19.2095
   -1.2534   -5.6000    4.7150   32.5786    0.1104  -30.8929
eta,q 0.97330  8.07302

---------------------------------------------------------------------
imgreg_4dfp /opt/freesurfer/average/711-2C_as_mni_average_305 /opt/freesurfer/average/711-2B_as_mni_average_305_mask talsrcimg_g11 none talsrcimg_to_711-2C_as_mni_average_305_t4 2311
---------------------------------------------------------------------

freesurfer imgreg_4dfp.c
/opt/freesurfer/average/711-2C_as_mni_average_305.4dfp.img
       256       256       256         1
  1.000000  1.000000  1.000000
orientation T byte_order littleendian
Reading image: /opt/freesurfer/average/711-2C_as_mni_average_305.4dfp.img
dimensions:      256       256       256
mmppix:       1.0000   -1.0000   -1.0000
center:     128.0000 -129.0000 -129.0000
/opt/freesurfer/average/711-2B_as_mni_average_305_mask.4dfp.img
       256       256       256         1
  1.000000  1.000000  1.000000
orientation T byte_order littleendian
Reading mask: /opt/freesurfer/average/711-2B_as_mni_average_305_mask.4dfp.img (2306576 pixels)
talsrcimg_g11.4dfp.img
       256       256       256         1
  1.000000  1.000000  1.000000
orientation T byte_order littleendian
Reading image: talsrcimg_g11.4dfp.img
dimensions:      256       256       256
mmppix:       1.0000   -1.0000   -1.0000
center:     128.0000 -129.0000 -129.0000
fimgreg.f
image alignment mode   2311 decimal      907 hex
parameters
   -1.4684    5.2942    1.1481   -3.4117  -25.1565  -19.2095
   -1.2534   -5.6000    4.7150   32.5786    0.1104  -30.8929
eta,q 0.97330  8.07302
niter,ni,del,rscale     5    3    5.0000    0.8000
parameters
   -1.4574    5.3090    1.1418   -4.1284  -25.4217  -19.2475
   -1.0405   -5.6838    4.7120   32.6090   -0.0658  -30.8805
eta,q 0.97329  8.03102
  0.0276  0.0277  0.0272  0.0270  0.0277  0.0276  0.0275  0.0278  0.0277  0.0280  0.0270  0.0272
  0.0271  0.0272  0.0269  0.0269  0.0272  0.0272  0.0271  0.0272  0.0272  0.0273  0.0268  0.0269
  0.0268  0.0268  0.0268  0.0268  0.0269  0.0268  0.0268  0.0268  0.0268  0.0269  0.0267  0.0268
  0.0267  0.0267  0.0267  0.0267  0.0267  0.0267  0.0267  0.0267  0.0267  0.0267  0.0267  0.0267
  0.0268  0.0268  0.0268  0.0267  0.0268  0.0269  0.0268  0.0269  0.0268  0.0269  0.0268  0.0268
  0.0271  0.0271  0.0269  0.0270  0.0273  0.0272  0.0270  0.0272  0.0271  0.0273  0.0269  0.0269
  0.0276  0.0277  0.0272  0.0275  0.0280  0.0276  0.0274  0.0279  0.0277  0.0280  0.0270  0.0272
niter,ni,del,rscale     4    3    5.0000    0.7000
parameters
   -1.4444    5.3228    1.1634   -3.9813  -25.3937  -19.2173
   -1.0856   -5.6557    4.7310   32.6341   -0.0406  -30.8866
eta,q 0.97329  8.04001
  0.0274  0.0275  0.0271  0.0270  0.0276  0.0275  0.0273  0.0276  0.0274  0.0277  0.0269  0.0271
  0.0270  0.0271  0.0269  0.0269  0.0272  0.0271  0.0270  0.0271  0.0271  0.0272  0.0268  0.0269
  0.0268  0.0268  0.0268  0.0268  0.0269  0.0268  0.0268  0.0268  0.0268  0.0268  0.0267  0.0268
  0.0267  0.0267  0.0267  0.0267  0.0267  0.0267  0.0267  0.0267  0.0267  0.0267  0.0267  0.0267
  0.0268  0.0268  0.0268  0.0267  0.0268  0.0268  0.0268  0.0268  0.0268  0.0268  0.0267  0.0268
  0.0270  0.0271  0.0269  0.0268  0.0271  0.0271  0.0270  0.0271  0.0270  0.0271  0.0268  0.0269
  0.0274  0.0275  0.0271  0.0270  0.0276  0.0274  0.0273  0.0275  0.0274  0.0277  0.0269  0.0271
niter,ni,del,rscale     3    3    5.0000    0.6000
parameters
   -1.4486    5.3176    1.1571   -3.7670  -25.3144  -19.2124
   -1.1538   -5.6185    4.7334   32.6170    0.0052  -30.8929
eta,q 0.97329  8.05220
  0.0272  0.0273  0.0270  0.0269  0.0274  0.0273  0.0271  0.0273  0.0272  0.0274  0.0269  0.0270
  0.0269  0.0270  0.0268  0.0268  0.0271  0.0270  0.0269  0.0270  0.0270  0.0270  0.0268  0.0268
  0.0268  0.0268  0.0267  0.0268  0.0268  0.0268  0.0267  0.0268  0.0268  0.0268  0.0267  0.0267
  0.0267  0.0267  0.0267  0.0267  0.0267  0.0267  0.0267  0.0267  0.0267  0.0267  0.0267  0.0267
  0.0268  0.0268  0.0267  0.0267  0.0268  0.0268  0.0268  0.0268  0.0268  0.0268  0.0267  0.0267
  0.0269  0.0270  0.0268  0.0268  0.0270  0.0270  0.0269  0.0270  0.0269  0.0270  0.0268  0.0268
  0.0272  0.0273  0.0270  0.0269  0.0274  0.0273  0.0271  0.0273  0.0273  0.0275  0.0269  0.0270
niter,ni,del,rscale     2    3    5.0000    0.5000
parameters
   -1.4567    5.3047    1.1497   -3.5720  -25.2223  -19.2196
   -1.2203   -5.5991    4.7252   32.5933    0.0602  -30.8790
eta,q 0.97330  8.06337
  0.0270  0.0271  0.0269  0.0269  0.0272  0.0271  0.0270  0.0271  0.0271  0.0272  0.0268  0.0269
  0.0269  0.0269  0.0268  0.0268  0.0270  0.0269  0.0268  0.0269  0.0269  0.0269  0.0268  0.0268
  0.0267  0.0267  0.0267  0.0267  0.0268  0.0267  0.0267  0.0267  0.0267  0.0268  0.0267  0.0267
  0.0267  0.0267  0.0267  0.0267  0.0267  0.0267  0.0267  0.0267  0.0267  0.0267  0.0267  0.0267
  0.0267  0.0268  0.0267  0.0267  0.0267  0.0268  0.0267  0.0268  0.0267  0.0268  0.0267  0.0267
  0.0269  0.0269  0.0268  0.0268  0.0269  0.0269  0.0268  0.0269  0.0269  0.0269  0.0267  0.0268
  0.0271  0.0271  0.0269  0.0269  0.0272  0.0271  0.0270  0.0271  0.0271  0.0272  0.0268  0.0269
niter,ni,del,rscale     1    3    5.0000    0.4000
parameters
   -1.4703    5.2925    1.1432   -3.4627  -25.1595  -19.2183
   -1.2486   -5.6029    4.7156   32.5756    0.1017  -30.8680
eta,q 0.97330  8.07016
  0.0269  0.0269  0.0268  0.0268  0.0270  0.0270  0.0269  0.0270  0.0269  0.0270  0.0268  0.0268
  0.0268  0.0268  0.0268  0.0268  0.0269  0.0268  0.0268  0.0268  0.0268  0.0269  0.0267  0.0268
  0.0267  0.0267  0.0267  0.0267  0.0268  0.0267  0.0267  0.0267  0.0267  0.0267  0.0267  0.0267
  0.0267  0.0267  0.0267  0.0267  0.0267  0.0267  0.0267  0.0267  0.0267  0.0267  0.0267  0.0267
  0.0267  0.0267  0.0267  0.0267  0.0267  0.0267  0.0267  0.0267  0.0267  0.0267  0.0267  0.0267
  0.0268  0.0268  0.0268  0.0267  0.0268  0.0268  0.0268  0.0268  0.0268  0.0269  0.0267  0.0268
  0.0269  0.0270  0.0268  0.0268  0.0270  0.0270  0.0269  0.0270  0.0269  0.0270  0.0268  0.0268
registration optimization eta report
parameter search radius
    0.8000    0.8000    0.8000    2.4000    2.4000    2.4000
    2.4000    2.4000    2.4000    2.4000    2.4000    2.4000
100000*second partial in parameter space
       35.       40.       20.        2.        6.        5.
        3.        5.        4.        6.        1.        2.
  0.0269  0.0269  0.0268  0.0268  0.0270  0.0270  0.0269  0.0270  0.0269  0.0270  0.0268  0.0268
  0.0268  0.0268  0.0268  0.0268  0.0269  0.0268  0.0268  0.0268  0.0268  0.0269  0.0267  0.0268
  0.0267  0.0267  0.0267  0.0267  0.0268  0.0267  0.0267  0.0267  0.0267  0.0267  0.0267  0.0267
  0.0267  0.0267  0.0267  0.0267  0.0267  0.0267  0.0267  0.0267  0.0267  0.0267  0.0267  0.0267
  0.0267  0.0267  0.0267  0.0267  0.0267  0.0267  0.0267  0.0267  0.0267  0.0267  0.0267  0.0267
  0.0268  0.0268  0.0268  0.0267  0.0268  0.0268  0.0268  0.0268  0.0268  0.0269  0.0267  0.0268
  0.0269  0.0270  0.0268  0.0268  0.0270  0.0270  0.0269  0.0270  0.0269  0.0270  0.0268  0.0268
   -1.4703    5.2925    1.1432   -3.4627  -25.1595  -19.2183
   -1.2486   -5.6029    4.7156   32.5756    0.1017  -30.8680
eta,q 0.97330  8.07016

---------------------------------------------------------------------
compute_vox2vox talsrcimg talsrcimg_to_711-2C_as_mni_average_305_t4 /opt/freesurfer/average/711-2C_as_mni_average_305
---------------------------------------------------------------------

freesurfer compute_vox2vox.c
Reading: talsrcimg.4dfp.ifh
Reading: talsrcimg_to_711-2C_as_mni_average_305_t4
Reading: /opt/freesurfer/average/711-2C_as_mni_average_305.4dfp.ifh
Writing: talsrcimg_to_711-2C_as_mni_average_305_t4_vox2vox.txt

start time Sun Mar 8 16:26:40 CET 2026
end		time Sun Mar 8 16:28:06 CET 2026

mpr2mni305 success

avi2talxfm orig_nu.mgz /opt/freesurfer/average/mni305.cor.mgz talsrcimg_to_711-2C_as_mni_average_305_t4_vox2vox.txt transforms/talairach.auto.xfm
avi2talxfm done
mv -f /out/sourcedata/freesurfer/sub-v1s13x0050034_ses-1/mri/talsrcimg_to_711-2C_as_mni_average_305_t4_vox2vox.txt /out/sourcedata/freesurfer/sub-v1s13x0050034_ses-1/mri/transforms/talsrcimg_to_711-2C_as_mni_average_305_t4_vox2vox.txt
lta_convert --src orig_nu.mgz --trg /opt/freesurfer/average/mni305.cor.mgz --inxfm transforms/talairach.auto.xfm --outlta transforms/talairach.auto.xfm.lta --subject fsaverage
7.3.2

--src: orig_nu.mgz src image (geometry).
--trg: /opt/freesurfer/average/mni305.cor.mgz trg image (geometry).
--inmni: transforms/talairach.auto.xfm input MNI/XFM transform.
--outlta: transforms/talairach.auto.xfm.lta output LTA.
--s: fsaverage subject name
 LTA read, type : 1
 1.03385   0.05552   0.04015   1.26877;
-0.02246   1.06017   0.43689   1.60603;
-0.05537  -0.46495   1.14348   10.69235;
 0.00000   0.00000   0.00000   1.00000;
setting subject to fsaverage
Writing  LTA to file transforms/talairach.auto.xfm.lta...
lta_convert successful.
 
 
Started at Sun Mar 8 16:26:39 CET 2026
Ended   at Sun Mar  8 16:28:07 CET 2026
talairach_avi done
