status file for recon-all
Sun Mar  8 17:30:35 CET 2026
#@# Tessellate lh Sun Mar  8 17:30:35 CET 2026
#@# Smooth1 lh Sun Mar  8 17:30:38 CET 2026
#@# Inflation1 lh Sun Mar  8 17:30:40 CET 2026
#@# QSphere lh Sun Mar  8 17:30:57 CET 2026
#@# Fix Topology lh Sun Mar  8 17:31:59 CET 2026
#@# Smooth2 lh Sun Mar  8 17:43:34 CET 2026
#@# Inflation2 lh Sun Mar  8 17:43:36 CET 2026
#@# Curv .H and .K lh Sun Mar  8 17:43:48 CET 2026
#@# Sphere lh Sun Mar  8 17:44:29 CET 2026
#@# Surf Reg lh Sun Mar  8 17:49:58 CET 2026
#@# Jacobian white lh Sun Mar  8 17:57:29 CET 2026
#@# AvgCurv lh Sun Mar  8 17:57:29 CET 2026
#@# Cortical Parc lh Sun Mar  8 17:57:30 CET 2026
#@# white curv lh Sun Mar  8 18:08:02 CET 2026
#@# white area lh Sun Mar  8 18:08:04 CET 2026
#@# pial curv lh Sun Mar  8 18:08:04 CET 2026
#@# pial area lh Sun Mar  8 18:08:06 CET 2026
#@# thickness lh Sun Mar  8 18:08:06 CET 2026
#@# area and vertex vol lh Sun Mar  8 18:08:29 CET 2026
#@# Curvature Stats lh Sun Mar  8 18:08:30 CET 2026
#@# Cortical Parc 2 lh Sun Mar  8 18:08:32 CET 2026
#@# Cortical Parc 3 lh Sun Mar  8 18:08:43 CET 2026
#@# WM/GM Contrast lh Sun Mar  8 18:08:50 CET 2026
recon-all -s sub-v1s13x0050029_ses-1 finished without error at Sun Mar  8 18:08:53 CET 2026



#New# invocation of recon-all 



status file for recon-all
Sun Mar  8 18:37:18 CET 2026
#@# white curv lh Sun Mar  8 18:37:18 CET 2026
#@# white area lh Sun Mar  8 18:37:18 CET 2026
#@# pial curv lh Sun Mar  8 18:37:18 CET 2026
#@# pial area lh Sun Mar  8 18:37:18 CET 2026
#@# thickness lh Sun Mar  8 18:37:18 CET 2026
#@# area and vertex vol lh Sun Mar  8 18:37:18 CET 2026
#@# Parcellation Stats lh Sun Mar  8 18:37:18 CET 2026
#@# Parcellation Stats 2 lh Sun Mar  8 18:37:35 CET 2026
#@# Parcellation Stats 3 lh Sun Mar  8 18:37:44 CET 2026
#@# BA_exvivo Labels lh Sun Mar  8 18:37:52 CET 2026
recon-all -s sub-v1s13x0050029_ses-1 finished without error at Sun Mar  8 18:40:01 CET 2026
