status file for recon-all
Sun Mar  8 19:04:31 CET 2026
#@# Tessellate rh Sun Mar  8 19:04:31 CET 2026
#@# Smooth1 rh Sun Mar  8 19:04:34 CET 2026
#@# Inflation1 rh Sun Mar  8 19:04:37 CET 2026
#@# QSphere rh Sun Mar  8 19:04:48 CET 2026
#@# Fix Topology rh Sun Mar  8 19:05:44 CET 2026
#@# Smooth2 rh Sun Mar  8 19:12:34 CET 2026
#@# Inflation2 rh Sun Mar  8 19:12:36 CET 2026
#@# Curv .H and .K rh Sun Mar  8 19:12:49 CET 2026
#@# Sphere rh Sun Mar  8 19:13:32 CET 2026
#@# Surf Reg rh Sun Mar  8 19:16:21 CET 2026
#@# Jacobian white rh Sun Mar  8 19:19:58 CET 2026
#@# AvgCurv rh Sun Mar  8 19:19:59 CET 2026
#@# Cortical Parc rh Sun Mar  8 19:20:00 CET 2026
#@# white curv rh Sun Mar  8 19:25:16 CET 2026
#@# white area rh Sun Mar  8 19:25:17 CET 2026
#@# pial curv rh Sun Mar  8 19:25:18 CET 2026
#@# pial area rh Sun Mar  8 19:25:20 CET 2026
#@# thickness rh Sun Mar  8 19:25:20 CET 2026
#@# area and vertex vol rh Sun Mar  8 19:25:47 CET 2026
#@# Curvature Stats rh Sun Mar  8 19:25:48 CET 2026
#@# Cortical Parc 2 rh Sun Mar  8 19:25:51 CET 2026
#@# Cortical Parc 3 rh Sun Mar  8 19:26:03 CET 2026
#@# WM/GM Contrast rh Sun Mar  8 19:26:12 CET 2026
recon-all -s sub-v1s13x0050055_ses-1 finished without error at Sun Mar  8 19:26:15 CET 2026



#New# invocation of recon-all 



status file for recon-all
Sun Mar  8 19:33:33 CET 2026
#@# white curv rh Sun Mar  8 19:33:34 CET 2026
#@# white area rh Sun Mar  8 19:33:34 CET 2026
#@# pial curv rh Sun Mar  8 19:33:34 CET 2026
#@# pial area rh Sun Mar  8 19:33:34 CET 2026
#@# thickness rh Sun Mar  8 19:33:34 CET 2026
#@# area and vertex vol rh Sun Mar  8 19:33:34 CET 2026
#@# Parcellation Stats rh Sun Mar  8 19:33:34 CET 2026
#@# Parcellation Stats 2 rh Sun Mar  8 19:33:50 CET 2026
#@# Parcellation Stats 3 rh Sun Mar  8 19:33:58 CET 2026
#@# BA_exvivo Labels rh Sun Mar  8 19:34:07 CET 2026
recon-all -s sub-v1s13x0050055_ses-1 finished without error at Sun Mar  8 19:36:28 CET 2026
