status file for recon-all
Sun Mar  8 16:49:38 CET 2026
#@# MotionCor Sun Mar  8 16:49:41 CET 2026
#@# Talairach Sun Mar  8 16:49:49 CET 2026
#@# Talairach Failure Detection Sun Mar  8 16:54:17 CET 2026
#@# Nu Intensity Correction Sun Mar  8 16:54:17 CET 2026
#@# Intensity Normalization Sun Mar  8 16:57:36 CET 2026
recon-all -s sub-v1s13x0050055_ses-1 finished without error at Sun Mar  8 16:58:59 CET 2026



#New# invocation of recon-all 



status file for recon-all
Sun Mar  8 17:06:09 CET 2026
#@# EM Registration Sun Mar  8 17:06:09 CET 2026
recon-all -s sub-v1s13x0050055_ses-1 finished without error at Sun Mar  8 17:08:00 CET 2026



#New# invocation of recon-all 



status file for recon-all
Sun Mar  8 17:08:04 CET 2026
#@# CA Normalize Sun Mar  8 17:08:04 CET 2026
#@# CA Reg Sun Mar  8 17:09:26 CET 2026
#@# SubCort Seg Sun Mar  8 17:59:31 CET 2026
#@# CC Seg Sun Mar  8 18:28:57 CET 2026
#@# Merge ASeg Sun Mar  8 18:29:33 CET 2026
#@# Intensity Normalization2 Sun Mar  8 18:29:33 CET 2026
#@# Mask BFS Sun Mar  8 18:31:45 CET 2026
#@# WM Segmentation Sun Mar  8 18:31:46 CET 2026
#@# Fill Sun Mar  8 18:33:45 CET 2026
recon-all -s sub-v1s13x0050055_ses-1 finished without error at Sun Mar  8 18:34:51 CET 2026



#New# invocation of recon-all 



status file for recon-all
Sun Mar  8 19:26:19 CET 2026
#@# white curv lh Sun Mar  8 19:26:19 CET 2026
#@# white area lh Sun Mar  8 19:26:19 CET 2026
#@# pial curv lh Sun Mar  8 19:26:19 CET 2026
#@# pial area lh Sun Mar  8 19:26:19 CET 2026
#@# thickness lh Sun Mar  8 19:26:19 CET 2026
#@# area and vertex vol lh Sun Mar  8 19:26:19 CET 2026
#@# white curv rh Sun Mar  8 19:26:19 CET 2026
#@# white area rh Sun Mar  8 19:26:19 CET 2026
#@# pial curv rh Sun Mar  8 19:26:19 CET 2026
#@# pial area rh Sun Mar  8 19:26:19 CET 2026
#@# thickness rh Sun Mar  8 19:26:19 CET 2026
#@# area and vertex vol rh Sun Mar  8 19:26:19 CET 2026
#@# Cortical ribbon mask Sun Mar  8 19:26:19 CET 2026
recon-all -s sub-v1s13x0050055_ses-1 finished without error at Sun Mar  8 19:30:36 CET 2026



#New# invocation of recon-all 



status file for recon-all
Sun Mar  8 19:36:31 CET 2026
#@# white curv lh Sun Mar  8 19:36:31 CET 2026
#@# white area lh Sun Mar  8 19:36:31 CET 2026
#@# pial curv lh Sun Mar  8 19:36:31 CET 2026
#@# pial area lh Sun Mar  8 19:36:31 CET 2026
#@# thickness lh Sun Mar  8 19:36:31 CET 2026
#@# area and vertex vol lh Sun Mar  8 19:36:31 CET 2026
#@# white curv rh Sun Mar  8 19:36:31 CET 2026
#@# white area rh Sun Mar  8 19:36:31 CET 2026
#@# pial curv rh Sun Mar  8 19:36:31 CET 2026
#@# pial area rh Sun Mar  8 19:36:31 CET 2026
#@# thickness rh Sun Mar  8 19:36:31 CET 2026
#@# area and vertex vol rh Sun Mar  8 19:36:31 CET 2026
#@# Curvature Stats lh Sun Mar  8 19:36:32 CET 2026
#@# Curvature Stats rh Sun Mar  8 19:36:34 CET 2026
#@# Relabel Hypointensities Sun Mar  8 19:36:36 CET 2026
#@# APas-to-ASeg Sun Mar  8 19:36:51 CET 2026
#@# AParc-to-ASeg aparc Sun Mar  8 19:36:58 CET 2026
#@# AParc-to-ASeg aparc.a2009s Sun Mar  8 19:37:32 CET 2026
#@# AParc-to-ASeg aparc.DKTatlas Sun Mar  8 19:38:04 CET 2026
#@# WMParc Sun Mar  8 19:38:40 CET 2026
#@# ASeg Stats Sun Mar  8 19:42:18 CET 2026
recon-all -s sub-v1s13x0050055_ses-1 finished without error at Sun Mar  8 19:42:58 CET 2026
