status file for recon-all
Sun Mar  8 13:45:00 CET 2026
#@# MotionCor Sun Mar  8 13:45:03 CET 2026
#@# Talairach Sun Mar  8 13:45:12 CET 2026
#@# Talairach Failure Detection Sun Mar  8 13:49:41 CET 2026
#@# Nu Intensity Correction Sun Mar  8 13:49:41 CET 2026
#@# Intensity Normalization Sun Mar  8 13:53:00 CET 2026
recon-all -s sub-v1s13x0050017_ses-1 finished without error at Sun Mar  8 13:54:25 CET 2026



#New# invocation of recon-all 



status file for recon-all
Sun Mar  8 14:01:51 CET 2026
#@# EM Registration Sun Mar  8 14:01:51 CET 2026
recon-all -s sub-v1s13x0050017_ses-1 finished without error at Sun Mar  8 14:03:49 CET 2026



#New# invocation of recon-all 



status file for recon-all
Sun Mar  8 14:03:51 CET 2026
#@# CA Normalize Sun Mar  8 14:03:51 CET 2026
#@# CA Reg Sun Mar  8 14:05:13 CET 2026
#@# SubCort Seg Sun Mar  8 14:55:52 CET 2026
#@# CC Seg Sun Mar  8 15:27:56 CET 2026
#@# Merge ASeg Sun Mar  8 15:28:33 CET 2026
#@# Intensity Normalization2 Sun Mar  8 15:28:33 CET 2026
#@# Mask BFS Sun Mar  8 15:30:44 CET 2026
#@# WM Segmentation Sun Mar  8 15:30:45 CET 2026
#@# Fill Sun Mar  8 15:32:49 CET 2026
recon-all -s sub-v1s13x0050017_ses-1 finished without error at Sun Mar  8 15:33:52 CET 2026



#New# invocation of recon-all 



status file for recon-all
Sun Mar  8 16:35:52 CET 2026
#@# white curv lh Sun Mar  8 16:35:52 CET 2026
#@# white area lh Sun Mar  8 16:35:52 CET 2026
#@# pial curv lh Sun Mar  8 16:35:52 CET 2026
#@# pial area lh Sun Mar  8 16:35:52 CET 2026
#@# thickness lh Sun Mar  8 16:35:52 CET 2026
#@# area and vertex vol lh Sun Mar  8 16:35:52 CET 2026
#@# white curv rh Sun Mar  8 16:35:52 CET 2026
#@# white area rh Sun Mar  8 16:35:52 CET 2026
#@# pial curv rh Sun Mar  8 16:35:52 CET 2026
#@# pial area rh Sun Mar  8 16:35:52 CET 2026
#@# thickness rh Sun Mar  8 16:35:52 CET 2026
#@# area and vertex vol rh Sun Mar  8 16:35:52 CET 2026
#@# Cortical ribbon mask Sun Mar  8 16:35:52 CET 2026
recon-all -s sub-v1s13x0050017_ses-1 finished without error at Sun Mar  8 16:40:37 CET 2026



#New# invocation of recon-all 



status file for recon-all
Sun Mar  8 16:47:29 CET 2026
#@# white curv lh Sun Mar  8 16:47:29 CET 2026
#@# white area lh Sun Mar  8 16:47:29 CET 2026
#@# pial curv lh Sun Mar  8 16:47:29 CET 2026
#@# pial area lh Sun Mar  8 16:47:29 CET 2026
#@# thickness lh Sun Mar  8 16:47:29 CET 2026
#@# area and vertex vol lh Sun Mar  8 16:47:29 CET 2026
#@# white curv rh Sun Mar  8 16:47:29 CET 2026
#@# white area rh Sun Mar  8 16:47:29 CET 2026
#@# pial curv rh Sun Mar  8 16:47:29 CET 2026
#@# pial area rh Sun Mar  8 16:47:29 CET 2026
#@# thickness rh Sun Mar  8 16:47:29 CET 2026
#@# area and vertex vol rh Sun Mar  8 16:47:29 CET 2026
#@# Curvature Stats lh Sun Mar  8 16:47:29 CET 2026
#@# Curvature Stats rh Sun Mar  8 16:47:32 CET 2026
#@# Relabel Hypointensities Sun Mar  8 16:47:34 CET 2026
#@# APas-to-ASeg Sun Mar  8 16:47:50 CET 2026
#@# AParc-to-ASeg aparc Sun Mar  8 16:47:57 CET 2026
#@# AParc-to-ASeg aparc.a2009s Sun Mar  8 16:48:34 CET 2026
#@# AParc-to-ASeg aparc.DKTatlas Sun Mar  8 16:49:08 CET 2026
#@# WMParc Sun Mar  8 16:49:44 CET 2026
#@# ASeg Stats Sun Mar  8 16:54:01 CET 2026
recon-all -s sub-v1s13x0050017_ses-1 finished without error at Sun Mar  8 16:54:43 CET 2026
