status file for recon-all
Sun Mar  8 17:06:20 CET 2026
#@# MotionCor Sun Mar  8 17:06:23 CET 2026
#@# Talairach Sun Mar  8 17:06:32 CET 2026
#@# Talairach Failure Detection Sun Mar  8 17:10:59 CET 2026
#@# Nu Intensity Correction Sun Mar  8 17:10:59 CET 2026
#@# Intensity Normalization Sun Mar  8 17:14:16 CET 2026
recon-all -s sub-v1s13x0050060_ses-1 finished without error at Sun Mar  8 17:15:49 CET 2026



#New# invocation of recon-all 



status file for recon-all
Sun Mar  8 17:23:11 CET 2026
#@# EM Registration Sun Mar  8 17:23:11 CET 2026
recon-all -s sub-v1s13x0050060_ses-1 finished without error at Sun Mar  8 17:25:32 CET 2026



#New# invocation of recon-all 



status file for recon-all
Sun Mar  8 17:25:33 CET 2026
#@# CA Normalize Sun Mar  8 17:25:33 CET 2026
#@# CA Reg Sun Mar  8 17:26:54 CET 2026
#@# SubCort Seg Sun Mar  8 18:16:01 CET 2026
#@# CC Seg Sun Mar  8 18:46:11 CET 2026
#@# Merge ASeg Sun Mar  8 18:46:47 CET 2026
#@# Intensity Normalization2 Sun Mar  8 18:46:47 CET 2026
#@# Mask BFS Sun Mar  8 18:49:03 CET 2026
#@# WM Segmentation Sun Mar  8 18:49:04 CET 2026
#@# Fill Sun Mar  8 18:51:06 CET 2026
recon-all -s sub-v1s13x0050060_ses-1 finished without error at Sun Mar  8 18:52:08 CET 2026



#New# invocation of recon-all 



status file for recon-all
Sun Mar  8 19:51:08 CET 2026
#@# white curv lh Sun Mar  8 19:51:08 CET 2026
#@# white area lh Sun Mar  8 19:51:08 CET 2026
#@# pial curv lh Sun Mar  8 19:51:08 CET 2026
#@# pial area lh Sun Mar  8 19:51:08 CET 2026
#@# thickness lh Sun Mar  8 19:51:08 CET 2026
#@# area and vertex vol lh Sun Mar  8 19:51:08 CET 2026
#@# white curv rh Sun Mar  8 19:51:08 CET 2026
#@# white area rh Sun Mar  8 19:51:08 CET 2026
#@# pial curv rh Sun Mar  8 19:51:08 CET 2026
#@# pial area rh Sun Mar  8 19:51:08 CET 2026
#@# thickness rh Sun Mar  8 19:51:08 CET 2026
#@# area and vertex vol rh Sun Mar  8 19:51:08 CET 2026
#@# Cortical ribbon mask Sun Mar  8 19:51:08 CET 2026
recon-all -s sub-v1s13x0050060_ses-1 finished without error at Sun Mar  8 19:57:02 CET 2026



#New# invocation of recon-all 



status file for recon-all
Sun Mar  8 20:04:14 CET 2026
#@# white curv lh Sun Mar  8 20:04:14 CET 2026
#@# white area lh Sun Mar  8 20:04:14 CET 2026
#@# pial curv lh Sun Mar  8 20:04:14 CET 2026
#@# pial area lh Sun Mar  8 20:04:15 CET 2026
#@# thickness lh Sun Mar  8 20:04:15 CET 2026
#@# area and vertex vol lh Sun Mar  8 20:04:15 CET 2026
#@# white curv rh Sun Mar  8 20:04:15 CET 2026
#@# white area rh Sun Mar  8 20:04:15 CET 2026
#@# pial curv rh Sun Mar  8 20:04:15 CET 2026
#@# pial area rh Sun Mar  8 20:04:15 CET 2026
#@# thickness rh Sun Mar  8 20:04:15 CET 2026
#@# area and vertex vol rh Sun Mar  8 20:04:15 CET 2026
#@# Curvature Stats lh Sun Mar  8 20:04:15 CET 2026
#@# Curvature Stats rh Sun Mar  8 20:04:17 CET 2026
#@# Relabel Hypointensities Sun Mar  8 20:04:20 CET 2026
#@# APas-to-ASeg Sun Mar  8 20:04:36 CET 2026
#@# AParc-to-ASeg aparc Sun Mar  8 20:04:44 CET 2026
#@# AParc-to-ASeg aparc.a2009s Sun Mar  8 20:05:24 CET 2026
#@# AParc-to-ASeg aparc.DKTatlas Sun Mar  8 20:06:08 CET 2026
#@# WMParc Sun Mar  8 20:06:50 CET 2026
#@# ASeg Stats Sun Mar  8 20:11:39 CET 2026
recon-all -s sub-v1s13x0050060_ses-1 finished without error at Sun Mar  8 20:12:23 CET 2026
