status file for recon-all
Sun Mar  8 18:52:13 CET 2026
#@# Tessellate lh Sun Mar  8 18:52:13 CET 2026
#@# Smooth1 lh Sun Mar  8 18:52:17 CET 2026
#@# Inflation1 lh Sun Mar  8 18:52:20 CET 2026
#@# QSphere lh Sun Mar  8 18:52:35 CET 2026
#@# Fix Topology lh Sun Mar  8 18:53:48 CET 2026
#@# Smooth2 lh Sun Mar  8 19:01:23 CET 2026
#@# Inflation2 lh Sun Mar  8 19:01:26 CET 2026
#@# Curv .H and .K lh Sun Mar  8 19:01:42 CET 2026
#@# Sphere lh Sun Mar  8 19:02:34 CET 2026
#@# Surf Reg lh Sun Mar  8 19:09:17 CET 2026
#@# Jacobian white lh Sun Mar  8 19:16:26 CET 2026
#@# AvgCurv lh Sun Mar  8 19:16:27 CET 2026
#@# Cortical Parc lh Sun Mar  8 19:16:28 CET 2026
#@# white curv lh Sun Mar  8 19:23:20 CET 2026
#@# white area lh Sun Mar  8 19:23:22 CET 2026
#@# pial curv lh Sun Mar  8 19:23:23 CET 2026
#@# pial area lh Sun Mar  8 19:23:24 CET 2026
#@# thickness lh Sun Mar  8 19:23:25 CET 2026
#@# area and vertex vol lh Sun Mar  8 19:23:58 CET 2026
#@# Curvature Stats lh Sun Mar  8 19:24:00 CET 2026
#@# Cortical Parc 2 lh Sun Mar  8 19:24:02 CET 2026
#@# Cortical Parc 3 lh Sun Mar  8 19:24:18 CET 2026
#@# WM/GM Contrast lh Sun Mar  8 19:24:29 CET 2026
recon-all -s sub-v1s13x0050060_ses-1 finished without error at Sun Mar  8 19:24:32 CET 2026



#New# invocation of recon-all 



status file for recon-all
Sun Mar  8 19:57:07 CET 2026
#@# white curv lh Sun Mar  8 19:57:07 CET 2026
#@# white area lh Sun Mar  8 19:57:07 CET 2026
#@# pial curv lh Sun Mar  8 19:57:07 CET 2026
#@# pial area lh Sun Mar  8 19:57:07 CET 2026
#@# thickness lh Sun Mar  8 19:57:07 CET 2026
#@# area and vertex vol lh Sun Mar  8 19:57:07 CET 2026
#@# Parcellation Stats lh Sun Mar  8 19:57:07 CET 2026
#@# Parcellation Stats 2 lh Sun Mar  8 19:57:29 CET 2026
#@# Parcellation Stats 3 lh Sun Mar  8 19:57:41 CET 2026
#@# BA_exvivo Labels lh Sun Mar  8 19:57:52 CET 2026
recon-all -s sub-v1s13x0050060_ses-1 finished without error at Sun Mar  8 20:00:36 CET 2026
