status file for recon-all
Sun Mar  8 19:24:33 CET 2026
#@# Tessellate rh Sun Mar  8 19:24:33 CET 2026
#@# Smooth1 rh Sun Mar  8 19:24:38 CET 2026
#@# Inflation1 rh Sun Mar  8 19:24:41 CET 2026
#@# QSphere rh Sun Mar  8 19:24:55 CET 2026
#@# Fix Topology rh Sun Mar  8 19:26:15 CET 2026
#@# Smooth2 rh Sun Mar  8 19:32:59 CET 2026
#@# Inflation2 rh Sun Mar  8 19:33:02 CET 2026
#@# Curv .H and .K rh Sun Mar  8 19:33:18 CET 2026
#@# Sphere rh Sun Mar  8 19:34:11 CET 2026
#@# Surf Reg rh Sun Mar  8 19:38:13 CET 2026
#@# Jacobian white rh Sun Mar  8 19:42:59 CET 2026
#@# AvgCurv rh Sun Mar  8 19:43:00 CET 2026
#@# Cortical Parc rh Sun Mar  8 19:43:01 CET 2026
#@# white curv rh Sun Mar  8 19:49:53 CET 2026
#@# white area rh Sun Mar  8 19:49:55 CET 2026
#@# pial curv rh Sun Mar  8 19:49:55 CET 2026
#@# pial area rh Sun Mar  8 19:49:57 CET 2026
#@# thickness rh Sun Mar  8 19:49:58 CET 2026
#@# area and vertex vol rh Sun Mar  8 19:50:31 CET 2026
#@# Curvature Stats rh Sun Mar  8 19:50:33 CET 2026
#@# Cortical Parc 2 rh Sun Mar  8 19:50:35 CET 2026
#@# Cortical Parc 3 rh Sun Mar  8 19:50:50 CET 2026
#@# WM/GM Contrast rh Sun Mar  8 19:51:01 CET 2026
recon-all -s sub-v1s13x0050060_ses-1 finished without error at Sun Mar  8 19:51:04 CET 2026



#New# invocation of recon-all 



status file for recon-all
Sun Mar  8 20:00:38 CET 2026
#@# white curv rh Sun Mar  8 20:00:38 CET 2026
#@# white area rh Sun Mar  8 20:00:38 CET 2026
#@# pial curv rh Sun Mar  8 20:00:38 CET 2026
#@# pial area rh Sun Mar  8 20:00:38 CET 2026
#@# thickness rh Sun Mar  8 20:00:38 CET 2026
#@# area and vertex vol rh Sun Mar  8 20:00:38 CET 2026
#@# Parcellation Stats rh Sun Mar  8 20:00:38 CET 2026
#@# Parcellation Stats 2 rh Sun Mar  8 20:01:00 CET 2026
#@# Parcellation Stats 3 rh Sun Mar  8 20:01:12 CET 2026
#@# BA_exvivo Labels rh Sun Mar  8 20:01:23 CET 2026
recon-all -s sub-v1s13x0050060_ses-1 finished without error at Sun Mar  8 20:04:09 CET 2026
