status file for recon-all
Sun Mar  8 18:10:31 CET 2026
#@# Tessellate lh Sun Mar  8 18:10:31 CET 2026
#@# Smooth1 lh Sun Mar  8 18:10:35 CET 2026
#@# Inflation1 lh Sun Mar  8 18:10:37 CET 2026
#@# QSphere lh Sun Mar  8 18:10:45 CET 2026
#@# Fix Topology lh Sun Mar  8 18:11:31 CET 2026
#@# Smooth2 lh Sun Mar  8 18:22:33 CET 2026
#@# Inflation2 lh Sun Mar  8 18:22:35 CET 2026
#@# Curv .H and .K lh Sun Mar  8 18:22:44 CET 2026
#@# Sphere lh Sun Mar  8 18:23:24 CET 2026
#@# Surf Reg lh Sun Mar  8 18:26:39 CET 2026
#@# Jacobian white lh Sun Mar  8 18:29:14 CET 2026
#@# AvgCurv lh Sun Mar  8 18:29:15 CET 2026
#@# Cortical Parc lh Sun Mar  8 18:29:16 CET 2026
#@# white curv lh Sun Mar  8 18:34:01 CET 2026
#@# white area lh Sun Mar  8 18:34:03 CET 2026
#@# pial curv lh Sun Mar  8 18:34:03 CET 2026
#@# pial area lh Sun Mar  8 18:34:05 CET 2026
#@# thickness lh Sun Mar  8 18:34:06 CET 2026
#@# area and vertex vol lh Sun Mar  8 18:34:30 CET 2026
#@# Curvature Stats lh Sun Mar  8 18:34:32 CET 2026
#@# Cortical Parc 2 lh Sun Mar  8 18:34:34 CET 2026
#@# Cortical Parc 3 lh Sun Mar  8 18:34:45 CET 2026
#@# WM/GM Contrast lh Sun Mar  8 18:34:54 CET 2026
recon-all -s sub-v1s13x0050046_ses-1 finished without error at Sun Mar  8 18:34:57 CET 2026



#New# invocation of recon-all 



status file for recon-all
Sun Mar  8 18:58:29 CET 2026
#@# white curv lh Sun Mar  8 18:58:29 CET 2026
#@# white area lh Sun Mar  8 18:58:29 CET 2026
#@# pial curv lh Sun Mar  8 18:58:29 CET 2026
#@# pial area lh Sun Mar  8 18:58:29 CET 2026
#@# thickness lh Sun Mar  8 18:58:29 CET 2026
#@# area and vertex vol lh Sun Mar  8 18:58:29 CET 2026
#@# Parcellation Stats lh Sun Mar  8 18:58:29 CET 2026
#@# Parcellation Stats 2 lh Sun Mar  8 18:58:43 CET 2026
#@# Parcellation Stats 3 lh Sun Mar  8 18:58:50 CET 2026
#@# BA_exvivo Labels lh Sun Mar  8 18:58:57 CET 2026
recon-all -s sub-v1s13x0050046_ses-1 finished without error at Sun Mar  8 19:01:00 CET 2026
