status file for recon-all
Sun Mar  8 18:34:59 CET 2026
#@# Tessellate rh Sun Mar  8 18:34:59 CET 2026
#@# Smooth1 rh Sun Mar  8 18:35:03 CET 2026
#@# Inflation1 rh Sun Mar  8 18:35:05 CET 2026
#@# QSphere rh Sun Mar  8 18:35:13 CET 2026
#@# Fix Topology rh Sun Mar  8 18:36:00 CET 2026
#@# Smooth2 rh Sun Mar  8 18:43:56 CET 2026
#@# Inflation2 rh Sun Mar  8 18:43:58 CET 2026
#@# Curv .H and .K rh Sun Mar  8 18:44:07 CET 2026
#@# Sphere rh Sun Mar  8 18:44:47 CET 2026
#@# Surf Reg rh Sun Mar  8 18:46:13 CET 2026
#@# Jacobian white rh Sun Mar  8 18:48:36 CET 2026
#@# AvgCurv rh Sun Mar  8 18:48:37 CET 2026
#@# Cortical Parc rh Sun Mar  8 18:48:38 CET 2026
#@# white curv rh Sun Mar  8 18:53:17 CET 2026
#@# white area rh Sun Mar  8 18:53:19 CET 2026
#@# pial curv rh Sun Mar  8 18:53:19 CET 2026
#@# pial area rh Sun Mar  8 18:53:20 CET 2026
#@# thickness rh Sun Mar  8 18:53:21 CET 2026
#@# area and vertex vol rh Sun Mar  8 18:53:46 CET 2026
#@# Curvature Stats rh Sun Mar  8 18:53:47 CET 2026
#@# Cortical Parc 2 rh Sun Mar  8 18:53:49 CET 2026
#@# Cortical Parc 3 rh Sun Mar  8 18:54:00 CET 2026
#@# WM/GM Contrast rh Sun Mar  8 18:54:09 CET 2026
recon-all -s sub-v1s13x0050046_ses-1 finished without error at Sun Mar  8 18:54:12 CET 2026



#New# invocation of recon-all 



status file for recon-all
Sun Mar  8 19:01:01 CET 2026
#@# white curv rh Sun Mar  8 19:01:01 CET 2026
#@# white area rh Sun Mar  8 19:01:01 CET 2026
#@# pial curv rh Sun Mar  8 19:01:01 CET 2026
#@# pial area rh Sun Mar  8 19:01:01 CET 2026
#@# thickness rh Sun Mar  8 19:01:01 CET 2026
#@# area and vertex vol rh Sun Mar  8 19:01:01 CET 2026
#@# Parcellation Stats rh Sun Mar  8 19:01:01 CET 2026
#@# Parcellation Stats 2 rh Sun Mar  8 19:01:15 CET 2026
#@# Parcellation Stats 3 rh Sun Mar  8 19:01:22 CET 2026
#@# BA_exvivo Labels rh Sun Mar  8 19:01:29 CET 2026
recon-all -s sub-v1s13x0050046_ses-1 finished without error at Sun Mar  8 19:03:33 CET 2026
