status file for recon-all
Sun Mar  8 16:12:38 CET 2026
#@# MotionCor Sun Mar  8 16:12:40 CET 2026
#@# Talairach Sun Mar  8 16:12:47 CET 2026
#@# Talairach Failure Detection Sun Mar  8 16:15:40 CET 2026
#@# Nu Intensity Correction Sun Mar  8 16:15:40 CET 2026
#@# Intensity Normalization Sun Mar  8 16:18:27 CET 2026
recon-all -s sub-v1s13x0050031_ses-1 finished without error at Sun Mar  8 16:19:27 CET 2026



#New# invocation of recon-all 



status file for recon-all
Sun Mar  8 16:25:38 CET 2026
#@# EM Registration Sun Mar  8 16:25:38 CET 2026
recon-all -s sub-v1s13x0050031_ses-1 finished without error at Sun Mar  8 16:27:16 CET 2026



#New# invocation of recon-all 



status file for recon-all
Sun Mar  8 16:27:19 CET 2026
#@# CA Normalize Sun Mar  8 16:27:19 CET 2026
#@# CA Reg Sun Mar  8 16:28:13 CET 2026
#@# SubCort Seg Sun Mar  8 17:12:12 CET 2026
#@# CC Seg Sun Mar  8 17:33:30 CET 2026
#@# Merge ASeg Sun Mar  8 17:33:51 CET 2026
#@# Intensity Normalization2 Sun Mar  8 17:33:51 CET 2026
#@# Mask BFS Sun Mar  8 17:35:20 CET 2026
#@# WM Segmentation Sun Mar  8 17:35:21 CET 2026
#@# Fill Sun Mar  8 17:36:57 CET 2026
recon-all -s sub-v1s13x0050031_ses-1 finished without error at Sun Mar  8 17:37:35 CET 2026



#New# invocation of recon-all 



status file for recon-all
Sun Mar  8 18:25:08 CET 2026
#@# white curv lh Sun Mar  8 18:25:08 CET 2026
#@# white area lh Sun Mar  8 18:25:08 CET 2026
#@# pial curv lh Sun Mar  8 18:25:08 CET 2026
#@# pial area lh Sun Mar  8 18:25:08 CET 2026
#@# thickness lh Sun Mar  8 18:25:08 CET 2026
#@# area and vertex vol lh Sun Mar  8 18:25:08 CET 2026
#@# white curv rh Sun Mar  8 18:25:08 CET 2026
#@# white area rh Sun Mar  8 18:25:08 CET 2026
#@# pial curv rh Sun Mar  8 18:25:08 CET 2026
#@# pial area rh Sun Mar  8 18:25:08 CET 2026
#@# thickness rh Sun Mar  8 18:25:08 CET 2026
#@# area and vertex vol rh Sun Mar  8 18:25:08 CET 2026
#@# Cortical ribbon mask Sun Mar  8 18:25:08 CET 2026
recon-all -s sub-v1s13x0050031_ses-1 finished without error at Sun Mar  8 18:29:43 CET 2026



#New# invocation of recon-all 



status file for recon-all
Sun Mar  8 18:34:57 CET 2026
#@# white curv lh Sun Mar  8 18:34:57 CET 2026
#@# white area lh Sun Mar  8 18:34:57 CET 2026
#@# pial curv lh Sun Mar  8 18:34:57 CET 2026
#@# pial area lh Sun Mar  8 18:34:57 CET 2026
#@# thickness lh Sun Mar  8 18:34:57 CET 2026
#@# area and vertex vol lh Sun Mar  8 18:34:57 CET 2026
#@# white curv rh Sun Mar  8 18:34:57 CET 2026
#@# white area rh Sun Mar  8 18:34:57 CET 2026
#@# pial curv rh Sun Mar  8 18:34:57 CET 2026
#@# pial area rh Sun Mar  8 18:34:57 CET 2026
#@# thickness rh Sun Mar  8 18:34:57 CET 2026
#@# area and vertex vol rh Sun Mar  8 18:34:57 CET 2026
#@# Curvature Stats lh Sun Mar  8 18:34:57 CET 2026
#@# Curvature Stats rh Sun Mar  8 18:34:59 CET 2026
#@# Relabel Hypointensities Sun Mar  8 18:35:01 CET 2026
#@# APas-to-ASeg Sun Mar  8 18:35:12 CET 2026
#@# AParc-to-ASeg aparc Sun Mar  8 18:35:18 CET 2026
#@# AParc-to-ASeg aparc.a2009s Sun Mar  8 18:35:44 CET 2026
#@# AParc-to-ASeg aparc.DKTatlas Sun Mar  8 18:36:09 CET 2026
#@# WMParc Sun Mar  8 18:36:37 CET 2026
#@# ASeg Stats Sun Mar  8 18:39:15 CET 2026
recon-all -s sub-v1s13x0050031_ses-1 finished without error at Sun Mar  8 18:39:33 CET 2026
