/out/sourcedata/freesurfer/sub-v1s13x0050027_ses-1/mri
/opt/freesurfer/bin/talairach_avi
--i orig_nu.mgz --xfm transforms/talairach.auto.xfm
talairach_avi 7.3.2
Linux dna078 5.14.0-427.37.1.el9_4.x86_64 #1 SMP PREEMPT_DYNAMIC Fri Sep 13 12:41:50 EDT 2024 x86_64 x86_64 x86_64 GNU/Linux
Sun Mar  8 15:59:12 CET 2026
mri_convert orig_nu.mgz talsrcimg.img 
reading from orig_nu.mgz...
TR=0.00, TE=0.00, TI=0.00, flip angle=0.00
i_ras = (-1, 0, 0)
j_ras = (0, 0, -1)
k_ras = (0, 1, 0)
writing to talsrcimg.img...
Analyze Output Matrix
-1.00000   0.00000   0.00000   132.43057;
 0.00000   0.00000   1.00000  -134.45769;
 0.00000  -1.00000   0.00000   104.01688;
 0.00000   0.00000   0.00000   1.00000;
--------------------
INFO: set hdr.hist.orient to -1
mpr2mni305 talsrcimg
Sun Mar  8 15:59:12 CET 2026
/opt/freesurfer/bin/mpr2mni305 talsrcimg
mpr2mni305 7.3.2
target=711-2C_as_mni_average_305

---------------------------------------------------------------------
analyzeto4dfp talsrcimg -O0 -y
---------------------------------------------------------------------

freesurfer ifh2hdr.c
Sun Mar  8 15:59:12 2026
Writing: talsrcimg.4dfp.hdr
freesurfer analyzeto4dfp.c
Reading: talsrcimg.hdr
header size 348 bytes
hdr.dime.datatype	offset=70	value=2
hdr.dime.bitpix		offset=72	value=8
hdr.hist.orient		offset=252	value=-1
dimensionality     4
dimensions       256       256       256         1
Reading: talsrcimg.img
Writing: talsrcimg.4dfp.img
Writing: talsrcimg.4dfp.ifh
ifh2hdr talsrcimg -r0to255
ori=2

---------------------------------------------------------------------
gauss_4dfp talsrcimg 1.1
---------------------------------------------------------------------

freesurfer gauss_4dfp.c
Reading: talsrcimg.4dfp.img
Writing: talsrcimg_g11.4dfp.img
image dimensions 256 256 256 padded to 288 288 288
processing volume 1freesurfer ifh2hdr.c
Sun Mar  8 15:59:14 2026
Writing: talsrcimg_g11.4dfp.hdr

Writing: talsrcimg_g11.4dfp.ifh
including: talsrcimg.4dfp.img.rec in talsrcimg_g11.4dfp.img.rec

---------------------------------------------------------------------
imgreg_4dfp /opt/freesurfer/average/711-2C_as_mni_average_305 none talsrcimg_g11 none talsrcimg_to_711-2C_as_mni_average_305_t4 4355
---------------------------------------------------------------------

freesurfer imgreg_4dfp.c
/opt/freesurfer/average/711-2C_as_mni_average_305.4dfp.img
       256       256       256         1
  1.000000  1.000000  1.000000
orientation T byte_order littleendian
Reading image: /opt/freesurfer/average/711-2C_as_mni_average_305.4dfp.img
dimensions:      256       256       256
mmppix:       1.0000   -1.0000   -1.0000
center:     128.0000 -129.0000 -129.0000
talsrcimg_g11.4dfp.img
       256       256       256         1
  1.000000  1.000000  1.000000
orientation T byte_order littleendian
Reading image: talsrcimg_g11.4dfp.img
dimensions:      256       256       256
mmppix:       1.0000   -1.0000   -1.0000
center:     128.0000 -129.0000 -129.0000
t4_read: open error in t4_sub.f l:  41 t4_file(1:l)talsrcimg_to_711-2C_as_mni_average_305_t4 
t4_read: transform initialized to I4
rotation matrix determinant  1.000000
image alignment mode   4355 decimal     1103 hex
   -7.5000  -45.0000  -45.0000 8472.8623   15.3541
    0.0000  -45.0000  -45.0000 8768.6875   15.3447
    7.5000  -45.0000  -45.0000 8346.5742   15.3408
   -7.5000  -37.5000  -45.0000 9082.0420   15.2839
    0.0000  -37.5000  -45.0000 9425.3184   15.2795
    7.5000  -37.5000  -45.0000 8946.4697   15.2828
   -7.5000  -30.0000  -45.0000 9978.2393   15.2211
    0.0000  -30.0000  -45.000010389.6758   15.2218
    7.5000  -30.0000  -45.0000 9859.5586   15.2282
   -7.5000  -22.5000  -45.000010821.9658   15.1621
    0.0000  -22.5000  -45.000011272.5723   15.1611
    7.5000  -22.5000  -45.000010709.0264   15.1624
   -7.5000  -15.0000  -45.000011555.0273   15.0950
    0.0000  -15.0000  -45.000012013.1270   15.0888
    7.5000  -15.0000  -45.000011433.2285   15.0829
   -7.5000   -7.5000  -45.000012148.3984   15.0299
    0.0000   -7.5000  -45.000012629.5098   15.0203
    7.5000   -7.5000  -45.000012044.0742   15.0122
   -7.5000    0.0000  -45.000012616.7783   15.0122
    0.0000    0.0000  -45.000013123.0742   15.0029
    7.5000    0.0000  -45.000012531.9062   14.9990
   -7.5000    7.5000  -45.000012109.5850   15.0130
    0.0000    7.5000  -45.000012622.5498   15.0086
    7.5000    7.5000  -45.000012066.4199   15.0117
   -7.5000   15.0000  -45.000011539.9121   15.0205
    0.0000   15.0000  -45.000012050.0205   15.0209
    7.5000   15.0000  -45.000011481.8174   15.0270
   -7.5000   22.5000  -45.000010913.3125   15.0305
    0.0000   22.5000  -45.000011359.7881   15.0294
    7.5000   22.5000  -45.000010834.4453   15.0307
   -7.5000   30.0000  -45.000010191.4785   14.8783
    0.0000   30.0000  -45.000010592.8857   14.8718
    7.5000   30.0000  -45.000010097.2773   14.8658
   -7.5000   37.5000  -45.0000 9800.6328   14.9925
    0.0000   37.5000  -45.000010178.5723   14.9826
    7.5000   37.5000  -45.0000 9716.2744   14.9752
   -7.5000   45.0000  -45.0000 9018.8809   14.7767
    0.0000   45.0000  -45.0000 9375.8242   14.7650
    7.5000   45.0000  -45.0000 8947.7217   14.7618
   -7.5000  -45.0000  -37.5000 9001.1387   15.3285
    0.0000  -45.0000  -37.5000 9324.0566   15.3238
    7.5000  -45.0000  -37.5000 8858.6172   15.3234
   -7.5000  -37.5000  -37.5000 9638.2949   15.2503
    0.0000  -37.5000  -37.5000 9996.8477   15.2494
    7.5000  -37.5000  -37.5000 9484.3770   15.2561
   -7.5000  -30.0000  -37.500010582.6328   15.1864
    0.0000  -30.0000  -37.500010999.4082   15.1880
    7.5000  -30.0000  -37.500010426.9912   15.1965
   -7.5000  -22.5000  -37.500011466.2178   15.1355
    0.0000  -22.5000  -37.500011908.4004   15.1345
    7.5000  -22.5000  -37.500011295.2744   15.1358
   -7.5000  -15.0000  -37.500012199.7725   15.0768
    0.0000  -15.0000  -37.500012672.0029   15.0715
    7.5000  -15.0000  -37.500012062.5547   15.0648
   -7.5000   -7.5000  -37.500012800.4326   15.0104
    0.0000   -7.5000  -37.500013316.4492   15.0039
    7.5000   -7.5000  -37.500012685.7471   14.9971
   -7.5000    0.0000  -37.500013289.0469   14.9849
    0.0000    0.0000  -37.500013833.9180   14.9799
    7.5000    0.0000  -37.500013166.0635   14.9794
   -7.5000    7.5000  -37.500012766.1367   14.9777
    0.0000    7.5000  -37.500013293.4863   14.9764
    7.5000    7.5000  -37.500012644.9014   14.9828
   -7.5000   15.0000  -37.500012131.6250   14.9838
    0.0000   15.0000  -37.500012639.0811   14.9850
    7.5000   15.0000  -37.500012005.7031   14.9932
   -7.5000   22.5000  -37.500011422.1748   15.0018
    0.0000   22.5000  -37.500011881.4102   15.0005
    7.5000   22.5000  -37.500011309.1396   15.0019
   -7.5000   30.0000  -37.500010637.6250   14.8581
    0.0000   30.0000  -37.500011060.7080   14.8523
    7.5000   30.0000  -37.500010528.6221   14.8456
   -7.5000   37.5000  -37.500010193.9912   14.9706
    0.0000   37.5000  -37.500010591.6426   14.9639
    7.5000   37.5000  -37.500010091.3291   14.9575
   -7.5000   45.0000  -37.5000 9350.6426   14.7469
    0.0000   45.0000  -37.5000 9727.9805   14.7401
    7.5000   45.0000  -37.5000 9284.3232   14.7396
   -7.5000  -45.0000  -30.0000 9656.7236   15.9179
    0.0000  -45.0000  -30.0000 9996.0820   15.9136
    7.5000  -45.0000  -30.0000 9485.6436   15.9177
   -7.5000  -37.5000  -30.000010329.3154   15.8300
    0.0000  -37.5000  -30.000010711.2979   15.8273
    7.5000  -37.5000  -30.000010151.6406   15.8401
   -7.5000  -30.0000  -30.000011340.3818   15.7617
    0.0000  -30.0000  -30.000011771.6787   15.7591
    7.5000  -30.0000  -30.000011160.0293   15.7732
   -7.5000  -22.5000  -30.000012249.7324   15.7110
    0.0000  -22.5000  -30.000012714.6318   15.7052
    7.5000  -22.5000  -30.000012055.4414   15.7098
   -7.5000  -15.0000  -30.000013005.1152   15.6515
    0.0000  -15.0000  -30.000013497.8467   15.6429
    7.5000  -15.0000  -30.000012826.3506   15.6377
   -7.5000   -7.5000  -30.000013610.6250   15.5800
    0.0000   -7.5000  -30.000014161.8594   15.5728
    7.5000   -7.5000  -30.000013466.3291   15.5684
   -7.5000    0.0000  -30.000014146.3506   15.5482
    0.0000    0.0000  -30.000014721.2939   15.5434
    7.5000    0.0000  -30.000013962.0400   15.5471
   -7.5000    7.5000  -30.000013597.1895   15.5369
    0.0000    7.5000  -30.000014149.0508   15.5337
    7.5000    7.5000  -30.000013391.3740   15.5457
   -7.5000   15.0000  -30.000012888.9697   15.5439
    0.0000   15.0000  -30.000013416.2275   15.5410
    7.5000   15.0000  -30.000012697.7139   15.5545
   -7.5000   22.5000  -30.000012107.1055   15.5657
    0.0000   22.5000  -30.000012581.8770   15.5598
    7.5000   22.5000  -30.000011933.1074   15.5642
   -7.5000   30.0000  -30.000011236.5146   15.4232
    0.0000   30.0000  -30.000011669.8379   15.4141
    7.5000   30.0000  -30.000011084.8496   15.4089
   -7.5000   37.5000  -30.000010742.9316   15.5380
    0.0000   37.5000  -30.000011159.4707   15.5310
    7.5000   37.5000  -30.000010604.7627   15.5266
   -7.5000   45.0000  -30.0000 9835.4014   15.3082
    0.0000   45.0000  -30.000010228.9521   15.3024
    7.5000   45.0000  -30.0000 9728.7773   15.3052
   -7.5000  -45.0000  -22.500010265.6934   16.4496
    0.0000  -45.0000  -22.500010635.0410   16.4403
    7.5000  -45.0000  -22.500010090.5234   16.4462
   -7.5000  -37.5000  -22.500010953.6484   16.3621
    0.0000  -37.5000  -22.500011380.8057   16.3544
    7.5000  -37.5000  -22.500010793.3369   16.3700
   -7.5000  -30.0000  -22.500012025.3330   16.2935
    0.0000  -30.0000  -22.500012506.5732   16.2860
    7.5000  -30.0000  -22.500011851.6963   16.3036
   -7.5000  -22.5000  -22.500012939.7324   16.2383
    0.0000  -22.5000  -22.500013461.1982   16.2279
    7.5000  -22.5000  -22.500012762.6699   16.2349
   -7.5000  -15.0000  -22.500013719.6465   16.1729
    0.0000  -15.0000  -22.500014287.1709   16.1598
    7.5000  -15.0000  -22.500013562.7539   16.1559
   -7.5000   -7.5000  -22.500014345.0352   16.0984
    0.0000   -7.5000  -22.500014971.1611   16.0866
    7.5000   -7.5000  -22.500014188.5596   16.0833
   -7.5000    0.0000  -22.500014876.1855   16.0671
    0.0000    0.0000  -22.500015501.0322   16.0576
    7.5000    0.0000  -22.500014664.7422   16.0630
   -7.5000    7.5000  -22.500014294.2930   16.0588
    0.0000    7.5000  -22.500014890.8711   16.0508
    7.5000    7.5000  -22.500014036.2520   16.0657
   -7.5000   15.0000  -22.500013576.7627   16.0682
    0.0000   15.0000  -22.500014130.8740   16.0604
    7.5000   15.0000  -22.500013312.3125   16.0774
   -7.5000   22.5000  -22.500012732.2764   16.0870
    0.0000   22.5000  -22.500013240.1377   16.0765
    7.5000   22.5000  -22.500012487.5098   16.0834
   -7.5000   30.0000  -22.500011795.1504   15.9394
    0.0000   30.0000  -22.500012253.2119   15.9260
    7.5000   30.0000  -22.500011592.8379   15.9222
   -7.5000   37.5000  -22.500011247.4307   16.0580
    0.0000   37.5000  -22.500011693.9141   16.0465
    7.5000   37.5000  -22.500011074.7266   16.0430
   -7.5000   45.0000  -22.500010276.4189   15.8296
    0.0000   45.0000  -22.500010675.8213   15.8195
    7.5000   45.0000  -22.500010148.5703   15.8239
   -7.5000  -45.0000  -15.000010859.8828   16.8587
    0.0000  -45.0000  -15.000011284.5029   16.8443
    7.5000  -45.0000  -15.000010713.1064   16.8470
   -7.5000  -37.5000  -15.000011580.4404   16.7773
    0.0000  -37.5000  -15.000012044.8516   16.7657
    7.5000  -37.5000  -15.000011430.2627   16.7784
   -7.5000  -30.0000  -15.000012679.8438   16.7087
    0.0000  -30.0000  -15.000013192.6738   16.6992
    7.5000  -30.0000  -15.000012521.7822   16.7154
   -7.5000  -22.5000  -15.000013616.5850   16.6435
    0.0000  -22.5000  -15.000014166.6387   16.6319
    7.5000  -22.5000  -15.000013456.4951   16.6395
   -7.5000  -15.0000  -15.000014406.0693   16.5674
    0.0000  -15.0000  -15.000015025.5371   16.5526
    7.5000  -15.0000  -15.000014241.5938   16.5495
   -7.5000   -7.5000  -15.000015018.3428   16.4907
    0.0000   -7.5000  -15.000015692.6777   16.4753
    7.5000   -7.5000  -15.000014877.0479   16.4708
   -7.5000    0.0000  -15.000015547.4678   16.4655
    0.0000    0.0000  -15.000016206.6221   16.4513
    7.5000    0.0000  -15.000015340.3818   16.4535
   -7.5000    7.5000  -15.000014938.2129   16.4657
    0.0000    7.5000  -15.000015551.4629   16.4540
    7.5000    7.5000  -15.000014662.9678   16.4659
   -7.5000   15.0000  -15.000014168.7607   16.4772
    0.0000   15.0000  -15.000014737.6377   16.4677
    7.5000   15.0000  -15.000013887.2930   16.4833
   -7.5000   22.5000  -15.000013292.6650   16.4878
    0.0000   22.5000  -15.000013813.5635   16.4762
    7.5000   22.5000  -15.000012997.6221   16.4837
   -7.5000   30.0000  -15.000012304.1660   16.3310
    0.0000   30.0000  -15.000012783.3076   16.3160
    7.5000   30.0000  -15.000012051.6240   16.3131
   -7.5000   37.5000  -15.000011711.5928   16.4531
    0.0000   37.5000  -15.000012172.6396   16.4377
    7.5000   37.5000  -15.000011492.3711   16.4332
   -7.5000   45.0000  -15.000010695.4541   16.2342
    0.0000   45.0000  -15.000011107.1562   16.2188
    7.5000   45.0000  -15.000010533.8887   16.2207
   -7.5000  -45.0000   -7.500011447.1592   17.0676
    0.0000  -45.0000   -7.500011921.3877   17.0530
    7.5000  -45.0000   -7.500011340.4854   17.0500
   -7.5000  -37.5000   -7.500012181.1758   16.9894
    0.0000  -37.5000   -7.500012695.9336   16.9793
    7.5000  -37.5000   -7.500012077.2734   16.9855
   -7.5000  -30.0000   -7.500013310.3584   16.9185
    0.0000  -30.0000   -7.500013862.0508   16.9131
    7.5000  -30.0000   -7.500013192.3438   16.9238
   -7.5000  -22.5000   -7.500014276.2285   16.8460
    0.0000  -22.5000   -7.500014890.4336   16.8393
    7.5000  -22.5000   -7.500014146.8242   16.8442
   -7.5000  -15.0000   -7.500015100.0410   16.7636
    0.0000  -15.0000   -7.500015794.9033   16.7524
    7.5000  -15.0000   -7.500014991.5332   16.7481
   -7.5000   -7.5000   -7.500015735.3740   16.6866
    0.0000   -7.5000   -7.500016411.0566   16.6722
    7.5000   -7.5000   -7.500015617.7109   16.6649
   -7.5000    0.0000   -7.500016299.2051   16.6669
    0.0000    0.0000   -7.500016949.8340   16.6523
    7.5000    0.0000   -7.500016105.7910   16.6492
   -7.5000    7.5000   -7.500015674.2119   16.6720
    0.0000    7.5000   -7.500016276.8281   16.6618
    7.5000    7.5000   -7.500015403.7422   16.6675
   -7.5000   15.0000   -7.500014798.2295   16.6832
    0.0000   15.0000   -7.500015387.4766   16.6776
    7.5000   15.0000   -7.500014542.5605   16.6879
   -7.5000   22.5000   -7.500013825.7861   16.6863
    0.0000   22.5000   -7.500014370.1104   16.6795
    7.5000   22.5000   -7.500013555.3291   16.6844
   -7.5000   30.0000   -7.500012780.9971   16.5244
    0.0000   30.0000   -7.500013277.8457   16.5130
    7.5000   30.0000   -7.500012557.6123   16.5088
   -7.5000   37.5000   -7.500012143.0439   16.6489
    0.0000   37.5000   -7.500012619.3916   16.6341
    7.5000   37.5000   -7.500011949.1309   16.6273
   -7.5000   45.0000   -7.500011093.7217   16.4396
    0.0000   45.0000   -7.500011536.8418   16.4229
    7.5000   45.0000   -7.500010937.6221   16.4203
   -7.5000  -45.0000    0.000011965.7959   17.0958
    0.0000  -45.0000    0.000012459.8594   17.0858
    7.5000  -45.0000    0.000011899.8467   17.0811
   -7.5000  -37.5000    0.000012684.3096   17.0122
    0.0000  -37.5000    0.000013225.8877   17.0077
    7.5000  -37.5000    0.000012631.8691   17.0111
   -7.5000  -30.0000    0.000013813.1855   16.9375
    0.0000  -30.0000    0.000014379.3379   16.9384
    7.5000  -30.0000    0.000013742.8564   16.9452
   -7.5000  -22.5000    0.000014810.3447   16.8673
    0.0000  -22.5000    0.000015451.6562   16.8664
    7.5000  -22.5000    0.000014722.5635   16.8676
   -7.5000  -15.0000    0.000015677.8652   16.7887
    0.0000  -15.0000    0.000016332.9805   16.7819
    7.5000  -15.0000    0.000015619.6475   16.7751
   -7.5000   -7.5000    0.000016331.3662   16.7127
    0.0000   -7.5000    0.000016969.7422   16.7021
    7.5000   -7.5000    0.000016288.9463   16.6929
   -7.5000    0.0000    0.000016937.0332   16.6909
    0.0000    0.0000    0.000017561.2441   16.6806
    7.5000    0.0000    0.000016805.4609   16.6758
   -7.5000    7.5000    0.000016283.5381   16.6918
    0.0000    7.5000    0.000016911.0059   16.6868
    7.5000    7.5000    0.000016075.3662   16.6898
   -7.5000   15.0000    0.000015343.7109   16.7003
    0.0000   15.0000    0.000015933.1250   16.7008
    7.5000   15.0000    0.000015133.2344   16.7072
   -7.5000   22.5000    0.000014273.6797   16.7065
    0.0000   22.5000    0.000014810.4326   16.7053
    7.5000   22.5000    0.000014077.9473   16.7064
   -7.5000   30.0000    0.000013159.2822   16.5495
    0.0000   30.0000    0.000013661.0674   16.5423
    7.5000   30.0000    0.000013001.2461   16.5354
   -7.5000   37.5000    0.000012502.6279   16.6745
    0.0000   37.5000    0.000012978.0439   16.6635
    7.5000   37.5000    0.000012356.1729   16.6550
   -7.5000   45.0000    0.000011429.7676   16.4653
    0.0000   45.0000    0.000011881.3389   16.4523
    7.5000   45.0000    0.000011326.8936   16.4483
   -7.5000  -45.0000    7.500011541.0518   17.1032
    0.0000  -45.0000    7.500012029.8955   17.0981
    7.5000  -45.0000    7.500011471.8428   17.0975
   -7.5000  -37.5000    7.500012220.0947   17.0132
    0.0000  -37.5000    7.500012752.9434   17.0123
    7.5000  -37.5000    7.500012186.9639   17.0196
   -7.5000  -30.0000    7.500013264.9932   16.9393
    0.0000  -30.0000    7.500013819.2578   16.9413
    7.5000  -30.0000    7.500013262.4434   16.9505
   -7.5000  -22.5000    7.500014194.4990   16.8802
    0.0000  -22.5000    7.500014792.1377   16.8791
    7.5000  -22.5000    7.500014191.6523   16.8805
   -7.5000  -15.0000    7.500015010.9902   16.8127
    0.0000  -15.0000    7.500015599.0156   16.8068
    7.5000  -15.0000    7.500014995.0557   16.7992
   -7.5000   -7.5000    7.500015734.3447   16.7371
    0.0000   -7.5000    7.500016326.6367   16.7298
    7.5000   -7.5000    7.500015721.7490   16.7222
   -7.5000    0.0000    7.500016327.0186   16.7077
    0.0000    0.0000    7.500016947.0879   16.7023
    7.5000    0.0000    7.500016300.0850   16.7014
   -7.5000    7.5000    7.500015672.9951   16.6999
    0.0000    7.5000    7.500016273.5342   16.6985
    7.5000    7.5000    7.500015577.1953   16.7053
   -7.5000   15.0000    7.500014791.4727   16.7068
    0.0000   15.0000    7.500015370.8613   16.7082
    7.5000   15.0000    7.500014643.2021   16.7170
   -7.5000   22.5000    7.500013747.8135   16.7215
    0.0000   22.5000    7.500014265.4023   16.7202
    7.5000   22.5000    7.500013602.1592   16.7215
   -7.5000   30.0000    7.500012637.3848   16.5732
    0.0000   30.0000    7.500013113.3057   16.5667
    7.5000   30.0000    7.500012528.4551   16.5591
   -7.5000   37.5000    7.500012017.8926   16.6976
    0.0000   37.5000    7.500012451.1113   16.6902
    7.5000   37.5000    7.500011896.5137   16.6829
   -7.5000   45.0000    7.500011011.3291   16.4797
    0.0000   45.0000    7.500011399.4980   16.4722
    7.5000   45.0000    7.500010887.8594   16.4713
   -7.5000  -45.0000   15.000010983.2363   17.1505
    0.0000  -45.0000   15.000011423.3447   17.1460
    7.5000  -45.0000   15.000010921.0283   17.1504
   -7.5000  -37.5000   15.000011624.1318   17.0584
    0.0000  -37.5000   15.000012106.4482   17.0557
    7.5000  -37.5000   15.000011600.5283   17.0695
   -7.5000  -30.0000   15.000012617.8438   16.9877
    0.0000  -30.0000   15.000013146.7656   16.9852
    7.5000  -30.0000   15.000012661.0928   17.0004
   -7.5000  -22.5000   15.000013501.3613   16.9364
    0.0000  -22.5000   15.000014087.9639   16.9304
    7.5000  -22.5000   15.000013569.1572   16.9353
   -7.5000  -15.0000   15.000014283.6074   16.8754
    0.0000  -15.0000   15.000014860.3643   16.8664
    7.5000  -15.0000   15.000014320.8389   16.8607
   -7.5000   -7.5000   15.000015015.6455   16.7992
    0.0000   -7.5000   15.000015599.2305   16.7916
    7.5000   -7.5000   15.000014989.7900   16.7868
   -7.5000    0.0000   15.000015667.0068   16.7645
    0.0000    0.0000   15.000016252.0322   16.7596
    7.5000    0.0000   15.000015533.9775   16.7635
   -7.5000    7.5000   15.000015060.8301   16.7520
    0.0000    7.5000   15.000015580.5576   16.7489
    7.5000    7.5000   15.000014857.4004   16.7618
   -7.5000   15.0000   15.000014183.8027   16.7595
    0.0000   15.0000   15.000014670.0811   16.7566
    7.5000   15.0000   15.000013956.2930   16.7712
   -7.5000   22.5000   15.000013161.5566   16.7797
    0.0000   22.5000   15.000013605.5908   16.7735
    7.5000   22.5000   15.000012956.8027   16.7782
   -7.5000   30.0000   15.000012101.4473   16.6350
    0.0000   30.0000   15.000012518.5479   16.6255
    7.5000   30.0000   15.000011938.1953   16.6197
   -7.5000   37.5000   15.000011492.3623   16.7591
    0.0000   37.5000   15.000011905.0215   16.7517
    7.5000   37.5000   15.000011357.0068   16.7469
   -7.5000   45.0000   15.000010501.8525   16.5331
    0.0000   45.0000   15.000010860.4004   16.5270
    7.5000   45.0000   15.000010369.5127   16.5301
   -7.5000  -45.0000   22.500010263.7666   17.2359
    0.0000  -45.0000   22.500010693.0635   17.2264
    7.5000  -45.0000   22.500010215.9561   17.2325
   -7.5000  -37.5000   22.500010905.9307   17.1496
    0.0000  -37.5000   22.500011375.1094   17.1417
    7.5000  -37.5000   22.500010873.5576   17.1583
   -7.5000  -30.0000   22.500011926.5713   17.0837
    0.0000  -30.0000   22.500012427.0361   17.0759
    7.5000  -30.0000   22.500011907.7646   17.0945
   -7.5000  -22.5000   22.500012829.1943   17.0322
    0.0000  -22.5000   22.500013364.5703   17.0214
    7.5000  -22.5000   22.500012803.7256   17.0287
   -7.5000  -15.0000   22.500013628.9775   16.9698
    0.0000  -15.0000   22.500014123.8008   16.9561
    7.5000  -15.0000   22.500013561.4814   16.9517
   -7.5000   -7.5000   22.500014290.7324   16.8929
    0.0000   -7.5000   22.500014798.3936   16.8808
    7.5000   -7.5000   22.500014211.2363   16.8771
   -7.5000    0.0000   22.500014791.7197   16.8594
    0.0000    0.0000   22.500015309.5781   16.8497
    7.5000    0.0000   22.500014700.2646   16.8553
   -7.5000    7.5000   22.500014136.9863   16.8502
    0.0000    7.5000   22.500014615.6162   16.8421
    7.5000    7.5000   22.500014007.2227   16.8579
   -7.5000   15.0000   22.500013349.7646   16.8602
    0.0000   15.0000   22.500013806.4297   16.8523
    7.5000   15.0000   22.500013182.0186   16.8702
   -7.5000   22.5000   22.500012431.0254   16.8778
    0.0000   22.5000   22.500012843.5498   16.8669
    7.5000   22.5000   22.500012253.7451   16.8740
   -7.5000   30.0000   22.500011476.2480   16.7260
    0.0000   30.0000   22.500011881.1416   16.7120
    7.5000   30.0000   22.500011325.5986   16.7077
   -7.5000   37.5000   22.500010938.3164   16.8482
    0.0000   37.5000   22.500011330.3232   16.8362
    7.5000   37.5000   22.500010779.0840   16.8324
   -7.5000   45.0000   22.5000 9980.0723   16.6186
    0.0000   45.0000   22.500010330.5605   16.6082
    7.5000   45.0000   22.5000 9829.6934   16.6127
   -7.5000  -45.0000   30.0000 9513.4580   17.3369
    0.0000  -45.0000   30.0000 9911.6494   17.3221
    7.5000  -45.0000   30.0000 9475.7646   17.3247
   -7.5000  -37.5000   30.000010146.3955   17.2614
    0.0000  -37.5000   30.000010586.3438   17.2496
    7.5000  -37.5000   30.000010090.1416   17.2627
   -7.5000  -30.0000   30.000011120.8262   17.1998
    0.0000  -30.0000   30.000011620.9561   17.1901
    7.5000  -30.0000   30.000011081.4912   17.2068
   -7.5000  -22.5000   30.000011979.6523   17.1424
    0.0000  -22.5000   30.000012498.2275   17.1306
    7.5000  -22.5000   30.000011909.8584   17.1381
   -7.5000  -15.0000   30.000012688.8213   17.0733
    0.0000  -15.0000   30.000013200.9590   17.0579
    7.5000  -15.0000   30.000012599.9785   17.0542
   -7.5000   -7.5000   30.000013297.3770   16.9965
    0.0000   -7.5000   30.000013827.6211   16.9806
    7.5000   -7.5000   30.000013202.3945   16.9756
   -7.5000    0.0000   30.000013770.0928   16.9694
    0.0000    0.0000   30.000014314.4346   16.9548
    7.5000    0.0000   30.000013666.2461   16.9570
   -7.5000    7.5000   30.000013138.9795   16.9690
    0.0000    7.5000   30.000013641.2393   16.9571
    7.5000    7.5000   30.000013036.5254   16.9695
   -7.5000   15.0000   30.000012403.5342   16.9812
    0.0000   15.0000   30.000012868.6006   16.9715
    7.5000   15.0000   30.000012275.6084   16.9876
   -7.5000   22.5000   30.000011568.8896   16.9907
    0.0000   22.5000   30.000012011.4277   16.9788
    7.5000   22.5000   30.000011427.4111   16.9862
   -7.5000   30.0000   30.000010704.8252   16.8268
    0.0000   30.0000   30.000011124.7568   16.8112
    7.5000   30.0000   30.000010595.0703   16.8076
   -7.5000   37.5000   30.000010237.0107   16.9480
    0.0000   37.5000   30.000010623.2109   16.9319
    7.5000   37.5000   30.000010098.0771   16.9269
   -7.5000   45.0000   30.0000 9362.3516   16.7224
    0.0000   45.0000   30.0000 9714.3271   16.7065
    7.5000   45.0000   30.0000 9223.9873   16.7084
   -7.5000  -45.0000   37.5000 9129.4785   17.5260
    0.0000  -45.0000   37.5000 9507.8984   17.5110
    7.5000  -45.0000   37.5000 9063.5146   17.5074
   -7.5000  -37.5000   37.5000 9712.9551   17.4570
    0.0000  -37.5000   37.500010137.7148   17.4468
    7.5000  -37.5000   37.5000 9648.8604   17.4529
   -7.5000  -30.0000   37.500010641.7178   17.3961
    0.0000  -30.0000   37.500011138.6553   17.3910
    7.5000  -30.0000   37.500010598.0176   17.4018
   -7.5000  -22.5000   37.500011475.6484   17.3340
    0.0000  -22.5000   37.500011984.5703   17.3275
    7.5000  -22.5000   37.500011407.8955   17.3321
   -7.5000  -15.0000   37.500012163.8506   17.2608
    0.0000  -15.0000   37.500012671.3359   17.2494
    7.5000  -15.0000   37.500012096.2930   17.2442
   -7.5000   -7.5000   37.500012730.6367   17.1845
    0.0000   -7.5000   37.500013252.7578   17.1696
    7.5000   -7.5000   37.500012666.5869   17.1613
   -7.5000    0.0000   37.500013185.4033   17.1628
    0.0000    0.0000   37.500013721.6328   17.1479
    7.5000    0.0000   37.500013108.7949   17.1442
   -7.5000    7.5000   37.500012601.8652   17.1679
    0.0000    7.5000   37.500013088.4004   17.1576
    7.5000    7.5000   37.500012521.3203   17.1632
   -7.5000   15.0000   37.500011906.0439   17.1798
    0.0000   15.0000   37.500012352.7070   17.1745
    7.5000   15.0000   37.500011817.3281   17.1849
   -7.5000   22.5000   37.500011102.8711   17.1834
    0.0000   22.5000   37.500011529.1387   17.1768
    7.5000   22.5000   37.500011000.2305   17.1813
   -7.5000   30.0000   37.500010302.7500   17.0108
    0.0000   30.0000   37.500010702.4922   16.9991
    7.5000   30.0000   37.500010199.6982   16.9941
   -7.5000   37.5000   37.5000 9849.2412   17.1326
    0.0000   37.5000   37.500010225.6680   17.1173
    7.5000   37.5000   37.5000 9733.4580   17.1095
   -7.5000   45.0000   37.5000 9024.0781   16.9127
    0.0000   45.0000   37.5000 9361.2900   16.8953
    7.5000   45.0000   37.5000 8918.0186   16.8922
   -7.5000  -45.0000   45.0000 8355.6846   17.7276
    0.0000  -45.0000   45.0000 8682.7354   17.7175
    7.5000  -45.0000   45.0000 8272.2432   17.7114
   -7.5000  -37.5000   45.0000 8887.4062   17.6547
    0.0000  -37.5000   45.0000 9268.1260   17.6508
    7.5000  -37.5000   45.0000 8807.1992   17.6538
   -7.5000  -30.0000   45.0000 9730.0059   17.5908
    0.0000  -30.0000   45.000010177.8457   17.5932
    7.5000  -30.0000   45.0000 9675.6738   17.6001
   -7.5000  -22.5000   45.000010486.8066   17.5319
    0.0000  -22.5000   45.000010953.4287   17.5322
    7.5000  -22.5000   45.000010430.9990   17.5329
   -7.5000  -15.0000   45.000011103.5527   17.4637
    0.0000  -15.0000   45.000011573.2275   17.4574
    7.5000  -15.0000   45.000011048.3760   17.4488
   -7.5000   -7.5000   45.000011617.1074   17.3885
    0.0000   -7.5000   45.000012102.1406   17.3780
    7.5000   -7.5000   45.000011568.8398   17.3667
   -7.5000    0.0000   45.000012033.7598   17.3651
    0.0000    0.0000   45.000012536.2998   17.3550
    7.5000    0.0000   45.000011981.3311   17.3486
   -7.5000    7.5000   45.000011523.6338   17.3660
    0.0000    7.5000   45.000011988.3926   17.3618
    7.5000    7.5000   45.000011452.7910   17.3643
   -7.5000   15.0000   45.000010902.4814   17.3747
    0.0000   15.0000   45.000011343.0127   17.3766
    7.5000   15.0000   45.000010835.0889   17.3831
   -7.5000   22.5000   45.000010178.0430   17.3807
    0.0000   22.5000   45.000010606.1621   17.3808
    7.5000   22.5000   45.000010108.9092   17.3813
   -7.5000   30.0000   45.0000 9447.0498   17.2081
    0.0000   30.0000   45.0000 9850.3633   17.2014
    7.5000   30.0000   45.0000 9373.0537   17.1929
   -7.5000   37.5000   45.0000 9043.4561   17.3322
    0.0000   37.5000   45.0000 9411.0938   17.3211
    7.5000   37.5000   45.0000 8955.9268   17.3107
   -7.5000   45.0000   45.0000 8303.2002   17.1204
    0.0000   45.0000   45.0000 8628.4297   17.1071
    7.5000   45.0000   45.0000 8226.5547   17.1018

---------------------------------------------------------------------
imgreg_4dfp /opt/freesurfer/average/711-2C_as_mni_average_305 /opt/freesurfer/average/711-2B_as_mni_average_305_mask talsrcimg_g11 none talsrcimg_to_711-2C_as_mni_average_305_t4 4355
---------------------------------------------------------------------

freesurfer imgreg_4dfp.c
/opt/freesurfer/average/711-2C_as_mni_average_305.4dfp.img
       256       256       256         1
  1.000000  1.000000  1.000000
orientation T byte_order littleendian
Reading image: /opt/freesurfer/average/711-2C_as_mni_average_305.4dfp.img
dimensions:      256       256       256
mmppix:       1.0000   -1.0000   -1.0000
center:     128.0000 -129.0000 -129.0000
/opt/freesurfer/average/711-2B_as_mni_average_305_mask.4dfp.img
       256       256       256         1
  1.000000  1.000000  1.000000
orientation T byte_order littleendian
Reading mask: /opt/freesurfer/average/711-2B_as_mni_average_305_mask.4dfp.img (2306576 pixels)
talsrcimg_g11.4dfp.img
       256       256       256         1
  1.000000  1.000000  1.000000
orientation T byte_order littleendian
Reading image: talsrcimg_g11.4dfp.img
dimensions:      256       256       256
mmppix:       1.0000   -1.0000   -1.0000
center:     128.0000 -129.0000 -129.0000
rotation matrix determinant  1.000000
image alignment mode   4355 decimal     1103 hex
   -7.5000  -45.0000  -45.0000 2074.4189   17.2112
    0.0000  -45.0000  -45.0000 2068.8027   17.2413
    7.5000  -45.0000  -45.0000 2044.0017   17.4640
   -7.5000  -37.5000  -45.0000 2150.3164   15.9348
    0.0000  -37.5000  -45.0000 2149.3320   15.9384
    7.5000  -37.5000  -45.0000 2121.7644   16.1926
   -7.5000  -30.0000  -45.0000 2209.9517   14.9857
    0.0000  -30.0000  -45.0000 2215.1165   14.9765
    7.5000  -30.0000  -45.0000 2185.5930   15.1835
   -7.5000  -22.5000  -45.0000 2257.0266   14.2656
    0.0000  -22.5000  -45.0000 2260.8687   14.2528
    7.5000  -22.5000  -45.0000 2235.1765   14.4107
   -7.5000  -15.0000  -45.0000 2280.9851   13.7213
    0.0000  -15.0000  -45.0000 2283.7407   13.7012
    7.5000  -15.0000  -45.0000 2260.6545   13.8582
   -7.5000   -7.5000  -45.0000 2290.7808   13.3897
    0.0000   -7.5000  -45.0000 2294.9497   13.3539
    7.5000   -7.5000  -45.0000 2275.0745   13.5026
   -7.5000    0.0000  -45.0000 2285.1416   13.3138
    0.0000    0.0000  -45.0000 2289.7939   13.2620
    7.5000    0.0000  -45.0000 2272.1482   13.4051
   -7.5000    7.5000  -45.0000 2266.0845   13.4236
    0.0000    7.5000  -45.0000 2276.4333   13.3584
    7.5000    7.5000  -45.0000 2260.8416   13.5130
   -7.5000   15.0000  -45.0000 2232.9663   13.8269
    0.0000   15.0000  -45.0000 2245.8679   13.7860
    7.5000   15.0000  -45.0000 2223.7007   13.9774
   -7.5000   22.5000  -45.0000 2183.9270   14.5691
    0.0000   22.5000  -45.0000 2193.9441   14.5271
    7.5000   22.5000  -45.0000 2174.1155   14.7348
   -7.5000   30.0000  -45.0000 2114.8818   15.6458
    0.0000   30.0000  -45.0000 2123.3354   15.5883
    7.5000   30.0000  -45.0000 2102.8562   15.8201
   -7.5000   37.5000  -45.0000 2030.1079   17.1151
    0.0000   37.5000  -45.0000 2037.3662   17.0191
    7.5000   37.5000  -45.0000 2016.9291   17.2739
   -7.5000   45.0000  -45.0000 1923.9680   19.0954
    0.0000   45.0000  -45.0000 1935.7648   18.9667
    7.5000   45.0000  -45.0000 1915.4790   19.2411
   -7.5000  -45.0000  -37.5000 2161.9395   15.9232
    0.0000  -45.0000  -37.5000 2155.7693   15.9730
    7.5000  -45.0000  -37.5000 2137.2136   16.1438
   -7.5000  -37.5000  -37.5000 2242.6541   14.7165
    0.0000  -37.5000  -37.5000 2239.5859   14.7417
    7.5000  -37.5000  -37.5000 2213.9221   14.9155
   -7.5000  -30.0000  -37.5000 2304.3940   13.7883
    0.0000  -30.0000  -37.5000 2302.8066   13.7927
    7.5000  -30.0000  -37.5000 2274.7859   13.9612
   -7.5000  -22.5000  -37.5000 2354.3926   13.1501
    0.0000  -22.5000  -37.5000 2352.1450   13.1416
    7.5000  -22.5000  -37.5000 2325.0796   13.2850
   -7.5000  -15.0000  -37.5000 2378.3997   12.6894
    0.0000  -15.0000  -37.5000 2380.5557   12.6578
    7.5000  -15.0000  -37.5000 2357.4919   12.7943
   -7.5000   -7.5000  -37.5000 2390.4531   12.4136
    0.0000   -7.5000  -37.5000 2397.9680   12.3521
    7.5000   -7.5000  -37.5000 2374.7080   12.5066
   -7.5000    0.0000  -37.5000 2390.3411   12.3564
    0.0000    0.0000  -37.5000 2397.8523   12.3046
    7.5000    0.0000  -37.5000 2373.0837   12.4227
   -7.5000    7.5000  -37.5000 2369.3789   12.5157
    0.0000    7.5000  -37.5000 2381.0039   12.4586
    7.5000    7.5000  -37.5000 2359.3030   12.5740
   -7.5000   15.0000  -37.5000 2331.9238   12.9094
    0.0000   15.0000  -37.5000 2343.7666   12.8376
    7.5000   15.0000  -37.5000 2319.1465   12.9942
   -7.5000   22.5000  -37.5000 2272.2295   13.6072
    0.0000   22.5000  -37.5000 2283.7268   13.5355
    7.5000   22.5000  -37.5000 2261.2009   13.6962
   -7.5000   30.0000  -37.5000 2192.1536   14.6011
    0.0000   30.0000  -37.5000 2201.5916   14.5218
    7.5000   30.0000  -37.5000 2179.7300   14.6935
   -7.5000   37.5000  -37.5000 2097.3103   15.9223
    0.0000   37.5000  -37.5000 2105.0906   15.8415
    7.5000   37.5000  -37.5000 2084.6558   16.0478
   -7.5000   45.0000  -37.5000 1986.5825   17.7630
    0.0000   45.0000  -37.5000 1996.7180   17.6375
    7.5000   45.0000  -37.5000 1978.6940   17.8668
   -7.5000  -45.0000  -30.0000 2281.0618   15.2841
    0.0000  -45.0000  -30.0000 2276.9683   15.3137
    7.5000  -45.0000  -30.0000 2256.0056   15.4914
   -7.5000  -37.5000  -30.0000 2363.8777   14.1222
    0.0000  -37.5000  -30.0000 2362.8872   14.1317
    7.5000  -37.5000  -30.0000 2335.3979   14.2991
   -7.5000  -30.0000  -30.0000 2435.2534   13.2407
    0.0000  -30.0000  -30.0000 2432.7820   13.2418
    7.5000  -30.0000  -30.0000 2404.7463   13.3921
   -7.5000  -22.5000  -30.0000 2491.7507   12.5908
    0.0000  -22.5000  -30.0000 2488.9893   12.5718
    7.5000  -22.5000  -30.0000 2461.0847   12.6954
   -7.5000  -15.0000  -30.0000 2521.9976   12.1566
    0.0000  -15.0000  -30.0000 2524.5210   12.1181
    7.5000  -15.0000  -30.0000 2496.8555   12.2456
   -7.5000   -7.5000  -30.0000 2536.9377   11.9186
    0.0000   -7.5000  -30.0000 2542.0361   11.8661
    7.5000   -7.5000  -30.0000 2519.6204   11.9863
   -7.5000    0.0000  -30.0000 2542.3179   11.8765
    0.0000    0.0000  -30.0000 2553.5601   11.8115
    7.5000    0.0000  -30.0000 2524.0945   11.9367
   -7.5000    7.5000  -30.0000 2525.4504   12.0571
    0.0000    7.5000  -30.0000 2537.9817   11.9904
    7.5000    7.5000  -30.0000 2510.5054   12.1139
   -7.5000   15.0000  -30.0000 2478.7996   12.4696
    0.0000   15.0000  -30.0000 2493.2766   12.3971
    7.5000   15.0000  -30.0000 2463.6729   12.5245
   -7.5000   22.5000  -30.0000 2411.8333   13.1445
    0.0000   22.5000  -30.0000 2425.8293   13.0831
    7.5000   22.5000  -30.0000 2396.4807   13.2244
   -7.5000   30.0000  -30.0000 2319.6677   14.0931
    0.0000   30.0000  -30.0000 2330.1301   14.0245
    7.5000   30.0000  -30.0000 2303.7905   14.1645
   -7.5000   37.5000  -30.0000 2212.7566   15.3734
    0.0000   37.5000  -30.0000 2221.1252   15.3029
    7.5000   37.5000  -30.0000 2198.6753   15.4370
   -7.5000   45.0000  -30.0000 2085.8386   17.0943
    0.0000   45.0000  -30.0000 2097.5710   16.9930
    7.5000   45.0000  -30.0000 2075.7351   17.1970
   -7.5000  -45.0000  -22.5000 2363.1384   14.6500
    0.0000  -45.0000  -22.5000 2358.2876   14.6716
    7.5000  -45.0000  -22.5000 2334.9092   14.8618
   -7.5000  -37.5000  -22.5000 2448.7156   13.4916
    0.0000  -37.5000  -22.5000 2448.2300   13.4982
    7.5000  -37.5000  -22.5000 2422.3108   13.6728
   -7.5000  -30.0000  -22.5000 2524.8093   12.6355
    0.0000  -30.0000  -22.5000 2527.9683   12.6324
    7.5000  -30.0000  -22.5000 2500.1345   12.7831
   -7.5000  -22.5000  -22.5000 2587.0835   11.9904
    0.0000  -22.5000  -22.5000 2589.9285   11.9817
    7.5000  -22.5000  -22.5000 2562.9082   12.1248
   -7.5000  -15.0000  -22.5000 2633.6846   11.5535
    0.0000  -15.0000  -22.5000 2637.3762   11.5400
    7.5000  -15.0000  -22.5000 2611.1096   11.6821
   -7.5000   -7.5000  -22.5000 2657.6294   11.3339
    0.0000   -7.5000  -22.5000 2667.0083   11.3205
    7.5000   -7.5000  -22.5000 2641.4456   11.4218
   -7.5000    0.0000  -22.5000 2665.4482   11.3373
    0.0000    0.0000  -22.5000 2677.8049   11.2882
    7.5000    0.0000  -22.5000 2649.9990   11.3909
   -7.5000    7.5000  -22.5000 2646.9631   11.5555
    0.0000    7.5000  -22.5000 2664.5452   11.5105
    7.5000    7.5000  -22.5000 2630.4077   11.5837
   -7.5000   15.0000  -22.5000 2601.8196   11.9612
    0.0000   15.0000  -22.5000 2619.3594   11.9065
    7.5000   15.0000  -22.5000 2581.9590   12.0082
   -7.5000   22.5000  -22.5000 2523.3279   12.6267
    0.0000   22.5000  -22.5000 2539.0798   12.5652
    7.5000   22.5000  -22.5000 2504.5164   12.6799
   -7.5000   30.0000  -22.5000 2416.7839   13.5385
    0.0000   30.0000  -22.5000 2428.5242   13.4671
    7.5000   30.0000  -22.5000 2400.8018   13.5901
   -7.5000   37.5000  -22.5000 2295.8318   14.7491
    0.0000   37.5000  -22.5000 2305.7576   14.6859
    7.5000   37.5000  -22.5000 2280.5986   14.8249
   -7.5000   45.0000  -22.5000 2160.3464   16.3894
    0.0000   45.0000  -22.5000 2169.1143   16.3256
    7.5000   45.0000  -22.5000 2148.8530   16.4934
   -7.5000  -45.0000  -15.0000 2406.3176   14.1350
    0.0000  -45.0000  -15.0000 2405.0081   14.1437
    7.5000  -45.0000  -15.0000 2383.1558   14.3507
   -7.5000  -37.5000  -15.0000 2497.5059   12.9876
    0.0000  -37.5000  -15.0000 2499.2124   12.9861
    7.5000  -37.5000  -15.0000 2470.7507   13.1864
   -7.5000  -30.0000  -15.0000 2583.9751   12.1287
    0.0000  -30.0000  -15.0000 2584.2615   12.0944
    7.5000  -30.0000  -15.0000 2557.0386   12.2895
   -7.5000  -22.5000  -15.0000 2655.5688   11.4741
    0.0000  -22.5000  -15.0000 2660.3796   11.4454
    7.5000  -22.5000  -15.0000 2632.6497   11.6238
   -7.5000  -15.0000  -15.0000 2717.7988   11.0604
    0.0000  -15.0000  -15.0000 2725.0000   11.0316
    7.5000  -15.0000  -15.0000 2695.1987   11.1719
   -7.5000   -7.5000  -15.0000 2755.8687   10.8474
    0.0000   -7.5000  -15.0000 2769.8801   10.8252
    7.5000   -7.5000  -15.0000 2742.0396   10.9304
   -7.5000    0.0000  -15.0000 2768.7856   10.8645
    0.0000    0.0000  -15.0000 2788.5549   10.8160
    7.5000    0.0000  -15.0000 2755.9788   10.9194
   -7.5000    7.5000  -15.0000 2750.8093   11.1154
    0.0000    7.5000  -15.0000 2770.8154   11.0501
    7.5000    7.5000  -15.0000 2728.5061   11.1628
   -7.5000   15.0000  -15.0000 2689.5195   11.5290
    0.0000   15.0000  -15.0000 2710.7864   11.4529
    7.5000   15.0000  -15.0000 2671.6985   11.5773
   -7.5000   22.5000  -15.0000 2601.8088   12.1510
    0.0000   22.5000  -15.0000 2616.8411   12.0746
    7.5000   22.5000  -15.0000 2584.0820   12.1969
   -7.5000   30.0000  -15.0000 2485.4575   13.0001
    0.0000   30.0000  -15.0000 2497.0190   12.9247
    7.5000   30.0000  -15.0000 2469.7275   13.0581
   -7.5000   37.5000  -15.0000 2351.9763   14.1683
    0.0000   37.5000  -15.0000 2360.7771   14.0959
    7.5000   37.5000  -15.0000 2335.2632   14.2451
   -7.5000   45.0000  -15.0000 2210.8420   15.7608
    0.0000   45.0000  -15.0000 2215.1821   15.6869
    7.5000   45.0000  -15.0000 2196.5923   15.8465
   -7.5000  -45.0000   -7.5000 2425.0962   13.7165
    0.0000  -45.0000   -7.5000 2427.5735   13.7162
    7.5000  -45.0000   -7.5000 2406.4380   13.9801
   -7.5000  -37.5000   -7.5000 2521.7322   12.5467
    0.0000  -37.5000   -7.5000 2525.0627   12.5381
    7.5000  -37.5000   -7.5000 2498.3364   12.7759
   -7.5000  -30.0000   -7.5000 2617.2234   11.6767
    0.0000  -30.0000   -7.5000 2618.8271   11.6480
    7.5000  -30.0000   -7.5000 2591.1885   11.8769
   -7.5000  -22.5000   -7.5000 2697.4045   11.0661
    0.0000  -22.5000   -7.5000 2705.4431   11.0210
    7.5000  -22.5000   -7.5000 2675.9106   11.2140
   -7.5000  -15.0000   -7.5000 2776.1689   10.6769
    0.0000  -15.0000   -7.5000 2791.2646   10.6293
    7.5000  -15.0000   -7.5000 2756.0537   10.7982
   -7.5000   -7.5000   -7.5000 2836.2385   10.4616
    0.0000   -7.5000   -7.5000 2857.7842   10.4240
    7.5000   -7.5000   -7.5000 2814.3154   10.5675
   -7.5000    0.0000   -7.5000 2858.6548   10.4979
    0.0000    0.0000   -7.5000 2881.5090   10.4218
    7.5000    0.0000   -7.5000 2836.8000   10.5771
   -7.5000    7.5000   -7.5000 2834.6953   10.7904
    0.0000    7.5000   -7.5000 2857.3105   10.7053
    7.5000    7.5000   -7.5000 2810.2170   10.8433
   -7.5000   15.0000   -7.5000 2754.7563   11.1950
    0.0000   15.0000   -7.5000 2777.8396   11.1317
    7.5000   15.0000   -7.5000 2737.0713   11.2622
   -7.5000   22.5000   -7.5000 2652.4114   11.7340
    0.0000   22.5000   -7.5000 2670.0146   11.6665
    7.5000   22.5000   -7.5000 2635.5664   11.8084
   -7.5000   30.0000   -7.5000 2524.3726   12.5442
    0.0000   30.0000   -7.5000 2536.7009   12.4669
    7.5000   30.0000   -7.5000 2511.1113   12.6171
   -7.5000   37.5000   -7.5000 2385.3770   13.6793
    0.0000   37.5000   -7.5000 2394.9917   13.6030
    7.5000   37.5000   -7.5000 2368.9802   13.7753
   -7.5000   45.0000   -7.5000 2234.9553   15.2311
    0.0000   45.0000   -7.5000 2245.4065   15.1515
    7.5000   45.0000   -7.5000 2222.2605   15.3228
   -7.5000  -45.0000    0.0000 2438.9009   13.5002
    0.0000  -45.0000    0.0000 2439.3079   13.5072
    7.5000  -45.0000    0.0000 2414.7908   13.8264
   -7.5000  -37.5000    0.0000 2537.5930   12.3028
    0.0000  -37.5000    0.0000 2539.2729   12.2811
    7.5000  -37.5000    0.0000 2510.9214   12.6054
   -7.5000  -30.0000    0.0000 2634.7820   11.3932
    0.0000  -30.0000    0.0000 2637.4910   11.3530
    7.5000  -30.0000    0.0000 2606.3203   11.6467
   -7.5000  -22.5000    0.0000 2723.9248   10.7895
    0.0000  -22.5000    0.0000 2734.3989   10.7280
    7.5000  -22.5000    0.0000 2699.7952   10.9791
   -7.5000  -15.0000    0.0000 2813.7747   10.4397
    0.0000  -15.0000    0.0000 2832.7139   10.3909
    7.5000  -15.0000    0.0000 2792.2952   10.5797
   -7.5000   -7.5000    0.0000 2887.3340   10.2212
    0.0000   -7.5000    0.0000 2916.4646   10.1503
    7.5000   -7.5000    0.0000 2854.7458   10.3937
   -7.5000    0.0000    0.0000 2919.7876   10.2595
    0.0000    0.0000    0.0000 2944.0781   10.1499
    7.5000    0.0000    0.0000 2880.9846   10.4133
   -7.5000    7.5000    0.0000 2888.6487   10.5568
    0.0000    7.5000    0.0000 2913.1560   10.4785
    7.5000    7.5000    0.0000 2854.8535   10.6638
   -7.5000   15.0000    0.0000 2797.5251   10.9502
    0.0000   15.0000    0.0000 2818.3672   10.9056
    7.5000   15.0000    0.0000 2771.2202   11.0691
   -7.5000   22.5000    0.0000 2682.3979   11.4635
    0.0000   22.5000    0.0000 2697.1138   11.4093
    7.5000   22.5000    0.0000 2659.1545   11.5990
   -7.5000   30.0000    0.0000 2540.7737   12.2329
    0.0000   30.0000    0.0000 2553.6382   12.1775
    7.5000   30.0000    0.0000 2520.5186   12.3662
   -7.5000   37.5000    0.0000 2394.2532   13.3491
    0.0000   37.5000    0.0000 2405.6338   13.2970
    7.5000   37.5000    0.0000 2379.8489   13.4852
   -7.5000   45.0000    0.0000 2238.1428   14.8596
    0.0000   45.0000    0.0000 2249.5920   14.8222
    7.5000   45.0000    0.0000 2231.0364   15.0078
   -7.5000  -45.0000    7.5000 2450.0098   13.4064
    0.0000  -45.0000    7.5000 2449.5916   13.3821
    7.5000  -45.0000    7.5000 2421.6113   13.7538
   -7.5000  -37.5000    7.5000 2544.7080   12.2162
    0.0000  -37.5000    7.5000 2552.5066   12.1747
    7.5000  -37.5000    7.5000 2519.9412   12.5239
   -7.5000  -30.0000    7.5000 2636.9282   11.3135
    0.0000  -30.0000    7.5000 2648.1873   11.2489
    7.5000  -30.0000    7.5000 2612.7419   11.5866
   -7.5000  -22.5000    7.5000 2732.8162   10.6994
    0.0000  -22.5000    7.5000 2748.9614   10.6161
    7.5000  -22.5000    7.5000 2710.3184   10.9310
   -7.5000  -15.0000    7.5000 2817.4722   10.3363
    0.0000  -15.0000    7.5000 2843.5032   10.2515
    7.5000  -15.0000    7.5000 2794.6702   10.5470
   -7.5000   -7.5000    7.5000 2885.6694   10.2041
    0.0000   -7.5000    7.5000 2916.3140   10.1006
    7.5000   -7.5000    7.5000 2855.8218   10.3998
   -7.5000    0.0000    7.5000 2915.1814   10.2716
    0.0000    0.0000    7.5000 2941.3574   10.1931
    7.5000    0.0000    7.5000 2880.5696   10.4555
   -7.5000    7.5000    7.5000 2894.6985   10.4921
    0.0000    7.5000    7.5000 2913.2166   10.4583
    7.5000    7.5000    7.5000 2853.1270   10.6740
   -7.5000   15.0000    7.5000 2805.9873   10.8576
    0.0000   15.0000    7.5000 2826.3066   10.8167
    7.5000   15.0000    7.5000 2772.7329   11.0093
   -7.5000   22.5000    7.5000 2680.0874   11.3781
    0.0000   22.5000    7.5000 2694.3367   11.3258
    7.5000   22.5000    7.5000 2656.4231   11.5374
   -7.5000   30.0000    7.5000 2531.7981   12.1673
    0.0000   30.0000    7.5000 2543.7634   12.0942
    7.5000   30.0000    7.5000 2514.1594   12.3046
   -7.5000   37.5000    7.5000 2382.2415   13.2523
    0.0000   37.5000    7.5000 2395.2456   13.1952
    7.5000   37.5000    7.5000 2371.7793   13.3937
   -7.5000   45.0000    7.5000 2227.5696   14.7005
    0.0000   45.0000    7.5000 2241.7319   14.6404
    7.5000   45.0000    7.5000 2221.6826   14.8540
   -7.5000  -45.0000   15.0000 2436.1926   13.5311
    0.0000  -45.0000   15.0000 2440.0681   13.4745
    7.5000  -45.0000   15.0000 2411.5623   13.8822
   -7.5000  -37.5000   15.0000 2536.9170   12.3011
    0.0000  -37.5000   15.0000 2547.2744   12.2226
    7.5000  -37.5000   15.0000 2514.9238   12.6003
   -7.5000  -30.0000   15.0000 2627.1384   11.3987
    0.0000  -30.0000   15.0000 2641.2925   11.3123
    7.5000  -30.0000   15.0000 2612.2876   11.6827
   -7.5000  -22.5000   15.0000 2712.7393   10.8090
    0.0000  -22.5000   15.0000 2735.3948   10.7300
    7.5000  -22.5000   15.0000 2704.2856   11.0603
   -7.5000  -15.0000   15.0000 2790.1047   10.4803
    0.0000  -15.0000   15.0000 2819.2986   10.3847
    7.5000  -15.0000   15.0000 2776.4592   10.6971
   -7.5000   -7.5000   15.0000 2847.8406   10.3523
    0.0000   -7.5000   15.0000 2872.9114   10.2687
    7.5000   -7.5000   15.0000 2825.8921   10.5561
   -7.5000    0.0000   15.0000 2860.1440   10.4673
    0.0000    0.0000   15.0000 2885.5725   10.3857
    7.5000    0.0000   15.0000 2836.2686   10.6285
   -7.5000    7.5000   15.0000 2833.0388   10.6840
    0.0000    7.5000   15.0000 2851.4514   10.6237
    7.5000    7.5000   15.0000 2806.8291   10.8366
   -7.5000   15.0000   15.0000 2758.7666   10.9912
    0.0000   15.0000   15.0000 2777.4026   10.9430
    7.5000   15.0000   15.0000 2730.1680   11.1579
   -7.5000   22.5000   15.0000 2644.6350   11.4963
    0.0000   22.5000   15.0000 2659.3545   11.4458
    7.5000   22.5000   15.0000 2621.8857   11.6700
   -7.5000   30.0000   15.0000 2504.3701   12.2713
    0.0000   30.0000   15.0000 2519.0425   12.2079
    7.5000   30.0000   15.0000 2490.6204   12.4207
   -7.5000   37.5000   15.0000 2356.7271   13.3244
    0.0000   37.5000   15.0000 2373.8030   13.2546
    7.5000   37.5000   15.0000 2352.9502   13.4645
   -7.5000   45.0000   15.0000 2206.0176   14.6985
    0.0000   45.0000   15.0000 2218.0801   14.6333
    7.5000   45.0000   15.0000 2202.8555   14.8380
   -7.5000  -45.0000   22.5000 2401.1091   13.8805
    0.0000  -45.0000   22.5000 2406.3987   13.7845
    7.5000  -45.0000   22.5000 2383.0686   14.1602
   -7.5000  -37.5000   22.5000 2506.4175   12.6514
    0.0000  -37.5000   22.5000 2519.1560   12.5456
    7.5000  -37.5000   22.5000 2488.4731   12.9164
   -7.5000  -30.0000   22.5000 2595.1772   11.7843
    0.0000  -30.0000   22.5000 2614.9805   11.6843
    7.5000  -30.0000   22.5000 2583.9019   12.0476
   -7.5000  -22.5000   22.5000 2672.0034   11.2282
    0.0000  -22.5000   22.5000 2700.4407   11.1177
    7.5000  -22.5000   22.5000 2666.6438   11.4262
   -7.5000  -15.0000   22.5000 2738.7825   10.8999
    0.0000  -15.0000   22.5000 2765.4236   10.7718
    7.5000  -15.0000   22.5000 2729.4707   11.0731
   -7.5000   -7.5000   22.5000 2779.8171   10.7469
    0.0000   -7.5000   22.5000 2799.9561   10.6515
    7.5000   -7.5000   22.5000 2769.1348   10.9097
   -7.5000    0.0000   22.5000 2776.1912   10.8079
    0.0000    0.0000   22.5000 2799.8167   10.7087
    7.5000    0.0000   22.5000 2771.6079   10.9459
   -7.5000    7.5000   22.5000 2739.5750   11.0004
    0.0000    7.5000   22.5000 2761.1011   10.9152
    7.5000    7.5000   22.5000 2733.3376   11.1360
   -7.5000   15.0000   22.5000 2675.4343   11.3316
    0.0000   15.0000   22.5000 2696.8347   11.2609
    7.5000   15.0000   22.5000 2662.4563   11.4859
   -7.5000   22.5000   22.5000 2577.5339   11.8602
    0.0000   22.5000   22.5000 2596.8857   11.7995
    7.5000   22.5000   22.5000 2564.7124   12.0005
   -7.5000   30.0000   22.5000 2453.4490   12.6055
    0.0000   30.0000   22.5000 2472.7107   12.5423
    7.5000   30.0000   22.5000 2449.5007   12.7337
   -7.5000   37.5000   22.5000 2320.0366   13.5908
    0.0000   37.5000   22.5000 2338.3384   13.5259
    7.5000   37.5000   22.5000 2316.2007   13.7320
   -7.5000   45.0000   22.5000 2173.4246   14.9367
    0.0000   45.0000   22.5000 2190.6755   14.8505
    7.5000   45.0000   22.5000 2171.3335   15.0588
   -7.5000  -45.0000   30.0000 2355.6882   14.5138
    0.0000  -45.0000   30.0000 2363.4702   14.4164
    7.5000  -45.0000   30.0000 2344.0510   14.7354
   -7.5000  -37.5000   30.0000 2462.9275   13.2620
    0.0000  -37.5000   30.0000 2475.9888   13.1868
    7.5000  -37.5000   30.0000 2447.0759   13.4912
   -7.5000  -30.0000   30.0000 2549.0842   12.4073
    0.0000  -30.0000   30.0000 2571.4905   12.3360
    7.5000  -30.0000   30.0000 2538.3613   12.6240
   -7.5000  -22.5000   30.0000 2619.8132   11.8467
    0.0000  -22.5000   30.0000 2645.2568   11.7480
    7.5000  -22.5000   30.0000 2611.1021   12.0127
   -7.5000  -15.0000   30.0000 2666.6858   11.4815
    0.0000  -15.0000   30.0000 2693.7729   11.3759
    7.5000  -15.0000   30.0000 2660.8408   11.6207
   -7.5000   -7.5000   30.0000 2694.3567   11.3223
    0.0000   -7.5000   30.0000 2711.8018   11.2493
    7.5000   -7.5000   30.0000 2687.2463   11.4567
   -7.5000    0.0000   30.0000 2681.4587   11.3848
    0.0000    0.0000   30.0000 2702.3792   11.3004
    7.5000    0.0000   30.0000 2680.0417   11.4865
   -7.5000    7.5000   30.0000 2639.5178   11.5753
    0.0000    7.5000   30.0000 2657.9119   11.4824
    7.5000    7.5000   30.0000 2640.5205   11.6830
   -7.5000   15.0000   30.0000 2578.1973   11.8966
    0.0000   15.0000   30.0000 2594.7659   11.8260
    7.5000   15.0000   30.0000 2573.9387   12.0252
   -7.5000   22.5000   30.0000 2492.9875   12.3976
    0.0000   22.5000   30.0000 2514.2703   12.3358
    7.5000   22.5000   30.0000 2487.5981   12.5208
   -7.5000   30.0000   30.0000 2385.4556   13.1051
    0.0000   30.0000   30.0000 2407.3577   13.0398
    7.5000   30.0000   30.0000 2385.6565   13.2196
   -7.5000   37.5000   30.0000 2265.5303   14.0854
    0.0000   37.5000   30.0000 2283.2480   14.0021
    7.5000   37.5000   30.0000 2263.2678   14.1687
   -7.5000   45.0000   30.0000 2127.7720   15.4242
    0.0000   45.0000   30.0000 2146.8210   15.3195
    7.5000   45.0000   30.0000 2131.1523   15.4867
   -7.5000  -45.0000   37.5000 2312.6550   15.3700
    0.0000  -45.0000   37.5000 2318.3406   15.2862
    7.5000  -45.0000   37.5000 2294.4824   15.5495
   -7.5000  -37.5000   37.5000 2411.1614   14.0827
    0.0000  -37.5000   37.5000 2424.9485   14.0263
    7.5000  -37.5000   37.5000 2393.3264   14.2708
   -7.5000  -30.0000   37.5000 2490.3760   13.2059
    0.0000  -30.0000   37.5000 2512.8169   13.1601
    7.5000  -30.0000   37.5000 2478.2581   13.4054
   -7.5000  -22.5000   37.5000 2551.9392   12.6361
    0.0000  -22.5000   37.5000 2574.8308   12.5629
    7.5000  -22.5000   37.5000 2541.3672   12.7913
   -7.5000  -15.0000   37.5000 2587.9065   12.2727
    0.0000  -15.0000   37.5000 2608.1941   12.2040
    7.5000  -15.0000   37.5000 2581.5828   12.3960
   -7.5000   -7.5000   37.5000 2599.6335   12.1270
    0.0000   -7.5000   37.5000 2615.7336   12.0611
    7.5000   -7.5000   37.5000 2596.9109   12.2396
   -7.5000    0.0000   37.5000 2579.8230   12.1838
    0.0000    0.0000   37.5000 2599.6296   12.1049
    7.5000    0.0000   37.5000 2581.3870   12.2747
   -7.5000    7.5000   37.5000 2537.2375   12.3769
    0.0000    7.5000   37.5000 2553.9829   12.2844
    7.5000    7.5000   37.5000 2541.7310   12.4573
   -7.5000   15.0000   37.5000 2476.9775   12.7143
    0.0000   15.0000   37.5000 2492.1270   12.6383
    7.5000   15.0000   37.5000 2481.0103   12.8142
   -7.5000   22.5000   37.5000 2403.4585   13.1738
    0.0000   22.5000   37.5000 2421.5452   13.1039
    7.5000   22.5000   37.5000 2405.3799   13.2735
   -7.5000   30.0000   37.5000 2311.5293   13.8544
    0.0000   30.0000   37.5000 2332.6475   13.7548
    7.5000   30.0000   37.5000 2313.5884   13.9130
   -7.5000   37.5000   37.5000 2199.9443   14.7992
    0.0000   37.5000   37.5000 2217.8320   14.6946
    7.5000   37.5000   37.5000 2202.6746   14.8274
   -7.5000   45.0000   37.5000 2069.9336   16.1656
    0.0000   45.0000   37.5000 2085.7136   16.0404
    7.5000   45.0000   37.5000 2077.7117   16.1531
   -7.5000  -45.0000   45.0000 2257.1895   16.4429
    0.0000  -45.0000   45.0000 2261.2815   16.3641
    7.5000  -45.0000   45.0000 2234.0010   16.5770
   -7.5000  -37.5000   45.0000 2346.1011   15.1179
    0.0000  -37.5000   45.0000 2362.9351   15.0368
    7.5000  -37.5000   45.0000 2328.6331   15.2377
   -7.5000  -30.0000   45.0000 2418.6172   14.1902
    0.0000  -30.0000   45.0000 2441.0012   14.1341
    7.5000  -30.0000   45.0000 2406.9565   14.3300
   -7.5000  -22.5000   45.0000 2471.4824   13.5855
    0.0000  -22.5000   45.0000 2493.3623   13.5302
    7.5000  -22.5000   45.0000 2464.4431   13.7154
   -7.5000  -15.0000   45.0000 2496.7327   13.2156
    0.0000  -15.0000   45.0000 2513.4485   13.1503
    7.5000  -15.0000   45.0000 2494.0674   13.3066
   -7.5000   -7.5000   45.0000 2495.4553   13.0904
    0.0000   -7.5000   45.0000 2512.9043   13.0193
    7.5000   -7.5000   45.0000 2497.9460   13.1679
   -7.5000    0.0000   45.0000 2470.5588   13.1709
    0.0000    0.0000   45.0000 2489.7578   13.0902
    7.5000    0.0000   45.0000 2477.7786   13.2367
   -7.5000    7.5000   45.0000 2433.0149   13.3727
    0.0000    7.5000   45.0000 2448.5317   13.2900
    7.5000    7.5000   45.0000 2436.4597   13.4499
   -7.5000   15.0000   45.0000 2380.3831   13.7082
    0.0000   15.0000   45.0000 2394.9055   13.6429
    7.5000   15.0000   45.0000 2385.3411   13.7901
   -7.5000   22.5000   45.0000 2312.9470   14.1659
    0.0000   22.5000   45.0000 2332.1289   14.0972
    7.5000   22.5000   45.0000 2317.6526   14.2346
   -7.5000   30.0000   45.0000 2228.7595   14.8207
    0.0000   30.0000   45.0000 2250.1006   14.7116
    7.5000   30.0000   45.0000 2233.2300   14.8325
   -7.5000   37.5000   45.0000 2128.4836   15.7533
    0.0000   37.5000   45.0000 2146.4136   15.6141
    7.5000   37.5000   45.0000 2131.3325   15.7279
   -7.5000   45.0000   45.0000 2003.9453   17.1253
    0.0000   45.0000   45.0000 2019.3513   16.9723
    7.5000   45.0000   45.0000 2010.7170   17.0688

---------------------------------------------------------------------
imgreg_4dfp /opt/freesurfer/average/711-2C_as_mni_average_305 /opt/freesurfer/average/711-2B_as_mni_average_305_mask talsrcimg_g11 none talsrcimg_to_711-2C_as_mni_average_305_t4 1283
---------------------------------------------------------------------

freesurfer imgreg_4dfp.c
/opt/freesurfer/average/711-2C_as_mni_average_305.4dfp.img
       256       256       256         1
  1.000000  1.000000  1.000000
orientation T byte_order littleendian
Reading image: /opt/freesurfer/average/711-2C_as_mni_average_305.4dfp.img
dimensions:      256       256       256
mmppix:       1.0000   -1.0000   -1.0000
center:     128.0000 -129.0000 -129.0000
/opt/freesurfer/average/711-2B_as_mni_average_305_mask.4dfp.img
       256       256       256         1
  1.000000  1.000000  1.000000
orientation T byte_order littleendian
Reading mask: /opt/freesurfer/average/711-2B_as_mni_average_305_mask.4dfp.img (2306576 pixels)
talsrcimg_g11.4dfp.img
       256       256       256         1
  1.000000  1.000000  1.000000
orientation T byte_order littleendian
Reading image: talsrcimg_g11.4dfp.img
dimensions:      256       256       256
mmppix:       1.0000   -1.0000   -1.0000
center:     128.0000 -129.0000 -129.0000
rotation matrix determinant  1.000000
fimgreg.f
image alignment mode   1283 decimal      503 hex
parameters
    0.0000    0.0000    0.0000    0.0000    0.0000    0.0000
eta,q 0.92461 10.15710
niter,ni,del,rscale     5    3   12.0000    1.2000
parameter  6  0.532391 ->  0.500000 qaram    1.1500
parameters
   -1.3276   -0.2409    2.6682   -2.7688    0.2368   -3.4500
eta,q 0.92951 10.01941
  0.0811  0.0810  0.0889  0.0720  0.0782  0.0712
  0.0770  0.0778  0.0834  0.0718  0.0753  0.0706
  0.0745  0.0752  0.0779  0.0711  0.0727  0.0705
  0.0742  0.0739  0.0737  0.0715  0.0713  0.0713
  0.0776  0.0753  0.0718  0.0737  0.0717  0.0724
  0.0842  0.0786  0.0723  0.0764  0.0742  0.0739
  0.0910  0.0823  0.0754  0.0794  0.0777  0.0756
niter,ni,del,rscale     5    3   12.0000    1.2000
parameters
   -1.7424    0.7644    2.3482   -3.9716    0.0992   -3.8121
eta,q 0.92965 10.02913
  0.0806  0.0782  0.0768  0.0722  0.0753  0.0731
  0.0765  0.0739  0.0729  0.0710  0.0721  0.0720
  0.0727  0.0719  0.0709  0.0704  0.0705  0.0709
  0.0705  0.0707  0.0703  0.0703  0.0704  0.0704
  0.0717  0.0700  0.0709  0.0710  0.0708  0.0709
  0.0776  0.0710  0.0739  0.0727  0.0726  0.0722
  0.0856  0.0746  0.0785  0.0750  0.0756  0.0740
niter,ni,del,rscale     4    3   12.0000    1.2000
parameters
   -1.8611    1.0914    2.2117   -4.2789    0.1230   -3.9633
eta,q 0.92969 10.03072
  0.0813  0.0767  0.0766  0.0730  0.0754  0.0733
  0.0768  0.0734  0.0730  0.0717  0.0723  0.0721
  0.0729  0.0716  0.0710  0.0707  0.0705  0.0710
  0.0704  0.0704  0.0703  0.0703  0.0703  0.0703
  0.0710  0.0699  0.0707  0.0705  0.0708  0.0708
  0.0762  0.0719  0.0732  0.0720  0.0723  0.0720
  0.0838  0.0761  0.0775  0.0739  0.0752  0.0739
niter,ni,del,rscale     3    3   12.0000    1.2000
parameters
   -1.8958    1.1671    2.1639   -4.3883    0.1099   -4.0261
eta,q 0.92967 10.03204
  0.0815  0.0762  0.0767  0.0731  0.0753  0.0734
  0.0769  0.0732  0.0731  0.0720  0.0723  0.0721
  0.0729  0.0715  0.0712  0.0709  0.0705  0.0711
  0.0703  0.0703  0.0703  0.0703  0.0703  0.0703
  0.0708  0.0701  0.0708  0.0705  0.0708  0.0707
  0.0758  0.0723  0.0731  0.0718  0.0724  0.0720
  0.0834  0.0768  0.0773  0.0737  0.0752  0.0738
niter,ni,del,rscale     2    3   12.0000    1.2000
parameters
   -1.8996    1.1934    2.1392   -4.4234    0.0936   -4.0564
eta,q 0.92966 10.03244
  0.0816  0.0762  0.0768  0.0731  0.0753  0.0734
  0.0769  0.0732  0.0732  0.0720  0.0723  0.0721
  0.0730  0.0714  0.0712  0.0709  0.0705  0.0711
  0.0703  0.0703  0.0703  0.0703  0.0703  0.0703
  0.0708  0.0701  0.0708  0.0704  0.0708  0.0707
  0.0757  0.0724  0.0731  0.0718  0.0724  0.0719
  0.0832  0.0770  0.0772  0.0736  0.0752  0.0738
registration optimization eta report
parameter search radius
    6.0000    6.0000    6.0000    6.0000    6.0000    6.9000
100000*second partial in parameter space
       33.       18.       19.        8.       14.        7.
  0.0816  0.0762  0.0768  0.0731  0.0753  0.0734
  0.0769  0.0732  0.0732  0.0720  0.0723  0.0721
  0.0730  0.0714  0.0712  0.0709  0.0705  0.0711
  0.0703  0.0703  0.0703  0.0703  0.0703  0.0703
  0.0708  0.0701  0.0708  0.0704  0.0708  0.0707
  0.0757  0.0724  0.0731  0.0718  0.0724  0.0719
  0.0832  0.0770  0.0772  0.0736  0.0752  0.0738
   -1.8996    1.1934    2.1392   -4.4234    0.0936   -4.0564
eta,q 0.92966 10.03244

---------------------------------------------------------------------
imgreg_4dfp /opt/freesurfer/average/711-2C_as_mni_average_305 /opt/freesurfer/average/711-2B_as_mni_average_305_mask talsrcimg_g11 none talsrcimg_to_711-2C_as_mni_average_305_t4 3335
---------------------------------------------------------------------

freesurfer imgreg_4dfp.c
/opt/freesurfer/average/711-2C_as_mni_average_305.4dfp.img
       256       256       256         1
  1.000000  1.000000  1.000000
orientation T byte_order littleendian
Reading image: /opt/freesurfer/average/711-2C_as_mni_average_305.4dfp.img
dimensions:      256       256       256
mmppix:       1.0000   -1.0000   -1.0000
center:     128.0000 -129.0000 -129.0000
/opt/freesurfer/average/711-2B_as_mni_average_305_mask.4dfp.img
       256       256       256         1
  1.000000  1.000000  1.000000
orientation T byte_order littleendian
Reading mask: /opt/freesurfer/average/711-2B_as_mni_average_305_mask.4dfp.img (2306576 pixels)
talsrcimg_g11.4dfp.img
       256       256       256         1
  1.000000  1.000000  1.000000
orientation T byte_order littleendian
Reading image: talsrcimg_g11.4dfp.img
dimensions:      256       256       256
mmppix:       1.0000   -1.0000   -1.0000
center:     128.0000 -129.0000 -129.0000
fimgreg.f
image alignment mode   3335 decimal      D07 hex
parameters
   -1.8996    1.1934    2.1392   -0.2506   -0.5485   -0.2980
    7.0653    0.3831   -7.0738    7.7049    0.1633   -7.7127
eta,q 0.93111 10.10361
niter,ni,del,rscale     5    3    5.0000    1.2000
parameter  4  2.699270 ->  0.500000 qaram    1.1500
parameter  5  3.835777 ->  0.500000 qaram    1.1500
parameter  6  2.144368 ->  0.500000 qaram    1.1500
parameter 10  0.806104 ->  0.500000 qaram    1.1500
parameters
   -2.1602    2.0541    2.8425   -4.3906   -4.6885   -4.4380
    6.6611    2.7229   -4.1149    3.5649    0.9197   -8.7476
eta,q 0.95165  9.29700
  0.0702  0.0706  0.0708  0.0598  0.0538  0.0467  0.0523  0.0566  0.0527  0.0486  0.0501  0.0493
  0.0694  0.0698  0.0698  0.0620  0.0563  0.0495  0.0512  0.0537  0.0515  0.0484  0.0492  0.0487
  0.0690  0.0693  0.0691  0.0650  0.0594  0.0530  0.0506  0.0516  0.0506  0.0488  0.0487  0.0484
  0.0689  0.0689  0.0687  0.0686  0.0628  0.0571  0.0504  0.0504  0.0500  0.0497  0.0484  0.0484
  0.0692  0.0687  0.0686  0.0726  0.0665  0.0622  0.0507  0.0500  0.0497  0.0511  0.0485  0.0487
  0.0699  0.0688  0.0688  0.0769  0.0704  0.0679  0.0515  0.0505  0.0498  0.0527  0.0489  0.0492
  0.0709  0.0692  0.0692  0.0814  0.0746  0.0742  0.0527  0.0517  0.0503  0.0547  0.0495  0.0499
niter,ni,del,rscale     7    3    5.0000    1.2000
parameter  4  1.015541 ->  0.500000 qaram    1.3225
parameter  5  2.039904 ->  0.500000 qaram    1.3225
parameter  6  0.859742 ->  0.500000 qaram    1.3225
parameters
   -1.5624    2.9610    2.3613   -9.1516   -9.4495   -9.1990
    6.9206    3.4391   -4.9030    3.4850    0.6688   -7.0828
eta,q 0.96453  8.66209
  0.0519  0.0513  0.0489  0.0437  0.0369  0.0355  0.0379  0.0405  0.0368  0.0387  0.0368  0.0370
  0.0502  0.0499  0.0483  0.0441  0.0390  0.0355  0.0368  0.0382  0.0361  0.0369  0.0361  0.0363
  0.0490  0.0489  0.0479  0.0454  0.0415  0.0367  0.0360  0.0365  0.0356  0.0359  0.0357  0.0358
  0.0483  0.0482  0.0480  0.0479  0.0444  0.0397  0.0356  0.0356  0.0355  0.0355  0.0355  0.0355
  0.0482  0.0480  0.0484  0.0514  0.0480  0.0438  0.0358  0.0357  0.0358  0.0359  0.0357  0.0355
  0.0486  0.0481  0.0491  0.0557  0.0522  0.0491  0.0365  0.0369  0.0365  0.0370  0.0362  0.0357
  0.0495  0.0486  0.0502  0.0605  0.0567  0.0556  0.0377  0.0391  0.0376  0.0388  0.0370  0.0361
niter,ni,del,rscale     7    3    5.0000    1.2000
parameter  2 -0.647653 -> -0.500000 qaram    1.1500
parameter  5  1.595090 ->  0.500000 qaram    1.5209
parameters
   -1.0928    4.3410    1.3715  -12.9183  -14.9247  -13.8722
    7.0676    3.8936   -5.5013    4.1769    0.3595   -8.0126
eta,q 0.97023  8.03863
  0.0391  0.0392  0.0349  0.0349  0.0285  0.0302  0.0318  0.0330  0.0311  0.0339  0.0305  0.0306
  0.0374  0.0376  0.0344  0.0344  0.0299  0.0299  0.0308  0.0314  0.0304  0.0317  0.0301  0.0301
  0.0361  0.0363  0.0343  0.0341  0.0318  0.0298  0.0301  0.0303  0.0299  0.0303  0.0298  0.0298
  0.0355  0.0354  0.0346  0.0343  0.0342  0.0303  0.0298  0.0298  0.0298  0.0298  0.0298  0.0298
  0.0354  0.0348  0.0353  0.0356  0.0372  0.0328  0.0300  0.0299  0.0301  0.0301  0.0299  0.0300
  0.0359  0.0346  0.0364  0.0386  0.0409  0.0371  0.0306  0.0308  0.0307  0.0310  0.0302  0.0304
  0.0371  0.0349  0.0378  0.0430  0.0450  0.0428  0.0317  0.0324  0.0317  0.0326  0.0306  0.0311
niter,ni,del,rscale     7    3    5.0000    1.2000
parameter  5  0.710230 ->  0.500000 qaram    1.7490
parameters
   -0.7626    5.2795    0.2168  -12.7191  -21.2211  -16.3473
    6.7125    4.2776   -5.8746    5.8114    0.0355   -7.9059
eta,q 0.97314  7.66737
  0.0325  0.0342  0.0295  0.0312  0.0274  0.0286  0.0287  0.0300  0.0284  0.0316  0.0276  0.0279
  0.0312  0.0321  0.0292  0.0302  0.0271  0.0275  0.0277  0.0285  0.0276  0.0293  0.0272  0.0274
  0.0302  0.0306  0.0292  0.0295  0.0276  0.0270  0.0271  0.0275  0.0271  0.0278  0.0269  0.0270
  0.0298  0.0297  0.0295  0.0292  0.0292  0.0271  0.0270  0.0270  0.0270  0.0270  0.0269  0.0269
  0.0298  0.0294  0.0299  0.0291  0.0314  0.0276  0.0273  0.0272  0.0272  0.0270  0.0270  0.0270
  0.0303  0.0297  0.0307  0.0296  0.0345  0.0296  0.0280  0.0280  0.0278  0.0277  0.0273  0.0273
  0.0314  0.0306  0.0317  0.0314  0.0386  0.0334  0.0291  0.0295  0.0287  0.0289  0.0277  0.0279
niter,ni,del,rscale     7    3    5.0000    1.2000
parameters
   -0.7778    6.0248   -0.2165  -12.0966  -25.6541  -17.5297
    6.7237    4.4060   -5.5947    7.9540    0.1885   -6.2400
eta,q 0.97387  7.46718
  0.0290  0.0308  0.0274  0.0287  0.0278  0.0285  0.0280  0.0292  0.0281  0.0308  0.0270  0.0275
  0.0278  0.0289  0.0269  0.0276  0.0269  0.0273  0.0271  0.0277  0.0272  0.0288  0.0266  0.0269
  0.0271  0.0276  0.0267  0.0269  0.0264  0.0266  0.0266  0.0268  0.0266  0.0273  0.0263  0.0264
  0.0269  0.0269  0.0267  0.0267  0.0267  0.0265  0.0264  0.0264  0.0264  0.0264  0.0262  0.0262
  0.0271  0.0267  0.0270  0.0267  0.0281  0.0267  0.0266  0.0266  0.0265  0.0262  0.0262  0.0261
  0.0279  0.0271  0.0275  0.0270  0.0304  0.0278  0.0271  0.0275  0.0270  0.0267  0.0265  0.0263
  0.0290  0.0280  0.0282  0.0284  0.0335  0.0306  0.0280  0.0291  0.0279  0.0279  0.0270  0.0267
niter,ni,del,rscale     6    3    5.0000    1.2000
parameters
   -0.6841    6.9739   -0.5936  -12.0669  -27.7753  -18.5806
    6.4118    4.6460   -5.6300    9.2395   -0.0802   -6.1359
eta,q 0.97426  7.35209
  0.0282  0.0301  0.0265  0.0276  0.0283  0.0279  0.0272  0.0286  0.0275  0.0298  0.0265  0.0266
  0.0271  0.0283  0.0261  0.0266  0.0269  0.0268  0.0264  0.0272  0.0266  0.0279  0.0261  0.0261
  0.0264  0.0270  0.0259  0.0260  0.0261  0.0260  0.0260  0.0262  0.0260  0.0265  0.0258  0.0258
  0.0261  0.0261  0.0258  0.0258  0.0258  0.0259  0.0258  0.0258  0.0258  0.0258  0.0257  0.0257
  0.0263  0.0258  0.0260  0.0258  0.0267  0.0261  0.0260  0.0260  0.0260  0.0258  0.0259  0.0258
  0.0269  0.0261  0.0265  0.0263  0.0286  0.0271  0.0266  0.0269  0.0266  0.0266  0.0262  0.0261
  0.0279  0.0269  0.0271  0.0278  0.0310  0.0297  0.0274  0.0283  0.0276  0.0280  0.0267  0.0265
niter,ni,del,rscale     5    3    5.0000    1.2000
parameters
   -0.5779    7.3512   -0.7521  -12.2096  -28.4798  -18.8825
    6.1326    4.9165   -5.5564    9.7500   -0.2536   -6.2341
eta,q 0.97429  7.31202
  0.0277  0.0287  0.0265  0.0274  0.0289  0.0281  0.0271  0.0284  0.0275  0.0291  0.0265  0.0265
  0.0267  0.0272  0.0261  0.0263  0.0273  0.0269  0.0263  0.0271  0.0265  0.0274  0.0261  0.0260
  0.0260  0.0262  0.0258  0.0258  0.0262  0.0260  0.0259  0.0261  0.0259  0.0262  0.0258  0.0258
  0.0257  0.0257  0.0257  0.0257  0.0257  0.0257  0.0257  0.0257  0.0257  0.0257  0.0257  0.0257
  0.0259  0.0258  0.0259  0.0258  0.0260  0.0260  0.0259  0.0259  0.0259  0.0259  0.0258  0.0258
  0.0264  0.0264  0.0262  0.0262  0.0277  0.0265  0.0265  0.0267  0.0265  0.0269  0.0261  0.0261
  0.0274  0.0274  0.0268  0.0277  0.0300  0.0288  0.0273  0.0281  0.0274  0.0284  0.0266  0.0265
niter,ni,del,rscale     4    3    5.0000    1.2000
parameters
   -0.5003    7.4831   -0.8202  -12.2860  -28.7046  -18.9613
    5.9541    5.0576   -5.5037    9.9508   -0.3600   -6.3022
eta,q 0.97428  7.29898
  0.0276  0.0282  0.0266  0.0274  0.0292  0.0281  0.0271  0.0283  0.0275  0.0289  0.0265  0.0265
  0.0266  0.0268  0.0261  0.0264  0.0275  0.0269  0.0263  0.0270  0.0265  0.0272  0.0261  0.0261
  0.0259  0.0260  0.0258  0.0258  0.0263  0.0260  0.0259  0.0261  0.0259  0.0261  0.0258  0.0258
  0.0257  0.0257  0.0257  0.0257  0.0257  0.0257  0.0257  0.0257  0.0257  0.0257  0.0257  0.0257
  0.0259  0.0259  0.0258  0.0258  0.0259  0.0259  0.0259  0.0259  0.0259  0.0260  0.0258  0.0258
  0.0264  0.0266  0.0262  0.0262  0.0274  0.0264  0.0264  0.0268  0.0265  0.0270  0.0261  0.0261
  0.0274  0.0277  0.0267  0.0276  0.0297  0.0286  0.0273  0.0282  0.0274  0.0286  0.0266  0.0265
niter,ni,del,rscale     3    3    5.0000    1.2000
parameters
   -0.4575    7.5327   -0.8429  -12.3204  -28.7854  -18.9789
    5.8582    5.1276   -5.4744   10.0325   -0.4076   -6.3410
eta,q 0.97428  7.29441
  0.0276  0.0280  0.0266  0.0274  0.0293  0.0281  0.0271  0.0283  0.0274  0.0288  0.0265  0.0265
  0.0265  0.0267  0.0261  0.0264  0.0275  0.0269  0.0264  0.0269  0.0265  0.0272  0.0261  0.0261
  0.0259  0.0260  0.0258  0.0258  0.0263  0.0260  0.0259  0.0261  0.0259  0.0261  0.0258  0.0258
  0.0257  0.0257  0.0257  0.0257  0.0257  0.0257  0.0257  0.0257  0.0257  0.0257  0.0257  0.0257
  0.0259  0.0260  0.0258  0.0258  0.0259  0.0259  0.0259  0.0260  0.0259  0.0261  0.0258  0.0258
  0.0265  0.0267  0.0261  0.0262  0.0273  0.0264  0.0264  0.0268  0.0265  0.0271  0.0261  0.0261
  0.0274  0.0278  0.0267  0.0276  0.0297  0.0286  0.0272  0.0283  0.0274  0.0287  0.0265  0.0265
niter,ni,del,rscale     2    3    5.0000    1.2000
parameters
   -0.4366    7.5536   -0.8534  -12.3423  -28.8117  -18.9890
    5.8108    5.1561   -5.4607   10.0675   -0.4285   -6.3591
eta,q 0.97428  7.29240
  0.0275  0.0280  0.0266  0.0274  0.0293  0.0282  0.0272  0.0283  0.0274  0.0288  0.0265  0.0265
  0.0265  0.0267  0.0261  0.0264  0.0276  0.0269  0.0264  0.0269  0.0265  0.0272  0.0261  0.0261
  0.0259  0.0259  0.0258  0.0258  0.0263  0.0260  0.0259  0.0261  0.0259  0.0261  0.0258  0.0258
  0.0257  0.0257  0.0257  0.0257  0.0257  0.0257  0.0257  0.0257  0.0257  0.0257  0.0257  0.0257
  0.0259  0.0260  0.0258  0.0258  0.0259  0.0259  0.0259  0.0260  0.0259  0.0261  0.0258  0.0258
  0.0265  0.0267  0.0261  0.0262  0.0273  0.0264  0.0264  0.0268  0.0265  0.0271  0.0261  0.0261
  0.0275  0.0279  0.0267  0.0276  0.0296  0.0286  0.0272  0.0283  0.0274  0.0288  0.0265  0.0265
registration optimization eta report
parameter search radius
    2.4000    2.7600    2.4000    9.5220   12.5928    9.5220
    7.2000    7.2000    7.2000    8.2800    7.2000    7.2000
100000*second partial in parameter space
       31.       29.       16.        2.        2.        3.
        3.        5.        3.        4.        2.        2.
  0.0275  0.0280  0.0266  0.0274  0.0293  0.0282  0.0272  0.0283  0.0274  0.0288  0.0265  0.0265
  0.0265  0.0267  0.0261  0.0264  0.0276  0.0269  0.0264  0.0269  0.0265  0.0272  0.0261  0.0261
  0.0259  0.0259  0.0258  0.0258  0.0263  0.0260  0.0259  0.0261  0.0259  0.0261  0.0258  0.0258
  0.0257  0.0257  0.0257  0.0257  0.0257  0.0257  0.0257  0.0257  0.0257  0.0257  0.0257  0.0257
  0.0259  0.0260  0.0258  0.0258  0.0259  0.0259  0.0259  0.0260  0.0259  0.0261  0.0258  0.0258
  0.0265  0.0267  0.0261  0.0262  0.0273  0.0264  0.0264  0.0268  0.0265  0.0271  0.0261  0.0261
  0.0275  0.0279  0.0267  0.0276  0.0296  0.0286  0.0272  0.0283  0.0274  0.0288  0.0265  0.0265
   -0.4366    7.5536   -0.8534  -12.3423  -28.8117  -18.9890
    5.8108    5.1561   -5.4607   10.0675   -0.4285   -6.3591
eta,q 0.97428  7.29240

---------------------------------------------------------------------
imgreg_4dfp /opt/freesurfer/average/711-2C_as_mni_average_305 /opt/freesurfer/average/711-2B_as_mni_average_305_mask talsrcimg_g11 none talsrcimg_to_711-2C_as_mni_average_305_t4 2311
---------------------------------------------------------------------

freesurfer imgreg_4dfp.c
/opt/freesurfer/average/711-2C_as_mni_average_305.4dfp.img
       256       256       256         1
  1.000000  1.000000  1.000000
orientation T byte_order littleendian
Reading image: /opt/freesurfer/average/711-2C_as_mni_average_305.4dfp.img
dimensions:      256       256       256
mmppix:       1.0000   -1.0000   -1.0000
center:     128.0000 -129.0000 -129.0000
/opt/freesurfer/average/711-2B_as_mni_average_305_mask.4dfp.img
       256       256       256         1
  1.000000  1.000000  1.000000
orientation T byte_order littleendian
Reading mask: /opt/freesurfer/average/711-2B_as_mni_average_305_mask.4dfp.img (2306576 pixels)
talsrcimg_g11.4dfp.img
       256       256       256         1
  1.000000  1.000000  1.000000
orientation T byte_order littleendian
Reading image: talsrcimg_g11.4dfp.img
dimensions:      256       256       256
mmppix:       1.0000   -1.0000   -1.0000
center:     128.0000 -129.0000 -129.0000
fimgreg.f
image alignment mode   2311 decimal      907 hex
parameters
   -0.4366    7.5536   -0.8534  -12.3423  -28.8117  -18.9890
    5.8108    5.1561   -5.4607   10.0675   -0.4285   -6.3591
eta,q 0.97428  7.29240
niter,ni,del,rscale     5    3    5.0000    0.8000
parameters
   -0.4386    7.5066   -0.8279  -12.2004  -27.5532  -18.1763
    5.8925    5.2522   -5.4320    9.8162   -0.3210   -6.9907
eta,q 0.97432  7.36761
  0.0265  0.0264  0.0261  0.0260  0.0265  0.0264  0.0264  0.0269  0.0265  0.0267  0.0261  0.0260
  0.0261  0.0260  0.0259  0.0258  0.0261  0.0260  0.0260  0.0263  0.0261  0.0261  0.0259  0.0258
  0.0258  0.0258  0.0258  0.0257  0.0259  0.0257  0.0258  0.0259  0.0258  0.0258  0.0257  0.0257
  0.0257  0.0257  0.0257  0.0257  0.0257  0.0257  0.0257  0.0257  0.0257  0.0257  0.0257  0.0257
  0.0258  0.0258  0.0258  0.0258  0.0257  0.0257  0.0258  0.0258  0.0258  0.0259  0.0257  0.0258
  0.0261  0.0261  0.0259  0.0258  0.0257  0.0258  0.0260  0.0262  0.0260  0.0263  0.0258  0.0259
  0.0265  0.0265  0.0261  0.0259  0.0260  0.0260  0.0263  0.0269  0.0265  0.0269  0.0260  0.0262
niter,ni,del,rscale     4    3    5.0000    0.7000
parameters
   -0.4609    7.4351   -0.7423  -11.8109  -27.3283  -17.8187
    5.9867    5.2589   -5.4592    9.7775   -0.1466   -7.0777
eta,q 0.97431  7.40388
  0.0263  0.0262  0.0260  0.0259  0.0261  0.0261  0.0262  0.0266  0.0263  0.0265  0.0260  0.0260
  0.0259  0.0259  0.0258  0.0257  0.0259  0.0258  0.0259  0.0261  0.0260  0.0261  0.0258  0.0258
  0.0257  0.0257  0.0257  0.0257  0.0258  0.0257  0.0258  0.0258  0.0258  0.0258  0.0257  0.0257
  0.0257  0.0257  0.0257  0.0257  0.0257  0.0257  0.0257  0.0257  0.0257  0.0257  0.0257  0.0257
  0.0258  0.0258  0.0257  0.0257  0.0257  0.0257  0.0257  0.0258  0.0258  0.0258  0.0257  0.0257
  0.0260  0.0260  0.0258  0.0257  0.0258  0.0258  0.0259  0.0261  0.0260  0.0261  0.0258  0.0258
  0.0263  0.0263  0.0260  0.0258  0.0261  0.0259  0.0262  0.0266  0.0263  0.0265  0.0259  0.0260
niter,ni,del,rscale     3    3    5.0000    0.6000
parameters
   -0.4650    7.4015   -0.7016  -11.6399  -27.1487  -17.8280
    6.0118    5.2680   -5.5056    9.7341   -0.1089   -7.0872
eta,q 0.97432  7.41793
  0.0261  0.0261  0.0259  0.0258  0.0260  0.0259  0.0261  0.0264  0.0261  0.0263  0.0259  0.0259
  0.0259  0.0259  0.0258  0.0257  0.0259  0.0257  0.0258  0.0260  0.0259  0.0259  0.0258  0.0258
  0.0257  0.0257  0.0257  0.0257  0.0258  0.0257  0.0257  0.0258  0.0257  0.0257  0.0257  0.0257
  0.0257  0.0257  0.0257  0.0257  0.0257  0.0257  0.0257  0.0257  0.0257  0.0257  0.0257  0.0257
  0.0257  0.0257  0.0257  0.0257  0.0257  0.0257  0.0257  0.0257  0.0257  0.0258  0.0257  0.0257
  0.0259  0.0259  0.0258  0.0257  0.0258  0.0258  0.0258  0.0260  0.0259  0.0260  0.0258  0.0258
  0.0261  0.0261  0.0259  0.0258  0.0260  0.0259  0.0261  0.0264  0.0261  0.0263  0.0259  0.0259
niter,ni,del,rscale     2    3    5.0000    0.5000
parameters
   -0.4592    7.3786   -0.7049  -11.6288  -27.0050  -18.0338
    6.0500    5.2844   -5.5219    9.6970   -0.1570   -7.0729
eta,q 0.97433  7.41773
  0.0260  0.0260  0.0258  0.0257  0.0259  0.0258  0.0259  0.0261  0.0260  0.0261  0.0258  0.0258
  0.0258  0.0258  0.0258  0.0257  0.0258  0.0257  0.0258  0.0259  0.0258  0.0259  0.0257  0.0257
  0.0257  0.0257  0.0257  0.0257  0.0257  0.0257  0.0257  0.0257  0.0257  0.0257  0.0257  0.0257
  0.0257  0.0257  0.0257  0.0257  0.0257  0.0257  0.0257  0.0257  0.0257  0.0257  0.0257  0.0257
  0.0257  0.0257  0.0257  0.0257  0.0257  0.0257  0.0257  0.0257  0.0257  0.0257  0.0257  0.0257
  0.0258  0.0258  0.0258  0.0257  0.0258  0.0258  0.0258  0.0259  0.0258  0.0259  0.0257  0.0257
  0.0260  0.0260  0.0258  0.0257  0.0259  0.0258  0.0259  0.0262  0.0260  0.0261  0.0258  0.0258
niter,ni,del,rscale     1    3    5.0000    0.4000
parameters
   -0.4516    7.3735   -0.7353  -11.9880  -26.9081  -18.4532
    6.0486    5.2504   -5.5054    9.7079   -0.2819   -7.0222
eta,q 0.97434  7.39432
  0.0259  0.0259  0.0258  0.0257  0.0258  0.0257  0.0258  0.0259  0.0259  0.0259  0.0257  0.0258
  0.0258  0.0258  0.0257  0.0257  0.0257  0.0257  0.0257  0.0258  0.0257  0.0258  0.0257  0.0257
  0.0257  0.0257  0.0257  0.0257  0.0257  0.0257  0.0257  0.0257  0.0257  0.0257  0.0257  0.0257
  0.0257  0.0257  0.0257  0.0257  0.0257  0.0257  0.0257  0.0257  0.0257  0.0257  0.0257  0.0257
  0.0257  0.0257  0.0257  0.0257  0.0257  0.0257  0.0257  0.0257  0.0257  0.0257  0.0257  0.0257
  0.0258  0.0258  0.0257  0.0257  0.0257  0.0258  0.0257  0.0258  0.0257  0.0258  0.0257  0.0257
  0.0259  0.0259  0.0258  0.0257  0.0258  0.0258  0.0258  0.0260  0.0259  0.0259  0.0258  0.0257
registration optimization eta report
parameter search radius
    0.8000    0.8000    0.8000    2.4000    2.4000    2.4000
    2.4000    2.4000    2.4000    2.4000    2.4000    2.4000
100000*second partial in parameter space
       31.       31.       16.        0.        3.        2.
        3.        5.        3.        5.        2.        2.
  0.0259  0.0259  0.0258  0.0257  0.0258  0.0257  0.0258  0.0259  0.0259  0.0259  0.0257  0.0258
  0.0258  0.0258  0.0257  0.0257  0.0257  0.0257  0.0257  0.0258  0.0257  0.0258  0.0257  0.0257
  0.0257  0.0257  0.0257  0.0257  0.0257  0.0257  0.0257  0.0257  0.0257  0.0257  0.0257  0.0257
  0.0257  0.0257  0.0257  0.0257  0.0257  0.0257  0.0257  0.0257  0.0257  0.0257  0.0257  0.0257
  0.0257  0.0257  0.0257  0.0257  0.0257  0.0257  0.0257  0.0257  0.0257  0.0257  0.0257  0.0257
  0.0258  0.0258  0.0257  0.0257  0.0257  0.0258  0.0257  0.0258  0.0257  0.0258  0.0257  0.0257
  0.0259  0.0259  0.0258  0.0257  0.0258  0.0258  0.0258  0.0260  0.0259  0.0259  0.0258  0.0257
   -0.4516    7.3735   -0.7353  -11.9880  -26.9081  -18.4532
    6.0486    5.2504   -5.5054    9.7079   -0.2819   -7.0222
eta,q 0.97434  7.39432

---------------------------------------------------------------------
imgreg_4dfp /opt/freesurfer/average/711-2C_as_mni_average_305 /opt/freesurfer/average/711-2B_as_mni_average_305_mask talsrcimg_g11 none talsrcimg_to_711-2C_as_mni_average_305_t4 2311
---------------------------------------------------------------------

freesurfer imgreg_4dfp.c
/opt/freesurfer/average/711-2C_as_mni_average_305.4dfp.img
       256       256       256         1
  1.000000  1.000000  1.000000
orientation T byte_order littleendian
Reading image: /opt/freesurfer/average/711-2C_as_mni_average_305.4dfp.img
dimensions:      256       256       256
mmppix:       1.0000   -1.0000   -1.0000
center:     128.0000 -129.0000 -129.0000
/opt/freesurfer/average/711-2B_as_mni_average_305_mask.4dfp.img
       256       256       256         1
  1.000000  1.000000  1.000000
orientation T byte_order littleendian
Reading mask: /opt/freesurfer/average/711-2B_as_mni_average_305_mask.4dfp.img (2306576 pixels)
talsrcimg_g11.4dfp.img
       256       256       256         1
  1.000000  1.000000  1.000000
orientation T byte_order littleendian
Reading image: talsrcimg_g11.4dfp.img
dimensions:      256       256       256
mmppix:       1.0000   -1.0000   -1.0000
center:     128.0000 -129.0000 -129.0000
fimgreg.f
image alignment mode   2311 decimal      907 hex
parameters
   -0.4516    7.3735   -0.7353  -11.9880  -26.9081  -18.4532
    6.0486    5.2504   -5.5054    9.7079   -0.2819   -7.0222
eta,q 0.97434  7.39432
niter,ni,del,rscale     5    3    5.0000    0.8000
parameters
   -0.4627    7.3966   -0.8107  -11.7451  -27.3847  -17.7926
    6.0137    5.2298   -5.4586    9.7661   -0.0978   -7.0560
eta,q 0.97431  7.40468
  0.0265  0.0265  0.0260  0.0259  0.0261  0.0263  0.0264  0.0269  0.0265  0.0268  0.0261  0.0261
  0.0260  0.0260  0.0258  0.0257  0.0259  0.0259  0.0260  0.0263  0.0261  0.0262  0.0259  0.0259
  0.0257  0.0257  0.0257  0.0257  0.0257  0.0257  0.0258  0.0259  0.0258  0.0258  0.0257  0.0257
  0.0257  0.0257  0.0257  0.0257  0.0257  0.0257  0.0257  0.0257  0.0257  0.0257  0.0257  0.0257
  0.0258  0.0257  0.0257  0.0257  0.0257  0.0257  0.0258  0.0258  0.0258  0.0258  0.0257  0.0257
  0.0260  0.0260  0.0259  0.0257  0.0260  0.0258  0.0260  0.0262  0.0260  0.0262  0.0258  0.0259
  0.0265  0.0264  0.0261  0.0259  0.0265  0.0260  0.0264  0.0270  0.0265  0.0267  0.0260  0.0261
niter,ni,del,rscale     4    3    5.0000    0.7000
parameters
   -0.4731    7.4138   -0.6997  -11.6644  -27.2830  -17.7105
    6.0242    5.2426   -5.5223    9.7622   -0.0821   -7.0929
eta,q 0.97431  7.41553
  0.0263  0.0263  0.0260  0.0259  0.0261  0.0260  0.0262  0.0266  0.0263  0.0265  0.0260  0.0260
  0.0260  0.0260  0.0259  0.0257  0.0259  0.0258  0.0259  0.0261  0.0259  0.0261  0.0258  0.0258
  0.0258  0.0258  0.0257  0.0257  0.0258  0.0257  0.0257  0.0258  0.0258  0.0258  0.0257  0.0257
  0.0257  0.0257  0.0257  0.0257  0.0257  0.0257  0.0257  0.0257  0.0257  0.0257  0.0257  0.0257
  0.0258  0.0258  0.0257  0.0257  0.0257  0.0258  0.0257  0.0258  0.0258  0.0258  0.0257  0.0257
  0.0260  0.0259  0.0258  0.0257  0.0258  0.0258  0.0259  0.0261  0.0260  0.0261  0.0258  0.0258
  0.0263  0.0263  0.0259  0.0258  0.0261  0.0260  0.0262  0.0267  0.0263  0.0265  0.0260  0.0260
niter,ni,del,rscale     3    3    5.0000    0.6000
parameters
   -0.4636    7.3939   -0.6886  -11.5956  -27.1353  -17.7982
    6.0256    5.2718   -5.5163    9.7258   -0.0886   -7.0848
eta,q 0.97432  7.42129
  0.0261  0.0261  0.0259  0.0258  0.0260  0.0259  0.0261  0.0264  0.0261  0.0263  0.0259  0.0259
  0.0259  0.0259  0.0258  0.0257  0.0259  0.0257  0.0258  0.0260  0.0259  0.0259  0.0258  0.0258
  0.0257  0.0257  0.0257  0.0257  0.0258  0.0257  0.0257  0.0258  0.0257  0.0257  0.0257  0.0257
  0.0257  0.0257  0.0257  0.0257  0.0257  0.0257  0.0257  0.0257  0.0257  0.0257  0.0257  0.0257
  0.0257  0.0257  0.0257  0.0257  0.0257  0.0257  0.0257  0.0257  0.0257  0.0258  0.0257  0.0257
  0.0259  0.0259  0.0258  0.0257  0.0258  0.0258  0.0258  0.0260  0.0259  0.0260  0.0258  0.0258
  0.0261  0.0261  0.0259  0.0258  0.0260  0.0259  0.0261  0.0264  0.0261  0.0263  0.0259  0.0259
niter,ni,del,rscale     2    3    5.0000    0.5000
parameters
   -0.4600    7.3737   -0.7014  -11.5774  -26.9957  -17.9939
    6.0539    5.2894   -5.5315    9.6931   -0.1482   -7.0551
eta,q 0.97433  7.42145
  0.0260  0.0260  0.0258  0.0257  0.0259  0.0258  0.0259  0.0261  0.0260  0.0261  0.0258  0.0258
  0.0258  0.0258  0.0258  0.0257  0.0258  0.0257  0.0258  0.0259  0.0258  0.0259  0.0257  0.0257
  0.0257  0.0257  0.0257  0.0257  0.0257  0.0257  0.0257  0.0257  0.0257  0.0257  0.0257  0.0257
  0.0257  0.0257  0.0257  0.0257  0.0257  0.0257  0.0257  0.0257  0.0257  0.0257  0.0257  0.0257
  0.0257  0.0257  0.0257  0.0257  0.0257  0.0257  0.0257  0.0257  0.0257  0.0257  0.0257  0.0257
  0.0258  0.0258  0.0258  0.0257  0.0258  0.0258  0.0258  0.0259  0.0258  0.0259  0.0257  0.0257
  0.0260  0.0260  0.0258  0.0257  0.0259  0.0258  0.0259  0.0262  0.0260  0.0261  0.0258  0.0258
niter,ni,del,rscale     1    3    5.0000    0.4000
parameters
   -0.4561    7.3725   -0.7288  -11.7283  -26.8765  -18.3486
    6.0461    5.2613   -5.5148    9.6814   -0.2497   -7.0202
eta,q 0.97434  7.40898
  0.0259  0.0259  0.0258  0.0257  0.0258  0.0258  0.0258  0.0260  0.0259  0.0259  0.0257  0.0258
  0.0258  0.0258  0.0257  0.0257  0.0258  0.0257  0.0257  0.0258  0.0258  0.0258  0.0257  0.0257
  0.0257  0.0257  0.0257  0.0257  0.0257  0.0257  0.0257  0.0257  0.0257  0.0257  0.0257  0.0257
  0.0257  0.0257  0.0257  0.0257  0.0257  0.0257  0.0257  0.0257  0.0257  0.0257  0.0257  0.0257
  0.0257  0.0257  0.0257  0.0257  0.0257  0.0257  0.0257  0.0257  0.0257  0.0257  0.0257  0.0257
  0.0258  0.0258  0.0257  0.0257  0.0257  0.0257  0.0257  0.0258  0.0257  0.0258  0.0257  0.0257
  0.0259  0.0259  0.0258  0.0257  0.0258  0.0258  0.0258  0.0260  0.0259  0.0259  0.0258  0.0258
registration optimization eta report
parameter search radius
    0.8000    0.8000    0.8000    2.4000    2.4000    2.4000
    2.4000    2.4000    2.4000    2.4000    2.4000    2.4000
100000*second partial in parameter space
       32.       31.       16.        0.        3.        2.
        3.        5.        3.        5.        2.        2.
  0.0259  0.0259  0.0258  0.0257  0.0258  0.0258  0.0258  0.0260  0.0259  0.0259  0.0257  0.0258
  0.0258  0.0258  0.0257  0.0257  0.0258  0.0257  0.0257  0.0258  0.0258  0.0258  0.0257  0.0257
  0.0257  0.0257  0.0257  0.0257  0.0257  0.0257  0.0257  0.0257  0.0257  0.0257  0.0257  0.0257
  0.0257  0.0257  0.0257  0.0257  0.0257  0.0257  0.0257  0.0257  0.0257  0.0257  0.0257  0.0257
  0.0257  0.0257  0.0257  0.0257  0.0257  0.0257  0.0257  0.0257  0.0257  0.0257  0.0257  0.0257
  0.0258  0.0258  0.0257  0.0257  0.0257  0.0257  0.0257  0.0258  0.0257  0.0258  0.0257  0.0257
  0.0259  0.0259  0.0258  0.0257  0.0258  0.0258  0.0258  0.0260  0.0259  0.0259  0.0258  0.0258
   -0.4561    7.3725   -0.7288  -11.7283  -26.8765  -18.3486
    6.0461    5.2613   -5.5148    9.6814   -0.2497   -7.0202
eta,q 0.97434  7.40898

---------------------------------------------------------------------
compute_vox2vox talsrcimg talsrcimg_to_711-2C_as_mni_average_305_t4 /opt/freesurfer/average/711-2C_as_mni_average_305
---------------------------------------------------------------------

freesurfer compute_vox2vox.c
Reading: talsrcimg.4dfp.ifh
Reading: talsrcimg_to_711-2C_as_mni_average_305_t4
Reading: /opt/freesurfer/average/711-2C_as_mni_average_305.4dfp.ifh
Writing: talsrcimg_to_711-2C_as_mni_average_305_t4_vox2vox.txt

start time Sun Mar 8 15:59:12 CET 2026
end		time Sun Mar 8 15:59:26 CET 2026

mpr2mni305 success

avi2talxfm orig_nu.mgz /opt/freesurfer/average/mni305.cor.mgz talsrcimg_to_711-2C_as_mni_average_305_t4_vox2vox.txt transforms/talairach.auto.xfm
avi2talxfm done
mv -f /out/sourcedata/freesurfer/sub-v1s13x0050027_ses-1/mri/talsrcimg_to_711-2C_as_mni_average_305_t4_vox2vox.txt /out/sourcedata/freesurfer/sub-v1s13x0050027_ses-1/mri/transforms/talsrcimg_to_711-2C_as_mni_average_305_t4_vox2vox.txt
lta_convert --src orig_nu.mgz --trg /opt/freesurfer/average/mni305.cor.mgz --inxfm transforms/talairach.auto.xfm --outlta transforms/talairach.auto.xfm.lta --subject fsaverage
7.3.2

--src: orig_nu.mgz src image (geometry).
--trg: /opt/freesurfer/average/mni305.cor.mgz trg image (geometry).
--inmni: transforms/talairach.auto.xfm input MNI/XFM transform.
--outlta: transforms/talairach.auto.xfm.lta output LTA.
--s: fsaverage subject name
 LTA read, type : 1
 1.12651  -0.06085  -0.09899  -5.53125;
 0.01063   1.21036   0.11532   9.69757;
 0.08355  -0.16484   1.34482   22.24985;
 0.00000   0.00000   0.00000   1.00000;
setting subject to fsaverage
Writing  LTA to file transforms/talairach.auto.xfm.lta...
lta_convert successful.
 
 
Started at Sun Mar 8 15:59:12 CET 2026
Ended   at Sun Mar  8 15:59:26 CET 2026
talairach_avi done
