/out/sourcedata/freesurfer/sub-v1s13x0050011_ses-1/mri
/opt/freesurfer/bin/talairach_avi
--i orig_nu.mgz --xfm transforms/talairach.auto.xfm
talairach_avi 7.3.2
Linux dna029 5.14.0-427.37.1.el9_4.x86_64 #1 SMP PREEMPT_DYNAMIC Fri Sep 13 12:41:50 EDT 2024 x86_64 x86_64 x86_64 GNU/Linux
Sun Mar  8 12:46:13 CET 2026
mri_convert orig_nu.mgz talsrcimg.img 
reading from orig_nu.mgz...
TR=0.00, TE=0.00, TI=0.00, flip angle=0.00
i_ras = (-1, 0, 0)
j_ras = (0, 0, -1)
k_ras = (0, 1, 0)
writing to talsrcimg.img...
Analyze Output Matrix
-1.00000   0.00000   0.00000   127.47023;
 0.00000   0.00000   1.00000  -127.94919;
 0.00000  -1.00000   0.00000   130.05078;
 0.00000   0.00000   0.00000   1.00000;
--------------------
INFO: set hdr.hist.orient to -1
mpr2mni305 talsrcimg
Sun Mar  8 12:46:14 CET 2026
/opt/freesurfer/bin/mpr2mni305 talsrcimg
mpr2mni305 7.3.2
target=711-2C_as_mni_average_305

---------------------------------------------------------------------
analyzeto4dfp talsrcimg -O0 -y
---------------------------------------------------------------------

freesurfer ifh2hdr.c
Sun Mar  8 12:46:14 2026
Writing: talsrcimg.4dfp.hdr
freesurfer analyzeto4dfp.c
Reading: talsrcimg.hdr
header size 348 bytes
hdr.dime.datatype	offset=70	value=2
hdr.dime.bitpix		offset=72	value=8
hdr.hist.orient		offset=252	value=-1
dimensionality     4
dimensions       256       256       256         1
Reading: talsrcimg.img
Writing: talsrcimg.4dfp.img
Writing: talsrcimg.4dfp.ifh
ifh2hdr talsrcimg -r0to220
ori=2

---------------------------------------------------------------------
gauss_4dfp talsrcimg 1.1
---------------------------------------------------------------------

freesurfer gauss_4dfp.c
Reading: talsrcimg.4dfp.img
Writing: talsrcimg_g11.4dfp.img
image dimensions 256 256 256 padded to 288 288 288
processing volume 1freesurfer ifh2hdr.c
Sun Mar  8 12:46:15 2026
Writing: talsrcimg_g11.4dfp.hdr

Writing: talsrcimg_g11.4dfp.ifh
including: talsrcimg.4dfp.img.rec in talsrcimg_g11.4dfp.img.rec

---------------------------------------------------------------------
imgreg_4dfp /opt/freesurfer/average/711-2C_as_mni_average_305 none talsrcimg_g11 none talsrcimg_to_711-2C_as_mni_average_305_t4 4355
---------------------------------------------------------------------

freesurfer imgreg_4dfp.c
/opt/freesurfer/average/711-2C_as_mni_average_305.4dfp.img
       256       256       256         1
  1.000000  1.000000  1.000000
orientation T byte_order littleendian
Reading image: /opt/freesurfer/average/711-2C_as_mni_average_305.4dfp.img
dimensions:      256       256       256
mmppix:       1.0000   -1.0000   -1.0000
center:     128.0000 -129.0000 -129.0000
talsrcimg_g11.4dfp.img
       256       256       256         1
  1.000000  1.000000  1.000000
orientation T byte_order littleendian
Reading image: talsrcimg_g11.4dfp.img
dimensions:      256       256       256
mmppix:       1.0000   -1.0000   -1.0000
center:     128.0000 -129.0000 -129.0000
t4_read: open error in t4_sub.f l:  41 t4_file(1:l)talsrcimg_to_711-2C_as_mni_average_305_t4 
t4_read: transform initialized to I4
rotation matrix determinant  1.000000
image alignment mode   4355 decimal     1103 hex
   -7.5000  -45.0000  -45.0000 9281.1055   13.9098
    0.0000  -45.0000  -45.0000 9685.8545   13.9021
    7.5000  -45.0000  -45.0000 9302.8359   13.9184
   -7.5000  -37.5000  -45.0000 9752.3457   13.7684
    0.0000  -37.5000  -45.000010170.6543   13.7577
    7.5000  -37.5000  -45.0000 9761.4502   13.7733
   -7.5000  -30.0000  -45.000010552.6602   13.6694
    0.0000  -30.0000  -45.000011012.2715   13.6586
    7.5000  -30.0000  -45.000010547.6836   13.6743
   -7.5000  -22.5000  -45.000011291.9922   13.5787
    0.0000  -22.5000  -45.000011795.8643   13.5704
    7.5000  -22.5000  -45.000011266.1162   13.5871
   -7.5000  -15.0000  -45.000011959.3066   13.4973
    0.0000  -15.0000  -45.000012484.6172   13.4908
    7.5000  -15.0000  -45.000011911.7002   13.5086
   -7.5000   -7.5000  -45.000012528.1387   13.4396
    0.0000   -7.5000  -45.000013072.5625   13.4320
    7.5000   -7.5000  -45.000012471.5996   13.4500
   -7.5000    0.0000  -45.000012961.6807   13.4039
    0.0000    0.0000  -45.000013541.5488   13.3930
    7.5000    0.0000  -45.000012905.2070   13.4096
   -7.5000    7.5000  -45.000012458.6006   13.4588
    0.0000    7.5000  -45.000013012.2715   13.4454
    7.5000    7.5000  -45.000012385.1777   13.4609
   -7.5000   15.0000  -45.000011879.4961   13.5570
    0.0000   15.0000  -45.000012409.2090   13.5435
    7.5000   15.0000  -45.000011805.3184   13.5599
   -7.5000   22.5000  -45.000011195.9736   13.6906
    0.0000   22.5000  -45.000011670.4199   13.6800
    7.5000   22.5000  -45.000011128.1748   13.6988
   -7.5000   30.0000  -45.000010437.9141   13.7057
    0.0000   30.0000  -45.000010891.2686   13.6981
    7.5000   30.0000  -45.000010397.9404   13.7191
   -7.5000   37.5000  -45.000010105.3076   13.9365
    0.0000   37.5000  -45.000010523.3691   13.9257
    7.5000   37.5000  -45.000010044.5771   13.9475
   -7.5000   45.0000  -45.0000 9423.5312   13.9298
    0.0000   45.0000  -45.0000 9811.8965   13.9132
    7.5000   45.0000  -45.0000 9331.7744   13.9296
   -7.5000  -45.0000  -37.5000 9812.5938   13.9201
    0.0000  -45.0000  -37.500010233.8896   13.9157
    7.5000  -45.0000  -37.5000 9826.1787   13.9299
   -7.5000  -37.5000  -37.500010328.8564   13.7743
    0.0000  -37.5000  -37.500010778.3408   13.7658
    7.5000  -37.5000  -37.500010333.1963   13.7806
   -7.5000  -30.0000  -37.500011203.4268   13.6747
    0.0000  -30.0000  -37.500011690.1729   13.6639
    7.5000  -30.0000  -37.500011203.1357   13.6789
   -7.5000  -22.5000  -37.500011982.5312   13.5886
    0.0000  -22.5000  -37.500012507.5264   13.5791
    7.5000  -22.5000  -37.500011967.6338   13.5936
   -7.5000  -15.0000  -37.500012692.8848   13.5114
    0.0000  -15.0000  -37.500013239.9648   13.5047
    7.5000  -15.0000  -37.500012637.4854   13.5190
   -7.5000   -7.5000  -37.500013258.3389   13.4532
    0.0000   -7.5000  -37.500013838.0547   13.4476
    7.5000   -7.5000  -37.500013205.3252   13.4622
   -7.5000    0.0000  -37.500013678.9609   13.4135
    0.0000    0.0000  -37.500014294.9668   13.4057
    7.5000    0.0000  -37.500013616.6641   13.4203
   -7.5000    7.5000  -37.500013112.7354   13.4645
    0.0000    7.5000  -37.500013711.1572   13.4532
    7.5000    7.5000  -37.500013053.7354   13.4679
   -7.5000   15.0000  -37.500012495.0244   13.5624
    0.0000   15.0000  -37.500013047.2891   13.5487
    7.5000   15.0000  -37.500012436.9551   13.5648
   -7.5000   22.5000  -37.500011799.1377   13.6995
    0.0000   22.5000  -37.500012272.5381   13.6877
    7.5000   22.5000  -37.500011735.2510   13.7047
   -7.5000   30.0000  -37.500011003.3770   13.7195
    0.0000   30.0000  -37.500011435.0166   13.7118
    7.5000   30.0000  -37.500010939.1357   13.7291
   -7.5000   37.5000  -37.500010586.5850   13.9455
    0.0000   37.5000  -37.500010996.1016   13.9365
    7.5000   37.5000  -37.500010528.2793   13.9555
   -7.5000   45.0000  -37.5000 9840.2139   13.9348
    0.0000   45.0000  -37.500010218.1875   13.9203
    7.5000   45.0000  -37.5000 9766.0254   13.9349
   -7.5000  -45.0000  -30.000010572.2891   14.4755
    0.0000  -45.0000  -30.000011024.2432   14.4760
    7.5000  -45.0000  -30.000010565.5488   14.4902
   -7.5000  -37.5000  -30.000011117.4609   14.3215
    0.0000  -37.5000  -30.000011584.7461   14.3158
    7.5000  -37.5000  -30.000011100.2217   14.3313
   -7.5000  -30.0000  -30.000012066.6924   14.2180
    0.0000  -30.0000  -30.000012572.4785   14.2082
    7.5000  -30.0000  -30.000012066.3232   14.2227
   -7.5000  -22.5000  -30.000012932.9971   14.1295
    0.0000  -22.5000  -30.000013459.8506   14.1207
    7.5000  -22.5000  -30.000012917.1143   14.1325
   -7.5000  -15.0000  -30.000013697.8799   14.0480
    0.0000  -15.0000  -30.000014231.3330   14.0433
    7.5000  -15.0000  -30.000013643.7715   14.0539
   -7.5000   -7.5000  -30.000014299.2549   13.9821
    0.0000   -7.5000  -30.000014867.3779   13.9801
    7.5000   -7.5000  -30.000014244.3105   13.9926
   -7.5000    0.0000  -30.000014730.5586   13.9348
    0.0000    0.0000  -30.000015341.1709   13.9311
    7.5000    0.0000  -30.000014652.9717   13.9458
   -7.5000    7.5000  -30.000014096.9150   13.9880
    0.0000    7.5000  -30.000014681.9736   13.9791
    7.5000    7.5000  -30.000014021.5381   13.9945
   -7.5000   15.0000  -30.000013412.7129   14.0919
    0.0000   15.0000  -30.000013972.3867   14.0793
    7.5000   15.0000  -30.000013363.8076   14.0947
   -7.5000   22.5000  -30.000012650.4375   14.2360
    0.0000   22.5000  -30.000013149.6777   14.2245
    7.5000   22.5000  -30.000012590.1533   14.2385
   -7.5000   30.0000  -30.000011781.5322   14.2626
    0.0000   30.0000  -30.000012244.2256   14.2571
    7.5000   30.0000  -30.000011726.0684   14.2705
   -7.5000   37.5000  -30.000011308.7578   14.4882
    0.0000   37.5000  -30.000011738.0371   14.4828
    7.5000   37.5000  -30.000011264.0586   14.5004
   -7.5000   45.0000  -30.000010485.6377   14.4793
    0.0000   45.0000  -30.000010880.4170   14.4688
    7.5000   45.0000  -30.000010438.1113   14.4840
   -7.5000  -45.0000  -22.500011322.1709   14.9324
    0.0000  -45.0000  -22.500011816.3652   14.9345
    7.5000  -45.0000  -22.500011309.1436   14.9507
   -7.5000  -37.5000  -22.500011906.9648   14.7753
    0.0000  -37.5000  -22.500012424.2578   14.7707
    7.5000  -37.5000  -22.500011894.1777   14.7869
   -7.5000  -30.0000  -22.500012924.7021   14.6711
    0.0000  -30.0000  -22.500013477.6143   14.6632
    7.5000  -30.0000  -22.500012911.0645   14.6770
   -7.5000  -22.5000  -22.500013839.0479   14.5782
    0.0000  -22.5000  -22.500014398.1738   14.5725
    7.5000  -22.5000  -22.500013808.4209   14.5833
   -7.5000  -15.0000  -22.500014640.3760   14.4889
    0.0000  -15.0000  -22.500015222.9209   14.4876
    7.5000  -15.0000  -22.500014587.1016   14.4979
   -7.5000   -7.5000  -22.500015314.2119   14.4137
    0.0000   -7.5000  -22.500015933.3232   14.4143
    7.5000   -7.5000  -22.500015240.5625   14.4280
   -7.5000    0.0000  -22.500015782.6016   14.3609
    0.0000    0.0000  -22.500016435.3633   14.3585
    7.5000    0.0000  -22.500015695.0176   14.3751
   -7.5000    7.5000  -22.500015053.9375   14.4198
    0.0000    7.5000  -22.500015678.9277   14.4119
    7.5000    7.5000  -22.500014993.9111   14.4280
   -7.5000   15.0000  -22.500014335.2852   14.5319
    0.0000   15.0000  -22.500014913.7568   14.5211
    7.5000   15.0000  -22.500014292.4600   14.5355
   -7.5000   22.5000  -22.500013469.5938   14.6807
    0.0000   22.5000  -22.500013996.8926   14.6722
    7.5000   22.5000  -22.500013446.5303   14.6847
   -7.5000   30.0000  -22.500012521.7100   14.7101
    0.0000   30.0000  -22.500013011.5781   14.7082
    7.5000   30.0000  -22.500012508.0674   14.7213
   -7.5000   37.5000  -22.500012004.8701   14.9370
    0.0000   37.5000  -22.500012454.6992   14.9343
    7.5000   37.5000  -22.500011981.1084   14.9532
   -7.5000   45.0000  -22.500011111.9746   14.9312
    0.0000   45.0000  -22.500011526.2910   14.9235
    7.5000   45.0000  -22.500011092.0146   14.9405
   -7.5000  -45.0000  -15.000012032.4619   15.2486
    0.0000  -45.0000  -15.000012594.1992   15.2471
    7.5000  -45.0000  -15.000012023.1924   15.2659
   -7.5000  -37.5000  -15.000012658.4570   15.0892
    0.0000  -37.5000  -15.000013216.0527   15.0820
    7.5000  -37.5000  -15.000012640.2148   15.0992
   -7.5000  -30.0000  -15.000013725.6064   14.9833
    0.0000  -30.0000  -15.000014313.5332   14.9751
    7.5000  -30.0000  -15.000013705.8730   14.9899
   -7.5000  -22.5000  -15.000014692.5850   14.8857
    0.0000  -22.5000  -15.000015298.0312   14.8813
    7.5000  -22.5000  -15.000014661.9824   14.8944
   -7.5000  -15.0000  -15.000015527.3340   14.7914
    0.0000  -15.0000  -15.000016186.4463   14.7905
    7.5000  -15.0000  -15.000015469.7568   14.8044
   -7.5000   -7.5000  -15.000016262.5732   14.7130
    0.0000   -7.5000  -15.000016965.5137   14.7116
    7.5000   -7.5000  -15.000016207.1133   14.7288
   -7.5000    0.0000  -15.000016778.9023   14.6593
    0.0000    0.0000  -15.000017507.7559   14.6536
    7.5000    0.0000  -15.000016709.9102   14.6724
   -7.5000    7.5000  -15.000016007.8691   14.7226
    0.0000    7.5000  -15.000016687.4902   14.7120
    7.5000    7.5000  -15.000015950.1377   14.7291
   -7.5000   15.0000  -15.000015184.0527   14.8393
    0.0000   15.0000  -15.000015800.0938   14.8281
    7.5000   15.0000  -15.000015164.0996   14.8431
   -7.5000   22.5000  -15.000014216.3057   14.9896
    0.0000   22.5000  -15.000014783.4648   14.9825
    7.5000   22.5000  -15.000014214.5283   14.9970
   -7.5000   30.0000  -15.000013174.3486   15.0190
    0.0000   30.0000  -15.000013710.0664   15.0173
    7.5000   30.0000  -15.000013176.8262   15.0342
   -7.5000   37.5000  -15.000012629.5762   15.2523
    0.0000   37.5000  -15.000013121.0459   15.2479
    7.5000   37.5000  -15.000012629.1885   15.2699
   -7.5000   45.0000  -15.000011700.4580   15.2521
    0.0000   45.0000  -15.000012115.6582   15.2422
    7.5000   45.0000  -15.000011672.9639   15.2614
   -7.5000  -45.0000   -7.500012683.3154   15.4019
    0.0000  -45.0000   -7.500013318.8223   15.3947
    7.5000  -45.0000   -7.500012692.8115   15.4143
   -7.5000  -37.5000   -7.500013345.5068   15.2409
    0.0000  -37.5000   -7.500013986.3447   15.2297
    7.5000  -37.5000   -7.500013351.3643   15.2475
   -7.5000  -30.0000   -7.500014493.2383   15.1306
    0.0000  -30.0000   -7.500015181.0215   15.1198
    7.5000  -30.0000   -7.500014490.7871   15.1364
   -7.5000  -22.5000   -7.500015520.4570   15.0275
    0.0000  -22.5000   -7.500016254.9199   15.0204
    7.5000  -22.5000   -7.500015482.2969   15.0374
   -7.5000  -15.0000   -7.500016377.6445   14.9304
    0.0000  -15.0000   -7.500017150.8574   14.9257
    7.5000  -15.0000   -7.500016337.3799   14.9442
   -7.5000   -7.5000   -7.500017143.5410   14.8548
    0.0000   -7.5000   -7.500017994.9707   14.8482
    7.5000   -7.5000   -7.500017121.7383   14.8683
   -7.5000    0.0000   -7.500017737.2207   14.8052
    0.0000    0.0000   -7.500018598.5059   14.7940
    7.5000    0.0000   -7.500017677.9082   14.8137
   -7.5000    7.5000   -7.500016953.1309   14.8689
    0.0000    7.5000   -7.500017770.1621   14.8543
    7.5000    7.5000   -7.500016903.5742   14.8719
   -7.5000   15.0000   -7.500016059.8262   14.9837
    0.0000   15.0000   -7.500016806.1973   14.9696
    7.5000   15.0000   -7.500016037.2217   14.9866
   -7.5000   22.5000   -7.500015044.8906   15.1303
    0.0000   22.5000   -7.500015714.0303   15.1205
    7.5000   22.5000   -7.500014994.8242   15.1392
   -7.5000   30.0000   -7.500013936.1191   15.1571
    0.0000   30.0000   -7.500014562.0723   15.1514
    7.5000   30.0000   -7.500013857.4248   15.1731
   -7.5000   37.5000   -7.500013322.4951   15.3994
    0.0000   37.5000   -7.500013902.5420   15.3895
    7.5000   37.5000   -7.500013252.0664   15.4139
   -7.5000   45.0000   -7.500012320.0674   15.4084
    0.0000   45.0000   -7.500012829.8145   15.3924
    7.5000   45.0000   -7.500012252.6406   15.4122
   -7.5000  -45.0000    0.000013240.5225   15.4315
    0.0000  -45.0000    0.000013906.0928   15.4220
    7.5000  -45.0000    0.000013264.9346   15.4403
   -7.5000  -37.5000    0.000013925.2246   15.2665
    0.0000  -37.5000    0.000014618.2422   15.2535
    7.5000  -37.5000    0.000013939.5635   15.2710
   -7.5000  -30.0000    0.000015135.9990   15.1504
    0.0000  -30.0000    0.000015898.9551   15.1373
    7.5000  -30.0000    0.000015136.2930   15.1548
   -7.5000  -22.5000    0.000016232.0205   15.0447
    0.0000  -22.5000    0.000017041.2051   15.0342
    7.5000  -22.5000    0.000016215.6846   15.0529
   -7.5000  -15.0000    0.000017140.8047   14.9486
    0.0000  -15.0000    0.000018011.6621   14.9401
    7.5000  -15.0000    0.000017108.0117   14.9600
   -7.5000   -7.5000    0.000017916.0078   14.8775
    0.0000   -7.5000    0.000018882.4648   14.8678
    7.5000   -7.5000    0.000017881.9375   14.8878
   -7.5000    0.0000    0.000018603.1230   14.8313
    0.0000    0.0000    0.000019682.1992   14.8180
    7.5000    0.0000    0.000018526.8652   14.8364
   -7.5000    7.5000    0.000017856.2012   14.8917
    0.0000    7.5000    0.000018975.0215   14.8754
    7.5000    7.5000    0.000017755.3633   14.8927
   -7.5000   15.0000    0.000016952.6738   15.0014
    0.0000   15.0000    0.000018035.4766   14.9850
    7.5000   15.0000    0.000016805.7441   15.0033
   -7.5000   22.5000    0.000015894.4395   15.1456
    0.0000   22.5000    0.000016873.9160   15.1325
    7.5000   22.5000    0.000015702.0146   15.1535
   -7.5000   30.0000    0.000014677.8086   15.1726
    0.0000   30.0000    0.000015530.4277   15.1628
    7.5000   30.0000    0.000014514.5674   15.1862
   -7.5000   37.5000    0.000013987.9102   15.4197
    0.0000   37.5000    0.000014732.5332   15.4063
    7.5000   37.5000    0.000013861.0352   15.4305
   -7.5000   45.0000    0.000012913.7354   15.4356
    0.0000   45.0000    0.000013551.5020   15.4158
    7.5000   45.0000    0.000012807.1191   15.4341
   -7.5000  -45.0000    7.500012771.4189   15.5019
    0.0000  -45.0000    7.500013441.5117   15.4965
    7.5000  -45.0000    7.500012804.4180   15.5123
   -7.5000  -37.5000    7.500013436.1309   15.3336
    0.0000  -37.5000    7.500014140.3672   15.3235
    7.5000  -37.5000    7.500013457.6387   15.3401
   -7.5000  -30.0000    7.500014614.7910   15.2174
    0.0000  -30.0000    7.500015382.5547   15.2046
    7.5000  -30.0000    7.500014614.2822   15.2214
   -7.5000  -22.5000    7.500015737.0137   15.1164
    0.0000  -22.5000    7.500016585.9414   15.1051
    7.5000  -22.5000    7.500015702.6758   15.1214
   -7.5000  -15.0000    7.500016631.9863   15.0258
    0.0000  -15.0000    7.500017570.8887   15.0174
    7.5000  -15.0000    7.500016592.5820   15.0336
   -7.5000   -7.5000    7.500017401.4570   14.9568
    0.0000   -7.5000    7.500018401.1758   14.9497
    7.5000   -7.5000    7.500017363.8594   14.9660
   -7.5000    0.0000    7.500018070.4844   14.9097
    0.0000    0.0000    7.500019212.5645   14.9001
    7.5000    0.0000    7.500017980.0664   14.9163
   -7.5000    7.5000    7.500017301.2051   14.9665
    0.0000    7.5000    7.500018528.4766   14.9530
    7.5000    7.5000    7.500017167.2637   14.9694
   -7.5000   15.0000    7.500016421.2363   15.0752
    0.0000   15.0000    7.500017617.1758   15.0591
    7.5000   15.0000    7.500016251.1787   15.0771
   -7.5000   22.5000    7.500015353.4668   15.2224
    0.0000   22.5000    7.500016407.1270   15.2083
    7.5000   22.5000    7.500015188.3379   15.2273
   -7.5000   30.0000    7.500014184.0771   15.2546
    0.0000   30.0000    7.500015082.0029   15.2452
    7.5000   30.0000    7.500014048.7012   15.2646
   -7.5000   37.5000    7.500013517.6455   15.5016
    0.0000   37.5000    7.500014300.9873   15.4907
    7.5000   37.5000    7.500013386.2207   15.5119
   -7.5000   45.0000    7.500012446.5410   15.5172
    0.0000   45.0000    7.500013112.0693   15.5000
    7.5000   45.0000    7.500012343.8799   15.5165
   -7.5000  -45.0000   15.000012223.2617   15.5741
    0.0000  -45.0000   15.000012894.3320   15.5747
    7.5000  -45.0000   15.000012255.7471   15.5896
   -7.5000  -37.5000   15.000012869.5293   15.4062
    0.0000  -37.5000   15.000013563.2236   15.4003
    7.5000  -37.5000   15.000012872.6982   15.4165
   -7.5000  -30.0000   15.000014011.7549   15.2943
    0.0000  -30.0000   15.000014774.0078   15.2840
    7.5000  -30.0000   15.000014003.3877   15.2991
   -7.5000  -22.5000   15.000015111.2207   15.1992
    0.0000  -22.5000   15.000015947.4424   15.1899
    7.5000  -22.5000   15.000015050.0000   15.2022
   -7.5000  -15.0000   15.000015990.6631   15.1116
    0.0000  -15.0000   15.000016918.6426   15.1065
    7.5000  -15.0000   15.000015924.6855   15.1175
   -7.5000   -7.5000   15.000016735.1719   15.0404
    0.0000   -7.5000   15.000017740.3379   15.0384
    7.5000   -7.5000   15.000016667.2559   15.0514
   -7.5000    0.0000   15.000017320.8926   14.9899
    0.0000    0.0000   15.000018431.0391   14.9860
    7.5000    0.0000   15.000017218.6133   15.0013
   -7.5000    7.5000   15.000016517.1621   15.0469
    0.0000    7.5000   15.000017627.8262   15.0375
    7.5000    7.5000   15.000016402.0762   15.0536
   -7.5000   15.0000   15.000015620.4756   15.1588
    0.0000   15.0000   15.000016620.7559   15.1455
    7.5000   15.0000   15.000015507.3125   15.1615
   -7.5000   22.5000   15.000014576.3945   15.3100
    0.0000   22.5000   15.000015442.4893   15.2978
    7.5000   22.5000   15.000014460.6826   15.3125
   -7.5000   30.0000   15.000013485.6113   15.3447
    0.0000   30.0000   15.000014250.4844   15.3389
    7.5000   30.0000   15.000013374.2051   15.3531
   -7.5000   37.5000   15.000012851.7373   15.5852
    0.0000   37.5000   15.000013538.5664   15.5796
    7.5000   37.5000   15.000012748.2744   15.5981
   -7.5000   45.0000   15.000011810.9482   15.5928
    0.0000   45.0000   15.000012402.4346   15.5818
    7.5000   45.0000   15.000011706.4629   15.5976
   -7.5000  -45.0000   22.500011623.9629   15.6728
    0.0000  -45.0000   22.500012225.7871   15.6757
    7.5000  -45.0000   22.500011637.9746   15.6917
   -7.5000  -37.5000   22.500012235.8242   15.5073
    0.0000  -37.5000   22.500012842.3916   15.5032
    7.5000  -37.5000   22.500012231.5156   15.5192
   -7.5000  -30.0000   22.500013275.0078   15.4015
    0.0000  -30.0000   22.500013937.4385   15.3940
    7.5000  -30.0000   22.500013255.1309   15.4076
   -7.5000  -22.5000   22.500014262.4229   15.3085
    0.0000  -22.5000   22.500015030.7061   15.3035
    7.5000  -22.5000   22.500014198.5635   15.3139
   -7.5000  -15.0000   22.500015069.0938   15.2199
    0.0000  -15.0000   22.500015928.3594   15.2194
    7.5000  -15.0000   22.500015004.3418   15.2293
   -7.5000   -7.5000   22.500015800.1631   15.1460
    0.0000   -7.5000   22.500016726.2910   15.1476
    7.5000   -7.5000   22.500015712.9092   15.1609
   -7.5000    0.0000   22.500016390.7520   15.0949
    0.0000    0.0000   22.500017385.9219   15.0933
    7.5000    0.0000   22.500016255.9629   15.1096
   -7.5000    7.5000   22.500015625.1221   15.1546
    0.0000    7.5000   22.500016565.9434   15.1471
    7.5000    7.5000   22.500015497.8330   15.1631
   -7.5000   15.0000   22.500014770.1660   15.2697
    0.0000   15.0000   22.500015606.9316   15.2594
    7.5000   15.0000   22.500014665.2139   15.2736
   -7.5000   22.5000   22.500013777.6699   15.4213
    0.0000   22.5000   22.500014499.8643   15.4135
    7.5000   22.5000   22.500013690.0527   15.4256
   -7.5000   30.0000   22.500012727.5176   15.4544
    0.0000   30.0000   22.500013387.2598   15.4535
    7.5000   30.0000   22.500012633.0400   15.4663
   -7.5000   37.5000   22.500012099.8545   15.6941
    0.0000   37.5000   22.500012722.5791   15.6924
    7.5000   37.5000   22.500012008.8906   15.7113
   -7.5000   45.0000   22.500011097.5303   15.6973
    0.0000   45.0000   22.500011636.0771   15.6902
    7.5000   45.0000   22.500011022.8809   15.7070
   -7.5000  -45.0000   30.000010894.2168   15.8398
    0.0000  -45.0000   30.000011357.5742   15.8394
    7.5000  -45.0000   30.000010876.1934   15.8573
   -7.5000  -37.5000   30.000011462.3115   15.6754
    0.0000  -37.5000   30.000011960.5859   15.6691
    7.5000  -37.5000   30.000011434.5098   15.6856
   -7.5000  -30.0000   30.000012398.8770   15.5727
    0.0000  -30.0000   30.000012958.0059   15.5654
    7.5000  -30.0000   30.000012354.7949   15.5795
   -7.5000  -22.5000   30.000013275.7021   15.4781
    0.0000  -22.5000   30.000013893.0547   15.4749
    7.5000  -22.5000   30.000013207.9727   15.4873
   -7.5000  -15.0000   30.000014017.5488   15.3870
    0.0000  -15.0000   30.000014659.9297   15.3876
    7.5000  -15.0000   30.000013919.2285   15.4004
   -7.5000   -7.5000   30.000014712.3301   15.3128
    0.0000   -7.5000   30.000015431.8066   15.3129
    7.5000   -7.5000   30.000014614.7754   15.3291
   -7.5000    0.0000   30.000015280.0225   15.2638
    0.0000    0.0000   30.000016092.1650   15.2593
    7.5000    0.0000   30.000015140.9180   15.2774
   -7.5000    7.5000   30.000014547.6016   15.3266
    0.0000    7.5000   30.000015301.1875   15.3170
    7.5000    7.5000   30.000014416.1201   15.3335
   -7.5000   15.0000   30.000013735.6846   15.4438
    0.0000   15.0000   30.000014398.0635   15.4337
    7.5000   15.0000   30.000013624.6768   15.4481
   -7.5000   22.5000   30.000012812.9580   15.5946
    0.0000   22.5000   30.000013416.1309   15.5889
    7.5000   22.5000   30.000012711.2939   15.6026
   -7.5000   30.0000   30.000011829.8164   15.6241
    0.0000   30.0000   30.000012388.7627   15.6242
    7.5000   30.0000   30.000011724.2256   15.6403
   -7.5000   37.5000   30.000011268.7520   15.8716
    0.0000   37.5000   30.000011797.1748   15.8688
    7.5000   37.5000   30.000011177.2344   15.8902
   -7.5000   45.0000   30.000010355.0264   15.8768
    0.0000   45.0000   30.000010829.9805   15.8682
    7.5000   45.0000   30.000010273.7422   15.8866
   -7.5000  -45.0000   37.500010448.4209   16.0981
    0.0000  -45.0000   37.500010858.8887   16.0921
    7.5000  -45.0000   37.500010437.5381   16.1107
   -7.5000  -37.5000   37.500010994.3740   15.9290
    0.0000  -37.5000   37.500011442.9062   15.9190
    7.5000  -37.5000   37.500010965.0332   15.9359
   -7.5000  -30.0000   37.500011889.1357   15.8234
    0.0000  -30.0000   37.500012373.3936   15.8137
    7.5000  -30.0000   37.500011839.5977   15.8293
   -7.5000  -22.5000   37.500012725.9346   15.7252
    0.0000  -22.5000   37.500013235.4961   15.7195
    7.5000  -22.5000   37.500012656.3809   15.7354
   -7.5000  -15.0000   37.500013444.5000   15.6328
    0.0000  -15.0000   37.500013989.0293   15.6295
    7.5000  -15.0000   37.500013363.6338   15.6468
   -7.5000   -7.5000   37.500014122.7256   15.5626
    0.0000   -7.5000   37.500014712.9316   15.5575
    7.5000   -7.5000   37.500014009.0684   15.5765
   -7.5000    0.0000   37.500014641.9023   15.5183
    0.0000    0.0000   37.500015299.9678   15.5086
    7.5000    0.0000   37.500014490.9180   15.5274
   -7.5000    7.5000   37.500013925.1572   15.5805
    0.0000    7.5000   37.500014557.6738   15.5674
    7.5000    7.5000   37.500013813.7207   15.5841
   -7.5000   15.0000   37.500013145.4609   15.6962
    0.0000   15.0000   37.500013720.3418   15.6836
    7.5000   15.0000   37.500013047.9697   15.6997
   -7.5000   22.5000   37.500012257.6348   15.8463
    0.0000   22.5000   37.500012794.6875   15.8381
    7.5000   22.5000   37.500012164.9561   15.8559
   -7.5000   30.0000   37.500011298.8330   15.8735
    0.0000   30.0000   37.500011789.3291   15.8694
    7.5000   30.0000   37.500011206.1895   15.8904
   -7.5000   37.5000   37.500010778.0908   16.1359
    0.0000   37.5000   37.500011239.7324   16.1277
    7.5000   37.5000   37.500010702.8047   16.1513
   -7.5000   45.0000   37.5000 9953.6328   16.1512
    0.0000   45.0000   37.500010374.9043   16.1367
    7.5000   45.0000   37.5000 9881.4131   16.1555
   -7.5000  -45.0000   45.0000 9579.3389   16.3917
    0.0000  -45.0000   45.0000 9940.7178   16.3863
    7.5000  -45.0000   45.0000 9571.0020   16.4028
   -7.5000  -37.5000   45.000010075.6621   16.2142
    0.0000  -37.5000   45.000010478.5439   16.2052
    7.5000  -37.5000   45.000010056.5801   16.2223
   -7.5000  -30.0000   45.000010906.0020   16.1024
    0.0000  -30.0000   45.000011332.3682   16.0937
    7.5000  -30.0000   45.000010875.1133   16.1118
   -7.5000  -22.5000   45.000011669.7988   15.9998
    0.0000  -22.5000   45.000012119.5205   15.9945
    7.5000  -22.5000   45.000011626.4297   16.0133
   -7.5000  -15.0000   45.000012329.9355   15.9063
    0.0000  -15.0000   45.000012812.2725   15.9031
    7.5000  -15.0000   45.000012270.3633   15.9221
   -7.5000   -7.5000   45.000012933.9307   15.8410
    0.0000   -7.5000   45.000013462.4092   15.8361
    7.5000   -7.5000   45.000012849.0977   15.8544
   -7.5000    0.0000   45.000013376.3896   15.8024
    0.0000    0.0000   45.000013938.5908   15.7931
    7.5000    0.0000   45.000013264.4180   15.8100
   -7.5000    7.5000   45.000012697.1328   15.8631
    0.0000    7.5000   45.000013221.7852   15.8508
    7.5000    7.5000   45.000012616.2422   15.8677
   -7.5000   15.0000   45.000011992.7422   15.9761
    0.0000   15.0000   45.000012500.5869   15.9642
    7.5000   15.0000   45.000011936.8740   15.9832
   -7.5000   22.5000   45.000011207.2861   16.1255
    0.0000   22.5000   45.000011682.2959   16.1178
    7.5000   22.5000   45.000011134.6055   16.1393
   -7.5000   30.0000   45.000010330.2490   16.1517
    0.0000   30.0000   45.000010760.5264   16.1477
    7.5000   30.0000   45.000010252.8311   16.1708
   -7.5000   37.5000   45.0000 9873.6436   16.4293
    0.0000   37.5000   45.000010292.0967   16.4211
    7.5000   37.5000   45.0000 9797.0967   16.4440
   -7.5000   45.0000   45.0000 9149.8574   16.4699
    0.0000   45.0000   45.0000 9537.1318   16.4541
    7.5000   45.0000   45.0000 9069.0127   16.4707

---------------------------------------------------------------------
imgreg_4dfp /opt/freesurfer/average/711-2C_as_mni_average_305 /opt/freesurfer/average/711-2B_as_mni_average_305_mask talsrcimg_g11 none talsrcimg_to_711-2C_as_mni_average_305_t4 4355
---------------------------------------------------------------------

freesurfer imgreg_4dfp.c
/opt/freesurfer/average/711-2C_as_mni_average_305.4dfp.img
       256       256       256         1
  1.000000  1.000000  1.000000
orientation T byte_order littleendian
Reading image: /opt/freesurfer/average/711-2C_as_mni_average_305.4dfp.img
dimensions:      256       256       256
mmppix:       1.0000   -1.0000   -1.0000
center:     128.0000 -129.0000 -129.0000
/opt/freesurfer/average/711-2B_as_mni_average_305_mask.4dfp.img
       256       256       256         1
  1.000000  1.000000  1.000000
orientation T byte_order littleendian
Reading mask: /opt/freesurfer/average/711-2B_as_mni_average_305_mask.4dfp.img (2306576 pixels)
talsrcimg_g11.4dfp.img
       256       256       256         1
  1.000000  1.000000  1.000000
orientation T byte_order littleendian
Reading image: talsrcimg_g11.4dfp.img
dimensions:      256       256       256
mmppix:       1.0000   -1.0000   -1.0000
center:     128.0000 -129.0000 -129.0000
rotation matrix determinant  1.000000
image alignment mode   4355 decimal     1103 hex
   -7.5000  -45.0000  -45.0000 2335.7026   19.0710
    0.0000  -45.0000  -45.0000 2347.9539   19.0176
    7.5000  -45.0000  -45.0000 2341.0425   19.0407
   -7.5000  -37.5000  -45.0000 2373.9976   18.2110
    0.0000  -37.5000  -45.0000 2384.9028   18.1684
    7.5000  -37.5000  -45.0000 2380.4185   18.1927
   -7.5000  -30.0000  -45.0000 2403.9932   17.4979
    0.0000  -30.0000  -45.0000 2418.7671   17.4639
    7.5000  -30.0000  -45.0000 2407.3069   17.5434
   -7.5000  -22.5000  -45.0000 2435.1030   16.8495
    0.0000  -22.5000  -45.0000 2450.0449   16.8411
    7.5000  -22.5000  -45.0000 2437.1851   16.9287
   -7.5000  -15.0000  -45.0000 2459.4082   16.4384
    0.0000  -15.0000  -45.0000 2477.3669   16.3739
    7.5000  -15.0000  -45.0000 2459.4277   16.4650
   -7.5000   -7.5000  -45.0000 2471.5103   16.1700
    0.0000   -7.5000  -45.0000 2491.4001   16.0779
    7.5000   -7.5000  -45.0000 2469.6272   16.1856
   -7.5000    0.0000  -45.0000 2474.7100   16.0259
    0.0000    0.0000  -45.0000 2497.0474   15.9302
    7.5000    0.0000  -45.0000 2473.0020   16.0341
   -7.5000    7.5000  -45.0000 2474.9028   16.1568
    0.0000    7.5000  -45.0000 2497.0676   16.0202
    7.5000    7.5000  -45.0000 2470.4202   16.1435
   -7.5000   15.0000  -45.0000 2452.3113   16.5056
    0.0000   15.0000  -45.0000 2468.1560   16.3962
    7.5000   15.0000  -45.0000 2448.3433   16.5179
   -7.5000   22.5000  -45.0000 2411.6228   17.1368
    0.0000   22.5000  -45.0000 2428.9941   17.0081
    7.5000   22.5000  -45.0000 2406.8169   17.1775
   -7.5000   30.0000  -45.0000 2356.7302   17.9679
    0.0000   30.0000  -45.0000 2374.6614   17.8743
    7.5000   30.0000  -45.0000 2349.7439   18.0619
   -7.5000   37.5000  -45.0000 2293.0276   19.1762
    0.0000   37.5000  -45.0000 2303.5566   19.0961
    7.5000   37.5000  -45.0000 2282.5872   19.2860
   -7.5000   45.0000  -45.0000 2213.2520   20.7973
    0.0000   45.0000  -45.0000 2221.3435   20.7565
    7.5000   45.0000  -45.0000 2203.3804   20.8947
   -7.5000  -45.0000  -37.5000 2408.8398   17.7780
    0.0000  -45.0000  -37.5000 2424.0437   17.7314
    7.5000  -45.0000  -37.5000 2415.0664   17.8089
   -7.5000  -37.5000  -37.5000 2450.1338   17.0223
    0.0000  -37.5000  -37.5000 2469.7188   16.9639
    7.5000  -37.5000  -37.5000 2454.8684   17.0367
   -7.5000  -30.0000  -37.5000 2487.0583   16.3503
    0.0000  -30.0000  -37.5000 2507.3933   16.2666
    7.5000  -30.0000  -37.5000 2490.8599   16.4009
   -7.5000  -22.5000  -37.5000 2521.1748   15.7798
    0.0000  -22.5000  -37.5000 2539.0405   15.7317
    7.5000  -22.5000  -37.5000 2525.7427   15.8303
   -7.5000  -15.0000  -37.5000 2542.5508   15.3698
    0.0000  -15.0000  -37.5000 2560.1245   15.3189
    7.5000  -15.0000  -37.5000 2542.8333   15.4337
   -7.5000   -7.5000  -37.5000 2549.7483   15.1367
    0.0000   -7.5000  -37.5000 2567.7610   15.0464
    7.5000   -7.5000  -37.5000 2547.1448   15.1899
   -7.5000    0.0000  -37.5000 2553.5493   15.0174
    0.0000    0.0000  -37.5000 2575.7678   14.8816
    7.5000    0.0000  -37.5000 2549.7297   15.0525
   -7.5000    7.5000  -37.5000 2555.5303   15.1026
    0.0000    7.5000  -37.5000 2575.2141   14.9497
    7.5000    7.5000  -37.5000 2549.4768   15.1329
   -7.5000   15.0000  -37.5000 2537.6184   15.3826
    0.0000   15.0000  -37.5000 2551.6650   15.2534
    7.5000   15.0000  -37.5000 2529.7722   15.4238
   -7.5000   22.5000  -37.5000 2499.5786   15.8782
    0.0000   22.5000  -37.5000 2511.9707   15.7426
    7.5000   22.5000  -37.5000 2492.9463   15.9366
   -7.5000   30.0000  -37.5000 2445.8091   16.6481
    0.0000   30.0000  -37.5000 2457.5923   16.5243
    7.5000   30.0000  -37.5000 2434.9475   16.7174
   -7.5000   37.5000  -37.5000 2372.5913   17.7758
    0.0000   37.5000  -37.5000 2383.7168   17.6460
    7.5000   37.5000  -37.5000 2361.0715   17.8388
   -7.5000   45.0000  -37.5000 2285.2852   19.2847
    0.0000   45.0000  -37.5000 2293.1272   19.2046
    7.5000   45.0000  -37.5000 2275.3057   19.4031
   -7.5000  -45.0000  -30.0000 2534.0576   17.1783
    0.0000  -45.0000  -30.0000 2554.9626   17.1303
    7.5000  -45.0000  -30.0000 2540.9324   17.2296
   -7.5000  -37.5000  -30.0000 2581.4158   16.4064
    0.0000  -37.5000  -30.0000 2597.5542   16.3405
    7.5000  -37.5000  -30.0000 2581.8911   16.4545
   -7.5000  -30.0000  -30.0000 2620.6799   15.7597
    0.0000  -30.0000  -30.0000 2636.2620   15.6820
    7.5000  -30.0000  -30.0000 2623.9724   15.8080
   -7.5000  -22.5000  -30.0000 2656.0308   15.2589
    0.0000  -22.5000  -30.0000 2671.8025   15.1862
    7.5000  -22.5000  -30.0000 2659.6504   15.3111
   -7.5000  -15.0000  -30.0000 2676.4424   14.8992
    0.0000  -15.0000  -30.0000 2686.3655   14.8073
    7.5000  -15.0000  -30.0000 2670.9326   14.9212
   -7.5000   -7.5000  -30.0000 2684.5632   14.6544
    0.0000   -7.5000  -30.0000 2693.5132   14.5346
    7.5000   -7.5000  -30.0000 2677.3928   14.7042
   -7.5000    0.0000  -30.0000 2688.9316   14.5331
    0.0000    0.0000  -30.0000 2708.2017   14.3758
    7.5000    0.0000  -30.0000 2680.0496   14.6026
   -7.5000    7.5000  -30.0000 2691.9167   14.5788
    0.0000    7.5000  -30.0000 2709.4216   14.4229
    7.5000    7.5000  -30.0000 2681.0137   14.6420
   -7.5000   15.0000  -30.0000 2676.0798   14.8135
    0.0000   15.0000  -30.0000 2690.7080   14.6901
    7.5000   15.0000  -30.0000 2665.3657   14.8823
   -7.5000   22.5000  -30.0000 2642.3203   15.2743
    0.0000   22.5000  -30.0000 2656.7695   15.1091
    7.5000   22.5000  -30.0000 2631.6982   15.3200
   -7.5000   30.0000  -30.0000 2584.1714   15.9964
    0.0000   30.0000  -30.0000 2597.6230   15.8500
    7.5000   30.0000  -30.0000 2570.7832   16.0694
   -7.5000   37.5000  -30.0000 2503.0168   17.0525
    0.0000   37.5000  -30.0000 2514.1765   16.9063
    7.5000   37.5000  -30.0000 2492.6714   17.1071
   -7.5000   45.0000  -30.0000 2410.2568   18.5212
    0.0000   45.0000  -30.0000 2418.8252   18.4023
    7.5000   45.0000  -30.0000 2400.7200   18.6258
   -7.5000  -45.0000  -22.5000 2634.0366   16.5227
    0.0000  -45.0000  -22.5000 2654.5833   16.4846
    7.5000  -45.0000  -22.5000 2637.6543   16.5801
   -7.5000  -37.5000  -22.5000 2677.7905   15.7692
    0.0000  -37.5000  -22.5000 2695.1799   15.7136
    7.5000  -37.5000  -22.5000 2679.3557   15.8200
   -7.5000  -30.0000  -22.5000 2710.9961   15.1294
    0.0000  -30.0000  -22.5000 2728.6484   15.0736
    7.5000  -30.0000  -22.5000 2715.8430   15.2061
   -7.5000  -22.5000  -22.5000 2747.9663   14.6471
    0.0000  -22.5000  -22.5000 2757.1694   14.5661
    7.5000  -22.5000  -22.5000 2746.4883   14.6925
   -7.5000  -15.0000  -22.5000 2773.1870   14.2728
    0.0000  -15.0000  -22.5000 2781.8982   14.1745
    7.5000  -15.0000  -22.5000 2767.3516   14.3029
   -7.5000   -7.5000  -22.5000 2784.0552   14.0530
    0.0000   -7.5000  -22.5000 2794.4863   13.9456
    7.5000   -7.5000  -22.5000 2774.3286   14.0884
   -7.5000    0.0000  -22.5000 2794.2207   13.9476
    0.0000    0.0000  -22.5000 2813.3201   13.7911
    7.5000    0.0000  -22.5000 2782.8689   14.0031
   -7.5000    7.5000  -22.5000 2796.4971   13.9744
    0.0000    7.5000  -22.5000 2819.7314   13.8128
    7.5000    7.5000  -22.5000 2787.2029   14.0404
   -7.5000   15.0000  -22.5000 2790.5857   14.1805
    0.0000   15.0000  -22.5000 2810.7539   14.0192
    7.5000   15.0000  -22.5000 2779.4683   14.2523
   -7.5000   22.5000  -22.5000 2752.6460   14.6324
    0.0000   22.5000  -22.5000 2771.2217   14.4377
    7.5000   22.5000  -22.5000 2743.6875   14.6854
   -7.5000   30.0000  -22.5000 2689.6274   15.2939
    0.0000   30.0000  -22.5000 2705.8281   15.1183
    7.5000   30.0000  -22.5000 2681.2693   15.3607
   -7.5000   37.5000  -22.5000 2605.8772   16.3102
    0.0000   37.5000  -22.5000 2619.4290   16.1436
    7.5000   37.5000  -22.5000 2594.3923   16.3895
   -7.5000   45.0000  -22.5000 2509.0310   17.7282
    0.0000   45.0000  -22.5000 2521.7598   17.5949
    7.5000   45.0000  -22.5000 2499.8267   17.8552
   -7.5000  -45.0000  -15.0000 2695.0269   15.9856
    0.0000  -45.0000  -15.0000 2719.5190   15.9018
    7.5000  -45.0000  -15.0000 2699.7036   15.9937
   -7.5000  -37.5000  -15.0000 2735.0833   15.2158
    0.0000  -37.5000  -15.0000 2754.5925   15.1031
    7.5000  -37.5000  -15.0000 2738.2678   15.2442
   -7.5000  -30.0000  -15.0000 2764.9900   14.5781
    0.0000  -30.0000  -15.0000 2780.9553   14.4873
    7.5000  -30.0000  -15.0000 2768.9717   14.6308
   -7.5000  -22.5000  -15.0000 2800.8054   14.0867
    0.0000  -22.5000  -15.0000 2812.1641   13.9956
    7.5000  -22.5000  -15.0000 2800.8433   14.1273
   -7.5000  -15.0000  -15.0000 2827.7559   13.6951
    0.0000  -15.0000  -15.0000 2844.0852   13.5838
    7.5000  -15.0000  -15.0000 2820.2676   13.7162
   -7.5000   -7.5000  -15.0000 2846.4258   13.4770
    0.0000   -7.5000  -15.0000 2865.6667   13.3685
    7.5000   -7.5000  -15.0000 2840.6741   13.5278
   -7.5000    0.0000  -15.0000 2859.9155   13.3904
    0.0000    0.0000  -15.0000 2883.2576   13.2463
    7.5000    0.0000  -15.0000 2854.2449   13.4373
   -7.5000    7.5000  -15.0000 2872.7354   13.4214
    0.0000    7.5000  -15.0000 2896.3013   13.2512
    7.5000    7.5000  -15.0000 2864.3298   13.4796
   -7.5000   15.0000  -15.0000 2867.4243   13.5995
    0.0000   15.0000  -15.0000 2894.3013   13.4040
    7.5000   15.0000  -15.0000 2857.2527   13.6945
   -7.5000   22.5000  -15.0000 2826.9421   14.0193
    0.0000   22.5000  -15.0000 2854.9810   13.8048
    7.5000   22.5000  -15.0000 2818.9167   14.1162
   -7.5000   30.0000  -15.0000 2759.6338   14.6875
    0.0000   30.0000  -15.0000 2784.5654   14.4750
    7.5000   30.0000  -15.0000 2749.7502   14.7731
   -7.5000   37.5000  -15.0000 2670.3423   15.6518
    0.0000   37.5000  -15.0000 2690.9189   15.4506
    7.5000   37.5000  -15.0000 2661.7302   15.7579
   -7.5000   45.0000  -15.0000 2568.6824   17.0338
    0.0000   45.0000  -15.0000 2584.2585   16.8540
    7.5000   45.0000  -15.0000 2560.7073   17.1606
   -7.5000  -45.0000   -7.5000 2722.2568   15.5356
    0.0000  -45.0000   -7.5000 2747.0667   15.4145
    7.5000  -45.0000   -7.5000 2730.1628   15.5406
   -7.5000  -37.5000   -7.5000 2759.2808   14.7499
    0.0000  -37.5000   -7.5000 2782.2900   14.6300
    7.5000  -37.5000   -7.5000 2768.0933   14.7522
   -7.5000  -30.0000   -7.5000 2791.9858   14.1000
    0.0000  -30.0000   -7.5000 2811.3770   13.9895
    7.5000  -30.0000   -7.5000 2798.3196   14.1352
   -7.5000  -22.5000   -7.5000 2822.7031   13.5741
    0.0000  -22.5000   -7.5000 2841.3484   13.4978
    7.5000  -22.5000   -7.5000 2821.0469   13.6316
   -7.5000  -15.0000   -7.5000 2851.6123   13.1841
    0.0000  -15.0000   -7.5000 2870.3325   13.0922
    7.5000  -15.0000   -7.5000 2849.3582   13.2446
   -7.5000   -7.5000   -7.5000 2881.1003   12.9638
    0.0000   -7.5000   -7.5000 2905.4333   12.8725
    7.5000   -7.5000   -7.5000 2880.4214   13.0186
   -7.5000    0.0000   -7.5000 2895.6089   12.9388
    0.0000    0.0000   -7.5000 2922.7810   12.8137
    7.5000    0.0000   -7.5000 2895.7590   12.9693
   -7.5000    7.5000   -7.5000 2920.3750   12.9916
    0.0000    7.5000   -7.5000 2948.0454   12.8359
    7.5000    7.5000   -7.5000 2911.9216   13.0319
   -7.5000   15.0000   -7.5000 2918.3123   13.1392
    0.0000   15.0000   -7.5000 2948.6787   12.9978
    7.5000   15.0000   -7.5000 2904.3804   13.2270
   -7.5000   22.5000   -7.5000 2882.7202   13.5082
    0.0000   22.5000   -7.5000 2911.4409   13.3517
    7.5000   22.5000   -7.5000 2863.8750   13.6141
   -7.5000   30.0000   -7.5000 2809.6492   14.1944
    0.0000   30.0000   -7.5000 2837.6196   14.0428
    7.5000   30.0000   -7.5000 2793.3340   14.2555
   -7.5000   37.5000   -7.5000 2710.7156   15.1594
    0.0000   37.5000   -7.5000 2735.6731   15.0036
    7.5000   37.5000   -7.5000 2702.1287   15.2103
   -7.5000   45.0000   -7.5000 2605.1648   16.4982
    0.0000   45.0000   -7.5000 2622.6870   16.3468
    7.5000   45.0000   -7.5000 2598.5784   16.5490
   -7.5000  -45.0000    0.0000 2736.4651   15.2614
    0.0000  -45.0000    0.0000 2752.6951   15.1505
    7.5000  -45.0000    0.0000 2742.0173   15.2500
   -7.5000  -37.5000    0.0000 2773.0801   14.4776
    0.0000  -37.5000    0.0000 2787.7817   14.3612
    7.5000  -37.5000    0.0000 2777.1921   14.4972
   -7.5000  -30.0000    0.0000 2797.7126   13.8033
    0.0000  -30.0000    0.0000 2813.8035   13.7052
    7.5000  -30.0000    0.0000 2800.3401   13.8364
   -7.5000  -22.5000    0.0000 2827.0398   13.2768
    0.0000  -22.5000    0.0000 2838.4304   13.2053
    7.5000  -22.5000    0.0000 2826.2815   13.3379
   -7.5000  -15.0000    0.0000 2858.2261   12.9143
    0.0000  -15.0000    0.0000 2871.8772   12.8318
    7.5000  -15.0000    0.0000 2857.1560   12.9811
   -7.5000   -7.5000    0.0000 2890.2642   12.6985
    0.0000   -7.5000    0.0000 2914.4839   12.6099
    7.5000   -7.5000    0.0000 2892.6965   12.7430
   -7.5000    0.0000    0.0000 2920.3440   12.6820
    0.0000    0.0000    0.0000 2948.3279   12.6118
    7.5000    0.0000    0.0000 2918.2583   12.6873
   -7.5000    7.5000    0.0000 2944.2742   12.7648
    0.0000    7.5000    0.0000 2980.5964   12.7343
    7.5000    7.5000    0.0000 2938.2109   12.7610
   -7.5000   15.0000    0.0000 2945.0422   12.9127
    0.0000   15.0000    0.0000 2987.1765   12.8671
    7.5000   15.0000    0.0000 2928.6311   12.9508
   -7.5000   22.5000    0.0000 2909.7666   13.2969
    0.0000   22.5000    0.0000 2947.1555   13.2291
    7.5000   22.5000    0.0000 2889.6785   13.3280
   -7.5000   30.0000    0.0000 2835.0066   13.9902
    0.0000   30.0000    0.0000 2862.9316   13.9102
    7.5000   30.0000    0.0000 2821.2786   14.0002
   -7.5000   37.5000    0.0000 2732.7429   14.9493
    0.0000   37.5000    0.0000 2752.6953   14.8387
    7.5000   37.5000    0.0000 2722.9832   14.9630
   -7.5000   45.0000    0.0000 2621.4731   16.2301
    0.0000   45.0000    0.0000 2635.5442   16.1039
    7.5000   45.0000    0.0000 2612.8181   16.2603
   -7.5000  -45.0000    7.5000 2731.8022   15.1976
    0.0000  -45.0000    7.5000 2752.9500   15.1360
    7.5000  -45.0000    7.5000 2740.1609   15.2121
   -7.5000  -37.5000    7.5000 2758.9561   14.4093
    0.0000  -37.5000    7.5000 2776.2200   14.3089
    7.5000  -37.5000    7.5000 2766.6492   14.4221
   -7.5000  -30.0000    7.5000 2779.6160   13.7659
    0.0000  -30.0000    7.5000 2791.4641   13.6539
    7.5000  -30.0000    7.5000 2785.7803   13.7676
   -7.5000  -22.5000    7.5000 2812.4741   13.2536
    0.0000  -22.5000    7.5000 2822.9026   13.1733
    7.5000  -22.5000    7.5000 2815.8564   13.2804
   -7.5000  -15.0000    7.5000 2845.0410   12.8552
    0.0000  -15.0000    7.5000 2859.6165   12.8303
    7.5000  -15.0000    7.5000 2844.9514   12.8947
   -7.5000   -7.5000    7.5000 2882.0967   12.6221
    0.0000   -7.5000    7.5000 2906.0212   12.5954
    7.5000   -7.5000    7.5000 2882.2632   12.6701
   -7.5000    0.0000    7.5000 2920.7332   12.5823
    0.0000    0.0000    7.5000 2951.3855   12.5433
    7.5000    0.0000    7.5000 2916.0349   12.5923
   -7.5000    7.5000    7.5000 2950.6985   12.6479
    0.0000    7.5000    7.5000 2989.5349   12.6298
    7.5000    7.5000    7.5000 2945.9382   12.6187
   -7.5000   15.0000    7.5000 2950.8777   12.8615
    0.0000   15.0000    7.5000 2989.9082   12.8393
    7.5000   15.0000    7.5000 2934.8232   12.8456
   -7.5000   22.5000    7.5000 2912.0098   13.2979
    0.0000   22.5000    7.5000 2940.3152   13.2523
    7.5000   22.5000    7.5000 2890.5005   13.2831
   -7.5000   30.0000    7.5000 2831.9468   13.9895
    0.0000   30.0000    7.5000 2856.8394   13.9386
    7.5000   30.0000    7.5000 2815.8164   14.0069
   -7.5000   37.5000    7.5000 2730.5999   14.9900
    0.0000   37.5000    7.5000 2749.1340   14.9063
    7.5000   37.5000    7.5000 2716.2905   15.0256
   -7.5000   45.0000    7.5000 2614.0100   16.2366
    0.0000   45.0000    7.5000 2626.1643   16.1390
    7.5000   45.0000    7.5000 2605.3899   16.2883
   -7.5000  -45.0000   15.0000 2711.4685   15.4039
    0.0000  -45.0000   15.0000 2739.6025   15.3412
    7.5000  -45.0000   15.0000 2723.4463   15.4227
   -7.5000  -37.5000   15.0000 2728.4226   14.5926
    0.0000  -37.5000   15.0000 2745.8547   14.5179
    7.5000  -37.5000   15.0000 2736.4138   14.6133
   -7.5000  -30.0000   15.0000 2742.7659   13.9584
    0.0000  -30.0000   15.0000 2754.3936   13.8816
    7.5000  -30.0000   15.0000 2748.3398   13.9676
   -7.5000  -22.5000   15.0000 2779.1313   13.3939
    0.0000  -22.5000   15.0000 2788.7412   13.3437
    7.5000  -22.5000   15.0000 2779.7727   13.4220
   -7.5000  -15.0000   15.0000 2818.1638   12.9478
    0.0000  -15.0000   15.0000 2833.2993   12.9175
    7.5000  -15.0000   15.0000 2821.9810   12.9878
   -7.5000   -7.5000   15.0000 2867.3101   12.7165
    0.0000   -7.5000   15.0000 2890.8477   12.6800
    7.5000   -7.5000   15.0000 2865.4775   12.7557
   -7.5000    0.0000   15.0000 2908.5371   12.6580
    0.0000    0.0000   15.0000 2937.9246   12.6086
    7.5000    0.0000   15.0000 2905.2720   12.6641
   -7.5000    7.5000   15.0000 2938.2156   12.7116
    0.0000    7.5000   15.0000 2975.2783   12.6433
    7.5000    7.5000   15.0000 2933.3704   12.6846
   -7.5000   15.0000   15.0000 2942.1147   12.9031
    0.0000   15.0000   15.0000 2978.4187   12.8086
    7.5000   15.0000   15.0000 2924.7686   12.9080
   -7.5000   22.5000   15.0000 2895.0762   13.3492
    0.0000   22.5000   15.0000 2924.2617   13.2011
    7.5000   22.5000   15.0000 2875.2620   13.3682
   -7.5000   30.0000   15.0000 2820.3330   14.1040
    0.0000   30.0000   15.0000 2845.1492   13.9533
    7.5000   30.0000   15.0000 2798.8640   14.1175
   -7.5000   37.5000   15.0000 2711.7717   15.1675
    0.0000   37.5000   15.0000 2727.1042   15.0438
    7.5000   37.5000   15.0000 2699.6880   15.1809
   -7.5000   45.0000   15.0000 2591.8926   16.4586
    0.0000   45.0000   15.0000 2599.7727   16.3644
    7.5000   45.0000   15.0000 2586.0076   16.4995
   -7.5000  -45.0000   22.5000 2686.7356   15.8585
    0.0000  -45.0000   22.5000 2709.0168   15.7444
    7.5000  -45.0000   22.5000 2694.5911   15.8429
   -7.5000  -37.5000   22.5000 2696.2573   15.0493
    0.0000  -37.5000   22.5000 2709.1750   14.9376
    7.5000  -37.5000   22.5000 2702.5374   15.0609
   -7.5000  -30.0000   22.5000 2709.7627   14.3197
    0.0000  -30.0000   22.5000 2716.7698   14.2189
    7.5000  -30.0000   22.5000 2711.8970   14.3371
   -7.5000  -22.5000   22.5000 2740.8826   13.6891
    0.0000  -22.5000   22.5000 2751.2144   13.6196
    7.5000  -22.5000   22.5000 2739.7751   13.7293
   -7.5000  -15.0000   22.5000 2780.0532   13.2434
    0.0000  -15.0000   22.5000 2791.4724   13.1815
    7.5000  -15.0000   22.5000 2777.8091   13.2868
   -7.5000   -7.5000   22.5000 2835.3845   13.0103
    0.0000   -7.5000   22.5000 2851.6545   12.9269
    7.5000   -7.5000   22.5000 2825.3127   13.0633
   -7.5000    0.0000   22.5000 2871.1262   13.0126
    0.0000    0.0000   22.5000 2897.2581   12.9277
    7.5000    0.0000   22.5000 2864.3079   13.0259
   -7.5000    7.5000   22.5000 2900.6858   13.0761
    0.0000    7.5000   22.5000 2932.0549   12.9757
    7.5000    7.5000   22.5000 2890.4209   13.0690
   -7.5000   15.0000   22.5000 2898.6509   13.2611
    0.0000   15.0000   22.5000 2929.0837   13.1461
    7.5000   15.0000   22.5000 2882.9705   13.2969
   -7.5000   22.5000   22.5000 2859.1880   13.7304
    0.0000   22.5000   22.5000 2879.3662   13.5781
    7.5000   22.5000   22.5000 2842.9309   13.7888
   -7.5000   30.0000   22.5000 2788.1394   14.4666
    0.0000   30.0000   22.5000 2805.4355   14.2904
    7.5000   30.0000   22.5000 2771.5312   14.5101
   -7.5000   37.5000   22.5000 2687.5776   15.4779
    0.0000   37.5000   22.5000 2703.9514   15.3060
    7.5000   37.5000   22.5000 2675.8306   15.5043
   -7.5000   45.0000   22.5000 2561.1851   16.7943
    0.0000   45.0000   22.5000 2571.2874   16.6702
    7.5000   45.0000   22.5000 2554.3967   16.8320
   -7.5000  -45.0000   30.0000 2647.4717   16.4440
    0.0000  -45.0000   30.0000 2657.1321   16.1916
    7.5000  -45.0000   30.0000 2649.3164   16.3663
   -7.5000  -37.5000   30.0000 2657.9941   15.6212
    0.0000  -37.5000   30.0000 2669.9253   15.4240
    7.5000  -37.5000   30.0000 2662.9553   15.5681
   -7.5000  -30.0000   30.0000 2666.7607   14.8665
    0.0000  -30.0000   30.0000 2676.1160   14.6977
    7.5000  -30.0000   30.0000 2670.0544   14.8557
   -7.5000  -22.5000   30.0000 2693.6240   14.2415
    0.0000  -22.5000   30.0000 2701.2686   14.1206
    7.5000  -22.5000   30.0000 2693.7422   14.2569
   -7.5000  -15.0000   30.0000 2731.0852   13.7928
    0.0000  -15.0000   30.0000 2736.6401   13.6439
    7.5000  -15.0000   30.0000 2723.7737   13.8063
   -7.5000   -7.5000   30.0000 2782.5872   13.5554
    0.0000   -7.5000   30.0000 2790.2832   13.4213
    7.5000   -7.5000   30.0000 2771.0466   13.6027
   -7.5000    0.0000   30.0000 2816.1648   13.5934
    0.0000    0.0000   30.0000 2835.7380   13.4660
    7.5000    0.0000   30.0000 2807.8511   13.6022
   -7.5000    7.5000   30.0000 2837.1240   13.6716
    0.0000    7.5000   30.0000 2863.4131   13.5220
    7.5000    7.5000   30.0000 2825.9004   13.6718
   -7.5000   15.0000   30.0000 2831.3799   13.8974
    0.0000   15.0000   30.0000 2853.5400   13.7332
    7.5000   15.0000   30.0000 2817.4702   13.9307
   -7.5000   22.5000   30.0000 2796.1350   14.4075
    0.0000   22.5000   30.0000 2815.6396   14.2309
    7.5000   22.5000   30.0000 2782.4761   14.4323
   -7.5000   30.0000   30.0000 2731.3279   15.0958
    0.0000   30.0000   30.0000 2749.6079   14.9278
    7.5000   30.0000   30.0000 2717.5474   15.1316
   -7.5000   37.5000   30.0000 2645.3813   16.0264
    0.0000   37.5000   30.0000 2660.8079   15.8583
    7.5000   37.5000   30.0000 2632.5293   16.0778
   -7.5000   45.0000   30.0000 2531.4368   17.3145
    0.0000   45.0000   30.0000 2541.0066   17.1433
    7.5000   45.0000   30.0000 2523.3022   17.3431
   -7.5000  -45.0000   37.5000 2581.7737   17.1332
    0.0000  -45.0000   37.5000 2590.9233   16.8518
    7.5000  -45.0000   37.5000 2584.4243   17.0608
   -7.5000  -37.5000   37.5000 2601.3496   16.3378
    0.0000  -37.5000   37.5000 2610.6497   16.0474
    7.5000  -37.5000   37.5000 2602.2942   16.2410
   -7.5000  -30.0000   37.5000 2615.4692   15.5888
    0.0000  -30.0000   37.5000 2623.0413   15.3365
    7.5000  -30.0000   37.5000 2617.6091   15.5167
   -7.5000  -22.5000   37.5000 2640.9285   14.9819
    0.0000  -22.5000   37.5000 2647.2119   14.7516
    7.5000  -22.5000   37.5000 2642.8481   14.9332
   -7.5000  -15.0000   37.5000 2673.5989   14.5396
    0.0000  -15.0000   37.5000 2683.8247   14.3234
    7.5000  -15.0000   37.5000 2667.1531   14.5384
   -7.5000   -7.5000   37.5000 2715.7109   14.3488
    0.0000   -7.5000   37.5000 2724.3989   14.1634
    7.5000   -7.5000   37.5000 2703.8237   14.3567
   -7.5000    0.0000   37.5000 2746.7090   14.3875
    0.0000    0.0000   37.5000 2762.6208   14.1935
    7.5000    0.0000   37.5000 2735.0471   14.3494
   -7.5000    7.5000   37.5000 2761.4229   14.4599
    0.0000    7.5000   37.5000 2782.9480   14.2610
    7.5000    7.5000   37.5000 2753.1589   14.4439
   -7.5000   15.0000   37.5000 2749.4404   14.7657
    0.0000   15.0000   37.5000 2768.2981   14.5581
    7.5000   15.0000   37.5000 2739.3394   14.7883
   -7.5000   22.5000   37.5000 2717.1555   15.2493
    0.0000   22.5000   37.5000 2737.4136   15.0697
    7.5000   22.5000   37.5000 2708.5354   15.2931
   -7.5000   30.0000   37.5000 2662.6062   15.9089
    0.0000   30.0000   37.5000 2680.3247   15.7562
    7.5000   30.0000   37.5000 2652.6030   15.9684
   -7.5000   37.5000   37.5000 2589.4668   16.8141
    0.0000   37.5000   37.5000 2603.5850   16.6222
    7.5000   37.5000   37.5000 2579.1025   16.8679
   -7.5000   45.0000   37.5000 2490.4314   18.0548
    0.0000   45.0000   37.5000 2499.4871   17.8430
    7.5000   45.0000   37.5000 2483.0022   18.0938
   -7.5000  -45.0000   45.0000 2507.2349   17.9941
    0.0000  -45.0000   45.0000 2516.5674   17.6068
    7.5000  -45.0000   45.0000 2515.1914   17.8941
   -7.5000  -37.5000   45.0000 2532.4800   17.1666
    0.0000  -37.5000   45.0000 2543.8452   16.8228
    7.5000  -37.5000   45.0000 2539.8062   17.0667
   -7.5000  -30.0000   45.0000 2550.9014   16.4531
    0.0000  -30.0000   45.0000 2561.3650   16.1393
    7.5000  -30.0000   45.0000 2555.4873   16.3709
   -7.5000  -22.5000   45.0000 2575.4172   15.8354
    0.0000  -22.5000   45.0000 2587.1980   15.5444
    7.5000  -22.5000   45.0000 2578.8506   15.7925
   -7.5000  -15.0000   45.0000 2604.4053   15.4164
    0.0000  -15.0000   45.0000 2617.1587   15.1526
    7.5000  -15.0000   45.0000 2600.9951   15.4193
   -7.5000   -7.5000   45.0000 2641.4331   15.2639
    0.0000   -7.5000   45.0000 2651.6497   15.0334
    7.5000   -7.5000   45.0000 2635.6248   15.2447
   -7.5000    0.0000   45.0000 2667.6047   15.3204
    0.0000    0.0000   45.0000 2681.4807   15.1022
    7.5000    0.0000   45.0000 2658.3135   15.2950
   -7.5000    7.5000   45.0000 2674.6047   15.4348
    0.0000    7.5000   45.0000 2693.2805   15.2023
    7.5000    7.5000   45.0000 2666.1060   15.4294
   -7.5000   15.0000   45.0000 2661.7083   15.7674
    0.0000   15.0000   45.0000 2680.0876   15.5512
    7.5000   15.0000   45.0000 2655.3691   15.7889
   -7.5000   22.5000   45.0000 2632.4368   16.2640
    0.0000   22.5000   45.0000 2650.5142   16.0544
    7.5000   22.5000   45.0000 2624.2188   16.2983
   -7.5000   30.0000   45.0000 2579.8960   16.9289
    0.0000   30.0000   45.0000 2593.6938   16.7176
    7.5000   30.0000   45.0000 2570.6904   16.9411
   -7.5000   37.5000   45.0000 2521.4182   17.7983
    0.0000   37.5000   45.0000 2539.6614   17.5597
    7.5000   37.5000   45.0000 2510.2227   17.7876
   -7.5000   45.0000   45.0000 2442.1355   18.9643
    0.0000   45.0000   45.0000 2456.2188   18.7306
    7.5000   45.0000   45.0000 2428.5867   18.9728

---------------------------------------------------------------------
imgreg_4dfp /opt/freesurfer/average/711-2C_as_mni_average_305 /opt/freesurfer/average/711-2B_as_mni_average_305_mask talsrcimg_g11 none talsrcimg_to_711-2C_as_mni_average_305_t4 1283
---------------------------------------------------------------------

freesurfer imgreg_4dfp.c
/opt/freesurfer/average/711-2C_as_mni_average_305.4dfp.img
       256       256       256         1
  1.000000  1.000000  1.000000
orientation T byte_order littleendian
Reading image: /opt/freesurfer/average/711-2C_as_mni_average_305.4dfp.img
dimensions:      256       256       256
mmppix:       1.0000   -1.0000   -1.0000
center:     128.0000 -129.0000 -129.0000
/opt/freesurfer/average/711-2B_as_mni_average_305_mask.4dfp.img
       256       256       256         1
  1.000000  1.000000  1.000000
orientation T byte_order littleendian
Reading mask: /opt/freesurfer/average/711-2B_as_mni_average_305_mask.4dfp.img (2306576 pixels)
talsrcimg_g11.4dfp.img
       256       256       256         1
  1.000000  1.000000  1.000000
orientation T byte_order littleendian
Reading image: talsrcimg_g11.4dfp.img
dimensions:      256       256       256
mmppix:       1.0000   -1.0000   -1.0000
center:     128.0000 -129.0000 -129.0000
rotation matrix determinant  1.000000
fimgreg.f
image alignment mode   1283 decimal      503 hex
parameters
    0.0000   15.0000    7.5000    0.0000    0.0000    0.0000
eta,q 0.93649 12.84646
niter,ni,del,rscale     5    3   12.0000    1.2000
parameter  2  0.600488 ->  0.500000 qaram    1.1500
parameter  3  0.559436 ->  0.500000 qaram    1.1500
parameter  4  5.141698 ->  0.500000 qaram    1.1500
parameters
   -0.2288   11.5500    4.0500   -3.4500    0.5192    1.3021
eta,q 0.94556 12.60726
  0.0738  0.0620  0.0606  0.0518  0.0584  0.0611
  0.0685  0.0606  0.0598  0.0540  0.0578  0.0579
  0.0649  0.0611  0.0598  0.0571  0.0561  0.0557
  0.0633  0.0632  0.0602  0.0599  0.0548  0.0546
  0.0653  0.0664  0.0619  0.0626  0.0549  0.0545
  0.0700  0.0717  0.0638  0.0660  0.0561  0.0552
  0.0753  0.0772  0.0646  0.0695  0.0581  0.0572
niter,ni,del,rscale     7    3   12.0000    1.2000
parameter  4 39.384109 ->  0.500000 qaram    1.3225
parameters
    0.0556   11.1754    5.3280   -7.4175    0.8831    1.3171
eta,q 0.95043 12.53438
  0.0688  0.0620  0.0618  0.0452  0.0535  0.0545
  0.0618  0.0570  0.0571  0.0486  0.0523  0.0521
  0.0566  0.0551  0.0551  0.0523  0.0510  0.0501
  0.0544  0.0544  0.0545  0.0547  0.0498  0.0496
  0.0558  0.0555  0.0554  0.0582  0.0494  0.0505
  0.0604  0.0585  0.0564  0.0615  0.0512  0.0521
  0.0663  0.0638  0.0568  0.0651  0.0533  0.0543
niter,ni,del,rscale     7    3   12.0000    1.2000
parameter  4-11.790834 ->  0.500000 qaram    1.5209
parameters
   -0.3836   11.9811    6.0820  -11.9801    0.6632    0.4416
eta,q 0.95802 12.51507
  0.0614  0.0600  0.0551  0.0375  0.0477  0.0457
  0.0552  0.0530  0.0512  0.0408  0.0449  0.0430
  0.0509  0.0501  0.0495  0.0452  0.0429  0.0420
  0.0496  0.0495  0.0495  0.0496  0.0421  0.0422
  0.0531  0.0497  0.0496  0.0534  0.0431  0.0432
  0.0583  0.0511  0.0502  0.0568  0.0455  0.0451
  0.0644  0.0553  0.0526  0.0604  0.0486  0.0484
niter,ni,del,rscale     7    3   12.0000    1.2000
parameter  4  1.151140 ->  0.500000 qaram    1.7490
parameters
   -0.6728   13.4502    5.8847  -17.2272    1.1623    0.6874
eta,q 0.96513 12.60077
  0.0555  0.0562  0.0488  0.0366  0.0456  0.0431
  0.0484  0.0480  0.0452  0.0352  0.0417  0.0393
  0.0436  0.0427  0.0430  0.0367  0.0378  0.0363
  0.0420  0.0419  0.0417  0.0418  0.0352  0.0349
  0.0452  0.0417  0.0422  0.0474  0.0355  0.0358
  0.0511  0.0424  0.0454  0.0518  0.0387  0.0383
  0.0573  0.0469  0.0503  0.0562  0.0436  0.0420
niter,ni,del,rscale     7    3   12.0000    1.2000
parameters
   -0.6034   14.5320    3.9054  -19.9704    1.0307    0.6388
eta,q 0.96826 12.62442
  0.0543  0.0511  0.0396  0.0411  0.0400  0.0393
  0.0456  0.0429  0.0356  0.0350  0.0366  0.0355
  0.0385  0.0378  0.0338  0.0316  0.0338  0.0328
  0.0349  0.0349  0.0343  0.0337  0.0317  0.0317
  0.0380  0.0343  0.0385  0.0390  0.0325  0.0331
  0.0453  0.0367  0.0445  0.0462  0.0362  0.0356
  0.0534  0.0439  0.0512  0.0509  0.0419  0.0396
niter,ni,del,rscale     6    3   12.0000    1.2000
parameters
   -0.5238   14.5226    2.3359  -21.3833    0.7734    0.8045
eta,q 0.96970 12.56603
  0.0525  0.0454  0.0383  0.0419  0.0383  0.0389
  0.0426  0.0384  0.0329  0.0369  0.0345  0.0347
  0.0352  0.0343  0.0310  0.0315  0.0319  0.0317
  0.0317  0.0317  0.0317  0.0310  0.0302  0.0303
  0.0351  0.0328  0.0352  0.0357  0.0315  0.0315
  0.0425  0.0382  0.0406  0.0422  0.0351  0.0341
  0.0510  0.0461  0.0471  0.0481  0.0403  0.0380
niter,ni,del,rscale     5    3   12.0000    1.2000
parameters
   -0.4147   14.5107    1.8102  -22.1281    0.5985    1.0119
eta,q 0.96996 12.54665
  0.0520  0.0445  0.0416  0.0425  0.0382  0.0390
  0.0418  0.0379  0.0339  0.0381  0.0343  0.0347
  0.0340  0.0332  0.0302  0.0327  0.0317  0.0316
  0.0303  0.0303  0.0303  0.0300  0.0300  0.0300
  0.0334  0.0323  0.0330  0.0340  0.0312  0.0311
  0.0410  0.0377  0.0381  0.0400  0.0347  0.0339
  0.0504  0.0451  0.0438  0.0467  0.0397  0.0379
niter,ni,del,rscale     4    3   12.0000    1.2000
parameters
   -0.3622   14.5760    1.5101  -22.6005    0.4755    1.1508
eta,q 0.96997 12.53822
  0.0514  0.0447  0.0427  0.0426  0.0382  0.0388
  0.0414  0.0380  0.0345  0.0384  0.0344  0.0346
  0.0337  0.0331  0.0302  0.0334  0.0316  0.0315
  0.0300  0.0300  0.0300  0.0298  0.0300  0.0300
  0.0331  0.0321  0.0326  0.0330  0.0310  0.0312
  0.0410  0.0374  0.0377  0.0391  0.0346  0.0340
  0.0507  0.0445  0.0433  0.0460  0.0394  0.0381
niter,ni,del,rscale     3    3   12.0000    1.2000
parameters
   -0.3312   14.6452    1.3051  -22.9126    0.3990    1.2402
eta,q 0.96991 12.53305
  0.0512  0.0447  0.0432  0.0427  0.0384  0.0386
  0.0413  0.0379  0.0350  0.0385  0.0345  0.0345
  0.0336  0.0329  0.0304  0.0339  0.0317  0.0315
  0.0300  0.0300  0.0300  0.0299  0.0301  0.0301
  0.0330  0.0321  0.0324  0.0324  0.0310  0.0312
  0.0410  0.0374  0.0376  0.0386  0.0345  0.0341
  0.0510  0.0445  0.0432  0.0456  0.0393  0.0383
niter,ni,del,rscale     2    3   12.0000    1.2000
parameters
   -0.3152   14.7068    1.1589  -23.1235    0.3575    1.2997
eta,q 0.96988 12.52950
  0.0511  0.0448  0.0434  0.0428  0.0386  0.0385
  0.0412  0.0378  0.0353  0.0385  0.0346  0.0345
  0.0337  0.0328  0.0305  0.0342  0.0317  0.0315
  0.0301  0.0301  0.0301  0.0300  0.0301  0.0301
  0.0330  0.0321  0.0324  0.0320  0.0310  0.0312
  0.0411  0.0374  0.0375  0.0382  0.0345  0.0342
  0.0511  0.0445  0.0431  0.0453  0.0392  0.0384
niter,ni,del,rscale     1    3   12.0000    1.2000
parameters
   -0.3081   14.7540    1.0584  -23.2669    0.3340    1.3362
eta,q 0.96985 12.52678
  0.0511  0.0447  0.0436  0.0428  0.0387  0.0385
  0.0412  0.0377  0.0355  0.0385  0.0347  0.0345
  0.0337  0.0328  0.0307  0.0343  0.0317  0.0315
  0.0301  0.0301  0.0301  0.0301  0.0301  0.0302
  0.0330  0.0321  0.0324  0.0318  0.0310  0.0313
  0.0411  0.0374  0.0374  0.0379  0.0345  0.0342
  0.0513  0.0445  0.0430  0.0451  0.0392  0.0384
registration optimization eta report
parameter search radius
    6.0000    6.9000    6.9000   10.4940    6.0000    6.0000
100000*second partial in parameter space
       57.       29.       28.       12.       24.       23.
  0.0511  0.0447  0.0436  0.0428  0.0387  0.0385
  0.0412  0.0377  0.0355  0.0385  0.0347  0.0345
  0.0337  0.0328  0.0307  0.0343  0.0317  0.0315
  0.0301  0.0301  0.0301  0.0301  0.0301  0.0302
  0.0330  0.0321  0.0324  0.0318  0.0310  0.0313
  0.0411  0.0374  0.0374  0.0379  0.0345  0.0342
  0.0513  0.0445  0.0430  0.0451  0.0392  0.0384
   -0.3081   14.7540    1.0584  -23.2669    0.3340    1.3362
eta,q 0.96985 12.52678

---------------------------------------------------------------------
imgreg_4dfp /opt/freesurfer/average/711-2C_as_mni_average_305 /opt/freesurfer/average/711-2B_as_mni_average_305_mask talsrcimg_g11 none talsrcimg_to_711-2C_as_mni_average_305_t4 3335
---------------------------------------------------------------------

freesurfer imgreg_4dfp.c
/opt/freesurfer/average/711-2C_as_mni_average_305.4dfp.img
       256       256       256         1
  1.000000  1.000000  1.000000
orientation T byte_order littleendian
Reading image: /opt/freesurfer/average/711-2C_as_mni_average_305.4dfp.img
dimensions:      256       256       256
mmppix:       1.0000   -1.0000   -1.0000
center:     128.0000 -129.0000 -129.0000
/opt/freesurfer/average/711-2B_as_mni_average_305_mask.4dfp.img
       256       256       256         1
  1.000000  1.000000  1.000000
orientation T byte_order littleendian
Reading mask: /opt/freesurfer/average/711-2B_as_mni_average_305_mask.4dfp.img (2306576 pixels)
talsrcimg_g11.4dfp.img
       256       256       256         1
  1.000000  1.000000  1.000000
orientation T byte_order littleendian
Reading image: talsrcimg_g11.4dfp.img
dimensions:      256       256       256
mmppix:       1.0000   -1.0000   -1.0000
center:     128.0000 -129.0000 -129.0000
fimgreg.f
image alignment mode   3335 decimal      D07 hex
parameters
   -0.3081   14.7540    1.0584   -0.0289   -8.1521   -8.1341
   -1.9121   -1.4565    2.3319   39.4783    0.5829  -39.5008
eta,q 0.96754 12.66390
niter,ni,del,rscale     5    3    5.0000    1.2000
parameter  5  0.702976 ->  0.500000 qaram    1.1500
parameters
   -0.4148   15.2076    1.3820   -2.4046  -12.2921   -9.1956
   -1.9739   -1.5326    1.3215   38.1686   -1.1428  -38.3645
eta,q 0.96876 12.18524
  0.0355  0.0354  0.0342  0.0330  0.0316  0.0328  0.0337  0.0351  0.0326  0.0323  0.0316  0.0327
  0.0337  0.0340  0.0333  0.0324  0.0313  0.0319  0.0324  0.0332  0.0318  0.0317  0.0314  0.0320
  0.0327  0.0330  0.0327  0.0321  0.0315  0.0315  0.0316  0.0318  0.0314  0.0314  0.0313  0.0315
  0.0325  0.0324  0.0323  0.0323  0.0321  0.0313  0.0314  0.0314  0.0313  0.0313  0.0313  0.0313
  0.0330  0.0324  0.0324  0.0330  0.0331  0.0317  0.0317  0.0319  0.0317  0.0316  0.0314  0.0313
  0.0341  0.0329  0.0327  0.0343  0.0344  0.0326  0.0325  0.0332  0.0324  0.0324  0.0316  0.0315
  0.0360  0.0338  0.0334  0.0360  0.0359  0.0342  0.0338  0.0353  0.0335  0.0338  0.0319  0.0320
niter,ni,del,rscale     5    3    5.0000    1.2000
parameters
   -0.4380   15.6673    0.9368   -3.0070  -14.0733  -10.7637
   -1.9639   -1.4117    1.3504   39.5734   -0.6265  -37.6902
eta,q 0.96908 11.96819
  0.0344  0.0340  0.0320  0.0324  0.0322  0.0322  0.0333  0.0346  0.0325  0.0329  0.0315  0.0322
  0.0326  0.0326  0.0314  0.0319  0.0314  0.0313  0.0321  0.0328  0.0317  0.0319  0.0312  0.0316
  0.0316  0.0317  0.0311  0.0314  0.0311  0.0310  0.0313  0.0315  0.0312  0.0312  0.0310  0.0311
  0.0312  0.0312  0.0312  0.0311  0.0311  0.0311  0.0310  0.0310  0.0310  0.0310  0.0309  0.0309
  0.0316  0.0312  0.0315  0.0313  0.0316  0.0316  0.0313  0.0313  0.0311  0.0310  0.0310  0.0310
  0.0327  0.0316  0.0321  0.0320  0.0325  0.0326  0.0321  0.0325  0.0317  0.0312  0.0311  0.0312
  0.0345  0.0325  0.0329  0.0332  0.0339  0.0340  0.0333  0.0344  0.0325  0.0318  0.0314  0.0318
niter,ni,del,rscale     4    3    5.0000    1.2000
parameters
   -0.4605   16.4836   -0.1469   -3.8626  -16.8521  -13.2023
   -1.9271   -1.5626    0.9268   41.4497   -0.2440  -37.8253
eta,q 0.97026 11.65482
  0.0339  0.0340  0.0308  0.0316  0.0312  0.0309  0.0322  0.0330  0.0314  0.0326  0.0306  0.0309
  0.0323  0.0326  0.0305  0.0310  0.0304  0.0300  0.0309  0.0313  0.0305  0.0312  0.0301  0.0303
  0.0313  0.0316  0.0304  0.0306  0.0301  0.0298  0.0301  0.0302  0.0299  0.0302  0.0298  0.0299
  0.0309  0.0309  0.0307  0.0304  0.0304  0.0301  0.0298  0.0298  0.0298  0.0298  0.0297  0.0297
  0.0313  0.0307  0.0312  0.0307  0.0312  0.0309  0.0301  0.0302  0.0301  0.0298  0.0298  0.0299
  0.0324  0.0309  0.0320  0.0313  0.0322  0.0323  0.0309  0.0314  0.0308  0.0300  0.0300  0.0303
  0.0341  0.0315  0.0330  0.0325  0.0336  0.0341  0.0321  0.0334  0.0319  0.0306  0.0304  0.0310
niter,ni,del,rscale     3    3    5.0000    1.2000
parameters
   -0.4832   17.4159   -1.1223   -4.6886  -18.3750  -14.4657
   -1.9893   -1.5528    0.6944   42.4384   -0.2808  -38.9798
eta,q 0.97109 11.50390
  0.0325  0.0334  0.0296  0.0303  0.0309  0.0307  0.0313  0.0323  0.0309  0.0317  0.0298  0.0299
  0.0310  0.0318  0.0292  0.0296  0.0297  0.0296  0.0300  0.0305  0.0298  0.0303  0.0293  0.0293
  0.0301  0.0306  0.0292  0.0293  0.0291  0.0290  0.0292  0.0294  0.0291  0.0293  0.0290  0.0290
  0.0297  0.0297  0.0294  0.0291  0.0292  0.0290  0.0289  0.0289  0.0289  0.0289  0.0289  0.0289
  0.0301  0.0294  0.0299  0.0294  0.0299  0.0296  0.0293  0.0292  0.0292  0.0291  0.0291  0.0293
  0.0311  0.0296  0.0307  0.0300  0.0311  0.0308  0.0301  0.0304  0.0300  0.0296  0.0293  0.0299
  0.0327  0.0303  0.0318  0.0311  0.0326  0.0326  0.0313  0.0324  0.0311  0.0304  0.0298  0.0307
niter,ni,del,rscale     2    3    5.0000    1.2000
parameters
   -0.4163   17.6517   -1.5323   -4.7583  -18.8581  -14.8682
   -2.0695   -1.4576    0.6805   43.0831   -0.4901  -39.5734
eta,q 0.97117 11.48995
  0.0318  0.0317  0.0298  0.0303  0.0313  0.0311  0.0311  0.0323  0.0308  0.0313  0.0296  0.0300
  0.0303  0.0303  0.0292  0.0295  0.0299  0.0298  0.0299  0.0305  0.0298  0.0299  0.0291  0.0293
  0.0293  0.0293  0.0289  0.0290  0.0291  0.0290  0.0291  0.0293  0.0291  0.0291  0.0289  0.0289
  0.0289  0.0289  0.0289  0.0288  0.0288  0.0288  0.0288  0.0288  0.0288  0.0288  0.0288  0.0288
  0.0291  0.0290  0.0292  0.0290  0.0293  0.0292  0.0291  0.0291  0.0291  0.0290  0.0290  0.0291
  0.0300  0.0297  0.0298  0.0295  0.0304  0.0301  0.0300  0.0303  0.0298  0.0296  0.0292  0.0297
  0.0316  0.0308  0.0307  0.0304  0.0318  0.0317  0.0312  0.0322  0.0309  0.0304  0.0297  0.0305
niter,ni,del,rscale     1    3    5.0000    1.2000
parameters
   -0.3709   17.7463   -1.7275   -4.7917  -19.1234  -15.0459
   -2.1637   -1.3848    0.6957   43.3940   -0.6320  -39.8572
eta,q 0.97118 11.48327
  0.0317  0.0313  0.0299  0.0303  0.0313  0.0312  0.0311  0.0323  0.0308  0.0311  0.0296  0.0301
  0.0302  0.0300  0.0293  0.0295  0.0300  0.0298  0.0299  0.0304  0.0298  0.0298  0.0291  0.0294
  0.0292  0.0291  0.0289  0.0290  0.0291  0.0290  0.0291  0.0293  0.0291  0.0290  0.0289  0.0290
  0.0288  0.0288  0.0288  0.0288  0.0288  0.0288  0.0288  0.0288  0.0288  0.0288  0.0288  0.0288
  0.0291  0.0290  0.0290  0.0289  0.0292  0.0291  0.0291  0.0291  0.0290  0.0291  0.0289  0.0290
  0.0300  0.0298  0.0296  0.0295  0.0302  0.0300  0.0300  0.0303  0.0297  0.0297  0.0292  0.0296
  0.0315  0.0309  0.0304  0.0304  0.0316  0.0315  0.0312  0.0322  0.0308  0.0306  0.0296  0.0303
registration optimization eta report
parameter search radius
    2.4000    2.4000    2.4000    7.2000    8.2800    7.2000
    7.2000    7.2000    7.2000    7.2000    7.2000    7.2000
100000*second partial in parameter space
       48.       40.       23.        3.        4.        5.
        4.        7.        4.        4.        2.        3.
  0.0317  0.0313  0.0299  0.0303  0.0313  0.0312  0.0311  0.0323  0.0308  0.0311  0.0296  0.0301
  0.0302  0.0300  0.0293  0.0295  0.0300  0.0298  0.0299  0.0304  0.0298  0.0298  0.0291  0.0294
  0.0292  0.0291  0.0289  0.0290  0.0291  0.0290  0.0291  0.0293  0.0291  0.0290  0.0289  0.0290
  0.0288  0.0288  0.0288  0.0288  0.0288  0.0288  0.0288  0.0288  0.0288  0.0288  0.0288  0.0288
  0.0291  0.0290  0.0290  0.0289  0.0292  0.0291  0.0291  0.0291  0.0290  0.0291  0.0289  0.0290
  0.0300  0.0298  0.0296  0.0295  0.0302  0.0300  0.0300  0.0303  0.0297  0.0297  0.0292  0.0296
  0.0315  0.0309  0.0304  0.0304  0.0316  0.0315  0.0312  0.0322  0.0308  0.0306  0.0296  0.0303
   -0.3709   17.7463   -1.7275   -4.7917  -19.1234  -15.0459
   -2.1637   -1.3848    0.6957   43.3940   -0.6320  -39.8572
eta,q 0.97118 11.48327

---------------------------------------------------------------------
imgreg_4dfp /opt/freesurfer/average/711-2C_as_mni_average_305 /opt/freesurfer/average/711-2B_as_mni_average_305_mask talsrcimg_g11 none talsrcimg_to_711-2C_as_mni_average_305_t4 2311
---------------------------------------------------------------------

freesurfer imgreg_4dfp.c
/opt/freesurfer/average/711-2C_as_mni_average_305.4dfp.img
       256       256       256         1
  1.000000  1.000000  1.000000
orientation T byte_order littleendian
Reading image: /opt/freesurfer/average/711-2C_as_mni_average_305.4dfp.img
dimensions:      256       256       256
mmppix:       1.0000   -1.0000   -1.0000
center:     128.0000 -129.0000 -129.0000
/opt/freesurfer/average/711-2B_as_mni_average_305_mask.4dfp.img
       256       256       256         1
  1.000000  1.000000  1.000000
orientation T byte_order littleendian
Reading mask: /opt/freesurfer/average/711-2B_as_mni_average_305_mask.4dfp.img (2306576 pixels)
talsrcimg_g11.4dfp.img
       256       256       256         1
  1.000000  1.000000  1.000000
orientation T byte_order littleendian
Reading image: talsrcimg_g11.4dfp.img
dimensions:      256       256       256
mmppix:       1.0000   -1.0000   -1.0000
center:     128.0000 -129.0000 -129.0000
fimgreg.f
image alignment mode   2311 decimal      907 hex
parameters
   -0.3709   17.7463   -1.7275   -4.7917  -19.1234  -15.0459
   -2.1637   -1.3848    0.6957   43.3940   -0.6320  -39.8572
eta,q 0.97118 11.48328
niter,ni,del,rscale     5    3    5.0000    0.8000
parameters
   -0.3084   17.7820   -1.7996   -4.7054  -19.2636  -15.0335
   -2.2811   -1.2422    0.7109   43.2667   -0.8558  -39.8654
eta,q 0.97120 11.47851
  0.0301  0.0299  0.0294  0.0295  0.0297  0.0299  0.0299  0.0305  0.0297  0.0297  0.0291  0.0295
  0.0295  0.0293  0.0291  0.0292  0.0292  0.0293  0.0293  0.0296  0.0292  0.0291  0.0289  0.0291
  0.0290  0.0289  0.0289  0.0289  0.0289  0.0289  0.0289  0.0290  0.0289  0.0288  0.0288  0.0289
  0.0288  0.0288  0.0288  0.0288  0.0288  0.0288  0.0288  0.0288  0.0288  0.0288  0.0288  0.0288
  0.0289  0.0289  0.0289  0.0288  0.0290  0.0289  0.0290  0.0289  0.0289  0.0290  0.0289  0.0289
  0.0293  0.0293  0.0291  0.0291  0.0293  0.0292  0.0294  0.0294  0.0292  0.0293  0.0290  0.0291
  0.0300  0.0298  0.0295  0.0295  0.0299  0.0299  0.0300  0.0303  0.0297  0.0297  0.0292  0.0295
niter,ni,del,rscale     4    3    5.0000    0.7000
parameters
   -0.2626   17.7773   -1.7833   -4.6614  -19.2562  -15.0165
   -2.3723   -1.1450    0.6887   43.1795   -0.9286  -39.8021
eta,q 0.97121 11.47799
  0.0298  0.0296  0.0293  0.0293  0.0296  0.0296  0.0296  0.0300  0.0295  0.0295  0.0291  0.0293
  0.0293  0.0291  0.0290  0.0291  0.0292  0.0291  0.0292  0.0294  0.0291  0.0291  0.0289  0.0290
  0.0289  0.0289  0.0289  0.0289  0.0289  0.0289  0.0289  0.0290  0.0289  0.0288  0.0288  0.0289
  0.0288  0.0288  0.0288  0.0288  0.0288  0.0288  0.0288  0.0288  0.0288  0.0288  0.0288  0.0288
  0.0289  0.0289  0.0288  0.0288  0.0289  0.0289  0.0289  0.0289  0.0289  0.0289  0.0288  0.0288
  0.0292  0.0292  0.0290  0.0290  0.0292  0.0291  0.0292  0.0293  0.0291  0.0291  0.0289  0.0290
  0.0297  0.0296  0.0293  0.0293  0.0296  0.0296  0.0297  0.0300  0.0295  0.0295  0.0291  0.0293
niter,ni,del,rscale     3    3    5.0000    0.6000
parameters
   -0.2279   17.7671   -1.7657   -4.6275  -19.2096  -15.0190
   -2.4214   -1.0659    0.6720   43.0564   -0.9884  -39.7036
eta,q 0.97122 11.47590
  0.0295  0.0294  0.0291  0.0292  0.0294  0.0294  0.0294  0.0297  0.0293  0.0293  0.0290  0.0292
  0.0291  0.0290  0.0290  0.0290  0.0291  0.0290  0.0291  0.0292  0.0290  0.0290  0.0289  0.0290
  0.0289  0.0288  0.0288  0.0289  0.0289  0.0288  0.0289  0.0289  0.0288  0.0288  0.0288  0.0288
  0.0288  0.0288  0.0288  0.0288  0.0288  0.0288  0.0288  0.0288  0.0288  0.0288  0.0288  0.0288
  0.0288  0.0289  0.0288  0.0288  0.0288  0.0289  0.0289  0.0289  0.0288  0.0289  0.0288  0.0288
  0.0291  0.0291  0.0289  0.0290  0.0290  0.0290  0.0291  0.0291  0.0290  0.0291  0.0289  0.0289
  0.0295  0.0294  0.0291  0.0292  0.0294  0.0294  0.0295  0.0297  0.0293  0.0293  0.0290  0.0292
niter,ni,del,rscale     2    3    5.0000    0.5000
parameters
   -0.2058   17.7540   -1.7370   -4.5549  -19.1634  -15.0162
   -2.4569   -1.0008    0.6804   42.9204   -1.0437  -39.6173
eta,q 0.97123 11.47634
  0.0293  0.0292  0.0290  0.0291  0.0292  0.0292  0.0292  0.0294  0.0292  0.0291  0.0289  0.0291
  0.0290  0.0290  0.0289  0.0289  0.0290  0.0289  0.0290  0.0291  0.0290  0.0289  0.0288  0.0289
  0.0288  0.0288  0.0288  0.0288  0.0288  0.0288  0.0288  0.0289  0.0288  0.0288  0.0288  0.0288
  0.0288  0.0288  0.0288  0.0288  0.0288  0.0288  0.0288  0.0288  0.0288  0.0288  0.0288  0.0288
  0.0288  0.0288  0.0288  0.0288  0.0288  0.0288  0.0288  0.0288  0.0288  0.0288  0.0288  0.0288
  0.0290  0.0290  0.0289  0.0289  0.0290  0.0289  0.0290  0.0290  0.0289  0.0290  0.0288  0.0289
  0.0293  0.0292  0.0290  0.0291  0.0292  0.0292  0.0292  0.0294  0.0292  0.0292  0.0289  0.0290
niter,ni,del,rscale     1    3    5.0000    0.4000
parameters
   -0.1894   17.7371   -1.7090   -4.4990  -19.0746  -15.0822
   -2.4804   -0.9266    0.6669   42.7867   -1.1011  -39.5092
eta,q 0.97123 11.47398
  0.0291  0.0290  0.0289  0.0290  0.0291  0.0290  0.0291  0.0292  0.0290  0.0290  0.0289  0.0290
  0.0289  0.0289  0.0289  0.0289  0.0289  0.0289  0.0289  0.0290  0.0289  0.0289  0.0288  0.0289
  0.0288  0.0288  0.0288  0.0288  0.0288  0.0288  0.0288  0.0288  0.0288  0.0288  0.0288  0.0288
  0.0288  0.0288  0.0288  0.0288  0.0288  0.0288  0.0288  0.0288  0.0288  0.0288  0.0288  0.0288
  0.0288  0.0288  0.0288  0.0288  0.0288  0.0288  0.0288  0.0288  0.0288  0.0288  0.0288  0.0288
  0.0289  0.0289  0.0288  0.0289  0.0289  0.0289  0.0289  0.0289  0.0289  0.0289  0.0288  0.0288
  0.0291  0.0290  0.0289  0.0290  0.0290  0.0290  0.0291  0.0291  0.0290  0.0290  0.0289  0.0289
registration optimization eta report
parameter search radius
    0.8000    0.8000    0.8000    2.4000    2.4000    2.4000
    2.4000    2.4000    2.4000    2.4000    2.4000    2.4000
100000*second partial in parameter space
       49.       41.       25.        3.        5.        4.
        5.        7.        4.        4.        2.        3.
  0.0291  0.0290  0.0289  0.0290  0.0291  0.0290  0.0291  0.0292  0.0290  0.0290  0.0289  0.0290
  0.0289  0.0289  0.0289  0.0289  0.0289  0.0289  0.0289  0.0290  0.0289  0.0289  0.0288  0.0289
  0.0288  0.0288  0.0288  0.0288  0.0288  0.0288  0.0288  0.0288  0.0288  0.0288  0.0288  0.0288
  0.0288  0.0288  0.0288  0.0288  0.0288  0.0288  0.0288  0.0288  0.0288  0.0288  0.0288  0.0288
  0.0288  0.0288  0.0288  0.0288  0.0288  0.0288  0.0288  0.0288  0.0288  0.0288  0.0288  0.0288
  0.0289  0.0289  0.0288  0.0289  0.0289  0.0289  0.0289  0.0289  0.0289  0.0289  0.0288  0.0288
  0.0291  0.0290  0.0289  0.0290  0.0290  0.0290  0.0291  0.0291  0.0290  0.0290  0.0289  0.0289
   -0.1894   17.7371   -1.7090   -4.4990  -19.0746  -15.0822
   -2.4804   -0.9266    0.6669   42.7867   -1.1011  -39.5092
eta,q 0.97123 11.47398

---------------------------------------------------------------------
imgreg_4dfp /opt/freesurfer/average/711-2C_as_mni_average_305 /opt/freesurfer/average/711-2B_as_mni_average_305_mask talsrcimg_g11 none talsrcimg_to_711-2C_as_mni_average_305_t4 2311
---------------------------------------------------------------------

freesurfer imgreg_4dfp.c
/opt/freesurfer/average/711-2C_as_mni_average_305.4dfp.img
       256       256       256         1
  1.000000  1.000000  1.000000
orientation T byte_order littleendian
Reading image: /opt/freesurfer/average/711-2C_as_mni_average_305.4dfp.img
dimensions:      256       256       256
mmppix:       1.0000   -1.0000   -1.0000
center:     128.0000 -129.0000 -129.0000
/opt/freesurfer/average/711-2B_as_mni_average_305_mask.4dfp.img
       256       256       256         1
  1.000000  1.000000  1.000000
orientation T byte_order littleendian
Reading mask: /opt/freesurfer/average/711-2B_as_mni_average_305_mask.4dfp.img (2306576 pixels)
talsrcimg_g11.4dfp.img
       256       256       256         1
  1.000000  1.000000  1.000000
orientation T byte_order littleendian
Reading image: talsrcimg_g11.4dfp.img
dimensions:      256       256       256
mmppix:       1.0000   -1.0000   -1.0000
center:     128.0000 -129.0000 -129.0000
fimgreg.f
image alignment mode   2311 decimal      907 hex
parameters
   -0.1894   17.7371   -1.7090   -4.4990  -19.0746  -15.0822
   -2.4804   -0.9266    0.6669   42.7867   -1.1011  -39.5092
eta,q 0.97123 11.47398
niter,ni,del,rscale     5    3    5.0000    0.8000
parameters
   -0.2016   17.7387   -1.7253   -4.7348  -19.0888  -15.0773
   -2.5037   -1.0371    0.6412   43.0349   -0.9640  -39.6997
eta,q 0.97122 11.47139
  0.0300  0.0298  0.0294  0.0294  0.0298  0.0299  0.0299  0.0303  0.0297  0.0299  0.0292  0.0294
  0.0293  0.0292  0.0290  0.0291  0.0292  0.0292  0.0293  0.0294  0.0292  0.0292  0.0290  0.0291
  0.0289  0.0289  0.0288  0.0289  0.0289  0.0289  0.0289  0.0290  0.0289  0.0289  0.0288  0.0289
  0.0288  0.0288  0.0288  0.0288  0.0288  0.0288  0.0288  0.0288  0.0288  0.0288  0.0288  0.0288
  0.0289  0.0289  0.0288  0.0288  0.0289  0.0289  0.0289  0.0289  0.0289  0.0289  0.0288  0.0289
  0.0293  0.0292  0.0291  0.0291  0.0292  0.0292  0.0293  0.0295  0.0292  0.0292  0.0289  0.0291
  0.0301  0.0298  0.0294  0.0295  0.0298  0.0299  0.0299  0.0305  0.0297  0.0296  0.0291  0.0295
niter,ni,del,rscale     4    3    5.0000    0.7000
parameters
   -0.2065   17.7618   -1.7536   -4.7184  -19.1715  -15.0530
   -2.4731   -1.0512    0.6573   43.0673   -1.0096  -39.7332
eta,q 0.97122 11.47136
  0.0297  0.0296  0.0292  0.0293  0.0295  0.0296  0.0297  0.0300  0.0295  0.0295  0.0291  0.0293
  0.0292  0.0292  0.0290  0.0290  0.0291  0.0291  0.0292  0.0293  0.0291  0.0291  0.0289  0.0290
  0.0289  0.0289  0.0288  0.0289  0.0289  0.0288  0.0289  0.0289  0.0289  0.0288  0.0288  0.0289
  0.0288  0.0288  0.0288  0.0288  0.0288  0.0288  0.0288  0.0288  0.0288  0.0288  0.0288  0.0288
  0.0289  0.0289  0.0288  0.0288  0.0289  0.0289  0.0289  0.0289  0.0289  0.0289  0.0288  0.0288
  0.0292  0.0291  0.0290  0.0290  0.0292  0.0291  0.0292  0.0293  0.0291  0.0291  0.0289  0.0290
  0.0298  0.0296  0.0293  0.0293  0.0296  0.0296  0.0297  0.0300  0.0295  0.0295  0.0291  0.0293
niter,ni,del,rscale     3    3    5.0000    0.6000
parameters
   -0.2026   17.7648   -1.7538   -4.6493  -19.1717  -15.0469
   -2.4711   -1.0259    0.6628   43.0019   -1.0146  -39.6866
eta,q 0.97122 11.47285
  0.0295  0.0294  0.0291  0.0292  0.0294  0.0294  0.0294  0.0297  0.0293  0.0293  0.0290  0.0292
  0.0291  0.0290  0.0289  0.0290  0.0291  0.0290  0.0291  0.0292  0.0290  0.0290  0.0289  0.0290
  0.0289  0.0288  0.0288  0.0289  0.0289  0.0288  0.0289  0.0289  0.0288  0.0288  0.0288  0.0288
  0.0288  0.0288  0.0288  0.0288  0.0288  0.0288  0.0288  0.0288  0.0288  0.0288  0.0288  0.0288
  0.0289  0.0289  0.0288  0.0288  0.0288  0.0288  0.0288  0.0289  0.0288  0.0289  0.0288  0.0288
  0.0291  0.0291  0.0289  0.0289  0.0290  0.0290  0.0291  0.0291  0.0290  0.0290  0.0289  0.0289
  0.0295  0.0294  0.0291  0.0292  0.0294  0.0294  0.0294  0.0297  0.0293  0.0293  0.0290  0.0292
niter,ni,del,rscale     2    3    5.0000    0.5000
parameters
   -0.1946   17.7522   -1.7309   -4.5583  -19.1274  -15.0286
   -2.4723   -0.9820    0.6596   42.9101   -1.0586  -39.6127
eta,q 0.97123 11.47696
  0.0293  0.0292  0.0290  0.0291  0.0292  0.0292  0.0292  0.0294  0.0292  0.0291  0.0289  0.0291
  0.0290  0.0290  0.0289  0.0289  0.0290  0.0289  0.0290  0.0291  0.0289  0.0289  0.0288  0.0289
  0.0288  0.0288  0.0288  0.0288  0.0288  0.0288  0.0288  0.0289  0.0288  0.0288  0.0288  0.0288
  0.0288  0.0288  0.0288  0.0288  0.0288  0.0288  0.0288  0.0288  0.0288  0.0288  0.0288  0.0288
  0.0288  0.0288  0.0288  0.0288  0.0288  0.0288  0.0288  0.0288  0.0288  0.0288  0.0288  0.0288
  0.0290  0.0290  0.0289  0.0289  0.0289  0.0289  0.0290  0.0290  0.0289  0.0290  0.0288  0.0289
  0.0293  0.0292  0.0290  0.0291  0.0292  0.0292  0.0292  0.0294  0.0292  0.0292  0.0289  0.0290
niter,ni,del,rscale     1    3    5.0000    0.4000
parameters
   -0.1839   17.7344   -1.7156   -4.4992  -19.0831  -15.0959
   -2.4839   -0.9125    0.6556   42.7880   -1.1257  -39.5168
eta,q 0.97123 11.47304
  0.0291  0.0290  0.0289  0.0290  0.0290  0.0290  0.0291  0.0292  0.0290  0.0290  0.0289  0.0290
  0.0289  0.0289  0.0288  0.0289  0.0289  0.0289  0.0289  0.0290  0.0289  0.0289  0.0288  0.0289
  0.0288  0.0288  0.0288  0.0288  0.0288  0.0288  0.0288  0.0288  0.0288  0.0288  0.0288  0.0288
  0.0288  0.0288  0.0288  0.0288  0.0288  0.0288  0.0288  0.0288  0.0288  0.0288  0.0288  0.0288
  0.0288  0.0288  0.0288  0.0288  0.0288  0.0288  0.0288  0.0288  0.0288  0.0288  0.0288  0.0288
  0.0289  0.0289  0.0288  0.0288  0.0289  0.0289  0.0289  0.0289  0.0289  0.0289  0.0288  0.0288
  0.0291  0.0290  0.0289  0.0290  0.0290  0.0290  0.0291  0.0292  0.0290  0.0290  0.0289  0.0289
registration optimization eta report
parameter search radius
    0.8000    0.8000    0.8000    2.4000    2.4000    2.4000
    2.4000    2.4000    2.4000    2.4000    2.4000    2.4000
100000*second partial in parameter space
       50.       42.       25.        3.        5.        4.
        5.        7.        4.        4.        2.        3.
  0.0291  0.0290  0.0289  0.0290  0.0290  0.0290  0.0291  0.0292  0.0290  0.0290  0.0289  0.0290
  0.0289  0.0289  0.0288  0.0289  0.0289  0.0289  0.0289  0.0290  0.0289  0.0289  0.0288  0.0289
  0.0288  0.0288  0.0288  0.0288  0.0288  0.0288  0.0288  0.0288  0.0288  0.0288  0.0288  0.0288
  0.0288  0.0288  0.0288  0.0288  0.0288  0.0288  0.0288  0.0288  0.0288  0.0288  0.0288  0.0288
  0.0288  0.0288  0.0288  0.0288  0.0288  0.0288  0.0288  0.0288  0.0288  0.0288  0.0288  0.0288
  0.0289  0.0289  0.0288  0.0288  0.0289  0.0289  0.0289  0.0289  0.0289  0.0289  0.0288  0.0288
  0.0291  0.0290  0.0289  0.0290  0.0290  0.0290  0.0291  0.0292  0.0290  0.0290  0.0289  0.0289
   -0.1839   17.7344   -1.7156   -4.4992  -19.0831  -15.0959
   -2.4839   -0.9125    0.6556   42.7880   -1.1257  -39.5168
eta,q 0.97123 11.47304

---------------------------------------------------------------------
compute_vox2vox talsrcimg talsrcimg_to_711-2C_as_mni_average_305_t4 /opt/freesurfer/average/711-2C_as_mni_average_305
---------------------------------------------------------------------

freesurfer compute_vox2vox.c
Reading: talsrcimg.4dfp.ifh
Reading: talsrcimg_to_711-2C_as_mni_average_305_t4
Reading: /opt/freesurfer/average/711-2C_as_mni_average_305.4dfp.ifh
Writing: talsrcimg_to_711-2C_as_mni_average_305_t4_vox2vox.txt

start time Sun Mar 8 12:46:14 CET 2026
end		time Sun Mar 8 12:47:40 CET 2026

mpr2mni305 success

avi2talxfm orig_nu.mgz /opt/freesurfer/average/mni305.cor.mgz talsrcimg_to_711-2C_as_mni_average_305_t4_vox2vox.txt transforms/talairach.auto.xfm
avi2talxfm done
mv -f /out/sourcedata/freesurfer/sub-v1s13x0050011_ses-1/mri/talsrcimg_to_711-2C_as_mni_average_305_t4_vox2vox.txt /out/sourcedata/freesurfer/sub-v1s13x0050011_ses-1/mri/transforms/talsrcimg_to_711-2C_as_mni_average_305_t4_vox2vox.txt
lta_convert --src orig_nu.mgz --trg /opt/freesurfer/average/mni305.cor.mgz --inxfm transforms/talairach.auto.xfm --outlta transforms/talairach.auto.xfm.lta --subject fsaverage
7.3.2

--src: orig_nu.mgz src image (geometry).
--trg: /opt/freesurfer/average/mni305.cor.mgz trg image (geometry).
--inmni: transforms/talairach.auto.xfm input MNI/XFM transform.
--outlta: transforms/talairach.auto.xfm.lta output LTA.
--s: fsaverage subject name
 LTA read, type : 1
 1.04686  -0.00397   0.03020   1.22014;
 0.00797   0.94515   0.46182  -8.08822;
-0.01270  -0.49975   0.99139  -19.47705;
 0.00000   0.00000   0.00000   1.00000;
setting subject to fsaverage
Writing  LTA to file transforms/talairach.auto.xfm.lta...
lta_convert successful.
 
 
Started at Sun Mar 8 12:46:13 CET 2026
Ended   at Sun Mar  8 12:47:40 CET 2026
talairach_avi done
