status file for recon-all
Sun Mar  8 18:28:32 CET 2026
#@# Tessellate rh Sun Mar  8 18:28:32 CET 2026
#@# Smooth1 rh Sun Mar  8 18:28:36 CET 2026
#@# Inflation1 rh Sun Mar  8 18:28:38 CET 2026
#@# QSphere rh Sun Mar  8 18:28:50 CET 2026
#@# Fix Topology rh Sun Mar  8 18:29:57 CET 2026
#@# Smooth2 rh Sun Mar  8 18:38:42 CET 2026
#@# Inflation2 rh Sun Mar  8 18:38:45 CET 2026
#@# Curv .H and .K rh Sun Mar  8 18:38:57 CET 2026
#@# Sphere rh Sun Mar  8 18:39:43 CET 2026
#@# Surf Reg rh Sun Mar  8 18:41:44 CET 2026
#@# Jacobian white rh Sun Mar  8 18:44:29 CET 2026
#@# AvgCurv rh Sun Mar  8 18:44:29 CET 2026
#@# Cortical Parc rh Sun Mar  8 18:44:30 CET 2026
#@# white curv rh Sun Mar  8 18:49:48 CET 2026
#@# white area rh Sun Mar  8 18:49:50 CET 2026
#@# pial curv rh Sun Mar  8 18:49:51 CET 2026
#@# pial area rh Sun Mar  8 18:49:52 CET 2026
#@# thickness rh Sun Mar  8 18:49:53 CET 2026
#@# area and vertex vol rh Sun Mar  8 18:50:22 CET 2026
#@# Curvature Stats rh Sun Mar  8 18:50:24 CET 2026
#@# Cortical Parc 2 rh Sun Mar  8 18:50:26 CET 2026
#@# Cortical Parc 3 rh Sun Mar  8 18:50:39 CET 2026
#@# WM/GM Contrast rh Sun Mar  8 18:50:49 CET 2026
recon-all -s sub-v1s13x0050039_ses-1 finished without error at Sun Mar  8 18:50:52 CET 2026



#New# invocation of recon-all 



status file for recon-all
Sun Mar  8 18:59:01 CET 2026
#@# white curv rh Sun Mar  8 18:59:01 CET 2026
#@# white area rh Sun Mar  8 18:59:01 CET 2026
#@# pial curv rh Sun Mar  8 18:59:01 CET 2026
#@# pial area rh Sun Mar  8 18:59:01 CET 2026
#@# thickness rh Sun Mar  8 18:59:01 CET 2026
#@# area and vertex vol rh Sun Mar  8 18:59:01 CET 2026
#@# Parcellation Stats rh Sun Mar  8 18:59:01 CET 2026
#@# Parcellation Stats 2 rh Sun Mar  8 18:59:19 CET 2026
#@# Parcellation Stats 3 rh Sun Mar  8 18:59:28 CET 2026
#@# BA_exvivo Labels rh Sun Mar  8 18:59:37 CET 2026
recon-all -s sub-v1s13x0050039_ses-1 finished without error at Sun Mar  8 19:02:09 CET 2026
