status file for recon-all
Sun Mar  8 12:42:53 CET 2026
#@# MotionCor Sun Mar  8 12:42:56 CET 2026
#@# Talairach Sun Mar  8 12:43:04 CET 2026
#@# Talairach Failure Detection Sun Mar  8 12:47:31 CET 2026
#@# Nu Intensity Correction Sun Mar  8 12:47:31 CET 2026
#@# Intensity Normalization Sun Mar  8 12:50:46 CET 2026
recon-all -s sub-v1s13x0050008_ses-1 finished without error at Sun Mar  8 12:52:14 CET 2026



#New# invocation of recon-all 



status file for recon-all
Sun Mar  8 12:59:06 CET 2026
#@# EM Registration Sun Mar  8 12:59:06 CET 2026
recon-all -s sub-v1s13x0050008_ses-1 finished without error at Sun Mar  8 13:00:44 CET 2026



#New# invocation of recon-all 



status file for recon-all
Sun Mar  8 13:00:48 CET 2026
#@# CA Normalize Sun Mar  8 13:00:48 CET 2026
#@# CA Reg Sun Mar  8 13:02:09 CET 2026
#@# SubCort Seg Sun Mar  8 13:42:58 CET 2026
#@# CC Seg Sun Mar  8 14:12:21 CET 2026
#@# Merge ASeg Sun Mar  8 14:12:58 CET 2026
#@# Intensity Normalization2 Sun Mar  8 14:12:58 CET 2026
#@# Mask BFS Sun Mar  8 14:15:11 CET 2026
#@# WM Segmentation Sun Mar  8 14:15:11 CET 2026
#@# Fill Sun Mar  8 14:17:10 CET 2026
recon-all -s sub-v1s13x0050008_ses-1 finished without error at Sun Mar  8 14:18:11 CET 2026



#New# invocation of recon-all 



status file for recon-all
Sun Mar  8 15:08:33 CET 2026
#@# white curv lh Sun Mar  8 15:08:33 CET 2026
#@# white area lh Sun Mar  8 15:08:33 CET 2026
#@# pial curv lh Sun Mar  8 15:08:33 CET 2026
#@# pial area lh Sun Mar  8 15:08:33 CET 2026
#@# thickness lh Sun Mar  8 15:08:33 CET 2026
#@# area and vertex vol lh Sun Mar  8 15:08:33 CET 2026
#@# white curv rh Sun Mar  8 15:08:33 CET 2026
#@# white area rh Sun Mar  8 15:08:33 CET 2026
#@# pial curv rh Sun Mar  8 15:08:33 CET 2026
#@# pial area rh Sun Mar  8 15:08:33 CET 2026
#@# thickness rh Sun Mar  8 15:08:33 CET 2026
#@# area and vertex vol rh Sun Mar  8 15:08:33 CET 2026
#@# Cortical ribbon mask Sun Mar  8 15:08:33 CET 2026
recon-all -s sub-v1s13x0050008_ses-1 finished without error at Sun Mar  8 15:12:46 CET 2026



#New# invocation of recon-all 



status file for recon-all
Sun Mar  8 15:18:46 CET 2026
#@# white curv lh Sun Mar  8 15:18:46 CET 2026
#@# white area lh Sun Mar  8 15:18:46 CET 2026
#@# pial curv lh Sun Mar  8 15:18:46 CET 2026
#@# pial area lh Sun Mar  8 15:18:46 CET 2026
#@# thickness lh Sun Mar  8 15:18:46 CET 2026
#@# area and vertex vol lh Sun Mar  8 15:18:46 CET 2026
#@# white curv rh Sun Mar  8 15:18:46 CET 2026
#@# white area rh Sun Mar  8 15:18:46 CET 2026
#@# pial curv rh Sun Mar  8 15:18:46 CET 2026
#@# pial area rh Sun Mar  8 15:18:46 CET 2026
#@# thickness rh Sun Mar  8 15:18:46 CET 2026
#@# area and vertex vol rh Sun Mar  8 15:18:46 CET 2026
#@# Curvature Stats lh Sun Mar  8 15:18:46 CET 2026
#@# Curvature Stats rh Sun Mar  8 15:18:48 CET 2026
#@# Relabel Hypointensities Sun Mar  8 15:18:50 CET 2026
#@# APas-to-ASeg Sun Mar  8 15:19:04 CET 2026
#@# AParc-to-ASeg aparc Sun Mar  8 15:19:11 CET 2026
#@# AParc-to-ASeg aparc.a2009s Sun Mar  8 15:19:39 CET 2026
#@# AParc-to-ASeg aparc.DKTatlas Sun Mar  8 15:20:08 CET 2026
#@# WMParc Sun Mar  8 15:20:37 CET 2026
#@# ASeg Stats Sun Mar  8 15:24:08 CET 2026
recon-all -s sub-v1s13x0050008_ses-1 finished without error at Sun Mar  8 15:24:38 CET 2026
