status file for recon-all
Sun Mar  8 14:41:55 CET 2026
#@# Tessellate rh Sun Mar  8 14:41:55 CET 2026
#@# Smooth1 rh Sun Mar  8 14:41:59 CET 2026
#@# Inflation1 rh Sun Mar  8 14:42:01 CET 2026
#@# QSphere rh Sun Mar  8 14:42:11 CET 2026
#@# Fix Topology rh Sun Mar  8 14:43:03 CET 2026
#@# Smooth2 rh Sun Mar  8 14:56:17 CET 2026
#@# Inflation2 rh Sun Mar  8 14:56:19 CET 2026
#@# Curv .H and .K rh Sun Mar  8 14:56:30 CET 2026
#@# Sphere rh Sun Mar  8 14:57:16 CET 2026
#@# Surf Reg rh Sun Mar  8 14:59:13 CET 2026
#@# Jacobian white rh Sun Mar  8 15:02:18 CET 2026
#@# AvgCurv rh Sun Mar  8 15:02:19 CET 2026
#@# Cortical Parc rh Sun Mar  8 15:02:19 CET 2026
#@# white curv rh Sun Mar  8 15:07:27 CET 2026
#@# white area rh Sun Mar  8 15:07:28 CET 2026
#@# pial curv rh Sun Mar  8 15:07:29 CET 2026
#@# pial area rh Sun Mar  8 15:07:30 CET 2026
#@# thickness rh Sun Mar  8 15:07:31 CET 2026
#@# area and vertex vol rh Sun Mar  8 15:08:00 CET 2026
#@# Curvature Stats rh Sun Mar  8 15:08:01 CET 2026
#@# Cortical Parc 2 rh Sun Mar  8 15:08:03 CET 2026
#@# Cortical Parc 3 rh Sun Mar  8 15:08:16 CET 2026
#@# WM/GM Contrast rh Sun Mar  8 15:08:26 CET 2026
recon-all -s sub-v1s13x0050008_ses-1 finished without error at Sun Mar  8 15:08:29 CET 2026



#New# invocation of recon-all 



status file for recon-all
Sun Mar  8 15:15:47 CET 2026
#@# white curv rh Sun Mar  8 15:15:47 CET 2026
#@# white area rh Sun Mar  8 15:15:47 CET 2026
#@# pial curv rh Sun Mar  8 15:15:47 CET 2026
#@# pial area rh Sun Mar  8 15:15:47 CET 2026
#@# thickness rh Sun Mar  8 15:15:47 CET 2026
#@# area and vertex vol rh Sun Mar  8 15:15:47 CET 2026
#@# Parcellation Stats rh Sun Mar  8 15:15:47 CET 2026
#@# Parcellation Stats 2 rh Sun Mar  8 15:16:05 CET 2026
#@# Parcellation Stats 3 rh Sun Mar  8 15:16:14 CET 2026
#@# BA_exvivo Labels rh Sun Mar  8 15:16:23 CET 2026
recon-all -s sub-v1s13x0050008_ses-1 finished without error at Sun Mar  8 15:18:40 CET 2026
