/out/sourcedata/freesurfer/sub-v1s13x0050043_ses-1/mri
/opt/freesurfer/bin/talairach_avi
--i orig_nu.mgz --xfm transforms/talairach.auto.xfm
talairach_avi 7.3.2
Linux dna063 5.14.0-427.37.1.el9_4.x86_64 #1 SMP PREEMPT_DYNAMIC Fri Sep 13 12:41:50 EDT 2024 x86_64 x86_64 x86_64 GNU/Linux
Sun Mar  8 16:38:37 CET 2026
mri_convert orig_nu.mgz talsrcimg.img 
reading from orig_nu.mgz...
TR=0.00, TE=0.00, TI=0.00, flip angle=0.00
i_ras = (-1, 0, 0)
j_ras = (0, 0, -1)
k_ras = (0, 1, 0)
writing to talsrcimg.img...
Analyze Output Matrix
-1.00000   0.00000   0.00000   127.34582;
 0.00000   0.00000   1.00000  -130.90759;
 0.00000  -1.00000   0.00000   102.90572;
 0.00000   0.00000   0.00000   1.00000;
--------------------
INFO: set hdr.hist.orient to -1
mpr2mni305 talsrcimg
Sun Mar  8 16:38:37 CET 2026
/opt/freesurfer/bin/mpr2mni305 talsrcimg
mpr2mni305 7.3.2
target=711-2C_as_mni_average_305

---------------------------------------------------------------------
analyzeto4dfp talsrcimg -O0 -y
---------------------------------------------------------------------

freesurfer ifh2hdr.c
Sun Mar  8 16:38:38 2026
Writing: talsrcimg.4dfp.hdr
freesurfer analyzeto4dfp.c
Reading: talsrcimg.hdr
header size 348 bytes
hdr.dime.datatype	offset=70	value=2
hdr.dime.bitpix		offset=72	value=8
hdr.hist.orient		offset=252	value=-1
dimensionality     4
dimensions       256       256       256         1
Reading: talsrcimg.img
Writing: talsrcimg.4dfp.img
Writing: talsrcimg.4dfp.ifh
ifh2hdr talsrcimg -r0to240
ori=2

---------------------------------------------------------------------
gauss_4dfp talsrcimg 1.1
---------------------------------------------------------------------

freesurfer gauss_4dfp.c
Reading: talsrcimg.4dfp.img
Writing: talsrcimg_g11.4dfp.img
image dimensions 256 256 256 padded to 288 288 288
processing volume 1freesurfer ifh2hdr.c
Sun Mar  8 16:38:39 2026
Writing: talsrcimg_g11.4dfp.hdr

Writing: talsrcimg_g11.4dfp.ifh
including: talsrcimg.4dfp.img.rec in talsrcimg_g11.4dfp.img.rec

---------------------------------------------------------------------
imgreg_4dfp /opt/freesurfer/average/711-2C_as_mni_average_305 none talsrcimg_g11 none talsrcimg_to_711-2C_as_mni_average_305_t4 4355
---------------------------------------------------------------------

freesurfer imgreg_4dfp.c
/opt/freesurfer/average/711-2C_as_mni_average_305.4dfp.img
       256       256       256         1
  1.000000  1.000000  1.000000
orientation T byte_order littleendian
Reading image: /opt/freesurfer/average/711-2C_as_mni_average_305.4dfp.img
dimensions:      256       256       256
mmppix:       1.0000   -1.0000   -1.0000
center:     128.0000 -129.0000 -129.0000
talsrcimg_g11.4dfp.img
       256       256       256         1
  1.000000  1.000000  1.000000
orientation T byte_order littleendian
Reading image: talsrcimg_g11.4dfp.img
dimensions:      256       256       256
mmppix:       1.0000   -1.0000   -1.0000
center:     128.0000 -129.0000 -129.0000
t4_read: open error in t4_sub.f l:  41 t4_file(1:l)talsrcimg_to_711-2C_as_mni_average_305_t4 
t4_read: transform initialized to I4
rotation matrix determinant  1.000000
image alignment mode   4355 decimal     1103 hex
   -7.5000  -45.0000  -45.0000 8429.4512   13.5063
    0.0000  -45.0000  -45.0000 8728.2998   13.4781
    7.5000  -45.0000  -45.0000 8287.3955   13.4714
   -7.5000  -37.5000  -45.0000 8997.1562   13.4414
    0.0000  -37.5000  -45.0000 9321.5186   13.4078
    7.5000  -37.5000  -45.0000 8856.2969   13.3982
   -7.5000  -30.0000  -45.0000 9876.8770   13.3609
    0.0000  -30.0000  -45.000010230.6357   13.3311
    7.5000  -30.0000  -45.0000 9716.7383   13.3238
   -7.5000  -22.5000  -45.000010717.0010   13.2843
    0.0000  -22.5000  -45.000011104.5430   13.2653
    7.5000  -22.5000  -45.000010548.6035   13.2642
   -7.5000  -15.0000  -45.000011467.3506   13.2278
    0.0000  -15.0000  -45.000011889.1855   13.2155
    7.5000  -15.0000  -45.000011277.5342   13.2186
   -7.5000   -7.5000  -45.000012083.4502   13.1981
    0.0000   -7.5000  -45.000012524.1807   13.1805
    7.5000   -7.5000  -45.000011878.0693   13.1803
   -7.5000    0.0000  -45.000012611.8633   13.1824
    0.0000    0.0000  -45.000013080.6953   13.1549
    7.5000    0.0000  -45.000012413.1992   13.1481
   -7.5000    7.5000  -45.000012232.5186   13.1917
    0.0000    7.5000  -45.000012683.1572   13.1588
    7.5000    7.5000  -45.000012061.2900   13.1491
   -7.5000   15.0000  -45.000011716.6943   13.1962
    0.0000   15.0000  -45.000012148.1309   13.1666
    7.5000   15.0000  -45.000011554.2334   13.1591
   -7.5000   22.5000  -45.000011102.6309   13.2165
    0.0000   22.5000  -45.000011512.2725   13.1976
    7.5000   22.5000  -45.000010926.4424   13.1965
   -7.5000   30.0000  -45.000010386.9023   13.1334
    0.0000   30.0000  -45.000010776.7793   13.1211
    7.5000   30.0000  -45.000010228.6543   13.1235
   -7.5000   37.5000  -45.000010049.7812   13.2694
    0.0000   37.5000  -45.000010412.1865   13.2506
    7.5000   37.5000  -45.0000 9881.6191   13.2495
   -7.5000   45.0000  -45.0000 9305.3662   13.1169
    0.0000   45.0000  -45.0000 9625.8232   13.0889
    7.5000   45.0000  -45.0000 9138.7881   13.0812
   -7.5000  -45.0000  -37.5000 8985.2100   13.4928
    0.0000  -45.0000  -37.5000 9292.3164   13.4597
    7.5000  -45.0000  -37.5000 8811.3096   13.4524
   -7.5000  -37.5000  -37.5000 9575.1670   13.4291
    0.0000  -37.5000  -37.5000 9912.4160   13.3916
    7.5000  -37.5000  -37.5000 9412.8027   13.3816
   -7.5000  -30.0000  -37.500010501.5732   13.3555
    0.0000  -30.0000  -37.500010881.9375   13.3220
    7.5000  -30.0000  -37.500010334.9287   13.3149
   -7.5000  -22.5000  -37.500011401.2773   13.2849
    0.0000  -22.5000  -37.500011830.1602   13.2617
    7.5000  -22.5000  -37.500011217.0371   13.2611
   -7.5000  -15.0000  -37.500012156.8848   13.2283
    0.0000  -15.0000  -37.500012623.6055   13.2107
    7.5000  -15.0000  -37.500011972.5283   13.2141
   -7.5000   -7.5000  -37.500012783.7314   13.1903
    0.0000   -7.5000  -37.500013266.2705   13.1672
    7.5000   -7.5000  -37.500012584.4238   13.1665
   -7.5000    0.0000  -37.500013338.7529   13.1666
    0.0000    0.0000  -37.500013853.2930   13.1343
    7.5000    0.0000  -37.500013125.4609   13.1267
   -7.5000    7.5000  -37.500012926.2236   13.1772
    0.0000    7.5000  -37.500013421.1104   13.1404
    7.5000    7.5000  -37.500012718.0713   13.1303
   -7.5000   15.0000  -37.500012357.1631   13.1884
    0.0000   15.0000  -37.500012824.1123   13.1553
    7.5000   15.0000  -37.500012144.0459   13.1480
   -7.5000   22.5000  -37.500011701.7949   13.2147
    0.0000   22.5000  -37.500012150.5850   13.1914
    7.5000   22.5000  -37.500011493.1406   13.1910
   -7.5000   30.0000  -37.500010934.6074   13.1318
    0.0000   30.0000  -37.500011353.0576   13.1142
    7.5000   30.0000  -37.500010757.1738   13.1171
   -7.5000   37.5000  -37.500010529.9326   13.2606
    0.0000   37.5000  -37.500010931.0469   13.2359
    7.5000   37.5000  -37.500010372.6758   13.2344
   -7.5000   45.0000  -37.5000 9714.9854   13.1030
    0.0000   45.0000  -37.500010063.1309   13.0694
    7.5000   45.0000  -37.5000 9553.0020   13.0603
   -7.5000  -45.0000  -30.0000 9723.3711   14.0415
    0.0000  -45.0000  -30.000010048.1787   14.0056
    7.5000  -45.0000  -30.0000 9507.0303   14.0013
   -7.5000  -37.5000  -30.000010357.8262   13.9725
    0.0000  -37.5000  -30.000010713.8477   13.9334
    7.5000  -37.5000  -30.000010148.2070   13.9254
   -7.5000  -30.0000  -30.000011339.0205   13.8993
    0.0000  -30.0000  -30.000011738.7285   13.8651
    7.5000  -30.0000  -30.000011149.4424   13.8595
   -7.5000  -22.5000  -30.000012273.2988   13.8297
    0.0000  -22.5000  -30.000012725.1729   13.8051
    7.5000  -22.5000  -30.000012072.2734   13.8067
   -7.5000  -15.0000  -30.000013086.3936   13.7697
    0.0000  -15.0000  -30.000013581.5518   13.7492
    7.5000  -15.0000  -30.000012891.8779   13.7555
   -7.5000   -7.5000  -30.000013762.5205   13.7228
    0.0000   -7.5000  -30.000014273.2939   13.6961
    7.5000   -7.5000  -30.000013546.2637   13.6985
   -7.5000    0.0000  -30.000014342.3877   13.6897
    0.0000    0.0000  -30.000014892.9990   13.6546
    7.5000    0.0000  -30.000014118.5732   13.6499
   -7.5000    7.5000  -30.000013877.3066   13.7005
    0.0000    7.5000  -30.000014429.4385   13.6622
    7.5000    7.5000  -30.000013646.9922   13.6540
   -7.5000   15.0000  -30.000013258.8594   13.7179
    0.0000   15.0000  -30.000013793.2422   13.6841
    7.5000   15.0000  -30.000013032.1123   13.6782
   -7.5000   22.5000  -30.000012519.0938   13.7499
    0.0000   22.5000  -30.000013025.7305   13.7252
    7.5000   22.5000  -30.000012306.8105   13.7268
   -7.5000   30.0000  -30.000011681.4658   13.6678
    0.0000   30.0000  -30.000012164.4746   13.6475
    7.5000   30.0000  -30.000011509.4922   13.6534
   -7.5000   37.5000  -30.000011222.6611   13.7964
    0.0000   37.5000  -30.000011683.6162   13.7676
    7.5000   37.5000  -30.000011064.8818   13.7691
   -7.5000   45.0000  -30.000010335.7568   13.6360
    0.0000   45.0000  -30.000010741.4736   13.5987
    7.5000   45.0000  -30.000010187.0176   13.5920
   -7.5000  -45.0000  -22.500010430.1895   14.5088
    0.0000  -45.0000  -22.500010784.0908   14.4765
    7.5000  -45.0000  -22.500010177.3701   14.4770
   -7.5000  -37.5000  -22.500011116.6104   14.4331
    0.0000  -37.5000  -22.500011500.0352   14.3978
    7.5000  -37.5000  -22.500010868.6338   14.3931
   -7.5000  -30.0000  -22.500012159.1484   14.3539
    0.0000  -30.0000  -22.500012587.7637   14.3238
    7.5000  -30.0000  -22.500011919.6895   14.3201
   -7.5000  -22.5000  -22.500013155.4170   14.2807
    0.0000  -22.5000  -22.500013638.2861   14.2604
    7.5000  -22.5000  -22.500012908.7354   14.2636
   -7.5000  -15.0000  -22.500014022.7021   14.2189
    0.0000  -15.0000  -22.500014541.7529   14.2024
    7.5000  -15.0000  -22.500013767.1084   14.2114
   -7.5000   -7.5000  -22.500014717.8916   14.1712
    0.0000   -7.5000  -22.500015240.3760   14.1482
    7.5000   -7.5000  -22.500014440.4424   14.1548
   -7.5000    0.0000  -22.500015310.1836   14.1363
    0.0000    0.0000  -22.500015886.0059   14.1048
    7.5000    0.0000  -22.500015043.5254   14.1047
   -7.5000    7.5000  -22.500014815.4707   14.1455
    0.0000    7.5000  -22.500015378.0967   14.1109
    7.5000    7.5000  -22.500014528.5781   14.1059
   -7.5000   15.0000  -22.500014145.1367   14.1625
    0.0000   15.0000  -22.500014706.1533   14.1326
    7.5000   15.0000  -22.500013865.1602   14.1287
   -7.5000   22.5000  -22.500013341.8477   14.1949
    0.0000   22.5000  -22.500013884.7676   14.1745
    7.5000   22.5000  -22.500013087.5811   14.1777
   -7.5000   30.0000  -22.500012419.7490   14.1149
    0.0000   30.0000  -22.500012925.2158   14.0987
    7.5000   30.0000  -22.500012219.5908   14.1074
   -7.5000   37.5000  -22.500011896.2412   14.2494
    0.0000   37.5000  -22.500012390.3086   14.2241
    7.5000   37.5000  -22.500011733.2939   14.2296
   -7.5000   45.0000  -22.500010927.6465   14.0918
    0.0000   45.0000  -22.500011381.1963   14.0581
    7.5000   45.0000  -22.500010780.3760   14.0563
   -7.5000  -45.0000  -15.000011096.3105   14.8321
    0.0000  -45.0000  -15.000011464.1426   14.8052
    7.5000  -45.0000  -15.000010838.0527   14.8082
   -7.5000  -37.5000  -15.000011849.2852   14.7522
    0.0000  -37.5000  -15.000012251.9307   14.7207
    7.5000  -37.5000  -15.000011588.7402   14.7180
   -7.5000  -30.0000  -15.000012968.0098   14.6638
    0.0000  -30.0000  -15.000013435.0312   14.6370
    7.5000  -30.0000  -15.000012721.0342   14.6341
   -7.5000  -22.5000  -15.000014054.6016   14.5832
    0.0000  -22.5000  -15.000014570.8906   14.5675
    7.5000  -22.5000  -15.000013788.4023   14.5710
   -7.5000  -15.0000  -15.000014936.9434   14.5209
    0.0000  -15.0000  -15.000015482.6416   14.5107
    7.5000  -15.0000  -15.000014650.7871   14.5203
   -7.5000   -7.5000  -15.000015637.7939   14.4793
    0.0000   -7.5000  -15.000016199.9629   14.4627
    7.5000   -7.5000  -15.000015322.5693   14.4712
   -7.5000    0.0000  -15.000016257.6758   14.4495
    0.0000    0.0000  -15.000016848.2383   14.4232
    7.5000    0.0000  -15.000015919.4561   14.4257
   -7.5000    7.5000  -15.000015709.3545   14.4572
    0.0000    7.5000  -15.000016304.0459   14.4263
    7.5000    7.5000  -15.000015349.4502   14.4233
   -7.5000   15.0000  -15.000014962.1436   14.4677
    0.0000   15.0000  -15.000015551.5498   14.4411
    7.5000   15.0000  -15.000014647.6768   14.4380
   -7.5000   22.5000  -15.000014093.0283   14.4947
    0.0000   22.5000  -15.000014651.4844   14.4789
    7.5000   22.5000  -15.000013823.2305   14.4824
   -7.5000   30.0000  -15.000013106.5664   14.4165
    0.0000   30.0000  -15.000013628.7637   14.4065
    7.5000   30.0000  -15.000012874.2480   14.4157
   -7.5000   37.5000  -15.000012533.6611   14.5596
    0.0000   37.5000  -15.000013041.1602   14.5410
    7.5000   37.5000  -15.000012341.9639   14.5485
   -7.5000   45.0000  -15.000011499.8525   14.4094
    0.0000   45.0000  -15.000011971.1143   14.3819
    7.5000   45.0000  -15.000011346.6436   14.3833
   -7.5000  -45.0000   -7.500011730.5205   14.9803
    0.0000  -45.0000   -7.500012135.2305   14.9531
    7.5000  -45.0000   -7.500011472.9424   14.9516
   -7.5000  -37.5000   -7.500012545.6367   14.8995
    0.0000  -37.5000   -7.500012972.6045   14.8664
    7.5000  -37.5000   -7.500012255.9365   14.8603
   -7.5000  -30.0000   -7.500013763.4199   14.8042
    0.0000  -30.0000   -7.500014250.9062   14.7753
    7.5000  -30.0000   -7.500013458.9697   14.7701
   -7.5000  -22.5000   -7.500014924.2734   14.7165
    0.0000  -22.5000   -7.500015464.3896   14.6998
    7.5000  -22.5000   -7.500014594.5391   14.7009
   -7.5000  -15.0000   -7.500015910.0068   14.6524
    0.0000  -15.0000   -7.500016480.3223   14.6427
    7.5000  -15.0000   -7.500015548.0322   14.6493
   -7.5000   -7.5000   -7.500016638.7637   14.6159
    0.0000   -7.5000   -7.500017242.0312   14.6000
    7.5000   -7.5000   -7.500016279.5322   14.6049
   -7.5000    0.0000   -7.500017214.5957   14.5925
    0.0000    0.0000   -7.500017852.8965   14.5659
    7.5000    0.0000   -7.500016869.4355   14.5642
   -7.5000    7.5000   -7.500016576.8477   14.6007
    0.0000    7.5000   -7.500017185.6738   14.5683
    7.5000    7.5000   -7.500016216.7637   14.5621
   -7.5000   15.0000   -7.500015776.0928   14.6056
    0.0000   15.0000   -7.500016370.5352   14.5771
    7.5000   15.0000   -7.500015431.5898   14.5718
   -7.5000   22.5000   -7.500014830.8643   14.6256
    0.0000   22.5000   -7.500015412.6348   14.6088
    7.5000   22.5000   -7.500014546.4785   14.6100
   -7.5000   30.0000   -7.500013770.6025   14.5464
    0.0000   30.0000   -7.500014334.0811   14.5368
    7.5000   30.0000   -7.500013547.3389   14.5428
   -7.5000   37.5000   -7.500013166.6494   14.6943
    0.0000   37.5000   -7.500013715.6699   14.6769
    7.5000   37.5000   -7.500012994.6572   14.6808
   -7.5000   45.0000   -7.500012101.0088   14.5499
    0.0000   45.0000   -7.500012605.6035   14.5228
    7.5000   45.0000   -7.500011947.3076   14.5205
   -7.5000  -45.0000    0.000012278.0215   14.9911
    0.0000  -45.0000    0.000012703.1895   14.9590
    7.5000  -45.0000    0.000012024.9336   14.9515
   -7.5000  -37.5000    0.000013123.0889   14.9119
    0.0000  -37.5000    0.000013591.3242   14.8739
    7.5000  -37.5000    0.000012864.2051   14.8633
   -7.5000  -30.0000    0.000014398.0879   14.8169
    0.0000  -30.0000    0.000014903.0879   14.7830
    7.5000  -30.0000    0.000014091.7334   14.7749
   -7.5000  -22.5000    0.000015618.5586   14.7274
    0.0000  -22.5000    0.000016186.1553   14.7054
    7.5000  -22.5000    0.000015257.0098   14.7043
   -7.5000  -15.0000    0.000016739.7090   14.6607
    0.0000  -15.0000    0.000017358.2441   14.6462
    7.5000  -15.0000    0.000016342.2451   14.6497
   -7.5000   -7.5000    0.000017585.4121   14.6234
    0.0000   -7.5000    0.000018257.0215   14.6030
    7.5000   -7.5000    0.000017210.4297   14.6030
   -7.5000    0.0000    0.000018146.2090   14.6017
    0.0000    0.0000    0.000018825.5156   14.5705
    7.5000    0.0000    0.000017842.6719   14.5632
   -7.5000    7.5000    0.000017355.0059   14.6120
    0.0000    7.5000    0.000017984.7480   14.5749
    7.5000    7.5000    0.000017093.8945   14.5644
   -7.5000   15.0000    0.000016481.4395   14.6175
    0.0000   15.0000    0.000017089.9004   14.5840
    7.5000   15.0000    0.000016193.7500   14.5760
   -7.5000   22.5000    0.000015520.7178   14.6363
    0.0000   22.5000    0.000016121.6895   14.6144
    7.5000   22.5000    0.000015224.3662   14.6135
   -7.5000   30.0000    0.000014430.5527   14.5551
    0.0000   30.0000    0.000015037.5479   14.5405
    7.5000   30.0000    0.000014159.3838   14.5433
   -7.5000   37.5000    0.000013805.5566   14.7013
    0.0000   37.5000    0.000014401.3076   14.6796
    7.5000   37.5000    0.000013556.1377   14.6786
   -7.5000   45.0000    0.000012693.1670   14.5582
    0.0000   45.0000    0.000013234.3818   14.5264
    7.5000   45.0000    0.000012458.8652   14.5181
   -7.5000  -45.0000    7.500011875.6650   15.0259
    0.0000  -45.0000    7.500012306.0693   14.9885
    7.5000  -45.0000    7.500011664.6172   14.9804
   -7.5000  -37.5000    7.500012701.8701   14.9503
    0.0000  -37.5000    7.500013164.4023   14.9081
    7.5000  -37.5000    7.500012488.5264   14.8970
   -7.5000  -30.0000    7.500013907.6797   14.8643
    0.0000  -30.0000    7.500014424.3887   14.8267
    7.5000  -30.0000    7.500013692.5635   14.8188
   -7.5000  -22.5000    7.500015019.9805   14.7824
    0.0000  -22.5000    7.500015598.9785   14.7560
    7.5000  -22.5000    7.500014816.6084   14.7554
   -7.5000  -15.0000    7.500016145.9102   14.7166
    0.0000  -15.0000    7.500016774.6699   14.6963
    7.5000  -15.0000    7.500015843.0342   14.7002
   -7.5000   -7.5000    7.500017088.6465   14.6719
    0.0000   -7.5000    7.500017838.3613   14.6457
    7.5000   -7.5000    7.500016749.0273   14.6450
   -7.5000    0.0000    7.500017761.1133   14.6438
    0.0000    0.0000    7.500018494.4414   14.6073
    7.5000    0.0000    7.500017430.4766   14.5991
   -7.5000    7.5000    7.500016982.2129   14.6558
    0.0000    7.5000    7.500017619.1719   14.6145
    7.5000    7.5000    7.500016665.0742   14.6034
   -7.5000   15.0000    7.500016097.7354   14.6685
    0.0000   15.0000    7.500016655.2480   14.6313
    7.5000   15.0000    7.500015721.4229   14.6233
   -7.5000   22.5000    7.500015149.8115   14.6931
    0.0000   22.5000    7.500015674.9150   14.6667
    7.5000   22.5000    7.500014739.5859   14.6663
   -7.5000   30.0000    7.500014080.4229   14.6111
    0.0000   30.0000    7.500014589.3350   14.5909
    7.5000   30.0000    7.500013680.2715   14.5942
   -7.5000   37.5000    7.500013457.7178   14.7520
    0.0000   37.5000    7.500013952.5508   14.7241
    7.5000   37.5000    7.500013107.2773   14.7225
   -7.5000   45.0000    7.500012346.6553   14.6042
    0.0000   45.0000    7.500012807.1982   14.5663
    7.5000   45.0000    7.500012047.1260   14.5563
   -7.5000  -45.0000   15.000011324.8184   15.0887
    0.0000  -45.0000   15.000011772.1279   15.0500
    7.5000  -45.0000   15.000011185.9658   15.0453
   -7.5000  -37.5000   15.000012104.6465   15.0141
    0.0000  -37.5000   15.000012604.4434   14.9719
    7.5000  -37.5000   15.000011981.6572   14.9633
   -7.5000  -30.0000   15.000013258.7920   14.9355
    0.0000  -30.0000   15.000013833.6807   14.8986
    7.5000  -30.0000   15.000013137.1641   14.8926
   -7.5000  -22.5000   15.000014332.8945   14.8617
    0.0000  -22.5000   15.000014959.4893   14.8352
    7.5000  -22.5000   15.000014211.6338   14.8369
   -7.5000  -15.0000   15.000015401.8232   14.7987
    0.0000  -15.0000   15.000016070.5039   14.7767
    7.5000  -15.0000   15.000015187.7842   14.7834
   -7.5000   -7.5000   15.000016324.7656   14.7488
    0.0000   -7.5000   15.000017011.9688   14.7200
    7.5000   -7.5000   15.000015983.2188   14.7225
   -7.5000    0.0000   15.000017015.2637   14.7131
    0.0000    0.0000   15.000017640.4160   14.6752
    7.5000    0.0000   15.000016577.7637   14.6701
   -7.5000    7.5000   15.000016367.3584   14.7245
    0.0000    7.5000   15.000016893.9238   14.6830
    7.5000    7.5000   15.000015890.4551   14.6742
   -7.5000   15.0000   15.000015541.8145   14.7429
    0.0000   15.0000   15.000016019.7471   14.7063
    7.5000   15.0000   15.000015038.2598   14.7001
   -7.5000   22.5000   15.000014571.6904   14.7740
    0.0000   22.5000   15.000015059.1367   14.7474
    7.5000   22.5000   15.000014100.6924   14.7492
   -7.5000   30.0000   15.000013491.9062   14.6938
    0.0000   30.0000   15.000013973.3594   14.6718
    7.5000   30.0000   15.000013096.2148   14.6783
   -7.5000   37.5000   15.000012867.2080   14.8323
    0.0000   37.5000   15.000013319.5586   14.8013
    7.5000   37.5000   15.000012525.6934   14.8029
   -7.5000   45.0000   15.000011788.4932   14.6795
    0.0000   45.0000   15.000012207.4912   14.6392
    7.5000   45.0000   15.000011513.0713   14.6319
   -7.5000  -45.0000   22.500010697.6641   15.1657
    0.0000  -45.0000   22.500011143.1074   15.1320
    7.5000  -45.0000   22.500010597.4443   15.1322
   -7.5000  -37.5000   22.500011441.2168   15.0909
    0.0000  -37.5000   22.500011928.1787   15.0539
    7.5000  -37.5000   22.500011348.4092   15.0485
   -7.5000  -30.0000   22.500012545.7930   15.0121
    0.0000  -30.0000   22.500013086.0781   14.9803
    7.5000  -30.0000   22.500012458.4912   14.9760
   -7.5000  -22.5000   22.500013588.7129   14.9397
    0.0000  -22.5000   22.500014135.7207   14.9183
    7.5000  -22.5000   22.500013464.1973   14.9212
   -7.5000  -15.0000   22.500014585.1064   14.8795
    0.0000  -15.0000   22.500015175.1406   14.8623
    7.5000  -15.0000   22.500014387.7539   14.8712
   -7.5000   -7.5000   22.500015444.3643   14.8324
    0.0000   -7.5000   22.500016009.7793   14.8082
    7.5000   -7.5000   22.500015125.7188   14.8147
   -7.5000    0.0000   22.500016066.6377   14.7963
    0.0000    0.0000   22.500016579.5742   14.7630
    7.5000    0.0000   22.500015685.7383   14.7624
   -7.5000    7.5000   22.500015417.2373   14.8058
    0.0000    7.5000   22.500015923.5850   14.7692
    7.5000    7.5000   22.500015042.6387   14.7633
   -7.5000   15.0000   22.500014663.2021   14.8228
    0.0000   15.0000   22.500015157.8516   14.7910
    7.5000   15.0000   22.500014272.9648   14.7864
   -7.5000   22.5000   22.500013747.4004   14.8538
    0.0000   22.5000   22.500014250.3926   14.8322
    7.5000   22.5000   22.500013405.9746   14.8350
   -7.5000   30.0000   22.500012737.1250   14.7746
    0.0000   30.0000   22.500013230.6699   14.7576
    7.5000   30.0000   22.500012457.5957   14.7663
   -7.5000   37.5000   22.500012122.2549   14.9159
    0.0000   37.5000   22.500012588.4053   14.8893
    7.5000   37.5000   22.500011885.1826   14.8947
   -7.5000   45.0000   22.500011100.2207   14.7618
    0.0000   45.0000   22.500011528.9961   14.7264
    7.5000   45.0000   22.500010904.8418   14.7239
   -7.5000  -45.0000   30.0000 9999.0029   15.2751
    0.0000  -45.0000   30.000010396.8311   15.2476
    7.5000  -45.0000   30.0000 9897.2012   15.2499
   -7.5000  -37.5000   30.000010676.3369   15.1982
    0.0000  -37.5000   30.000011121.8262   15.1656
    7.5000  -37.5000   30.000010596.5068   15.1618
   -7.5000  -30.0000   30.000011704.9756   15.1140
    0.0000  -30.0000   30.000012184.7275   15.0860
    7.5000  -30.0000   30.000011623.2227   15.0820
   -7.5000  -22.5000   30.000012671.1865   15.0378
    0.0000  -22.5000   30.000013194.7168   15.0214
    7.5000  -22.5000   30.000012577.8057   15.0240
   -7.5000  -15.0000   30.000013564.0117   14.9803
    0.0000  -15.0000   30.000014134.8857   14.9698
    7.5000  -15.0000   30.000013431.4121   14.9788
   -7.5000   -7.5000   30.000014345.7900   14.9415
    0.0000   -7.5000   30.000014897.0098   14.9243
    7.5000   -7.5000   30.000014133.6416   14.9322
   -7.5000    0.0000   30.000014939.3555   14.9104
    0.0000    0.0000   30.000015470.7432   14.8829
    7.5000    0.0000   30.000014690.3584   14.8844
   -7.5000    7.5000   30.000014377.8252   14.9169
    0.0000    7.5000   30.000014887.4297   14.8844
    7.5000    7.5000   30.000014123.5830   14.8802
   -7.5000   15.0000   30.000013626.5723   14.9254
    0.0000   15.0000   30.000014109.0674   14.8974
    7.5000   15.0000   30.000013384.0898   14.8931
   -7.5000   22.5000   30.000012794.7783   14.9498
    0.0000   22.5000   30.000013254.9717   14.9332
    7.5000   22.5000   30.000012543.1670   14.9357
   -7.5000   30.0000   30.000011888.0117   14.8699
    0.0000   30.0000   30.000012328.8496   14.8595
    7.5000   30.0000   30.000011651.3975   14.8682
   -7.5000   37.5000   30.000011306.0947   15.0169
    0.0000   37.5000   30.000011746.3457   14.9975
    7.5000   37.5000   30.000011118.6953   15.0044
   -7.5000   45.0000   30.000010348.2246   14.8649
    0.0000   45.0000   30.000010757.8887   14.8361
    7.5000   45.0000   30.000010193.2871   14.8366
   -7.5000  -45.0000   37.5000 9622.0938   15.4530
    0.0000  -45.0000   37.500010007.4551   15.4254
    7.5000  -45.0000   37.5000 9533.9160   15.4231
   -7.5000  -37.5000   37.500010269.8291   15.3747
    0.0000  -37.5000   37.500010690.0205   15.3406
    7.5000  -37.5000   37.500010196.3438   15.3333
   -7.5000  -30.0000   37.500011250.6260   15.2841
    0.0000  -30.0000   37.500011713.3223   15.2542
    7.5000  -30.0000   37.500011198.9990   15.2477
   -7.5000  -22.5000   37.500012179.1797   15.2020
    0.0000  -22.5000   37.500012689.3887   15.1848
    7.5000  -22.5000   37.500012135.6924   15.1848
   -7.5000  -15.0000   37.500013039.4971   15.1454
    0.0000  -15.0000   37.500013586.3672   15.1355
    7.5000  -15.0000   37.500012941.5215   15.1413
   -7.5000   -7.5000   37.500013770.1787   15.1149
    0.0000   -7.5000   37.500014314.7061   15.0985
    7.5000   -7.5000   37.500013615.0771   15.1024
   -7.5000    0.0000   37.500014338.3945   15.0904
    0.0000    0.0000   37.500014879.1475   15.0626
    7.5000    0.0000   37.500014167.5439   15.0598
   -7.5000    7.5000   37.500013791.0918   15.0953
    0.0000    7.5000   37.500014307.0068   15.0613
    7.5000    7.5000   37.500013619.4580   15.0538
   -7.5000   15.0000   37.500013059.7559   15.0953
    0.0000   15.0000   37.500013541.4746   15.0653
    7.5000   15.0000   37.500012884.3291   15.0587
   -7.5000   22.5000   37.500012267.2432   15.1119
    0.0000   22.5000   37.500012720.9736   15.0945
    7.5000   22.5000   37.500012073.8516   15.0945
   -7.5000   30.0000   37.500011380.1309   15.0293
    0.0000   30.0000   37.500011818.9922   15.0196
    7.5000   30.0000   37.500011199.0742   15.0247
   -7.5000   37.5000   37.500010864.1182   15.1819
    0.0000   37.5000   37.500011298.2188   15.1640
    7.5000   37.5000   37.500010705.6816   15.1669
   -7.5000   45.0000   37.5000 9962.4102   15.0335
    0.0000   45.0000   37.500010366.3525   15.0053
    7.5000   45.0000   37.5000 9834.3369   15.0017
   -7.5000  -45.0000   45.0000 8842.8018   15.6542
    0.0000  -45.0000   45.0000 9206.5391   15.6193
    7.5000  -45.0000   45.0000 8783.3760   15.6105
   -7.5000  -37.5000   45.0000 9428.4736   15.5773
    0.0000  -37.5000   45.0000 9807.8926   15.5361
    7.5000  -37.5000   45.0000 9377.3408   15.5236
   -7.5000  -30.0000   45.000010356.6650   15.4889
    0.0000  -30.0000   45.000010782.4697   15.4522
    7.5000  -30.0000   45.000010305.0117   15.4423
   -7.5000  -22.5000   45.000011219.1914   15.4057
    0.0000  -22.5000   45.000011699.0195   15.3818
    7.5000  -22.5000   45.000011157.3076   15.3793
   -7.5000  -15.0000   45.000011970.7168   15.3463
    0.0000  -15.0000   45.000012490.0127   15.3303
    7.5000  -15.0000   45.000011894.0840   15.3329
   -7.5000   -7.5000   45.000012628.3916   15.3149
    0.0000   -7.5000   45.000013157.8857   15.2920
    7.5000   -7.5000   45.000012516.3447   15.2908
   -7.5000    0.0000   45.000013118.5586   15.2914
    0.0000    0.0000   45.000013660.5322   15.2565
    7.5000    0.0000   45.000013022.1074   15.2474
   -7.5000    7.5000   45.000012624.3438   15.2987
    0.0000    7.5000   45.000013121.1885   15.2576
    7.5000    7.5000   45.000012515.4219   15.2449
   -7.5000   15.0000   45.000011964.4336   15.2989
    0.0000   15.0000   45.000012421.9814   15.2621
    7.5000   15.0000   45.000011847.2969   15.2522
   -7.5000   22.5000   45.000011235.8633   15.3129
    0.0000   22.5000   45.000011673.2158   15.2889
    7.5000   22.5000   45.000011111.4756   15.2866
   -7.5000   30.0000   45.000010438.6719   15.2238
    0.0000   30.0000   45.000010844.1416   15.2077
    7.5000   30.0000   45.000010305.0762   15.2096
   -7.5000   37.5000   45.0000 9986.6846   15.3756
    0.0000   37.5000   45.000010384.0430   15.3513
    7.5000   37.5000   45.0000 9852.1641   15.3491
   -7.5000   45.0000   45.0000 9155.4258   15.2358
    0.0000   45.0000   45.0000 9539.1152   15.2004
    7.5000   45.0000   45.0000 9036.1826   15.1902

---------------------------------------------------------------------
imgreg_4dfp /opt/freesurfer/average/711-2C_as_mni_average_305 /opt/freesurfer/average/711-2B_as_mni_average_305_mask talsrcimg_g11 none talsrcimg_to_711-2C_as_mni_average_305_t4 4355
---------------------------------------------------------------------

freesurfer imgreg_4dfp.c
/opt/freesurfer/average/711-2C_as_mni_average_305.4dfp.img
       256       256       256         1
  1.000000  1.000000  1.000000
orientation T byte_order littleendian
Reading image: /opt/freesurfer/average/711-2C_as_mni_average_305.4dfp.img
dimensions:      256       256       256
mmppix:       1.0000   -1.0000   -1.0000
center:     128.0000 -129.0000 -129.0000
/opt/freesurfer/average/711-2B_as_mni_average_305_mask.4dfp.img
       256       256       256         1
  1.000000  1.000000  1.000000
orientation T byte_order littleendian
Reading mask: /opt/freesurfer/average/711-2B_as_mni_average_305_mask.4dfp.img (2306576 pixels)
talsrcimg_g11.4dfp.img
       256       256       256         1
  1.000000  1.000000  1.000000
orientation T byte_order littleendian
Reading image: talsrcimg_g11.4dfp.img
dimensions:      256       256       256
mmppix:       1.0000   -1.0000   -1.0000
center:     128.0000 -129.0000 -129.0000
rotation matrix determinant  1.000000
image alignment mode   4355 decimal     1103 hex
   -7.5000  -45.0000  -45.0000 2153.4290   17.3891
    0.0000  -45.0000  -45.0000 2147.7056   17.4086
    7.5000  -45.0000  -45.0000 2124.8245   17.6680
   -7.5000  -37.5000  -45.0000 2220.4175   16.1427
    0.0000  -37.5000  -45.0000 2219.1135   16.1592
    7.5000  -37.5000  -45.0000 2196.3367   16.3895
   -7.5000  -30.0000  -45.0000 2278.8477   15.1445
    0.0000  -30.0000  -45.0000 2275.0696   15.1586
    7.5000  -30.0000  -45.0000 2254.6917   15.3906
   -7.5000  -22.5000  -45.0000 2322.2202   14.3714
    0.0000  -22.5000  -45.0000 2320.1748   14.4188
    7.5000  -22.5000  -45.0000 2296.0066   14.6437
   -7.5000  -15.0000  -45.0000 2357.5276   13.7831
    0.0000  -15.0000  -45.0000 2355.6970   13.8256
    7.5000  -15.0000  -45.0000 2326.9395   14.0565
   -7.5000   -7.5000  -45.0000 2377.7939   13.3950
    0.0000   -7.5000  -45.0000 2377.0073   13.4138
    7.5000   -7.5000  -45.0000 2349.5962   13.6961
   -7.5000    0.0000  -45.0000 2384.9993   13.2299
    0.0000    0.0000  -45.0000 2386.7263   13.2487
    7.5000    0.0000  -45.0000 2359.5237   13.5175
   -7.5000    7.5000  -45.0000 2383.3376   13.3298
    0.0000    7.5000  -45.0000 2384.5593   13.3333
    7.5000    7.5000  -45.0000 2356.3000   13.5841
   -7.5000   15.0000  -45.0000 2354.0872   13.6668
    0.0000   15.0000  -45.0000 2359.2131   13.6426
    7.5000   15.0000  -45.0000 2333.3306   13.8792
   -7.5000   22.5000  -45.0000 2309.8286   14.2247
    0.0000   22.5000  -45.0000 2317.8223   14.2057
    7.5000   22.5000  -45.0000 2287.4377   14.4637
   -7.5000   30.0000  -45.0000 2243.8083   15.0378
    0.0000   30.0000  -45.0000 2250.6780   15.0233
    7.5000   30.0000  -45.0000 2220.3167   15.3101
   -7.5000   37.5000  -45.0000 2163.5278   16.1985
    0.0000   37.5000  -45.0000 2169.0464   16.1806
    7.5000   37.5000  -45.0000 2139.6162   16.4966
   -7.5000   45.0000  -45.0000 2063.4629   17.7964
    0.0000   45.0000  -45.0000 2069.6318   17.7245
    7.5000   45.0000  -45.0000 2051.2073   18.0820
   -7.5000  -45.0000  -37.5000 2244.3594   16.1252
    0.0000  -45.0000  -37.5000 2239.6426   16.1468
    7.5000  -45.0000  -37.5000 2211.3132   16.3608
   -7.5000  -37.5000  -37.5000 2311.2703   14.9835
    0.0000  -37.5000  -37.5000 2307.8738   15.0146
    7.5000  -37.5000  -37.5000 2284.5938   15.1919
   -7.5000  -30.0000  -37.5000 2370.8760   14.0736
    0.0000  -30.0000  -37.5000 2368.1909   14.1057
    7.5000  -30.0000  -37.5000 2344.0991   14.3170
   -7.5000  -22.5000  -37.5000 2417.4170   13.3614
    0.0000  -22.5000  -37.5000 2416.1638   13.4027
    7.5000  -22.5000  -37.5000 2386.5305   13.6042
   -7.5000  -15.0000  -37.5000 2450.4370   12.8181
    0.0000  -15.0000  -37.5000 2450.0994   12.8621
    7.5000  -15.0000  -37.5000 2417.0984   13.0766
   -7.5000   -7.5000  -37.5000 2469.8977   12.4576
    0.0000   -7.5000  -37.5000 2469.8794   12.4934
    7.5000   -7.5000  -37.5000 2439.1704   12.7174
   -7.5000    0.0000  -37.5000 2482.1199   12.3149
    0.0000    0.0000  -37.5000 2483.6809   12.3404
    7.5000    0.0000  -37.5000 2451.9912   12.5636
   -7.5000    7.5000  -37.5000 2480.1963   12.4057
    0.0000    7.5000  -37.5000 2482.0256   12.4121
    7.5000    7.5000  -37.5000 2448.2788   12.6205
   -7.5000   15.0000  -37.5000 2449.5649   12.6997
    0.0000   15.0000  -37.5000 2454.2024   12.6816
    7.5000   15.0000  -37.5000 2422.5488   12.8928
   -7.5000   22.5000  -37.5000 2403.3484   13.1926
    0.0000   22.5000  -37.5000 2412.6279   13.1743
    7.5000   22.5000  -37.5000 2375.3381   13.4227
   -7.5000   30.0000  -37.5000 2335.1538   13.9204
    0.0000   30.0000  -37.5000 2341.0710   13.8948
    7.5000   30.0000  -37.5000 2309.7166   14.1701
   -7.5000   37.5000  -37.5000 2245.4946   14.9624
    0.0000   37.5000  -37.5000 2249.7356   14.9199
    7.5000   37.5000  -37.5000 2222.9570   15.2156
   -7.5000   45.0000  -37.5000 2141.0962   16.4330
    0.0000   45.0000  -37.5000 2144.6809   16.3347
    7.5000   45.0000  -37.5000 2124.6387   16.6474
   -7.5000  -45.0000  -30.0000 2374.5134   15.5886
    0.0000  -45.0000  -30.0000 2369.9807   15.6119
    7.5000  -45.0000  -30.0000 2337.6443   15.7874
   -7.5000  -37.5000  -30.0000 2450.0269   14.4360
    0.0000  -37.5000  -30.0000 2441.4797   14.4713
    7.5000  -37.5000  -30.0000 2411.2666   14.6529
   -7.5000  -30.0000  -30.0000 2506.7354   13.5754
    0.0000  -30.0000  -30.0000 2502.8948   13.6069
    7.5000  -30.0000  -30.0000 2474.5994   13.8012
   -7.5000  -22.5000  -30.0000 2553.2358   12.8609
    0.0000  -22.5000  -30.0000 2550.1357   12.8960
    7.5000  -22.5000  -30.0000 2517.7478   13.1033
   -7.5000  -15.0000  -30.0000 2588.2378   12.3694
    0.0000  -15.0000  -30.0000 2588.2419   12.3957
    7.5000  -15.0000  -30.0000 2556.5825   12.5878
   -7.5000   -7.5000  -30.0000 2618.5129   12.0086
    0.0000   -7.5000  -30.0000 2614.4102   12.0440
    7.5000   -7.5000  -30.0000 2584.5842   12.2513
   -7.5000    0.0000  -30.0000 2626.7400   11.9134
    0.0000    0.0000  -30.0000 2626.4048   11.9300
    7.5000    0.0000  -30.0000 2593.4614   12.1108
   -7.5000    7.5000  -30.0000 2624.6738   12.0007
    0.0000    7.5000  -30.0000 2627.9724   12.0039
    7.5000    7.5000  -30.0000 2589.7524   12.1834
   -7.5000   15.0000  -30.0000 2596.1538   12.2563
    0.0000   15.0000  -30.0000 2603.6787   12.2497
    7.5000   15.0000  -30.0000 2566.0605   12.4339
   -7.5000   22.5000  -30.0000 2547.5881   12.7088
    0.0000   22.5000  -30.0000 2558.3582   12.6846
    7.5000   22.5000  -30.0000 2519.2637   12.8923
   -7.5000   30.0000  -30.0000 2471.4744   13.3675
    0.0000   30.0000  -30.0000 2481.2676   13.3465
    7.5000   30.0000  -30.0000 2445.7917   13.5699
   -7.5000   37.5000  -30.0000 2375.6123   14.3490
    0.0000   37.5000  -30.0000 2382.3228   14.3232
    7.5000   37.5000  -30.0000 2349.8467   14.5662
   -7.5000   45.0000  -30.0000 2261.1511   15.7352
    0.0000   45.0000  -30.0000 2266.3105   15.6801
    7.5000   45.0000  -30.0000 2243.7559   15.9181
   -7.5000  -45.0000  -22.5000 2471.2505   15.0121
    0.0000  -45.0000  -22.5000 2463.8726   15.0536
    7.5000  -45.0000  -22.5000 2432.1736   15.2142
   -7.5000  -37.5000  -22.5000 2547.0745   13.8761
    0.0000  -37.5000  -22.5000 2537.5427   13.9266
    7.5000  -37.5000  -22.5000 2503.9048   14.0903
   -7.5000  -30.0000  -22.5000 2605.4546   12.9851
    0.0000  -30.0000  -22.5000 2596.6521   13.0150
    7.5000  -30.0000  -22.5000 2565.3042   13.2219
   -7.5000  -22.5000  -22.5000 2653.2175   12.3193
    0.0000  -22.5000  -22.5000 2648.9980   12.3429
    7.5000  -22.5000  -22.5000 2616.5830   12.5433
   -7.5000  -15.0000  -22.5000 2695.9927   11.8305
    0.0000  -15.0000  -22.5000 2695.6565   11.8367
    7.5000  -15.0000  -22.5000 2662.9094   12.0310
   -7.5000   -7.5000  -22.5000 2728.9827   11.4905
    0.0000   -7.5000  -22.5000 2724.9170   11.4986
    7.5000   -7.5000  -22.5000 2691.5271   11.6872
   -7.5000    0.0000  -22.5000 2742.5669   11.4071
    0.0000    0.0000  -22.5000 2742.6316   11.4052
    7.5000    0.0000  -22.5000 2707.4985   11.5646
   -7.5000    7.5000  -22.5000 2740.7195   11.5025
    0.0000    7.5000  -22.5000 2748.1946   11.5078
    7.5000    7.5000  -22.5000 2705.8154   11.6478
   -7.5000   15.0000  -22.5000 2716.6387   11.7453
    0.0000   15.0000  -22.5000 2726.7625   11.7459
    7.5000   15.0000  -22.5000 2682.5176   11.8954
   -7.5000   22.5000  -22.5000 2667.8269   12.1539
    0.0000   22.5000  -22.5000 2677.4287   12.1478
    7.5000   22.5000  -22.5000 2632.1204   12.3250
   -7.5000   30.0000  -22.5000 2582.8840   12.7698
    0.0000   30.0000  -22.5000 2593.2344   12.7618
    7.5000   30.0000  -22.5000 2556.1831   12.9543
   -7.5000   37.5000  -22.5000 2478.9126   13.7056
    0.0000   37.5000  -22.5000 2487.6494   13.6831
    7.5000   37.5000  -22.5000 2454.6929   13.9177
   -7.5000   45.0000  -22.5000 2354.2795   15.0439
    0.0000   45.0000  -22.5000 2364.6470   14.9827
    7.5000   45.0000  -22.5000 2336.4087   15.2191
   -7.5000  -45.0000  -15.0000 2529.7244   14.4735
    0.0000  -45.0000  -15.0000 2525.0190   14.4756
    7.5000  -45.0000  -15.0000 2491.5178   14.6783
   -7.5000  -37.5000  -15.0000 2603.4575   13.3666
    0.0000  -37.5000  -15.0000 2597.8010   13.3857
    7.5000  -37.5000  -15.0000 2566.8286   13.6028
   -7.5000  -30.0000  -15.0000 2663.9475   12.4803
    0.0000  -30.0000  -15.0000 2659.4426   12.5039
    7.5000  -30.0000  -15.0000 2630.3403   12.7371
   -7.5000  -22.5000  -15.0000 2721.6584   11.7975
    0.0000  -22.5000  -15.0000 2724.0093   11.8238
    7.5000  -22.5000  -15.0000 2690.1714   12.0318
   -7.5000  -15.0000  -15.0000 2766.7563   11.2970
    0.0000  -15.0000  -15.0000 2770.5852   11.3156
    7.5000  -15.0000  -15.0000 2734.4631   11.5276
   -7.5000   -7.5000  -15.0000 2802.5120   10.9633
    0.0000   -7.5000  -15.0000 2803.5623   10.9750
    7.5000   -7.5000  -15.0000 2766.5242   11.1551
   -7.5000    0.0000  -15.0000 2829.5378   10.8754
    0.0000    0.0000  -15.0000 2828.2192   10.8745
    7.5000    0.0000  -15.0000 2788.6030   11.0307
   -7.5000    7.5000  -15.0000 2830.5757   10.9612
    0.0000    7.5000  -15.0000 2838.2173   10.9522
    7.5000    7.5000  -15.0000 2795.4717   11.0836
   -7.5000   15.0000  -15.0000 2807.8142   11.1992
    0.0000   15.0000  -15.0000 2819.7397   11.1964
    7.5000   15.0000  -15.0000 2773.3452   11.3325
   -7.5000   22.5000  -15.0000 2754.8513   11.5894
    0.0000   22.5000  -15.0000 2766.2456   11.5832
    7.5000   22.5000  -15.0000 2719.0615   11.7643
   -7.5000   30.0000  -15.0000 2668.5627   12.1895
    0.0000   30.0000  -15.0000 2676.4353   12.1731
    7.5000   30.0000  -15.0000 2638.2446   12.3840
   -7.5000   37.5000  -15.0000 2553.2856   13.0896
    0.0000   37.5000  -15.0000 2562.1963   13.0680
    7.5000   37.5000  -15.0000 2528.9133   13.3157
   -7.5000   45.0000  -15.0000 2418.8171   14.3827
    0.0000   45.0000  -15.0000 2429.8306   14.3260
    7.5000   45.0000  -15.0000 2401.0605   14.5787
   -7.5000  -45.0000   -7.5000 2560.5830   13.9388
    0.0000  -45.0000   -7.5000 2559.9861   13.9547
    7.5000  -45.0000   -7.5000 2524.0659   14.2024
   -7.5000  -37.5000   -7.5000 2638.3635   12.8687
    0.0000  -37.5000   -7.5000 2631.8472   12.8843
    7.5000  -37.5000   -7.5000 2600.6787   13.1297
   -7.5000  -30.0000   -7.5000 2700.0525   12.0112
    0.0000  -30.0000   -7.5000 2697.2561   12.0310
    7.5000  -30.0000   -7.5000 2663.6558   12.2458
   -7.5000  -22.5000   -7.5000 2761.4319   11.3430
    0.0000  -22.5000   -7.5000 2760.6138   11.3603
    7.5000  -22.5000   -7.5000 2729.0386   11.5620
   -7.5000  -15.0000   -7.5000 2815.9207   10.8452
    0.0000  -15.0000   -7.5000 2819.1714   10.8516
    7.5000  -15.0000   -7.5000 2781.7434   11.0630
   -7.5000   -7.5000   -7.5000 2862.1816   10.4764
    0.0000   -7.5000   -7.5000 2866.9021   10.4895
    7.5000   -7.5000   -7.5000 2821.7141   10.7225
   -7.5000    0.0000   -7.5000 2892.3594   10.3601
    0.0000    0.0000   -7.5000 2897.5781   10.3602
    7.5000    0.0000   -7.5000 2849.3691   10.5881
   -7.5000    7.5000   -7.5000 2897.7551   10.4348
    0.0000    7.5000   -7.5000 2909.2424   10.4108
    7.5000    7.5000   -7.5000 2862.6716   10.6213
   -7.5000   15.0000   -7.5000 2876.5845   10.6836
    0.0000   15.0000   -7.5000 2890.6748   10.6523
    7.5000   15.0000   -7.5000 2843.1150   10.8479
   -7.5000   22.5000   -7.5000 2817.0652   11.0760
    0.0000   22.5000   -7.5000 2833.6562   11.0465
    7.5000   22.5000   -7.5000 2786.2627   11.2763
   -7.5000   30.0000   -7.5000 2726.4951   11.6600
    0.0000   30.0000   -7.5000 2739.8110   11.6398
    7.5000   30.0000   -7.5000 2699.8599   11.8972
   -7.5000   37.5000   -7.5000 2602.7307   12.5335
    0.0000   37.5000   -7.5000 2613.5261   12.5259
    7.5000   37.5000   -7.5000 2581.0549   12.8143
   -7.5000   45.0000   -7.5000 2463.4814   13.7932
    0.0000   45.0000   -7.5000 2475.6064   13.7805
    7.5000   45.0000   -7.5000 2442.9856   14.0507
   -7.5000  -45.0000    0.0000 2573.5288   13.6205
    0.0000  -45.0000    0.0000 2569.2905   13.6379
    7.5000  -45.0000    0.0000 2538.9705   13.9641
   -7.5000  -37.5000    0.0000 2648.5359   12.5424
    0.0000  -37.5000    0.0000 2645.7319   12.5494
    7.5000  -37.5000    0.0000 2616.2712   12.8534
   -7.5000  -30.0000    0.0000 2713.6587   11.7022
    0.0000  -30.0000    0.0000 2712.7419   11.6922
    7.5000  -30.0000    0.0000 2683.6587   11.9582
   -7.5000  -22.5000    0.0000 2777.0757   11.0297
    0.0000  -22.5000    0.0000 2779.7805   11.0220
    7.5000  -22.5000    0.0000 2748.7544   11.2530
   -7.5000  -15.0000    0.0000 2843.2939   10.5430
    0.0000  -15.0000    0.0000 2848.2852   10.5353
    7.5000  -15.0000    0.0000 2812.3430   10.7601
   -7.5000   -7.5000    0.0000 2900.9426   10.2097
    0.0000   -7.5000    0.0000 2913.8325   10.2147
    7.5000   -7.5000    0.0000 2865.9539   10.4566
   -7.5000    0.0000    0.0000 2937.4485   10.0402
    0.0000    0.0000    0.0000 2952.1624   10.0366
    7.5000    0.0000    0.0000 2897.4668   10.3363
   -7.5000    7.5000    0.0000 2944.8940   10.0770
    0.0000    7.5000    0.0000 2962.4219   10.0402
    7.5000    7.5000    0.0000 2909.2402   10.3724
   -7.5000   15.0000    0.0000 2920.3340   10.3152
    0.0000   15.0000    0.0000 2937.9895   10.2698
    7.5000   15.0000    0.0000 2886.0181   10.5530
   -7.5000   22.5000    0.0000 2857.7900   10.7162
    0.0000   22.5000    0.0000 2878.5071   10.6819
    7.5000   22.5000    0.0000 2827.2708   10.9643
   -7.5000   30.0000    0.0000 2759.6340   11.3287
    0.0000   30.0000    0.0000 2779.5723   11.3241
    7.5000   30.0000    0.0000 2734.9587   11.5835
   -7.5000   37.5000    0.0000 2628.9595   12.2105
    0.0000   37.5000    0.0000 2644.8513   12.2075
    7.5000   37.5000    0.0000 2609.5032   12.4763
   -7.5000   45.0000    0.0000 2485.4087   13.4511
    0.0000   45.0000    0.0000 2503.3184   13.4387
    7.5000   45.0000    0.0000 2469.8713   13.6801
   -7.5000  -45.0000    7.5000 2565.9724   13.5465
    0.0000  -45.0000    7.5000 2564.5850   13.5431
    7.5000  -45.0000    7.5000 2541.0474   13.9285
   -7.5000  -37.5000    7.5000 2641.0293   12.4666
    0.0000  -37.5000    7.5000 2639.5305   12.4492
    7.5000  -37.5000    7.5000 2616.3208   12.8016
   -7.5000  -30.0000    7.5000 2709.9080   11.5855
    0.0000  -30.0000    7.5000 2709.0803   11.5587
    7.5000  -30.0000    7.5000 2682.9048   11.8799
   -7.5000  -22.5000    7.5000 2779.4595   10.8781
    0.0000  -22.5000    7.5000 2780.9360   10.8390
    7.5000  -22.5000    7.5000 2753.4551   11.1675
   -7.5000  -15.0000    7.5000 2851.3030   10.3754
    0.0000  -15.0000    7.5000 2857.8044   10.3400
    7.5000  -15.0000    7.5000 2821.7012   10.6647
   -7.5000   -7.5000    7.5000 2915.2512   10.1081
    0.0000   -7.5000    7.5000 2932.1562   10.0924
    7.5000   -7.5000    7.5000 2879.3293   10.3521
   -7.5000    0.0000    7.5000 2960.8662    9.9829
    0.0000    0.0000    7.5000 2985.4102    9.9636
    7.5000    0.0000    7.5000 2920.4773   10.2308
   -7.5000    7.5000    7.5000 2967.9819   10.0022
    0.0000    7.5000    7.5000 2992.9553    9.9492
    7.5000    7.5000    7.5000 2930.5967   10.2493
   -7.5000   15.0000    7.5000 2940.1079   10.1951
    0.0000   15.0000    7.5000 2961.1580   10.1274
    7.5000   15.0000    7.5000 2905.5483   10.4187
   -7.5000   22.5000    7.5000 2874.4602   10.5961
    0.0000   22.5000    7.5000 2896.2056   10.5344
    7.5000   22.5000    7.5000 2844.0481   10.8292
   -7.5000   30.0000    7.5000 2764.7866   11.2438
    0.0000   30.0000    7.5000 2786.1367   11.2124
    7.5000   30.0000    7.5000 2742.1694   11.4853
   -7.5000   37.5000    7.5000 2636.8428   12.1338
    0.0000   37.5000    7.5000 2649.7434   12.1003
    7.5000   37.5000    7.5000 2617.6013   12.3590
   -7.5000   45.0000    7.5000 2493.9915   13.3452
    0.0000   45.0000    7.5000 2508.7725   13.2941
    7.5000   45.0000    7.5000 2480.3845   13.5298
   -7.5000  -45.0000   15.0000 2550.6658   13.6012
    0.0000  -45.0000   15.0000 2553.2476   13.6163
    7.5000  -45.0000   15.0000 2527.2029   14.0619
   -7.5000  -37.5000   15.0000 2624.5107   12.4826
    0.0000  -37.5000   15.0000 2626.8638   12.4799
    7.5000  -37.5000   15.0000 2599.6072   12.8925
   -7.5000  -30.0000   15.0000 2691.2065   11.6001
    0.0000  -30.0000   15.0000 2696.1021   11.5845
    7.5000  -30.0000   15.0000 2667.3948   11.9649
   -7.5000  -22.5000   15.0000 2759.4001   10.9088
    0.0000  -22.5000   15.0000 2770.4324   10.8963
    7.5000  -22.5000   15.0000 2735.6748   11.2379
   -7.5000  -15.0000   15.0000 2830.7603   10.4584
    0.0000  -15.0000   15.0000 2844.0342   10.4221
    7.5000  -15.0000   15.0000 2807.0542   10.7379
   -7.5000   -7.5000   15.0000 2901.1433   10.1961
    0.0000   -7.5000   15.0000 2920.8335   10.1488
    7.5000   -7.5000   15.0000 2870.1040   10.4074
   -7.5000    0.0000   15.0000 2952.0381   10.0916
    0.0000    0.0000   15.0000 2975.0339   10.0197
    7.5000    0.0000   15.0000 2911.6226   10.2644
   -7.5000    7.5000   15.0000 2963.2209   10.1311
    0.0000    7.5000   15.0000 2984.6924   10.0294
    7.5000    7.5000   15.0000 2924.7754   10.2778
   -7.5000   15.0000   15.0000 2930.5625   10.3324
    0.0000   15.0000   15.0000 2944.0417   10.2658
    7.5000   15.0000   15.0000 2894.1213   10.4930
   -7.5000   22.5000   15.0000 2855.0649   10.7307
    0.0000   22.5000   15.0000 2872.9441   10.6829
    7.5000   22.5000   15.0000 2825.8662   10.9212
   -7.5000   30.0000   15.0000 2743.4490   11.3811
    0.0000   30.0000   15.0000 2760.9648   11.3523
    7.5000   30.0000   15.0000 2722.1506   11.5895
   -7.5000   37.5000   15.0000 2619.2371   12.2508
    0.0000   37.5000   15.0000 2629.9817   12.2114
    7.5000   37.5000   15.0000 2599.3718   12.4449
   -7.5000   45.0000   15.0000 2477.3926   13.4079
    0.0000   45.0000   15.0000 2486.6387   13.3681
    7.5000   45.0000   15.0000 2467.1819   13.5722
   -7.5000  -45.0000   22.5000 2526.2029   13.8111
    0.0000  -45.0000   22.5000 2528.7610   13.8378
    7.5000  -45.0000   22.5000 2504.5630   14.3516
   -7.5000  -37.5000   22.5000 2596.7039   12.6843
    0.0000  -37.5000   22.5000 2601.9172   12.6818
    7.5000  -37.5000   22.5000 2578.8257   13.1476
   -7.5000  -30.0000   22.5000 2663.6970   11.8161
    0.0000  -30.0000   22.5000 2670.3101   11.7879
    7.5000  -30.0000   22.5000 2645.7422   12.2061
   -7.5000  -22.5000   22.5000 2730.4749   11.1549
    0.0000  -22.5000   22.5000 2739.0676   11.1177
    7.5000  -22.5000   22.5000 2711.6245   11.4844
   -7.5000  -15.0000   22.5000 2798.6953   10.6893
    0.0000  -15.0000   22.5000 2813.6670   10.6164
    7.5000  -15.0000   22.5000 2782.5090   10.9433
   -7.5000   -7.5000   22.5000 2870.5566   10.4221
    0.0000   -7.5000   22.5000 2888.2720   10.3544
    7.5000   -7.5000   22.5000 2842.3557   10.6269
   -7.5000    0.0000   22.5000 2917.2561   10.3229
    0.0000    0.0000   22.5000 2935.5710   10.2208
    7.5000    0.0000   22.5000 2881.5566   10.4891
   -7.5000    7.5000   22.5000 2921.3928   10.3745
    0.0000    7.5000   22.5000 2941.8809   10.2823
    7.5000    7.5000   22.5000 2888.9038   10.5281
   -7.5000   15.0000   22.5000 2887.0693   10.5997
    0.0000   15.0000   22.5000 2905.2346   10.5518
    7.5000   15.0000   22.5000 2858.6099   10.7526
   -7.5000   22.5000   22.5000 2810.0051   11.0173
    0.0000   22.5000   22.5000 2829.1006   11.0011
    7.5000   22.5000   22.5000 2785.9116   11.2005
   -7.5000   30.0000   22.5000 2704.6326   11.6619
    0.0000   30.0000   22.5000 2724.3525   11.6341
    7.5000   30.0000   22.5000 2688.2231   11.8680
   -7.5000   37.5000   22.5000 2577.0620   12.5394
    0.0000   37.5000   22.5000 2589.7207   12.5202
    7.5000   37.5000   22.5000 2564.9614   12.7450
   -7.5000   45.0000   22.5000 2444.6440   13.6873
    0.0000   45.0000   22.5000 2455.9312   13.6615
    7.5000   45.0000   22.5000 2435.4636   13.8690
   -7.5000  -45.0000   30.0000 2494.5662   14.1924
    0.0000  -45.0000   30.0000 2493.3782   14.2016
    7.5000  -45.0000   30.0000 2467.3696   14.7598
   -7.5000  -37.5000   30.0000 2558.5010   13.0597
    0.0000  -37.5000   30.0000 2561.5708   13.0286
    7.5000  -37.5000   30.0000 2540.5686   13.5103
   -7.5000  -30.0000   30.0000 2622.7964   12.1782
    0.0000  -30.0000   30.0000 2630.7085   12.1294
    7.5000  -30.0000   30.0000 2605.8843   12.5556
   -7.5000  -22.5000   30.0000 2690.9746   11.5049
    0.0000  -22.5000   30.0000 2704.3088   11.4453
    7.5000  -22.5000   30.0000 2676.3015   11.8103
   -7.5000  -15.0000   30.0000 2754.0647   11.0498
    0.0000  -15.0000   30.0000 2772.0176   10.9904
    7.5000  -15.0000   30.0000 2742.0471   11.2992
   -7.5000   -7.5000   30.0000 2815.9795   10.7975
    0.0000   -7.5000   30.0000 2836.1089   10.7128
    7.5000   -7.5000   30.0000 2798.1799   10.9917
   -7.5000    0.0000   30.0000 2852.7419   10.7302
    0.0000    0.0000   30.0000 2869.7605   10.6333
    7.5000    0.0000   30.0000 2831.1697   10.8961
   -7.5000    7.5000   30.0000 2852.4502   10.8221
    0.0000    7.5000   30.0000 2868.4485   10.7617
    7.5000    7.5000   30.0000 2832.0144   10.9922
   -7.5000   15.0000   30.0000 2810.7798   11.0591
    0.0000   15.0000   30.0000 2827.4128   11.0087
    7.5000   15.0000   30.0000 2794.3940   11.2366
   -7.5000   22.5000   30.0000 2744.2346   11.4616
    0.0000   22.5000   30.0000 2761.0383   11.4299
    7.5000   22.5000   30.0000 2722.8257   11.6591
   -7.5000   30.0000   30.0000 2649.9624   12.0889
    0.0000   30.0000   30.0000 2670.4104   12.0594
    7.5000   30.0000   30.0000 2630.8201   12.2799
   -7.5000   37.5000   30.0000 2528.4485   12.9587
    0.0000   37.5000   30.0000 2546.9697   12.9242
    7.5000   37.5000   30.0000 2518.3345   13.1424
   -7.5000   45.0000   30.0000 2394.9165   14.1007
    0.0000   45.0000   30.0000 2409.6890   14.0680
    7.5000   45.0000   30.0000 2390.6189   14.2726
   -7.5000  -45.0000   37.5000 2446.8228   14.7647
    0.0000  -45.0000   37.5000 2444.9392   14.7596
    7.5000  -45.0000   37.5000 2422.7615   15.3046
   -7.5000  -37.5000   37.5000 2513.5137   13.5895
    0.0000  -37.5000   37.5000 2516.5461   13.5577
    7.5000  -37.5000   37.5000 2490.9526   14.0180
   -7.5000  -30.0000   37.5000 2579.5227   12.6681
    0.0000  -30.0000   37.5000 2587.5505   12.6234
    7.5000  -30.0000   37.5000 2562.2734   13.0385
   -7.5000  -22.5000   37.5000 2640.6335   11.9978
    0.0000  -22.5000   37.5000 2656.7837   11.9401
    7.5000  -22.5000   37.5000 2630.8850   12.3063
   -7.5000  -15.0000   37.5000 2699.1313   11.5707
    0.0000  -15.0000   37.5000 2720.9714   11.5183
    7.5000  -15.0000   37.5000 2689.7246   11.8060
   -7.5000   -7.5000   37.5000 2749.7488   11.3256
    0.0000   -7.5000   37.5000 2771.7664   11.2587
    7.5000   -7.5000   37.5000 2736.7886   11.5232
   -7.5000    0.0000   37.5000 2773.8579   11.2720
    0.0000    0.0000   37.5000 2791.7019   11.2053
    7.5000    0.0000   37.5000 2760.7122   11.4597
   -7.5000    7.5000   37.5000 2763.4578   11.4063
    0.0000    7.5000   37.5000 2779.6467   11.3498
    7.5000    7.5000   37.5000 2751.7439   11.5997
   -7.5000   15.0000   37.5000 2719.1414   11.6729
    0.0000   15.0000   37.5000 2735.5386   11.6145
    7.5000   15.0000   37.5000 2712.8386   11.8543
   -7.5000   22.5000   37.5000 2661.4639   12.0794
    0.0000   22.5000   37.5000 2679.1782   12.0377
    7.5000   22.5000   37.5000 2646.0608   12.2551
   -7.5000   30.0000   37.5000 2575.6057   12.6577
    0.0000   30.0000   37.5000 2596.7107   12.6352
    7.5000   30.0000   37.5000 2561.4519   12.8604
   -7.5000   37.5000   37.5000 2468.7505   13.5097
    0.0000   37.5000   37.5000 2489.0894   13.4777
    7.5000   37.5000   37.5000 2461.3086   13.7028
   -7.5000   45.0000   37.5000 2342.2856   14.6431
    0.0000   45.0000   37.5000 2358.4924   14.6123
    7.5000   45.0000   37.5000 2342.1455   14.8130
   -7.5000  -45.0000   45.0000 2389.2463   15.5320
    0.0000  -45.0000   45.0000 2391.3079   15.5171
    7.5000  -45.0000   45.0000 2366.6514   16.0216
   -7.5000  -37.5000   45.0000 2458.9280   14.2703
    0.0000  -37.5000   45.0000 2464.8118   14.2303
    7.5000  -37.5000   45.0000 2437.7007   14.6801
   -7.5000  -30.0000   45.0000 2526.0952   13.3538
    0.0000  -30.0000   45.0000 2536.2471   13.3049
    7.5000  -30.0000   45.0000 2506.1543   13.6949
   -7.5000  -22.5000   45.0000 2585.0085   12.6835
    0.0000  -22.5000   45.0000 2603.3218   12.6225
    7.5000  -22.5000   45.0000 2569.7751   12.9551
   -7.5000  -15.0000   45.0000 2632.5466   12.2301
    0.0000  -15.0000   45.0000 2654.9822   12.1721
    7.5000  -15.0000   45.0000 2619.7698   12.4564
   -7.5000   -7.5000   45.0000 2672.7126   12.0116
    0.0000   -7.5000   45.0000 2693.4453   11.9366
    7.5000   -7.5000   45.0000 2656.7988   12.1947
   -7.5000    0.0000   45.0000 2679.6699   11.9841
    0.0000    0.0000   45.0000 2699.3755   11.9255
    7.5000    0.0000   45.0000 2670.1384   12.1632
   -7.5000    7.5000   45.0000 2662.8516   12.1651
    0.0000    7.5000   45.0000 2683.1584   12.0899
    7.5000    7.5000   45.0000 2657.3887   12.3335
   -7.5000   15.0000   45.0000 2622.4038   12.4460
    0.0000   15.0000   45.0000 2639.3340   12.3815
    7.5000   15.0000   45.0000 2620.3301   12.6023
   -7.5000   22.5000   45.0000 2564.5017   12.8461
    0.0000   22.5000   45.0000 2583.4250   12.8064
    7.5000   22.5000   45.0000 2559.7036   13.0131
   -7.5000   30.0000   45.0000 2492.0129   13.3997
    0.0000   30.0000   45.0000 2508.9768   13.3698
    7.5000   30.0000   45.0000 2482.7019   13.5967
   -7.5000   37.5000   45.0000 2399.4937   14.2418
    0.0000   37.5000   45.0000 2418.5134   14.1923
    7.5000   37.5000   45.0000 2393.1931   14.4035
   -7.5000   45.0000   45.0000 2282.2092   15.3335
    0.0000   45.0000   45.0000 2299.1836   15.2993
    7.5000   45.0000   45.0000 2276.7571   15.4986

---------------------------------------------------------------------
imgreg_4dfp /opt/freesurfer/average/711-2C_as_mni_average_305 /opt/freesurfer/average/711-2B_as_mni_average_305_mask talsrcimg_g11 none talsrcimg_to_711-2C_as_mni_average_305_t4 1283
---------------------------------------------------------------------

freesurfer imgreg_4dfp.c
/opt/freesurfer/average/711-2C_as_mni_average_305.4dfp.img
       256       256       256         1
  1.000000  1.000000  1.000000
orientation T byte_order littleendian
Reading image: /opt/freesurfer/average/711-2C_as_mni_average_305.4dfp.img
dimensions:      256       256       256
mmppix:       1.0000   -1.0000   -1.0000
center:     128.0000 -129.0000 -129.0000
/opt/freesurfer/average/711-2B_as_mni_average_305_mask.4dfp.img
       256       256       256         1
  1.000000  1.000000  1.000000
orientation T byte_order littleendian
Reading mask: /opt/freesurfer/average/711-2B_as_mni_average_305_mask.4dfp.img (2306576 pixels)
talsrcimg_g11.4dfp.img
       256       256       256         1
  1.000000  1.000000  1.000000
orientation T byte_order littleendian
Reading image: talsrcimg_g11.4dfp.img
dimensions:      256       256       256
mmppix:       1.0000   -1.0000   -1.0000
center:     128.0000 -129.0000 -129.0000
rotation matrix determinant  1.000000
fimgreg.f
image alignment mode   1283 decimal      503 hex
parameters
    0.0000    7.5000    7.5000    0.0000    0.0000    0.0000
eta,q 0.93811  9.97582
niter,ni,del,rscale     5    3   12.0000    1.2000
parameter  2  0.634674 ->  0.500000 qaram    1.1500
parameter  4  3.103663 ->  0.500000 qaram    1.1500
parameters
   -1.8015    4.0500    9.4203   -3.4500   -2.6733   -2.1666
eta,q 0.94517  9.91363
  0.0668  0.0632  0.0722  0.0554  0.0569  0.0573
  0.0641  0.0606  0.0665  0.0569  0.0558  0.0553
  0.0636  0.0608  0.0620  0.0583  0.0562  0.0549
  0.0643  0.0634  0.0604  0.0609  0.0572  0.0558
  0.0661  0.0662  0.0609  0.0636  0.0572  0.0577
  0.0694  0.0686  0.0621  0.0659  0.0571  0.0598
  0.0754  0.0706  0.0623  0.0685  0.0592  0.0623
niter,ni,del,rscale     6    3   12.0000    1.2000
parameter  4  1.519818 ->  0.500000 qaram    1.3225
parameters
   -1.4224    5.8245   10.6531   -7.4175   -3.1950   -1.8193
eta,q 0.94911  9.88928
  0.0663  0.0697  0.0606  0.0493  0.0546  0.0551
  0.0611  0.0632  0.0564  0.0505  0.0523  0.0531
  0.0568  0.0580  0.0543  0.0525  0.0510  0.0516
  0.0548  0.0549  0.0542  0.0544  0.0510  0.0509
  0.0565  0.0543  0.0544  0.0573  0.0522  0.0513
  0.0593  0.0559  0.0544  0.0608  0.0537  0.0527
  0.0638  0.0600  0.0563  0.0649  0.0554  0.0542
niter,ni,del,rscale     6    3   12.0000    1.2000
parameter  4  1.019782 ->  0.500000 qaram    1.5209
parameters
   -1.2320    7.4723    9.1387  -11.9801   -2.3872   -2.4121
eta,q 0.95306  9.84435
  0.0606  0.0631  0.0523  0.0454  0.0527  0.0500
  0.0565  0.0569  0.0498  0.0464  0.0500  0.0481
  0.0531  0.0532  0.0491  0.0473  0.0478  0.0471
  0.0509  0.0508  0.0495  0.0491  0.0467  0.0469
  0.0516  0.0494  0.0509  0.0525  0.0474  0.0475
  0.0547  0.0509  0.0537  0.0567  0.0487  0.0493
  0.0604  0.0554  0.0579  0.0607  0.0500  0.0514
niter,ni,del,rscale     6    3   12.0000    1.2000
parameter  4  0.586355 ->  0.500000 qaram    1.7490
parameters
   -1.9666    9.1058    8.7245  -17.2272   -2.0394   -2.7999
eta,q 0.95681  9.89353
  0.0543  0.0581  0.0521  0.0449  0.0514  0.0484
  0.0501  0.0519  0.0479  0.0431  0.0483  0.0458
  0.0473  0.0479  0.0463  0.0450  0.0454  0.0437
  0.0469  0.0468  0.0469  0.0467  0.0434  0.0432
  0.0489  0.0470  0.0480  0.0478  0.0441  0.0447
  0.0533  0.0480  0.0496  0.0512  0.0472  0.0471
  0.0590  0.0501  0.0530  0.0583  0.0500  0.0495
niter,ni,del,rscale     6    3   12.0000    1.2000
parameters
   -1.8339   10.8425    8.1019  -17.1431   -1.9634   -3.5665
eta,q 0.95648  9.89889
  0.0582  0.0589  0.0487  0.0535  0.0496  0.0472
  0.0521  0.0521  0.0453  0.0477  0.0470  0.0450
  0.0463  0.0460  0.0437  0.0430  0.0448  0.0438
  0.0432  0.0432  0.0436  0.0435  0.0436  0.0436
  0.0458  0.0439  0.0446  0.0460  0.0445  0.0447
  0.0514  0.0454  0.0470  0.0475  0.0469  0.0469
  0.0570  0.0483  0.0515  0.0522  0.0493  0.0492
niter,ni,del,rscale     5    3   12.0000    1.2000
parameters
   -1.8846   10.7649    8.1071  -17.0530   -1.7086   -3.6709
eta,q 0.95649  9.89746
  0.0564  0.0533  0.0501  0.0533  0.0501  0.0482
  0.0504  0.0471  0.0460  0.0476  0.0473  0.0457
  0.0455  0.0432  0.0439  0.0429  0.0449  0.0441
  0.0435  0.0435  0.0435  0.0435  0.0435  0.0435
  0.0464  0.0446  0.0442  0.0455  0.0443  0.0442
  0.0510  0.0471  0.0460  0.0472  0.0468  0.0460
  0.0563  0.0536  0.0500  0.0522  0.0492  0.0484
niter,ni,del,rscale     4    3   12.0000    1.2000
parameters
   -1.9520   10.7266    8.0928  -17.0212   -1.5971   -3.6798
eta,q 0.95651  9.89553
  0.0564  0.0534  0.0502  0.0532  0.0499  0.0483
  0.0504  0.0472  0.0461  0.0474  0.0471  0.0458
  0.0454  0.0433  0.0438  0.0427  0.0447  0.0441
  0.0435  0.0435  0.0435  0.0435  0.0435  0.0435
  0.0464  0.0445  0.0444  0.0455  0.0445  0.0441
  0.0511  0.0469  0.0462  0.0471  0.0470  0.0459
  0.0565  0.0536  0.0501  0.0523  0.0494  0.0483
niter,ni,del,rscale     3    3   12.0000    1.2000
parameters
   -1.9865   10.7119    8.0865  -17.0087   -1.5540   -3.6771
eta,q 0.95653  9.89466
  0.0566  0.0535  0.0503  0.0532  0.0498  0.0483
  0.0505  0.0473  0.0462  0.0473  0.0470  0.0458
  0.0455  0.0433  0.0438  0.0426  0.0446  0.0441
  0.0435  0.0435  0.0435  0.0435  0.0435  0.0435
  0.0464  0.0445  0.0444  0.0454  0.0445  0.0441
  0.0510  0.0469  0.0463  0.0471  0.0471  0.0459
  0.0564  0.0535  0.0501  0.0523  0.0496  0.0482
registration optimization eta report
parameter search radius
    6.0000    6.9000    6.0000   10.4940    6.0000    6.0000
100000*second partial in parameter space
       34.       22.       19.        9.       17.       13.
  0.0566  0.0535  0.0503  0.0532  0.0498  0.0483
  0.0505  0.0473  0.0462  0.0473  0.0470  0.0458
  0.0455  0.0433  0.0438  0.0426  0.0446  0.0441
  0.0435  0.0435  0.0435  0.0435  0.0435  0.0435
  0.0464  0.0445  0.0444  0.0454  0.0445  0.0441
  0.0510  0.0469  0.0463  0.0471  0.0471  0.0459
  0.0564  0.0535  0.0501  0.0523  0.0496  0.0482
   -1.9865   10.7119    8.0865  -17.0087   -1.5540   -3.6771
eta,q 0.95653  9.89466

---------------------------------------------------------------------
imgreg_4dfp /opt/freesurfer/average/711-2C_as_mni_average_305 /opt/freesurfer/average/711-2B_as_mni_average_305_mask talsrcimg_g11 none talsrcimg_to_711-2C_as_mni_average_305_t4 3335
---------------------------------------------------------------------

freesurfer imgreg_4dfp.c
/opt/freesurfer/average/711-2C_as_mni_average_305.4dfp.img
       256       256       256         1
  1.000000  1.000000  1.000000
orientation T byte_order littleendian
Reading image: /opt/freesurfer/average/711-2C_as_mni_average_305.4dfp.img
dimensions:      256       256       256
mmppix:       1.0000   -1.0000   -1.0000
center:     128.0000 -129.0000 -129.0000
/opt/freesurfer/average/711-2B_as_mni_average_305_mask.4dfp.img
       256       256       256         1
  1.000000  1.000000  1.000000
orientation T byte_order littleendian
Reading mask: /opt/freesurfer/average/711-2B_as_mni_average_305_mask.4dfp.img (2306576 pixels)
talsrcimg_g11.4dfp.img
       256       256       256         1
  1.000000  1.000000  1.000000
orientation T byte_order littleendian
Reading image: talsrcimg_g11.4dfp.img
dimensions:      256       256       256
mmppix:       1.0000   -1.0000   -1.0000
center:     128.0000 -129.0000 -129.0000
fimgreg.f
image alignment mode   3335 decimal      D07 hex
parameters
   -1.9865   10.7119    8.0865   -0.2426   -4.5200   -4.4091
    5.3411    4.4640   -6.4109   29.0252   -2.7120  -29.2410
eta,q 0.96001  9.87926
niter,ni,del,rscale     5    3    5.0000    1.2000
parameter  4  1.654476 ->  0.500000 qaram    1.1500
parameter  5  1.945843 ->  0.500000 qaram    1.1500
parameter  6  0.717590 ->  0.500000 qaram    1.1500
parameter 10  0.676873 ->  0.500000 qaram    1.1500
parameters
   -1.8379   10.9879    7.9187   -4.3826   -8.6600   -8.5491
    4.4312    5.0490   -2.9296   24.8852   -3.8546  -29.4990
eta,q 0.96944  9.37775
  0.0425  0.0421  0.0413  0.0343  0.0317  0.0318  0.0336  0.0369  0.0348  0.0308  0.0314  0.0318
  0.0412  0.0411  0.0405  0.0355  0.0331  0.0320  0.0326  0.0346  0.0336  0.0306  0.0309  0.0311
  0.0403  0.0404  0.0400  0.0375  0.0344  0.0324  0.0321  0.0329  0.0326  0.0308  0.0306  0.0307
  0.0400  0.0400  0.0399  0.0399  0.0359  0.0335  0.0321  0.0320  0.0320  0.0316  0.0306  0.0306
  0.0401  0.0400  0.0402  0.0428  0.0380  0.0356  0.0325  0.0322  0.0316  0.0329  0.0308  0.0308
  0.0408  0.0405  0.0408  0.0462  0.0405  0.0387  0.0333  0.0336  0.0317  0.0346  0.0314  0.0312
  0.0420  0.0413  0.0417  0.0502  0.0432  0.0425  0.0346  0.0356  0.0320  0.0368  0.0321  0.0319
niter,ni,del,rscale     7    3    5.0000    1.2000
parameter  5  1.607851 ->  0.500000 qaram    1.3225
parameters
   -1.7318   10.7201    7.4102   -8.4706  -13.4210  -10.9593
    3.8951    5.3749   -3.8065   24.1145   -3.5633  -30.1910
eta,q 0.97311  8.96445
  0.0340  0.0318  0.0313  0.0306  0.0264  0.0281  0.0291  0.0308  0.0284  0.0296  0.0276  0.0279
  0.0323  0.0310  0.0307  0.0297  0.0270  0.0273  0.0279  0.0289  0.0275  0.0279  0.0272  0.0273
  0.0311  0.0306  0.0305  0.0295  0.0282  0.0270  0.0271  0.0276  0.0270  0.0270  0.0270  0.0270
  0.0306  0.0305  0.0305  0.0304  0.0295  0.0273  0.0271  0.0270  0.0270  0.0270  0.0269  0.0269
  0.0308  0.0309  0.0309  0.0325  0.0308  0.0278  0.0276  0.0273  0.0274  0.0276  0.0269  0.0271
  0.0318  0.0315  0.0316  0.0353  0.0327  0.0290  0.0284  0.0284  0.0282  0.0289  0.0271  0.0276
  0.0335  0.0325  0.0326  0.0386  0.0350  0.0317  0.0297  0.0303  0.0292  0.0307  0.0275  0.0284
niter,ni,del,rscale     7    3    5.0000    1.2000
parameters
   -1.7057   10.3434    6.8212   -9.3791  -16.8545  -11.0976
    4.0452    5.3664   -4.0200   24.1348   -3.5603  -31.9624
eta,q 0.97398  8.81429
  0.0300  0.0284  0.0275  0.0288  0.0279  0.0282  0.0288  0.0295  0.0281  0.0296  0.0267  0.0267
  0.0283  0.0273  0.0270  0.0280  0.0267  0.0270  0.0274  0.0277  0.0270  0.0277  0.0263  0.0262
  0.0273  0.0269  0.0267  0.0273  0.0261  0.0262  0.0264  0.0265  0.0263  0.0265  0.0261  0.0260
  0.0269  0.0269  0.0268  0.0267  0.0268  0.0261  0.0261  0.0261  0.0261  0.0261  0.0261  0.0261
  0.0272  0.0274  0.0272  0.0270  0.0283  0.0265  0.0264  0.0265  0.0264  0.0266  0.0261  0.0264
  0.0283  0.0283  0.0279  0.0284  0.0298  0.0271  0.0273  0.0276  0.0272  0.0278  0.0263  0.0270
  0.0299  0.0296  0.0288  0.0306  0.0317  0.0283  0.0285  0.0296  0.0282  0.0294  0.0267  0.0279
niter,ni,del,rscale     6    3    5.0000    1.2000
parameters
   -1.6989   10.5959    6.5111   -9.1044  -17.0263  -11.1256
    4.1033    5.3539   -4.0724   24.6344   -3.7854  -32.7821
eta,q 0.97409  8.83402
  0.0290  0.0291  0.0270  0.0283  0.0293  0.0282  0.0286  0.0294  0.0280  0.0299  0.0265  0.0269
  0.0274  0.0275  0.0264  0.0275  0.0279  0.0270  0.0271  0.0276  0.0269  0.0278  0.0262  0.0263
  0.0264  0.0265  0.0260  0.0267  0.0265  0.0262  0.0262  0.0264  0.0261  0.0264  0.0260  0.0260
  0.0260  0.0260  0.0260  0.0260  0.0259  0.0259  0.0259  0.0259  0.0259  0.0259  0.0259  0.0259
  0.0263  0.0262  0.0263  0.0258  0.0266  0.0263  0.0263  0.0263  0.0262  0.0263  0.0260  0.0262
  0.0273  0.0268  0.0268  0.0267  0.0281  0.0268  0.0272  0.0275  0.0270  0.0274  0.0262  0.0267
  0.0289  0.0280  0.0276  0.0286  0.0295  0.0283  0.0284  0.0295  0.0280  0.0289  0.0266  0.0274
niter,ni,del,rscale     5    3    5.0000    1.2000
parameters
   -1.7082   10.6744    6.3692   -9.1129  -17.1282  -11.1641
    4.1029    5.3698   -4.0672   24.8496   -3.8995  -33.1002
eta,q 0.97409  8.83532
  0.0289  0.0286  0.0271  0.0282  0.0294  0.0282  0.0285  0.0295  0.0280  0.0296  0.0265  0.0271
  0.0272  0.0271  0.0264  0.0274  0.0279  0.0270  0.0271  0.0276  0.0269  0.0276  0.0262  0.0264
  0.0263  0.0262  0.0260  0.0266  0.0265  0.0262  0.0261  0.0263  0.0261  0.0263  0.0260  0.0260
  0.0259  0.0259  0.0259  0.0259  0.0259  0.0259  0.0259  0.0259  0.0259  0.0259  0.0259  0.0259
  0.0263  0.0262  0.0261  0.0258  0.0266  0.0262  0.0263  0.0263  0.0262  0.0264  0.0260  0.0261
  0.0273  0.0270  0.0266  0.0269  0.0281  0.0268  0.0272  0.0275  0.0269  0.0275  0.0262  0.0266
  0.0289  0.0282  0.0274  0.0289  0.0294  0.0284  0.0284  0.0295  0.0280  0.0291  0.0266  0.0272
niter,ni,del,rscale     4    3    5.0000    1.2000
parameters
   -1.7093   10.7099    6.3076   -9.1153  -17.1773  -11.1862
    4.0951    5.3818   -4.0589   24.9363   -3.9593  -33.2271
eta,q 0.97408  8.83523
  0.0289  0.0285  0.0272  0.0283  0.0294  0.0282  0.0285  0.0295  0.0280  0.0295  0.0266  0.0271
  0.0273  0.0271  0.0265  0.0274  0.0279  0.0270  0.0271  0.0276  0.0269  0.0275  0.0262  0.0264
  0.0263  0.0262  0.0260  0.0266  0.0265  0.0262  0.0261  0.0264  0.0261  0.0262  0.0260  0.0260
  0.0259  0.0259  0.0259  0.0259  0.0259  0.0259  0.0259  0.0259  0.0259  0.0259  0.0259  0.0259
  0.0263  0.0262  0.0261  0.0258  0.0266  0.0262  0.0263  0.0263  0.0262  0.0265  0.0260  0.0261
  0.0273  0.0270  0.0266  0.0269  0.0280  0.0268  0.0272  0.0275  0.0269  0.0276  0.0262  0.0265
  0.0289  0.0282  0.0273  0.0289  0.0294  0.0284  0.0284  0.0295  0.0280  0.0291  0.0266  0.0272
niter,ni,del,rscale     3    3    5.0000    1.2000
parameters
   -1.7107   10.7263    6.2853   -9.1147  -17.1950  -11.1947
    4.0917    5.3867   -4.0552   24.9757   -3.9710  -33.2730
eta,q 0.97408  8.83537
  0.0289  0.0284  0.0272  0.0283  0.0294  0.0282  0.0285  0.0295  0.0280  0.0295  0.0266  0.0272
  0.0273  0.0270  0.0265  0.0274  0.0279  0.0270  0.0271  0.0276  0.0269  0.0275  0.0262  0.0264
  0.0263  0.0262  0.0260  0.0266  0.0266  0.0262  0.0262  0.0264  0.0261  0.0262  0.0260  0.0260
  0.0259  0.0259  0.0259  0.0259  0.0259  0.0259  0.0259  0.0259  0.0259  0.0259  0.0259  0.0259
  0.0263  0.0262  0.0261  0.0258  0.0266  0.0262  0.0263  0.0263  0.0262  0.0265  0.0260  0.0261
  0.0273  0.0271  0.0266  0.0269  0.0280  0.0268  0.0272  0.0275  0.0269  0.0276  0.0262  0.0265
  0.0289  0.0283  0.0273  0.0289  0.0294  0.0284  0.0284  0.0295  0.0280  0.0292  0.0266  0.0272
registration optimization eta report
parameter search radius
    2.4000    2.4000    2.4000    8.2800    9.5220    8.2800
    7.2000    7.2000    7.2000    8.2800    7.2000    7.2000
100000*second partial in parameter space
       52.       42.       23.        4.        4.        3.
        5.        7.        4.        5.        1.        2.
  0.0289  0.0284  0.0272  0.0283  0.0294  0.0282  0.0285  0.0295  0.0280  0.0295  0.0266  0.0272
  0.0273  0.0270  0.0265  0.0274  0.0279  0.0270  0.0271  0.0276  0.0269  0.0275  0.0262  0.0264
  0.0263  0.0262  0.0260  0.0266  0.0266  0.0262  0.0262  0.0264  0.0261  0.0262  0.0260  0.0260
  0.0259  0.0259  0.0259  0.0259  0.0259  0.0259  0.0259  0.0259  0.0259  0.0259  0.0259  0.0259
  0.0263  0.0262  0.0261  0.0258  0.0266  0.0262  0.0263  0.0263  0.0262  0.0265  0.0260  0.0261
  0.0273  0.0271  0.0266  0.0269  0.0280  0.0268  0.0272  0.0275  0.0269  0.0276  0.0262  0.0265
  0.0289  0.0283  0.0273  0.0289  0.0294  0.0284  0.0284  0.0295  0.0280  0.0292  0.0266  0.0272
   -1.7107   10.7263    6.2853   -9.1147  -17.1950  -11.1947
    4.0917    5.3867   -4.0552   24.9757   -3.9710  -33.2730
eta,q 0.97408  8.83537

---------------------------------------------------------------------
imgreg_4dfp /opt/freesurfer/average/711-2C_as_mni_average_305 /opt/freesurfer/average/711-2B_as_mni_average_305_mask talsrcimg_g11 none talsrcimg_to_711-2C_as_mni_average_305_t4 2311
---------------------------------------------------------------------

freesurfer imgreg_4dfp.c
/opt/freesurfer/average/711-2C_as_mni_average_305.4dfp.img
       256       256       256         1
  1.000000  1.000000  1.000000
orientation T byte_order littleendian
Reading image: /opt/freesurfer/average/711-2C_as_mni_average_305.4dfp.img
dimensions:      256       256       256
mmppix:       1.0000   -1.0000   -1.0000
center:     128.0000 -129.0000 -129.0000
/opt/freesurfer/average/711-2B_as_mni_average_305_mask.4dfp.img
       256       256       256         1
  1.000000  1.000000  1.000000
orientation T byte_order littleendian
Reading mask: /opt/freesurfer/average/711-2B_as_mni_average_305_mask.4dfp.img (2306576 pixels)
talsrcimg_g11.4dfp.img
       256       256       256         1
  1.000000  1.000000  1.000000
orientation T byte_order littleendian
Reading image: talsrcimg_g11.4dfp.img
dimensions:      256       256       256
mmppix:       1.0000   -1.0000   -1.0000
center:     128.0000 -129.0000 -129.0000
fimgreg.f
image alignment mode   2311 decimal      907 hex
parameters
   -1.7107   10.7263    6.2853   -9.1147  -17.1950  -11.1947
    4.0917    5.3867   -4.0552   24.9757   -3.9710  -33.2730
eta,q 0.97408  8.83537
niter,ni,del,rscale     5    3    5.0000    0.8000
parameters
   -1.7113   10.6984    6.2529   -7.8922  -17.3357  -11.0599
    3.8964    5.4887   -4.0940   24.6332   -4.0233  -33.3087
eta,q 0.97425  8.87298
  0.0273  0.0270  0.0265  0.0272  0.0271  0.0267  0.0270  0.0276  0.0268  0.0269  0.0261  0.0263
  0.0265  0.0264  0.0262  0.0268  0.0264  0.0262  0.0263  0.0267  0.0262  0.0262  0.0259  0.0260
  0.0261  0.0260  0.0260  0.0263  0.0259  0.0259  0.0258  0.0260  0.0259  0.0258  0.0258  0.0258
  0.0259  0.0259  0.0259  0.0259  0.0258  0.0258  0.0258  0.0258  0.0258  0.0258  0.0257  0.0257
  0.0261  0.0261  0.0260  0.0258  0.0260  0.0259  0.0260  0.0259  0.0259  0.0260  0.0258  0.0258
  0.0265  0.0265  0.0262  0.0259  0.0265  0.0262  0.0265  0.0265  0.0262  0.0265  0.0259  0.0260
  0.0273  0.0271  0.0265  0.0265  0.0272  0.0265  0.0271  0.0275  0.0268  0.0271  0.0261  0.0263
niter,ni,del,rscale     4    3    5.0000    0.7000
parameters
   -1.7237   10.6391    6.2844   -7.8280  -17.3087  -11.0585
    3.8615    5.4907   -4.0968   24.5282   -4.0566  -33.2481
eta,q 0.97426  8.87418
  0.0268  0.0266  0.0263  0.0267  0.0269  0.0264  0.0268  0.0271  0.0265  0.0267  0.0260  0.0262
  0.0262  0.0261  0.0260  0.0263  0.0263  0.0261  0.0262  0.0264  0.0261  0.0261  0.0259  0.0259
  0.0259  0.0258  0.0258  0.0259  0.0259  0.0258  0.0258  0.0259  0.0258  0.0258  0.0258  0.0258
  0.0257  0.0257  0.0257  0.0257  0.0257  0.0257  0.0257  0.0257  0.0257  0.0257  0.0257  0.0257
  0.0259  0.0259  0.0258  0.0258  0.0259  0.0259  0.0259  0.0259  0.0258  0.0259  0.0258  0.0258
  0.0263  0.0262  0.0260  0.0261  0.0263  0.0261  0.0262  0.0264  0.0261  0.0263  0.0259  0.0259
  0.0269  0.0267  0.0262  0.0268  0.0269  0.0264  0.0267  0.0272  0.0265  0.0268  0.0260  0.0262
niter,ni,del,rscale     3    3    5.0000    0.6000
parameters
   -1.7247   10.6142    6.2918   -7.7202  -17.2813  -11.1298
    3.8083    5.4933   -4.0920   24.4431   -4.0780  -33.1789
eta,q 0.97428  8.87384
  0.0266  0.0264  0.0261  0.0265  0.0266  0.0263  0.0265  0.0268  0.0263  0.0265  0.0260  0.0261
  0.0261  0.0260  0.0259  0.0261  0.0262  0.0260  0.0260  0.0262  0.0260  0.0260  0.0258  0.0259
  0.0258  0.0258  0.0258  0.0259  0.0258  0.0258  0.0258  0.0258  0.0258  0.0258  0.0257  0.0258
  0.0257  0.0257  0.0257  0.0257  0.0257  0.0257  0.0257  0.0257  0.0257  0.0257  0.0257  0.0257
  0.0258  0.0258  0.0258  0.0258  0.0258  0.0258  0.0258  0.0258  0.0258  0.0258  0.0258  0.0258
  0.0261  0.0261  0.0259  0.0260  0.0261  0.0260  0.0261  0.0262  0.0260  0.0261  0.0258  0.0259
  0.0266  0.0264  0.0261  0.0265  0.0266  0.0263  0.0265  0.0268  0.0263  0.0265  0.0260  0.0260
niter,ni,del,rscale     2    3    5.0000    0.5000
parameters
   -1.7225   10.5924    6.2807   -7.6267  -17.2526  -11.2248
    3.7632    5.4962   -4.0963   24.3654   -4.1066  -33.1329
eta,q 0.97428  8.87246
  0.0263  0.0262  0.0260  0.0263  0.0264  0.0261  0.0263  0.0265  0.0261  0.0262  0.0259  0.0260
  0.0260  0.0259  0.0258  0.0260  0.0260  0.0259  0.0259  0.0261  0.0259  0.0259  0.0258  0.0258
  0.0258  0.0258  0.0258  0.0258  0.0258  0.0258  0.0258  0.0258  0.0258  0.0258  0.0257  0.0257
  0.0257  0.0257  0.0257  0.0257  0.0257  0.0257  0.0257  0.0257  0.0257  0.0257  0.0257  0.0257
  0.0258  0.0258  0.0258  0.0257  0.0258  0.0258  0.0258  0.0258  0.0258  0.0258  0.0257  0.0257
  0.0260  0.0259  0.0258  0.0259  0.0260  0.0259  0.0260  0.0260  0.0259  0.0260  0.0258  0.0258
  0.0263  0.0262  0.0260  0.0263  0.0263  0.0261  0.0263  0.0265  0.0261  0.0263  0.0259  0.0259
niter,ni,del,rscale     1    3    5.0000    0.4000
parameters
   -1.7224   10.5711    6.2635   -7.5472  -17.2160  -11.2919
    3.7146    5.4827   -4.0974   24.3043   -4.1201  -33.0990
eta,q 0.97429  8.87240
  0.0261  0.0260  0.0259  0.0261  0.0261  0.0260  0.0261  0.0262  0.0260  0.0261  0.0258  0.0259
  0.0259  0.0258  0.0258  0.0259  0.0259  0.0258  0.0259  0.0259  0.0258  0.0258  0.0258  0.0258
  0.0258  0.0257  0.0257  0.0258  0.0258  0.0257  0.0257  0.0258  0.0257  0.0257  0.0257  0.0257
  0.0257  0.0257  0.0257  0.0257  0.0257  0.0257  0.0257  0.0257  0.0257  0.0257  0.0257  0.0257
  0.0258  0.0258  0.0257  0.0257  0.0258  0.0258  0.0258  0.0258  0.0257  0.0258  0.0257  0.0257
  0.0259  0.0259  0.0258  0.0259  0.0259  0.0259  0.0259  0.0259  0.0258  0.0259  0.0258  0.0258
  0.0261  0.0260  0.0259  0.0261  0.0261  0.0260  0.0261  0.0262  0.0260  0.0261  0.0258  0.0259
registration optimization eta report
parameter search radius
    0.8000    0.8000    0.8000    2.4000    2.4000    2.4000
    2.4000    2.4000    2.4000    2.4000    2.4000    2.4000
100000*second partial in parameter space
       58.       46.       27.        6.        7.        5.
        6.        8.        5.        6.        2.        3.
  0.0261  0.0260  0.0259  0.0261  0.0261  0.0260  0.0261  0.0262  0.0260  0.0261  0.0258  0.0259
  0.0259  0.0258  0.0258  0.0259  0.0259  0.0258  0.0259  0.0259  0.0258  0.0258  0.0258  0.0258
  0.0258  0.0257  0.0257  0.0258  0.0258  0.0257  0.0257  0.0258  0.0257  0.0257  0.0257  0.0257
  0.0257  0.0257  0.0257  0.0257  0.0257  0.0257  0.0257  0.0257  0.0257  0.0257  0.0257  0.0257
  0.0258  0.0258  0.0257  0.0257  0.0258  0.0258  0.0258  0.0258  0.0257  0.0258  0.0257  0.0257
  0.0259  0.0259  0.0258  0.0259  0.0259  0.0259  0.0259  0.0259  0.0258  0.0259  0.0258  0.0258
  0.0261  0.0260  0.0259  0.0261  0.0261  0.0260  0.0261  0.0262  0.0260  0.0261  0.0258  0.0259
   -1.7224   10.5711    6.2635   -7.5472  -17.2160  -11.2919
    3.7146    5.4827   -4.0974   24.3043   -4.1201  -33.0990
eta,q 0.97429  8.87240

---------------------------------------------------------------------
imgreg_4dfp /opt/freesurfer/average/711-2C_as_mni_average_305 /opt/freesurfer/average/711-2B_as_mni_average_305_mask talsrcimg_g11 none talsrcimg_to_711-2C_as_mni_average_305_t4 2311
---------------------------------------------------------------------

freesurfer imgreg_4dfp.c
/opt/freesurfer/average/711-2C_as_mni_average_305.4dfp.img
       256       256       256         1
  1.000000  1.000000  1.000000
orientation T byte_order littleendian
Reading image: /opt/freesurfer/average/711-2C_as_mni_average_305.4dfp.img
dimensions:      256       256       256
mmppix:       1.0000   -1.0000   -1.0000
center:     128.0000 -129.0000 -129.0000
/opt/freesurfer/average/711-2B_as_mni_average_305_mask.4dfp.img
       256       256       256         1
  1.000000  1.000000  1.000000
orientation T byte_order littleendian
Reading mask: /opt/freesurfer/average/711-2B_as_mni_average_305_mask.4dfp.img (2306576 pixels)
talsrcimg_g11.4dfp.img
       256       256       256         1
  1.000000  1.000000  1.000000
orientation T byte_order littleendian
Reading image: talsrcimg_g11.4dfp.img
dimensions:      256       256       256
mmppix:       1.0000   -1.0000   -1.0000
center:     128.0000 -129.0000 -129.0000
fimgreg.f
image alignment mode   2311 decimal      907 hex
parameters
   -1.7224   10.5711    6.2635   -7.5472  -17.2160  -11.2919
    3.7146    5.4827   -4.0974   24.3043   -4.1201  -33.0990
eta,q 0.97429  8.87240
niter,ni,del,rscale     5    3    5.0000    0.8000
parameters
   -1.7217   10.5766    6.2734   -7.9296  -17.2067  -11.0999
    3.9077    5.4718   -4.0809   24.4710   -4.0233  -33.1597
eta,q 0.97426  8.87143
  0.0272  0.0269  0.0264  0.0268  0.0271  0.0267  0.0272  0.0275  0.0268  0.0272  0.0261  0.0263
  0.0264  0.0262  0.0260  0.0263  0.0264  0.0262  0.0264  0.0266  0.0262  0.0264  0.0259  0.0260
  0.0259  0.0258  0.0258  0.0259  0.0259  0.0259  0.0259  0.0260  0.0258  0.0259  0.0258  0.0258
  0.0257  0.0257  0.0257  0.0257  0.0257  0.0257  0.0257  0.0257  0.0257  0.0257  0.0257  0.0257
  0.0259  0.0259  0.0258  0.0259  0.0259  0.0259  0.0259  0.0259  0.0259  0.0259  0.0258  0.0258
  0.0264  0.0262  0.0260  0.0264  0.0264  0.0262  0.0263  0.0266  0.0262  0.0263  0.0259  0.0260
  0.0272  0.0269  0.0264  0.0274  0.0271  0.0265  0.0269  0.0276  0.0268  0.0269  0.0261  0.0263
niter,ni,del,rscale     4    3    5.0000    0.7000
parameters
   -1.7274   10.6051    6.2935   -7.8379  -17.2517  -11.1026
    3.8663    5.4765   -4.0839   24.4691   -4.0430  -33.1678
eta,q 0.97427  8.87249
  0.0269  0.0267  0.0263  0.0267  0.0268  0.0264  0.0268  0.0271  0.0265  0.0268  0.0260  0.0262
  0.0262  0.0262  0.0260  0.0263  0.0263  0.0261  0.0261  0.0264  0.0261  0.0262  0.0259  0.0259
  0.0259  0.0258  0.0258  0.0259  0.0259  0.0258  0.0258  0.0259  0.0258  0.0258  0.0258  0.0258
  0.0257  0.0257  0.0257  0.0257  0.0257  0.0257  0.0257  0.0257  0.0257  0.0257  0.0257  0.0257
  0.0259  0.0258  0.0258  0.0258  0.0259  0.0259  0.0259  0.0259  0.0258  0.0259  0.0258  0.0258
  0.0262  0.0261  0.0260  0.0261  0.0263  0.0261  0.0262  0.0264  0.0261  0.0262  0.0259  0.0259
  0.0269  0.0266  0.0262  0.0268  0.0269  0.0264  0.0267  0.0271  0.0265  0.0267  0.0260  0.0262
niter,ni,del,rscale     3    3    5.0000    0.6000
parameters
   -1.7257   10.6028    6.2897   -7.7200  -17.2613  -11.1550
    3.8112    5.4860   -4.0924   24.4183   -4.0807  -33.1398
eta,q 0.97427  8.87278
  0.0266  0.0264  0.0261  0.0265  0.0266  0.0263  0.0265  0.0268  0.0263  0.0265  0.0259  0.0261
  0.0261  0.0260  0.0259  0.0261  0.0261  0.0260  0.0260  0.0262  0.0260  0.0260  0.0258  0.0259
  0.0258  0.0258  0.0258  0.0259  0.0258  0.0258  0.0258  0.0258  0.0258  0.0258  0.0257  0.0258
  0.0257  0.0257  0.0257  0.0257  0.0257  0.0257  0.0257  0.0257  0.0257  0.0257  0.0257  0.0257
  0.0258  0.0258  0.0258  0.0258  0.0258  0.0258  0.0258  0.0258  0.0258  0.0258  0.0257  0.0258
  0.0261  0.0260  0.0259  0.0260  0.0261  0.0260  0.0261  0.0262  0.0260  0.0261  0.0258  0.0259
  0.0266  0.0264  0.0261  0.0265  0.0266  0.0263  0.0265  0.0268  0.0263  0.0265  0.0259  0.0260
niter,ni,del,rscale     2    3    5.0000    0.5000
parameters
   -1.7226   10.5872    6.2807   -7.6267  -17.2429  -11.2321
    3.7586    5.4928   -4.0937   24.3606   -4.1170  -33.1229
eta,q 0.97428  8.87240
  0.0263  0.0262  0.0260  0.0263  0.0263  0.0261  0.0263  0.0265  0.0261  0.0262  0.0259  0.0259
  0.0260  0.0259  0.0258  0.0260  0.0260  0.0259  0.0259  0.0261  0.0259  0.0259  0.0258  0.0258
  0.0258  0.0258  0.0258  0.0258  0.0258  0.0258  0.0258  0.0258  0.0258  0.0258  0.0257  0.0257
  0.0257  0.0257  0.0257  0.0257  0.0257  0.0257  0.0257  0.0257  0.0257  0.0257  0.0257  0.0257
  0.0258  0.0258  0.0258  0.0257  0.0258  0.0258  0.0258  0.0258  0.0258  0.0258  0.0257  0.0257
  0.0260  0.0259  0.0258  0.0259  0.0260  0.0259  0.0260  0.0260  0.0259  0.0260  0.0258  0.0258
  0.0263  0.0262  0.0260  0.0263  0.0263  0.0261  0.0263  0.0265  0.0261  0.0263  0.0259  0.0259
niter,ni,del,rscale     1    3    5.0000    0.4000
parameters
   -1.7232   10.5728    6.2634   -7.5517  -17.2235  -11.2947
    3.7176    5.4805   -4.0971   24.3041   -4.1099  -33.1006
eta,q 0.97429  8.87180
  0.0261  0.0260  0.0259  0.0261  0.0261  0.0260  0.0261  0.0262  0.0260  0.0261  0.0258  0.0259
  0.0259  0.0258  0.0258  0.0259  0.0259  0.0258  0.0259  0.0259  0.0258  0.0258  0.0258  0.0258
  0.0258  0.0257  0.0257  0.0258  0.0258  0.0257  0.0257  0.0258  0.0257  0.0257  0.0257  0.0257
  0.0257  0.0257  0.0257  0.0257  0.0257  0.0257  0.0257  0.0257  0.0257  0.0257  0.0257  0.0257
  0.0258  0.0257  0.0257  0.0257  0.0258  0.0258  0.0258  0.0258  0.0257  0.0258  0.0257  0.0257
  0.0259  0.0259  0.0258  0.0259  0.0259  0.0259  0.0259  0.0259  0.0258  0.0259  0.0258  0.0258
  0.0261  0.0260  0.0259  0.0261  0.0261  0.0260  0.0261  0.0262  0.0260  0.0261  0.0258  0.0259
registration optimization eta report
parameter search radius
    0.8000    0.8000    0.8000    2.4000    2.4000    2.4000
    2.4000    2.4000    2.4000    2.4000    2.4000    2.4000
100000*second partial in parameter space
       58.       46.       26.        6.        7.        5.
        6.        8.        5.        6.        2.        3.
  0.0261  0.0260  0.0259  0.0261  0.0261  0.0260  0.0261  0.0262  0.0260  0.0261  0.0258  0.0259
  0.0259  0.0258  0.0258  0.0259  0.0259  0.0258  0.0259  0.0259  0.0258  0.0258  0.0258  0.0258
  0.0258  0.0257  0.0257  0.0258  0.0258  0.0257  0.0257  0.0258  0.0257  0.0257  0.0257  0.0257
  0.0257  0.0257  0.0257  0.0257  0.0257  0.0257  0.0257  0.0257  0.0257  0.0257  0.0257  0.0257
  0.0258  0.0257  0.0257  0.0257  0.0258  0.0258  0.0258  0.0258  0.0257  0.0258  0.0257  0.0257
  0.0259  0.0259  0.0258  0.0259  0.0259  0.0259  0.0259  0.0259  0.0258  0.0259  0.0258  0.0258
  0.0261  0.0260  0.0259  0.0261  0.0261  0.0260  0.0261  0.0262  0.0260  0.0261  0.0258  0.0259
   -1.7232   10.5728    6.2634   -7.5517  -17.2235  -11.2947
    3.7176    5.4805   -4.0971   24.3041   -4.1099  -33.1006
eta,q 0.97429  8.87180

---------------------------------------------------------------------
compute_vox2vox talsrcimg talsrcimg_to_711-2C_as_mni_average_305_t4 /opt/freesurfer/average/711-2C_as_mni_average_305
---------------------------------------------------------------------

freesurfer compute_vox2vox.c
Reading: talsrcimg.4dfp.ifh
Reading: talsrcimg_to_711-2C_as_mni_average_305_t4
Reading: /opt/freesurfer/average/711-2C_as_mni_average_305.4dfp.ifh
Writing: talsrcimg_to_711-2C_as_mni_average_305_t4_vox2vox.txt

start time Sun Mar 8 16:38:37 CET 2026
end		time Sun Mar 8 16:40:03 CET 2026

mpr2mni305 success

avi2talxfm orig_nu.mgz /opt/freesurfer/average/mni305.cor.mgz talsrcimg_to_711-2C_as_mni_average_305_t4_vox2vox.txt transforms/talairach.auto.xfm
avi2talxfm done
mv -f /out/sourcedata/freesurfer/sub-v1s13x0050043_ses-1/mri/talsrcimg_to_711-2C_as_mni_average_305_t4_vox2vox.txt /out/sourcedata/freesurfer/sub-v1s13x0050043_ses-1/mri/transforms/talsrcimg_to_711-2C_as_mni_average_305_t4_vox2vox.txt
lta_convert --src orig_nu.mgz --trg /opt/freesurfer/average/mni305.cor.mgz --inxfm transforms/talairach.auto.xfm --outlta transforms/talairach.auto.xfm.lta --subject fsaverage
7.3.2

--src: orig_nu.mgz src image (geometry).
--trg: /opt/freesurfer/average/mni305.cor.mgz trg image (geometry).
--inmni: transforms/talairach.auto.xfm input MNI/XFM transform.
--outlta: transforms/talairach.auto.xfm.lta output LTA.
--s: fsaverage subject name
 LTA read, type : 1
 1.07656  -0.04801  -0.06755   2.74864;
 0.06287   1.01321   0.40234   2.05711;
 0.03483  -0.29987   1.08660   17.98953;
 0.00000   0.00000   0.00000   1.00000;
setting subject to fsaverage
Writing  LTA to file transforms/talairach.auto.xfm.lta...
lta_convert successful.
 
 
Started at Sun Mar 8 16:38:37 CET 2026
Ended   at Sun Mar  8 16:40:03 CET 2026
talairach_avi done
