status file for recon-all
Sun Mar  8 16:39:44 CET 2026
#@# MotionCor Sun Mar  8 16:39:47 CET 2026
#@# Talairach Sun Mar  8 16:39:55 CET 2026
#@# Talairach Failure Detection Sun Mar  8 16:44:19 CET 2026
#@# Nu Intensity Correction Sun Mar  8 16:44:19 CET 2026
#@# Intensity Normalization Sun Mar  8 16:47:35 CET 2026
recon-all -s sub-v1s13x0050047_ses-1 finished without error at Sun Mar  8 16:49:02 CET 2026



#New# invocation of recon-all 



status file for recon-all
Sun Mar  8 16:56:01 CET 2026
#@# EM Registration Sun Mar  8 16:56:01 CET 2026
recon-all -s sub-v1s13x0050047_ses-1 finished without error at Sun Mar  8 16:57:21 CET 2026



#New# invocation of recon-all 



status file for recon-all
Sun Mar  8 16:57:25 CET 2026
#@# CA Normalize Sun Mar  8 16:57:25 CET 2026
#@# CA Reg Sun Mar  8 16:58:45 CET 2026
#@# SubCort Seg Sun Mar  8 17:38:19 CET 2026
#@# CC Seg Sun Mar  8 18:08:07 CET 2026
#@# Merge ASeg Sun Mar  8 18:08:39 CET 2026
#@# Intensity Normalization2 Sun Mar  8 18:08:39 CET 2026
#@# Mask BFS Sun Mar  8 18:10:48 CET 2026
#@# WM Segmentation Sun Mar  8 18:10:49 CET 2026
#@# Fill Sun Mar  8 18:12:47 CET 2026
recon-all -s sub-v1s13x0050047_ses-1 finished without error at Sun Mar  8 18:13:47 CET 2026



#New# invocation of recon-all 



status file for recon-all
Sun Mar  8 19:01:34 CET 2026
#@# white curv lh Sun Mar  8 19:01:34 CET 2026
#@# white area lh Sun Mar  8 19:01:34 CET 2026
#@# pial curv lh Sun Mar  8 19:01:34 CET 2026
#@# pial area lh Sun Mar  8 19:01:34 CET 2026
#@# thickness lh Sun Mar  8 19:01:34 CET 2026
#@# area and vertex vol lh Sun Mar  8 19:01:34 CET 2026
#@# white curv rh Sun Mar  8 19:01:34 CET 2026
#@# white area rh Sun Mar  8 19:01:34 CET 2026
#@# pial curv rh Sun Mar  8 19:01:34 CET 2026
#@# pial area rh Sun Mar  8 19:01:34 CET 2026
#@# thickness rh Sun Mar  8 19:01:34 CET 2026
#@# area and vertex vol rh Sun Mar  8 19:01:34 CET 2026
#@# Cortical ribbon mask Sun Mar  8 19:01:34 CET 2026
recon-all -s sub-v1s13x0050047_ses-1 finished without error at Sun Mar  8 19:05:45 CET 2026



#New# invocation of recon-all 



status file for recon-all
Sun Mar  8 19:12:06 CET 2026
#@# white curv lh Sun Mar  8 19:12:06 CET 2026
#@# white area lh Sun Mar  8 19:12:06 CET 2026
#@# pial curv lh Sun Mar  8 19:12:06 CET 2026
#@# pial area lh Sun Mar  8 19:12:06 CET 2026
#@# thickness lh Sun Mar  8 19:12:06 CET 2026
#@# area and vertex vol lh Sun Mar  8 19:12:06 CET 2026
#@# white curv rh Sun Mar  8 19:12:06 CET 2026
#@# white area rh Sun Mar  8 19:12:06 CET 2026
#@# pial curv rh Sun Mar  8 19:12:06 CET 2026
#@# pial area rh Sun Mar  8 19:12:06 CET 2026
#@# thickness rh Sun Mar  8 19:12:06 CET 2026
#@# area and vertex vol rh Sun Mar  8 19:12:06 CET 2026
#@# Curvature Stats lh Sun Mar  8 19:12:06 CET 2026
#@# Curvature Stats rh Sun Mar  8 19:12:08 CET 2026
#@# Relabel Hypointensities Sun Mar  8 19:12:11 CET 2026
#@# APas-to-ASeg Sun Mar  8 19:12:26 CET 2026
#@# AParc-to-ASeg aparc Sun Mar  8 19:12:33 CET 2026
#@# AParc-to-ASeg aparc.a2009s Sun Mar  8 19:13:15 CET 2026
#@# AParc-to-ASeg aparc.DKTatlas Sun Mar  8 19:13:57 CET 2026
#@# WMParc Sun Mar  8 19:14:42 CET 2026
#@# ASeg Stats Sun Mar  8 19:18:14 CET 2026
recon-all -s sub-v1s13x0050047_ses-1 finished without error at Sun Mar  8 19:18:46 CET 2026
