/out/sourcedata/freesurfer/sub-v1s13x0050002_ses-1/mri
/opt/freesurfer/bin/talairach_avi
--i orig_nu.mgz --xfm transforms/talairach.auto.xfm
talairach_avi 7.3.2
Linux dna084 5.14.0-427.37.1.el9_4.x86_64 #1 SMP PREEMPT_DYNAMIC Fri Sep 13 12:41:50 EDT 2024 x86_64 x86_64 x86_64 GNU/Linux
Thu Mar 12 11:15:07 CET 2026
mri_convert orig_nu.mgz talsrcimg.img 
reading from orig_nu.mgz...
TR=0.00, TE=0.00, TI=0.00, flip angle=0.00
i_ras = (-1, 0, 0)
j_ras = (0, 0, -1)
k_ras = (0, 1, 0)
writing to talsrcimg.img...
Analyze Output Matrix
-1.00000   0.00000   0.00000   132.43057;
 0.00000   0.00000   1.00000  -125.15984;
 0.00000  -1.00000   0.00000   120.40428;
 0.00000   0.00000   0.00000   1.00000;
--------------------
INFO: set hdr.hist.orient to -1
mpr2mni305 talsrcimg
Thu Mar 12 11:15:07 CET 2026
/opt/freesurfer/bin/mpr2mni305 talsrcimg
mpr2mni305 7.3.2
target=711-2C_as_mni_average_305

---------------------------------------------------------------------
analyzeto4dfp talsrcimg -O0 -y
---------------------------------------------------------------------

freesurfer ifh2hdr.c
Thu Mar 12 11:15:08 2026
Writing: talsrcimg.4dfp.hdr
freesurfer analyzeto4dfp.c
Reading: talsrcimg.hdr
header size 348 bytes
hdr.dime.datatype	offset=70	value=2
hdr.dime.bitpix		offset=72	value=8
hdr.hist.orient		offset=252	value=-1
dimensionality     4
dimensions       256       256       256         1
Reading: talsrcimg.img
Writing: talsrcimg.4dfp.img
Writing: talsrcimg.4dfp.ifh
ifh2hdr talsrcimg -r0to219
ori=2

---------------------------------------------------------------------
gauss_4dfp talsrcimg 1.1
---------------------------------------------------------------------

freesurfer gauss_4dfp.c
Reading: talsrcimg.4dfp.img
Writing: talsrcimg_g11.4dfp.img
image dimensions 256 256 256 padded to 288 288 288
processing volume 1freesurfer ifh2hdr.c
Thu Mar 12 11:15:09 2026
Writing: talsrcimg_g11.4dfp.hdr

Writing: talsrcimg_g11.4dfp.ifh
including: talsrcimg.4dfp.img.rec in talsrcimg_g11.4dfp.img.rec

---------------------------------------------------------------------
imgreg_4dfp /opt/freesurfer/average/711-2C_as_mni_average_305 none talsrcimg_g11 none talsrcimg_to_711-2C_as_mni_average_305_t4 4355
---------------------------------------------------------------------

freesurfer imgreg_4dfp.c
/opt/freesurfer/average/711-2C_as_mni_average_305.4dfp.img
       256       256       256         1
  1.000000  1.000000  1.000000
orientation T byte_order littleendian
Reading image: /opt/freesurfer/average/711-2C_as_mni_average_305.4dfp.img
dimensions:      256       256       256
mmppix:       1.0000   -1.0000   -1.0000
center:     128.0000 -129.0000 -129.0000
talsrcimg_g11.4dfp.img
       256       256       256         1
  1.000000  1.000000  1.000000
orientation T byte_order littleendian
Reading image: talsrcimg_g11.4dfp.img
dimensions:      256       256       256
mmppix:       1.0000   -1.0000   -1.0000
center:     128.0000 -129.0000 -129.0000
t4_read: open error in t4_sub.f l:  41 t4_file(1:l)talsrcimg_to_711-2C_as_mni_average_305_t4 
t4_read: transform initialized to I4
rotation matrix determinant  1.000000
image alignment mode   4355 decimal     1103 hex
   -7.5000  -45.0000  -45.0000 9464.4746   12.8797
    0.0000  -45.0000  -45.0000 9874.6768   12.8599
    7.5000  -45.0000  -45.0000 9452.4873   12.8745
   -7.5000  -37.5000  -45.0000 9930.4287   12.8111
    0.0000  -37.5000  -45.000010355.4414   12.7879
    7.5000  -37.5000  -45.0000 9912.8711   12.7980
   -7.5000  -30.0000  -45.000010709.8447   12.7471
    0.0000  -30.0000  -45.000011155.6025   12.7209
    7.5000  -30.0000  -45.000010663.5957   12.7245
   -7.5000  -22.5000  -45.000011406.5352   12.7027
    0.0000  -22.5000  -45.000011882.4648   12.6767
    7.5000  -22.5000  -45.000011336.4805   12.6777
   -7.5000  -15.0000  -45.000012006.7783   12.6629
    0.0000  -15.0000  -45.000012508.5771   12.6398
    7.5000  -15.0000  -45.000011938.3223   12.6445
   -7.5000   -7.5000  -45.000012552.8193   12.6163
    0.0000   -7.5000  -45.000013081.0088   12.5959
    7.5000   -7.5000  -45.000012461.1426   12.6075
   -7.5000    0.0000  -45.000012995.3662   12.5691
    0.0000    0.0000  -45.000013533.8984   12.5485
    7.5000    0.0000  -45.000012879.7090   12.5630
   -7.5000    7.5000  -45.000012432.6387   12.5876
    0.0000    7.5000  -45.000012942.7402   12.5640
    7.5000    7.5000  -45.000012321.7656   12.5743
   -7.5000   15.0000  -45.000011737.8252   12.6822
    0.0000   15.0000  -45.000012237.4443   12.6558
    7.5000   15.0000  -45.000011642.1104   12.6596
   -7.5000   22.5000  -45.000010982.4531   12.8241
    0.0000   22.5000  -45.000011442.8076   12.7979
    7.5000   22.5000  -45.000010899.3047   12.7993
   -7.5000   30.0000  -45.000010217.2910   12.8396
    0.0000   30.0000  -45.000010641.3232   12.8174
    7.5000   30.0000  -45.000010142.5039   12.8243
   -7.5000   37.5000  -45.0000 9821.5010   13.0194
    0.0000   37.5000  -45.000010232.7432   12.9998
    7.5000   37.5000  -45.0000 9744.7598   13.0135
   -7.5000   45.0000  -45.0000 9077.4131   12.9307
    0.0000   45.0000  -45.0000 9459.5898   12.9110
    7.5000   45.0000  -45.0000 9014.7451   12.9282
   -7.5000  -45.0000  -37.500010029.4971   12.8481
    0.0000  -45.0000  -37.500010458.8340   12.8254
    7.5000  -45.0000  -37.500010007.8877   12.8423
   -7.5000  -37.5000  -37.500010528.2607   12.7798
    0.0000  -37.5000  -37.500010969.3203   12.7542
    7.5000  -37.5000  -37.500010504.0654   12.7666
   -7.5000  -30.0000  -37.500011350.4424   12.7190
    0.0000  -30.0000  -37.500011791.0566   12.6913
    7.5000  -30.0000  -37.500011288.9639   12.6969
   -7.5000  -22.5000  -37.500012094.7939   12.6784
    0.0000  -22.5000  -37.500012564.4521   12.6509
    7.5000  -22.5000  -37.500011977.6963   12.6540
   -7.5000  -15.0000  -37.500012724.8311   12.6395
    0.0000  -15.0000  -37.500013228.4766   12.6143
    7.5000  -15.0000  -37.500012608.0791   12.6206
   -7.5000   -7.5000  -37.500013254.7061   12.5881
    0.0000   -7.5000  -37.500013796.5264   12.5651
    7.5000   -7.5000  -37.500013149.4590   12.5783
   -7.5000    0.0000  -37.500013690.0088   12.5359
    0.0000    0.0000  -37.500014257.7266   12.5124
    7.5000    0.0000  -37.500013576.1621   12.5289
   -7.5000    7.5000  -37.500013070.4355   12.5545
    0.0000    7.5000  -37.500013615.3350   12.5285
    7.5000    7.5000  -37.500012965.4082   12.5410
   -7.5000   15.0000  -37.500012343.2217   12.6522
    0.0000   15.0000  -37.500012872.6553   12.6241
    7.5000   15.0000  -37.500012266.5537   12.6299
   -7.5000   22.5000  -37.500011516.7988   12.7975
    0.0000   22.5000  -37.500012009.4326   12.7700
    7.5000   22.5000  -37.500011462.3330   12.7734
   -7.5000   30.0000  -37.500010686.4023   12.8147
    0.0000   30.0000  -37.500011133.9678   12.7906
    7.5000   30.0000  -37.500010650.0361   12.7987
   -7.5000   37.5000  -37.500010266.9092   12.9892
    0.0000   37.5000  -37.500010681.9609   12.9666
    7.5000   37.5000  -37.500010227.8809   12.9815
   -7.5000   45.0000  -37.5000 9453.0996   12.8956
    0.0000   45.0000  -37.5000 9839.1299   12.8732
    7.5000   45.0000  -37.5000 9404.3828   12.8924
   -7.5000  -45.0000  -30.000010786.7568   13.3461
    0.0000  -45.0000  -30.000011241.0293   13.3215
    7.5000  -45.0000  -30.000010767.5176   13.3384
   -7.5000  -37.5000  -30.000011327.8672   13.2760
    0.0000  -37.5000  -30.000011771.9756   13.2478
    7.5000  -37.5000  -30.000011302.8799   13.2598
   -7.5000  -30.0000  -30.000012206.6992   13.2127
    0.0000  -30.0000  -30.000012671.6885   13.1824
    7.5000  -30.0000  -30.000012156.8965   13.1883
   -7.5000  -22.5000  -30.000012996.3105   13.1678
    0.0000  -22.5000  -30.000013524.1816   13.1386
    7.5000  -22.5000  -30.000012911.3105   13.1427
   -7.5000  -15.0000  -30.000013674.9336   13.1236
    0.0000  -15.0000  -30.000014217.4219   13.0972
    7.5000  -15.0000  -30.000013595.0625   13.1045
   -7.5000   -7.5000  -30.000014215.5068   13.0671
    0.0000   -7.5000  -30.000014790.9277   13.0425
    7.5000   -7.5000  -30.000014143.3486   13.0562
   -7.5000    0.0000  -30.000014688.3643   13.0114
    0.0000    0.0000  -30.000015289.4443   12.9859
    7.5000    0.0000  -30.000014586.8047   13.0024
   -7.5000    7.5000  -30.000014017.3037   13.0335
    0.0000    7.5000  -30.000014590.3516   13.0049
    7.5000    7.5000  -30.000013925.1523   13.0170
   -7.5000   15.0000  -30.000013239.8438   13.1364
    0.0000   15.0000  -30.000013783.8740   13.1054
    7.5000   15.0000  -30.000013176.6553   13.1115
   -7.5000   22.5000  -30.000012352.1533   13.2851
    0.0000   22.5000  -30.000012834.2266   13.2559
    7.5000   22.5000  -30.000012288.0996   13.2602
   -7.5000   30.0000  -30.000011419.7422   13.3043
    0.0000   30.0000  -30.000011867.3828   13.2786
    7.5000   30.0000  -30.000011391.8809   13.2875
   -7.5000   37.5000  -30.000010939.4639   13.4821
    0.0000   37.5000  -30.000011374.3525   13.4575
    7.5000   37.5000  -30.000010919.0713   13.4725
   -7.5000   45.0000  -30.000010056.2031   13.3918
    0.0000   45.0000  -30.000010448.9268   13.3672
    7.5000   45.0000  -30.000010030.2490   13.3858
   -7.5000  -45.0000  -22.500011545.2539   13.7911
    0.0000  -45.0000  -22.500012008.7715   13.7680
    7.5000  -45.0000  -22.500011514.2842   13.7816
   -7.5000  -37.5000  -22.500012119.7256   13.7180
    0.0000  -37.5000  -22.500012587.0947   13.6902
    7.5000  -37.5000  -22.500012067.7930   13.6988
   -7.5000  -30.0000  -22.500013066.1953   13.6501
    0.0000  -30.0000  -22.500013559.7119   13.6199
    7.5000  -30.0000  -22.500012990.2979   13.6237
   -7.5000  -22.5000  -22.500013923.1016   13.5993
    0.0000  -22.5000  -22.500014456.6084   13.5711
    7.5000  -22.5000  -22.500013825.2861   13.5746
   -7.5000  -15.0000  -22.500014633.6797   13.5503
    0.0000  -15.0000  -22.500015205.5938   13.5258
    7.5000  -15.0000  -22.500014550.8213   13.5327
   -7.5000   -7.5000  -22.500015205.4521   13.4912
    0.0000   -7.5000  -22.500015807.4443   13.4686
    7.5000   -7.5000  -22.500015106.1855   13.4806
   -7.5000    0.0000  -22.500015705.5977   13.4342
    0.0000    0.0000  -22.500016320.1621   13.4099
    7.5000    0.0000  -22.500015590.7705   13.4233
   -7.5000    7.5000  -22.500014967.4238   13.4587
    0.0000    7.5000  -22.500015571.7080   13.4302
    7.5000    7.5000  -22.500014880.0557   13.4392
   -7.5000   15.0000  -22.500014151.9736   13.5637
    0.0000   15.0000  -22.500014712.4854   13.5326
    7.5000   15.0000  -22.500014075.2969   13.5369
   -7.5000   22.5000  -22.500013210.1738   13.7139
    0.0000   22.5000  -22.500013698.4434   13.6852
    7.5000   22.5000  -22.500013109.9873   13.6890
   -7.5000   30.0000  -22.500012185.0869   13.7346
    0.0000   30.0000  -22.500012636.0020   13.7103
    7.5000   30.0000  -22.500012112.4668   13.7190
   -7.5000   37.5000  -22.500011643.4531   13.9170
    0.0000   37.5000  -22.500012105.1953   13.8944
    7.5000   37.5000  -22.500011617.6934   13.9081
   -7.5000   45.0000  -22.500010686.2627   13.8320
    0.0000   45.0000  -22.500011093.8174   13.8083
    7.5000   45.0000  -22.500010647.8252   13.8234
   -7.5000  -45.0000  -15.000012245.3984   14.1142
    0.0000  -45.0000  -15.000012754.5889   14.0930
    7.5000  -45.0000  -15.000012241.1553   14.1046
   -7.5000  -37.5000  -15.000012868.3047   14.0364
    0.0000  -37.5000  -15.000013370.5293   14.0102
    7.5000  -37.5000  -15.000012804.8281   14.0168
   -7.5000  -30.0000  -15.000013898.8613   13.9621
    0.0000  -30.0000  -15.000014448.8711   13.9330
    7.5000  -30.0000  -15.000013798.4512   13.9355
   -7.5000  -22.5000  -15.000014831.1318   13.9057
    0.0000  -22.5000  -15.000015407.0508   13.8788
    7.5000  -22.5000  -15.000014702.9893   13.8817
   -7.5000  -15.0000  -15.000015619.5400   13.8544
    0.0000  -15.0000  -15.000016217.9287   13.8317
    7.5000  -15.0000  -15.000015460.1504   13.8383
   -7.5000   -7.5000  -15.000016206.2188   13.7968
    0.0000   -7.5000  -15.000016837.1758   13.7762
    7.5000   -7.5000  -15.000016034.7607   13.7871
   -7.5000    0.0000  -15.000016721.9414   13.7411
    0.0000    0.0000  -15.000017349.5977   13.7186
    7.5000    0.0000  -15.000016531.9863   13.7301
   -7.5000    7.5000  -15.000015923.8164   13.7653
    0.0000    7.5000  -15.000016538.2949   13.7383
    7.5000    7.5000  -15.000015765.5459   13.7453
   -7.5000   15.0000  -15.000015053.1260   13.8692
    0.0000   15.0000  -15.000015610.7773   13.8394
    7.5000   15.0000  -15.000014907.3379   13.8424
   -7.5000   22.5000  -15.000014019.8818   14.0188
    0.0000   22.5000  -15.000014523.8545   13.9912
    7.5000   22.5000  -15.000013866.2822   13.9944
   -7.5000   30.0000  -15.000012930.9248   14.0412
    0.0000   30.0000  -15.000013393.9756   14.0186
    7.5000   30.0000  -15.000012784.8271   14.0272
   -7.5000   37.5000  -15.000012358.5684   14.2299
    0.0000   37.5000  -15.000012813.2158   14.2096
    7.5000   37.5000  -15.000012236.1123   14.2229
   -7.5000   45.0000  -15.000011337.9033   14.1518
    0.0000   45.0000  -15.000011754.3223   14.1295
    7.5000   45.0000  -15.000011239.2529   14.1430
   -7.5000  -45.0000   -7.500012956.6631   14.2621
    0.0000  -45.0000   -7.500013523.7500   14.2413
    7.5000  -45.0000   -7.500012953.2461   14.2545
   -7.5000  -37.5000   -7.500013602.8057   14.1802
    0.0000  -37.5000   -7.500014184.4414   14.1548
    7.5000  -37.5000   -7.500013552.5693   14.1631
   -7.5000  -30.0000   -7.500014676.6895   14.1027
    0.0000  -30.0000   -7.500015331.1689   14.0742
    7.5000  -30.0000   -7.500014608.8643   14.0768
   -7.5000  -22.5000   -7.500015715.8584   14.0458
    0.0000  -22.5000   -7.500016398.6680   14.0184
    7.5000  -22.5000   -7.500015580.7119   14.0202
   -7.5000  -15.0000   -7.500016614.6016   13.9951
    0.0000  -15.0000   -7.500017317.7207   13.9716
    7.5000  -15.0000   -7.500016388.5176   13.9774
   -7.5000   -7.5000   -7.500017254.7227   13.9387
    0.0000   -7.5000   -7.500017956.5352   13.9177
    7.5000   -7.5000   -7.500016995.4902   13.9293
   -7.5000    0.0000   -7.500017754.2773   13.8831
    0.0000    0.0000   -7.500018432.6680   13.8609
    7.5000    0.0000   -7.500017456.0410   13.8740
   -7.5000    7.5000   -7.500016913.2910   13.9052
    0.0000    7.5000   -7.500017559.1797   13.8790
    7.5000    7.5000   -7.500016642.9531   13.8875
   -7.5000   15.0000   -7.500015998.9521   14.0086
    0.0000   15.0000   -7.500016575.0371   13.9795
    7.5000   15.0000   -7.500015715.2275   13.9825
   -7.5000   22.5000   -7.500014896.9229   14.1583
    0.0000   22.5000   -7.500015440.0137   14.1303
    7.5000   22.5000   -7.500014625.3916   14.1323
   -7.5000   30.0000   -7.500013726.5840   14.1825
    0.0000   30.0000   -7.500014234.6641   14.1593
    7.5000   30.0000   -7.500013468.7725   14.1676
   -7.5000   37.5000   -7.500013130.4844   14.3746
    0.0000   37.5000   -7.500013617.6299   14.3542
    7.5000   37.5000   -7.500012901.9170   14.3684
   -7.5000   45.0000   -7.500012025.0098   14.2999
    0.0000   45.0000   -7.500012489.5293   14.2781
    7.5000   45.0000   -7.500011837.8076   14.2937
   -7.5000  -45.0000    0.000013544.3838   14.2658
    0.0000  -45.0000    0.000014182.5322   14.2432
    7.5000  -45.0000    0.000013560.4658   14.2596
   -7.5000  -37.5000    0.000014228.7227   14.1820
    0.0000  -37.5000    0.000014859.8232   14.1557
    7.5000  -37.5000    0.000014171.8936   14.1671
   -7.5000  -30.0000    0.000015391.0596   14.1053
    0.0000  -30.0000    0.000016066.7734   14.0758
    7.5000  -30.0000    0.000015291.2002   14.0803
   -7.5000  -22.5000    0.000016511.1738   14.0513
    0.0000  -22.5000    0.000017268.2969   14.0221
    7.5000  -22.5000    0.000016343.7520   14.0238
   -7.5000  -15.0000    0.000017533.7734   14.0020
    0.0000  -15.0000    0.000018384.7441   13.9759
    7.5000  -15.0000    0.000017283.3203   13.9815
   -7.5000   -7.5000    0.000018319.7500   13.9442
    0.0000   -7.5000    0.000019264.1738   13.9208
    7.5000   -7.5000    0.000017980.8340   13.9338
   -7.5000    0.0000    0.000018869.1562   13.8861
    0.0000    0.0000    0.000019792.5762   13.8623
    7.5000    0.0000    0.000018455.4062   13.8782
   -7.5000    7.5000    0.000017948.4023   13.9064
    0.0000    7.5000    0.000018746.3848   13.8793
    7.5000    7.5000    0.000017492.1113   13.8909
   -7.5000   15.0000    0.000016940.7031   14.0114
    0.0000   15.0000    0.000017652.8203   13.9815
    7.5000   15.0000    0.000016451.1992   13.9861
   -7.5000   22.5000    0.000015721.6357   14.1642
    0.0000   22.5000    0.000016381.8623   14.1347
    7.5000   22.5000    0.000015304.9971   14.1366
   -7.5000   30.0000    0.000014438.2061   14.1907
    0.0000   30.0000    0.000015012.7246   14.1655
    7.5000   30.0000    0.000014081.0986   14.1735
   -7.5000   37.5000    0.000013790.3857   14.3820
    0.0000   37.5000    0.000014318.4004   14.3594
    7.5000   37.5000    0.000013492.8633   14.3746
   -7.5000   45.0000    0.000012619.4824   14.3065
    0.0000   45.0000    0.000013102.3047   14.2835
    7.5000   45.0000    0.000012368.6924   14.3025
   -7.5000  -45.0000    7.500013151.0859   14.2946
    0.0000  -45.0000    7.500013785.4375   14.2691
    7.5000  -45.0000    7.500013115.2588   14.2882
   -7.5000  -37.5000    7.500013814.9727   14.2135
    0.0000  -37.5000    7.500014481.9414   14.1847
    7.5000  -37.5000    7.500013730.5088   14.1989
   -7.5000  -30.0000    7.500014947.1006   14.1409
    0.0000  -30.0000    7.500015679.6357   14.1097
    7.5000  -30.0000    7.500014816.7705   14.1163
   -7.5000  -22.5000    7.500015983.8867   14.0906
    0.0000  -22.5000    7.500016824.4336   14.0595
    7.5000  -22.5000    7.500015825.9600   14.0633
   -7.5000  -15.0000    7.500016984.9688   14.0423
    0.0000  -15.0000    7.500017986.0820   14.0138
    7.5000  -15.0000    7.500016744.1699   14.0211
   -7.5000   -7.5000    7.500017921.5801   13.9813
    0.0000   -7.5000    7.500019031.6211   13.9551
    7.5000   -7.5000    7.500017544.5312   13.9699
   -7.5000    0.0000    7.500018535.8398   13.9204
    0.0000    0.0000    7.500019651.6113   13.8938
    7.5000    0.0000    7.500018017.0723   13.9122
   -7.5000    7.5000    7.500017556.7207   13.9419
    0.0000    7.5000    7.500018484.9434   13.9125
    7.5000    7.5000    7.500017036.4082   13.9265
   -7.5000   15.0000    7.500016417.5000   14.0504
    0.0000   15.0000    7.500017192.6074   14.0186
    7.5000   15.0000    7.500015948.9668   14.0253
   -7.5000   22.5000    7.500015198.7832   14.2064
    0.0000   22.5000    7.500015864.5078   14.1753
    7.5000   22.5000    7.500014813.8281   14.1793
   -7.5000   30.0000    7.500013947.6992   14.2343
    0.0000   30.0000    7.500014498.5215   14.2069
    7.5000   30.0000    7.500013615.0625   14.2162
   -7.5000   37.5000    7.500013346.6855   14.4238
    0.0000   37.5000    7.500013841.4258   14.3981
    7.5000   37.5000    7.500013060.6855   14.4147
   -7.5000   45.0000    7.500012216.2461   14.3459
    0.0000   45.0000    7.500012666.2422   14.3204
    7.5000   45.0000    7.500011976.1982   14.3419
   -7.5000  -45.0000   15.000012574.9570   14.3467
    0.0000  -45.0000   15.000013239.6680   14.3203
    7.5000  -45.0000   15.000012507.8545   14.3386
   -7.5000  -37.5000   15.000013233.8447   14.2689
    0.0000  -37.5000   15.000013948.1221   14.2385
    7.5000  -37.5000   15.000013133.7715   14.2516
   -7.5000  -30.0000   15.000014330.5703   14.2001
    0.0000  -30.0000   15.000015118.4707   14.1674
    7.5000  -30.0000   15.000014181.7725   14.1738
   -7.5000  -22.5000   15.000015317.0557   14.1513
    0.0000  -22.5000   15.000016141.2959   14.1198
    7.5000  -22.5000   15.000015140.2871   14.1242
   -7.5000  -15.0000   15.000016257.7598   14.1031
    0.0000  -15.0000   15.000017114.5195   14.0745
    7.5000  -15.0000   15.000015997.0342   14.0824
   -7.5000   -7.5000   15.000017168.4922   14.0398
    0.0000   -7.5000   15.000018037.9863   14.0131
    7.5000   -7.5000   15.000016724.6387   14.0279
   -7.5000    0.0000   15.000017695.1074   13.9776
    0.0000    0.0000   15.000018561.9961   13.9500
    7.5000    0.0000   15.000017174.6230   13.9677
   -7.5000    7.5000   15.000016663.1055   14.0013
    0.0000    7.5000   15.000017421.1055   13.9702
    7.5000    7.5000   15.000016242.8486   13.9832
   -7.5000   15.0000   15.000015552.9980   14.1115
    0.0000   15.0000   15.000016224.7422   14.0781
    7.5000   15.0000   15.000015210.4404   14.0845
   -7.5000   22.5000   15.000014450.7920   14.2675
    0.0000   22.5000   15.000015036.1631   14.2359
    7.5000   22.5000   15.000014120.6992   14.2405
   -7.5000   30.0000   15.000013304.6055   14.2941
    0.0000   30.0000   15.000013795.1758   14.2663
    7.5000   30.0000   15.000012980.3662   14.2758
   -7.5000   37.5000   15.000012703.5371   14.4812
    0.0000   37.5000   15.000013181.2373   14.4544
    7.5000   37.5000   15.000012410.4316   14.4705
   -7.5000   45.0000   15.000011620.2803   14.4004
    0.0000   45.0000   15.000012055.3691   14.3736
    7.5000   45.0000   15.000011387.4785   14.3935
   -7.5000  -45.0000   22.500011906.7734   14.4228
    0.0000  -45.0000   22.500012514.4326   14.3988
    7.5000  -45.0000   22.500011819.1348   14.4131
   -7.5000  -37.5000   22.500012512.5254   14.3457
    0.0000  -37.5000   22.500013158.3896   14.3168
    7.5000  -37.5000   22.500012403.1152   14.3259
   -7.5000  -30.0000   22.500013549.3555   14.2775
    0.0000  -30.0000   22.500014261.5078   14.2461
    7.5000  -30.0000   22.500013387.8584   14.2501
   -7.5000  -22.5000   22.500014481.0762   14.2280
    0.0000  -22.5000   22.500015212.5811   14.1987
    7.5000  -22.5000   22.500014306.4541   14.2023
   -7.5000  -15.0000   22.500015347.4961   14.1805
    0.0000  -15.0000   22.500016089.2363   14.1551
    7.5000  -15.0000   22.500015106.7734   14.1623
   -7.5000   -7.5000   22.500016131.4375   14.1190
    0.0000   -7.5000   22.500016895.6328   14.0956
    7.5000   -7.5000   22.500015777.6523   14.1081
   -7.5000    0.0000   22.500016546.1348   14.0582
    0.0000    0.0000   22.500017322.6270   14.0330
    7.5000    0.0000   22.500016206.4951   14.0470
   -7.5000    7.5000   22.500015579.6396   14.0819
    0.0000    7.5000   22.500016291.3008   14.0523
    7.5000    7.5000   22.500015336.0391   14.0615
   -7.5000   15.0000   22.500014607.6328   14.1896
    0.0000   15.0000   22.500015211.4932   14.1573
    7.5000   15.0000   22.500014364.8516   14.1615
   -7.5000   22.5000   22.500013611.2012   14.3426
    0.0000   22.5000   22.500014144.9189   14.3128
    7.5000   22.5000   22.500013348.8457   14.3167
   -7.5000   30.0000   22.500012524.0273   14.3666
    0.0000   30.0000   22.500012973.6426   14.3414
    7.5000   30.0000   22.500012253.2402   14.3503
   -7.5000   37.5000   22.500011937.1816   14.5542
    0.0000   37.5000   22.500012369.4785   14.5307
    7.5000   37.5000   22.500011670.7061   14.5449
   -7.5000   45.0000   22.500010920.3457   14.4732
    0.0000   45.0000   22.500011327.6084   14.4484
    7.5000   45.0000   22.500010695.2412   14.4640
   -7.5000  -45.0000   30.000011130.6045   14.6119
    0.0000  -45.0000   30.000011650.6689   14.5904
    7.5000  -45.0000   30.000011023.4199   14.6027
   -7.5000  -37.5000   30.000011686.2891   14.5330
    0.0000  -37.5000   30.000012233.6152   14.5062
    7.5000  -37.5000   30.000011568.7764   14.5132
   -7.5000  -30.0000   30.000012642.6494   14.4622
    0.0000  -30.0000   30.000013254.0947   14.4326
    7.5000  -30.0000   30.000012504.6396   14.4351
   -7.5000  -22.5000   30.000013502.3057   14.4103
    0.0000  -22.5000   30.000014138.6953   14.3831
    7.5000  -22.5000   30.000013359.1836   14.3859
   -7.5000  -15.0000   30.000014299.0811   14.3634
    0.0000  -15.0000   30.000014956.9482   14.3406
    7.5000  -15.0000   30.000014107.4648   14.3475
   -7.5000   -7.5000   30.000015024.9043   14.3058
    0.0000   -7.5000   30.000015717.2207   14.2851
    7.5000   -7.5000   30.000014760.0127   14.2966
   -7.5000    0.0000   30.000015418.2998   14.2472
    0.0000    0.0000   30.000016119.7275   14.2244
    7.5000    0.0000   30.000015194.5186   14.2365
   -7.5000    7.5000   30.000014562.0410   14.2696
    0.0000    7.5000   30.000015179.0020   14.2422
    7.5000    7.5000   30.000014391.0840   14.2494
   -7.5000   15.0000   30.000013688.9854   14.3747
    0.0000   15.0000   30.000014241.7109   14.3443
    7.5000   15.0000   30.000013488.7383   14.3472
   -7.5000   22.5000   30.000012744.7100   14.5259
    0.0000   22.5000   30.000013239.3428   14.4979
    7.5000   22.5000   30.000012539.7295   14.5012
   -7.5000   30.0000   30.000011702.8066   14.5488
    0.0000   30.0000   30.000012149.1445   14.5259
    7.5000   30.0000   30.000011505.2324   14.5351
   -7.5000   37.5000   30.000011151.0859   14.7421
    0.0000   37.5000   30.000011569.0557   14.7215
    7.5000   37.5000   30.000010931.7295   14.7355
   -7.5000   45.0000   30.000010203.3418   14.6645
    0.0000   45.0000   30.000010596.5596   14.6417
    7.5000   45.0000   30.000010009.9336   14.6558
   -7.5000  -45.0000   37.500010712.1787   14.8557
    0.0000  -45.0000   37.500011172.8721   14.8344
    7.5000  -45.0000   37.500010612.1152   14.8478
   -7.5000  -37.5000   37.500011238.6670   14.7719
    0.0000  -37.5000   37.500011724.2471   14.7459
    7.5000  -37.5000   37.500011132.1260   14.7538
   -7.5000  -30.0000   37.500012131.5029   14.6990
    0.0000  -30.0000   37.500012657.0225   14.6697
    7.5000  -30.0000   37.500012014.5117   14.6715
   -7.5000  -22.5000   37.500012957.1045   14.6482
    0.0000  -22.5000   37.500013518.0928   14.6201
    7.5000  -22.5000   37.500012845.4062   14.6211
   -7.5000  -15.0000   37.500013753.0322   14.6039
    0.0000  -15.0000   37.500014341.3076   14.5799
    7.5000  -15.0000   37.500013605.5195   14.5855
   -7.5000   -7.5000   37.500014450.7900   14.5487
    0.0000   -7.5000   37.500015061.5205   14.5274
    7.5000   -7.5000   37.500014242.3789   14.5392
   -7.5000    0.0000   37.500014835.8643   14.4890
    0.0000    0.0000   37.500015444.3145   14.4664
    7.5000    0.0000   37.500014665.5850   14.4795
   -7.5000    7.5000   37.500014024.8750   14.5080
    0.0000    7.5000   37.500014599.2354   14.4812
    7.5000    7.5000   37.500013893.6035   14.4893
   -7.5000   15.0000   37.500013193.6426   14.6129
    0.0000   15.0000   37.500013707.2881   14.5830
    7.5000   15.0000   37.500013033.3281   14.5851
   -7.5000   22.5000   37.500012288.3164   14.7676
    0.0000   22.5000   37.500012744.3770   14.7388
    7.5000   22.5000   37.500012109.6348   14.7401
   -7.5000   30.0000   37.500011298.9502   14.7932
    0.0000   30.0000   37.500011735.6943   14.7694
    7.5000   30.0000   37.500011132.4902   14.7777
   -7.5000   37.5000   37.500010794.9287   14.9928
    0.0000   37.5000   37.500011193.1963   14.9719
    7.5000   37.5000   37.500010610.9307   14.9864
   -7.5000   45.0000   37.5000 9896.4395   14.9180
    0.0000   45.0000   37.500010275.9854   14.8954
    7.5000   45.0000   37.5000 9737.1426   14.9111
   -7.5000  -45.0000   45.0000 9831.7168   15.0716
    0.0000  -45.0000   45.000010224.4268   15.0483
    7.5000  -45.0000   45.0000 9765.2578   15.0643
   -7.5000  -37.5000   45.000010318.6455   14.9844
    0.0000  -37.5000   45.000010736.0254   14.9570
    7.5000  -37.5000   45.000010227.0098   14.9673
   -7.5000  -30.0000   45.000011124.4795   14.9151
    0.0000  -30.0000   45.000011583.3750   14.8846
    7.5000  -30.0000   45.000011032.4922   14.8869
   -7.5000  -22.5000   45.000011901.2969   14.8703
    0.0000  -22.5000   45.000012395.3955   14.8405
    7.5000  -22.5000   45.000011812.0488   14.8400
   -7.5000  -15.0000   45.000012640.8750   14.8281
    0.0000  -15.0000   45.000013159.4756   14.8020
    7.5000  -15.0000   45.000012507.4551   14.8062
   -7.5000   -7.5000   45.000013242.4492   14.7690
    0.0000   -7.5000   45.000013775.8008   14.7455
    7.5000   -7.5000   45.000013076.8730   14.7579
   -7.5000    0.0000   45.000013603.0078   14.7029
    0.0000    0.0000   45.000014133.9053   14.6785
    7.5000    0.0000   45.000013465.0059   14.6940
   -7.5000    7.5000   45.000012889.6328   14.7202
    0.0000    7.5000   45.000013394.5781   14.6921
    7.5000    7.5000   45.000012777.0381   14.7024
   -7.5000   15.0000   45.000012137.1260   14.8313
    0.0000   15.0000   45.000012591.0957   14.8003
    7.5000   15.0000   45.000011998.4863   14.8027
   -7.5000   22.5000   45.000011286.5752   14.9952
    0.0000   22.5000   45.000011712.8203   14.9650
    7.5000   22.5000   45.000011142.7559   14.9647
   -7.5000   30.0000   45.000010404.9824   15.0240
    0.0000   30.0000   45.000010795.9766   14.9987
    7.5000   30.0000   45.000010256.7949   15.0054
   -7.5000   37.5000   45.0000 9959.7236   15.2254
    0.0000   37.5000   45.000010325.1699   15.2025
    7.5000   37.5000   45.0000 9790.7363   15.2173
   -7.5000   45.0000   45.0000 9142.1406   15.1581
    0.0000   45.0000   45.0000 9488.8525   15.1341
    7.5000   45.0000   45.0000 9003.2217   15.1527

---------------------------------------------------------------------
imgreg_4dfp /opt/freesurfer/average/711-2C_as_mni_average_305 /opt/freesurfer/average/711-2B_as_mni_average_305_mask talsrcimg_g11 none talsrcimg_to_711-2C_as_mni_average_305_t4 4355
---------------------------------------------------------------------

freesurfer imgreg_4dfp.c
/opt/freesurfer/average/711-2C_as_mni_average_305.4dfp.img
       256       256       256         1
  1.000000  1.000000  1.000000
orientation T byte_order littleendian
Reading image: /opt/freesurfer/average/711-2C_as_mni_average_305.4dfp.img
dimensions:      256       256       256
mmppix:       1.0000   -1.0000   -1.0000
center:     128.0000 -129.0000 -129.0000
/opt/freesurfer/average/711-2B_as_mni_average_305_mask.4dfp.img
       256       256       256         1
  1.000000  1.000000  1.000000
orientation T byte_order littleendian
Reading mask: /opt/freesurfer/average/711-2B_as_mni_average_305_mask.4dfp.img (2306576 pixels)
talsrcimg_g11.4dfp.img
       256       256       256         1
  1.000000  1.000000  1.000000
orientation T byte_order littleendian
Reading image: talsrcimg_g11.4dfp.img
dimensions:      256       256       256
mmppix:       1.0000   -1.0000   -1.0000
center:     128.0000 -129.0000 -129.0000
rotation matrix determinant  1.000000
image alignment mode   4355 decimal     1103 hex
   -7.5000  -45.0000  -45.0000 2352.1897   16.5740
    0.0000  -45.0000  -45.0000 2362.0583   16.5573
    7.5000  -45.0000  -45.0000 2353.6179   16.5938
   -7.5000  -37.5000  -45.0000 2388.0112   15.7895
    0.0000  -37.5000  -45.0000 2402.0452   15.7396
    7.5000  -37.5000  -45.0000 2391.0869   15.8209
   -7.5000  -30.0000  -45.0000 2419.2168   15.1986
    0.0000  -30.0000  -45.0000 2433.0020   15.1191
    7.5000  -30.0000  -45.0000 2419.5010   15.2396
   -7.5000  -22.5000  -45.0000 2438.9045   14.7584
    0.0000  -22.5000  -45.0000 2455.8843   14.6712
    7.5000  -22.5000  -45.0000 2437.2249   14.7794
   -7.5000  -15.0000  -45.0000 2448.0464   14.4669
    0.0000  -15.0000  -45.0000 2465.2668   14.3783
    7.5000  -15.0000  -45.0000 2445.4983   14.4989
   -7.5000   -7.5000  -45.0000 2454.3835   14.3448
    0.0000   -7.5000  -45.0000 2468.5203   14.2420
    7.5000   -7.5000  -45.0000 2449.2249   14.3690
   -7.5000    0.0000  -45.0000 2440.6316   14.4603
    0.0000    0.0000  -45.0000 2453.7510   14.3634
    7.5000    0.0000  -45.0000 2436.2493   14.4950
   -7.5000    7.5000  -45.0000 2412.6982   14.8372
    0.0000    7.5000  -45.0000 2428.7197   14.7381
    7.5000    7.5000  -45.0000 2407.9812   14.9015
   -7.5000   15.0000  -45.0000 2365.0696   15.3999
    0.0000   15.0000  -45.0000 2379.7236   15.3568
    7.5000   15.0000  -45.0000 2356.9485   15.4932
   -7.5000   22.5000  -45.0000 2305.7910   16.2002
    0.0000   22.5000  -45.0000 2318.6423   16.1505
    7.5000   22.5000  -45.0000 2295.2559   16.3122
   -7.5000   30.0000  -45.0000 2230.9094   17.3342
    0.0000   30.0000  -45.0000 2240.8210   17.3097
    7.5000   30.0000  -45.0000 2222.5654   17.4717
   -7.5000   37.5000  -45.0000 2148.6514   18.9050
    0.0000   37.5000  -45.0000 2157.3276   18.8989
    7.5000   37.5000  -45.0000 2139.4036   19.0907
   -7.5000   45.0000  -45.0000 2059.6453   20.9859
    0.0000   45.0000  -45.0000 2064.1482   20.9716
    7.5000   45.0000  -45.0000 2049.7205   21.1925
   -7.5000  -45.0000  -37.5000 2431.9695   15.4880
    0.0000  -45.0000  -37.5000 2446.8965   15.3872
    7.5000  -45.0000  -37.5000 2434.9045   15.4843
   -7.5000  -37.5000  -37.5000 2473.5801   14.7830
    0.0000  -37.5000  -37.5000 2490.7549   14.6841
    7.5000  -37.5000  -37.5000 2477.4756   14.7681
   -7.5000  -30.0000  -37.5000 2505.7493   14.2050
    0.0000  -30.0000  -37.5000 2520.6714   14.0969
    7.5000  -30.0000  -37.5000 2506.9246   14.2119
   -7.5000  -22.5000  -37.5000 2526.4722   13.7880
    0.0000  -22.5000  -37.5000 2542.9692   13.6777
    7.5000  -22.5000  -37.5000 2523.7029   13.7996
   -7.5000  -15.0000  -37.5000 2536.9465   13.5218
    0.0000  -15.0000  -37.5000 2555.4346   13.3898
    7.5000  -15.0000  -37.5000 2534.1013   13.5497
   -7.5000   -7.5000  -37.5000 2543.1025   13.3741
    0.0000   -7.5000  -37.5000 2555.6392   13.2554
    7.5000   -7.5000  -37.5000 2535.9683   13.4139
   -7.5000    0.0000  -37.5000 2533.3892   13.4451
    0.0000    0.0000  -37.5000 2546.3594   13.3360
    7.5000    0.0000  -37.5000 2526.3374   13.5022
   -7.5000    7.5000  -37.5000 2505.7649   13.7451
    0.0000    7.5000  -37.5000 2520.0652   13.6596
    7.5000    7.5000  -37.5000 2500.2363   13.8274
   -7.5000   15.0000  -37.5000 2456.5205   14.2321
    0.0000   15.0000  -37.5000 2472.9141   14.1855
    7.5000   15.0000  -37.5000 2450.5942   14.3506
   -7.5000   22.5000  -37.5000 2390.4319   14.9449
    0.0000   22.5000  -37.5000 2406.9778   14.8851
    7.5000   22.5000  -37.5000 2384.7063   15.0771
   -7.5000   30.0000  -37.5000 2311.3813   15.9722
    0.0000   30.0000  -37.5000 2325.7957   15.9152
    7.5000   30.0000  -37.5000 2305.4346   16.0928
   -7.5000   37.5000  -37.5000 2226.8762   17.4270
    0.0000   37.5000  -37.5000 2237.6707   17.3825
    7.5000   37.5000  -37.5000 2222.2605   17.5724
   -7.5000   45.0000  -37.5000 2130.1670   19.3189
    0.0000   45.0000  -37.5000 2136.3269   19.2734
    7.5000   45.0000  -37.5000 2116.2412   19.4780
   -7.5000  -45.0000  -30.0000 2559.8176   14.9486
    0.0000  -45.0000  -30.0000 2579.5093   14.8209
    7.5000  -45.0000  -30.0000 2562.3538   14.9541
   -7.5000  -37.5000  -30.0000 2609.7065   14.2586
    0.0000  -37.5000  -30.0000 2624.2747   14.1266
    7.5000  -37.5000  -30.0000 2612.2341   14.2396
   -7.5000  -30.0000  -30.0000 2638.3218   13.7190
    0.0000  -30.0000  -30.0000 2655.2610   13.5895
    7.5000  -30.0000  -30.0000 2643.1016   13.7191
   -7.5000  -22.5000  -30.0000 2660.7729   13.3143
    0.0000  -22.5000  -30.0000 2680.2844   13.2047
    7.5000  -22.5000  -30.0000 2660.7664   13.3275
   -7.5000  -15.0000  -30.0000 2673.7280   13.0583
    0.0000  -15.0000  -30.0000 2690.8464   12.9289
    7.5000  -15.0000  -30.0000 2673.2947   13.0883
   -7.5000   -7.5000  -30.0000 2675.2192   12.9267
    0.0000   -7.5000  -30.0000 2688.4722   12.8297
    7.5000   -7.5000  -30.0000 2675.0417   12.9914
   -7.5000    0.0000  -30.0000 2668.6836   12.9955
    0.0000    0.0000  -30.0000 2687.6348   12.8921
    7.5000    0.0000  -30.0000 2666.2827   13.0634
   -7.5000    7.5000  -30.0000 2646.2883   13.2417
    0.0000    7.5000  -30.0000 2661.7024   13.1574
    7.5000    7.5000  -30.0000 2641.3765   13.3070
   -7.5000   15.0000  -30.0000 2600.2009   13.6594
    0.0000   15.0000  -30.0000 2616.2122   13.5806
    7.5000   15.0000  -30.0000 2592.3857   13.7590
   -7.5000   22.5000  -30.0000 2531.5208   14.3085
    0.0000   22.5000  -30.0000 2544.9165   14.2104
    7.5000   22.5000  -30.0000 2523.9871   14.4112
   -7.5000   30.0000  -30.0000 2445.2295   15.2727
    0.0000   30.0000  -30.0000 2456.7324   15.1715
    7.5000   30.0000  -30.0000 2437.7300   15.3710
   -7.5000   37.5000  -30.0000 2351.2991   16.6398
    0.0000   37.5000  -30.0000 2361.9155   16.5554
    7.5000   37.5000  -30.0000 2344.7366   16.7525
   -7.5000   45.0000  -30.0000 2245.8521   18.4225
    0.0000   45.0000  -30.0000 2250.0994   18.3446
    7.5000   45.0000  -30.0000 2236.1301   18.5369
   -7.5000  -45.0000  -22.5000 2662.8855   14.4411
    0.0000  -45.0000  -22.5000 2676.9285   14.2978
    7.5000  -45.0000  -22.5000 2665.7966   14.3972
   -7.5000  -37.5000  -22.5000 2706.3093   13.7184
    0.0000  -37.5000  -22.5000 2721.0837   13.5813
    7.5000  -37.5000  -22.5000 2711.8623   13.6814
   -7.5000  -30.0000  -22.5000 2737.9563   13.1668
    0.0000  -30.0000  -22.5000 2752.0972   13.0445
    7.5000  -30.0000  -22.5000 2742.2075   13.1353
   -7.5000  -22.5000  -22.5000 2759.4668   12.7890
    0.0000  -22.5000  -22.5000 2777.5085   12.6764
    7.5000  -22.5000  -22.5000 2761.0989   12.7571
   -7.5000  -15.0000  -22.5000 2776.0811   12.5114
    0.0000  -15.0000  -22.5000 2794.9944   12.3983
    7.5000  -15.0000  -22.5000 2778.4436   12.5166
   -7.5000   -7.5000  -22.5000 2782.3203   12.3883
    0.0000   -7.5000  -22.5000 2799.2617   12.2753
    7.5000   -7.5000  -22.5000 2784.7410   12.4251
   -7.5000    0.0000  -22.5000 2777.1304   12.4697
    0.0000    0.0000  -22.5000 2795.5398   12.3572
    7.5000    0.0000  -22.5000 2774.4204   12.5158
   -7.5000    7.5000  -22.5000 2757.4690   12.6950
    0.0000    7.5000  -22.5000 2773.0085   12.6075
    7.5000    7.5000  -22.5000 2750.4160   12.7435
   -7.5000   15.0000  -22.5000 2712.3450   13.0807
    0.0000   15.0000  -22.5000 2728.5203   12.9830
    7.5000   15.0000  -22.5000 2703.8625   13.1347
   -7.5000   22.5000  -22.5000 2645.4680   13.6598
    0.0000   22.5000  -22.5000 2656.5505   13.5567
    7.5000   22.5000  -22.5000 2636.3435   13.7302
   -7.5000   30.0000  -22.5000 2553.2170   14.5650
    0.0000   30.0000  -22.5000 2562.7925   14.4536
    7.5000   30.0000  -22.5000 2544.5310   14.6420
   -7.5000   37.5000  -22.5000 2449.3657   15.8560
    0.0000   37.5000  -22.5000 2459.8491   15.7693
    7.5000   37.5000  -22.5000 2444.8708   15.9562
   -7.5000   45.0000  -22.5000 2339.1704   17.5341
    0.0000   45.0000  -22.5000 2343.8330   17.4650
    7.5000   45.0000  -22.5000 2328.3364   17.6559
   -7.5000  -45.0000  -15.0000 2715.2986   13.9660
    0.0000  -45.0000  -15.0000 2734.2517   13.8010
    7.5000  -45.0000  -15.0000 2726.3101   13.9101
   -7.5000  -37.5000  -15.0000 2760.6055   13.2176
    0.0000  -37.5000  -15.0000 2775.2852   13.0707
    7.5000  -37.5000  -15.0000 2769.9189   13.1670
   -7.5000  -30.0000  -15.0000 2794.9902   12.6579
    0.0000  -30.0000  -15.0000 2810.9836   12.5224
    7.5000  -30.0000  -15.0000 2800.6375   12.6042
   -7.5000  -22.5000  -15.0000 2824.7427   12.2779
    0.0000  -22.5000  -15.0000 2840.1453   12.1378
    7.5000  -22.5000  -15.0000 2823.6453   12.2152
   -7.5000  -15.0000  -15.0000 2844.5842   12.0079
    0.0000  -15.0000  -15.0000 2861.4536   11.8661
    7.5000  -15.0000  -15.0000 2843.9924   11.9746
   -7.5000   -7.5000  -15.0000 2853.8374   11.8929
    0.0000   -7.5000  -15.0000 2872.7551   11.7557
    7.5000   -7.5000  -15.0000 2851.2390   11.8891
   -7.5000    0.0000  -15.0000 2860.0164   11.9378
    0.0000    0.0000  -15.0000 2875.2979   11.7885
    7.5000    0.0000  -15.0000 2850.5598   11.9506
   -7.5000    7.5000  -15.0000 2841.3865   12.1601
    0.0000    7.5000  -15.0000 2857.5789   12.0356
    7.5000    7.5000  -15.0000 2829.0935   12.1951
   -7.5000   15.0000  -15.0000 2795.6760   12.5461
    0.0000   15.0000  -15.0000 2810.5295   12.4186
    7.5000   15.0000  -15.0000 2783.7256   12.5807
   -7.5000   22.5000  -15.0000 2725.2688   13.1147
    0.0000   22.5000  -15.0000 2736.3821   13.0027
    7.5000   22.5000  -15.0000 2714.3027   13.1572
   -7.5000   30.0000  -15.0000 2631.1643   13.9447
    0.0000   30.0000  -15.0000 2645.0400   13.8348
    7.5000   30.0000  -15.0000 2620.8037   14.0156
   -7.5000   37.5000  -15.0000 2523.6758   15.1624
    0.0000   37.5000  -15.0000 2534.9204   15.0559
    7.5000   37.5000  -15.0000 2513.4355   15.2742
   -7.5000   45.0000  -15.0000 2407.5220   16.7631
    0.0000   45.0000  -15.0000 2414.4824   16.6681
    7.5000   45.0000  -15.0000 2396.2473   16.9040
   -7.5000  -45.0000   -7.5000 2743.8696   13.5698
    0.0000  -45.0000   -7.5000 2762.2888   13.4043
    7.5000  -45.0000   -7.5000 2752.6982   13.4889
   -7.5000  -37.5000   -7.5000 2789.8425   12.7963
    0.0000  -37.5000   -7.5000 2805.2817   12.6507
    7.5000  -37.5000   -7.5000 2797.2087   12.7371
   -7.5000  -30.0000   -7.5000 2821.2998   12.2196
    0.0000  -30.0000   -7.5000 2838.7126   12.0833
    7.5000  -30.0000   -7.5000 2831.6084   12.1714
   -7.5000  -22.5000   -7.5000 2853.0923   11.8358
    0.0000  -22.5000   -7.5000 2869.3538   11.6983
    7.5000  -22.5000   -7.5000 2859.1467   11.7680
   -7.5000  -15.0000   -7.5000 2883.3093   11.5941
    0.0000  -15.0000   -7.5000 2899.1177   11.4709
    7.5000  -15.0000   -7.5000 2880.5276   11.5307
   -7.5000   -7.5000   -7.5000 2894.7717   11.4816
    0.0000   -7.5000   -7.5000 2914.5862   11.3527
    7.5000   -7.5000   -7.5000 2893.3059   11.4335
   -7.5000    0.0000   -7.5000 2912.6851   11.4928
    0.0000    0.0000   -7.5000 2926.1880   11.3403
    7.5000    0.0000   -7.5000 2895.8088   11.4858
   -7.5000    7.5000   -7.5000 2902.1650   11.6847
    0.0000    7.5000   -7.5000 2913.1250   11.5576
    7.5000    7.5000   -7.5000 2883.1406   11.7118
   -7.5000   15.0000   -7.5000 2859.9656   12.0584
    0.0000   15.0000   -7.5000 2869.9021   11.9492
    7.5000   15.0000   -7.5000 2838.5195   12.0993
   -7.5000   22.5000   -7.5000 2785.5359   12.6489
    0.0000   22.5000   -7.5000 2798.6357   12.5482
    7.5000   22.5000   -7.5000 2768.1931   12.6764
   -7.5000   30.0000   -7.5000 2687.0479   13.4611
    0.0000   30.0000   -7.5000 2701.4851   13.3700
    7.5000   30.0000   -7.5000 2671.5273   13.5090
   -7.5000   37.5000   -7.5000 2577.4128   14.5990
    0.0000   37.5000   -7.5000 2589.3311   14.5245
    7.5000   37.5000   -7.5000 2565.4995   14.7184
   -7.5000   45.0000   -7.5000 2456.9041   16.1198
    0.0000   45.0000   -7.5000 2467.7595   16.0540
    7.5000   45.0000   -7.5000 2444.2080   16.2701
   -7.5000  -45.0000    0.0000 2743.7642   13.3019
    0.0000  -45.0000    0.0000 2763.1111   13.1572
    7.5000  -45.0000    0.0000 2753.2432   13.2438
   -7.5000  -37.5000    0.0000 2792.9204   12.5234
    0.0000  -37.5000    0.0000 2806.4922   12.3935
    7.5000  -37.5000    0.0000 2798.0486   12.4612
   -7.5000  -30.0000    0.0000 2829.9058   11.9563
    0.0000  -30.0000    0.0000 2841.1411   11.8410
    7.5000  -30.0000    0.0000 2837.7759   11.9010
   -7.5000  -22.5000    0.0000 2865.7319   11.5834
    0.0000  -22.5000    0.0000 2879.2961   11.4737
    7.5000  -22.5000    0.0000 2869.9446   11.5115
   -7.5000  -15.0000    0.0000 2901.8816   11.3870
    0.0000  -15.0000    0.0000 2914.0703   11.3155
    7.5000  -15.0000    0.0000 2897.9543   11.3144
   -7.5000   -7.5000    0.0000 2929.9951   11.2830
    0.0000   -7.5000    0.0000 2948.5520   11.2260
    7.5000   -7.5000    0.0000 2921.0093   11.2292
   -7.5000    0.0000    0.0000 2946.0396   11.2898
    0.0000    0.0000    0.0000 2959.8958   11.2461
    7.5000    0.0000    0.0000 2927.9180   11.2688
   -7.5000    7.5000    0.0000 2943.0815   11.4028
    0.0000    7.5000    0.0000 2951.8855   11.3755
    7.5000    7.5000    0.0000 2912.3662   11.4447
   -7.5000   15.0000    0.0000 2904.3115   11.7457
    0.0000   15.0000    0.0000 2912.1621   11.7058
    7.5000   15.0000    0.0000 2869.0474   11.7835
   -7.5000   22.5000    0.0000 2825.0125   12.3296
    0.0000   22.5000    0.0000 2837.2314   12.2784
    7.5000   22.5000    0.0000 2798.4141   12.3544
   -7.5000   30.0000    0.0000 2727.4128   13.1417
    0.0000   30.0000    0.0000 2733.7363   13.0732
    7.5000   30.0000    0.0000 2702.3755   13.1723
   -7.5000   37.5000    0.0000 2615.4814   14.2303
    0.0000   37.5000    0.0000 2621.4258   14.1993
    7.5000   37.5000    0.0000 2597.0337   14.3521
   -7.5000   45.0000    0.0000 2490.4797   15.7081
    0.0000   45.0000    0.0000 2496.5876   15.7043
    7.5000   45.0000    0.0000 2471.9216   15.8844
   -7.5000  -45.0000    7.5000 2730.6533   13.2859
    0.0000  -45.0000    7.5000 2745.6401   13.1278
    7.5000  -45.0000    7.5000 2738.8411   13.2225
   -7.5000  -37.5000    7.5000 2776.4973   12.4746
    0.0000  -37.5000    7.5000 2787.1438   12.3663
    7.5000  -37.5000    7.5000 2783.8381   12.4318
   -7.5000  -30.0000    7.5000 2814.7363   11.8875
    0.0000  -30.0000    7.5000 2826.9409   11.8221
    7.5000  -30.0000    7.5000 2821.3853   11.8424
   -7.5000  -22.5000    7.5000 2855.7815   11.4933
    0.0000  -22.5000    7.5000 2873.6448   11.4500
    7.5000  -22.5000    7.5000 2859.8960   11.4640
   -7.5000  -15.0000    7.5000 2903.3379   11.2863
    0.0000  -15.0000    7.5000 2920.1453   11.2738
    7.5000  -15.0000    7.5000 2896.2642   11.2571
   -7.5000   -7.5000    7.5000 2942.8596   11.2329
    0.0000   -7.5000    7.5000 2964.4402   11.2578
    7.5000   -7.5000    7.5000 2934.5205   11.1748
   -7.5000    0.0000    7.5000 2962.9324   11.2514
    0.0000    0.0000    7.5000 2984.3831   11.2867
    7.5000    0.0000    7.5000 2942.5112   11.2311
   -7.5000    7.5000    7.5000 2957.9216   11.3422
    0.0000    7.5000    7.5000 2968.0564   11.3543
    7.5000    7.5000    7.5000 2926.6067   11.3577
   -7.5000   15.0000    7.5000 2915.7476   11.6223
    0.0000   15.0000    7.5000 2923.1306   11.5896
    7.5000   15.0000    7.5000 2880.3662   11.6648
   -7.5000   22.5000    7.5000 2846.5010   12.1568
    0.0000   22.5000    7.5000 2850.6365   12.1061
    7.5000   22.5000    7.5000 2808.8914   12.2427
   -7.5000   30.0000    7.5000 2742.5769   12.9778
    0.0000   30.0000    7.5000 2745.1250   12.9013
    7.5000   30.0000    7.5000 2712.2139   13.0815
   -7.5000   37.5000    7.5000 2628.7034   14.0834
    0.0000   37.5000    7.5000 2632.1091   14.0166
    7.5000   37.5000    7.5000 2608.7898   14.2077
   -7.5000   45.0000    7.5000 2505.0452   15.5269
    0.0000   45.0000    7.5000 2511.1299   15.4706
    7.5000   45.0000    7.5000 2485.0144   15.6969
   -7.5000  -45.0000   15.0000 2696.2249   13.4817
    0.0000  -45.0000   15.0000 2706.5640   13.3996
    7.5000  -45.0000   15.0000 2702.9099   13.4388
   -7.5000  -37.5000   15.0000 2738.3604   12.6508
    0.0000  -37.5000   15.0000 2743.7908   12.6392
    7.5000  -37.5000   15.0000 2741.2842   12.6722
   -7.5000  -30.0000   15.0000 2780.6831   12.0363
    0.0000  -30.0000   15.0000 2789.1025   12.0323
    7.5000  -30.0000   15.0000 2781.1680   12.0384
   -7.5000  -22.5000   15.0000 2832.3118   11.5741
    0.0000  -22.5000   15.0000 2842.0730   11.5762
    7.5000  -22.5000   15.0000 2828.3870   11.5817
   -7.5000  -15.0000   15.0000 2886.6465   11.3118
    0.0000  -15.0000   15.0000 2901.0332   11.2957
    7.5000  -15.0000   15.0000 2879.9150   11.3222
   -7.5000   -7.5000   15.0000 2936.9211   11.2566
    0.0000   -7.5000   15.0000 2953.7959   11.2169
    7.5000   -7.5000   15.0000 2923.3848   11.2221
   -7.5000    0.0000   15.0000 2961.9148   11.2746
    0.0000    0.0000   15.0000 2978.4507   11.2217
    7.5000    0.0000   15.0000 2936.9885   11.2424
   -7.5000    7.5000   15.0000 2957.9465   11.3438
    0.0000    7.5000   15.0000 2965.4792   11.2810
    7.5000    7.5000   15.0000 2919.9175   11.3813
   -7.5000   15.0000   15.0000 2908.4768   11.6197
    0.0000   15.0000   15.0000 2912.4006   11.5746
    7.5000   15.0000   15.0000 2869.2158   11.7408
   -7.5000   22.5000   15.0000 2839.9514   12.1873
    0.0000   22.5000   15.0000 2838.6692   12.1404
    7.5000   22.5000   15.0000 2797.0867   12.3372
   -7.5000   30.0000   15.0000 2734.9187   13.0904
    0.0000   30.0000   15.0000 2731.2927   13.0195
    7.5000   30.0000   15.0000 2702.7976   13.2220
   -7.5000   37.5000   15.0000 2617.8804   14.1904
    0.0000   37.5000   15.0000 2619.6885   14.1130
    7.5000   37.5000   15.0000 2598.4319   14.2898
   -7.5000   45.0000   15.0000 2496.3423   15.5697
    0.0000   45.0000   15.0000 2499.2051   15.4942
    7.5000   45.0000   15.0000 2479.2412   15.6892
   -7.5000  -45.0000   22.5000 2659.5710   13.8633
    0.0000  -45.0000   22.5000 2668.1211   13.8216
    7.5000  -45.0000   22.5000 2660.7466   13.8878
   -7.5000  -37.5000   22.5000 2697.8042   12.9908
    0.0000  -37.5000   22.5000 2705.9785   12.9718
    7.5000  -37.5000   22.5000 2700.2041   13.0483
   -7.5000  -30.0000   22.5000 2743.5417   12.2944
    0.0000  -30.0000   22.5000 2752.2163   12.2744
    7.5000  -30.0000   22.5000 2738.6860   12.3363
   -7.5000  -22.5000   22.5000 2797.3435   11.7878
    0.0000  -22.5000   22.5000 2808.3975   11.7651
    7.5000  -22.5000   22.5000 2791.4092   11.8380
   -7.5000  -15.0000   22.5000 2859.6038   11.4726
    0.0000  -15.0000   22.5000 2870.8481   11.4249
    7.5000  -15.0000   22.5000 2848.9385   11.5272
   -7.5000   -7.5000   22.5000 2912.3845   11.4069
    0.0000   -7.5000   22.5000 2924.6021   11.3382
    7.5000   -7.5000   22.5000 2894.4797   11.4058
   -7.5000    0.0000   22.5000 2939.7256   11.3615
    0.0000    0.0000   22.5000 2950.8884   11.3079
    7.5000    0.0000   22.5000 2913.6582   11.4051
   -7.5000    7.5000   22.5000 2939.1116   11.4199
    0.0000    7.5000   22.5000 2944.5093   11.3701
    7.5000    7.5000   22.5000 2900.3855   11.5661
   -7.5000   15.0000   22.5000 2889.8608   11.7601
    0.0000   15.0000   22.5000 2892.5623   11.6935
    7.5000   15.0000   22.5000 2853.0972   11.9200
   -7.5000   22.5000   22.5000 2819.1831   12.3997
    0.0000   22.5000   22.5000 2819.6179   12.3232
    7.5000   22.5000   22.5000 2781.9734   12.5593
   -7.5000   30.0000   22.5000 2715.9680   13.2950
    0.0000   30.0000   22.5000 2713.6948   13.2179
    7.5000   30.0000   22.5000 2685.1487   13.4437
   -7.5000   37.5000   22.5000 2593.9263   14.4333
    0.0000   37.5000   22.5000 2595.2166   14.3668
    7.5000   37.5000   22.5000 2573.3052   14.5754
   -7.5000   45.0000   22.5000 2470.4602   15.8297
    0.0000   45.0000   22.5000 2474.3843   15.7552
    7.5000   45.0000   22.5000 2451.8647   15.9652
   -7.5000  -45.0000   30.0000 2616.0708   14.3619
    0.0000  -45.0000   30.0000 2624.2893   14.3097
    7.5000  -45.0000   30.0000 2616.7061   14.4234
   -7.5000  -37.5000   30.0000 2653.1882   13.4388
    0.0000  -37.5000   30.0000 2659.9019   13.4026
    7.5000  -37.5000   30.0000 2654.8721   13.5364
   -7.5000  -30.0000   30.0000 2698.7590   12.7105
    0.0000  -30.0000   30.0000 2707.1616   12.6722
    7.5000  -30.0000   30.0000 2694.9368   12.8187
   -7.5000  -22.5000   30.0000 2753.5166   12.1577
    0.0000  -22.5000   30.0000 2760.5381   12.1300
    7.5000  -22.5000   30.0000 2743.2483   12.2782
   -7.5000  -15.0000   30.0000 2812.8967   11.8288
    0.0000  -15.0000   30.0000 2817.8025   11.7918
    7.5000  -15.0000   30.0000 2795.8904   11.9491
   -7.5000   -7.5000   30.0000 2865.8420   11.7299
    0.0000   -7.5000   30.0000 2872.3435   11.6935
    7.5000   -7.5000   30.0000 2841.4978   11.8117
   -7.5000    0.0000   30.0000 2888.6155   11.6940
    0.0000    0.0000   30.0000 2892.7947   11.6782
    7.5000    0.0000   30.0000 2859.9583   11.8527
   -7.5000    7.5000   30.0000 2884.1821   11.7912
    0.0000    7.5000   30.0000 2885.9773   11.7596
    7.5000    7.5000   30.0000 2849.8740   12.0120
   -7.5000   15.0000   30.0000 2840.2744   12.1763
    0.0000   15.0000   30.0000 2846.1438   12.1040
    7.5000   15.0000   30.0000 2807.9700   12.3500
   -7.5000   22.5000   30.0000 2776.2258   12.8008
    0.0000   22.5000   30.0000 2778.9858   12.7168
    7.5000   22.5000   30.0000 2743.8115   12.9651
   -7.5000   30.0000   30.0000 2680.4448   13.6311
    0.0000   30.0000   30.0000 2682.4819   13.5662
    7.5000   30.0000   30.0000 2650.6562   13.8061
   -7.5000   37.5000   30.0000 2568.1436   14.7454
    0.0000   37.5000   30.0000 2567.2290   14.6946
    7.5000   37.5000   30.0000 2539.2991   14.9397
   -7.5000   45.0000   30.0000 2436.4888   16.1443
    0.0000   45.0000   30.0000 2441.3032   16.0854
    7.5000   45.0000   30.0000 2416.3970   16.3337
   -7.5000  -45.0000   37.5000 2570.5347   14.9577
    0.0000  -45.0000   37.5000 2575.4050   14.8776
    7.5000  -45.0000   37.5000 2565.7876   15.0861
   -7.5000  -37.5000   37.5000 2608.9717   13.9921
    0.0000  -37.5000   37.5000 2613.2815   13.9178
    7.5000  -37.5000   37.5000 2606.9800   14.1397
   -7.5000  -30.0000   37.5000 2651.4768   13.2420
    0.0000  -30.0000   37.5000 2656.3845   13.1787
    7.5000  -30.0000   37.5000 2643.6411   13.3901
   -7.5000  -22.5000   37.5000 2702.1338   12.6843
    0.0000  -22.5000   37.5000 2707.1062   12.6565
    7.5000  -22.5000   37.5000 2690.9155   12.8495
   -7.5000  -15.0000   37.5000 2750.3320   12.3738
    0.0000  -15.0000   37.5000 2755.2563   12.3475
    7.5000  -15.0000   37.5000 2737.0496   12.5243
   -7.5000   -7.5000   37.5000 2800.0811   12.2811
    0.0000   -7.5000   37.5000 2804.5376   12.2452
    7.5000   -7.5000   37.5000 2775.6353   12.4215
   -7.5000    0.0000   37.5000 2818.6445   12.2800
    0.0000    0.0000   37.5000 2819.9675   12.2377
    7.5000    0.0000   37.5000 2787.7888   12.4836
   -7.5000    7.5000   37.5000 2809.0376   12.4193
    0.0000    7.5000   37.5000 2810.5122   12.3856
    7.5000    7.5000   37.5000 2777.1499   12.6711
   -7.5000   15.0000   37.5000 2770.4204   12.8287
    0.0000   15.0000   37.5000 2772.3777   12.7572
    7.5000   15.0000   37.5000 2741.8271   13.0186
   -7.5000   22.5000   37.5000 2713.6899   13.4211
    0.0000   22.5000   37.5000 2714.2295   13.3466
    7.5000   22.5000   37.5000 2686.1531   13.5647
   -7.5000   30.0000   37.5000 2629.9368   14.1961
    0.0000   30.0000   37.5000 2629.4092   14.1415
    7.5000   30.0000   37.5000 2600.3271   14.3754
   -7.5000   37.5000   37.5000 2532.6282   15.2558
    0.0000   37.5000   37.5000 2525.5054   15.2095
    7.5000   37.5000   37.5000 2498.1089   15.4704
   -7.5000   45.0000   37.5000 2401.0481   16.6188
    0.0000   45.0000   37.5000 2403.4028   16.5804
    7.5000   45.0000   37.5000 2379.5566   16.8303
   -7.5000  -45.0000   45.0000 2513.5349   15.6810
    0.0000  -45.0000   45.0000 2516.8069   15.5720
    7.5000  -45.0000   45.0000 2508.7920   15.8772
   -7.5000  -37.5000   45.0000 2554.0193   14.7034
    0.0000  -37.5000   45.0000 2556.9189   14.6032
    7.5000  -37.5000   45.0000 2546.6987   14.9004
   -7.5000  -30.0000   45.0000 2594.8120   13.9398
    0.0000  -30.0000   45.0000 2596.6736   13.8549
    7.5000  -30.0000   45.0000 2583.8687   14.1370
   -7.5000  -22.5000   45.0000 2643.4375   13.3897
    0.0000  -22.5000   45.0000 2645.1399   13.3300
    7.5000  -22.5000   45.0000 2624.2378   13.5995
   -7.5000  -15.0000   45.0000 2685.2998   13.1029
    0.0000  -15.0000   45.0000 2689.6509   13.0588
    7.5000  -15.0000   45.0000 2665.1938   13.3047
   -7.5000   -7.5000   45.0000 2722.8123   13.0090
    0.0000   -7.5000   45.0000 2725.3706   12.9651
    7.5000   -7.5000   45.0000 2695.8865   13.2047
   -7.5000    0.0000   45.0000 2732.8184   13.0292
    0.0000    0.0000   45.0000 2733.9651   12.9974
    7.5000    0.0000   45.0000 2702.7065   13.2730
   -7.5000    7.5000   45.0000 2721.5503   13.1957
    0.0000    7.5000   45.0000 2724.1875   13.1707
    7.5000    7.5000   45.0000 2694.5237   13.4731
   -7.5000   15.0000   45.0000 2686.4341   13.6397
    0.0000   15.0000   45.0000 2689.0452   13.5798
    7.5000   15.0000   45.0000 2659.7625   13.8360
   -7.5000   22.5000   45.0000 2631.4062   14.2178
    0.0000   22.5000   45.0000 2633.9126   14.1536
    7.5000   22.5000   45.0000 2604.7598   14.3873
   -7.5000   30.0000   45.0000 2565.6921   14.9402
    0.0000   30.0000   45.0000 2563.1836   14.8734
    7.5000   30.0000   45.0000 2531.4302   15.1541
   -7.5000   37.5000   45.0000 2478.3845   15.9360
    0.0000   37.5000   45.0000 2474.1741   15.8949
    7.5000   37.5000   45.0000 2442.3745   16.1916
   -7.5000   45.0000   45.0000 2355.6511   17.2991
    0.0000   45.0000   45.0000 2355.7158   17.2759
    7.5000   45.0000   45.0000 2330.5730   17.5380

---------------------------------------------------------------------
imgreg_4dfp /opt/freesurfer/average/711-2C_as_mni_average_305 /opt/freesurfer/average/711-2B_as_mni_average_305_mask talsrcimg_g11 none talsrcimg_to_711-2C_as_mni_average_305_t4 1283
---------------------------------------------------------------------

freesurfer imgreg_4dfp.c
/opt/freesurfer/average/711-2C_as_mni_average_305.4dfp.img
       256       256       256         1
  1.000000  1.000000  1.000000
orientation T byte_order littleendian
Reading image: /opt/freesurfer/average/711-2C_as_mni_average_305.4dfp.img
dimensions:      256       256       256
mmppix:       1.0000   -1.0000   -1.0000
center:     128.0000 -129.0000 -129.0000
/opt/freesurfer/average/711-2B_as_mni_average_305_mask.4dfp.img
       256       256       256         1
  1.000000  1.000000  1.000000
orientation T byte_order littleendian
Reading mask: /opt/freesurfer/average/711-2B_as_mni_average_305_mask.4dfp.img (2306576 pixels)
talsrcimg_g11.4dfp.img
       256       256       256         1
  1.000000  1.000000  1.000000
orientation T byte_order littleendian
Reading image: talsrcimg_g11.4dfp.img
dimensions:      256       256       256
mmppix:       1.0000   -1.0000   -1.0000
center:     128.0000 -129.0000 -129.0000
rotation matrix determinant  1.000000
fimgreg.f
image alignment mode   1283 decimal      503 hex
parameters
    0.0000    0.0000    7.5000    0.0000    0.0000    0.0000
eta,q 0.93501 11.32137
niter,ni,del,rscale     5    3   12.0000    1.2000
parameter  4 -5.519769 ->  0.500000 qaram    1.1500
parameters
   -1.2072    2.8237    8.6423   -3.4500   -0.1335    2.2465
eta,q 0.94504 11.17171
  0.0709  0.0678  0.0695  0.0515  0.0610  0.0653
  0.0670  0.0657  0.0671  0.0547  0.0582  0.0616
  0.0650  0.0651  0.0646  0.0591  0.0563  0.0582
  0.0657  0.0648  0.0633  0.0636  0.0559  0.0559
  0.0682  0.0638  0.0642  0.0680  0.0566  0.0550
  0.0719  0.0633  0.0656  0.0717  0.0588  0.0555
  0.0766  0.0647  0.0659  0.0737  0.0612  0.0576
niter,ni,del,rscale     5    3   12.0000    1.2000
parameter  4  2.838937 ->  0.500000 qaram    1.3225
parameters
   -1.3555    2.1214    9.7086   -7.4175    0.6994    1.8831
eta,q 0.95119 11.12915
  0.0660  0.0610  0.0611  0.0467  0.0554  0.0535
  0.0610  0.0595  0.0572  0.0484  0.0523  0.0508
  0.0566  0.0570  0.0553  0.0511  0.0500  0.0490
  0.0550  0.0550  0.0553  0.0555  0.0490  0.0489
  0.0569  0.0563  0.0558  0.0617  0.0490  0.0501
  0.0615  0.0604  0.0566  0.0660  0.0502  0.0519
  0.0673  0.0667  0.0570  0.0694  0.0527  0.0542
niter,ni,del,rscale     5    3   12.0000    1.2000
parameter  4  1.205902 ->  0.500000 qaram    1.5209
parameters
   -1.6548    2.3114   10.4282  -11.9801    1.3141    2.3347
eta,q 0.95548 11.19618
  0.0598  0.0586  0.0529  0.0420  0.0507  0.0497
  0.0542  0.0527  0.0507  0.0440  0.0480  0.0470
  0.0500  0.0493  0.0493  0.0466  0.0459  0.0452
  0.0488  0.0488  0.0488  0.0488  0.0447  0.0446
  0.0512  0.0501  0.0490  0.0526  0.0447  0.0446
  0.0561  0.0528  0.0494  0.0595  0.0461  0.0460
  0.0617  0.0566  0.0514  0.0655  0.0491  0.0484
niter,ni,del,rscale     5    3   12.0000    1.2000
parameter  4  1.458489 ->  0.500000 qaram    1.7490
parameters
   -1.9320    3.3997    8.0939  -17.2272    2.0471    1.7990
eta,q 0.96296 11.11336
  0.0558  0.0534  0.0454  0.0379  0.0452  0.0420
  0.0497  0.0482  0.0443  0.0368  0.0416  0.0391
  0.0454  0.0458  0.0441  0.0392  0.0388  0.0373
  0.0445  0.0444  0.0441  0.0441  0.0373  0.0371
  0.0467  0.0442  0.0461  0.0485  0.0375  0.0383
  0.0518  0.0455  0.0498  0.0514  0.0395  0.0407
  0.0575  0.0484  0.0536  0.0564  0.0423  0.0439
niter,ni,del,rscale     5    3   12.0000    1.2000
parameters
   -2.6781    4.7772    7.6264  -21.4852    2.5357    1.6999
eta,q 0.96464 11.16947
  0.0481  0.0520  0.0433  0.0392  0.0440  0.0418
  0.0415  0.0448  0.0388  0.0376  0.0405  0.0391
  0.0369  0.0392  0.0366  0.0353  0.0377  0.0362
  0.0370  0.0365  0.0367  0.0366  0.0356  0.0354
  0.0410  0.0372  0.0383  0.0414  0.0357  0.0364
  0.0473  0.0394  0.0414  0.0479  0.0385  0.0390
  0.0532  0.0418  0.0446  0.0526  0.0423  0.0425
niter,ni,del,rscale     4    3   12.0000    1.2000
parameters
   -2.8810    6.2091    6.5032  -23.0060    2.7255    1.5285
eta,q 0.96544 11.20769
  0.0508  0.0482  0.0398  0.0424  0.0416  0.0403
  0.0428  0.0418  0.0364  0.0368  0.0383  0.0377
  0.0364  0.0371  0.0352  0.0348  0.0360  0.0352
  0.0354  0.0352  0.0355  0.0351  0.0346  0.0346
  0.0390  0.0359  0.0370  0.0373  0.0352  0.0355
  0.0453  0.0375  0.0403  0.0410  0.0376  0.0377
  0.0514  0.0392  0.0443  0.0480  0.0411  0.0413
niter,ni,del,rscale     3    3   12.0000    1.2000
parameters
   -2.9093    6.7044    6.0339  -23.6660    2.8565    1.5169
eta,q 0.96594 11.19829
  0.0505  0.0433  0.0408  0.0432  0.0406  0.0403
  0.0424  0.0387  0.0361  0.0392  0.0374  0.0374
  0.0360  0.0357  0.0343  0.0344  0.0353  0.0348
  0.0346  0.0345  0.0345  0.0344  0.0341  0.0341
  0.0376  0.0352  0.0362  0.0370  0.0347  0.0351
  0.0433  0.0370  0.0386  0.0398  0.0369  0.0371
  0.0498  0.0408  0.0418  0.0458  0.0403  0.0405
niter,ni,del,rscale     2    3   12.0000    1.2000
parameters
   -2.9504    6.8460    5.9081  -23.9427    2.8928    1.5353
eta,q 0.96611 11.19232
  0.0502  0.0423  0.0416  0.0432  0.0402  0.0403
  0.0419  0.0382  0.0363  0.0402  0.0371  0.0373
  0.0355  0.0356  0.0340  0.0347  0.0350  0.0346
  0.0341  0.0340  0.0340  0.0340  0.0339  0.0339
  0.0372  0.0347  0.0356  0.0366  0.0345  0.0349
  0.0429  0.0374  0.0380  0.0394  0.0368  0.0370
  0.0495  0.0420  0.0408  0.0446  0.0402  0.0403
niter,ni,del,rscale     1    3   12.0000    1.2000
parameters
   -2.9638    6.9203    5.8573  -24.0719    2.8943    1.5476
eta,q 0.96620 11.18898
  0.0502  0.0422  0.0418  0.0432  0.0400  0.0403
  0.0419  0.0382  0.0363  0.0406  0.0369  0.0372
  0.0355  0.0356  0.0339  0.0349  0.0349  0.0345
  0.0339  0.0339  0.0339  0.0338  0.0338  0.0338
  0.0370  0.0346  0.0355  0.0365  0.0345  0.0349
  0.0427  0.0376  0.0379  0.0393  0.0368  0.0369
  0.0494  0.0423  0.0406  0.0442  0.0402  0.0403
registration optimization eta report
parameter search radius
    6.0000    6.0000    6.0000   10.4940    6.0000    6.0000
100000*second partial in parameter space
       43.       23.       20.        9.       17.       18.
  0.0502  0.0422  0.0418  0.0432  0.0400  0.0403
  0.0419  0.0382  0.0363  0.0406  0.0369  0.0372
  0.0355  0.0356  0.0339  0.0349  0.0349  0.0345
  0.0339  0.0339  0.0339  0.0338  0.0338  0.0338
  0.0370  0.0346  0.0355  0.0365  0.0345  0.0349
  0.0427  0.0376  0.0379  0.0393  0.0368  0.0369
  0.0494  0.0423  0.0406  0.0442  0.0402  0.0403
   -2.9638    6.9203    5.8573  -24.0719    2.8943    1.5476
eta,q 0.96620 11.18898

---------------------------------------------------------------------
imgreg_4dfp /opt/freesurfer/average/711-2C_as_mni_average_305 /opt/freesurfer/average/711-2B_as_mni_average_305_mask talsrcimg_g11 none talsrcimg_to_711-2C_as_mni_average_305_t4 3335
---------------------------------------------------------------------

freesurfer imgreg_4dfp.c
/opt/freesurfer/average/711-2C_as_mni_average_305.4dfp.img
       256       256       256         1
  1.000000  1.000000  1.000000
orientation T byte_order littleendian
Reading image: /opt/freesurfer/average/711-2C_as_mni_average_305.4dfp.img
dimensions:      256       256       256
mmppix:       1.0000   -1.0000   -1.0000
center:     128.0000 -129.0000 -129.0000
/opt/freesurfer/average/711-2B_as_mni_average_305_mask.4dfp.img
       256       256       256         1
  1.000000  1.000000  1.000000
orientation T byte_order littleendian
Reading mask: /opt/freesurfer/average/711-2B_as_mni_average_305_mask.4dfp.img (2306576 pixels)
talsrcimg_g11.4dfp.img
       256       256       256         1
  1.000000  1.000000  1.000000
orientation T byte_order littleendian
Reading image: talsrcimg_g11.4dfp.img
dimensions:      256       256       256
mmppix:       1.0000   -1.0000   -1.0000
center:     128.0000 -129.0000 -129.0000
fimgreg.f
image alignment mode   3335 decimal      D07 hex
parameters
   -2.9638    6.9203    5.8573   -0.1640   -8.6742   -8.8130
   -0.4071   -5.7101    2.6973   40.6488    5.0494  -40.7362
eta,q 0.96672 11.26702
niter,ni,del,rscale     5    3    5.0000    1.2000
parameter  5  3.264306 ->  0.500000 qaram    1.1500
parameter 10  0.687617 ->  0.500000 qaram    1.1500
parameter 12 -0.702981 -> -0.500000 qaram    1.1500
parameters
   -3.1003    7.3297    6.2830   -3.0053  -12.8142  -11.2824
    1.8625   -6.3310    4.0577   36.5088    1.4520  -36.5962
eta,q 0.97177 10.64042
  0.0361  0.0354  0.0349  0.0338  0.0292  0.0305  0.0332  0.0324  0.0324  0.0292  0.0290  0.0314
  0.0345  0.0343  0.0340  0.0332  0.0300  0.0301  0.0318  0.0309  0.0312  0.0290  0.0288  0.0303
  0.0335  0.0336  0.0335  0.0330  0.0313  0.0301  0.0307  0.0301  0.0304  0.0292  0.0288  0.0294
  0.0333  0.0333  0.0332  0.0332  0.0330  0.0303  0.0301  0.0299  0.0299  0.0299  0.0290  0.0288
  0.0338  0.0333  0.0332  0.0342  0.0348  0.0304  0.0299  0.0304  0.0299  0.0310  0.0293  0.0284
  0.0350  0.0336  0.0335  0.0361  0.0364  0.0310  0.0302  0.0316  0.0303  0.0324  0.0298  0.0282
  0.0367  0.0343  0.0340  0.0380  0.0381  0.0323  0.0308  0.0335  0.0311  0.0341  0.0304  0.0284
niter,ni,del,rscale     7    3    5.0000    1.2000
parameter  5  0.578982 ->  0.500000 qaram    1.3225
parameters
   -3.0622    7.3666    6.4063   -3.9256  -17.5752  -12.9679
    1.0998   -6.3189    4.1247   35.8844    1.3488  -36.6577
eta,q 0.97270 10.24357
  0.0312  0.0307  0.0298  0.0296  0.0280  0.0284  0.0290  0.0306  0.0291  0.0296  0.0280  0.0287
  0.0296  0.0294  0.0289  0.0290  0.0276  0.0277  0.0280  0.0289  0.0281  0.0281  0.0276  0.0280
  0.0286  0.0285  0.0284  0.0284  0.0276  0.0274  0.0274  0.0277  0.0275  0.0274  0.0274  0.0275
  0.0282  0.0282  0.0282  0.0282  0.0282  0.0276  0.0274  0.0273  0.0273  0.0273  0.0273  0.0273
  0.0285  0.0285  0.0284  0.0286  0.0296  0.0282  0.0278  0.0277  0.0275  0.0278  0.0274  0.0275
  0.0294  0.0293  0.0288  0.0294  0.0315  0.0287  0.0286  0.0288  0.0281  0.0288  0.0276  0.0280
  0.0311  0.0305  0.0295  0.0309  0.0336  0.0294  0.0299  0.0306  0.0290  0.0304  0.0280  0.0288
niter,ni,del,rscale     7    3    5.0000    1.2000
parameters
   -3.0058    7.8640    6.0107   -4.1772  -18.7702  -13.9043
    1.0312   -6.3236    4.2273   36.7026    0.6606  -36.9816
eta,q 0.97288 10.14655
  0.0303  0.0303  0.0282  0.0286  0.0291  0.0288  0.0291  0.0304  0.0287  0.0305  0.0277  0.0284
  0.0287  0.0288  0.0275  0.0280  0.0280  0.0278  0.0281  0.0287  0.0279  0.0287  0.0274  0.0277
  0.0277  0.0278  0.0272  0.0274  0.0273  0.0272  0.0273  0.0275  0.0273  0.0275  0.0272  0.0273
  0.0273  0.0273  0.0272  0.0272  0.0272  0.0272  0.0271  0.0271  0.0271  0.0271  0.0271  0.0271
  0.0275  0.0272  0.0275  0.0273  0.0275  0.0278  0.0274  0.0275  0.0273  0.0274  0.0272  0.0273
  0.0285  0.0277  0.0282  0.0279  0.0287  0.0287  0.0281  0.0287  0.0278  0.0281  0.0275  0.0278
  0.0301  0.0285  0.0291  0.0290  0.0307  0.0295  0.0292  0.0304  0.0287  0.0293  0.0279  0.0286
niter,ni,del,rscale     6    3    5.0000    1.2000
parameters
   -2.9796    8.0753    5.6301   -4.2700  -19.3097  -14.4909
    0.9980   -6.2634    4.3979   37.2109    0.4005  -37.2076
eta,q 0.97293 10.10129
  0.0300  0.0296  0.0281  0.0284  0.0293  0.0289  0.0291  0.0303  0.0287  0.0302  0.0277  0.0283
  0.0285  0.0283  0.0274  0.0279  0.0281  0.0278  0.0280  0.0287  0.0279  0.0285  0.0273  0.0276
  0.0275  0.0275  0.0271  0.0274  0.0273  0.0272  0.0273  0.0275  0.0273  0.0274  0.0271  0.0272
  0.0271  0.0271  0.0271  0.0271  0.0271  0.0271  0.0271  0.0271  0.0271  0.0271  0.0271  0.0271
  0.0274  0.0273  0.0274  0.0272  0.0273  0.0276  0.0273  0.0274  0.0272  0.0274  0.0272  0.0273
  0.0283  0.0278  0.0281  0.0277  0.0283  0.0285  0.0280  0.0285  0.0277  0.0281  0.0274  0.0277
  0.0299  0.0288  0.0289  0.0287  0.0301  0.0293  0.0291  0.0303  0.0286  0.0294  0.0278  0.0285
niter,ni,del,rscale     5    3    5.0000    1.2000
parameters
   -2.9543    8.1832    5.3873   -4.3131  -19.6176  -14.8613
    0.9643   -6.2235    4.4293   37.5236    0.3492  -37.3038
eta,q 0.97293 10.07483
  0.0298  0.0293  0.0282  0.0284  0.0294  0.0290  0.0290  0.0303  0.0287  0.0300  0.0277  0.0284
  0.0284  0.0281  0.0275  0.0278  0.0281  0.0279  0.0280  0.0286  0.0278  0.0283  0.0274  0.0277
  0.0274  0.0274  0.0271  0.0274  0.0274  0.0272  0.0273  0.0274  0.0272  0.0273  0.0272  0.0272
  0.0271  0.0271  0.0271  0.0271  0.0271  0.0271  0.0271  0.0271  0.0271  0.0271  0.0271  0.0271
  0.0273  0.0273  0.0273  0.0272  0.0272  0.0275  0.0273  0.0274  0.0272  0.0274  0.0271  0.0272
  0.0283  0.0279  0.0279  0.0276  0.0281  0.0284  0.0280  0.0285  0.0278  0.0282  0.0274  0.0277
  0.0298  0.0289  0.0287  0.0287  0.0299  0.0292  0.0291  0.0302  0.0287  0.0294  0.0277  0.0284
niter,ni,del,rscale     4    3    5.0000    1.2000
parameters
   -2.9382    8.2509    5.2348   -4.3660  -19.8065  -15.1336
    0.9439   -6.1984    4.3927   37.7321    0.4091  -37.3149
eta,q 0.97291 10.05474
  0.0298  0.0292  0.0283  0.0284  0.0294  0.0290  0.0290  0.0303  0.0287  0.0299  0.0277  0.0284
  0.0284  0.0281  0.0276  0.0278  0.0281  0.0280  0.0280  0.0286  0.0278  0.0283  0.0274  0.0277
  0.0274  0.0273  0.0272  0.0273  0.0274  0.0273  0.0273  0.0274  0.0273  0.0273  0.0272  0.0272
  0.0271  0.0271  0.0271  0.0271  0.0271  0.0271  0.0271  0.0271  0.0271  0.0271  0.0271  0.0271
  0.0274  0.0273  0.0273  0.0272  0.0272  0.0275  0.0273  0.0275  0.0273  0.0275  0.0271  0.0272
  0.0283  0.0279  0.0278  0.0276  0.0281  0.0283  0.0280  0.0285  0.0278  0.0283  0.0273  0.0277
  0.0298  0.0290  0.0286  0.0286  0.0298  0.0292  0.0291  0.0302  0.0287  0.0295  0.0277  0.0284
niter,ni,del,rscale     3    3    5.0000    1.2000
parameters
   -2.9273    8.3014    5.1287   -4.4361  -19.9529  -15.3577
    0.9237   -6.1793    4.3289   37.8936    0.5203  -37.2801
eta,q 0.97290 10.03642
  0.0297  0.0292  0.0283  0.0284  0.0294  0.0290  0.0290  0.0302  0.0287  0.0299  0.0277  0.0284
  0.0283  0.0280  0.0276  0.0278  0.0281  0.0280  0.0280  0.0286  0.0278  0.0283  0.0274  0.0277
  0.0274  0.0273  0.0272  0.0274  0.0274  0.0273  0.0273  0.0275  0.0273  0.0273  0.0272  0.0272
  0.0271  0.0271  0.0271  0.0271  0.0271  0.0271  0.0271  0.0271  0.0271  0.0271  0.0271  0.0271
  0.0274  0.0273  0.0273  0.0272  0.0272  0.0275  0.0273  0.0275  0.0273  0.0275  0.0272  0.0273
  0.0283  0.0280  0.0278  0.0276  0.0280  0.0283  0.0280  0.0286  0.0279  0.0283  0.0274  0.0277
  0.0297  0.0290  0.0285  0.0286  0.0298  0.0292  0.0291  0.0302  0.0287  0.0295  0.0277  0.0284
niter,ni,del,rscale     2    3    5.0000    1.2000
parameters
   -2.9200    8.3443    5.0417   -4.5154  -20.0817  -15.5672
    0.8995   -6.1656    4.2518   38.0310    0.6665  -37.2036
eta,q 0.97289 10.01793
  0.0297  0.0292  0.0283  0.0283  0.0294  0.0290  0.0290  0.0302  0.0287  0.0298  0.0277  0.0284
  0.0283  0.0280  0.0276  0.0278  0.0281  0.0280  0.0280  0.0286  0.0278  0.0283  0.0274  0.0277
  0.0274  0.0273  0.0272  0.0274  0.0274  0.0274  0.0273  0.0275  0.0273  0.0273  0.0272  0.0273
  0.0271  0.0271  0.0271  0.0271  0.0271  0.0271  0.0271  0.0271  0.0271  0.0271  0.0271  0.0271
  0.0274  0.0273  0.0273  0.0272  0.0272  0.0274  0.0274  0.0275  0.0273  0.0275  0.0272  0.0273
  0.0283  0.0280  0.0278  0.0276  0.0280  0.0283  0.0280  0.0286  0.0279  0.0283  0.0274  0.0277
  0.0297  0.0290  0.0285  0.0286  0.0298  0.0292  0.0291  0.0302  0.0287  0.0295  0.0277  0.0284
niter,ni,del,rscale     1    3    5.0000    1.2000
parameters
   -2.9121    8.3881    4.9632   -4.5862  -20.2125  -15.7748
    0.8764   -6.1481    4.1578   38.1815    0.8536  -37.1360
eta,q 0.97287 10.00049
  0.0297  0.0292  0.0283  0.0283  0.0294  0.0291  0.0290  0.0302  0.0287  0.0298  0.0277  0.0284
  0.0283  0.0280  0.0277  0.0278  0.0281  0.0281  0.0280  0.0286  0.0278  0.0283  0.0274  0.0277
  0.0274  0.0273  0.0272  0.0274  0.0274  0.0274  0.0273  0.0275  0.0273  0.0273  0.0272  0.0273
  0.0271  0.0271  0.0271  0.0271  0.0271  0.0271  0.0271  0.0271  0.0271  0.0271  0.0271  0.0271
  0.0274  0.0273  0.0273  0.0272  0.0272  0.0274  0.0274  0.0275  0.0273  0.0276  0.0272  0.0273
  0.0283  0.0280  0.0278  0.0276  0.0280  0.0283  0.0280  0.0286  0.0279  0.0283  0.0274  0.0277
  0.0297  0.0290  0.0285  0.0286  0.0298  0.0293  0.0290  0.0302  0.0288  0.0295  0.0277  0.0284
registration optimization eta report
parameter search radius
    2.4000    2.4000    2.4000    7.2000    9.5220    7.2000
    7.2000    7.2000    7.2000    8.2800    7.2000    8.2800
100000*second partial in parameter space
       45.       34.       23.        3.        3.        4.
        4.        6.        3.        4.        1.        2.
  0.0297  0.0292  0.0283  0.0283  0.0294  0.0291  0.0290  0.0302  0.0287  0.0298  0.0277  0.0284
  0.0283  0.0280  0.0277  0.0278  0.0281  0.0281  0.0280  0.0286  0.0278  0.0283  0.0274  0.0277
  0.0274  0.0273  0.0272  0.0274  0.0274  0.0274  0.0273  0.0275  0.0273  0.0273  0.0272  0.0273
  0.0271  0.0271  0.0271  0.0271  0.0271  0.0271  0.0271  0.0271  0.0271  0.0271  0.0271  0.0271
  0.0274  0.0273  0.0273  0.0272  0.0272  0.0274  0.0274  0.0275  0.0273  0.0276  0.0272  0.0273
  0.0283  0.0280  0.0278  0.0276  0.0280  0.0283  0.0280  0.0286  0.0279  0.0283  0.0274  0.0277
  0.0297  0.0290  0.0285  0.0286  0.0298  0.0293  0.0290  0.0302  0.0288  0.0295  0.0277  0.0284
   -2.9121    8.3881    4.9632   -4.5862  -20.2125  -15.7748
    0.8764   -6.1481    4.1578   38.1815    0.8536  -37.1360
eta,q 0.97287 10.00049

---------------------------------------------------------------------
imgreg_4dfp /opt/freesurfer/average/711-2C_as_mni_average_305 /opt/freesurfer/average/711-2B_as_mni_average_305_mask talsrcimg_g11 none talsrcimg_to_711-2C_as_mni_average_305_t4 2311
---------------------------------------------------------------------

freesurfer imgreg_4dfp.c
/opt/freesurfer/average/711-2C_as_mni_average_305.4dfp.img
       256       256       256         1
  1.000000  1.000000  1.000000
orientation T byte_order littleendian
Reading image: /opt/freesurfer/average/711-2C_as_mni_average_305.4dfp.img
dimensions:      256       256       256
mmppix:       1.0000   -1.0000   -1.0000
center:     128.0000 -129.0000 -129.0000
/opt/freesurfer/average/711-2B_as_mni_average_305_mask.4dfp.img
       256       256       256         1
  1.000000  1.000000  1.000000
orientation T byte_order littleendian
Reading mask: /opt/freesurfer/average/711-2B_as_mni_average_305_mask.4dfp.img (2306576 pixels)
talsrcimg_g11.4dfp.img
       256       256       256         1
  1.000000  1.000000  1.000000
orientation T byte_order littleendian
Reading image: talsrcimg_g11.4dfp.img
dimensions:      256       256       256
mmppix:       1.0000   -1.0000   -1.0000
center:     128.0000 -129.0000 -129.0000
fimgreg.f
image alignment mode   2311 decimal      907 hex
parameters
   -2.9121    8.3881    4.9632   -4.5862  -20.2125  -15.7748
    0.8764   -6.1481    4.1578   38.1815    0.8536  -37.1360
eta,q 0.97287 10.00049
niter,ni,del,rscale     5    3    5.0000    0.8000
parameters
   -2.8877    8.3991    4.8679   -4.1743  -19.6149  -15.9394
    0.9715   -6.1350    4.1744   37.7878    0.6511  -37.1744
eta,q 0.97292 10.03766
  0.0283  0.0280  0.0276  0.0278  0.0277  0.0280  0.0280  0.0286  0.0279  0.0279  0.0273  0.0275
  0.0277  0.0275  0.0274  0.0275  0.0274  0.0275  0.0275  0.0277  0.0274  0.0274  0.0272  0.0273
  0.0273  0.0272  0.0272  0.0273  0.0272  0.0272  0.0272  0.0272  0.0272  0.0271  0.0271  0.0271
  0.0271  0.0271  0.0271  0.0271  0.0271  0.0271  0.0271  0.0271  0.0271  0.0271  0.0271  0.0271
  0.0272  0.0272  0.0272  0.0271  0.0271  0.0272  0.0272  0.0273  0.0272  0.0273  0.0271  0.0271
  0.0276  0.0275  0.0274  0.0273  0.0272  0.0276  0.0275  0.0278  0.0274  0.0276  0.0272  0.0273
  0.0283  0.0280  0.0278  0.0276  0.0275  0.0282  0.0280  0.0285  0.0278  0.0280  0.0274  0.0275
niter,ni,del,rscale     4    3    5.0000    0.7000
parameters
   -2.8631    8.2881    4.9008   -3.9451  -19.2956  -15.7838
    0.9886   -6.1239    4.3242   37.5001    0.4062  -37.2950
eta,q 0.97295 10.06815
  0.0280  0.0277  0.0276  0.0276  0.0275  0.0279  0.0278  0.0282  0.0277  0.0277  0.0272  0.0274
  0.0275  0.0273  0.0273  0.0274  0.0273  0.0275  0.0274  0.0276  0.0273  0.0273  0.0271  0.0272
  0.0272  0.0271  0.0271  0.0272  0.0271  0.0272  0.0271  0.0272  0.0271  0.0271  0.0271  0.0271
  0.0271  0.0271  0.0271  0.0271  0.0271  0.0271  0.0271  0.0271  0.0271  0.0271  0.0270  0.0270
  0.0272  0.0272  0.0271  0.0271  0.0271  0.0271  0.0272  0.0272  0.0271  0.0272  0.0271  0.0271
  0.0275  0.0275  0.0273  0.0273  0.0272  0.0274  0.0274  0.0276  0.0273  0.0275  0.0272  0.0272
  0.0280  0.0279  0.0275  0.0275  0.0274  0.0278  0.0278  0.0282  0.0276  0.0278  0.0273  0.0274
niter,ni,del,rscale     3    3    5.0000    0.6000
parameters
   -2.8596    8.2057    4.9818   -3.7691  -18.9962  -15.5438
    0.9874   -6.1349    4.4439   37.2583    0.2294  -37.3425
eta,q 0.97298 10.09862
  0.0277  0.0275  0.0274  0.0275  0.0274  0.0277  0.0276  0.0279  0.0275  0.0275  0.0272  0.0273
  0.0274  0.0272  0.0272  0.0273  0.0272  0.0274  0.0273  0.0274  0.0272  0.0272  0.0271  0.0271
  0.0271  0.0271  0.0271  0.0271  0.0271  0.0271  0.0271  0.0271  0.0271  0.0270  0.0270  0.0270
  0.0270  0.0270  0.0270  0.0270  0.0270  0.0270  0.0270  0.0270  0.0270  0.0270  0.0270  0.0270
  0.0271  0.0271  0.0271  0.0271  0.0270  0.0271  0.0271  0.0271  0.0271  0.0271  0.0270  0.0271
  0.0273  0.0273  0.0272  0.0272  0.0271  0.0273  0.0273  0.0274  0.0272  0.0273  0.0271  0.0271
  0.0277  0.0276  0.0273  0.0274  0.0273  0.0276  0.0276  0.0279  0.0274  0.0276  0.0272  0.0273
niter,ni,del,rscale     2    3    5.0000    0.5000
parameters
   -2.8568    8.1362    5.0710   -3.6635  -18.7797  -15.3572
    0.9629   -6.1397    4.5071   37.0439    0.1444  -37.3007
eta,q 0.97300 10.11778
  0.0275  0.0273  0.0273  0.0273  0.0273  0.0275  0.0274  0.0276  0.0273  0.0273  0.0271  0.0272
  0.0272  0.0271  0.0272  0.0272  0.0271  0.0273  0.0272  0.0273  0.0272  0.0271  0.0271  0.0271
  0.0271  0.0270  0.0271  0.0271  0.0271  0.0271  0.0270  0.0271  0.0270  0.0270  0.0270  0.0270
  0.0270  0.0270  0.0270  0.0270  0.0270  0.0270  0.0270  0.0270  0.0270  0.0270  0.0270  0.0270
  0.0271  0.0271  0.0270  0.0270  0.0270  0.0270  0.0271  0.0271  0.0270  0.0271  0.0270  0.0270
  0.0272  0.0272  0.0271  0.0271  0.0271  0.0272  0.0272  0.0273  0.0271  0.0272  0.0271  0.0271
  0.0275  0.0274  0.0272  0.0273  0.0272  0.0274  0.0274  0.0276  0.0273  0.0274  0.0271  0.0272
niter,ni,del,rscale     1    3    5.0000    0.4000
parameters
   -2.8587    8.0874    5.1481   -3.6241  -18.5939  -15.2149
    0.9234   -6.1672    4.5372   36.8995    0.1428  -37.2127
eta,q 0.97301 10.13120
  0.0273  0.0272  0.0272  0.0272  0.0272  0.0273  0.0272  0.0274  0.0272  0.0272  0.0271  0.0271
  0.0271  0.0271  0.0271  0.0271  0.0271  0.0272  0.0271  0.0272  0.0271  0.0271  0.0270  0.0270
  0.0270  0.0270  0.0270  0.0270  0.0270  0.0271  0.0270  0.0270  0.0270  0.0270  0.0270  0.0270
  0.0270  0.0270  0.0270  0.0270  0.0270  0.0270  0.0270  0.0270  0.0270  0.0270  0.0270  0.0270
  0.0270  0.0270  0.0270  0.0270  0.0270  0.0270  0.0270  0.0270  0.0270  0.0270  0.0270  0.0270
  0.0271  0.0271  0.0270  0.0271  0.0270  0.0271  0.0271  0.0272  0.0271  0.0271  0.0270  0.0270
  0.0273  0.0273  0.0271  0.0272  0.0271  0.0273  0.0272  0.0274  0.0272  0.0273  0.0271  0.0271
registration optimization eta report
parameter search radius
    0.8000    0.8000    0.8000    2.4000    2.4000    2.4000
    2.4000    2.4000    2.4000    2.4000    2.4000    2.4000
100000*second partial in parameter space
       49.       37.       25.        3.        3.        5.
        4.        6.        3.        4.        1.        2.
  0.0273  0.0272  0.0272  0.0272  0.0272  0.0273  0.0272  0.0274  0.0272  0.0272  0.0271  0.0271
  0.0271  0.0271  0.0271  0.0271  0.0271  0.0272  0.0271  0.0272  0.0271  0.0271  0.0270  0.0270
  0.0270  0.0270  0.0270  0.0270  0.0270  0.0271  0.0270  0.0270  0.0270  0.0270  0.0270  0.0270
  0.0270  0.0270  0.0270  0.0270  0.0270  0.0270  0.0270  0.0270  0.0270  0.0270  0.0270  0.0270
  0.0270  0.0270  0.0270  0.0270  0.0270  0.0270  0.0270  0.0270  0.0270  0.0270  0.0270  0.0270
  0.0271  0.0271  0.0270  0.0271  0.0270  0.0271  0.0271  0.0272  0.0271  0.0271  0.0270  0.0270
  0.0273  0.0273  0.0271  0.0272  0.0271  0.0273  0.0272  0.0274  0.0272  0.0273  0.0271  0.0271
   -2.8587    8.0874    5.1481   -3.6241  -18.5939  -15.2149
    0.9234   -6.1672    4.5372   36.8995    0.1428  -37.2127
eta,q 0.97301 10.13120

---------------------------------------------------------------------
imgreg_4dfp /opt/freesurfer/average/711-2C_as_mni_average_305 /opt/freesurfer/average/711-2B_as_mni_average_305_mask talsrcimg_g11 none talsrcimg_to_711-2C_as_mni_average_305_t4 2311
---------------------------------------------------------------------

freesurfer imgreg_4dfp.c
/opt/freesurfer/average/711-2C_as_mni_average_305.4dfp.img
       256       256       256         1
  1.000000  1.000000  1.000000
orientation T byte_order littleendian
Reading image: /opt/freesurfer/average/711-2C_as_mni_average_305.4dfp.img
dimensions:      256       256       256
mmppix:       1.0000   -1.0000   -1.0000
center:     128.0000 -129.0000 -129.0000
/opt/freesurfer/average/711-2B_as_mni_average_305_mask.4dfp.img
       256       256       256         1
  1.000000  1.000000  1.000000
orientation T byte_order littleendian
Reading mask: /opt/freesurfer/average/711-2B_as_mni_average_305_mask.4dfp.img (2306576 pixels)
talsrcimg_g11.4dfp.img
       256       256       256         1
  1.000000  1.000000  1.000000
orientation T byte_order littleendian
Reading image: talsrcimg_g11.4dfp.img
dimensions:      256       256       256
mmppix:       1.0000   -1.0000   -1.0000
center:     128.0000 -129.0000 -129.0000
fimgreg.f
image alignment mode   2311 decimal      907 hex
parameters
   -2.8587    8.0874    5.1481   -3.6241  -18.5939  -15.2149
    0.9234   -6.1672    4.5372   36.8995    0.1428  -37.2126
eta,q 0.97301 10.13120
niter,ni,del,rscale     5    3    5.0000    0.8000
parameters
   -2.8782    8.0689    5.2202   -3.7413  -18.8460  -15.1698
    0.9904   -6.1268    4.5519   37.0650    0.1696  -37.2644
eta,q 0.97300 10.11855
  0.0282  0.0279  0.0277  0.0277  0.0275  0.0281  0.0280  0.0285  0.0278  0.0280  0.0273  0.0275
  0.0275  0.0274  0.0273  0.0273  0.0272  0.0275  0.0274  0.0277  0.0273  0.0274  0.0271  0.0272
  0.0271  0.0271  0.0271  0.0271  0.0271  0.0272  0.0271  0.0272  0.0271  0.0271  0.0270  0.0270
  0.0270  0.0270  0.0270  0.0270  0.0270  0.0270  0.0270  0.0270  0.0270  0.0270  0.0270  0.0270
  0.0271  0.0271  0.0271  0.0271  0.0270  0.0271  0.0271  0.0272  0.0271  0.0271  0.0270  0.0271
  0.0276  0.0274  0.0272  0.0273  0.0273  0.0275  0.0274  0.0277  0.0273  0.0274  0.0271  0.0272
  0.0283  0.0280  0.0276  0.0278  0.0277  0.0281  0.0279  0.0285  0.0278  0.0278  0.0273  0.0275
niter,ni,del,rscale     4    3    5.0000    0.7000
parameters
   -2.8796    8.1005    5.1963   -3.6966  -18.8203  -15.1936
    0.9853   -6.1312    4.5384   37.0711    0.1946  -37.2577
eta,q 0.97300 10.12134
  0.0279  0.0278  0.0275  0.0276  0.0275  0.0278  0.0277  0.0282  0.0276  0.0278  0.0272  0.0274
  0.0274  0.0273  0.0272  0.0273  0.0272  0.0274  0.0273  0.0275  0.0273  0.0273  0.0271  0.0272
  0.0271  0.0271  0.0270  0.0271  0.0271  0.0271  0.0271  0.0271  0.0271  0.0271  0.0270  0.0270
  0.0270  0.0270  0.0270  0.0270  0.0270  0.0270  0.0270  0.0270  0.0270  0.0270  0.0270  0.0270
  0.0271  0.0271  0.0271  0.0271  0.0270  0.0271  0.0271  0.0271  0.0271  0.0271  0.0270  0.0270
  0.0274  0.0273  0.0272  0.0272  0.0272  0.0274  0.0273  0.0275  0.0273  0.0274  0.0271  0.0272
  0.0280  0.0277  0.0275  0.0276  0.0275  0.0279  0.0277  0.0282  0.0276  0.0277  0.0272  0.0274
niter,ni,del,rscale     3    3    5.0000    0.6000
parameters
   -2.8720    8.0996    5.1958   -3.6546  -18.7424  -15.1961
    0.9674   -6.1376    4.5330   37.0044    0.1730  -37.2451
eta,q 0.97300 10.12567
  0.0277  0.0275  0.0273  0.0274  0.0273  0.0276  0.0275  0.0279  0.0274  0.0275  0.0272  0.0273
  0.0273  0.0272  0.0272  0.0272  0.0272  0.0273  0.0272  0.0274  0.0272  0.0272  0.0271  0.0271
  0.0271  0.0271  0.0270  0.0271  0.0271  0.0271  0.0271  0.0271  0.0270  0.0270  0.0270  0.0270
  0.0270  0.0270  0.0270  0.0270  0.0270  0.0270  0.0270  0.0270  0.0270  0.0270  0.0270  0.0270
  0.0271  0.0271  0.0270  0.0270  0.0270  0.0271  0.0271  0.0271  0.0271  0.0271  0.0270  0.0270
  0.0273  0.0272  0.0272  0.0272  0.0271  0.0273  0.0273  0.0274  0.0272  0.0273  0.0271  0.0271
  0.0277  0.0275  0.0274  0.0274  0.0273  0.0276  0.0275  0.0278  0.0274  0.0275  0.0272  0.0273
niter,ni,del,rscale     2    3    5.0000    0.5000
parameters
   -2.8693    8.0795    5.1977   -3.6069  -18.6270  -15.1763
    0.9377   -6.1443    4.5427   36.9225    0.1676  -37.2181
eta,q 0.97301 10.13279
  0.0275  0.0274  0.0272  0.0273  0.0272  0.0274  0.0274  0.0276  0.0273  0.0274  0.0271  0.0272
  0.0272  0.0272  0.0271  0.0271  0.0271  0.0272  0.0271  0.0273  0.0271  0.0271  0.0271  0.0271
  0.0271  0.0270  0.0270  0.0270  0.0270  0.0271  0.0270  0.0271  0.0270  0.0270  0.0270  0.0270
  0.0270  0.0270  0.0270  0.0270  0.0270  0.0270  0.0270  0.0270  0.0270  0.0270  0.0270  0.0270
  0.0270  0.0270  0.0270  0.0270  0.0270  0.0270  0.0271  0.0271  0.0270  0.0271  0.0270  0.0270
  0.0272  0.0272  0.0271  0.0271  0.0271  0.0272  0.0272  0.0273  0.0271  0.0272  0.0270  0.0271
  0.0275  0.0274  0.0272  0.0273  0.0272  0.0274  0.0274  0.0276  0.0273  0.0274  0.0271  0.0272
niter,ni,del,rscale     1    3    5.0000    0.4000
parameters
   -2.8611    8.0590    5.2130   -3.6133  -18.5348  -15.1347
    0.9026   -6.1639    4.5328   36.8315    0.1802  -37.1625
eta,q 0.97301 10.13602
  0.0273  0.0272  0.0272  0.0272  0.0272  0.0273  0.0272  0.0274  0.0272  0.0272  0.0271  0.0271
  0.0271  0.0271  0.0271  0.0271  0.0271  0.0271  0.0271  0.0271  0.0271  0.0271  0.0270  0.0270
  0.0270  0.0270  0.0270  0.0270  0.0270  0.0270  0.0270  0.0270  0.0270  0.0270  0.0270  0.0270
  0.0270  0.0270  0.0270  0.0270  0.0270  0.0270  0.0270  0.0270  0.0270  0.0270  0.0270  0.0270
  0.0270  0.0270  0.0270  0.0270  0.0270  0.0270  0.0270  0.0270  0.0270  0.0270  0.0270  0.0270
  0.0271  0.0271  0.0271  0.0271  0.0270  0.0271  0.0271  0.0272  0.0271  0.0271  0.0270  0.0270
  0.0273  0.0272  0.0271  0.0272  0.0271  0.0273  0.0272  0.0274  0.0272  0.0272  0.0271  0.0271
registration optimization eta report
parameter search radius
    0.8000    0.8000    0.8000    2.4000    2.4000    2.4000
    2.4000    2.4000    2.4000    2.4000    2.4000    2.4000
100000*second partial in parameter space
       49.       38.       26.        4.        3.        5.
        4.        7.        3.        4.        1.        2.
  0.0273  0.0272  0.0272  0.0272  0.0272  0.0273  0.0272  0.0274  0.0272  0.0272  0.0271  0.0271
  0.0271  0.0271  0.0271  0.0271  0.0271  0.0271  0.0271  0.0271  0.0271  0.0271  0.0270  0.0270
  0.0270  0.0270  0.0270  0.0270  0.0270  0.0270  0.0270  0.0270  0.0270  0.0270  0.0270  0.0270
  0.0270  0.0270  0.0270  0.0270  0.0270  0.0270  0.0270  0.0270  0.0270  0.0270  0.0270  0.0270
  0.0270  0.0270  0.0270  0.0270  0.0270  0.0270  0.0270  0.0270  0.0270  0.0270  0.0270  0.0270
  0.0271  0.0271  0.0271  0.0271  0.0270  0.0271  0.0271  0.0272  0.0271  0.0271  0.0270  0.0270
  0.0273  0.0272  0.0271  0.0272  0.0271  0.0273  0.0272  0.0274  0.0272  0.0272  0.0271  0.0271
   -2.8611    8.0590    5.2130   -3.6133  -18.5348  -15.1347
    0.9026   -6.1639    4.5328   36.8315    0.1802  -37.1625
eta,q 0.97301 10.13602

---------------------------------------------------------------------
compute_vox2vox talsrcimg talsrcimg_to_711-2C_as_mni_average_305_t4 /opt/freesurfer/average/711-2C_as_mni_average_305
---------------------------------------------------------------------

freesurfer compute_vox2vox.c
Reading: talsrcimg.4dfp.ifh
Reading: talsrcimg_to_711-2C_as_mni_average_305_t4
Reading: /opt/freesurfer/average/711-2C_as_mni_average_305.4dfp.ifh
Writing: talsrcimg_to_711-2C_as_mni_average_305_t4_vox2vox.txt

start time Thu Mar 12 11:15:07 CET 2026
end		time Thu Mar 12 11:15:21 CET 2026

mpr2mni305 success

avi2talxfm orig_nu.mgz /opt/freesurfer/average/mni305.cor.mgz talsrcimg_to_711-2C_as_mni_average_305_t4_vox2vox.txt transforms/talairach.auto.xfm
avi2talxfm done
mv -f /out/sourcedata/freesurfer/sub-v1s13x0050002_ses-1/mri/talsrcimg_to_711-2C_as_mni_average_305_t4_vox2vox.txt /out/sourcedata/freesurfer/sub-v1s13x0050002_ses-1/mri/transforms/talsrcimg_to_711-2C_as_mni_average_305_t4_vox2vox.txt
lta_convert --src orig_nu.mgz --trg /opt/freesurfer/average/mni305.cor.mgz --inxfm transforms/talairach.auto.xfm --outlta transforms/talairach.auto.xfm.lta --subject fsaverage
7.3.2

--src: orig_nu.mgz src image (geometry).
--trg: /opt/freesurfer/average/mni305.cor.mgz trg image (geometry).
--inmni: transforms/talairach.auto.xfm input MNI/XFM transform.
--outlta: transforms/talairach.auto.xfm.lta output LTA.
--s: fsaverage subject name
 LTA read, type : 1
 1.03647   0.06700   0.01908  -1.11957;
-0.02292   0.98212   0.44827  -8.65552;
-0.04731  -0.44776   1.02378   4.18233;
 0.00000   0.00000   0.00000   1.00000;
setting subject to fsaverage
Writing  LTA to file transforms/talairach.auto.xfm.lta...
lta_convert successful.
 
 
Started at Thu Mar 12 11:15:07 CET 2026
Ended   at Thu Mar 12 11:15:21 CET 2026
talairach_avi done
