/out/sourcedata/freesurfer/sub-v1s13x0050035_ses-1/mri
/opt/freesurfer/bin/talairach_avi
--i orig_nu.mgz --xfm transforms/talairach.auto.xfm
talairach_avi 7.3.2
Linux dna007 5.14.0-427.37.1.el9_4.x86_64 #1 SMP PREEMPT_DYNAMIC Fri Sep 13 12:41:50 EDT 2024 x86_64 x86_64 x86_64 GNU/Linux
Sun Mar  8 16:29:27 CET 2026
mri_convert orig_nu.mgz talsrcimg.img 
reading from orig_nu.mgz...
TR=0.00, TE=0.00, TI=0.00, flip angle=0.00
i_ras = (-1, 0, 0)
j_ras = (0, 0, -1)
k_ras = (0, 1, 0)
writing to talsrcimg.img...
Analyze Output Matrix
-1.00000   0.00000   0.00000   131.70416;
 0.00000   0.00000   1.00000  -174.54309;
 0.00000  -1.00000   0.00000   165.45767;
 0.00000   0.00000   0.00000   1.00000;
--------------------
INFO: set hdr.hist.orient to -1
mpr2mni305 talsrcimg
Sun Mar  8 16:29:28 CET 2026
/opt/freesurfer/bin/mpr2mni305 talsrcimg
mpr2mni305 7.3.2
target=711-2C_as_mni_average_305

---------------------------------------------------------------------
analyzeto4dfp talsrcimg -O0 -y
---------------------------------------------------------------------

freesurfer ifh2hdr.c
Sun Mar  8 16:29:28 2026
Writing: talsrcimg.4dfp.hdr
freesurfer analyzeto4dfp.c
Reading: talsrcimg.hdr
header size 348 bytes
hdr.dime.datatype	offset=70	value=2
hdr.dime.bitpix		offset=72	value=8
hdr.hist.orient		offset=252	value=-1
dimensionality     4
dimensions       256       256       256         1
Reading: talsrcimg.img
Writing: talsrcimg.4dfp.img
Writing: talsrcimg.4dfp.ifh
ifh2hdr talsrcimg -r0to234
ori=2

---------------------------------------------------------------------
gauss_4dfp talsrcimg 1.1
---------------------------------------------------------------------

freesurfer gauss_4dfp.c
Reading: talsrcimg.4dfp.img
Writing: talsrcimg_g11.4dfp.img
image dimensions 256 256 256 padded to 288 288 288
processing volume 1freesurfer ifh2hdr.c
Sun Mar  8 16:29:30 2026
Writing: talsrcimg_g11.4dfp.hdr

Writing: talsrcimg_g11.4dfp.ifh
including: talsrcimg.4dfp.img.rec in talsrcimg_g11.4dfp.img.rec

---------------------------------------------------------------------
imgreg_4dfp /opt/freesurfer/average/711-2C_as_mni_average_305 none talsrcimg_g11 none talsrcimg_to_711-2C_as_mni_average_305_t4 4355
---------------------------------------------------------------------

freesurfer imgreg_4dfp.c
/opt/freesurfer/average/711-2C_as_mni_average_305.4dfp.img
       256       256       256         1
  1.000000  1.000000  1.000000
orientation T byte_order littleendian
Reading image: /opt/freesurfer/average/711-2C_as_mni_average_305.4dfp.img
dimensions:      256       256       256
mmppix:       1.0000   -1.0000   -1.0000
center:     128.0000 -129.0000 -129.0000
talsrcimg_g11.4dfp.img
       256       256       256         1
  1.000000  1.000000  1.000000
orientation T byte_order littleendian
Reading image: talsrcimg_g11.4dfp.img
dimensions:      256       256       256
mmppix:       1.0000   -1.0000   -1.0000
center:     128.0000 -129.0000 -129.0000
t4_read: open error in t4_sub.f l:  41 t4_file(1:l)talsrcimg_to_711-2C_as_mni_average_305_t4 
t4_read: transform initialized to I4
rotation matrix determinant  1.000000
image alignment mode   4355 decimal     1103 hex
   -7.5000  -45.0000  -45.0000 8643.9434   13.9291
    0.0000  -45.0000  -45.0000 8975.2539   13.9310
    7.5000  -45.0000  -45.0000 8582.0156   13.9269
   -7.5000  -37.5000  -45.0000 9096.4756   13.8277
    0.0000  -37.5000  -45.0000 9449.7109   13.8298
    7.5000  -37.5000  -45.0000 9032.5176   13.8288
   -7.5000  -30.0000  -45.0000 9854.9189   13.7487
    0.0000  -30.0000  -45.000010235.1035   13.7542
    7.5000  -30.0000  -45.0000 9767.9951   13.7584
   -7.5000  -22.5000  -45.000010501.2266   13.6687
    0.0000  -22.5000  -45.000010917.3496   13.6775
    7.5000  -22.5000  -45.000010391.8311   13.6830
   -7.5000  -15.0000  -45.000011082.8643   13.6033
    0.0000  -15.0000  -45.000011528.6377   13.6132
    7.5000  -15.0000  -45.000010948.6162   13.6162
   -7.5000   -7.5000  -45.000011560.0527   13.5662
    0.0000   -7.5000  -45.000012029.5605   13.5734
    7.5000   -7.5000  -45.000011403.0693   13.5712
   -7.5000    0.0000  -45.000011910.5234   13.5417
    0.0000    0.0000  -45.000012404.0215   13.5454
    7.5000    0.0000  -45.000011743.6436   13.5400
   -7.5000    7.5000  -45.000011375.9600   13.5553
    0.0000    7.5000  -45.000011830.0078   13.5587
    7.5000    7.5000  -45.000011200.1016   13.5565
   -7.5000   15.0000  -45.000010706.9170   13.5846
    0.0000   15.0000  -45.000011149.0322   13.5903
    7.5000   15.0000  -45.000010559.2656   13.5925
   -7.5000   22.5000  -45.0000 9991.0156   13.7767
    0.0000   22.5000  -45.000010411.4199   13.7868
    7.5000   22.5000  -45.0000 9882.2432   13.7904
   -7.5000   30.0000  -45.0000 9298.2959   13.8520
    0.0000   30.0000  -45.0000 9691.3613   13.8612
    7.5000   30.0000  -45.0000 9201.1113   13.8598
   -7.5000   37.5000  -45.0000 8996.0918   14.1187
    0.0000   37.5000  -45.0000 9381.2256   14.1255
    7.5000   37.5000  -45.0000 8902.9727   14.1198
   -7.5000   45.0000  -45.0000 8342.8818   14.1045
    0.0000   45.0000  -45.0000 8693.3877   14.1081
    7.5000   45.0000  -45.0000 8258.7188   14.1038
   -7.5000  -45.0000  -37.5000 9274.1006   13.8240
    0.0000  -45.0000  -37.5000 9631.8867   13.8282
    7.5000  -45.0000  -37.5000 9195.9404   13.8300
   -7.5000  -37.5000  -37.5000 9780.2607   13.7215
    0.0000  -37.5000  -37.500010167.2217   13.7258
    7.5000  -37.5000  -37.5000 9687.7188   13.7305
   -7.5000  -30.0000  -37.500010609.5645   13.6442
    0.0000  -30.0000  -37.500011030.4580   13.6504
    7.5000  -30.0000  -37.500010499.9033   13.6597
   -7.5000  -22.5000  -37.500011333.5000   13.5661
    0.0000  -22.5000  -37.500011775.8408   13.5743
    7.5000  -22.5000  -37.500011178.5361   13.5846
   -7.5000  -15.0000  -37.500011930.3984   13.5008
    0.0000  -15.0000  -37.500012399.6572   13.5099
    7.5000  -15.0000  -37.500011759.4922   13.5175
   -7.5000   -7.5000  -37.500012425.2607   13.4610
    0.0000   -7.5000  -37.500012919.4531   13.4688
    7.5000   -7.5000  -37.500012224.6250   13.4714
   -7.5000    0.0000  -37.500012770.0537   13.4326
    0.0000    0.0000  -37.500013300.1621   13.4384
    7.5000    0.0000  -37.500012567.2168   13.4383
   -7.5000    7.5000  -37.500012147.3154   13.4452
    0.0000    7.5000  -37.500012636.2295   13.4506
    7.5000    7.5000  -37.500011963.0361   13.4538
   -7.5000   15.0000  -37.500011434.1836   13.4765
    0.0000   15.0000  -37.500011889.1758   13.4828
    7.5000   15.0000  -37.500011259.4639   13.4900
   -7.5000   22.5000  -37.500010682.1689   13.6684
    0.0000   22.5000  -37.500011113.1836   13.6778
    7.5000   22.5000  -37.500010525.0000   13.6863
   -7.5000   30.0000  -37.5000 9920.8926   13.7424
    0.0000   30.0000  -37.500010336.9531   13.7510
    7.5000   30.0000  -37.5000 9789.0420   13.7546
   -7.5000   37.5000  -37.5000 9542.3779   14.0035
    0.0000   37.5000  -37.5000 9963.7500   14.0113
    7.5000   37.5000  -37.5000 9443.0098   14.0098
   -7.5000   45.0000  -37.5000 8824.8818   13.9872
    0.0000   45.0000  -37.5000 9198.1055   13.9926
    7.5000   45.0000  -37.5000 8730.0840   13.9916
   -7.5000  -45.0000  -30.000010096.1562   14.3201
    0.0000  -45.0000  -30.000010484.7422   14.3278
    7.5000  -45.0000  -30.0000 9969.7188   14.3322
   -7.5000  -37.5000  -30.000010658.3008   14.2160
    0.0000  -37.5000  -30.000011077.3320   14.2239
    7.5000  -37.5000  -30.000010519.4736   14.2296
   -7.5000  -30.0000  -30.000011551.9316   14.1393
    0.0000  -30.0000  -30.000012018.8271   14.1477
    7.5000  -30.0000  -30.000011410.7432   14.1569
   -7.5000  -22.5000  -30.000012311.4092   14.0586
    0.0000  -22.5000  -30.000012823.3125   14.0673
    7.5000  -22.5000  -30.000012141.3311   14.0781
   -7.5000  -15.0000  -30.000012937.1377   13.9871
    0.0000  -15.0000  -30.000013450.8193   13.9963
    7.5000  -15.0000  -30.000012760.5693   14.0056
   -7.5000   -7.5000  -30.000013483.2070   13.9398
    0.0000   -7.5000  -30.000014020.5840   13.9490
    7.5000   -7.5000  -30.000013247.1299   13.9542
   -7.5000    0.0000  -30.000013872.6006   13.9063
    0.0000    0.0000  -30.000014412.9980   13.9152
    7.5000    0.0000  -30.000013600.2969   13.9174
   -7.5000    7.5000  -30.000013157.5303   13.9224
    0.0000    7.5000  -30.000013682.8584   13.9313
    7.5000    7.5000  -30.000012900.0371   13.9353
   -7.5000   15.0000  -30.000012311.1338   13.9607
    0.0000   15.0000  -30.000012817.2080   13.9692
    7.5000   15.0000  -30.000012085.8418   13.9761
   -7.5000   22.5000  -30.000011513.4648   14.1600
    0.0000   22.5000  -30.000011984.2764   14.1701
    7.5000   22.5000  -30.000011317.0518   14.1797
   -7.5000   30.0000  -30.000010685.7969   14.2401
    0.0000   30.0000  -30.000011124.1523   14.2489
    7.5000   30.0000  -30.000010526.7842   14.2557
   -7.5000   37.5000  -30.000010265.2441   14.5083
    0.0000   37.5000  -30.000010704.9990   14.5179
    7.5000   37.5000  -30.000010137.3135   14.5203
   -7.5000   45.0000  -30.0000 9466.1836   14.5006
    0.0000   45.0000  -30.0000 9863.0801   14.5087
    7.5000   45.0000  -30.0000 9349.3213   14.5104
   -7.5000  -45.0000  -22.500010899.3467   14.7985
    0.0000  -45.0000  -22.500011326.7158   14.8076
    7.5000  -45.0000  -22.500010740.3701   14.8067
   -7.5000  -37.5000  -22.500011509.9316   14.6907
    0.0000  -37.5000  -22.500011957.2139   14.7005
    7.5000  -37.5000  -22.500011342.1133   14.6989
   -7.5000  -30.0000  -22.500012436.4678   14.6130
    0.0000  -30.0000  -22.500012909.7871   14.6237
    7.5000  -30.0000  -22.500012265.4473   14.6250
   -7.5000  -22.5000  -22.500013233.7803   14.5296
    0.0000  -22.5000  -22.500013761.3174   14.5406
    7.5000  -22.5000  -22.500013056.0088   14.5450
   -7.5000  -15.0000  -22.500013906.0176   14.4527
    0.0000  -15.0000  -22.500014450.7627   14.4635
    7.5000  -15.0000  -22.500013715.6611   14.4683
   -7.5000   -7.5000  -22.500014495.5107   14.3976
    0.0000   -7.5000  -22.500015055.5977   14.4081
    7.5000   -7.5000  -22.500014235.0781   14.4093
   -7.5000    0.0000  -22.500014930.8604   14.3584
    0.0000    0.0000  -22.500015508.9482   14.3685
    7.5000    0.0000  -22.500014613.8604   14.3655
   -7.5000    7.5000  -22.500014128.7090   14.3771
    0.0000    7.5000  -22.500014707.8379   14.3876
    7.5000    7.5000  -22.500013825.3848   14.3844
   -7.5000   15.0000  -22.500013143.5986   14.4215
    0.0000   15.0000  -22.500013684.4248   14.4322
    7.5000   15.0000  -22.500012881.0654   14.4312
   -7.5000   22.5000  -22.500012295.9951   14.6286
    0.0000   22.5000  -22.500012811.0146   14.6409
    7.5000   22.5000  -22.500012063.2051   14.6445
   -7.5000   30.0000  -22.500011425.3799   14.7166
    0.0000   30.0000  -22.500011898.6260   14.7268
    7.5000   30.0000  -22.500011235.9697   14.7302
   -7.5000   37.5000  -22.500010956.8086   14.9906
    0.0000   37.5000  -22.500011427.3115   15.0011
    7.5000   37.5000  -22.500010805.6768   15.0019
   -7.5000   45.0000  -22.500010058.7314   14.9876
    0.0000   45.0000  -22.500010491.7295   14.9965
    7.5000   45.0000  -22.5000 9943.5205   14.9960
   -7.5000  -45.0000  -15.000011642.9082   15.1563
    0.0000  -45.0000  -15.000012113.5303   15.1639
    7.5000  -45.0000  -15.000011484.9619   15.1554
   -7.5000  -37.5000  -15.000012289.1123   15.0449
    0.0000  -37.5000  -15.000012771.9268   15.0536
    7.5000  -37.5000  -15.000012124.8359   15.0436
   -7.5000  -30.0000  -15.000013269.5732   14.9629
    0.0000  -30.0000  -15.000013772.9375   14.9745
    7.5000  -30.0000  -15.000013081.6426   14.9678
   -7.5000  -22.5000  -15.000014175.8691   14.8741
    0.0000  -22.5000  -15.000014709.6396   14.8876
    7.5000  -22.5000  -15.000013920.9736   14.8849
   -7.5000  -15.0000  -15.000014896.4619   14.7914
    0.0000  -15.0000  -15.000015465.4043   14.8045
    7.5000  -15.0000  -15.000014614.3574   14.8030
   -7.5000   -7.5000  -15.000015506.6631   14.7322
    0.0000   -7.5000  -15.000016096.1592   14.7429
    7.5000   -7.5000  -15.000015172.1484   14.7379
   -7.5000    0.0000  -15.000015984.7256   14.6911
    0.0000    0.0000  -15.000016585.7266   14.6997
    7.5000    0.0000  -15.000015565.4492   14.6896
   -7.5000    7.5000  -15.000015125.9502   14.7121
    0.0000    7.5000  -15.000015713.7588   14.7215
    7.5000    7.5000  -15.000014716.5176   14.7102
   -7.5000   15.0000  -15.000014048.8389   14.7581
    0.0000   15.0000  -15.000014606.1602   14.7696
    7.5000   15.0000  -15.000013705.6426   14.7607
   -7.5000   22.5000  -15.000013123.2285   14.9680
    0.0000   22.5000  -15.000013679.0029   14.9828
    7.5000   22.5000  -15.000012832.1611   14.9792
   -7.5000   30.0000  -15.000012176.8047   15.0597
    0.0000   30.0000  -15.000012679.6416   15.0718
    7.5000   30.0000  -15.000011927.5469   15.0687
   -7.5000   37.5000  -15.000011650.2109   15.3361
    0.0000   37.5000  -15.000012143.4863   15.3462
    7.5000   37.5000  -15.000011460.1680   15.3418
   -7.5000   45.0000  -15.000010701.0811   15.3370
    0.0000   45.0000  -15.000011152.2861   15.3446
    7.5000   45.0000  -15.000010549.9883   15.3392
   -7.5000  -45.0000   -7.500012402.3154   15.3209
    0.0000  -45.0000   -7.500012898.3750   15.3248
    7.5000  -45.0000   -7.500012251.9062   15.3144
   -7.5000  -37.5000   -7.500013102.8184   15.2047
    0.0000  -37.5000   -7.500013594.5479   15.2093
    7.5000  -37.5000   -7.500012925.7393   15.1997
   -7.5000  -30.0000   -7.500014144.7617   15.1139
    0.0000  -30.0000   -7.500014669.7490   15.1229
    7.5000  -30.0000   -7.500013924.0840   15.1178
   -7.5000  -22.5000   -7.500015100.7285   15.0177
    0.0000  -22.5000   -7.500015665.7783   15.0300
    7.5000  -22.5000   -7.500014816.8086   15.0278
   -7.5000  -15.0000   -7.500015886.6504   14.9323
    0.0000  -15.0000   -7.500016489.6934   14.9448
    7.5000  -15.0000   -7.500015535.2773   14.9420
   -7.5000   -7.5000   -7.500016544.5059   14.8755
    0.0000   -7.5000   -7.500017150.9648   14.8844
    7.5000   -7.5000   -7.500016144.3818   14.8770
   -7.5000    0.0000   -7.500017019.2324   14.8372
    0.0000    0.0000   -7.500017666.5664   14.8424
    7.5000    0.0000   -7.500016535.0508   14.8303
   -7.5000    7.5000   -7.500016085.9902   14.8577
    0.0000    7.5000   -7.500016721.5410   14.8632
    7.5000    7.5000   -7.500015611.6934   14.8522
   -7.5000   15.0000   -7.500014993.7197   14.8980
    0.0000   15.0000   -7.500015580.0352   14.9068
    7.5000   15.0000   -7.500014545.5635   14.8993
   -7.5000   22.5000   -7.500013975.2266   15.1036
    0.0000   22.5000   -7.500014559.0059   15.1171
    7.5000   22.5000   -7.500013601.9453   15.1132
   -7.5000   30.0000   -7.500012948.7383   15.1938
    0.0000   30.0000   -7.500013482.5244   15.2052
    7.5000   30.0000   -7.500012626.3623   15.1991
   -7.5000   37.5000   -7.500012370.8623   15.4707
    0.0000   37.5000   -7.500012904.6670   15.4789
    7.5000   37.5000   -7.500012132.9443   15.4703
   -7.5000   45.0000   -7.500011369.2617   15.4753
    0.0000   45.0000   -7.500011855.3486   15.4801
    7.5000   45.0000   -7.500011177.6963   15.4718
   -7.5000  -45.0000    0.000013097.9189   15.3089
    0.0000  -45.0000    0.000013633.1094   15.3110
    7.5000  -45.0000    0.000012962.3525   15.3047
   -7.5000  -37.5000    0.000013821.9102   15.1873
    0.0000  -37.5000    0.000014374.3291   15.1894
    7.5000  -37.5000    0.000013658.2627   15.1861
   -7.5000  -30.0000    0.000014931.8691   15.0893
    0.0000  -30.0000    0.000015525.0518   15.0951
    7.5000  -30.0000    0.000014717.9229   15.0974
   -7.5000  -22.5000    0.000015890.0879   14.9894
    0.0000  -22.5000    0.000016520.4043   14.9987
    7.5000  -22.5000    0.000015614.2441   15.0024
   -7.5000  -15.0000    0.000016739.7461   14.9051
    0.0000  -15.0000    0.000017379.0938   14.9156
    7.5000  -15.0000    0.000016386.5078   14.9163
   -7.5000   -7.5000    0.000017446.0938   14.8522
    0.0000   -7.5000    0.000018086.3398   14.8597
    7.5000   -7.5000    0.000017036.2949   14.8547
   -7.5000    0.0000    0.000017920.8867   14.8151
    0.0000    0.0000    0.000018610.3125   14.8185
    7.5000    0.0000    0.000017423.3828   14.8101
   -7.5000    7.5000    0.000016903.1973   14.8324
    0.0000    7.5000    0.000017556.3633   14.8354
    7.5000    7.5000    0.000016404.0449   14.8304
   -7.5000   15.0000    0.000015792.5732   14.8665
    0.0000   15.0000    0.000016385.6992   14.8721
    7.5000   15.0000    0.000015311.4893   14.8719
   -7.5000   22.5000    0.000014730.8145   15.0689
    0.0000   22.5000    0.000015310.0723   15.0793
    7.5000   22.5000    0.000014312.6445   15.0805
   -7.5000   30.0000    0.000013589.3096   15.1572
    0.0000   30.0000    0.000014138.0957   15.1667
    7.5000   30.0000    0.000013243.5049   15.1625
   -7.5000   37.5000    0.000013000.5107   15.4328
    0.0000   37.5000    0.000013525.4736   15.4397
    7.5000   37.5000    0.000012698.7441   15.4307
   -7.5000   45.0000    0.000011955.7773   15.4384
    0.0000   45.0000    0.000012477.0703   15.4418
    7.5000   45.0000    0.000011729.3936   15.4342
   -7.5000  -45.0000    7.500012799.0840   15.2801
    0.0000  -45.0000    7.500013331.0225   15.2848
    7.5000  -45.0000    7.500012700.5244   15.2851
   -7.5000  -37.5000    7.500013481.7666   15.1588
    0.0000  -37.5000    7.500014028.2275   15.1634
    7.5000  -37.5000    7.500013370.2832   15.1669
   -7.5000  -30.0000    7.500014537.6123   15.0633
    0.0000  -30.0000    7.500015127.0029   15.0698
    7.5000  -30.0000    7.500014375.4307   15.0784
   -7.5000  -22.5000    7.500015445.9717   14.9660
    0.0000  -22.5000    7.500016070.8721   14.9746
    7.5000  -22.5000    7.500015241.7969   14.9840
   -7.5000  -15.0000    7.500016275.2393   14.8835
    0.0000  -15.0000    7.500016890.6211   14.8931
    7.5000  -15.0000    7.500015997.7959   14.8993
   -7.5000   -7.5000    7.500017001.5645   14.8309
    0.0000   -7.5000    7.500017672.7832   14.8390
    7.5000   -7.5000    7.500016650.2051   14.8397
   -7.5000    0.0000    7.500017470.7461   14.7928
    0.0000    0.0000    7.500018191.7031   14.7985
    7.5000    0.0000    7.500017049.5742   14.7962
   -7.5000    7.5000    7.500016488.4883   14.8088
    0.0000    7.5000    7.500017146.2461   14.8142
    7.5000    7.5000    7.500016087.2373   14.8157
   -7.5000   15.0000    7.500015356.5928   14.8440
    0.0000   15.0000    7.500015947.4170   14.8503
    7.5000   15.0000    7.500014974.7080   14.8562
   -7.5000   22.5000    7.500014275.6787   15.0472
    0.0000   22.5000    7.500014837.7637   15.0569
    7.5000   22.5000    7.500013944.3477   15.0641
   -7.5000   30.0000    7.500013174.1475   15.1359
    0.0000   30.0000    7.500013690.6514   15.1446
    7.5000   30.0000    7.500012866.5635   15.1463
   -7.5000   37.5000    7.500012605.6191   15.4122
    0.0000   37.5000    7.500013098.2988   15.4201
    7.5000   37.5000    7.500012316.7549   15.4161
   -7.5000   45.0000    7.500011606.0215   15.4195
    0.0000   45.0000    7.500012092.2266   15.4247
    7.5000   45.0000    7.500011388.9463   15.4212
   -7.5000  -45.0000   15.000012332.6768   15.3267
    0.0000  -45.0000   15.000012854.4893   15.3349
    7.5000  -45.0000   15.000012289.3398   15.3377
   -7.5000  -37.5000   15.000012973.6855   15.2085
    0.0000  -37.5000   15.000013507.4766   15.2169
    7.5000  -37.5000   15.000012914.0391   15.2211
   -7.5000  -30.0000   15.000013966.5508   15.1194
    0.0000  -30.0000   15.000014539.7803   15.1283
    7.5000  -30.0000   15.000013881.8818   15.1362
   -7.5000  -22.5000   15.000014831.9053   15.0260
    0.0000  -22.5000   15.000015442.3809   15.0350
    7.5000  -22.5000   15.000014738.0156   15.0447
   -7.5000  -15.0000   15.000015662.1074   14.9423
    0.0000  -15.0000   15.000016291.9883   14.9517
    7.5000  -15.0000   15.000015473.7256   14.9596
   -7.5000   -7.5000   15.000016424.0586   14.8846
    0.0000   -7.5000   15.000017110.5781   14.8939
    7.5000   -7.5000   15.000016130.5059   14.8972
   -7.5000    0.0000   15.000016952.5137   14.8425
    0.0000    0.0000   15.000017665.2109   14.8513
    7.5000    0.0000   15.000016563.3809   14.8513
   -7.5000    7.5000   15.000016091.2080   14.8607
    0.0000    7.5000   15.000016743.4629   14.8696
    7.5000    7.5000   15.000015667.6641   14.8717
   -7.5000   15.0000   15.000014934.2715   14.9028
    0.0000   15.0000   15.000015486.5342   14.9114
    7.5000   15.0000   15.000014535.2021   14.9166
   -7.5000   22.5000   15.000013774.9883   15.1093
    0.0000   22.5000   15.000014282.4180   15.1196
    7.5000   22.5000   15.000013466.7549   15.1278
   -7.5000   30.0000   15.000012690.2666   15.1998
    0.0000   30.0000   15.000013129.7705   15.2086
    7.5000   30.0000   15.000012406.9336   15.2136
   -7.5000   37.5000   15.000012114.2754   15.4764
    0.0000   37.5000   15.000012554.7148   15.4858
    7.5000   37.5000   15.000011863.7754   15.4860
   -7.5000   45.0000   15.000011152.1934   15.4826
    0.0000   45.0000   15.000011599.7129   15.4904
    7.5000   45.0000   15.000010950.0283   15.4897
   -7.5000  -45.0000   22.500011743.3848   15.4187
    0.0000  -45.0000   22.500012252.7568   15.4281
    7.5000  -45.0000   22.500011758.1689   15.4252
   -7.5000  -37.5000   22.500012350.1729   15.3049
    0.0000  -37.5000   22.500012886.6953   15.3148
    7.5000  -37.5000   22.500012360.9502   15.3112
   -7.5000  -30.0000   22.500013314.0488   15.2222
    0.0000  -30.0000   22.500013877.3076   15.2331
    7.5000  -30.0000   22.500013293.0410   15.2326
   -7.5000  -22.5000   22.500014172.0322   15.1326
    0.0000  -22.5000   22.500014759.7500   15.1436
    7.5000  -22.5000   22.500014104.5293   15.1462
   -7.5000  -15.0000   22.500014934.1006   15.0485
    0.0000  -15.0000   22.500015550.7695   15.0591
    7.5000  -15.0000   22.500014785.8828   15.0620
   -7.5000   -7.5000   22.500015629.5850   14.9874
    0.0000   -7.5000   22.500016258.1279   14.9975
    7.5000   -7.5000   22.500015353.2871   14.9965
   -7.5000    0.0000   22.500016160.8867   14.9441
    0.0000    0.0000   22.500016787.2754   14.9539
    7.5000    0.0000   22.500015767.4580   14.9485
   -7.5000    7.5000   22.500015383.2744   14.9651
    0.0000    7.5000   22.500015982.0576   14.9754
    7.5000    7.5000   22.500014970.5459   14.9698
   -7.5000   15.0000   22.500014302.5596   15.0130
    0.0000   15.0000   22.500014831.7354   15.0236
    7.5000   15.0000   22.500013915.1523   15.0205
   -7.5000   22.5000   22.500013185.5498   15.2218
    0.0000   22.5000   22.500013665.0869   15.2340
    7.5000   22.5000   22.500012906.3027   15.2355
   -7.5000   30.0000   22.500012124.3936   15.3130
    0.0000   30.0000   22.500012543.3184   15.3228
    7.5000   30.0000   22.500011917.0439   15.3241
   -7.5000   37.5000   22.500011595.4033   15.5908
    0.0000   37.5000   22.500011959.6172   15.6007
    7.5000   37.5000   22.500011402.9854   15.5991
   -7.5000   45.0000   22.500010677.2578   15.5936
    0.0000   45.0000   22.500011048.2754   15.6019
    7.5000   45.0000   22.500010515.6094   15.5989
   -7.5000  -45.0000   30.000011091.7344   15.5249
    0.0000  -45.0000   30.000011567.6172   15.5325
    7.5000  -45.0000   30.000011100.1748   15.5215
   -7.5000  -37.5000   30.000011675.3350   15.4142
    0.0000  -37.5000   30.000012188.0850   15.4228
    7.5000  -37.5000   30.000011668.9580   15.4102
   -7.5000  -30.0000   30.000012595.5293   15.3334
    0.0000  -30.0000   30.000013139.1592   15.3451
    7.5000  -30.0000   30.000012561.0879   15.3360
   -7.5000  -22.5000   30.000013410.3096   15.2439
    0.0000  -22.5000   30.000013979.9658   15.2575
    7.5000  -22.5000   30.000013335.3926   15.2523
   -7.5000  -15.0000   30.000014121.6895   15.1595
    0.0000  -15.0000   30.000014707.5908   15.1723
    7.5000  -15.0000   30.000013989.7373   15.1682
   -7.5000   -7.5000   30.000014702.8213   15.0993
    0.0000   -7.5000   30.000015280.3564   15.1095
    7.5000   -7.5000   30.000014514.4453   15.1018
   -7.5000    0.0000   30.000015109.2725   15.0590
    0.0000    0.0000   30.000015677.8799   15.0672
    7.5000    0.0000   30.000014888.0225   15.0541
   -7.5000    7.5000   30.000014366.1064   15.0820
    0.0000    7.5000   30.000014903.4980   15.0910
    7.5000    7.5000   30.000014131.6006   15.0768
   -7.5000   15.0000   30.000013391.3301   15.1307
    0.0000   15.0000   30.000013900.3652   15.1419
    7.5000   15.0000   30.000013146.4062   15.1302
   -7.5000   22.5000   30.000012450.8008   15.3376
    0.0000   22.5000   30.000012926.7227   15.3521
    7.5000   22.5000   30.000012252.3203   15.3458
   -7.5000   30.0000   30.000011507.4473   15.4267
    0.0000   30.0000   30.000011939.3223   15.4384
    7.5000   30.0000   30.000011350.8936   15.4326
   -7.5000   37.5000   30.000011026.3154   15.7057
    0.0000   37.5000   30.000011419.9365   15.7151
    7.5000   37.5000   30.000010872.9355   15.7078
   -7.5000   45.0000   30.000010128.2979   15.7063
    0.0000   45.0000   30.000010521.1221   15.7131
    7.5000   45.0000   30.000010004.8467   15.7047
   -7.5000  -45.0000   37.500010846.0039   15.5861
    0.0000  -45.0000   37.500011312.8945   15.5896
    7.5000  -45.0000   37.500010816.3574   15.5758
   -7.5000  -37.5000   37.500011413.7090   15.4730
    0.0000  -37.5000   37.500011897.9990   15.4771
    7.5000  -37.5000   37.500011363.6201   15.4640
   -7.5000  -30.0000   37.500012298.2295   15.3862
    0.0000  -30.0000   37.500012820.7051   15.3947
    7.5000  -30.0000   37.500012223.7910   15.3863
   -7.5000  -22.5000   37.500013075.7119   15.2926
    0.0000  -22.5000   37.500013649.4658   15.3045
    7.5000  -22.5000   37.500012986.5693   15.2991
   -7.5000  -15.0000   37.500013753.0098   15.2085
    0.0000  -15.0000   37.500014334.8242   15.2205
    7.5000  -15.0000   37.500013635.3604   15.2143
   -7.5000   -7.5000   37.500014317.8838   15.1529
    0.0000   -7.5000   37.500014888.1621   15.1611
    7.5000   -7.5000   37.500014173.8896   15.1501
   -7.5000    0.0000   37.500014697.3047   15.1169
    0.0000    0.0000   37.500015265.9639   15.1211
    7.5000    0.0000   37.500014553.8604   15.1052
   -7.5000    7.5000   37.500013947.1865   15.1386
    0.0000    7.5000   37.500014479.8906   15.1432
    7.5000    7.5000   37.500013792.0352   15.1285
   -7.5000   15.0000   37.500013022.5752   15.1813
    0.0000   15.0000   37.500013493.4980   15.1893
    7.5000   15.0000   37.500012846.6494   15.1783
   -7.5000   22.5000   37.500012150.7373   15.3829
    0.0000   22.5000   37.500012578.6875   15.3956
    7.5000   22.5000   37.500011971.1768   15.3883
   -7.5000   30.0000   37.500011261.0107   15.4682
    0.0000   30.0000   37.500011654.8027   15.4789
    7.5000   30.0000   37.500011092.7500   15.4691
   -7.5000   37.5000   37.500010803.4609   15.7467
    0.0000   37.5000   37.500011188.1201   15.7537
    7.5000   37.5000   37.500010640.3984   15.7413
   -7.5000   45.0000   37.5000 9915.7080   15.7469
    0.0000   45.0000   37.500010289.3584   15.7502
    7.5000   45.0000   37.5000 9787.0205   15.7383
   -7.5000  -45.0000   45.000010071.4248   15.6021
    0.0000  -45.0000   45.000010489.1182   15.6037
    7.5000  -45.0000   45.000010050.0371   15.5938
   -7.5000  -37.5000   45.000010586.9102   15.4887
    0.0000  -37.5000   45.000011045.1650   15.4903
    7.5000  -37.5000   45.000010552.3379   15.4835
   -7.5000  -30.0000   45.000011399.3174   15.3999
    0.0000  -30.0000   45.000011895.7432   15.4053
    7.5000  -30.0000   45.000011350.1045   15.4044
   -7.5000  -22.5000   45.000012106.9639   15.3058
    0.0000  -22.5000   45.000012638.9648   15.3149
    7.5000  -22.5000   45.000012042.6191   15.3155
   -7.5000  -15.0000   45.000012720.7637   15.2248
    0.0000  -15.0000   45.000013262.1670   15.2349
    7.5000  -15.0000   45.000012621.5859   15.2325
   -7.5000   -7.5000   45.000013239.8809   15.1759
    0.0000   -7.5000   45.000013772.1689   15.1827
    7.5000   -7.5000   45.000013124.3730   15.1741
   -7.5000    0.0000   45.000013571.9990   15.1449
    0.0000    0.0000   45.000014110.5176   15.1473
    7.5000    0.0000   45.000013458.8076   15.1350
   -7.5000    7.5000   45.000012872.5117   15.1646
    0.0000    7.5000   45.000013378.0479   15.1667
    7.5000    7.5000   45.000012735.1650   15.1579
   -7.5000   15.0000   45.000012027.4795   15.2019
    0.0000   15.0000   45.000012498.6289   15.2068
    7.5000   15.0000   45.000011881.4668   15.2032
   -7.5000   22.5000   45.000011238.7373   15.3997
    0.0000   22.5000   45.000011656.4971   15.4096
    7.5000   22.5000   45.000011093.2256   15.4077
   -7.5000   30.0000   45.000010425.2617   15.4805
    0.0000   30.0000   45.000010810.0361   15.4894
    7.5000   30.0000   45.000010296.4014   15.4818
   -7.5000   37.5000   45.0000 9987.9375   15.7621
    0.0000   37.5000   45.000010368.5420   15.7680
    7.5000   37.5000   45.0000 9883.6777   15.7552
   -7.5000   45.0000   45.0000 9179.1191   15.7744
    0.0000   45.0000   45.0000 9526.9785   15.7764
    7.5000   45.0000   45.0000 9081.7100   15.7650

---------------------------------------------------------------------
imgreg_4dfp /opt/freesurfer/average/711-2C_as_mni_average_305 /opt/freesurfer/average/711-2B_as_mni_average_305_mask talsrcimg_g11 none talsrcimg_to_711-2C_as_mni_average_305_t4 4355
---------------------------------------------------------------------

freesurfer imgreg_4dfp.c
/opt/freesurfer/average/711-2C_as_mni_average_305.4dfp.img
       256       256       256         1
  1.000000  1.000000  1.000000
orientation T byte_order littleendian
Reading image: /opt/freesurfer/average/711-2C_as_mni_average_305.4dfp.img
dimensions:      256       256       256
mmppix:       1.0000   -1.0000   -1.0000
center:     128.0000 -129.0000 -129.0000
/opt/freesurfer/average/711-2B_as_mni_average_305_mask.4dfp.img
       256       256       256         1
  1.000000  1.000000  1.000000
orientation T byte_order littleendian
Reading mask: /opt/freesurfer/average/711-2B_as_mni_average_305_mask.4dfp.img (2306576 pixels)
talsrcimg_g11.4dfp.img
       256       256       256         1
  1.000000  1.000000  1.000000
orientation T byte_order littleendian
Reading image: talsrcimg_g11.4dfp.img
dimensions:      256       256       256
mmppix:       1.0000   -1.0000   -1.0000
center:     128.0000 -129.0000 -129.0000
rotation matrix determinant  1.000000
image alignment mode   4355 decimal     1103 hex
   -7.5000  -45.0000  -45.0000 2151.6106   19.2808
    0.0000  -45.0000  -45.0000 2155.4983   19.2504
    7.5000  -45.0000  -45.0000 2138.4028   19.4544
   -7.5000  -37.5000  -45.0000 2181.1982   18.5234
    0.0000  -37.5000  -45.0000 2185.9070   18.5307
    7.5000  -37.5000  -45.0000 2170.8586   18.7418
   -7.5000  -30.0000  -45.0000 2204.0647   17.9395
    0.0000  -30.0000  -45.0000 2207.4419   17.9247
    7.5000  -30.0000  -45.0000 2192.1516   18.1543
   -7.5000  -22.5000  -45.0000 2228.8547   17.3898
    0.0000  -22.5000  -45.0000 2233.9070   17.4045
    7.5000  -22.5000  -45.0000 2216.0361   17.6229
   -7.5000  -15.0000  -45.0000 2234.4084   17.0336
    0.0000  -15.0000  -45.0000 2239.4363   17.0357
    7.5000  -15.0000  -45.0000 2225.7825   17.2176
   -7.5000   -7.5000  -45.0000 2233.6968   16.8709
    0.0000   -7.5000  -45.0000 2240.2769   16.8550
    7.5000   -7.5000  -45.0000 2224.5066   17.0564
   -7.5000    0.0000  -45.0000 2225.2917   16.8108
    0.0000    0.0000  -45.0000 2233.0427   16.8074
    7.5000    0.0000  -45.0000 2214.0210   17.0222
   -7.5000    7.5000  -45.0000 2217.9929   16.9344
    0.0000    7.5000  -45.0000 2225.6147   16.9000
    7.5000    7.5000  -45.0000 2203.6968   17.1758
   -7.5000   15.0000  -45.0000 2191.4832   17.3630
    0.0000   15.0000  -45.0000 2201.8347   17.3379
    7.5000   15.0000  -45.0000 2178.0718   17.6273
   -7.5000   22.5000  -45.0000 2154.3704   18.1424
    0.0000   22.5000  -45.0000 2165.3682   18.0996
    7.5000   22.5000  -45.0000 2146.0227   18.4264
   -7.5000   30.0000  -45.0000 2104.2197   19.2455
    0.0000   30.0000  -45.0000 2116.7190   19.2235
    7.5000   30.0000  -45.0000 2093.3416   19.5242
   -7.5000   37.5000  -45.0000 2044.0765   20.8009
    0.0000   37.5000  -45.0000 2055.5090   20.7603
    7.5000   37.5000  -45.0000 2029.1073   21.0898
   -7.5000   45.0000  -45.0000 1966.7067   22.8194
    0.0000   45.0000  -45.0000 1979.0947   22.7385
    7.5000   45.0000  -45.0000 1956.3029   23.1492
   -7.5000  -45.0000  -37.5000 2249.5063   17.5302
    0.0000  -45.0000  -37.5000 2251.2812   17.5465
    7.5000  -45.0000  -37.5000 2232.4753   17.7185
   -7.5000  -37.5000  -37.5000 2285.7080   16.8720
    0.0000  -37.5000  -37.5000 2289.4741   16.8796
    7.5000  -37.5000  -37.5000 2271.7297   17.0555
   -7.5000  -30.0000  -37.5000 2315.2717   16.4022
    0.0000  -30.0000  -37.5000 2316.7708   16.4215
    7.5000  -30.0000  -37.5000 2303.2368   16.5608
   -7.5000  -22.5000  -37.5000 2343.1450   15.9665
    0.0000  -22.5000  -37.5000 2345.5298   15.9745
    7.5000  -22.5000  -37.5000 2326.2759   16.1056
   -7.5000  -15.0000  -37.5000 2349.2327   15.6210
    0.0000  -15.0000  -37.5000 2352.5715   15.6099
    7.5000  -15.0000  -37.5000 2333.7295   15.7400
   -7.5000   -7.5000  -37.5000 2339.6062   15.4812
    0.0000   -7.5000  -37.5000 2346.0715   15.4816
    7.5000   -7.5000  -37.5000 2325.5754   15.6294
   -7.5000    0.0000  -37.5000 2323.7471   15.4697
    0.0000    0.0000  -37.5000 2335.0981   15.4521
    7.5000    0.0000  -37.5000 2313.0396   15.6232
   -7.5000    7.5000  -37.5000 2315.1079   15.5293
    0.0000    7.5000  -37.5000 2321.2891   15.5230
    7.5000    7.5000  -37.5000 2304.4932   15.7216
   -7.5000   15.0000  -37.5000 2293.3108   15.9022
    0.0000   15.0000  -37.5000 2303.3691   15.8668
    7.5000   15.0000  -37.5000 2281.5508   16.0980
   -7.5000   22.5000  -37.5000 2258.4766   16.5726
    0.0000   22.5000  -37.5000 2269.4602   16.5399
    7.5000   22.5000  -37.5000 2244.8445   16.8009
   -7.5000   30.0000  -37.5000 2205.2009   17.5800
    0.0000   30.0000  -37.5000 2218.9597   17.5491
    7.5000   30.0000  -37.5000 2193.2764   17.8363
   -7.5000   37.5000  -37.5000 2136.3630   19.0091
    0.0000   37.5000  -37.5000 2150.1914   18.9505
    7.5000   37.5000  -37.5000 2125.2983   19.2498
   -7.5000   45.0000  -37.5000 2054.2305   20.8731
    0.0000   45.0000  -37.5000 2062.8215   20.7797
    7.5000   45.0000  -37.5000 2044.0706   21.1046
   -7.5000  -45.0000  -30.0000 2389.9014   16.6643
    0.0000  -45.0000  -30.0000 2395.6560   16.6947
    7.5000  -45.0000  -30.0000 2371.4812   16.8410
   -7.5000  -37.5000  -30.0000 2432.8970   16.0312
    0.0000  -37.5000  -30.0000 2437.1509   16.0363
    7.5000  -37.5000  -30.0000 2413.9800   16.1949
   -7.5000  -30.0000  -30.0000 2463.5532   15.5923
    0.0000  -30.0000  -30.0000 2468.8684   15.5910
    7.5000  -30.0000  -30.0000 2449.7664   15.7276
   -7.5000  -22.5000  -30.0000 2489.6567   15.2129
    0.0000  -22.5000  -30.0000 2498.3430   15.2044
    7.5000  -22.5000  -30.0000 2470.3245   15.3034
   -7.5000  -15.0000  -30.0000 2492.7412   14.8692
    0.0000  -15.0000  -30.0000 2500.1785   14.8335
    7.5000  -15.0000  -30.0000 2480.2046   14.9540
   -7.5000   -7.5000  -30.0000 2488.9082   14.7371
    0.0000   -7.5000  -30.0000 2499.4102   14.7040
    7.5000   -7.5000  -30.0000 2473.3127   14.8354
   -7.5000    0.0000  -30.0000 2475.3870   14.7361
    0.0000    0.0000  -30.0000 2483.3420   14.7220
    7.5000    0.0000  -30.0000 2461.8191   14.8437
   -7.5000    7.5000  -30.0000 2461.5796   14.8306
    0.0000    7.5000  -30.0000 2471.8298   14.8119
    7.5000    7.5000  -30.0000 2446.5200   14.9635
   -7.5000   15.0000  -30.0000 2435.7083   15.1598
    0.0000   15.0000  -30.0000 2449.9456   15.1054
    7.5000   15.0000  -30.0000 2421.8772   15.3120
   -7.5000   22.5000  -30.0000 2399.6665   15.7316
    0.0000   22.5000  -30.0000 2413.0737   15.6973
    7.5000   22.5000  -30.0000 2385.6084   15.9321
   -7.5000   30.0000  -30.0000 2340.7583   16.6947
    0.0000   30.0000  -30.0000 2354.0308   16.6590
    7.5000   30.0000  -30.0000 2329.3962   16.9084
   -7.5000   37.5000  -30.0000 2271.0413   18.0641
    0.0000   37.5000  -30.0000 2283.2107   18.0274
    7.5000   37.5000  -30.0000 2259.7666   18.2753
   -7.5000   45.0000  -30.0000 2179.7092   19.8670
    0.0000   45.0000  -30.0000 2188.7698   19.7998
    7.5000   45.0000  -30.0000 2165.9946   20.0283
   -7.5000  -45.0000  -22.5000 2504.5522   15.7525
    0.0000  -45.0000  -22.5000 2512.4973   15.7609
    7.5000  -45.0000  -22.5000 2483.7441   15.9100
   -7.5000  -37.5000  -22.5000 2547.9126   15.1485
    0.0000  -37.5000  -22.5000 2557.0652   15.1446
    7.5000  -37.5000  -22.5000 2530.3489   15.3019
   -7.5000  -30.0000  -22.5000 2574.1355   14.6798
    0.0000  -30.0000  -22.5000 2580.4617   14.6680
    7.5000  -30.0000  -22.5000 2559.8975   14.8180
   -7.5000  -22.5000  -22.5000 2598.5337   14.3286
    0.0000  -22.5000  -22.5000 2609.0535   14.2964
    7.5000  -22.5000  -22.5000 2582.7859   14.4138
   -7.5000  -15.0000  -22.5000 2601.8730   14.0339
    0.0000  -15.0000  -22.5000 2614.4568   13.9993
    7.5000  -15.0000  -22.5000 2594.2571   14.1181
   -7.5000   -7.5000  -22.5000 2610.0310   13.8916
    0.0000   -7.5000  -22.5000 2620.9214   13.8446
    7.5000   -7.5000  -22.5000 2597.6602   13.9583
   -7.5000    0.0000  -22.5000 2604.7964   13.9166
    0.0000    0.0000  -22.5000 2612.9492   13.8771
    7.5000    0.0000  -22.5000 2585.9951   13.9850
   -7.5000    7.5000  -22.5000 2589.1167   14.0470
    0.0000    7.5000  -22.5000 2602.7012   14.0149
    7.5000    7.5000  -22.5000 2571.4521   14.1289
   -7.5000   15.0000  -22.5000 2559.2134   14.3409
    0.0000   15.0000  -22.5000 2575.4072   14.2933
    7.5000   15.0000  -22.5000 2543.1465   14.4686
   -7.5000   22.5000  -22.5000 2518.6245   14.8981
    0.0000   22.5000  -22.5000 2536.8083   14.8447
    7.5000   22.5000  -22.5000 2506.3213   15.0319
   -7.5000   30.0000  -22.5000 2458.9844   15.8192
    0.0000   30.0000  -22.5000 2476.7756   15.7646
    7.5000   30.0000  -22.5000 2445.0664   15.9602
   -7.5000   37.5000  -22.5000 2375.7527   17.0629
    0.0000   37.5000  -22.5000 2393.4993   17.0348
    7.5000   37.5000  -22.5000 2362.7976   17.2433
   -7.5000   45.0000  -22.5000 2272.6106   18.7605
    0.0000   45.0000  -22.5000 2286.1248   18.7133
    7.5000   45.0000  -22.5000 2259.5022   18.9160
   -7.5000  -45.0000  -15.0000 2577.1448   14.8861
    0.0000  -45.0000  -15.0000 2585.8738   14.8888
    7.5000  -45.0000  -15.0000 2553.9556   15.0916
   -7.5000  -37.5000  -15.0000 2618.6646   14.2805
    0.0000  -37.5000  -15.0000 2628.5471   14.2701
    7.5000  -37.5000  -15.0000 2600.1541   14.4625
   -7.5000  -30.0000  -15.0000 2648.1313   13.7897
    0.0000  -30.0000  -15.0000 2655.5200   13.7645
    7.5000  -30.0000  -15.0000 2633.8765   13.9495
   -7.5000  -22.5000  -15.0000 2679.1040   13.4139
    0.0000  -22.5000  -15.0000 2690.1504   13.3920
    7.5000  -22.5000  -15.0000 2665.6985   13.5431
   -7.5000  -15.0000  -15.0000 2691.0837   13.1711
    0.0000  -15.0000  -15.0000 2703.8735   13.1392
    7.5000  -15.0000  -15.0000 2681.0684   13.2479
   -7.5000   -7.5000  -15.0000 2703.6104   13.0301
    0.0000   -7.5000  -15.0000 2716.4048   12.9945
    7.5000   -7.5000  -15.0000 2691.1538   13.0963
   -7.5000    0.0000  -15.0000 2706.9558   13.0705
    0.0000    0.0000  -15.0000 2719.9211   13.0308
    7.5000    0.0000  -15.0000 2685.6272   13.1240
   -7.5000    7.5000  -15.0000 2696.0876   13.2189
    0.0000    7.5000  -15.0000 2712.1465   13.1850
    7.5000    7.5000  -15.0000 2673.9443   13.2831
   -7.5000   15.0000  -15.0000 2666.2881   13.5251
    0.0000   15.0000  -15.0000 2684.1316   13.4923
    7.5000   15.0000  -15.0000 2647.7366   13.6324
   -7.5000   22.5000  -15.0000 2625.7983   14.0751
    0.0000   22.5000  -15.0000 2645.6199   14.0399
    7.5000   22.5000  -15.0000 2607.5469   14.1976
   -7.5000   30.0000  -15.0000 2552.0728   14.9683
    0.0000   30.0000  -15.0000 2570.4146   14.9182
    7.5000   30.0000  -15.0000 2535.5886   15.0999
   -7.5000   37.5000  -15.0000 2459.3315   16.1733
    0.0000   37.5000  -15.0000 2475.6724   16.1326
    7.5000   37.5000  -15.0000 2445.7322   16.3208
   -7.5000   45.0000  -15.0000 2346.7224   17.7804
    0.0000   45.0000  -15.0000 2359.3787   17.7295
    7.5000   45.0000  -15.0000 2336.5989   17.9400
   -7.5000  -45.0000   -7.5000 2623.6509   14.1890
    0.0000  -45.0000   -7.5000 2630.6716   14.1754
    7.5000  -45.0000   -7.5000 2602.3909   14.3900
   -7.5000  -37.5000   -7.5000 2672.9463   13.5342
    0.0000  -37.5000   -7.5000 2679.2542   13.4909
    7.5000  -37.5000   -7.5000 2651.8696   13.7068
   -7.5000  -30.0000   -7.5000 2707.6226   12.9942
    0.0000  -30.0000   -7.5000 2711.2915   12.9490
    7.5000  -30.0000   -7.5000 2687.5056   13.1592
   -7.5000  -22.5000   -7.5000 2745.8953   12.5908
    0.0000  -22.5000   -7.5000 2756.3286   12.5490
    7.5000  -22.5000   -7.5000 2728.5598   12.7192
   -7.5000  -15.0000   -7.5000 2768.0989   12.3393
    0.0000  -15.0000   -7.5000 2780.9402   12.3023
    7.5000  -15.0000   -7.5000 2755.5515   12.4483
   -7.5000   -7.5000   -7.5000 2784.7000   12.2193
    0.0000   -7.5000   -7.5000 2798.3210   12.1895
    7.5000   -7.5000   -7.5000 2771.7046   12.3170
   -7.5000    0.0000   -7.5000 2792.3091   12.2546
    0.0000    0.0000   -7.5000 2808.8523   12.2221
    7.5000    0.0000   -7.5000 2774.6196   12.3335
   -7.5000    7.5000   -7.5000 2789.5574   12.4115
    0.0000    7.5000   -7.5000 2811.7183   12.3850
    7.5000    7.5000   -7.5000 2767.3481   12.5090
   -7.5000   15.0000   -7.5000 2762.1267   12.7312
    0.0000   15.0000   -7.5000 2782.9126   12.7041
    7.5000   15.0000   -7.5000 2741.2075   12.8350
   -7.5000   22.5000   -7.5000 2710.5037   13.3036
    0.0000   22.5000   -7.5000 2732.4966   13.2799
    7.5000   22.5000   -7.5000 2694.1816   13.4095
   -7.5000   30.0000   -7.5000 2629.6685   14.1753
    0.0000   30.0000   -7.5000 2646.3726   14.1325
    7.5000   30.0000   -7.5000 2613.1716   14.2873
   -7.5000   37.5000   -7.5000 2524.9832   15.3561
    0.0000   37.5000   -7.5000 2541.3196   15.3246
    7.5000   37.5000   -7.5000 2509.7881   15.4796
   -7.5000   45.0000   -7.5000 2401.1099   16.9090
    0.0000   45.0000   -7.5000 2414.5403   16.8589
    7.5000   45.0000   -7.5000 2390.7720   17.0425
   -7.5000  -45.0000    0.0000 2656.3247   13.6477
    0.0000  -45.0000    0.0000 2663.7168   13.6202
    7.5000  -45.0000    0.0000 2640.5349   13.8622
   -7.5000  -37.5000    0.0000 2703.6843   12.9281
    0.0000  -37.5000    0.0000 2711.5959   12.9031
    7.5000  -37.5000    0.0000 2685.2363   13.1331
   -7.5000  -30.0000    0.0000 2747.6995   12.3670
    0.0000  -30.0000    0.0000 2757.9495   12.3346
    7.5000  -30.0000    0.0000 2727.9897   12.5504
   -7.5000  -22.5000    0.0000 2795.9026   11.9401
    0.0000  -22.5000    0.0000 2807.3679   11.9031
    7.5000  -22.5000    0.0000 2776.6545   12.1046
   -7.5000  -15.0000    0.0000 2836.0271   11.6703
    0.0000  -15.0000    0.0000 2850.7849   11.6212
    7.5000  -15.0000    0.0000 2819.6128   11.7996
   -7.5000   -7.5000    0.0000 2857.7361   11.5937
    0.0000   -7.5000    0.0000 2875.2573   11.5285
    7.5000   -7.5000    0.0000 2845.9719   11.6836
   -7.5000    0.0000    0.0000 2877.3447   11.6310
    0.0000    0.0000    0.0000 2899.8313   11.5912
    7.5000    0.0000    0.0000 2858.5002   11.7502
   -7.5000    7.5000    0.0000 2876.5645   11.7871
    0.0000    7.5000    0.0000 2902.9951   11.7506
    7.5000    7.5000    0.0000 2852.3706   11.9257
   -7.5000   15.0000    0.0000 2846.2383   12.1029
    0.0000   15.0000    0.0000 2866.5225   12.0825
    7.5000   15.0000    0.0000 2822.3184   12.2525
   -7.5000   22.5000    0.0000 2779.9861   12.6651
    0.0000   22.5000    0.0000 2803.1499   12.6361
    7.5000   22.5000    0.0000 2765.6379   12.8108
   -7.5000   30.0000    0.0000 2682.3347   13.5273
    0.0000   30.0000    0.0000 2702.9377   13.4951
    7.5000   30.0000    0.0000 2668.4036   13.6826
   -7.5000   37.5000    0.0000 2569.5898   14.6994
    0.0000   37.5000    0.0000 2585.2292   14.6751
    7.5000   37.5000    0.0000 2551.2637   14.8657
   -7.5000   45.0000    0.0000 2439.4165   16.2293
    0.0000   45.0000    0.0000 2458.0520   16.2028
    7.5000   45.0000    0.0000 2427.6938   16.3961
   -7.5000  -45.0000    7.5000 2676.9207   13.2552
    0.0000  -45.0000    7.5000 2685.4478   13.2277
    7.5000  -45.0000    7.5000 2660.7427   13.5171
   -7.5000  -37.5000    7.5000 2722.5232   12.5008
    0.0000  -37.5000    7.5000 2730.4172   12.4582
    7.5000  -37.5000    7.5000 2708.3369   12.7641
   -7.5000  -30.0000    7.5000 2766.6467   11.9340
    0.0000  -30.0000    7.5000 2780.0613   11.8800
    7.5000  -30.0000    7.5000 2751.7200   12.1465
   -7.5000  -22.5000    7.5000 2820.7078   11.4976
    0.0000  -22.5000    7.5000 2836.8782   11.4471
    7.5000  -22.5000    7.5000 2803.2776   11.6890
   -7.5000  -15.0000    7.5000 2876.4192   11.2202
    0.0000  -15.0000    7.5000 2895.9722   11.1466
    7.5000  -15.0000    7.5000 2858.3147   11.3770
   -7.5000   -7.5000    7.5000 2921.6460   11.1435
    0.0000   -7.5000    7.5000 2944.4348   11.0598
    7.5000   -7.5000    7.5000 2900.9087   11.2840
   -7.5000    0.0000    7.5000 2953.6445   11.2314
    0.0000    0.0000    7.5000 2983.6804   11.1569
    7.5000    0.0000    7.5000 2922.7827   11.3766
   -7.5000    7.5000    7.5000 2949.8022   11.3973
    0.0000    7.5000    7.5000 2984.6531   11.3385
    7.5000    7.5000    7.5000 2918.6331   11.5827
   -7.5000   15.0000    7.5000 2906.5811   11.6914
    0.0000   15.0000    7.5000 2933.4009   11.6496
    7.5000   15.0000    7.5000 2879.3459   11.8955
   -7.5000   22.5000    7.5000 2828.1711   12.2327
    0.0000   22.5000    7.5000 2853.7373   12.1767
    7.5000   22.5000    7.5000 2810.7561   12.4070
   -7.5000   30.0000    7.5000 2721.8237   13.0782
    0.0000   30.0000    7.5000 2743.8262   13.0444
    7.5000   30.0000    7.5000 2705.8984   13.2490
   -7.5000   37.5000    7.5000 2597.5132   14.2787
    0.0000   37.5000    7.5000 2613.7024   14.2423
    7.5000   37.5000    7.5000 2578.0854   14.4519
   -7.5000   45.0000    7.5000 2461.4863   15.8257
    0.0000   45.0000    7.5000 2479.4275   15.7867
    7.5000   45.0000    7.5000 2451.3955   15.9828
   -7.5000  -45.0000   15.0000 2680.1609   13.0571
    0.0000  -45.0000   15.0000 2689.9919   13.0140
    7.5000  -45.0000   15.0000 2659.9468   13.3617
   -7.5000  -37.5000   15.0000 2723.5198   12.2891
    0.0000  -37.5000   15.0000 2730.8496   12.2375
    7.5000  -37.5000   15.0000 2704.6775   12.5912
   -7.5000  -30.0000   15.0000 2768.5896   11.6935
    0.0000  -30.0000   15.0000 2777.3999   11.6330
    7.5000  -30.0000   15.0000 2751.4897   11.9664
   -7.5000  -22.5000   15.0000 2828.0022   11.2590
    0.0000  -22.5000   15.0000 2842.4751   11.1918
    7.5000  -22.5000   15.0000 2812.5798   11.5057
   -7.5000  -15.0000   15.0000 2886.7976   11.0030
    0.0000  -15.0000   15.0000 2906.9841   10.9110
    7.5000  -15.0000   15.0000 2867.5251   11.2045
   -7.5000   -7.5000   15.0000 2948.5237   10.9464
    0.0000   -7.5000   15.0000 2973.3557   10.8811
    7.5000   -7.5000   15.0000 2923.4907   11.1170
   -7.5000    0.0000   15.0000 2996.6692   11.0531
    0.0000    0.0000   15.0000 3030.5662   10.9911
    7.5000    0.0000   15.0000 2955.7153   11.2149
   -7.5000    7.5000   15.0000 2999.0244   11.2735
    0.0000    7.5000   15.0000 3039.8394   11.1857
    7.5000    7.5000   15.0000 2955.2676   11.4386
   -7.5000   15.0000   15.0000 2933.9673   11.5814
    0.0000   15.0000   15.0000 2966.3430   11.4828
    7.5000   15.0000   15.0000 2904.4141   11.7509
   -7.5000   22.5000   15.0000 2844.2012   12.0483
    0.0000   22.5000   15.0000 2871.4399   11.9474
    7.5000   22.5000   15.0000 2826.6257   12.2273
   -7.5000   30.0000   15.0000 2731.1738   12.8854
    0.0000   30.0000   15.0000 2749.2810   12.8213
    7.5000   30.0000   15.0000 2714.2222   13.0717
   -7.5000   37.5000   15.0000 2599.2097   14.0951
    0.0000   37.5000   15.0000 2613.9851   14.0423
    7.5000   37.5000   15.0000 2586.4749   14.2588
   -7.5000   45.0000   15.0000 2461.4570   15.6075
    0.0000   45.0000   15.0000 2477.2014   15.5842
    7.5000   45.0000   15.0000 2451.3843   15.7573
   -7.5000  -45.0000   22.5000 2667.8794   13.0526
    0.0000  -45.0000   22.5000 2677.3755   13.0044
    7.5000  -45.0000   22.5000 2646.9849   13.4060
   -7.5000  -37.5000   22.5000 2708.4028   12.2999
    0.0000  -37.5000   22.5000 2721.5754   12.2468
    7.5000  -37.5000   22.5000 2693.9692   12.6230
   -7.5000  -30.0000   22.5000 2755.4221   11.7120
    0.0000  -30.0000   22.5000 2769.1382   11.6554
    7.5000  -30.0000   22.5000 2742.3999   11.9969
   -7.5000  -22.5000   22.5000 2816.0803   11.2822
    0.0000  -22.5000   22.5000 2831.2019   11.2166
    7.5000  -22.5000   22.5000 2802.7310   11.5343
   -7.5000  -15.0000   22.5000 2871.6509   11.0484
    0.0000  -15.0000   22.5000 2889.4067   10.9549
    7.5000  -15.0000   22.5000 2856.2485   11.2373
   -7.5000   -7.5000   22.5000 2934.4312   10.9875
    0.0000   -7.5000   22.5000 2958.1438   10.9178
    7.5000   -7.5000   22.5000 2914.2109   11.1347
   -7.5000    0.0000   22.5000 2981.2366   11.0754
    0.0000    0.0000   22.5000 3010.7471   10.9801
    7.5000    0.0000   22.5000 2948.5659   11.2234
   -7.5000    7.5000   22.5000 2986.0952   11.3297
    0.0000    7.5000   22.5000 3018.8213   11.2345
    7.5000    7.5000   22.5000 2949.9768   11.4572
   -7.5000   15.0000   22.5000 2922.4109   11.6838
    0.0000   15.0000   22.5000 2949.5652   11.5918
    7.5000   15.0000   22.5000 2894.1392   11.8256
   -7.5000   22.5000   22.5000 2828.2766   12.1813
    0.0000   22.5000   22.5000 2855.6055   12.0765
    7.5000   22.5000   22.5000 2812.4192   12.3418
   -7.5000   30.0000   22.5000 2714.2844   12.9752
    0.0000   30.0000   22.5000 2734.4973   12.8774
    7.5000   30.0000   22.5000 2702.0146   13.1434
   -7.5000   37.5000   22.5000 2588.2551   14.1090
    0.0000   37.5000   22.5000 2597.9658   14.0227
    7.5000   37.5000   22.5000 2577.5569   14.2765
   -7.5000   45.0000   22.5000 2448.9038   15.5635
    0.0000   45.0000   22.5000 2461.0884   15.5081
    7.5000   45.0000   22.5000 2442.0503   15.7161
   -7.5000  -45.0000   30.0000 2632.6748   13.2981
    0.0000  -45.0000   30.0000 2641.2268   13.2496
    7.5000  -45.0000   30.0000 2612.2097   13.6621
   -7.5000  -37.5000   30.0000 2677.8079   12.5619
    0.0000  -37.5000   30.0000 2689.9109   12.5116
    7.5000  -37.5000   30.0000 2659.7888   12.8776
   -7.5000  -30.0000   30.0000 2726.2517   11.9792
    0.0000  -30.0000   30.0000 2743.5925   11.9251
    7.5000  -30.0000   30.0000 2716.7544   12.2426
   -7.5000  -22.5000   30.0000 2780.3550   11.5697
    0.0000  -22.5000   30.0000 2799.2339   11.5043
    7.5000  -22.5000   30.0000 2776.0247   11.7939
   -7.5000  -15.0000   30.0000 2831.9751   11.3367
    0.0000  -15.0000   30.0000 2854.1287   11.2684
    7.5000  -15.0000   30.0000 2828.3860   11.5203
   -7.5000   -7.5000   30.0000 2885.8311   11.2478
    0.0000   -7.5000   30.0000 2911.1846   11.1887
    7.5000   -7.5000   30.0000 2878.1536   11.4144
   -7.5000    0.0000   30.0000 2920.7361   11.3182
    0.0000    0.0000   30.0000 2946.2393   11.2041
    7.5000    0.0000   30.0000 2905.4390   11.4807
   -7.5000    7.5000   30.0000 2921.3911   11.5677
    0.0000    7.5000   30.0000 2945.9858   11.4757
    7.5000    7.5000   30.0000 2903.8726   11.7056
   -7.5000   15.0000   30.0000 2868.0259   11.9584
    0.0000   15.0000   30.0000 2891.9939   11.8585
    7.5000   15.0000   30.0000 2848.3704   12.0956
   -7.5000   22.5000   30.0000 2781.1633   12.5338
    0.0000   22.5000   30.0000 2803.2192   12.4454
    7.5000   22.5000   30.0000 2767.9199   12.6924
   -7.5000   30.0000   30.0000 2673.3000   13.3108
    0.0000   30.0000   30.0000 2691.7620   13.2267
    7.5000   30.0000   30.0000 2664.3569   13.4950
   -7.5000   37.5000   30.0000 2554.4485   14.3672
    0.0000   37.5000   30.0000 2566.8069   14.3029
    7.5000   37.5000   30.0000 2546.4695   14.5359
   -7.5000   45.0000   30.0000 2421.2952   15.7275
    0.0000   45.0000   30.0000 2436.0898   15.6670
    7.5000   45.0000   30.0000 2420.9690   15.8687
   -7.5000  -45.0000   37.5000 2589.9885   13.7571
    0.0000  -45.0000   37.5000 2603.3276   13.6864
    7.5000  -45.0000   37.5000 2572.8267   14.0747
   -7.5000  -37.5000   37.5000 2639.8826   12.9880
    0.0000  -37.5000   37.5000 2652.9385   12.9125
    7.5000  -37.5000   37.5000 2621.6233   13.2618
   -7.5000  -30.0000   37.5000 2689.8677   12.4001
    0.0000  -30.0000   37.5000 2708.1243   12.3265
    7.5000  -30.0000   37.5000 2675.3311   12.6386
   -7.5000  -22.5000   37.5000 2737.0017   12.0012
    0.0000  -22.5000   37.5000 2759.4268   11.9403
    7.5000  -22.5000   37.5000 2728.9241   12.2096
   -7.5000  -15.0000   37.5000 2783.7568   11.7687
    0.0000  -15.0000   37.5000 2806.8206   11.7278
    7.5000  -15.0000   37.5000 2780.7876   11.9674
   -7.5000   -7.5000   37.5000 2827.3469   11.7164
    0.0000   -7.5000   37.5000 2850.7996   11.6440
    7.5000   -7.5000   37.5000 2820.9338   11.9034
   -7.5000    0.0000   37.5000 2846.6201   11.8060
    0.0000    0.0000   37.5000 2866.6511   11.7277
    7.5000    0.0000   37.5000 2840.4475   11.9921
   -7.5000    7.5000   37.5000 2836.9709   12.0576
    0.0000    7.5000   37.5000 2857.5151   11.9783
    7.5000    7.5000   37.5000 2827.6604   12.2168
   -7.5000   15.0000   37.5000 2789.0991   12.4379
    0.0000   15.0000   37.5000 2809.6282   12.3361
    7.5000   15.0000   37.5000 2776.1577   12.6006
   -7.5000   22.5000   37.5000 2715.2432   13.0155
    0.0000   22.5000   37.5000 2731.8523   12.9214
    7.5000   22.5000   37.5000 2701.5059   13.1842
   -7.5000   30.0000   37.5000 2617.2913   13.8333
    0.0000   30.0000   37.5000 2633.2664   13.7195
    7.5000   30.0000   37.5000 2609.3777   13.9539
   -7.5000   37.5000   37.5000 2502.1658   14.8830
    0.0000   37.5000   37.5000 2519.7375   14.7731
    7.5000   37.5000   37.5000 2501.7219   14.9905
   -7.5000   45.0000   37.5000 2377.8232   16.1931
    0.0000   45.0000   37.5000 2395.9395   16.0893
    7.5000   45.0000   37.5000 2379.9885   16.2771
   -7.5000  -45.0000   45.0000 2539.8630   14.3715
    0.0000  -45.0000   45.0000 2549.5852   14.2778
    7.5000  -45.0000   45.0000 2524.0459   14.6638
   -7.5000  -37.5000   45.0000 2590.9250   13.5742
    0.0000  -37.5000   45.0000 2607.3137   13.4991
    7.5000  -37.5000   45.0000 2576.7688   13.8392
   -7.5000  -30.0000   45.0000 2641.6023   12.9845
    0.0000  -30.0000   45.0000 2661.1558   12.9187
    7.5000  -30.0000   45.0000 2628.4810   13.2133
   -7.5000  -22.5000   45.0000 2681.5420   12.5763
    0.0000  -22.5000   45.0000 2703.2141   12.5303
    7.5000  -22.5000   45.0000 2672.0530   12.7957
   -7.5000  -15.0000   45.0000 2719.3267   12.3769
    0.0000  -15.0000   45.0000 2742.1738   12.3213
    7.5000  -15.0000   45.0000 2711.5898   12.5621
   -7.5000   -7.5000   45.0000 2753.0071   12.3740
    0.0000   -7.5000   45.0000 2773.6453   12.2973
    7.5000   -7.5000   45.0000 2745.6572   12.5374
   -7.5000    0.0000   45.0000 2759.7034   12.4922
    0.0000    0.0000   45.0000 2780.0984   12.4248
    7.5000    0.0000   45.0000 2754.7070   12.6660
   -7.5000    7.5000   45.0000 2747.3147   12.7445
    0.0000    7.5000   45.0000 2769.2327   12.6620
    7.5000    7.5000   45.0000 2737.9727   12.9081
   -7.5000   15.0000   45.0000 2699.4678   13.1204
    0.0000   15.0000   45.0000 2723.6565   13.0372
    7.5000   15.0000   45.0000 2692.2261   13.2749
   -7.5000   22.5000   45.0000 2630.9368   13.6906
    0.0000   22.5000   45.0000 2648.5259   13.6065
    7.5000   22.5000   45.0000 2625.1223   13.8493
   -7.5000   30.0000   45.0000 2544.0571   14.4573
    0.0000   30.0000   45.0000 2560.9094   14.3656
    7.5000   30.0000   45.0000 2538.3787   14.6009
   -7.5000   37.5000   45.0000 2441.9683   15.5038
    0.0000   37.5000   45.0000 2458.3945   15.4207
    7.5000   37.5000   45.0000 2440.1594   15.6249
   -7.5000   45.0000   45.0000 2322.3879   16.8023
    0.0000   45.0000   45.0000 2337.1704   16.7152
    7.5000   45.0000   45.0000 2320.4604   16.9017

---------------------------------------------------------------------
imgreg_4dfp /opt/freesurfer/average/711-2C_as_mni_average_305 /opt/freesurfer/average/711-2B_as_mni_average_305_mask talsrcimg_g11 none talsrcimg_to_711-2C_as_mni_average_305_t4 1283
---------------------------------------------------------------------

freesurfer imgreg_4dfp.c
/opt/freesurfer/average/711-2C_as_mni_average_305.4dfp.img
       256       256       256         1
  1.000000  1.000000  1.000000
orientation T byte_order littleendian
Reading image: /opt/freesurfer/average/711-2C_as_mni_average_305.4dfp.img
dimensions:      256       256       256
mmppix:       1.0000   -1.0000   -1.0000
center:     128.0000 -129.0000 -129.0000
/opt/freesurfer/average/711-2B_as_mni_average_305_mask.4dfp.img
       256       256       256         1
  1.000000  1.000000  1.000000
orientation T byte_order littleendian
Reading mask: /opt/freesurfer/average/711-2B_as_mni_average_305_mask.4dfp.img (2306576 pixels)
talsrcimg_g11.4dfp.img
       256       256       256         1
  1.000000  1.000000  1.000000
orientation T byte_order littleendian
Reading image: talsrcimg_g11.4dfp.img
dimensions:      256       256       256
mmppix:       1.0000   -1.0000   -1.0000
center:     128.0000 -129.0000 -129.0000
rotation matrix determinant  1.000000
fimgreg.f
image alignment mode   1283 decimal      503 hex
parameters
    0.0000    7.5000   15.0000    0.0000    0.0000    0.0000
eta,q 0.95364 11.19328
niter,ni,del,rscale     5    3   12.0000    1.2000
parameter  2  0.627088 ->  0.500000 qaram    1.1500
parameter  4  0.712158 ->  0.500000 qaram    1.1500
parameters
   -1.0433    4.0500   16.4344   -3.4500   -2.1821   -2.3571
eta,q 0.96077 10.97603
  0.0581  0.0453  0.0559  0.0410  0.0436  0.0414
  0.0513  0.0433  0.0504  0.0410  0.0412  0.0398
  0.0472  0.0434  0.0460  0.0417  0.0400  0.0392
  0.0471  0.0465  0.0432  0.0424  0.0411  0.0400
  0.0523  0.0509  0.0427  0.0443  0.0444  0.0422
  0.0598  0.0560  0.0448  0.0475  0.0489  0.0446
  0.0665  0.0615  0.0479  0.0509  0.0537  0.0473
niter,ni,del,rscale     6    3   12.0000    1.2000
parameters
   -0.8184    5.6551   16.1555   -4.6507   -2.1960   -2.3917
eta,q 0.96316 11.03505
  0.0582  0.0574  0.0485  0.0423  0.0459  0.0431
  0.0501  0.0488  0.0420  0.0391  0.0412  0.0406
  0.0428  0.0433  0.0380  0.0370  0.0382  0.0381
  0.0392  0.0391  0.0374  0.0372  0.0368  0.0368
  0.0404  0.0376  0.0403  0.0397  0.0379  0.0379
  0.0471  0.0414  0.0444  0.0432  0.0412  0.0405
  0.0568  0.0460  0.0494  0.0458  0.0461  0.0434
niter,ni,del,rscale     5    3   12.0000    1.2000
parameters
   -0.8055    6.0421   15.9683   -5.1207   -2.1407   -2.4415
eta,q 0.96338 11.04205
  0.0570  0.0519  0.0488  0.0434  0.0459  0.0428
  0.0481  0.0450  0.0419  0.0402  0.0412  0.0403
  0.0403  0.0400  0.0374  0.0375  0.0381  0.0378
  0.0368  0.0368  0.0368  0.0367  0.0366  0.0366
  0.0391  0.0388  0.0398  0.0383  0.0375  0.0377
  0.0473  0.0434  0.0438  0.0418  0.0409  0.0402
  0.0576  0.0489  0.0490  0.0451  0.0458  0.0432
niter,ni,del,rscale     4    3   12.0000    1.2000
parameters
   -0.8242    6.1928   15.8847   -5.3557   -2.0791   -2.4708
eta,q 0.96342 11.04293
  0.0570  0.0509  0.0492  0.0437  0.0458  0.0428
  0.0479  0.0442  0.0421  0.0405  0.0412  0.0402
  0.0399  0.0392  0.0375  0.0377  0.0381  0.0377
  0.0366  0.0366  0.0366  0.0366  0.0366  0.0366
  0.0392  0.0391  0.0395  0.0379  0.0374  0.0376
  0.0475  0.0439  0.0435  0.0412  0.0408  0.0401
  0.0578  0.0494  0.0487  0.0447  0.0458  0.0431
niter,ni,del,rscale     3    3   12.0000    1.2000
parameters
   -0.8422    6.2688   15.8433   -5.4834   -2.0402   -2.4915
eta,q 0.96344 11.04269
  0.0570  0.0506  0.0494  0.0438  0.0457  0.0428
  0.0478  0.0440  0.0422  0.0407  0.0412  0.0402
  0.0399  0.0389  0.0375  0.0379  0.0381  0.0377
  0.0366  0.0366  0.0366  0.0366  0.0366  0.0366
  0.0392  0.0392  0.0394  0.0378  0.0374  0.0376
  0.0476  0.0441  0.0434  0.0410  0.0409  0.0400
  0.0578  0.0495  0.0485  0.0445  0.0458  0.0431
niter,ni,del,rscale     2    3   12.0000    1.2000
parameters
   -0.8550    6.3085   15.8238   -5.5545   -2.0156   -2.5035
eta,q 0.96344 11.04242
  0.0571  0.0504  0.0495  0.0439  0.0457  0.0428
  0.0479  0.0439  0.0423  0.0408  0.0411  0.0402
  0.0399  0.0388  0.0375  0.0379  0.0381  0.0377
  0.0366  0.0366  0.0366  0.0366  0.0366  0.0366
  0.0392  0.0393  0.0394  0.0377  0.0374  0.0376
  0.0475  0.0442  0.0433  0.0409  0.0409  0.0400
  0.0578  0.0496  0.0484  0.0444  0.0459  0.0430
niter,ni,del,rscale     1    3   12.0000    1.2000
parameters
   -0.8634    6.3312   15.8133   -5.5959   -2.0002   -2.5097
eta,q 0.96344 11.04218
  0.0571  0.0503  0.0495  0.0440  0.0456  0.0428
  0.0479  0.0438  0.0423  0.0408  0.0411  0.0402
  0.0399  0.0388  0.0375  0.0380  0.0381  0.0377
  0.0366  0.0366  0.0366  0.0366  0.0366  0.0366
  0.0391  0.0393  0.0394  0.0377  0.0374  0.0376
  0.0475  0.0443  0.0433  0.0408  0.0409  0.0399
  0.0577  0.0496  0.0484  0.0443  0.0459  0.0430
registration optimization eta report
parameter search radius
    6.0000    6.9000    6.0000    6.9000    6.0000    6.0000
100000*second partial in parameter space
       57.       27.       33.       15.       25.       17.
  0.0571  0.0503  0.0495  0.0440  0.0456  0.0428
  0.0479  0.0438  0.0423  0.0408  0.0411  0.0402
  0.0399  0.0388  0.0375  0.0380  0.0381  0.0377
  0.0366  0.0366  0.0366  0.0366  0.0366  0.0366
  0.0391  0.0393  0.0394  0.0377  0.0374  0.0376
  0.0475  0.0443  0.0433  0.0408  0.0409  0.0399
  0.0577  0.0496  0.0484  0.0443  0.0459  0.0430
   -0.8634    6.3312   15.8133   -5.5959   -2.0002   -2.5097
eta,q 0.96344 11.04218

---------------------------------------------------------------------
imgreg_4dfp /opt/freesurfer/average/711-2C_as_mni_average_305 /opt/freesurfer/average/711-2B_as_mni_average_305_mask talsrcimg_g11 none talsrcimg_to_711-2C_as_mni_average_305_t4 3335
---------------------------------------------------------------------

freesurfer imgreg_4dfp.c
/opt/freesurfer/average/711-2C_as_mni_average_305.4dfp.img
       256       256       256         1
  1.000000  1.000000  1.000000
orientation T byte_order littleendian
Reading image: /opt/freesurfer/average/711-2C_as_mni_average_305.4dfp.img
dimensions:      256       256       256
mmppix:       1.0000   -1.0000   -1.0000
center:     128.0000 -129.0000 -129.0000
/opt/freesurfer/average/711-2B_as_mni_average_305_mask.4dfp.img
       256       256       256         1
  1.000000  1.000000  1.000000
orientation T byte_order littleendian
Reading mask: /opt/freesurfer/average/711-2B_as_mni_average_305_mask.4dfp.img (2306576 pixels)
talsrcimg_g11.4dfp.img
       256       256       256         1
  1.000000  1.000000  1.000000
orientation T byte_order littleendian
Reading image: talsrcimg_g11.4dfp.img
dimensions:      256       256       256
mmppix:       1.0000   -1.0000   -1.0000
center:     128.0000 -129.0000 -129.0000
fimgreg.f
image alignment mode   3335 decimal      D07 hex
parameters
   -0.8634    6.3312   15.8133   -0.1568   -0.5571   -0.5372
    4.0180    3.8974   -4.3763    9.5897   -3.4904   -9.7452
eta,q 0.96246 11.07605
niter,ni,del,rscale     5    3    5.0000    1.2000
parameter  4  1.254834 ->  0.500000 qaram    1.1500
parameter  5  1.548094 ->  0.500000 qaram    1.1500
parameter  6  0.558729 ->  0.500000 qaram    1.1500
parameters
   -0.9605    6.6226   15.7645   -4.2968   -4.6971   -4.6772
    4.1242    3.7448   -1.6760    9.1108   -3.8991   -8.6493
eta,q 0.96843 10.53935
  0.0401  0.0396  0.0394  0.0340  0.0317  0.0319  0.0341  0.0353  0.0335  0.0335  0.0324  0.0330
  0.0387  0.0386  0.0383  0.0344  0.0323  0.0318  0.0329  0.0334  0.0327  0.0324  0.0320  0.0323
  0.0378  0.0379  0.0377  0.0355  0.0333  0.0318  0.0320  0.0322  0.0321  0.0318  0.0317  0.0319
  0.0375  0.0375  0.0375  0.0375  0.0347  0.0325  0.0317  0.0317  0.0317  0.0316  0.0316  0.0316
  0.0379  0.0376  0.0378  0.0401  0.0364  0.0345  0.0320  0.0322  0.0316  0.0319  0.0318  0.0316
  0.0390  0.0380  0.0385  0.0428  0.0383  0.0380  0.0328  0.0335  0.0317  0.0327  0.0321  0.0319
  0.0406  0.0388  0.0395  0.0460  0.0405  0.0423  0.0340  0.0357  0.0320  0.0340  0.0326  0.0324
niter,ni,del,rscale     7    3    5.0000    1.2000
parameter  5  0.780828 ->  0.500000 qaram    1.3225
parameters
   -1.0871    7.4016   14.9493   -7.8671   -9.4581   -7.4928
    3.3238    3.4867   -2.2572   10.7218   -4.1037   -9.2883
eta,q 0.97074 10.00709
  0.0343  0.0341  0.0318  0.0316  0.0297  0.0304  0.0313  0.0324  0.0306  0.0321  0.0300  0.0302
  0.0327  0.0330  0.0313  0.0311  0.0297  0.0296  0.0302  0.0307  0.0299  0.0308  0.0296  0.0297
  0.0318  0.0321  0.0312  0.0308  0.0300  0.0295  0.0295  0.0297  0.0295  0.0299  0.0293  0.0293
  0.0316  0.0316  0.0313  0.0312  0.0308  0.0297  0.0295  0.0294  0.0294  0.0294  0.0293  0.0293
  0.0320  0.0313  0.0318  0.0325  0.0320  0.0303  0.0300  0.0299  0.0296  0.0293  0.0294  0.0295
  0.0331  0.0315  0.0325  0.0349  0.0336  0.0321  0.0310  0.0310  0.0302  0.0296  0.0296  0.0300
  0.0349  0.0321  0.0335  0.0378  0.0357  0.0356  0.0323  0.0328  0.0311  0.0305  0.0301  0.0306
niter,ni,del,rscale     7    3    5.0000    1.2000
parameter  2 -0.543486 -> -0.500000 qaram    1.1500
parameter  5  0.577137 ->  0.500000 qaram    1.5209
parameters
   -0.9614    8.7816   14.5031  -10.1660  -14.9333   -9.6764
    2.8382    3.4603   -2.7143   13.4985   -3.7756   -9.6625
eta,q 0.97270  9.51140
  0.0323  0.0329  0.0296  0.0295  0.0284  0.0290  0.0296  0.0306  0.0291  0.0311  0.0282  0.0282
  0.0307  0.0313  0.0290  0.0289  0.0279  0.0280  0.0284  0.0290  0.0282  0.0294  0.0277  0.0277
  0.0297  0.0301  0.0288  0.0288  0.0281  0.0276  0.0277  0.0279  0.0277  0.0283  0.0274  0.0274
  0.0293  0.0292  0.0288  0.0287  0.0288  0.0279  0.0276  0.0276  0.0276  0.0276  0.0273  0.0273
  0.0295  0.0288  0.0291  0.0291  0.0297  0.0286  0.0280  0.0280  0.0278  0.0273  0.0274  0.0275
  0.0303  0.0288  0.0296  0.0302  0.0312  0.0297  0.0289  0.0291  0.0285  0.0275  0.0276  0.0279
  0.0318  0.0291  0.0305  0.0322  0.0332  0.0317  0.0301  0.0306  0.0295  0.0280  0.0280  0.0284
niter,ni,del,rscale     7    3    5.0000    1.2000
parameter  2 -0.582493 -> -0.500000 qaram    1.3225
parameters
   -0.8167   10.3686   13.5975  -11.2261  -16.3811  -11.2495
    2.6490    3.5681   -2.9711   15.5913   -3.9618  -10.8020
eta,q 0.97420  9.33025
  0.0301  0.0326  0.0267  0.0275  0.0288  0.0276  0.0282  0.0291  0.0277  0.0295  0.0267  0.0265
  0.0286  0.0305  0.0263  0.0265  0.0272  0.0266  0.0269  0.0275  0.0268  0.0278  0.0262  0.0261
  0.0277  0.0287  0.0262  0.0261  0.0263  0.0260  0.0262  0.0264  0.0261  0.0266  0.0259  0.0258
  0.0273  0.0273  0.0264  0.0262  0.0261  0.0261  0.0260  0.0260  0.0260  0.0259  0.0258  0.0258
  0.0275  0.0265  0.0269  0.0265  0.0269  0.0268  0.0263  0.0263  0.0262  0.0258  0.0259  0.0261
  0.0282  0.0264  0.0276  0.0271  0.0285  0.0278  0.0271  0.0274  0.0269  0.0262  0.0263  0.0265
  0.0295  0.0270  0.0286  0.0283  0.0306  0.0295  0.0284  0.0289  0.0280  0.0269  0.0267  0.0271
niter,ni,del,rscale     7    3    5.0000    1.2000
parameters
   -0.7871   10.8805   12.9260  -11.3421  -16.6538  -11.9903
    2.5956    3.6500   -3.0304   16.7066   -3.9739  -11.2929
eta,q 0.97444  9.29463
  0.0285  0.0305  0.0263  0.0274  0.0289  0.0276  0.0279  0.0287  0.0274  0.0284  0.0265  0.0264
  0.0270  0.0282  0.0258  0.0263  0.0272  0.0264  0.0266  0.0271  0.0264  0.0269  0.0260  0.0259
  0.0261  0.0266  0.0256  0.0256  0.0260  0.0258  0.0258  0.0260  0.0258  0.0260  0.0257  0.0256
  0.0258  0.0258  0.0257  0.0256  0.0256  0.0256  0.0256  0.0256  0.0256  0.0256  0.0256  0.0256
  0.0261  0.0258  0.0261  0.0259  0.0261  0.0261  0.0259  0.0260  0.0258  0.0257  0.0257  0.0257
  0.0269  0.0267  0.0267  0.0265  0.0273  0.0270  0.0267  0.0270  0.0265  0.0262  0.0260  0.0261
  0.0283  0.0282  0.0276  0.0274  0.0293  0.0284  0.0279  0.0286  0.0275  0.0270  0.0265  0.0267
niter,ni,del,rscale     6    3    5.0000    1.2000
parameters
   -0.7773   11.1443   12.5912  -11.4100  -16.7965  -12.4678
    2.5804    3.6780   -3.0690   17.2695   -3.9386  -11.4832
eta,q 0.97448  9.27364
  0.0282  0.0296  0.0264  0.0274  0.0288  0.0275  0.0278  0.0286  0.0273  0.0279  0.0264  0.0264
  0.0267  0.0275  0.0259  0.0263  0.0271  0.0264  0.0266  0.0270  0.0264  0.0266  0.0260  0.0259
  0.0259  0.0261  0.0256  0.0256  0.0259  0.0257  0.0258  0.0259  0.0257  0.0258  0.0256  0.0256
  0.0256  0.0256  0.0255  0.0255  0.0255  0.0255  0.0255  0.0255  0.0255  0.0255  0.0255  0.0255
  0.0259  0.0258  0.0258  0.0258  0.0259  0.0259  0.0258  0.0259  0.0257  0.0257  0.0256  0.0257
  0.0267  0.0268  0.0263  0.0264  0.0271  0.0267  0.0266  0.0270  0.0264  0.0263  0.0259  0.0260
  0.0281  0.0284  0.0271  0.0273  0.0291  0.0281  0.0278  0.0286  0.0274  0.0271  0.0264  0.0265
niter,ni,del,rscale     5    3    5.0000    1.2000
parameters
   -0.7774   11.2918   12.3837  -11.4438  -16.9077  -12.8105
    2.5772    3.6781   -3.0984   17.5931   -3.9020  -11.5706
eta,q 0.97449  9.25850
  0.0281  0.0293  0.0265  0.0274  0.0288  0.0275  0.0278  0.0285  0.0273  0.0277  0.0264  0.0264
  0.0267  0.0272  0.0259  0.0263  0.0271  0.0264  0.0266  0.0270  0.0263  0.0264  0.0259  0.0259
  0.0258  0.0260  0.0256  0.0256  0.0259  0.0257  0.0258  0.0259  0.0257  0.0257  0.0256  0.0256
  0.0255  0.0255  0.0255  0.0255  0.0255  0.0255  0.0255  0.0255  0.0255  0.0255  0.0255  0.0255
  0.0258  0.0258  0.0257  0.0258  0.0259  0.0259  0.0258  0.0259  0.0257  0.0257  0.0256  0.0256
  0.0267  0.0269  0.0262  0.0264  0.0271  0.0266  0.0266  0.0270  0.0263  0.0263  0.0259  0.0260
  0.0281  0.0286  0.0269  0.0273  0.0290  0.0279  0.0278  0.0286  0.0274  0.0272  0.0264  0.0265
niter,ni,del,rscale     4    3    5.0000    1.2000
parameters
   -0.7833   11.3852   12.2498  -11.4656  -16.9857  -13.0439
    2.5902    3.6679   -3.1164   17.8004   -3.8666  -11.6237
eta,q 0.97449  9.24813
  0.0281  0.0291  0.0266  0.0274  0.0288  0.0276  0.0278  0.0285  0.0273  0.0276  0.0264  0.0265
  0.0267  0.0271  0.0259  0.0263  0.0271  0.0265  0.0266  0.0270  0.0263  0.0264  0.0260  0.0259
  0.0258  0.0259  0.0256  0.0256  0.0259  0.0258  0.0258  0.0259  0.0257  0.0257  0.0256  0.0256
  0.0255  0.0255  0.0255  0.0255  0.0255  0.0255  0.0255  0.0255  0.0255  0.0255  0.0255  0.0255
  0.0258  0.0259  0.0257  0.0258  0.0259  0.0259  0.0258  0.0259  0.0257  0.0257  0.0256  0.0256
  0.0267  0.0269  0.0261  0.0264  0.0270  0.0266  0.0266  0.0270  0.0263  0.0264  0.0259  0.0260
  0.0281  0.0286  0.0268  0.0273  0.0289  0.0278  0.0278  0.0286  0.0273  0.0272  0.0264  0.0265
niter,ni,del,rscale     3    3    5.0000    1.2000
parameters
   -0.7904   11.4468   12.1586  -11.4768  -17.0364  -13.2120
    2.6042    3.6616   -3.1259   17.9423   -3.8329  -11.6544
eta,q 0.97449  9.24114
  0.0281  0.0290  0.0266  0.0274  0.0288  0.0276  0.0278  0.0285  0.0273  0.0275  0.0264  0.0265
  0.0266  0.0271  0.0260  0.0263  0.0271  0.0265  0.0266  0.0270  0.0263  0.0263  0.0260  0.0259
  0.0258  0.0259  0.0256  0.0256  0.0259  0.0258  0.0258  0.0259  0.0257  0.0257  0.0256  0.0256
  0.0255  0.0255  0.0255  0.0255  0.0255  0.0255  0.0255  0.0255  0.0255  0.0255  0.0255  0.0255
  0.0258  0.0259  0.0257  0.0258  0.0259  0.0258  0.0258  0.0259  0.0257  0.0258  0.0256  0.0256
  0.0267  0.0270  0.0261  0.0264  0.0270  0.0266  0.0266  0.0270  0.0263  0.0264  0.0259  0.0260
  0.0281  0.0287  0.0267  0.0273  0.0289  0.0278  0.0278  0.0286  0.0273  0.0273  0.0264  0.0265
niter,ni,del,rscale     2    3    5.0000    1.2000
parameters
   -0.7953   11.4883   12.0969  -11.4805  -17.0778  -13.3294
    2.6092    3.6553   -3.1409   18.0408   -3.8005  -11.6607
eta,q 0.97449  9.23616
  0.0281  0.0289  0.0266  0.0274  0.0288  0.0276  0.0278  0.0285  0.0273  0.0275  0.0264  0.0265
  0.0266  0.0270  0.0260  0.0263  0.0271  0.0265  0.0266  0.0270  0.0263  0.0263  0.0260  0.0259
  0.0258  0.0259  0.0256  0.0256  0.0259  0.0258  0.0258  0.0259  0.0257  0.0257  0.0256  0.0256
  0.0255  0.0255  0.0255  0.0255  0.0255  0.0255  0.0255  0.0255  0.0255  0.0255  0.0255  0.0255
  0.0258  0.0259  0.0257  0.0258  0.0259  0.0258  0.0258  0.0259  0.0257  0.0258  0.0256  0.0256
  0.0267  0.0270  0.0261  0.0264  0.0270  0.0265  0.0266  0.0270  0.0263  0.0264  0.0259  0.0259
  0.0281  0.0287  0.0267  0.0273  0.0289  0.0277  0.0278  0.0286  0.0273  0.0273  0.0264  0.0265
niter,ni,del,rscale     1    3    5.0000    1.2000
parameters
   -0.7980   11.5183   12.0493  -11.4863  -17.1020  -13.4145
    2.6157    3.6491   -3.1543   18.0998   -3.7844  -11.6804
eta,q 0.97449  9.23259
  0.0281  0.0289  0.0266  0.0274  0.0288  0.0276  0.0278  0.0285  0.0273  0.0275  0.0264  0.0265
  0.0267  0.0270  0.0260  0.0263  0.0271  0.0265  0.0266  0.0270  0.0263  0.0263  0.0260  0.0259
  0.0258  0.0259  0.0256  0.0256  0.0259  0.0258  0.0258  0.0259  0.0257  0.0257  0.0256  0.0256
  0.0255  0.0255  0.0255  0.0255  0.0255  0.0255  0.0255  0.0255  0.0255  0.0255  0.0255  0.0255
  0.0258  0.0259  0.0257  0.0258  0.0259  0.0258  0.0258  0.0259  0.0257  0.0258  0.0256  0.0256
  0.0267  0.0270  0.0261  0.0264  0.0270  0.0265  0.0266  0.0270  0.0263  0.0264  0.0259  0.0259
  0.0281  0.0287  0.0267  0.0273  0.0289  0.0277  0.0278  0.0286  0.0273  0.0273  0.0264  0.0264
registration optimization eta report
parameter search radius
    2.4000    3.1740    2.4000    8.2800   10.9503    8.2800
    7.2000    7.2000    7.2000    7.2000    7.2000    7.2000
100000*second partial in parameter space
       45.       33.       20.        3.        3.        3.
        4.        6.        4.        4.        2.        2.
  0.0281  0.0289  0.0266  0.0274  0.0288  0.0276  0.0278  0.0285  0.0273  0.0275  0.0264  0.0265
  0.0267  0.0270  0.0260  0.0263  0.0271  0.0265  0.0266  0.0270  0.0263  0.0263  0.0260  0.0259
  0.0258  0.0259  0.0256  0.0256  0.0259  0.0258  0.0258  0.0259  0.0257  0.0257  0.0256  0.0256
  0.0255  0.0255  0.0255  0.0255  0.0255  0.0255  0.0255  0.0255  0.0255  0.0255  0.0255  0.0255
  0.0258  0.0259  0.0257  0.0258  0.0259  0.0258  0.0258  0.0259  0.0257  0.0258  0.0256  0.0256
  0.0267  0.0270  0.0261  0.0264  0.0270  0.0265  0.0266  0.0270  0.0263  0.0264  0.0259  0.0259
  0.0281  0.0287  0.0267  0.0273  0.0289  0.0277  0.0278  0.0286  0.0273  0.0273  0.0264  0.0264
   -0.7980   11.5183   12.0493  -11.4863  -17.1020  -13.4145
    2.6157    3.6491   -3.1543   18.0998   -3.7844  -11.6804
eta,q 0.97449  9.23259

---------------------------------------------------------------------
imgreg_4dfp /opt/freesurfer/average/711-2C_as_mni_average_305 /opt/freesurfer/average/711-2B_as_mni_average_305_mask talsrcimg_g11 none talsrcimg_to_711-2C_as_mni_average_305_t4 2311
---------------------------------------------------------------------

freesurfer imgreg_4dfp.c
/opt/freesurfer/average/711-2C_as_mni_average_305.4dfp.img
       256       256       256         1
  1.000000  1.000000  1.000000
orientation T byte_order littleendian
Reading image: /opt/freesurfer/average/711-2C_as_mni_average_305.4dfp.img
dimensions:      256       256       256
mmppix:       1.0000   -1.0000   -1.0000
center:     128.0000 -129.0000 -129.0000
/opt/freesurfer/average/711-2B_as_mni_average_305_mask.4dfp.img
       256       256       256         1
  1.000000  1.000000  1.000000
orientation T byte_order littleendian
Reading mask: /opt/freesurfer/average/711-2B_as_mni_average_305_mask.4dfp.img (2306576 pixels)
talsrcimg_g11.4dfp.img
       256       256       256         1
  1.000000  1.000000  1.000000
orientation T byte_order littleendian
Reading image: talsrcimg_g11.4dfp.img
dimensions:      256       256       256
mmppix:       1.0000   -1.0000   -1.0000
center:     128.0000 -129.0000 -129.0000
fimgreg.f
image alignment mode   2311 decimal      907 hex
parameters
   -0.7980   11.5183   12.0493  -11.4863  -17.1020  -13.4145
    2.6157    3.6491   -3.1543   18.0998   -3.7844  -11.6804
eta,q 0.97449  9.23259
niter,ni,del,rscale     5    3    5.0000    0.8000
parameters
   -0.8174   11.4944   12.0093  -11.8543  -16.9756  -13.4462
    2.6307    3.6565   -3.1109   17.8472   -3.7810  -11.7136
eta,q 0.97451  9.21467
  0.0267  0.0264  0.0260  0.0261  0.0262  0.0263  0.0266  0.0270  0.0263  0.0263  0.0259  0.0259
  0.0260  0.0259  0.0257  0.0257  0.0258  0.0259  0.0260  0.0262  0.0259  0.0258  0.0257  0.0257
  0.0256  0.0256  0.0256  0.0255  0.0256  0.0256  0.0256  0.0257  0.0256  0.0255  0.0255  0.0255
  0.0255  0.0255  0.0255  0.0255  0.0255  0.0255  0.0255  0.0255  0.0255  0.0255  0.0255  0.0255
  0.0257  0.0256  0.0256  0.0256  0.0256  0.0256  0.0256  0.0257  0.0256  0.0256  0.0255  0.0255
  0.0260  0.0259  0.0258  0.0259  0.0258  0.0259  0.0260  0.0262  0.0258  0.0259  0.0257  0.0257
  0.0267  0.0264  0.0261  0.0262  0.0261  0.0263  0.0266  0.0270  0.0263  0.0264  0.0259  0.0259
niter,ni,del,rscale     4    3    5.0000    0.7000
parameters
   -0.8362   11.4720   12.0379  -11.9395  -16.9534  -13.3792
    2.6464    3.6426   -3.0812   17.7623   -3.7848  -11.7134
eta,q 0.97452  9.21245
  0.0264  0.0261  0.0259  0.0260  0.0260  0.0261  0.0263  0.0266  0.0261  0.0261  0.0258  0.0258
  0.0259  0.0258  0.0257  0.0257  0.0257  0.0258  0.0259  0.0260  0.0258  0.0257  0.0256  0.0256
  0.0256  0.0255  0.0255  0.0255  0.0255  0.0256  0.0256  0.0256  0.0256  0.0255  0.0255  0.0255
  0.0255  0.0255  0.0255  0.0255  0.0255  0.0255  0.0255  0.0255  0.0255  0.0255  0.0255  0.0255
  0.0256  0.0256  0.0255  0.0256  0.0255  0.0255  0.0256  0.0256  0.0255  0.0256  0.0255  0.0255
  0.0259  0.0258  0.0257  0.0257  0.0257  0.0258  0.0259  0.0260  0.0258  0.0258  0.0256  0.0256
  0.0264  0.0262  0.0259  0.0260  0.0260  0.0261  0.0263  0.0267  0.0261  0.0261  0.0258  0.0258
niter,ni,del,rscale     3    3    5.0000    0.6000
parameters
   -0.8451   11.4574   12.0609  -12.0378  -16.9345  -13.3357
    2.6518    3.6414   -3.0691   17.6849   -3.8076  -11.7220
eta,q 0.97453  9.20898
  0.0261  0.0260  0.0258  0.0259  0.0259  0.0260  0.0261  0.0263  0.0259  0.0259  0.0257  0.0257
  0.0258  0.0257  0.0256  0.0256  0.0256  0.0257  0.0258  0.0259  0.0257  0.0257  0.0256  0.0256
  0.0255  0.0255  0.0255  0.0255  0.0255  0.0255  0.0255  0.0256  0.0255  0.0255  0.0255  0.0255
  0.0255  0.0255  0.0255  0.0255  0.0255  0.0255  0.0255  0.0255  0.0255  0.0255  0.0255  0.0255
  0.0256  0.0255  0.0255  0.0256  0.0255  0.0255  0.0255  0.0256  0.0255  0.0255  0.0255  0.0255
  0.0258  0.0257  0.0256  0.0257  0.0256  0.0257  0.0257  0.0259  0.0257  0.0257  0.0256  0.0256
  0.0262  0.0260  0.0258  0.0258  0.0259  0.0260  0.0261  0.0264  0.0259  0.0260  0.0257  0.0257
niter,ni,del,rscale     2    3    5.0000    0.5000
parameters
   -0.8488   11.4389   12.0752  -12.1633  -16.9136  -13.2932
    2.6652    3.6371   -3.0439   17.6091   -3.8335  -11.7384
eta,q 0.97453  9.20425
  0.0259  0.0258  0.0257  0.0257  0.0257  0.0258  0.0259  0.0261  0.0258  0.0258  0.0256  0.0256
  0.0257  0.0256  0.0256  0.0256  0.0256  0.0256  0.0257  0.0258  0.0256  0.0256  0.0255  0.0255
  0.0255  0.0255  0.0255  0.0255  0.0255  0.0255  0.0255  0.0255  0.0255  0.0255  0.0255  0.0255
  0.0255  0.0255  0.0255  0.0255  0.0255  0.0255  0.0255  0.0255  0.0255  0.0255  0.0255  0.0255
  0.0255  0.0255  0.0255  0.0255  0.0255  0.0255  0.0255  0.0255  0.0255  0.0255  0.0255  0.0255
  0.0257  0.0256  0.0256  0.0256  0.0256  0.0256  0.0257  0.0258  0.0256  0.0256  0.0255  0.0255
  0.0259  0.0258  0.0257  0.0257  0.0257  0.0258  0.0259  0.0261  0.0258  0.0258  0.0256  0.0256
niter,ni,del,rscale     1    3    5.0000    0.4000
parameters
   -0.8575   11.4277   12.1013  -12.2695  -16.8749  -13.2199
    2.6902    3.6411   -3.0287   17.5270   -3.8554  -11.7663
eta,q 0.97454  9.20243
  0.0258  0.0257  0.0256  0.0256  0.0256  0.0257  0.0257  0.0259  0.0257  0.0257  0.0256  0.0256
  0.0256  0.0256  0.0255  0.0255  0.0255  0.0256  0.0256  0.0256  0.0256  0.0255  0.0255  0.0255
  0.0255  0.0255  0.0255  0.0255  0.0255  0.0255  0.0255  0.0255  0.0255  0.0255  0.0255  0.0255
  0.0255  0.0255  0.0255  0.0255  0.0255  0.0255  0.0255  0.0255  0.0255  0.0255  0.0255  0.0255
  0.0255  0.0255  0.0255  0.0255  0.0255  0.0255  0.0255  0.0255  0.0255  0.0255  0.0255  0.0255
  0.0256  0.0256  0.0255  0.0256  0.0255  0.0256  0.0256  0.0257  0.0256  0.0256  0.0255  0.0255
  0.0258  0.0257  0.0256  0.0257  0.0256  0.0257  0.0257  0.0259  0.0257  0.0257  0.0256  0.0256
registration optimization eta report
parameter search radius
    0.8000    0.8000    0.8000    2.4000    2.4000    2.4000
    2.4000    2.4000    2.4000    2.4000    2.4000    2.4000
100000*second partial in parameter space
       47.       33.       21.        3.        3.        4.
        5.        7.        4.        4.        2.        2.
  0.0258  0.0257  0.0256  0.0256  0.0256  0.0257  0.0257  0.0259  0.0257  0.0257  0.0256  0.0256
  0.0256  0.0256  0.0255  0.0255  0.0255  0.0256  0.0256  0.0256  0.0256  0.0255  0.0255  0.0255
  0.0255  0.0255  0.0255  0.0255  0.0255  0.0255  0.0255  0.0255  0.0255  0.0255  0.0255  0.0255
  0.0255  0.0255  0.0255  0.0255  0.0255  0.0255  0.0255  0.0255  0.0255  0.0255  0.0255  0.0255
  0.0255  0.0255  0.0255  0.0255  0.0255  0.0255  0.0255  0.0255  0.0255  0.0255  0.0255  0.0255
  0.0256  0.0256  0.0255  0.0256  0.0255  0.0256  0.0256  0.0257  0.0256  0.0256  0.0255  0.0255
  0.0258  0.0257  0.0256  0.0257  0.0256  0.0257  0.0257  0.0259  0.0257  0.0257  0.0256  0.0256
   -0.8575   11.4277   12.1013  -12.2695  -16.8749  -13.2199
    2.6902    3.6411   -3.0287   17.5270   -3.8554  -11.7663
eta,q 0.97454  9.20243

---------------------------------------------------------------------
imgreg_4dfp /opt/freesurfer/average/711-2C_as_mni_average_305 /opt/freesurfer/average/711-2B_as_mni_average_305_mask talsrcimg_g11 none talsrcimg_to_711-2C_as_mni_average_305_t4 2311
---------------------------------------------------------------------

freesurfer imgreg_4dfp.c
/opt/freesurfer/average/711-2C_as_mni_average_305.4dfp.img
       256       256       256         1
  1.000000  1.000000  1.000000
orientation T byte_order littleendian
Reading image: /opt/freesurfer/average/711-2C_as_mni_average_305.4dfp.img
dimensions:      256       256       256
mmppix:       1.0000   -1.0000   -1.0000
center:     128.0000 -129.0000 -129.0000
/opt/freesurfer/average/711-2B_as_mni_average_305_mask.4dfp.img
       256       256       256         1
  1.000000  1.000000  1.000000
orientation T byte_order littleendian
Reading mask: /opt/freesurfer/average/711-2B_as_mni_average_305_mask.4dfp.img (2306576 pixels)
talsrcimg_g11.4dfp.img
       256       256       256         1
  1.000000  1.000000  1.000000
orientation T byte_order littleendian
Reading image: talsrcimg_g11.4dfp.img
dimensions:      256       256       256
mmppix:       1.0000   -1.0000   -1.0000
center:     128.0000 -129.0000 -129.0000
fimgreg.f
image alignment mode   2311 decimal      907 hex
parameters
   -0.8575   11.4277   12.1013  -12.2695  -16.8749  -13.2199
    2.6902    3.6411   -3.0287   17.5270   -3.8554  -11.7663
eta,q 0.97454  9.20243
niter,ni,del,rscale     5    3    5.0000    0.8000
parameters
   -0.8455   11.4218   12.1512  -11.8675  -16.8954  -13.1903
    2.6504    3.6365   -3.0418   17.6802   -3.8374  -11.6671
eta,q 0.97452  9.22423
  0.0267  0.0263  0.0260  0.0263  0.0262  0.0263  0.0266  0.0270  0.0263  0.0264  0.0259  0.0259
  0.0260  0.0258  0.0257  0.0258  0.0258  0.0259  0.0260  0.0262  0.0259  0.0259  0.0257  0.0257
  0.0256  0.0256  0.0255  0.0255  0.0256  0.0256  0.0256  0.0257  0.0256  0.0256  0.0255  0.0255
  0.0255  0.0255  0.0255  0.0255  0.0255  0.0255  0.0255  0.0255  0.0255  0.0255  0.0255  0.0255
  0.0256  0.0256  0.0255  0.0256  0.0256  0.0256  0.0256  0.0257  0.0256  0.0256  0.0255  0.0255
  0.0260  0.0259  0.0257  0.0257  0.0258  0.0259  0.0260  0.0262  0.0259  0.0258  0.0257  0.0257
  0.0266  0.0263  0.0260  0.0260  0.0262  0.0263  0.0266  0.0270  0.0263  0.0263  0.0259  0.0259
niter,ni,del,rscale     4    3    5.0000    0.7000
parameters
   -0.8375   11.4148   12.1259  -11.9394  -16.8973  -13.2254
    2.6413    3.6446   -3.0516   17.6300   -3.8441  -11.6779
eta,q 0.97452  9.21857
  0.0264  0.0261  0.0259  0.0260  0.0260  0.0261  0.0263  0.0267  0.0261  0.0261  0.0258  0.0258
  0.0259  0.0258  0.0256  0.0257  0.0257  0.0258  0.0258  0.0260  0.0258  0.0257  0.0256  0.0256
  0.0256  0.0255  0.0255  0.0255  0.0255  0.0256  0.0256  0.0256  0.0255  0.0255  0.0255  0.0255
  0.0255  0.0255  0.0255  0.0255  0.0255  0.0255  0.0255  0.0255  0.0255  0.0255  0.0255  0.0255
  0.0256  0.0256  0.0255  0.0256  0.0255  0.0256  0.0256  0.0256  0.0255  0.0256  0.0255  0.0255
  0.0259  0.0258  0.0257  0.0257  0.0257  0.0258  0.0259  0.0260  0.0258  0.0258  0.0256  0.0256
  0.0264  0.0261  0.0259  0.0260  0.0260  0.0261  0.0263  0.0266  0.0261  0.0261  0.0258  0.0258
niter,ni,del,rscale     3    3    5.0000    0.6000
parameters
   -0.8395   11.4135   12.1196  -12.0365  -16.8859  -13.2350
    2.6545    3.6603   -3.0389   17.5892   -3.8386  -11.6867
eta,q 0.97453  9.21333
  0.0262  0.0260  0.0258  0.0259  0.0259  0.0260  0.0261  0.0264  0.0259  0.0260  0.0257  0.0257
  0.0258  0.0257  0.0256  0.0256  0.0256  0.0257  0.0257  0.0259  0.0257  0.0257  0.0256  0.0256
  0.0255  0.0255  0.0255  0.0255  0.0255  0.0255  0.0255  0.0256  0.0255  0.0255  0.0255  0.0255
  0.0255  0.0255  0.0255  0.0255  0.0255  0.0255  0.0255  0.0255  0.0255  0.0255  0.0255  0.0255
  0.0256  0.0255  0.0255  0.0256  0.0255  0.0255  0.0255  0.0256  0.0255  0.0255  0.0255  0.0255
  0.0258  0.0257  0.0256  0.0257  0.0256  0.0257  0.0257  0.0259  0.0257  0.0257  0.0256  0.0256
  0.0261  0.0260  0.0258  0.0258  0.0259  0.0260  0.0261  0.0263  0.0259  0.0260  0.0257  0.0257
niter,ni,del,rscale     2    3    5.0000    0.5000
parameters
   -0.8452   11.4126   12.1202  -12.1658  -16.8796  -13.2181
    2.6483    3.6494   -3.0340   17.5530   -3.8617  -11.7227
eta,q 0.97453  9.20763
  0.0259  0.0258  0.0257  0.0257  0.0257  0.0258  0.0259  0.0261  0.0258  0.0258  0.0256  0.0256
  0.0257  0.0256  0.0256  0.0256  0.0256  0.0256  0.0257  0.0257  0.0256  0.0256  0.0255  0.0255
  0.0255  0.0255  0.0255  0.0255  0.0255  0.0255  0.0255  0.0255  0.0255  0.0255  0.0255  0.0255
  0.0255  0.0255  0.0255  0.0255  0.0255  0.0255  0.0255  0.0255  0.0255  0.0255  0.0255  0.0255
  0.0255  0.0255  0.0255  0.0255  0.0255  0.0255  0.0255  0.0255  0.0255  0.0255  0.0255  0.0255
  0.0257  0.0256  0.0256  0.0256  0.0256  0.0256  0.0257  0.0258  0.0256  0.0256  0.0256  0.0255
  0.0259  0.0258  0.0257  0.0257  0.0257  0.0258  0.0259  0.0261  0.0258  0.0258  0.0256  0.0256
niter,ni,del,rscale     1    3    5.0000    0.4000
parameters
   -0.8569   11.4094   12.1242  -12.2647  -16.8606  -13.1812
    2.6882    3.6485   -3.0189   17.5073   -3.8599  -11.7400
eta,q 0.97454  9.20425
  0.0258  0.0257  0.0256  0.0256  0.0256  0.0257  0.0258  0.0259  0.0257  0.0257  0.0256  0.0256
  0.0256  0.0256  0.0255  0.0255  0.0255  0.0256  0.0256  0.0256  0.0256  0.0255  0.0255  0.0255
  0.0255  0.0255  0.0255  0.0255  0.0255  0.0255  0.0255  0.0255  0.0255  0.0255  0.0255  0.0255
  0.0255  0.0255  0.0255  0.0255  0.0255  0.0255  0.0255  0.0255  0.0255  0.0255  0.0255  0.0255
  0.0255  0.0255  0.0255  0.0255  0.0255  0.0255  0.0255  0.0255  0.0255  0.0255  0.0255  0.0255
  0.0256  0.0256  0.0255  0.0256  0.0255  0.0256  0.0256  0.0256  0.0256  0.0256  0.0255  0.0255
  0.0258  0.0257  0.0256  0.0256  0.0256  0.0257  0.0257  0.0259  0.0257  0.0257  0.0256  0.0256
registration optimization eta report
parameter search radius
    0.8000    0.8000    0.8000    2.4000    2.4000    2.4000
    2.4000    2.4000    2.4000    2.4000    2.4000    2.4000
100000*second partial in parameter space
       47.       34.       20.        3.        3.        4.
        5.        7.        4.        4.        2.        2.
  0.0258  0.0257  0.0256  0.0256  0.0256  0.0257  0.0258  0.0259  0.0257  0.0257  0.0256  0.0256
  0.0256  0.0256  0.0255  0.0255  0.0255  0.0256  0.0256  0.0256  0.0256  0.0255  0.0255  0.0255
  0.0255  0.0255  0.0255  0.0255  0.0255  0.0255  0.0255  0.0255  0.0255  0.0255  0.0255  0.0255
  0.0255  0.0255  0.0255  0.0255  0.0255  0.0255  0.0255  0.0255  0.0255  0.0255  0.0255  0.0255
  0.0255  0.0255  0.0255  0.0255  0.0255  0.0255  0.0255  0.0255  0.0255  0.0255  0.0255  0.0255
  0.0256  0.0256  0.0255  0.0256  0.0255  0.0256  0.0256  0.0256  0.0256  0.0256  0.0255  0.0255
  0.0258  0.0257  0.0256  0.0256  0.0256  0.0257  0.0257  0.0259  0.0257  0.0257  0.0256  0.0256
   -0.8569   11.4094   12.1242  -12.2647  -16.8606  -13.1812
    2.6882    3.6485   -3.0189   17.5073   -3.8599  -11.7400
eta,q 0.97454  9.20425

---------------------------------------------------------------------
compute_vox2vox talsrcimg talsrcimg_to_711-2C_as_mni_average_305_t4 /opt/freesurfer/average/711-2C_as_mni_average_305
---------------------------------------------------------------------

freesurfer compute_vox2vox.c
Reading: talsrcimg.4dfp.ifh
Reading: talsrcimg_to_711-2C_as_mni_average_305_t4
Reading: /opt/freesurfer/average/711-2C_as_mni_average_305.4dfp.ifh
Writing: talsrcimg_to_711-2C_as_mni_average_305_t4_vox2vox.txt

start time Sun Mar 8 16:29:28 CET 2026
end		time Sun Mar 8 16:30:53 CET 2026

mpr2mni305 success

avi2talxfm orig_nu.mgz /opt/freesurfer/average/mni305.cor.mgz talsrcimg_to_711-2C_as_mni_average_305_t4_vox2vox.txt transforms/talairach.auto.xfm
avi2talxfm done
mv -f /out/sourcedata/freesurfer/sub-v1s13x0050035_ses-1/mri/talsrcimg_to_711-2C_as_mni_average_305_t4_vox2vox.txt /out/sourcedata/freesurfer/sub-v1s13x0050035_ses-1/mri/transforms/talsrcimg_to_711-2C_as_mni_average_305_t4_vox2vox.txt
lta_convert --src orig_nu.mgz --trg /opt/freesurfer/average/mni305.cor.mgz --inxfm transforms/talairach.auto.xfm --outlta transforms/talairach.auto.xfm.lta --subject fsaverage
7.3.2

--src: orig_nu.mgz src image (geometry).
--trg: /opt/freesurfer/average/mni305.cor.mgz trg image (geometry).
--inmni: transforms/talairach.auto.xfm input MNI/XFM transform.
--outlta: transforms/talairach.auto.xfm.lta output LTA.
--s: fsaverage subject name
 LTA read, type : 1
 1.13661  -0.03924  -0.04229  -1.42580;
 0.05456   1.11805   0.15611   29.90858;
 0.02978  -0.23686   1.16839  -64.13496;
 0.00000   0.00000   0.00000   1.00000;
setting subject to fsaverage
Writing  LTA to file transforms/talairach.auto.xfm.lta...
lta_convert successful.
 
 
Started at Sun Mar 8 16:29:27 CET 2026
Ended   at Sun Mar  8 16:30:54 CET 2026
talairach_avi done
