status file for recon-all
Sun Mar  8 16:06:57 CET 2026
#@# MotionCor Sun Mar  8 16:06:59 CET 2026
#@# Talairach Sun Mar  8 16:07:06 CET 2026
#@# Talairach Failure Detection Sun Mar  8 16:09:56 CET 2026
#@# Nu Intensity Correction Sun Mar  8 16:09:56 CET 2026
#@# Intensity Normalization Sun Mar  8 16:12:43 CET 2026
recon-all -s sub-v1s13x0050028_ses-1 finished without error at Sun Mar  8 16:13:43 CET 2026



#New# invocation of recon-all 



status file for recon-all
Sun Mar  8 16:19:49 CET 2026
#@# EM Registration Sun Mar  8 16:19:49 CET 2026
recon-all -s sub-v1s13x0050028_ses-1 finished without error at Sun Mar  8 16:21:31 CET 2026



#New# invocation of recon-all 



status file for recon-all
Sun Mar  8 16:21:32 CET 2026
#@# CA Normalize Sun Mar  8 16:21:32 CET 2026
#@# CA Reg Sun Mar  8 16:22:26 CET 2026
#@# SubCort Seg Sun Mar  8 17:05:05 CET 2026
#@# CC Seg Sun Mar  8 17:27:07 CET 2026
#@# Merge ASeg Sun Mar  8 17:27:27 CET 2026
#@# Intensity Normalization2 Sun Mar  8 17:27:27 CET 2026
#@# Mask BFS Sun Mar  8 17:28:53 CET 2026
#@# WM Segmentation Sun Mar  8 17:28:54 CET 2026
#@# Fill Sun Mar  8 17:30:32 CET 2026
recon-all -s sub-v1s13x0050028_ses-1 finished without error at Sun Mar  8 17:31:09 CET 2026



#New# invocation of recon-all 



status file for recon-all
Sun Mar  8 18:19:59 CET 2026
#@# white curv lh Sun Mar  8 18:19:59 CET 2026
#@# white area lh Sun Mar  8 18:19:59 CET 2026
#@# pial curv lh Sun Mar  8 18:19:59 CET 2026
#@# pial area lh Sun Mar  8 18:19:59 CET 2026
#@# thickness lh Sun Mar  8 18:19:59 CET 2026
#@# area and vertex vol lh Sun Mar  8 18:19:59 CET 2026
#@# white curv rh Sun Mar  8 18:19:59 CET 2026
#@# white area rh Sun Mar  8 18:19:59 CET 2026
#@# pial curv rh Sun Mar  8 18:19:59 CET 2026
#@# pial area rh Sun Mar  8 18:19:59 CET 2026
#@# thickness rh Sun Mar  8 18:19:59 CET 2026
#@# area and vertex vol rh Sun Mar  8 18:19:59 CET 2026
#@# Cortical ribbon mask Sun Mar  8 18:19:59 CET 2026
recon-all -s sub-v1s13x0050028_ses-1 finished without error at Sun Mar  8 18:24:11 CET 2026



#New# invocation of recon-all 



status file for recon-all
Sun Mar  8 18:29:58 CET 2026
#@# white curv lh Sun Mar  8 18:29:58 CET 2026
#@# white area lh Sun Mar  8 18:29:58 CET 2026
#@# pial curv lh Sun Mar  8 18:29:58 CET 2026
#@# pial area lh Sun Mar  8 18:29:58 CET 2026
#@# thickness lh Sun Mar  8 18:29:58 CET 2026
#@# area and vertex vol lh Sun Mar  8 18:29:58 CET 2026
#@# white curv rh Sun Mar  8 18:29:58 CET 2026
#@# white area rh Sun Mar  8 18:29:58 CET 2026
#@# pial curv rh Sun Mar  8 18:29:58 CET 2026
#@# pial area rh Sun Mar  8 18:29:58 CET 2026
#@# thickness rh Sun Mar  8 18:29:58 CET 2026
#@# area and vertex vol rh Sun Mar  8 18:29:58 CET 2026
#@# Curvature Stats lh Sun Mar  8 18:29:58 CET 2026
#@# Curvature Stats rh Sun Mar  8 18:30:00 CET 2026
#@# Relabel Hypointensities Sun Mar  8 18:30:02 CET 2026
#@# APas-to-ASeg Sun Mar  8 18:30:14 CET 2026
#@# AParc-to-ASeg aparc Sun Mar  8 18:30:21 CET 2026
#@# AParc-to-ASeg aparc.a2009s Sun Mar  8 18:30:54 CET 2026
#@# AParc-to-ASeg aparc.DKTatlas Sun Mar  8 18:31:18 CET 2026
#@# WMParc Sun Mar  8 18:31:45 CET 2026
#@# ASeg Stats Sun Mar  8 18:33:31 CET 2026
recon-all -s sub-v1s13x0050028_ses-1 finished without error at Sun Mar  8 18:33:52 CET 2026
