status file for recon-all
Sun Mar  8 17:55:35 CET 2026
#@# Tessellate rh Sun Mar  8 17:55:35 CET 2026
#@# Smooth1 rh Sun Mar  8 17:55:38 CET 2026
#@# Inflation1 rh Sun Mar  8 17:55:40 CET 2026
#@# QSphere rh Sun Mar  8 17:55:55 CET 2026
#@# Fix Topology rh Sun Mar  8 17:56:55 CET 2026
#@# Smooth2 rh Sun Mar  8 18:02:25 CET 2026
#@# Inflation2 rh Sun Mar  8 18:02:28 CET 2026
#@# Curv .H and .K rh Sun Mar  8 18:02:45 CET 2026
#@# Sphere rh Sun Mar  8 18:03:27 CET 2026
#@# Surf Reg rh Sun Mar  8 18:07:47 CET 2026
#@# Jacobian white rh Sun Mar  8 18:12:55 CET 2026
#@# AvgCurv rh Sun Mar  8 18:12:56 CET 2026
#@# Cortical Parc rh Sun Mar  8 18:12:56 CET 2026
#@# white curv rh Sun Mar  8 18:19:04 CET 2026
#@# white area rh Sun Mar  8 18:19:05 CET 2026
#@# pial curv rh Sun Mar  8 18:19:06 CET 2026
#@# pial area rh Sun Mar  8 18:19:08 CET 2026
#@# thickness rh Sun Mar  8 18:19:08 CET 2026
#@# area and vertex vol rh Sun Mar  8 18:19:30 CET 2026
#@# Curvature Stats rh Sun Mar  8 18:19:31 CET 2026
#@# Cortical Parc 2 rh Sun Mar  8 18:19:33 CET 2026
#@# Cortical Parc 3 rh Sun Mar  8 18:19:44 CET 2026
#@# WM/GM Contrast rh Sun Mar  8 18:19:53 CET 2026
recon-all -s sub-v1s13x0050028_ses-1 finished without error at Sun Mar  8 18:19:56 CET 2026



#New# invocation of recon-all 



status file for recon-all
Sun Mar  8 18:27:03 CET 2026
#@# white curv rh Sun Mar  8 18:27:03 CET 2026
#@# white area rh Sun Mar  8 18:27:03 CET 2026
#@# pial curv rh Sun Mar  8 18:27:03 CET 2026
#@# pial area rh Sun Mar  8 18:27:03 CET 2026
#@# thickness rh Sun Mar  8 18:27:03 CET 2026
#@# area and vertex vol rh Sun Mar  8 18:27:03 CET 2026
#@# Parcellation Stats rh Sun Mar  8 18:27:03 CET 2026
#@# Parcellation Stats 2 rh Sun Mar  8 18:27:21 CET 2026
#@# Parcellation Stats 3 rh Sun Mar  8 18:27:31 CET 2026
#@# BA_exvivo Labels rh Sun Mar  8 18:27:40 CET 2026
recon-all -s sub-v1s13x0050028_ses-1 finished without error at Sun Mar  8 18:29:52 CET 2026
