status file for recon-all
Sun Mar  8 18:07:36 CET 2026
#@# Tessellate lh Sun Mar  8 18:07:36 CET 2026
#@# Smooth1 lh Sun Mar  8 18:07:39 CET 2026
#@# Inflation1 lh Sun Mar  8 18:07:42 CET 2026
#@# QSphere lh Sun Mar  8 18:07:51 CET 2026
#@# Fix Topology lh Sun Mar  8 18:08:39 CET 2026
#@# Smooth2 lh Sun Mar  8 18:23:09 CET 2026
#@# Inflation2 lh Sun Mar  8 18:23:12 CET 2026
#@# Curv .H and .K lh Sun Mar  8 18:23:21 CET 2026
#@# Sphere lh Sun Mar  8 18:24:03 CET 2026
#@# Surf Reg lh Sun Mar  8 18:26:55 CET 2026
#@# Jacobian white lh Sun Mar  8 18:29:37 CET 2026
#@# AvgCurv lh Sun Mar  8 18:29:37 CET 2026
#@# Cortical Parc lh Sun Mar  8 18:29:38 CET 2026
#@# white curv lh Sun Mar  8 18:34:23 CET 2026
#@# white area lh Sun Mar  8 18:34:25 CET 2026
#@# pial curv lh Sun Mar  8 18:34:25 CET 2026
#@# pial area lh Sun Mar  8 18:34:27 CET 2026
#@# thickness lh Sun Mar  8 18:34:27 CET 2026
#@# area and vertex vol lh Sun Mar  8 18:34:53 CET 2026
#@# Curvature Stats lh Sun Mar  8 18:34:54 CET 2026
#@# Cortical Parc 2 lh Sun Mar  8 18:34:57 CET 2026
#@# Cortical Parc 3 lh Sun Mar  8 18:35:08 CET 2026
#@# WM/GM Contrast lh Sun Mar  8 18:35:17 CET 2026
recon-all -s sub-v1s13x0050038_ses-1 finished without error at Sun Mar  8 18:35:19 CET 2026



#New# invocation of recon-all 



status file for recon-all
Sun Mar  8 19:11:55 CET 2026
#@# white curv lh Sun Mar  8 19:11:56 CET 2026
#@# white area lh Sun Mar  8 19:11:56 CET 2026
#@# pial curv lh Sun Mar  8 19:11:56 CET 2026
#@# pial area lh Sun Mar  8 19:11:56 CET 2026
#@# thickness lh Sun Mar  8 19:11:56 CET 2026
#@# area and vertex vol lh Sun Mar  8 19:11:56 CET 2026
#@# Parcellation Stats lh Sun Mar  8 19:11:56 CET 2026
#@# Parcellation Stats 2 lh Sun Mar  8 19:12:10 CET 2026
#@# Parcellation Stats 3 lh Sun Mar  8 19:12:18 CET 2026
#@# BA_exvivo Labels lh Sun Mar  8 19:12:26 CET 2026
recon-all -s sub-v1s13x0050038_ses-1 finished without error at Sun Mar  8 19:14:33 CET 2026
