/out/sourcedata/freesurfer/sub-v1s13x0050020_ses-1/mri
/opt/freesurfer/bin/talairach_avi
--i orig_nu.mgz --xfm transforms/talairach.auto.xfm
talairach_avi 7.3.2
Linux dna078 5.14.0-427.37.1.el9_4.x86_64 #1 SMP PREEMPT_DYNAMIC Fri Sep 13 12:41:50 EDT 2024 x86_64 x86_64 x86_64 GNU/Linux
Sun Mar  8 15:41:19 CET 2026
mri_convert orig_nu.mgz talsrcimg.img 
reading from orig_nu.mgz...
TR=0.00, TE=0.00, TI=0.00, flip angle=0.00
i_ras = (-1, 0, 0)
j_ras = (0, 0, -1)
k_ras = (0, 1, 0)
writing to talsrcimg.img...
Analyze Output Matrix
-1.00000   0.00000   0.00000   126.61942;
 0.00000   0.00000   1.00000  -127.08716;
 0.00000  -1.00000   0.00000   125.87619;
 0.00000   0.00000   0.00000   1.00000;
--------------------
INFO: set hdr.hist.orient to -1
mpr2mni305 talsrcimg
Sun Mar  8 15:41:20 CET 2026
/opt/freesurfer/bin/mpr2mni305 talsrcimg
mpr2mni305 7.3.2
target=711-2C_as_mni_average_305

---------------------------------------------------------------------
analyzeto4dfp talsrcimg -O0 -y
---------------------------------------------------------------------

freesurfer ifh2hdr.c
Sun Mar  8 15:41:20 2026
Writing: talsrcimg.4dfp.hdr
freesurfer analyzeto4dfp.c
Reading: talsrcimg.hdr
header size 348 bytes
hdr.dime.datatype	offset=70	value=2
hdr.dime.bitpix		offset=72	value=8
hdr.hist.orient		offset=252	value=-1
dimensionality     4
dimensions       256       256       256         1
Reading: talsrcimg.img
Writing: talsrcimg.4dfp.img
Writing: talsrcimg.4dfp.ifh
ifh2hdr talsrcimg -r0to220
ori=2

---------------------------------------------------------------------
gauss_4dfp talsrcimg 1.1
---------------------------------------------------------------------

freesurfer gauss_4dfp.c
Reading: talsrcimg.4dfp.img
Writing: talsrcimg_g11.4dfp.img
image dimensions 256 256 256 padded to 288 288 288
processing volume 1freesurfer ifh2hdr.c
Sun Mar  8 15:41:21 2026
Writing: talsrcimg_g11.4dfp.hdr

Writing: talsrcimg_g11.4dfp.ifh
including: talsrcimg.4dfp.img.rec in talsrcimg_g11.4dfp.img.rec

---------------------------------------------------------------------
imgreg_4dfp /opt/freesurfer/average/711-2C_as_mni_average_305 none talsrcimg_g11 none talsrcimg_to_711-2C_as_mni_average_305_t4 4355
---------------------------------------------------------------------

freesurfer imgreg_4dfp.c
/opt/freesurfer/average/711-2C_as_mni_average_305.4dfp.img
       256       256       256         1
  1.000000  1.000000  1.000000
orientation T byte_order littleendian
Reading image: /opt/freesurfer/average/711-2C_as_mni_average_305.4dfp.img
dimensions:      256       256       256
mmppix:       1.0000   -1.0000   -1.0000
center:     128.0000 -129.0000 -129.0000
talsrcimg_g11.4dfp.img
       256       256       256         1
  1.000000  1.000000  1.000000
orientation T byte_order littleendian
Reading image: talsrcimg_g11.4dfp.img
dimensions:      256       256       256
mmppix:       1.0000   -1.0000   -1.0000
center:     128.0000 -129.0000 -129.0000
t4_read: open error in t4_sub.f l:  41 t4_file(1:l)talsrcimg_to_711-2C_as_mni_average_305_t4 
t4_read: transform initialized to I4
rotation matrix determinant  1.000000
image alignment mode   4355 decimal     1103 hex
   -7.5000  -45.0000  -45.0000 9067.3711   14.8508
    0.0000  -45.0000  -45.0000 9468.8848   14.8725
    7.5000  -45.0000  -45.0000 9072.0781   14.8687
   -7.5000  -37.5000  -45.0000 9494.5498   14.7993
    0.0000  -37.5000  -45.0000 9888.8447   14.8264
    7.5000  -37.5000  -45.0000 9474.6406   14.8284
   -7.5000  -30.0000  -45.000010195.7471   14.6921
    0.0000  -30.0000  -45.000010643.3750   14.7191
    7.5000  -30.0000  -45.000010166.4453   14.7266
   -7.5000  -22.5000  -45.000010845.9736   14.6172
    0.0000  -22.5000  -45.000011335.3037   14.6392
    7.5000  -22.5000  -45.000010817.5625   14.6468
   -7.5000  -15.0000  -45.000011417.9746   14.5716
    0.0000  -15.0000  -45.000011931.1416   14.5887
    7.5000  -15.0000  -45.000011368.0039   14.5923
   -7.5000   -7.5000  -45.000011910.9502   14.5437
    0.0000   -7.5000  -45.000012443.9297   14.5607
    7.5000   -7.5000  -45.000011823.9346   14.5604
   -7.5000    0.0000  -45.000012300.4727   14.5168
    0.0000    0.0000  -45.000012802.8242   14.5382
    7.5000    0.0000  -45.000012181.8770   14.5377
   -7.5000    7.5000  -45.000011735.7070   14.5375
    0.0000    7.5000  -45.000012188.1387   14.5639
    7.5000    7.5000  -45.000011626.5938   14.5683
   -7.5000   15.0000  -45.000011018.2012   14.6076
    0.0000   15.0000  -45.000011442.8652   14.6346
    7.5000   15.0000  -45.000010940.4619   14.6435
   -7.5000   22.5000  -45.000010314.0107   14.7327
    0.0000   22.5000  -45.000010721.1777   14.7561
    7.5000   22.5000  -45.000010241.2881   14.7653
   -7.5000   30.0000  -45.0000 9589.1377   14.7313
    0.0000   30.0000  -45.0000 9971.2852   14.7512
    7.5000   30.0000  -45.0000 9516.9121   14.7566
   -7.5000   37.5000  -45.0000 9175.2920   14.9798
    0.0000   37.5000  -45.0000 9516.2715   15.0032
    7.5000   37.5000  -45.0000 9081.7393   15.0053
   -7.5000   45.0000  -45.0000 8434.0176   14.9365
    0.0000   45.0000  -45.0000 8750.0518   14.9670
    7.5000   45.0000  -45.0000 8329.6475   14.9687
   -7.5000  -45.0000  -37.5000 9644.2988   14.8397
    0.0000  -45.0000  -37.500010073.2969   14.8599
    7.5000  -45.0000  -37.5000 9648.2549   14.8589
   -7.5000  -37.5000  -37.500010106.1045   14.7831
    0.0000  -37.5000  -37.500010546.0889   14.8075
    7.5000  -37.5000  -37.500010078.9707   14.8140
   -7.5000  -30.0000  -37.500010872.4658   14.6752
    0.0000  -30.0000  -37.500011362.1006   14.6998
    7.5000  -30.0000  -37.500010825.8223   14.7121
   -7.5000  -22.5000  -37.500011560.3164   14.6030
    0.0000  -22.5000  -37.500012101.4980   14.6246
    7.5000  -22.5000  -37.500011515.3477   14.6354
   -7.5000  -15.0000  -37.500012157.2695   14.5609
    0.0000  -15.0000  -37.500012704.8115   14.5791
    7.5000  -15.0000  -37.500012100.8223   14.5842
   -7.5000   -7.5000  -37.500012647.1133   14.5308
    0.0000   -7.5000  -37.500013234.6221   14.5484
    7.5000   -7.5000  -37.500012565.1533   14.5492
   -7.5000    0.0000  -37.500013026.8477   14.4973
    0.0000    0.0000  -37.500013608.7441   14.5171
    7.5000    0.0000  -37.500012912.8086   14.5194
   -7.5000    7.5000  -37.500012407.7139   14.5134
    0.0000    7.5000  -37.500012946.9482   14.5370
    7.5000    7.5000  -37.500012294.9170   14.5458
   -7.5000   15.0000  -37.500011655.5615   14.5832
    0.0000   15.0000  -37.500012173.2363   14.6078
    7.5000   15.0000  -37.500011572.9648   14.6216
   -7.5000   22.5000  -37.500010884.9639   14.7131
    0.0000   22.5000  -37.500011346.1582   14.7359
    7.5000   22.5000  -37.500010819.2412   14.7485
   -7.5000   30.0000  -37.500010078.1514   14.7165
    0.0000   30.0000  -37.500010496.6455   14.7375
    7.5000   30.0000  -37.500010016.1318   14.7443
   -7.5000   37.5000  -37.5000 9620.5566   14.9629
    0.0000   37.5000  -37.500010004.2354   14.9859
    7.5000   37.5000  -37.5000 9536.3721   14.9889
   -7.5000   45.0000  -37.5000 8814.0186   14.9159
    0.0000   45.0000  -37.5000 9165.8408   14.9425
    7.5000   45.0000  -37.5000 8726.0254   14.9467
   -7.5000  -45.0000  -30.000010486.2344   15.4216
    0.0000  -45.0000  -30.000010914.5732   15.4409
    7.5000  -45.0000  -30.000010434.4678   15.4410
   -7.5000  -37.5000  -30.000010979.1943   15.3494
    0.0000  -37.5000  -30.000011447.9414   15.3732
    7.5000  -37.5000  -30.000010925.1738   15.3825
   -7.5000  -30.0000  -30.000011822.4932   15.2329
    0.0000  -30.0000  -30.000012348.5820   15.2594
    7.5000  -30.0000  -30.000011768.4199   15.2757
   -7.5000  -22.5000  -30.000012573.6836   15.1662
    0.0000  -22.5000  -30.000013141.0537   15.1915
    7.5000  -22.5000  -30.000012497.2549   15.2057
   -7.5000  -15.0000  -30.000013191.1357   15.1318
    0.0000  -15.0000  -30.000013773.8154   15.1539
    7.5000  -15.0000  -30.000013109.2529   15.1606
   -7.5000   -7.5000  -30.000013656.4658   15.0986
    0.0000   -7.5000  -30.000014286.4482   15.1177
    7.5000   -7.5000  -30.000013582.2148   15.1191
   -7.5000    0.0000  -30.000014048.7197   15.0533
    0.0000    0.0000  -30.000014674.6436   15.0719
    7.5000    0.0000  -30.000013932.6914   15.0755
   -7.5000    7.5000  -30.000013369.1445   15.0597
    0.0000    7.5000  -30.000013962.2188   15.0827
    7.5000    7.5000  -30.000013237.5215   15.0942
   -7.5000   15.0000  -30.000012578.6045   15.1302
    0.0000   15.0000  -30.000013141.3545   15.1567
    7.5000   15.0000  -30.000012478.6162   15.1746
   -7.5000   22.5000  -30.000011731.1377   15.2740
    0.0000   22.5000  -30.000012231.8242   15.3004
    7.5000   22.5000  -30.000011641.5635   15.3164
   -7.5000   30.0000  -30.000010816.8906   15.2905
    0.0000   30.0000  -30.000011279.5049   15.3157
    7.5000   30.0000  -30.000010736.3838   15.3239
   -7.5000   37.5000  -30.000010282.4707   15.5457
    0.0000   37.5000  -30.000010705.2588   15.5692
    7.5000   37.5000  -30.000010189.9004   15.5727
   -7.5000   45.0000  -30.0000 9405.3965   15.4956
    0.0000   45.0000  -30.0000 9776.5762   15.5188
    7.5000   45.0000  -30.0000 9286.4424   15.5234
   -7.5000  -45.0000  -22.500011293.2959   15.9029
    0.0000  -45.0000  -22.500011759.5312   15.9229
    7.5000  -45.0000  -22.500011247.8848   15.9216
   -7.5000  -37.5000  -22.500011825.0059   15.8222
    0.0000  -37.5000  -22.500012319.2432   15.8481
    7.5000  -37.5000  -22.500011783.1836   15.8555
   -7.5000  -30.0000  -22.500012752.7490   15.7007
    0.0000  -30.0000  -22.500013296.6494   15.7314
    7.5000  -30.0000  -22.500012704.4326   15.7471
   -7.5000  -22.5000  -22.500013591.3174   15.6357
    0.0000  -22.5000  -22.500014169.8730   15.6654
    7.5000  -22.5000  -22.500013508.1328   15.6803
   -7.5000  -15.0000  -22.500014207.7275   15.6036
    0.0000  -15.0000  -22.500014827.8281   15.6287
    7.5000  -15.0000  -22.500014112.4922   15.6367
   -7.5000   -7.5000  -22.500014683.9658   15.5683
    0.0000   -7.5000  -22.500015321.3398   15.5885
    7.5000   -7.5000  -22.500014558.9102   15.5903
   -7.5000    0.0000  -22.500015090.9092   15.5173
    0.0000    0.0000  -22.500015756.0869   15.5365
    7.5000    0.0000  -22.500014942.1318   15.5387
   -7.5000    7.5000  -22.500014351.6143   15.5206
    0.0000    7.5000  -22.500014990.0566   15.5455
    7.5000    7.5000  -22.500014205.0264   15.5553
   -7.5000   15.0000  -22.500013503.9336   15.5932
    0.0000   15.0000  -22.500014109.0654   15.6238
    7.5000   15.0000  -22.500013382.0322   15.6411
   -7.5000   22.5000  -22.500012565.3760   15.7452
    0.0000   22.5000  -22.500013100.3779   15.7761
    7.5000   22.5000  -22.500012437.4863   15.7927
   -7.5000   30.0000  -22.500011562.4004   15.7688
    0.0000   30.0000  -22.500012061.8643   15.7973
    7.5000   30.0000  -22.500011446.5166   15.8067
   -7.5000   37.5000  -22.500010975.2188   16.0307
    0.0000   37.5000  -22.500011439.6934   16.0554
    7.5000   37.5000  -22.500010862.5596   16.0590
   -7.5000   45.0000  -22.5000 9999.1914   15.9826
    0.0000   45.0000  -22.500010397.6709   16.0064
    7.5000   45.0000  -22.5000 9861.9150   16.0089
   -7.5000  -45.0000  -15.000012113.7656   16.2371
    0.0000  -45.0000  -15.000012611.2334   16.2587
    7.5000  -45.0000  -15.000012061.8418   16.2559
   -7.5000  -37.5000  -15.000012661.0635   16.1607
    0.0000  -37.5000  -15.000013192.0244   16.1895
    7.5000  -37.5000  -15.000012603.2900   16.1935
   -7.5000  -30.0000  -15.000013646.6289   16.0398
    0.0000  -30.0000  -15.000014225.0479   16.0730
    7.5000  -30.0000  -15.000013570.1670   16.0854
   -7.5000  -22.5000  -15.000014557.3574   15.9691
    0.0000  -22.5000  -15.000015175.2891   15.9997
    7.5000  -22.5000  -15.000014445.6709   16.0133
   -7.5000  -15.0000  -15.000015214.0684   15.9292
    0.0000  -15.0000  -15.000015880.6016   15.9535
    7.5000  -15.0000  -15.000015084.5225   15.9623
   -7.5000   -7.5000  -15.000015681.4521   15.8911
    0.0000   -7.5000  -15.000016355.5049   15.9109
    7.5000   -7.5000  -15.000015516.3027   15.9136
   -7.5000    0.0000  -15.000016108.9541   15.8433
    0.0000    0.0000  -15.000016794.9395   15.8642
    7.5000    0.0000  -15.000015912.8594   15.8650
   -7.5000    7.5000  -15.000015322.2812   15.8531
    0.0000    7.5000  -15.000015981.0049   15.8808
    7.5000    7.5000  -15.000015145.0361   15.8873
   -7.5000   15.0000  -15.000014413.2402   15.9295
    0.0000   15.0000  -15.000015034.5420   15.9627
    7.5000   15.0000  -15.000014264.9404   15.9766
   -7.5000   22.5000  -15.000013369.6416   16.0797
    0.0000   22.5000  -15.000013935.3857   16.1117
    7.5000   22.5000  -15.000013233.2695   16.1268
   -7.5000   30.0000  -15.000012296.3672   16.1001
    0.0000   30.0000  -15.000012822.5859   16.1280
    7.5000   30.0000  -15.000012162.8711   16.1384
   -7.5000   37.5000  -15.000011649.6602   16.3649
    0.0000   37.5000  -15.000012153.4365   16.3899
    7.5000   37.5000  -15.000011534.6660   16.3947
   -7.5000   45.0000  -15.000010613.0049   16.3262
    0.0000   45.0000  -15.000011039.5781   16.3539
    7.5000   45.0000  -15.000010470.2314   16.3548
   -7.5000  -45.0000   -7.500012914.6299   16.4073
    0.0000  -45.0000   -7.500013480.2686   16.4311
    7.5000  -45.0000   -7.500012859.4463   16.4278
   -7.5000  -37.5000   -7.500013478.9990   16.3401
    0.0000  -37.5000   -7.500014079.9629   16.3709
    7.5000  -37.5000   -7.500013429.9180   16.3733
   -7.5000  -30.0000   -7.500014516.4385   16.2195
    0.0000  -30.0000   -7.500015145.2930   16.2522
    7.5000  -30.0000   -7.500014461.9629   16.2616
   -7.5000  -22.5000   -7.500015508.0488   16.1387
    0.0000  -22.5000   -7.500016163.3242   16.1664
    7.5000  -22.5000   -7.500015412.5947   16.1773
   -7.5000  -15.0000   -7.500016240.5723   16.0873
    0.0000  -15.0000   -7.500016929.9395   16.1083
    7.5000  -15.0000   -7.500016124.3770   16.1158
   -7.5000   -7.5000   -7.500016696.7227   16.0485
    0.0000   -7.5000   -7.500017380.4805   16.0675
    7.5000   -7.5000   -7.500016559.7168   16.0699
   -7.5000    0.0000   -7.500017111.9805   16.0091
    0.0000    0.0000   -7.500017775.2344   16.0321
    7.5000    0.0000   -7.500016949.2676   16.0326
   -7.5000    7.5000   -7.500016272.4629   16.0289
    0.0000    7.5000   -7.500016904.8164   16.0585
    7.5000    7.5000   -7.500016101.0176   16.0636
   -7.5000   15.0000   -7.500015315.1553   16.1082
    0.0000   15.0000   -7.500015911.7783   16.1407
    7.5000   15.0000   -7.500015160.0898   16.1517
   -7.5000   22.5000   -7.500014160.7900   16.2480
    0.0000   22.5000   -7.500014731.1152   16.2771
    7.5000   22.5000   -7.500014033.6318   16.2897
   -7.5000   30.0000   -7.500013011.6230   16.2597
    0.0000   30.0000   -7.500013543.4414   16.2839
    7.5000   30.0000   -7.500012878.5000   16.2933
   -7.5000   37.5000   -7.500012353.1670   16.5253
    0.0000   37.5000   -7.500012860.4775   16.5508
    7.5000   37.5000   -7.500012213.3574   16.5558
   -7.5000   45.0000   -7.500011257.2129   16.4984
    0.0000   45.0000   -7.500011706.9307   16.5309
    7.5000   45.0000   -7.500011091.3125   16.5327
   -7.5000  -45.0000    0.000013592.3018   16.4474
    0.0000  -45.0000    0.000014204.8789   16.4716
    7.5000  -45.0000    0.000013526.2773   16.4688
   -7.5000  -37.5000    0.000014176.7197   16.3836
    0.0000  -37.5000    0.000014812.2354   16.4136
    7.5000  -37.5000    0.000014127.9316   16.4170
   -7.5000  -30.0000    0.000015250.5459   16.2603
    0.0000  -30.0000    0.000015916.7344   16.2899
    7.5000  -30.0000    0.000015206.1621   16.2995
   -7.5000  -22.5000    0.000016318.5469   16.1729
    0.0000  -22.5000    0.000017035.9062   16.1971
    7.5000  -22.5000    0.000016222.1611   16.2068
   -7.5000  -15.0000    0.000017138.2168   16.1171
    0.0000  -15.0000    0.000017929.6562   16.1357
    7.5000  -15.0000    0.000017030.2051   16.1413
   -7.5000   -7.5000    0.000017679.4023   16.0806
    0.0000   -7.5000    0.000018411.7910   16.0992
    7.5000   -7.5000    0.000017556.3984   16.1004
   -7.5000    0.0000    0.000018103.3203   16.0472
    0.0000    0.0000    0.000018749.8418   16.0706
    7.5000    0.0000    0.000017947.3516   16.0716
   -7.5000    7.5000    0.000017180.2500   16.0709
    0.0000    7.5000    0.000017777.3398   16.0997
    7.5000    7.5000    0.000016997.7070   16.1059
   -7.5000   15.0000    0.000016163.9521   16.1493
    0.0000   15.0000    0.000016759.6992   16.1788
    7.5000   15.0000    0.000015968.7998   16.1899
   -7.5000   22.5000    0.000014963.4258   16.2823
    0.0000   22.5000    0.000015550.7852   16.3077
    7.5000   22.5000    0.000014782.0645   16.3193
   -7.5000   30.0000    0.000013716.3906   16.2899
    0.0000   30.0000    0.000014284.0059   16.3116
    7.5000   30.0000    0.000013538.2109   16.3192
   -7.5000   37.5000    0.000012986.3682   16.5575
    0.0000   37.5000    0.000013552.9736   16.5830
    7.5000   37.5000    0.000012823.9766   16.5870
   -7.5000   45.0000    0.000011803.3525   16.5377
    0.0000   45.0000    0.000012313.5762   16.5713
    7.5000   45.0000    0.000011665.0762   16.5746
   -7.5000  -45.0000    7.500013235.4395   16.5138
    0.0000  -45.0000    7.500013831.4473   16.5362
    7.5000  -45.0000    7.500013202.7793   16.5360
   -7.5000  -37.5000    7.500013785.9336   16.4448
    0.0000  -37.5000    7.500014401.5352   16.4718
    7.5000  -37.5000    7.500013765.9727   16.4800
   -7.5000  -30.0000    7.500014786.0488   16.3195
    0.0000  -30.0000    7.500015419.6006   16.3468
    7.5000  -30.0000    7.500014774.3926   16.3614
   -7.5000  -22.5000    7.500015781.2910   16.2359
    0.0000  -22.5000    7.500016460.8809   16.2598
    7.5000  -22.5000    7.500015740.1260   16.2728
   -7.5000  -15.0000    7.500016649.9980   16.1872
    0.0000  -15.0000    7.500017407.9590   16.2072
    7.5000  -15.0000    7.500016571.8242   16.2138
   -7.5000   -7.5000    7.500017337.7715   16.1527
    0.0000   -7.5000    7.500018123.7461   16.1720
    7.5000   -7.5000    7.500017186.4883   16.1738
   -7.5000    0.0000    7.500017836.1133   16.1150
    0.0000    0.0000    7.500018599.2012   16.1367
    7.5000    0.0000    7.500017614.5371   16.1402
   -7.5000    7.5000    7.500016865.2383   16.1321
    0.0000    7.5000    7.500017575.8105   16.1581
    7.5000    7.5000    7.500016639.9199   16.1689
   -7.5000   15.0000    7.500015808.5254   16.2084
    0.0000   15.0000    7.500016451.2441   16.2356
    7.5000   15.0000    7.500015582.7598   16.2518
   -7.5000   22.5000    7.500014587.9355   16.3466
    0.0000   22.5000    7.500015212.7812   16.3716
    7.5000   22.5000    7.500014405.5254   16.3866
   -7.5000   30.0000    7.500013338.2168   16.3614
    0.0000   30.0000    7.500013933.7930   16.3844
    7.5000   30.0000    7.500013193.1592   16.3930
   -7.5000   37.5000    7.500012621.6533   16.6337
    0.0000   37.5000    7.500013200.4756   16.6589
    7.5000   37.5000    7.500012511.6543   16.6633
   -7.5000   45.0000    7.500011474.5352   16.6116
    0.0000   45.0000    7.500011986.3496   16.6409
    7.5000   45.0000    7.500011382.9961   16.6467
   -7.5000  -45.0000   15.000012706.3203   16.5726
    0.0000  -45.0000   15.000013293.2764   16.5934
    7.5000  -45.0000   15.000012701.1680   16.5946
   -7.5000  -37.5000   15.000013249.5244   16.4951
    0.0000  -37.5000   15.000013861.9580   16.5209
    7.5000  -37.5000   15.000013249.4863   16.5319
   -7.5000  -30.0000   15.000014236.7256   16.3703
    0.0000  -30.0000   15.000014854.6455   16.3990
    7.5000  -30.0000   15.000014239.3662   16.4175
   -7.5000  -22.5000   15.000015211.6006   16.2973
    0.0000  -22.5000   15.000015874.2520   16.3245
    7.5000  -22.5000   15.000015180.4473   16.3407
   -7.5000  -15.0000   15.000016064.1289   16.2600
    0.0000  -15.0000   15.000016824.1855   16.2837
    7.5000  -15.0000   15.000015971.3516   16.2918
   -7.5000   -7.5000   15.000016716.4297   16.2249
    0.0000   -7.5000   15.000017494.5586   16.2452
    7.5000   -7.5000   15.000016581.6582   16.2478
   -7.5000    0.0000   15.000017148.1758   16.1766
    0.0000    0.0000   15.000017907.8047   16.1967
    7.5000    0.0000   15.000016992.9023   16.2014
   -7.5000    7.5000   15.000016191.8799   16.1834
    0.0000    7.5000   15.000016893.6133   16.2082
    7.5000    7.5000   15.000016057.1152   16.2216
   -7.5000   15.0000   15.000015181.6670   16.2587
    0.0000   15.0000   15.000015826.4463   16.2873
    7.5000   15.0000   15.000015039.2695   16.3075
   -7.5000   22.5000   15.000014007.9775   16.4093
    0.0000   22.5000   15.000014622.4688   16.4376
    7.5000   22.5000   15.000013879.7656   16.4559
   -7.5000   30.0000   15.000012800.4590   16.4356
    0.0000   30.0000   15.000013345.8350   16.4626
    7.5000   30.0000   15.000012669.9307   16.4724
   -7.5000   37.5000   15.000012086.2520   16.7107
    0.0000   37.5000   15.000012607.3740   16.7359
    7.5000   37.5000   15.000011981.5615   16.7407
   -7.5000   45.0000   15.000010990.0430   16.6797
    0.0000   45.0000   15.000011456.1299   16.7047
    7.5000   45.0000   15.000010893.5615   16.7107
   -7.5000  -45.0000   22.500012068.4678   16.6265
    0.0000  -45.0000   22.500012648.3545   16.6478
    7.5000  -45.0000   22.500012064.2227   16.6475
   -7.5000  -37.5000   22.500012599.6426   16.5477
    0.0000  -37.5000   22.500013207.6758   16.5751
    7.5000  -37.5000   22.500012602.8936   16.5839
   -7.5000  -30.0000   22.500013575.4023   16.4264
    0.0000  -30.0000   22.500014180.8262   16.4587
    7.5000  -30.0000   22.500013558.6670   16.4762
   -7.5000  -22.5000   22.500014536.2168   16.3599
    0.0000  -22.5000   22.500015187.9639   16.3912
    7.5000  -22.5000   22.500014473.9580   16.4079
   -7.5000  -15.0000   22.500015376.0684   16.3262
    0.0000  -15.0000   22.500016097.5234   16.3527
    7.5000  -15.0000   22.500015247.6084   16.3621
   -7.5000   -7.5000   22.500015924.8906   16.2885
    0.0000   -7.5000   22.500016637.2715   16.3099
    7.5000   -7.5000   22.500015810.8018   16.3127
   -7.5000    0.0000   22.500016257.1162   16.2342
    0.0000    0.0000   22.500016955.0684   16.2546
    7.5000    0.0000   22.500016151.9434   16.2579
   -7.5000    7.5000   22.500015352.9941   16.2377
    0.0000    7.5000   22.500015976.9561   16.2640
    7.5000    7.5000   22.500015218.5859   16.2753
   -7.5000   15.0000   22.500014393.8574   16.3145
    0.0000   15.0000   22.500014962.0264   16.3469
    7.5000   15.0000   22.500014244.9639   16.3661
   -7.5000   22.5000   22.500013286.4248   16.4728
    0.0000   22.5000   22.500013813.3848   16.5055
    7.5000   22.5000   22.500013145.6816   16.5239
   -7.5000   30.0000   22.500012127.6641   16.5038
    0.0000   30.0000   22.500012598.7236   16.5340
    7.5000   30.0000   22.500011990.6777   16.5448
   -7.5000   37.5000   22.500011427.9570   16.7766
    0.0000   37.5000   22.500011879.0977   16.8027
    7.5000   37.5000   22.500011300.8623   16.8075
   -7.5000   45.0000   22.500010369.6416   16.7361
    0.0000   45.0000   22.500010789.3701   16.7612
    7.5000   45.0000   22.500010265.0908   16.7648
   -7.5000  -45.0000   30.000011341.6973   16.7533
    0.0000  -45.0000   30.000011865.3340   16.7766
    7.5000  -45.0000   30.000011349.9209   16.7752
   -7.5000  -37.5000   30.000011863.8994   16.6812
    0.0000  -37.5000   30.000012415.9111   16.7118
    7.5000  -37.5000   30.000011873.2217   16.7174
   -7.5000  -30.0000   30.000012773.4199   16.5638
    0.0000  -30.0000   30.000013351.2451   16.5990
    7.5000  -30.0000   30.000012767.4902   16.6132
   -7.5000  -22.5000   30.000013667.3311   16.4952
    0.0000  -22.5000   30.000014291.7031   16.5275
    7.5000  -22.5000   30.000013606.5322   16.5430
   -7.5000  -15.0000   30.000014409.6143   16.4543
    0.0000  -15.0000   30.000015082.4150   16.4801
    7.5000  -15.0000   30.000014317.0928   16.4906
   -7.5000   -7.5000   30.000014905.9941   16.4140
    0.0000   -7.5000   30.000015556.3730   16.4350
    7.5000   -7.5000   30.000014829.3906   16.4392
   -7.5000    0.0000   30.000015229.5947   16.3625
    0.0000    0.0000   30.000015843.8936   16.3846
    7.5000    0.0000   30.000015143.5430   16.3868
   -7.5000    7.5000   30.000014392.1553   16.3714
    0.0000    7.5000   30.000014961.7988   16.4007
    7.5000    7.5000   30.000014259.4150   16.4090
   -7.5000   15.0000   30.000013497.4980   16.4494
    0.0000   15.0000   30.000014038.8721   16.4845
    7.5000   15.0000   30.000013354.0391   16.5004
   -7.5000   22.5000   30.000012462.5361   16.6013
    0.0000   22.5000   30.000012947.6621   16.6351
    7.5000   22.5000   30.000012317.8672   16.6522
   -7.5000   30.0000   30.000011342.2285   16.6230
    0.0000   30.0000   30.000011789.9102   16.6525
    7.5000   30.0000   30.000011223.0723   16.6646
   -7.5000   37.5000   30.000010688.0312   16.8939
    0.0000   37.5000   30.000011094.8789   16.9202
    7.5000   37.5000   30.000010566.9297   16.9267
   -7.5000   45.0000   30.0000 9686.8154   16.8561
    0.0000   45.0000   30.000010053.6670   16.8852
    7.5000   45.0000   30.0000 9591.6299   16.8876
   -7.5000  -45.0000   37.500011007.4346   16.9629
    0.0000  -45.0000   37.500011461.1621   16.9880
    7.5000  -45.0000   37.500010998.4814   16.9859
   -7.5000  -37.5000   37.500011505.6631   16.8997
    0.0000  -37.5000   37.500011995.5439   16.9322
    7.5000  -37.5000   37.500011500.5342   16.9361
   -7.5000  -30.0000   37.500012363.6494   16.7848
    0.0000  -30.0000   37.500012885.6367   16.8190
    7.5000  -30.0000   37.500012350.3525   16.8304
   -7.5000  -22.5000   37.500013181.0674   16.7073
    0.0000  -22.5000   37.500013758.5166   16.7361
    7.5000  -22.5000   37.500013142.3125   16.7489
   -7.5000  -15.0000   37.500013887.1943   16.6543
    0.0000  -15.0000   37.500014485.0439   16.6759
    7.5000  -15.0000   37.500013813.8555   16.6849
   -7.5000   -7.5000   37.500014369.0850   16.6137
    0.0000   -7.5000   37.500014936.6748   16.6332
    7.5000   -7.5000   37.500014276.9023   16.6369
   -7.5000    0.0000   37.500014699.4873   16.5712
    0.0000    0.0000   37.500015265.4385   16.5951
    7.5000    0.0000   37.500014579.7910   16.5967
   -7.5000    7.5000   37.500013849.8379   16.5883
    0.0000    7.5000   37.500014404.4922   16.6192
    7.5000    7.5000   37.500013737.0469   16.6259
   -7.5000   15.0000   37.500013001.7256   16.6661
    0.0000   15.0000   37.500013514.0215   16.7001
    7.5000   15.0000   37.500012881.2100   16.7131
   -7.5000   22.5000   37.500012028.3965   16.8064
    0.0000   22.5000   37.500012494.2090   16.8366
    7.5000   22.5000   37.500011889.9385   16.8512
   -7.5000   30.0000   37.500010966.3682   16.8160
    0.0000   30.0000   37.500011394.1758   16.8409
    7.5000   30.0000   37.500010840.4883   16.8520
   -7.5000   37.5000   37.500010339.6572   17.0894
    0.0000   37.5000   37.500010747.6777   17.1156
    7.5000   37.5000   37.500010201.7021   17.1221
   -7.5000   45.0000   37.5000 9383.1514   17.0643
    0.0000   45.0000   37.5000 9736.1445   17.0978
    7.5000   45.0000   37.5000 9271.8447   17.1010
   -7.5000  -45.0000   45.000010172.9795   17.1810
    0.0000  -45.0000   45.000010568.9463   17.2075
    7.5000  -45.0000   45.000010159.3115   17.2067
   -7.5000  -37.5000   45.000010612.6270   17.1196
    0.0000  -37.5000   45.000011040.1436   17.1518
    7.5000  -37.5000   45.000010585.2861   17.1582
   -7.5000  -30.0000   45.000011382.6934   17.0021
    0.0000  -30.0000   45.000011845.4844   17.0334
    7.5000  -30.0000   45.000011362.2920   17.0462
   -7.5000  -22.5000   45.000012132.9277   16.9190
    0.0000  -22.5000   45.000012640.0234   16.9444
    7.5000  -22.5000   45.000012093.4004   16.9568
   -7.5000  -15.0000   45.000012785.6025   16.8624
    0.0000  -15.0000   45.000013304.3652   16.8820
    7.5000  -15.0000   45.000012716.0996   16.8895
   -7.5000   -7.5000   45.000013227.4014   16.8239
    0.0000   -7.5000   45.000013727.8672   16.8438
    7.5000   -7.5000   45.000013122.2578   16.8467
   -7.5000    0.0000   45.000013543.1396   16.7863
    0.0000    0.0000   45.000014047.0605   16.8114
    7.5000    0.0000   45.000013418.8252   16.8144
   -7.5000    7.5000   45.000012772.7812   16.8046
    0.0000    7.5000   45.000013249.7744   16.8353
    7.5000    7.5000   45.000012649.0312   16.8444
   -7.5000   15.0000   45.000011961.0156   16.8804
    0.0000   15.0000   45.000012406.7402   16.9114
    7.5000   15.0000   45.000011851.3535   16.9259
   -7.5000   22.5000   45.000011050.0205   17.0161
    0.0000   22.5000   45.000011470.9141   17.0426
    7.5000   22.5000   45.000010944.0420   17.0571
   -7.5000   30.0000   45.000010073.0137   17.0217
    0.0000   30.0000   45.000010454.8301   17.0444
    7.5000   30.0000   45.0000 9982.3662   17.0543
   -7.5000   37.5000   45.0000 9483.4619   17.3023
    0.0000   37.5000   45.0000 9853.8965   17.3293
    7.5000   37.5000   45.0000 9389.0205   17.3354
   -7.5000   45.0000   45.0000 8634.9365   17.2976
    0.0000   45.0000   45.0000 8951.7949   17.3332
    7.5000   45.0000   45.0000 8550.9375   17.3391

---------------------------------------------------------------------
imgreg_4dfp /opt/freesurfer/average/711-2C_as_mni_average_305 /opt/freesurfer/average/711-2B_as_mni_average_305_mask talsrcimg_g11 none talsrcimg_to_711-2C_as_mni_average_305_t4 4355
---------------------------------------------------------------------

freesurfer imgreg_4dfp.c
/opt/freesurfer/average/711-2C_as_mni_average_305.4dfp.img
       256       256       256         1
  1.000000  1.000000  1.000000
orientation T byte_order littleendian
Reading image: /opt/freesurfer/average/711-2C_as_mni_average_305.4dfp.img
dimensions:      256       256       256
mmppix:       1.0000   -1.0000   -1.0000
center:     128.0000 -129.0000 -129.0000
/opt/freesurfer/average/711-2B_as_mni_average_305_mask.4dfp.img
       256       256       256         1
  1.000000  1.000000  1.000000
orientation T byte_order littleendian
Reading mask: /opt/freesurfer/average/711-2B_as_mni_average_305_mask.4dfp.img (2306576 pixels)
talsrcimg_g11.4dfp.img
       256       256       256         1
  1.000000  1.000000  1.000000
orientation T byte_order littleendian
Reading image: talsrcimg_g11.4dfp.img
dimensions:      256       256       256
mmppix:       1.0000   -1.0000   -1.0000
center:     128.0000 -129.0000 -129.0000
rotation matrix determinant  1.000000
image alignment mode   4355 decimal     1103 hex
   -7.5000  -45.0000  -45.0000 2264.0081   18.9369
    0.0000  -45.0000  -45.0000 2273.9458   18.9421
    7.5000  -45.0000  -45.0000 2259.3481   19.0421
   -7.5000  -37.5000  -45.0000 2305.1716   18.0588
    0.0000  -37.5000  -45.0000 2309.1836   18.0598
    7.5000  -37.5000  -45.0000 2297.7764   18.1621
   -7.5000  -30.0000  -45.0000 2338.3721   17.3555
    0.0000  -30.0000  -45.0000 2348.4255   17.3501
    7.5000  -30.0000  -45.0000 2330.4812   17.4661
   -7.5000  -22.5000  -45.0000 2364.2249   16.8238
    0.0000  -22.5000  -45.0000 2378.0400   16.8005
    7.5000  -22.5000  -45.0000 2359.0828   16.9029
   -7.5000  -15.0000  -45.0000 2377.9958   16.4785
    0.0000  -15.0000  -45.0000 2396.6562   16.4167
    7.5000  -15.0000  -45.0000 2372.5295   16.5532
   -7.5000   -7.5000  -45.0000 2386.5300   16.3446
    0.0000   -7.5000  -45.0000 2406.0259   16.2699
    7.5000   -7.5000  -45.0000 2379.3408   16.4007
   -7.5000    0.0000  -45.0000 2376.7388   16.5410
    0.0000    0.0000  -45.0000 2390.3989   16.4558
    7.5000    0.0000  -45.0000 2365.9648   16.5945
   -7.5000    7.5000  -45.0000 2347.6912   17.0009
    0.0000    7.5000  -45.0000 2361.5935   16.9367
    7.5000    7.5000  -45.0000 2338.5354   17.0728
   -7.5000   15.0000  -45.0000 2297.1226   17.7393
    0.0000   15.0000  -45.0000 2310.8928   17.6878
    7.5000   15.0000  -45.0000 2287.7896   17.8302
   -7.5000   22.5000  -45.0000 2234.1570   18.7585
    0.0000   22.5000  -45.0000 2246.2686   18.6966
    7.5000   22.5000  -45.0000 2221.5688   18.8725
   -7.5000   30.0000  -45.0000 2153.4302   20.2473
    0.0000   30.0000  -45.0000 2163.4468   20.1600
    7.5000   30.0000  -45.0000 2142.8743   20.3722
   -7.5000   37.5000  -45.0000 2060.6003   22.3320
    0.0000   37.5000  -45.0000 2065.4150   22.2429
    7.5000   37.5000  -45.0000 2048.5652   22.4469
   -7.5000   45.0000  -45.0000 1958.0814   25.0826
    0.0000   45.0000  -45.0000 1965.3328   24.9853
    7.5000   45.0000  -45.0000 1945.5975   25.2149
   -7.5000  -45.0000  -37.5000 2344.3833   17.5478
    0.0000  -45.0000  -37.5000 2354.0161   17.5533
    7.5000  -45.0000  -37.5000 2346.6169   17.6281
   -7.5000  -37.5000  -37.5000 2389.5889   16.7549
    0.0000  -37.5000  -37.5000 2400.2500   16.7745
    7.5000  -37.5000  -37.5000 2384.6365   16.8441
   -7.5000  -30.0000  -37.5000 2423.2378   16.1456
    0.0000  -30.0000  -37.5000 2437.5530   16.1678
    7.5000  -30.0000  -37.5000 2420.4812   16.2506
   -7.5000  -22.5000  -37.5000 2450.4697   15.6666
    0.0000  -22.5000  -37.5000 2470.4111   15.6676
    7.5000  -22.5000  -37.5000 2447.6567   15.7529
   -7.5000  -15.0000  -37.5000 2466.5154   15.3727
    0.0000  -15.0000  -37.5000 2485.8479   15.3313
    7.5000  -15.0000  -37.5000 2461.6975   15.4399
   -7.5000   -7.5000  -37.5000 2473.7786   15.2364
    0.0000   -7.5000  -37.5000 2495.8643   15.1685
    7.5000   -7.5000  -37.5000 2468.1433   15.2822
   -7.5000    0.0000  -37.5000 2462.4380   15.3970
    0.0000    0.0000  -37.5000 2480.8206   15.3198
    7.5000    0.0000  -37.5000 2455.8940   15.4447
   -7.5000    7.5000  -37.5000 2434.5710   15.8024
    0.0000    7.5000  -37.5000 2452.1216   15.7355
    7.5000    7.5000  -37.5000 2429.5471   15.8521
   -7.5000   15.0000  -37.5000 2379.5857   16.4408
    0.0000   15.0000  -37.5000 2399.5515   16.3818
    7.5000   15.0000  -37.5000 2374.0454   16.5275
   -7.5000   22.5000  -37.5000 2313.8320   17.3341
    0.0000   22.5000  -37.5000 2329.2610   17.2745
    7.5000   22.5000  -37.5000 2306.4722   17.4477
   -7.5000   30.0000  -37.5000 2229.8950   18.6373
    0.0000   30.0000  -37.5000 2242.5027   18.5865
    7.5000   30.0000  -37.5000 2220.8457   18.7699
   -7.5000   37.5000  -37.5000 2130.7966   20.5537
    0.0000   37.5000  -37.5000 2138.3269   20.4792
    7.5000   37.5000  -37.5000 2118.7429   20.6431
   -7.5000   45.0000  -37.5000 2022.7593   23.0845
    0.0000   45.0000  -37.5000 2033.2350   22.9981
    7.5000   45.0000  -37.5000 2012.2401   23.1541
   -7.5000  -45.0000  -30.0000 2475.9185   16.8443
    0.0000  -45.0000  -30.0000 2489.2693   16.8249
    7.5000  -45.0000  -30.0000 2475.0659   16.9458
   -7.5000  -37.5000  -30.0000 2526.0991   16.0767
    0.0000  -37.5000  -30.0000 2543.4917   16.0708
    7.5000  -37.5000  -30.0000 2522.0837   16.1711
   -7.5000  -30.0000  -30.0000 2559.0439   15.4710
    0.0000  -30.0000  -30.0000 2581.0752   15.5061
    7.5000  -30.0000  -30.0000 2560.7998   15.6052
   -7.5000  -22.5000  -30.0000 2591.4219   15.0547
    0.0000  -22.5000  -30.0000 2610.5920   15.0735
    7.5000  -22.5000  -30.0000 2587.1682   15.1641
   -7.5000  -15.0000  -30.0000 2609.6721   14.7871
    0.0000  -15.0000  -30.0000 2625.0061   14.7803
    7.5000  -15.0000  -30.0000 2604.2673   14.8878
   -7.5000   -7.5000  -30.0000 2610.4788   14.7003
    0.0000   -7.5000  -30.0000 2629.8108   14.6630
    7.5000   -7.5000  -30.0000 2606.8972   14.7788
   -7.5000    0.0000  -30.0000 2598.1741   14.8322
    0.0000    0.0000  -30.0000 2619.2380   14.7813
    7.5000    0.0000  -30.0000 2596.2371   14.9073
   -7.5000    7.5000  -30.0000 2568.0071   15.1981
    0.0000    7.5000  -30.0000 2589.0649   15.1589
    7.5000    7.5000  -30.0000 2565.0620   15.2742
   -7.5000   15.0000  -30.0000 2516.4248   15.7426
    0.0000   15.0000  -30.0000 2536.9399   15.7118
    7.5000   15.0000  -30.0000 2511.5308   15.8406
   -7.5000   22.5000  -30.0000 2445.0430   16.5411
    0.0000   22.5000  -30.0000 2463.0449   16.4849
    7.5000   22.5000  -30.0000 2438.8320   16.6639
   -7.5000   30.0000  -30.0000 2355.3413   17.7742
    0.0000   30.0000  -30.0000 2368.1023   17.6799
    7.5000   30.0000  -30.0000 2346.3479   17.8743
   -7.5000   37.5000  -30.0000 2245.6660   19.5651
    0.0000   37.5000  -30.0000 2256.5010   19.4663
    7.5000   37.5000  -30.0000 2239.4871   19.6601
   -7.5000   45.0000  -30.0000 2134.3035   21.9367
    0.0000   45.0000  -30.0000 2143.0837   21.8320
    7.5000   45.0000  -30.0000 2121.7153   21.9823
   -7.5000  -45.0000  -22.5000 2574.4170   16.0397
    0.0000  -45.0000  -22.5000 2587.4414   16.0022
    7.5000  -45.0000  -22.5000 2570.6323   16.1624
   -7.5000  -37.5000  -22.5000 2629.0305   15.2465
    0.0000  -37.5000  -22.5000 2644.0359   15.2178
    7.5000  -37.5000  -22.5000 2626.6367   15.3752
   -7.5000  -30.0000  -22.5000 2670.7649   14.7145
    0.0000  -30.0000  -22.5000 2687.9192   14.7003
    7.5000  -30.0000  -22.5000 2667.7346   14.8378
   -7.5000  -22.5000  -22.5000 2702.1567   14.3582
    0.0000  -22.5000  -22.5000 2720.8118   14.3649
    7.5000  -22.5000  -22.5000 2696.5239   14.4585
   -7.5000  -15.0000  -22.5000 2720.5581   14.0982
    0.0000  -15.0000  -22.5000 2741.3276   14.0856
    7.5000  -15.0000  -22.5000 2714.9255   14.1833
   -7.5000   -7.5000  -22.5000 2723.7561   14.0125
    0.0000   -7.5000  -22.5000 2740.7310   14.0018
    7.5000   -7.5000  -22.5000 2715.4817   14.1073
   -7.5000    0.0000  -22.5000 2709.8589   14.1762
    0.0000    0.0000  -22.5000 2727.8577   14.1541
    7.5000    0.0000  -22.5000 2702.9028   14.2655
   -7.5000    7.5000  -22.5000 2681.8408   14.5093
    0.0000    7.5000  -22.5000 2704.1030   14.4985
    7.5000    7.5000  -22.5000 2674.1489   14.5975
   -7.5000   15.0000  -22.5000 2628.5605   14.9912
    0.0000   15.0000  -22.5000 2649.6443   14.9703
    7.5000   15.0000  -22.5000 2620.9761   15.1194
   -7.5000   22.5000  -22.5000 2556.4934   15.7168
    0.0000   22.5000  -22.5000 2571.5969   15.6638
    7.5000   22.5000  -22.5000 2545.8704   15.8428
   -7.5000   30.0000  -22.5000 2459.1987   16.8538
    0.0000   30.0000  -22.5000 2471.1194   16.7800
    7.5000   30.0000  -22.5000 2449.7061   16.9718
   -7.5000   37.5000  -22.5000 2339.6257   18.5362
    0.0000   37.5000  -22.5000 2352.1545   18.4600
    7.5000   37.5000  -22.5000 2334.4441   18.6261
   -7.5000   45.0000  -22.5000 2217.0205   20.7324
    0.0000   45.0000  -22.5000 2223.7344   20.6420
    7.5000   45.0000  -22.5000 2204.6860   20.8002
   -7.5000  -45.0000  -15.0000 2639.1990   15.3152
    0.0000  -45.0000  -15.0000 2653.3286   15.2886
    7.5000  -45.0000  -15.0000 2636.9785   15.4041
   -7.5000  -37.5000  -15.0000 2691.9700   14.5151
    0.0000  -37.5000  -15.0000 2708.7629   14.4944
    7.5000  -37.5000  -15.0000 2689.7886   14.6386
   -7.5000  -30.0000  -15.0000 2736.2856   13.9844
    0.0000  -30.0000  -15.0000 2754.2439   13.9730
    7.5000  -30.0000  -15.0000 2731.2378   14.0895
   -7.5000  -22.5000  -15.0000 2778.3223   13.6275
    0.0000  -22.5000  -15.0000 2796.5769   13.6177
    7.5000  -22.5000  -15.0000 2769.7776   13.7288
   -7.5000  -15.0000  -15.0000 2802.3718   13.3643
    0.0000  -15.0000  -15.0000 2827.8352   13.3480
    7.5000  -15.0000  -15.0000 2792.7542   13.4628
   -7.5000   -7.5000  -15.0000 2809.2625   13.2938
    0.0000   -7.5000  -15.0000 2830.4609   13.2609
    7.5000   -7.5000  -15.0000 2793.7922   13.3929
   -7.5000    0.0000  -15.0000 2800.2556   13.4681
    0.0000    0.0000  -15.0000 2820.1494   13.4435
    7.5000    0.0000  -15.0000 2787.0859   13.5663
   -7.5000    7.5000  -15.0000 2771.3926   13.8344
    0.0000    7.5000  -15.0000 2794.7239   13.7962
    7.5000    7.5000  -15.0000 2761.8057   13.9208
   -7.5000   15.0000  -15.0000 2715.1667   14.3002
    0.0000   15.0000  -15.0000 2736.7004   14.2679
    7.5000   15.0000  -15.0000 2705.1528   14.4074
   -7.5000   22.5000  -15.0000 2637.6523   14.9866
    0.0000   22.5000  -15.0000 2653.8979   14.9284
    7.5000   22.5000  -15.0000 2625.5581   15.0966
   -7.5000   30.0000  -15.0000 2533.4541   16.0607
    0.0000   30.0000  -15.0000 2549.2764   15.9714
    7.5000   30.0000  -15.0000 2523.1482   16.1650
   -7.5000   37.5000  -15.0000 2409.2378   17.6332
    0.0000   37.5000  -15.0000 2425.9897   17.5401
    7.5000   37.5000  -15.0000 2400.8054   17.7165
   -7.5000   45.0000  -15.0000 2281.5374   19.7243
    0.0000   45.0000  -15.0000 2286.3228   19.6255
    7.5000   45.0000  -15.0000 2268.2380   19.7985
   -7.5000  -45.0000   -7.5000 2683.8501   14.6693
    0.0000  -45.0000   -7.5000 2703.2375   14.5729
    7.5000  -45.0000   -7.5000 2682.6038   14.7392
   -7.5000  -37.5000   -7.5000 2735.9575   13.9065
    0.0000  -37.5000   -7.5000 2755.9028   13.8341
    7.5000  -37.5000   -7.5000 2738.6680   13.9968
   -7.5000  -30.0000   -7.5000 2779.5820   13.3472
    0.0000  -30.0000   -7.5000 2799.8564   13.3104
    7.5000  -30.0000   -7.5000 2781.6731   13.4500
   -7.5000  -22.5000   -7.5000 2826.7515   13.0127
    0.0000  -22.5000   -7.5000 2845.5432   12.9722
    7.5000  -22.5000   -7.5000 2823.5396   13.0969
   -7.5000  -15.0000   -7.5000 2858.9395   12.7608
    0.0000  -15.0000   -7.5000 2886.4141   12.7064
    7.5000  -15.0000   -7.5000 2853.0374   12.8502
   -7.5000   -7.5000   -7.5000 2868.2681   12.6983
    0.0000   -7.5000   -7.5000 2900.4167   12.6066
    7.5000   -7.5000   -7.5000 2854.2090   12.8047
   -7.5000    0.0000   -7.5000 2867.2759   12.8418
    0.0000    0.0000   -7.5000 2889.9004   12.7559
    7.5000    0.0000   -7.5000 2851.4617   12.9509
   -7.5000    7.5000   -7.5000 2840.0291   13.2080
    0.0000    7.5000   -7.5000 2862.3896   13.1150
    7.5000    7.5000   -7.5000 2828.0244   13.2933
   -7.5000   15.0000   -7.5000 2785.6497   13.6865
    0.0000   15.0000   -7.5000 2805.3926   13.5917
    7.5000   15.0000   -7.5000 2770.4592   13.7795
   -7.5000   22.5000   -7.5000 2696.7866   14.3716
    0.0000   22.5000   -7.5000 2718.9019   14.2676
    7.5000   22.5000   -7.5000 2683.6196   14.4669
   -7.5000   30.0000   -7.5000 2588.7683   15.3856
    0.0000   30.0000   -7.5000 2605.9485   15.2844
    7.5000   30.0000   -7.5000 2575.2898   15.4963
   -7.5000   37.5000   -7.5000 2460.1807   16.9113
    0.0000   37.5000   -7.5000 2475.7761   16.7862
    7.5000   37.5000   -7.5000 2447.8752   16.9972
   -7.5000   45.0000   -7.5000 2324.1475   18.9386
    0.0000   45.0000   -7.5000 2333.7488   18.8105
    7.5000   45.0000   -7.5000 2310.5356   19.0040
   -7.5000  -45.0000    0.0000 2710.0186   14.2112
    0.0000  -45.0000    0.0000 2734.5757   14.0887
    7.5000  -45.0000    0.0000 2712.0498   14.2672
   -7.5000  -37.5000    0.0000 2762.8276   13.4412
    0.0000  -37.5000    0.0000 2784.9026   13.3356
    7.5000  -37.5000    0.0000 2766.0198   13.5321
   -7.5000  -30.0000    0.0000 2809.0369   12.8749
    0.0000  -30.0000    0.0000 2830.7468   12.7821
    7.5000  -30.0000    0.0000 2810.5115   12.9888
   -7.5000  -22.5000    0.0000 2858.7332   12.5417
    0.0000  -22.5000    0.0000 2877.9194   12.4456
    7.5000  -22.5000    0.0000 2856.0034   12.6396
   -7.5000  -15.0000    0.0000 2894.2720   12.3437
    0.0000  -15.0000    0.0000 2924.8613   12.2748
    7.5000  -15.0000    0.0000 2894.2202   12.4370
   -7.5000   -7.5000    0.0000 2911.9824   12.3184
    0.0000   -7.5000    0.0000 2948.4731   12.2214
    7.5000   -7.5000    0.0000 2906.0391   12.4082
   -7.5000    0.0000    0.0000 2909.7686   12.4854
    0.0000    0.0000    0.0000 2939.8298   12.3451
    7.5000    0.0000    0.0000 2899.6467   12.5872
   -7.5000    7.5000    0.0000 2887.9763   12.8028
    0.0000    7.5000    0.0000 2909.8118   12.6692
    7.5000    7.5000    0.0000 2873.9143   12.8808
   -7.5000   15.0000    0.0000 2835.7942   13.2578
    0.0000   15.0000    0.0000 2853.9502   13.1474
    7.5000   15.0000    0.0000 2816.0078   13.3301
   -7.5000   22.5000    0.0000 2744.7866   13.9397
    0.0000   22.5000    0.0000 2764.1689   13.8466
    7.5000   22.5000    0.0000 2723.5088   14.0047
   -7.5000   30.0000    0.0000 2624.5662   14.9412
    0.0000   30.0000    0.0000 2643.5527   14.8519
    7.5000   30.0000    0.0000 2608.7747   15.0159
   -7.5000   37.5000    0.0000 2489.6394   16.4213
    0.0000   37.5000    0.0000 2508.1145   16.3210
    7.5000   37.5000    0.0000 2478.6404   16.4975
   -7.5000   45.0000    0.0000 2353.3428   18.4188
    0.0000   45.0000    0.0000 2367.2620   18.3527
    7.5000   45.0000    0.0000 2342.7188   18.4804
   -7.5000  -45.0000    7.5000 2730.8101   13.9679
    0.0000  -45.0000    7.5000 2750.8350   13.8318
    7.5000  -45.0000    7.5000 2732.7043   14.0640
   -7.5000  -37.5000    7.5000 2781.2529   13.1744
    0.0000  -37.5000    7.5000 2801.3511   13.0417
    7.5000  -37.5000    7.5000 2784.7488   13.2829
   -7.5000  -30.0000    7.5000 2824.5723   12.5792
    0.0000  -30.0000    7.5000 2845.4836   12.4586
    7.5000  -30.0000    7.5000 2829.5400   12.7062
   -7.5000  -22.5000    7.5000 2869.8318   12.2572
    0.0000  -22.5000    7.5000 2892.6384   12.1363
    7.5000  -22.5000    7.5000 2873.2144   12.3703
   -7.5000  -15.0000    7.5000 2906.2505   12.1332
    0.0000  -15.0000    7.5000 2936.3318   12.0088
    7.5000  -15.0000    7.5000 2909.0459   12.2150
   -7.5000   -7.5000    7.5000 2937.7134   12.1491
    0.0000   -7.5000    7.5000 2971.2437   12.0421
    7.5000   -7.5000    7.5000 2933.0198   12.2155
   -7.5000    0.0000    7.5000 2940.4270   12.3434
    0.0000    0.0000    7.5000 2970.0081   12.2357
    7.5000    0.0000    7.5000 2929.1218   12.4041
   -7.5000    7.5000    7.5000 2915.2073   12.6219
    0.0000    7.5000    7.5000 2942.0488   12.5288
    7.5000    7.5000    7.5000 2898.8123   12.6759
   -7.5000   15.0000    7.5000 2861.8193   13.0385
    0.0000   15.0000    7.5000 2882.9258   12.9453
    7.5000   15.0000    7.5000 2840.0225   13.1154
   -7.5000   22.5000    7.5000 2767.3748   13.7226
    0.0000   22.5000    7.5000 2788.4768   13.5951
    7.5000   22.5000    7.5000 2747.5813   13.8014
   -7.5000   30.0000    7.5000 2641.5815   14.7351
    0.0000   30.0000    7.5000 2660.6516   14.6204
    7.5000   30.0000    7.5000 2626.4888   14.8024
   -7.5000   37.5000    7.5000 2504.1113   16.1922
    0.0000   37.5000    7.5000 2520.5266   16.0987
    7.5000   37.5000    7.5000 2495.8716   16.2655
   -7.5000   45.0000    7.5000 2364.5637   18.1399
    0.0000   45.0000    7.5000 2379.6895   18.0717
    7.5000   45.0000    7.5000 2355.9304   18.2203
   -7.5000  -45.0000   15.0000 2724.8491   13.9387
    0.0000  -45.0000   15.0000 2747.7432   13.7950
    7.5000  -45.0000   15.0000 2733.4583   14.0458
   -7.5000  -37.5000   15.0000 2769.7952   13.1226
    0.0000  -37.5000   15.0000 2790.9487   12.9820
    7.5000  -37.5000   15.0000 2780.5039   13.2272
   -7.5000  -30.0000   15.0000 2814.5398   12.5470
    0.0000  -30.0000   15.0000 2830.1768   12.4190
    7.5000  -30.0000   15.0000 2821.2622   12.6572
   -7.5000  -22.5000   15.0000 2864.1167   12.1970
    0.0000  -22.5000   15.0000 2883.8479   12.0846
    7.5000  -22.5000   15.0000 2865.3147   12.3207
   -7.5000  -15.0000   15.0000 2902.4836   12.0761
    0.0000  -15.0000   15.0000 2930.1619   11.9764
    7.5000  -15.0000   15.0000 2902.2148   12.1714
   -7.5000   -7.5000   15.0000 2935.9531   12.0853
    0.0000   -7.5000   15.0000 2965.4836   11.9839
    7.5000   -7.5000   15.0000 2929.7441   12.1746
   -7.5000    0.0000   15.0000 2943.9417   12.2567
    0.0000    0.0000   15.0000 2974.1799   12.1485
    7.5000    0.0000   15.0000 2929.3455   12.3361
   -7.5000    7.5000   15.0000 2918.7068   12.5425
    0.0000    7.5000   15.0000 2944.5662   12.4281
    7.5000    7.5000   15.0000 2902.1602   12.6309
   -7.5000   15.0000   15.0000 2858.4700   13.0189
    0.0000   15.0000   15.0000 2877.1218   12.8931
    7.5000   15.0000   15.0000 2837.3186   13.1281
   -7.5000   22.5000   15.0000 2760.3374   13.7566
    0.0000   22.5000   15.0000 2779.6169   13.6422
    7.5000   22.5000   15.0000 2740.6375   13.8789
   -7.5000   30.0000   15.0000 2632.5994   14.8092
    0.0000   30.0000   15.0000 2649.4614   14.6849
    7.5000   30.0000   15.0000 2617.7507   14.8925
   -7.5000   37.5000   15.0000 2498.0544   16.2347
    0.0000   37.5000   15.0000 2510.1646   16.1295
    7.5000   37.5000   15.0000 2490.6787   16.2779
   -7.5000   45.0000   15.0000 2357.9795   18.1064
    0.0000   45.0000   15.0000 2369.9253   18.0155
    7.5000   45.0000   15.0000 2350.8738   18.1582
   -7.5000  -45.0000   22.5000 2707.4446   14.0777
    0.0000  -45.0000   22.5000 2731.8369   13.9444
    7.5000  -45.0000   22.5000 2713.7151   14.1873
   -7.5000  -37.5000   22.5000 2743.7153   13.2665
    0.0000  -37.5000   22.5000 2765.1919   13.1515
    7.5000  -37.5000   22.5000 2750.5574   13.3763
   -7.5000  -30.0000   22.5000 2783.6667   12.6740
    0.0000  -30.0000   22.5000 2800.7983   12.5915
    7.5000  -30.0000   22.5000 2787.0298   12.7991
   -7.5000  -22.5000   22.5000 2834.0967   12.3337
    0.0000  -22.5000   22.5000 2856.8542   12.2341
    7.5000  -22.5000   22.5000 2832.6404   12.4505
   -7.5000  -15.0000   22.5000 2881.0662   12.2304
    0.0000  -15.0000   22.5000 2909.7004   12.1122
    7.5000  -15.0000   22.5000 2874.5303   12.3190
   -7.5000   -7.5000   22.5000 2918.1580   12.2329
    0.0000   -7.5000   22.5000 2948.9043   12.1045
    7.5000   -7.5000   22.5000 2903.9858   12.3073
   -7.5000    0.0000   22.5000 2926.3191   12.3563
    0.0000    0.0000   22.5000 2955.5310   12.2004
    7.5000    0.0000   22.5000 2910.0190   12.4461
   -7.5000    7.5000   22.5000 2901.2192   12.6604
    0.0000    7.5000   22.5000 2925.9119   12.4948
    7.5000    7.5000   22.5000 2882.5508   12.7640
   -7.5000   15.0000   22.5000 2838.1023   13.1589
    0.0000   15.0000   22.5000 2856.3235   13.0350
    7.5000   15.0000   22.5000 2815.8076   13.2707
   -7.5000   22.5000   22.5000 2738.7622   13.9421
    0.0000   22.5000   22.5000 2758.9727   13.8277
    7.5000   22.5000   22.5000 2719.7524   14.0655
   -7.5000   30.0000   22.5000 2610.7266   15.0428
    0.0000   30.0000   22.5000 2625.8115   14.9131
    7.5000   30.0000   22.5000 2596.6538   15.1351
   -7.5000   37.5000   22.5000 2472.4182   16.4662
    0.0000   37.5000   22.5000 2485.7075   16.3386
    7.5000   37.5000   22.5000 2466.4683   16.5042
   -7.5000   45.0000   22.5000 2334.0173   18.2828
    0.0000   45.0000   22.5000 2342.7188   18.1817
    7.5000   45.0000   22.5000 2326.0681   18.3139
   -7.5000  -45.0000   30.0000 2672.4021   14.4167
    0.0000  -45.0000   30.0000 2696.5605   14.2847
    7.5000  -45.0000   30.0000 2678.1196   14.5472
   -7.5000  -37.5000   30.0000 2706.6338   13.6026
    0.0000  -37.5000   30.0000 2730.2856   13.4849
    7.5000  -37.5000   30.0000 2709.1924   13.7380
   -7.5000  -30.0000   30.0000 2745.3301   13.0084
    0.0000  -30.0000   30.0000 2766.7864   12.9048
    7.5000  -30.0000   30.0000 2748.3806   13.1337
   -7.5000  -22.5000   30.0000 2793.5735   12.6338
    0.0000  -22.5000   30.0000 2817.5159   12.5235
    7.5000  -22.5000   30.0000 2788.9431   12.7684
   -7.5000  -15.0000   30.0000 2840.3040   12.5315
    0.0000  -15.0000   30.0000 2866.2090   12.4221
    7.5000  -15.0000   30.0000 2828.2786   12.6113
   -7.5000   -7.5000   30.0000 2875.2615   12.5529
    0.0000   -7.5000   30.0000 2902.3137   12.4424
    7.5000   -7.5000   30.0000 2859.8918   12.6528
   -7.5000    0.0000   30.0000 2877.7676   12.7207
    0.0000    0.0000   30.0000 2898.8479   12.5674
    7.5000    0.0000   30.0000 2863.4802   12.8405
   -7.5000    7.5000   30.0000 2849.0881   13.0790
    0.0000    7.5000   30.0000 2871.6509   12.9194
    7.5000    7.5000   30.0000 2832.2903   13.1624
   -7.5000   15.0000   30.0000 2787.7144   13.5974
    0.0000   15.0000   30.0000 2809.3357   13.4710
    7.5000   15.0000   30.0000 2771.2087   13.6877
   -7.5000   22.5000   30.0000 2697.4912   14.3631
    0.0000   22.5000   30.0000 2714.9819   14.2530
    7.5000   22.5000   30.0000 2680.1765   14.4741
   -7.5000   30.0000   30.0000 2576.1265   15.4091
    0.0000   30.0000   30.0000 2592.2542   15.2849
    7.5000   30.0000   30.0000 2564.1365   15.4891
   -7.5000   37.5000   30.0000 2443.1655   16.8101
    0.0000   37.5000   30.0000 2459.9102   16.6765
    7.5000   37.5000   30.0000 2435.0374   16.8724
   -7.5000   45.0000   30.0000 2301.5176   18.6282
    0.0000   45.0000   30.0000 2313.6980   18.5030
    7.5000   45.0000   30.0000 2293.3420   18.6612
   -7.5000  -45.0000   37.5000 2632.5686   14.9404
    0.0000  -45.0000   37.5000 2652.7822   14.7821
    7.5000  -45.0000   37.5000 2634.6479   15.0794
   -7.5000  -37.5000   37.5000 2664.7266   14.1179
    0.0000  -37.5000   37.5000 2684.5659   13.9842
    7.5000  -37.5000   37.5000 2664.9846   14.2523
   -7.5000  -30.0000   37.5000 2700.1216   13.5104
    0.0000  -30.0000   37.5000 2721.9971   13.3873
    7.5000  -30.0000   37.5000 2699.9106   13.6445
   -7.5000  -22.5000   37.5000 2740.4858   13.1556
    0.0000  -22.5000   37.5000 2764.6799   13.0293
    7.5000  -22.5000   37.5000 2735.7783   13.2570
   -7.5000  -15.0000   37.5000 2781.8960   13.0291
    0.0000  -15.0000   37.5000 2804.4287   12.9268
    7.5000  -15.0000   37.5000 2772.4768   13.1043
   -7.5000   -7.5000   37.5000 2811.7407   13.0547
    0.0000   -7.5000   37.5000 2835.5444   12.9123
    7.5000   -7.5000   37.5000 2797.9097   13.1547
   -7.5000    0.0000   37.5000 2808.9829   13.3034
    0.0000    0.0000   37.5000 2831.7620   13.1718
    7.5000    0.0000   37.5000 2796.3311   13.3925
   -7.5000    7.5000   37.5000 2771.0886   13.7307
    0.0000    7.5000   37.5000 2797.1694   13.6268
    7.5000    7.5000   37.5000 2763.3262   13.8069
   -7.5000   15.0000   37.5000 2711.8755   14.2991
    0.0000   15.0000   37.5000 2733.8381   14.1979
    7.5000   15.0000   37.5000 2704.5742   14.3827
   -7.5000   22.5000   37.5000 2633.0344   15.0477
    0.0000   22.5000   37.5000 2652.4260   14.9332
    7.5000   22.5000   37.5000 2622.6882   15.1281
   -7.5000   30.0000   37.5000 2524.7275   16.0282
    0.0000   30.0000   37.5000 2542.0332   15.9198
    7.5000   30.0000   37.5000 2514.9321   16.0945
   -7.5000   37.5000   37.5000 2409.6819   17.3687
    0.0000   37.5000   37.5000 2426.0835   17.2554
    7.5000   37.5000   37.5000 2395.2544   17.4238
   -7.5000   45.0000   37.5000 2267.6792   19.1761
    0.0000   45.0000   37.5000 2278.5581   19.0739
    7.5000   45.0000   37.5000 2257.7573   19.2152
   -7.5000  -45.0000   45.0000 2574.8086   15.7016
    0.0000  -45.0000   45.0000 2591.3523   15.5066
    7.5000  -45.0000   45.0000 2579.2222   15.8082
   -7.5000  -37.5000   45.0000 2605.5918   14.8515
    0.0000  -37.5000   45.0000 2622.2803   14.6671
    7.5000  -37.5000   45.0000 2606.6733   14.9483
   -7.5000  -30.0000   45.0000 2640.6809   14.2150
    0.0000  -30.0000   45.0000 2660.5935   14.0831
    7.5000  -30.0000   45.0000 2638.0342   14.3133
   -7.5000  -22.5000   45.0000 2679.2654   13.8535
    0.0000  -22.5000   45.0000 2702.2986   13.7194
    7.5000  -22.5000   45.0000 2672.2163   13.9359
   -7.5000  -15.0000   45.0000 2718.6963   13.7468
    0.0000  -15.0000   45.0000 2740.9167   13.6155
    7.5000  -15.0000   45.0000 2707.7539   13.8075
   -7.5000   -7.5000   45.0000 2738.1196   13.7910
    0.0000   -7.5000   45.0000 2761.2173   13.6423
    7.5000   -7.5000   45.0000 2724.1765   13.8457
   -7.5000    0.0000   45.0000 2728.9526   14.1042
    0.0000    0.0000   45.0000 2749.6423   13.9620
    7.5000    0.0000   45.0000 2718.0723   14.1431
   -7.5000    7.5000   45.0000 2688.9763   14.5754
    0.0000    7.5000   45.0000 2708.2961   14.4586
    7.5000    7.5000   45.0000 2681.0354   14.5982
   -7.5000   15.0000   45.0000 2626.8623   15.1996
    0.0000   15.0000   45.0000 2646.1055   15.0798
    7.5000   15.0000   45.0000 2625.9468   15.2290
   -7.5000   22.5000   45.0000 2554.7700   15.9269
    0.0000   22.5000   45.0000 2574.9351   15.8244
    7.5000   22.5000   45.0000 2550.9333   15.9775
   -7.5000   30.0000   45.0000 2462.4993   16.8725
    0.0000   30.0000   45.0000 2480.6663   16.7376
    7.5000   30.0000   45.0000 2455.2898   16.9197
   -7.5000   37.5000   45.0000 2355.4963   18.2141
    0.0000   37.5000   45.0000 2372.1199   18.0613
    7.5000   37.5000   45.0000 2346.2439   18.2426
   -7.5000   45.0000   45.0000 2224.8308   19.9491
    0.0000   45.0000   45.0000 2233.5938   19.8315
    7.5000   45.0000   45.0000 2215.7952   19.9822

---------------------------------------------------------------------
imgreg_4dfp /opt/freesurfer/average/711-2C_as_mni_average_305 /opt/freesurfer/average/711-2B_as_mni_average_305_mask talsrcimg_g11 none talsrcimg_to_711-2C_as_mni_average_305_t4 1283
---------------------------------------------------------------------

freesurfer imgreg_4dfp.c
/opt/freesurfer/average/711-2C_as_mni_average_305.4dfp.img
       256       256       256         1
  1.000000  1.000000  1.000000
orientation T byte_order littleendian
Reading image: /opt/freesurfer/average/711-2C_as_mni_average_305.4dfp.img
dimensions:      256       256       256
mmppix:       1.0000   -1.0000   -1.0000
center:     128.0000 -129.0000 -129.0000
/opt/freesurfer/average/711-2B_as_mni_average_305_mask.4dfp.img
       256       256       256         1
  1.000000  1.000000  1.000000
orientation T byte_order littleendian
Reading mask: /opt/freesurfer/average/711-2B_as_mni_average_305_mask.4dfp.img (2306576 pixels)
talsrcimg_g11.4dfp.img
       256       256       256         1
  1.000000  1.000000  1.000000
orientation T byte_order littleendian
Reading image: talsrcimg_g11.4dfp.img
dimensions:      256       256       256
mmppix:       1.0000   -1.0000   -1.0000
center:     128.0000 -129.0000 -129.0000
rotation matrix determinant  1.000000
fimgreg.f
image alignment mode   1283 decimal      503 hex
parameters
    0.0000    0.0000   15.0000    0.0000    0.0000    0.0000
eta,q 0.93257 12.11173
niter,ni,del,rscale     5    3   12.0000    1.2000
parameter  4 27.846933 ->  0.500000 qaram    1.1500
parameters
   -0.8506   -1.6433   13.4904   -3.4500    2.2487    1.9087
eta,q 0.93950 12.01630
  0.0724  0.0694  0.0666  0.0586  0.0669  0.0638
  0.0687  0.0667  0.0658  0.0611  0.0649  0.0623
  0.0667  0.0658  0.0655  0.0633  0.0634  0.0612
  0.0667  0.0663  0.0655  0.0653  0.0617  0.0605
  0.0683  0.0686  0.0662  0.0672  0.0606  0.0605
  0.0717  0.0717  0.0671  0.0692  0.0613  0.0608
  0.0769  0.0748  0.0684  0.0722  0.0628  0.0612
niter,ni,del,rscale     5    3   12.0000    1.2000
parameter  4 20.016886 ->  0.500000 qaram    1.3225
parameters
   -1.7727   -0.4760   12.4200   -7.4175    1.7898   -0.7344
eta,q 0.94614 12.00673
  0.0671  0.0687  0.0625  0.0507  0.0575  0.0546
  0.0624  0.0647  0.0612  0.0536  0.0559  0.0538
  0.0599  0.0610  0.0599  0.0565  0.0548  0.0540
  0.0605  0.0598  0.0601  0.0597  0.0544  0.0544
  0.0635  0.0604  0.0615  0.0631  0.0552  0.0551
  0.0669  0.0620  0.0631  0.0664  0.0564  0.0562
  0.0707  0.0633  0.0644  0.0693  0.0587  0.0579
niter,ni,del,rscale     5    3   12.0000    1.2000
parameter  4  2.094575 ->  0.500000 qaram    1.5209
parameters
   -2.0878    1.6054   11.7915  -11.9801    2.5113    0.9672
eta,q 0.95457 11.96379
  0.0636  0.0643  0.0560  0.0444  0.0526  0.0509
  0.0583  0.0596  0.0545  0.0456  0.0499  0.0483
  0.0544  0.0561  0.0534  0.0476  0.0475  0.0468
  0.0539  0.0537  0.0528  0.0529  0.0460  0.0458
  0.0566  0.0528  0.0531  0.0584  0.0463  0.0454
  0.0604  0.0538  0.0552  0.0634  0.0481  0.0459
  0.0647  0.0557  0.0585  0.0670  0.0503  0.0472
niter,ni,del,rscale     5    3   12.0000    1.2000
parameter  4  0.804586 ->  0.500000 qaram    1.7490
parameters
   -2.0773    2.9403   10.8763  -17.2272    2.6160    0.7965
eta,q 0.95830 11.92183
  0.0600  0.0597  0.0491  0.0413  0.0489  0.0448
  0.0525  0.0538  0.0467  0.0412  0.0453  0.0426
  0.0470  0.0480  0.0455  0.0429  0.0425  0.0418
  0.0454  0.0454  0.0454  0.0453  0.0417  0.0417
  0.0480  0.0457  0.0465  0.0500  0.0428  0.0416
  0.0532  0.0477  0.0491  0.0576  0.0451  0.0427
  0.0590  0.0511  0.0522  0.0642  0.0482  0.0454
niter,ni,del,rscale     5    3   12.0000    1.2000
parameters
   -2.0473    4.2361   10.0033  -20.4503    2.8965    0.7489
eta,q 0.96139 11.94687
  0.0564  0.0518  0.0457  0.0450  0.0469  0.0430
  0.0488  0.0466  0.0430  0.0415  0.0431  0.0406
  0.0432  0.0432  0.0411  0.0387  0.0401  0.0390
  0.0417  0.0417  0.0412  0.0408  0.0386  0.0386
  0.0440  0.0411  0.0431  0.0446  0.0394  0.0391
  0.0490  0.0422  0.0453  0.0502  0.0421  0.0406
  0.0555  0.0457  0.0491  0.0572  0.0456  0.0432
niter,ni,del,rscale     4    3   12.0000    1.2000
parameters
   -1.9634    5.1282    9.3224  -21.8097    2.7150    0.5092
eta,q 0.96199 11.97275
  0.0555  0.0493  0.0454  0.0472  0.0454  0.0422
  0.0469  0.0448  0.0412  0.0427  0.0420  0.0400
  0.0407  0.0413  0.0386  0.0391  0.0392  0.0384
  0.0386  0.0386  0.0383  0.0381  0.0380  0.0380
  0.0412  0.0388  0.0402  0.0415  0.0394  0.0387
  0.0470  0.0416  0.0439  0.0463  0.0425  0.0403
  0.0539  0.0448  0.0494  0.0533  0.0465  0.0430
niter,ni,del,rscale     3    3   12.0000    1.2000
parameters
   -1.8540    5.4372    8.9400  -22.2902    2.5746    0.3549
eta,q 0.96220 11.98100
  0.0558  0.0474  0.0461  0.0488  0.0453  0.0422
  0.0468  0.0432  0.0416  0.0439  0.0419  0.0399
  0.0402  0.0402  0.0383  0.0396  0.0391  0.0383
  0.0380  0.0380  0.0379  0.0378  0.0378  0.0378
  0.0409  0.0388  0.0398  0.0402  0.0391  0.0385
  0.0470  0.0423  0.0431  0.0449  0.0422  0.0401
  0.0536  0.0459  0.0482  0.0514  0.0463  0.0427
niter,ni,del,rscale     2    3   12.0000    1.2000
parameters
   -1.7871    5.4743    8.7805  -22.4168    2.5164    0.3285
eta,q 0.96223 11.98418
  0.0555  0.0464  0.0468  0.0494  0.0455  0.0423
  0.0466  0.0426  0.0421  0.0444  0.0420  0.0400
  0.0400  0.0399  0.0385  0.0399  0.0392  0.0384
  0.0378  0.0378  0.0378  0.0377  0.0378  0.0378
  0.0408  0.0389  0.0396  0.0398  0.0389  0.0384
  0.0471  0.0427  0.0428  0.0442  0.0420  0.0399
  0.0538  0.0464  0.0475  0.0504  0.0460  0.0425
niter,ni,del,rscale     1    3   12.0000    1.2000
parameters
   -1.7569    5.4592    8.7291  -22.4444    2.4910    0.3329
eta,q 0.96223 11.98487
  0.0553  0.0462  0.0471  0.0495  0.0455  0.0423
  0.0465  0.0425  0.0423  0.0446  0.0421  0.0401
  0.0399  0.0399  0.0386  0.0400  0.0393  0.0384
  0.0378  0.0378  0.0378  0.0378  0.0378  0.0378
  0.0409  0.0388  0.0395  0.0397  0.0389  0.0384
  0.0472  0.0427  0.0426  0.0441  0.0419  0.0399
  0.0539  0.0465  0.0471  0.0502  0.0459  0.0424
registration optimization eta report
parameter search radius
    6.0000    6.0000    6.0000   10.4940    6.0000    6.0000
100000*second partial in parameter space
       45.       23.       26.       11.       21.       13.
  0.0553  0.0462  0.0471  0.0495  0.0455  0.0423
  0.0465  0.0425  0.0423  0.0446  0.0421  0.0401
  0.0399  0.0399  0.0386  0.0400  0.0393  0.0384
  0.0378  0.0378  0.0378  0.0378  0.0378  0.0378
  0.0409  0.0388  0.0395  0.0397  0.0389  0.0384
  0.0472  0.0427  0.0426  0.0441  0.0419  0.0399
  0.0539  0.0465  0.0471  0.0502  0.0459  0.0424
   -1.7569    5.4592    8.7291  -22.4444    2.4910    0.3329
eta,q 0.96223 11.98487

---------------------------------------------------------------------
imgreg_4dfp /opt/freesurfer/average/711-2C_as_mni_average_305 /opt/freesurfer/average/711-2B_as_mni_average_305_mask talsrcimg_g11 none talsrcimg_to_711-2C_as_mni_average_305_t4 3335
---------------------------------------------------------------------

freesurfer imgreg_4dfp.c
/opt/freesurfer/average/711-2C_as_mni_average_305.4dfp.img
       256       256       256         1
  1.000000  1.000000  1.000000
orientation T byte_order littleendian
Reading image: /opt/freesurfer/average/711-2C_as_mni_average_305.4dfp.img
dimensions:      256       256       256
mmppix:       1.0000   -1.0000   -1.0000
center:     128.0000 -129.0000 -129.0000
/opt/freesurfer/average/711-2B_as_mni_average_305_mask.4dfp.img
       256       256       256         1
  1.000000  1.000000  1.000000
orientation T byte_order littleendian
Reading mask: /opt/freesurfer/average/711-2B_as_mni_average_305_mask.4dfp.img (2306576 pixels)
talsrcimg_g11.4dfp.img
       256       256       256         1
  1.000000  1.000000  1.000000
orientation T byte_order littleendian
Reading image: talsrcimg_g11.4dfp.img
dimensions:      256       256       256
mmppix:       1.0000   -1.0000   -1.0000
center:     128.0000 -129.0000 -129.0000
fimgreg.f
image alignment mode   3335 decimal      D07 hex
parameters
   -1.7569    5.4592    8.7291   -0.0962   -7.5669   -7.6623
    1.1223   -4.2388    0.5805   38.1547    4.3462  -38.1426
eta,q 0.96227 12.00342
niter,ni,del,rscale     5    3    5.0000    1.2000
parameter  4  1.295128 ->  0.500000 qaram    1.1500
parameter  5  3.237212 ->  0.500000 qaram    1.1500
parameter 10  0.689261 ->  0.500000 qaram    1.1500
parameters
   -1.8905    6.1861    8.5779   -4.2362  -11.7069   -8.8729
    0.2086   -3.5621    0.9971   34.0147    2.9160  -35.5195
eta,q 0.96978 11.44364
  0.0397  0.0402  0.0389  0.0341  0.0297  0.0332  0.0332  0.0362  0.0331  0.0308  0.0310  0.0327
  0.0386  0.0390  0.0381  0.0347  0.0312  0.0323  0.0322  0.0340  0.0323  0.0304  0.0306  0.0317
  0.0379  0.0382  0.0377  0.0359  0.0329  0.0317  0.0317  0.0324  0.0317  0.0307  0.0304  0.0309
  0.0377  0.0377  0.0376  0.0376  0.0349  0.0316  0.0316  0.0316  0.0315  0.0315  0.0304  0.0304
  0.0380  0.0376  0.0378  0.0394  0.0372  0.0320  0.0321  0.0317  0.0316  0.0328  0.0307  0.0302
  0.0388  0.0378  0.0384  0.0418  0.0395  0.0332  0.0330  0.0329  0.0321  0.0345  0.0311  0.0304
  0.0403  0.0383  0.0392  0.0451  0.0421  0.0351  0.0342  0.0349  0.0328  0.0366  0.0316  0.0308
niter,ni,del,rscale     7    3    5.0000    1.2000
parameter  4  0.597211 ->  0.500000 qaram    1.3225
parameter  5  1.509591 ->  0.500000 qaram    1.3225
parameters
   -1.8669    6.3161    8.7731   -8.9972  -16.4679   -9.1996
    0.0204   -3.2634    0.7000   32.5169    3.0139  -36.0918
eta,q 0.97332 10.91784
  0.0333  0.0324  0.0320  0.0299  0.0257  0.0288  0.0292  0.0310  0.0285  0.0288  0.0277  0.0280
  0.0317  0.0313  0.0310  0.0293  0.0265  0.0277  0.0279  0.0288  0.0275  0.0273  0.0272  0.0272
  0.0306  0.0305  0.0305  0.0294  0.0277  0.0270  0.0270  0.0274  0.0270  0.0267  0.0268  0.0268
  0.0302  0.0302  0.0302  0.0302  0.0293  0.0268  0.0268  0.0268  0.0268  0.0268  0.0267  0.0267
  0.0305  0.0304  0.0303  0.0319  0.0314  0.0271  0.0272  0.0272  0.0271  0.0275  0.0268  0.0270
  0.0316  0.0310  0.0307  0.0338  0.0338  0.0279  0.0281  0.0284  0.0277  0.0290  0.0271  0.0276
  0.0332  0.0320  0.0315  0.0360  0.0365  0.0292  0.0294  0.0303  0.0288  0.0310  0.0276  0.0285
niter,ni,del,rscale     7    3    5.0000    1.2000
parameter  5  0.752788 ->  0.500000 qaram    1.5209
parameters
   -1.7313    6.5296    8.7915   -9.2261  -21.9430   -9.5187
    0.0067   -3.2453    0.1961   32.7649    2.8761  -37.0683
eta,q 0.97509 10.61413
  0.0302  0.0292  0.0284  0.0301  0.0254  0.0272  0.0276  0.0289  0.0268  0.0288  0.0259  0.0261
  0.0284  0.0279  0.0274  0.0284  0.0249  0.0260  0.0262  0.0268  0.0257  0.0267  0.0254  0.0254
  0.0272  0.0270  0.0268  0.0272  0.0254  0.0251  0.0252  0.0254  0.0251  0.0253  0.0250  0.0250
  0.0267  0.0267  0.0267  0.0267  0.0267  0.0250  0.0249  0.0249  0.0249  0.0249  0.0249  0.0249
  0.0269  0.0268  0.0269  0.0271  0.0282  0.0254  0.0253  0.0255  0.0253  0.0255  0.0251  0.0253
  0.0279  0.0274  0.0274  0.0285  0.0303  0.0263  0.0262  0.0268  0.0262  0.0267  0.0255  0.0260
  0.0295  0.0284  0.0283  0.0307  0.0330  0.0276  0.0276  0.0288  0.0274  0.0281  0.0260  0.0270
niter,ni,del,rscale     7    3    5.0000    1.2000
parameters
   -1.6951    7.0073    8.6913   -9.2414  -23.4160   -9.5267
    0.1035   -3.1950    0.0517   33.4941    2.9454  -37.6292
eta,q 0.97527 10.56435
  0.0282  0.0285  0.0263  0.0284  0.0279  0.0272  0.0275  0.0287  0.0268  0.0290  0.0257  0.0260
  0.0265  0.0268  0.0255  0.0267  0.0261  0.0259  0.0260  0.0266  0.0257  0.0268  0.0252  0.0253
  0.0253  0.0255  0.0250  0.0254  0.0250  0.0250  0.0251  0.0252  0.0249  0.0253  0.0248  0.0248
  0.0249  0.0249  0.0248  0.0248  0.0248  0.0247  0.0247  0.0247  0.0247  0.0247  0.0247  0.0247
  0.0252  0.0249  0.0251  0.0251  0.0259  0.0251  0.0250  0.0252  0.0250  0.0251  0.0248  0.0250
  0.0263  0.0254  0.0257  0.0264  0.0277  0.0259  0.0259  0.0265  0.0258  0.0262  0.0252  0.0256
  0.0280  0.0265  0.0266  0.0287  0.0299  0.0272  0.0273  0.0285  0.0270  0.0276  0.0257  0.0265
niter,ni,del,rscale     6    3    5.0000    1.2000
parameters
   -1.6753    7.2168    8.6137   -9.2797  -23.8488   -9.4721
    0.1616   -3.1816    0.0303   33.9168    3.0005  -37.9126
eta,q 0.97527 10.55865
  0.0279  0.0277  0.0262  0.0282  0.0285  0.0271  0.0274  0.0286  0.0268  0.0286  0.0257  0.0261
  0.0262  0.0261  0.0253  0.0265  0.0266  0.0258  0.0260  0.0265  0.0257  0.0265  0.0251  0.0253
  0.0251  0.0251  0.0249  0.0253  0.0252  0.0250  0.0250  0.0251  0.0250  0.0252  0.0248  0.0249
  0.0247  0.0247  0.0247  0.0247  0.0247  0.0247  0.0247  0.0247  0.0247  0.0247  0.0247  0.0247
  0.0251  0.0249  0.0249  0.0250  0.0254  0.0251  0.0250  0.0252  0.0250  0.0252  0.0248  0.0249
  0.0261  0.0256  0.0255  0.0263  0.0270  0.0259  0.0260  0.0265  0.0257  0.0263  0.0251  0.0255
  0.0279  0.0268  0.0264  0.0285  0.0291  0.0270  0.0273  0.0285  0.0269  0.0277  0.0256  0.0263
niter,ni,del,rscale     5    3    5.0000    1.2000
parameters
   -1.6697    7.3066    8.5810   -9.3094  -24.0476   -9.4340
    0.1873   -3.1884    0.0323   34.1237    3.0167  -38.0409
eta,q 0.97525 10.55638
  0.0279  0.0274  0.0262  0.0282  0.0286  0.0271  0.0274  0.0285  0.0269  0.0284  0.0256  0.0261
  0.0262  0.0259  0.0254  0.0265  0.0267  0.0258  0.0260  0.0265  0.0257  0.0264  0.0251  0.0254
  0.0251  0.0250  0.0249  0.0253  0.0253  0.0250  0.0250  0.0252  0.0250  0.0251  0.0248  0.0249
  0.0247  0.0247  0.0247  0.0247  0.0247  0.0247  0.0247  0.0247  0.0247  0.0247  0.0247  0.0247
  0.0251  0.0250  0.0249  0.0250  0.0254  0.0251  0.0251  0.0252  0.0250  0.0253  0.0249  0.0249
  0.0261  0.0258  0.0254  0.0263  0.0269  0.0258  0.0260  0.0265  0.0257  0.0264  0.0251  0.0254
  0.0279  0.0270  0.0263  0.0285  0.0289  0.0270  0.0273  0.0285  0.0269  0.0278  0.0256  0.0263
niter,ni,del,rscale     4    3    5.0000    1.2000
parameters
   -1.6694    7.3478    8.5657   -9.3276  -24.1436   -9.4179
    0.1984   -3.1934    0.0427   34.2176    3.0344  -38.1003
eta,q 0.97525 10.55468
  0.0279  0.0273  0.0262  0.0282  0.0287  0.0271  0.0274  0.0285  0.0269  0.0283  0.0256  0.0262
  0.0262  0.0259  0.0254  0.0265  0.0267  0.0258  0.0260  0.0265  0.0257  0.0263  0.0251  0.0254
  0.0251  0.0250  0.0249  0.0253  0.0253  0.0250  0.0250  0.0252  0.0250  0.0251  0.0248  0.0249
  0.0247  0.0248  0.0247  0.0247  0.0247  0.0247  0.0247  0.0247  0.0247  0.0247  0.0248  0.0248
  0.0251  0.0250  0.0249  0.0251  0.0254  0.0251  0.0251  0.0253  0.0250  0.0253  0.0249  0.0249
  0.0262  0.0258  0.0254  0.0263  0.0269  0.0258  0.0260  0.0265  0.0257  0.0265  0.0251  0.0254
  0.0279  0.0271  0.0262  0.0285  0.0288  0.0270  0.0273  0.0285  0.0269  0.0279  0.0256  0.0262
niter,ni,del,rscale     3    3    5.0000    1.2000
parameters
   -1.6694    7.3675    8.5604   -9.3365  -24.1933   -9.4058
    0.1998   -3.1987    0.0443   34.2629    3.0413  -38.1295
eta,q 0.97524 10.55390
  0.0279  0.0272  0.0262  0.0282  0.0287  0.0271  0.0274  0.0285  0.0269  0.0283  0.0256  0.0262
  0.0262  0.0258  0.0254  0.0266  0.0267  0.0258  0.0260  0.0265  0.0257  0.0263  0.0251  0.0254
  0.0251  0.0250  0.0249  0.0253  0.0253  0.0250  0.0251  0.0252  0.0250  0.0251  0.0249  0.0249
  0.0248  0.0248  0.0248  0.0248  0.0248  0.0248  0.0248  0.0248  0.0248  0.0248  0.0248  0.0248
  0.0251  0.0251  0.0249  0.0251  0.0253  0.0251  0.0251  0.0253  0.0250  0.0253  0.0249  0.0249
  0.0262  0.0259  0.0254  0.0263  0.0268  0.0258  0.0260  0.0265  0.0257  0.0265  0.0252  0.0254
  0.0279  0.0271  0.0262  0.0285  0.0287  0.0270  0.0273  0.0285  0.0269  0.0279  0.0256  0.0262
registration optimization eta report
parameter search radius
    2.4000    2.4000    2.4000    9.5220   10.9503    7.2000
    7.2000    7.2000    7.2000    8.2800    7.2000    7.2000
100000*second partial in parameter space
       54.       42.       25.        4.        3.        4.
        5.        7.        4.        5.        2.        3.
  0.0279  0.0272  0.0262  0.0282  0.0287  0.0271  0.0274  0.0285  0.0269  0.0283  0.0256  0.0262
  0.0262  0.0258  0.0254  0.0266  0.0267  0.0258  0.0260  0.0265  0.0257  0.0263  0.0251  0.0254
  0.0251  0.0250  0.0249  0.0253  0.0253  0.0250  0.0251  0.0252  0.0250  0.0251  0.0249  0.0249
  0.0248  0.0248  0.0248  0.0248  0.0248  0.0248  0.0248  0.0248  0.0248  0.0248  0.0248  0.0248
  0.0251  0.0251  0.0249  0.0251  0.0253  0.0251  0.0251  0.0253  0.0250  0.0253  0.0249  0.0249
  0.0262  0.0259  0.0254  0.0263  0.0268  0.0258  0.0260  0.0265  0.0257  0.0265  0.0252  0.0254
  0.0279  0.0271  0.0262  0.0285  0.0287  0.0270  0.0273  0.0285  0.0269  0.0279  0.0256  0.0262
   -1.6694    7.3675    8.5604   -9.3365  -24.1933   -9.4058
    0.1998   -3.1987    0.0443   34.2629    3.0413  -38.1295
eta,q 0.97524 10.55390

---------------------------------------------------------------------
imgreg_4dfp /opt/freesurfer/average/711-2C_as_mni_average_305 /opt/freesurfer/average/711-2B_as_mni_average_305_mask talsrcimg_g11 none talsrcimg_to_711-2C_as_mni_average_305_t4 2311
---------------------------------------------------------------------

freesurfer imgreg_4dfp.c
/opt/freesurfer/average/711-2C_as_mni_average_305.4dfp.img
       256       256       256         1
  1.000000  1.000000  1.000000
orientation T byte_order littleendian
Reading image: /opt/freesurfer/average/711-2C_as_mni_average_305.4dfp.img
dimensions:      256       256       256
mmppix:       1.0000   -1.0000   -1.0000
center:     128.0000 -129.0000 -129.0000
/opt/freesurfer/average/711-2B_as_mni_average_305_mask.4dfp.img
       256       256       256         1
  1.000000  1.000000  1.000000
orientation T byte_order littleendian
Reading mask: /opt/freesurfer/average/711-2B_as_mni_average_305_mask.4dfp.img (2306576 pixels)
talsrcimg_g11.4dfp.img
       256       256       256         1
  1.000000  1.000000  1.000000
orientation T byte_order littleendian
Reading image: talsrcimg_g11.4dfp.img
dimensions:      256       256       256
mmppix:       1.0000   -1.0000   -1.0000
center:     128.0000 -129.0000 -129.0000
fimgreg.f
image alignment mode   2311 decimal      907 hex
parameters
   -1.6694    7.3675    8.5604   -9.3365  -24.1933   -9.4058
    0.1998   -3.1987    0.0443   34.2629    3.0413  -38.1295
eta,q 0.97524 10.55390
niter,ni,del,rscale     5    3    5.0000    0.8000
parameters
   -1.6592    7.3417    8.5538   -8.8452  -24.1661   -9.4683
    0.1346   -3.2218    0.0729   33.8592    2.9803  -37.8906
eta,q 0.97526 10.56413
  0.0262  0.0258  0.0254  0.0259  0.0257  0.0258  0.0260  0.0265  0.0257  0.0258  0.0251  0.0255
  0.0254  0.0252  0.0250  0.0254  0.0252  0.0252  0.0253  0.0255  0.0252  0.0252  0.0249  0.0251
  0.0249  0.0249  0.0248  0.0249  0.0249  0.0248  0.0249  0.0249  0.0249  0.0248  0.0248  0.0248
  0.0248  0.0248  0.0248  0.0248  0.0248  0.0248  0.0248  0.0247  0.0247  0.0248  0.0247  0.0247
  0.0249  0.0249  0.0248  0.0248  0.0249  0.0249  0.0249  0.0250  0.0249  0.0250  0.0248  0.0248
  0.0254  0.0253  0.0250  0.0251  0.0252  0.0253  0.0253  0.0256  0.0252  0.0255  0.0249  0.0250
  0.0262  0.0259  0.0254  0.0255  0.0257  0.0258  0.0260  0.0265  0.0257  0.0262  0.0252  0.0253
niter,ni,del,rscale     4    3    5.0000    0.7000
parameters
   -1.6562    7.2677    8.5681   -8.8081  -23.9415   -9.5730
    0.1042   -3.2250    0.0627   33.6390    2.9361  -37.7449
eta,q 0.97528 10.56443
  0.0258  0.0255  0.0252  0.0255  0.0256  0.0255  0.0257  0.0261  0.0255  0.0256  0.0250  0.0253
  0.0252  0.0250  0.0250  0.0251  0.0252  0.0251  0.0251  0.0253  0.0251  0.0251  0.0249  0.0250
  0.0249  0.0248  0.0248  0.0248  0.0249  0.0248  0.0248  0.0249  0.0248  0.0248  0.0248  0.0248
  0.0247  0.0247  0.0247  0.0247  0.0247  0.0247  0.0247  0.0247  0.0247  0.0247  0.0247  0.0247
  0.0249  0.0249  0.0248  0.0248  0.0248  0.0249  0.0248  0.0249  0.0248  0.0249  0.0248  0.0248
  0.0252  0.0252  0.0250  0.0251  0.0250  0.0252  0.0252  0.0254  0.0251  0.0253  0.0249  0.0249
  0.0258  0.0257  0.0252  0.0255  0.0254  0.0256  0.0257  0.0261  0.0255  0.0258  0.0250  0.0252
niter,ni,del,rscale     3    3    5.0000    0.6000
parameters
   -1.6537    7.2166    8.5635   -8.7880  -23.7982   -9.6580
    0.0826   -3.2277    0.0593   33.5074    2.9207  -37.6416
eta,q 0.97529 10.56359
  0.0255  0.0253  0.0251  0.0253  0.0253  0.0253  0.0254  0.0257  0.0253  0.0254  0.0250  0.0251
  0.0251  0.0250  0.0249  0.0250  0.0250  0.0250  0.0250  0.0252  0.0250  0.0250  0.0248  0.0249
  0.0248  0.0248  0.0248  0.0248  0.0248  0.0248  0.0248  0.0248  0.0248  0.0248  0.0247  0.0248
  0.0247  0.0247  0.0247  0.0247  0.0247  0.0247  0.0247  0.0247  0.0247  0.0247  0.0247  0.0247
  0.0248  0.0248  0.0248  0.0248  0.0248  0.0248  0.0248  0.0248  0.0248  0.0248  0.0247  0.0247
  0.0251  0.0250  0.0249  0.0250  0.0250  0.0250  0.0250  0.0252  0.0250  0.0251  0.0248  0.0249
  0.0255  0.0254  0.0251  0.0253  0.0253  0.0254  0.0254  0.0257  0.0253  0.0255  0.0250  0.0251
niter,ni,del,rscale     2    3    5.0000    0.5000
parameters
   -1.6533    7.1837    8.5532   -8.8135  -23.6943   -9.7306
    0.0730   -3.2449    0.0472   33.4082    2.8685  -37.5764
eta,q 0.97529 10.56034
  0.0253  0.0251  0.0250  0.0251  0.0252  0.0252  0.0252  0.0254  0.0251  0.0252  0.0249  0.0250
  0.0250  0.0249  0.0248  0.0249  0.0249  0.0249  0.0249  0.0250  0.0249  0.0249  0.0248  0.0248
  0.0248  0.0248  0.0247  0.0247  0.0248  0.0247  0.0248  0.0248  0.0248  0.0248  0.0247  0.0247
  0.0247  0.0247  0.0247  0.0247  0.0247  0.0247  0.0247  0.0247  0.0247  0.0247  0.0247  0.0247
  0.0248  0.0248  0.0247  0.0248  0.0247  0.0248  0.0248  0.0248  0.0248  0.0248  0.0247  0.0247
  0.0250  0.0249  0.0248  0.0249  0.0249  0.0249  0.0249  0.0250  0.0249  0.0250  0.0248  0.0248
  0.0253  0.0252  0.0250  0.0251  0.0251  0.0252  0.0252  0.0254  0.0251  0.0253  0.0249  0.0250
niter,ni,del,rscale     1    3    5.0000    0.4000
parameters
   -1.6550    7.1560    8.5542   -8.8469  -23.6146   -9.7817
    0.0562   -3.2528    0.0512   33.3506    2.8548  -37.5044
eta,q 0.97529 10.55740
  0.0251  0.0250  0.0249  0.0250  0.0250  0.0250  0.0250  0.0252  0.0250  0.0250  0.0248  0.0249
  0.0249  0.0248  0.0248  0.0248  0.0248  0.0248  0.0249  0.0249  0.0248  0.0249  0.0248  0.0248
  0.0247  0.0247  0.0247  0.0247  0.0247  0.0247  0.0247  0.0248  0.0247  0.0247  0.0247  0.0247
  0.0247  0.0247  0.0247  0.0247  0.0247  0.0247  0.0247  0.0247  0.0247  0.0247  0.0247  0.0247
  0.0248  0.0247  0.0247  0.0247  0.0247  0.0248  0.0247  0.0248  0.0247  0.0248  0.0247  0.0247
  0.0249  0.0248  0.0248  0.0248  0.0248  0.0249  0.0249  0.0249  0.0248  0.0249  0.0248  0.0248
  0.0251  0.0250  0.0249  0.0250  0.0250  0.0250  0.0250  0.0252  0.0250  0.0251  0.0248  0.0249
registration optimization eta report
parameter search radius
    0.8000    0.8000    0.8000    2.4000    2.4000    2.4000
    2.4000    2.4000    2.4000    2.4000    2.4000    2.4000
100000*second partial in parameter space
       57.       45.       27.        4.        5.        5.
        6.        8.        4.        6.        2.        3.
  0.0251  0.0250  0.0249  0.0250  0.0250  0.0250  0.0250  0.0252  0.0250  0.0250  0.0248  0.0249
  0.0249  0.0248  0.0248  0.0248  0.0248  0.0248  0.0249  0.0249  0.0248  0.0249  0.0248  0.0248
  0.0247  0.0247  0.0247  0.0247  0.0247  0.0247  0.0247  0.0248  0.0247  0.0247  0.0247  0.0247
  0.0247  0.0247  0.0247  0.0247  0.0247  0.0247  0.0247  0.0247  0.0247  0.0247  0.0247  0.0247
  0.0248  0.0247  0.0247  0.0247  0.0247  0.0248  0.0247  0.0248  0.0247  0.0248  0.0247  0.0247
  0.0249  0.0248  0.0248  0.0248  0.0248  0.0249  0.0249  0.0249  0.0248  0.0249  0.0248  0.0248
  0.0251  0.0250  0.0249  0.0250  0.0250  0.0250  0.0250  0.0252  0.0250  0.0251  0.0248  0.0249
   -1.6550    7.1560    8.5542   -8.8469  -23.6146   -9.7817
    0.0562   -3.2528    0.0512   33.3506    2.8548  -37.5044
eta,q 0.97529 10.55740

---------------------------------------------------------------------
imgreg_4dfp /opt/freesurfer/average/711-2C_as_mni_average_305 /opt/freesurfer/average/711-2B_as_mni_average_305_mask talsrcimg_g11 none talsrcimg_to_711-2C_as_mni_average_305_t4 2311
---------------------------------------------------------------------

freesurfer imgreg_4dfp.c
/opt/freesurfer/average/711-2C_as_mni_average_305.4dfp.img
       256       256       256         1
  1.000000  1.000000  1.000000
orientation T byte_order littleendian
Reading image: /opt/freesurfer/average/711-2C_as_mni_average_305.4dfp.img
dimensions:      256       256       256
mmppix:       1.0000   -1.0000   -1.0000
center:     128.0000 -129.0000 -129.0000
/opt/freesurfer/average/711-2B_as_mni_average_305_mask.4dfp.img
       256       256       256         1
  1.000000  1.000000  1.000000
orientation T byte_order littleendian
Reading mask: /opt/freesurfer/average/711-2B_as_mni_average_305_mask.4dfp.img (2306576 pixels)
talsrcimg_g11.4dfp.img
       256       256       256         1
  1.000000  1.000000  1.000000
orientation T byte_order littleendian
Reading image: talsrcimg_g11.4dfp.img
dimensions:      256       256       256
mmppix:       1.0000   -1.0000   -1.0000
center:     128.0000 -129.0000 -129.0000
fimgreg.f
image alignment mode   2311 decimal      907 hex
parameters
   -1.6550    7.1560    8.5542   -8.8469  -23.6146   -9.7817
    0.0562   -3.2528    0.0512   33.3506    2.8548  -37.5044
eta,q 0.97529 10.55740
niter,ni,del,rscale     5    3    5.0000    0.8000
parameters
   -1.6657    7.1695    8.5515   -8.8131  -23.6997   -9.6618
    0.0879   -3.2085    0.0444   33.4586    2.9139  -37.6749
eta,q 0.97529 10.56642
  0.0261  0.0258  0.0254  0.0257  0.0257  0.0259  0.0260  0.0265  0.0257  0.0261  0.0252  0.0253
  0.0253  0.0252  0.0250  0.0252  0.0252  0.0253  0.0253  0.0255  0.0252  0.0253  0.0249  0.0250
  0.0249  0.0248  0.0248  0.0248  0.0248  0.0248  0.0249  0.0249  0.0248  0.0249  0.0248  0.0248
  0.0247  0.0247  0.0247  0.0247  0.0247  0.0247  0.0247  0.0247  0.0247  0.0247  0.0247  0.0247
  0.0249  0.0248  0.0248  0.0248  0.0248  0.0249  0.0249  0.0249  0.0248  0.0249  0.0248  0.0248
  0.0253  0.0252  0.0250  0.0251  0.0252  0.0252  0.0253  0.0255  0.0252  0.0253  0.0249  0.0250
  0.0262  0.0258  0.0254  0.0257  0.0258  0.0258  0.0259  0.0264  0.0257  0.0260  0.0251  0.0255
niter,ni,del,rscale     4    3    5.0000    0.7000
parameters
   -1.6572    7.1791    8.5582   -8.7913  -23.7300   -9.6538
    0.0883   -3.2164    0.0462   33.4646    2.8963  -37.6525
eta,q 0.97529 10.56617
  0.0258  0.0256  0.0252  0.0255  0.0255  0.0256  0.0257  0.0261  0.0255  0.0258  0.0250  0.0252
  0.0252  0.0251  0.0250  0.0251  0.0251  0.0251  0.0251  0.0253  0.0251  0.0252  0.0249  0.0250
  0.0248  0.0248  0.0248  0.0248  0.0248  0.0248  0.0248  0.0249  0.0248  0.0248  0.0247  0.0248
  0.0247  0.0247  0.0247  0.0247  0.0247  0.0247  0.0247  0.0247  0.0247  0.0247  0.0247  0.0247
  0.0248  0.0248  0.0248  0.0248  0.0248  0.0248  0.0248  0.0249  0.0248  0.0248  0.0247  0.0248
  0.0252  0.0251  0.0249  0.0250  0.0251  0.0251  0.0251  0.0254  0.0251  0.0252  0.0249  0.0249
  0.0258  0.0255  0.0252  0.0255  0.0255  0.0256  0.0257  0.0261  0.0255  0.0257  0.0250  0.0252
registration optimization eta report
parameter search radius
    1.4000    1.4000    1.4000    4.2000    4.2000    4.2000
    4.2000    4.2000    4.2000    4.2000    4.2000    4.2000
100000*second partial in parameter space
       56.       44.       27.        4.        4.        5.
        5.        8.        4.        6.        2.        3.
  0.0258  0.0256  0.0252  0.0255  0.0255  0.0256  0.0257  0.0261  0.0255  0.0258  0.0250  0.0252
  0.0252  0.0251  0.0250  0.0251  0.0251  0.0251  0.0251  0.0253  0.0251  0.0252  0.0249  0.0250
  0.0248  0.0248  0.0248  0.0248  0.0248  0.0248  0.0248  0.0249  0.0248  0.0248  0.0247  0.0248
  0.0247  0.0247  0.0247  0.0247  0.0247  0.0247  0.0247  0.0247  0.0247  0.0247  0.0247  0.0247
  0.0248  0.0248  0.0248  0.0248  0.0248  0.0248  0.0248  0.0249  0.0248  0.0248  0.0247  0.0248
  0.0252  0.0251  0.0249  0.0250  0.0251  0.0251  0.0251  0.0254  0.0251  0.0252  0.0249  0.0249
  0.0258  0.0255  0.0252  0.0255  0.0255  0.0256  0.0257  0.0261  0.0255  0.0257  0.0250  0.0252
   -1.6572    7.1791    8.5582   -8.7913  -23.7300   -9.6538
    0.0883   -3.2164    0.0462   33.4646    2.8963  -37.6525
eta,q 0.97529 10.56617

---------------------------------------------------------------------
compute_vox2vox talsrcimg talsrcimg_to_711-2C_as_mni_average_305_t4 /opt/freesurfer/average/711-2C_as_mni_average_305
---------------------------------------------------------------------

freesurfer compute_vox2vox.c
Reading: talsrcimg.4dfp.ifh
Reading: talsrcimg_to_711-2C_as_mni_average_305_t4
Reading: /opt/freesurfer/average/711-2C_as_mni_average_305.4dfp.ifh
Writing: talsrcimg_to_711-2C_as_mni_average_305_t4_vox2vox.txt

start time Sun Mar 8 15:41:20 CET 2026
end		time Sun Mar 8 15:41:33 CET 2026

mpr2mni305 success

avi2talxfm orig_nu.mgz /opt/freesurfer/average/mni305.cor.mgz talsrcimg_to_711-2C_as_mni_average_305_t4_vox2vox.txt transforms/talairach.auto.xfm
avi2talxfm done
mv -f /out/sourcedata/freesurfer/sub-v1s13x0050020_ses-1/mri/talsrcimg_to_711-2C_as_mni_average_305_t4_vox2vox.txt /out/sourcedata/freesurfer/sub-v1s13x0050020_ses-1/mri/transforms/talsrcimg_to_711-2C_as_mni_average_305_t4_vox2vox.txt
lta_convert --src orig_nu.mgz --trg /opt/freesurfer/average/mni305.cor.mgz --inxfm transforms/talairach.auto.xfm --outlta transforms/talairach.auto.xfm.lta --subject fsaverage
7.3.2

--src: orig_nu.mgz src image (geometry).
--trg: /opt/freesurfer/average/mni305.cor.mgz trg image (geometry).
--inmni: transforms/talairach.auto.xfm input MNI/XFM transform.
--outlta: transforms/talairach.auto.xfm.lta output LTA.
--s: fsaverage subject name
 LTA read, type : 1
 1.09532   0.03336   0.01520   4.04501;
-0.02992   0.93483   0.46154  -11.84632;
 0.01246  -0.41019   1.10862  -0.56050;
 0.00000   0.00000   0.00000   1.00000;
setting subject to fsaverage
Writing  LTA to file transforms/talairach.auto.xfm.lta...
lta_convert successful.
 
 
Started at Sun Mar 8 15:41:19 CET 2026
Ended   at Sun Mar  8 15:41:34 CET 2026
talairach_avi done
