status file for recon-all
Sun Mar  8 14:11:19 CET 2026
#@# Tessellate lh Sun Mar  8 14:11:19 CET 2026
#@# Smooth1 lh Sun Mar  8 14:11:23 CET 2026
#@# Inflation1 lh Sun Mar  8 14:11:25 CET 2026
#@# QSphere lh Sun Mar  8 14:11:34 CET 2026
#@# Fix Topology lh Sun Mar  8 14:12:21 CET 2026
#@# Smooth2 lh Sun Mar  8 14:27:38 CET 2026
#@# Inflation2 lh Sun Mar  8 14:27:40 CET 2026
#@# Curv .H and .K lh Sun Mar  8 14:27:50 CET 2026
#@# Sphere lh Sun Mar  8 14:28:31 CET 2026
#@# Surf Reg lh Sun Mar  8 14:31:43 CET 2026
#@# Jacobian white lh Sun Mar  8 14:35:40 CET 2026
#@# AvgCurv lh Sun Mar  8 14:35:41 CET 2026
#@# Cortical Parc lh Sun Mar  8 14:35:41 CET 2026
#@# white curv lh Sun Mar  8 14:41:16 CET 2026
#@# white area lh Sun Mar  8 14:41:18 CET 2026
#@# pial curv lh Sun Mar  8 14:41:18 CET 2026
#@# pial area lh Sun Mar  8 14:41:19 CET 2026
#@# thickness lh Sun Mar  8 14:41:20 CET 2026
#@# area and vertex vol lh Sun Mar  8 14:41:45 CET 2026
#@# Curvature Stats lh Sun Mar  8 14:41:46 CET 2026
#@# Cortical Parc 2 lh Sun Mar  8 14:41:48 CET 2026
#@# Cortical Parc 3 lh Sun Mar  8 14:41:59 CET 2026
#@# WM/GM Contrast lh Sun Mar  8 14:42:07 CET 2026
recon-all -s sub-v1s13x0050013_ses-1 finished without error at Sun Mar  8 14:42:09 CET 2026



#New# invocation of recon-all 



status file for recon-all
Sun Mar  8 15:03:57 CET 2026
#@# white curv lh Sun Mar  8 15:03:57 CET 2026
#@# white area lh Sun Mar  8 15:03:57 CET 2026
#@# pial curv lh Sun Mar  8 15:03:57 CET 2026
#@# pial area lh Sun Mar  8 15:03:57 CET 2026
#@# thickness lh Sun Mar  8 15:03:57 CET 2026
#@# area and vertex vol lh Sun Mar  8 15:03:57 CET 2026
#@# Parcellation Stats lh Sun Mar  8 15:03:57 CET 2026
#@# Parcellation Stats 2 lh Sun Mar  8 15:04:11 CET 2026
#@# Parcellation Stats 3 lh Sun Mar  8 15:04:18 CET 2026
#@# BA_exvivo Labels lh Sun Mar  8 15:04:25 CET 2026
recon-all -s sub-v1s13x0050013_ses-1 finished without error at Sun Mar  8 15:06:29 CET 2026
