status file for recon-all
Sun Mar  8 17:18:54 CET 2026
#@# Tessellate rh Sun Mar  8 17:18:54 CET 2026
#@# Smooth1 rh Sun Mar  8 17:18:56 CET 2026
#@# Inflation1 rh Sun Mar  8 17:18:58 CET 2026
#@# QSphere rh Sun Mar  8 17:19:05 CET 2026
#@# Fix Topology rh Sun Mar  8 17:20:09 CET 2026
#@# Smooth2 rh Sun Mar  8 17:25:04 CET 2026
#@# Inflation2 rh Sun Mar  8 17:25:06 CET 2026
#@# Curv .H and .K rh Sun Mar  8 17:25:13 CET 2026
#@# Sphere rh Sun Mar  8 17:25:45 CET 2026
#@# Surf Reg rh Sun Mar  8 17:27:13 CET 2026
#@# Jacobian white rh Sun Mar  8 17:29:10 CET 2026
#@# AvgCurv rh Sun Mar  8 17:29:10 CET 2026
#@# Cortical Parc rh Sun Mar  8 17:29:11 CET 2026
#@# white curv rh Sun Mar  8 17:33:55 CET 2026
#@# white area rh Sun Mar  8 17:33:56 CET 2026
#@# pial curv rh Sun Mar  8 17:33:57 CET 2026
#@# pial area rh Sun Mar  8 17:33:58 CET 2026
#@# thickness rh Sun Mar  8 17:33:58 CET 2026
#@# area and vertex vol rh Sun Mar  8 17:34:13 CET 2026
#@# Curvature Stats rh Sun Mar  8 17:34:14 CET 2026
#@# Cortical Parc 2 rh Sun Mar  8 17:34:16 CET 2026
#@# Cortical Parc 3 rh Sun Mar  8 17:34:24 CET 2026
#@# WM/GM Contrast rh Sun Mar  8 17:34:31 CET 2026
recon-all -s sub-v1s13x0050025_ses-1 finished without error at Sun Mar  8 17:34:33 CET 2026



#New# invocation of recon-all 



status file for recon-all
Sun Mar  8 17:38:31 CET 2026
#@# white curv rh Sun Mar  8 17:38:31 CET 2026
#@# white area rh Sun Mar  8 17:38:31 CET 2026
#@# pial curv rh Sun Mar  8 17:38:31 CET 2026
#@# pial area rh Sun Mar  8 17:38:31 CET 2026
#@# thickness rh Sun Mar  8 17:38:31 CET 2026
#@# area and vertex vol rh Sun Mar  8 17:38:31 CET 2026
#@# Parcellation Stats rh Sun Mar  8 17:38:31 CET 2026
#@# Parcellation Stats 2 rh Sun Mar  8 17:38:42 CET 2026
#@# Parcellation Stats 3 rh Sun Mar  8 17:38:48 CET 2026
#@# BA_exvivo Labels rh Sun Mar  8 17:38:54 CET 2026
recon-all -s sub-v1s13x0050025_ses-1 finished without error at Sun Mar  8 17:40:37 CET 2026
