status file for recon-all
Sun Mar  8 15:47:56 CET 2026
#@# MotionCor Sun Mar  8 15:47:58 CET 2026
#@# Talairach Sun Mar  8 15:48:05 CET 2026
#@# Talairach Failure Detection Sun Mar  8 15:50:55 CET 2026
#@# Nu Intensity Correction Sun Mar  8 15:50:55 CET 2026
#@# Intensity Normalization Sun Mar  8 15:53:41 CET 2026
recon-all -s sub-v1s13x0050025_ses-1 finished without error at Sun Mar  8 15:54:35 CET 2026



#New# invocation of recon-all 



status file for recon-all
Sun Mar  8 16:00:17 CET 2026
#@# EM Registration Sun Mar  8 16:00:17 CET 2026
recon-all -s sub-v1s13x0050025_ses-1 finished without error at Sun Mar  8 16:01:44 CET 2026



#New# invocation of recon-all 



status file for recon-all
Sun Mar  8 16:01:47 CET 2026
#@# CA Normalize Sun Mar  8 16:01:47 CET 2026
#@# CA Reg Sun Mar  8 16:02:41 CET 2026
#@# SubCort Seg Sun Mar  8 16:37:15 CET 2026
#@# CC Seg Sun Mar  8 16:56:36 CET 2026
#@# Merge ASeg Sun Mar  8 16:56:55 CET 2026
#@# Intensity Normalization2 Sun Mar  8 16:56:55 CET 2026
#@# Mask BFS Sun Mar  8 16:58:21 CET 2026
#@# WM Segmentation Sun Mar  8 16:58:21 CET 2026
#@# Fill Sun Mar  8 16:59:49 CET 2026
recon-all -s sub-v1s13x0050025_ses-1 finished without error at Sun Mar  8 17:00:28 CET 2026



#New# invocation of recon-all 



status file for recon-all
Sun Mar  8 17:34:36 CET 2026
#@# white curv lh Sun Mar  8 17:34:37 CET 2026
#@# white area lh Sun Mar  8 17:34:37 CET 2026
#@# pial curv lh Sun Mar  8 17:34:37 CET 2026
#@# pial area lh Sun Mar  8 17:34:37 CET 2026
#@# thickness lh Sun Mar  8 17:34:37 CET 2026
#@# area and vertex vol lh Sun Mar  8 17:34:37 CET 2026
#@# white curv rh Sun Mar  8 17:34:37 CET 2026
#@# white area rh Sun Mar  8 17:34:37 CET 2026
#@# pial curv rh Sun Mar  8 17:34:37 CET 2026
#@# pial area rh Sun Mar  8 17:34:37 CET 2026
#@# thickness rh Sun Mar  8 17:34:37 CET 2026
#@# area and vertex vol rh Sun Mar  8 17:34:37 CET 2026
#@# Cortical ribbon mask Sun Mar  8 17:34:37 CET 2026
recon-all -s sub-v1s13x0050025_ses-1 finished without error at Sun Mar  8 17:36:18 CET 2026



#New# invocation of recon-all 



status file for recon-all
Sun Mar  8 17:40:41 CET 2026
#@# white curv lh Sun Mar  8 17:40:41 CET 2026
#@# white area lh Sun Mar  8 17:40:41 CET 2026
#@# pial curv lh Sun Mar  8 17:40:41 CET 2026
#@# pial area lh Sun Mar  8 17:40:41 CET 2026
#@# thickness lh Sun Mar  8 17:40:41 CET 2026
#@# area and vertex vol lh Sun Mar  8 17:40:41 CET 2026
#@# white curv rh Sun Mar  8 17:40:41 CET 2026
#@# white area rh Sun Mar  8 17:40:41 CET 2026
#@# pial curv rh Sun Mar  8 17:40:41 CET 2026
#@# pial area rh Sun Mar  8 17:40:41 CET 2026
#@# thickness rh Sun Mar  8 17:40:41 CET 2026
#@# area and vertex vol rh Sun Mar  8 17:40:41 CET 2026
#@# Curvature Stats lh Sun Mar  8 17:40:41 CET 2026
#@# Curvature Stats rh Sun Mar  8 17:40:42 CET 2026
#@# Relabel Hypointensities Sun Mar  8 17:40:44 CET 2026
#@# APas-to-ASeg Sun Mar  8 17:40:53 CET 2026
#@# AParc-to-ASeg aparc Sun Mar  8 17:40:59 CET 2026
#@# AParc-to-ASeg aparc.a2009s Sun Mar  8 17:41:10 CET 2026
#@# AParc-to-ASeg aparc.DKTatlas Sun Mar  8 17:41:20 CET 2026
#@# WMParc Sun Mar  8 17:41:33 CET 2026
#@# ASeg Stats Sun Mar  8 17:43:17 CET 2026
recon-all -s sub-v1s13x0050025_ses-1 finished without error at Sun Mar  8 17:43:36 CET 2026
