status file for recon-all
Sun Mar  8 17:00:34 CET 2026
#@# Tessellate lh Sun Mar  8 17:00:34 CET 2026
#@# Smooth1 lh Sun Mar  8 17:00:36 CET 2026
#@# Inflation1 lh Sun Mar  8 17:00:38 CET 2026
#@# QSphere lh Sun Mar  8 17:00:51 CET 2026
#@# Fix Topology lh Sun Mar  8 17:01:53 CET 2026
#@# Smooth2 lh Sun Mar  8 17:07:16 CET 2026
#@# Inflation2 lh Sun Mar  8 17:07:18 CET 2026
#@# Curv .H and .K lh Sun Mar  8 17:07:32 CET 2026
#@# Sphere lh Sun Mar  8 17:08:03 CET 2026
#@# Surf Reg lh Sun Mar  8 17:10:04 CET 2026
#@# Jacobian white lh Sun Mar  8 17:13:49 CET 2026
#@# AvgCurv lh Sun Mar  8 17:13:50 CET 2026
#@# Cortical Parc lh Sun Mar  8 17:13:50 CET 2026
#@# white curv lh Sun Mar  8 17:18:12 CET 2026
#@# white area lh Sun Mar  8 17:18:13 CET 2026
#@# pial curv lh Sun Mar  8 17:18:13 CET 2026
#@# pial area lh Sun Mar  8 17:18:15 CET 2026
#@# thickness lh Sun Mar  8 17:18:15 CET 2026
#@# area and vertex vol lh Sun Mar  8 17:18:30 CET 2026
#@# Curvature Stats lh Sun Mar  8 17:18:31 CET 2026
#@# Cortical Parc 2 lh Sun Mar  8 17:18:33 CET 2026
#@# Cortical Parc 3 lh Sun Mar  8 17:18:41 CET 2026
#@# WM/GM Contrast lh Sun Mar  8 17:18:48 CET 2026
recon-all -s sub-v1s13x0050025_ses-1 finished without error at Sun Mar  8 17:18:50 CET 2026



#New# invocation of recon-all 



status file for recon-all
Sun Mar  8 17:36:23 CET 2026
#@# white curv lh Sun Mar  8 17:36:23 CET 2026
#@# white area lh Sun Mar  8 17:36:23 CET 2026
#@# pial curv lh Sun Mar  8 17:36:23 CET 2026
#@# pial area lh Sun Mar  8 17:36:23 CET 2026
#@# thickness lh Sun Mar  8 17:36:23 CET 2026
#@# area and vertex vol lh Sun Mar  8 17:36:23 CET 2026
#@# Parcellation Stats lh Sun Mar  8 17:36:23 CET 2026
#@# Parcellation Stats 2 lh Sun Mar  8 17:36:34 CET 2026
#@# Parcellation Stats 3 lh Sun Mar  8 17:36:40 CET 2026
#@# BA_exvivo Labels lh Sun Mar  8 17:36:46 CET 2026
recon-all -s sub-v1s13x0050025_ses-1 finished without error at Sun Mar  8 17:38:29 CET 2026
