/out/sourcedata/freesurfer/sub-v1s13x0050053_ses-1/mri
/opt/freesurfer/bin/talairach_avi
--i orig_nu.mgz --xfm transforms/talairach.auto.xfm
talairach_avi 7.3.2
Linux dna061 5.14.0-427.37.1.el9_4.x86_64 #1 SMP PREEMPT_DYNAMIC Fri Sep 13 12:41:50 EDT 2024 x86_64 x86_64 x86_64 GNU/Linux
Sun Mar  8 16:50:07 CET 2026
mri_convert orig_nu.mgz talsrcimg.img 
reading from orig_nu.mgz...
TR=0.00, TE=0.00, TI=0.00, flip angle=0.00
i_ras = (-1, 0, 0)
j_ras = (0, 0, -1)
k_ras = (0, 1, 0)
writing to talsrcimg.img...
Analyze Output Matrix
-1.00000   0.00000   0.00000   132.43057;
 0.00000   0.00000   1.00000  -132.63155;
 0.00000  -1.00000   0.00000   96.24167;
 0.00000   0.00000   0.00000   1.00000;
--------------------
INFO: set hdr.hist.orient to -1
mpr2mni305 talsrcimg
Sun Mar  8 16:50:07 CET 2026
/opt/freesurfer/bin/mpr2mni305 talsrcimg
mpr2mni305 7.3.2
target=711-2C_as_mni_average_305

---------------------------------------------------------------------
analyzeto4dfp talsrcimg -O0 -y
---------------------------------------------------------------------

freesurfer ifh2hdr.c
Sun Mar  8 16:50:07 2026
Writing: talsrcimg.4dfp.hdr
freesurfer analyzeto4dfp.c
Reading: talsrcimg.hdr
header size 348 bytes
hdr.dime.datatype	offset=70	value=2
hdr.dime.bitpix		offset=72	value=8
hdr.hist.orient		offset=252	value=-1
dimensionality     4
dimensions       256       256       256         1
Reading: talsrcimg.img
Writing: talsrcimg.4dfp.img
Writing: talsrcimg.4dfp.ifh
ifh2hdr talsrcimg -r0to225
ori=2

---------------------------------------------------------------------
gauss_4dfp talsrcimg 1.1
---------------------------------------------------------------------

freesurfer gauss_4dfp.c
Reading: talsrcimg.4dfp.img
Writing: talsrcimg_g11.4dfp.img
image dimensions 256 256 256 padded to 288 288 288
processing volume 1freesurfer ifh2hdr.c
Sun Mar  8 16:50:09 2026
Writing: talsrcimg_g11.4dfp.hdr

Writing: talsrcimg_g11.4dfp.ifh
including: talsrcimg.4dfp.img.rec in talsrcimg_g11.4dfp.img.rec

---------------------------------------------------------------------
imgreg_4dfp /opt/freesurfer/average/711-2C_as_mni_average_305 none talsrcimg_g11 none talsrcimg_to_711-2C_as_mni_average_305_t4 4355
---------------------------------------------------------------------

freesurfer imgreg_4dfp.c
/opt/freesurfer/average/711-2C_as_mni_average_305.4dfp.img
       256       256       256         1
  1.000000  1.000000  1.000000
orientation T byte_order littleendian
Reading image: /opt/freesurfer/average/711-2C_as_mni_average_305.4dfp.img
dimensions:      256       256       256
mmppix:       1.0000   -1.0000   -1.0000
center:     128.0000 -129.0000 -129.0000
talsrcimg_g11.4dfp.img
       256       256       256         1
  1.000000  1.000000  1.000000
orientation T byte_order littleendian
Reading image: talsrcimg_g11.4dfp.img
dimensions:      256       256       256
mmppix:       1.0000   -1.0000   -1.0000
center:     128.0000 -129.0000 -129.0000
t4_read: open error in t4_sub.f l:  41 t4_file(1:l)talsrcimg_to_711-2C_as_mni_average_305_t4 
t4_read: transform initialized to I4
rotation matrix determinant  1.000000
image alignment mode   4355 decimal     1103 hex
   -7.5000  -45.0000  -45.0000 8638.8408   15.5060
    0.0000  -45.0000  -45.0000 8992.7510   15.5084
    7.5000  -45.0000  -45.0000 8566.4248   15.5090
   -7.5000  -37.5000  -45.0000 9109.9023   15.4944
    0.0000  -37.5000  -45.0000 9496.8262   15.4938
    7.5000  -37.5000  -45.0000 9051.1094   15.4933
   -7.5000  -30.0000  -45.0000 9879.9541   15.4506
    0.0000  -30.0000  -45.000010303.4531   15.4369
    7.5000  -30.0000  -45.0000 9828.1074   15.4327
   -7.5000  -22.5000  -45.000010568.7441   15.4251
    0.0000  -22.5000  -45.000011028.0234   15.4011
    7.5000  -22.5000  -45.000010503.8174   15.3957
   -7.5000  -15.0000  -45.000011184.2256   15.3928
    0.0000  -15.0000  -45.000011691.3770   15.3705
    7.5000  -15.0000  -45.000011123.7510   15.3669
   -7.5000   -7.5000  -45.000011754.2402   15.3780
    0.0000   -7.5000  -45.000012274.7041   15.3691
    7.5000   -7.5000  -45.000011701.0879   15.3678
   -7.5000    0.0000  -45.000012218.7656   15.3899
    0.0000    0.0000  -45.000012746.6211   15.3923
    7.5000    0.0000  -45.000012156.3193   15.3928
   -7.5000    7.5000  -45.000011774.9189   15.4445
    0.0000    7.5000  -45.000012303.1025   15.4440
    7.5000    7.5000  -45.000011740.5537   15.4434
   -7.5000   15.0000  -45.000011186.9775   15.4935
    0.0000   15.0000  -45.000011688.6270   15.4801
    7.5000   15.0000  -45.000011151.8770   15.4758
   -7.5000   22.5000  -45.000010435.4844   15.5108
    0.0000   22.5000  -45.000010890.7100   15.4870
    7.5000   22.5000  -45.000010383.9219   15.4813
   -7.5000   30.0000  -45.0000 9638.2949   15.3245
    0.0000   30.0000  -45.000010038.2275   15.3028
    7.5000   30.0000  -45.0000 9573.6699   15.2987
   -7.5000   37.5000  -45.0000 9244.3135   15.3843
    0.0000   37.5000  -45.0000 9609.9590   15.3758
    7.5000   37.5000  -45.0000 9170.6436   15.3735
   -7.5000   45.0000  -45.0000 8550.6787   15.1020
    0.0000   45.0000  -45.0000 8847.6426   15.1050
    7.5000   45.0000  -45.0000 8466.2168   15.1052
   -7.5000  -45.0000  -37.5000 9171.4385   15.5383
    0.0000  -45.0000  -37.5000 9545.1309   15.5438
    7.5000  -45.0000  -37.5000 9093.1992   15.5451
   -7.5000  -37.5000  -37.5000 9666.3389   15.5247
    0.0000  -37.5000  -37.500010078.8750   15.5232
    7.5000  -37.5000  -37.5000 9588.5449   15.5230
   -7.5000  -30.0000  -37.500010480.4531   15.4816
    0.0000  -30.0000  -37.500010922.1357   15.4649
    7.5000  -30.0000  -37.500010402.6494   15.4613
   -7.5000  -22.5000  -37.500011181.2734   15.4552
    0.0000  -22.5000  -37.500011678.9600   15.4302
    7.5000  -22.5000  -37.500011115.2031   15.4259
   -7.5000  -15.0000  -37.500011805.3408   15.4237
    0.0000  -15.0000  -37.500012364.6807   15.4037
    7.5000  -15.0000  -37.500011744.9434   15.4015
   -7.5000   -7.5000  -37.500012372.6855   15.4109
    0.0000   -7.5000  -37.500012937.3740   15.4061
    7.5000   -7.5000  -37.500012322.9004   15.4060
   -7.5000    0.0000  -37.500012845.4375   15.4245
    0.0000    0.0000  -37.500013431.0537   15.4298
    7.5000    0.0000  -37.500012784.2588   15.4310
   -7.5000    7.5000  -37.500012382.3496   15.4773
    0.0000    7.5000  -37.500012942.7266   15.4759
    7.5000    7.5000  -37.500012336.5098   15.4756
   -7.5000   15.0000  -37.500011750.8203   15.5220
    0.0000   15.0000  -37.500012285.7080   15.5055
    7.5000   15.0000  -37.500011717.8525   15.5017
   -7.5000   22.5000  -37.500010933.4648   15.5355
    0.0000   22.5000  -37.500011436.1807   15.5107
    7.5000   22.5000  -37.500010892.8262   15.5061
   -7.5000   30.0000  -37.500010054.2695   15.3473
    0.0000   30.0000  -37.500010502.1758   15.3279
    7.5000   30.0000  -37.500010008.3428   15.3252
   -7.5000   37.5000  -37.5000 9619.4805   15.4063
    0.0000   37.5000  -37.500010041.2451   15.4020
    7.5000   37.5000  -37.5000 9587.2588   15.4008
   -7.5000   45.0000  -37.5000 8872.3447   15.1246
    0.0000   45.0000  -37.5000 9230.6143   15.1306
    7.5000   45.0000  -37.5000 8830.4785   15.1313
   -7.5000  -45.0000  -30.0000 9912.5820   16.1466
    0.0000  -45.0000  -30.000010318.8672   16.1547
    7.5000  -45.0000  -30.0000 9812.4580   16.1603
   -7.5000  -37.5000  -30.000010448.5781   16.1352
    0.0000  -37.5000  -30.000010900.3594   16.1347
    7.5000  -37.5000  -30.000010337.8428   16.1381
   -7.5000  -30.0000  -30.000011297.1367   16.0923
    0.0000  -30.0000  -30.000011769.8564   16.0769
    7.5000  -30.0000  -30.000011205.1699   16.0767
   -7.5000  -22.5000  -30.000012035.9844   16.0644
    0.0000  -22.5000  -30.000012571.7061   16.0425
    7.5000  -22.5000  -30.000011960.4893   16.0419
   -7.5000  -15.0000  -30.000012709.6670   16.0285
    0.0000  -15.0000  -30.000013312.5986   16.0129
    7.5000  -15.0000  -30.000012619.1396   16.0150
   -7.5000   -7.5000  -30.000013282.1191   16.0122
    0.0000   -7.5000  -30.000013916.0752   16.0116
    7.5000   -7.5000  -30.000013198.6768   16.0161
   -7.5000    0.0000  -30.000013747.7568   16.0270
    0.0000    0.0000  -30.000014410.4053   16.0349
    7.5000    0.0000  -30.000013675.2363   16.0403
   -7.5000    7.5000  -30.000013228.6670   16.0855
    0.0000    7.5000  -30.000013852.6494   16.0851
    7.5000    7.5000  -30.000013162.4492   16.0884
   -7.5000   15.0000  -30.000012567.2344   16.1346
    0.0000   15.0000  -30.000013180.9834   16.1194
    7.5000   15.0000  -30.000012513.6484   16.1190
   -7.5000   22.5000  -30.000011698.0342   16.1471
    0.0000   22.5000  -30.000012256.5068   16.1254
    7.5000   22.5000  -30.000011638.5059   16.1245
   -7.5000   30.0000  -30.000010726.2666   15.9520
    0.0000   30.0000  -30.000011218.0635   15.9368
    7.5000   30.0000  -30.000010674.2412   15.9383
   -7.5000   37.5000  -30.000010212.9170   16.0110
    0.0000   37.5000  -30.000010673.8379   16.0108
    7.5000   37.5000  -30.000010170.9805   16.0141
   -7.5000   45.0000  -30.0000 9354.8096   15.7285
    0.0000   45.0000  -30.0000 9739.5107   15.7372
    7.5000   45.0000  -30.0000 9304.8408   15.7416
   -7.5000  -45.0000  -22.500010653.5059   16.6539
    0.0000  -45.0000  -22.500011100.7422   16.6614
    7.5000  -45.0000  -22.500010552.1729   16.6707
   -7.5000  -37.5000  -22.500011211.0654   16.6457
    0.0000  -37.5000  -22.500011704.5000   16.6476
    7.5000  -37.5000  -22.500011106.1367   16.6540
   -7.5000  -30.0000  -22.500012114.0576   16.6064
    0.0000  -30.0000  -22.500012643.5918   16.5965
    7.5000  -30.0000  -22.500012013.8545   16.5987
   -7.5000  -22.5000  -22.500012881.9326   16.5796
    0.0000  -22.5000  -22.500013495.9307   16.5625
    7.5000  -22.5000  -22.500012798.1094   16.5642
   -7.5000  -15.0000  -22.500013586.3398   16.5391
    0.0000  -15.0000  -22.500014262.5293   16.5251
    7.5000  -15.0000  -22.500013479.7695   16.5302
   -7.5000   -7.5000  -22.500014200.2539   16.5164
    0.0000   -7.5000  -22.500014888.9941   16.5151
    7.5000   -7.5000  -22.500014078.7783   16.5234
   -7.5000    0.0000  -22.500014688.2715   16.5297
    0.0000    0.0000  -22.500015415.8555   16.5370
    7.5000    0.0000  -22.500014586.4238   16.5460
   -7.5000    7.5000  -22.500014090.7451   16.5940
    0.0000    7.5000  -22.500014784.2705   16.5960
    7.5000    7.5000  -22.500014017.5391   16.6022
   -7.5000   15.0000  -22.500013367.3945   16.6505
    0.0000   15.0000  -22.500014039.4307   16.6408
    7.5000   15.0000  -22.500013316.1250   16.6429
   -7.5000   22.5000  -22.500012418.9541   16.6650
    0.0000   22.5000  -22.500013033.7734   16.6480
    7.5000   22.5000  -22.500012355.4609   16.6494
   -7.5000   30.0000  -22.500011373.0625   16.4639
    0.0000   30.0000  -22.500011920.9297   16.4503
    7.5000   30.0000  -22.500011303.6943   16.4547
   -7.5000   37.5000  -22.500010815.4502   16.5202
    0.0000   37.5000  -22.500011316.3887   16.5194
    7.5000   37.5000  -22.500010754.0459   16.5264
   -7.5000   45.0000  -22.5000 9853.2119   16.2341
    0.0000   45.0000  -22.500010281.4639   16.2420
    7.5000   45.0000  -22.5000 9798.9258   16.2499
   -7.5000  -45.0000  -15.000011397.4971   17.0334
    0.0000  -45.0000  -15.000011910.3467   17.0378
    7.5000  -45.0000  -15.000011306.1338   17.0467
   -7.5000  -37.5000  -15.000011988.4033   17.0254
    0.0000  -37.5000  -15.000012536.2441   17.0286
    7.5000  -37.5000  -15.000011893.5977   17.0345
   -7.5000  -30.0000  -15.000012936.1318   16.9871
    0.0000  -30.0000  -15.000013531.3145   16.9810
    7.5000  -30.0000  -15.000012832.8203   16.9829
   -7.5000  -22.5000  -15.000013733.0537   16.9615
    0.0000  -22.5000  -15.000014413.3574   16.9455
    7.5000  -22.5000  -15.000013642.4385   16.9468
   -7.5000  -15.0000  -15.000014446.9150   16.9192
    0.0000  -15.0000  -15.000015155.7646   16.9024
    7.5000  -15.0000  -15.000014322.8691   16.9070
   -7.5000   -7.5000  -15.000015089.8623   16.8935
    0.0000   -7.5000  -15.000015838.9512   16.8877
    7.5000   -7.5000  -15.000014967.8086   16.8955
   -7.5000    0.0000  -15.000015586.3857   16.9053
    0.0000    0.0000  -15.000016381.9375   16.9095
    7.5000    0.0000  -15.000015499.0410   16.9182
   -7.5000    7.5000  -15.000014940.8701   16.9720
    0.0000    7.5000  -15.000015685.9375   16.9752
    7.5000    7.5000  -15.000014843.5732   16.9811
   -7.5000   15.0000  -15.000014153.4717   17.0328
    0.0000   15.0000  -15.000014872.0215   17.0270
    7.5000   15.0000  -15.000014091.2998   17.0287
   -7.5000   22.5000  -15.000013120.0146   17.0493
    0.0000   22.5000  -15.000013795.2354   17.0335
    7.5000   22.5000  -15.000013068.2246   17.0345
   -7.5000   30.0000  -15.000012004.2949   16.8463
    0.0000   30.0000  -15.000012615.6943   16.8299
    7.5000   30.0000  -15.000011950.0576   16.8338
   -7.5000   37.5000  -15.000011383.1289   16.9025
    0.0000   37.5000  -15.000011950.0518   16.8969
    7.5000   37.5000  -15.000011317.2803   16.9036
   -7.5000   45.0000  -15.000010338.3643   16.6140
    0.0000   45.0000  -15.000010813.2842   16.6185
    7.5000   45.0000  -15.000010266.9590   16.6263
   -7.5000  -45.0000   -7.500012156.7998   17.2508
    0.0000  -45.0000   -7.500012744.6543   17.2528
    7.5000  -45.0000   -7.500012087.4688   17.2568
   -7.5000  -37.5000   -7.500012790.8281   17.2390
    0.0000  -37.5000   -7.500013420.9785   17.2406
    7.5000  -37.5000   -7.500012728.7363   17.2426
   -7.5000  -30.0000   -7.500013788.2090   17.1959
    0.0000  -30.0000   -7.500014475.7510   17.1867
    7.5000  -30.0000   -7.500013725.1895   17.1848
   -7.5000  -22.5000   -7.500014595.0205   17.1689
    0.0000  -22.5000   -7.500015351.7256   17.1479
    7.5000  -22.5000   -7.500014551.0557   17.1450
   -7.5000  -15.0000   -7.500015310.7607   17.1291
    0.0000  -15.0000   -7.500016053.0215   17.1070
    7.5000  -15.0000   -7.500015252.6230   17.1065
   -7.5000   -7.5000   -7.500015954.2080   17.1073
    0.0000   -7.5000   -7.500016760.8613   17.0974
    7.5000   -7.5000   -7.500015906.4375   17.0996
   -7.5000    0.0000   -7.500016489.8828   17.1197
    0.0000    0.0000   -7.500017344.5234   17.1216
    7.5000    0.0000   -7.500016463.3047   17.1254
   -7.5000    7.5000   -7.500015793.2607   17.1842
    0.0000    7.5000   -7.500016621.8906   17.1859
    7.5000    7.5000   -7.500015767.2959   17.1878
   -7.5000   15.0000   -7.500014953.8213   17.2429
    0.0000   15.0000   -7.500015726.0742   17.2341
    7.5000   15.0000   -7.500014887.2139   17.2320
   -7.5000   22.5000   -7.500013835.7480   17.2573
    0.0000   22.5000   -7.500014561.6084   17.2365
    7.5000   22.5000   -7.500013784.4570   17.2333
   -7.5000   30.0000   -7.500012652.5371   17.0569
    0.0000   30.0000   -7.500013318.6533   17.0353
    7.5000   30.0000   -7.500012623.4678   17.0341
   -7.5000   37.5000   -7.500011981.4160   17.1182
    0.0000   37.5000   -7.500012592.1514   17.1085
    7.5000   37.5000   -7.500011943.1611   17.1097
   -7.5000   45.0000   -7.500010849.5547   16.8315
    0.0000   45.0000   -7.500011371.3564   16.8338
    7.5000   45.0000   -7.500010796.7979   16.8372
   -7.5000  -45.0000    0.000012778.7646   17.3066
    0.0000  -45.0000    0.000013427.3975   17.3089
    7.5000  -45.0000    0.000012771.4238   17.3094
   -7.5000  -37.5000    0.000013458.4209   17.2906
    0.0000  -37.5000    0.000014166.7969   17.2895
    7.5000  -37.5000    0.000013471.7197   17.2887
   -7.5000  -30.0000    0.000014576.2520   17.2418
    0.0000  -30.0000    0.000015433.6436   17.2262
    7.5000  -30.0000    0.000014622.0791   17.2213
   -7.5000  -22.5000    0.000015442.3486   17.2130
    0.0000  -22.5000    0.000016301.9756   17.1859
    7.5000  -22.5000    0.000015509.9014   17.1796
   -7.5000  -15.0000    0.000016135.9189   17.1766
    0.0000  -15.0000    0.000016898.0645   17.1514
    7.5000  -15.0000    0.000016209.8408   17.1472
   -7.5000   -7.5000    0.000016798.4434   17.1600
    0.0000   -7.5000    0.000017618.4160   17.1498
    7.5000   -7.5000    0.000016852.9121   17.1481
   -7.5000    0.0000    0.000017340.0703   17.1737
    0.0000    0.0000    0.000018240.3828   17.1760
    7.5000    0.0000    0.000017414.5000   17.1763
   -7.5000    7.5000    0.000016619.1445   17.2349
    0.0000    7.5000    0.000017489.1113   17.2339
    7.5000    7.5000    0.000016666.2988   17.2330
   -7.5000   15.0000    0.000015732.5264   17.2896
    0.0000   15.0000    0.000016506.7324   17.2742
    7.5000   15.0000    0.000015716.3291   17.2692
   -7.5000   22.5000    0.000014524.3975   17.3028
    0.0000   22.5000    0.000015246.1172   17.2759
    7.5000   22.5000    0.000014494.0273   17.2693
   -7.5000   30.0000    0.000013248.3916   17.1066
    0.0000   30.0000    0.000013942.3984   17.0821
    7.5000   30.0000    0.000013243.3271   17.0772
   -7.5000   37.5000    0.000012513.0820   17.1731
    0.0000   37.5000    0.000013166.3174   17.1633
    7.5000   37.5000    0.000012512.0547   17.1606
   -7.5000   45.0000    0.000011312.7881   16.8911
    0.0000   45.0000    0.000011875.3018   16.8940
    7.5000   45.0000    0.000011289.9014   16.8940
   -7.5000  -45.0000    7.500012362.7285   17.3866
    0.0000  -45.0000    7.500012962.7646   17.3927
    7.5000  -45.0000    7.500012372.5605   17.3941
   -7.5000  -37.5000    7.500013021.1475   17.3709
    0.0000  -37.5000    7.500013676.1855   17.3691
    7.5000  -37.5000    7.500013061.7314   17.3689
   -7.5000  -30.0000    7.500014156.2559   17.3226
    0.0000  -30.0000    7.500014953.1201   17.3039
    7.5000  -30.0000    7.500014252.9443   17.2999
   -7.5000  -22.5000    7.500015073.9385   17.2930
    0.0000  -22.5000    7.500015795.7871   17.2650
    7.5000  -22.5000    7.500015151.0020   17.2602
   -7.5000  -15.0000    7.500015776.7852   17.2577
    0.0000  -15.0000    7.500016361.5029   17.2353
    7.5000  -15.0000    7.500015823.5410   17.2328
   -7.5000   -7.5000    7.500016418.6094   17.2434
    0.0000   -7.5000    7.500017068.9199   17.2379
    7.5000   -7.5000    7.500016445.7520   17.2378
   -7.5000    0.0000    7.500016912.1562   17.2587
    0.0000    0.0000    7.500017686.6094   17.2646
    7.5000    0.0000    7.500016972.2656   17.2659
   -7.5000    7.5000    7.500016186.1436   17.3178
    0.0000    7.5000    7.500016928.4512   17.3161
    7.5000    7.5000    7.500016174.6016   17.3159
   -7.5000   15.0000    7.500015272.6641   17.3678
    0.0000   15.0000    7.500015958.2891   17.3493
    7.5000   15.0000    7.500015225.0830   17.3451
   -7.5000   22.5000    7.500014084.9395   17.3773
    0.0000   22.5000    7.500014736.5801   17.3495
    7.5000   22.5000    7.500014028.7422   17.3443
   -7.5000   30.0000    7.500012870.3936   17.1789
    0.0000   30.0000    7.500013487.0156   17.1571
    7.5000   30.0000    7.500012827.9404   17.1541
   -7.5000   37.5000    7.500012138.7070   17.2449
    0.0000   37.5000    7.500012737.6846   17.2400
    7.5000   37.5000    7.500012106.0322   17.2387
   -7.5000   45.0000    7.500010938.0557   16.9629
    0.0000   45.0000    7.500011485.4395   16.9696
    7.5000   45.0000    7.500010890.6611   16.9704
   -7.5000  -45.0000   15.000011832.3066   17.4356
    0.0000  -45.0000   15.000012383.7539   17.4452
    7.5000  -45.0000   15.000011849.0146   17.4510
   -7.5000  -37.5000   15.000012449.0146   17.4237
    0.0000  -37.5000   15.000013059.7686   17.4240
    7.5000  -37.5000   15.000012491.1016   17.4274
   -7.5000  -30.0000   15.000013558.2725   17.3808
    0.0000  -30.0000   15.000014215.3623   17.3649
    7.5000  -30.0000   15.000013562.4277   17.3643
   -7.5000  -22.5000   15.000014558.1348   17.3513
    0.0000  -22.5000   15.000015187.0273   17.3283
    7.5000  -22.5000   15.000014441.3828   17.3273
   -7.5000  -15.0000   15.000015412.8232   17.3135
    0.0000  -15.0000   15.000016002.8105   17.2974
    7.5000  -15.0000   15.000015224.5195   17.2993
   -7.5000   -7.5000   15.000016090.0381   17.2970
    0.0000   -7.5000   15.000016728.2363   17.2970
    7.5000   -7.5000   15.000015894.7578   17.3017
   -7.5000    0.0000   15.000016520.5273   17.3131
    0.0000    0.0000   15.000017242.0547   17.3225
    7.5000    0.0000   15.000016386.4805   17.3281
   -7.5000    7.5000   15.000015726.0088   17.3736
    0.0000    7.5000   15.000016402.1523   17.3739
    7.5000    7.5000   15.000015616.4248   17.3772
   -7.5000   15.0000   15.000014740.6201   17.4232
    0.0000   15.0000   15.000015375.5684   17.4074
    7.5000   15.0000   15.000014663.7500   17.4067
   -7.5000   22.5000   15.000013563.0723   17.4299
    0.0000   22.5000   15.000014163.7900   17.4070
    7.5000   22.5000   15.000013502.1318   17.4057
   -7.5000   30.0000   15.000012379.0547   17.2257
    0.0000   30.0000   15.000012924.4219   17.2099
    7.5000   30.0000   15.000012304.7158   17.2113
   -7.5000   37.5000   15.000011654.8984   17.2872
    0.0000   37.5000   15.000012201.7617   17.2877
    7.5000   37.5000   15.000011605.4180   17.2910
   -7.5000   45.0000   15.000010469.9297   17.0021
    0.0000   45.0000   15.000010950.7529   17.0121
    7.5000   45.0000   15.000010399.8965   17.0167
   -7.5000  -45.0000   22.500011253.5371   17.4835
    0.0000  -45.0000   22.500011735.9141   17.4927
    7.5000  -45.0000   22.500011206.8418   17.5019
   -7.5000  -37.5000   22.500011840.9072   17.4757
    0.0000  -37.5000   22.500012372.7168   17.4791
    7.5000  -37.5000   22.500011816.6250   17.4851
   -7.5000  -30.0000   22.500012864.5762   17.4414
    0.0000  -30.0000   22.500013395.6611   17.4323
    7.5000  -30.0000   22.500012805.3018   17.4338
   -7.5000  -22.5000   22.500013768.5508   17.4142
    0.0000  -22.5000   22.500014301.8135   17.3973
    7.5000  -22.5000   22.500013639.6426   17.3982
   -7.5000  -15.0000   22.500014572.0088   17.3733
    0.0000  -15.0000   22.500015145.8291   17.3597
    7.5000  -15.0000   22.500014425.5947   17.3642
   -7.5000   -7.5000   22.500015261.6504   17.3516
    0.0000   -7.5000   22.500015920.7627   17.3515
    7.5000   -7.5000   22.500015111.4648   17.3595
   -7.5000    0.0000   22.500015730.2803   17.3663
    0.0000    0.0000   22.500016455.5469   17.3753
    7.5000    0.0000   22.500015589.9922   17.3841
   -7.5000    7.5000   22.500014986.0381   17.4285
    0.0000    7.5000   22.500015676.6016   17.4320
    7.5000    7.5000   22.500014862.9424   17.4378
   -7.5000   15.0000   22.500014034.5918   17.4809
    0.0000   15.0000   22.500014692.2070   17.4719
    7.5000   15.0000   22.500013937.7461   17.4733
   -7.5000   22.5000   22.500012889.0508   17.4872
    0.0000   22.5000   22.500013502.4492   17.4703
    7.5000   22.5000   22.500012813.3564   17.4708
   -7.5000   30.0000   22.500011728.6348   17.2761
    0.0000   30.0000   22.500012247.3799   17.2627
    7.5000   30.0000   22.500011654.7207   17.2665
   -7.5000   37.5000   22.500011024.7979   17.3308
    0.0000   37.5000   22.500011515.9863   17.3310
    7.5000   37.5000   22.500010970.7090   17.3376
   -7.5000   45.0000   22.5000 9898.9385   17.0382
    0.0000   45.0000   22.500010318.0947   17.0475
    7.5000   45.0000   22.5000 9835.4053   17.0552
   -7.5000  -45.0000   30.000010507.9248   17.5633
    0.0000  -45.0000   30.000010954.4102   17.5698
    7.5000  -45.0000   30.000010458.2461   17.5778
   -7.5000  -37.5000   30.000011029.5957   17.5562
    0.0000  -37.5000   30.000011527.8428   17.5614
    7.5000  -37.5000   30.000011003.7773   17.5662
   -7.5000  -30.0000   30.000011946.2402   17.5272
    0.0000  -30.0000   30.000012427.9141   17.5226
    7.5000  -30.0000   30.000011896.7471   17.5231
   -7.5000  -22.5000   30.000012803.6992   17.5022
    0.0000  -22.5000   30.000013293.3115   17.4871
    7.5000  -22.5000   30.000012707.9072   17.4868
   -7.5000  -15.0000   30.000013556.3623   17.4614
    0.0000  -15.0000   30.000014098.1123   17.4455
    7.5000  -15.0000   30.000013468.7988   17.4486
   -7.5000   -7.5000   30.000014175.5732   17.4381
    0.0000   -7.5000   30.000014733.1709   17.4337
    7.5000   -7.5000   30.000014096.8877   17.4403
   -7.5000    0.0000   30.000014628.3135   17.4512
    0.0000    0.0000   30.000015211.4297   17.4574
    7.5000    0.0000   30.000014542.4736   17.4649
   -7.5000    7.5000   30.000013973.2490   17.5118
    0.0000    7.5000   30.000014541.7979   17.5170
    7.5000    7.5000   30.000013877.0283   17.5216
   -7.5000   15.0000   30.000013116.4043   17.5640
    0.0000   15.0000   30.000013653.6709   17.5595
    7.5000   15.0000   30.000013007.9326   17.5598
   -7.5000   22.5000   30.000012066.7373   17.5696
    0.0000   22.5000   30.000012582.4150   17.5545
    7.5000   22.5000   30.000011968.5742   17.5539
   -7.5000   30.0000   30.000010978.0244   17.3546
    0.0000   30.0000   30.000011439.6641   17.3388
    7.5000   30.0000   30.000010894.6572   17.3413
   -7.5000   37.5000   30.000010306.2998   17.4061
    0.0000   37.5000   30.000010750.1074   17.4016
    7.5000   37.5000   30.000010244.6123   17.4070
   -7.5000   45.0000   30.0000 9241.5234   17.1060
    0.0000   45.0000   30.0000 9636.6299   17.1120
    7.5000   45.0000   30.0000 9174.3711   17.1188
   -7.5000  -45.0000   37.500010110.1182   17.8039
    0.0000  -45.0000   37.500010528.0625   17.8080
    7.5000  -45.0000   37.500010087.5566   17.8097
   -7.5000  -37.5000   37.500010611.8037   17.7931
    0.0000  -37.5000   37.500011069.8125   17.7967
    7.5000  -37.5000   37.500010604.0371   17.7964
   -7.5000  -30.0000   37.500011485.1572   17.7623
    0.0000  -30.0000   37.500011939.1309   17.7542
    7.5000  -30.0000   37.500011456.8164   17.7498
   -7.5000  -22.5000   37.500012286.5449   17.7361
    0.0000  -22.5000   37.500012758.4170   17.7153
    7.5000  -22.5000   37.500012248.6172   17.7096
   -7.5000  -15.0000   37.500013013.9727   17.6987
    0.0000  -15.0000   37.500013532.7354   17.6766
    7.5000  -15.0000   37.500012984.4951   17.6733
   -7.5000   -7.5000   37.500013600.0020   17.6807
    0.0000   -7.5000   37.500014146.0215   17.6718
    7.5000   -7.5000   37.500013581.8516   17.6713
   -7.5000    0.0000   37.500014021.6924   17.6949
    0.0000    0.0000   37.500014575.5186   17.6987
    7.5000    0.0000   37.500013985.5420   17.7001
   -7.5000    7.5000   37.500013400.4238   17.7506
    0.0000    7.5000   37.500013967.2539   17.7542
    7.5000    7.5000   37.500013366.4971   17.7538
   -7.5000   15.0000   37.500012583.4287   17.7970
    0.0000   15.0000   37.500013141.3809   17.7890
    7.5000   15.0000   37.500012526.0068   17.7844
   -7.5000   22.5000   37.500011586.3955   17.7989
    0.0000   22.5000   37.500012091.7803   17.7780
    7.5000   22.5000   37.500011519.0625   17.7720
   -7.5000   30.0000   37.500010570.4785   17.5825
    0.0000   30.0000   37.500011021.7959   17.5606
    7.5000   30.0000   37.500010490.9287   17.5567
   -7.5000   37.5000   37.5000 9941.7549   17.6375
    0.0000   37.5000   37.500010367.2549   17.6283
    7.5000   37.5000   37.5000 9885.7256   17.6270
   -7.5000   45.0000   37.5000 8929.2842   17.3337
    0.0000   45.0000   37.5000 9296.7246   17.3371
    7.5000   45.0000   37.5000 8876.8809   17.3384
   -7.5000  -45.0000   45.0000 9242.4580   18.0404
    0.0000  -45.0000   45.0000 9655.1123   18.0441
    7.5000  -45.0000   45.0000 9250.0420   18.0411
   -7.5000  -37.5000   45.0000 9713.3184   18.0250
    0.0000  -37.5000   45.000010134.3174   18.0250
    7.5000  -37.5000   45.0000 9705.4043   18.0206
   -7.5000  -30.0000   45.000010514.1484   17.9911
    0.0000  -30.0000   45.000010936.0371   17.9750
    7.5000  -30.0000   45.000010484.2988   17.9662
   -7.5000  -22.5000   45.000011223.5635   17.9634
    0.0000  -22.5000   45.000011664.3945   17.9342
    7.5000  -22.5000   45.000011190.8174   17.9240
   -7.5000  -15.0000   45.000011871.0410   17.9299
    0.0000  -15.0000   45.000012358.9346   17.9028
    7.5000  -15.0000   45.000011835.7246   17.8946
   -7.5000   -7.5000   45.000012421.4795   17.9181
    0.0000   -7.5000   45.000012931.6064   17.9076
    7.5000   -7.5000   45.000012399.2881   17.9020
   -7.5000    0.0000   45.000012825.7607   17.9339
    0.0000    0.0000   45.000013344.4619   17.9374
    7.5000    0.0000   45.000012809.9951   17.9340
   -7.5000    7.5000   45.000012255.1611   17.9842
    0.0000    7.5000   45.000012810.9209   17.9842
    7.5000    7.5000   45.000012265.9766   17.9797
   -7.5000   15.0000   45.000011508.6592   18.0236
    0.0000   15.0000   45.000012023.7871   18.0075
    7.5000   15.0000   45.000011501.4395   17.9987
   -7.5000   22.5000   45.000010590.7617   18.0215
    0.0000   22.5000   45.000011071.1719   17.9922
    7.5000   22.5000   45.000010576.3467   17.9817
   -7.5000   30.0000   45.0000 9680.1680   17.8030
    0.0000   30.0000   45.000010115.0537   17.7761
    7.5000   30.0000   45.0000 9666.6670   17.7675
   -7.5000   37.5000   45.0000 9118.6436   17.8621
    0.0000   37.5000   45.0000 9509.7051   17.8512
    7.5000   37.5000   45.0000 9104.0166   17.8449
   -7.5000   45.0000   45.0000 8198.9707   17.5673
    0.0000   45.0000   45.0000 8539.2939   17.5705
    7.5000   45.0000   45.0000 8192.7354   17.5672

---------------------------------------------------------------------
imgreg_4dfp /opt/freesurfer/average/711-2C_as_mni_average_305 /opt/freesurfer/average/711-2B_as_mni_average_305_mask talsrcimg_g11 none talsrcimg_to_711-2C_as_mni_average_305_t4 4355
---------------------------------------------------------------------

freesurfer imgreg_4dfp.c
/opt/freesurfer/average/711-2C_as_mni_average_305.4dfp.img
       256       256       256         1
  1.000000  1.000000  1.000000
orientation T byte_order littleendian
Reading image: /opt/freesurfer/average/711-2C_as_mni_average_305.4dfp.img
dimensions:      256       256       256
mmppix:       1.0000   -1.0000   -1.0000
center:     128.0000 -129.0000 -129.0000
/opt/freesurfer/average/711-2B_as_mni_average_305_mask.4dfp.img
       256       256       256         1
  1.000000  1.000000  1.000000
orientation T byte_order littleendian
Reading mask: /opt/freesurfer/average/711-2B_as_mni_average_305_mask.4dfp.img (2306576 pixels)
talsrcimg_g11.4dfp.img
       256       256       256         1
  1.000000  1.000000  1.000000
orientation T byte_order littleendian
Reading image: talsrcimg_g11.4dfp.img
dimensions:      256       256       256
mmppix:       1.0000   -1.0000   -1.0000
center:     128.0000 -129.0000 -129.0000
rotation matrix determinant  1.000000
image alignment mode   4355 decimal     1103 hex
   -7.5000  -45.0000  -45.0000 2167.0229   17.6967
    0.0000  -45.0000  -45.0000 2172.4028   17.7302
    7.5000  -45.0000  -45.0000 2155.2593   17.9031
   -7.5000  -37.5000  -45.0000 2225.8386   16.4612
    0.0000  -37.5000  -45.0000 2231.7966   16.4626
    7.5000  -37.5000  -45.0000 2213.4026   16.6668
   -7.5000  -30.0000  -45.0000 2271.0820   15.4950
    0.0000  -30.0000  -45.0000 2279.6687   15.4930
    7.5000  -30.0000  -45.0000 2262.5403   15.6566
   -7.5000  -22.5000  -45.0000 2299.3567   14.8401
    0.0000  -22.5000  -45.0000 2309.5881   14.8086
    7.5000  -22.5000  -45.0000 2293.0977   14.9862
   -7.5000  -15.0000  -45.0000 2315.0842   14.4731
    0.0000  -15.0000  -45.0000 2329.3271   14.4372
    7.5000  -15.0000  -45.0000 2311.1531   14.5739
   -7.5000   -7.5000  -45.0000 2319.5923   14.3893
    0.0000   -7.5000  -45.0000 2330.5503   14.3129
    7.5000   -7.5000  -45.0000 2315.0552   14.4896
   -7.5000    0.0000  -45.0000 2297.1191   14.5879
    0.0000    0.0000  -45.0000 2310.4077   14.5330
    7.5000    0.0000  -45.0000 2294.7500   14.7135
   -7.5000    7.5000  -45.0000 2260.9224   15.1187
    0.0000    7.5000  -45.0000 2279.9463   15.0446
    7.5000    7.5000  -45.0000 2262.4443   15.2177
   -7.5000   15.0000  -45.0000 2203.8352   15.9577
    0.0000   15.0000  -45.0000 2219.9622   15.8424
    7.5000   15.0000  -45.0000 2204.7776   16.0202
   -7.5000   22.5000  -45.0000 2123.8831   17.1635
    0.0000   22.5000  -45.0000 2140.0386   17.0023
    7.5000   22.5000  -45.0000 2120.3391   17.2432
   -7.5000   30.0000  -45.0000 2023.6754   18.8621
    0.0000   30.0000  -45.0000 2040.2047   18.6443
    7.5000   30.0000  -45.0000 2023.5853   18.9485
   -7.5000   37.5000  -45.0000 1918.2382   21.1616
    0.0000   37.5000  -45.0000 1935.1064   20.9328
    7.5000   37.5000  -45.0000 1919.1798   21.2437
   -7.5000   45.0000  -45.0000 1807.6080   24.1722
    0.0000   45.0000  -45.0000 1817.0236   23.8988
    7.5000   45.0000  -45.0000 1807.1760   24.2335
   -7.5000  -45.0000  -37.5000 2255.9844   16.3654
    0.0000  -45.0000  -37.5000 2254.9045   16.4003
    7.5000  -45.0000  -37.5000 2237.4236   16.5463
   -7.5000  -37.5000  -37.5000 2316.6965   15.2603
    0.0000  -37.5000  -37.5000 2321.6804   15.2841
    7.5000  -37.5000  -37.5000 2299.1348   15.4124
   -7.5000  -30.0000  -37.5000 2365.5752   14.3922
    0.0000  -30.0000  -37.5000 2371.6907   14.3922
    7.5000  -30.0000  -37.5000 2349.8044   14.5275
   -7.5000  -22.5000  -37.5000 2394.9927   13.7742
    0.0000  -22.5000  -37.5000 2403.5239   13.7629
    7.5000  -22.5000  -37.5000 2383.5359   13.8893
   -7.5000  -15.0000  -37.5000 2411.8396   13.4460
    0.0000  -15.0000  -37.5000 2421.2185   13.4238
    7.5000  -15.0000  -37.5000 2399.9219   13.5259
   -7.5000   -7.5000  -37.5000 2411.6577   13.3487
    0.0000   -7.5000  -37.5000 2421.6255   13.3073
    7.5000   -7.5000  -37.5000 2405.7903   13.4448
   -7.5000    0.0000  -37.5000 2391.3374   13.5320
    0.0000    0.0000  -37.5000 2406.2615   13.4914
    7.5000    0.0000  -37.5000 2389.4907   13.6319
   -7.5000    7.5000  -37.5000 2355.5002   14.0043
    0.0000    7.5000  -37.5000 2371.8542   13.9584
    7.5000    7.5000  -37.5000 2355.0564   14.0815
   -7.5000   15.0000  -37.5000 2288.9500   14.7950
    0.0000   15.0000  -37.5000 2306.9824   14.6922
    7.5000   15.0000  -37.5000 2292.3369   14.8457
   -7.5000   22.5000  -37.5000 2204.7319   15.9243
    0.0000   22.5000  -37.5000 2221.8879   15.7849
    7.5000   22.5000  -37.5000 2205.4966   15.9750
   -7.5000   30.0000  -37.5000 2097.4688   17.4916
    0.0000   30.0000  -37.5000 2111.7417   17.3151
    7.5000   30.0000  -37.5000 2098.0059   17.5344
   -7.5000   37.5000  -37.5000 1986.0513   19.5807
    0.0000   37.5000  -37.5000 2002.8296   19.4143
    7.5000   37.5000  -37.5000 1990.5088   19.6525
   -7.5000   45.0000  -37.5000 1864.5664   22.3639
    0.0000   45.0000  -37.5000 1877.6836   22.1362
    7.5000   45.0000  -37.5000 1869.3767   22.4305
   -7.5000  -45.0000  -30.0000 2378.6409   15.6727
    0.0000  -45.0000  -30.0000 2380.5928   15.7245
    7.5000  -45.0000  -30.0000 2358.6948   15.8303
   -7.5000  -37.5000  -30.0000 2451.7786   14.5946
    0.0000  -37.5000  -30.0000 2456.8552   14.5911
    7.5000  -37.5000  -30.0000 2432.5945   14.7110
   -7.5000  -30.0000  -30.0000 2504.6892   13.7833
    0.0000  -30.0000  -30.0000 2510.7842   13.7694
    7.5000  -30.0000  -30.0000 2490.1248   13.8796
   -7.5000  -22.5000  -30.0000 2539.5361   13.1902
    0.0000  -22.5000  -30.0000 2546.1528   13.1820
    7.5000  -22.5000  -30.0000 2527.7227   13.2693
   -7.5000  -15.0000  -30.0000 2560.4146   12.8919
    0.0000  -15.0000  -30.0000 2571.6128   12.8670
    7.5000  -15.0000  -30.0000 2547.6370   12.9543
   -7.5000   -7.5000  -30.0000 2561.6006   12.8161
    0.0000   -7.5000  -30.0000 2574.2671   12.7797
    7.5000   -7.5000  -30.0000 2554.1338   12.8820
   -7.5000    0.0000  -30.0000 2537.9380   12.9788
    0.0000    0.0000  -30.0000 2558.7427   12.9556
    7.5000    0.0000  -30.0000 2534.7361   13.0575
   -7.5000    7.5000  -30.0000 2499.2148   13.4367
    0.0000    7.5000  -30.0000 2519.9795   13.4018
    7.5000    7.5000  -30.0000 2497.5649   13.4948
   -7.5000   15.0000  -30.0000 2430.8818   14.1822
    0.0000   15.0000  -30.0000 2452.6616   14.1156
    7.5000   15.0000  -30.0000 2429.9802   14.2139
   -7.5000   22.5000  -30.0000 2337.3647   15.2454
    0.0000   22.5000  -30.0000 2358.1052   15.1416
    7.5000   22.5000  -30.0000 2334.8164   15.2745
   -7.5000   30.0000  -30.0000 2217.5361   16.7053
    0.0000   30.0000  -30.0000 2231.8767   16.5872
    7.5000   30.0000  -30.0000 2213.9922   16.7470
   -7.5000   37.5000  -30.0000 2092.1560   18.7001
    0.0000   37.5000  -30.0000 2110.5127   18.5723
    7.5000   37.5000  -30.0000 2094.1355   18.7704
   -7.5000   45.0000  -30.0000 1957.0280   21.2851
    0.0000   45.0000  -30.0000 1968.8412   21.1293
    7.5000   45.0000  -30.0000 1958.8242   21.3608
   -7.5000  -45.0000  -22.5000 2467.0264   14.9694
    0.0000  -45.0000  -22.5000 2471.3105   14.9844
    7.5000  -45.0000  -22.5000 2446.8301   15.1154
   -7.5000  -37.5000  -22.5000 2550.7686   13.8760
    0.0000  -37.5000  -22.5000 2556.6155   13.8699
    7.5000  -37.5000  -22.5000 2532.4785   13.9786
   -7.5000  -30.0000  -22.5000 2613.0032   13.0765
    0.0000  -30.0000  -22.5000 2618.2649   13.0715
    7.5000  -30.0000  -22.5000 2596.5352   13.1823
   -7.5000  -22.5000  -22.5000 2655.9031   12.4978
    0.0000  -22.5000  -22.5000 2664.1619   12.4944
    7.5000  -22.5000  -22.5000 2642.7888   12.5744
   -7.5000  -15.0000  -22.5000 2682.6096   12.2202
    0.0000  -15.0000  -22.5000 2697.6206   12.2084
    7.5000  -15.0000  -22.5000 2669.0845   12.2857
   -7.5000   -7.5000  -22.5000 2689.5400   12.1879
    0.0000   -7.5000  -22.5000 2708.3542   12.1637
    7.5000   -7.5000  -22.5000 2679.0720   12.2480
   -7.5000    0.0000  -22.5000 2671.0493   12.3610
    0.0000    0.0000  -22.5000 2691.5686   12.3422
    7.5000    0.0000  -22.5000 2662.3523   12.4274
   -7.5000    7.5000  -22.5000 2623.1438   12.8120
    0.0000    7.5000  -22.5000 2647.8625   12.7732
    7.5000    7.5000  -22.5000 2620.4919   12.8602
   -7.5000   15.0000  -22.5000 2545.0076   13.5288
    0.0000   15.0000  -22.5000 2572.4800   13.4590
    7.5000   15.0000  -22.5000 2545.1743   13.5588
   -7.5000   22.5000  -22.5000 2445.7529   14.5403
    0.0000   22.5000  -22.5000 2468.0691   14.4568
    7.5000   22.5000  -22.5000 2442.7559   14.5664
   -7.5000   30.0000  -22.5000 2313.3655   15.9317
    0.0000   30.0000  -22.5000 2333.4939   15.8273
    7.5000   30.0000  -22.5000 2310.1499   15.9467
   -7.5000   37.5000  -22.5000 2176.8582   17.7687
    0.0000   37.5000  -22.5000 2195.3306   17.6762
    7.5000   37.5000  -22.5000 2177.8284   17.8328
   -7.5000   45.0000  -22.5000 2031.7751   20.1794
    0.0000   45.0000  -22.5000 2041.4447   20.0851
    7.5000   45.0000  -22.5000 2031.9176   20.2408
   -7.5000  -45.0000  -15.0000 2523.7927   14.3389
    0.0000  -45.0000  -15.0000 2529.2141   14.3490
    7.5000  -45.0000  -15.0000 2504.0161   14.5080
   -7.5000  -37.5000  -15.0000 2613.2915   13.2595
    0.0000  -37.5000  -15.0000 2620.0850   13.2710
    7.5000  -37.5000  -15.0000 2595.8701   13.3998
   -7.5000  -30.0000  -15.0000 2688.2634   12.4567
    0.0000  -30.0000  -15.0000 2693.8149   12.4425
    7.5000  -30.0000  -15.0000 2671.1479   12.5500
   -7.5000  -22.5000  -15.0000 2743.3074   11.8830
    0.0000  -22.5000  -15.0000 2753.5735   11.8882
    7.5000  -22.5000  -15.0000 2726.0825   11.9724
   -7.5000  -15.0000  -15.0000 2778.9929   11.6146
    0.0000  -15.0000  -15.0000 2796.5830   11.5843
    7.5000  -15.0000  -15.0000 2761.7930   11.6846
   -7.5000   -7.5000  -15.0000 2789.8411   11.6034
    0.0000   -7.5000  -15.0000 2813.3000   11.5715
    7.5000   -7.5000  -15.0000 2780.4492   11.6691
   -7.5000    0.0000  -15.0000 2770.3186   11.7962
    0.0000    0.0000  -15.0000 2794.7212   11.7728
    7.5000    0.0000  -15.0000 2765.4441   11.8583
   -7.5000    7.5000  -15.0000 2718.2104   12.2179
    0.0000    7.5000  -15.0000 2743.0601   12.1759
    7.5000    7.5000  -15.0000 2716.4739   12.2630
   -7.5000   15.0000  -15.0000 2629.4790   12.9103
    0.0000   15.0000  -15.0000 2655.5740   12.8555
    7.5000   15.0000  -15.0000 2632.1338   12.9513
   -7.5000   22.5000  -15.0000 2518.1687   13.9124
    0.0000   22.5000  -15.0000 2543.1047   13.8448
    7.5000   22.5000  -15.0000 2518.6309   13.9503
   -7.5000   30.0000  -15.0000 2379.8765   15.2573
    0.0000   30.0000  -15.0000 2402.3982   15.1839
    7.5000   30.0000  -15.0000 2377.3464   15.3084
   -7.5000   37.5000  -15.0000 2234.8879   16.9903
    0.0000   37.5000  -15.0000 2253.8110   16.9317
    7.5000   37.5000  -15.0000 2233.4907   17.0441
   -7.5000   45.0000  -15.0000 2078.4702   19.2868
    0.0000   45.0000  -15.0000 2089.7004   19.1770
    7.5000   45.0000  -15.0000 2076.1663   19.3177
   -7.5000  -45.0000   -7.5000 2560.2539   13.8040
    0.0000  -45.0000   -7.5000 2565.0405   13.8351
    7.5000  -45.0000   -7.5000 2540.2363   14.0079
   -7.5000  -37.5000   -7.5000 2654.6902   12.7606
    0.0000  -37.5000   -7.5000 2664.4639   12.7737
    7.5000  -37.5000   -7.5000 2641.4480   12.9241
   -7.5000  -30.0000   -7.5000 2741.6953   11.9754
    0.0000  -30.0000   -7.5000 2753.2893   11.9660
    7.5000  -30.0000   -7.5000 2727.7483   12.0786
   -7.5000  -22.5000   -7.5000 2808.6064   11.3938
    0.0000  -22.5000   -7.5000 2825.0276   11.3690
    7.5000  -22.5000   -7.5000 2794.3413   11.4916
   -7.5000  -15.0000   -7.5000 2854.5142   11.1186
    0.0000  -15.0000   -7.5000 2875.4490   11.0411
    7.5000  -15.0000   -7.5000 2841.3584   11.2059
   -7.5000   -7.5000   -7.5000 2866.0405   11.1329
    0.0000   -7.5000   -7.5000 2895.9756   11.0585
    7.5000   -7.5000   -7.5000 2864.6257   11.1884
   -7.5000    0.0000   -7.5000 2842.7151   11.3313
    0.0000    0.0000   -7.5000 2871.3713   11.2761
    7.5000    0.0000   -7.5000 2845.4534   11.3892
   -7.5000    7.5000   -7.5000 2782.6887   11.7359
    0.0000    7.5000   -7.5000 2813.0020   11.6763
    7.5000    7.5000   -7.5000 2792.1003   11.7827
   -7.5000   15.0000   -7.5000 2687.9744   12.3936
    0.0000   15.0000   -7.5000 2714.8035   12.3307
    7.5000   15.0000   -7.5000 2691.1028   12.4447
   -7.5000   22.5000   -7.5000 2568.2544   13.3742
    0.0000   22.5000   -7.5000 2591.9409   13.3088
    7.5000   22.5000   -7.5000 2566.3215   13.4367
   -7.5000   30.0000   -7.5000 2426.3232   14.7056
    0.0000   30.0000   -7.5000 2447.8457   14.6357
    7.5000   30.0000   -7.5000 2424.9983   14.7664
   -7.5000   37.5000   -7.5000 2273.9795   16.4105
    0.0000   37.5000   -7.5000 2289.5762   16.3208
    7.5000   37.5000   -7.5000 2271.3274   16.4412
   -7.5000   45.0000   -7.5000 2107.6355   18.6096
    0.0000   45.0000   -7.5000 2123.8394   18.4668
    7.5000   45.0000   -7.5000 2110.8823   18.6626
   -7.5000  -45.0000    0.0000 2577.3494   13.4000
    0.0000  -45.0000    0.0000 2585.5959   13.4065
    7.5000  -45.0000    0.0000 2563.1782   13.6461
   -7.5000  -37.5000    0.0000 2678.2786   12.4084
    0.0000  -37.5000    0.0000 2689.3552   12.3823
    7.5000  -37.5000    0.0000 2669.6829   12.6069
   -7.5000  -30.0000    0.0000 2777.4998   11.6520
    0.0000  -30.0000    0.0000 2795.0620   11.6358
    7.5000  -30.0000    0.0000 2770.1558   11.8032
   -7.5000  -22.5000    0.0000 2855.4773   11.0762
    0.0000  -22.5000    0.0000 2882.2844   11.0117
    7.5000  -22.5000    0.0000 2848.7346   11.2195
   -7.5000  -15.0000    0.0000 2908.2029   10.7743
    0.0000  -15.0000    0.0000 2939.1497   10.6659
    7.5000  -15.0000    0.0000 2903.2358   10.9178
   -7.5000   -7.5000    0.0000 2922.4314   10.8143
    0.0000   -7.5000    0.0000 2961.8105   10.6804
    7.5000   -7.5000    0.0000 2923.5828   10.9220
   -7.5000    0.0000    0.0000 2886.0767   11.0390
    0.0000    0.0000    0.0000 2925.4851   10.9364
    7.5000    0.0000    0.0000 2897.1997   11.1396
   -7.5000    7.5000    0.0000 2822.9673   11.4274
    0.0000    7.5000    0.0000 2856.7881   11.3432
    7.5000    7.5000    0.0000 2836.0234   11.5197
   -7.5000   15.0000    0.0000 2723.1377   12.0604
    0.0000   15.0000    0.0000 2750.8823   11.9830
    7.5000   15.0000    0.0000 2732.3215   12.1454
   -7.5000   22.5000    0.0000 2597.0867   13.0124
    0.0000   22.5000    0.0000 2621.2705   12.9399
    7.5000   22.5000    0.0000 2601.4360   13.1013
   -7.5000   30.0000    0.0000 2446.6577   14.3027
    0.0000   30.0000    0.0000 2471.1116   14.2377
    7.5000   30.0000    0.0000 2452.9028   14.4100
   -7.5000   37.5000    0.0000 2289.4795   15.9921
    0.0000   37.5000    0.0000 2310.4902   15.9171
    7.5000   37.5000    0.0000 2293.0840   16.1169
   -7.5000   45.0000    0.0000 2120.8652   18.1036
    0.0000   45.0000    0.0000 2140.6575   17.9922
    7.5000   45.0000    0.0000 2128.0557   18.2195
   -7.5000  -45.0000    7.5000 2587.6047   13.1920
    0.0000  -45.0000    7.5000 2596.3186   13.1132
    7.5000  -45.0000    7.5000 2573.1726   13.4115
   -7.5000  -37.5000    7.5000 2691.2766   12.2231
    0.0000  -37.5000    7.5000 2705.0967   12.1204
    7.5000  -37.5000    7.5000 2681.7930   12.4009
   -7.5000  -30.0000    7.5000 2793.7190   11.5021
    0.0000  -30.0000    7.5000 2812.8130   11.3967
    7.5000  -30.0000    7.5000 2790.5225   11.6500
   -7.5000  -22.5000    7.5000 2883.4631   10.9824
    0.0000  -22.5000    7.5000 2917.3850   10.8525
    7.5000  -22.5000    7.5000 2877.5723   11.0946
   -7.5000  -15.0000    7.5000 2940.3572   10.6570
    0.0000  -15.0000    7.5000 2975.8962   10.4368
    7.5000  -15.0000    7.5000 2936.0974   10.7687
   -7.5000   -7.5000    7.5000 2952.5410   10.6654
    0.0000   -7.5000    7.5000 2991.0901   10.4536
    7.5000   -7.5000    7.5000 2954.1438   10.7383
   -7.5000    0.0000    7.5000 2906.4214   10.8681
    0.0000    0.0000    7.5000 2945.2100   10.7255
    7.5000    0.0000    7.5000 2920.1782   10.9571
   -7.5000    7.5000    7.5000 2835.8384   11.2721
    0.0000    7.5000    7.5000 2862.7729   11.1515
    7.5000    7.5000    7.5000 2844.1948   11.3508
   -7.5000   15.0000    7.5000 2730.5508   11.9233
    0.0000   15.0000    7.5000 2754.5989   11.7885
    7.5000   15.0000    7.5000 2738.9919   11.9569
   -7.5000   22.5000    7.5000 2598.7029   12.8654
    0.0000   22.5000    7.5000 2626.4238   12.7430
    7.5000   22.5000    7.5000 2606.2993   12.8965
   -7.5000   30.0000    7.5000 2447.1885   14.1285
    0.0000   30.0000    7.5000 2474.7527   14.0223
    7.5000   30.0000    7.5000 2457.8726   14.1810
   -7.5000   37.5000    7.5000 2288.4719   15.7622
    0.0000   37.5000    7.5000 2310.9573   15.6748
    7.5000   37.5000    7.5000 2296.7151   15.8505
   -7.5000   45.0000    7.5000 2122.9458   17.8704
    0.0000   45.0000    7.5000 2144.8535   17.7794
    7.5000   45.0000    7.5000 2129.3035   17.9579
   -7.5000  -45.0000   15.0000 2581.4724   13.1850
    0.0000  -45.0000   15.0000 2594.6743   13.0662
    7.5000  -45.0000   15.0000 2573.7822   13.3951
   -7.5000  -37.5000   15.0000 2684.7678   12.2114
    0.0000  -37.5000   15.0000 2705.3069   12.0650
    7.5000  -37.5000   15.0000 2684.6250   12.3643
   -7.5000  -30.0000   15.0000 2788.2366   11.5327
    0.0000  -30.0000   15.0000 2813.3406   11.3835
    7.5000  -30.0000   15.0000 2789.5090   11.6288
   -7.5000  -22.5000   15.0000 2879.4084   11.0576
    0.0000  -22.5000   15.0000 2913.3640   10.8834
    7.5000  -22.5000   15.0000 2877.8020   11.1007
   -7.5000  -15.0000   15.0000 2937.8101   10.8180
    0.0000  -15.0000   15.0000 2976.7451   10.6066
    7.5000  -15.0000   15.0000 2937.3748   10.8121
   -7.5000   -7.5000   15.0000 2945.0693   10.7788
    0.0000   -7.5000   15.0000 2987.2510   10.6226
    7.5000   -7.5000   15.0000 2950.2056   10.8014
   -7.5000    0.0000   15.0000 2897.9734   10.9330
    0.0000    0.0000   15.0000 2938.5964   10.8125
    7.5000    0.0000   15.0000 2912.2056   10.9895
   -7.5000    7.5000   15.0000 2820.8655   11.3145
    0.0000    7.5000   15.0000 2850.7654   11.2028
    7.5000    7.5000   15.0000 2832.8770   11.3714
   -7.5000   15.0000   15.0000 2710.9202   11.9382
    0.0000   15.0000   15.0000 2736.7361   11.8234
    7.5000   15.0000   15.0000 2724.8376   11.9710
   -7.5000   22.5000   15.0000 2580.9407   12.8394
    0.0000   22.5000   15.0000 2607.1528   12.7453
    7.5000   22.5000   15.0000 2594.9443   12.8772
   -7.5000   30.0000   15.0000 2429.6411   14.0546
    0.0000   30.0000   15.0000 2453.6509   13.9857
    7.5000   30.0000   15.0000 2440.5574   14.1105
   -7.5000   37.5000   15.0000 2271.0354   15.6666
    0.0000   37.5000   15.0000 2295.2402   15.6051
    7.5000   37.5000   15.0000 2279.5854   15.7534
   -7.5000   45.0000   15.0000 2108.6431   17.7764
    0.0000   45.0000   15.0000 2127.5012   17.7117
    7.5000   45.0000   15.0000 2113.4785   17.8474
   -7.5000  -45.0000   22.5000 2565.6965   13.5108
    0.0000  -45.0000   22.5000 2579.6650   13.3387
    7.5000  -45.0000   22.5000 2562.8215   13.6633
   -7.5000  -37.5000   22.5000 2665.4463   12.5394
    0.0000  -37.5000   22.5000 2686.0364   12.3572
    7.5000  -37.5000   22.5000 2671.8784   12.6422
   -7.5000  -30.0000   22.5000 2762.8967   11.8355
    0.0000  -30.0000   22.5000 2790.0530   11.6586
    7.5000  -30.0000   22.5000 2772.4775   11.8841
   -7.5000  -22.5000   22.5000 2848.0833   11.3183
    0.0000  -22.5000   22.5000 2880.2729   11.1211
    7.5000  -22.5000   22.5000 2857.6985   11.3176
   -7.5000  -15.0000   22.5000 2896.5625   11.0774
    0.0000  -15.0000   22.5000 2934.0996   10.8986
    7.5000  -15.0000   22.5000 2909.3081   11.0822
   -7.5000   -7.5000   22.5000 2896.9021   11.0881
    0.0000   -7.5000   22.5000 2933.3843   10.9748
    7.5000   -7.5000   22.5000 2907.6902   11.1187
   -7.5000    0.0000   22.5000 2851.2800   11.2682
    0.0000    0.0000   22.5000 2886.8169   11.1873
    7.5000    0.0000   22.5000 2862.6069   11.3155
   -7.5000    7.5000   22.5000 2775.9902   11.6329
    0.0000    7.5000   22.5000 2805.3831   11.5777
    7.5000    7.5000   22.5000 2786.3923   11.6972
   -7.5000   15.0000   22.5000 2665.8013   12.2345
    0.0000   15.0000   22.5000 2693.0718   12.1674
    7.5000   15.0000   22.5000 2679.9412   12.2672
   -7.5000   22.5000   22.5000 2543.7771   13.0938
    0.0000   22.5000   22.5000 2573.4612   13.0079
    7.5000   22.5000   22.5000 2560.8438   13.1292
   -7.5000   30.0000   22.5000 2398.8455   14.2455
    0.0000   30.0000   22.5000 2420.2139   14.1669
    7.5000   30.0000   22.5000 2410.7976   14.2922
   -7.5000   37.5000   22.5000 2243.8254   15.7998
    0.0000   37.5000   22.5000 2267.4553   15.7299
    7.5000   37.5000   22.5000 2253.8293   15.8736
   -7.5000   45.0000   22.5000 2085.2786   17.9051
    0.0000   45.0000   22.5000 2106.7332   17.7783
    7.5000   45.0000   22.5000 2096.4673   17.9626
   -7.5000  -45.0000   30.0000 2542.8770   14.0475
    0.0000  -45.0000   30.0000 2556.7222   13.8251
    7.5000  -45.0000   30.0000 2540.9419   14.1384
   -7.5000  -37.5000   30.0000 2634.9636   13.0476
    0.0000  -37.5000   30.0000 2662.8931   12.8483
    7.5000  -37.5000   30.0000 2644.8589   13.1118
   -7.5000  -30.0000   30.0000 2723.3997   12.2996
    0.0000  -30.0000   30.0000 2754.2036   12.0654
    7.5000  -30.0000   30.0000 2738.3237   12.3128
   -7.5000  -22.5000   30.0000 2800.9407   11.7496
    0.0000  -22.5000   30.0000 2829.8264   11.5559
    7.5000  -22.5000   30.0000 2811.0461   11.7538
   -7.5000  -15.0000   30.0000 2837.4998   11.5391
    0.0000  -15.0000   30.0000 2866.4985   11.3771
    7.5000  -15.0000   30.0000 2849.2969   11.5521
   -7.5000   -7.5000   30.0000 2822.5342   11.5763
    0.0000   -7.5000   30.0000 2853.8875   11.4293
    7.5000   -7.5000   30.0000 2835.3562   11.6018
   -7.5000    0.0000   30.0000 2776.9241   11.7701
    0.0000    0.0000   30.0000 2806.8000   11.6341
    7.5000    0.0000   30.0000 2787.3188   11.8053
   -7.5000    7.5000   30.0000 2703.1003   12.1484
    0.0000    7.5000   30.0000 2733.8318   12.0339
    7.5000    7.5000   30.0000 2712.5330   12.2032
   -7.5000   15.0000   30.0000 2601.3972   12.7370
    0.0000   15.0000   30.0000 2629.0256   12.6140
    7.5000   15.0000   30.0000 2614.6294   12.7415
   -7.5000   22.5000   30.0000 2487.2625   13.5658
    0.0000   22.5000   30.0000 2515.3569   13.4566
    7.5000   22.5000   30.0000 2503.3477   13.5821
   -7.5000   30.0000   30.0000 2347.4646   14.7101
    0.0000   30.0000   30.0000 2369.6304   14.6269
    7.5000   30.0000   30.0000 2360.5486   14.7387
   -7.5000   37.5000   30.0000 2201.0876   16.2300
    0.0000   37.5000   30.0000 2224.0745   16.1693
    7.5000   37.5000   30.0000 2212.4683   16.2943
   -7.5000   45.0000   30.0000 2051.3162   18.2961
    0.0000   45.0000   30.0000 2073.4917   18.2063
    7.5000   45.0000   30.0000 2061.1248   18.3476
   -7.5000  -45.0000   37.5000 2506.3572   14.7632
    0.0000  -45.0000   37.5000 2524.4741   14.5122
    7.5000  -45.0000   37.5000 2506.3662   14.7859
   -7.5000  -37.5000   37.5000 2597.4253   13.7215
    0.0000  -37.5000   37.5000 2624.4441   13.4799
    7.5000  -37.5000   37.5000 2608.1379   13.7415
   -7.5000  -30.0000   37.5000 2672.9534   12.9356
    0.0000  -30.0000   37.5000 2705.0247   12.6957
    7.5000  -30.0000   37.5000 2687.3298   12.9352
   -7.5000  -22.5000   37.5000 2735.5962   12.3765
    0.0000  -22.5000   37.5000 2763.8601   12.1843
    7.5000  -22.5000   37.5000 2747.4758   12.3839
   -7.5000  -15.0000   37.5000 2761.8337   12.1798
    0.0000  -15.0000   37.5000 2788.8784   12.0161
    7.5000  -15.0000   37.5000 2774.6892   12.1883
   -7.5000   -7.5000   37.5000 2735.1799   12.2389
    0.0000   -7.5000   37.5000 2765.1792   12.0890
    7.5000   -7.5000   37.5000 2752.7373   12.2482
   -7.5000    0.0000   37.5000 2685.1282   12.4366
    0.0000    0.0000   37.5000 2711.2551   12.3031
    7.5000    0.0000   37.5000 2697.9250   12.4630
   -7.5000    7.5000   37.5000 2618.7771   12.8100
    0.0000    7.5000   37.5000 2647.0713   12.6951
    7.5000    7.5000   37.5000 2631.0571   12.8384
   -7.5000   15.0000   37.5000 2527.2395   13.3812
    0.0000   15.0000   37.5000 2555.3489   13.2747
    7.5000   15.0000   37.5000 2538.1316   13.3867
   -7.5000   22.5000   37.5000 2420.0715   14.2092
    0.0000   22.5000   37.5000 2443.3777   14.0950
    7.5000   22.5000   37.5000 2429.8823   14.1830
   -7.5000   30.0000   37.5000 2285.7588   15.4053
    0.0000   30.0000   37.5000 2308.1230   15.2974
    7.5000   30.0000   37.5000 2296.3813   15.3754
   -7.5000   37.5000   37.5000 2147.8755   16.9739
    0.0000   37.5000   37.5000 2165.7583   16.8872
    7.5000   37.5000   37.5000 2160.3264   16.9560
   -7.5000   45.0000   37.5000 2010.4443   19.0471
    0.0000   45.0000   37.5000 2024.7639   18.9138
    7.5000   45.0000   37.5000 2016.8287   19.0413
   -7.5000  -45.0000   45.0000 2450.5649   15.6242
    0.0000  -45.0000   45.0000 2476.4915   15.3966
    7.5000  -45.0000   45.0000 2457.6321   15.6148
   -7.5000  -37.5000   45.0000 2543.2273   14.5474
    0.0000  -37.5000   45.0000 2569.1406   14.3023
    7.5000  -37.5000   45.0000 2551.7598   14.5254
   -7.5000  -30.0000   45.0000 2612.8564   13.7390
    0.0000  -30.0000   45.0000 2641.3152   13.5331
    7.5000  -30.0000   45.0000 2623.5129   13.7239
   -7.5000  -22.5000   45.0000 2659.9407   13.1842
    0.0000  -22.5000   45.0000 2686.5300   13.0164
    7.5000  -22.5000   45.0000 2671.1846   13.1709
   -7.5000  -15.0000   45.0000 2674.8291   12.9909
    0.0000  -15.0000   45.0000 2701.5784   12.8393
    7.5000  -15.0000   45.0000 2686.0801   12.9588
   -7.5000   -7.5000   45.0000 2643.1919   13.0646
    0.0000   -7.5000   45.0000 2673.3447   12.9208
    7.5000   -7.5000   45.0000 2660.0586   13.0478
   -7.5000    0.0000   45.0000 2591.2461   13.2694
    0.0000    0.0000   45.0000 2615.7097   13.1540
    7.5000    0.0000   45.0000 2605.1816   13.2807
   -7.5000    7.5000   45.0000 2525.8730   13.6296
    0.0000    7.5000   45.0000 2556.6594   13.5342
    7.5000    7.5000   45.0000 2544.4885   13.6480
   -7.5000   15.0000   45.0000 2441.9919   14.2054
    0.0000   15.0000   45.0000 2469.7756   14.1049
    7.5000   15.0000   45.0000 2460.6260   14.1929
   -7.5000   22.5000   45.0000 2336.5210   15.0708
    0.0000   22.5000   45.0000 2362.5337   14.9424
    7.5000   22.5000   45.0000 2351.0869   15.0207
   -7.5000   30.0000   45.0000 2214.1829   16.2844
    0.0000   30.0000   45.0000 2235.9858   16.1712
    7.5000   30.0000   45.0000 2229.9839   16.2227
   -7.5000   37.5000   45.0000 2085.2412   17.8922
    0.0000   37.5000   45.0000 2101.0066   17.7348
    7.5000   37.5000   45.0000 2096.6682   17.8241
   -7.5000   45.0000   45.0000 1949.6237   20.0166
    0.0000   45.0000   45.0000 1963.5938   19.8514
    7.5000   45.0000   45.0000 1961.3331   19.9679

---------------------------------------------------------------------
imgreg_4dfp /opt/freesurfer/average/711-2C_as_mni_average_305 /opt/freesurfer/average/711-2B_as_mni_average_305_mask talsrcimg_g11 none talsrcimg_to_711-2C_as_mni_average_305_t4 1283
---------------------------------------------------------------------

freesurfer imgreg_4dfp.c
/opt/freesurfer/average/711-2C_as_mni_average_305.4dfp.img
       256       256       256         1
  1.000000  1.000000  1.000000
orientation T byte_order littleendian
Reading image: /opt/freesurfer/average/711-2C_as_mni_average_305.4dfp.img
dimensions:      256       256       256
mmppix:       1.0000   -1.0000   -1.0000
center:     128.0000 -129.0000 -129.0000
/opt/freesurfer/average/711-2B_as_mni_average_305_mask.4dfp.img
       256       256       256         1
  1.000000  1.000000  1.000000
orientation T byte_order littleendian
Reading mask: /opt/freesurfer/average/711-2B_as_mni_average_305_mask.4dfp.img (2306576 pixels)
talsrcimg_g11.4dfp.img
       256       256       256         1
  1.000000  1.000000  1.000000
orientation T byte_order littleendian
Reading image: talsrcimg_g11.4dfp.img
dimensions:      256       256       256
mmppix:       1.0000   -1.0000   -1.0000
center:     128.0000 -129.0000 -129.0000
rotation matrix determinant  1.000000
fimgreg.f
image alignment mode   1283 decimal      503 hex
parameters
    0.0000   -7.5000    7.5000    0.0000    0.0000    0.0000
eta,q 0.93996 10.41279
niter,ni,del,rscale     5    3   12.0000    1.2000
parameters
    0.4463   -9.7923    9.4849   -2.1580   -0.4041   -2.7194
eta,q 0.94136 10.31289
  0.0714  0.0625  0.0654  0.0604  0.0638  0.0599
  0.0671  0.0604  0.0624  0.0599  0.0613  0.0589
  0.0634  0.0599  0.0614  0.0592  0.0598  0.0586
  0.0616  0.0612  0.0599  0.0594  0.0593  0.0593
  0.0620  0.0632  0.0594  0.0607  0.0605  0.0610
  0.0646  0.0653  0.0601  0.0633  0.0625  0.0631
  0.0695  0.0686  0.0610  0.0665  0.0648  0.0652
niter,ni,del,rscale     4    3   12.0000    1.2000
parameter  4  0.786250 ->  0.500000 qaram    1.1500
parameters
   -0.0017   -8.6598    8.8007   -5.6080   -1.5042   -3.9027
eta,q 0.94233 10.33113
  0.0673  0.0659  0.0608  0.0573  0.0627  0.0596
  0.0626  0.0619  0.0597  0.0582  0.0592  0.0585
  0.0593  0.0591  0.0587  0.0585  0.0576  0.0578
  0.0586  0.0585  0.0588  0.0586  0.0584  0.0577
  0.0607  0.0590  0.0595  0.0598  0.0608  0.0584
  0.0647  0.0592  0.0602  0.0617  0.0632  0.0601
  0.0701  0.0616  0.0621  0.0643  0.0653  0.0624
niter,ni,del,rscale     4    3   12.0000    1.2000
parameters
    0.4010   -5.9955    8.3753   -9.0480   -2.0623   -3.6737
eta,q 0.94499 10.36419
  0.0700  0.0649  0.0602  0.0559  0.0608  0.0588
  0.0646  0.0613  0.0572  0.0554  0.0573  0.0570
  0.0596  0.0591  0.0558  0.0554  0.0551  0.0557
  0.0577  0.0577  0.0560  0.0558  0.0554  0.0550
  0.0593  0.0564  0.0570  0.0575  0.0573  0.0553
  0.0625  0.0557  0.0588  0.0605  0.0597  0.0564
  0.0671  0.0582  0.0607  0.0635  0.0618  0.0584
niter,ni,del,rscale     3    3   12.0000    1.2000
parameters
    0.8124   -6.0359    8.5812   -9.0705   -2.3277   -3.5175
eta,q 0.94514 10.36230
  0.0682  0.0615  0.0595  0.0589  0.0610  0.0588
  0.0627  0.0574  0.0568  0.0562  0.0576  0.0569
  0.0573  0.0555  0.0555  0.0553  0.0550  0.0556
  0.0550  0.0550  0.0550  0.0550  0.0550  0.0549
  0.0563  0.0552  0.0551  0.0553  0.0567  0.0552
  0.0599  0.0576  0.0565  0.0564  0.0590  0.0565
  0.0655  0.0617  0.0589  0.0589  0.0611  0.0586
niter,ni,del,rscale     2    3   12.0000    1.2000
parameters
    0.9223   -6.0187    8.5541   -9.0634   -2.4170   -3.4633
eta,q 0.94515 10.36134
  0.0672  0.0615  0.0591  0.0589  0.0613  0.0587
  0.0615  0.0574  0.0565  0.0562  0.0578  0.0569
  0.0565  0.0555  0.0553  0.0553  0.0552  0.0555
  0.0549  0.0549  0.0549  0.0549  0.0549  0.0549
  0.0567  0.0551  0.0551  0.0552  0.0564  0.0553
  0.0607  0.0574  0.0567  0.0563  0.0587  0.0567
  0.0664  0.0616  0.0592  0.0589  0.0609  0.0587
niter,ni,del,rscale     1    3   12.0000    1.2000
parameters
    0.9645   -6.0208    8.5427   -9.0615   -2.4535   -3.4432
eta,q 0.94515 10.36075
  0.0670  0.0615  0.0592  0.0589  0.0614  0.0587
  0.0613  0.0574  0.0566  0.0562  0.0579  0.0569
  0.0564  0.0554  0.0553  0.0553  0.0552  0.0555
  0.0548  0.0549  0.0549  0.0549  0.0549  0.0548
  0.0569  0.0551  0.0551  0.0552  0.0564  0.0553
  0.0609  0.0574  0.0567  0.0563  0.0586  0.0567
  0.0666  0.0616  0.0592  0.0589  0.0608  0.0587
registration optimization eta report
parameter search radius
    6.0000    6.0000    6.0000    6.9000    6.0000    6.0000
100000*second partial in parameter space
       32.       19.       12.        9.       17.       11.
  0.0670  0.0615  0.0592  0.0589  0.0614  0.0587
  0.0613  0.0574  0.0566  0.0562  0.0579  0.0569
  0.0564  0.0554  0.0553  0.0553  0.0552  0.0555
  0.0548  0.0549  0.0549  0.0549  0.0549  0.0548
  0.0569  0.0551  0.0551  0.0552  0.0564  0.0553
  0.0609  0.0574  0.0567  0.0563  0.0586  0.0567
  0.0666  0.0616  0.0592  0.0589  0.0608  0.0587
    0.9645   -6.0208    8.5427   -9.0615   -2.4535   -3.4432
eta,q 0.94515 10.36075

---------------------------------------------------------------------
imgreg_4dfp /opt/freesurfer/average/711-2C_as_mni_average_305 /opt/freesurfer/average/711-2B_as_mni_average_305_mask talsrcimg_g11 none talsrcimg_to_711-2C_as_mni_average_305_t4 3335
---------------------------------------------------------------------

freesurfer imgreg_4dfp.c
/opt/freesurfer/average/711-2C_as_mni_average_305.4dfp.img
       256       256       256         1
  1.000000  1.000000  1.000000
orientation T byte_order littleendian
Reading image: /opt/freesurfer/average/711-2C_as_mni_average_305.4dfp.img
dimensions:      256       256       256
mmppix:       1.0000   -1.0000   -1.0000
center:     128.0000 -129.0000 -129.0000
/opt/freesurfer/average/711-2B_as_mni_average_305_mask.4dfp.img
       256       256       256         1
  1.000000  1.000000  1.000000
orientation T byte_order littleendian
Reading mask: /opt/freesurfer/average/711-2B_as_mni_average_305_mask.4dfp.img (2306576 pixels)
talsrcimg_g11.4dfp.img
       256       256       256         1
  1.000000  1.000000  1.000000
orientation T byte_order littleendian
Reading image: talsrcimg_g11.4dfp.img
dimensions:      256       256       256
mmppix:       1.0000   -1.0000   -1.0000
center:     128.0000 -129.0000 -129.0000
fimgreg.f
image alignment mode   3335 decimal      D07 hex
parameters
    0.9645   -6.0208    8.5427   -0.2720   -1.3858   -1.3385
    5.2580    5.1657   -6.0005   15.4671   -4.2809  -15.7350
eta,q 0.94781 10.44959
niter,ni,del,rscale     5    3    5.0000    1.2000
parameter  4  2.279781 ->  0.500000 qaram    1.1500
parameter  5  1.744240 ->  0.500000 qaram    1.1500
parameter  6  2.244842 ->  0.500000 qaram    1.1500
parameter 10  0.749129 ->  0.500000 qaram    1.1500
parameters
    0.5428   -6.2897    8.0295   -4.4120   -5.5258   -5.4785
    4.4968    5.5531   -3.5765   11.3271   -3.3027  -13.6689
eta,q 0.96210  9.81380
  0.0533  0.0533  0.0526  0.0457  0.0429  0.0375  0.0406  0.0438  0.0418  0.0379  0.0395  0.0392
  0.0526  0.0526  0.0522  0.0471  0.0442  0.0388  0.0398  0.0417  0.0406  0.0380  0.0388  0.0387
  0.0522  0.0522  0.0521  0.0493  0.0457  0.0411  0.0393  0.0401  0.0397  0.0383  0.0383  0.0382
  0.0522  0.0521  0.0521  0.0521  0.0476  0.0446  0.0393  0.0393  0.0392  0.0391  0.0380  0.0380
  0.0525  0.0524  0.0524  0.0552  0.0499  0.0484  0.0396  0.0395  0.0391  0.0404  0.0380  0.0379
  0.0533  0.0530  0.0527  0.0585  0.0528  0.0519  0.0403  0.0409  0.0392  0.0422  0.0383  0.0380
  0.0546  0.0540  0.0532  0.0621  0.0560  0.0558  0.0414  0.0432  0.0397  0.0446  0.0389  0.0383
niter,ni,del,rscale     7    3    5.0000    1.2000
parameter  4  0.691604 ->  0.500000 qaram    1.3225
parameter  5  4.217634 ->  0.500000 qaram    1.3225
parameter  6  0.599416 ->  0.500000 qaram    1.3225
parameters
    0.5502   -6.5694    7.5396   -9.1730  -10.2868  -10.2395
    4.1111    5.1407   -4.1925    9.9733   -3.9636  -15.5824
eta,q 0.96835  9.33677
  0.0407  0.0390  0.0388  0.0365  0.0305  0.0323  0.0336  0.0350  0.0332  0.0341  0.0324  0.0322
  0.0392  0.0383  0.0381  0.0360  0.0326  0.0319  0.0326  0.0331  0.0324  0.0327  0.0320  0.0318
  0.0382  0.0379  0.0378  0.0363  0.0344  0.0320  0.0320  0.0321  0.0319  0.0319  0.0318  0.0317
  0.0379  0.0379  0.0379  0.0378  0.0360  0.0332  0.0319  0.0319  0.0319  0.0318  0.0318  0.0317
  0.0382  0.0382  0.0383  0.0404  0.0377  0.0361  0.0322  0.0324  0.0322  0.0326  0.0319  0.0320
  0.0392  0.0387  0.0391  0.0436  0.0398  0.0406  0.0329  0.0336  0.0328  0.0341  0.0322  0.0325
  0.0407  0.0397  0.0401  0.0473  0.0428  0.0453  0.0340  0.0357  0.0337  0.0362  0.0327  0.0331
niter,ni,del,rscale     7    3    5.0000    1.2000
parameter  5  1.800847 ->  0.500000 qaram    1.5209
parameters
    0.6640   -7.5461    7.0838  -10.0679  -15.7620  -11.0195
    4.5020    5.3404   -3.8579    9.9195   -4.5577  -16.7609
eta,q 0.97222  9.15168
  0.0346  0.0319  0.0322  0.0343  0.0278  0.0312  0.0305  0.0311  0.0299  0.0319  0.0283  0.0286
  0.0331  0.0315  0.0317  0.0330  0.0276  0.0294  0.0292  0.0293  0.0288  0.0297  0.0280  0.0281
  0.0321  0.0314  0.0314  0.0320  0.0290  0.0282  0.0283  0.0281  0.0281  0.0283  0.0278  0.0278
  0.0316  0.0316  0.0314  0.0313  0.0315  0.0278  0.0279  0.0278  0.0278  0.0278  0.0278  0.0278
  0.0319  0.0322  0.0317  0.0315  0.0336  0.0276  0.0280  0.0282  0.0280  0.0284  0.0280  0.0281
  0.0327  0.0330  0.0323  0.0334  0.0356  0.0295  0.0288  0.0291  0.0286  0.0298  0.0282  0.0286
  0.0341  0.0340  0.0333  0.0365  0.0377  0.0338  0.0300  0.0307  0.0296  0.0320  0.0284  0.0293
niter,ni,del,rscale     7    3    5.0000    1.2000
parameters
    0.7917   -7.2794    7.0566   -9.1818  -19.0724  -10.5966
    4.4730    5.4940   -3.8291   10.5822   -5.0527  -16.8081
eta,q 0.97281  9.08095
  0.0307  0.0311  0.0289  0.0313  0.0300  0.0312  0.0294  0.0305  0.0287  0.0312  0.0278  0.0281
  0.0292  0.0293  0.0283  0.0298  0.0284  0.0294  0.0283  0.0286  0.0279  0.0291  0.0274  0.0276
  0.0282  0.0282  0.0279  0.0287  0.0273  0.0280  0.0275  0.0275  0.0274  0.0278  0.0272  0.0273
  0.0278  0.0278  0.0278  0.0278  0.0275  0.0273  0.0272  0.0272  0.0272  0.0272  0.0272  0.0272
  0.0280  0.0279  0.0279  0.0273  0.0300  0.0269  0.0274  0.0276  0.0274  0.0274  0.0274  0.0273
  0.0287  0.0287  0.0283  0.0282  0.0326  0.0279  0.0282  0.0285  0.0279  0.0284  0.0276  0.0276
  0.0302  0.0298  0.0290  0.0308  0.0348  0.0314  0.0295  0.0301  0.0287  0.0301  0.0279  0.0281
niter,ni,del,rscale     6    3    5.0000    1.2000
parameters
    0.8435   -6.4789    7.0939   -8.8814  -20.3562  -10.8863
    4.2825    5.5732   -3.6938   11.6177   -5.4951  -17.2325
eta,q 0.97303  9.02084
  0.0299  0.0308  0.0281  0.0301  0.0307  0.0304  0.0290  0.0301  0.0284  0.0307  0.0276  0.0277
  0.0285  0.0291  0.0275  0.0289  0.0290  0.0288  0.0280  0.0284  0.0276  0.0288  0.0272  0.0273
  0.0276  0.0279  0.0271  0.0279  0.0276  0.0276  0.0273  0.0273  0.0272  0.0276  0.0270  0.0270
  0.0272  0.0272  0.0269  0.0269  0.0269  0.0270  0.0270  0.0270  0.0270  0.0271  0.0270  0.0270
  0.0274  0.0269  0.0270  0.0266  0.0280  0.0268  0.0273  0.0274  0.0272  0.0271  0.0271  0.0271
  0.0282  0.0272  0.0274  0.0278  0.0307  0.0282  0.0281  0.0283  0.0276  0.0278  0.0274  0.0274
  0.0297  0.0279  0.0281  0.0306  0.0328  0.0320  0.0293  0.0299  0.0283  0.0293  0.0277  0.0279
niter,ni,del,rscale     5    3    5.0000    1.2000
parameters
    0.8954   -5.9814    6.9595   -8.9867  -21.3758  -11.3011
    4.1163    5.6829   -3.4622   12.7188   -6.0785  -17.2984
eta,q 0.97298  8.95789
  0.0295  0.0297  0.0278  0.0298  0.0306  0.0302  0.0290  0.0300  0.0283  0.0303  0.0276  0.0278
  0.0282  0.0283  0.0273  0.0286  0.0291  0.0287  0.0280  0.0284  0.0277  0.0287  0.0272  0.0274
  0.0273  0.0274  0.0270  0.0277  0.0278  0.0276  0.0274  0.0274  0.0273  0.0277  0.0270  0.0271
  0.0270  0.0270  0.0269  0.0269  0.0269  0.0271  0.0271  0.0271  0.0271  0.0271  0.0270  0.0270
  0.0272  0.0269  0.0270  0.0266  0.0276  0.0269  0.0274  0.0275  0.0272  0.0271  0.0272  0.0271
  0.0280  0.0273  0.0274  0.0280  0.0302  0.0283  0.0281  0.0283  0.0275  0.0277  0.0274  0.0274
  0.0294  0.0281  0.0282  0.0308  0.0325  0.0319  0.0292  0.0298  0.0282  0.0290  0.0277  0.0278
niter,ni,del,rscale     4    3    5.0000    1.2000
parameters
    0.9480   -5.4776    6.7169   -9.2926  -22.5704  -12.0279
    3.9230    5.8054   -3.0563   14.1197   -6.4792  -16.9580
eta,q 0.97292  8.86516
  0.0295  0.0295  0.0278  0.0295  0.0303  0.0299  0.0289  0.0299  0.0284  0.0302  0.0276  0.0279
  0.0282  0.0283  0.0273  0.0285  0.0290  0.0285  0.0281  0.0284  0.0278  0.0289  0.0273  0.0275
  0.0274  0.0274  0.0270  0.0277  0.0278  0.0276  0.0275  0.0275  0.0274  0.0279  0.0271  0.0272
  0.0270  0.0270  0.0269  0.0269  0.0270  0.0272  0.0272  0.0272  0.0273  0.0272  0.0271  0.0271
  0.0272  0.0270  0.0271  0.0267  0.0276  0.0272  0.0275  0.0276  0.0273  0.0271  0.0272  0.0271
  0.0280  0.0273  0.0276  0.0280  0.0301  0.0284  0.0281  0.0284  0.0276  0.0276  0.0274  0.0274
  0.0293  0.0280  0.0283  0.0307  0.0325  0.0319  0.0292  0.0297  0.0282  0.0289  0.0276  0.0277
niter,ni,del,rscale     3    3    5.0000    1.2000
parameters
    0.9964   -4.8269    6.2996   -9.8960  -24.1155  -13.1585
    3.6085    5.9357   -2.9899   15.7589   -5.8052  -16.5109
eta,q 0.97294  8.72499
  0.0293  0.0296  0.0276  0.0290  0.0299  0.0294  0.0287  0.0297  0.0283  0.0304  0.0276  0.0279
  0.0281  0.0284  0.0272  0.0281  0.0287  0.0282  0.0280  0.0283  0.0277  0.0291  0.0273  0.0275
  0.0274  0.0275  0.0270  0.0275  0.0277  0.0275  0.0274  0.0275  0.0274  0.0280  0.0271  0.0272
  0.0271  0.0271  0.0270  0.0270  0.0271  0.0272  0.0273  0.0273  0.0273  0.0273  0.0271  0.0271
  0.0273  0.0270  0.0272  0.0267  0.0277  0.0274  0.0275  0.0275  0.0274  0.0270  0.0271  0.0271
  0.0280  0.0272  0.0277  0.0279  0.0300  0.0285  0.0281  0.0282  0.0277  0.0275  0.0272  0.0273
  0.0292  0.0278  0.0284  0.0305  0.0327  0.0318  0.0290  0.0295  0.0283  0.0289  0.0274  0.0277
niter,ni,del,rscale     2    3    5.0000    1.2000
parameters
    1.0985   -4.1483    5.8005  -10.5257  -25.4412  -14.2071
    3.1130    6.1387   -3.4080   16.7609   -4.8218  -16.5140
eta,q 0.97305  8.59481
  0.0291  0.0296  0.0274  0.0285  0.0299  0.0292  0.0283  0.0294  0.0281  0.0303  0.0275  0.0277
  0.0280  0.0284  0.0271  0.0276  0.0286  0.0280  0.0277  0.0282  0.0275  0.0288  0.0272  0.0273
  0.0273  0.0275  0.0269  0.0272  0.0275  0.0272  0.0272  0.0274  0.0271  0.0277  0.0270  0.0270
  0.0271  0.0270  0.0269  0.0269  0.0269  0.0271  0.0271  0.0271  0.0271  0.0270  0.0269  0.0269
  0.0272  0.0269  0.0271  0.0266  0.0275  0.0274  0.0273  0.0273  0.0272  0.0270  0.0270  0.0271
  0.0277  0.0271  0.0276  0.0274  0.0296  0.0282  0.0279  0.0280  0.0277  0.0277  0.0271  0.0273
  0.0288  0.0278  0.0283  0.0298  0.0323  0.0311  0.0288  0.0292  0.0283  0.0292  0.0272  0.0277
niter,ni,del,rscale     1    3    5.0000    1.2000
parameters
    1.2475   -3.7707    5.4652  -10.6617  -26.0116  -14.7199
    2.8332    6.3107   -3.6191   17.1600   -4.7562  -16.7493
eta,q 0.97308  8.54527
  0.0289  0.0291  0.0276  0.0285  0.0302  0.0293  0.0283  0.0293  0.0281  0.0300  0.0274  0.0276
  0.0279  0.0280  0.0272  0.0275  0.0287  0.0280  0.0276  0.0281  0.0274  0.0285  0.0272  0.0272
  0.0272  0.0273  0.0269  0.0271  0.0276  0.0272  0.0271  0.0273  0.0271  0.0275  0.0270  0.0270
  0.0269  0.0269  0.0269  0.0269  0.0269  0.0270  0.0270  0.0270  0.0270  0.0270  0.0269  0.0269
  0.0270  0.0270  0.0271  0.0266  0.0271  0.0273  0.0271  0.0272  0.0271  0.0271  0.0270  0.0270
  0.0275  0.0273  0.0275  0.0271  0.0289  0.0279  0.0277  0.0279  0.0275  0.0280  0.0271  0.0273
  0.0285  0.0280  0.0281  0.0291  0.0315  0.0302  0.0286  0.0291  0.0282  0.0296  0.0274  0.0277
registration optimization eta report
parameter search radius
    2.4000    2.4000    2.4000    9.5220   10.9503    9.5220
    7.2000    7.2000    7.2000    8.2800    7.2000    7.2000
100000*second partial in parameter space
       30.       28.       16.        2.        3.        3.
        3.        4.        2.        4.        1.        1.
  0.0289  0.0291  0.0276  0.0285  0.0302  0.0293  0.0283  0.0293  0.0281  0.0300  0.0274  0.0276
  0.0279  0.0280  0.0272  0.0275  0.0287  0.0280  0.0276  0.0281  0.0274  0.0285  0.0272  0.0272
  0.0272  0.0273  0.0269  0.0271  0.0276  0.0272  0.0271  0.0273  0.0271  0.0275  0.0270  0.0270
  0.0269  0.0269  0.0269  0.0269  0.0269  0.0270  0.0270  0.0270  0.0270  0.0270  0.0269  0.0269
  0.0270  0.0270  0.0271  0.0266  0.0271  0.0273  0.0271  0.0272  0.0271  0.0271  0.0270  0.0270
  0.0275  0.0273  0.0275  0.0271  0.0289  0.0279  0.0277  0.0279  0.0275  0.0280  0.0271  0.0273
  0.0285  0.0280  0.0281  0.0291  0.0315  0.0302  0.0286  0.0291  0.0282  0.0296  0.0274  0.0277
    1.2475   -3.7707    5.4652  -10.6617  -26.0116  -14.7199
    2.8332    6.3107   -3.6191   17.1600   -4.7562  -16.7493
eta,q 0.97308  8.54527

---------------------------------------------------------------------
imgreg_4dfp /opt/freesurfer/average/711-2C_as_mni_average_305 /opt/freesurfer/average/711-2B_as_mni_average_305_mask talsrcimg_g11 none talsrcimg_to_711-2C_as_mni_average_305_t4 2311
---------------------------------------------------------------------

freesurfer imgreg_4dfp.c
/opt/freesurfer/average/711-2C_as_mni_average_305.4dfp.img
       256       256       256         1
  1.000000  1.000000  1.000000
orientation T byte_order littleendian
Reading image: /opt/freesurfer/average/711-2C_as_mni_average_305.4dfp.img
dimensions:      256       256       256
mmppix:       1.0000   -1.0000   -1.0000
center:     128.0000 -129.0000 -129.0000
/opt/freesurfer/average/711-2B_as_mni_average_305_mask.4dfp.img
       256       256       256         1
  1.000000  1.000000  1.000000
orientation T byte_order littleendian
Reading mask: /opt/freesurfer/average/711-2B_as_mni_average_305_mask.4dfp.img (2306576 pixels)
talsrcimg_g11.4dfp.img
       256       256       256         1
  1.000000  1.000000  1.000000
orientation T byte_order littleendian
Reading image: talsrcimg_g11.4dfp.img
dimensions:      256       256       256
mmppix:       1.0000   -1.0000   -1.0000
center:     128.0000 -129.0000 -129.0000
fimgreg.f
image alignment mode   2311 decimal      907 hex
parameters
    1.2475   -3.7707    5.4652  -10.6617  -26.0116  -14.7199
    2.8332    6.3107   -3.6191   17.1600   -4.7562  -16.7493
eta,q 0.97308  8.54527
niter,ni,del,rscale     5    3    5.0000    0.8000
parameter  4 -1.417964 -> -0.500000 qaram    1.1500
parameters
    1.3529   -3.6701    5.3104   -7.9017  -24.6656  -14.4341
    2.7043    6.4753   -3.9332   17.0968   -5.2675  -17.5217
eta,q 0.97343  8.72893
  0.0278  0.0277  0.0273  0.0272  0.0279  0.0273  0.0274  0.0279  0.0271  0.0276  0.0268  0.0268
  0.0273  0.0273  0.0271  0.0271  0.0274  0.0269  0.0270  0.0272  0.0268  0.0271  0.0267  0.0267
  0.0270  0.0270  0.0269  0.0270  0.0270  0.0267  0.0267  0.0267  0.0266  0.0267  0.0266  0.0266
  0.0269  0.0269  0.0269  0.0269  0.0267  0.0266  0.0266  0.0266  0.0266  0.0266  0.0266  0.0266
  0.0270  0.0270  0.0270  0.0268  0.0266  0.0267  0.0267  0.0267  0.0267  0.0267  0.0266  0.0267
  0.0272  0.0272  0.0272  0.0267  0.0267  0.0269  0.0270  0.0271  0.0269  0.0271  0.0267  0.0268
  0.0276  0.0275  0.0274  0.0267  0.0271  0.0271  0.0275  0.0277  0.0273  0.0277  0.0269  0.0271
niter,ni,del,rscale     5    3    5.0000    0.8000
parameters
    1.2781   -3.8323    5.3575   -8.9760  -24.5098  -14.1743
    3.0642    6.4284   -3.8514   17.2500   -5.2338  -17.6058
eta,q 0.97336  8.71173
  0.0274  0.0272  0.0270  0.0269  0.0276  0.0274  0.0275  0.0277  0.0273  0.0278  0.0269  0.0270
  0.0269  0.0268  0.0268  0.0268  0.0272  0.0270  0.0271  0.0271  0.0269  0.0272  0.0267  0.0268
  0.0267  0.0266  0.0266  0.0267  0.0269  0.0267  0.0268  0.0267  0.0267  0.0268  0.0267  0.0267
  0.0266  0.0266  0.0266  0.0266  0.0267  0.0266  0.0267  0.0266  0.0266  0.0266  0.0266  0.0266
  0.0267  0.0267  0.0266  0.0265  0.0267  0.0268  0.0267  0.0268  0.0267  0.0267  0.0267  0.0267
  0.0270  0.0270  0.0267  0.0270  0.0270  0.0270  0.0269  0.0272  0.0269  0.0271  0.0267  0.0268
  0.0276  0.0275  0.0270  0.0280  0.0276  0.0272  0.0273  0.0278  0.0272  0.0277  0.0269  0.0270
niter,ni,del,rscale     4    3    5.0000    0.7000
parameters
    1.3110   -3.8453    5.4330   -8.6020  -24.4343  -14.1263
    3.0142    6.4375   -3.9412   17.2541   -5.3361  -17.6986
eta,q 0.97340  8.73280
  0.0273  0.0272  0.0270  0.0270  0.0274  0.0271  0.0272  0.0275  0.0271  0.0274  0.0268  0.0269
  0.0270  0.0269  0.0268  0.0269  0.0270  0.0268  0.0269  0.0270  0.0268  0.0270  0.0267  0.0267
  0.0267  0.0267  0.0267  0.0268  0.0268  0.0266  0.0267  0.0267  0.0266  0.0267  0.0266  0.0266
  0.0266  0.0266  0.0266  0.0266  0.0266  0.0266  0.0266  0.0266  0.0266  0.0266  0.0266  0.0266
  0.0267  0.0267  0.0267  0.0265  0.0266  0.0267  0.0267  0.0267  0.0267  0.0267  0.0266  0.0266
  0.0269  0.0269  0.0268  0.0266  0.0269  0.0269  0.0269  0.0270  0.0268  0.0270  0.0267  0.0268
  0.0273  0.0272  0.0269  0.0270  0.0274  0.0270  0.0273  0.0275  0.0271  0.0275  0.0268  0.0269
niter,ni,del,rscale     3    3    5.0000    0.6000
parameters
    1.2946   -3.8622    5.4649   -8.1457  -24.3073  -14.1319
    3.0005    6.4471   -4.0013   17.2392   -5.4231  -17.7349
eta,q 0.97345  8.75586
  0.0271  0.0270  0.0269  0.0269  0.0272  0.0269  0.0270  0.0272  0.0269  0.0272  0.0267  0.0268
  0.0268  0.0268  0.0267  0.0268  0.0269  0.0267  0.0268  0.0269  0.0267  0.0268  0.0266  0.0267
  0.0267  0.0266  0.0266  0.0267  0.0267  0.0266  0.0266  0.0266  0.0266  0.0266  0.0266  0.0266
  0.0266  0.0266  0.0266  0.0266  0.0266  0.0266  0.0266  0.0266  0.0266  0.0266  0.0266  0.0266
  0.0267  0.0267  0.0266  0.0265  0.0266  0.0266  0.0266  0.0266  0.0266  0.0266  0.0266  0.0266
  0.0268  0.0268  0.0267  0.0266  0.0268  0.0268  0.0268  0.0269  0.0267  0.0268  0.0266  0.0267
  0.0271  0.0271  0.0268  0.0269  0.0272  0.0269  0.0271  0.0272  0.0269  0.0272  0.0267  0.0268
niter,ni,del,rscale     2    3    5.0000    0.5000
parameters
    1.2627   -3.8882    5.4646   -7.7393  -24.1821  -14.1830
    3.0083    6.4432   -4.0405   17.2040   -5.4097  -17.7675
eta,q 0.97348  8.77425
  0.0269  0.0269  0.0267  0.0268  0.0270  0.0268  0.0269  0.0270  0.0268  0.0269  0.0266  0.0267
  0.0267  0.0267  0.0266  0.0268  0.0268  0.0266  0.0267  0.0267  0.0266  0.0267  0.0266  0.0266
  0.0266  0.0266  0.0266  0.0267  0.0266  0.0265  0.0266  0.0266  0.0265  0.0266  0.0265  0.0265
  0.0265  0.0266  0.0266  0.0266  0.0265  0.0265  0.0265  0.0265  0.0265  0.0265  0.0265  0.0265
  0.0266  0.0266  0.0266  0.0265  0.0265  0.0266  0.0266  0.0266  0.0265  0.0266  0.0265  0.0265
  0.0267  0.0267  0.0266  0.0266  0.0267  0.0267  0.0267  0.0268  0.0266  0.0267  0.0266  0.0266
  0.0269  0.0269  0.0267  0.0268  0.0269  0.0268  0.0269  0.0270  0.0268  0.0270  0.0266  0.0267
niter,ni,del,rscale     1    3    5.0000    0.4000
parameters
    1.2213   -3.9139    5.4436   -7.3823  -24.0519  -14.3122
    2.9937    6.4125   -4.0452   17.1690   -5.3372  -17.7688
eta,q 0.97351  8.78695
  0.0267  0.0267  0.0266  0.0268  0.0268  0.0267  0.0267  0.0268  0.0267  0.0268  0.0266  0.0266
  0.0266  0.0266  0.0266  0.0267  0.0266  0.0266  0.0266  0.0266  0.0266  0.0266  0.0265  0.0265
  0.0265  0.0265  0.0265  0.0266  0.0265  0.0265  0.0265  0.0265  0.0265  0.0265  0.0265  0.0265
  0.0265  0.0265  0.0265  0.0265  0.0265  0.0265  0.0265  0.0265  0.0265  0.0265  0.0265  0.0265
  0.0265  0.0265  0.0265  0.0265  0.0265  0.0265  0.0265  0.0265  0.0265  0.0265  0.0265  0.0265
  0.0266  0.0266  0.0266  0.0265  0.0266  0.0266  0.0266  0.0266  0.0266  0.0266  0.0265  0.0265
  0.0268  0.0267  0.0266  0.0267  0.0268  0.0267  0.0267  0.0268  0.0267  0.0268  0.0266  0.0266
registration optimization eta report
parameter search radius
    0.8000    0.8000    0.8000    2.7600    2.4000    2.4000
    2.4000    2.4000    2.4000    2.4000    2.4000    2.4000
100000*second partial in parameter space
       38.       32.       18.        3.        5.        3.
        4.        6.        3.        5.        1.        2.
  0.0267  0.0267  0.0266  0.0268  0.0268  0.0267  0.0267  0.0268  0.0267  0.0268  0.0266  0.0266
  0.0266  0.0266  0.0266  0.0267  0.0266  0.0266  0.0266  0.0266  0.0266  0.0266  0.0265  0.0265
  0.0265  0.0265  0.0265  0.0266  0.0265  0.0265  0.0265  0.0265  0.0265  0.0265  0.0265  0.0265
  0.0265  0.0265  0.0265  0.0265  0.0265  0.0265  0.0265  0.0265  0.0265  0.0265  0.0265  0.0265
  0.0265  0.0265  0.0265  0.0265  0.0265  0.0265  0.0265  0.0265  0.0265  0.0265  0.0265  0.0265
  0.0266  0.0266  0.0266  0.0265  0.0266  0.0266  0.0266  0.0266  0.0266  0.0266  0.0265  0.0265
  0.0268  0.0267  0.0266  0.0267  0.0268  0.0267  0.0267  0.0268  0.0267  0.0268  0.0266  0.0266
    1.2213   -3.9139    5.4436   -7.3823  -24.0519  -14.3122
    2.9937    6.4125   -4.0452   17.1690   -5.3372  -17.7688
eta,q 0.97351  8.78695

---------------------------------------------------------------------
imgreg_4dfp /opt/freesurfer/average/711-2C_as_mni_average_305 /opt/freesurfer/average/711-2B_as_mni_average_305_mask talsrcimg_g11 none talsrcimg_to_711-2C_as_mni_average_305_t4 2311
---------------------------------------------------------------------

freesurfer imgreg_4dfp.c
/opt/freesurfer/average/711-2C_as_mni_average_305.4dfp.img
       256       256       256         1
  1.000000  1.000000  1.000000
orientation T byte_order littleendian
Reading image: /opt/freesurfer/average/711-2C_as_mni_average_305.4dfp.img
dimensions:      256       256       256
mmppix:       1.0000   -1.0000   -1.0000
center:     128.0000 -129.0000 -129.0000
/opt/freesurfer/average/711-2B_as_mni_average_305_mask.4dfp.img
       256       256       256         1
  1.000000  1.000000  1.000000
orientation T byte_order littleendian
Reading mask: /opt/freesurfer/average/711-2B_as_mni_average_305_mask.4dfp.img (2306576 pixels)
talsrcimg_g11.4dfp.img
       256       256       256         1
  1.000000  1.000000  1.000000
orientation T byte_order littleendian
Reading image: talsrcimg_g11.4dfp.img
dimensions:      256       256       256
mmppix:       1.0000   -1.0000   -1.0000
center:     128.0000 -129.0000 -129.0000
fimgreg.f
image alignment mode   2311 decimal      907 hex
parameters
    1.2213   -3.9139    5.4436   -7.3823  -24.0519  -14.3122
    2.9937    6.4125   -4.0452   17.1690   -5.3372  -17.7688
eta,q 0.97351  8.78696
niter,ni,del,rscale     5    3    5.0000    0.8000
parameters
    1.1662   -3.9463    5.3621   -8.3741  -24.3497  -13.9726
    3.1892    6.3590   -3.9610   17.1781   -5.2611  -17.6285
eta,q 0.97341  8.75193
  0.0274  0.0273  0.0269  0.0269  0.0274  0.0273  0.0274  0.0277  0.0272  0.0276  0.0268  0.0270
  0.0269  0.0268  0.0267  0.0268  0.0270  0.0269  0.0270  0.0271  0.0269  0.0271  0.0267  0.0268
  0.0266  0.0266  0.0265  0.0266  0.0267  0.0267  0.0267  0.0267  0.0267  0.0267  0.0266  0.0266
  0.0265  0.0265  0.0265  0.0265  0.0266  0.0266  0.0266  0.0266  0.0266  0.0266  0.0266  0.0266
  0.0266  0.0266  0.0266  0.0265  0.0267  0.0267  0.0267  0.0268  0.0266  0.0267  0.0266  0.0266
  0.0270  0.0269  0.0267  0.0270  0.0271  0.0269  0.0269  0.0271  0.0268  0.0271  0.0267  0.0268
  0.0276  0.0273  0.0270  0.0279  0.0279  0.0270  0.0273  0.0277  0.0272  0.0277  0.0268  0.0270
niter,ni,del,rscale     4    3    5.0000    0.7000
parameters
    1.2198   -3.8908    5.5115   -8.2107  -24.3982  -13.8881
    3.1091    6.3636   -4.0068   17.2000   -5.4325  -17.7134
eta,q 0.97343  8.75956
  0.0273  0.0272  0.0270  0.0269  0.0273  0.0271  0.0272  0.0275  0.0270  0.0274  0.0268  0.0269
  0.0269  0.0269  0.0268  0.0268  0.0270  0.0268  0.0269  0.0270  0.0268  0.0270  0.0266  0.0267
  0.0267  0.0267  0.0266  0.0267  0.0267  0.0266  0.0266  0.0267  0.0266  0.0267  0.0266  0.0266
  0.0266  0.0266  0.0266  0.0266  0.0266  0.0266  0.0266  0.0266  0.0266  0.0266  0.0266  0.0266
  0.0266  0.0266  0.0266  0.0265  0.0266  0.0267  0.0266  0.0267  0.0266  0.0266  0.0266  0.0266
  0.0268  0.0268  0.0267  0.0266  0.0269  0.0268  0.0269  0.0270  0.0268  0.0269  0.0267  0.0267
  0.0272  0.0271  0.0269  0.0270  0.0275  0.0270  0.0273  0.0275  0.0271  0.0274  0.0268  0.0269
niter,ni,del,rscale     3    3    5.0000    0.6000
parameters
    1.2246   -3.8861    5.5611   -7.7928  -24.3298  -13.8872
    3.0642    6.3944   -4.0268   17.1985   -5.4952  -17.7951
eta,q 0.97347  8.77833
  0.0271  0.0270  0.0268  0.0269  0.0271  0.0269  0.0270  0.0273  0.0269  0.0272  0.0267  0.0268
  0.0268  0.0268  0.0267  0.0268  0.0269  0.0267  0.0268  0.0268  0.0267  0.0268  0.0266  0.0266
  0.0266  0.0266  0.0266  0.0267  0.0266  0.0266  0.0266  0.0266  0.0266  0.0266  0.0265  0.0266
  0.0266  0.0266  0.0266  0.0266  0.0265  0.0265  0.0265  0.0265  0.0265  0.0265  0.0265  0.0265
  0.0266  0.0266  0.0266  0.0265  0.0266  0.0266  0.0266  0.0266  0.0266  0.0266  0.0266  0.0266
  0.0268  0.0268  0.0267  0.0266  0.0268  0.0267  0.0268  0.0269  0.0267  0.0268  0.0266  0.0266
  0.0271  0.0270  0.0268  0.0269  0.0272  0.0269  0.0271  0.0272  0.0269  0.0272  0.0267  0.0268
niter,ni,del,rscale     2    3    5.0000    0.5000
parameters
    1.1985   -3.9057    5.5683   -7.4932  -24.1999  -13.9382
    3.0540    6.3795   -4.0531   17.1845   -5.4518  -17.8146
eta,q 0.97350  8.79263
  0.0269  0.0268  0.0267  0.0268  0.0270  0.0268  0.0269  0.0270  0.0268  0.0269  0.0266  0.0267
  0.0267  0.0267  0.0266  0.0267  0.0267  0.0266  0.0267  0.0267  0.0266  0.0267  0.0265  0.0266
  0.0266  0.0266  0.0266  0.0266  0.0266  0.0265  0.0265  0.0265  0.0265  0.0266  0.0265  0.0265
  0.0265  0.0265  0.0265  0.0265  0.0265  0.0265  0.0265  0.0265  0.0265  0.0265  0.0265  0.0265
  0.0266  0.0266  0.0265  0.0265  0.0265  0.0266  0.0265  0.0266  0.0265  0.0265  0.0265  0.0265
  0.0267  0.0267  0.0266  0.0266  0.0267  0.0266  0.0267  0.0267  0.0266  0.0267  0.0266  0.0266
  0.0269  0.0269  0.0267  0.0268  0.0269  0.0268  0.0269  0.0270  0.0268  0.0270  0.0266  0.0267
niter,ni,del,rscale     1    3    5.0000    0.4000
parameters
    1.1647   -3.9316    5.5395   -7.2385  -24.0724  -14.0597
    3.0485    6.3541   -4.0593   17.1622   -5.3732  -17.8271
eta,q 0.97352  8.80205
  0.0267  0.0267  0.0266  0.0267  0.0268  0.0267  0.0267  0.0268  0.0267  0.0268  0.0266  0.0266
  0.0266  0.0266  0.0266  0.0267  0.0266  0.0266  0.0266  0.0266  0.0266  0.0266  0.0265  0.0265
  0.0265  0.0265  0.0265  0.0266  0.0265  0.0265  0.0265  0.0265  0.0265  0.0265  0.0265  0.0265
  0.0265  0.0265  0.0265  0.0265  0.0265  0.0265  0.0265  0.0265  0.0265  0.0265  0.0265  0.0265
  0.0265  0.0265  0.0265  0.0265  0.0265  0.0265  0.0265  0.0265  0.0265  0.0265  0.0265  0.0265
  0.0266  0.0266  0.0266  0.0265  0.0266  0.0266  0.0266  0.0266  0.0266  0.0266  0.0265  0.0265
  0.0268  0.0267  0.0266  0.0267  0.0268  0.0267  0.0267  0.0268  0.0267  0.0268  0.0266  0.0266
registration optimization eta report
parameter search radius
    0.8000    0.8000    0.8000    2.4000    2.4000    2.4000
    2.4000    2.4000    2.4000    2.4000    2.4000    2.4000
100000*second partial in parameter space
       40.       32.       19.        4.        5.        3.
        4.        6.        3.        5.        1.        2.
  0.0267  0.0267  0.0266  0.0267  0.0268  0.0267  0.0267  0.0268  0.0267  0.0268  0.0266  0.0266
  0.0266  0.0266  0.0266  0.0267  0.0266  0.0266  0.0266  0.0266  0.0266  0.0266  0.0265  0.0265
  0.0265  0.0265  0.0265  0.0266  0.0265  0.0265  0.0265  0.0265  0.0265  0.0265  0.0265  0.0265
  0.0265  0.0265  0.0265  0.0265  0.0265  0.0265  0.0265  0.0265  0.0265  0.0265  0.0265  0.0265
  0.0265  0.0265  0.0265  0.0265  0.0265  0.0265  0.0265  0.0265  0.0265  0.0265  0.0265  0.0265
  0.0266  0.0266  0.0266  0.0265  0.0266  0.0266  0.0266  0.0266  0.0266  0.0266  0.0265  0.0265
  0.0268  0.0267  0.0266  0.0267  0.0268  0.0267  0.0267  0.0268  0.0267  0.0268  0.0266  0.0266
    1.1647   -3.9316    5.5395   -7.2385  -24.0724  -14.0597
    3.0485    6.3541   -4.0593   17.1622   -5.3732  -17.8271
eta,q 0.97352  8.80205

---------------------------------------------------------------------
compute_vox2vox talsrcimg talsrcimg_to_711-2C_as_mni_average_305_t4 /opt/freesurfer/average/711-2C_as_mni_average_305
---------------------------------------------------------------------

freesurfer compute_vox2vox.c
Reading: talsrcimg.4dfp.ifh
Reading: talsrcimg_to_711-2C_as_mni_average_305_t4
Reading: /opt/freesurfer/average/711-2C_as_mni_average_305.4dfp.ifh
Writing: talsrcimg_to_711-2C_as_mni_average_305_t4_vox2vox.txt

start time Sun Mar 8 16:50:07 CET 2026
end		time Sun Mar 8 16:51:37 CET 2026

mpr2mni305 success

avi2talxfm orig_nu.mgz /opt/freesurfer/average/mni305.cor.mgz talsrcimg_to_711-2C_as_mni_average_305_t4_vox2vox.txt transforms/talairach.auto.xfm
avi2talxfm done
mv -f /out/sourcedata/freesurfer/sub-v1s13x0050053_ses-1/mri/talsrcimg_to_711-2C_as_mni_average_305_t4_vox2vox.txt /out/sourcedata/freesurfer/sub-v1s13x0050053_ses-1/mri/transforms/talsrcimg_to_711-2C_as_mni_average_305_t4_vox2vox.txt
lta_convert --src orig_nu.mgz --trg /opt/freesurfer/average/mni305.cor.mgz --inxfm transforms/talairach.auto.xfm --outlta transforms/talairach.auto.xfm.lta --subject fsaverage
7.3.2

--src: orig_nu.mgz src image (geometry).
--trg: /opt/freesurfer/average/mni305.cor.mgz trg image (geometry).
--inmni: transforms/talairach.auto.xfm input MNI/XFM transform.
--outlta: transforms/talairach.auto.xfm.lta output LTA.
--s: fsaverage subject name
 LTA read, type : 1
 1.07155  -0.06747  -0.05886  -7.02255;
 0.07535   1.10674   0.25683   7.07192;
 0.04026  -0.25377   1.25585   46.12230;
 0.00000   0.00000   0.00000   1.00000;
setting subject to fsaverage
Writing  LTA to file transforms/talairach.auto.xfm.lta...
lta_convert successful.
 
 
Started at Sun Mar 8 16:50:07 CET 2026
Ended   at Sun Mar  8 16:51:37 CET 2026
talairach_avi done
