/out/sourcedata/freesurfer/sub-v1s13x0050026_ses-1/mri
/opt/freesurfer/bin/talairach_avi
--i orig_nu.mgz --xfm transforms/talairach.auto.xfm
talairach_avi 7.3.2
Linux dna070 5.14.0-427.37.1.el9_4.x86_64 #1 SMP PREEMPT_DYNAMIC Fri Sep 13 12:41:50 EDT 2024 x86_64 x86_64 x86_64 GNU/Linux
Sun Mar  8 15:58:45 CET 2026
mri_convert orig_nu.mgz talsrcimg.img 
reading from orig_nu.mgz...
TR=0.00, TE=0.00, TI=0.00, flip angle=0.00
i_ras = (-1, 0, 0)
j_ras = (0, 0, -1)
k_ras = (0, 1, 0)
writing to talsrcimg.img...
Analyze Output Matrix
-1.00000   0.00000   0.00000   128.07220;
 0.00000   0.00000   1.00000  -127.94919;
 0.00000  -1.00000   0.00000   128.59798;
 0.00000   0.00000   0.00000   1.00000;
--------------------
INFO: set hdr.hist.orient to -1
mpr2mni305 talsrcimg
Sun Mar  8 15:58:45 CET 2026
/opt/freesurfer/bin/mpr2mni305 talsrcimg
mpr2mni305 7.3.2
target=711-2C_as_mni_average_305

---------------------------------------------------------------------
analyzeto4dfp talsrcimg -O0 -y
---------------------------------------------------------------------

freesurfer ifh2hdr.c
Sun Mar  8 15:58:45 2026
Writing: talsrcimg.4dfp.hdr
freesurfer analyzeto4dfp.c
Reading: talsrcimg.hdr
header size 348 bytes
hdr.dime.datatype	offset=70	value=2
hdr.dime.bitpix		offset=72	value=8
hdr.hist.orient		offset=252	value=-1
dimensionality     4
dimensions       256       256       256         1
Reading: talsrcimg.img
Writing: talsrcimg.4dfp.img
Writing: talsrcimg.4dfp.ifh
ifh2hdr talsrcimg -r0to217
ori=2

---------------------------------------------------------------------
gauss_4dfp talsrcimg 1.1
---------------------------------------------------------------------

freesurfer gauss_4dfp.c
Reading: talsrcimg.4dfp.img
Writing: talsrcimg_g11.4dfp.img
image dimensions 256 256 256 padded to 288 288 288
processing volume 1freesurfer ifh2hdr.c
Sun Mar  8 15:58:46 2026
Writing: talsrcimg_g11.4dfp.hdr

Writing: talsrcimg_g11.4dfp.ifh
including: talsrcimg.4dfp.img.rec in talsrcimg_g11.4dfp.img.rec

---------------------------------------------------------------------
imgreg_4dfp /opt/freesurfer/average/711-2C_as_mni_average_305 none talsrcimg_g11 none talsrcimg_to_711-2C_as_mni_average_305_t4 4355
---------------------------------------------------------------------

freesurfer imgreg_4dfp.c
/opt/freesurfer/average/711-2C_as_mni_average_305.4dfp.img
       256       256       256         1
  1.000000  1.000000  1.000000
orientation T byte_order littleendian
Reading image: /opt/freesurfer/average/711-2C_as_mni_average_305.4dfp.img
dimensions:      256       256       256
mmppix:       1.0000   -1.0000   -1.0000
center:     128.0000 -129.0000 -129.0000
talsrcimg_g11.4dfp.img
       256       256       256         1
  1.000000  1.000000  1.000000
orientation T byte_order littleendian
Reading image: talsrcimg_g11.4dfp.img
dimensions:      256       256       256
mmppix:       1.0000   -1.0000   -1.0000
center:     128.0000 -129.0000 -129.0000
t4_read: open error in t4_sub.f l:  41 t4_file(1:l)talsrcimg_to_711-2C_as_mni_average_305_t4 
t4_read: transform initialized to I4
rotation matrix determinant  1.000000
image alignment mode   4355 decimal     1103 hex
   -7.5000  -45.0000  -45.0000 9824.8447   14.4033
    0.0000  -45.0000  -45.000010282.1748   14.3918
    7.5000  -45.0000  -45.0000 9892.1182   14.3784
   -7.5000  -37.5000  -45.000010298.7969   14.4000
    0.0000  -37.5000  -45.000010787.5098   14.3901
    7.5000  -37.5000  -45.000010365.3779   14.3820
   -7.5000  -30.0000  -45.000011089.1885   14.3283
    0.0000  -30.0000  -45.000011632.3457   14.3190
    7.5000  -30.0000  -45.000011155.8467   14.3126
   -7.5000  -22.5000  -45.000011785.7119   14.2435
    0.0000  -22.5000  -45.000012359.3105   14.2332
    7.5000  -22.5000  -45.000011844.5283   14.2234
   -7.5000  -15.0000  -45.000012368.2002   14.1614
    0.0000  -15.0000  -45.000012966.1768   14.1497
    7.5000  -15.0000  -45.000012417.3184   14.1348
   -7.5000   -7.5000  -45.000012893.8320   14.1069
    0.0000   -7.5000  -45.000013487.7061   14.0944
    7.5000   -7.5000  -45.000012936.5576   14.0783
   -7.5000    0.0000  -45.000013296.5127   14.0810
    0.0000    0.0000  -45.000013904.6348   14.0691
    7.5000    0.0000  -45.000013339.1162   14.0565
   -7.5000    7.5000  -45.000012650.0586   14.1415
    0.0000    7.5000  -45.000013236.9639   14.1312
    7.5000    7.5000  -45.000012679.6836   14.1235
   -7.5000   15.0000  -45.000011924.3135   14.2477
    0.0000   15.0000  -45.000012499.9385   14.2385
    7.5000   15.0000  -45.000011955.8350   14.2320
   -7.5000   22.5000  -45.000011149.3535   14.3824
    0.0000   22.5000  -45.000011679.7744   14.3716
    7.5000   22.5000  -45.000011142.2344   14.3636
   -7.5000   30.0000  -45.000010362.8945   14.3861
    0.0000   30.0000  -45.000010840.2129   14.3751
    7.5000   30.0000  -45.000010318.1221   14.3642
   -7.5000   37.5000  -45.0000 9935.7021   14.6090
    0.0000   37.5000  -45.000010385.7900   14.5966
    7.5000   37.5000  -45.0000 9879.5967   14.5822
   -7.5000   45.0000  -45.0000 9173.4463   14.5538
    0.0000   45.0000  -45.0000 9596.3916   14.5426
    7.5000   45.0000  -45.0000 9103.8320   14.5322
   -7.5000  -45.0000  -37.500010396.5322   14.4301
    0.0000  -45.0000  -37.500010884.8545   14.4206
    7.5000  -45.0000  -37.500010459.3154   14.4088
   -7.5000  -37.5000  -37.500010897.4209   14.4277
    0.0000  -37.5000  -37.500011413.1709   14.4186
    7.5000  -37.5000  -37.500010966.3438   14.4115
   -7.5000  -30.0000  -37.500011726.5225   14.3540
    0.0000  -30.0000  -37.500012291.6270   14.3444
    7.5000  -30.0000  -37.500011801.7334   14.3391
   -7.5000  -22.5000  -37.500012455.6816   14.2666
    0.0000  -22.5000  -37.500013044.8496   14.2561
    7.5000  -22.5000  -37.500012516.9648   14.2474
   -7.5000  -15.0000  -37.500013065.2295   14.1833
    0.0000  -15.0000  -37.500013651.3574   14.1723
    7.5000  -15.0000  -37.500013107.7959   14.1591
   -7.5000   -7.5000  -37.500013595.6729   14.1283
    0.0000   -7.5000  -37.500014178.7852   14.1176
    7.5000   -7.5000  -37.500013614.8164   14.1034
   -7.5000    0.0000  -37.500013997.1416   14.1024
    0.0000    0.0000  -37.500014613.3330   14.0925
    7.5000    0.0000  -37.500014019.7949   14.0814
   -7.5000    7.5000  -37.500013313.6484   14.1639
    0.0000    7.5000  -37.500013917.8145   14.1545
    7.5000    7.5000  -37.500013338.7822   14.1477
   -7.5000   15.0000  -37.500012523.2998   14.2683
    0.0000   15.0000  -37.500013098.4883   14.2587
    7.5000   15.0000  -37.500012548.9316   14.2532
   -7.5000   22.5000  -37.500011679.0547   14.4015
    0.0000   22.5000  -37.500012207.2578   14.3903
    7.5000   22.5000  -37.500011668.0859   14.3830
   -7.5000   30.0000  -37.500010819.5879   14.4047
    0.0000   30.0000  -37.500011301.5107   14.3940
    7.5000   30.0000  -37.500010787.8545   14.3836
   -7.5000   37.5000  -37.500010354.1660   14.6283
    0.0000   37.5000  -37.500010804.3096   14.6169
    7.5000   37.5000  -37.500010302.2598   14.6032
   -7.5000   45.0000  -37.5000 9551.4785   14.5726
    0.0000   45.0000  -37.5000 9954.3271   14.5618
    7.5000   45.0000  -37.5000 9466.6738   14.5516
   -7.5000  -45.0000  -30.000011155.5469   14.9991
    0.0000  -45.0000  -30.000011686.8301   14.9894
    7.5000  -45.0000  -30.000011205.4521   14.9784
   -7.5000  -37.5000  -30.000011688.7910   14.9983
    0.0000  -37.5000  -30.000012228.7881   14.9875
    7.5000  -37.5000  -30.000011749.9678   14.9798
   -7.5000  -30.0000  -30.000012582.1426   14.9238
    0.0000  -30.0000  -30.000013151.5840   14.9102
    7.5000  -30.0000  -30.000012641.4453   14.9019
   -7.5000  -22.5000  -30.000013380.8223   14.8304
    0.0000  -22.5000  -30.000013962.8320   14.8149
    7.5000  -22.5000  -30.000013404.1123   14.8026
   -7.5000  -15.0000  -30.000014003.7373   14.7378
    0.0000  -15.0000  -30.000014605.5215   14.7232
    7.5000  -15.0000  -30.000014001.2705   14.7079
   -7.5000   -7.5000  -30.000014554.9453   14.6759
    0.0000   -7.5000  -30.000015161.4785   14.6642
    7.5000   -7.5000  -30.000014547.1504   14.6500
   -7.5000    0.0000  -30.000014955.7109   14.6487
    0.0000    0.0000  -30.000015625.6611   14.6388
    7.5000    0.0000  -30.000014942.4980   14.6284
   -7.5000    7.5000  -30.000014237.2363   14.7166
    0.0000    7.5000  -30.000014904.4922   14.7057
    7.5000    7.5000  -30.000014253.7021   14.6984
   -7.5000   15.0000  -30.000013382.1768   14.8295
    0.0000   15.0000  -30.000014001.3291   14.8160
    7.5000   15.0000  -30.000013384.3232   14.8076
   -7.5000   22.5000  -30.000012451.0547   14.9657
    0.0000   22.5000  -30.000013010.3623   14.9499
    7.5000   22.5000  -30.000012428.3662   14.9388
   -7.5000   30.0000  -30.000011506.4463   14.9644
    0.0000   30.0000  -30.000012012.0889   14.9500
    7.5000   30.0000  -30.000011472.7275   14.9367
   -7.5000   37.5000  -30.000010971.6846   15.1925
    0.0000   37.5000  -30.000011454.9453   15.1804
    7.5000   37.5000  -30.000010946.7393   15.1659
   -7.5000   45.0000  -30.000010100.6943   15.1424
    0.0000   45.0000  -30.000010513.2314   15.1319
    7.5000   45.0000  -30.000010023.2959   15.1221
   -7.5000  -45.0000  -22.500011876.6318   15.4758
    0.0000  -45.0000  -22.500012443.6768   15.4638
    7.5000  -45.0000  -22.500011898.2949   15.4521
   -7.5000  -37.5000  -22.500012426.1660   15.4785
    0.0000  -37.5000  -22.500013010.7744   15.4650
    7.5000  -37.5000  -22.500012466.5059   15.4554
   -7.5000  -30.0000  -22.500013383.2939   15.4085
    0.0000  -30.0000  -22.500013991.3398   15.3908
    7.5000  -30.0000  -22.500013411.5869   15.3782
   -7.5000  -22.5000  -22.500014218.5723   15.3134
    0.0000  -22.5000  -22.500014847.2930   15.2931
    7.5000  -22.5000  -22.500014234.4531   15.2755
   -7.5000  -15.0000  -22.500014887.3320   15.2124
    0.0000  -15.0000  -22.500015544.3418   15.1934
    7.5000  -15.0000  -22.500014889.0977   15.1742
   -7.5000   -7.5000  -22.500015463.2480   15.1422
    0.0000   -7.5000  -22.500016129.6689   15.1271
    7.5000   -7.5000  -22.500015430.0654   15.1112
   -7.5000    0.0000  -22.500015899.2920   15.1120
    0.0000    0.0000  -22.500016602.8555   15.1000
    7.5000    0.0000  -22.500015855.0518   15.0890
   -7.5000    7.5000  -22.500015128.3633   15.1867
    0.0000    7.5000  -22.500015846.3330   15.1733
    7.5000    7.5000  -22.500015097.8750   15.1642
   -7.5000   15.0000  -22.500014178.2490   15.3115
    0.0000   15.0000  -22.500014851.0400   15.2943
    7.5000   15.0000  -22.500014137.6885   15.2818
   -7.5000   22.5000  -22.500013153.0596   15.4524
    0.0000   22.5000  -22.500013763.4727   15.4323
    7.5000   22.5000  -22.500013097.0586   15.4162
   -7.5000   30.0000  -22.500012120.2383   15.4467
    0.0000   30.0000  -22.500012674.4453   15.4282
    7.5000   30.0000  -22.500012068.4268   15.4113
   -7.5000   37.5000  -22.500011568.0518   15.6759
    0.0000   37.5000  -22.500012086.7031   15.6619
    7.5000   37.5000  -22.500011525.6963   15.6461
   -7.5000   45.0000  -22.500010611.7871   15.6327
    0.0000   45.0000  -22.500011058.6582   15.6221
    7.5000   45.0000  -22.500010551.3008   15.6128
   -7.5000  -45.0000  -15.000012528.3438   15.8216
    0.0000  -45.0000  -15.000013141.3682   15.8070
    7.5000  -45.0000  -15.000012572.7080   15.7938
   -7.5000  -37.5000  -15.000013116.6201   15.8243
    0.0000  -37.5000  -15.000013735.2842   15.8093
    7.5000  -37.5000  -15.000013156.4629   15.7982
   -7.5000  -30.0000  -15.000014134.8975   15.7560
    0.0000  -30.0000  -15.000014764.1924   15.7374
    7.5000  -30.0000  -15.000014150.6250   15.7230
   -7.5000  -22.5000  -15.000015007.4092   15.6613
    0.0000  -22.5000  -15.000015694.0879   15.6398
    7.5000  -22.5000  -15.000015048.4141   15.6199
   -7.5000  -15.0000  -15.000015738.2959   15.5570
    0.0000  -15.0000  -15.000016458.7676   15.5359
    7.5000  -15.0000  -15.000015763.4902   15.5143
   -7.5000   -7.5000  -15.000016316.0889   15.4818
    0.0000   -7.5000  -15.000017048.1875   15.4639
    7.5000   -7.5000  -15.000016301.1396   15.4460
   -7.5000    0.0000  -15.000016749.5078   15.4481
    0.0000    0.0000  -15.000017499.2305   15.4336
    7.5000    0.0000  -15.000016684.5273   15.4212
   -7.5000    7.5000  -15.000015925.2168   15.5249
    0.0000    7.5000  -15.000016637.0840   15.5101
    7.5000    7.5000  -15.000015850.2725   15.4997
   -7.5000   15.0000  -15.000014891.8682   15.6569
    0.0000   15.0000  -15.000015558.6660   15.6390
    7.5000   15.0000  -15.000014830.9199   15.6249
   -7.5000   22.5000  -15.000013820.3145   15.8032
    0.0000   22.5000  -15.000014413.1113   15.7821
    7.5000   22.5000  -15.000013765.2051   15.7643
   -7.5000   30.0000  -15.000012752.6992   15.7998
    0.0000   30.0000  -15.000013286.2109   15.7798
    7.5000   30.0000  -15.000012667.6250   15.7616
   -7.5000   37.5000  -15.000012156.6943   16.0306
    0.0000   37.5000  -15.000012694.5723   16.0148
    7.5000   37.5000  -15.000012077.8682   15.9981
   -7.5000   45.0000  -15.000011137.4844   15.9929
    0.0000   45.0000  -15.000011641.2324   15.9813
    7.5000   45.0000  -15.000011048.7510   15.9720
   -7.5000  -45.0000   -7.500013162.8799   16.0010
    0.0000  -45.0000   -7.500013828.5146   15.9862
    7.5000  -45.0000   -7.500013250.1904   15.9713
   -7.5000  -37.5000   -7.500013776.8896   15.9976
    0.0000  -37.5000   -7.500014471.8789   15.9841
    7.5000  -37.5000   -7.500013849.6201   15.9731
   -7.5000  -30.0000   -7.500014837.5273   15.9222
    0.0000  -30.0000   -7.500015548.0156   15.9076
    7.5000  -30.0000   -7.500014886.9961   15.8960
   -7.5000  -22.5000   -7.500015772.5986   15.8266
    0.0000  -22.5000   -7.500016555.0059   15.8100
    7.5000  -22.5000   -7.500015817.7334   15.7935
   -7.5000  -15.0000   -7.500016573.5352   15.7266
    0.0000  -15.0000   -7.500017393.8672   15.7090
    7.5000  -15.0000   -7.500016611.4688   15.6887
   -7.5000   -7.5000   -7.500017245.3184   15.6557
    0.0000   -7.5000   -7.500018080.1758   15.6388
    7.5000   -7.5000   -7.500017240.7266   15.6198
   -7.5000    0.0000   -7.500017702.4004   15.6218
    0.0000    0.0000   -7.500018493.1465   15.6069
    7.5000    0.0000   -7.500017632.0879   15.5929
   -7.5000    7.5000   -7.500016819.1230   15.6939
    0.0000    7.5000   -7.500017550.3242   15.6804
    7.5000    7.5000   -7.500016727.4277   15.6701
   -7.5000   15.0000   -7.500015732.4199   15.8212
    0.0000   15.0000   -7.500016445.4336   15.8072
    7.5000   15.0000   -7.500015659.6934   15.7957
   -7.5000   22.5000   -7.500014552.2285   15.9680
    0.0000   22.5000   -7.500015269.7139   15.9513
    7.5000   22.5000   -7.500014509.1338   15.9372
   -7.5000   30.0000   -7.500013376.5752   15.9745
    0.0000   30.0000   -7.500014077.9941   15.9580
    7.5000   30.0000   -7.500013325.6201   15.9422
   -7.5000   37.5000   -7.500012745.5449   16.2118
    0.0000   37.5000   -7.500013418.5879   16.1963
    7.5000   37.5000   -7.500012678.8926   16.1795
   -7.5000   45.0000   -7.500011655.8389   16.1774
    0.0000   45.0000   -7.500012260.8018   16.1651
    7.5000   45.0000   -7.500011577.4727   16.1545
   -7.5000  -45.0000    0.000013696.0537   16.0309
    0.0000  -45.0000    0.000014421.2334   16.0181
    7.5000  -45.0000    0.000013791.9404   16.0032
   -7.5000  -37.5000    0.000014346.0391   16.0220
    0.0000  -37.5000    0.000015073.4238   16.0109
    7.5000  -37.5000    0.000014418.8018   16.0017
   -7.5000  -30.0000    0.000015450.6836   15.9377
    0.0000  -30.0000    0.000016198.6289   15.9273
    7.5000  -30.0000    0.000015516.2412   15.9201
   -7.5000  -22.5000    0.000016432.1582   15.8393
    0.0000  -22.5000    0.000017224.1758   15.8278
    7.5000  -22.5000    0.000016491.1797   15.8167
   -7.5000  -15.0000    0.000017304.4551   15.7445
    0.0000  -15.0000    0.000018217.2070   15.7315
    7.5000  -15.0000    0.000017360.5234   15.7149
   -7.5000   -7.5000    0.000018061.7695   15.6810
    0.0000   -7.5000    0.000019177.4395   15.6671
    7.5000   -7.5000    0.000018137.4473   15.6493
   -7.5000    0.0000    0.000018534.9844   15.6499
    0.0000    0.0000    0.000019663.4219   15.6368
    7.5000    0.0000    0.000018572.8691   15.6227
   -7.5000    7.5000    0.000017567.8652   15.7171
    0.0000    7.5000    0.000018559.1777   15.7058
    7.5000    7.5000    0.000017554.8848   15.6971
   -7.5000   15.0000    0.000016385.2285   15.8352
    0.0000   15.0000    0.000017292.5273   15.8250
    7.5000   15.0000    0.000016347.7119   15.8176
   -7.5000   22.5000    0.000015153.1104   15.9793
    0.0000   22.5000    0.000016025.2793   15.9673
    7.5000   22.5000    0.000015092.9941   15.9584
   -7.5000   30.0000    0.000013922.4580   15.9938
    0.0000   30.0000    0.000014717.9131   15.9816
    7.5000   30.0000    0.000013864.2383   15.9694
   -7.5000   37.5000    0.000013268.2510   16.2377
    0.0000   37.5000    0.000013999.1914   16.2240
    7.5000   37.5000    0.000013202.6377   16.2081
   -7.5000   45.0000    0.000012126.6211   16.2052
    0.0000   45.0000    0.000012764.2832   16.1928
    7.5000   45.0000    0.000012037.4639   16.1812
   -7.5000  -45.0000    7.500013165.0498   16.0882
    0.0000  -45.0000    7.500013812.6719   16.0775
    7.5000  -45.0000    7.500013230.4844   16.0644
   -7.5000  -37.5000    7.500013783.6875   16.0821
    0.0000  -37.5000    7.500014459.0039   16.0719
    7.5000  -37.5000    7.500013855.1299   16.0640
   -7.5000  -30.0000    7.500014895.7783   15.9972
    0.0000  -30.0000    7.500015622.1777   15.9865
    7.5000  -30.0000    7.500014960.6221   15.9805
   -7.5000  -22.5000    7.500015871.9990   15.8977
    0.0000  -22.5000    7.500016677.6777   15.8860
    7.5000  -22.5000    7.500015933.1104   15.8762
   -7.5000  -15.0000    7.500016697.3105   15.8037
    0.0000  -15.0000    7.500017685.0176   15.7915
    7.5000  -15.0000    7.500016775.0469   15.7768
   -7.5000   -7.5000    7.500017382.8457   15.7420
    0.0000   -7.5000    7.500018541.7910   15.7301
    7.5000   -7.5000    7.500017462.9727   15.7145
   -7.5000    0.0000    7.500017739.4316   15.7131
    0.0000    0.0000    7.500018891.0723   15.7021
    7.5000    0.0000    7.500017786.6172   15.6898
   -7.5000    7.5000    7.500016775.0762   15.7811
    0.0000    7.5000    7.500017819.0820   15.7707
    7.5000    7.5000    7.500016798.7832   15.7631
   -7.5000   15.0000    7.500015663.2979   15.8968
    0.0000   15.0000    7.500016600.4727   15.8861
    7.5000   15.0000    7.500015654.3203   15.8798
   -7.5000   22.5000    7.500014505.7852   16.0393
    0.0000   22.5000    7.500015346.9395   16.0269
    7.5000   22.5000    7.500014472.6846   16.0187
   -7.5000   30.0000    7.500013369.6689   16.0536
    0.0000   30.0000    7.500014089.2432   16.0417
    7.5000   30.0000    7.500013294.6572   16.0302
   -7.5000   37.5000    7.500012737.4414   16.3018
    0.0000   37.5000    7.500013396.9639   16.2891
    7.5000   37.5000    7.500012642.2383   16.2739
   -7.5000   45.0000    7.500011615.5791   16.2700
    0.0000   45.0000    7.500012210.9395   16.2581
    7.5000   45.0000    7.500011523.3623   16.2467
   -7.5000  -45.0000   15.000012520.8154   16.1481
    0.0000  -45.0000   15.000013123.2139   16.1383
    7.5000  -45.0000   15.000012565.2100   16.1267
   -7.5000  -37.5000   15.000013110.3145   16.1494
    0.0000  -37.5000   15.000013757.9541   16.1385
    7.5000  -37.5000   15.000013183.7363   16.1304
   -7.5000  -30.0000   15.000014164.9102   16.0713
    0.0000  -30.0000   15.000014876.6436   16.0573
    7.5000  -30.0000   15.000014236.1162   16.0487
   -7.5000  -22.5000   15.000015114.2725   15.9728
    0.0000  -22.5000   15.000015888.2041   15.9568
    7.5000  -22.5000   15.000015167.4521   15.9439
   -7.5000  -15.0000   15.000015901.6221   15.8751
    0.0000  -15.0000   15.000016848.4160   15.8601
    7.5000  -15.0000   15.000015971.0049   15.8438
   -7.5000   -7.5000   15.000016520.8145   15.8081
    0.0000   -7.5000   15.000017502.1016   15.7961
    7.5000   -7.5000   15.000016573.4785   15.7810
   -7.5000    0.0000   15.000016866.9531   15.7788
    0.0000    0.0000   15.000017760.9609   15.7688
    7.5000    0.0000   15.000016852.7598   15.7578
   -7.5000    7.5000   15.000015971.8350   15.8525
    0.0000    7.5000   15.000016769.7539   15.8414
    7.5000    7.5000   15.000015931.1016   15.8337
   -7.5000   15.0000   15.000014944.9092   15.9744
    0.0000   15.0000   15.000015660.0723   15.9607
    7.5000   15.0000   15.000014871.5557   15.9519
   -7.5000   22.5000   15.000013811.7031   16.1170
    0.0000   22.5000   15.000014492.6211   16.1008
    7.5000   22.5000   15.000013753.1426   16.0890
   -7.5000   30.0000   15.000012693.1611   16.1224
    0.0000   30.0000   15.000013292.1455   16.1075
    7.5000   30.0000   15.000012623.6191   16.0933
   -7.5000   37.5000   15.000012087.2812   16.3660
    0.0000   37.5000   15.000012640.9912   16.3536
    7.5000   37.5000   15.000011992.1641   16.3381
   -7.5000   45.0000   15.000011005.7607   16.3318
    0.0000   45.0000   15.000011541.0781   16.3210
    7.5000   45.0000   15.000010937.5762   16.3106
   -7.5000  -45.0000   22.500011788.9766   16.2596
    0.0000  -45.0000   22.500012330.2305   16.2485
    7.5000  -45.0000   22.500011826.9668   16.2365
   -7.5000  -37.5000   22.500012345.5664   16.2663
    0.0000  -37.5000   22.500012914.3965   16.2534
    7.5000  -37.5000   22.500012375.9717   16.2437
   -7.5000  -30.0000   22.500013316.3779   16.1978
    0.0000  -30.0000   22.500013927.6348   16.1805
    7.5000  -30.0000   22.500013331.2227   16.1677
   -7.5000  -22.5000   22.500014209.7803   16.1026
    0.0000  -22.5000   22.500014880.8350   16.0826
    7.5000  -22.5000   22.500014222.9141   16.0644
   -7.5000  -15.0000   22.500014957.5293   16.0008
    0.0000  -15.0000   22.500015770.0303   15.9820
    7.5000  -15.0000   22.500015008.6221   15.9621
   -7.5000   -7.5000   22.500015536.7998   15.9260
    0.0000   -7.5000   22.500016346.9609   15.9114
    7.5000   -7.5000   22.500015558.2441   15.8948
   -7.5000    0.0000   22.500015838.9072   15.8939
    0.0000    0.0000   22.500016603.8984   15.8826
    7.5000    0.0000   22.500015824.2451   15.8712
   -7.5000    7.5000   22.500015008.3955   15.9721
    0.0000    7.5000   22.500015728.4238   15.9593
    7.5000    7.5000   22.500014973.8047   15.9501
   -7.5000   15.0000   22.500014058.2510   16.1027
    0.0000   15.0000   22.500014725.8926   16.0859
    7.5000   15.0000   22.500013972.9707   16.0732
   -7.5000   22.5000   22.500013019.9053   16.2470
    0.0000   22.5000   22.500013616.7158   16.2271
    7.5000   22.5000   22.500012920.1113   16.2105
   -7.5000   30.0000   22.500011952.3203   16.2438
    0.0000   30.0000   22.500012491.6348   16.2255
    7.5000   30.0000   22.500011864.1104   16.2079
   -7.5000   37.5000   22.500011359.9492   16.4824
    0.0000   37.5000   22.500011871.2461   16.4687
    7.5000   37.5000   22.500011262.8652   16.4523
   -7.5000   45.0000   22.500010332.4629   16.4477
    0.0000   45.0000   22.500010813.3799   16.4375
    7.5000   45.0000   22.500010256.6152   16.4280
   -7.5000  -45.0000   30.000010964.8467   16.4463
    0.0000  -45.0000   30.000011430.4873   16.4330
    7.5000  -45.0000   30.000010974.3994   16.4198
   -7.5000  -37.5000   30.000011443.4668   16.4535
    0.0000  -37.5000   30.000011947.3213   16.4395
    7.5000  -37.5000   30.000011460.8584   16.4287
   -7.5000  -30.0000   30.000012327.9180   16.3897
    0.0000  -30.0000   30.000012873.1396   16.3721
    7.5000  -30.0000   30.000012325.9170   16.3577
   -7.5000  -22.5000   30.000013160.5508   16.2985
    0.0000  -22.5000   30.000013748.1807   16.2778
    7.5000  -22.5000   30.000013159.7393   16.2578
   -7.5000  -15.0000   30.000013885.0889   16.1969
    0.0000  -15.0000   30.000014528.1250   16.1766
    7.5000  -15.0000   30.000013891.0586   16.1546
   -7.5000   -7.5000   30.000014413.8330   16.1182
    0.0000   -7.5000   30.000015055.1172   16.1011
    7.5000   -7.5000   30.000014396.0420   16.0829
   -7.5000    0.0000   30.000014690.3838   16.0825
    0.0000    0.0000   30.000015338.8525   16.0688
    7.5000    0.0000   30.000014650.1045   16.0564
   -7.5000    7.5000   30.000013924.1445   16.1607
    0.0000    7.5000   30.000014546.6016   16.1467
    7.5000    7.5000   30.000013885.2510   16.1364
   -7.5000   15.0000   30.000013020.0146   16.2961
    0.0000   15.0000   30.000013600.7295   16.2791
    7.5000   15.0000   30.000012967.2891   16.2651
   -7.5000   22.5000   30.000012072.9502   16.4446
    0.0000   22.5000   30.000012597.8232   16.4243
    7.5000   22.5000   30.000011997.9668   16.4065
   -7.5000   30.0000   30.000011089.3467   16.4417
    0.0000   30.0000   30.000011585.1787   16.4225
    7.5000   30.0000   30.000011017.4434   16.4041
   -7.5000   37.5000   30.000010547.2070   16.6809
    0.0000   37.5000   30.000011015.7158   16.6658
    7.5000   37.5000   30.000010482.0322   16.6489
   -7.5000   45.0000   30.0000 9587.9902   16.6473
    0.0000   45.0000   30.000010023.6904   16.6365
    7.5000   45.0000   30.0000 9539.6250   16.6274
   -7.5000  -45.0000   37.500010497.4219   16.7276
    0.0000  -45.0000   37.500010938.4629   16.7138
    7.5000  -45.0000   37.500010502.1123   16.7004
   -7.5000  -37.5000   37.500010958.5967   16.7290
    0.0000  -37.5000   37.500011422.4512   16.7164
    7.5000  -37.5000   37.500010962.1279   16.7072
   -7.5000  -30.0000   37.500011792.3496   16.6594
    0.0000  -30.0000   37.500012303.4512   16.6458
    7.5000  -30.0000   37.500011802.5449   16.6360
   -7.5000  -22.5000   37.500012591.6191   16.5689
    0.0000  -22.5000   37.500013151.0693   16.5535
    7.5000  -22.5000   37.500012607.2402   16.5384
   -7.5000  -15.0000   37.500013264.7656   16.4733
    0.0000  -15.0000   37.500013846.6592   16.4568
    7.5000  -15.0000   37.500013272.6963   16.4375
   -7.5000   -7.5000   37.500013763.0547   16.3997
    0.0000   -7.5000   37.500014340.8467   16.3836
    7.5000   -7.5000   37.500013739.9092   16.3656
   -7.5000    0.0000   37.500014029.1836   16.3627
    0.0000    0.0000   37.500014617.1699   16.3485
    7.5000    0.0000   37.500013996.4688   16.3358
   -7.5000    7.5000   37.500013298.0283   16.4352
    0.0000    7.5000   37.500013860.7422   16.4224
    7.5000    7.5000   37.500013287.7725   16.4137
   -7.5000   15.0000   37.500012442.2695   16.5659
    0.0000   15.0000   37.500012967.4385   16.5529
    7.5000   15.0000   37.500012405.3086   16.5431
   -7.5000   22.5000   37.500011516.5938   16.7180
    0.0000   22.5000   37.500012001.0283   16.7025
    7.5000   22.5000   37.500011456.3965   16.6899
   -7.5000   30.0000   37.500010586.5303   16.7261
    0.0000   30.0000   37.500011051.6426   16.7107
    7.5000   30.0000   37.500010531.6758   16.6963
   -7.5000   37.5000   37.500010099.8174   16.9761
    0.0000   37.5000   37.500010557.7744   16.9613
    7.5000   37.5000   37.500010047.8672   16.9457
   -7.5000   45.0000   37.5000 9192.4922   16.9461
    0.0000   45.0000   37.5000 9618.4746   16.9342
    7.5000   45.0000   37.5000 9136.0596   16.9255
   -7.5000  -45.0000   45.0000 9636.8857   17.0614
    0.0000  -45.0000   45.000010050.9756   17.0474
    7.5000  -45.0000   45.0000 9654.7822   17.0334
   -7.5000  -37.5000   45.000010080.6299   17.0580
    0.0000  -37.5000   45.000010509.6865   17.0461
    7.5000  -37.5000   45.000010100.0586   17.0383
   -7.5000  -30.0000   45.000010849.5117   16.9808
    0.0000  -30.0000   45.000011313.7676   16.9705
    7.5000  -30.0000   45.000010865.6230   16.9643
   -7.5000  -22.5000   45.000011548.4199   16.8885
    0.0000  -22.5000   45.000012073.5859   16.8773
    7.5000  -22.5000   45.000011569.1768   16.8663
   -7.5000  -15.0000   45.000012127.9014   16.7979
    0.0000  -15.0000   45.000012670.2744   16.7845
    7.5000  -15.0000   45.000012139.2256   16.7672
   -7.5000   -7.5000   45.000012579.7998   16.7299
    0.0000   -7.5000   45.000013118.5771   16.7149
    7.5000   -7.5000   45.000012561.3877   16.6968
   -7.5000    0.0000   45.000012833.2754   16.6921
    0.0000    0.0000   45.000013384.6260   16.6775
    7.5000    0.0000   45.000012809.8174   16.6641
   -7.5000    7.5000   45.000012176.3984   16.7604
    0.0000    7.5000   45.000012695.7646   16.7481
    7.5000    7.5000   45.000012174.0781   16.7406
   -7.5000   15.0000   45.000011407.9033   16.8864
    0.0000   15.0000   45.000011895.1797   16.8761
    7.5000   15.0000   45.000011393.5508   16.8696
   -7.5000   22.5000   45.000010532.4941   17.0424
    0.0000   22.5000   45.000011004.8828   17.0302
    7.5000   22.5000   45.000010516.1465   17.0216
   -7.5000   30.0000   45.0000 9671.7627   17.0613
    0.0000   30.0000   45.000010125.7051   17.0484
    7.5000   30.0000   45.0000 9648.1201   17.0361
   -7.5000   37.5000   45.0000 9244.4961   17.3254
    0.0000   37.5000   45.0000 9684.8281   17.3096
    7.5000   37.5000   45.0000 9202.0732   17.2937
   -7.5000   45.0000   45.0000 8431.2686   17.3106
    0.0000   45.0000   45.0000 8831.2334   17.2957
    7.5000   45.0000   45.0000 8386.9629   17.2852

---------------------------------------------------------------------
imgreg_4dfp /opt/freesurfer/average/711-2C_as_mni_average_305 /opt/freesurfer/average/711-2B_as_mni_average_305_mask talsrcimg_g11 none talsrcimg_to_711-2C_as_mni_average_305_t4 4355
---------------------------------------------------------------------

freesurfer imgreg_4dfp.c
/opt/freesurfer/average/711-2C_as_mni_average_305.4dfp.img
       256       256       256         1
  1.000000  1.000000  1.000000
orientation T byte_order littleendian
Reading image: /opt/freesurfer/average/711-2C_as_mni_average_305.4dfp.img
dimensions:      256       256       256
mmppix:       1.0000   -1.0000   -1.0000
center:     128.0000 -129.0000 -129.0000
/opt/freesurfer/average/711-2B_as_mni_average_305_mask.4dfp.img
       256       256       256         1
  1.000000  1.000000  1.000000
orientation T byte_order littleendian
Reading mask: /opt/freesurfer/average/711-2B_as_mni_average_305_mask.4dfp.img (2306576 pixels)
talsrcimg_g11.4dfp.img
       256       256       256         1
  1.000000  1.000000  1.000000
orientation T byte_order littleendian
Reading image: talsrcimg_g11.4dfp.img
dimensions:      256       256       256
mmppix:       1.0000   -1.0000   -1.0000
center:     128.0000 -129.0000 -129.0000
rotation matrix determinant  1.000000
image alignment mode   4355 decimal     1103 hex
   -7.5000  -45.0000  -45.0000 2367.8984   17.1605
    0.0000  -45.0000  -45.0000 2379.9949   17.0683
    7.5000  -45.0000  -45.0000 2371.5811   17.0878
   -7.5000  -37.5000  -45.0000 2411.1162   16.4451
    0.0000  -37.5000  -45.0000 2428.5791   16.3311
    7.5000  -37.5000  -45.0000 2418.1968   16.3798
   -7.5000  -30.0000  -45.0000 2441.8757   15.7901
    0.0000  -30.0000  -45.0000 2462.8123   15.6995
    7.5000  -30.0000  -45.0000 2453.5601   15.7660
   -7.5000  -22.5000  -45.0000 2463.6123   15.3342
    0.0000  -22.5000  -45.0000 2487.5540   15.1981
    7.5000  -22.5000  -45.0000 2476.9460   15.2820
   -7.5000  -15.0000  -45.0000 2479.7864   15.0113
    0.0000  -15.0000  -45.0000 2508.6741   14.8674
    7.5000  -15.0000  -45.0000 2492.3101   14.9655
   -7.5000   -7.5000  -45.0000 2487.7607   14.9677
    0.0000   -7.5000  -45.0000 2512.3479   14.8054
    7.5000   -7.5000  -45.0000 2500.0640   14.9050
   -7.5000    0.0000  -45.0000 2471.4629   15.1697
    0.0000    0.0000  -45.0000 2497.0535   14.9870
    7.5000    0.0000  -45.0000 2487.8335   15.0766
   -7.5000    7.5000  -45.0000 2437.0552   15.5918
    0.0000    7.5000  -45.0000 2461.5625   15.4052
    7.5000    7.5000  -45.0000 2455.3770   15.4889
   -7.5000   15.0000  -45.0000 2385.7476   16.2557
    0.0000   15.0000  -45.0000 2413.8367   16.0689
    7.5000   15.0000  -45.0000 2401.3635   16.1690
   -7.5000   22.5000  -45.0000 2320.8018   17.1605
    0.0000   22.5000  -45.0000 2343.9094   16.9851
    7.5000   22.5000  -45.0000 2329.8005   17.0737
   -7.5000   30.0000  -45.0000 2249.1360   18.4388
    0.0000   30.0000  -45.0000 2267.1711   18.2713
    7.5000   30.0000  -45.0000 2253.2620   18.3233
   -7.5000   37.5000  -45.0000 2162.3171   20.2049
    0.0000   37.5000  -45.0000 2175.9153   19.9755
    7.5000   37.5000  -45.0000 2166.3706   20.0561
   -7.5000   45.0000  -45.0000 2065.0823   22.5651
    0.0000   45.0000  -45.0000 2081.5959   22.2973
    7.5000   45.0000  -45.0000 2066.4878   22.3832
   -7.5000  -45.0000  -37.5000 2450.3271   16.0275
    0.0000  -45.0000  -37.5000 2466.8762   15.8971
    7.5000  -45.0000  -37.5000 2456.2441   15.9480
   -7.5000  -37.5000  -37.5000 2494.8428   15.3472
    0.0000  -37.5000  -37.5000 2515.7949   15.2199
    7.5000  -37.5000  -37.5000 2502.4424   15.2784
   -7.5000  -30.0000  -37.5000 2524.9326   14.7690
    0.0000  -30.0000  -37.5000 2546.2134   14.6596
    7.5000  -30.0000  -37.5000 2536.8862   14.7276
   -7.5000  -22.5000  -37.5000 2551.0269   14.3360
    0.0000  -22.5000  -37.5000 2571.2424   14.2022
    7.5000  -22.5000  -37.5000 2563.5774   14.2826
   -7.5000  -15.0000  -37.5000 2566.8464   14.0536
    0.0000  -15.0000  -37.5000 2592.0100   13.9012
    7.5000  -15.0000  -37.5000 2580.8196   14.0338
   -7.5000   -7.5000  -37.5000 2572.6873   14.0006
    0.0000   -7.5000  -37.5000 2596.4236   13.8177
    7.5000   -7.5000  -37.5000 2584.7986   13.9519
   -7.5000    0.0000  -37.5000 2560.0151   14.1638
    0.0000    0.0000  -37.5000 2582.9050   13.9818
    7.5000    0.0000  -37.5000 2572.6746   14.0952
   -7.5000    7.5000  -37.5000 2526.7761   14.5192
    0.0000    7.5000  -37.5000 2552.5208   14.3308
    7.5000    7.5000  -37.5000 2543.4985   14.4495
   -7.5000   15.0000  -37.5000 2473.8579   15.0725
    0.0000   15.0000  -37.5000 2500.3218   14.8913
    7.5000   15.0000  -37.5000 2489.3818   15.0255
   -7.5000   22.5000  -37.5000 2403.6719   15.8888
    0.0000   22.5000  -37.5000 2428.3799   15.7128
    7.5000   22.5000  -37.5000 2414.8884   15.8441
   -7.5000   30.0000  -37.5000 2325.6624   17.0580
    0.0000   30.0000  -37.5000 2345.6724   16.8907
    7.5000   30.0000  -37.5000 2332.2029   16.9901
   -7.5000   37.5000  -37.5000 2233.1714   18.6893
    0.0000   37.5000  -37.5000 2252.2310   18.4828
    7.5000   37.5000  -37.5000 2239.4978   18.5797
   -7.5000   45.0000  -37.5000 2132.4775   20.8468
    0.0000   45.0000  -37.5000 2147.5735   20.6012
    7.5000   45.0000  -37.5000 2133.4138   20.6971
   -7.5000  -45.0000  -30.0000 2583.5100   15.5284
    0.0000  -45.0000  -30.0000 2599.8940   15.3937
    7.5000  -45.0000  -30.0000 2587.4282   15.4405
   -7.5000  -37.5000  -30.0000 2624.4719   14.8274
    0.0000  -37.5000  -30.0000 2645.7178   14.6681
    7.5000  -37.5000  -30.0000 2633.4429   14.7631
   -7.5000  -30.0000  -30.0000 2655.5342   14.2792
    0.0000  -30.0000  -30.0000 2681.9236   14.1177
    7.5000  -30.0000  -30.0000 2667.4104   14.2197
   -7.5000  -22.5000  -30.0000 2688.8391   13.8665
    0.0000  -22.5000  -30.0000 2710.4299   13.7194
    7.5000  -22.5000  -30.0000 2702.0469   13.8050
   -7.5000  -15.0000  -30.0000 2707.3525   13.6129
    0.0000  -15.0000  -30.0000 2729.0032   13.4558
    7.5000  -15.0000  -30.0000 2720.0776   13.5661
   -7.5000   -7.5000  -30.0000 2714.8882   13.5339
    0.0000   -7.5000  -30.0000 2737.1143   13.3597
    7.5000   -7.5000  -30.0000 2726.8074   13.4903
   -7.5000    0.0000  -30.0000 2700.7686   13.6864
    0.0000    0.0000  -30.0000 2728.6929   13.5003
    7.5000    0.0000  -30.0000 2712.9854   13.6246
   -7.5000    7.5000  -30.0000 2671.1057   14.0118
    0.0000    7.5000  -30.0000 2701.8586   13.8423
    7.5000    7.5000  -30.0000 2689.3022   13.9647
   -7.5000   15.0000  -30.0000 2614.2559   14.5460
    0.0000   15.0000  -30.0000 2644.7534   14.3500
    7.5000   15.0000  -30.0000 2632.1956   14.4925
   -7.5000   22.5000  -30.0000 2539.5266   15.2930
    0.0000   22.5000  -30.0000 2568.2693   15.1028
    7.5000   22.5000  -30.0000 2554.0771   15.2261
   -7.5000   30.0000  -30.0000 2449.5967   16.3738
    0.0000   30.0000  -30.0000 2474.8804   16.1898
    7.5000   30.0000  -30.0000 2463.8105   16.3163
   -7.5000   37.5000  -30.0000 2352.0310   17.9348
    0.0000   37.5000  -30.0000 2374.4558   17.7257
    7.5000   37.5000  -30.0000 2363.6785   17.8395
   -7.5000   45.0000  -30.0000 2245.8506   19.9987
    0.0000   45.0000  -30.0000 2260.1831   19.7797
    7.5000   45.0000  -30.0000 2247.8042   19.8777
   -7.5000  -45.0000  -22.5000 2671.1033   14.9917
    0.0000  -45.0000  -22.5000 2690.0459   14.8411
    7.5000  -45.0000  -22.5000 2674.4712   14.8875
   -7.5000  -37.5000  -22.5000 2711.7410   14.2637
    0.0000  -37.5000  -22.5000 2733.6016   14.1036
    7.5000  -37.5000  -22.5000 2724.4758   14.1695
   -7.5000  -30.0000  -22.5000 2750.2957   13.7031
    0.0000  -30.0000  -22.5000 2774.6543   13.5384
    7.5000  -30.0000  -22.5000 2764.6643   13.6184
   -7.5000  -22.5000  -22.5000 2786.5200   13.3106
    0.0000  -22.5000  -22.5000 2810.6653   13.1516
    7.5000  -22.5000  -22.5000 2800.6768   13.2231
   -7.5000  -15.0000  -22.5000 2804.8752   13.0954
    0.0000  -15.0000  -22.5000 2834.8293   12.9419
    7.5000  -15.0000  -22.5000 2824.3367   13.0188
   -7.5000   -7.5000  -22.5000 2822.7368   12.9664
    0.0000   -7.5000  -22.5000 2852.9614   12.8020
    7.5000   -7.5000  -22.5000 2837.3345   12.9206
   -7.5000    0.0000  -22.5000 2816.6917   13.1031
    0.0000    0.0000  -22.5000 2847.4089   12.9313
    7.5000    0.0000  -22.5000 2829.8435   13.0483
   -7.5000    7.5000  -22.5000 2786.4883   13.4417
    0.0000    7.5000  -22.5000 2823.3589   13.2624
    7.5000    7.5000  -22.5000 2806.1614   13.3786
   -7.5000   15.0000  -22.5000 2724.1340   13.9732
    0.0000   15.0000  -22.5000 2759.7053   13.7688
    7.5000   15.0000  -22.5000 2743.5815   13.8847
   -7.5000   22.5000  -22.5000 2645.7698   14.6842
    0.0000   22.5000  -22.5000 2676.3828   14.4789
    7.5000   22.5000  -22.5000 2662.1934   14.5936
   -7.5000   30.0000  -22.5000 2549.2517   15.7176
    0.0000   30.0000  -22.5000 2576.8206   15.5159
    7.5000   30.0000  -22.5000 2566.1140   15.6394
   -7.5000   37.5000  -22.5000 2445.8440   17.2262
    0.0000   37.5000  -22.5000 2471.5552   17.0013
    7.5000   37.5000  -22.5000 2461.2759   17.1141
   -7.5000   45.0000  -22.5000 2328.1270   19.1927
    0.0000   45.0000  -22.5000 2348.1584   18.9495
    7.5000   45.0000  -22.5000 2339.2542   19.0797
   -7.5000  -45.0000  -15.0000 2719.6064   14.5104
    0.0000  -45.0000  -15.0000 2741.9387   14.3473
    7.5000  -45.0000  -15.0000 2729.2454   14.4188
   -7.5000  -37.5000  -15.0000 2761.8936   13.7959
    0.0000  -37.5000  -15.0000 2783.4292   13.6160
    7.5000  -37.5000  -15.0000 2775.4023   13.6949
   -7.5000  -30.0000  -15.0000 2806.1326   13.2410
    0.0000  -30.0000  -15.0000 2829.4988   13.0492
    7.5000  -30.0000  -15.0000 2818.1877   13.1378
   -7.5000  -22.5000  -15.0000 2844.1448   12.8140
    0.0000  -22.5000  -15.0000 2869.0786   12.6255
    7.5000  -22.5000  -15.0000 2859.9434   12.7317
   -7.5000  -15.0000  -15.0000 2869.1309   12.5985
    0.0000  -15.0000  -15.0000 2900.4060   12.4526
    7.5000  -15.0000  -15.0000 2890.2942   12.5126
   -7.5000   -7.5000  -15.0000 2888.8250   12.5105
    0.0000   -7.5000  -15.0000 2925.1292   12.3154
    7.5000   -7.5000  -15.0000 2910.2881   12.4133
   -7.5000    0.0000  -15.0000 2892.3540   12.6010
    0.0000    0.0000  -15.0000 2929.0469   12.3895
    7.5000    0.0000  -15.0000 2908.2422   12.5119
   -7.5000    7.5000  -15.0000 2865.6465   12.9425
    0.0000    7.5000  -15.0000 2901.1084   12.7161
    7.5000    7.5000  -15.0000 2883.1230   12.8310
   -7.5000   15.0000  -15.0000 2802.6736   13.4364
    0.0000   15.0000  -15.0000 2837.1531   13.2214
    7.5000   15.0000  -15.0000 2818.2295   13.3457
   -7.5000   22.5000  -15.0000 2719.5249   14.1580
    0.0000   22.5000  -15.0000 2751.2683   13.9205
    7.5000   22.5000  -15.0000 2736.3154   14.0626
   -7.5000   30.0000  -15.0000 2617.9956   15.1830
    0.0000   30.0000  -15.0000 2642.8779   14.9285
    7.5000   30.0000  -15.0000 2630.7729   15.0897
   -7.5000   37.5000  -15.0000 2508.9233   16.6328
    0.0000   37.5000  -15.0000 2536.6584   16.3662
    7.5000   37.5000  -15.0000 2521.8176   16.5248
   -7.5000   45.0000  -15.0000 2383.9380   18.5392
    0.0000   45.0000  -15.0000 2408.0337   18.2735
    7.5000   45.0000  -15.0000 2393.0950   18.4237
   -7.5000  -45.0000   -7.5000 2745.6638   14.1494
    0.0000  -45.0000   -7.5000 2769.8904   13.9634
    7.5000  -45.0000   -7.5000 2759.6292   14.0343
   -7.5000  -37.5000   -7.5000 2791.7893   13.4094
    0.0000  -37.5000   -7.5000 2813.8853   13.2302
    7.5000  -37.5000   -7.5000 2805.9519   13.3117
   -7.5000  -30.0000   -7.5000 2831.9224   12.8415
    0.0000  -30.0000   -7.5000 2853.9360   12.6773
    7.5000  -30.0000   -7.5000 2847.2710   12.7500
   -7.5000  -22.5000   -7.5000 2871.4099   12.4246
    0.0000  -22.5000   -7.5000 2895.2495   12.2541
    7.5000  -22.5000   -7.5000 2886.4429   12.3428
   -7.5000  -15.0000   -7.5000 2904.1384   12.2073
    0.0000  -15.0000   -7.5000 2937.1250   12.0507
    7.5000  -15.0000   -7.5000 2924.4878   12.1204
   -7.5000   -7.5000   -7.5000 2930.8093   12.1574
    0.0000   -7.5000   -7.5000 2968.3789   11.9683
    7.5000   -7.5000   -7.5000 2947.9329   12.0689
   -7.5000    0.0000   -7.5000 2938.0720   12.2519
    0.0000    0.0000   -7.5000 2978.5205   12.0283
    7.5000    0.0000   -7.5000 2952.7808   12.1599
   -7.5000    7.5000   -7.5000 2916.8999   12.5393
    0.0000    7.5000   -7.5000 2953.6055   12.3069
    7.5000    7.5000   -7.5000 2927.8906   12.4598
   -7.5000   15.0000   -7.5000 2853.4590   13.0108
    0.0000   15.0000   -7.5000 2886.8828   12.8232
    7.5000   15.0000   -7.5000 2863.3730   12.9493
   -7.5000   22.5000   -7.5000 2762.0039   13.7098
    0.0000   22.5000   -7.5000 2798.9624   13.5486
    7.5000   22.5000   -7.5000 2777.9478   13.6640
   -7.5000   30.0000   -7.5000 2656.0984   14.7290
    0.0000   30.0000   -7.5000 2687.7241   14.5543
    7.5000   30.0000   -7.5000 2668.1367   14.6609
   -7.5000   37.5000   -7.5000 2546.8389   16.1177
    0.0000   37.5000   -7.5000 2573.8167   15.9527
    7.5000   37.5000   -7.5000 2554.0962   16.0508
   -7.5000   45.0000   -7.5000 2416.4360   17.9990
    0.0000   45.0000   -7.5000 2441.2009   17.8091
    7.5000   45.0000   -7.5000 2423.1567   17.8971
   -7.5000  -45.0000    0.0000 2751.7261   13.9876
    0.0000  -45.0000    0.0000 2775.5125   13.8082
    7.5000  -45.0000    0.0000 2770.7686   13.8706
   -7.5000  -37.5000    0.0000 2797.7227   13.2118
    0.0000  -37.5000    0.0000 2816.9563   13.0404
    7.5000  -37.5000    0.0000 2814.9854   13.1128
   -7.5000  -30.0000    0.0000 2837.8743   12.6305
    0.0000  -30.0000    0.0000 2859.5378   12.4347
    7.5000  -30.0000    0.0000 2858.3335   12.5337
   -7.5000  -22.5000    0.0000 2876.4939   12.2349
    0.0000  -22.5000    0.0000 2902.8418   12.0287
    7.5000  -22.5000    0.0000 2898.0281   12.1411
   -7.5000  -15.0000    0.0000 2916.6201   12.0424
    0.0000  -15.0000    0.0000 2945.2434   11.8546
    7.5000  -15.0000    0.0000 2934.6904   11.9432
   -7.5000   -7.5000    0.0000 2948.7097   11.9959
    0.0000   -7.5000    0.0000 2990.7004   11.8642
    7.5000   -7.5000    0.0000 2967.8418   11.8989
   -7.5000    0.0000    0.0000 2957.4451   12.0596
    0.0000    0.0000    0.0000 3005.9973   11.9415
    7.5000    0.0000    0.0000 2970.1345   12.0059
   -7.5000    7.5000    0.0000 2936.7188   12.2980
    0.0000    7.5000    0.0000 2976.6741   12.1945
    7.5000    7.5000    0.0000 2943.1292   12.2722
   -7.5000   15.0000    0.0000 2873.9758   12.7706
    0.0000   15.0000    0.0000 2908.4639   12.6348
    7.5000   15.0000    0.0000 2883.4019   12.7292
   -7.5000   22.5000    0.0000 2784.1248   13.4854
    0.0000   22.5000    0.0000 2822.6033   13.3320
    7.5000   22.5000    0.0000 2798.2393   13.4455
   -7.5000   30.0000    0.0000 2674.1497   14.5154
    0.0000   30.0000    0.0000 2704.5303   14.3691
    7.5000   30.0000    0.0000 2686.5657   14.4680
   -7.5000   37.5000    0.0000 2556.3032   15.8990
    0.0000   37.5000    0.0000 2580.8606   15.7321
    7.5000   37.5000    0.0000 2566.5769   15.8345
   -7.5000   45.0000    0.0000 2427.3401   17.7302
    0.0000   45.0000    0.0000 2449.3835   17.5400
    7.5000   45.0000    0.0000 2433.4067   17.6584
   -7.5000  -45.0000    7.5000 2742.4099   13.9931
    0.0000  -45.0000    7.5000 2763.0942   13.7885
    7.5000  -45.0000    7.5000 2760.7688   13.8495
   -7.5000  -37.5000    7.5000 2780.8535   13.2313
    0.0000  -37.5000    7.5000 2795.5525   13.0181
    7.5000  -37.5000    7.5000 2801.4812   13.1014
   -7.5000  -30.0000    7.5000 2823.5891   12.6582
    0.0000  -30.0000    7.5000 2839.5605   12.4489
    7.5000  -30.0000    7.5000 2841.3728   12.5560
   -7.5000  -22.5000    7.5000 2867.4050   12.2531
    0.0000  -22.5000    7.5000 2893.2190   12.0662
    7.5000  -22.5000    7.5000 2886.7346   12.1732
   -7.5000  -15.0000    7.5000 2909.2361   12.0221
    0.0000  -15.0000    7.5000 2939.1475   11.8693
    7.5000  -15.0000    7.5000 2925.1689   11.9575
   -7.5000   -7.5000    7.5000 2947.7180   11.9424
    0.0000   -7.5000    7.5000 2989.3230   11.8521
    7.5000   -7.5000    7.5000 2961.5425   11.8826
   -7.5000    0.0000    7.5000 2953.8848   11.9928
    0.0000    0.0000    7.5000 3007.0024   11.8833
    7.5000    0.0000    7.5000 2966.4414   11.9484
   -7.5000    7.5000    7.5000 2929.3770   12.2821
    0.0000    7.5000    7.5000 2973.4277   12.1167
    7.5000    7.5000    7.5000 2938.3948   12.2492
   -7.5000   15.0000    7.5000 2868.2000   12.7902
    0.0000   15.0000    7.5000 2899.6409   12.6407
    7.5000   15.0000    7.5000 2876.2698   12.7597
   -7.5000   22.5000    7.5000 2780.8098   13.5425
    0.0000   22.5000    7.5000 2810.0962   13.4096
    7.5000   22.5000    7.5000 2788.4722   13.5217
   -7.5000   30.0000    7.5000 2670.4355   14.5805
    0.0000   30.0000    7.5000 2690.7744   14.4628
    7.5000   30.0000    7.5000 2679.2690   14.5367
   -7.5000   37.5000    7.5000 2550.8435   15.9482
    0.0000   37.5000    7.5000 2568.5417   15.7918
    7.5000   37.5000    7.5000 2558.8057   15.8503
   -7.5000   45.0000    7.5000 2417.6421   17.7186
    0.0000   45.0000    7.5000 2437.2168   17.5053
    7.5000   45.0000    7.5000 2425.0247   17.5991
   -7.5000  -45.0000   15.0000 2716.6597   14.2120
    0.0000  -45.0000   15.0000 2735.6765   13.9790
    7.5000  -45.0000   15.0000 2725.6318   14.0754
   -7.5000  -37.5000   15.0000 2751.7979   13.4503
    0.0000  -37.5000   15.0000 2767.8218   13.2222
    7.5000  -37.5000   15.0000 2762.5354   13.3431
   -7.5000  -30.0000   15.0000 2793.3291   12.8501
    0.0000  -30.0000   15.0000 2812.4595   12.6460
    7.5000  -30.0000   15.0000 2803.6868   12.7753
   -7.5000  -22.5000   15.0000 2840.1340   12.4268
    0.0000  -22.5000   15.0000 2866.6216   12.2349
    7.5000  -22.5000   15.0000 2854.2380   12.3481
   -7.5000  -15.0000   15.0000 2882.8298   12.2147
    0.0000  -15.0000   15.0000 2919.1533   12.0327
    7.5000  -15.0000   15.0000 2898.0813   12.1321
   -7.5000   -7.5000   15.0000 2919.8284   12.1172
    0.0000   -7.5000   15.0000 2965.6125   11.9888
    7.5000   -7.5000   15.0000 2937.2764   12.0612
   -7.5000    0.0000   15.0000 2930.6238   12.1699
    0.0000    0.0000   15.0000 2977.6714   11.9550
    7.5000    0.0000   15.0000 2939.6455   12.1168
   -7.5000    7.5000   15.0000 2908.4700   12.4777
    0.0000    7.5000   15.0000 2946.6501   12.2242
    7.5000    7.5000   15.0000 2915.1499   12.4154
   -7.5000   15.0000   15.0000 2844.7329   13.0501
    0.0000   15.0000   15.0000 2875.3882   12.8224
    7.5000   15.0000   15.0000 2854.3562   12.9791
   -7.5000   22.5000   15.0000 2756.3511   13.8243
    0.0000   22.5000   15.0000 2783.0632   13.6341
    7.5000   22.5000   15.0000 2767.2000   13.7604
   -7.5000   30.0000   15.0000 2643.7063   14.8771
    0.0000   30.0000   15.0000 2664.1472   14.7022
    7.5000   30.0000   15.0000 2655.5818   14.8004
   -7.5000   37.5000   15.0000 2527.0317   16.2154
    0.0000   37.5000   15.0000 2543.6174   16.0358
    7.5000   37.5000   15.0000 2534.6997   16.1248
   -7.5000   45.0000   15.0000 2391.9692   17.9076
    0.0000   45.0000   15.0000 2411.9795   17.7528
    7.5000   45.0000   15.0000 2401.0383   17.8098
   -7.5000  -45.0000   22.5000 2679.3335   14.6284
    0.0000  -45.0000   22.5000 2695.6289   14.3900
    7.5000  -45.0000   22.5000 2685.5928   14.5295
   -7.5000  -37.5000   22.5000 2713.4062   13.8343
    0.0000  -37.5000   22.5000 2729.1982   13.5962
    7.5000  -37.5000   22.5000 2717.8877   13.7354
   -7.5000  -30.0000   22.5000 2751.1973   13.2336
    0.0000  -30.0000   22.5000 2773.1318   13.0114
    7.5000  -30.0000   22.5000 2759.9802   13.1368
   -7.5000  -22.5000   22.5000 2796.2898   12.8108
    0.0000  -22.5000   22.5000 2816.1040   12.5962
    7.5000  -22.5000   22.5000 2807.4329   12.7318
   -7.5000  -15.0000   22.5000 2844.9780   12.5943
    0.0000  -15.0000   22.5000 2868.8296   12.4134
    7.5000  -15.0000   22.5000 2855.6814   12.5466
   -7.5000   -7.5000   22.5000 2877.9370   12.5028
    0.0000   -7.5000   22.5000 2911.0234   12.3092
    7.5000   -7.5000   22.5000 2885.7512   12.4857
   -7.5000    0.0000   22.5000 2880.7273   12.5707
    0.0000    0.0000   22.5000 2917.8389   12.3080
    7.5000    0.0000   22.5000 2888.7529   12.5425
   -7.5000    7.5000   22.5000 2858.8062   12.9081
    0.0000    7.5000   22.5000 2891.4678   12.6821
    7.5000    7.5000   22.5000 2867.8777   12.8674
   -7.5000   15.0000   22.5000 2801.6125   13.4894
    0.0000   15.0000   22.5000 2828.1833   13.2836
    7.5000   15.0000   22.5000 2809.4932   13.4077
   -7.5000   22.5000   22.5000 2718.3281   14.2590
    0.0000   22.5000   22.5000 2739.5042   14.0464
    7.5000   22.5000   22.5000 2727.3152   14.1735
   -7.5000   30.0000   22.5000 2613.4829   15.3114
    0.0000   30.0000   22.5000 2632.6890   15.1128
    7.5000   30.0000   22.5000 2623.8848   15.2201
   -7.5000   37.5000   22.5000 2496.5703   16.6617
    0.0000   37.5000   22.5000 2512.8230   16.4777
    7.5000   37.5000   22.5000 2504.9568   16.5584
   -7.5000   45.0000   22.5000 2359.4717   18.3261
    0.0000   45.0000   22.5000 2379.4136   18.1514
    7.5000   45.0000   22.5000 2369.2434   18.2115
   -7.5000  -45.0000   30.0000 2626.2825   15.2190
    0.0000  -45.0000   30.0000 2643.7725   14.9388
    7.5000  -45.0000   30.0000 2632.7458   15.1109
   -7.5000  -37.5000   30.0000 2657.3596   14.3834
    0.0000  -37.5000   30.0000 2675.1360   14.1204
    7.5000  -37.5000   30.0000 2663.8982   14.3012
   -7.5000  -30.0000   30.0000 2695.9509   13.7659
    0.0000  -30.0000   30.0000 2716.9509   13.5218
    7.5000  -30.0000   30.0000 2703.0168   13.6922
   -7.5000  -22.5000   30.0000 2742.0884   13.3667
    0.0000  -22.5000   30.0000 2762.2983   13.1237
    7.5000  -22.5000   30.0000 2746.5059   13.2931
   -7.5000  -15.0000   30.0000 2784.7241   13.1543
    0.0000  -15.0000   30.0000 2806.7834   12.9469
    7.5000  -15.0000   30.0000 2789.2805   13.0940
   -7.5000   -7.5000   30.0000 2810.7642   13.1065
    0.0000   -7.5000   30.0000 2837.8928   12.8574
    7.5000   -7.5000   30.0000 2814.8953   13.0427
   -7.5000    0.0000   30.0000 2809.6953   13.2084
    0.0000    0.0000   30.0000 2838.5947   12.9556
    7.5000    0.0000   30.0000 2813.7200   13.1684
   -7.5000    7.5000   30.0000 2783.9910   13.5865
    0.0000    7.5000   30.0000 2810.9895   13.3786
    7.5000    7.5000   30.0000 2793.2852   13.5478
   -7.5000   15.0000   30.0000 2727.6792   14.1557
    0.0000   15.0000   30.0000 2751.5388   13.9594
    7.5000   15.0000   30.0000 2738.4790   14.0946
   -7.5000   22.5000   30.0000 2658.7930   14.9017
    0.0000   22.5000   30.0000 2678.1152   14.6964
    7.5000   22.5000   30.0000 2666.2886   14.8178
   -7.5000   30.0000   30.0000 2570.3223   15.9009
    0.0000   30.0000   30.0000 2588.5808   15.7021
    7.5000   30.0000   30.0000 2575.4771   15.8270
   -7.5000   37.5000   30.0000 2458.7542   17.2271
    0.0000   37.5000   30.0000 2472.3696   17.0324
    7.5000   37.5000   30.0000 2464.1770   17.1492
   -7.5000   45.0000   30.0000 2318.4355   18.9289
    0.0000   45.0000   30.0000 2337.3049   18.7373
    7.5000   45.0000   30.0000 2331.2585   18.8296
   -7.5000  -45.0000   37.5000 2565.6826   15.9740
    0.0000  -45.0000   37.5000 2585.7634   15.6734
    7.5000  -45.0000   37.5000 2574.1162   15.8740
   -7.5000  -37.5000   37.5000 2599.6877   15.0974
    0.0000  -37.5000   37.5000 2619.7124   14.8426
    7.5000  -37.5000   37.5000 2605.9255   15.0391
   -7.5000  -30.0000   37.5000 2638.8206   14.4962
    0.0000  -30.0000   37.5000 2662.3557   14.2364
    7.5000  -30.0000   37.5000 2643.9080   14.4364
   -7.5000  -22.5000   37.5000 2677.8394   14.0901
    0.0000  -22.5000   37.5000 2700.7847   13.8400
    7.5000  -22.5000   37.5000 2680.7466   14.0379
   -7.5000  -15.0000   37.5000 2711.7480   13.8803
    0.0000  -15.0000   37.5000 2734.9150   13.6558
    7.5000  -15.0000   37.5000 2714.1765   13.8323
   -7.5000   -7.5000   37.5000 2729.0759   13.8611
    0.0000   -7.5000   37.5000 2755.5579   13.6146
    7.5000   -7.5000   37.5000 2732.9473   13.7946
   -7.5000    0.0000   37.5000 2726.4973   14.0174
    0.0000    0.0000   37.5000 2749.5012   13.7893
    7.5000    0.0000   37.5000 2728.4851   13.9621
   -7.5000    7.5000   37.5000 2699.0503   14.4569
    0.0000    7.5000   37.5000 2722.2151   14.2478
    7.5000    7.5000   37.5000 2708.8545   14.4088
   -7.5000   15.0000   37.5000 2646.8218   15.0447
    0.0000   15.0000   37.5000 2667.5535   14.8423
    7.5000   15.0000   37.5000 2656.9185   14.9695
   -7.5000   22.5000   37.5000 2583.3877   15.7697
    0.0000   22.5000   37.5000 2603.2827   15.5487
    7.5000   22.5000   37.5000 2589.8252   15.6713
   -7.5000   30.0000   37.5000 2503.7026   16.6951
    0.0000   30.0000   37.5000 2526.8518   16.4823
    7.5000   30.0000   37.5000 2510.7256   16.6046
   -7.5000   37.5000   37.5000 2406.8633   17.9795
    0.0000   37.5000   37.5000 2427.6123   17.7900
    7.5000   37.5000   37.5000 2414.0930   17.9004
   -7.5000   45.0000   37.5000 2273.2231   19.6948
    0.0000   45.0000   37.5000 2294.8818   19.5416
    7.5000   45.0000   37.5000 2281.5684   19.6107
   -7.5000  -45.0000   45.0000 2505.7483   16.8715
    0.0000  -45.0000   45.0000 2529.4275   16.5647
    7.5000  -45.0000   45.0000 2516.5720   16.7777
   -7.5000  -37.5000   45.0000 2539.9773   16.0255
    0.0000  -37.5000   45.0000 2563.7822   15.7263
    7.5000  -37.5000   45.0000 2548.3708   15.9394
   -7.5000  -30.0000   45.0000 2576.5474   15.4098
    0.0000  -30.0000   45.0000 2600.3467   15.1098
    7.5000  -30.0000   45.0000 2582.2793   15.3317
   -7.5000  -22.5000   45.0000 2603.7769   14.9988
    0.0000  -22.5000   45.0000 2631.3723   14.7405
    7.5000  -22.5000   45.0000 2609.3535   14.9306
   -7.5000  -15.0000   45.0000 2626.0142   14.8079
    0.0000  -15.0000   45.0000 2656.6394   14.5474
    7.5000  -15.0000   45.0000 2630.6497   14.7352
   -7.5000   -7.5000   45.0000 2638.1064   14.8045
    0.0000   -7.5000   45.0000 2664.8923   14.5978
    7.5000   -7.5000   45.0000 2637.9128   14.7586
   -7.5000    0.0000   45.0000 2630.9097   15.0003
    0.0000    0.0000   45.0000 2653.4448   14.8048
    7.5000    0.0000   45.0000 2634.9602   14.9463
   -7.5000    7.5000   45.0000 2607.0486   15.4683
    0.0000    7.5000   45.0000 2629.0002   15.2807
    7.5000    7.5000   45.0000 2618.4990   15.3909
   -7.5000   15.0000   45.0000 2560.4612   16.0933
    0.0000   15.0000   45.0000 2581.3564   15.9252
    7.5000   15.0000   45.0000 2572.7913   16.0094
   -7.5000   22.5000   45.0000 2497.4541   16.8050
    0.0000   22.5000   45.0000 2519.9854   16.6230
    7.5000   22.5000   45.0000 2508.1636   16.7057
   -7.5000   30.0000   45.0000 2425.9202   17.6932
    0.0000   30.0000   45.0000 2451.5295   17.5233
    7.5000   30.0000   45.0000 2433.1885   17.6193
   -7.5000   37.5000   45.0000 2341.1553   18.9455
    0.0000   37.5000   45.0000 2367.4556   18.7626
    7.5000   37.5000   45.0000 2346.1877   18.8604
   -7.5000   45.0000   45.0000 2222.2063   20.6415
    0.0000   45.0000   45.0000 2245.1877   20.4940
    7.5000   45.0000   45.0000 2225.9497   20.5230

---------------------------------------------------------------------
imgreg_4dfp /opt/freesurfer/average/711-2C_as_mni_average_305 /opt/freesurfer/average/711-2B_as_mni_average_305_mask talsrcimg_g11 none talsrcimg_to_711-2C_as_mni_average_305_t4 1283
---------------------------------------------------------------------

freesurfer imgreg_4dfp.c
/opt/freesurfer/average/711-2C_as_mni_average_305.4dfp.img
       256       256       256         1
  1.000000  1.000000  1.000000
orientation T byte_order littleendian
Reading image: /opt/freesurfer/average/711-2C_as_mni_average_305.4dfp.img
dimensions:      256       256       256
mmppix:       1.0000   -1.0000   -1.0000
center:     128.0000 -129.0000 -129.0000
/opt/freesurfer/average/711-2B_as_mni_average_305_mask.4dfp.img
       256       256       256         1
  1.000000  1.000000  1.000000
orientation T byte_order littleendian
Reading mask: /opt/freesurfer/average/711-2B_as_mni_average_305_mask.4dfp.img (2306576 pixels)
talsrcimg_g11.4dfp.img
       256       256       256         1
  1.000000  1.000000  1.000000
orientation T byte_order littleendian
Reading image: talsrcimg_g11.4dfp.img
dimensions:      256       256       256
mmppix:       1.0000   -1.0000   -1.0000
center:     128.0000 -129.0000 -129.0000
rotation matrix determinant  1.000000
fimgreg.f
image alignment mode   1283 decimal      503 hex
parameters
    0.0000    0.0000    7.5000    0.0000    0.0000    0.0000
eta,q 0.94214 11.92409
niter,ni,del,rscale     5    3   12.0000    1.2000
parameter  3  1.841376 ->  0.500000 qaram    1.1500
parameter  4-23.895927 ->  0.500000 qaram    1.1500
parameters
    0.8172   -1.8564    4.0500   -3.4500    1.1441   -1.1629
eta,q 0.94812 11.80106
  0.0737  0.0610  0.0555  0.0491  0.0576  0.0543
  0.0679  0.0599  0.0555  0.0517  0.0554  0.0527
  0.0634  0.0591  0.0571  0.0538  0.0535  0.0519
  0.0605  0.0597  0.0590  0.0559  0.0524  0.0521
  0.0597  0.0609  0.0603  0.0578  0.0523  0.0531
  0.0630  0.0630  0.0618  0.0599  0.0533  0.0547
  0.0689  0.0669  0.0644  0.0623  0.0549  0.0567
niter,ni,del,rscale     6    3   12.0000    1.2000
parameter  4  9.799093 ->  0.500000 qaram    1.3225
parameters
    0.1348   -0.4462    3.9388   -7.4175    2.5343   -1.4664
eta,q 0.95536 11.72676
  0.0621  0.0597  0.0554  0.0423  0.0511  0.0486
  0.0561  0.0572  0.0520  0.0445  0.0487  0.0457
  0.0524  0.0547  0.0504  0.0470  0.0466  0.0446
  0.0519  0.0517  0.0505  0.0505  0.0452  0.0447
  0.0547  0.0503  0.0510  0.0543  0.0447  0.0454
  0.0609  0.0518  0.0523  0.0574  0.0456  0.0467
  0.0670  0.0560  0.0555  0.0598  0.0477  0.0490
niter,ni,del,rscale     6    3   12.0000    1.2000
parameter  4  1.649657 ->  0.500000 qaram    1.5209
parameters
   -0.3938    0.6258    4.1461  -11.9801    3.2931   -0.9394
eta,q 0.96168 11.70965
  0.0562  0.0546  0.0501  0.0365  0.0461  0.0455
  0.0488  0.0503  0.0464  0.0382  0.0432  0.0416
  0.0443  0.0467  0.0447  0.0402  0.0409  0.0392
  0.0446  0.0442  0.0436  0.0436  0.0387  0.0383
  0.0479  0.0436  0.0440  0.0477  0.0384  0.0387
  0.0531  0.0451  0.0455  0.0528  0.0404  0.0405
  0.0594  0.0501  0.0498  0.0571  0.0439  0.0431
niter,ni,del,rscale     6    3   12.0000    1.2000
parameter  4  0.737590 ->  0.500000 qaram    1.7490
parameters
   -0.6358    1.7298    3.3804  -17.2272    3.2045   -1.1774
eta,q 0.96589 11.78683
  0.0534  0.0490  0.0442  0.0344  0.0408  0.0390
  0.0451  0.0440  0.0396  0.0341  0.0373  0.0364
  0.0392  0.0405  0.0375  0.0349  0.0351  0.0349
  0.0383  0.0382  0.0372  0.0371  0.0341  0.0341
  0.0416  0.0369  0.0385  0.0411  0.0352  0.0349
  0.0476  0.0390  0.0423  0.0464  0.0376  0.0369
  0.0548  0.0438  0.0485  0.0524  0.0411  0.0400
niter,ni,del,rscale     6    3   12.0000    1.2000
parameters
   -0.4665    3.7005    1.9278  -21.4719    2.9423   -0.8841
eta,q 0.96920 11.78357
  0.0517  0.0455  0.0384  0.0345  0.0376  0.0373
  0.0442  0.0402  0.0344  0.0312  0.0342  0.0343
  0.0372  0.0367  0.0330  0.0307  0.0318  0.0320
  0.0341  0.0341  0.0327  0.0327  0.0308  0.0308
  0.0358  0.0327  0.0351  0.0361  0.0318  0.0313
  0.0420  0.0331  0.0401  0.0412  0.0349  0.0332
  0.0506  0.0368  0.0463  0.0482  0.0392  0.0364
niter,ni,del,rscale     5    3   12.0000    1.2000
parameters
   -0.2573    3.9943    0.1332  -22.5498    2.7316   -0.6984
eta,q 0.97089 11.81441
  0.0514  0.0400  0.0358  0.0387  0.0364  0.0360
  0.0413  0.0356  0.0307  0.0329  0.0332  0.0330
  0.0334  0.0324  0.0290  0.0302  0.0305  0.0304
  0.0308  0.0308  0.0308  0.0292  0.0291  0.0291
  0.0330  0.0313  0.0338  0.0326  0.0302  0.0298
  0.0396  0.0341  0.0386  0.0368  0.0336  0.0321
  0.0485  0.0388  0.0445  0.0421  0.0379  0.0355
niter,ni,del,rscale     4    3   12.0000    1.2000
parameters
   -0.1136    3.8266   -0.0820  -22.6325    2.5589   -0.6191
eta,q 0.97104 11.81831
  0.0504  0.0388  0.0403  0.0410  0.0363  0.0357
  0.0402  0.0338  0.0337  0.0341  0.0331  0.0328
  0.0318  0.0302  0.0292  0.0308  0.0304  0.0302
  0.0291  0.0291  0.0291  0.0289  0.0289  0.0290
  0.0314  0.0310  0.0317  0.0312  0.0300  0.0297
  0.0389  0.0349  0.0353  0.0356  0.0334  0.0322
  0.0484  0.0396  0.0406  0.0404  0.0376  0.0358
niter,ni,del,rscale     3    3   12.0000    1.2000
parameters
   -0.0365    3.8169   -0.1307  -22.6577    2.4601   -0.5868
eta,q 0.97106 11.81983
  0.0498  0.0393  0.0409  0.0411  0.0364  0.0356
  0.0396  0.0342  0.0342  0.0342  0.0332  0.0328
  0.0314  0.0304  0.0293  0.0309  0.0305  0.0302
  0.0290  0.0290  0.0290  0.0289  0.0289  0.0289
  0.0314  0.0306  0.0315  0.0311  0.0299  0.0297
  0.0392  0.0345  0.0350  0.0356  0.0332  0.0323
  0.0486  0.0391  0.0402  0.0403  0.0374  0.0359
niter,ni,del,rscale     2    3   12.0000    1.2000
parameters
    0.0050    3.8218   -0.1462  -22.6673    2.4074   -0.5725
eta,q 0.97105 11.82057
  0.0496  0.0394  0.0411  0.0412  0.0364  0.0356
  0.0394  0.0343  0.0343  0.0342  0.0332  0.0328
  0.0313  0.0304  0.0293  0.0309  0.0306  0.0302
  0.0289  0.0289  0.0289  0.0289  0.0289  0.0289
  0.0315  0.0305  0.0315  0.0311  0.0298  0.0298
  0.0393  0.0345  0.0349  0.0356  0.0330  0.0323
  0.0487  0.0391  0.0401  0.0402  0.0372  0.0359
registration optimization eta report
parameter search radius
    6.0000    6.0000    6.9000   10.4940    6.0000    6.0000
100000*second partial in parameter space
       56.       28.       24.       10.       21.       18.
  0.0496  0.0394  0.0411  0.0412  0.0364  0.0356
  0.0394  0.0343  0.0343  0.0342  0.0332  0.0328
  0.0313  0.0304  0.0293  0.0309  0.0306  0.0302
  0.0289  0.0289  0.0289  0.0289  0.0289  0.0289
  0.0315  0.0305  0.0315  0.0311  0.0298  0.0298
  0.0393  0.0345  0.0349  0.0356  0.0330  0.0323
  0.0487  0.0391  0.0401  0.0402  0.0372  0.0359
    0.0050    3.8218   -0.1462  -22.6673    2.4074   -0.5725
eta,q 0.97105 11.82057

---------------------------------------------------------------------
imgreg_4dfp /opt/freesurfer/average/711-2C_as_mni_average_305 /opt/freesurfer/average/711-2B_as_mni_average_305_mask talsrcimg_g11 none talsrcimg_to_711-2C_as_mni_average_305_t4 3335
---------------------------------------------------------------------

freesurfer imgreg_4dfp.c
/opt/freesurfer/average/711-2C_as_mni_average_305.4dfp.img
       256       256       256         1
  1.000000  1.000000  1.000000
orientation T byte_order littleendian
Reading image: /opt/freesurfer/average/711-2C_as_mni_average_305.4dfp.img
dimensions:      256       256       256
mmppix:       1.0000   -1.0000   -1.0000
center:     128.0000 -129.0000 -129.0000
/opt/freesurfer/average/711-2B_as_mni_average_305_mask.4dfp.img
       256       256       256         1
  1.000000  1.000000  1.000000
orientation T byte_order littleendian
Reading mask: /opt/freesurfer/average/711-2B_as_mni_average_305_mask.4dfp.img (2306576 pixels)
talsrcimg_g11.4dfp.img
       256       256       256         1
  1.000000  1.000000  1.000000
orientation T byte_order littleendian
Reading image: talsrcimg_g11.4dfp.img
dimensions:      256       256       256
mmppix:       1.0000   -1.0000   -1.0000
center:     128.0000 -129.0000 -129.0000
fimgreg.f
image alignment mode   3335 decimal      D07 hex
parameters
    0.0050    3.8218   -0.1462   -0.0932   -7.7450   -7.8056
    2.5407   -3.4909   -0.9982   38.5748    4.2005  -38.5040
eta,q 0.97078 11.87769
niter,ni,del,rscale     5    3    5.0000    1.2000
parameter  4  0.714237 ->  0.500000 qaram    1.1500
parameter  5  0.882149 ->  0.500000 qaram    1.1500
parameters
    0.1977    4.2367   -0.1725   -4.2332  -11.8850  -10.7506
    2.7229   -2.9415   -1.5662   35.8500    3.8368  -36.9774
eta,q 0.97405 11.30517
  0.0330  0.0318  0.0306  0.0280  0.0266  0.0268  0.0290  0.0306  0.0278  0.0268  0.0266  0.0276
  0.0311  0.0305  0.0298  0.0278  0.0264  0.0264  0.0276  0.0286  0.0269  0.0262  0.0262  0.0269
  0.0298  0.0297  0.0293  0.0281  0.0269  0.0263  0.0267  0.0270  0.0264  0.0260  0.0261  0.0264
  0.0292  0.0292  0.0291  0.0291  0.0278  0.0265  0.0263  0.0263  0.0263  0.0263  0.0260  0.0260
  0.0294  0.0292  0.0293  0.0310  0.0290  0.0273  0.0266  0.0265  0.0266  0.0270  0.0261  0.0260
  0.0304  0.0296  0.0298  0.0333  0.0305  0.0288  0.0275  0.0277  0.0273  0.0283  0.0263  0.0262
  0.0320  0.0305  0.0306  0.0360  0.0322  0.0312  0.0288  0.0296  0.0283  0.0299  0.0267  0.0267
niter,ni,del,rscale     6    3    5.0000    1.2000
parameters
    0.1975    4.2021   -0.8158   -5.6541  -12.6199  -12.4639
    2.7386   -2.8482   -1.5530   35.4824    4.8176  -37.4713
eta,q 0.97437 11.09630
  0.0291  0.0282  0.0265  0.0275  0.0278  0.0269  0.0281  0.0293  0.0273  0.0275  0.0263  0.0267
  0.0274  0.0269  0.0260  0.0267  0.0269  0.0260  0.0268  0.0275  0.0264  0.0264  0.0260  0.0261
  0.0263  0.0261  0.0259  0.0261  0.0262  0.0256  0.0259  0.0262  0.0258  0.0258  0.0258  0.0257
  0.0259  0.0260  0.0259  0.0258  0.0259  0.0259  0.0257  0.0257  0.0257  0.0257  0.0257  0.0256
  0.0263  0.0263  0.0263  0.0262  0.0264  0.0264  0.0260  0.0260  0.0259  0.0259  0.0256  0.0258
  0.0274  0.0271  0.0269  0.0276  0.0273  0.0272  0.0268  0.0273  0.0264  0.0267  0.0258  0.0263
  0.0291  0.0282  0.0278  0.0299  0.0287  0.0286  0.0281  0.0292  0.0273  0.0278  0.0260  0.0270
niter,ni,del,rscale     5    3    5.0000    1.2000
parameters
    0.2142    4.2741   -1.2802   -5.9003  -12.8659  -13.1054
    2.7715   -2.9458   -1.5776   35.8797    4.7133  -37.9630
eta,q 0.97449 11.05681
  0.0287  0.0280  0.0265  0.0275  0.0276  0.0274  0.0279  0.0290  0.0271  0.0278  0.0260  0.0265
  0.0271  0.0267  0.0259  0.0266  0.0266  0.0263  0.0266  0.0272  0.0262  0.0265  0.0257  0.0260
  0.0260  0.0259  0.0256  0.0260  0.0259  0.0255  0.0258  0.0260  0.0257  0.0258  0.0256  0.0256
  0.0256  0.0256  0.0256  0.0256  0.0256  0.0256  0.0255  0.0255  0.0255  0.0255  0.0255  0.0255
  0.0260  0.0259  0.0260  0.0256  0.0259  0.0262  0.0258  0.0260  0.0257  0.0257  0.0256  0.0257
  0.0270  0.0266  0.0266  0.0264  0.0267  0.0269  0.0266  0.0272  0.0262  0.0262  0.0257  0.0262
  0.0286  0.0277  0.0275  0.0282  0.0280  0.0280  0.0279  0.0293  0.0271  0.0273  0.0261  0.0269
niter,ni,del,rscale     4    3    5.0000    1.2000
parameters
    0.1965    4.3411   -1.5451   -5.9372  -13.1575  -13.4492
    2.8082   -2.9913   -1.5396   36.2361    4.5511  -38.2975
eta,q 0.97455 11.03885
  0.0285  0.0278  0.0266  0.0274  0.0275  0.0276  0.0279  0.0290  0.0270  0.0276  0.0259  0.0265
  0.0269  0.0266  0.0259  0.0265  0.0265  0.0264  0.0266  0.0271  0.0262  0.0264  0.0257  0.0259
  0.0258  0.0258  0.0256  0.0259  0.0258  0.0256  0.0257  0.0259  0.0256  0.0257  0.0255  0.0256
  0.0255  0.0255  0.0255  0.0255  0.0255  0.0255  0.0255  0.0255  0.0255  0.0255  0.0255  0.0255
  0.0259  0.0258  0.0258  0.0255  0.0258  0.0260  0.0258  0.0259  0.0256  0.0256  0.0255  0.0256
  0.0269  0.0265  0.0264  0.0262  0.0266  0.0268  0.0266  0.0272  0.0262  0.0262  0.0257  0.0261
  0.0286  0.0275  0.0272  0.0279  0.0279  0.0278  0.0278  0.0291  0.0270  0.0272  0.0260  0.0268
niter,ni,del,rscale     3    3    5.0000    1.2000
parameters
    0.1844    4.4109   -1.7163   -5.9694  -13.4159  -13.6894
    2.8333   -3.0238   -1.4864   36.5152    4.4052  -38.5077
eta,q 0.97457 11.02350
  0.0284  0.0278  0.0267  0.0274  0.0274  0.0276  0.0278  0.0289  0.0270  0.0275  0.0259  0.0265
  0.0268  0.0265  0.0260  0.0265  0.0265  0.0264  0.0265  0.0271  0.0261  0.0263  0.0256  0.0259
  0.0258  0.0257  0.0255  0.0259  0.0258  0.0256  0.0257  0.0259  0.0256  0.0257  0.0255  0.0256
  0.0255  0.0255  0.0255  0.0254  0.0255  0.0255  0.0254  0.0254  0.0254  0.0254  0.0254  0.0254
  0.0258  0.0257  0.0257  0.0255  0.0257  0.0260  0.0257  0.0259  0.0256  0.0256  0.0255  0.0256
  0.0269  0.0264  0.0262  0.0261  0.0265  0.0267  0.0265  0.0271  0.0261  0.0262  0.0257  0.0260
  0.0285  0.0274  0.0271  0.0278  0.0278  0.0277  0.0277  0.0291  0.0269  0.0272  0.0260  0.0267
niter,ni,del,rscale     2    3    5.0000    1.2000
parameters
    0.1756    4.4775   -1.8408   -6.0008  -13.6303  -13.8836
    2.8479   -3.0474   -1.4337   36.7469    4.3113  -38.6469
eta,q 0.97458 11.01008
  0.0284  0.0277  0.0267  0.0273  0.0273  0.0276  0.0278  0.0289  0.0270  0.0275  0.0259  0.0265
  0.0268  0.0264  0.0260  0.0265  0.0264  0.0264  0.0265  0.0271  0.0261  0.0263  0.0256  0.0259
  0.0258  0.0257  0.0255  0.0258  0.0258  0.0256  0.0257  0.0259  0.0256  0.0256  0.0255  0.0255
  0.0254  0.0254  0.0254  0.0254  0.0254  0.0254  0.0254  0.0254  0.0254  0.0254  0.0254  0.0254
  0.0258  0.0257  0.0257  0.0254  0.0257  0.0259  0.0257  0.0258  0.0256  0.0256  0.0255  0.0256
  0.0268  0.0263  0.0262  0.0261  0.0264  0.0267  0.0265  0.0271  0.0261  0.0262  0.0256  0.0260
  0.0284  0.0274  0.0270  0.0278  0.0277  0.0277  0.0277  0.0290  0.0269  0.0272  0.0259  0.0266
niter,ni,del,rscale     1    3    5.0000    1.2000
parameters
    0.1680    4.5362   -1.9383   -6.0191  -13.8190  -14.0493
    2.8564   -3.0684   -1.3892   36.9300    4.2186  -38.7466
eta,q 0.97459 10.99799
  0.0284  0.0276  0.0267  0.0273  0.0273  0.0276  0.0277  0.0289  0.0269  0.0274  0.0259  0.0265
  0.0268  0.0264  0.0260  0.0264  0.0264  0.0264  0.0265  0.0271  0.0261  0.0263  0.0256  0.0259
  0.0258  0.0257  0.0255  0.0258  0.0257  0.0256  0.0257  0.0259  0.0256  0.0256  0.0255  0.0255
  0.0254  0.0254  0.0254  0.0254  0.0254  0.0254  0.0254  0.0254  0.0254  0.0254  0.0254  0.0254
  0.0258  0.0257  0.0256  0.0254  0.0256  0.0259  0.0257  0.0258  0.0256  0.0256  0.0255  0.0255
  0.0268  0.0263  0.0262  0.0261  0.0264  0.0267  0.0265  0.0271  0.0261  0.0262  0.0256  0.0259
  0.0284  0.0274  0.0269  0.0277  0.0276  0.0277  0.0277  0.0290  0.0269  0.0272  0.0259  0.0266
registration optimization eta report
parameter search radius
    2.4000    2.4000    2.4000    8.2800    8.2800    7.2000
    7.2000    7.2000    7.2000    7.2000    7.2000    7.2000
100000*second partial in parameter space
       52.       36.       24.        3.        3.        4.
        4.        7.        3.        4.        1.        2.
  0.0284  0.0276  0.0267  0.0273  0.0273  0.0276  0.0277  0.0289  0.0269  0.0274  0.0259  0.0265
  0.0268  0.0264  0.0260  0.0264  0.0264  0.0264  0.0265  0.0271  0.0261  0.0263  0.0256  0.0259
  0.0258  0.0257  0.0255  0.0258  0.0257  0.0256  0.0257  0.0259  0.0256  0.0256  0.0255  0.0255
  0.0254  0.0254  0.0254  0.0254  0.0254  0.0254  0.0254  0.0254  0.0254  0.0254  0.0254  0.0254
  0.0258  0.0257  0.0256  0.0254  0.0256  0.0259  0.0257  0.0258  0.0256  0.0256  0.0255  0.0255
  0.0268  0.0263  0.0262  0.0261  0.0264  0.0267  0.0265  0.0271  0.0261  0.0262  0.0256  0.0259
  0.0284  0.0274  0.0269  0.0277  0.0276  0.0277  0.0277  0.0290  0.0269  0.0272  0.0259  0.0266
    0.1680    4.5362   -1.9383   -6.0191  -13.8190  -14.0493
    2.8564   -3.0684   -1.3892   36.9300    4.2186  -38.7466
eta,q 0.97459 10.99799

---------------------------------------------------------------------
imgreg_4dfp /opt/freesurfer/average/711-2C_as_mni_average_305 /opt/freesurfer/average/711-2B_as_mni_average_305_mask talsrcimg_g11 none talsrcimg_to_711-2C_as_mni_average_305_t4 2311
---------------------------------------------------------------------

freesurfer imgreg_4dfp.c
/opt/freesurfer/average/711-2C_as_mni_average_305.4dfp.img
       256       256       256         1
  1.000000  1.000000  1.000000
orientation T byte_order littleendian
Reading image: /opt/freesurfer/average/711-2C_as_mni_average_305.4dfp.img
dimensions:      256       256       256
mmppix:       1.0000   -1.0000   -1.0000
center:     128.0000 -129.0000 -129.0000
/opt/freesurfer/average/711-2B_as_mni_average_305_mask.4dfp.img
       256       256       256         1
  1.000000  1.000000  1.000000
orientation T byte_order littleendian
Reading mask: /opt/freesurfer/average/711-2B_as_mni_average_305_mask.4dfp.img (2306576 pixels)
talsrcimg_g11.4dfp.img
       256       256       256         1
  1.000000  1.000000  1.000000
orientation T byte_order littleendian
Reading image: talsrcimg_g11.4dfp.img
dimensions:      256       256       256
mmppix:       1.0000   -1.0000   -1.0000
center:     128.0000 -129.0000 -129.0000
fimgreg.f
image alignment mode   2311 decimal      907 hex
parameters
    0.1680    4.5362   -1.9383   -6.0191  -13.8190  -14.0493
    2.8564   -3.0684   -1.3892   36.9300    4.2186  -38.7466
eta,q 0.97459 10.99799
niter,ni,del,rscale     5    3    5.0000    0.8000
parameters
    0.1563    4.5536   -2.0349   -4.9817  -13.5331  -14.3234
    2.8561   -2.9948   -1.3925   36.8910    3.9972  -38.7109
eta,q 0.97467 11.05546
  0.0268  0.0264  0.0260  0.0262  0.0262  0.0264  0.0265  0.0271  0.0260  0.0262  0.0256  0.0258
  0.0260  0.0258  0.0256  0.0259  0.0258  0.0258  0.0258  0.0262  0.0257  0.0257  0.0254  0.0256
  0.0256  0.0255  0.0255  0.0256  0.0255  0.0254  0.0255  0.0256  0.0254  0.0254  0.0253  0.0254
  0.0254  0.0254  0.0254  0.0254  0.0254  0.0254  0.0253  0.0253  0.0253  0.0253  0.0253  0.0253
  0.0256  0.0255  0.0255  0.0254  0.0254  0.0256  0.0255  0.0255  0.0254  0.0254  0.0254  0.0254
  0.0260  0.0258  0.0258  0.0255  0.0256  0.0260  0.0258  0.0261  0.0257  0.0257  0.0255  0.0256
  0.0268  0.0263  0.0261  0.0258  0.0261  0.0265  0.0264  0.0270  0.0260  0.0262  0.0256  0.0258
niter,ni,del,rscale     4    3    5.0000    0.7000
parameters
    0.1653    4.4824   -2.1055   -4.9601  -13.3924  -14.4681
    2.8154   -2.9813   -1.3901   36.8517    3.9812  -38.6935
eta,q 0.97469 11.05422
  0.0264  0.0260  0.0258  0.0259  0.0260  0.0262  0.0262  0.0267  0.0259  0.0260  0.0255  0.0257
  0.0258  0.0256  0.0255  0.0256  0.0257  0.0257  0.0257  0.0259  0.0256  0.0256  0.0254  0.0255
  0.0255  0.0254  0.0254  0.0254  0.0254  0.0254  0.0254  0.0255  0.0254  0.0254  0.0253  0.0254
  0.0253  0.0253  0.0253  0.0253  0.0253  0.0253  0.0253  0.0253  0.0253  0.0253  0.0253  0.0253
  0.0254  0.0254  0.0254  0.0254  0.0254  0.0255  0.0254  0.0255  0.0254  0.0254  0.0253  0.0253
  0.0258  0.0257  0.0256  0.0255  0.0256  0.0258  0.0257  0.0259  0.0256  0.0256  0.0254  0.0255
  0.0264  0.0261  0.0259  0.0259  0.0259  0.0262  0.0262  0.0266  0.0259  0.0260  0.0255  0.0257
niter,ni,del,rscale     3    3    5.0000    0.6000
parameters
    0.1667    4.4530   -2.1372   -4.8474  -13.3096  -14.5732
    2.7970   -2.9735   -1.4021   36.8522    3.9527  -38.6831
eta,q 0.97469 11.05856
  0.0261  0.0258  0.0257  0.0257  0.0258  0.0260  0.0260  0.0263  0.0257  0.0258  0.0254  0.0256
  0.0257  0.0255  0.0255  0.0255  0.0256  0.0256  0.0256  0.0258  0.0255  0.0255  0.0254  0.0254
  0.0254  0.0254  0.0253  0.0254  0.0254  0.0253  0.0254  0.0254  0.0254  0.0254  0.0253  0.0253
  0.0253  0.0253  0.0253  0.0253  0.0253  0.0253  0.0253  0.0253  0.0253  0.0253  0.0253  0.0253
  0.0254  0.0254  0.0254  0.0253  0.0253  0.0254  0.0254  0.0254  0.0254  0.0253  0.0253  0.0253
  0.0257  0.0256  0.0255  0.0254  0.0255  0.0257  0.0256  0.0258  0.0255  0.0255  0.0254  0.0254
  0.0261  0.0259  0.0257  0.0257  0.0258  0.0260  0.0260  0.0263  0.0257  0.0258  0.0254  0.0256
niter,ni,del,rscale     2    3    5.0000    0.5000
parameters
    0.1676    4.4399   -2.1720   -4.7891  -13.2548  -14.6890
    2.7809   -2.9669   -1.4105   36.8807    3.8685  -38.6645
eta,q 0.97470 11.05847
  0.0259  0.0257  0.0255  0.0256  0.0257  0.0258  0.0258  0.0260  0.0256  0.0256  0.0254  0.0255
  0.0256  0.0255  0.0254  0.0254  0.0255  0.0255  0.0255  0.0256  0.0254  0.0255  0.0253  0.0254
  0.0254  0.0253  0.0253  0.0253  0.0254  0.0253  0.0254  0.0254  0.0253  0.0253  0.0253  0.0253
  0.0253  0.0253  0.0253  0.0253  0.0253  0.0253  0.0253  0.0253  0.0253  0.0253  0.0253  0.0253
  0.0254  0.0254  0.0253  0.0253  0.0253  0.0254  0.0254  0.0254  0.0253  0.0253  0.0253  0.0253
  0.0256  0.0255  0.0254  0.0254  0.0254  0.0256  0.0255  0.0256  0.0254  0.0254  0.0253  0.0254
  0.0259  0.0257  0.0256  0.0256  0.0256  0.0258  0.0258  0.0260  0.0256  0.0256  0.0254  0.0255
niter,ni,del,rscale     1    3    5.0000    0.4000
parameters
    0.1687    4.4304   -2.2036   -4.7146  -13.2180  -14.7928
    2.7675   -2.9524   -1.4088   36.9359    3.8506  -38.6404
eta,q 0.97471 11.05976
  0.0257  0.0255  0.0255  0.0255  0.0255  0.0256  0.0256  0.0258  0.0255  0.0255  0.0254  0.0254
  0.0255  0.0254  0.0254  0.0254  0.0254  0.0254  0.0254  0.0255  0.0254  0.0254  0.0253  0.0254
  0.0253  0.0253  0.0253  0.0253  0.0253  0.0253  0.0253  0.0254  0.0253  0.0253  0.0253  0.0253
  0.0253  0.0253  0.0253  0.0253  0.0253  0.0253  0.0253  0.0253  0.0253  0.0253  0.0253  0.0253
  0.0253  0.0253  0.0253  0.0253  0.0253  0.0254  0.0253  0.0253  0.0253  0.0253  0.0253  0.0253
  0.0255  0.0254  0.0254  0.0254  0.0254  0.0255  0.0254  0.0255  0.0254  0.0254  0.0253  0.0253
  0.0257  0.0256  0.0255  0.0255  0.0255  0.0257  0.0256  0.0258  0.0255  0.0255  0.0254  0.0254
registration optimization eta report
parameter search radius
    0.8000    0.8000    0.8000    2.4000    2.4000    2.4000
    2.4000    2.4000    2.4000    2.4000    2.4000    2.4000
100000*second partial in parameter space
       55.       38.       26.        3.        4.        6.
        5.        8.        3.        4.        1.        2.
  0.0257  0.0255  0.0255  0.0255  0.0255  0.0256  0.0256  0.0258  0.0255  0.0255  0.0254  0.0254
  0.0255  0.0254  0.0254  0.0254  0.0254  0.0254  0.0254  0.0255  0.0254  0.0254  0.0253  0.0254
  0.0253  0.0253  0.0253  0.0253  0.0253  0.0253  0.0253  0.0254  0.0253  0.0253  0.0253  0.0253
  0.0253  0.0253  0.0253  0.0253  0.0253  0.0253  0.0253  0.0253  0.0253  0.0253  0.0253  0.0253
  0.0253  0.0253  0.0253  0.0253  0.0253  0.0254  0.0253  0.0253  0.0253  0.0253  0.0253  0.0253
  0.0255  0.0254  0.0254  0.0254  0.0254  0.0255  0.0254  0.0255  0.0254  0.0254  0.0253  0.0253
  0.0257  0.0256  0.0255  0.0255  0.0255  0.0257  0.0256  0.0258  0.0255  0.0255  0.0254  0.0254
    0.1687    4.4304   -2.2036   -4.7146  -13.2180  -14.7928
    2.7675   -2.9524   -1.4088   36.9359    3.8506  -38.6404
eta,q 0.97471 11.05976

---------------------------------------------------------------------
imgreg_4dfp /opt/freesurfer/average/711-2C_as_mni_average_305 /opt/freesurfer/average/711-2B_as_mni_average_305_mask talsrcimg_g11 none talsrcimg_to_711-2C_as_mni_average_305_t4 2311
---------------------------------------------------------------------

freesurfer imgreg_4dfp.c
/opt/freesurfer/average/711-2C_as_mni_average_305.4dfp.img
       256       256       256         1
  1.000000  1.000000  1.000000
orientation T byte_order littleendian
Reading image: /opt/freesurfer/average/711-2C_as_mni_average_305.4dfp.img
dimensions:      256       256       256
mmppix:       1.0000   -1.0000   -1.0000
center:     128.0000 -129.0000 -129.0000
/opt/freesurfer/average/711-2B_as_mni_average_305_mask.4dfp.img
       256       256       256         1
  1.000000  1.000000  1.000000
orientation T byte_order littleendian
Reading mask: /opt/freesurfer/average/711-2B_as_mni_average_305_mask.4dfp.img (2306576 pixels)
talsrcimg_g11.4dfp.img
       256       256       256         1
  1.000000  1.000000  1.000000
orientation T byte_order littleendian
Reading image: talsrcimg_g11.4dfp.img
dimensions:      256       256       256
mmppix:       1.0000   -1.0000   -1.0000
center:     128.0000 -129.0000 -129.0000
fimgreg.f
image alignment mode   2311 decimal      907 hex
parameters
    0.1687    4.4304   -2.2036   -4.7146  -13.2180  -14.7928
    2.7675   -2.9524   -1.4088   36.9359    3.8506  -38.6404
eta,q 0.97471 11.05976
niter,ni,del,rscale     5    3    5.0000    0.8000
parameters
    0.1712    4.4674   -2.2292   -5.1176  -13.4416  -14.6074
    2.8068   -2.9802   -1.3651   36.9072    3.9824  -38.8012
eta,q 0.97469 11.03963
  0.0267  0.0263  0.0259  0.0259  0.0260  0.0266  0.0265  0.0270  0.0260  0.0262  0.0256  0.0258
  0.0259  0.0258  0.0256  0.0256  0.0257  0.0259  0.0258  0.0261  0.0256  0.0257  0.0254  0.0255
  0.0255  0.0254  0.0254  0.0254  0.0254  0.0254  0.0254  0.0255  0.0254  0.0254  0.0253  0.0254
  0.0253  0.0253  0.0253  0.0253  0.0253  0.0253  0.0253  0.0253  0.0253  0.0253  0.0253  0.0253
  0.0255  0.0254  0.0254  0.0254  0.0254  0.0255  0.0254  0.0255  0.0254  0.0254  0.0253  0.0254
  0.0259  0.0257  0.0256  0.0257  0.0257  0.0259  0.0258  0.0261  0.0256  0.0257  0.0254  0.0256
  0.0267  0.0262  0.0260  0.0263  0.0262  0.0264  0.0264  0.0270  0.0260  0.0262  0.0255  0.0259
niter,ni,del,rscale     4    3    5.0000    0.7000
parameters
    0.1672    4.4787   -2.1894   -4.9707  -13.4289  -14.5845
    2.8072   -2.9871   -1.3825   36.9349    3.8980  -38.7675
eta,q 0.97469 11.04951
  0.0264  0.0261  0.0258  0.0259  0.0259  0.0263  0.0262  0.0266  0.0259  0.0260  0.0255  0.0257
  0.0258  0.0256  0.0256  0.0256  0.0256  0.0257  0.0257  0.0259  0.0256  0.0256  0.0254  0.0255
  0.0254  0.0254  0.0254  0.0254  0.0254  0.0254  0.0254  0.0255  0.0254  0.0254  0.0253  0.0254
  0.0253  0.0253  0.0253  0.0253  0.0253  0.0253  0.0253  0.0253  0.0253  0.0253  0.0253  0.0253
  0.0254  0.0254  0.0254  0.0253  0.0254  0.0255  0.0254  0.0255  0.0254  0.0254  0.0253  0.0253
  0.0258  0.0256  0.0255  0.0255  0.0256  0.0258  0.0257  0.0259  0.0256  0.0256  0.0254  0.0255
  0.0264  0.0260  0.0258  0.0258  0.0259  0.0262  0.0262  0.0266  0.0259  0.0260  0.0255  0.0257
niter,ni,del,rscale     3    3    5.0000    0.6000
parameters
    0.1648    4.4707   -2.1883   -4.8764  -13.3768  -14.6459
    2.8030   -2.9763   -1.3816   36.9345    3.8518  -38.7301
eta,q 0.97470 11.05298
  0.0261  0.0259  0.0257  0.0257  0.0258  0.0260  0.0260  0.0263  0.0257  0.0258  0.0254  0.0256
  0.0257  0.0255  0.0255  0.0255  0.0255  0.0256  0.0256  0.0258  0.0255  0.0255  0.0254  0.0254
  0.0254  0.0254  0.0253  0.0254  0.0254  0.0254  0.0254  0.0254  0.0254  0.0254  0.0253  0.0253
  0.0253  0.0253  0.0253  0.0253  0.0253  0.0253  0.0253  0.0253  0.0253  0.0253  0.0253  0.0253
  0.0254  0.0254  0.0254  0.0253  0.0253  0.0254  0.0254  0.0254  0.0254  0.0253  0.0253  0.0253
  0.0257  0.0256  0.0255  0.0254  0.0255  0.0257  0.0256  0.0258  0.0255  0.0255  0.0254  0.0254
  0.0261  0.0259  0.0257  0.0257  0.0258  0.0260  0.0260  0.0263  0.0257  0.0258  0.0254  0.0256
niter,ni,del,rscale     2    3    5.0000    0.5000
parameters
    0.1648    4.4610   -2.2054   -4.7918  -13.3057  -14.7426
    2.7827   -2.9622   -1.3888   36.9429    3.8434  -38.6942
eta,q 0.97470 11.05540
  0.0259  0.0257  0.0256  0.0256  0.0257  0.0258  0.0258  0.0260  0.0256  0.0256  0.0254  0.0255
  0.0255  0.0255  0.0254  0.0254  0.0255  0.0255  0.0255  0.0256  0.0254  0.0255  0.0253  0.0254
  0.0254  0.0253  0.0253  0.0253  0.0254  0.0253  0.0254  0.0254  0.0253  0.0253  0.0253  0.0253
  0.0253  0.0253  0.0253  0.0253  0.0253  0.0253  0.0253  0.0253  0.0253  0.0253  0.0253  0.0253
  0.0254  0.0254  0.0253  0.0253  0.0253  0.0254  0.0254  0.0254  0.0253  0.0253  0.0253  0.0253
  0.0255  0.0255  0.0254  0.0254  0.0254  0.0256  0.0255  0.0256  0.0254  0.0254  0.0253  0.0254
  0.0259  0.0257  0.0256  0.0256  0.0256  0.0258  0.0258  0.0260  0.0256  0.0256  0.0254  0.0255
niter,ni,del,rscale     1    3    5.0000    0.4000
parameters
    0.1668    4.4509   -2.2310   -4.7413  -13.2679  -14.8403
    2.7722   -2.9561   -1.4043   36.9826    3.7724  -38.6908
eta,q 0.97471 11.05557
  0.0257  0.0255  0.0255  0.0255  0.0255  0.0256  0.0256  0.0258  0.0255  0.0255  0.0254  0.0254
  0.0255  0.0254  0.0254  0.0254  0.0254  0.0254  0.0254  0.0255  0.0254  0.0254  0.0253  0.0254
  0.0253  0.0253  0.0253  0.0253  0.0253  0.0253  0.0253  0.0253  0.0253  0.0253  0.0253  0.0253
  0.0253  0.0253  0.0253  0.0253  0.0253  0.0253  0.0253  0.0253  0.0253  0.0253  0.0253  0.0253
  0.0253  0.0253  0.0253  0.0253  0.0253  0.0254  0.0253  0.0253  0.0253  0.0253  0.0253  0.0253
  0.0255  0.0254  0.0254  0.0254  0.0254  0.0255  0.0254  0.0255  0.0254  0.0254  0.0253  0.0253
  0.0257  0.0256  0.0255  0.0255  0.0255  0.0257  0.0256  0.0258  0.0255  0.0255  0.0254  0.0254
registration optimization eta report
parameter search radius
    0.8000    0.8000    0.8000    2.4000    2.4000    2.4000
    2.4000    2.4000    2.4000    2.4000    2.4000    2.4000
100000*second partial in parameter space
       55.       39.       26.        3.        4.        6.
        5.        8.        3.        4.        1.        2.
  0.0257  0.0255  0.0255  0.0255  0.0255  0.0256  0.0256  0.0258  0.0255  0.0255  0.0254  0.0254
  0.0255  0.0254  0.0254  0.0254  0.0254  0.0254  0.0254  0.0255  0.0254  0.0254  0.0253  0.0254
  0.0253  0.0253  0.0253  0.0253  0.0253  0.0253  0.0253  0.0253  0.0253  0.0253  0.0253  0.0253
  0.0253  0.0253  0.0253  0.0253  0.0253  0.0253  0.0253  0.0253  0.0253  0.0253  0.0253  0.0253
  0.0253  0.0253  0.0253  0.0253  0.0253  0.0254  0.0253  0.0253  0.0253  0.0253  0.0253  0.0253
  0.0255  0.0254  0.0254  0.0254  0.0254  0.0255  0.0254  0.0255  0.0254  0.0254  0.0253  0.0253
  0.0257  0.0256  0.0255  0.0255  0.0255  0.0257  0.0256  0.0258  0.0255  0.0255  0.0254  0.0254
    0.1668    4.4509   -2.2310   -4.7413  -13.2679  -14.8403
    2.7722   -2.9561   -1.4043   36.9826    3.7724  -38.6908
eta,q 0.97471 11.05557

---------------------------------------------------------------------
compute_vox2vox talsrcimg talsrcimg_to_711-2C_as_mni_average_305_t4 /opt/freesurfer/average/711-2C_as_mni_average_305
---------------------------------------------------------------------

freesurfer compute_vox2vox.c
Reading: talsrcimg.4dfp.ifh
Reading: talsrcimg_to_711-2C_as_mni_average_305_t4
Reading: /opt/freesurfer/average/711-2C_as_mni_average_305.4dfp.ifh
Writing: talsrcimg_to_711-2C_as_mni_average_305_t4_vox2vox.txt

start time Sun Mar 8 15:58:45 CET 2026
end		time Sun Mar 8 15:58:59 CET 2026

mpr2mni305 success

avi2talxfm orig_nu.mgz /opt/freesurfer/average/mni305.cor.mgz talsrcimg_to_711-2C_as_mni_average_305_t4_vox2vox.txt transforms/talairach.auto.xfm
avi2talxfm done
mv -f /out/sourcedata/freesurfer/sub-v1s13x0050026_ses-1/mri/talsrcimg_to_711-2C_as_mni_average_305_t4_vox2vox.txt /out/sourcedata/freesurfer/sub-v1s13x0050026_ses-1/mri/transforms/talsrcimg_to_711-2C_as_mni_average_305_t4_vox2vox.txt
lta_convert --src orig_nu.mgz --trg /opt/freesurfer/average/mni305.cor.mgz --inxfm transforms/talairach.auto.xfm --outlta transforms/talairach.auto.xfm.lta --subject fsaverage
7.3.2

--src: orig_nu.mgz src image (geometry).
--trg: /opt/freesurfer/average/mni305.cor.mgz trg image (geometry).
--inmni: transforms/talairach.auto.xfm input MNI/XFM transform.
--outlta: transforms/talairach.auto.xfm.lta output LTA.
--s: fsaverage subject name
 LTA read, type : 1
 1.04787   0.04266  -0.01446   0.94898;
-0.03243   0.98238   0.43927  -0.66142;
 0.03079  -0.41820   0.96544  -4.79727;
 0.00000   0.00000   0.00000   1.00000;
setting subject to fsaverage
Writing  LTA to file transforms/talairach.auto.xfm.lta...
lta_convert successful.
 
 
Started at Sun Mar 8 15:58:45 CET 2026
Ended   at Sun Mar  8 15:58:59 CET 2026
talairach_avi done
