status file for recon-all
Sun Mar  8 18:15:27 CET 2026
#@# Tessellate lh Sun Mar  8 18:15:27 CET 2026
#@# Smooth1 lh Sun Mar  8 18:15:31 CET 2026
#@# Inflation1 lh Sun Mar  8 18:15:33 CET 2026
#@# QSphere lh Sun Mar  8 18:15:44 CET 2026
#@# Fix Topology lh Sun Mar  8 18:16:48 CET 2026
#@# Smooth2 lh Sun Mar  8 18:32:13 CET 2026
#@# Inflation2 lh Sun Mar  8 18:32:16 CET 2026
#@# Curv .H and .K lh Sun Mar  8 18:32:29 CET 2026
#@# Sphere lh Sun Mar  8 18:33:22 CET 2026
#@# Surf Reg lh Sun Mar  8 18:36:13 CET 2026
#@# Jacobian white lh Sun Mar  8 18:40:00 CET 2026
#@# AvgCurv lh Sun Mar  8 18:40:00 CET 2026
#@# Cortical Parc lh Sun Mar  8 18:40:01 CET 2026
#@# white curv lh Sun Mar  8 18:45:52 CET 2026
#@# white area lh Sun Mar  8 18:45:54 CET 2026
#@# pial curv lh Sun Mar  8 18:45:54 CET 2026
#@# pial area lh Sun Mar  8 18:45:56 CET 2026
#@# thickness lh Sun Mar  8 18:45:57 CET 2026
#@# area and vertex vol lh Sun Mar  8 18:46:31 CET 2026
#@# Curvature Stats lh Sun Mar  8 18:46:32 CET 2026
#@# Cortical Parc 2 lh Sun Mar  8 18:46:35 CET 2026
#@# Cortical Parc 3 lh Sun Mar  8 18:46:49 CET 2026
#@# WM/GM Contrast lh Sun Mar  8 18:47:00 CET 2026
recon-all -s sub-v1s13x0050045_ses-1 finished without error at Sun Mar  8 18:47:03 CET 2026



#New# invocation of recon-all 



status file for recon-all
Sun Mar  8 19:25:53 CET 2026
#@# white curv lh Sun Mar  8 19:25:53 CET 2026
#@# white area lh Sun Mar  8 19:25:53 CET 2026
#@# pial curv lh Sun Mar  8 19:25:53 CET 2026
#@# pial area lh Sun Mar  8 19:25:53 CET 2026
#@# thickness lh Sun Mar  8 19:25:53 CET 2026
#@# area and vertex vol lh Sun Mar  8 19:25:53 CET 2026
#@# Parcellation Stats lh Sun Mar  8 19:25:53 CET 2026
#@# Parcellation Stats 2 lh Sun Mar  8 19:26:16 CET 2026
#@# Parcellation Stats 3 lh Sun Mar  8 19:26:28 CET 2026
#@# BA_exvivo Labels lh Sun Mar  8 19:26:39 CET 2026
recon-all -s sub-v1s13x0050045_ses-1 finished without error at Sun Mar  8 19:29:15 CET 2026
