/out/sourcedata/freesurfer/sub-v1s13x0050057_ses-1/mri
/opt/freesurfer/bin/talairach_avi
--i orig_nu.mgz --xfm transforms/talairach.auto.xfm
talairach_avi 7.3.2
Linux dna002 5.14.0-427.37.1.el9_4.x86_64 #1 SMP PREEMPT_DYNAMIC Fri Sep 13 12:41:50 EDT 2024 x86_64 x86_64 x86_64 GNU/Linux
Sun Mar  8 17:02:01 CET 2026
mri_convert orig_nu.mgz talsrcimg.img 
reading from orig_nu.mgz...
TR=0.00, TE=0.00, TI=0.00, flip angle=0.00
i_ras = (-1, 0, 0)
j_ras = (0, 0, -1)
k_ras = (0, 1, 0)
writing to talsrcimg.img...
Analyze Output Matrix
-1.00000   0.00000   0.00000   130.25137;
 0.00000   0.00000   1.00000  -127.94919;
 0.00000  -1.00000   0.00000   108.25902;
 0.00000   0.00000   0.00000   1.00000;
--------------------
INFO: set hdr.hist.orient to -1
mpr2mni305 talsrcimg
Sun Mar  8 17:02:02 CET 2026
/opt/freesurfer/bin/mpr2mni305 talsrcimg
mpr2mni305 7.3.2
target=711-2C_as_mni_average_305

---------------------------------------------------------------------
analyzeto4dfp talsrcimg -O0 -y
---------------------------------------------------------------------

freesurfer ifh2hdr.c
Sun Mar  8 17:02:02 2026
Writing: talsrcimg.4dfp.hdr
freesurfer analyzeto4dfp.c
Reading: talsrcimg.hdr
header size 348 bytes
hdr.dime.datatype	offset=70	value=2
hdr.dime.bitpix		offset=72	value=8
hdr.hist.orient		offset=252	value=-1
dimensionality     4
dimensions       256       256       256         1
Reading: talsrcimg.img
Writing: talsrcimg.4dfp.img
Writing: talsrcimg.4dfp.ifh
ifh2hdr talsrcimg -r0to251
ori=2

---------------------------------------------------------------------
gauss_4dfp talsrcimg 1.1
---------------------------------------------------------------------

freesurfer gauss_4dfp.c
Reading: talsrcimg.4dfp.img
Writing: talsrcimg_g11.4dfp.img
image dimensions 256 256 256 padded to 288 288 288
processing volume 1freesurfer ifh2hdr.c
Sun Mar  8 17:02:04 2026
Writing: talsrcimg_g11.4dfp.hdr

Writing: talsrcimg_g11.4dfp.ifh
including: talsrcimg.4dfp.img.rec in talsrcimg_g11.4dfp.img.rec

---------------------------------------------------------------------
imgreg_4dfp /opt/freesurfer/average/711-2C_as_mni_average_305 none talsrcimg_g11 none talsrcimg_to_711-2C_as_mni_average_305_t4 4355
---------------------------------------------------------------------

freesurfer imgreg_4dfp.c
/opt/freesurfer/average/711-2C_as_mni_average_305.4dfp.img
       256       256       256         1
  1.000000  1.000000  1.000000
orientation T byte_order littleendian
Reading image: /opt/freesurfer/average/711-2C_as_mni_average_305.4dfp.img
dimensions:      256       256       256
mmppix:       1.0000   -1.0000   -1.0000
center:     128.0000 -129.0000 -129.0000
talsrcimg_g11.4dfp.img
       256       256       256         1
  1.000000  1.000000  1.000000
orientation T byte_order littleendian
Reading image: talsrcimg_g11.4dfp.img
dimensions:      256       256       256
mmppix:       1.0000   -1.0000   -1.0000
center:     128.0000 -129.0000 -129.0000
t4_read: open error in t4_sub.f l:  41 t4_file(1:l)talsrcimg_to_711-2C_as_mni_average_305_t4 
t4_read: transform initialized to I4
rotation matrix determinant  1.000000
image alignment mode   4355 decimal     1103 hex
   -7.5000  -45.0000  -45.0000 8876.5781   16.6039
    0.0000  -45.0000  -45.0000 9311.2061   16.5931
    7.5000  -45.0000  -45.0000 8910.7910   16.5531
   -7.5000  -37.5000  -45.0000 9431.8730   16.5310
    0.0000  -37.5000  -45.0000 9875.9219   16.5222
    7.5000  -37.5000  -45.0000 9452.6934   16.4814
   -7.5000  -30.0000  -45.000010268.4111   16.4469
    0.0000  -30.0000  -45.000010730.6963   16.4501
    7.5000  -30.0000  -45.000010281.5703   16.4187
   -7.5000  -22.5000  -45.000011025.7559   16.3576
    0.0000  -22.5000  -45.000011520.1973   16.3714
    7.5000  -22.5000  -45.000011049.8779   16.3517
   -7.5000  -15.0000  -45.000011662.3740   16.2895
    0.0000  -15.0000  -45.000012170.7500   16.3031
    7.5000  -15.0000  -45.000011686.0908   16.2861
   -7.5000   -7.5000  -45.000012178.7041   16.2649
    0.0000   -7.5000  -45.000012728.6973   16.2655
    7.5000   -7.5000  -45.000012207.0371   16.2391
   -7.5000    0.0000  -45.000012645.9873   16.2770
    0.0000    0.0000  -45.000013211.8486   16.2659
    7.5000    0.0000  -45.000012687.4189   16.2285
   -7.5000    7.5000  -45.000012119.6113   16.2840
    0.0000    7.5000  -45.000012649.1299   16.2749
    7.5000    7.5000  -45.000012167.9199   16.2360
   -7.5000   15.0000  -45.000011484.8643   16.2784
    0.0000   15.0000  -45.000011976.5371   16.2810
    7.5000   15.0000  -45.000011526.8115   16.2507
   -7.5000   22.5000  -45.000010755.3223   16.2804
    0.0000   22.5000  -45.000011180.2344   16.2934
    7.5000   22.5000  -45.000010756.0215   16.2739
   -7.5000   30.0000  -45.0000 9942.0322   16.1603
    0.0000   30.0000  -45.000010340.6064   16.1731
    7.5000   30.0000  -45.0000 9948.5693   16.1559
   -7.5000   37.5000  -45.0000 9466.3301   16.3227
    0.0000   37.5000  -45.0000 9841.3164   16.3241
    7.5000   37.5000  -45.0000 9480.6846   16.2986
   -7.5000   45.0000  -45.0000 8711.6924   16.1138
    0.0000   45.0000  -45.0000 9058.0957   16.1043
    7.5000   45.0000  -45.0000 8734.2012   16.0675
   -7.5000  -45.0000  -37.5000 9419.1592   16.6029
    0.0000  -45.0000  -37.5000 9852.7676   16.5976
    7.5000  -45.0000  -37.5000 9449.5996   16.5610
   -7.5000  -37.5000  -37.5000 9977.5781   16.5232
    0.0000  -37.5000  -37.500010417.2207   16.5197
    7.5000  -37.5000  -37.500010003.6074   16.4844
   -7.5000  -30.0000  -37.500010818.0156   16.4378
    0.0000  -30.0000  -37.500011305.9980   16.4473
    7.5000  -30.0000  -37.500010853.2139   16.4199
   -7.5000  -22.5000  -37.500011600.4072   16.3553
    0.0000  -22.5000  -37.500012137.4854   16.3759
    7.5000  -22.5000  -37.500011636.2432   16.3557
   -7.5000  -15.0000  -37.500012240.0527   16.2922
    0.0000  -15.0000  -37.500012811.8193   16.3124
    7.5000  -15.0000  -37.500012296.1572   16.2920
   -7.5000   -7.5000  -37.500012766.9229   16.2651
    0.0000   -7.5000  -37.500013399.0459   16.2719
    7.5000   -7.5000  -37.500012828.6084   16.2445
   -7.5000    0.0000  -37.500013231.7832   16.2698
    0.0000    0.0000  -37.500013892.9277   16.2640
    7.5000    0.0000  -37.500013279.9062   16.2296
   -7.5000    7.5000  -37.500012677.4609   16.2703
    0.0000    7.5000  -37.500013280.9688   16.2662
    7.5000    7.5000  -37.500012725.5996   16.2325
   -7.5000   15.0000  -37.500011989.2891   16.2634
    0.0000   15.0000  -37.500012538.1367   16.2720
    7.5000   15.0000  -37.500012013.9688   16.2455
   -7.5000   22.5000  -37.500011215.6318   16.2720
    0.0000   22.5000  -37.500011700.7520   16.2918
    7.5000   22.5000  -37.500011219.5205   16.2717
   -7.5000   30.0000  -37.500010352.4336   16.1607
    0.0000   30.0000  -37.500010801.2646   16.1797
    7.5000   30.0000  -37.500010359.4834   16.1589
   -7.5000   37.5000  -37.5000 9815.1230   16.3200
    0.0000   37.5000  -37.500010220.5801   16.3267
    7.5000   37.5000  -37.5000 9824.8320   16.2996
   -7.5000   45.0000  -37.5000 9020.1963   16.1035
    0.0000   45.0000  -37.5000 9398.0283   16.0978
    7.5000   45.0000  -37.5000 9048.1143   16.0627
   -7.5000  -45.0000  -30.000010072.4766   17.2521
    0.0000  -45.0000  -30.000010543.6162   17.2509
    7.5000  -45.0000  -30.000010108.3262   17.2123
   -7.5000  -37.5000  -30.000010647.1846   17.1680
    0.0000  -37.5000  -30.000011130.9668   17.1704
    7.5000  -37.5000  -30.000010681.4375   17.1346
   -7.5000  -30.0000  -30.000011533.1963   17.0755
    0.0000  -30.0000  -30.000012080.3916   17.0927
    7.5000  -30.0000  -30.000011587.5908   17.0647
   -7.5000  -22.5000  -30.000012349.9824   16.9832
    0.0000  -22.5000  -30.000012942.8857   17.0118
    7.5000  -22.5000  -30.000012397.2197   16.9888
   -7.5000  -15.0000  -30.000013014.7021   16.9129
    0.0000  -15.0000  -30.000013643.5996   16.9393
    7.5000  -15.0000  -30.000013079.0459   16.9148
   -7.5000   -7.5000  -30.000013585.5566   16.8841
    0.0000   -7.5000  -30.000014283.3174   16.8951
    7.5000   -7.5000  -30.000013648.9502   16.8641
   -7.5000    0.0000  -30.000014054.1191   16.8903
    0.0000    0.0000  -30.000014778.5176   16.8884
    7.5000    0.0000  -30.000014099.7285   16.8521
   -7.5000    7.5000  -30.000013430.0225   16.8927
    0.0000    7.5000  -30.000014116.0127   16.8942
    7.5000    7.5000  -30.000013479.6416   16.8601
   -7.5000   15.0000  -30.000012703.8018   16.8851
    0.0000   15.0000  -30.000013316.3203   16.9013
    7.5000   15.0000  -30.000012722.6592   16.8740
   -7.5000   22.5000  -30.000011874.2979   16.8891
    0.0000   22.5000  -30.000012410.4277   16.9167
    7.5000   22.5000  -30.000011872.2529   16.8939
   -7.5000   30.0000  -30.000010942.6816   16.7755
    0.0000   30.0000  -30.000011435.1816   16.8005
    7.5000   30.0000  -30.000010943.1729   16.7755
   -7.5000   37.5000  -30.000010359.8408   16.9382
    0.0000   37.5000  -30.000010813.9678   16.9485
    7.5000   37.5000  -30.000010363.6221   16.9171
   -7.5000   45.0000  -30.0000 9527.1523   16.7239
    0.0000   45.0000  -30.0000 9921.6748   16.7214
    7.5000   45.0000  -30.0000 9524.3193   16.6836
   -7.5000  -45.0000  -22.500010677.8604   17.8249
    0.0000  -45.0000  -22.500011183.4688   17.8220
    7.5000  -45.0000  -22.500010725.6777   17.7779
   -7.5000  -37.5000  -22.500011257.7861   17.7456
    0.0000  -37.5000  -22.500011785.4717   17.7486
    7.5000  -37.5000  -22.500011312.7832   17.7064
   -7.5000  -30.0000  -22.500012191.1797   17.6499
    0.0000  -30.0000  -22.500012765.5811   17.6690
    7.5000  -30.0000  -22.500012249.1660   17.6359
   -7.5000  -22.5000  -22.500013038.3525   17.5433
    0.0000  -22.5000  -22.500013645.8223   17.5734
    7.5000  -22.5000  -22.500013071.1680   17.5487
   -7.5000  -15.0000  -22.500013745.1973   17.4602
    0.0000  -15.0000  -22.500014389.7998   17.4863
    7.5000  -15.0000  -22.500013787.8525   17.4620
   -7.5000   -7.5000  -22.500014338.2881   17.4330
    0.0000   -7.5000  -22.500015036.1318   17.4418
    7.5000   -7.5000  -22.500014378.3789   17.4086
   -7.5000    0.0000  -22.500014826.7061   17.4497
    0.0000    0.0000  -22.500015562.9385   17.4460
    7.5000    0.0000  -22.500014842.0088   17.4045
   -7.5000    7.5000  -22.500014145.7549   17.4603
    0.0000    7.5000  -22.500014860.3730   17.4624
    7.5000    7.5000  -22.500014177.3574   17.4221
   -7.5000   15.0000  -22.500013354.7314   17.4531
    0.0000   15.0000  -22.500013999.8984   17.4712
    7.5000   15.0000  -22.500013363.6826   17.4391
   -7.5000   22.5000  -22.500012423.4160   17.4452
    0.0000   22.5000  -22.500013035.4521   17.4742
    7.5000   22.5000  -22.500012434.6133   17.4498
   -7.5000   30.0000  -22.500011449.1367   17.3211
    0.0000   30.0000  -22.500011990.8809   17.3459
    7.5000   30.0000  -22.500011468.3574   17.3212
   -7.5000   37.5000  -22.500010844.2812   17.4910
    0.0000   37.5000  -22.500011329.4551   17.4995
    7.5000   37.5000  -22.500010838.5479   17.4659
   -7.5000   45.0000  -22.5000 9958.7676   17.2889
    0.0000   45.0000  -22.500010384.3525   17.2858
    7.5000   45.0000  -22.5000 9956.0684   17.2433
   -7.5000  -45.0000  -15.000011270.9102   18.2592
    0.0000  -45.0000  -15.000011802.9727   18.2493
    7.5000  -45.0000  -15.000011326.8887   18.2003
   -7.5000  -37.5000  -15.000011864.9619   18.1855
    0.0000  -37.5000  -15.000012412.9814   18.1829
    7.5000  -37.5000  -15.000011954.8271   18.1337
   -7.5000  -30.0000  -15.000012820.6387   18.0886
    0.0000  -30.0000  -15.000013397.9365   18.1022
    7.5000  -30.0000  -15.000012894.3906   18.0640
   -7.5000  -22.5000  -15.000013675.4912   17.9705
    0.0000  -22.5000  -15.000014271.9395   17.9943
    7.5000  -22.5000  -15.000013724.7939   17.9698
   -7.5000  -15.0000  -15.000014392.7930   17.8751
    0.0000  -15.0000  -15.000015027.2031   17.8943
    7.5000  -15.0000  -15.000014440.3379   17.8733
   -7.5000   -7.5000  -15.000014971.6992   17.8471
    0.0000   -7.5000  -15.000015664.8135   17.8488
    7.5000   -7.5000  -15.000014999.3193   17.8155
   -7.5000    0.0000  -15.000015464.8223   17.8725
    0.0000    0.0000  -15.000016203.5635   17.8622
    7.5000    0.0000  -15.000015503.3877   17.8160
   -7.5000    7.5000  -15.000014764.4258   17.8917
    0.0000    7.5000  -15.000015451.6016   17.8882
    7.5000    7.5000  -15.000014790.7168   17.8412
   -7.5000   15.0000  -15.000013915.7764   17.8864
    0.0000   15.0000  -15.000014570.6045   17.8990
    7.5000   15.0000  -15.000013924.3418   17.8619
   -7.5000   22.5000  -15.000012924.1025   17.8693
    0.0000   22.5000  -15.000013551.9609   17.8921
    7.5000   22.5000  -15.000012902.6758   17.8679
   -7.5000   30.0000  -15.000011883.5059   17.7346
    0.0000   30.0000  -15.000012442.4492   17.7529
    7.5000   30.0000  -15.000011871.5234   17.7317
   -7.5000   37.5000  -15.000011269.8682   17.9110
    0.0000   37.5000  -15.000011771.1650   17.9133
    7.5000   37.5000  -15.000011267.2344   17.8802
   -7.5000   45.0000  -15.000010339.2129   17.7214
    0.0000   45.0000  -15.000010786.5986   17.7136
    7.5000   45.0000  -15.000010334.1348   17.6678
   -7.5000  -45.0000   -7.500011833.3545   18.4656
    0.0000  -45.0000   -7.500012381.9180   18.4508
    7.5000  -45.0000   -7.500011904.5684   18.4016
   -7.5000  -37.5000   -7.500012453.0469   18.3880
    0.0000  -37.5000   -7.500013020.6426   18.3785
    7.5000  -37.5000   -7.500012550.8789   18.3279
   -7.5000  -30.0000   -7.500013469.3506   18.2900
    0.0000  -30.0000   -7.500014038.4189   18.2951
    7.5000  -30.0000   -7.500013560.0488   18.2558
   -7.5000  -22.5000   -7.500014348.0088   18.1743
    0.0000  -22.5000   -7.500014962.2930   18.1899
    7.5000  -22.5000   -7.500014412.2754   18.1663
   -7.5000  -15.0000   -7.500015091.6953   18.0812
    0.0000  -15.0000   -7.500015713.3613   18.0941
    7.5000  -15.0000   -7.500015133.1133   18.0752
   -7.5000   -7.5000   -7.500015674.3232   18.0504
    0.0000   -7.5000   -7.500016329.1953   18.0474
    7.5000   -7.5000   -7.500015715.0088   18.0158
   -7.5000    0.0000   -7.500016166.6045   18.0717
    0.0000    0.0000   -7.500016883.9004   18.0567
    7.5000    0.0000   -7.500016224.3613   18.0103
   -7.5000    7.5000   -7.500015416.6992   18.0887
    0.0000    7.5000   -7.500016094.0684   18.0787
    7.5000    7.5000   -7.500015438.2070   18.0303
   -7.5000   15.0000   -7.500014501.9600   18.0842
    0.0000   15.0000   -7.500015143.8066   18.0885
    7.5000   15.0000   -7.500014498.0146   18.0504
   -7.5000   22.5000   -7.500013450.0215   18.0698
    0.0000   22.5000   -7.500014050.6367   18.0845
    7.5000   22.5000   -7.500013438.7129   18.0612
   -7.5000   30.0000   -7.500012357.2012   17.9376
    0.0000   30.0000   -7.500012856.9492   17.9499
    7.5000   30.0000   -7.500012334.8389   17.9307
   -7.5000   37.5000   -7.500011735.7676   18.1166
    0.0000   37.5000   -7.500012186.5049   18.1146
    7.5000   37.5000   -7.500011712.9121   18.0839
   -7.5000   45.0000   -7.500010742.2598   17.9265
    0.0000   45.0000   -7.500011166.3965   17.9143
    7.5000   45.0000   -7.500010720.8447   17.8691
   -7.5000  -45.0000    0.000012296.7402   18.4772
    0.0000  -45.0000    0.000012829.0596   18.4645
    7.5000  -45.0000    0.000012374.8779   18.4197
   -7.5000  -37.5000    0.000012930.3223   18.3890
    0.0000  -37.5000    0.000013490.6885   18.3787
    7.5000  -37.5000    0.000013012.6865   18.3329
   -7.5000  -30.0000    0.000013981.7393   18.2894
    0.0000  -30.0000    0.000014601.7754   18.2924
    7.5000  -30.0000    0.000014084.0000   18.2570
   -7.5000  -22.5000    0.000014928.9531   18.1850
    0.0000  -22.5000    0.000015574.3623   18.1997
    7.5000  -22.5000    0.000015009.9912   18.1772
   -7.5000  -15.0000    0.000015659.9111   18.1043
    0.0000  -15.0000    0.000016217.9746   18.1187
    7.5000  -15.0000    0.000015702.7949   18.0993
   -7.5000   -7.5000    0.000016213.7695   18.0714
    0.0000   -7.5000    0.000016785.5137   18.0715
    7.5000   -7.5000    0.000016230.6523   18.0415
   -7.5000    0.0000    0.000016729.5352   18.0809
    0.0000    0.0000    0.000017358.0059   18.0680
    7.5000    0.0000    0.000016772.9531   18.0257
   -7.5000    7.5000    0.000015947.6035   18.0881
    0.0000    7.5000    0.000016540.6172   18.0774
    7.5000    7.5000    0.000015966.8496   18.0335
   -7.5000   15.0000    0.000014986.1650   18.0825
    0.0000   15.0000    0.000015537.9512   18.0849
    7.5000   15.0000    0.000014983.6055   18.0504
   -7.5000   22.5000    0.000013901.8613   18.0804
    0.0000   22.5000    0.000014383.2568   18.0943
    7.5000   22.5000    0.000013873.3623   18.0719
   -7.5000   30.0000    0.000012774.0527   17.9605
    0.0000   30.0000    0.000013208.6895   17.9740
    7.5000   30.0000    0.000012741.1924   17.9543
   -7.5000   37.5000    0.000012135.3223   18.1379
    0.0000   37.5000    0.000012539.9434   18.1388
    7.5000   37.5000    0.000012130.1846   18.1098
   -7.5000   45.0000    0.000011110.0771   17.9378
    0.0000   45.0000    0.000011519.2012   17.9266
    7.5000   45.0000    0.000011106.6025   17.8850
   -7.5000  -45.0000    7.500011795.5986   18.5139
    0.0000  -45.0000    7.500012356.8369   18.5078
    7.5000  -45.0000    7.500011866.2910   18.4667
   -7.5000  -37.5000    7.500012412.9043   18.4217
    0.0000  -37.5000    7.500012963.2656   18.4176
    7.5000  -37.5000    7.500012490.0996   18.3779
   -7.5000  -30.0000    7.500013389.5645   18.3233
    0.0000  -30.0000    7.500013993.6094   18.3336
    7.5000  -30.0000    7.500013472.5498   18.3027
   -7.5000  -22.5000    7.500014292.0244   18.2284
    0.0000  -22.5000    7.500014898.6660   18.2511
    7.5000  -22.5000    7.500014377.6562   18.2282
   -7.5000  -15.0000    7.500015075.5254   18.1554
    0.0000  -15.0000    7.500015593.3555   18.1776
    7.5000  -15.0000    7.500015129.4932   18.1545
   -7.5000   -7.5000    7.500015718.1650   18.1226
    0.0000   -7.5000    7.500016207.6963   18.1299
    7.5000   -7.5000    7.500015751.5498   18.0989
   -7.5000    0.0000    7.500016250.7646   18.1259
    0.0000    0.0000    7.500016765.4961   18.1191
    7.5000    0.0000    7.500016292.0420   18.0803
   -7.5000    7.5000    7.500015455.1094   18.1264
    0.0000    7.5000    7.500015955.7129   18.1216
    7.5000    7.5000    7.500015463.1475   18.0836
   -7.5000   15.0000    7.500014495.9756   18.1191
    0.0000   15.0000    7.500014974.6152   18.1284
    7.5000   15.0000    7.500014466.7910   18.0984
   -7.5000   22.5000    7.500013386.2461   18.1233
    0.0000   22.5000    7.500013849.4297   18.1450
    7.5000   22.5000    7.500013352.2402   18.1222
   -7.5000   30.0000    7.500012288.8115   18.0123
    0.0000   30.0000    7.500012732.7793   18.0331
    7.5000   30.0000    7.500012272.2070   18.0095
   -7.5000   37.5000    7.500011691.5938   18.1880
    0.0000   37.5000    7.500012088.2969   18.1951
    7.5000   37.5000    7.500011665.9590   18.1645
   -7.5000   45.0000    7.500010684.6445   17.9805
    0.0000   45.0000    7.500011100.2178   17.9739
    7.5000   45.0000    7.500010673.6172   17.9342
   -7.5000  -45.0000   15.000011186.9678   18.5970
    0.0000  -45.0000   15.000011699.3975   18.5955
    7.5000  -45.0000   15.000011247.0439   18.5539
   -7.5000  -37.5000   15.000011792.4824   18.5088
    0.0000  -37.5000   15.000012281.8682   18.5111
    7.5000  -37.5000   15.000011863.7012   18.4724
   -7.5000  -30.0000   15.000012752.7139   18.4119
    0.0000  -30.0000   15.000013269.8838   18.4303
    7.5000  -30.0000   15.000012835.8975   18.4000
   -7.5000  -22.5000   15.000013602.6289   18.3159
    0.0000  -22.5000   15.000014132.6641   18.3466
    7.5000  -22.5000   15.000013674.9229   18.3217
   -7.5000  -15.0000   15.000014372.8867   18.2403
    0.0000  -15.0000   15.000014893.9248   18.2685
    7.5000  -15.0000   15.000014407.9307   18.2421
   -7.5000   -7.5000   15.000015033.5859   18.2096
    0.0000   -7.5000   15.000015620.0195   18.2211
    7.5000   -7.5000   15.000015055.2646   18.1876
   -7.5000    0.0000   15.000015519.6279   18.2164
    0.0000    0.0000   15.000016131.6426   18.2140
    7.5000    0.0000   15.000015550.5254   18.1747
   -7.5000    7.5000   15.000014746.8506   18.2185
    0.0000    7.5000   15.000015310.3291   18.2198
    7.5000    7.5000   15.000014743.9893   18.1828
   -7.5000   15.0000   15.000013836.4561   18.2098
    0.0000   15.0000   15.000014362.6406   18.2270
    7.5000   15.0000   15.000013795.6504   18.1975
   -7.5000   22.5000   15.000012791.4922   18.2081
    0.0000   22.5000   15.000013266.4424   18.2376
    7.5000   22.5000   15.000012746.0576   18.2129
   -7.5000   30.0000   15.000011753.4629   18.0935
    0.0000   30.0000   15.000012210.6895   18.1201
    7.5000   30.0000   15.000011748.4297   18.0931
   -7.5000   37.5000   15.000011148.5322   18.2675
    0.0000   37.5000   15.000011571.2705   18.2782
    7.5000   37.5000   15.000011127.8867   18.2443
   -7.5000   45.0000   15.000010156.3438   18.0585
    0.0000   45.0000   15.000010568.7061   18.0555
    7.5000   45.0000   15.000010159.8350   18.0144
   -7.5000  -45.0000   22.500010487.7188   18.7051
    0.0000  -45.0000   22.500010970.2510   18.7008
    7.5000  -45.0000   22.500010534.9316   18.6542
   -7.5000  -37.5000   22.500011058.3506   18.6287
    0.0000  -37.5000   22.500011585.7266   18.6309
    7.5000  -37.5000   22.500011114.8828   18.5862
   -7.5000  -30.0000   22.500011993.6016   18.5352
    0.0000  -30.0000   22.500012571.1445   18.5546
    7.5000  -30.0000   22.500012066.8223   18.5194
   -7.5000  -22.5000   22.500012806.7178   18.4295
    0.0000  -22.5000   22.500013377.0195   18.4604
    7.5000  -22.5000   22.500012864.2744   18.4343
   -7.5000  -15.0000   22.500013533.8896   18.3412
    0.0000  -15.0000   22.500014110.9766   18.3678
    7.5000  -15.0000   22.500013568.5918   18.3421
   -7.5000   -7.5000   22.500014148.6396   18.3127
    0.0000   -7.5000   22.500014755.8359   18.3209
    7.5000   -7.5000   22.500014178.4238   18.2858
   -7.5000    0.0000   22.500014600.9424   18.3312
    0.0000    0.0000   22.500015209.7676   18.3261
    7.5000    0.0000   22.500014639.4775   18.2820
   -7.5000    7.5000   22.500013873.9434   18.3427
    0.0000    7.5000   22.500014426.0518   18.3438
    7.5000    7.5000   22.500013890.1729   18.3009
   -7.5000   15.0000   22.500013036.0322   18.3347
    0.0000   15.0000   22.500013551.2051   18.3530
    7.5000   15.0000   22.500013019.0449   18.3188
   -7.5000   22.5000   22.500012084.0723   18.3181
    0.0000   22.5000   22.500012565.6025   18.3479
    7.5000   22.5000   22.500012056.5908   18.3220
   -7.5000   30.0000   22.500011122.8623   18.1888
    0.0000   30.0000   22.500011567.6426   18.2140
    7.5000   30.0000   22.500011125.2598   18.1879
   -7.5000   37.5000   22.500010544.3672   18.3645
    0.0000   37.5000   22.500010971.7178   18.3723
    7.5000   37.5000   22.500010541.8340   18.3368
   -7.5000   45.0000   22.5000 9590.4229   18.1636
    0.0000   45.0000   22.5000 9991.2578   18.1592
    7.5000   45.0000   22.5000 9600.8145   18.1140
   -7.5000  -45.0000   30.0000 9693.3906   18.8499
    0.0000  -45.0000   30.000010181.8252   18.8382
    7.5000  -45.0000   30.0000 9755.2334   18.7872
   -7.5000  -37.5000   30.000010250.9209   18.7851
    0.0000  -37.5000   30.000010770.3447   18.7809
    7.5000  -37.5000   30.000010305.5938   18.7296
   -7.5000  -30.0000   30.000011134.5439   18.6958
    0.0000  -30.0000   30.000011697.4365   18.7088
    7.5000  -30.0000   30.000011201.0938   18.6688
   -7.5000  -22.5000   30.000011912.5947   18.5827
    0.0000  -22.5000   30.000012480.5684   18.6065
    7.5000  -22.5000   30.000011960.5869   18.5809
   -7.5000  -15.0000   30.000012599.4619   18.4823
    0.0000  -15.0000   30.000013172.5371   18.5010
    7.5000  -15.0000   30.000012630.5029   18.4793
   -7.5000   -7.5000   30.000013162.7861   18.4530
    0.0000   -7.5000   30.000013756.7998   18.4533
    7.5000   -7.5000   30.000013187.7822   18.4187
   -7.5000    0.0000   30.000013552.1465   18.4807
    0.0000    0.0000   30.000014165.4521   18.4683
    7.5000    0.0000   30.000013595.7393   18.4199
   -7.5000    7.5000   30.000012881.2734   18.5016
    0.0000    7.5000   30.000013424.8857   18.4965
    7.5000    7.5000   30.000012923.8496   18.4471
   -7.5000   15.0000   30.000012104.6338   18.4959
    0.0000   15.0000   30.000012606.5977   18.5079
    7.5000   15.0000   30.000012114.5967   18.4689
   -7.5000   22.5000   30.000011253.4697   18.4673
    0.0000   22.5000   30.000011708.7939   18.4900
    7.5000   22.5000   30.000011248.1094   18.4647
   -7.5000   30.0000   30.000010377.1465   18.3233
    0.0000   30.0000   30.000010800.1582   18.3411
    7.5000   30.0000   30.000010381.9121   18.3192
   -7.5000   37.5000   30.0000 9843.1240   18.5017
    0.0000   37.5000   30.000010259.7754   18.5026
    7.5000   37.5000   30.0000 9850.3975   18.4681
   -7.5000   45.0000   30.0000 8962.5283   18.3082
    0.0000   45.0000   30.0000 9343.7451   18.2985
    7.5000   45.0000   30.0000 8973.5156   18.2506
   -7.5000  -45.0000   37.5000 9287.9277   19.0911
    0.0000  -45.0000   37.5000 9739.2969   19.0737
    7.5000  -45.0000   37.5000 9327.4268   19.0214
   -7.5000  -37.5000   37.5000 9815.6523   19.0253
    0.0000  -37.5000   37.500010297.8408   19.0134
    7.5000  -37.5000   37.5000 9859.0586   18.9594
   -7.5000  -30.0000   37.500010665.9424   18.9379
    0.0000  -30.0000   37.500011185.0508   18.9414
    7.5000  -30.0000   37.500010719.1172   18.8993
   -7.5000  -22.5000   37.500011403.6504   18.8298
    0.0000  -22.5000   37.500011947.3320   18.8444
    7.5000  -22.5000   37.500011457.6758   18.8188
   -7.5000  -15.0000   37.500012061.4209   18.7313
    0.0000  -15.0000   37.500012617.6084   18.7431
    7.5000  -15.0000   37.500012110.8877   18.7224
   -7.5000   -7.5000   37.500012601.4863   18.6987
    0.0000   -7.5000   37.500013168.0586   18.6934
    7.5000   -7.5000   37.500012644.4785   18.6594
   -7.5000    0.0000   37.500012983.3135   18.7223
    0.0000    0.0000   37.500013550.2617   18.7042
    7.5000    0.0000   37.500013034.6523   18.6545
   -7.5000    7.5000   37.500012326.7197   18.7411
    0.0000    7.5000   37.500012859.7881   18.7285
    7.5000    7.5000   37.500012388.2676   18.6764
   -7.5000   15.0000   37.500011592.5762   18.7362
    0.0000   15.0000   37.500012078.1816   18.7387
    7.5000   15.0000   37.500011636.1406   18.6976
   -7.5000   22.5000   37.500010797.3535   18.7091
    0.0000   22.5000   37.500011255.4639   18.7227
    7.5000   22.5000   37.500010815.0039   18.6974
   -7.5000   30.0000   37.5000 9954.0859   18.5644
    0.0000   30.0000   37.500010376.7393   18.5754
    7.5000   30.0000   37.5000 9966.0293   18.5546
   -7.5000   37.5000   37.5000 9458.6328   18.7453
    0.0000   37.5000   37.5000 9855.4785   18.7413
    7.5000   37.5000   37.5000 9477.7607   18.7082
   -7.5000   45.0000   37.5000 8631.4482   18.5471
    0.0000   45.0000   37.5000 8982.8965   18.5323
    7.5000   45.0000   37.5000 8664.4961   18.4838
   -7.5000  -45.0000   45.0000 8504.0820   19.3975
    0.0000  -45.0000   45.0000 8910.1484   19.3799
    7.5000  -45.0000   45.0000 8531.4863   19.3299
   -7.5000  -37.5000   45.0000 8997.2539   19.3223
    0.0000  -37.5000   45.0000 9438.1455   19.3070
    7.5000  -37.5000   45.0000 9031.6748   19.2559
   -7.5000  -30.0000   45.0000 9787.0820   19.2328
    0.0000  -30.0000   45.000010248.2969   19.2321
    7.5000  -30.0000   45.0000 9831.1279   19.1921
   -7.5000  -22.5000   45.000010454.1484   19.1350
    0.0000  -22.5000   45.000010930.1660   19.1474
    7.5000  -22.5000   45.000010496.5811   19.1211
   -7.5000  -15.0000   45.000011045.5000   19.0469
    0.0000  -15.0000   45.000011516.5674   19.0592
    7.5000  -15.0000   45.000011072.6016   19.0364
   -7.5000   -7.5000   45.000011522.7695   19.0118
    0.0000   -7.5000   45.000012009.9141   19.0083
    7.5000   -7.5000   45.000011564.7412   18.9739
   -7.5000    0.0000   45.000011887.5840   19.0251
    0.0000    0.0000   45.000012382.9414   19.0068
    7.5000    0.0000   45.000011944.7529   18.9591
   -7.5000    7.5000   45.000011309.0518   19.0342
    0.0000    7.5000   45.000011772.8945   19.0181
    7.5000    7.5000   45.000011362.9258   18.9687
   -7.5000   15.0000   45.000010655.5928   19.0268
    0.0000   15.0000   45.000011085.7256   19.0251
    7.5000   15.0000   45.000010695.1816   18.9860
   -7.5000   22.5000   45.0000 9922.9443   19.0078
    0.0000   22.5000   45.000010334.2041   19.0192
    7.5000   22.5000   45.0000 9944.0371   18.9932
   -7.5000   30.0000   45.0000 9150.9668   18.8710
    0.0000   30.0000   45.0000 9541.9209   18.8824
    7.5000   30.0000   45.0000 9173.2549   18.8592
   -7.5000   37.5000   45.0000 8706.7432   19.0553
    0.0000   37.5000   45.0000 9072.2666   19.0529
    7.5000   37.5000   45.0000 8735.0322   19.0194
   -7.5000   45.0000   45.0000 7958.1045   18.8565
    0.0000   45.0000   45.0000 8291.7490   18.8404
    7.5000   45.0000   45.0000 7985.5938   18.7933

---------------------------------------------------------------------
imgreg_4dfp /opt/freesurfer/average/711-2C_as_mni_average_305 /opt/freesurfer/average/711-2B_as_mni_average_305_mask talsrcimg_g11 none talsrcimg_to_711-2C_as_mni_average_305_t4 4355
---------------------------------------------------------------------

freesurfer imgreg_4dfp.c
/opt/freesurfer/average/711-2C_as_mni_average_305.4dfp.img
       256       256       256         1
  1.000000  1.000000  1.000000
orientation T byte_order littleendian
Reading image: /opt/freesurfer/average/711-2C_as_mni_average_305.4dfp.img
dimensions:      256       256       256
mmppix:       1.0000   -1.0000   -1.0000
center:     128.0000 -129.0000 -129.0000
/opt/freesurfer/average/711-2B_as_mni_average_305_mask.4dfp.img
       256       256       256         1
  1.000000  1.000000  1.000000
orientation T byte_order littleendian
Reading mask: /opt/freesurfer/average/711-2B_as_mni_average_305_mask.4dfp.img (2306576 pixels)
talsrcimg_g11.4dfp.img
       256       256       256         1
  1.000000  1.000000  1.000000
orientation T byte_order littleendian
Reading image: talsrcimg_g11.4dfp.img
dimensions:      256       256       256
mmppix:       1.0000   -1.0000   -1.0000
center:     128.0000 -129.0000 -129.0000
rotation matrix determinant  1.000000
image alignment mode   4355 decimal     1103 hex
   -7.5000  -45.0000  -45.0000 2156.9202   17.2553
    0.0000  -45.0000  -45.0000 2176.6128   17.1306
    7.5000  -45.0000  -45.0000 2157.9934   17.2652
   -7.5000  -37.5000  -45.0000 2227.2859   16.1970
    0.0000  -37.5000  -45.0000 2243.8689   16.0338
    7.5000  -37.5000  -45.0000 2229.8877   16.1897
   -7.5000  -30.0000  -45.0000 2277.6909   15.3986
    0.0000  -30.0000  -45.0000 2292.6497   15.2362
    7.5000  -30.0000  -45.0000 2278.3555   15.3498
   -7.5000  -22.5000  -45.0000 2305.6340   14.7735
    0.0000  -22.5000  -45.0000 2321.6497   14.6401
    7.5000  -22.5000  -45.0000 2307.5330   14.7515
   -7.5000  -15.0000  -45.0000 2317.5576   14.3722
    0.0000  -15.0000  -45.0000 2336.2817   14.2215
    7.5000  -15.0000  -45.0000 2323.6899   14.3517
   -7.5000   -7.5000  -45.0000 2315.1560   14.2230
    0.0000   -7.5000  -45.0000 2338.0037   14.0308
    7.5000   -7.5000  -45.0000 2324.2200   14.1515
   -7.5000    0.0000  -45.0000 2308.8586   14.2911
    0.0000    0.0000  -45.0000 2330.5676   14.0778
    7.5000    0.0000  -45.0000 2320.1926   14.1599
   -7.5000    7.5000  -45.0000 2272.8716   14.6742
    0.0000    7.5000  -45.0000 2296.6638   14.4465
    7.5000    7.5000  -45.0000 2291.0610   14.5328
   -7.5000   15.0000  -45.0000 2220.5444   15.3101
    0.0000   15.0000  -45.0000 2249.2544   15.0741
    7.5000   15.0000  -45.0000 2237.8274   15.1989
   -7.5000   22.5000  -45.0000 2156.8582   16.2540
    0.0000   22.5000  -45.0000 2180.1423   15.9848
    7.5000   22.5000  -45.0000 2165.8523   16.1771
   -7.5000   30.0000  -45.0000 2068.4004   17.6005
    0.0000   30.0000  -45.0000 2092.6694   17.3014
    7.5000   30.0000  -45.0000 2075.5088   17.5250
   -7.5000   37.5000  -45.0000 1967.0063   19.5118
    0.0000   37.5000  -45.0000 1990.8170   19.1709
    7.5000   37.5000  -45.0000 1976.4531   19.3619
   -7.5000   45.0000  -45.0000 1858.1746   22.0939
    0.0000   45.0000  -45.0000 1884.4269   21.7460
    7.5000   45.0000  -45.0000 1870.7668   21.8694
   -7.5000  -45.0000  -37.5000 2249.6252   16.0185
    0.0000  -45.0000  -37.5000 2262.6821   15.9031
    7.5000  -45.0000  -37.5000 2251.3726   16.0473
   -7.5000  -37.5000  -37.5000 2320.3501   14.9960
    0.0000  -37.5000  -37.5000 2330.3191   14.8533
    7.5000  -37.5000  -37.5000 2318.5520   14.9883
   -7.5000  -30.0000  -37.5000 2367.7815   14.2330
    0.0000  -30.0000  -37.5000 2380.2324   14.1013
    7.5000  -30.0000  -37.5000 2366.3357   14.2059
   -7.5000  -22.5000  -37.5000 2397.5381   13.6953
    0.0000  -22.5000  -37.5000 2415.6489   13.5896
    7.5000  -22.5000  -37.5000 2399.4429   13.6804
   -7.5000  -15.0000  -37.5000 2413.1497   13.3475
    0.0000  -15.0000  -37.5000 2437.0264   13.2117
    7.5000  -15.0000  -37.5000 2420.6184   13.3233
   -7.5000   -7.5000  -37.5000 2413.0635   13.2507
    0.0000   -7.5000  -37.5000 2439.8206   13.1101
    7.5000   -7.5000  -37.5000 2420.2114   13.2016
   -7.5000    0.0000  -37.5000 2398.5161   13.3553
    0.0000    0.0000  -37.5000 2425.4006   13.2013
    7.5000    0.0000  -37.5000 2408.9402   13.2464
   -7.5000    7.5000  -37.5000 2364.1758   13.6947
    0.0000    7.5000  -37.5000 2391.1079   13.4971
    7.5000    7.5000  -37.5000 2380.9834   13.5601
   -7.5000   15.0000  -37.5000 2309.8813   14.2697
    0.0000   15.0000  -37.5000 2337.9355   14.0678
    7.5000   15.0000  -37.5000 2324.3237   14.1524
   -7.5000   22.5000  -37.5000 2238.8625   15.1204
    0.0000   22.5000  -37.5000 2264.9041   14.9109
    7.5000   22.5000  -37.5000 2249.6252   15.0478
   -7.5000   30.0000  -37.5000 2144.7188   16.3566
    0.0000   30.0000  -37.5000 2169.2705   16.1041
    7.5000   30.0000  -37.5000 2151.6274   16.2578
   -7.5000   37.5000  -37.5000 2032.6383   18.0883
    0.0000   37.5000  -37.5000 2053.6838   17.8032
    7.5000   37.5000  -37.5000 2038.9926   17.9299
   -7.5000   45.0000  -37.5000 1914.9635   20.4528
    0.0000   45.0000  -37.5000 1941.9647   20.1638
    7.5000   45.0000  -37.5000 1928.8441   20.2709
   -7.5000  -45.0000  -30.0000 2372.1042   15.4441
    0.0000  -45.0000  -30.0000 2387.1152   15.3336
    7.5000  -45.0000  -30.0000 2368.0852   15.4700
   -7.5000  -37.5000  -30.0000 2444.8511   14.4165
    0.0000  -37.5000  -30.0000 2454.3015   14.3086
    7.5000  -37.5000  -30.0000 2440.0974   14.4151
   -7.5000  -30.0000  -30.0000 2498.5750   13.6568
    0.0000  -30.0000  -30.0000 2512.2529   13.5677
    7.5000  -30.0000  -30.0000 2495.9807   13.6433
   -7.5000  -22.5000  -30.0000 2539.6006   13.1256
    0.0000  -22.5000  -30.0000 2558.6523   13.0425
    7.5000  -22.5000  -30.0000 2541.4121   13.1161
   -7.5000  -15.0000  -30.0000 2563.1777   12.8201
    0.0000  -15.0000  -30.0000 2583.1174   12.7189
    7.5000  -15.0000  -30.0000 2565.1235   12.7876
   -7.5000   -7.5000  -30.0000 2566.5298   12.7549
    0.0000   -7.5000  -30.0000 2596.6924   12.6360
    7.5000   -7.5000  -30.0000 2573.2200   12.6831
   -7.5000    0.0000  -30.0000 2547.6028   12.9001
    0.0000    0.0000  -30.0000 2581.0059   12.7674
    7.5000    0.0000  -30.0000 2558.3647   12.7885
   -7.5000    7.5000  -30.0000 2511.8162   13.2261
    0.0000    7.5000  -30.0000 2541.9792   13.0906
    7.5000    7.5000  -30.0000 2524.7146   13.1110
   -7.5000   15.0000  -30.0000 2453.6201   13.7569
    0.0000   15.0000  -30.0000 2484.2446   13.6137
    7.5000   15.0000  -30.0000 2465.4946   13.6698
   -7.5000   22.5000  -30.0000 2370.8318   14.5894
    0.0000   22.5000  -30.0000 2401.2068   14.4157
    7.5000   22.5000  -30.0000 2383.2378   14.5169
   -7.5000   30.0000  -30.0000 2269.9175   15.7533
    0.0000   30.0000  -30.0000 2293.6902   15.5458
    7.5000   30.0000  -30.0000 2276.8267   15.6570
   -7.5000   37.5000  -30.0000 2143.9216   17.4167
    0.0000   37.5000  -30.0000 2163.5059   17.1652
    7.5000   37.5000  -30.0000 2150.5217   17.2767
   -7.5000   45.0000  -30.0000 2018.4766   19.6973
    0.0000   45.0000  -30.0000 2038.1458   19.3666
    7.5000   45.0000  -30.0000 2026.5502   19.4943
   -7.5000  -45.0000  -22.5000 2448.6514   14.9137
    0.0000  -45.0000  -22.5000 2465.4187   14.7806
    7.5000  -45.0000  -22.5000 2446.7395   14.9270
   -7.5000  -37.5000  -22.5000 2523.9695   13.8614
    0.0000  -37.5000  -22.5000 2544.9170   13.7626
    7.5000  -37.5000  -22.5000 2524.6909   13.8577
   -7.5000  -30.0000  -22.5000 2588.6023   13.0928
    0.0000  -30.0000  -22.5000 2610.5974   13.0167
    7.5000  -30.0000  -22.5000 2590.9277   13.0899
   -7.5000  -22.5000  -22.5000 2643.7253   12.5572
    0.0000  -22.5000  -22.5000 2663.8325   12.4777
    7.5000  -22.5000  -22.5000 2643.9480   12.5529
   -7.5000  -15.0000  -22.5000 2677.2061   12.2406
    0.0000  -15.0000  -22.5000 2698.8494   12.1524
    7.5000  -15.0000  -22.5000 2679.7495   12.2107
   -7.5000   -7.5000  -22.5000 2688.3335   12.1710
    0.0000   -7.5000  -22.5000 2717.9863   12.0709
    7.5000   -7.5000  -22.5000 2696.2764   12.1048
   -7.5000    0.0000  -22.5000 2674.2610   12.3387
    0.0000    0.0000  -22.5000 2707.8088   12.2157
    7.5000    0.0000  -22.5000 2684.4314   12.2432
   -7.5000    7.5000  -22.5000 2634.9390   12.6998
    0.0000    7.5000  -22.5000 2669.2742   12.5697
    7.5000    7.5000  -22.5000 2648.7727   12.5867
   -7.5000   15.0000  -22.5000 2565.8201   13.2269
    0.0000   15.0000  -22.5000 2601.8606   13.0903
    7.5000   15.0000  -22.5000 2579.5649   13.1417
   -7.5000   22.5000  -22.5000 2474.1753   14.0057
    0.0000   22.5000  -22.5000 2509.2625   13.8586
    7.5000   22.5000  -22.5000 2484.7839   13.9355
   -7.5000   30.0000  -22.5000 2360.2935   15.1278
    0.0000   30.0000  -22.5000 2387.7886   14.9396
    7.5000   30.0000  -22.5000 2370.3540   15.0387
   -7.5000   37.5000  -22.5000 2227.1526   16.7356
    0.0000   37.5000  -22.5000 2249.1833   16.4974
    7.5000   37.5000  -22.5000 2235.7114   16.5999
   -7.5000   45.0000  -22.5000 2088.6045   18.9203
    0.0000   45.0000  -22.5000 2108.6802   18.6155
    7.5000   45.0000  -22.5000 2100.5779   18.6928
   -7.5000  -45.0000  -15.0000 2484.2913   14.5015
    0.0000  -45.0000  -15.0000 2503.6382   14.3509
    7.5000  -45.0000  -15.0000 2485.3247   14.5032
   -7.5000  -37.5000  -15.0000 2566.8071   13.4291
    0.0000  -37.5000  -15.0000 2589.4446   13.2906
    7.5000  -37.5000  -15.0000 2572.5952   13.4275
   -7.5000  -30.0000  -15.0000 2643.1572   12.6268
    0.0000  -30.0000  -15.0000 2664.1536   12.5134
    7.5000  -30.0000  -15.0000 2646.9658   12.6236
   -7.5000  -22.5000  -15.0000 2707.8958   12.0834
    0.0000  -22.5000  -15.0000 2734.4412   11.9788
    7.5000  -22.5000  -15.0000 2712.5571   12.0748
   -7.5000  -15.0000  -15.0000 2753.8511   11.7465
    0.0000  -15.0000  -15.0000 2785.9019   11.6449
    7.5000  -15.0000  -15.0000 2761.3103   11.7352
   -7.5000   -7.5000  -15.0000 2776.4612   11.6795
    0.0000   -7.5000  -15.0000 2814.4233   11.5689
    7.5000   -7.5000  -15.0000 2785.3113   11.6284
   -7.5000    0.0000  -15.0000 2769.3152   11.8382
    0.0000    0.0000  -15.0000 2810.2744   11.7145
    7.5000    0.0000  -15.0000 2783.9558   11.7474
   -7.5000    7.5000  -15.0000 2727.9709   12.1954
    0.0000    7.5000  -15.0000 2764.9890   12.0738
    7.5000    7.5000  -15.0000 2741.1582   12.1123
   -7.5000   15.0000  -15.0000 2648.7461   12.7292
    0.0000   15.0000  -15.0000 2684.8472   12.6218
    7.5000   15.0000  -15.0000 2665.2422   12.6620
   -7.5000   22.5000  -15.0000 2544.6152   13.4891
    0.0000   22.5000  -15.0000 2579.5283   13.3590
    7.5000   22.5000  -15.0000 2553.6934   13.4211
   -7.5000   30.0000  -15.0000 2418.9172   14.5685
    0.0000   30.0000  -15.0000 2448.9099   14.4133
    7.5000   30.0000  -15.0000 2426.8914   14.4897
   -7.5000   37.5000  -15.0000 2279.8677   16.1168
    0.0000   37.5000  -15.0000 2303.5686   15.9241
    7.5000   37.5000  -15.0000 2291.7268   15.9727
   -7.5000   45.0000  -15.0000 2133.1912   18.1963
    0.0000   45.0000  -15.0000 2155.0322   17.9322
    7.5000   45.0000  -15.0000 2147.1460   18.0005
   -7.5000  -45.0000   -7.5000 2497.0168   14.1441
    0.0000  -45.0000   -7.5000 2516.6157   13.9597
    7.5000  -45.0000   -7.5000 2500.2952   14.1522
   -7.5000  -37.5000   -7.5000 2583.9429   13.0636
    0.0000  -37.5000   -7.5000 2605.0244   12.8904
    7.5000  -37.5000   -7.5000 2590.1509   13.0608
   -7.5000  -30.0000   -7.5000 2667.2610   12.2703
    0.0000  -30.0000   -7.5000 2692.0007   12.1028
    7.5000  -30.0000   -7.5000 2676.0293   12.2489
   -7.5000  -22.5000   -7.5000 2747.9893   11.7164
    0.0000  -22.5000   -7.5000 2781.0708   11.5644
    7.5000  -22.5000   -7.5000 2757.3157   11.6935
   -7.5000  -15.0000   -7.5000 2811.3713   11.3792
    0.0000  -15.0000   -7.5000 2855.1831   11.2206
    7.5000  -15.0000   -7.5000 2826.5198   11.3441
   -7.5000   -7.5000   -7.5000 2846.3438   11.2803
    0.0000   -7.5000   -7.5000 2895.3164   11.1238
    7.5000   -7.5000   -7.5000 2864.6729   11.2171
   -7.5000    0.0000   -7.5000 2842.0205   11.4513
    0.0000    0.0000   -7.5000 2891.0212   11.3111
    7.5000    0.0000   -7.5000 2858.9380   11.3638
   -7.5000    7.5000   -7.5000 2794.1995   11.8248
    0.0000    7.5000   -7.5000 2836.6482   11.6993
    7.5000    7.5000   -7.5000 2806.3286   11.7328
   -7.5000   15.0000   -7.5000 2702.6399   12.3467
    0.0000   15.0000   -7.5000 2741.5464   12.2260
    7.5000   15.0000   -7.5000 2716.3750   12.2681
   -7.5000   22.5000   -7.5000 2590.3552   13.0509
    0.0000   22.5000   -7.5000 2623.8296   12.9211
    7.5000   22.5000   -7.5000 2601.7266   12.9789
   -7.5000   30.0000   -7.5000 2456.6423   14.1160
    0.0000   30.0000   -7.5000 2482.3970   13.9547
    7.5000   30.0000   -7.5000 2464.3821   14.0200
   -7.5000   37.5000   -7.5000 2313.1167   15.6253
    0.0000   37.5000   -7.5000 2332.7102   15.4162
    7.5000   37.5000   -7.5000 2320.1057   15.4873
   -7.5000   45.0000   -7.5000 2152.8076   17.6251
    0.0000   45.0000   -7.5000 2176.3179   17.3487
    7.5000   45.0000   -7.5000 2165.0984   17.4476
   -7.5000  -45.0000    0.0000 2492.3848   13.9608
    0.0000  -45.0000    0.0000 2510.1909   13.7278
    7.5000  -45.0000    0.0000 2499.2148   13.9599
   -7.5000  -37.5000    0.0000 2585.0828   12.8558
    0.0000  -37.5000    0.0000 2612.5222   12.6307
    7.5000  -37.5000    0.0000 2592.4392   12.8383
   -7.5000  -30.0000    0.0000 2676.2085   12.0480
    0.0000  -30.0000    0.0000 2706.1436   11.8403
    7.5000  -30.0000    0.0000 2686.3733   12.0110
   -7.5000  -22.5000    0.0000 2767.8196   11.5170
    0.0000  -22.5000    0.0000 2804.6987   11.3378
    7.5000  -22.5000    0.0000 2777.0715   11.4789
   -7.5000  -15.0000    0.0000 2845.7236   11.1697
    0.0000  -15.0000    0.0000 2899.0552   10.9683
    7.5000  -15.0000    0.0000 2862.2075   11.1338
   -7.5000   -7.5000    0.0000 2890.2673   11.0513
    0.0000   -7.5000    0.0000 2949.2969   10.8004
    7.5000   -7.5000    0.0000 2907.9299   10.9753
   -7.5000    0.0000    0.0000 2888.6514   11.2130
    0.0000    0.0000    0.0000 2938.9348   11.0112
    7.5000    0.0000    0.0000 2907.5986   11.1091
   -7.5000    7.5000    0.0000 2829.2483   11.5896
    0.0000    7.5000    0.0000 2872.1516   11.4175
    7.5000    7.5000    0.0000 2844.0354   11.4809
   -7.5000   15.0000    0.0000 2729.6772   12.1035
    0.0000   15.0000    0.0000 2768.4299   11.9427
    7.5000   15.0000    0.0000 2744.1184   12.0110
   -7.5000   22.5000    0.0000 2610.1106   12.8143
    0.0000   22.5000    0.0000 2640.4495   12.6333
    7.5000   22.5000    0.0000 2620.0276   12.7296
   -7.5000   30.0000    0.0000 2468.8992   13.8907
    0.0000   30.0000    0.0000 2495.5247   13.6927
    7.5000   30.0000    0.0000 2473.4153   13.7837
   -7.5000   37.5000    0.0000 2316.5518   15.3593
    0.0000   37.5000    0.0000 2340.5796   15.1064
    7.5000   37.5000    0.0000 2325.8965   15.2193
   -7.5000   45.0000    0.0000 2158.0359   17.2743
    0.0000   45.0000    0.0000 2183.8921   16.9880
    7.5000   45.0000    0.0000 2170.6528   17.1172
   -7.5000  -45.0000    7.5000 2483.5815   13.9789
    0.0000  -45.0000    7.5000 2508.8259   13.7394
    7.5000  -45.0000    7.5000 2489.9636   13.9474
   -7.5000  -37.5000    7.5000 2580.5894   12.8358
    0.0000  -37.5000    7.5000 2609.6028   12.6173
    7.5000  -37.5000    7.5000 2590.2573   12.7958
   -7.5000  -30.0000    7.5000 2670.3687   12.0164
    0.0000  -30.0000    7.5000 2706.8159   11.7756
    7.5000  -30.0000    7.5000 2680.3367   11.9550
   -7.5000  -22.5000    7.5000 2765.3582   11.4805
    0.0000  -22.5000    7.5000 2808.7537   11.2685
    7.5000  -22.5000    7.5000 2778.3713   11.4255
   -7.5000  -15.0000    7.5000 2841.9065   11.1858
    0.0000  -15.0000    7.5000 2897.3618   10.9263
    7.5000  -15.0000    7.5000 2862.2319   11.1148
   -7.5000   -7.5000    7.5000 2889.4741   11.1155
    0.0000   -7.5000    7.5000 2944.1145   10.8247
    7.5000   -7.5000    7.5000 2911.1233   11.0076
   -7.5000    0.0000    7.5000 2888.1953   11.2535
    0.0000    0.0000    7.5000 2938.3311   11.0208
    7.5000    0.0000    7.5000 2908.8562   11.1492
   -7.5000    7.5000    7.5000 2829.0740   11.5592
    0.0000    7.5000    7.5000 2878.3386   11.3365
    7.5000    7.5000    7.5000 2849.8364   11.4424
   -7.5000   15.0000    7.5000 2727.4663   12.0504
    0.0000   15.0000    7.5000 2770.1353   11.8328
    7.5000   15.0000    7.5000 2744.8477   11.9284
   -7.5000   22.5000    7.5000 2600.1140   12.7900
    0.0000   22.5000    7.5000 2633.7971   12.5745
    7.5000   22.5000    7.5000 2611.9275   12.6719
   -7.5000   30.0000    7.5000 2461.0017   13.8509
    0.0000   30.0000    7.5000 2488.4451   13.6506
    7.5000   30.0000    7.5000 2470.9641   13.7241
   -7.5000   37.5000    7.5000 2309.7104   15.2924
    0.0000   37.5000    7.5000 2333.0459   15.0665
    7.5000   37.5000    7.5000 2321.3491   15.1311
   -7.5000   45.0000    7.5000 2146.5046   17.1386
    0.0000   45.0000    7.5000 2175.4756   16.8841
    7.5000   45.0000    7.5000 2160.7512   16.9640
   -7.5000  -45.0000   15.0000 2470.1775   14.1773
    0.0000  -45.0000   15.0000 2498.2141   13.9396
    7.5000  -45.0000   15.0000 2476.0278   14.1360
   -7.5000  -37.5000   15.0000 2567.5525   13.0503
    0.0000  -37.5000   15.0000 2594.1172   12.8057
    7.5000  -37.5000   15.0000 2573.3232   12.9947
   -7.5000  -30.0000   15.0000 2653.4275   12.2354
    0.0000  -30.0000   15.0000 2684.7021   11.9764
    7.5000  -30.0000   15.0000 2660.5647   12.1743
   -7.5000  -22.5000   15.0000 2739.7454   11.7155
    0.0000  -22.5000   15.0000 2780.4871   11.4736
    7.5000  -22.5000   15.0000 2750.1980   11.6514
   -7.5000  -15.0000   15.0000 2809.1599   11.4070
    0.0000  -15.0000   15.0000 2858.0977   11.1434
    7.5000  -15.0000   15.0000 2821.6643   11.3367
   -7.5000   -7.5000   15.0000 2850.0479   11.3516
    0.0000   -7.5000   15.0000 2896.1138   11.1327
    7.5000   -7.5000   15.0000 2864.3916   11.2341
   -7.5000    0.0000   15.0000 2837.6548   11.4922
    0.0000    0.0000   15.0000 2881.3757   11.3162
    7.5000    0.0000   15.0000 2856.1992   11.3625
   -7.5000    7.5000   15.0000 2781.0193   11.7931
    0.0000    7.5000   15.0000 2822.9172   11.6146
    7.5000    7.5000   15.0000 2797.7573   11.6695
   -7.5000   15.0000   15.0000 2689.8704   12.2575
    0.0000   15.0000   15.0000 2728.5122   12.0836
    7.5000   15.0000   15.0000 2701.7925   12.1616
   -7.5000   22.5000   15.0000 2565.6873   12.9812
    0.0000   22.5000   15.0000 2599.1587   12.7855
    7.5000   22.5000   15.0000 2577.5327   12.8668
   -7.5000   30.0000   15.0000 2431.5286   14.0302
    0.0000   30.0000   15.0000 2462.6003   13.8121
    7.5000   30.0000   15.0000 2448.8293   13.8903
   -7.5000   37.5000   15.0000 2286.2075   15.4324
    0.0000   37.5000   15.0000 2309.7952   15.1698
    7.5000   37.5000   15.0000 2297.9839   15.2534
   -7.5000   45.0000   15.0000 2128.8386   17.2359
    0.0000   45.0000   15.0000 2154.8882   16.9360
    7.5000   45.0000   15.0000 2144.3901   17.0408
   -7.5000  -45.0000   22.5000 2445.2590   14.6451
    0.0000  -45.0000   22.5000 2465.2952   14.4381
    7.5000  -45.0000   22.5000 2445.2712   14.5909
   -7.5000  -37.5000   22.5000 2537.5381   13.4853
    0.0000  -37.5000   22.5000 2564.5542   13.2779
    7.5000  -37.5000   22.5000 2537.5508   13.4297
   -7.5000  -30.0000   22.5000 2618.0146   12.6786
    0.0000  -30.0000   22.5000 2651.4109   12.4913
    7.5000  -30.0000   22.5000 2621.8975   12.6102
   -7.5000  -22.5000   22.5000 2692.7134   12.1546
    0.0000  -22.5000   22.5000 2731.8967   11.9408
    7.5000  -22.5000   22.5000 2701.8250   12.0709
   -7.5000  -15.0000   22.5000 2750.1743   11.8440
    0.0000  -15.0000   22.5000 2794.6816   11.6224
    7.5000  -15.0000   22.5000 2761.6968   11.7595
   -7.5000   -7.5000   22.5000 2776.7185   11.7952
    0.0000   -7.5000   22.5000 2819.5339   11.6003
    7.5000   -7.5000   22.5000 2790.3901   11.6818
   -7.5000    0.0000   22.5000 2756.8359   11.9569
    0.0000    0.0000   22.5000 2795.5017   11.7788
    7.5000    0.0000   22.5000 2774.2070   11.8193
   -7.5000    7.5000   22.5000 2700.2407   12.2680
    0.0000    7.5000   22.5000 2737.2349   12.0751
    7.5000    7.5000   22.5000 2718.9419   12.1219
   -7.5000   15.0000   22.5000 2618.1099   12.7296
    0.0000   15.0000   22.5000 2654.3721   12.5594
    7.5000   15.0000   22.5000 2631.8022   12.6260
   -7.5000   22.5000   22.5000 2512.8855   13.4038
    0.0000   22.5000   22.5000 2545.5366   13.2473
    7.5000   22.5000   22.5000 2521.6423   13.3185
   -7.5000   30.0000   22.5000 2391.6719   14.3735
    0.0000   30.0000   22.5000 2420.5085   14.1746
    7.5000   30.0000   22.5000 2408.6858   14.2469
   -7.5000   37.5000   22.5000 2252.9800   15.7092
    0.0000   37.5000   22.5000 2278.6265   15.4405
    7.5000   37.5000   22.5000 2265.8909   15.5134
   -7.5000   45.0000   22.5000 2099.1821   17.5060
    0.0000   45.0000   22.5000 2125.0046   17.1944
    7.5000   45.0000   22.5000 2114.6125   17.2889
   -7.5000  -45.0000   30.0000 2403.4292   15.2890
    0.0000  -45.0000   30.0000 2423.5100   15.1325
    7.5000  -45.0000   30.0000 2402.2959   15.2726
   -7.5000  -37.5000   30.0000 2492.7419   14.1183
    0.0000  -37.5000   30.0000 2522.1865   13.9641
    7.5000  -37.5000   30.0000 2493.8899   14.0645
   -7.5000  -30.0000   30.0000 2566.7527   13.3378
    0.0000  -30.0000   30.0000 2603.6599   13.1662
    7.5000  -30.0000   30.0000 2572.5720   13.2459
   -7.5000  -22.5000   30.0000 2631.0852   12.8146
    0.0000  -22.5000   30.0000 2673.4946   12.6279
    7.5000  -22.5000   30.0000 2642.7544   12.7190
   -7.5000  -15.0000   30.0000 2679.3574   12.4915
    0.0000  -15.0000   30.0000 2715.6570   12.3267
    7.5000  -15.0000   30.0000 2686.5938   12.4093
   -7.5000   -7.5000   30.0000 2692.2566   12.4555
    0.0000   -7.5000   30.0000 2726.3318   12.2858
    7.5000   -7.5000   30.0000 2701.0869   12.3316
   -7.5000    0.0000   30.0000 2662.2249   12.6219
    0.0000    0.0000   30.0000 2696.6216   12.4521
    7.5000    0.0000   30.0000 2674.4167   12.4863
   -7.5000    7.5000   30.0000 2606.6838   12.9409
    0.0000    7.5000   30.0000 2639.1006   12.7428
    7.5000    7.5000   30.0000 2622.8137   12.8043
   -7.5000   15.0000   30.0000 2534.3086   13.3777
    0.0000   15.0000   30.0000 2565.4678   13.1955
    7.5000   15.0000   30.0000 2547.3816   13.2568
   -7.5000   22.5000   30.0000 2443.6860   14.0230
    0.0000   22.5000   30.0000 2472.2139   13.8393
    7.5000   22.5000   30.0000 2452.4192   13.9410
   -7.5000   30.0000   30.0000 2335.4851   14.9247
    0.0000   30.0000   30.0000 2360.6399   14.7404
    7.5000   30.0000   30.0000 2347.2625   14.8392
   -7.5000   37.5000   30.0000 2207.9236   16.1933
    0.0000   37.5000   30.0000 2233.7747   15.9544
    7.5000   37.5000   30.0000 2220.9160   16.0345
   -7.5000   45.0000   30.0000 2062.9734   17.9869
    0.0000   45.0000   30.0000 2085.3276   17.6813
    7.5000   45.0000   30.0000 2078.0835   17.7432
   -7.5000  -45.0000   37.5000 2348.8125   16.1753
    0.0000  -45.0000   37.5000 2372.0215   16.0048
    7.5000  -45.0000   37.5000 2348.9668   16.1467
   -7.5000  -37.5000   37.5000 2437.6697   14.9594
    0.0000  -37.5000   37.5000 2464.7053   14.7947
    7.5000  -37.5000   37.5000 2439.8547   14.9023
   -7.5000  -30.0000   37.5000 2503.2441   14.1560
    0.0000  -30.0000   37.5000 2535.6216   13.9876
    7.5000  -30.0000   37.5000 2510.1941   14.0755
   -7.5000  -22.5000   37.5000 2557.8118   13.6387
    0.0000  -22.5000   37.5000 2590.7493   13.4766
    7.5000  -22.5000   37.5000 2568.6316   13.5648
   -7.5000  -15.0000   37.5000 2594.3044   13.3296
    0.0000  -15.0000   37.5000 2622.1179   13.1833
    7.5000  -15.0000   37.5000 2603.3845   13.2685
   -7.5000   -7.5000   37.5000 2598.4734   13.3072
    0.0000   -7.5000   37.5000 2627.0017   13.1407
    7.5000   -7.5000   37.5000 2606.4927   13.1988
   -7.5000    0.0000   37.5000 2565.6785   13.4846
    0.0000    0.0000   37.5000 2593.1826   13.2949
    7.5000    0.0000   37.5000 2577.8352   13.3430
   -7.5000    7.5000   37.5000 2513.2959   13.7873
    0.0000    7.5000   37.5000 2540.8257   13.5852
    7.5000    7.5000   37.5000 2529.1238   13.6543
   -7.5000   15.0000   37.5000 2444.6201   14.2054
    0.0000   15.0000   37.5000 2470.8884   14.0335
    7.5000   15.0000   37.5000 2458.6741   14.0970
   -7.5000   22.5000   37.5000 2368.9150   14.8220
    0.0000   22.5000   37.5000 2396.0942   14.6233
    7.5000   22.5000   37.5000 2377.2947   14.7105
   -7.5000   30.0000   37.5000 2269.9084   15.6757
    0.0000   30.0000   37.5000 2294.0288   15.4672
    7.5000   30.0000   37.5000 2278.3862   15.5660
   -7.5000   37.5000   37.5000 2150.8860   16.9443
    0.0000   37.5000   37.5000 2173.0422   16.7022
    7.5000   37.5000   37.5000 2163.4146   16.7780
   -7.5000   45.0000   37.5000 2014.6538   18.7519
    0.0000   45.0000   37.5000 2033.3909   18.4273
    7.5000   45.0000   37.5000 2029.7891   18.5135
   -7.5000  -45.0000   45.0000 2281.5688   17.3080
    0.0000  -45.0000   45.0000 2307.8420   17.1020
    7.5000  -45.0000   45.0000 2283.8105   17.2708
   -7.5000  -37.5000   45.0000 2368.8818   16.0396
    0.0000  -37.5000   45.0000 2399.7219   15.8551
    7.5000  -37.5000   45.0000 2370.5374   15.9941
   -7.5000  -30.0000   45.0000 2431.4893   15.1988
    0.0000  -30.0000   45.0000 2461.7407   15.0163
    7.5000  -30.0000   45.0000 2437.0366   15.1430
   -7.5000  -22.5000   45.0000 2475.1560   14.6538
    0.0000  -22.5000   45.0000 2501.1160   14.4961
    7.5000  -22.5000   45.0000 2483.3435   14.6121
   -7.5000  -15.0000   45.0000 2500.2966   14.3693
    0.0000  -15.0000   45.0000 2519.6299   14.2090
    7.5000  -15.0000   45.0000 2504.8049   14.3055
   -7.5000   -7.5000   45.0000 2492.0591   14.3498
    0.0000   -7.5000   45.0000 2513.1121   14.1591
    7.5000   -7.5000   45.0000 2501.4070   14.2419
   -7.5000    0.0000   45.0000 2461.8320   14.5393
    0.0000    0.0000   45.0000 2483.0496   14.3347
    7.5000    0.0000   45.0000 2473.6328   14.3927
   -7.5000    7.5000   45.0000 2416.8181   14.8611
    0.0000    7.5000   45.0000 2438.8867   14.6566
    7.5000    7.5000   45.0000 2431.3569   14.7127
   -7.5000   15.0000   45.0000 2357.7471   15.2883
    0.0000   15.0000   45.0000 2376.8049   15.0996
    7.5000   15.0000   45.0000 2372.1736   15.1681
   -7.5000   22.5000   45.0000 2286.3831   15.8836
    0.0000   22.5000   45.0000 2308.1316   15.6595
    7.5000   22.5000   45.0000 2296.9563   15.7511
   -7.5000   30.0000   45.0000 2197.0417   16.7003
    0.0000   30.0000   45.0000 2220.0068   16.4455
    7.5000   30.0000   45.0000 2203.3845   16.5514
   -7.5000   37.5000   45.0000 2088.0291   17.9267
    0.0000   37.5000   45.0000 2107.8916   17.6539
    7.5000   37.5000   45.0000 2095.8389   17.7197
   -7.5000   45.0000   45.0000 1960.5529   19.7554
    0.0000   45.0000   45.0000 1976.3156   19.4115
    7.5000   45.0000   45.0000 1970.9463   19.4794

---------------------------------------------------------------------
imgreg_4dfp /opt/freesurfer/average/711-2C_as_mni_average_305 /opt/freesurfer/average/711-2B_as_mni_average_305_mask talsrcimg_g11 none talsrcimg_to_711-2C_as_mni_average_305_t4 1283
---------------------------------------------------------------------

freesurfer imgreg_4dfp.c
/opt/freesurfer/average/711-2C_as_mni_average_305.4dfp.img
       256       256       256         1
  1.000000  1.000000  1.000000
orientation T byte_order littleendian
Reading image: /opt/freesurfer/average/711-2C_as_mni_average_305.4dfp.img
dimensions:      256       256       256
mmppix:       1.0000   -1.0000   -1.0000
center:     128.0000 -129.0000 -129.0000
/opt/freesurfer/average/711-2B_as_mni_average_305_mask.4dfp.img
       256       256       256         1
  1.000000  1.000000  1.000000
orientation T byte_order littleendian
Reading mask: /opt/freesurfer/average/711-2B_as_mni_average_305_mask.4dfp.img (2306576 pixels)
talsrcimg_g11.4dfp.img
       256       256       256         1
  1.000000  1.000000  1.000000
orientation T byte_order littleendian
Reading image: talsrcimg_g11.4dfp.img
dimensions:      256       256       256
mmppix:       1.0000   -1.0000   -1.0000
center:     128.0000 -129.0000 -129.0000
rotation matrix determinant  1.000000
fimgreg.f
image alignment mode   1283 decimal      503 hex
parameters
    0.0000   -7.5000    0.0000    0.0000    0.0000    0.0000
eta,q 0.92592 10.75299
niter,ni,del,rscale     5    3   12.0000    1.2000
parameter  4  3.145402 ->  0.500000 qaram    1.1500
parameters
    0.8743   -4.5348    2.7324   -3.4500    1.1580   -1.8242
eta,q 0.93160 10.74897
  0.0874  0.0871  0.0844  0.0676  0.0732  0.0705
  0.0811  0.0833  0.0806  0.0686  0.0711  0.0690
  0.0783  0.0799  0.0773  0.0711  0.0700  0.0684
  0.0772  0.0770  0.0745  0.0738  0.0692  0.0688
  0.0775  0.0749  0.0738  0.0762  0.0689  0.0704
  0.0790  0.0747  0.0743  0.0786  0.0699  0.0722
  0.0821  0.0776  0.0754  0.0820  0.0709  0.0737
niter,ni,del,rscale     5    3   12.0000    1.2000
parameter  4  0.787477 ->  0.500000 qaram    1.3225
parameters
    0.2763   -3.3084    1.8979   -7.4175    1.5150   -1.8193
eta,q 0.93445 10.63895
  0.0760  0.0792  0.0724  0.0655  0.0704  0.0699
  0.0705  0.0755  0.0702  0.0655  0.0678  0.0675
  0.0681  0.0714  0.0684  0.0656  0.0662  0.0657
  0.0684  0.0681  0.0674  0.0677  0.0655  0.0656
  0.0707  0.0678  0.0686  0.0717  0.0661  0.0659
  0.0737  0.0704  0.0724  0.0758  0.0675  0.0672
  0.0786  0.0737  0.0770  0.0798  0.0691  0.0700
niter,ni,del,rscale     5    3   12.0000    1.2000
parameters
    0.5823   -2.1883    0.9835   -9.8930    1.3078   -2.1825
eta,q 0.93522 10.70567
  0.0766  0.0759  0.0697  0.0674  0.0693  0.0683
  0.0708  0.0708  0.0669  0.0665  0.0666  0.0663
  0.0669  0.0673  0.0653  0.0649  0.0650  0.0650
  0.0656  0.0655  0.0651  0.0650  0.0649  0.0648
  0.0665  0.0651  0.0663  0.0672  0.0660  0.0653
  0.0692  0.0669  0.0695  0.0715  0.0676  0.0667
  0.0746  0.0703  0.0741  0.0763  0.0692  0.0695
niter,ni,del,rscale     4    3   12.0000    1.2000
parameters
    0.7836   -1.3598    0.2756  -12.0940    1.8970   -3.0836
eta,q 0.93511 10.76455
  0.0751  0.0726  0.0697  0.0664  0.0691  0.0671
  0.0701  0.0681  0.0667  0.0666  0.0669  0.0658
  0.0663  0.0656  0.0653  0.0652  0.0653  0.0650
  0.0648  0.0648  0.0647  0.0647  0.0649  0.0650
  0.0658  0.0649  0.0658  0.0655  0.0654  0.0655
  0.0683  0.0662  0.0687  0.0692  0.0662  0.0670
  0.0743  0.0689  0.0732  0.0741  0.0675  0.0691
niter,ni,del,rscale     3    3   12.0000    1.2000
parameters
    0.4072   -0.6225   -0.7546  -13.1341    2.5461   -3.0949
eta,q 0.93624 10.78222
  0.0726  0.0706  0.0688  0.0681  0.0692  0.0670
  0.0683  0.0674  0.0653  0.0661  0.0669  0.0656
  0.0657  0.0658  0.0640  0.0646  0.0649  0.0645
  0.0649  0.0648  0.0645  0.0639  0.0639  0.0638
  0.0665  0.0640  0.0663  0.0649  0.0639  0.0639
  0.0693  0.0647  0.0683  0.0672  0.0651  0.0651
  0.0751  0.0690  0.0727  0.0722  0.0677  0.0676
niter,ni,del,rscale     2    3   12.0000    1.2000
parameters
    0.1026   -0.5803   -0.8463  -13.2450    2.6619   -2.8525
eta,q 0.93645 10.78675
  0.0735  0.0700  0.0713  0.0688  0.0688  0.0671
  0.0679  0.0671  0.0657  0.0669  0.0664  0.0657
  0.0647  0.0652  0.0635  0.0650  0.0644  0.0645
  0.0638  0.0637  0.0637  0.0636  0.0636  0.0636
  0.0660  0.0633  0.0658  0.0643  0.0639  0.0636
  0.0696  0.0656  0.0671  0.0660  0.0656  0.0647
  0.0753  0.0713  0.0703  0.0701  0.0688  0.0672
niter,ni,del,rscale     1    3   12.0000    1.2000
parameters
    0.0832   -0.5478   -0.8304  -13.2483    2.6667   -2.8310
eta,q 0.93646 10.78715
  0.0748  0.0700  0.0715  0.0689  0.0685  0.0670
  0.0686  0.0671  0.0658  0.0669  0.0661  0.0655
  0.0648  0.0651  0.0634  0.0651  0.0643  0.0644
  0.0636  0.0635  0.0635  0.0635  0.0635  0.0635
  0.0655  0.0632  0.0657  0.0642  0.0639  0.0636
  0.0691  0.0656  0.0669  0.0658  0.0657  0.0649
  0.0745  0.0714  0.0699  0.0699  0.0689  0.0676
registration optimization eta report
parameter search radius
    6.0000    6.0000    6.0000    7.9350    6.0000    6.0000
100000*second partial in parameter space
       30.       20.       20.        9.       14.       10.
  0.0748  0.0700  0.0715  0.0689  0.0685  0.0670
  0.0686  0.0671  0.0658  0.0669  0.0661  0.0655
  0.0648  0.0651  0.0634  0.0651  0.0643  0.0644
  0.0636  0.0635  0.0635  0.0635  0.0635  0.0635
  0.0655  0.0632  0.0657  0.0642  0.0639  0.0636
  0.0691  0.0656  0.0669  0.0658  0.0657  0.0649
  0.0745  0.0714  0.0699  0.0699  0.0689  0.0676
    0.0832   -0.5478   -0.8304  -13.2483    2.6667   -2.8310
eta,q 0.93646 10.78715

---------------------------------------------------------------------
imgreg_4dfp /opt/freesurfer/average/711-2C_as_mni_average_305 /opt/freesurfer/average/711-2B_as_mni_average_305_mask talsrcimg_g11 none talsrcimg_to_711-2C_as_mni_average_305_t4 3335
---------------------------------------------------------------------

freesurfer imgreg_4dfp.c
/opt/freesurfer/average/711-2C_as_mni_average_305.4dfp.img
       256       256       256         1
  1.000000  1.000000  1.000000
orientation T byte_order littleendian
Reading image: /opt/freesurfer/average/711-2C_as_mni_average_305.4dfp.img
dimensions:      256       256       256
mmppix:       1.0000   -1.0000   -1.0000
center:     128.0000 -129.0000 -129.0000
/opt/freesurfer/average/711-2B_as_mni_average_305_mask.4dfp.img
       256       256       256         1
  1.000000  1.000000  1.000000
orientation T byte_order littleendian
Reading mask: /opt/freesurfer/average/711-2B_as_mni_average_305_mask.4dfp.img (2306576 pixels)
talsrcimg_g11.4dfp.img
       256       256       256         1
  1.000000  1.000000  1.000000
orientation T byte_order littleendian
Reading image: talsrcimg_g11.4dfp.img
dimensions:      256       256       256
mmppix:       1.0000   -1.0000   -1.0000
center:     128.0000 -129.0000 -129.0000
fimgreg.f
image alignment mode   3335 decimal      D07 hex
parameters
    0.0832   -0.5478   -0.8304   -0.2302   -2.8329   -2.7668
    5.8724   -3.3914   -4.9336   23.1129    4.6526  -22.8924
eta,q 0.93947 10.75287
niter,ni,del,rscale     5    3    5.0000    1.2000
parameter  3 -0.588515 -> -0.500000 qaram    1.1500
parameter  4  3.082228 ->  0.500000 qaram    1.1500
parameter  5  2.238058 ->  0.500000 qaram    1.1500
parameter  6  1.460454 ->  0.500000 qaram    1.1500
parameter 10  1.022721 ->  0.500000 qaram    1.1500
parameters
    0.0704   -0.7700    0.5496   -4.3702   -6.9729   -6.9068
    3.0422   -2.6201   -1.6745   18.9729    1.6256  -19.8608
eta,q 0.95957  9.84959
  0.0627  0.0617  0.0638  0.0494  0.0466  0.0419  0.0443  0.0485  0.0463  0.0406  0.0412  0.0431
  0.0615  0.0609  0.0624  0.0523  0.0484  0.0432  0.0436  0.0460  0.0451  0.0408  0.0408  0.0420
  0.0607  0.0606  0.0613  0.0558  0.0505  0.0457  0.0434  0.0443  0.0441  0.0416  0.0407  0.0412
  0.0605  0.0605  0.0605  0.0600  0.0532  0.0489  0.0438  0.0434  0.0434  0.0431  0.0409  0.0407
  0.0608  0.0608  0.0601  0.0647  0.0564  0.0530  0.0447  0.0437  0.0431  0.0451  0.0415  0.0404
  0.0616  0.0613  0.0600  0.0697  0.0599  0.0580  0.0461  0.0448  0.0431  0.0476  0.0423  0.0405
  0.0627  0.0621  0.0603  0.0748  0.0637  0.0634  0.0478  0.0467  0.0436  0.0505  0.0434  0.0409
niter,ni,del,rscale     7    3    5.0000    1.2000
parameter  2 -0.593035 -> -0.500000 qaram    1.1500
parameter  4  1.171226 ->  0.500000 qaram    1.3225
parameter  5  1.827611 ->  0.500000 qaram    1.3225
parameter  6  0.509114 ->  0.500000 qaram    1.3225
parameters
    0.1704    0.6100    0.5986   -9.1312  -11.7339  -11.6678
    2.6421   -1.9150   -0.9782   15.5072    1.9875  -20.7056
eta,q 0.96970  9.18357
  0.0434  0.0443  0.0424  0.0339  0.0296  0.0319  0.0329  0.0361  0.0329  0.0316  0.0316  0.0314
  0.0418  0.0427  0.0410  0.0347  0.0315  0.0313  0.0318  0.0338  0.0319  0.0306  0.0310  0.0308
  0.0408  0.0414  0.0400  0.0366  0.0332  0.0309  0.0312  0.0320  0.0313  0.0304  0.0305  0.0304
  0.0404  0.0404  0.0397  0.0397  0.0351  0.0320  0.0311  0.0311  0.0310  0.0310  0.0303  0.0303
  0.0406  0.0398  0.0400  0.0437  0.0378  0.0349  0.0314  0.0313  0.0311  0.0324  0.0304  0.0306
  0.0415  0.0397  0.0409  0.0487  0.0411  0.0389  0.0321  0.0325  0.0315  0.0343  0.0308  0.0312
  0.0429  0.0402  0.0422  0.0543  0.0449  0.0441  0.0333  0.0346  0.0323  0.0368  0.0314  0.0320
niter,ni,del,rscale     7    3    5.0000    1.2000
parameter  5  1.135784 ->  0.500000 qaram    1.5209
parameters
    0.2682    0.9841   -0.1335  -13.7231  -17.2091  -12.8738
    2.6683   -2.0654   -0.9001   15.9783    1.7914  -22.5298
eta,q 0.97387  8.73204
  0.0335  0.0332  0.0312  0.0302  0.0263  0.0288  0.0289  0.0294  0.0285  0.0306  0.0269  0.0271
  0.0318  0.0317  0.0304  0.0296  0.0260  0.0274  0.0276  0.0277  0.0273  0.0283  0.0265  0.0264
  0.0307  0.0307  0.0301  0.0295  0.0273  0.0266  0.0266  0.0266  0.0265  0.0268  0.0263  0.0261
  0.0303  0.0303  0.0303  0.0301  0.0294  0.0262  0.0263  0.0263  0.0263  0.0263  0.0263  0.0263
  0.0306  0.0304  0.0308  0.0322  0.0314  0.0262  0.0266  0.0267  0.0266  0.0267  0.0264  0.0268
  0.0315  0.0309  0.0318  0.0356  0.0339  0.0279  0.0275  0.0278  0.0273  0.0279  0.0266  0.0275
  0.0330  0.0319  0.0332  0.0402  0.0371  0.0320  0.0289  0.0297  0.0284  0.0296  0.0269  0.0284
niter,ni,del,rscale     7    3    5.0000    1.2000
parameters
    0.2788    1.1998   -0.7256  -15.2238  -20.1549  -13.0755
    2.9376   -2.3824   -0.5703   17.1659   -0.0792  -23.4165
eta,q 0.97412  8.54835
  0.0289  0.0302  0.0272  0.0279  0.0286  0.0289  0.0285  0.0288  0.0279  0.0302  0.0262  0.0269
  0.0274  0.0281  0.0264  0.0270  0.0273  0.0274  0.0273  0.0272  0.0269  0.0281  0.0260  0.0262
  0.0265  0.0266  0.0261  0.0264  0.0261  0.0264  0.0264  0.0262  0.0263  0.0266  0.0259  0.0259
  0.0261  0.0261  0.0262  0.0261  0.0262  0.0260  0.0260  0.0260  0.0260  0.0260  0.0260  0.0259
  0.0264  0.0265  0.0266  0.0264  0.0282  0.0259  0.0262  0.0265  0.0261  0.0261  0.0261  0.0262
  0.0274  0.0275  0.0275  0.0277  0.0305  0.0268  0.0270  0.0276  0.0267  0.0269  0.0263  0.0267
  0.0289  0.0290  0.0286  0.0306  0.0331  0.0300  0.0282  0.0293  0.0276  0.0283  0.0267  0.0274
niter,ni,del,rscale     6    3    5.0000    1.2000
parameters
    0.2181    1.9031   -1.1037  -15.6107  -21.4475  -13.7747
    3.1451   -2.6445    0.0375   18.6200   -1.4142  -23.8923
eta,q 0.97434  8.45485
  0.0283  0.0303  0.0268  0.0278  0.0291  0.0284  0.0282  0.0287  0.0276  0.0297  0.0260  0.0267
  0.0270  0.0281  0.0261  0.0267  0.0276  0.0270  0.0270  0.0270  0.0267  0.0278  0.0258  0.0261
  0.0262  0.0267  0.0258  0.0260  0.0264  0.0261  0.0262  0.0261  0.0261  0.0265  0.0257  0.0257
  0.0259  0.0259  0.0257  0.0257  0.0257  0.0258  0.0259  0.0258  0.0258  0.0258  0.0257  0.0257
  0.0262  0.0257  0.0260  0.0258  0.0267  0.0259  0.0261  0.0264  0.0259  0.0258  0.0258  0.0259
  0.0271  0.0262  0.0267  0.0265  0.0289  0.0270  0.0268  0.0274  0.0263  0.0264  0.0261  0.0263
  0.0286  0.0273  0.0276  0.0286  0.0312  0.0302  0.0280  0.0290  0.0271  0.0277  0.0264  0.0269
niter,ni,del,rscale     5    3    5.0000    1.2000
parameters
    0.1346    2.4835   -1.5166  -16.2931  -22.6428  -14.5443
    3.2868   -2.8110    0.3546   19.8266   -1.7523  -24.5503
eta,q 0.97448  8.35651
  0.0280  0.0294  0.0266  0.0274  0.0288  0.0282  0.0278  0.0287  0.0273  0.0294  0.0261  0.0264
  0.0267  0.0276  0.0259  0.0264  0.0274  0.0269  0.0268  0.0270  0.0265  0.0276  0.0257  0.0259
  0.0259  0.0263  0.0256  0.0258  0.0262  0.0259  0.0260  0.0259  0.0259  0.0263  0.0256  0.0256
  0.0257  0.0257  0.0255  0.0255  0.0255  0.0257  0.0257  0.0257  0.0257  0.0257  0.0255  0.0255
  0.0260  0.0256  0.0259  0.0257  0.0264  0.0258  0.0259  0.0262  0.0258  0.0256  0.0256  0.0258
  0.0269  0.0261  0.0265  0.0265  0.0285  0.0269  0.0266  0.0273  0.0262  0.0263  0.0259  0.0262
  0.0284  0.0272  0.0274  0.0285  0.0308  0.0300  0.0277  0.0288  0.0271  0.0278  0.0261  0.0267
niter,ni,del,rscale     4    3    5.0000    1.2000
parameters
    0.1273    2.9700   -1.8748  -16.6566  -23.5219  -15.0556
    3.2813   -2.7506    0.2181   20.7803   -1.5100  -25.1839
eta,q 0.97451  8.29949
  0.0279  0.0289  0.0265  0.0274  0.0288  0.0283  0.0276  0.0288  0.0270  0.0291  0.0261  0.0263
  0.0266  0.0272  0.0259  0.0263  0.0274  0.0269  0.0266  0.0270  0.0263  0.0275  0.0257  0.0258
  0.0258  0.0261  0.0255  0.0257  0.0262  0.0259  0.0258  0.0259  0.0258  0.0262  0.0256  0.0255
  0.0255  0.0255  0.0255  0.0254  0.0254  0.0256  0.0256  0.0256  0.0256  0.0256  0.0255  0.0255
  0.0258  0.0255  0.0257  0.0256  0.0261  0.0257  0.0258  0.0260  0.0257  0.0256  0.0256  0.0257
  0.0266  0.0261  0.0263  0.0263  0.0281  0.0267  0.0265  0.0271  0.0263  0.0264  0.0257  0.0261
  0.0280  0.0271  0.0272  0.0280  0.0304  0.0296  0.0277  0.0285  0.0272  0.0279  0.0260  0.0266
niter,ni,del,rscale     3    3    5.0000    1.2000
parameters
    0.1851    3.3049   -2.1576  -16.8189  -24.1245  -15.4108
    3.2964   -2.6245   -0.0246   21.4565   -1.3286  -25.6461
eta,q 0.97449  8.26640
  0.0279  0.0284  0.0265  0.0274  0.0289  0.0283  0.0275  0.0288  0.0270  0.0290  0.0261  0.0263
  0.0266  0.0269  0.0259  0.0263  0.0274  0.0269  0.0265  0.0270  0.0262  0.0274  0.0257  0.0258
  0.0258  0.0259  0.0255  0.0257  0.0263  0.0259  0.0258  0.0259  0.0257  0.0261  0.0256  0.0255
  0.0255  0.0255  0.0255  0.0254  0.0254  0.0255  0.0256  0.0256  0.0256  0.0256  0.0255  0.0255
  0.0257  0.0256  0.0257  0.0256  0.0258  0.0256  0.0258  0.0260  0.0257  0.0257  0.0256  0.0257
  0.0264  0.0262  0.0262  0.0262  0.0278  0.0266  0.0264  0.0270  0.0263  0.0265  0.0257  0.0260
  0.0277  0.0272  0.0271  0.0278  0.0301  0.0294  0.0276  0.0285  0.0272  0.0282  0.0260  0.0265
niter,ni,del,rscale     2    3    5.0000    1.2000
parameters
    0.2456    3.5075   -2.3572  -16.9156  -24.4986  -15.6411
    3.3075   -2.5061   -0.1890   21.8762   -1.3335  -26.0164
eta,q 0.97446  8.24712
  0.0278  0.0281  0.0266  0.0274  0.0289  0.0283  0.0275  0.0288  0.0270  0.0289  0.0261  0.0263
  0.0266  0.0267  0.0260  0.0263  0.0275  0.0269  0.0265  0.0270  0.0262  0.0273  0.0257  0.0258
  0.0258  0.0258  0.0256  0.0257  0.0264  0.0260  0.0258  0.0259  0.0257  0.0261  0.0256  0.0256
  0.0255  0.0255  0.0255  0.0255  0.0255  0.0256  0.0256  0.0256  0.0256  0.0256  0.0255  0.0255
  0.0257  0.0257  0.0257  0.0256  0.0257  0.0256  0.0258  0.0260  0.0257  0.0257  0.0256  0.0257
  0.0264  0.0263  0.0262  0.0262  0.0276  0.0265  0.0264  0.0270  0.0263  0.0267  0.0258  0.0260
  0.0276  0.0274  0.0270  0.0277  0.0299  0.0292  0.0275  0.0285  0.0272  0.0284  0.0260  0.0264
niter,ni,del,rscale     1    3    5.0000    1.2000
parameters
    0.2892    3.6158   -2.4748  -16.9741  -24.7167  -15.7345
    3.3021   -2.4211   -0.2683   22.1386   -1.3869  -26.2333
eta,q 0.97444  8.23800
  0.0278  0.0279  0.0267  0.0274  0.0290  0.0284  0.0274  0.0288  0.0270  0.0288  0.0261  0.0264
  0.0266  0.0266  0.0261  0.0264  0.0276  0.0270  0.0265  0.0270  0.0263  0.0272  0.0258  0.0259
  0.0258  0.0258  0.0257  0.0258  0.0264  0.0260  0.0258  0.0259  0.0258  0.0261  0.0256  0.0256
  0.0255  0.0255  0.0255  0.0255  0.0255  0.0256  0.0256  0.0256  0.0256  0.0256  0.0256  0.0256
  0.0257  0.0257  0.0257  0.0256  0.0257  0.0256  0.0258  0.0260  0.0257  0.0258  0.0257  0.0257
  0.0265  0.0264  0.0262  0.0263  0.0275  0.0264  0.0264  0.0270  0.0263  0.0268  0.0258  0.0260
  0.0277  0.0275  0.0269  0.0276  0.0298  0.0291  0.0275  0.0285  0.0272  0.0286  0.0260  0.0264
registration optimization eta report
parameter search radius
    2.4000    2.7600    2.7600    9.5220   10.9503    9.5220
    7.2000    7.2000    7.2000    8.2800    7.2000    7.2000
100000*second partial in parameter space
       38.       29.       17.        2.        3.        4.
        4.        6.        3.        5.        1.        2.
  0.0278  0.0279  0.0267  0.0274  0.0290  0.0284  0.0274  0.0288  0.0270  0.0288  0.0261  0.0264
  0.0266  0.0266  0.0261  0.0264  0.0276  0.0270  0.0265  0.0270  0.0263  0.0272  0.0258  0.0259
  0.0258  0.0258  0.0257  0.0258  0.0264  0.0260  0.0258  0.0259  0.0258  0.0261  0.0256  0.0256
  0.0255  0.0255  0.0255  0.0255  0.0255  0.0256  0.0256  0.0256  0.0256  0.0256  0.0256  0.0256
  0.0257  0.0257  0.0257  0.0256  0.0257  0.0256  0.0258  0.0260  0.0257  0.0258  0.0257  0.0257
  0.0265  0.0264  0.0262  0.0263  0.0275  0.0264  0.0264  0.0270  0.0263  0.0268  0.0258  0.0260
  0.0277  0.0275  0.0269  0.0276  0.0298  0.0291  0.0275  0.0285  0.0272  0.0286  0.0260  0.0264
    0.2892    3.6158   -2.4748  -16.9741  -24.7167  -15.7345
    3.3021   -2.4211   -0.2683   22.1386   -1.3869  -26.2333
eta,q 0.97444  8.23800

---------------------------------------------------------------------
imgreg_4dfp /opt/freesurfer/average/711-2C_as_mni_average_305 /opt/freesurfer/average/711-2B_as_mni_average_305_mask talsrcimg_g11 none talsrcimg_to_711-2C_as_mni_average_305_t4 2311
---------------------------------------------------------------------

freesurfer imgreg_4dfp.c
/opt/freesurfer/average/711-2C_as_mni_average_305.4dfp.img
       256       256       256         1
  1.000000  1.000000  1.000000
orientation T byte_order littleendian
Reading image: /opt/freesurfer/average/711-2C_as_mni_average_305.4dfp.img
dimensions:      256       256       256
mmppix:       1.0000   -1.0000   -1.0000
center:     128.0000 -129.0000 -129.0000
/opt/freesurfer/average/711-2B_as_mni_average_305_mask.4dfp.img
       256       256       256         1
  1.000000  1.000000  1.000000
orientation T byte_order littleendian
Reading mask: /opt/freesurfer/average/711-2B_as_mni_average_305_mask.4dfp.img (2306576 pixels)
talsrcimg_g11.4dfp.img
       256       256       256         1
  1.000000  1.000000  1.000000
orientation T byte_order littleendian
Reading image: talsrcimg_g11.4dfp.img
dimensions:      256       256       256
mmppix:       1.0000   -1.0000   -1.0000
center:     128.0000 -129.0000 -129.0000
fimgreg.f
image alignment mode   2311 decimal      907 hex
parameters
    0.2892    3.6158   -2.4748  -16.9741  -24.7167  -15.7345
    3.3021   -2.4211   -0.2683   22.1386   -1.3869  -26.2333
eta,q 0.97444  8.23800
niter,ni,del,rscale     5    3    5.0000    0.8000
parameters
    0.3443    3.6542   -2.5210  -16.5335  -23.4111  -14.5160
    3.1946   -2.4300   -0.3906   22.3688   -1.3684  -26.9289
eta,q 0.97466  8.36959
  0.0266  0.0263  0.0260  0.0261  0.0268  0.0263  0.0264  0.0269  0.0261  0.0266  0.0256  0.0257
  0.0261  0.0259  0.0257  0.0258  0.0263  0.0259  0.0258  0.0260  0.0257  0.0260  0.0254  0.0255
  0.0257  0.0257  0.0256  0.0257  0.0259  0.0255  0.0255  0.0255  0.0254  0.0256  0.0254  0.0254
  0.0256  0.0256  0.0256  0.0256  0.0256  0.0254  0.0254  0.0254  0.0254  0.0254  0.0254  0.0254
  0.0256  0.0256  0.0256  0.0255  0.0254  0.0254  0.0255  0.0256  0.0255  0.0254  0.0254  0.0255
  0.0259  0.0259  0.0258  0.0257  0.0255  0.0254  0.0259  0.0261  0.0257  0.0258  0.0255  0.0257
  0.0265  0.0262  0.0260  0.0259  0.0260  0.0257  0.0265  0.0269  0.0262  0.0264  0.0256  0.0260
niter,ni,del,rscale     4    3    5.0000    0.7000
parameters
    0.3092    3.4454   -2.4217  -16.3189  -23.4168  -14.1114
    3.2801   -2.4998   -0.3854   22.4598   -1.2410  -27.0140
eta,q 0.97469  8.39931
  0.0261  0.0258  0.0257  0.0257  0.0262  0.0259  0.0261  0.0265  0.0259  0.0262  0.0255  0.0257
  0.0257  0.0255  0.0255  0.0255  0.0258  0.0256  0.0257  0.0258  0.0256  0.0258  0.0254  0.0255
  0.0254  0.0253  0.0254  0.0254  0.0255  0.0254  0.0254  0.0254  0.0254  0.0254  0.0253  0.0253
  0.0253  0.0253  0.0253  0.0253  0.0253  0.0253  0.0253  0.0253  0.0253  0.0253  0.0253  0.0253
  0.0254  0.0255  0.0253  0.0253  0.0254  0.0253  0.0254  0.0255  0.0254  0.0254  0.0253  0.0254
  0.0257  0.0258  0.0255  0.0254  0.0257  0.0254  0.0256  0.0259  0.0256  0.0257  0.0254  0.0255
  0.0262  0.0262  0.0256  0.0257  0.0263  0.0257  0.0261  0.0265  0.0259  0.0262  0.0255  0.0257
niter,ni,del,rscale     3    3    5.0000    0.6000
parameters
    0.2804    3.4153   -2.3800  -16.1891  -23.3381  -13.9074
    3.3198   -2.5588   -0.3951   22.5096   -1.1417  -27.0881
eta,q 0.97471  8.41857
  0.0259  0.0258  0.0256  0.0256  0.0260  0.0257  0.0259  0.0262  0.0257  0.0260  0.0254  0.0256
  0.0256  0.0255  0.0254  0.0254  0.0257  0.0255  0.0256  0.0257  0.0255  0.0256  0.0253  0.0254
  0.0254  0.0253  0.0253  0.0254  0.0254  0.0254  0.0254  0.0254  0.0253  0.0254  0.0253  0.0253
  0.0253  0.0253  0.0253  0.0253  0.0253  0.0253  0.0253  0.0253  0.0253  0.0253  0.0253  0.0253
  0.0254  0.0254  0.0253  0.0253  0.0253  0.0253  0.0254  0.0254  0.0253  0.0253  0.0253  0.0253
  0.0256  0.0255  0.0254  0.0254  0.0256  0.0254  0.0255  0.0257  0.0255  0.0256  0.0253  0.0254
  0.0259  0.0258  0.0255  0.0256  0.0260  0.0256  0.0259  0.0262  0.0257  0.0260  0.0254  0.0256
niter,ni,del,rscale     2    3    5.0000    0.5000
parameters
    0.2598    3.3848   -2.3653  -16.0725  -23.2518  -13.6825
    3.3104   -2.5892   -0.3985   22.5655   -1.0010  -27.2006
eta,q 0.97473  8.43928
  0.0257  0.0256  0.0255  0.0255  0.0258  0.0255  0.0257  0.0259  0.0256  0.0258  0.0254  0.0255
  0.0255  0.0254  0.0254  0.0254  0.0256  0.0254  0.0255  0.0255  0.0254  0.0255  0.0253  0.0253
  0.0253  0.0253  0.0253  0.0253  0.0254  0.0253  0.0253  0.0253  0.0253  0.0253  0.0253  0.0253
  0.0253  0.0253  0.0253  0.0253  0.0253  0.0253  0.0253  0.0253  0.0253  0.0253  0.0253  0.0253
  0.0253  0.0253  0.0253  0.0253  0.0253  0.0253  0.0253  0.0253  0.0253  0.0253  0.0253  0.0253
  0.0255  0.0255  0.0254  0.0254  0.0255  0.0253  0.0255  0.0256  0.0254  0.0255  0.0253  0.0254
  0.0257  0.0256  0.0255  0.0255  0.0258  0.0255  0.0257  0.0259  0.0256  0.0257  0.0254  0.0255
niter,ni,del,rscale     1    3    5.0000    0.4000
parameters
    0.2478    3.3583   -2.3592  -15.9063  -23.1785  -13.4263
    3.2803   -2.5849   -0.4291   22.6137   -0.8066  -27.3277
eta,q 0.97474  8.46330
  0.0255  0.0255  0.0254  0.0254  0.0256  0.0254  0.0255  0.0257  0.0254  0.0256  0.0253  0.0254
  0.0254  0.0254  0.0253  0.0253  0.0254  0.0254  0.0254  0.0254  0.0253  0.0254  0.0253  0.0253
  0.0253  0.0253  0.0253  0.0253  0.0253  0.0253  0.0253  0.0253  0.0253  0.0253  0.0253  0.0253
  0.0253  0.0253  0.0253  0.0253  0.0253  0.0253  0.0253  0.0253  0.0253  0.0253  0.0253  0.0253
  0.0253  0.0253  0.0253  0.0253  0.0253  0.0253  0.0253  0.0253  0.0253  0.0253  0.0253  0.0253
  0.0254  0.0254  0.0253  0.0253  0.0254  0.0253  0.0254  0.0254  0.0253  0.0254  0.0253  0.0253
  0.0256  0.0255  0.0254  0.0254  0.0256  0.0254  0.0255  0.0257  0.0255  0.0256  0.0253  0.0254
registration optimization eta report
parameter search radius
    0.8000    0.8000    0.8000    2.4000    2.4000    2.4000
    2.4000    2.4000    2.4000    2.4000    2.4000    2.4000
100000*second partial in parameter space
       42.       34.       20.        2.        6.        3.
        5.        7.        3.        5.        1.        3.
  0.0255  0.0255  0.0254  0.0254  0.0256  0.0254  0.0255  0.0257  0.0254  0.0256  0.0253  0.0254
  0.0254  0.0254  0.0253  0.0253  0.0254  0.0254  0.0254  0.0254  0.0253  0.0254  0.0253  0.0253
  0.0253  0.0253  0.0253  0.0253  0.0253  0.0253  0.0253  0.0253  0.0253  0.0253  0.0253  0.0253
  0.0253  0.0253  0.0253  0.0253  0.0253  0.0253  0.0253  0.0253  0.0253  0.0253  0.0253  0.0253
  0.0253  0.0253  0.0253  0.0253  0.0253  0.0253  0.0253  0.0253  0.0253  0.0253  0.0253  0.0253
  0.0254  0.0254  0.0253  0.0253  0.0254  0.0253  0.0254  0.0254  0.0253  0.0254  0.0253  0.0253
  0.0256  0.0255  0.0254  0.0254  0.0256  0.0254  0.0255  0.0257  0.0255  0.0256  0.0253  0.0254
    0.2478    3.3583   -2.3592  -15.9063  -23.1785  -13.4263
    3.2803   -2.5849   -0.4291   22.6137   -0.8066  -27.3277
eta,q 0.97474  8.46330

---------------------------------------------------------------------
imgreg_4dfp /opt/freesurfer/average/711-2C_as_mni_average_305 /opt/freesurfer/average/711-2B_as_mni_average_305_mask talsrcimg_g11 none talsrcimg_to_711-2C_as_mni_average_305_t4 2311
---------------------------------------------------------------------

freesurfer imgreg_4dfp.c
/opt/freesurfer/average/711-2C_as_mni_average_305.4dfp.img
       256       256       256         1
  1.000000  1.000000  1.000000
orientation T byte_order littleendian
Reading image: /opt/freesurfer/average/711-2C_as_mni_average_305.4dfp.img
dimensions:      256       256       256
mmppix:       1.0000   -1.0000   -1.0000
center:     128.0000 -129.0000 -129.0000
/opt/freesurfer/average/711-2B_as_mni_average_305_mask.4dfp.img
       256       256       256         1
  1.000000  1.000000  1.000000
orientation T byte_order littleendian
Reading mask: /opt/freesurfer/average/711-2B_as_mni_average_305_mask.4dfp.img (2306576 pixels)
talsrcimg_g11.4dfp.img
       256       256       256         1
  1.000000  1.000000  1.000000
orientation T byte_order littleendian
Reading image: talsrcimg_g11.4dfp.img
dimensions:      256       256       256
mmppix:       1.0000   -1.0000   -1.0000
center:     128.0000 -129.0000 -129.0000
fimgreg.f
image alignment mode   2311 decimal      907 hex
parameters
    0.2478    3.3583   -2.3592  -15.9063  -23.1785  -13.4263
    3.2803   -2.5849   -0.4291   22.6137   -0.8066  -27.3277
eta,q 0.97474  8.46329
niter,ni,del,rscale     5    3    5.0000    0.8000
parameters
    0.2092    3.3419   -2.3076  -16.1966  -23.5718  -13.9857
    3.4712   -2.6481   -0.4015   22.4526   -1.0721  -26.9276
eta,q 0.97469  8.40343
  0.0263  0.0261  0.0258  0.0257  0.0262  0.0259  0.0264  0.0268  0.0261  0.0264  0.0255  0.0259
  0.0257  0.0256  0.0255  0.0255  0.0258  0.0255  0.0258  0.0259  0.0256  0.0258  0.0254  0.0256
  0.0254  0.0253  0.0253  0.0253  0.0254  0.0254  0.0254  0.0254  0.0254  0.0254  0.0253  0.0254
  0.0253  0.0253  0.0253  0.0253  0.0253  0.0253  0.0253  0.0253  0.0253  0.0253  0.0253  0.0253
  0.0254  0.0254  0.0253  0.0253  0.0254  0.0253  0.0254  0.0255  0.0254  0.0254  0.0254  0.0254
  0.0258  0.0257  0.0255  0.0255  0.0259  0.0256  0.0257  0.0261  0.0256  0.0259  0.0254  0.0255
  0.0264  0.0262  0.0257  0.0258  0.0268  0.0265  0.0263  0.0269  0.0261  0.0266  0.0255  0.0257
niter,ni,del,rscale     4    3    5.0000    0.7000
parameters
    0.2317    3.4174   -2.3309  -16.2447  -23.4859  -14.0207
    3.4317   -2.6365   -0.3767   22.4293   -1.2017  -26.9562
eta,q 0.97470  8.40218
  0.0261  0.0260  0.0257  0.0256  0.0262  0.0258  0.0261  0.0265  0.0259  0.0262  0.0255  0.0257
  0.0257  0.0256  0.0255  0.0255  0.0258  0.0255  0.0256  0.0258  0.0256  0.0257  0.0254  0.0255
  0.0254  0.0254  0.0253  0.0254  0.0255  0.0254  0.0254  0.0254  0.0254  0.0254  0.0253  0.0253
  0.0253  0.0253  0.0253  0.0253  0.0253  0.0253  0.0253  0.0253  0.0253  0.0253  0.0253  0.0253
  0.0254  0.0254  0.0254  0.0253  0.0253  0.0253  0.0254  0.0255  0.0254  0.0254  0.0253  0.0254
  0.0256  0.0256  0.0255  0.0255  0.0256  0.0254  0.0257  0.0259  0.0255  0.0257  0.0254  0.0255
  0.0261  0.0259  0.0257  0.0257  0.0262  0.0259  0.0261  0.0265  0.0259  0.0262  0.0255  0.0257
niter,ni,del,rscale     3    3    5.0000    0.6000
parameters
    0.2389    3.4029   -2.3442  -16.1889  -23.3505  -13.8903
    3.3679   -2.6201   -0.3638   22.4717   -1.1582  -27.0290
eta,q 0.97471  8.41744
  0.0259  0.0258  0.0256  0.0256  0.0260  0.0256  0.0259  0.0262  0.0257  0.0260  0.0254  0.0256
  0.0256  0.0255  0.0254  0.0254  0.0257  0.0255  0.0255  0.0257  0.0255  0.0256  0.0253  0.0254
  0.0254  0.0254  0.0253  0.0253  0.0254  0.0254  0.0253  0.0254  0.0253  0.0254  0.0253  0.0253
  0.0253  0.0253  0.0253  0.0253  0.0253  0.0253  0.0253  0.0253  0.0253  0.0253  0.0253  0.0253
  0.0254  0.0254  0.0253  0.0253  0.0253  0.0253  0.0254  0.0254  0.0253  0.0253  0.0253  0.0253
  0.0256  0.0255  0.0254  0.0254  0.0255  0.0254  0.0256  0.0257  0.0255  0.0256  0.0253  0.0254
  0.0259  0.0258  0.0256  0.0256  0.0260  0.0256  0.0259  0.0262  0.0257  0.0260  0.0254  0.0256
niter,ni,del,rscale     2    3    5.0000    0.5000
parameters
    0.2410    3.3779   -2.3435  -16.0699  -23.2419  -13.7013
    3.3302   -2.6101   -0.3838   22.5246   -1.0657  -27.1463
eta,q 0.97473  8.43762
  0.0257  0.0256  0.0255  0.0255  0.0258  0.0255  0.0257  0.0259  0.0256  0.0258  0.0254  0.0255
  0.0255  0.0254  0.0254  0.0254  0.0256  0.0254  0.0254  0.0255  0.0254  0.0255  0.0253  0.0254
  0.0253  0.0253  0.0253  0.0253  0.0254  0.0253  0.0253  0.0253  0.0253  0.0253  0.0253  0.0253
  0.0253  0.0253  0.0253  0.0253  0.0253  0.0253  0.0253  0.0253  0.0253  0.0253  0.0253  0.0253
  0.0253  0.0253  0.0253  0.0253  0.0253  0.0253  0.0253  0.0253  0.0253  0.0253  0.0253  0.0253
  0.0255  0.0254  0.0254  0.0254  0.0255  0.0253  0.0255  0.0256  0.0254  0.0255  0.0253  0.0254
  0.0257  0.0256  0.0255  0.0255  0.0258  0.0255  0.0257  0.0259  0.0256  0.0257  0.0254  0.0255
niter,ni,del,rscale     1    3    5.0000    0.4000
parameters
    0.2375    3.3523   -2.3414  -15.9272  -23.1582  -13.4532
    3.2805   -2.5972   -0.4077   22.5789   -0.8627  -27.2820
eta,q 0.97474  8.46094
  0.0255  0.0255  0.0254  0.0254  0.0256  0.0254  0.0255  0.0257  0.0254  0.0256  0.0253  0.0254
  0.0254  0.0254  0.0253  0.0253  0.0254  0.0254  0.0254  0.0254  0.0253  0.0254  0.0253  0.0253
  0.0253  0.0253  0.0253  0.0253  0.0253  0.0253  0.0253  0.0253  0.0253  0.0253  0.0253  0.0253
  0.0253  0.0253  0.0253  0.0253  0.0253  0.0253  0.0253  0.0253  0.0253  0.0253  0.0253  0.0253
  0.0253  0.0253  0.0253  0.0253  0.0253  0.0253  0.0253  0.0253  0.0253  0.0253  0.0253  0.0253
  0.0254  0.0254  0.0253  0.0253  0.0254  0.0253  0.0254  0.0254  0.0253  0.0254  0.0253  0.0253
  0.0255  0.0255  0.0254  0.0254  0.0256  0.0254  0.0255  0.0257  0.0255  0.0256  0.0253  0.0254
registration optimization eta report
parameter search radius
    0.8000    0.8000    0.8000    2.4000    2.4000    2.4000
    2.4000    2.4000    2.4000    2.4000    2.4000    2.4000
100000*second partial in parameter space
       42.       34.       20.        2.        6.        2.
        5.        7.        3.        5.        1.        3.
  0.0255  0.0255  0.0254  0.0254  0.0256  0.0254  0.0255  0.0257  0.0254  0.0256  0.0253  0.0254
  0.0254  0.0254  0.0253  0.0253  0.0254  0.0254  0.0254  0.0254  0.0253  0.0254  0.0253  0.0253
  0.0253  0.0253  0.0253  0.0253  0.0253  0.0253  0.0253  0.0253  0.0253  0.0253  0.0253  0.0253
  0.0253  0.0253  0.0253  0.0253  0.0253  0.0253  0.0253  0.0253  0.0253  0.0253  0.0253  0.0253
  0.0253  0.0253  0.0253  0.0253  0.0253  0.0253  0.0253  0.0253  0.0253  0.0253  0.0253  0.0253
  0.0254  0.0254  0.0253  0.0253  0.0254  0.0253  0.0254  0.0254  0.0253  0.0254  0.0253  0.0253
  0.0255  0.0255  0.0254  0.0254  0.0256  0.0254  0.0255  0.0257  0.0255  0.0256  0.0253  0.0254
    0.2375    3.3523   -2.3414  -15.9272  -23.1582  -13.4532
    3.2805   -2.5972   -0.4077   22.5789   -0.8627  -27.2820
eta,q 0.97474  8.46094

---------------------------------------------------------------------
compute_vox2vox talsrcimg talsrcimg_to_711-2C_as_mni_average_305_t4 /opt/freesurfer/average/711-2C_as_mni_average_305
---------------------------------------------------------------------

freesurfer compute_vox2vox.c
Reading: talsrcimg.4dfp.ifh
Reading: talsrcimg_to_711-2C_as_mni_average_305_t4
Reading: /opt/freesurfer/average/711-2C_as_mni_average_305.4dfp.ifh
Writing: talsrcimg_to_711-2C_as_mni_average_305_t4_vox2vox.txt

start time Sun Mar 8 17:02:02 CET 2026
end		time Sun Mar 8 17:03:29 CET 2026

mpr2mni305 success

avi2talxfm orig_nu.mgz /opt/freesurfer/average/mni305.cor.mgz talsrcimg_to_711-2C_as_mni_average_305_t4_vox2vox.txt transforms/talairach.auto.xfm
avi2talxfm done
mv -f /out/sourcedata/freesurfer/sub-v1s13x0050057_ses-1/mri/talsrcimg_to_711-2C_as_mni_average_305_t4_vox2vox.txt /out/sourcedata/freesurfer/sub-v1s13x0050057_ses-1/mri/transforms/talsrcimg_to_711-2C_as_mni_average_305_t4_vox2vox.txt
lta_convert --src orig_nu.mgz --trg /opt/freesurfer/average/mni305.cor.mgz --inxfm transforms/talairach.auto.xfm --outlta transforms/talairach.auto.xfm.lta --subject fsaverage
7.3.2

--src: orig_nu.mgz src image (geometry).
--trg: /opt/freesurfer/average/mni305.cor.mgz trg image (geometry).
--inmni: transforms/talairach.auto.xfm input MNI/XFM transform.
--outlta: transforms/talairach.auto.xfm.lta output LTA.
--s: fsaverage subject name
 LTA read, type : 1
 1.18974   0.04480  -0.03489  -2.27536;
 0.01268   1.05797   0.37508   7.92677;
 0.00259  -0.31063   1.19098   19.99419;
 0.00000   0.00000   0.00000   1.00000;
setting subject to fsaverage
Writing  LTA to file transforms/talairach.auto.xfm.lta...
lta_convert successful.
 
 
Started at Sun Mar 8 17:02:01 CET 2026
Ended   at Sun Mar  8 17:03:29 CET 2026
talairach_avi done
