status file for recon-all
Sun Mar  8 15:43:10 CET 2026
#@# MotionCor Sun Mar  8 15:43:12 CET 2026
#@# Talairach Sun Mar  8 15:43:18 CET 2026
#@# Talairach Failure Detection Sun Mar  8 15:46:08 CET 2026
#@# Nu Intensity Correction Sun Mar  8 15:46:08 CET 2026
#@# Intensity Normalization Sun Mar  8 15:48:54 CET 2026
recon-all -s sub-v1s13x0050022_ses-1 finished without error at Sun Mar  8 15:49:50 CET 2026



#New# invocation of recon-all 



status file for recon-all
Sun Mar  8 15:55:36 CET 2026
#@# EM Registration Sun Mar  8 15:55:36 CET 2026
recon-all -s sub-v1s13x0050022_ses-1 finished without error at Sun Mar  8 15:56:49 CET 2026



#New# invocation of recon-all 



status file for recon-all
Sun Mar  8 15:56:53 CET 2026
#@# CA Normalize Sun Mar  8 15:56:53 CET 2026
#@# CA Reg Sun Mar  8 15:57:45 CET 2026
#@# SubCort Seg Sun Mar  8 16:28:14 CET 2026
#@# CC Seg Sun Mar  8 16:50:03 CET 2026
#@# Merge ASeg Sun Mar  8 16:50:22 CET 2026
#@# Intensity Normalization2 Sun Mar  8 16:50:22 CET 2026
#@# Mask BFS Sun Mar  8 16:51:44 CET 2026
#@# WM Segmentation Sun Mar  8 16:51:44 CET 2026
#@# Fill Sun Mar  8 16:53:21 CET 2026
recon-all -s sub-v1s13x0050022_ses-1 finished without error at Sun Mar  8 16:53:58 CET 2026



#New# invocation of recon-all 



status file for recon-all
Sun Mar  8 17:31:26 CET 2026
#@# white curv lh Sun Mar  8 17:31:26 CET 2026
#@# white area lh Sun Mar  8 17:31:26 CET 2026
#@# pial curv lh Sun Mar  8 17:31:26 CET 2026
#@# pial area lh Sun Mar  8 17:31:26 CET 2026
#@# thickness lh Sun Mar  8 17:31:26 CET 2026
#@# area and vertex vol lh Sun Mar  8 17:31:26 CET 2026
#@# white curv rh Sun Mar  8 17:31:26 CET 2026
#@# white area rh Sun Mar  8 17:31:26 CET 2026
#@# pial curv rh Sun Mar  8 17:31:26 CET 2026
#@# pial area rh Sun Mar  8 17:31:26 CET 2026
#@# thickness rh Sun Mar  8 17:31:26 CET 2026
#@# area and vertex vol rh Sun Mar  8 17:31:26 CET 2026
#@# Cortical ribbon mask Sun Mar  8 17:31:26 CET 2026
recon-all -s sub-v1s13x0050022_ses-1 finished without error at Sun Mar  8 17:34:35 CET 2026



#New# invocation of recon-all 



status file for recon-all
Sun Mar  8 17:39:24 CET 2026
#@# white curv lh Sun Mar  8 17:39:24 CET 2026
#@# white area lh Sun Mar  8 17:39:24 CET 2026
#@# pial curv lh Sun Mar  8 17:39:24 CET 2026
#@# pial area lh Sun Mar  8 17:39:25 CET 2026
#@# thickness lh Sun Mar  8 17:39:25 CET 2026
#@# area and vertex vol lh Sun Mar  8 17:39:25 CET 2026
#@# white curv rh Sun Mar  8 17:39:25 CET 2026
#@# white area rh Sun Mar  8 17:39:25 CET 2026
#@# pial curv rh Sun Mar  8 17:39:25 CET 2026
#@# pial area rh Sun Mar  8 17:39:25 CET 2026
#@# thickness rh Sun Mar  8 17:39:25 CET 2026
#@# area and vertex vol rh Sun Mar  8 17:39:25 CET 2026
#@# Curvature Stats lh Sun Mar  8 17:39:25 CET 2026
#@# Curvature Stats rh Sun Mar  8 17:39:26 CET 2026
#@# Relabel Hypointensities Sun Mar  8 17:39:28 CET 2026
#@# APas-to-ASeg Sun Mar  8 17:39:39 CET 2026
#@# AParc-to-ASeg aparc Sun Mar  8 17:39:44 CET 2026
#@# AParc-to-ASeg aparc.a2009s Sun Mar  8 17:40:09 CET 2026
#@# AParc-to-ASeg aparc.DKTatlas Sun Mar  8 17:40:34 CET 2026
#@# WMParc Sun Mar  8 17:41:00 CET 2026
#@# ASeg Stats Sun Mar  8 17:42:43 CET 2026
recon-all -s sub-v1s13x0050022_ses-1 finished without error at Sun Mar  8 17:42:58 CET 2026
