status file for recon-all
Sun Mar  8 16:54:03 CET 2026
#@# Tessellate lh Sun Mar  8 16:54:03 CET 2026
#@# Smooth1 lh Sun Mar  8 16:54:05 CET 2026
#@# Inflation1 lh Sun Mar  8 16:54:07 CET 2026
#@# QSphere lh Sun Mar  8 16:54:15 CET 2026
#@# Fix Topology lh Sun Mar  8 16:54:54 CET 2026
#@# Smooth2 lh Sun Mar  8 17:02:41 CET 2026
#@# Inflation2 lh Sun Mar  8 17:02:43 CET 2026
#@# Curv .H and .K lh Sun Mar  8 17:02:51 CET 2026
#@# Sphere lh Sun Mar  8 17:03:29 CET 2026
#@# Surf Reg lh Sun Mar  8 17:05:41 CET 2026
#@# Jacobian white lh Sun Mar  8 17:08:20 CET 2026
#@# AvgCurv lh Sun Mar  8 17:08:21 CET 2026
#@# Cortical Parc lh Sun Mar  8 17:08:21 CET 2026
#@# white curv lh Sun Mar  8 17:13:26 CET 2026
#@# white area lh Sun Mar  8 17:13:27 CET 2026
#@# pial curv lh Sun Mar  8 17:13:28 CET 2026
#@# pial area lh Sun Mar  8 17:13:29 CET 2026
#@# thickness lh Sun Mar  8 17:13:30 CET 2026
#@# area and vertex vol lh Sun Mar  8 17:13:50 CET 2026
#@# Curvature Stats lh Sun Mar  8 17:13:51 CET 2026
#@# Cortical Parc 2 lh Sun Mar  8 17:13:52 CET 2026
#@# Cortical Parc 3 lh Sun Mar  8 17:14:02 CET 2026
#@# WM/GM Contrast lh Sun Mar  8 17:14:10 CET 2026
recon-all -s sub-v1s13x0050022_ses-1 finished without error at Sun Mar  8 17:14:12 CET 2026



#New# invocation of recon-all 



status file for recon-all
Sun Mar  8 17:34:38 CET 2026
#@# white curv lh Sun Mar  8 17:34:38 CET 2026
#@# white area lh Sun Mar  8 17:34:38 CET 2026
#@# pial curv lh Sun Mar  8 17:34:38 CET 2026
#@# pial area lh Sun Mar  8 17:34:38 CET 2026
#@# thickness lh Sun Mar  8 17:34:38 CET 2026
#@# area and vertex vol lh Sun Mar  8 17:34:38 CET 2026
#@# Parcellation Stats lh Sun Mar  8 17:34:38 CET 2026
#@# Parcellation Stats 2 lh Sun Mar  8 17:34:53 CET 2026
#@# Parcellation Stats 3 lh Sun Mar  8 17:35:01 CET 2026
#@# BA_exvivo Labels lh Sun Mar  8 17:35:08 CET 2026
recon-all -s sub-v1s13x0050022_ses-1 finished without error at Sun Mar  8 17:36:58 CET 2026
