status file for recon-all
Sun Mar  8 14:36:49 CET 2026
#@# Tessellate lh Sun Mar  8 14:36:49 CET 2026
#@# Smooth1 lh Sun Mar  8 14:36:53 CET 2026
#@# Inflation1 lh Sun Mar  8 14:36:57 CET 2026
#@# QSphere lh Sun Mar  8 14:37:13 CET 2026
#@# Fix Topology lh Sun Mar  8 14:38:53 CET 2026
#@# Smooth2 lh Sun Mar  8 14:59:46 CET 2026
#@# Inflation2 lh Sun Mar  8 14:59:49 CET 2026
#@# Curv .H and .K lh Sun Mar  8 15:00:07 CET 2026
#@# Sphere lh Sun Mar  8 15:01:03 CET 2026
#@# Surf Reg lh Sun Mar  8 15:05:55 CET 2026
#@# Jacobian white lh Sun Mar  8 15:12:30 CET 2026
#@# AvgCurv lh Sun Mar  8 15:12:31 CET 2026
#@# Cortical Parc lh Sun Mar  8 15:12:32 CET 2026
#@# white curv lh Sun Mar  8 15:19:41 CET 2026
#@# white area lh Sun Mar  8 15:19:44 CET 2026
#@# pial curv lh Sun Mar  8 15:19:45 CET 2026
#@# pial area lh Sun Mar  8 15:19:47 CET 2026
#@# thickness lh Sun Mar  8 15:19:48 CET 2026
#@# area and vertex vol lh Sun Mar  8 15:20:24 CET 2026
#@# Curvature Stats lh Sun Mar  8 15:20:26 CET 2026
#@# Cortical Parc 2 lh Sun Mar  8 15:20:29 CET 2026
#@# Cortical Parc 3 lh Sun Mar  8 15:20:45 CET 2026
#@# WM/GM Contrast lh Sun Mar  8 15:20:58 CET 2026
recon-all -s sub-v1s13x0050007_ses-1 finished without error at Sun Mar  8 15:21:02 CET 2026



#New# invocation of recon-all 



status file for recon-all
Sun Mar  8 16:09:25 CET 2026
#@# white curv lh Sun Mar  8 16:09:25 CET 2026
#@# white area lh Sun Mar  8 16:09:25 CET 2026
#@# pial curv lh Sun Mar  8 16:09:26 CET 2026
#@# pial area lh Sun Mar  8 16:09:26 CET 2026
#@# thickness lh Sun Mar  8 16:09:26 CET 2026
#@# area and vertex vol lh Sun Mar  8 16:09:26 CET 2026
#@# Parcellation Stats lh Sun Mar  8 16:09:26 CET 2026
#@# Parcellation Stats 2 lh Sun Mar  8 16:09:50 CET 2026
#@# Parcellation Stats 3 lh Sun Mar  8 16:10:02 CET 2026
#@# BA_exvivo Labels lh Sun Mar  8 16:10:14 CET 2026
recon-all -s sub-v1s13x0050007_ses-1 finished without error at Sun Mar  8 16:13:17 CET 2026
