status file for recon-all
Sun Mar  8 12:43:08 CET 2026
#@# MotionCor Sun Mar  8 12:43:11 CET 2026
#@# Talairach Sun Mar  8 12:43:19 CET 2026
#@# Talairach Failure Detection Sun Mar  8 12:47:43 CET 2026
#@# Nu Intensity Correction Sun Mar  8 12:47:43 CET 2026
#@# Intensity Normalization Sun Mar  8 12:51:04 CET 2026
recon-all -s sub-v1s13x0050007_ses-1 finished without error at Sun Mar  8 12:52:31 CET 2026



#New# invocation of recon-all 



status file for recon-all
Sun Mar  8 12:59:59 CET 2026
#@# EM Registration Sun Mar  8 12:59:59 CET 2026
recon-all -s sub-v1s13x0050007_ses-1 finished without error at Sun Mar  8 13:02:17 CET 2026



#New# invocation of recon-all 



status file for recon-all
Sun Mar  8 13:02:21 CET 2026
#@# CA Normalize Sun Mar  8 13:02:21 CET 2026
#@# CA Reg Sun Mar  8 13:03:40 CET 2026
#@# SubCort Seg Sun Mar  8 13:59:10 CET 2026
#@# CC Seg Sun Mar  8 14:30:47 CET 2026
#@# Merge ASeg Sun Mar  8 14:31:23 CET 2026
#@# Intensity Normalization2 Sun Mar  8 14:31:23 CET 2026
#@# Mask BFS Sun Mar  8 14:33:37 CET 2026
#@# WM Segmentation Sun Mar  8 14:33:37 CET 2026
#@# Fill Sun Mar  8 14:35:41 CET 2026
recon-all -s sub-v1s13x0050007_ses-1 finished without error at Sun Mar  8 14:36:45 CET 2026



#New# invocation of recon-all 



status file for recon-all
Sun Mar  8 16:02:38 CET 2026
#@# white curv lh Sun Mar  8 16:02:38 CET 2026
#@# white area lh Sun Mar  8 16:02:38 CET 2026
#@# pial curv lh Sun Mar  8 16:02:38 CET 2026
#@# pial area lh Sun Mar  8 16:02:38 CET 2026
#@# thickness lh Sun Mar  8 16:02:38 CET 2026
#@# area and vertex vol lh Sun Mar  8 16:02:38 CET 2026
#@# white curv rh Sun Mar  8 16:02:38 CET 2026
#@# white area rh Sun Mar  8 16:02:38 CET 2026
#@# pial curv rh Sun Mar  8 16:02:38 CET 2026
#@# pial area rh Sun Mar  8 16:02:38 CET 2026
#@# thickness rh Sun Mar  8 16:02:38 CET 2026
#@# area and vertex vol rh Sun Mar  8 16:02:38 CET 2026
#@# Cortical ribbon mask Sun Mar  8 16:02:38 CET 2026
recon-all -s sub-v1s13x0050007_ses-1 finished without error at Sun Mar  8 16:09:19 CET 2026



#New# invocation of recon-all 



status file for recon-all
Sun Mar  8 16:17:22 CET 2026
#@# white curv lh Sun Mar  8 16:17:22 CET 2026
#@# white area lh Sun Mar  8 16:17:22 CET 2026
#@# pial curv lh Sun Mar  8 16:17:22 CET 2026
#@# pial area lh Sun Mar  8 16:17:22 CET 2026
#@# thickness lh Sun Mar  8 16:17:22 CET 2026
#@# area and vertex vol lh Sun Mar  8 16:17:22 CET 2026
#@# white curv rh Sun Mar  8 16:17:22 CET 2026
#@# white area rh Sun Mar  8 16:17:22 CET 2026
#@# pial curv rh Sun Mar  8 16:17:22 CET 2026
#@# pial area rh Sun Mar  8 16:17:22 CET 2026
#@# thickness rh Sun Mar  8 16:17:22 CET 2026
#@# area and vertex vol rh Sun Mar  8 16:17:22 CET 2026
#@# Curvature Stats lh Sun Mar  8 16:17:22 CET 2026
#@# Curvature Stats rh Sun Mar  8 16:17:25 CET 2026
#@# Relabel Hypointensities Sun Mar  8 16:17:28 CET 2026
#@# APas-to-ASeg Sun Mar  8 16:17:46 CET 2026
#@# AParc-to-ASeg aparc Sun Mar  8 16:17:55 CET 2026
#@# AParc-to-ASeg aparc.a2009s Sun Mar  8 16:18:50 CET 2026
#@# AParc-to-ASeg aparc.DKTatlas Sun Mar  8 16:19:43 CET 2026
#@# WMParc Sun Mar  8 16:20:38 CET 2026
#@# ASeg Stats Sun Mar  8 16:24:27 CET 2026
recon-all -s sub-v1s13x0050007_ses-1 finished without error at Sun Mar  8 16:25:12 CET 2026
