status file for recon-all
Sun Mar  8 18:12:16 CET 2026
#@# Tessellate lh Sun Mar  8 18:12:16 CET 2026
#@# Smooth1 lh Sun Mar  8 18:12:19 CET 2026
#@# Inflation1 lh Sun Mar  8 18:12:22 CET 2026
#@# QSphere lh Sun Mar  8 18:12:30 CET 2026
#@# Fix Topology lh Sun Mar  8 18:13:20 CET 2026
#@# Smooth2 lh Sun Mar  8 18:20:06 CET 2026
#@# Inflation2 lh Sun Mar  8 18:20:08 CET 2026
#@# Curv .H and .K lh Sun Mar  8 18:20:17 CET 2026
#@# Sphere lh Sun Mar  8 18:20:57 CET 2026
#@# Surf Reg lh Sun Mar  8 18:23:30 CET 2026
#@# Jacobian white lh Sun Mar  8 18:26:10 CET 2026
#@# AvgCurv lh Sun Mar  8 18:26:11 CET 2026
#@# Cortical Parc lh Sun Mar  8 18:26:11 CET 2026
#@# white curv lh Sun Mar  8 18:30:55 CET 2026
#@# white area lh Sun Mar  8 18:30:57 CET 2026
#@# pial curv lh Sun Mar  8 18:30:57 CET 2026
#@# pial area lh Sun Mar  8 18:30:59 CET 2026
#@# thickness lh Sun Mar  8 18:30:59 CET 2026
#@# area and vertex vol lh Sun Mar  8 18:31:24 CET 2026
#@# Curvature Stats lh Sun Mar  8 18:31:25 CET 2026
#@# Cortical Parc 2 lh Sun Mar  8 18:31:27 CET 2026
#@# Cortical Parc 3 lh Sun Mar  8 18:31:38 CET 2026
#@# WM/GM Contrast lh Sun Mar  8 18:31:46 CET 2026
recon-all -s sub-v1s13x0050048_ses-1 finished without error at Sun Mar  8 18:31:49 CET 2026



#New# invocation of recon-all 



status file for recon-all
Sun Mar  8 18:53:28 CET 2026
#@# white curv lh Sun Mar  8 18:53:28 CET 2026
#@# white area lh Sun Mar  8 18:53:28 CET 2026
#@# pial curv lh Sun Mar  8 18:53:28 CET 2026
#@# pial area lh Sun Mar  8 18:53:28 CET 2026
#@# thickness lh Sun Mar  8 18:53:28 CET 2026
#@# area and vertex vol lh Sun Mar  8 18:53:28 CET 2026
#@# Parcellation Stats lh Sun Mar  8 18:53:28 CET 2026
#@# Parcellation Stats 2 lh Sun Mar  8 18:53:42 CET 2026
#@# Parcellation Stats 3 lh Sun Mar  8 18:53:49 CET 2026
#@# BA_exvivo Labels lh Sun Mar  8 18:53:56 CET 2026
recon-all -s sub-v1s13x0050048_ses-1 finished without error at Sun Mar  8 18:56:00 CET 2026
