/out/sourcedata/freesurfer/sub-v1s13x0050037_ses-1/mri
/opt/freesurfer/bin/talairach_avi
--i orig_nu.mgz --xfm transforms/talairach.auto.xfm
talairach_avi 7.3.2
Linux dna007 5.14.0-427.37.1.el9_4.x86_64 #1 SMP PREEMPT_DYNAMIC Fri Sep 13 12:41:50 EDT 2024 x86_64 x86_64 x86_64 GNU/Linux
Sun Mar  8 16:34:27 CET 2026
mri_convert orig_nu.mgz talsrcimg.img 
reading from orig_nu.mgz...
TR=0.00, TE=0.00, TI=0.00, flip angle=0.00
i_ras = (-1, 0, 0)
j_ras = (0, 0, -1)
k_ras = (0, 1, 0)
writing to talsrcimg.img...
Analyze Output Matrix
-1.00000   0.00000   0.00000   127.12556;
 0.00000   0.00000   1.00000  -127.94919;
 0.00000  -1.00000   0.00000   127.65134;
 0.00000   0.00000   0.00000   1.00000;
--------------------
INFO: set hdr.hist.orient to -1
mpr2mni305 talsrcimg
Sun Mar  8 16:34:28 CET 2026
/opt/freesurfer/bin/mpr2mni305 talsrcimg
mpr2mni305 7.3.2
target=711-2C_as_mni_average_305

---------------------------------------------------------------------
analyzeto4dfp talsrcimg -O0 -y
---------------------------------------------------------------------

freesurfer ifh2hdr.c
Sun Mar  8 16:34:28 2026
Writing: talsrcimg.4dfp.hdr
freesurfer analyzeto4dfp.c
Reading: talsrcimg.hdr
header size 348 bytes
hdr.dime.datatype	offset=70	value=2
hdr.dime.bitpix		offset=72	value=8
hdr.hist.orient		offset=252	value=-1
dimensionality     4
dimensions       256       256       256         1
Reading: talsrcimg.img
Writing: talsrcimg.4dfp.img
Writing: talsrcimg.4dfp.ifh
ifh2hdr talsrcimg -r0to240
ori=2

---------------------------------------------------------------------
gauss_4dfp talsrcimg 1.1
---------------------------------------------------------------------

freesurfer gauss_4dfp.c
Reading: talsrcimg.4dfp.img
Writing: talsrcimg_g11.4dfp.img
image dimensions 256 256 256 padded to 288 288 288
processing volume 1freesurfer ifh2hdr.c
Sun Mar  8 16:34:30 2026
Writing: talsrcimg_g11.4dfp.hdr

Writing: talsrcimg_g11.4dfp.ifh
including: talsrcimg.4dfp.img.rec in talsrcimg_g11.4dfp.img.rec

---------------------------------------------------------------------
imgreg_4dfp /opt/freesurfer/average/711-2C_as_mni_average_305 none talsrcimg_g11 none talsrcimg_to_711-2C_as_mni_average_305_t4 4355
---------------------------------------------------------------------

freesurfer imgreg_4dfp.c
/opt/freesurfer/average/711-2C_as_mni_average_305.4dfp.img
       256       256       256         1
  1.000000  1.000000  1.000000
orientation T byte_order littleendian
Reading image: /opt/freesurfer/average/711-2C_as_mni_average_305.4dfp.img
dimensions:      256       256       256
mmppix:       1.0000   -1.0000   -1.0000
center:     128.0000 -129.0000 -129.0000
talsrcimg_g11.4dfp.img
       256       256       256         1
  1.000000  1.000000  1.000000
orientation T byte_order littleendian
Reading image: talsrcimg_g11.4dfp.img
dimensions:      256       256       256
mmppix:       1.0000   -1.0000   -1.0000
center:     128.0000 -129.0000 -129.0000
t4_read: open error in t4_sub.f l:  41 t4_file(1:l)talsrcimg_to_711-2C_as_mni_average_305_t4 
t4_read: transform initialized to I4
rotation matrix determinant  1.000000
image alignment mode   4355 decimal     1103 hex
   -7.5000  -45.0000  -45.0000 9817.0986   13.4652
    0.0000  -45.0000  -45.000010229.9902   13.4579
    7.5000  -45.0000  -45.0000 9748.6035   13.4510
   -7.5000  -37.5000  -45.000010177.2441   13.4863
    0.0000  -37.5000  -45.000010616.9854   13.4770
    7.5000  -37.5000  -45.000010104.7275   13.4711
   -7.5000  -30.0000  -45.000010834.0830   13.4077
    0.0000  -30.0000  -45.000011323.7891   13.3966
    7.5000  -30.0000  -45.000010767.7969   13.3889
   -7.5000  -22.5000  -45.000011450.7451   13.3256
    0.0000  -22.5000  -45.000011949.5762   13.3149
    7.5000  -22.5000  -45.000011384.4424   13.3048
   -7.5000  -15.0000  -45.000011963.1367   13.2486
    0.0000  -15.0000  -45.000012466.0752   13.2396
    7.5000  -15.0000  -45.000011894.0391   13.2289
   -7.5000   -7.5000  -45.000012428.8496   13.1908
    0.0000   -7.5000  -45.000012939.5498   13.1836
    7.5000   -7.5000  -45.000012338.4482   13.1750
   -7.5000    0.0000  -45.000012734.5625   13.1622
    0.0000    0.0000  -45.000013284.3896   13.1554
    7.5000    0.0000  -45.000012672.3135   13.1492
   -7.5000    7.5000  -45.000012059.2910   13.2480
    0.0000    7.5000  -45.000012589.4160   13.2392
    7.5000    7.5000  -45.000012022.0410   13.2336
   -7.5000   15.0000  -45.000011330.4033   13.3820
    0.0000   15.0000  -45.000011843.5127   13.3711
    7.5000   15.0000  -45.000011308.0537   13.3635
   -7.5000   22.5000  -45.000010574.5361   13.5340
    0.0000   22.5000  -45.000011048.5938   13.5213
    7.5000   22.5000  -45.000010533.5459   13.5087
   -7.5000   30.0000  -45.0000 9777.5889   13.5480
    0.0000   30.0000  -45.000010223.1133   13.5375
    7.5000   30.0000  -45.0000 9738.1465   13.5224
   -7.5000   37.5000  -45.0000 9339.9609   13.7758
    0.0000   37.5000  -45.0000 9745.6553   13.7654
    7.5000   37.5000  -45.0000 9276.2969   13.7522
   -7.5000   45.0000  -45.0000 8587.6279   13.7440
    0.0000   45.0000  -45.0000 8957.2168   13.7340
    7.5000   45.0000  -45.0000 8517.6650   13.7231
   -7.5000  -45.0000  -37.500010418.8672   13.4696
    0.0000  -45.0000  -37.500010869.5518   13.4617
    7.5000  -45.0000  -37.500010356.2510   13.4552
   -7.5000  -37.5000  -37.500010793.9033   13.4910
    0.0000  -37.5000  -37.500011270.4229   13.4812
    7.5000  -37.5000  -37.500010731.6328   13.4761
   -7.5000  -30.0000  -37.500011492.6250   13.4081
    0.0000  -30.0000  -37.500012009.9971   13.3969
    7.5000  -30.0000  -37.500011427.5508   13.3905
   -7.5000  -22.5000  -37.500012118.1113   13.3200
    0.0000  -22.5000  -37.500012651.1191   13.3097
    7.5000  -22.5000  -37.500012055.6631   13.3005
   -7.5000  -15.0000  -37.500012648.4307   13.2407
    0.0000  -15.0000  -37.500013189.9141   13.2321
    7.5000  -15.0000  -37.500012583.2793   13.2220
   -7.5000   -7.5000  -37.500013133.7354   13.1849
    0.0000   -7.5000  -37.500013673.7832   13.1775
    7.5000   -7.5000  -37.500013033.2578   13.1691
   -7.5000    0.0000  -37.500013456.5332   13.1589
    0.0000    0.0000  -37.500014030.8896   13.1514
    7.5000    0.0000  -37.500013340.5742   13.1455
   -7.5000    7.5000  -37.500012740.3223   13.2451
    0.0000    7.5000  -37.500013292.2979   13.2358
    7.5000    7.5000  -37.500012663.7197   13.2310
   -7.5000   15.0000  -37.500011931.1963   13.3747
    0.0000   15.0000  -37.500012461.0322   13.3640
    7.5000   15.0000  -37.500011879.5186   13.3578
   -7.5000   22.5000  -37.500011089.5303   13.5222
    0.0000   22.5000  -37.500011582.9102   13.5103
    7.5000   22.5000  -37.500011040.4082   13.4994
   -7.5000   30.0000  -37.500010233.6504   13.5368
    0.0000   30.0000  -37.500010688.5518   13.5278
    7.5000   30.0000  -37.500010182.4727   13.5138
   -7.5000   37.5000  -37.5000 9748.2520   13.7701
    0.0000   37.5000  -37.500010173.3018   13.7614
    7.5000   37.5000  -37.5000 9686.1094   13.7492
   -7.5000   45.0000  -37.5000 8943.7549   13.7432
    0.0000   45.0000  -37.5000 9334.6562   13.7346
    7.5000   45.0000  -37.5000 8874.5830   13.7256
   -7.5000  -45.0000  -30.000011211.1855   14.0044
    0.0000  -45.0000  -30.000011678.6104   13.9915
    7.5000  -45.0000  -30.000011133.7100   13.9809
   -7.5000  -37.5000  -30.000011621.2754   14.0230
    0.0000  -37.5000  -30.000012106.3027   14.0093
    7.5000  -37.5000  -30.000011550.0039   14.0004
   -7.5000  -30.0000  -30.000012402.9297   13.9323
    0.0000  -30.0000  -30.000012943.8760   13.9187
    7.5000  -30.0000  -30.000012334.8359   13.9097
   -7.5000  -22.5000  -30.000013069.4873   13.8379
    0.0000  -22.5000  -30.000013627.2051   13.8257
    7.5000  -22.5000  -30.000012983.9053   13.8151
   -7.5000  -15.0000  -30.000013610.1504   13.7555
    0.0000  -15.0000  -30.000014196.0537   13.7443
    7.5000  -15.0000  -30.000013522.0615   13.7324
   -7.5000   -7.5000  -30.000014094.4287   13.7003
    0.0000   -7.5000  -30.000014690.4102   13.6888
    7.5000   -7.5000  -30.000013963.1934   13.6775
   -7.5000    0.0000  -30.000014435.1143   13.6760
    0.0000    0.0000  -30.000015053.9258   13.6638
    7.5000    0.0000  -30.000014296.6885   13.6538
   -7.5000    7.5000  -30.000013660.5674   13.7646
    0.0000    7.5000  -30.000014259.7256   13.7514
    7.5000    7.5000  -30.000013556.6494   13.7429
   -7.5000   15.0000  -30.000012767.4844   13.8947
    0.0000   15.0000  -30.000013315.7998   13.8815
    7.5000   15.0000  -30.000012664.3740   13.8731
   -7.5000   22.5000  -30.000011826.4717   14.0419
    0.0000   22.5000  -30.000012352.3350   14.0288
    7.5000   22.5000  -30.000011759.9336   14.0175
   -7.5000   30.0000  -30.000010874.0752   14.0573
    0.0000   30.0000  -30.000011367.2744   14.0466
    7.5000   30.0000  -30.000010823.6885   14.0321
   -7.5000   37.5000  -30.000010337.2480   14.3015
    0.0000   37.5000  -30.000010796.3408   14.2900
    7.5000   37.5000  -30.000010280.3369   14.2765
   -7.5000   45.0000  -30.0000 9466.7754   14.2845
    0.0000   45.0000  -30.0000 9898.9580   14.2734
    7.5000   45.0000  -30.0000 9404.0723   14.2629
   -7.5000  -45.0000  -22.500011972.3486   14.4683
    0.0000  -45.0000  -22.500012470.8701   14.4500
    7.5000  -45.0000  -22.500011871.9111   14.4336
   -7.5000  -37.5000  -22.500012418.7422   14.4844
    0.0000  -37.5000  -22.500012919.6514   14.4662
    7.5000  -37.5000  -22.500012318.2354   14.4515
   -7.5000  -30.0000  -22.500013263.2227   14.3925
    0.0000  -30.0000  -22.500013822.1475   14.3756
    7.5000  -30.0000  -22.500013155.8867   14.3618
   -7.5000  -22.5000  -22.500013964.1289   14.2985
    0.0000  -22.5000  -22.500014562.3115   14.2834
    7.5000  -22.5000  -22.500013826.9678   14.2692
   -7.5000  -15.0000  -22.500014509.3926   14.2148
    0.0000  -15.0000  -22.500015121.8359   14.1995
    7.5000  -15.0000  -22.500014348.8750   14.1845
   -7.5000   -7.5000  -22.500014988.6885   14.1564
    0.0000   -7.5000  -22.500015638.4639   14.1398
    7.5000   -7.5000  -22.500014821.3027   14.1242
   -7.5000    0.0000  -22.500015356.1104   14.1287
    0.0000    0.0000  -22.500016058.1631   14.1112
    7.5000    0.0000  -22.500015198.0322   14.0957
   -7.5000    7.5000  -22.500014523.5342   14.2174
    0.0000    7.5000  -22.500015170.9395   14.1999
    7.5000    7.5000  -22.500014391.0244   14.1858
   -7.5000   15.0000  -22.500013551.0439   14.3519
    0.0000   15.0000  -22.500014152.9014   14.3354
    7.5000   15.0000  -22.500013423.8398   14.3222
   -7.5000   22.5000  -22.500012516.4580   14.5052
    0.0000   22.5000  -22.500013092.1553   14.4891
    7.5000   22.5000  -22.500012426.6064   14.4746
   -7.5000   30.0000  -22.500011474.7910   14.5233
    0.0000   30.0000  -22.500012008.5137   14.5077
    7.5000   30.0000  -22.500011415.8418   14.4909
   -7.5000   37.5000  -22.500010883.7314   14.7707
    0.0000   37.5000  -22.500011378.6865   14.7528
    7.5000   37.5000  -22.500010827.1455   14.7356
   -7.5000   45.0000  -22.5000 9941.6094   14.7570
    0.0000   45.0000  -22.500010419.7285   14.7407
    7.5000   45.0000  -22.5000 9876.1924   14.7257
   -7.5000  -45.0000  -15.000012692.5391   14.8055
    0.0000  -45.0000  -15.000013219.4248   14.7867
    7.5000  -45.0000  -15.000012581.7100   14.7686
   -7.5000  -37.5000  -15.000013178.4023   14.8202
    0.0000  -37.5000  -15.000013719.3086   14.8010
    7.5000  -37.5000  -15.000013047.8760   14.7843
   -7.5000  -30.0000  -15.000014073.7129   14.7304
    0.0000  -30.0000  -15.000014667.6611   14.7123
    7.5000  -30.0000  -15.000013940.7100   14.6959
   -7.5000  -22.5000  -15.000014819.7773   14.6395
    0.0000  -22.5000  -15.000015457.4297   14.6229
    7.5000  -22.5000  -15.000014646.6562   14.6064
   -7.5000  -15.0000  -15.000015369.1230   14.5547
    0.0000  -15.0000  -15.000016005.2930   14.5380
    7.5000  -15.0000  -15.000015179.5039   14.5213
   -7.5000   -7.5000  -15.000015836.9033   14.4906
    0.0000   -7.5000  -15.000016497.9551   14.4731
    7.5000   -7.5000  -15.000015624.3379   14.4561
   -7.5000    0.0000  -15.000016203.0488   14.4572
    0.0000    0.0000  -15.000016926.0625   14.4392
    7.5000    0.0000  -15.000016014.8291   14.4221
   -7.5000    7.5000  -15.000015297.5459   14.5466
    0.0000    7.5000  -15.000015963.7822   14.5282
    7.5000    7.5000  -15.000015127.7510   14.5120
   -7.5000   15.0000  -15.000014235.8555   14.6887
    0.0000   15.0000  -15.000014887.1221   14.6708
    7.5000   15.0000  -15.000014099.4707   14.6548
   -7.5000   22.5000  -15.000013140.5830   14.8506
    0.0000   22.5000  -15.000013763.8896   14.8325
    7.5000   22.5000  -15.000013027.0771   14.8152
   -7.5000   30.0000  -15.000012035.3418   14.8720
    0.0000   30.0000  -15.000012608.4248   14.8538
    7.5000   30.0000  -15.000011950.4160   14.8349
   -7.5000   37.5000  -15.000011427.9229   15.1180
    0.0000   37.5000  -15.000011975.6387   15.0968
    7.5000   37.5000  -15.000011342.5293   15.0776
   -7.5000   45.0000  -15.000010425.2012   15.1042
    0.0000   45.0000  -15.000010936.3711   15.0851
    7.5000   45.0000  -15.000010324.3125   15.0671
   -7.5000  -45.0000   -7.500013411.8760   14.9655
    0.0000  -45.0000   -7.500013947.5596   14.9524
    7.5000  -45.0000   -7.500013303.6719   14.9392
   -7.5000  -37.5000   -7.500013888.9180   14.9818
    0.0000  -37.5000   -7.500014471.7314   14.9672
    7.5000  -37.5000   -7.500013763.1533   14.9549
   -7.5000  -30.0000   -7.500014813.9990   14.8930
    0.0000  -30.0000   -7.500015472.3877   14.8776
    7.5000  -30.0000   -7.500014681.7842   14.8643
   -7.5000  -22.5000   -7.500015639.3945   14.8020
    0.0000  -22.5000   -7.500016351.6191   14.7874
    7.5000  -22.5000   -7.500015476.8721   14.7729
   -7.5000  -15.0000   -7.500016223.1357   14.7151
    0.0000  -15.0000   -7.500016913.9609   14.7015
    7.5000  -15.0000   -7.500016063.2559   14.6869
   -7.5000   -7.5000   -7.500016659.2383   14.6477
    0.0000   -7.5000   -7.500017333.7461   14.6352
    7.5000   -7.5000   -7.500016468.3145   14.6216
   -7.5000    0.0000   -7.500017008.9160   14.6123
    0.0000    0.0000   -7.500017733.9766   14.6000
    7.5000    0.0000   -7.500016800.2363   14.5876
   -7.5000    7.5000   -7.500016032.5674   14.7048
    0.0000    7.5000   -7.500016737.4004   14.6909
    7.5000    7.5000   -7.500015834.0342   14.6790
   -7.5000   15.0000   -7.500014937.8896   14.8526
    0.0000   15.0000   -7.500015611.6006   14.8374
    7.5000   15.0000   -7.500014752.6133   14.8242
   -7.5000   22.5000   -7.500013807.4932   15.0173
    0.0000   22.5000   -7.500014451.4727   15.0006
    7.5000   22.5000   -7.500013648.2539   14.9841
   -7.5000   30.0000   -7.500012663.5312   15.0407
    0.0000   30.0000   -7.500013260.9990   15.0250
    7.5000   30.0000   -7.500012517.9023   15.0067
   -7.5000   37.5000   -7.500012011.4658   15.2869
    0.0000   37.5000   -7.500012571.3955   15.2698
    7.5000   37.5000   -7.500011883.4072   15.2524
   -7.5000   45.0000   -7.500010954.5703   15.2747
    0.0000   45.0000   -7.500011450.0566   15.2590
    7.5000   45.0000   -7.500010806.7451   15.2431
   -7.5000  -45.0000    0.000014003.4727   14.9775
    0.0000  -45.0000    0.000014602.9014   14.9695
    7.5000  -45.0000    0.000013909.5635   14.9619
   -7.5000  -37.5000    0.000014484.9004   14.9952
    0.0000  -37.5000    0.000015105.9268   14.9849
    7.5000  -37.5000    0.000014394.2812   14.9784
   -7.5000  -30.0000    0.000015420.1826   14.9036
    0.0000  -30.0000    0.000016111.1299   14.8913
    7.5000  -30.0000    0.000015355.2354   14.8827
   -7.5000  -22.5000    0.000016302.2695   14.8096
    0.0000  -22.5000    0.000017081.8379   14.7977
    7.5000  -22.5000    0.000016206.4844   14.7865
   -7.5000  -15.0000    0.000017024.5977   14.7222
    0.0000  -15.0000    0.000017831.5801   14.7122
    7.5000  -15.0000    0.000016890.9238   14.7004
   -7.5000   -7.5000    0.000017519.2188   14.6564
    0.0000   -7.5000    0.000018293.7324   14.6485
    7.5000   -7.5000    0.000017319.5293   14.6389
   -7.5000    0.0000    0.000017837.5840   14.6233
    0.0000    0.0000    0.000018560.4941   14.6159
    7.5000    0.0000    0.000017577.8223   14.6090
   -7.5000    7.5000    0.000016817.6113   14.7177
    0.0000    7.5000    0.000017481.2324   14.7080
    7.5000    7.5000    0.000016539.1406   14.7018
   -7.5000   15.0000    0.000015649.7061   14.8652
    0.0000   15.0000    0.000016280.3877   14.8533
    7.5000   15.0000    0.000015382.6787   14.8448
   -7.5000   22.5000    0.000014428.5527   15.0283
    0.0000   22.5000    0.000015058.6445   15.0143
    7.5000   22.5000    0.000014202.3105   15.0003
   -7.5000   30.0000    0.000013225.2939   15.0539
    0.0000   30.0000    0.000013814.9971   15.0422
    7.5000   30.0000    0.000013041.3838   15.0255
   -7.5000   37.5000    0.000012516.3877   15.3044
    0.0000   37.5000    0.000013093.3037   15.2929
    7.5000   37.5000    0.000012377.8652   15.2782
   -7.5000   45.0000    0.000011373.0312   15.2963
    0.0000   45.0000    0.000011870.6982   15.2853
    7.5000   45.0000    0.000011220.7930   15.2732
   -7.5000  -45.0000    7.500013516.1582   15.0187
    0.0000  -45.0000    7.500014082.2158   15.0098
    7.5000  -45.0000    7.500013460.0928   15.0025
   -7.5000  -37.5000    7.500013991.8047   15.0401
    0.0000  -37.5000    7.500014576.3252   15.0292
    7.5000  -37.5000    7.500013941.6309   15.0234
   -7.5000  -30.0000    7.500014914.8838   14.9461
    0.0000  -30.0000    7.500015521.2617   14.9337
    7.5000  -30.0000    7.500014867.1484   14.9264
   -7.5000  -22.5000    7.500015804.3047   14.8470
    0.0000  -22.5000    7.500016542.1191   14.8355
    7.5000  -22.5000    7.500015663.8350   14.8252
   -7.5000  -15.0000    7.500016590.1270   14.7584
    0.0000  -15.0000    7.500017426.7148   14.7486
    7.5000  -15.0000    7.500016323.3066   14.7373
   -7.5000   -7.5000    7.500017056.1172   14.6961
    0.0000   -7.5000    7.500017836.0918   14.6878
    7.5000   -7.5000    7.500016727.8457   14.6784
   -7.5000    0.0000    7.500017285.7598   14.6675
    0.0000    0.0000    7.500018000.3066   14.6592
    7.5000    0.0000    7.500016956.0449   14.6525
   -7.5000    7.5000    7.500016240.1318   14.7636
    0.0000    7.5000    7.500016864.9141   14.7532
    7.5000    7.5000    7.500015958.7910   14.7477
   -7.5000   15.0000    7.500015089.6787   14.9077
    0.0000   15.0000    7.500015665.1611   14.8957
    7.5000   15.0000    7.500014851.9395   14.8887
   -7.5000   22.5000    7.500013877.6533   15.0662
    0.0000   22.5000    7.500014428.5967   15.0530
    7.5000   22.5000    7.500013697.1055   15.0407
   -7.5000   30.0000    7.500012706.6016   15.0920
    0.0000   30.0000    7.500013230.4062   15.0819
    7.5000   30.0000    7.500012580.5996   15.0662
   -7.5000   37.5000    7.500012049.0400   15.3509
    0.0000   37.5000    7.500012571.3789   15.3411
    7.5000   37.5000    7.500011928.8018   15.3275
   -7.5000   45.0000    7.500010958.5410   15.3497
    0.0000   45.0000    7.500011395.9795   15.3401
    7.5000   45.0000    7.500010811.9814   15.3299
   -7.5000  -45.0000   15.000012894.0059   15.0786
    0.0000  -45.0000   15.000013449.0947   15.0646
    7.5000  -45.0000   15.000012823.5342   15.0528
   -7.5000  -37.5000   15.000013397.9424   15.1019
    0.0000  -37.5000   15.000013974.6758   15.0870
    7.5000  -37.5000   15.000013300.2646   15.0771
   -7.5000  -30.0000   15.000014319.6768   15.0072
    0.0000  -30.0000   15.000014873.1328   14.9924
    7.5000  -30.0000   15.000014200.4277   14.9825
   -7.5000  -22.5000   15.000015174.5527   14.9056
    0.0000  -22.5000   15.000015825.8496   14.8923
    7.5000  -22.5000   15.000015009.9014   14.8806
   -7.5000  -15.0000   15.000015839.8975   14.8167
    0.0000  -15.0000   15.000016509.0605   14.8044
    7.5000  -15.0000   15.000015649.6768   14.7914
   -7.5000   -7.5000   15.000016153.8447   14.7570
    0.0000   -7.5000   15.000016764.7051   14.7445
    7.5000   -7.5000   15.000015982.9355   14.7319
   -7.5000    0.0000   15.000016388.7324   14.7305
    0.0000    0.0000   15.000016970.3223   14.7172
    7.5000    0.0000   15.000016207.0469   14.7061
   -7.5000    7.5000   15.000015437.9883   14.8262
    0.0000    7.5000   15.000016009.0723   14.8119
    7.5000    7.5000   15.000015269.0430   14.8023
   -7.5000   15.0000   15.000014384.9717   14.9668
    0.0000   15.0000   15.000014918.3604   14.9525
    7.5000   15.0000   15.000014201.1709   14.9432
   -7.5000   22.5000   15.000013250.1396   15.1227
    0.0000   22.5000   15.000013726.8389   15.1085
    7.5000   22.5000   15.000013073.9062   15.0960
   -7.5000   30.0000   15.000012099.8301   15.1478
    0.0000   30.0000   15.000012551.8584   15.1361
    7.5000   30.0000   15.000011962.6328   15.1202
   -7.5000   37.5000   15.000011465.2002   15.4109
    0.0000   37.5000   15.000011913.1650   15.3984
    7.5000   37.5000   15.000011338.2422   15.3834
   -7.5000   45.0000   15.000010403.6885   15.4119
    0.0000   45.0000   15.000010807.9404   15.3998
    7.5000   45.0000   15.000010282.6543   15.3881
   -7.5000  -45.0000   22.500012158.0244   15.1587
    0.0000  -45.0000   22.500012685.3887   15.1394
    7.5000  -45.0000   22.500012087.9795   15.1217
   -7.5000  -37.5000   22.500012629.1738   15.1813
    0.0000  -37.5000   22.500013149.6719   15.1620
    7.5000  -37.5000   22.500012534.6426   15.1462
   -7.5000  -30.0000   22.500013501.2168   15.0901
    0.0000  -30.0000   22.500014007.0625   15.0722
    7.5000  -30.0000   22.500013392.3418   15.0573
   -7.5000  -22.5000   22.500014273.4150   14.9928
    0.0000  -22.5000   22.500014895.1230   14.9767
    7.5000  -22.5000   22.500014162.9902   14.9613
   -7.5000  -15.0000   22.500014899.3955   14.9047
    0.0000  -15.0000   22.500015520.5068   14.8884
    7.5000  -15.0000   22.500014763.1182   14.8721
   -7.5000   -7.5000   22.500015240.1484   14.8430
    0.0000   -7.5000   22.500015804.4600   14.8253
    7.5000   -7.5000   22.500015089.4297   14.8084
   -7.5000    0.0000   22.500015481.5439   14.8131
    0.0000    0.0000   22.500016045.2812   14.7946
    7.5000    0.0000   22.500015318.2822   14.7778
   -7.5000    7.5000   22.500014564.9170   14.9062
    0.0000    7.5000   22.500015123.3477   14.8876
    7.5000    7.5000   22.500014422.2539   14.8723
   -7.5000   15.0000   22.500013567.2852   15.0473
    0.0000   15.0000   22.500014081.9111   15.0297
    7.5000   15.0000   22.500013422.5908   15.0154
   -7.5000   22.5000   22.500012491.0762   15.2054
    0.0000   22.5000   22.500012962.1982   15.1884
    7.5000   22.5000   22.500012353.9014   15.1727
   -7.5000   30.0000   22.500011398.0801   15.2286
    0.0000   30.0000   22.500011846.7285   15.2120
    7.5000   30.0000   22.500011293.3691   15.1938
   -7.5000   37.5000   22.500010790.8428   15.4873
    0.0000   37.5000   22.500011219.7842   15.4681
    7.5000   37.5000   22.500010684.8145   15.4495
   -7.5000   45.0000   22.5000 9778.9639   15.4829
    0.0000   45.0000   22.500010152.9844   15.4654
    7.5000   45.0000   22.5000 9677.8975   15.4492
   -7.5000  -45.0000   30.000011296.2539   15.3062
    0.0000  -45.0000   30.000011790.2549   15.2864
    7.5000  -45.0000   30.000011255.3262   15.2666
   -7.5000  -37.5000   30.000011710.0928   15.3285
    0.0000  -37.5000   30.000012187.7236   15.3082
    7.5000  -37.5000   30.000011659.6152   15.2896
   -7.5000  -30.0000   30.000012519.2598   15.2433
    0.0000  -30.0000   30.000013019.1348   15.2241
    7.5000  -30.0000   30.000012464.7598   15.2058
   -7.5000  -22.5000   30.000013264.5000   15.1521
    0.0000  -22.5000   30.000013850.2549   15.1345
    7.5000  -22.5000   30.000013213.0498   15.1162
   -7.5000  -15.0000   30.000013880.2510   15.0631
    0.0000  -15.0000   30.000014432.4209   15.0455
    7.5000  -15.0000   30.000013791.4834   15.0270
   -7.5000   -7.5000   30.000014241.2598   14.9958
    0.0000   -7.5000   30.000014760.4365   14.9774
    7.5000   -7.5000   30.000014116.0088   14.9586
   -7.5000    0.0000   30.000014492.2324   14.9605
    0.0000    0.0000   30.000015033.2490   14.9415
    7.5000    0.0000   30.000014341.3252   14.9226
   -7.5000    7.5000   30.000013638.2266   15.0526
    0.0000    7.5000   30.000014160.7324   15.0331
    7.5000    7.5000   30.000013484.8330   15.0151
   -7.5000   15.0000   30.000012666.4336   15.1992
    0.0000   15.0000   30.000013155.5908   15.1802
    7.5000   15.0000   30.000012540.8926   15.1624
   -7.5000   22.5000   30.000011660.8623   15.3641
    0.0000   22.5000   30.000012101.2227   15.3450
    7.5000   22.5000   30.000011554.8838   15.3258
   -7.5000   30.0000   30.000010644.0352   15.3867
    0.0000   30.0000   30.000011078.9512   15.3675
    7.5000   30.0000   30.000010571.3174   15.3467
   -7.5000   37.5000   30.000010072.0732   15.6400
    0.0000   37.5000   30.000010484.3369   15.6177
    7.5000   37.5000   30.0000 9990.5244   15.5966
   -7.5000   45.0000   30.0000 9099.6436   15.6300
    0.0000   45.0000   30.0000 9461.8037   15.6098
    7.5000   45.0000   30.0000 9018.0518   15.5901
   -7.5000  -45.0000   37.500010845.8857   15.5113
    0.0000  -45.0000   37.500011321.1094   15.4975
    7.5000  -45.0000   37.500010810.7959   15.4823
   -7.5000  -37.5000   37.500011223.4570   15.5366
    0.0000  -37.5000   37.500011703.7979   15.5208
    7.5000  -37.5000   37.500011193.0312   15.5063
   -7.5000  -30.0000   37.500012010.7607   15.4550
    0.0000  -30.0000   37.500012518.2051   15.4383
    7.5000  -30.0000   37.500011970.5898   15.4225
   -7.5000  -22.5000   37.500012739.0098   15.3653
    0.0000  -22.5000   37.500013310.2607   15.3498
    7.5000  -22.5000   37.500012693.3037   15.3329
   -7.5000  -15.0000   37.500013300.5898   15.2733
    0.0000  -15.0000   37.500013841.2773   15.2591
    7.5000  -15.0000   37.500013221.8760   15.2424
   -7.5000   -7.5000   37.500013655.0723   15.2019
    0.0000   -7.5000   37.500014186.2217   15.1888
    7.5000   -7.5000   37.500013558.7178   15.1732
   -7.5000    0.0000   37.500013912.7207   15.1642
    0.0000    0.0000   37.500014456.3770   15.1509
    7.5000    0.0000   37.500013806.3848   15.1365
   -7.5000    7.5000   37.500013096.9893   15.2590
    0.0000    7.5000   37.500013606.4678   15.2437
    7.5000    7.5000   37.500012986.7578   15.2297
   -7.5000   15.0000   37.500012133.8682   15.4115
    0.0000   15.0000   37.500012617.5957   15.3950
    7.5000   15.0000   37.500012047.5635   15.3793
   -7.5000   22.5000   37.500011161.4951   15.5816
    0.0000   22.5000   37.500011609.0156   15.5639
    7.5000   22.5000   37.500011077.1064   15.5449
   -7.5000   30.0000   37.500010222.7861   15.6057
    0.0000   30.0000   37.500010664.5410   15.5893
    7.5000   30.0000   37.500010154.5430   15.5688
   -7.5000   37.5000   37.5000 9710.2539   15.8609
    0.0000   37.5000   37.500010120.3516   15.8428
    7.5000   37.5000   37.5000 9638.6514   15.8233
   -7.5000   45.0000   37.5000 8771.2705   15.8516
    0.0000   45.0000   37.5000 9134.5879   15.8347
    7.5000   45.0000   37.5000 8699.0762   15.8167
   -7.5000  -45.0000   45.0000 9954.0527   15.7268
    0.0000  -45.0000   45.000010379.0400   15.7181
    7.5000  -45.0000   45.0000 9916.3623   15.7080
   -7.5000  -37.5000   45.000010316.4521   15.7558
    0.0000  -37.5000   45.000010746.9941   15.7446
    7.5000  -37.5000   45.000010270.5967   15.7356
   -7.5000  -30.0000   45.000011050.7803   15.6715
    0.0000  -30.0000   45.000011531.5283   15.6579
    7.5000  -30.0000   45.000010993.6260   15.6465
   -7.5000  -22.5000   45.000011686.1943   15.5776
    0.0000  -22.5000   45.000012223.5928   15.5645
    7.5000  -22.5000   45.000011630.3193   15.5501
   -7.5000  -15.0000   45.000012153.7881   15.4834
    0.0000  -15.0000   45.000012691.5654   15.4723
    7.5000  -15.0000   45.000012109.3467   15.4572
   -7.5000   -7.5000   45.000012460.0361   15.4123
    0.0000   -7.5000   45.000013003.9785   15.4035
    7.5000   -7.5000   45.000012421.1309   15.3911
   -7.5000    0.0000   45.000012698.2197   15.3767
    0.0000    0.0000   45.000013263.2412   15.3683
    7.5000    0.0000   45.000012661.2549   15.3589
   -7.5000    7.5000   45.000011966.5000   15.4747
    0.0000    7.5000   45.000012486.2764   15.4639
    7.5000    7.5000   45.000011929.4004   15.4552
   -7.5000   15.0000   45.000011105.1113   15.6289
    0.0000   15.0000   45.000011585.7656   15.6156
    7.5000   15.0000   45.000011082.6006   15.6042
   -7.5000   22.5000   45.000010220.4902   15.8001
    0.0000   22.5000   45.000010654.0137   15.7846
    7.5000   22.5000   45.000010181.7480   15.7671
   -7.5000   30.0000   45.0000 9381.8643   15.8278
    0.0000   30.0000   45.0000 9796.2559   15.8149
    7.5000   30.0000   45.0000 9329.6875   15.7944
   -7.5000   37.5000   45.0000 8929.7812   16.0949
    0.0000   37.5000   45.0000 9320.4473   16.0822
    7.5000   37.5000   45.0000 8861.1787   16.0642
   -7.5000   45.0000   45.0000 8085.5322   16.1040
    0.0000   45.0000   45.0000 8423.8203   16.0917
    7.5000   45.0000   45.0000 8022.3496   16.0767

---------------------------------------------------------------------
imgreg_4dfp /opt/freesurfer/average/711-2C_as_mni_average_305 /opt/freesurfer/average/711-2B_as_mni_average_305_mask talsrcimg_g11 none talsrcimg_to_711-2C_as_mni_average_305_t4 4355
---------------------------------------------------------------------

freesurfer imgreg_4dfp.c
/opt/freesurfer/average/711-2C_as_mni_average_305.4dfp.img
       256       256       256         1
  1.000000  1.000000  1.000000
orientation T byte_order littleendian
Reading image: /opt/freesurfer/average/711-2C_as_mni_average_305.4dfp.img
dimensions:      256       256       256
mmppix:       1.0000   -1.0000   -1.0000
center:     128.0000 -129.0000 -129.0000
/opt/freesurfer/average/711-2B_as_mni_average_305_mask.4dfp.img
       256       256       256         1
  1.000000  1.000000  1.000000
orientation T byte_order littleendian
Reading mask: /opt/freesurfer/average/711-2B_as_mni_average_305_mask.4dfp.img (2306576 pixels)
talsrcimg_g11.4dfp.img
       256       256       256         1
  1.000000  1.000000  1.000000
orientation T byte_order littleendian
Reading image: talsrcimg_g11.4dfp.img
dimensions:      256       256       256
mmppix:       1.0000   -1.0000   -1.0000
center:     128.0000 -129.0000 -129.0000
rotation matrix determinant  1.000000
image alignment mode   4355 decimal     1103 hex
   -7.5000  -45.0000  -45.0000 2302.5181   15.3578
    0.0000  -45.0000  -45.0000 2309.1526   15.3304
    7.5000  -45.0000  -45.0000 2296.6819   15.4340
   -7.5000  -37.5000  -45.0000 2342.1006   14.6371
    0.0000  -37.5000  -45.0000 2351.2256   14.6136
    7.5000  -37.5000  -45.0000 2337.0698   14.7403
   -7.5000  -30.0000  -45.0000 2372.7837   14.1564
    0.0000  -30.0000  -45.0000 2387.5012   14.0932
    7.5000  -30.0000  -45.0000 2364.1677   14.2619
   -7.5000  -22.5000  -45.0000 2394.9478   13.8085
    0.0000  -22.5000  -45.0000 2410.5696   13.7288
    7.5000  -22.5000  -45.0000 2385.4521   13.9028
   -7.5000  -15.0000  -45.0000 2406.6780   13.6089
    0.0000  -15.0000  -45.0000 2419.0325   13.5052
    7.5000  -15.0000  -45.0000 2399.8059   13.6740
   -7.5000   -7.5000  -45.0000 2396.4983   13.7371
    0.0000   -7.5000  -45.0000 2413.6526   13.6134
    7.5000   -7.5000  -45.0000 2391.1545   13.7713
   -7.5000    0.0000  -45.0000 2366.4963   14.0917
    0.0000    0.0000  -45.0000 2383.1531   13.9818
    7.5000    0.0000  -45.0000 2362.2896   14.1460
   -7.5000    7.5000  -45.0000 2313.8987   14.7463
    0.0000    7.5000  -45.0000 2331.7539   14.6212
    7.5000    7.5000  -45.0000 2310.9189   14.7541
   -7.5000   15.0000  -45.0000 2247.3972   15.5560
    0.0000   15.0000  -45.0000 2264.1780   15.4072
    7.5000   15.0000  -45.0000 2246.7021   15.5713
   -7.5000   22.5000  -45.0000 2169.0425   16.6634
    0.0000   22.5000  -45.0000 2184.7288   16.5528
    7.5000   22.5000  -45.0000 2167.6167   16.6907
   -7.5000   30.0000  -45.0000 2078.7979   18.2376
    0.0000   30.0000  -45.0000 2094.2615   18.1294
    7.5000   30.0000  -45.0000 2079.0752   18.2610
   -7.5000   37.5000  -45.0000 1979.8907   20.4281
    0.0000   37.5000  -45.0000 1992.3857   20.2794
    7.5000   37.5000  -45.0000 1975.2484   20.3955
   -7.5000   45.0000  -45.0000 1872.6326   23.3480
    0.0000   45.0000  -45.0000 1885.3025   23.1740
    7.5000   45.0000  -45.0000 1871.8130   23.2972
   -7.5000  -45.0000  -37.5000 2394.3965   14.2578
    0.0000  -45.0000  -37.5000 2404.0945   14.2300
    7.5000  -45.0000  -37.5000 2386.4067   14.3350
   -7.5000  -37.5000  -37.5000 2433.0378   13.6191
    0.0000  -37.5000  -37.5000 2447.4316   13.5866
    7.5000  -37.5000  -37.5000 2426.6516   13.7168
   -7.5000  -30.0000  -37.5000 2462.7480   13.2033
    0.0000  -30.0000  -37.5000 2477.9534   13.1584
    7.5000  -30.0000  -37.5000 2454.9417   13.3078
   -7.5000  -22.5000  -37.5000 2483.3804   12.8970
    0.0000  -22.5000  -37.5000 2499.1528   12.8142
    7.5000  -22.5000  -37.5000 2478.0422   12.9739
   -7.5000  -15.0000  -37.5000 2494.2690   12.7042
    0.0000  -15.0000  -37.5000 2511.0657   12.6114
    7.5000  -15.0000  -37.5000 2490.3374   12.7802
   -7.5000   -7.5000  -37.5000 2487.7349   12.8096
    0.0000   -7.5000  -37.5000 2505.1399   12.6845
    7.5000   -7.5000  -37.5000 2486.0073   12.8551
   -7.5000    0.0000  -37.5000 2457.1184   13.1383
    0.0000    0.0000  -37.5000 2473.6655   13.0253
    7.5000    0.0000  -37.5000 2453.6536   13.1753
   -7.5000    7.5000  -37.5000 2403.4204   13.6936
    0.0000    7.5000  -37.5000 2422.5605   13.5635
    7.5000    7.5000  -37.5000 2404.6350   13.6941
   -7.5000   15.0000  -37.5000 2334.0664   14.4111
    0.0000   15.0000  -37.5000 2350.9351   14.2758
    7.5000   15.0000  -37.5000 2332.5222   14.4177
   -7.5000   22.5000  -37.5000 2249.5354   15.4019
    0.0000   22.5000  -37.5000 2265.2205   15.2782
    7.5000   22.5000  -37.5000 2246.6519   15.4133
   -7.5000   30.0000  -37.5000 2154.6968   16.8222
    0.0000   30.0000  -37.5000 2169.7051   16.7070
    7.5000   30.0000  -37.5000 2152.9373   16.8556
   -7.5000   37.5000  -37.5000 2048.5388   18.7910
    0.0000   37.5000  -37.5000 2062.3005   18.6664
    7.5000   37.5000  -37.5000 2041.4199   18.8062
   -7.5000   45.0000  -37.5000 1937.0237   21.4394
    0.0000   45.0000  -37.5000 1952.8201   21.3434
    7.5000   45.0000  -37.5000 1933.1608   21.4264
   -7.5000  -45.0000  -30.0000 2530.6365   13.7113
    0.0000  -45.0000  -30.0000 2543.4846   13.6502
    7.5000  -45.0000  -30.0000 2518.5642   13.7863
   -7.5000  -37.5000  -30.0000 2572.4041   13.1322
    0.0000  -37.5000  -30.0000 2587.7915   13.0541
    7.5000  -37.5000  -30.0000 2564.2649   13.1954
   -7.5000  -30.0000  -30.0000 2608.9194   12.7297
    0.0000  -30.0000  -30.0000 2624.8062   12.6783
    7.5000  -30.0000  -30.0000 2604.5271   12.7895
   -7.5000  -22.5000  -30.0000 2626.8518   12.4724
    0.0000  -22.5000  -30.0000 2644.6753   12.3797
    7.5000  -22.5000  -30.0000 2622.1538   12.5143
   -7.5000  -15.0000  -30.0000 2638.0081   12.3012
    0.0000  -15.0000  -30.0000 2654.8743   12.2050
    7.5000  -15.0000  -30.0000 2635.2427   12.3372
   -7.5000   -7.5000  -30.0000 2628.1348   12.3746
    0.0000   -7.5000  -30.0000 2645.5132   12.2852
    7.5000   -7.5000  -30.0000 2624.4922   12.4085
   -7.5000    0.0000  -30.0000 2599.9624   12.6468
    0.0000    0.0000  -30.0000 2618.2075   12.5691
    7.5000    0.0000  -30.0000 2595.5479   12.6708
   -7.5000    7.5000  -30.0000 2549.9258   13.1400
    0.0000    7.5000  -30.0000 2568.6433   13.0160
    7.5000    7.5000  -30.0000 2547.2327   13.1480
   -7.5000   15.0000  -30.0000 2471.7639   13.8093
    0.0000   15.0000  -30.0000 2489.2395   13.6844
    7.5000   15.0000  -30.0000 2469.8462   13.8298
   -7.5000   22.5000  -30.0000 2380.9705   14.7543
    0.0000   22.5000  -30.0000 2396.1858   14.6268
    7.5000   22.5000  -30.0000 2377.2942   14.7727
   -7.5000   30.0000  -30.0000 2276.5500   16.1045
    0.0000   30.0000  -30.0000 2292.0249   15.9648
    7.5000   30.0000  -30.0000 2273.6689   16.1268
   -7.5000   37.5000  -30.0000 2165.1240   17.9706
    0.0000   37.5000  -30.0000 2175.2466   17.8094
    7.5000   37.5000  -30.0000 2157.1169   17.9399
   -7.5000   45.0000  -30.0000 2043.1844   20.4528
    0.0000   45.0000  -30.0000 2060.4902   20.3179
    7.5000   45.0000  -30.0000 2039.4576   20.3913
   -7.5000  -45.0000  -22.5000 2631.9094   13.1337
    0.0000  -45.0000  -22.5000 2641.1758   13.0648
    7.5000  -45.0000  -22.5000 2615.8452   13.2072
   -7.5000  -37.5000  -22.5000 2678.9666   12.5708
    0.0000  -37.5000  -22.5000 2689.5430   12.5019
    7.5000  -37.5000  -22.5000 2664.9502   12.6200
   -7.5000  -30.0000  -22.5000 2719.9685   12.1807
    0.0000  -30.0000  -22.5000 2735.4934   12.1145
    7.5000  -30.0000  -22.5000 2710.5588   12.2135
   -7.5000  -22.5000  -22.5000 2740.5325   11.9472
    0.0000  -22.5000  -22.5000 2762.1711   11.8500
    7.5000  -22.5000  -22.5000 2734.2917   11.9390
   -7.5000  -15.0000  -22.5000 2750.3176   11.7876
    0.0000  -15.0000  -22.5000 2770.6853   11.6926
    7.5000  -15.0000  -22.5000 2747.4250   11.7741
   -7.5000   -7.5000  -22.5000 2747.4402   11.8438
    0.0000   -7.5000  -22.5000 2765.3855   11.7719
    7.5000   -7.5000  -22.5000 2738.0425   11.8523
   -7.5000    0.0000  -22.5000 2720.2393   12.0920
    0.0000    0.0000  -22.5000 2743.5232   12.0273
    7.5000    0.0000  -22.5000 2713.2861   12.1237
   -7.5000    7.5000  -22.5000 2667.1260   12.5586
    0.0000    7.5000  -22.5000 2689.4336   12.4581
    7.5000    7.5000  -22.5000 2662.8604   12.5666
   -7.5000   15.0000  -22.5000 2584.7183   13.1947
    0.0000   15.0000  -22.5000 2603.9185   13.0566
    7.5000   15.0000  -22.5000 2583.9160   13.1868
   -7.5000   22.5000  -22.5000 2485.8269   14.0717
    0.0000   22.5000  -22.5000 2506.4480   13.9587
    7.5000   22.5000  -22.5000 2485.7429   14.0746
   -7.5000   30.0000  -22.5000 2370.6707   15.3572
    0.0000   30.0000  -22.5000 2390.0449   15.2353
    7.5000   30.0000  -22.5000 2370.8091   15.3739
   -7.5000   37.5000  -22.5000 2251.1453   17.1316
    0.0000   37.5000  -22.5000 2264.3569   16.9791
    7.5000   37.5000  -22.5000 2246.6013   17.1018
   -7.5000   45.0000  -22.5000 2120.0879   19.4537
    0.0000   45.0000  -22.5000 2137.9551   19.2803
    7.5000   45.0000  -22.5000 2118.4348   19.4012
   -7.5000  -45.0000  -15.0000 2694.8076   12.6209
    0.0000  -45.0000  -15.0000 2704.5364   12.5295
    7.5000  -45.0000  -15.0000 2681.2234   12.7025
   -7.5000  -37.5000  -15.0000 2747.6953   12.0602
    0.0000  -37.5000  -15.0000 2757.8406   11.9724
    7.5000  -37.5000  -15.0000 2734.1829   12.1084
   -7.5000  -30.0000  -15.0000 2789.8757   11.6692
    0.0000  -30.0000  -15.0000 2806.2673   11.5843
    7.5000  -30.0000  -15.0000 2779.5769   11.6971
   -7.5000  -22.5000  -15.0000 2818.1445   11.4377
    0.0000  -22.5000  -15.0000 2842.1467   11.3370
    7.5000  -22.5000  -15.0000 2807.8140   11.4433
   -7.5000  -15.0000  -15.0000 2831.6445   11.2959
    0.0000  -15.0000  -15.0000 2857.7073   11.1928
    7.5000  -15.0000  -15.0000 2822.9441   11.2944
   -7.5000   -7.5000  -15.0000 2836.7444   11.3127
    0.0000   -7.5000  -15.0000 2856.1348   11.2254
    7.5000   -7.5000  -15.0000 2822.4509   11.3261
   -7.5000    0.0000  -15.0000 2810.4983   11.5767
    0.0000    0.0000  -15.0000 2835.0759   11.4823
    7.5000    0.0000  -15.0000 2800.5566   11.5751
   -7.5000    7.5000  -15.0000 2753.5249   12.0055
    0.0000    7.5000  -15.0000 2777.2786   11.9009
    7.5000    7.5000  -15.0000 2745.3037   12.0105
   -7.5000   15.0000  -15.0000 2665.2310   12.6089
    0.0000   15.0000  -15.0000 2691.8384   12.4967
    7.5000   15.0000  -15.0000 2663.6492   12.6073
   -7.5000   22.5000  -15.0000 2559.3389   13.4451
    0.0000   22.5000  -15.0000 2584.2798   13.3442
    7.5000   22.5000  -15.0000 2557.3838   13.4706
   -7.5000   30.0000  -15.0000 2438.5791   14.6771
    0.0000   30.0000  -15.0000 2459.4331   14.5734
    7.5000   30.0000  -15.0000 2435.1567   14.7190
   -7.5000   37.5000  -15.0000 2312.3223   16.3766
    0.0000   37.5000  -15.0000 2327.2600   16.2485
    7.5000   37.5000  -15.0000 2307.0388   16.3890
   -7.5000   45.0000  -15.0000 2174.4805   18.5797
    0.0000   45.0000  -15.0000 2190.4893   18.4439
    7.5000   45.0000  -15.0000 2169.3508   18.5583
   -7.5000  -45.0000   -7.5000 2732.3157   12.2227
    0.0000  -45.0000   -7.5000 2737.4629   12.1331
    7.5000  -45.0000   -7.5000 2716.6299   12.3262
   -7.5000  -37.5000   -7.5000 2783.5796   11.6445
    0.0000  -37.5000   -7.5000 2796.7263   11.5487
    7.5000  -37.5000   -7.5000 2768.5312   11.6989
   -7.5000  -30.0000   -7.5000 2828.2896   11.2224
    0.0000  -30.0000   -7.5000 2847.4280   11.1407
    7.5000  -30.0000   -7.5000 2817.2415   11.2642
   -7.5000  -22.5000   -7.5000 2865.6809   10.9883
    0.0000  -22.5000   -7.5000 2892.6633   10.8980
    7.5000  -22.5000   -7.5000 2860.2520   11.0077
   -7.5000  -15.0000   -7.5000 2885.0955   10.8657
    0.0000  -15.0000   -7.5000 2918.2959   10.7797
    7.5000  -15.0000   -7.5000 2879.0764   10.9052
   -7.5000   -7.5000   -7.5000 2895.8103   10.8688
    0.0000   -7.5000   -7.5000 2922.0234   10.7561
    7.5000   -7.5000   -7.5000 2880.9124   10.9251
   -7.5000    0.0000   -7.5000 2873.5317   11.1070
    0.0000    0.0000   -7.5000 2900.0623   11.0009
    7.5000    0.0000   -7.5000 2857.2471   11.1420
   -7.5000    7.5000   -7.5000 2811.6311   11.5421
    0.0000    7.5000   -7.5000 2840.6616   11.4235
    7.5000    7.5000   -7.5000 2802.2888   11.5475
   -7.5000   15.0000   -7.5000 2723.3013   12.1264
    0.0000   15.0000   -7.5000 2750.4626   12.0455
    7.5000   15.0000   -7.5000 2716.2061   12.1553
   -7.5000   22.5000   -7.5000 2613.1663   12.9510
    0.0000   22.5000   -7.5000 2636.1143   12.8605
    7.5000   22.5000   -7.5000 2605.7505   12.9976
   -7.5000   30.0000   -7.5000 2484.3525   14.1525
    0.0000   30.0000   -7.5000 2504.0425   14.0474
    7.5000   30.0000   -7.5000 2476.9102   14.2005
   -7.5000   37.5000   -7.5000 2348.3123   15.7921
    0.0000   37.5000   -7.5000 2365.1692   15.6751
    7.5000   37.5000   -7.5000 2344.6924   15.8067
   -7.5000   45.0000   -7.5000 2208.5020   17.8971
    0.0000   45.0000   -7.5000 2221.4070   17.7786
    7.5000   45.0000   -7.5000 2202.1780   17.9076
   -7.5000  -45.0000    0.0000 2742.5288   11.9756
    0.0000  -45.0000    0.0000 2752.6140   11.8934
    7.5000  -45.0000    0.0000 2724.8828   12.1075
   -7.5000  -37.5000    0.0000 2797.9229   11.3741
    0.0000  -37.5000    0.0000 2812.5217   11.2928
    7.5000  -37.5000    0.0000 2783.2605   11.4679
   -7.5000  -30.0000    0.0000 2847.7651   10.9328
    0.0000  -30.0000    0.0000 2866.5862   10.8389
    7.5000  -30.0000    0.0000 2839.6174   11.0149
   -7.5000  -22.5000    0.0000 2891.8984   10.6957
    0.0000  -22.5000    0.0000 2917.3149   10.5999
    7.5000  -22.5000    0.0000 2888.4331   10.7515
   -7.5000  -15.0000    0.0000 2921.8608   10.6152
    0.0000  -15.0000    0.0000 2955.6057   10.5307
    7.5000  -15.0000    0.0000 2917.0776   10.6566
   -7.5000   -7.5000    0.0000 2935.1326   10.6466
    0.0000   -7.5000    0.0000 2965.7454   10.5421
    7.5000   -7.5000    0.0000 2920.1658   10.7003
   -7.5000    0.0000    0.0000 2911.4727   10.8581
    0.0000    0.0000    0.0000 2936.5967   10.7461
    7.5000    0.0000    0.0000 2893.4578   10.8907
   -7.5000    7.5000    0.0000 2852.1521   11.2508
    0.0000    7.5000    0.0000 2875.7893   11.1459
    7.5000    7.5000    0.0000 2837.6487   11.2773
   -7.5000   15.0000    0.0000 2754.9177   11.8596
    0.0000   15.0000    0.0000 2779.2148   11.7511
    7.5000   15.0000    0.0000 2746.5217   11.8864
   -7.5000   22.5000    0.0000 2637.3577   12.7076
    0.0000   22.5000    0.0000 2659.7725   12.5950
    7.5000   22.5000    0.0000 2629.6809   12.7509
   -7.5000   30.0000    0.0000 2503.8777   13.8635
    0.0000   30.0000    0.0000 2521.0847   13.7765
    7.5000   30.0000    0.0000 2498.1086   13.9029
   -7.5000   37.5000    0.0000 2370.2913   15.4372
    0.0000   37.5000    0.0000 2384.8608   15.3382
    7.5000   37.5000    0.0000 2365.4397   15.4430
   -7.5000   45.0000    0.0000 2225.0068   17.4688
    0.0000   45.0000    0.0000 2238.3020   17.3952
    7.5000   45.0000    0.0000 2222.1577   17.4719
   -7.5000  -45.0000    7.5000 2732.1807   11.8882
    0.0000  -45.0000    7.5000 2742.5942   11.7991
    7.5000  -45.0000    7.5000 2719.1702   12.0511
   -7.5000  -37.5000    7.5000 2790.0518   11.2682
    0.0000  -37.5000    7.5000 2803.1489   11.1634
    7.5000  -37.5000    7.5000 2777.7161   11.3967
   -7.5000  -30.0000    7.5000 2843.9619   10.8294
    0.0000  -30.0000    7.5000 2862.4314   10.7101
    7.5000  -30.0000    7.5000 2834.6743   10.9302
   -7.5000  -22.5000    7.5000 2896.2927   10.5923
    0.0000  -22.5000    7.5000 2919.8608   10.4802
    7.5000  -22.5000    7.5000 2889.5632   10.6580
   -7.5000  -15.0000    7.5000 2935.4609   10.5349
    0.0000  -15.0000    7.5000 2965.8845   10.4456
    7.5000  -15.0000    7.5000 2922.6475   10.5536
   -7.5000   -7.5000    7.5000 2948.3628   10.5765
    0.0000   -7.5000    7.5000 2979.9661   10.4725
    7.5000   -7.5000    7.5000 2928.5955   10.5861
   -7.5000    0.0000    7.5000 2923.9836   10.7409
    0.0000    0.0000    7.5000 2951.7812   10.6148
    7.5000    0.0000    7.5000 2903.5662   10.7841
   -7.5000    7.5000    7.5000 2859.4629   11.1325
    0.0000    7.5000    7.5000 2881.5295   10.9944
    7.5000    7.5000    7.5000 2844.0920   11.2066
   -7.5000   15.0000    7.5000 2763.1689   11.7534
    0.0000   15.0000    7.5000 2782.7390   11.6106
    7.5000   15.0000    7.5000 2752.4795   11.8241
   -7.5000   22.5000    7.5000 2639.1680   12.6283
    0.0000   22.5000    7.5000 2658.9397   12.5035
    7.5000   22.5000    7.5000 2637.1094   12.6855
   -7.5000   30.0000    7.5000 2504.8503   13.7717
    0.0000   30.0000    7.5000 2521.5667   13.6774
    7.5000   30.0000    7.5000 2506.2346   13.8256
   -7.5000   37.5000    7.5000 2368.1382   15.3151
    0.0000   37.5000    7.5000 2385.7007   15.2067
    7.5000   37.5000    7.5000 2365.8665   15.3480
   -7.5000   45.0000    7.5000 2227.4470   17.2977
    0.0000   45.0000    7.5000 2242.6885   17.1832
    7.5000   45.0000    7.5000 2223.0491   17.3079
   -7.5000  -45.0000   15.0000 2701.2312   12.0247
    0.0000  -45.0000   15.0000 2708.7500   11.9326
    7.5000  -45.0000   15.0000 2688.7397   12.1652
   -7.5000  -37.5000   15.0000 2760.2007   11.3775
    0.0000  -37.5000   15.0000 2770.3826   11.2802
    7.5000  -37.5000   15.0000 2743.3298   11.5013
   -7.5000  -30.0000   15.0000 2817.9978   10.9104
    0.0000  -30.0000   15.0000 2833.1064   10.8053
    7.5000  -30.0000   15.0000 2803.6646   11.0167
   -7.5000  -22.5000   15.0000 2878.5149   10.6722
    0.0000  -22.5000   15.0000 2900.9883   10.5379
    7.5000  -22.5000   15.0000 2865.8789   10.7445
   -7.5000  -15.0000   15.0000 2925.2029   10.5833
    0.0000  -15.0000   15.0000 2951.9026   10.4674
    7.5000  -15.0000   15.0000 2906.2468   10.6268
   -7.5000   -7.5000   15.0000 2935.9031   10.5684
    0.0000   -7.5000   15.0000 2965.9868   10.4027
    7.5000   -7.5000   15.0000 2914.7822   10.6395
   -7.5000    0.0000   15.0000 2906.6160   10.7816
    0.0000    0.0000   15.0000 2928.7283   10.5910
    7.5000    0.0000   15.0000 2888.7458   10.8539
   -7.5000    7.5000   15.0000 2836.1519   11.2324
    0.0000    7.5000   15.0000 2856.7861   11.0677
    7.5000    7.5000   15.0000 2827.6892   11.3153
   -7.5000   15.0000   15.0000 2740.7729   11.8843
    0.0000   15.0000   15.0000 2758.2571   11.7355
    7.5000   15.0000   15.0000 2734.0032   11.9635
   -7.5000   22.5000   15.0000 2617.2239   12.8031
    0.0000   22.5000   15.0000 2634.3843   12.6606
    7.5000   22.5000   15.0000 2615.3408   12.8291
   -7.5000   30.0000   15.0000 2481.1484   13.9412
    0.0000   30.0000   15.0000 2498.2769   13.8207
    7.5000   30.0000   15.0000 2484.4163   13.9575
   -7.5000   37.5000   15.0000 2350.8311   15.4123
    0.0000   37.5000   15.0000 2364.7742   15.2987
    7.5000   37.5000   15.0000 2351.1995   15.4293
   -7.5000   45.0000   15.0000 2210.0488   17.3030
    0.0000   45.0000   15.0000 2224.0178   17.1873
    7.5000   45.0000   15.0000 2210.4451   17.2847
   -7.5000  -45.0000   22.5000 2667.1570   12.3190
    0.0000  -45.0000   22.5000 2673.4609   12.2241
    7.5000  -45.0000   22.5000 2646.7644   12.4773
   -7.5000  -37.5000   22.5000 2721.8926   11.6552
    0.0000  -37.5000   22.5000 2731.0247   11.5434
    7.5000  -37.5000   22.5000 2704.6184   11.7717
   -7.5000  -30.0000   22.5000 2780.2937   11.1656
    0.0000  -30.0000   22.5000 2794.4453   11.0343
    7.5000  -30.0000   22.5000 2764.1121   11.2685
   -7.5000  -22.5000   22.5000 2839.2202   10.9097
    0.0000  -22.5000   22.5000 2858.3364   10.7684
    7.5000  -22.5000   22.5000 2824.7791   10.9933
   -7.5000  -15.0000   22.5000 2880.5981   10.8137
    0.0000  -15.0000   22.5000 2907.7876   10.7079
    7.5000  -15.0000   22.5000 2864.8884   10.9023
   -7.5000   -7.5000   22.5000 2891.4358   10.8306
    0.0000   -7.5000   22.5000 2919.1577   10.6446
    7.5000   -7.5000   22.5000 2874.0774   10.9141
   -7.5000    0.0000   22.5000 2863.0613   11.0698
    0.0000    0.0000   22.5000 2884.2478   10.8834
    7.5000    0.0000   22.5000 2847.6262   11.1421
   -7.5000    7.5000   22.5000 2796.8132   11.5216
    0.0000    7.5000   22.5000 2819.6016   11.3578
    7.5000    7.5000   22.5000 2788.1094   11.5841
   -7.5000   15.0000   22.5000 2701.2043   12.1909
    0.0000   15.0000   22.5000 2721.3877   12.0175
    7.5000   15.0000   22.5000 2697.7944   12.2389
   -7.5000   22.5000   22.5000 2590.8022   13.0752
    0.0000   22.5000   22.5000 2607.5115   12.9240
    7.5000   22.5000   22.5000 2588.4944   13.1092
   -7.5000   30.0000   22.5000 2455.6028   14.2295
    0.0000   30.0000   22.5000 2470.4983   14.1055
    7.5000   30.0000   22.5000 2454.9097   14.2640
   -7.5000   37.5000   22.5000 2319.4663   15.7144
    0.0000   37.5000   22.5000 2334.5554   15.5894
    7.5000   37.5000   22.5000 2321.5784   15.7288
   -7.5000   45.0000   22.5000 2177.4119   17.5240
    0.0000   45.0000   22.5000 2191.8870   17.4079
    7.5000   45.0000   22.5000 2180.6799   17.4919
   -7.5000  -45.0000   30.0000 2619.9819   12.7866
    0.0000  -45.0000   30.0000 2628.7627   12.6736
    7.5000  -45.0000   30.0000 2602.5471   12.9406
   -7.5000  -37.5000   30.0000 2671.3638   12.1063
    0.0000  -37.5000   30.0000 2681.4998   11.9705
    7.5000  -37.5000   30.0000 2655.1760   12.2221
   -7.5000  -30.0000   30.0000 2728.9197   11.5991
    0.0000  -30.0000   30.0000 2741.2488   11.4712
    7.5000  -30.0000   30.0000 2712.2363   11.7105
   -7.5000  -22.5000   30.0000 2781.4719   11.3605
    0.0000  -22.5000   30.0000 2798.3420   11.2318
    7.5000  -22.5000   30.0000 2770.9529   11.4370
   -7.5000  -15.0000   30.0000 2819.9204   11.2879
    0.0000  -15.0000   30.0000 2841.2976   11.1655
    7.5000  -15.0000   30.0000 2807.1028   11.3705
   -7.5000   -7.5000   30.0000 2825.6938   11.3344
    0.0000   -7.5000   30.0000 2846.8203   11.1814
    7.5000   -7.5000   30.0000 2810.1482   11.4210
   -7.5000    0.0000   30.0000 2790.0093   11.6275
    0.0000    0.0000   30.0000 2811.4861   11.4771
    7.5000    0.0000   30.0000 2780.9204   11.6824
   -7.5000    7.5000   30.0000 2727.1067   12.0874
    0.0000    7.5000   30.0000 2748.3027   11.9331
    7.5000    7.5000   30.0000 2720.1655   12.1266
   -7.5000   15.0000   30.0000 2642.5522   12.7020
    0.0000   15.0000   30.0000 2661.7351   12.5330
    7.5000   15.0000   30.0000 2638.5757   12.7237
   -7.5000   22.5000   30.0000 2543.2407   13.5256
    0.0000   22.5000   30.0000 2559.6770   13.3602
    7.5000   22.5000   30.0000 2541.3760   13.5485
   -7.5000   30.0000   30.0000 2420.5044   14.6676
    0.0000   30.0000   30.0000 2440.8105   14.5067
    7.5000   30.0000   30.0000 2421.9155   14.6791
   -7.5000   37.5000   30.0000 2282.8699   16.1617
    0.0000   37.5000   30.0000 2301.6812   16.0151
    7.5000   37.5000   30.0000 2289.5791   16.1534
   -7.5000   45.0000   30.0000 2140.5044   17.9664
    0.0000   45.0000   30.0000 2156.0410   17.8223
    7.5000   45.0000   30.0000 2146.6272   17.9098
   -7.5000  -45.0000   37.5000 2573.0349   13.4115
    0.0000  -45.0000   37.5000 2582.0164   13.2914
    7.5000  -45.0000   37.5000 2554.2185   13.5564
   -7.5000  -37.5000   37.5000 2620.9255   12.7041
    0.0000  -37.5000   37.5000 2630.9990   12.5861
    7.5000  -37.5000   37.5000 2605.6780   12.8335
   -7.5000  -30.0000   37.5000 2669.5232   12.2285
    0.0000  -30.0000   37.5000 2684.7896   12.1061
    7.5000  -30.0000   37.5000 2654.7773   12.3465
   -7.5000  -22.5000   37.5000 2716.0552   12.0111
    0.0000  -22.5000   37.5000 2735.6899   11.8830
    7.5000  -22.5000   37.5000 2704.0364   12.0853
   -7.5000  -15.0000   37.5000 2741.1631   11.9562
    0.0000  -15.0000   37.5000 2763.6252   11.8143
    7.5000  -15.0000   37.5000 2729.3621   12.0162
   -7.5000   -7.5000   37.5000 2740.6921   12.0250
    0.0000   -7.5000   37.5000 2759.1113   11.8937
    7.5000   -7.5000   37.5000 2729.9644   12.0955
   -7.5000    0.0000   37.5000 2704.0010   12.3397
    0.0000    0.0000   37.5000 2723.6008   12.2050
    7.5000    0.0000   37.5000 2699.6003   12.3759
   -7.5000    7.5000   37.5000 2645.0493   12.8239
    0.0000    7.5000   37.5000 2665.5342   12.6837
    7.5000    7.5000   37.5000 2643.4502   12.8453
   -7.5000   15.0000   37.5000 2565.3569   13.4336
    0.0000   15.0000   37.5000 2583.5493   13.2740
    7.5000   15.0000   37.5000 2563.3716   13.4502
   -7.5000   22.5000   37.5000 2478.2947   14.1840
    0.0000   22.5000   37.5000 2496.8118   14.0355
    7.5000   22.5000   37.5000 2478.4131   14.2150
   -7.5000   30.0000   37.5000 2372.5405   15.2549
    0.0000   30.0000   37.5000 2391.8643   15.1304
    7.5000   30.0000   37.5000 2371.2766   15.2844
   -7.5000   37.5000   37.5000 2244.5957   16.7228
    0.0000   37.5000   37.5000 2263.8245   16.6185
    7.5000   37.5000   37.5000 2246.9268   16.7588
   -7.5000   45.0000   37.5000 2100.9783   18.5643
    0.0000   45.0000   37.5000 2120.4612   18.4534
    7.5000   45.0000   37.5000 2101.2727   18.5511
   -7.5000  -45.0000   45.0000 2510.5237   14.2136
    0.0000  -45.0000   45.0000 2519.7629   14.0887
    7.5000  -45.0000   45.0000 2491.8303   14.3711
   -7.5000  -37.5000   45.0000 2561.0786   13.4784
    0.0000  -37.5000   45.0000 2570.7891   13.3718
    7.5000  -37.5000   45.0000 2542.2515   13.6393
   -7.5000  -30.0000   45.0000 2606.0977   13.0269
    0.0000  -30.0000   45.0000 2620.1702   12.9214
    7.5000  -30.0000   45.0000 2583.3601   13.1480
   -7.5000  -22.5000   45.0000 2638.8630   12.8174
    0.0000  -22.5000   45.0000 2661.8286   12.7021
    7.5000  -22.5000   45.0000 2621.3025   12.8912
   -7.5000  -15.0000   45.0000 2650.6589   12.7408
    0.0000  -15.0000   45.0000 2676.3137   12.6490
    7.5000  -15.0000   45.0000 2639.4460   12.8305
   -7.5000   -7.5000   45.0000 2640.4480   12.8705
    0.0000   -7.5000   45.0000 2662.9001   12.7875
    7.5000   -7.5000   45.0000 2634.0190   12.9607
   -7.5000    0.0000   45.0000 2604.5674   13.1863
    0.0000    0.0000   45.0000 2628.9722   13.0908
    7.5000    0.0000   45.0000 2607.5032   13.2465
   -7.5000    7.5000   45.0000 2552.3276   13.6751
    0.0000    7.5000   45.0000 2574.6233   13.5742
    7.5000    7.5000   45.0000 2558.7976   13.7350
   -7.5000   15.0000   45.0000 2480.8713   14.2804
    0.0000   15.0000   45.0000 2500.2798   14.1551
    7.5000   15.0000   45.0000 2488.0757   14.3194
   -7.5000   22.5000   45.0000 2402.0969   15.0411
    0.0000   22.5000   45.0000 2417.7715   14.8981
    7.5000   22.5000   45.0000 2404.0107   15.0776
   -7.5000   30.0000   45.0000 2311.5798   16.0470
    0.0000   30.0000   45.0000 2328.8816   15.9313
    7.5000   30.0000   45.0000 2308.1509   16.0820
   -7.5000   37.5000   45.0000 2195.1052   17.5099
    0.0000   37.5000   45.0000 2215.2700   17.4056
    7.5000   37.5000   45.0000 2192.1921   17.5161
   -7.5000   45.0000   45.0000 2058.3855   19.4045
    0.0000   45.0000   45.0000 2075.7922   19.3097
    7.5000   45.0000   45.0000 2058.8889   19.3775

---------------------------------------------------------------------
imgreg_4dfp /opt/freesurfer/average/711-2C_as_mni_average_305 /opt/freesurfer/average/711-2B_as_mni_average_305_mask talsrcimg_g11 none talsrcimg_to_711-2C_as_mni_average_305_t4 1283
---------------------------------------------------------------------

freesurfer imgreg_4dfp.c
/opt/freesurfer/average/711-2C_as_mni_average_305.4dfp.img
       256       256       256         1
  1.000000  1.000000  1.000000
orientation T byte_order littleendian
Reading image: /opt/freesurfer/average/711-2C_as_mni_average_305.4dfp.img
dimensions:      256       256       256
mmppix:       1.0000   -1.0000   -1.0000
center:     128.0000 -129.0000 -129.0000
/opt/freesurfer/average/711-2B_as_mni_average_305_mask.4dfp.img
       256       256       256         1
  1.000000  1.000000  1.000000
orientation T byte_order littleendian
Reading mask: /opt/freesurfer/average/711-2B_as_mni_average_305_mask.4dfp.img (2306576 pixels)
talsrcimg_g11.4dfp.img
       256       256       256         1
  1.000000  1.000000  1.000000
orientation T byte_order littleendian
Reading image: talsrcimg_g11.4dfp.img
dimensions:      256       256       256
mmppix:       1.0000   -1.0000   -1.0000
center:     128.0000 -129.0000 -129.0000
rotation matrix determinant  1.000000
fimgreg.f
image alignment mode   1283 decimal      503 hex
parameters
    0.0000   -7.5000    7.5000    0.0000    0.0000    0.0000
eta,q 0.93411 10.49858
niter,ni,del,rscale     5    3   12.0000    1.2000
parameter  4 -3.133344 ->  0.500000 qaram    1.1500
parameters
   -1.1613   -8.9266    8.0206   -3.4500   -0.1086   -1.9383
eta,q 0.94025 10.40334
  0.0748  0.0673  0.0677  0.0562  0.0650  0.0609
  0.0686  0.0646  0.0650  0.0589  0.0627  0.0603
  0.0651  0.0640  0.0642  0.0620  0.0606  0.0598
  0.0664  0.0650  0.0643  0.0646  0.0598  0.0598
  0.0710  0.0662  0.0648  0.0662  0.0608  0.0609
  0.0761  0.0679  0.0652  0.0678  0.0630  0.0628
  0.0818  0.0705  0.0660  0.0704  0.0654  0.0647
niter,ni,del,rscale     5    3   12.0000    1.2000
parameter  4  3.659074 ->  0.500000 qaram    1.3225
parameters
   -1.2474   -6.1289    7.7554   -7.4175    0.2766   -2.4908
eta,q 0.94980 10.32355
  0.0739  0.0689  0.0625  0.0487  0.0579  0.0542
  0.0661  0.0662  0.0596  0.0498  0.0544  0.0517
  0.0609  0.0629  0.0580  0.0525  0.0518  0.0504
  0.0597  0.0597  0.0579  0.0578  0.0503  0.0503
  0.0626  0.0580  0.0590  0.0640  0.0514  0.0513
  0.0677  0.0581  0.0607  0.0683  0.0536  0.0531
  0.0735  0.0610  0.0628  0.0705  0.0560  0.0556
niter,ni,del,rscale     5    3   12.0000    1.2000
parameter  4  0.726386 ->  0.500000 qaram    1.5209
parameters
   -1.2624   -6.0365    7.4642  -11.9801    0.6282   -3.0580
eta,q 0.95251 10.31614
  0.0654  0.0627  0.0559  0.0476  0.0558  0.0510
  0.0571  0.0568  0.0538  0.0475  0.0519  0.0492
  0.0515  0.0517  0.0517  0.0483  0.0490  0.0479
  0.0502  0.0502  0.0502  0.0504  0.0475  0.0475
  0.0531  0.0526  0.0509  0.0546  0.0484  0.0483
  0.0580  0.0570  0.0539  0.0615  0.0508  0.0502
  0.0645  0.0612  0.0581  0.0673  0.0541  0.0527
niter,ni,del,rscale     5    3   12.0000    1.2000
parameter  4  0.530292 ->  0.500000 qaram    1.7490
parameters
   -1.2259   -4.8231    6.1010  -17.2272    1.6616   -2.2466
eta,q 0.95565 10.35158
  0.0619  0.0573  0.0510  0.0456  0.0513  0.0508
  0.0541  0.0534  0.0471  0.0449  0.0485  0.0483
  0.0489  0.0504  0.0452  0.0443  0.0464  0.0460
  0.0475  0.0475  0.0464  0.0453  0.0448  0.0446
  0.0497  0.0463  0.0492  0.0498  0.0446  0.0445
  0.0543  0.0487  0.0527  0.0550  0.0458  0.0460
  0.0609  0.0525  0.0561  0.0603  0.0484  0.0486
niter,ni,del,rscale     5    3   12.0000    1.2000
parameters
   -1.9617   -2.8812    4.5487  -20.9778    2.1167   -3.4390
eta,q 0.95883 10.41607
  0.0544  0.0576  0.0461  0.0451  0.0485  0.0443
  0.0485  0.0520  0.0434  0.0412  0.0452  0.0423
  0.0450  0.0473  0.0426  0.0414  0.0426  0.0413
  0.0443  0.0442  0.0437  0.0427  0.0412  0.0411
  0.0474  0.0437  0.0453  0.0446  0.0413  0.0424
  0.0533  0.0452  0.0470  0.0513  0.0435  0.0452
  0.0600  0.0473  0.0500  0.0587  0.0469  0.0484
niter,ni,del,rscale     4    3   12.0000    1.2000
parameters
   -1.8438   -1.6848    3.8627  -21.7226    2.3931   -3.7067
eta,q 0.95968 10.42507
  0.0563  0.0535  0.0461  0.0505  0.0472  0.0449
  0.0488  0.0478  0.0429  0.0436  0.0436  0.0424
  0.0434  0.0433  0.0411  0.0396  0.0412  0.0408
  0.0412  0.0411  0.0410  0.0409  0.0403  0.0403
  0.0422  0.0413  0.0424  0.0429  0.0406  0.0408
  0.0478  0.0429  0.0451  0.0460  0.0428  0.0429
  0.0555  0.0466  0.0487  0.0528  0.0461  0.0460
niter,ni,del,rscale     3    3   12.0000    1.2000
parameters
   -1.8260   -1.5400    3.5425  -21.9713    2.4561   -3.6679
eta,q 0.95993 10.42209
  0.0549  0.0499  0.0466  0.0512  0.0467  0.0453
  0.0474  0.0449  0.0431  0.0450  0.0430  0.0426
  0.0423  0.0414  0.0409  0.0399  0.0407  0.0408
  0.0403  0.0403  0.0403  0.0403  0.0401  0.0401
  0.0416  0.0411  0.0415  0.0427  0.0406  0.0404
  0.0470  0.0440  0.0441  0.0455  0.0429  0.0423
  0.0550  0.0493  0.0480  0.0516  0.0464  0.0454
niter,ni,del,rscale     2    3   12.0000    1.2000
parameters
   -1.8594   -1.5091    3.4512  -22.0554    2.4784   -3.6330
eta,q 0.96000 10.42153
  0.0545  0.0494  0.0471  0.0515  0.0465  0.0453
  0.0470  0.0446  0.0433  0.0455  0.0429  0.0426
  0.0419  0.0412  0.0409  0.0400  0.0406  0.0408
  0.0401  0.0401  0.0401  0.0401  0.0400  0.0400
  0.0415  0.0409  0.0411  0.0426  0.0406  0.0404
  0.0471  0.0441  0.0436  0.0453  0.0429  0.0423
  0.0551  0.0495  0.0475  0.0513  0.0464  0.0454
niter,ni,del,rscale     1    3   12.0000    1.2000
parameters
   -1.8774   -1.4965    3.4252  -22.0853    2.4878   -3.6180
eta,q 0.96002 10.42145
  0.0546  0.0493  0.0472  0.0516  0.0465  0.0453
  0.0470  0.0446  0.0434  0.0456  0.0428  0.0426
  0.0419  0.0412  0.0409  0.0401  0.0406  0.0408
  0.0400  0.0400  0.0400  0.0400  0.0400  0.0400
  0.0415  0.0409  0.0410  0.0426  0.0406  0.0404
  0.0470  0.0441  0.0434  0.0452  0.0429  0.0423
  0.0550  0.0496  0.0474  0.0512  0.0464  0.0455
registration optimization eta report
parameter search radius
    6.0000    6.0000    6.0000   10.4940    6.0000    6.0000
100000*second partial in parameter space
       41.       26.       20.       10.       18.       15.
  0.0546  0.0493  0.0472  0.0516  0.0465  0.0453
  0.0470  0.0446  0.0434  0.0456  0.0428  0.0426
  0.0419  0.0412  0.0409  0.0401  0.0406  0.0408
  0.0400  0.0400  0.0400  0.0400  0.0400  0.0400
  0.0415  0.0409  0.0410  0.0426  0.0406  0.0404
  0.0470  0.0441  0.0434  0.0452  0.0429  0.0423
  0.0550  0.0496  0.0474  0.0512  0.0464  0.0455
   -1.8774   -1.4965    3.4252  -22.0853    2.4878   -3.6180
eta,q 0.96002 10.42145

---------------------------------------------------------------------
imgreg_4dfp /opt/freesurfer/average/711-2C_as_mni_average_305 /opt/freesurfer/average/711-2B_as_mni_average_305_mask talsrcimg_g11 none talsrcimg_to_711-2C_as_mni_average_305_t4 3335
---------------------------------------------------------------------

freesurfer imgreg_4dfp.c
/opt/freesurfer/average/711-2C_as_mni_average_305.4dfp.img
       256       256       256         1
  1.000000  1.000000  1.000000
orientation T byte_order littleendian
Reading image: /opt/freesurfer/average/711-2C_as_mni_average_305.4dfp.img
dimensions:      256       256       256
mmppix:       1.0000   -1.0000   -1.0000
center:     128.0000 -129.0000 -129.0000
/opt/freesurfer/average/711-2B_as_mni_average_305_mask.4dfp.img
       256       256       256         1
  1.000000  1.000000  1.000000
orientation T byte_order littleendian
Reading mask: /opt/freesurfer/average/711-2B_as_mni_average_305_mask.4dfp.img (2306576 pixels)
talsrcimg_g11.4dfp.img
       256       256       256         1
  1.000000  1.000000  1.000000
orientation T byte_order littleendian
Reading image: talsrcimg_g11.4dfp.img
dimensions:      256       256       256
mmppix:       1.0000   -1.0000   -1.0000
center:     128.0000 -129.0000 -129.0000
fimgreg.f
image alignment mode   3335 decimal      D07 hex
parameters
   -1.8774   -1.4965    3.4252   -0.2934   -7.6251   -7.4248
    7.4761   -1.6415   -6.3045   37.7775    4.3406  -37.5632
eta,q 0.96062 10.49073
niter,ni,del,rscale     5    3    5.0000    1.2000
parameter  4  0.699569 ->  0.500000 qaram    1.1500
parameter  5  2.849921 ->  0.500000 qaram    1.1500
parameter 10  0.751193 ->  0.500000 qaram    1.1500
parameters
   -1.9697   -1.4460    3.3273   -4.4334  -11.7651  -10.8829
    7.1127   -0.5265   -2.8247   33.6375    3.9235  -34.8215
eta,q 0.96669  9.78642
  0.0418  0.0410  0.0406  0.0383  0.0334  0.0350  0.0362  0.0382  0.0375  0.0334  0.0339  0.0349
  0.0404  0.0402  0.0399  0.0382  0.0347  0.0349  0.0354  0.0365  0.0364  0.0334  0.0336  0.0342
  0.0396  0.0396  0.0395  0.0385  0.0364  0.0348  0.0349  0.0354  0.0354  0.0337  0.0335  0.0338
  0.0394  0.0394  0.0394  0.0394  0.0383  0.0351  0.0348  0.0348  0.0347  0.0344  0.0335  0.0335
  0.0397  0.0395  0.0396  0.0409  0.0404  0.0360  0.0351  0.0348  0.0344  0.0355  0.0335  0.0333
  0.0407  0.0400  0.0400  0.0432  0.0427  0.0377  0.0356  0.0353  0.0344  0.0370  0.0337  0.0334
  0.0422  0.0409  0.0408  0.0459  0.0453  0.0404  0.0365  0.0366  0.0348  0.0390  0.0340  0.0337
niter,ni,del,rscale     7    3    5.0000    1.2000
parameter  5  1.754233 ->  0.500000 qaram    1.3225
parameters
   -1.8668   -1.5750    3.0986   -7.0416  -16.5261  -14.1379
    6.2345   -0.6459   -3.6576   31.4724    3.0386  -34.6698
eta,q 0.97026  9.17702
  0.0358  0.0348  0.0340  0.0340  0.0294  0.0307  0.0316  0.0330  0.0316  0.0317  0.0302  0.0308
  0.0345  0.0339  0.0335  0.0334  0.0302  0.0302  0.0307  0.0314  0.0307  0.0303  0.0299  0.0302
  0.0337  0.0334  0.0333  0.0331  0.0315  0.0302  0.0302  0.0304  0.0302  0.0297  0.0298  0.0299
  0.0333  0.0333  0.0333  0.0333  0.0331  0.0306  0.0301  0.0301  0.0301  0.0301  0.0297  0.0297
  0.0335  0.0335  0.0334  0.0340  0.0350  0.0312  0.0305  0.0305  0.0305  0.0311  0.0299  0.0299
  0.0342  0.0342  0.0338  0.0352  0.0372  0.0321  0.0314  0.0316  0.0313  0.0327  0.0301  0.0302
  0.0354  0.0352  0.0343  0.0371  0.0398  0.0335  0.0326  0.0332  0.0325  0.0345  0.0305  0.0307
niter,ni,del,rscale     7    3    5.0000    1.2000
parameter  5  0.648940 ->  0.500000 qaram    1.5209
parameters
   -1.8069   -1.4666    2.3173   -7.2882  -22.0012  -14.6685
    6.2582   -0.6165   -4.1262   32.7943    4.1220  -36.0466
eta,q 0.97173  8.90963
  0.0322  0.0319  0.0301  0.0315  0.0289  0.0303  0.0305  0.0316  0.0302  0.0330  0.0290  0.0288
  0.0309  0.0308  0.0297  0.0306  0.0285  0.0293  0.0294  0.0299  0.0292  0.0309  0.0287  0.0284
  0.0301  0.0300  0.0296  0.0299  0.0287  0.0286  0.0287  0.0289  0.0286  0.0294  0.0284  0.0283
  0.0297  0.0297  0.0297  0.0296  0.0296  0.0285  0.0285  0.0285  0.0285  0.0285  0.0283  0.0283
  0.0300  0.0299  0.0301  0.0298  0.0311  0.0289  0.0287  0.0289  0.0288  0.0284  0.0283  0.0285
  0.0307  0.0305  0.0306  0.0306  0.0331  0.0298  0.0294  0.0299  0.0296  0.0293  0.0285  0.0289
  0.0320  0.0316  0.0313  0.0319  0.0355  0.0309  0.0304  0.0315  0.0307  0.0309  0.0287  0.0293
niter,ni,del,rscale     7    3    5.0000    1.2000
parameters
   -1.9194   -1.1860    1.2630   -7.2139  -24.0982  -16.0554
    6.6000   -0.7855   -4.5440   34.4186    5.0522  -35.9588
eta,q 0.97236  8.79075
  0.0305  0.0308  0.0284  0.0301  0.0302  0.0294  0.0300  0.0308  0.0296  0.0325  0.0284  0.0285
  0.0292  0.0295  0.0281  0.0291  0.0288  0.0285  0.0290  0.0292  0.0286  0.0304  0.0280  0.0280
  0.0285  0.0286  0.0281  0.0284  0.0280  0.0280  0.0282  0.0282  0.0280  0.0288  0.0278  0.0277
  0.0283  0.0283  0.0283  0.0280  0.0280  0.0279  0.0279  0.0279  0.0279  0.0279  0.0276  0.0276
  0.0286  0.0284  0.0287  0.0282  0.0289  0.0286  0.0281  0.0284  0.0282  0.0277  0.0277  0.0277
  0.0295  0.0289  0.0292  0.0289  0.0306  0.0297  0.0287  0.0295  0.0289  0.0284  0.0278  0.0280
  0.0309  0.0298  0.0300  0.0302  0.0329  0.0311  0.0297  0.0311  0.0300  0.0300  0.0281  0.0284
niter,ni,del,rscale     6    3    5.0000    1.2000
parameters
   -2.0083   -0.5399    0.2353   -7.4202  -25.8496  -17.7612
    6.9644   -0.9454   -4.4053   36.2975    4.2392  -35.6572
eta,q 0.97318  8.66457
  0.0298  0.0307  0.0277  0.0292  0.0298  0.0285  0.0292  0.0300  0.0292  0.0317  0.0275  0.0278
  0.0286  0.0292  0.0274  0.0282  0.0283  0.0276  0.0281  0.0284  0.0281  0.0297  0.0270  0.0273
  0.0279  0.0282  0.0273  0.0275  0.0274  0.0272  0.0274  0.0274  0.0274  0.0281  0.0268  0.0269
  0.0276  0.0276  0.0275  0.0273  0.0273  0.0272  0.0271  0.0271  0.0271  0.0271  0.0268  0.0268
  0.0280  0.0275  0.0279  0.0275  0.0282  0.0279  0.0273  0.0276  0.0274  0.0268  0.0270  0.0269
  0.0288  0.0279  0.0285  0.0282  0.0298  0.0291  0.0279  0.0287  0.0280  0.0275  0.0273  0.0272
  0.0302  0.0285  0.0293  0.0295  0.0320  0.0307  0.0288  0.0301  0.0291  0.0290  0.0278  0.0276
niter,ni,del,rscale     5    3    5.0000    1.2000
parameters
   -2.1218    0.2039   -0.6809   -7.8090  -27.4648  -19.3622
    7.2287   -1.0934   -4.0671   37.6982    3.9578  -35.9341
eta,q 0.97390  8.55014
  0.0288  0.0301  0.0269  0.0283  0.0292  0.0277  0.0282  0.0290  0.0287  0.0308  0.0269  0.0270
  0.0277  0.0286  0.0266  0.0272  0.0277  0.0269  0.0273  0.0276  0.0275  0.0289  0.0264  0.0265
  0.0270  0.0275  0.0265  0.0266  0.0266  0.0264  0.0266  0.0266  0.0267  0.0274  0.0262  0.0262
  0.0268  0.0268  0.0266  0.0265  0.0265  0.0264  0.0264  0.0263  0.0263  0.0263  0.0261  0.0261
  0.0272  0.0267  0.0270  0.0268  0.0274  0.0270  0.0265  0.0268  0.0266  0.0261  0.0263  0.0263
  0.0280  0.0269  0.0276  0.0275  0.0291  0.0282  0.0271  0.0278  0.0272  0.0270  0.0265  0.0266
  0.0292  0.0276  0.0284  0.0287  0.0314  0.0298  0.0280  0.0292  0.0283  0.0288  0.0269  0.0270
niter,ni,del,rscale     4    3    5.0000    1.2000
parameters
   -2.2208    0.6215   -1.2540   -8.0372  -28.1702  -20.1340
    7.4218   -1.1502   -4.0413   38.3178    4.1229  -36.5223
eta,q 0.97409  8.50857
  0.0280  0.0290  0.0266  0.0279  0.0294  0.0277  0.0278  0.0288  0.0282  0.0301  0.0267  0.0267
  0.0269  0.0276  0.0262  0.0268  0.0277  0.0268  0.0269  0.0273  0.0270  0.0283  0.0263  0.0262
  0.0263  0.0266  0.0260  0.0262  0.0265  0.0262  0.0263  0.0263  0.0262  0.0268  0.0260  0.0260
  0.0261  0.0261  0.0260  0.0260  0.0260  0.0260  0.0260  0.0260  0.0260  0.0260  0.0259  0.0259
  0.0264  0.0261  0.0263  0.0263  0.0266  0.0263  0.0262  0.0264  0.0263  0.0261  0.0260  0.0261
  0.0272  0.0266  0.0268  0.0269  0.0283  0.0273  0.0268  0.0274  0.0270  0.0273  0.0263  0.0265
  0.0283  0.0275  0.0276  0.0281  0.0306  0.0287  0.0277  0.0288  0.0281  0.0293  0.0266  0.0269
niter,ni,del,rscale     3    3    5.0000    1.2000
parameters
   -2.2417    0.7624   -1.5218   -8.1010  -28.4188  -20.4736
    7.4999   -1.1401   -4.0501   38.6328    4.3184  -36.8060
eta,q 0.97411  8.49741
  0.0280  0.0283  0.0267  0.0279  0.0296  0.0278  0.0277  0.0288  0.0281  0.0299  0.0267  0.0268
  0.0268  0.0270  0.0262  0.0268  0.0279  0.0268  0.0268  0.0273  0.0269  0.0280  0.0263  0.0262
  0.0261  0.0262  0.0260  0.0261  0.0265  0.0262  0.0262  0.0262  0.0261  0.0266  0.0260  0.0259
  0.0259  0.0259  0.0259  0.0259  0.0259  0.0259  0.0259  0.0259  0.0259  0.0259  0.0259  0.0259
  0.0262  0.0261  0.0261  0.0262  0.0264  0.0261  0.0261  0.0263  0.0262  0.0262  0.0260  0.0261
  0.0269  0.0267  0.0265  0.0268  0.0279  0.0270  0.0267  0.0273  0.0269  0.0274  0.0262  0.0264
  0.0280  0.0277  0.0272  0.0280  0.0302  0.0283  0.0277  0.0287  0.0280  0.0295  0.0266  0.0268
niter,ni,del,rscale     2    3    5.0000    1.2000
parameters
   -2.2358    0.8193   -1.6510   -8.1228  -28.5355  -20.6407
    7.5260   -1.1294   -4.0567   38.7867    4.4085  -36.9467
eta,q 0.97410  8.49288
  0.0280  0.0281  0.0268  0.0279  0.0297  0.0278  0.0277  0.0288  0.0281  0.0298  0.0267  0.0268
  0.0268  0.0269  0.0263  0.0268  0.0280  0.0269  0.0268  0.0272  0.0269  0.0279  0.0262  0.0262
  0.0261  0.0261  0.0260  0.0261  0.0266  0.0262  0.0262  0.0262  0.0261  0.0266  0.0260  0.0260
  0.0259  0.0259  0.0259  0.0259  0.0259  0.0259  0.0259  0.0259  0.0259  0.0259  0.0259  0.0259
  0.0262  0.0261  0.0260  0.0262  0.0263  0.0261  0.0261  0.0263  0.0262  0.0262  0.0260  0.0260
  0.0268  0.0268  0.0264  0.0268  0.0278  0.0269  0.0267  0.0273  0.0269  0.0275  0.0262  0.0264
  0.0279  0.0278  0.0270  0.0280  0.0301  0.0282  0.0277  0.0287  0.0280  0.0297  0.0266  0.0268
niter,ni,del,rscale     1    3    5.0000    1.2000
parameters
   -2.2315    0.8468   -1.7147   -8.1380  -28.5941  -20.7304
    7.5396   -1.1146   -4.0619   38.8615    4.4478  -37.0030
eta,q 0.97410  8.49002
  0.0280  0.0280  0.0268  0.0279  0.0297  0.0278  0.0277  0.0288  0.0281  0.0297  0.0267  0.0268
  0.0268  0.0268  0.0263  0.0268  0.0280  0.0269  0.0268  0.0272  0.0268  0.0279  0.0262  0.0263
  0.0261  0.0261  0.0260  0.0261  0.0266  0.0262  0.0261  0.0262  0.0261  0.0265  0.0260  0.0260
  0.0259  0.0259  0.0259  0.0259  0.0259  0.0259  0.0259  0.0259  0.0259  0.0259  0.0259  0.0259
  0.0262  0.0262  0.0260  0.0262  0.0263  0.0261  0.0261  0.0263  0.0262  0.0262  0.0260  0.0260
  0.0268  0.0268  0.0264  0.0268  0.0278  0.0269  0.0268  0.0273  0.0269  0.0276  0.0262  0.0264
  0.0279  0.0278  0.0269  0.0280  0.0300  0.0281  0.0277  0.0287  0.0280  0.0297  0.0266  0.0268
registration optimization eta report
parameter search radius
    2.4000    2.4000    2.4000    8.2800   10.9503    7.2000
    7.2000    7.2000    7.2000    8.2800    7.2000    7.2000
100000*second partial in parameter space
       36.       35.       17.        3.        3.        4.
        3.        5.        4.        6.        1.        2.
  0.0280  0.0280  0.0268  0.0279  0.0297  0.0278  0.0277  0.0288  0.0281  0.0297  0.0267  0.0268
  0.0268  0.0268  0.0263  0.0268  0.0280  0.0269  0.0268  0.0272  0.0268  0.0279  0.0262  0.0263
  0.0261  0.0261  0.0260  0.0261  0.0266  0.0262  0.0261  0.0262  0.0261  0.0265  0.0260  0.0260
  0.0259  0.0259  0.0259  0.0259  0.0259  0.0259  0.0259  0.0259  0.0259  0.0259  0.0259  0.0259
  0.0262  0.0262  0.0260  0.0262  0.0263  0.0261  0.0261  0.0263  0.0262  0.0262  0.0260  0.0260
  0.0268  0.0268  0.0264  0.0268  0.0278  0.0269  0.0268  0.0273  0.0269  0.0276  0.0262  0.0264
  0.0279  0.0278  0.0269  0.0280  0.0300  0.0281  0.0277  0.0287  0.0280  0.0297  0.0266  0.0268
   -2.2315    0.8468   -1.7147   -8.1380  -28.5941  -20.7304
    7.5396   -1.1146   -4.0619   38.8615    4.4478  -37.0030
eta,q 0.97410  8.49002

---------------------------------------------------------------------
imgreg_4dfp /opt/freesurfer/average/711-2C_as_mni_average_305 /opt/freesurfer/average/711-2B_as_mni_average_305_mask talsrcimg_g11 none talsrcimg_to_711-2C_as_mni_average_305_t4 2311
---------------------------------------------------------------------

freesurfer imgreg_4dfp.c
/opt/freesurfer/average/711-2C_as_mni_average_305.4dfp.img
       256       256       256         1
  1.000000  1.000000  1.000000
orientation T byte_order littleendian
Reading image: /opt/freesurfer/average/711-2C_as_mni_average_305.4dfp.img
dimensions:      256       256       256
mmppix:       1.0000   -1.0000   -1.0000
center:     128.0000 -129.0000 -129.0000
/opt/freesurfer/average/711-2B_as_mni_average_305_mask.4dfp.img
       256       256       256         1
  1.000000  1.000000  1.000000
orientation T byte_order littleendian
Reading mask: /opt/freesurfer/average/711-2B_as_mni_average_305_mask.4dfp.img (2306576 pixels)
talsrcimg_g11.4dfp.img
       256       256       256         1
  1.000000  1.000000  1.000000
orientation T byte_order littleendian
Reading image: talsrcimg_g11.4dfp.img
dimensions:      256       256       256
mmppix:       1.0000   -1.0000   -1.0000
center:     128.0000 -129.0000 -129.0000
fimgreg.f
image alignment mode   2311 decimal      907 hex
parameters
   -2.2315    0.8468   -1.7147   -8.1380  -28.5941  -20.7304
    7.5396   -1.1146   -4.0619   38.8615    4.4478  -37.0030
eta,q 0.97410  8.49002
niter,ni,del,rscale     5    3    5.0000    0.8000
parameters
   -2.2471    0.8059   -1.7410   -8.1667  -28.0551  -20.5622
    7.6153   -1.1933   -4.1410   38.9797    4.3930  -37.2508
eta,q 0.97413  8.52363
  0.0268  0.0268  0.0263  0.0266  0.0270  0.0269  0.0268  0.0272  0.0269  0.0274  0.0262  0.0263
  0.0263  0.0263  0.0261  0.0262  0.0265  0.0264  0.0263  0.0265  0.0263  0.0266  0.0260  0.0260
  0.0260  0.0260  0.0259  0.0260  0.0261  0.0261  0.0260  0.0260  0.0260  0.0261  0.0259  0.0259
  0.0259  0.0259  0.0259  0.0259  0.0259  0.0259  0.0259  0.0259  0.0259  0.0259  0.0259  0.0259
  0.0260  0.0260  0.0260  0.0260  0.0259  0.0259  0.0260  0.0261  0.0260  0.0260  0.0259  0.0259
  0.0263  0.0264  0.0261  0.0262  0.0262  0.0262  0.0262  0.0266  0.0264  0.0265  0.0260  0.0261
  0.0269  0.0268  0.0263  0.0266  0.0266  0.0268  0.0267  0.0273  0.0269  0.0273  0.0262  0.0263
niter,ni,del,rscale     4    3    5.0000    0.7000
parameters
   -2.2735    0.7857   -1.6783   -8.2496  -28.0595  -20.4377
    7.6797   -1.2172   -4.1549   39.0280    4.3867  -37.3345
eta,q 0.97414  8.52578
  0.0266  0.0266  0.0262  0.0264  0.0266  0.0267  0.0266  0.0269  0.0267  0.0270  0.0261  0.0262
  0.0262  0.0262  0.0260  0.0261  0.0262  0.0263  0.0262  0.0263  0.0262  0.0264  0.0260  0.0260
  0.0259  0.0259  0.0259  0.0259  0.0260  0.0260  0.0260  0.0260  0.0259  0.0260  0.0259  0.0259
  0.0259  0.0259  0.0259  0.0259  0.0259  0.0259  0.0259  0.0259  0.0259  0.0259  0.0259  0.0259
  0.0260  0.0260  0.0259  0.0259  0.0259  0.0259  0.0259  0.0260  0.0260  0.0260  0.0259  0.0259
  0.0262  0.0262  0.0260  0.0261  0.0262  0.0262  0.0262  0.0264  0.0262  0.0263  0.0260  0.0260
  0.0266  0.0266  0.0262  0.0264  0.0266  0.0266  0.0265  0.0269  0.0267  0.0270  0.0261  0.0262
niter,ni,del,rscale     3    3    5.0000    0.6000
parameters
   -2.3021    0.7829   -1.6502   -8.3105  -28.0514  -20.3474
    7.7337   -1.2593   -4.1626   39.0639    4.3968  -37.3734
eta,q 0.97415  8.52759
  0.0264  0.0264  0.0261  0.0263  0.0264  0.0265  0.0264  0.0266  0.0264  0.0267  0.0261  0.0261
  0.0261  0.0261  0.0260  0.0260  0.0261  0.0262  0.0261  0.0262  0.0261  0.0263  0.0259  0.0260
  0.0259  0.0259  0.0259  0.0259  0.0259  0.0260  0.0259  0.0259  0.0259  0.0260  0.0259  0.0259
  0.0259  0.0259  0.0259  0.0259  0.0259  0.0259  0.0259  0.0259  0.0259  0.0259  0.0259  0.0259
  0.0259  0.0259  0.0259  0.0259  0.0259  0.0259  0.0259  0.0260  0.0259  0.0259  0.0259  0.0259
  0.0261  0.0261  0.0260  0.0261  0.0261  0.0261  0.0261  0.0262  0.0261  0.0262  0.0259  0.0260
  0.0264  0.0264  0.0261  0.0263  0.0264  0.0264  0.0264  0.0267  0.0264  0.0267  0.0261  0.0261
niter,ni,del,rscale     2    3    5.0000    0.5000
parameters
   -2.3264    0.7830   -1.6235   -8.3376  -28.0524  -20.2508
    7.7702   -1.2952   -4.1760   39.0842    4.3852  -37.3876
eta,q 0.97415  8.52988
  0.0262  0.0262  0.0260  0.0261  0.0262  0.0263  0.0262  0.0264  0.0263  0.0264  0.0260  0.0260
  0.0260  0.0260  0.0259  0.0260  0.0260  0.0261  0.0260  0.0261  0.0260  0.0261  0.0259  0.0259
  0.0259  0.0259  0.0259  0.0259  0.0259  0.0259  0.0259  0.0259  0.0259  0.0259  0.0259  0.0259
  0.0259  0.0259  0.0259  0.0259  0.0259  0.0259  0.0258  0.0259  0.0259  0.0259  0.0259  0.0259
  0.0259  0.0259  0.0259  0.0259  0.0259  0.0259  0.0259  0.0259  0.0259  0.0259  0.0259  0.0259
  0.0260  0.0260  0.0259  0.0260  0.0260  0.0260  0.0260  0.0261  0.0260  0.0261  0.0259  0.0259
  0.0263  0.0262  0.0260  0.0261  0.0262  0.0262  0.0262  0.0264  0.0263  0.0264  0.0260  0.0260
niter,ni,del,rscale     1    3    5.0000    0.4000
parameters
   -2.3418    0.7807   -1.5944   -8.3898  -28.0521  -20.1715
    7.8002   -1.3213   -4.1825   39.1034    4.3675  -37.3929
eta,q 0.97415  8.53040
  0.0261  0.0261  0.0260  0.0260  0.0261  0.0261  0.0261  0.0262  0.0261  0.0262  0.0259  0.0260
  0.0260  0.0260  0.0259  0.0259  0.0260  0.0260  0.0260  0.0260  0.0260  0.0260  0.0259  0.0259
  0.0259  0.0259  0.0259  0.0259  0.0259  0.0259  0.0259  0.0259  0.0259  0.0259  0.0259  0.0259
  0.0259  0.0258  0.0258  0.0258  0.0259  0.0259  0.0258  0.0258  0.0258  0.0258  0.0259  0.0258
  0.0259  0.0259  0.0259  0.0259  0.0259  0.0259  0.0259  0.0259  0.0259  0.0259  0.0259  0.0259
  0.0260  0.0260  0.0259  0.0259  0.0260  0.0259  0.0259  0.0260  0.0260  0.0260  0.0259  0.0259
  0.0261  0.0261  0.0260  0.0260  0.0261  0.0261  0.0261  0.0262  0.0261  0.0262  0.0259  0.0260
registration optimization eta report
parameter search radius
    0.8000    0.8000    0.8000    2.4000    2.4000    2.4000
    2.4000    2.4000    2.4000    2.4000    2.4000    2.4000
100000*second partial in parameter space
       38.       38.       18.        3.        4.        5.
        4.        6.        5.        7.        2.        2.
  0.0261  0.0261  0.0260  0.0260  0.0261  0.0261  0.0261  0.0262  0.0261  0.0262  0.0259  0.0260
  0.0260  0.0260  0.0259  0.0259  0.0260  0.0260  0.0260  0.0260  0.0260  0.0260  0.0259  0.0259
  0.0259  0.0259  0.0259  0.0259  0.0259  0.0259  0.0259  0.0259  0.0259  0.0259  0.0259  0.0259
  0.0259  0.0258  0.0258  0.0258  0.0259  0.0259  0.0258  0.0258  0.0258  0.0258  0.0259  0.0258
  0.0259  0.0259  0.0259  0.0259  0.0259  0.0259  0.0259  0.0259  0.0259  0.0259  0.0259  0.0259
  0.0260  0.0260  0.0259  0.0259  0.0260  0.0259  0.0259  0.0260  0.0260  0.0260  0.0259  0.0259
  0.0261  0.0261  0.0260  0.0260  0.0261  0.0261  0.0261  0.0262  0.0261  0.0262  0.0259  0.0260
   -2.3418    0.7807   -1.5944   -8.3898  -28.0521  -20.1715
    7.8002   -1.3213   -4.1825   39.1034    4.3675  -37.3929
eta,q 0.97415  8.53040

---------------------------------------------------------------------
imgreg_4dfp /opt/freesurfer/average/711-2C_as_mni_average_305 /opt/freesurfer/average/711-2B_as_mni_average_305_mask talsrcimg_g11 none talsrcimg_to_711-2C_as_mni_average_305_t4 2311
---------------------------------------------------------------------

freesurfer imgreg_4dfp.c
/opt/freesurfer/average/711-2C_as_mni_average_305.4dfp.img
       256       256       256         1
  1.000000  1.000000  1.000000
orientation T byte_order littleendian
Reading image: /opt/freesurfer/average/711-2C_as_mni_average_305.4dfp.img
dimensions:      256       256       256
mmppix:       1.0000   -1.0000   -1.0000
center:     128.0000 -129.0000 -129.0000
/opt/freesurfer/average/711-2B_as_mni_average_305_mask.4dfp.img
       256       256       256         1
  1.000000  1.000000  1.000000
orientation T byte_order littleendian
Reading mask: /opt/freesurfer/average/711-2B_as_mni_average_305_mask.4dfp.img (2306576 pixels)
talsrcimg_g11.4dfp.img
       256       256       256         1
  1.000000  1.000000  1.000000
orientation T byte_order littleendian
Reading image: talsrcimg_g11.4dfp.img
dimensions:      256       256       256
mmppix:       1.0000   -1.0000   -1.0000
center:     128.0000 -129.0000 -129.0000
fimgreg.f
image alignment mode   2311 decimal      907 hex
parameters
   -2.3418    0.7807   -1.5944   -8.3898  -28.0521  -20.1715
    7.8002   -1.3213   -4.1825   39.1034    4.3675  -37.3929
eta,q 0.97415  8.53040
niter,ni,del,rscale     5    3    5.0000    0.8000
parameters
   -2.3367    0.8246   -1.5755   -8.3064  -28.1544  -20.3667
    7.7706   -1.2629   -4.1338   39.0541    4.4025  -37.2704
eta,q 0.97414  8.52094
  0.0268  0.0269  0.0263  0.0266  0.0268  0.0268  0.0267  0.0273  0.0269  0.0273  0.0262  0.0263
  0.0263  0.0263  0.0261  0.0262  0.0263  0.0263  0.0263  0.0265  0.0263  0.0265  0.0260  0.0261
  0.0260  0.0260  0.0259  0.0259  0.0260  0.0260  0.0260  0.0260  0.0260  0.0260  0.0259  0.0259
  0.0258  0.0258  0.0259  0.0259  0.0259  0.0259  0.0259  0.0259  0.0259  0.0259  0.0259  0.0259
  0.0260  0.0260  0.0259  0.0259  0.0260  0.0260  0.0260  0.0260  0.0260  0.0260  0.0259  0.0259
  0.0263  0.0263  0.0261  0.0262  0.0263  0.0264  0.0263  0.0265  0.0263  0.0265  0.0260  0.0260
  0.0268  0.0267  0.0263  0.0265  0.0269  0.0270  0.0267  0.0272  0.0269  0.0274  0.0262  0.0263
niter,ni,del,rscale     4    3    5.0000    0.7000
parameters
   -2.3240    0.8063   -1.6258   -8.2817  -28.0868  -20.3715
    7.7571   -1.2710   -4.1530   39.0453    4.3922  -37.3107
eta,q 0.97414  8.52530
  0.0266  0.0266  0.0262  0.0264  0.0266  0.0266  0.0265  0.0269  0.0266  0.0270  0.0261  0.0262
  0.0262  0.0262  0.0260  0.0261  0.0262  0.0262  0.0262  0.0263  0.0262  0.0264  0.0260  0.0260
  0.0259  0.0259  0.0259  0.0259  0.0260  0.0260  0.0259  0.0260  0.0259  0.0260  0.0259  0.0259
  0.0259  0.0259  0.0259  0.0259  0.0259  0.0259  0.0259  0.0259  0.0259  0.0259  0.0259  0.0259
  0.0259  0.0260  0.0259  0.0259  0.0259  0.0259  0.0259  0.0260  0.0260  0.0260  0.0259  0.0259
  0.0262  0.0262  0.0260  0.0261  0.0262  0.0262  0.0262  0.0264  0.0262  0.0264  0.0260  0.0260
  0.0266  0.0266  0.0262  0.0264  0.0266  0.0267  0.0265  0.0269  0.0266  0.0270  0.0261  0.0262
niter,ni,del,rscale     3    3    5.0000    0.6000
parameters
   -2.3265    0.7892   -1.6236   -8.3154  -28.0647  -20.3214
    7.7681   -1.2829   -4.1602   39.0533    4.3703  -37.3509
eta,q 0.97415  8.52699
  0.0264  0.0264  0.0261  0.0263  0.0264  0.0264  0.0264  0.0267  0.0264  0.0267  0.0261  0.0261
  0.0261  0.0261  0.0260  0.0260  0.0261  0.0261  0.0261  0.0262  0.0261  0.0262  0.0259  0.0260
  0.0259  0.0259  0.0259  0.0259  0.0259  0.0259  0.0259  0.0259  0.0259  0.0260  0.0259  0.0259
  0.0259  0.0259  0.0259  0.0259  0.0259  0.0259  0.0259  0.0259  0.0259  0.0259  0.0259  0.0259
  0.0259  0.0259  0.0259  0.0259  0.0259  0.0259  0.0259  0.0260  0.0259  0.0259  0.0259  0.0259
  0.0261  0.0261  0.0260  0.0261  0.0261  0.0261  0.0261  0.0262  0.0261  0.0262  0.0259  0.0260
  0.0264  0.0264  0.0261  0.0263  0.0264  0.0264  0.0264  0.0267  0.0264  0.0267  0.0261  0.0261
niter,ni,del,rscale     2    3    5.0000    0.5000
parameters
   -2.3390    0.7821   -1.6119   -8.3487  -28.0478  -20.2455
    7.7849   -1.3101   -4.1631   39.0785    4.3626  -37.3507
eta,q 0.97415  8.52894
  0.0262  0.0262  0.0260  0.0261  0.0262  0.0263  0.0262  0.0264  0.0263  0.0264  0.0260  0.0260
  0.0260  0.0260  0.0259  0.0260  0.0260  0.0261  0.0260  0.0261  0.0260  0.0261  0.0259  0.0259
  0.0259  0.0259  0.0259  0.0259  0.0259  0.0259  0.0259  0.0259  0.0259  0.0259  0.0259  0.0259
  0.0259  0.0259  0.0259  0.0259  0.0259  0.0259  0.0259  0.0259  0.0259  0.0259  0.0259  0.0259
  0.0259  0.0259  0.0259  0.0259  0.0259  0.0259  0.0259  0.0259  0.0259  0.0259  0.0259  0.0259
  0.0260  0.0260  0.0259  0.0260  0.0260  0.0260  0.0260  0.0261  0.0260  0.0261  0.0259  0.0259
  0.0262  0.0262  0.0260  0.0261  0.0262  0.0263  0.0262  0.0264  0.0263  0.0264  0.0260  0.0260
niter,ni,del,rscale     1    3    5.0000    0.4000
parameters
   -2.3537    0.7811   -1.5886   -8.3724  -28.0421  -20.1735
    7.8216   -1.3352   -4.1732   39.0883    4.3570  -37.3818
eta,q 0.97415  8.53108
  0.0261  0.0261  0.0260  0.0260  0.0261  0.0261  0.0261  0.0262  0.0261  0.0262  0.0259  0.0260
  0.0259  0.0260  0.0259  0.0259  0.0260  0.0260  0.0260  0.0260  0.0260  0.0260  0.0259  0.0259
  0.0259  0.0259  0.0259  0.0259  0.0259  0.0259  0.0259  0.0259  0.0259  0.0259  0.0259  0.0259
  0.0259  0.0259  0.0259  0.0258  0.0259  0.0259  0.0258  0.0259  0.0258  0.0258  0.0259  0.0259
  0.0259  0.0259  0.0259  0.0259  0.0259  0.0259  0.0259  0.0259  0.0259  0.0259  0.0259  0.0259
  0.0260  0.0260  0.0259  0.0259  0.0260  0.0259  0.0259  0.0260  0.0260  0.0260  0.0259  0.0259
  0.0261  0.0261  0.0260  0.0260  0.0261  0.0261  0.0261  0.0262  0.0261  0.0262  0.0259  0.0260
registration optimization eta report
parameter search radius
    0.8000    0.8000    0.8000    2.4000    2.4000    2.4000
    2.4000    2.4000    2.4000    2.4000    2.4000    2.4000
100000*second partial in parameter space
       37.       38.       18.        3.        4.        5.
        4.        6.        5.        7.        2.        2.
  0.0261  0.0261  0.0260  0.0260  0.0261  0.0261  0.0261  0.0262  0.0261  0.0262  0.0259  0.0260
  0.0259  0.0260  0.0259  0.0259  0.0260  0.0260  0.0260  0.0260  0.0260  0.0260  0.0259  0.0259
  0.0259  0.0259  0.0259  0.0259  0.0259  0.0259  0.0259  0.0259  0.0259  0.0259  0.0259  0.0259
  0.0259  0.0259  0.0259  0.0258  0.0259  0.0259  0.0258  0.0259  0.0258  0.0258  0.0259  0.0259
  0.0259  0.0259  0.0259  0.0259  0.0259  0.0259  0.0259  0.0259  0.0259  0.0259  0.0259  0.0259
  0.0260  0.0260  0.0259  0.0259  0.0260  0.0259  0.0259  0.0260  0.0260  0.0260  0.0259  0.0259
  0.0261  0.0261  0.0260  0.0260  0.0261  0.0261  0.0261  0.0262  0.0261  0.0262  0.0259  0.0260
   -2.3537    0.7811   -1.5886   -8.3724  -28.0421  -20.1735
    7.8216   -1.3352   -4.1732   39.0883    4.3570  -37.3818
eta,q 0.97415  8.53108

---------------------------------------------------------------------
compute_vox2vox talsrcimg talsrcimg_to_711-2C_as_mni_average_305_t4 /opt/freesurfer/average/711-2C_as_mni_average_305
---------------------------------------------------------------------

freesurfer compute_vox2vox.c
Reading: talsrcimg.4dfp.ifh
Reading: talsrcimg_to_711-2C_as_mni_average_305_t4
Reading: /opt/freesurfer/average/711-2C_as_mni_average_305.4dfp.ifh
Writing: talsrcimg_to_711-2C_as_mni_average_305_t4_vox2vox.txt

start time Sun Mar 8 16:34:28 CET 2026
end		time Sun Mar 8 16:35:53 CET 2026

mpr2mni305 success

avi2talxfm orig_nu.mgz /opt/freesurfer/average/mni305.cor.mgz talsrcimg_to_711-2C_as_mni_average_305_t4_vox2vox.txt transforms/talairach.auto.xfm
avi2talxfm done
mv -f /out/sourcedata/freesurfer/sub-v1s13x0050037_ses-1/mri/talsrcimg_to_711-2C_as_mni_average_305_t4_vox2vox.txt /out/sourcedata/freesurfer/sub-v1s13x0050037_ses-1/mri/transforms/talsrcimg_to_711-2C_as_mni_average_305_t4_vox2vox.txt
lta_convert --src orig_nu.mgz --trg /opt/freesurfer/average/mni305.cor.mgz --inxfm transforms/talairach.auto.xfm --outlta transforms/talairach.auto.xfm.lta --subject fsaverage
7.3.2

--src: orig_nu.mgz src image (geometry).
--trg: /opt/freesurfer/average/mni305.cor.mgz trg image (geometry).
--inmni: transforms/talairach.auto.xfm input MNI/XFM transform.
--outlta: transforms/talairach.auto.xfm.lta output LTA.
--s: fsaverage subject name
 LTA read, type : 1
 1.08456   0.06048  -0.08647   4.62957;
-0.02371   0.99735   0.52070   0.72902;
 0.07578  -0.53826   1.10184   0.11798;
 0.00000   0.00000   0.00000   1.00000;
setting subject to fsaverage
Writing  LTA to file transforms/talairach.auto.xfm.lta...
lta_convert successful.
 
 
Started at Sun Mar 8 16:34:27 CET 2026
Ended   at Sun Mar  8 16:35:54 CET 2026
talairach_avi done
