status file for recon-all
Sun Mar  8 18:32:26 CET 2026
#@# Tessellate rh Sun Mar  8 18:32:26 CET 2026
#@# Smooth1 rh Sun Mar  8 18:32:30 CET 2026
#@# Inflation1 rh Sun Mar  8 18:32:33 CET 2026
#@# QSphere rh Sun Mar  8 18:32:43 CET 2026
#@# Fix Topology rh Sun Mar  8 18:33:39 CET 2026
#@# Smooth2 rh Sun Mar  8 18:40:56 CET 2026
#@# Inflation2 rh Sun Mar  8 18:40:58 CET 2026
#@# Curv .H and .K rh Sun Mar  8 18:41:10 CET 2026
#@# Sphere rh Sun Mar  8 18:42:00 CET 2026
#@# Surf Reg rh Sun Mar  8 18:46:04 CET 2026
#@# Jacobian white rh Sun Mar  8 18:51:14 CET 2026
#@# AvgCurv rh Sun Mar  8 18:51:15 CET 2026
#@# Cortical Parc rh Sun Mar  8 18:51:16 CET 2026
#@# white curv rh Sun Mar  8 18:56:56 CET 2026
#@# white area rh Sun Mar  8 18:56:58 CET 2026
#@# pial curv rh Sun Mar  8 18:56:59 CET 2026
#@# pial area rh Sun Mar  8 18:57:00 CET 2026
#@# thickness rh Sun Mar  8 18:57:01 CET 2026
#@# area and vertex vol rh Sun Mar  8 18:57:32 CET 2026
#@# Curvature Stats rh Sun Mar  8 18:57:33 CET 2026
#@# Cortical Parc 2 rh Sun Mar  8 18:57:36 CET 2026
#@# Cortical Parc 3 rh Sun Mar  8 18:57:49 CET 2026
#@# WM/GM Contrast rh Sun Mar  8 18:58:00 CET 2026
recon-all -s sub-v1s13x0050032_ses-1 finished without error at Sun Mar  8 18:58:03 CET 2026



#New# invocation of recon-all 



status file for recon-all
Sun Mar  8 19:05:50 CET 2026
#@# white curv rh Sun Mar  8 19:05:50 CET 2026
#@# white area rh Sun Mar  8 19:05:50 CET 2026
#@# pial curv rh Sun Mar  8 19:05:50 CET 2026
#@# pial area rh Sun Mar  8 19:05:50 CET 2026
#@# thickness rh Sun Mar  8 19:05:50 CET 2026
#@# area and vertex vol rh Sun Mar  8 19:05:50 CET 2026
#@# Parcellation Stats rh Sun Mar  8 19:05:50 CET 2026
#@# Parcellation Stats 2 rh Sun Mar  8 19:06:10 CET 2026
#@# Parcellation Stats 3 rh Sun Mar  8 19:06:20 CET 2026
#@# BA_exvivo Labels rh Sun Mar  8 19:06:30 CET 2026
recon-all -s sub-v1s13x0050032_ses-1 finished without error at Sun Mar  8 19:08:57 CET 2026
