status file for recon-all
Sun Mar  8 17:58:54 CET 2026
#@# Tessellate lh Sun Mar  8 17:58:54 CET 2026
#@# Smooth1 lh Sun Mar  8 17:58:57 CET 2026
#@# Inflation1 lh Sun Mar  8 17:59:00 CET 2026
#@# QSphere lh Sun Mar  8 17:59:10 CET 2026
#@# Fix Topology lh Sun Mar  8 18:00:03 CET 2026
#@# Smooth2 lh Sun Mar  8 18:19:28 CET 2026
#@# Inflation2 lh Sun Mar  8 18:19:31 CET 2026
#@# Curv .H and .K lh Sun Mar  8 18:19:42 CET 2026
#@# Sphere lh Sun Mar  8 18:20:30 CET 2026
#@# Surf Reg lh Sun Mar  8 18:22:25 CET 2026
#@# Jacobian white lh Sun Mar  8 18:25:49 CET 2026
#@# AvgCurv lh Sun Mar  8 18:25:50 CET 2026
#@# Cortical Parc lh Sun Mar  8 18:25:51 CET 2026
#@# white curv lh Sun Mar  8 18:31:22 CET 2026
#@# white area lh Sun Mar  8 18:31:23 CET 2026
#@# pial curv lh Sun Mar  8 18:31:24 CET 2026
#@# pial area lh Sun Mar  8 18:31:26 CET 2026
#@# thickness lh Sun Mar  8 18:31:26 CET 2026
#@# area and vertex vol lh Sun Mar  8 18:31:56 CET 2026
#@# Curvature Stats lh Sun Mar  8 18:31:58 CET 2026
#@# Cortical Parc 2 lh Sun Mar  8 18:32:00 CET 2026
#@# Cortical Parc 3 lh Sun Mar  8 18:32:13 CET 2026
#@# WM/GM Contrast lh Sun Mar  8 18:32:22 CET 2026
recon-all -s sub-v1s13x0050032_ses-1 finished without error at Sun Mar  8 18:32:25 CET 2026



#New# invocation of recon-all 



status file for recon-all
Sun Mar  8 19:02:47 CET 2026
#@# white curv lh Sun Mar  8 19:02:47 CET 2026
#@# white area lh Sun Mar  8 19:02:47 CET 2026
#@# pial curv lh Sun Mar  8 19:02:47 CET 2026
#@# pial area lh Sun Mar  8 19:02:47 CET 2026
#@# thickness lh Sun Mar  8 19:02:47 CET 2026
#@# area and vertex vol lh Sun Mar  8 19:02:47 CET 2026
#@# Parcellation Stats lh Sun Mar  8 19:02:47 CET 2026
#@# Parcellation Stats 2 lh Sun Mar  8 19:03:05 CET 2026
#@# Parcellation Stats 3 lh Sun Mar  8 19:03:15 CET 2026
#@# BA_exvivo Labels lh Sun Mar  8 19:03:24 CET 2026
recon-all -s sub-v1s13x0050032_ses-1 finished without error at Sun Mar  8 19:05:46 CET 2026
