/out/sourcedata/freesurfer/sub-v1s13x0050039_ses-1/mri
/opt/freesurfer/bin/talairach_avi
--i orig_nu.mgz --xfm transforms/talairach.auto.xfm
talairach_avi 7.3.2
Linux dna061 5.14.0-427.37.1.el9_4.x86_64 #1 SMP PREEMPT_DYNAMIC Fri Sep 13 12:41:50 EDT 2024 x86_64 x86_64 x86_64 GNU/Linux
Sun Mar  8 16:37:42 CET 2026
mri_convert orig_nu.mgz talsrcimg.img 
reading from orig_nu.mgz...
TR=0.00, TE=0.00, TI=0.00, flip angle=0.00
i_ras = (-1, 0, 0)
j_ras = (0, 0, -1)
k_ras = (0, 1, 0)
writing to talsrcimg.img...
Analyze Output Matrix
-1.00000   0.00000   0.00000   132.43057;
 0.00000   0.00000   1.00000  -132.73483;
 0.00000  -1.00000   0.00000   115.42891;
 0.00000   0.00000   0.00000   1.00000;
--------------------
INFO: set hdr.hist.orient to -1
mpr2mni305 talsrcimg
Sun Mar  8 16:37:43 CET 2026
/opt/freesurfer/bin/mpr2mni305 talsrcimg
mpr2mni305 7.3.2
target=711-2C_as_mni_average_305

---------------------------------------------------------------------
analyzeto4dfp talsrcimg -O0 -y
---------------------------------------------------------------------

freesurfer ifh2hdr.c
Sun Mar  8 16:37:43 2026
Writing: talsrcimg.4dfp.hdr
freesurfer analyzeto4dfp.c
Reading: talsrcimg.hdr
header size 348 bytes
hdr.dime.datatype	offset=70	value=2
hdr.dime.bitpix		offset=72	value=8
hdr.hist.orient		offset=252	value=-1
dimensionality     4
dimensions       256       256       256         1
Reading: talsrcimg.img
Writing: talsrcimg.4dfp.img
Writing: talsrcimg.4dfp.ifh
ifh2hdr talsrcimg -r0to202
ori=2

---------------------------------------------------------------------
gauss_4dfp talsrcimg 1.1
---------------------------------------------------------------------

freesurfer gauss_4dfp.c
Reading: talsrcimg.4dfp.img
Writing: talsrcimg_g11.4dfp.img
image dimensions 256 256 256 padded to 288 288 288
processing volume 1freesurfer ifh2hdr.c
Sun Mar  8 16:37:45 2026
Writing: talsrcimg_g11.4dfp.hdr

Writing: talsrcimg_g11.4dfp.ifh
including: talsrcimg.4dfp.img.rec in talsrcimg_g11.4dfp.img.rec

---------------------------------------------------------------------
imgreg_4dfp /opt/freesurfer/average/711-2C_as_mni_average_305 none talsrcimg_g11 none talsrcimg_to_711-2C_as_mni_average_305_t4 4355
---------------------------------------------------------------------

freesurfer imgreg_4dfp.c
/opt/freesurfer/average/711-2C_as_mni_average_305.4dfp.img
       256       256       256         1
  1.000000  1.000000  1.000000
orientation T byte_order littleendian
Reading image: /opt/freesurfer/average/711-2C_as_mni_average_305.4dfp.img
dimensions:      256       256       256
mmppix:       1.0000   -1.0000   -1.0000
center:     128.0000 -129.0000 -129.0000
talsrcimg_g11.4dfp.img
       256       256       256         1
  1.000000  1.000000  1.000000
orientation T byte_order littleendian
Reading image: talsrcimg_g11.4dfp.img
dimensions:      256       256       256
mmppix:       1.0000   -1.0000   -1.0000
center:     128.0000 -129.0000 -129.0000
t4_read: open error in t4_sub.f l:  41 t4_file(1:l)talsrcimg_to_711-2C_as_mni_average_305_t4 
t4_read: transform initialized to I4
rotation matrix determinant  1.000000
image alignment mode   4355 decimal     1103 hex
   -7.5000  -45.0000  -45.0000 8535.0645   13.9472
    0.0000  -45.0000  -45.0000 8887.4707   13.9384
    7.5000  -45.0000  -45.0000 8491.9004   13.9504
   -7.5000  -37.5000  -45.0000 8957.1133   13.9217
    0.0000  -37.5000  -45.0000 9336.1953   13.9177
    7.5000  -37.5000  -45.0000 8927.4697   13.9295
   -7.5000  -30.0000  -45.0000 9685.0889   13.8224
    0.0000  -30.0000  -45.000010103.2412   13.8153
    7.5000  -30.0000  -45.0000 9655.0801   13.8247
   -7.5000  -22.5000  -45.000010335.5439   13.7202
    0.0000  -22.5000  -45.000010778.5010   13.7054
    7.5000  -22.5000  -45.000010293.2344   13.7121
   -7.5000  -15.0000  -45.000010895.1611   13.6535
    0.0000  -15.0000  -45.000011347.0469   13.6341
    7.5000  -15.0000  -45.000010847.0205   13.6411
   -7.5000   -7.5000  -45.000011399.0596   13.6413
    0.0000   -7.5000  -45.000011879.2500   13.6240
    7.5000   -7.5000  -45.000011345.4287   13.6343
   -7.5000    0.0000  -45.000011753.0840   13.6494
    0.0000    0.0000  -45.000012282.5693   13.6387
    7.5000    0.0000  -45.000011700.1416   13.6516
   -7.5000    7.5000  -45.000011220.9551   13.6826
    0.0000    7.5000  -45.000011708.0645   13.6770
    7.5000    7.5000  -45.000011165.5117   13.6895
   -7.5000   15.0000  -45.000010533.5469   13.7353
    0.0000   15.0000  -45.000010999.8564   13.7278
    7.5000   15.0000  -45.000010502.3896   13.7383
   -7.5000   22.5000  -45.0000 9910.2393   13.8566
    0.0000   22.5000  -45.000010357.2744   13.8409
    7.5000   22.5000  -45.0000 9883.5283   13.8495
   -7.5000   30.0000  -45.0000 9287.6123   13.8589
    0.0000   30.0000  -45.0000 9713.8311   13.8391
    7.5000   30.0000  -45.0000 9249.3379   13.8478
   -7.5000   37.5000  -45.0000 8939.5283   14.1208
    0.0000   37.5000  -45.0000 9362.3252   14.1029
    7.5000   37.5000  -45.0000 8906.5176   14.1115
   -7.5000   45.0000  -45.0000 8285.4072   14.1165
    0.0000   45.0000  -45.0000 8686.8975   14.1048
    7.5000   45.0000  -45.0000 8233.5479   14.1163
   -7.5000  -45.0000  -37.5000 9106.1562   13.8939
    0.0000  -45.0000  -37.5000 9501.5869   13.8856
    7.5000  -45.0000  -37.5000 9092.7910   13.8977
   -7.5000  -37.5000  -37.5000 9565.8770   13.8696
    0.0000  -37.5000  -37.5000 9978.0518   13.8654
    7.5000  -37.5000  -37.5000 9563.1953   13.8754
   -7.5000  -30.0000  -37.500010332.2061   13.7765
    0.0000  -30.0000  -37.500010778.6523   13.7688
    7.5000  -30.0000  -37.500010311.2188   13.7753
   -7.5000  -22.5000  -37.500011027.5820   13.6796
    0.0000  -22.5000  -37.500011495.4824   13.6650
    7.5000  -22.5000  -37.500010967.6875   13.6695
   -7.5000  -15.0000  -37.500011608.7266   13.6127
    0.0000  -15.0000  -37.500012092.7637   13.5944
    7.5000  -15.0000  -37.500011541.2256   13.6011
   -7.5000   -7.5000  -37.500012121.1240   13.5929
    0.0000   -7.5000  -37.500012645.3193   13.5769
    7.5000   -7.5000  -37.500012048.1387   13.5879
   -7.5000    0.0000  -37.500012496.8193   13.5948
    0.0000    0.0000  -37.500013047.9404   13.5844
    7.5000    0.0000  -37.500012417.4775   13.5973
   -7.5000    7.5000  -37.500011935.9375   13.6290
    0.0000    7.5000  -37.500012438.5566   13.6229
    7.5000    7.5000  -37.500011875.1758   13.6337
   -7.5000   15.0000  -37.500011231.3848   13.6880
    0.0000   15.0000  -37.500011728.0674   13.6796
    7.5000   15.0000  -37.500011175.7617   13.6868
   -7.5000   22.5000  -37.500010567.4043   13.8133
    0.0000   22.5000  -37.500011049.5869   13.7983
    7.5000   22.5000  -37.500010512.7246   13.8044
   -7.5000   30.0000  -37.5000 9880.4121   13.8129
    0.0000   30.0000  -37.500010332.1963   13.7948
    7.5000   30.0000  -37.5000 9822.3936   13.8032
   -7.5000   37.5000  -37.5000 9485.9189   14.0638
    0.0000   37.5000  -37.5000 9927.3389   14.0474
    7.5000   37.5000  -37.5000 9434.0537   14.0576
   -7.5000   45.0000  -37.5000 8758.6201   14.0525
    0.0000   45.0000  -37.5000 9180.2344   14.0410
    7.5000   45.0000  -37.5000 8695.9482   14.0523
   -7.5000  -45.0000  -30.0000 9899.1309   14.4203
    0.0000  -45.0000  -30.000010336.5986   14.4109
    7.5000  -45.0000  -30.0000 9893.0000   14.4215
   -7.5000  -37.5000  -30.000010426.5215   14.3901
    0.0000  -37.5000  -30.000010886.9805   14.3848
    7.5000  -37.5000  -30.000010394.7158   14.3922
   -7.5000  -30.0000  -30.000011279.7412   14.2927
    0.0000  -30.0000  -30.000011768.0391   14.2849
    7.5000  -30.0000  -30.000011212.8809   14.2879
   -7.5000  -22.5000  -30.000012030.7559   14.1941
    0.0000  -22.5000  -30.000012540.4307   14.1802
    7.5000  -22.5000  -30.000011928.7520   14.1824
   -7.5000  -15.0000  -30.000012653.8271   14.1257
    0.0000  -15.0000  -30.000013169.2461   14.1080
    7.5000  -15.0000  -30.000012555.1650   14.1139
   -7.5000   -7.5000  -30.000013172.3682   14.1025
    0.0000   -7.5000  -30.000013731.9219   14.0861
    7.5000   -7.5000  -30.000013061.0781   14.0965
   -7.5000    0.0000  -30.000013564.2715   14.0985
    0.0000    0.0000  -30.000014137.8066   14.0869
    7.5000    0.0000  -30.000013457.5967   14.0985
   -7.5000    7.5000  -30.000012924.1553   14.1312
    0.0000    7.5000  -30.000013469.1289   14.1239
    7.5000    7.5000  -30.000012837.9902   14.1323
   -7.5000   15.0000  -30.000012160.0342   14.1949
    0.0000   15.0000  -30.000012702.7803   14.1861
    7.5000   15.0000  -30.000012087.4473   14.1898
   -7.5000   22.5000  -30.000011420.2930   14.3260
    0.0000   22.5000  -30.000011939.6885   14.3120
    7.5000   22.5000  -30.000011359.7061   14.3159
   -7.5000   30.0000  -30.000010644.4492   14.3320
    0.0000   30.0000  -30.000011133.4883   14.3147
    7.5000   30.0000  -30.000010598.1387   14.3216
   -7.5000   37.5000  -30.000010197.4824   14.5885
    0.0000   37.5000  -30.000010668.4053   14.5720
    7.5000   37.5000  -30.000010154.8877   14.5811
   -7.5000   45.0000  -30.0000 9391.6416   14.5770
    0.0000   45.0000  -30.0000 9841.0713   14.5652
    7.5000   45.0000  -30.0000 9340.2061   14.5748
   -7.5000  -45.0000  -22.500010722.0234   14.8824
    0.0000  -45.0000  -22.500011191.5088   14.8707
    7.5000  -45.0000  -22.500010694.6924   14.8790
   -7.5000  -37.5000  -22.500011295.1230   14.8455
    0.0000  -37.5000  -22.500011788.2236   14.8390
    7.5000  -37.5000  -22.500011259.7500   14.8451
   -7.5000  -30.0000  -22.500012213.5684   14.7389
    0.0000  -30.0000  -22.500012742.9785   14.7314
    7.5000  -30.0000  -22.500012155.4775   14.7345
   -7.5000  -22.5000  -22.500013012.6758   14.6342
    0.0000  -22.5000  -22.500013582.0762   14.6207
    7.5000  -22.5000  -22.500012948.6445   14.6235
   -7.5000  -15.0000  -22.500013701.5303   14.5649
    0.0000  -15.0000  -22.500014274.4131   14.5462
    7.5000  -15.0000  -22.500013616.6797   14.5518
   -7.5000   -7.5000  -22.500014221.3086   14.5436
    0.0000   -7.5000  -22.500014825.0098   14.5248
    7.5000   -7.5000  -22.500014123.4961   14.5335
   -7.5000    0.0000  -22.500014638.6992   14.5382
    0.0000    0.0000  -22.500015248.2959   14.5243
    7.5000    0.0000  -22.500014547.6709   14.5337
   -7.5000    7.5000  -22.500013946.0391   14.5686
    0.0000    7.5000  -22.500014524.1289   14.5602
    7.5000    7.5000  -22.500013855.2178   14.5673
   -7.5000   15.0000  -22.500013145.6514   14.6310
    0.0000   15.0000  -22.500013698.2275   14.6225
    7.5000   15.0000  -22.500013042.3721   14.6264
   -7.5000   22.5000  -22.500012309.9170   14.7630
    0.0000   22.5000  -22.500012832.6074   14.7490
    7.5000   22.5000  -22.500012241.9404   14.7539
   -7.5000   30.0000  -22.500011435.6035   14.7787
    0.0000   30.0000  -22.500011929.2744   14.7599
    7.5000   30.0000  -22.500011372.3359   14.7658
   -7.5000   37.5000  -22.500010927.5391   15.0474
    0.0000   37.5000  -22.500011402.1064   15.0287
    7.5000   37.5000  -22.500010879.2012   15.0345
   -7.5000   45.0000  -22.500010029.1660   15.0413
    0.0000   45.0000  -22.500010482.0977   15.0284
    7.5000   45.0000  -22.5000 9983.1963   15.0357
   -7.5000  -45.0000  -15.000011586.4131   15.2098
    0.0000  -45.0000  -15.000012084.2168   15.1968
    7.5000  -45.0000  -15.000011537.8193   15.2048
   -7.5000  -37.5000  -15.000012213.4277   15.1682
    0.0000  -37.5000  -15.000012728.6748   15.1617
    7.5000  -37.5000  -15.000012170.3877   15.1696
   -7.5000  -30.0000  -15.000013186.9375   15.0517
    0.0000  -30.0000  -15.000013748.0605   15.0448
    7.5000  -30.0000  -15.000013130.9355   15.0514
   -7.5000  -22.5000  -15.000014049.4727   14.9385
    0.0000  -22.5000  -15.000014637.6973   14.9247
    7.5000  -22.5000  -15.000013991.0264   14.9304
   -7.5000  -15.0000  -15.000014763.7002   14.8669
    0.0000  -15.0000  -15.000015371.0459   14.8466
    7.5000  -15.0000  -15.000014684.5723   14.8529
   -7.5000   -7.5000  -15.000015269.0781   14.8488
    0.0000   -7.5000  -15.000015920.7129   14.8280
    7.5000   -7.5000  -15.000015195.6865   14.8358
   -7.5000    0.0000  -15.000015721.0137   14.8455
    0.0000    0.0000  -15.000016380.6055   14.8303
    7.5000    0.0000  -15.000015626.5117   14.8395
   -7.5000    7.5000  -15.000014986.2363   14.8754
    0.0000    7.5000  -15.000015616.9609   14.8669
    7.5000    7.5000  -15.000014898.2939   14.8758
   -7.5000   15.0000  -15.000014136.2549   14.9331
    0.0000   15.0000  -15.000014726.6709   14.9253
    7.5000   15.0000  -15.000014062.3740   14.9330
   -7.5000   22.5000  -15.000013204.4043   15.0628
    0.0000   22.5000  -15.000013744.3789   15.0479
    7.5000   22.5000  -15.000013127.7246   15.0560
   -7.5000   30.0000  -15.000012229.8477   15.0848
    0.0000   30.0000  -15.000012721.8945   15.0636
    7.5000   30.0000  -15.000012152.3408   15.0702
   -7.5000   37.5000  -15.000011665.0449   15.3647
    0.0000   37.5000  -15.000012158.2354   15.3437
    7.5000   37.5000  -15.000011612.2686   15.3478
   -7.5000   45.0000  -15.000010692.9053   15.3689
    0.0000   45.0000  -15.000011143.7559   15.3551
    7.5000   45.0000  -15.000010637.6230   15.3625
   -7.5000  -45.0000   -7.500012477.1270   15.3566
    0.0000  -45.0000   -7.500012991.9307   15.3439
    7.5000  -45.0000   -7.500012395.3730   15.3540
   -7.5000  -37.5000   -7.500013128.8350   15.3154
    0.0000  -37.5000   -7.500013687.0908   15.3092
    7.5000  -37.5000   -7.500013048.9062   15.3204
   -7.5000  -30.0000   -7.500014174.9170   15.1947
    0.0000  -30.0000   -7.500014774.9795   15.1871
    7.5000  -30.0000   -7.500014074.6396   15.1971
   -7.5000  -22.5000   -7.500015124.9248   15.0747
    0.0000  -22.5000   -7.500015759.0234   15.0591
    7.5000  -22.5000   -7.500015015.1191   15.0668
   -7.5000  -15.0000   -7.500015887.7871   14.9977
    0.0000  -15.0000   -7.500016567.3438   14.9756
    7.5000  -15.0000   -7.500015787.3027   14.9826
   -7.5000   -7.5000   -7.500016401.4785   14.9793
    0.0000   -7.5000   -7.500017106.5469   14.9577
    7.5000   -7.5000   -7.500016317.8232   14.9664
   -7.5000    0.0000   -7.500016859.5547   14.9797
    0.0000    0.0000   -7.500017555.4336   14.9647
    7.5000    0.0000   -7.500016748.3613   14.9760
   -7.5000    7.5000   -7.500016059.1758   15.0129
    0.0000    7.5000   -7.500016719.7305   15.0046
    7.5000    7.5000   -7.500015964.3652   15.0167
   -7.5000   15.0000   -7.500015123.5215   15.0685
    0.0000   15.0000   -7.500015747.9932   15.0602
    7.5000   15.0000   -7.500015047.0342   15.0716
   -7.5000   22.5000   -7.500014088.7939   15.1951
    0.0000   22.5000   -7.500014637.3389   15.1779
    7.5000   22.5000   -7.500014009.4355   15.1879
   -7.5000   30.0000   -7.500012995.7207   15.2132
    0.0000   30.0000   -7.500013503.6045   15.1899
    7.5000   30.0000   -7.500012922.9883   15.1980
   -7.5000   37.5000   -7.500012408.5576   15.4955
    0.0000   37.5000   -7.500012906.6455   15.4731
    7.5000   37.5000   -7.500012357.8672   15.4785
   -7.5000   45.0000   -7.500011378.8643   15.5093
    0.0000   45.0000   -7.500011845.0508   15.4944
    7.5000   45.0000   -7.500011331.5723   15.5042
   -7.5000  -45.0000    0.000013234.9111   15.3619
    0.0000  -45.0000    0.000013793.9219   15.3507
    7.5000  -45.0000    0.000013173.4922   15.3636
   -7.5000  -37.5000    0.000013897.8047   15.3239
    0.0000  -37.5000    0.000014484.7754   15.3182
    7.5000  -37.5000    0.000013811.7783   15.3312
   -7.5000  -30.0000    0.000014989.7197   15.2072
    0.0000  -30.0000    0.000015623.1387   15.1981
    7.5000  -30.0000    0.000014893.5889   15.2086
   -7.5000  -22.5000    0.000016060.3525   15.0880
    0.0000  -22.5000    0.000016725.6621   15.0702
    7.5000  -22.5000    0.000015923.3818   15.0777
   -7.5000  -15.0000    0.000016966.3066   15.0070
    0.0000  -15.0000    0.000017701.1426   14.9840
    7.5000  -15.0000    0.000016822.0703   14.9913
   -7.5000   -7.5000    0.000017503.3242   14.9840
    0.0000   -7.5000    0.000018242.6953   14.9633
    7.5000   -7.5000    0.000017396.1953   14.9741
   -7.5000    0.0000    0.000017931.6230   14.9841
    0.0000    0.0000    0.000018640.7949   14.9705
    7.5000    0.0000    0.000017800.8672   14.9844
   -7.5000    7.5000    0.000017049.4141   15.0208
    0.0000    7.5000    0.000017712.8535   15.0129
    7.5000    7.5000    0.000016927.3340   15.0268
   -7.5000   15.0000    0.000016038.0977   15.0799
    0.0000   15.0000    0.000016648.6465   15.0700
    7.5000   15.0000    0.000015916.1396   15.0817
   -7.5000   22.5000    0.000014889.5791   15.2082
    0.0000   22.5000    0.000015447.0713   15.1893
    7.5000   22.5000    0.000014787.7910   15.1987
   -7.5000   30.0000    0.000013715.2705   15.2197
    0.0000   30.0000    0.000014232.1455   15.1961
    7.5000   30.0000    0.000013628.7236   15.2053
   -7.5000   37.5000    0.000013110.8301   15.4950
    0.0000   37.5000    0.000013621.6074   15.4732
    7.5000   37.5000    0.000013035.0371   15.4822
   -7.5000   45.0000    0.000012059.5908   15.5112
    0.0000   45.0000    0.000012557.0830   15.4962
    7.5000   45.0000    0.000011973.1309   15.5086
   -7.5000  -45.0000    7.500013018.5381   15.3934
    0.0000  -45.0000    7.500013548.5889   15.3835
    7.5000  -45.0000    7.500012935.1699   15.3970
   -7.5000  -37.5000    7.500013654.1689   15.3582
    0.0000  -37.5000    7.500014201.7803   15.3526
    7.5000  -37.5000    7.500013535.6895   15.3639
   -7.5000  -30.0000    7.500014688.1455   15.2484
    0.0000  -30.0000    7.500015305.5986   15.2388
    7.5000  -30.0000    7.500014589.2021   15.2459
   -7.5000  -22.5000    7.500015740.5791   15.1353
    0.0000  -22.5000    7.500016439.1680   15.1178
    7.5000  -22.5000    7.500015602.9502   15.1228
   -7.5000  -15.0000    7.500016732.0059   15.0552
    0.0000  -15.0000    7.500017523.4688   15.0338
    7.5000  -15.0000    7.500016543.2832   15.0410
   -7.5000   -7.5000    7.500017373.1133   15.0265
    0.0000   -7.5000    7.500018171.3477   15.0078
    7.5000   -7.5000    7.500017193.1113   15.0199
   -7.5000    0.0000    7.500017773.4297   15.0220
    0.0000    0.0000    7.500018503.2129   15.0095
    7.5000    0.0000    7.500017567.7129   15.0239
   -7.5000    7.5000    7.500016838.9043   15.0600
    0.0000    7.5000    7.500017489.5898   15.0520
    7.5000    7.5000    7.500016597.3184   15.0641
   -7.5000   15.0000    7.500015823.9824   15.1257
    0.0000   15.0000    7.500016411.6992   15.1151
    7.5000   15.0000    7.500015575.4453   15.1231
   -7.5000   22.5000    7.500014671.7119   15.2593
    0.0000   22.5000    7.500015230.4277   15.2413
    7.5000   22.5000    7.500014467.0908   15.2480
   -7.5000   30.0000    7.500013502.6387   15.2689
    0.0000   30.0000    7.500014028.4131   15.2477
    7.5000   30.0000    7.500013327.0596   15.2567
   -7.5000   37.5000    7.500012899.4043   15.5379
    0.0000   37.5000    7.500013430.1758   15.5185
    7.5000   37.5000    7.500012726.2256   15.5297
   -7.5000   45.0000    7.500011860.3516   15.5498
    0.0000   45.0000    7.500012377.1191   15.5358
    7.5000   45.0000    7.500011708.7080   15.5486
   -7.5000  -45.0000   15.000012634.7695   15.4420
    0.0000  -45.0000   15.000013188.7314   15.4312
    7.5000  -45.0000   15.000012559.3350   15.4424
   -7.5000  -37.5000   15.000013264.8330   15.4059
    0.0000  -37.5000   15.000013849.7910   15.3994
    7.5000  -37.5000   15.000013159.0469   15.4070
   -7.5000  -30.0000   15.000014280.5342   15.2986
    0.0000  -30.0000   15.000014885.2441   15.2895
    7.5000  -30.0000   15.000014177.3008   15.2923
   -7.5000  -22.5000   15.000015288.5967   15.1905
    0.0000  -22.5000   15.000015952.2754   15.1747
    7.5000  -22.5000   15.000015163.8838   15.1767
   -7.5000  -15.0000   15.000016336.7549   15.1145
    0.0000  -15.0000   15.000017177.2031   15.0948
    7.5000  -15.0000   15.000016117.8057   15.1007
   -7.5000   -7.5000   15.000017144.9238   15.0848
    0.0000   -7.5000   15.000018088.3965   15.0664
    7.5000   -7.5000   15.000016806.0000   15.0772
   -7.5000    0.0000   15.000017555.5273   15.0763
    0.0000    0.0000   15.000018440.0938   15.0630
    7.5000    0.0000   15.000017156.5352   15.0751
   -7.5000    7.5000   15.000016542.1133   15.1122
    0.0000    7.5000   15.000017297.2520   15.1034
    7.5000    7.5000   15.000016111.5732   15.1121
   -7.5000   15.0000   15.000015471.0078   15.1814
    0.0000   15.0000   15.000016162.8672   15.1710
    7.5000   15.0000   15.000015062.3594   15.1745
   -7.5000   22.5000   15.000014304.6387   15.3185
    0.0000   22.5000   15.000014957.8057   15.3025
    7.5000   22.5000   15.000013979.6885   15.3063
   -7.5000   30.0000   15.000013138.9766   15.3325
    0.0000   30.0000   15.000013745.8125   15.3130
    7.5000   30.0000   15.000012880.6973   15.3200
   -7.5000   37.5000   15.000012501.2842   15.6020
    0.0000   37.5000   15.000013063.2637   15.5834
    7.5000   37.5000   15.000012312.7549   15.5928
   -7.5000   45.0000   15.000011454.8564   15.6083
    0.0000   45.0000   15.000011975.3779   15.5947
    7.5000   45.0000   15.000011313.1602   15.6047
   -7.5000  -45.0000   22.500012187.7832   15.5019
    0.0000  -45.0000   22.500012751.1777   15.4896
    7.5000  -45.0000   22.500012105.9619   15.4976
   -7.5000  -37.5000   22.500012821.8848   15.4632
    0.0000  -37.5000   22.500013433.3047   15.4565
    7.5000  -37.5000   22.500012694.2529   15.4622
   -7.5000  -30.0000   22.500013820.4883   15.3526
    0.0000  -30.0000   22.500014469.5098   15.3447
    7.5000  -30.0000   22.500013653.3643   15.3471
   -7.5000  -22.5000   22.500014802.9570   15.2447
    0.0000  -22.5000   22.500015510.9961   15.2303
    7.5000  -22.5000   22.500014560.7822   15.2325
   -7.5000  -15.0000   22.500015783.3965   15.1741
    0.0000  -15.0000   22.500016682.1582   15.1543
    7.5000  -15.0000   22.500015458.4170   15.1592
   -7.5000   -7.5000   22.500016492.6230   15.1499
    0.0000   -7.5000   22.500017507.5645   15.1300
    7.5000   -7.5000   22.500016077.4863   15.1382
   -7.5000    0.0000   22.500016808.7246   15.1419
    0.0000    0.0000   22.500017766.4668   15.1271
    7.5000    0.0000   22.500016366.5068   15.1363
   -7.5000    7.5000   22.500015820.2178   15.1740
    0.0000    7.5000   22.500016659.6191   15.1650
    7.5000    7.5000   22.500015391.0010   15.1718
   -7.5000   15.0000   22.500014779.0371   15.2397
    0.0000   15.0000   22.500015545.5215   15.2306
    7.5000   15.0000   22.500014401.8018   15.2338
   -7.5000   22.5000   22.500013703.8262   15.3758
    0.0000   22.5000   22.500014368.4248   15.3608
    7.5000   22.5000   22.500013380.2764   15.3650
   -7.5000   30.0000   22.500012557.2842   15.3975
    0.0000   30.0000   22.500013138.8076   15.3775
    7.5000   30.0000   22.500012315.4844   15.3827
   -7.5000   37.5000   22.500011937.4629   15.6758
    0.0000   37.5000   22.500012482.0986   15.6559
    7.5000   37.5000   22.500011756.1250   15.6612
   -7.5000   45.0000   22.500010916.0234   15.6803
    0.0000   45.0000   22.500011407.8906   15.6665
    7.5000   45.0000   22.500010799.8506   15.6734
   -7.5000  -45.0000   30.000011610.8672   15.5678
    0.0000  -45.0000   30.000012213.2031   15.5551
    7.5000  -45.0000   30.000011481.4746   15.5623
   -7.5000  -37.5000   30.000012214.3125   15.5282
    0.0000  -37.5000   30.000012864.6553   15.5222
    7.5000  -37.5000   30.000012034.7510   15.5292
   -7.5000  -30.0000   30.000013143.6650   15.4134
    0.0000  -30.0000   30.000013840.1602   15.4069
    7.5000  -30.0000   30.000012925.6367   15.4125
   -7.5000  -22.5000   30.000014044.1484   15.3024
    0.0000  -22.5000   30.000014771.5820   15.2888
    7.5000  -22.5000   30.000013769.8535   15.2935
   -7.5000  -15.0000   30.000014901.9404   15.2347
    0.0000  -15.0000   30.000015757.2344   15.2143
    7.5000  -15.0000   30.000014610.0225   15.2196
   -7.5000   -7.5000   30.000015486.8105   15.2174
    0.0000   -7.5000   30.000016357.4697   15.1964
    7.5000   -7.5000   30.000015161.6670   15.2034
   -7.5000    0.0000   30.000015731.1113   15.2137
    0.0000    0.0000   30.000016506.1270   15.1985
    7.5000    0.0000   30.000015419.0283   15.2069
   -7.5000    7.5000   30.000014818.8750   15.2433
    0.0000    7.5000   30.000015509.5791   15.2350
    7.5000    7.5000   30.000014534.8779   15.2431
   -7.5000   15.0000   30.000013905.6494   15.3010
    0.0000   15.0000   30.000014513.7646   15.2934
    7.5000   15.0000   30.000013638.8018   15.3001
   -7.5000   22.5000   30.000012928.4463   15.4314
    0.0000   22.5000   30.000013471.7988   15.4164
    7.5000   22.5000   30.000012673.7344   15.4234
   -7.5000   30.0000   30.000011846.5400   15.4555
    0.0000   30.0000   30.000012339.9541   15.4340
    7.5000   30.0000   30.000011629.3320   15.4396
   -7.5000   37.5000   30.000011290.9961   15.7421
    0.0000   37.5000   30.000011753.9121   15.7209
    7.5000   37.5000   30.000011083.7119   15.7239
   -7.5000   45.0000   30.000010317.2256   15.7509
    0.0000   45.0000   30.000010758.1650   15.7372
    7.5000   45.0000   30.000010176.1123   15.7436
   -7.5000  -45.0000   37.500011348.0605   15.6295
    0.0000  -45.0000   37.500011908.9482   15.6177
    7.5000  -45.0000   37.500011188.2842   15.6267
   -7.5000  -37.5000   37.500011902.7676   15.5936
    0.0000  -37.5000   37.500012487.8818   15.5885
    7.5000  -37.5000   37.500011703.4053   15.5985
   -7.5000  -30.0000   37.500012774.2539   15.4798
    0.0000  -30.0000   37.500013389.8164   15.4731
    7.5000  -30.0000   37.500012578.7627   15.4819
   -7.5000  -22.5000   37.500013620.4336   15.3667
    0.0000  -22.5000   37.500014284.2715   15.3517
    7.5000  -22.5000   37.500013414.4355   15.3582
   -7.5000  -15.0000   37.500014445.7051   15.2974
    0.0000  -15.0000   37.500015208.1172   15.2757
    7.5000  -15.0000   37.500014225.5869   15.2813
   -7.5000   -7.5000   37.500015004.8525   15.2822
    0.0000   -7.5000   37.500015751.8467   15.2611
    7.5000   -7.5000   37.500014750.2539   15.2685
   -7.5000    0.0000   37.500015262.5205   15.2822
    0.0000    0.0000   37.500015951.6680   15.2680
    7.5000    0.0000   37.500015018.5020   15.2781
   -7.5000    7.5000   37.500014392.2207   15.3137
    0.0000    7.5000   37.500015033.1094   15.3063
    7.5000    7.5000   37.500014170.1377   15.3172
   -7.5000   15.0000   37.500013498.7734   15.3676
    0.0000   15.0000   37.500014077.1748   15.3601
    7.5000   15.0000   37.500013273.7422   15.3702
   -7.5000   22.5000   37.500012553.3848   15.4950
    0.0000   22.5000   37.500013062.7549   15.4782
    7.5000   22.5000   37.500012351.8047   15.4869
   -7.5000   30.0000   37.500011532.5498   15.5129
    0.0000   30.0000   37.500011997.6143   15.4899
    7.5000   30.0000   37.500011346.6299   15.4965
   -7.5000   37.5000   37.500010979.2236   15.8001
    0.0000   37.5000   37.500011439.9590   15.7781
    7.5000   37.5000   37.500010806.1602   15.7820
   -7.5000   45.0000   37.500010039.8359   15.8152
    0.0000   45.0000   37.500010473.6729   15.8010
    7.5000   45.0000   37.5000 9905.8193   15.8094
   -7.5000  -45.0000   45.000010519.4551   15.7487
    0.0000  -45.0000   45.000010991.5439   15.7391
    7.5000  -45.0000   45.000010356.0977   15.7507
   -7.5000  -37.5000   45.000010996.5840   15.7162
    0.0000  -37.5000   45.000011500.9014   15.7124
    7.5000  -37.5000   45.000010842.9043   15.7241
   -7.5000  -30.0000   45.000011796.4170   15.6068
    0.0000  -30.0000   45.000012324.0723   15.5994
    7.5000  -30.0000   45.000011647.1445   15.6084
   -7.5000  -22.5000   45.000012579.5127   15.4948
    0.0000  -22.5000   45.000013163.4443   15.4783
    7.5000  -22.5000   45.000012451.3662   15.4839
   -7.5000  -15.0000   45.000013356.6719   15.4228
    0.0000  -15.0000   45.000014014.6650   15.4007
    7.5000  -15.0000   45.000013209.5479   15.4061
   -7.5000   -7.5000   45.000013875.2959   15.4048
    0.0000   -7.5000   45.000014517.0566   15.3849
    7.5000   -7.5000   45.000013705.0547   15.3941
   -7.5000    0.0000   45.000014131.2324   15.4042
    0.0000    0.0000   45.000014744.5820   15.3919
    7.5000    0.0000   45.000013959.3037   15.4045
   -7.5000    7.5000   45.000013321.2754   15.4384
    0.0000    7.5000   45.000013917.4424   15.4322
    7.5000    7.5000   45.000013188.1182   15.4446
   -7.5000   15.0000   45.000012517.1924   15.4953
    0.0000   15.0000   45.000013055.2842   15.4870
    7.5000   15.0000   45.000012374.8516   15.4970
   -7.5000   22.5000   45.000011649.5615   15.6259
    0.0000   22.5000   45.000012130.5488   15.6079
    7.5000   22.5000   45.000011511.3945   15.6154
   -7.5000   30.0000   45.000010717.8701   15.6368
    0.0000   30.0000   45.000011160.4277   15.6138
    7.5000   30.0000   45.000010579.1191   15.6211
   -7.5000   37.5000   45.000010222.9385   15.9210
    0.0000   37.5000   45.000010650.0752   15.9000
    7.5000   37.5000   45.000010096.9482   15.9070
   -7.5000   45.0000   45.0000 9343.9570   15.9502
    0.0000   45.0000   45.0000 9743.0254   15.9363
    7.5000   45.0000   45.0000 9245.7725   15.9470

---------------------------------------------------------------------
imgreg_4dfp /opt/freesurfer/average/711-2C_as_mni_average_305 /opt/freesurfer/average/711-2B_as_mni_average_305_mask talsrcimg_g11 none talsrcimg_to_711-2C_as_mni_average_305_t4 4355
---------------------------------------------------------------------

freesurfer imgreg_4dfp.c
/opt/freesurfer/average/711-2C_as_mni_average_305.4dfp.img
       256       256       256         1
  1.000000  1.000000  1.000000
orientation T byte_order littleendian
Reading image: /opt/freesurfer/average/711-2C_as_mni_average_305.4dfp.img
dimensions:      256       256       256
mmppix:       1.0000   -1.0000   -1.0000
center:     128.0000 -129.0000 -129.0000
/opt/freesurfer/average/711-2B_as_mni_average_305_mask.4dfp.img
       256       256       256         1
  1.000000  1.000000  1.000000
orientation T byte_order littleendian
Reading mask: /opt/freesurfer/average/711-2B_as_mni_average_305_mask.4dfp.img (2306576 pixels)
talsrcimg_g11.4dfp.img
       256       256       256         1
  1.000000  1.000000  1.000000
orientation T byte_order littleendian
Reading image: talsrcimg_g11.4dfp.img
dimensions:      256       256       256
mmppix:       1.0000   -1.0000   -1.0000
center:     128.0000 -129.0000 -129.0000
rotation matrix determinant  1.000000
image alignment mode   4355 decimal     1103 hex
   -7.5000  -45.0000  -45.0000 2166.9038   20.1409
    0.0000  -45.0000  -45.0000 2173.8264   20.0385
    7.5000  -45.0000  -45.0000 2153.4089   20.1892
   -7.5000  -37.5000  -45.0000 2194.8574   19.1497
    0.0000  -37.5000  -45.0000 2203.6760   19.1165
    7.5000  -37.5000  -45.0000 2191.2874   19.1770
   -7.5000  -30.0000  -45.0000 2226.4636   18.3075
    0.0000  -30.0000  -45.0000 2239.6343   18.2253
    7.5000  -30.0000  -45.0000 2224.4646   18.3600
   -7.5000  -22.5000  -45.0000 2250.1296   17.6371
    0.0000  -22.5000  -45.0000 2262.3975   17.5884
    7.5000  -22.5000  -45.0000 2248.6250   17.7248
   -7.5000  -15.0000  -45.0000 2263.8970   17.2474
    0.0000  -15.0000  -45.0000 2272.7676   17.1789
    7.5000  -15.0000  -45.0000 2263.4062   17.3089
   -7.5000   -7.5000  -45.0000 2269.8894   17.1050
    0.0000   -7.5000  -45.0000 2284.6636   17.0406
    7.5000   -7.5000  -45.0000 2271.9998   17.1406
   -7.5000    0.0000  -45.0000 2260.6514   17.2087
    0.0000    0.0000  -45.0000 2280.4788   17.1495
    7.5000    0.0000  -45.0000 2266.0549   17.2421
   -7.5000    7.5000  -45.0000 2244.0618   17.6243
    0.0000    7.5000  -45.0000 2261.9648   17.5510
    7.5000    7.5000  -45.0000 2245.1135   17.6429
   -7.5000   15.0000  -45.0000 2203.8330   18.3005
    0.0000   15.0000  -45.0000 2223.2197   18.2312
    7.5000   15.0000  -45.0000 2209.2073   18.2936
   -7.5000   22.5000  -45.0000 2158.5750   19.2130
    0.0000   22.5000  -45.0000 2173.7422   19.1467
    7.5000   22.5000  -45.0000 2162.5271   19.2295
   -7.5000   30.0000  -45.0000 2097.9771   20.5709
    0.0000   30.0000  -45.0000 2113.5574   20.4442
    7.5000   30.0000  -45.0000 2099.2759   20.5427
   -7.5000   37.5000  -45.0000 2021.7373   22.5566
    0.0000   37.5000  -45.0000 2032.1158   22.3693
    7.5000   37.5000  -45.0000 2025.6989   22.5454
   -7.5000   45.0000  -45.0000 1933.6494   25.3164
    0.0000   45.0000  -45.0000 1945.8276   25.0823
    7.5000   45.0000  -45.0000 1934.2183   25.2945
   -7.5000  -45.0000  -37.5000 2255.3032   18.4575
    0.0000  -45.0000  -37.5000 2263.9641   18.4471
    7.5000  -45.0000  -37.5000 2246.5825   18.5413
   -7.5000  -37.5000  -37.5000 2287.1516   17.5835
    0.0000  -37.5000  -37.5000 2294.9148   17.5666
    7.5000  -37.5000  -37.5000 2287.3896   17.6378
   -7.5000  -30.0000  -37.5000 2317.0464   16.8189
    0.0000  -30.0000  -37.5000 2325.4712   16.7874
    7.5000  -30.0000  -37.5000 2319.1768   16.8728
   -7.5000  -22.5000  -37.5000 2345.0740   16.2353
    0.0000  -22.5000  -37.5000 2356.5403   16.1936
    7.5000  -22.5000  -37.5000 2343.9658   16.3016
   -7.5000  -15.0000  -37.5000 2360.0083   15.8417
    0.0000  -15.0000  -37.5000 2372.3376   15.7952
    7.5000  -15.0000  -37.5000 2361.2771   15.8703
   -7.5000   -7.5000  -37.5000 2370.8777   15.6551
    0.0000   -7.5000  -37.5000 2386.4856   15.5831
    7.5000   -7.5000  -37.5000 2370.0798   15.6796
   -7.5000    0.0000  -37.5000 2364.9250   15.7678
    0.0000    0.0000  -37.5000 2382.8994   15.6821
    7.5000    0.0000  -37.5000 2366.6992   15.7639
   -7.5000    7.5000  -37.5000 2348.1638   16.1620
    0.0000    7.5000  -37.5000 2366.3447   16.0702
    7.5000    7.5000  -37.5000 2350.2471   16.1541
   -7.5000   15.0000  -37.5000 2304.0334   16.7962
    0.0000   15.0000  -37.5000 2325.0850   16.7244
    7.5000   15.0000  -37.5000 2308.5132   16.7925
   -7.5000   22.5000  -37.5000 2253.7720   17.6149
    0.0000   22.5000  -37.5000 2269.3167   17.5449
    7.5000   22.5000  -37.5000 2255.1731   17.6025
   -7.5000   30.0000  -37.5000 2186.2151   18.8614
    0.0000   30.0000  -37.5000 2199.6841   18.7254
    7.5000   30.0000  -37.5000 2188.4487   18.7885
   -7.5000   37.5000  -37.5000 2107.4675   20.6836
    0.0000   37.5000  -37.5000 2116.4644   20.5067
    7.5000   37.5000  -37.5000 2107.9739   20.6225
   -7.5000   45.0000  -37.5000 2009.2310   23.1683
    0.0000   45.0000  -37.5000 2023.8192   22.9881
    7.5000   45.0000  -37.5000 2011.7238   23.1214
   -7.5000  -45.0000  -30.0000 2387.7842   17.6099
    0.0000  -45.0000  -30.0000 2398.2871   17.6308
    7.5000  -45.0000  -30.0000 2385.7729   17.6797
   -7.5000  -37.5000  -30.0000 2431.0684   16.7663
    0.0000  -37.5000  -30.0000 2441.3521   16.7378
    7.5000  -37.5000  -30.0000 2425.6621   16.7988
   -7.5000  -30.0000  -30.0000 2465.3782   16.0465
    0.0000  -30.0000  -30.0000 2479.2222   15.9994
    7.5000  -30.0000  -30.0000 2460.8655   16.0803
   -7.5000  -22.5000  -30.0000 2494.1367   15.5232
    0.0000  -22.5000  -30.0000 2508.8035   15.4835
    7.5000  -22.5000  -30.0000 2487.1421   15.5686
   -7.5000  -15.0000  -30.0000 2506.5034   15.1786
    0.0000  -15.0000  -30.0000 2525.2588   15.0739
    7.5000  -15.0000  -30.0000 2506.3804   15.1854
   -7.5000   -7.5000  -30.0000 2517.8037   14.9563
    0.0000   -7.5000  -30.0000 2535.9968   14.8633
    7.5000   -7.5000  -30.0000 2518.4810   14.9695
   -7.5000    0.0000  -30.0000 2514.3035   15.0537
    0.0000    0.0000  -30.0000 2531.5496   14.9306
    7.5000    0.0000  -30.0000 2516.9102   15.0187
   -7.5000    7.5000  -30.0000 2492.4675   15.4066
    0.0000    7.5000  -30.0000 2511.6274   15.2682
    7.5000    7.5000  -30.0000 2498.7573   15.3836
   -7.5000   15.0000  -30.0000 2446.2717   15.9830
    0.0000   15.0000  -30.0000 2468.5784   15.8909
    7.5000   15.0000  -30.0000 2450.0027   15.9539
   -7.5000   22.5000  -30.0000 2390.5100   16.7296
    0.0000   22.5000  -30.0000 2410.6367   16.6259
    7.5000   22.5000  -30.0000 2390.3994   16.7007
   -7.5000   30.0000  -30.0000 2319.8191   17.8610
    0.0000   30.0000  -30.0000 2336.3591   17.7380
    7.5000   30.0000  -30.0000 2316.6255   17.8111
   -7.5000   37.5000  -30.0000 2232.9734   19.5648
    0.0000   37.5000  -30.0000 2247.1848   19.4523
    7.5000   37.5000  -30.0000 2233.9702   19.5182
   -7.5000   45.0000  -30.0000 2127.7832   21.8704
    0.0000   45.0000  -30.0000 2148.5764   21.7550
    7.5000   45.0000  -30.0000 2131.6311   21.8382
   -7.5000  -45.0000  -22.5000 2496.9558   16.6471
    0.0000  -45.0000  -22.5000 2507.7261   16.6297
    7.5000  -45.0000  -22.5000 2490.5461   16.7152
   -7.5000  -37.5000  -22.5000 2547.1157   15.8260
    0.0000  -37.5000  -22.5000 2559.2964   15.7852
    7.5000  -37.5000  -22.5000 2539.1331   15.8573
   -7.5000  -30.0000  -22.5000 2581.0239   15.1739
    0.0000  -30.0000  -22.5000 2599.8352   15.1082
    7.5000  -30.0000  -22.5000 2578.6272   15.2021
   -7.5000  -22.5000  -22.5000 2608.7051   14.6973
    0.0000  -22.5000  -22.5000 2629.0535   14.6282
    7.5000  -22.5000  -22.5000 2609.0479   14.7222
   -7.5000  -15.0000  -22.5000 2623.3425   14.3887
    0.0000  -15.0000  -22.5000 2644.2620   14.3135
    7.5000  -15.0000  -22.5000 2626.2437   14.4405
   -7.5000   -7.5000  -22.5000 2631.7480   14.2177
    0.0000   -7.5000  -22.5000 2652.1794   14.1206
    7.5000   -7.5000  -22.5000 2634.9661   14.2373
   -7.5000    0.0000  -22.5000 2632.3628   14.2824
    0.0000    0.0000  -22.5000 2651.5820   14.1571
    7.5000    0.0000  -22.5000 2634.3442   14.2794
   -7.5000    7.5000  -22.5000 2609.8809   14.5875
    0.0000    7.5000  -22.5000 2632.6750   14.4601
    7.5000    7.5000  -22.5000 2618.2808   14.5787
   -7.5000   15.0000  -22.5000 2565.1775   15.0647
    0.0000   15.0000  -22.5000 2589.2854   14.9707
    7.5000   15.0000  -22.5000 2567.9666   15.0708
   -7.5000   22.5000  -22.5000 2503.0039   15.7296
    0.0000   22.5000  -22.5000 2527.2654   15.6313
    7.5000   22.5000  -22.5000 2506.0127   15.7499
   -7.5000   30.0000  -22.5000 2426.0908   16.7871
    0.0000   30.0000  -22.5000 2445.7251   16.6598
    7.5000   30.0000  -22.5000 2425.0430   16.7619
   -7.5000   37.5000  -22.5000 2334.0542   18.3664
    0.0000   37.5000  -22.5000 2351.4670   18.2377
    7.5000   37.5000  -22.5000 2334.7861   18.3543
   -7.5000   45.0000  -22.5000 2221.5796   20.4971
    0.0000   45.0000  -22.5000 2242.3430   20.3858
    7.5000   45.0000  -22.5000 2221.4956   20.4749
   -7.5000  -45.0000  -15.0000 2585.0483   15.7618
    0.0000  -45.0000  -15.0000 2595.7351   15.7309
    7.5000  -45.0000  -15.0000 2573.9414   15.8369
   -7.5000  -37.5000  -15.0000 2632.9944   14.9623
    0.0000  -37.5000  -15.0000 2645.1777   14.9066
    7.5000  -37.5000  -15.0000 2628.8784   15.0331
   -7.5000  -30.0000  -15.0000 2665.4451   14.3565
    0.0000  -30.0000  -15.0000 2680.4971   14.2750
    7.5000  -30.0000  -15.0000 2661.8726   14.3847
   -7.5000  -22.5000  -15.0000 2691.6589   13.9257
    0.0000  -22.5000  -15.0000 2711.5693   13.8359
    7.5000  -22.5000  -15.0000 2693.4084   13.9377
   -7.5000  -15.0000  -15.0000 2711.6980   13.6314
    0.0000  -15.0000  -15.0000 2734.3022   13.5324
    7.5000  -15.0000  -15.0000 2713.7969   13.6507
   -7.5000   -7.5000  -15.0000 2724.5542   13.4654
    0.0000   -7.5000  -15.0000 2741.8984   13.3610
    7.5000   -7.5000  -15.0000 2722.9363   13.4929
   -7.5000    0.0000  -15.0000 2724.0447   13.5296
    0.0000    0.0000  -15.0000 2743.6392   13.4119
    7.5000    0.0000  -15.0000 2722.9282   13.5554
   -7.5000    7.5000  -15.0000 2705.0127   13.8101
    0.0000    7.5000  -15.0000 2729.8318   13.7142
    7.5000    7.5000  -15.0000 2711.6362   13.8171
   -7.5000   15.0000  -15.0000 2660.5972   14.2277
    0.0000   15.0000  -15.0000 2686.9956   14.1254
    7.5000   15.0000  -15.0000 2667.4058   14.2551
   -7.5000   22.5000  -15.0000 2597.6907   14.8281
    0.0000   22.5000  -15.0000 2620.9250   14.7074
    7.5000   22.5000  -15.0000 2600.8882   14.8551
   -7.5000   30.0000  -15.0000 2514.5562   15.7937
    0.0000   30.0000  -15.0000 2533.1282   15.6488
    7.5000   30.0000  -15.0000 2513.6584   15.8012
   -7.5000   37.5000  -15.0000 2415.8616   17.2693
    0.0000   37.5000  -15.0000 2435.0388   17.1118
    7.5000   37.5000  -15.0000 2417.8022   17.2540
   -7.5000   45.0000  -15.0000 2300.6304   19.2660
    0.0000   45.0000  -15.0000 2314.3804   19.1079
    7.5000   45.0000  -15.0000 2297.5149   19.2215
   -7.5000  -45.0000   -7.5000 2649.4380   14.9742
    0.0000  -45.0000   -7.5000 2658.1353   14.9363
    7.5000  -45.0000   -7.5000 2638.1221   15.0406
   -7.5000  -37.5000   -7.5000 2691.3137   14.1763
    0.0000  -37.5000   -7.5000 2704.4744   14.1141
    7.5000  -37.5000   -7.5000 2685.4299   14.2402
   -7.5000  -30.0000   -7.5000 2723.2810   13.5801
    0.0000  -30.0000   -7.5000 2739.0994   13.5128
    7.5000  -30.0000   -7.5000 2723.7283   13.6124
   -7.5000  -22.5000   -7.5000 2756.1221   13.1673
    0.0000  -22.5000   -7.5000 2776.4116   13.0886
    7.5000  -22.5000   -7.5000 2759.8416   13.1927
   -7.5000  -15.0000   -7.5000 2780.4307   12.9114
    0.0000  -15.0000   -7.5000 2803.3311   12.8240
    7.5000  -15.0000   -7.5000 2783.3606   12.9357
   -7.5000   -7.5000   -7.5000 2792.5503   12.7443
    0.0000   -7.5000   -7.5000 2815.1584   12.6501
    7.5000   -7.5000   -7.5000 2795.7378   12.7818
   -7.5000    0.0000   -7.5000 2803.8728   12.7999
    0.0000    0.0000   -7.5000 2824.0051   12.6695
    7.5000    0.0000   -7.5000 2799.8347   12.8202
   -7.5000    7.5000   -7.5000 2785.5330   13.0797
    0.0000    7.5000   -7.5000 2812.5269   12.9688
    7.5000    7.5000   -7.5000 2787.6023   13.0997
   -7.5000   15.0000   -7.5000 2741.2351   13.4938
    0.0000   15.0000   -7.5000 2769.3010   13.3695
    7.5000   15.0000   -7.5000 2747.2224   13.4927
   -7.5000   22.5000   -7.5000 2673.8240   14.0304
    0.0000   22.5000   -7.5000 2698.8718   13.8708
    7.5000   22.5000   -7.5000 2679.8567   14.0374
   -7.5000   30.0000   -7.5000 2586.8164   14.9256
    0.0000   30.0000   -7.5000 2607.0063   14.7568
    7.5000   30.0000   -7.5000 2587.6040   14.9245
   -7.5000   37.5000   -7.5000 2482.4929   16.3488
    0.0000   37.5000   -7.5000 2502.5442   16.1585
    7.5000   37.5000   -7.5000 2483.8657   16.3197
   -7.5000   45.0000   -7.5000 2359.4631   18.2350
    0.0000   45.0000   -7.5000 2375.4312   18.0636
    7.5000   45.0000   -7.5000 2357.8708   18.2077
   -7.5000  -45.0000    0.0000 2681.3293   14.3806
    0.0000  -45.0000    0.0000 2694.8977   14.3233
    7.5000  -45.0000    0.0000 2677.0234   14.4585
   -7.5000  -37.5000    0.0000 2722.3545   13.5809
    0.0000  -37.5000    0.0000 2740.3374   13.4937
    7.5000  -37.5000    0.0000 2718.0486   13.6424
   -7.5000  -30.0000    0.0000 2759.4966   12.9601
    0.0000  -30.0000    0.0000 2778.2415   12.8864
    7.5000  -30.0000    0.0000 2762.6780   13.0118
   -7.5000  -22.5000    0.0000 2798.8438   12.5820
    0.0000  -22.5000    0.0000 2820.4380   12.4845
    7.5000  -22.5000    0.0000 2808.3057   12.6131
   -7.5000  -15.0000    0.0000 2830.5916   12.3582
    0.0000  -15.0000    0.0000 2856.7329   12.2677
    7.5000  -15.0000    0.0000 2838.3511   12.3739
   -7.5000   -7.5000    0.0000 2847.8000   12.2051
    0.0000   -7.5000    0.0000 2873.4653   12.0809
    7.5000   -7.5000    0.0000 2854.4993   12.2534
   -7.5000    0.0000    0.0000 2863.0330   12.2384
    0.0000    0.0000    0.0000 2888.8557   12.0784
    7.5000    0.0000    0.0000 2862.6362   12.2854
   -7.5000    7.5000    0.0000 2851.8875   12.5108
    0.0000    7.5000    0.0000 2878.9609   12.3517
    7.5000    7.5000    0.0000 2851.4863   12.5287
   -7.5000   15.0000    0.0000 2809.9512   12.9086
    0.0000   15.0000    0.0000 2832.9622   12.7480
    7.5000   15.0000    0.0000 2805.3049   12.9149
   -7.5000   22.5000    0.0000 2738.3506   13.4302
    0.0000   22.5000    0.0000 2764.1960   13.2440
    7.5000   22.5000    0.0000 2742.2502   13.4367
   -7.5000   30.0000    0.0000 2643.9529   14.2811
    0.0000   30.0000    0.0000 2666.8083   14.0920
    7.5000   30.0000    0.0000 2646.4648   14.2955
   -7.5000   37.5000    0.0000 2533.9800   15.6508
    0.0000   37.5000    0.0000 2560.0562   15.4438
    7.5000   37.5000    0.0000 2538.2759   15.6536
   -7.5000   45.0000    0.0000 2403.0745   17.4690
    0.0000   45.0000    0.0000 2426.5542   17.2765
    7.5000   45.0000    0.0000 2403.5374   17.4764
   -7.5000  -45.0000    7.5000 2702.8943   13.9979
    0.0000  -45.0000    7.5000 2713.4656   13.9120
    7.5000  -45.0000    7.5000 2695.6980   14.0943
   -7.5000  -37.5000    7.5000 2746.9136   13.1997
    0.0000  -37.5000    7.5000 2759.9863   13.0905
    7.5000  -37.5000    7.5000 2742.3572   13.2398
   -7.5000  -30.0000    7.5000 2787.4568   12.5856
    0.0000  -30.0000    7.5000 2803.1077   12.4767
    7.5000  -30.0000    7.5000 2792.6357   12.6206
   -7.5000  -22.5000    7.5000 2830.0876   12.2088
    0.0000  -22.5000    7.5000 2850.5332   12.0967
    7.5000  -22.5000    7.5000 2838.6597   12.2347
   -7.5000  -15.0000    7.5000 2866.1724   12.0270
    0.0000  -15.0000    7.5000 2894.9712   11.9369
    7.5000  -15.0000    7.5000 2877.0303   12.0332
   -7.5000   -7.5000    7.5000 2893.0540   11.9251
    0.0000   -7.5000    7.5000 2923.3572   11.8028
    7.5000   -7.5000    7.5000 2901.5989   11.9364
   -7.5000    0.0000    7.5000 2909.8259   11.9143
    0.0000    0.0000    7.5000 2935.0110   11.7740
    7.5000    0.0000    7.5000 2910.0569   11.9704
   -7.5000    7.5000    7.5000 2901.9622   12.1279
    0.0000    7.5000    7.5000 2927.4861   11.9696
    7.5000    7.5000    7.5000 2894.3469   12.1722
   -7.5000   15.0000    7.5000 2858.5503   12.4943
    0.0000   15.0000    7.5000 2882.7195   12.3379
    7.5000   15.0000    7.5000 2848.6792   12.5208
   -7.5000   22.5000    7.5000 2785.3306   13.0223
    0.0000   22.5000    7.5000 2812.1543   12.8665
    7.5000   22.5000    7.5000 2780.1611   13.0446
   -7.5000   30.0000    7.5000 2685.2424   13.8845
    0.0000   30.0000    7.5000 2707.4343   13.7165
    7.5000   30.0000    7.5000 2684.3948   13.8943
   -7.5000   37.5000    7.5000 2569.6794   15.2118
    0.0000   37.5000    7.5000 2596.4624   15.0484
    7.5000   37.5000    7.5000 2570.1902   15.2162
   -7.5000   45.0000    7.5000 2434.9561   16.9763
    0.0000   45.0000    7.5000 2460.6079   16.8529
    7.5000   45.0000    7.5000 2436.1567   16.9821
   -7.5000  -45.0000   15.0000 2695.1885   13.8085
    0.0000  -45.0000   15.0000 2705.0459   13.7219
    7.5000  -45.0000   15.0000 2693.5840   13.9064
   -7.5000  -37.5000   15.0000 2744.5422   12.9989
    0.0000  -37.5000   15.0000 2756.6716   12.8839
    7.5000  -37.5000   15.0000 2743.7922   13.0623
   -7.5000  -30.0000   15.0000 2793.8281   12.4065
    0.0000  -30.0000   15.0000 2808.2522   12.2907
    7.5000  -30.0000   15.0000 2798.4241   12.4410
   -7.5000  -22.5000   15.0000 2842.7036   12.0159
    0.0000  -22.5000   15.0000 2861.0579   11.9083
    7.5000  -22.5000   15.0000 2850.2185   12.0532
   -7.5000  -15.0000   15.0000 2889.0798   11.8945
    0.0000  -15.0000   15.0000 2915.6467   11.8102
    7.5000  -15.0000   15.0000 2898.7141   11.8992
   -7.5000   -7.5000   15.0000 2928.1702   11.8426
    0.0000   -7.5000   15.0000 2962.8599   11.7742
    7.5000   -7.5000   15.0000 2934.3586   11.7978
   -7.5000    0.0000   15.0000 2939.3936   11.8762
    0.0000    0.0000   15.0000 2978.4719   11.7847
    7.5000    0.0000   15.0000 2943.1760   11.8376
   -7.5000    7.5000   15.0000 2930.3650   11.9866
    0.0000    7.5000   15.0000 2961.9434   11.8911
    7.5000    7.5000   15.0000 2917.6516   11.9795
   -7.5000   15.0000   15.0000 2881.5859   12.3091
    0.0000   15.0000   15.0000 2910.4011   12.2088
    7.5000   15.0000   15.0000 2865.5061   12.3079
   -7.5000   22.5000   15.0000 2803.6470   12.8431
    0.0000   22.5000   15.0000 2828.1765   12.7408
    7.5000   22.5000   15.0000 2792.1470   12.8629
   -7.5000   30.0000   15.0000 2697.6726   13.6945
    0.0000   30.0000   15.0000 2719.9272   13.5808
    7.5000   30.0000   15.0000 2694.5520   13.6939
   -7.5000   37.5000   15.0000 2578.8696   14.9622
    0.0000   37.5000   15.0000 2601.9272   14.8538
    7.5000   37.5000   15.0000 2580.5105   14.9707
   -7.5000   45.0000   15.0000 2442.5173   16.6671
    0.0000   45.0000   15.0000 2463.6721   16.5744
    7.5000   45.0000   15.0000 2443.5505   16.6983
   -7.5000  -45.0000   22.5000 2665.5220   13.8583
    0.0000  -45.0000   22.5000 2675.1365   13.7821
    7.5000  -45.0000   22.5000 2673.1372   13.9528
   -7.5000  -37.5000   22.5000 2719.8872   13.0469
    0.0000  -37.5000   22.5000 2730.9509   12.9653
    7.5000  -37.5000   22.5000 2726.9688   13.1089
   -7.5000  -30.0000   22.5000 2774.8835   12.4524
    0.0000  -30.0000   22.5000 2789.4211   12.3763
    7.5000  -30.0000   22.5000 2783.5117   12.4634
   -7.5000  -22.5000   22.5000 2839.9143   12.0384
    0.0000  -22.5000   22.5000 2856.1794   11.9897
    7.5000  -22.5000   22.5000 2841.9370   12.0430
   -7.5000  -15.0000   22.5000 2897.6877   11.9053
    0.0000  -15.0000   22.5000 2923.4941   11.8955
    7.5000  -15.0000   22.5000 2901.3574   11.8861
   -7.5000   -7.5000   22.5000 2940.9038   11.8526
    0.0000   -7.5000   22.5000 2975.9299   11.8582
    7.5000   -7.5000   22.5000 2938.2566   11.7967
   -7.5000    0.0000   22.5000 2953.6477   11.8543
    0.0000    0.0000   22.5000 2991.0815   11.8237
    7.5000    0.0000   22.5000 2947.8391   11.8198
   -7.5000    7.5000   22.5000 2935.3745   11.9677
    0.0000    7.5000   22.5000 2967.5935   11.8907
    7.5000    7.5000   22.5000 2922.4524   11.9681
   -7.5000   15.0000   22.5000 2877.1929   12.2929
    0.0000   15.0000   22.5000 2906.0134   12.2339
    7.5000   15.0000   22.5000 2862.4033   12.3435
   -7.5000   22.5000   22.5000 2794.6050   12.8939
    0.0000   22.5000   22.5000 2814.5273   12.8292
    7.5000   22.5000   22.5000 2781.4612   12.9332
   -7.5000   30.0000   22.5000 2679.2869   13.7759
    0.0000   30.0000   22.5000 2697.9612   13.6576
    7.5000   30.0000   22.5000 2678.8857   13.7718
   -7.5000   37.5000   22.5000 2564.6887   15.0002
    0.0000   37.5000   22.5000 2583.0747   14.8615
    7.5000   37.5000   22.5000 2565.2480   14.9776
   -7.5000   45.0000   22.5000 2430.4897   16.6383
    0.0000   45.0000   22.5000 2449.3960   16.4959
    7.5000   45.0000   22.5000 2431.4912   16.6519
   -7.5000  -45.0000   30.0000 2628.6987   14.1753
    0.0000  -45.0000   30.0000 2637.5022   14.1919
    7.5000  -45.0000   30.0000 2634.4565   14.2596
   -7.5000  -37.5000   30.0000 2687.3123   13.3393
    0.0000  -37.5000   30.0000 2694.6702   13.3383
    7.5000  -37.5000   30.0000 2688.6196   13.3863
   -7.5000  -30.0000   30.0000 2745.5696   12.6688
    0.0000  -30.0000   30.0000 2760.7234   12.6563
    7.5000  -30.0000   30.0000 2746.5151   12.6962
   -7.5000  -22.5000   30.0000 2815.9612   12.2190
    0.0000  -22.5000   30.0000 2835.4556   12.1911
    7.5000  -22.5000   30.0000 2814.0588   12.2273
   -7.5000  -15.0000   30.0000 2877.6589   12.0543
    0.0000  -15.0000   30.0000 2904.7078   12.0363
    7.5000  -15.0000   30.0000 2877.0840   12.0470
   -7.5000   -7.5000   30.0000 2921.4385   11.9789
    0.0000   -7.5000   30.0000 2955.5938   11.9553
    7.5000   -7.5000   30.0000 2913.0112   11.9596
   -7.5000    0.0000   30.0000 2936.6179   11.9422
    0.0000    0.0000   30.0000 2969.8315   11.8375
    7.5000    0.0000   30.0000 2924.2161   11.9534
   -7.5000    7.5000   30.0000 2916.7732   12.0863
    0.0000    7.5000   30.0000 2945.3577   11.9604
    7.5000    7.5000   30.0000 2901.9070   12.1312
   -7.5000   15.0000   30.0000 2850.7383   12.4726
    0.0000   15.0000   30.0000 2876.2112   12.3575
    7.5000   15.0000   30.0000 2842.0715   12.5439
   -7.5000   22.5000   30.0000 2762.1855   13.1091
    0.0000   22.5000   30.0000 2783.7822   12.9817
    7.5000   22.5000   30.0000 2755.0227   13.1548
   -7.5000   30.0000   30.0000 2641.3508   14.0395
    0.0000   30.0000   30.0000 2661.7588   13.8892
    7.5000   30.0000   30.0000 2640.9648   14.0308
   -7.5000   37.5000   30.0000 2529.8098   15.2878
    0.0000   37.5000   30.0000 2544.3015   15.1390
    7.5000   37.5000   30.0000 2530.7825   15.2520
   -7.5000   45.0000   30.0000 2397.3047   16.9057
    0.0000   45.0000   30.0000 2413.6543   16.7594
    7.5000   45.0000   30.0000 2397.8950   16.8522
   -7.5000  -45.0000   37.5000 2591.3806   14.6310
    0.0000  -45.0000   37.5000 2598.0662   14.6389
    7.5000  -45.0000   37.5000 2591.1575   14.7475
   -7.5000  -37.5000   37.5000 2648.6870   13.7333
    0.0000  -37.5000   37.5000 2656.5068   13.7140
    7.5000  -37.5000   37.5000 2645.1575   13.8130
   -7.5000  -30.0000   37.5000 2711.1296   13.0233
    0.0000  -30.0000   37.5000 2723.7278   12.9854
    7.5000  -30.0000   37.5000 2710.7529   13.0817
   -7.5000  -22.5000   37.5000 2778.9062   12.5315
    0.0000  -22.5000   37.5000 2796.0271   12.4874
    7.5000  -22.5000   37.5000 2775.9590   12.5843
   -7.5000  -15.0000   37.5000 2841.8296   12.3601
    0.0000  -15.0000   37.5000 2862.1519   12.3123
    7.5000  -15.0000   37.5000 2836.1531   12.3792
   -7.5000   -7.5000   37.5000 2881.9661   12.2758
    0.0000   -7.5000   37.5000 2908.4370   12.1935
    7.5000   -7.5000   37.5000 2869.9221   12.2838
   -7.5000    0.0000   37.5000 2885.6582   12.2692
    0.0000    0.0000   37.5000 2912.4944   12.1317
    7.5000    0.0000   37.5000 2875.5168   12.3104
   -7.5000    7.5000   37.5000 2862.9634   12.4446
    0.0000    7.5000   37.5000 2887.3977   12.3144
    7.5000    7.5000   37.5000 2854.9946   12.4847
   -7.5000   15.0000   37.5000 2799.5962   12.8373
    0.0000   15.0000   37.5000 2820.8538   12.7315
    7.5000   15.0000   37.5000 2790.3970   12.8928
   -7.5000   22.5000   37.5000 2716.2422   13.4655
    0.0000   22.5000   37.5000 2735.7119   13.3176
    7.5000   22.5000   37.5000 2711.4641   13.5037
   -7.5000   30.0000   37.5000 2606.6597   14.3943
    0.0000   30.0000   37.5000 2626.4937   14.2133
    7.5000   30.0000   37.5000 2605.3665   14.4019
   -7.5000   37.5000   37.5000 2485.7683   15.6827
    0.0000   37.5000   37.5000 2505.2092   15.5294
    7.5000   37.5000   37.5000 2488.3899   15.6641
   -7.5000   45.0000   37.5000 2353.2446   17.3094
    0.0000   45.0000   37.5000 2372.0896   17.1684
    7.5000   45.0000   37.5000 2356.7217   17.2748
   -7.5000  -45.0000   45.0000 2554.0068   15.1987
    0.0000  -45.0000   45.0000 2561.2041   15.1657
    7.5000  -45.0000   45.0000 2546.4487   15.3451
   -7.5000  -37.5000   45.0000 2611.0571   14.2774
    0.0000  -37.5000   45.0000 2618.4890   14.2223
    7.5000  -37.5000   45.0000 2603.0105   14.3906
   -7.5000  -30.0000   45.0000 2669.3186   13.5189
    0.0000  -30.0000   45.0000 2676.4602   13.4614
    7.5000  -30.0000   45.0000 2660.1755   13.6396
   -7.5000  -22.5000   45.0000 2725.4636   13.0637
    0.0000  -22.5000   45.0000 2734.9998   12.9946
    7.5000  -22.5000   45.0000 2717.4648   13.1516
   -7.5000  -15.0000   45.0000 2780.1782   12.8859
    0.0000  -15.0000   45.0000 2798.9873   12.8196
    7.5000  -15.0000   45.0000 2775.1272   12.9378
   -7.5000   -7.5000   45.0000 2810.4543   12.7932
    0.0000   -7.5000   45.0000 2833.0732   12.6886
    7.5000   -7.5000   45.0000 2800.5674   12.8670
   -7.5000    0.0000   45.0000 2805.7434   12.8423
    0.0000    0.0000   45.0000 2829.0310   12.7109
    7.5000    0.0000   45.0000 2798.9622   12.9167
   -7.5000    7.5000   45.0000 2772.7905   13.0661
    0.0000    7.5000   45.0000 2795.7434   12.9585
    7.5000    7.5000   45.0000 2774.8909   13.1228
   -7.5000   15.0000   45.0000 2721.9319   13.4675
    0.0000   15.0000   45.0000 2742.4072   13.3580
    7.5000   15.0000   45.0000 2721.6802   13.5021
   -7.5000   22.5000   45.0000 2650.3528   14.0657
    0.0000   22.5000   45.0000 2666.3804   13.9333
    7.5000   22.5000   45.0000 2646.4253   14.0883
   -7.5000   30.0000   45.0000 2556.2646   14.9348
    0.0000   30.0000   45.0000 2572.9331   14.7898
    7.5000   30.0000   45.0000 2550.8459   14.9584
   -7.5000   37.5000   45.0000 2440.5645   16.2176
    0.0000   37.5000   45.0000 2458.9280   16.0605
    7.5000   37.5000   45.0000 2441.8816   16.2178
   -7.5000   45.0000   45.0000 2304.2183   17.8626
    0.0000   45.0000   45.0000 2321.4573   17.7076
    7.5000   45.0000   45.0000 2309.7480   17.8316

---------------------------------------------------------------------
imgreg_4dfp /opt/freesurfer/average/711-2C_as_mni_average_305 /opt/freesurfer/average/711-2B_as_mni_average_305_mask talsrcimg_g11 none talsrcimg_to_711-2C_as_mni_average_305_t4 1283
---------------------------------------------------------------------

freesurfer imgreg_4dfp.c
/opt/freesurfer/average/711-2C_as_mni_average_305.4dfp.img
       256       256       256         1
  1.000000  1.000000  1.000000
orientation T byte_order littleendian
Reading image: /opt/freesurfer/average/711-2C_as_mni_average_305.4dfp.img
dimensions:      256       256       256
mmppix:       1.0000   -1.0000   -1.0000
center:     128.0000 -129.0000 -129.0000
/opt/freesurfer/average/711-2B_as_mni_average_305_mask.4dfp.img
       256       256       256         1
  1.000000  1.000000  1.000000
orientation T byte_order littleendian
Reading mask: /opt/freesurfer/average/711-2B_as_mni_average_305_mask.4dfp.img (2306576 pixels)
talsrcimg_g11.4dfp.img
       256       256       256         1
  1.000000  1.000000  1.000000
orientation T byte_order littleendian
Reading image: talsrcimg_g11.4dfp.img
dimensions:      256       256       256
mmppix:       1.0000   -1.0000   -1.0000
center:     128.0000 -129.0000 -129.0000
rotation matrix determinant  1.000000
fimgreg.f
image alignment mode   1283 decimal      503 hex
parameters
    0.0000    0.0000   22.5000    0.0000    0.0000    0.0000
eta,q 0.93770 11.82311
niter,ni,del,rscale     5    3   12.0000    1.2000
parameter  4  1.287297 ->  0.500000 qaram    1.1500
parameter  6  0.593533 ->  0.500000 qaram    1.1500
parameters
   -0.2231   -0.2074   21.4872   -3.4500   -0.1599   -3.4500
eta,q 0.94656 11.67158
  0.0698  0.0666  0.0600  0.0527  0.0579  0.0541
  0.0640  0.0627  0.0578  0.0543  0.0556  0.0534
  0.0593  0.0588  0.0569  0.0553  0.0545  0.0538
  0.0575  0.0573  0.0571  0.0569  0.0546  0.0546
  0.0597  0.0594  0.0582  0.0601  0.0550  0.0556
  0.0651  0.0638  0.0598  0.0641  0.0559  0.0569
  0.0719  0.0677  0.0627  0.0674  0.0581  0.0593
niter,ni,del,rscale     6    3   12.0000    1.2000
parameter  4  1.299627 ->  0.500000 qaram    1.3225
parameters
   -0.5821    0.0824   21.0509   -7.4175    0.4076   -3.4094
eta,q 0.94968 11.70075
  0.0641  0.0629  0.0584  0.0490  0.0554  0.0547
  0.0572  0.0574  0.0555  0.0499  0.0529  0.0516
  0.0534  0.0539  0.0537  0.0516  0.0512  0.0500
  0.0534  0.0533  0.0534  0.0534  0.0503  0.0503
  0.0554  0.0550  0.0543  0.0557  0.0506  0.0511
  0.0601  0.0573  0.0564  0.0586  0.0518  0.0522
  0.0659  0.0601  0.0604  0.0630  0.0538  0.0538
niter,ni,del,rscale     6    3   12.0000    1.2000
parameter  4  1.742794 ->  0.500000 qaram    1.5209
parameters
   -0.7617    0.9920   19.9710  -11.9801    0.9897   -2.5124
eta,q 0.95260 11.75183
  0.0621  0.0577  0.0555  0.0459  0.0529  0.0535
  0.0548  0.0531  0.0525  0.0471  0.0498  0.0504
  0.0507  0.0508  0.0505  0.0483  0.0477  0.0480
  0.0503  0.0502  0.0504  0.0502  0.0475  0.0475
  0.0524  0.0506  0.0526  0.0529  0.0478  0.0474
  0.0570  0.0516  0.0565  0.0556  0.0489  0.0485
  0.0622  0.0536  0.0603  0.0584  0.0508  0.0510
niter,ni,del,rscale     6    3   12.0000    1.2000
parameter  4  0.879731 ->  0.500000 qaram    1.7490
parameters
   -1.2844    2.2932   19.2213  -17.2272    2.1004   -3.3356
eta,q 0.95747 11.72154
  0.0588  0.0562  0.0517  0.0439  0.0526  0.0478
  0.0514  0.0518  0.0480  0.0428  0.0488  0.0448
  0.0475  0.0481  0.0465  0.0445  0.0454  0.0430
  0.0474  0.0471  0.0471  0.0467  0.0431  0.0426
  0.0501  0.0472  0.0486  0.0492  0.0427  0.0445
  0.0559  0.0480  0.0504  0.0524  0.0445  0.0472
  0.0621  0.0505  0.0541  0.0568  0.0481  0.0504
niter,ni,del,rscale     6    3   12.0000    1.2000
parameters
   -1.4573    3.5088   18.2706  -18.3675    2.2245   -3.1573
eta,q 0.95905 11.72130
  0.0592  0.0538  0.0488  0.0507  0.0502  0.0491
  0.0504  0.0487  0.0443  0.0438  0.0460  0.0454
  0.0442  0.0451  0.0418  0.0405  0.0426  0.0425
  0.0425  0.0425  0.0423  0.0417  0.0410  0.0410
  0.0457  0.0427  0.0448  0.0450  0.0419  0.0418
  0.0527  0.0449  0.0487  0.0483  0.0452  0.0446
  0.0601  0.0473  0.0537  0.0532  0.0498  0.0486
niter,ni,del,rscale     5    3   12.0000    1.2000
parameters
   -1.5508    3.7700   18.0058  -18.6626    2.2645   -3.0667
eta,q 0.95925 11.72269
  0.0598  0.0504  0.0506  0.0523  0.0500  0.0488
  0.0504  0.0463  0.0456  0.0455  0.0456  0.0451
  0.0432  0.0424  0.0417  0.0405  0.0422  0.0422
  0.0410  0.0409  0.0410  0.0409  0.0408  0.0408
  0.0443  0.0426  0.0430  0.0441  0.0419  0.0417
  0.0521  0.0456  0.0468  0.0473  0.0452  0.0446
  0.0601  0.0486  0.0521  0.0519  0.0500  0.0487
niter,ni,del,rscale     4    3   12.0000    1.2000
parameters
   -1.5760    3.8142   17.9217  -18.7555    2.2751   -3.0326
eta,q 0.95932 11.72355
  0.0604  0.0499  0.0511  0.0527  0.0499  0.0487
  0.0508  0.0458  0.0460  0.0462  0.0455  0.0450
  0.0433  0.0419  0.0418  0.0406  0.0421  0.0421
  0.0407  0.0407  0.0408  0.0407  0.0407  0.0407
  0.0439  0.0426  0.0425  0.0438  0.0418  0.0417
  0.0518  0.0459  0.0463  0.0471  0.0452  0.0447
  0.0600  0.0492  0.0516  0.0516  0.0500  0.0488
niter,ni,del,rscale     3    3   12.0000    1.2000
parameters
   -1.5810    3.8219   17.8941  -18.7849    2.2761   -3.0227
eta,q 0.95934 11.72391
  0.0605  0.0498  0.0513  0.0528  0.0498  0.0486
  0.0509  0.0457  0.0461  0.0464  0.0455  0.0449
  0.0433  0.0418  0.0419  0.0407  0.0421  0.0421
  0.0407  0.0407  0.0407  0.0407  0.0407  0.0407
  0.0438  0.0426  0.0424  0.0437  0.0418  0.0417
  0.0517  0.0459  0.0461  0.0470  0.0452  0.0447
  0.0600  0.0493  0.0514  0.0515  0.0500  0.0488
registration optimization eta report
parameter search radius
    6.0000    6.0000    6.0000   10.4940    6.0000    6.9000
100000*second partial in parameter space
       53.       24.       29.       10.       25.       17.
  0.0605  0.0498  0.0513  0.0528  0.0498  0.0486
  0.0509  0.0457  0.0461  0.0464  0.0455  0.0449
  0.0433  0.0418  0.0419  0.0407  0.0421  0.0421
  0.0407  0.0407  0.0407  0.0407  0.0407  0.0407
  0.0438  0.0426  0.0424  0.0437  0.0418  0.0417
  0.0517  0.0459  0.0461  0.0470  0.0452  0.0447
  0.0600  0.0493  0.0514  0.0515  0.0500  0.0488
   -1.5810    3.8219   17.8941  -18.7849    2.2761   -3.0227
eta,q 0.95934 11.72391

---------------------------------------------------------------------
imgreg_4dfp /opt/freesurfer/average/711-2C_as_mni_average_305 /opt/freesurfer/average/711-2B_as_mni_average_305_mask talsrcimg_g11 none talsrcimg_to_711-2C_as_mni_average_305_t4 3335
---------------------------------------------------------------------

freesurfer imgreg_4dfp.c
/opt/freesurfer/average/711-2C_as_mni_average_305.4dfp.img
       256       256       256         1
  1.000000  1.000000  1.000000
orientation T byte_order littleendian
Reading image: /opt/freesurfer/average/711-2C_as_mni_average_305.4dfp.img
dimensions:      256       256       256
mmppix:       1.0000   -1.0000   -1.0000
center:     128.0000 -129.0000 -129.0000
/opt/freesurfer/average/711-2B_as_mni_average_305_mask.4dfp.img
       256       256       256         1
  1.000000  1.000000  1.000000
orientation T byte_order littleendian
Reading mask: /opt/freesurfer/average/711-2B_as_mni_average_305_mask.4dfp.img (2306576 pixels)
talsrcimg_g11.4dfp.img
       256       256       256         1
  1.000000  1.000000  1.000000
orientation T byte_order littleendian
Reading image: talsrcimg_g11.4dfp.img
dimensions:      256       256       256
mmppix:       1.0000   -1.0000   -1.0000
center:     128.0000 -129.0000 -129.0000
fimgreg.f
image alignment mode   3335 decimal      D07 hex
parameters
   -1.5810    3.8219   17.8941   -0.2179   -5.5257   -5.4013
    6.2694   -2.0567   -5.2689   32.3551    3.9715  -32.1763
eta,q 0.95880 11.86030
niter,ni,del,rscale     5    3    5.0000    1.2000
parameter  4  0.891974 ->  0.500000 qaram    1.1500
parameter  5  6.269063 ->  0.500000 qaram    1.1500
parameter  6  0.937589 ->  0.500000 qaram    1.1500
parameter 10  0.733209 ->  0.500000 qaram    1.1500
parameters
   -1.3084    3.8185   17.7362   -4.3579   -9.6657   -9.5413
    6.1744   -1.2434   -3.9152   28.2151    2.9060  -31.3121
eta,q 0.96788 11.23924
  0.0448  0.0429  0.0426  0.0394  0.0336  0.0333  0.0359  0.0381  0.0359  0.0324  0.0328  0.0340
  0.0431  0.0419  0.0418  0.0396  0.0352  0.0335  0.0347  0.0361  0.0348  0.0321  0.0324  0.0331
  0.0418  0.0413  0.0413  0.0401  0.0373  0.0344  0.0340  0.0345  0.0340  0.0325  0.0322  0.0325
  0.0412  0.0412  0.0412  0.0411  0.0397  0.0357  0.0337  0.0337  0.0336  0.0336  0.0322  0.0322
  0.0413  0.0414  0.0414  0.0430  0.0422  0.0379  0.0340  0.0338  0.0336  0.0352  0.0324  0.0322
  0.0421  0.0420  0.0421  0.0453  0.0446  0.0406  0.0348  0.0348  0.0339  0.0375  0.0328  0.0326
  0.0436  0.0428  0.0431  0.0478  0.0468  0.0440  0.0361  0.0367  0.0347  0.0402  0.0334  0.0333
niter,ni,del,rscale     7    3    5.0000    1.2000
parameter  5  1.348973 ->  0.500000 qaram    1.3225
parameter  6  0.502186 ->  0.500000 qaram    1.3225
parameters
   -1.1393    3.9133   17.7776   -7.6225  -14.4267  -14.3023
    5.9664   -1.2900   -4.6612   25.1176    2.3555  -31.3510
eta,q 0.97222 10.45270
  0.0355  0.0346  0.0338  0.0324  0.0285  0.0293  0.0306  0.0319  0.0299  0.0292  0.0285  0.0290
  0.0337  0.0333  0.0329  0.0320  0.0290  0.0284  0.0293  0.0300  0.0289  0.0281  0.0281  0.0283
  0.0326  0.0324  0.0323  0.0319  0.0301  0.0285  0.0285  0.0287  0.0284  0.0278  0.0278  0.0279
  0.0321  0.0321  0.0321  0.0321  0.0319  0.0293  0.0283  0.0283  0.0283  0.0283  0.0278  0.0278
  0.0323  0.0323  0.0323  0.0328  0.0342  0.0307  0.0287  0.0288  0.0287  0.0295  0.0279  0.0279
  0.0331  0.0330  0.0328  0.0343  0.0368  0.0327  0.0295  0.0301  0.0295  0.0315  0.0283  0.0283
  0.0347  0.0342  0.0337  0.0365  0.0395  0.0354  0.0308  0.0321  0.0307  0.0340  0.0288  0.0290
niter,ni,del,rscale     7    3    5.0000    1.2000
parameters
   -1.1207    4.3312   17.2395   -8.1592  -18.3753  -14.1730
    5.9916   -1.3130   -4.9464   25.7422    2.2149  -32.8177
eta,q 0.97308 10.24687
  0.0306  0.0311  0.0286  0.0291  0.0283  0.0318  0.0295  0.0307  0.0290  0.0309  0.0277  0.0277
  0.0291  0.0295  0.0279  0.0282  0.0273  0.0295  0.0281  0.0288  0.0278  0.0290  0.0273  0.0272
  0.0281  0.0284  0.0276  0.0277  0.0270  0.0278  0.0273  0.0275  0.0272  0.0276  0.0271  0.0269
  0.0278  0.0278  0.0277  0.0276  0.0276  0.0270  0.0270  0.0270  0.0270  0.0270  0.0270  0.0270
  0.0281  0.0278  0.0282  0.0279  0.0290  0.0277  0.0273  0.0275  0.0274  0.0272  0.0271  0.0273
  0.0290  0.0283  0.0289  0.0284  0.0314  0.0294  0.0282  0.0288  0.0281  0.0282  0.0274  0.0279
  0.0306  0.0294  0.0300  0.0296  0.0340  0.0315  0.0294  0.0307  0.0293  0.0299  0.0278  0.0286
niter,ni,del,rscale     6    3    5.0000    1.2000
parameters
   -1.1739    4.4719   16.9445   -7.9520  -18.8842  -14.2193
    6.0446   -1.2636   -4.9470   26.3229    2.2205  -33.5525
eta,q 0.97314 10.25471
  0.0296  0.0297  0.0281  0.0288  0.0300  0.0316  0.0294  0.0306  0.0291  0.0307  0.0277  0.0278
  0.0281  0.0282  0.0274  0.0277  0.0284  0.0293  0.0280  0.0287  0.0278  0.0288  0.0272  0.0272
  0.0272  0.0273  0.0270  0.0270  0.0272  0.0276  0.0272  0.0274  0.0271  0.0275  0.0270  0.0269
  0.0269  0.0269  0.0269  0.0269  0.0269  0.0269  0.0269  0.0269  0.0269  0.0269  0.0269  0.0269
  0.0273  0.0271  0.0272  0.0271  0.0274  0.0278  0.0272  0.0273  0.0272  0.0271  0.0270  0.0271
  0.0283  0.0278  0.0279  0.0276  0.0287  0.0294  0.0280  0.0286  0.0279  0.0282  0.0272  0.0276
  0.0299  0.0291  0.0289  0.0286  0.0309  0.0315  0.0292  0.0305  0.0290  0.0298  0.0277  0.0283
niter,ni,del,rscale     5    3    5.0000    1.2000
parameters
   -1.1662    4.5070   16.8380   -7.9606  -19.0954  -14.2028
    6.0325   -1.2174   -4.9486   26.5997    2.2536  -33.8377
eta,q 0.97315 10.25492
  0.0297  0.0294  0.0283  0.0287  0.0301  0.0316  0.0293  0.0306  0.0290  0.0305  0.0277  0.0280
  0.0281  0.0280  0.0275  0.0276  0.0285  0.0293  0.0279  0.0287  0.0278  0.0286  0.0272  0.0273
  0.0272  0.0271  0.0270  0.0270  0.0273  0.0275  0.0271  0.0273  0.0271  0.0273  0.0269  0.0270
  0.0269  0.0269  0.0269  0.0269  0.0269  0.0269  0.0269  0.0269  0.0269  0.0269  0.0269  0.0269
  0.0272  0.0271  0.0271  0.0271  0.0273  0.0277  0.0272  0.0273  0.0272  0.0272  0.0269  0.0270
  0.0281  0.0279  0.0277  0.0276  0.0284  0.0293  0.0280  0.0286  0.0279  0.0283  0.0272  0.0275
  0.0296  0.0292  0.0286  0.0287  0.0306  0.0314  0.0292  0.0305  0.0290  0.0300  0.0276  0.0282
niter,ni,del,rscale     4    3    5.0000    1.2000
parameters
   -1.1640    4.5318   16.8060   -7.9634  -19.1915  -14.1814
    6.0262   -1.1965   -4.9553   26.7197    2.2497  -33.9423
eta,q 0.97315 10.25532
  0.0297  0.0294  0.0284  0.0286  0.0302  0.0315  0.0293  0.0305  0.0290  0.0303  0.0276  0.0281
  0.0281  0.0280  0.0275  0.0276  0.0285  0.0293  0.0279  0.0286  0.0278  0.0285  0.0272  0.0274
  0.0272  0.0271  0.0270  0.0270  0.0273  0.0275  0.0271  0.0273  0.0271  0.0273  0.0269  0.0270
  0.0269  0.0269  0.0269  0.0269  0.0269  0.0269  0.0269  0.0269  0.0269  0.0269  0.0269  0.0269
  0.0272  0.0271  0.0271  0.0271  0.0272  0.0277  0.0272  0.0273  0.0271  0.0273  0.0269  0.0270
  0.0281  0.0279  0.0276  0.0275  0.0284  0.0293  0.0280  0.0286  0.0279  0.0284  0.0272  0.0274
  0.0297  0.0292  0.0285  0.0286  0.0305  0.0314  0.0292  0.0305  0.0290  0.0301  0.0277  0.0281
niter,ni,del,rscale     3    3    5.0000    1.2000
parameters
   -1.1621    4.5457   16.8008   -7.9671  -19.2330  -14.1655
    6.0224   -1.1864   -4.9556   26.7744    2.2690  -33.9845
eta,q 0.97315 10.25576
  0.0296  0.0293  0.0284  0.0287  0.0302  0.0315  0.0293  0.0305  0.0290  0.0303  0.0277  0.0281
  0.0281  0.0279  0.0276  0.0276  0.0285  0.0292  0.0280  0.0286  0.0278  0.0284  0.0272  0.0274
  0.0272  0.0271  0.0270  0.0270  0.0273  0.0275  0.0271  0.0273  0.0271  0.0273  0.0269  0.0270
  0.0269  0.0269  0.0269  0.0269  0.0269  0.0269  0.0269  0.0269  0.0269  0.0269  0.0269  0.0269
  0.0272  0.0271  0.0270  0.0271  0.0272  0.0277  0.0272  0.0273  0.0271  0.0273  0.0269  0.0270
  0.0281  0.0280  0.0276  0.0275  0.0283  0.0293  0.0280  0.0286  0.0279  0.0284  0.0272  0.0274
  0.0297  0.0292  0.0284  0.0287  0.0305  0.0314  0.0292  0.0305  0.0290  0.0301  0.0277  0.0281
registration optimization eta report
parameter search radius
    2.4000    2.4000    2.4000    8.2800    9.5220    9.5220
    7.2000    7.2000    7.2000    8.2800    7.2000    7.2000
100000*second partial in parameter space
       49.       42.       27.        3.        4.        5.
        5.        7.        4.        5.        2.        2.
  0.0296  0.0293  0.0284  0.0287  0.0302  0.0315  0.0293  0.0305  0.0290  0.0303  0.0277  0.0281
  0.0281  0.0279  0.0276  0.0276  0.0285  0.0292  0.0280  0.0286  0.0278  0.0284  0.0272  0.0274
  0.0272  0.0271  0.0270  0.0270  0.0273  0.0275  0.0271  0.0273  0.0271  0.0273  0.0269  0.0270
  0.0269  0.0269  0.0269  0.0269  0.0269  0.0269  0.0269  0.0269  0.0269  0.0269  0.0269  0.0269
  0.0272  0.0271  0.0270  0.0271  0.0272  0.0277  0.0272  0.0273  0.0271  0.0273  0.0269  0.0270
  0.0281  0.0280  0.0276  0.0275  0.0283  0.0293  0.0280  0.0286  0.0279  0.0284  0.0272  0.0274
  0.0297  0.0292  0.0284  0.0287  0.0305  0.0314  0.0292  0.0305  0.0290  0.0301  0.0277  0.0281
   -1.1621    4.5457   16.8008   -7.9671  -19.2330  -14.1655
    6.0224   -1.1864   -4.9556   26.7744    2.2690  -33.9845
eta,q 0.97315 10.25576

---------------------------------------------------------------------
imgreg_4dfp /opt/freesurfer/average/711-2C_as_mni_average_305 /opt/freesurfer/average/711-2B_as_mni_average_305_mask talsrcimg_g11 none talsrcimg_to_711-2C_as_mni_average_305_t4 2311
---------------------------------------------------------------------

freesurfer imgreg_4dfp.c
/opt/freesurfer/average/711-2C_as_mni_average_305.4dfp.img
       256       256       256         1
  1.000000  1.000000  1.000000
orientation T byte_order littleendian
Reading image: /opt/freesurfer/average/711-2C_as_mni_average_305.4dfp.img
dimensions:      256       256       256
mmppix:       1.0000   -1.0000   -1.0000
center:     128.0000 -129.0000 -129.0000
/opt/freesurfer/average/711-2B_as_mni_average_305_mask.4dfp.img
       256       256       256         1
  1.000000  1.000000  1.000000
orientation T byte_order littleendian
Reading mask: /opt/freesurfer/average/711-2B_as_mni_average_305_mask.4dfp.img (2306576 pixels)
talsrcimg_g11.4dfp.img
       256       256       256         1
  1.000000  1.000000  1.000000
orientation T byte_order littleendian
Reading image: talsrcimg_g11.4dfp.img
dimensions:      256       256       256
mmppix:       1.0000   -1.0000   -1.0000
center:     128.0000 -129.0000 -129.0000
fimgreg.f
image alignment mode   2311 decimal      907 hex
parameters
   -1.1621    4.5457   16.8008   -7.9671  -19.2330  -14.1655
    6.0224   -1.1864   -4.9556   26.7744    2.2690  -33.9845
eta,q 0.97314 10.25576
niter,ni,del,rscale     5    3    5.0000    0.8000
parameters
   -1.1544    4.5258   16.7872   -8.0896  -18.9595  -14.3940
    5.9388   -1.1716   -5.0455   26.6715    2.2580  -33.9422
eta,q 0.97316 10.24844
  0.0281  0.0279  0.0276  0.0274  0.0279  0.0283  0.0279  0.0286  0.0278  0.0280  0.0272  0.0274
  0.0274  0.0273  0.0272  0.0270  0.0273  0.0275  0.0273  0.0277  0.0273  0.0273  0.0270  0.0271
  0.0270  0.0270  0.0269  0.0269  0.0270  0.0270  0.0270  0.0271  0.0269  0.0270  0.0269  0.0269
  0.0269  0.0269  0.0269  0.0269  0.0269  0.0268  0.0268  0.0268  0.0268  0.0268  0.0268  0.0268
  0.0270  0.0270  0.0269  0.0269  0.0269  0.0272  0.0270  0.0270  0.0270  0.0270  0.0269  0.0269
  0.0274  0.0274  0.0272  0.0271  0.0272  0.0277  0.0274  0.0276  0.0273  0.0274  0.0270  0.0271
  0.0281  0.0280  0.0276  0.0274  0.0277  0.0285  0.0280  0.0286  0.0279  0.0281  0.0272  0.0274
niter,ni,del,rscale     4    3    5.0000    0.7000
parameters
   -1.1534    4.5036   16.7271   -8.2236  -18.9373  -14.5039
    5.9539   -1.1635   -5.0794   26.6551    2.2091  -33.9956
eta,q 0.97317 10.23633
  0.0278  0.0277  0.0273  0.0272  0.0276  0.0280  0.0277  0.0282  0.0276  0.0278  0.0271  0.0272
  0.0273  0.0272  0.0271  0.0270  0.0271  0.0274  0.0272  0.0275  0.0272  0.0272  0.0269  0.0270
  0.0269  0.0269  0.0269  0.0269  0.0269  0.0270  0.0269  0.0270  0.0269  0.0269  0.0269  0.0269
  0.0268  0.0268  0.0268  0.0268  0.0268  0.0268  0.0268  0.0268  0.0268  0.0268  0.0268  0.0268
  0.0269  0.0269  0.0269  0.0269  0.0269  0.0270  0.0269  0.0270  0.0269  0.0269  0.0269  0.0269
  0.0273  0.0272  0.0271  0.0271  0.0271  0.0275  0.0272  0.0275  0.0272  0.0273  0.0270  0.0270
  0.0278  0.0277  0.0274  0.0273  0.0275  0.0281  0.0277  0.0282  0.0276  0.0278  0.0271  0.0273
niter,ni,del,rscale     3    3    5.0000    0.6000
parameters
   -1.1654    4.4983   16.6848   -8.3711  -18.9530  -14.5835
    5.9536   -1.1607   -5.1006   26.6653    2.1313  -34.0293
eta,q 0.97317 10.22322
  0.0275  0.0274  0.0272  0.0271  0.0273  0.0278  0.0275  0.0279  0.0274  0.0275  0.0270  0.0271
  0.0271  0.0271  0.0270  0.0269  0.0271  0.0273  0.0271  0.0273  0.0271  0.0271  0.0269  0.0270
  0.0269  0.0269  0.0269  0.0268  0.0269  0.0269  0.0269  0.0269  0.0269  0.0269  0.0268  0.0269
  0.0268  0.0268  0.0268  0.0268  0.0268  0.0268  0.0268  0.0268  0.0268  0.0268  0.0268  0.0268
  0.0269  0.0269  0.0269  0.0269  0.0269  0.0270  0.0269  0.0269  0.0269  0.0269  0.0269  0.0269
  0.0272  0.0271  0.0270  0.0270  0.0271  0.0273  0.0271  0.0273  0.0271  0.0271  0.0269  0.0270
  0.0276  0.0275  0.0273  0.0271  0.0273  0.0278  0.0275  0.0279  0.0274  0.0275  0.0270  0.0271
niter,ni,del,rscale     2    3    5.0000    0.5000
parameters
   -1.1768    4.5019   16.6465   -8.4953  -18.9746  -14.6353
    5.9638   -1.1546   -5.1222   26.6856    2.0696  -34.0556
eta,q 0.97318 10.21282
  0.0273  0.0273  0.0271  0.0270  0.0272  0.0275  0.0273  0.0276  0.0272  0.0273  0.0270  0.0270
  0.0270  0.0270  0.0269  0.0269  0.0270  0.0271  0.0270  0.0272  0.0270  0.0270  0.0269  0.0269
  0.0269  0.0269  0.0269  0.0268  0.0269  0.0269  0.0269  0.0269  0.0269  0.0269  0.0268  0.0268
  0.0268  0.0268  0.0268  0.0268  0.0268  0.0268  0.0268  0.0268  0.0268  0.0268  0.0268  0.0268
  0.0269  0.0269  0.0269  0.0269  0.0269  0.0269  0.0269  0.0269  0.0269  0.0269  0.0268  0.0269
  0.0271  0.0270  0.0270  0.0269  0.0270  0.0272  0.0270  0.0271  0.0270  0.0270  0.0269  0.0269
  0.0273  0.0273  0.0271  0.0271  0.0272  0.0275  0.0273  0.0276  0.0272  0.0273  0.0270  0.0270
niter,ni,del,rscale     1    3    5.0000    0.4000
parameters
   -1.1867    4.5019   16.6180   -8.6337  -19.0034  -14.6762
    5.9680   -1.1584   -5.1264   26.7020    2.0277  -34.0946
eta,q 0.97318 10.20170
  0.0271  0.0271  0.0270  0.0270  0.0270  0.0273  0.0271  0.0273  0.0271  0.0271  0.0269  0.0269
  0.0270  0.0269  0.0269  0.0269  0.0269  0.0270  0.0270  0.0270  0.0269  0.0270  0.0269  0.0269
  0.0268  0.0268  0.0268  0.0268  0.0268  0.0269  0.0268  0.0269  0.0268  0.0269  0.0268  0.0268
  0.0268  0.0268  0.0268  0.0268  0.0268  0.0268  0.0268  0.0268  0.0268  0.0268  0.0268  0.0268
  0.0269  0.0269  0.0268  0.0269  0.0268  0.0269  0.0268  0.0269  0.0268  0.0269  0.0268  0.0268
  0.0270  0.0269  0.0269  0.0269  0.0269  0.0270  0.0269  0.0270  0.0269  0.0270  0.0269  0.0269
  0.0271  0.0271  0.0270  0.0270  0.0271  0.0273  0.0271  0.0273  0.0271  0.0271  0.0269  0.0270
registration optimization eta report
parameter search radius
    0.8000    0.8000    0.8000    2.4000    2.4000    2.4000
    2.4000    2.4000    2.4000    2.4000    2.4000    2.4000
100000*second partial in parameter space
       49.       43.       28.        3.        4.        8.
        5.        8.        4.        5.        1.        2.
  0.0271  0.0271  0.0270  0.0270  0.0270  0.0273  0.0271  0.0273  0.0271  0.0271  0.0269  0.0269
  0.0270  0.0269  0.0269  0.0269  0.0269  0.0270  0.0270  0.0270  0.0269  0.0270  0.0269  0.0269
  0.0268  0.0268  0.0268  0.0268  0.0268  0.0269  0.0268  0.0269  0.0268  0.0269  0.0268  0.0268
  0.0268  0.0268  0.0268  0.0268  0.0268  0.0268  0.0268  0.0268  0.0268  0.0268  0.0268  0.0268
  0.0269  0.0269  0.0268  0.0269  0.0268  0.0269  0.0268  0.0269  0.0268  0.0269  0.0268  0.0268
  0.0270  0.0269  0.0269  0.0269  0.0269  0.0270  0.0269  0.0270  0.0269  0.0270  0.0269  0.0269
  0.0271  0.0271  0.0270  0.0270  0.0271  0.0273  0.0271  0.0273  0.0271  0.0271  0.0269  0.0270
   -1.1867    4.5019   16.6180   -8.6337  -19.0034  -14.6762
    5.9680   -1.1584   -5.1264   26.7020    2.0277  -34.0946
eta,q 0.97318 10.20170

---------------------------------------------------------------------
imgreg_4dfp /opt/freesurfer/average/711-2C_as_mni_average_305 /opt/freesurfer/average/711-2B_as_mni_average_305_mask talsrcimg_g11 none talsrcimg_to_711-2C_as_mni_average_305_t4 2311
---------------------------------------------------------------------

freesurfer imgreg_4dfp.c
/opt/freesurfer/average/711-2C_as_mni_average_305.4dfp.img
       256       256       256         1
  1.000000  1.000000  1.000000
orientation T byte_order littleendian
Reading image: /opt/freesurfer/average/711-2C_as_mni_average_305.4dfp.img
dimensions:      256       256       256
mmppix:       1.0000   -1.0000   -1.0000
center:     128.0000 -129.0000 -129.0000
/opt/freesurfer/average/711-2B_as_mni_average_305_mask.4dfp.img
       256       256       256         1
  1.000000  1.000000  1.000000
orientation T byte_order littleendian
Reading mask: /opt/freesurfer/average/711-2B_as_mni_average_305_mask.4dfp.img (2306576 pixels)
talsrcimg_g11.4dfp.img
       256       256       256         1
  1.000000  1.000000  1.000000
orientation T byte_order littleendian
Reading image: talsrcimg_g11.4dfp.img
dimensions:      256       256       256
mmppix:       1.0000   -1.0000   -1.0000
center:     128.0000 -129.0000 -129.0000
fimgreg.f
image alignment mode   2311 decimal      907 hex
parameters
   -1.1867    4.5019   16.6180   -8.6337  -19.0034  -14.6762
    5.9680   -1.1584   -5.1264   26.7020    2.0277  -34.0946
eta,q 0.97318 10.20171
niter,ni,del,rscale     5    3    5.0000    0.8000
parameters
   -1.1929    4.5231   16.5996   -8.2506  -18.9798  -14.6296
    5.9985   -1.1674   -5.0426   26.7342    2.1025  -34.1427
eta,q 0.97317 10.23024
  0.0281  0.0279  0.0275  0.0275  0.0278  0.0285  0.0280  0.0286  0.0279  0.0281  0.0272  0.0274
  0.0274  0.0273  0.0271  0.0271  0.0272  0.0276  0.0273  0.0276  0.0273  0.0274  0.0270  0.0271
  0.0269  0.0269  0.0269  0.0269  0.0269  0.0270  0.0270  0.0270  0.0270  0.0270  0.0269  0.0269
  0.0268  0.0268  0.0268  0.0268  0.0268  0.0268  0.0268  0.0268  0.0268  0.0268  0.0268  0.0268
  0.0270  0.0269  0.0269  0.0269  0.0269  0.0271  0.0270  0.0270  0.0269  0.0270  0.0269  0.0269
  0.0274  0.0273  0.0271  0.0271  0.0272  0.0276  0.0273  0.0277  0.0273  0.0274  0.0270  0.0271
  0.0281  0.0279  0.0275  0.0273  0.0277  0.0284  0.0279  0.0286  0.0278  0.0280  0.0272  0.0274
niter,ni,del,rscale     4    3    5.0000    0.7000
parameters
   -1.1730    4.5073   16.6325   -8.2941  -18.9732  -14.6114
    5.9643   -1.1580   -5.0714   26.7219    2.1435  -34.1110
eta,q 0.97317 10.22805
  0.0278  0.0276  0.0274  0.0273  0.0275  0.0281  0.0277  0.0282  0.0276  0.0278  0.0271  0.0272
  0.0273  0.0272  0.0271  0.0270  0.0271  0.0274  0.0272  0.0275  0.0272  0.0272  0.0269  0.0270
  0.0269  0.0269  0.0269  0.0268  0.0269  0.0270  0.0269  0.0270  0.0269  0.0269  0.0269  0.0269
  0.0268  0.0268  0.0268  0.0268  0.0268  0.0268  0.0268  0.0268  0.0268  0.0268  0.0268  0.0268
  0.0269  0.0269  0.0269  0.0269  0.0269  0.0270  0.0269  0.0270  0.0269  0.0269  0.0269  0.0269
  0.0272  0.0272  0.0271  0.0270  0.0271  0.0275  0.0272  0.0275  0.0272  0.0273  0.0269  0.0270
  0.0278  0.0277  0.0273  0.0272  0.0275  0.0281  0.0277  0.0282  0.0276  0.0278  0.0271  0.0272
niter,ni,del,rscale     3    3    5.0000    0.6000
parameters
   -1.1730    4.5034   16.6324   -8.4019  -18.9872  -14.6362
    5.9547   -1.1562   -5.0987   26.7194    2.1165  -34.0937
eta,q 0.97318 10.21913
  0.0275  0.0274  0.0272  0.0271  0.0273  0.0278  0.0275  0.0279  0.0274  0.0275  0.0270  0.0271
  0.0271  0.0271  0.0270  0.0269  0.0271  0.0273  0.0271  0.0273  0.0271  0.0271  0.0269  0.0270
  0.0269  0.0269  0.0269  0.0268  0.0269  0.0269  0.0269  0.0269  0.0269  0.0269  0.0268  0.0269
  0.0268  0.0268  0.0268  0.0268  0.0268  0.0268  0.0268  0.0268  0.0268  0.0268  0.0268  0.0268
  0.0269  0.0269  0.0269  0.0269  0.0269  0.0270  0.0269  0.0269  0.0269  0.0269  0.0269  0.0269
  0.0271  0.0271  0.0270  0.0270  0.0271  0.0273  0.0271  0.0273  0.0271  0.0271  0.0269  0.0270
  0.0275  0.0274  0.0272  0.0271  0.0273  0.0278  0.0275  0.0279  0.0274  0.0275  0.0270  0.0271
niter,ni,del,rscale     2    3    5.0000    0.5000
parameters
   -1.1791    4.5055   16.6233   -8.5257  -18.9970  -14.6607
    5.9690   -1.1553   -5.1229   26.7159    2.0565  -34.1054
eta,q 0.97318 10.20992
  0.0273  0.0273  0.0271  0.0270  0.0272  0.0275  0.0273  0.0276  0.0272  0.0273  0.0269  0.0270
  0.0270  0.0270  0.0269  0.0269  0.0270  0.0271  0.0270  0.0272  0.0270  0.0270  0.0269  0.0269
  0.0269  0.0269  0.0269  0.0268  0.0269  0.0269  0.0269  0.0269  0.0269  0.0269  0.0268  0.0268
  0.0268  0.0268  0.0268  0.0268  0.0268  0.0268  0.0268  0.0268  0.0268  0.0268  0.0268  0.0268
  0.0269  0.0269  0.0269  0.0269  0.0269  0.0269  0.0269  0.0269  0.0269  0.0269  0.0268  0.0268
  0.0270  0.0270  0.0270  0.0269  0.0270  0.0272  0.0270  0.0272  0.0270  0.0270  0.0269  0.0269
  0.0273  0.0272  0.0271  0.0271  0.0272  0.0275  0.0273  0.0276  0.0272  0.0273  0.0270  0.0270
niter,ni,del,rscale     1    3    5.0000    0.4000
parameters
   -1.1906    4.5058   16.6046   -8.6373  -19.0060  -14.6886
    5.9771   -1.1521   -5.1210   26.7100    1.9936  -34.0948
eta,q 0.97318 10.20085
  0.0271  0.0271  0.0270  0.0270  0.0270  0.0273  0.0271  0.0273  0.0271  0.0271  0.0269  0.0270
  0.0270  0.0269  0.0269  0.0269  0.0269  0.0270  0.0270  0.0270  0.0269  0.0270  0.0269  0.0269
  0.0268  0.0269  0.0268  0.0268  0.0268  0.0269  0.0269  0.0269  0.0268  0.0268  0.0268  0.0268
  0.0268  0.0268  0.0268  0.0268  0.0268  0.0268  0.0268  0.0268  0.0268  0.0268  0.0268  0.0268
  0.0269  0.0269  0.0268  0.0269  0.0268  0.0269  0.0268  0.0269  0.0268  0.0269  0.0268  0.0268
  0.0270  0.0269  0.0269  0.0269  0.0269  0.0270  0.0269  0.0270  0.0269  0.0270  0.0269  0.0269
  0.0271  0.0271  0.0270  0.0270  0.0270  0.0273  0.0271  0.0273  0.0271  0.0271  0.0269  0.0269
registration optimization eta report
parameter search radius
    0.8000    0.8000    0.8000    2.4000    2.4000    2.4000
    2.4000    2.4000    2.4000    2.4000    2.4000    2.4000
100000*second partial in parameter space
       50.       42.       28.        3.        4.        8.
        5.        8.        4.        5.        1.        2.
  0.0271  0.0271  0.0270  0.0270  0.0270  0.0273  0.0271  0.0273  0.0271  0.0271  0.0269  0.0270
  0.0270  0.0269  0.0269  0.0269  0.0269  0.0270  0.0270  0.0270  0.0269  0.0270  0.0269  0.0269
  0.0268  0.0269  0.0268  0.0268  0.0268  0.0269  0.0269  0.0269  0.0268  0.0268  0.0268  0.0268
  0.0268  0.0268  0.0268  0.0268  0.0268  0.0268  0.0268  0.0268  0.0268  0.0268  0.0268  0.0268
  0.0269  0.0269  0.0268  0.0269  0.0268  0.0269  0.0268  0.0269  0.0268  0.0269  0.0268  0.0268
  0.0270  0.0269  0.0269  0.0269  0.0269  0.0270  0.0269  0.0270  0.0269  0.0270  0.0269  0.0269
  0.0271  0.0271  0.0270  0.0270  0.0270  0.0273  0.0271  0.0273  0.0271  0.0271  0.0269  0.0269
   -1.1906    4.5058   16.6046   -8.6373  -19.0060  -14.6886
    5.9771   -1.1521   -5.1210   26.7100    1.9936  -34.0948
eta,q 0.97318 10.20085

---------------------------------------------------------------------
compute_vox2vox talsrcimg talsrcimg_to_711-2C_as_mni_average_305_t4 /opt/freesurfer/average/711-2C_as_mni_average_305
---------------------------------------------------------------------

freesurfer compute_vox2vox.c
Reading: talsrcimg.4dfp.ifh
Reading: talsrcimg_to_711-2C_as_mni_average_305_t4
Reading: /opt/freesurfer/average/711-2C_as_mni_average_305.4dfp.ifh
Writing: talsrcimg_to_711-2C_as_mni_average_305_t4_vox2vox.txt

start time Sun Mar 8 16:37:43 CET 2026
end		time Sun Mar 8 16:39:27 CET 2026

mpr2mni305 success

avi2talxfm orig_nu.mgz /opt/freesurfer/average/mni305.cor.mgz talsrcimg_to_711-2C_as_mni_average_305_t4_vox2vox.txt transforms/talairach.auto.xfm
avi2talxfm done
mv -f /out/sourcedata/freesurfer/sub-v1s13x0050039_ses-1/mri/talsrcimg_to_711-2C_as_mni_average_305_t4_vox2vox.txt /out/sourcedata/freesurfer/sub-v1s13x0050039_ses-1/mri/transforms/talsrcimg_to_711-2C_as_mni_average_305_t4_vox2vox.txt
lta_convert --src orig_nu.mgz --trg /opt/freesurfer/average/mni305.cor.mgz --inxfm transforms/talairach.auto.xfm --outlta transforms/talairach.auto.xfm.lta --subject fsaverage
7.3.2

--src: orig_nu.mgz src image (geometry).
--trg: /opt/freesurfer/average/mni305.cor.mgz trg image (geometry).
--inmni: transforms/talairach.auto.xfm input MNI/XFM transform.
--outlta: transforms/talairach.auto.xfm.lta output LTA.
--s: fsaverage subject name
 LTA read, type : 1
 1.09009   0.03526  -0.06560  -3.45499;
 0.00183   1.03574   0.43586  -9.34683;
 0.06832  -0.33933   1.08677   13.72675;
 0.00000   0.00000   0.00000   1.00000;
setting subject to fsaverage
Writing  LTA to file transforms/talairach.auto.xfm.lta...
lta_convert successful.
 
 
Started at Sun Mar 8 16:37:42 CET 2026
Ended   at Sun Mar  8 16:39:27 CET 2026
talairach_avi done
