/out/sourcedata/freesurfer/sub-v1s13x0050025_ses-1/mri
/opt/freesurfer/bin/talairach_avi
--i orig_nu.mgz --xfm transforms/talairach.auto.xfm
talairach_avi 7.3.2
Linux dna067 5.14.0-427.37.1.el9_4.x86_64 #1 SMP PREEMPT_DYNAMIC Fri Sep 13 12:41:50 EDT 2024 x86_64 x86_64 x86_64 GNU/Linux
Sun Mar  8 15:50:38 CET 2026
mri_convert orig_nu.mgz talsrcimg.img 
reading from orig_nu.mgz...
TR=0.00, TE=0.00, TI=0.00, flip angle=0.00
i_ras = (-1, 0, 0)
j_ras = (0, 0, -1)
k_ras = (0, 1, 0)
writing to talsrcimg.img...
Analyze Output Matrix
-1.00000   0.00000   0.00000   133.88335;
 0.00000   0.00000   1.00000  -133.75293;
 0.00000  -1.00000   0.00000   102.99844;
 0.00000   0.00000   0.00000   1.00000;
--------------------
INFO: set hdr.hist.orient to -1
mpr2mni305 talsrcimg
Sun Mar  8 15:50:39 CET 2026
/opt/freesurfer/bin/mpr2mni305 talsrcimg
mpr2mni305 7.3.2
target=711-2C_as_mni_average_305

---------------------------------------------------------------------
analyzeto4dfp talsrcimg -O0 -y
---------------------------------------------------------------------

freesurfer ifh2hdr.c
Sun Mar  8 15:50:39 2026
Writing: talsrcimg.4dfp.hdr
freesurfer analyzeto4dfp.c
Reading: talsrcimg.hdr
header size 348 bytes
hdr.dime.datatype	offset=70	value=2
hdr.dime.bitpix		offset=72	value=8
hdr.hist.orient		offset=252	value=-1
dimensionality     4
dimensions       256       256       256         1
Reading: talsrcimg.img
Writing: talsrcimg.4dfp.img
Writing: talsrcimg.4dfp.ifh
ifh2hdr talsrcimg -r0to215
ori=2

---------------------------------------------------------------------
gauss_4dfp talsrcimg 1.1
---------------------------------------------------------------------

freesurfer gauss_4dfp.c
Reading: talsrcimg.4dfp.img
Writing: talsrcimg_g11.4dfp.img
image dimensions 256 256 256 padded to 288 288 288
processing volume 1freesurfer ifh2hdr.c
Sun Mar  8 15:50:40 2026
Writing: talsrcimg_g11.4dfp.hdr

Writing: talsrcimg_g11.4dfp.ifh
including: talsrcimg.4dfp.img.rec in talsrcimg_g11.4dfp.img.rec

---------------------------------------------------------------------
imgreg_4dfp /opt/freesurfer/average/711-2C_as_mni_average_305 none talsrcimg_g11 none talsrcimg_to_711-2C_as_mni_average_305_t4 4355
---------------------------------------------------------------------

freesurfer imgreg_4dfp.c
/opt/freesurfer/average/711-2C_as_mni_average_305.4dfp.img
       256       256       256         1
  1.000000  1.000000  1.000000
orientation T byte_order littleendian
Reading image: /opt/freesurfer/average/711-2C_as_mni_average_305.4dfp.img
dimensions:      256       256       256
mmppix:       1.0000   -1.0000   -1.0000
center:     128.0000 -129.0000 -129.0000
talsrcimg_g11.4dfp.img
       256       256       256         1
  1.000000  1.000000  1.000000
orientation T byte_order littleendian
Reading image: talsrcimg_g11.4dfp.img
dimensions:      256       256       256
mmppix:       1.0000   -1.0000   -1.0000
center:     128.0000 -129.0000 -129.0000
t4_read: open error in t4_sub.f l:  41 t4_file(1:l)talsrcimg_to_711-2C_as_mni_average_305_t4 
t4_read: transform initialized to I4
rotation matrix determinant  1.000000
image alignment mode   4355 decimal     1103 hex
   -7.5000  -45.0000  -45.0000 8941.4951   14.8216
    0.0000  -45.0000  -45.0000 9396.4609   14.8011
    7.5000  -45.0000  -45.0000 9024.0303   14.7751
   -7.5000  -37.5000  -45.0000 9376.3047   14.7403
    0.0000  -37.5000  -45.0000 9858.5410   14.7167
    7.5000  -37.5000  -45.0000 9468.4043   14.6824
   -7.5000  -30.0000  -45.000010111.5098   14.6665
    0.0000  -30.0000  -45.000010628.9131   14.6401
    7.5000  -30.0000  -45.000010210.6182   14.5967
   -7.5000  -22.5000  -45.000010767.4150   14.6358
    0.0000  -22.5000  -45.000011306.1396   14.6092
    7.5000  -22.5000  -45.000010861.9619   14.5657
   -7.5000  -15.0000  -45.000011315.2773   14.6230
    0.0000  -15.0000  -45.000011889.6221   14.5984
    7.5000  -15.0000  -45.000011402.1123   14.5624
   -7.5000   -7.5000  -45.000011816.4229   14.5984
    0.0000   -7.5000  -45.000012373.7871   14.5763
    7.5000   -7.5000  -45.000011886.5693   14.5489
   -7.5000    0.0000  -45.000012189.7305   14.5650
    0.0000    0.0000  -45.000012764.5391   14.5431
    7.5000    0.0000  -45.000012264.9033   14.5177
   -7.5000    7.5000  -45.000011593.5283   14.5512
    0.0000    7.5000  -45.000012160.2441   14.5265
    7.5000    7.5000  -45.000011682.3037   14.4929
   -7.5000   15.0000  -45.000010910.8154   14.5831
    0.0000   15.0000  -45.000011460.5674   14.5558
    7.5000   15.0000  -45.000011025.3955   14.5128
   -7.5000   22.5000  -45.000010169.6035   14.6689
    0.0000   22.5000  -45.000010655.3086   14.6414
    7.5000   22.5000  -45.000010261.1123   14.5981
   -7.5000   30.0000  -45.0000 9415.4395   14.6321
    0.0000   30.0000  -45.0000 9806.5322   14.6066
    7.5000   30.0000  -45.0000 9437.7881   14.5707
   -7.5000   37.5000  -45.0000 8993.4639   14.8093
    0.0000   37.5000  -45.0000 9372.1592   14.7841
    7.5000   37.5000  -45.0000 9012.7754   14.7584
   -7.5000   45.0000  -45.0000 8253.1025   14.6204
    0.0000   45.0000  -45.0000 8587.9990   14.5958
    7.5000   45.0000  -45.0000 8256.8330   14.5719
   -7.5000  -45.0000  -37.5000 9529.1621   14.7986
    0.0000  -45.0000  -37.500010018.1592   14.7781
    7.5000  -45.0000  -37.5000 9609.7705   14.7587
   -7.5000  -37.5000  -37.5000 9969.1660   14.7194
    0.0000  -37.5000  -37.500010490.9912   14.6961
    7.5000  -37.5000  -37.500010063.2139   14.6674
   -7.5000  -30.0000  -37.500010736.3789   14.6418
    0.0000  -30.0000  -37.500011292.8701   14.6150
    7.5000  -30.0000  -37.500010834.2051   14.5777
   -7.5000  -22.5000  -37.500011412.7119   14.6027
    0.0000  -22.5000  -37.500011998.2754   14.5749
    7.5000  -22.5000  -37.500011527.3125   14.5392
   -7.5000  -15.0000  -37.500011950.2529   14.5845
    0.0000  -15.0000  -37.500012592.8203   14.5587
    7.5000  -15.0000  -37.500012060.8711   14.5321
   -7.5000   -7.5000  -37.500012436.6396   14.5625
    0.0000   -7.5000  -37.500013093.4316   14.5398
    7.5000   -7.5000  -37.500012548.3330   14.5210
   -7.5000    0.0000  -37.500012808.2441   14.5346
    0.0000    0.0000  -37.500013489.8691   14.5126
    7.5000    0.0000  -37.500012939.6660   14.4934
   -7.5000    7.5000  -37.500012200.5303   14.5227
    0.0000    7.5000  -37.500012842.4951   14.4983
    7.5000    7.5000  -37.500012320.4580   14.4699
   -7.5000   15.0000  -37.500011461.6416   14.5508
    0.0000   15.0000  -37.500012067.0146   14.5231
    7.5000   15.0000  -37.500011605.7900   14.4861
   -7.5000   22.5000  -37.500010641.7334   14.6304
    0.0000   22.5000  -37.500011186.6895   14.6017
    7.5000   22.5000  -37.500010759.3105   14.5661
   -7.5000   30.0000  -37.5000 9816.9805   14.5896
    0.0000   30.0000  -37.500010268.9746   14.5630
    7.5000   30.0000  -37.5000 9874.3018   14.5367
   -7.5000   37.5000  -37.5000 9357.1602   14.7693
    0.0000   37.5000  -37.5000 9781.4551   14.7442
    7.5000   37.5000  -37.5000 9397.0020   14.7266
   -7.5000   45.0000  -37.5000 8585.3145   14.5882
    0.0000   45.0000  -37.5000 8937.3457   14.5648
    7.5000   45.0000  -37.5000 8610.4600   14.5464
   -7.5000  -45.0000  -30.000010301.1221   15.3713
    0.0000  -45.0000  -30.000010807.6953   15.3485
    7.5000  -45.0000  -30.000010368.3467   15.3343
   -7.5000  -37.5000  -30.000010754.5576   15.2909
    0.0000  -37.5000  -30.000011303.6621   15.2667
    7.5000  -37.5000  -30.000010840.1934   15.2422
   -7.5000  -30.0000  -30.000011557.3652   15.2083
    0.0000  -30.0000  -30.000012156.2393   15.1811
    7.5000  -30.0000  -30.000011667.1318   15.1489
   -7.5000  -22.5000  -30.000012275.9453   15.1616
    0.0000  -22.5000  -30.000012900.5361   15.1324
    7.5000  -22.5000  -30.000012401.6455   15.1032
   -7.5000  -15.0000  -30.000012841.5156   15.1352
    0.0000  -15.0000  -30.000013534.0723   15.1068
    7.5000  -15.0000  -30.000012949.8789   15.0880
   -7.5000   -7.5000  -30.000013329.3496   15.1100
    0.0000   -7.5000  -30.000014064.1348   15.0841
    7.5000   -7.5000  -30.000013440.4883   15.0723
   -7.5000    0.0000  -30.000013700.4570   15.0837
    0.0000    0.0000  -30.000014471.1377   15.0594
    7.5000    0.0000  -30.000013825.3730   15.0449
   -7.5000    7.5000  -30.000013038.5078   15.0759
    0.0000    7.5000  -30.000013765.9414   15.0506
    7.5000    7.5000  -30.000013173.4443   15.0261
   -7.5000   15.0000  -30.000012232.4971   15.1059
    0.0000   15.0000  -30.000012904.1006   15.0778
    7.5000   15.0000  -30.000012392.5840   15.0457
   -7.5000   22.5000  -30.000011363.2695   15.1834
    0.0000   22.5000  -30.000011954.7842   15.1531
    7.5000   22.5000  -30.000011469.1260   15.1240
   -7.5000   30.0000  -30.000010449.2793   15.1386
    0.0000   30.0000  -30.000010967.6289   15.1092
    7.5000   30.0000  -30.000010505.7266   15.0907
   -7.5000   37.5000  -30.0000 9919.4404   15.3221
    0.0000   37.5000  -30.000010404.8584   15.2943
    7.5000   37.5000  -30.0000 9971.5215   15.2835
   -7.5000   45.0000  -30.0000 9087.3018   15.1474
    0.0000   45.0000  -30.0000 9501.3740   15.1230
    7.5000   45.0000  -30.0000 9122.0928   15.1100
   -7.5000  -45.0000  -22.500011033.8174   15.8566
    0.0000  -45.0000  -22.500011589.8047   15.8331
    7.5000  -45.0000  -22.500011092.4111   15.8175
   -7.5000  -37.5000  -22.500011514.8555   15.7732
    0.0000  -37.5000  -22.500012103.0977   15.7491
    7.5000  -37.5000  -22.500011581.0020   15.7238
   -7.5000  -30.0000  -22.500012352.6162   15.6913
    0.0000  -30.0000  -22.500012990.3311   15.6651
    7.5000  -30.0000  -22.500012446.8408   15.6321
   -7.5000  -22.5000  -22.500013091.8086   15.6447
    0.0000  -22.5000  -22.500013771.1826   15.6165
    7.5000  -22.5000  -22.500013203.0586   15.5862
   -7.5000  -15.0000  -22.500013668.1523   15.6138
    0.0000  -15.0000  -22.500014412.8613   15.5857
    7.5000  -15.0000  -22.500013784.0186   15.5651
   -7.5000   -7.5000  -22.500014184.8594   15.5800
    0.0000   -7.5000  -22.500014979.9521   15.5538
    7.5000   -7.5000  -22.500014292.0244   15.5400
   -7.5000    0.0000  -22.500014602.8691   15.5479
    0.0000    0.0000  -22.500015428.7051   15.5230
    7.5000    0.0000  -22.500014699.5361   15.5069
   -7.5000    7.5000  -22.500013876.2197   15.5424
    0.0000    7.5000  -22.500014667.2969   15.5171
    7.5000    7.5000  -22.500013983.6328   15.4916
   -7.5000   15.0000  -22.500012978.0674   15.5791
    0.0000   15.0000  -22.500013695.3975   15.5519
    7.5000   15.0000  -22.500013084.6201   15.5191
   -7.5000   22.5000  -22.500012004.8848   15.6617
    0.0000   22.5000  -22.500012647.8164   15.6324
    7.5000   22.5000  -22.500012076.5664   15.6022
   -7.5000   30.0000  -22.500011025.8271   15.6183
    0.0000   30.0000  -22.500011597.2207   15.5890
    7.5000   30.0000  -22.500011061.7783   15.5683
   -7.5000   37.5000  -22.500010482.6670   15.7997
    0.0000   37.5000  -22.500010999.8838   15.7710
    7.5000   37.5000  -22.500010490.5137   15.7588
   -7.5000   45.0000  -22.5000 9551.1055   15.6227
    0.0000   45.0000  -22.500010018.5732   15.5979
    7.5000   45.0000  -22.5000 9579.8438   15.5847
   -7.5000  -45.0000  -15.000011707.9395   16.2023
    0.0000  -45.0000  -15.000012337.4121   16.1802
    7.5000  -45.0000  -15.000011813.2100   16.1572
   -7.5000  -37.5000  -15.000012222.8770   16.1147
    0.0000  -37.5000  -15.000012870.7637   16.0912
    7.5000  -37.5000  -15.000012321.3594   16.0593
   -7.5000  -30.0000  -15.000013119.8604   16.0355
    0.0000  -30.0000  -15.000013804.2637   16.0100
    7.5000  -30.0000  -15.000013222.1680   15.9695
   -7.5000  -22.5000  -15.000013857.7354   15.9945
    0.0000  -22.5000  -15.000014590.9316   15.9676
    7.5000  -22.5000  -15.000013985.6191   15.9280
   -7.5000  -15.0000  -15.000014451.5088   15.9655
    0.0000  -15.0000  -15.000015214.9922   15.9389
    7.5000  -15.0000  -15.000014565.8320   15.9077
   -7.5000   -7.5000  -15.000015021.0869   15.9250
    0.0000   -7.5000  -15.000015827.1172   15.9004
    7.5000   -7.5000  -15.000015096.6006   15.8772
   -7.5000    0.0000  -15.000015438.9111   15.8845
    0.0000    0.0000  -15.000016300.1309   15.8608
    7.5000    0.0000  -15.000015528.5107   15.8377
   -7.5000    7.5000  -15.000014644.4932   15.8781
    0.0000    7.5000  -15.000015456.3213   15.8533
    7.5000    7.5000  -15.000014732.7051   15.8215
   -7.5000   15.0000  -15.000013679.8594   15.9208
    0.0000   15.0000  -15.000014416.2139   15.8944
    7.5000   15.0000  -15.000013737.1709   15.8541
   -7.5000   22.5000  -15.000012640.3438   16.0110
    0.0000   22.5000  -15.000013284.2881   15.9831
    7.5000   22.5000  -15.000012676.9668   15.9435
   -7.5000   30.0000  -15.000011576.7227   15.9730
    0.0000   30.0000  -15.000012160.1611   15.9450
    7.5000   30.0000  -15.000011606.4990   15.9135
   -7.5000   37.5000  -15.000010999.4531   16.1522
    0.0000   37.5000  -15.000011545.6475   16.1243
    7.5000   37.5000  -15.000011017.3975   16.1032
   -7.5000   45.0000  -15.000010010.9541   15.9693
    0.0000   45.0000  -15.000010500.3018   15.9442
    7.5000   45.0000  -15.000010030.9238   15.9250
   -7.5000  -45.0000   -7.500012390.0479   16.3731
    0.0000  -45.0000   -7.500013062.9297   16.3521
    7.5000  -45.0000   -7.500012526.6826   16.3222
   -7.5000  -37.5000   -7.500012900.5098   16.2795
    0.0000  -37.5000   -7.500013577.3066   16.2559
    7.5000  -37.5000   -7.500013043.3984   16.2175
   -7.5000  -30.0000   -7.500013867.9111   16.1975
    0.0000  -30.0000   -7.500014563.8057   16.1715
    7.5000  -30.0000   -7.500013998.0938   16.1234
   -7.5000  -22.5000   -7.500014656.2461   16.1595
    0.0000  -22.5000   -7.500015406.5518   16.1329
    7.5000  -22.5000   -7.500014801.3770   16.0845
   -7.5000  -15.0000   -7.500015286.3506   16.1358
    0.0000  -15.0000   -7.500016049.1338   16.1105
    7.5000  -15.0000   -7.500015392.6650   16.0697
   -7.5000   -7.5000   -7.500015869.4531   16.0963
    0.0000   -7.5000   -7.500016670.1445   16.0732
    7.5000   -7.5000   -7.500015936.9951   16.0413
   -7.5000    0.0000   -7.500016306.6289   16.0512
    0.0000    0.0000   -7.500017130.0352   16.0286
    7.5000    0.0000   -7.500016365.4014   15.9989
   -7.5000    7.5000   -7.500015435.1895   16.0403
    0.0000    7.5000   -7.500016226.0244   16.0155
    7.5000    7.5000   -7.500015499.4902   15.9773
   -7.5000   15.0000   -7.500014376.4883   16.0819
    0.0000   15.0000   -7.500015132.9834   16.0550
    7.5000   15.0000   -7.500014431.9277   16.0072
   -7.5000   22.5000   -7.500013253.2490   16.1744
    0.0000   22.5000   -7.500013918.4375   16.1467
    7.5000   22.5000   -7.500013298.3154   16.0983
   -7.5000   30.0000   -7.500012149.8613   16.1424
    0.0000   30.0000   -7.500012747.3105   16.1159
    7.5000   30.0000   -7.500012201.7295   16.0747
   -7.5000   37.5000   -7.500011566.1582   16.3248
    0.0000   37.5000   -7.500012106.7773   16.2980
    7.5000   37.5000   -7.500011592.5889   16.2684
   -7.5000   45.0000   -7.500010538.3105   16.1397
    0.0000   45.0000   -7.500011028.3281   16.1141
    7.5000   45.0000   -7.500010544.7383   16.0877
   -7.5000  -45.0000    0.000013000.2734   16.3969
    0.0000  -45.0000    0.000013626.7559   16.3762
    7.5000  -45.0000    0.000013113.9941   16.3471
   -7.5000  -37.5000    0.000013504.9463   16.2993
    0.0000  -37.5000    0.000014131.4111   16.2750
    7.5000  -37.5000    0.000013622.7471   16.2369
   -7.5000  -30.0000    0.000014545.4805   16.2112
    0.0000  -30.0000    0.000015243.1748   16.1838
    7.5000  -30.0000    0.000014674.3818   16.1356
   -7.5000  -22.5000    0.000015477.4365   16.1710
    0.0000  -22.5000    0.000016285.2178   16.1435
    7.5000  -22.5000    0.000015645.9844   16.0950
   -7.5000  -15.0000    0.000016193.4600   16.1504
    0.0000  -15.0000    0.000016941.1309   16.1251
    7.5000  -15.0000    0.000016306.4854   16.0848
   -7.5000   -7.5000    0.000016715.7109   16.1164
    0.0000   -7.5000    0.000017454.7754   16.0940
    7.5000   -7.5000    0.000016790.3711   16.0631
   -7.5000    0.0000    0.000017116.0840   16.0738
    0.0000    0.0000    0.000017872.6484   16.0515
    7.5000    0.0000    0.000017160.2812   16.0227
   -7.5000    7.5000    0.000016173.8262   16.0594
    0.0000    7.5000    0.000016926.6680   16.0339
    7.5000    7.5000    0.000016192.4932   15.9962
   -7.5000   15.0000    0.000015070.4229   16.0957
    0.0000   15.0000    0.000015808.5215   16.0673
    7.5000   15.0000    0.000015089.0049   16.0194
   -7.5000   22.5000    0.000013874.3154   16.1858
    0.0000   22.5000    0.000014529.9268   16.1573
    7.5000   22.5000    0.000013897.7559   16.1089
   -7.5000   30.0000    0.000012726.2920   16.1558
    0.0000   30.0000    0.000013320.6182   16.1296
    7.5000   30.0000    0.000012752.6055   16.0894
   -7.5000   37.5000    0.000012107.7109   16.3440
    0.0000   37.5000    0.000012649.6797   16.3183
    7.5000   37.5000    0.000012117.0459   16.2892
   -7.5000   45.0000    0.000011042.9639   16.1632
    0.0000   45.0000    0.000011555.6348   16.1379
    7.5000   45.0000    0.000011043.2920   16.1107
   -7.5000  -45.0000    7.500012604.8818   16.4410
    0.0000  -45.0000    7.500013203.8301   16.4196
    7.5000  -45.0000    7.500012687.9551   16.3979
   -7.5000  -37.5000    7.500013127.0010   16.3476
    0.0000  -37.5000    7.500013687.3740   16.3230
    7.5000  -37.5000    7.500013198.2246   16.2910
   -7.5000  -30.0000    7.500014134.3447   16.2568
    0.0000  -30.0000    7.500014881.8516   16.2283
    7.5000  -30.0000    7.500014277.8193   16.1867
   -7.5000  -22.5000    7.500015110.6045   16.2089
    0.0000  -22.5000    7.500015955.6826   16.1794
    7.5000  -22.5000    7.500015270.3379   16.1395
   -7.5000  -15.0000    7.500015894.6963   16.1843
    0.0000  -15.0000    7.500016590.4805   16.1571
    7.5000  -15.0000    7.500015950.9971   16.1272
   -7.5000   -7.5000    7.500016402.3848   16.1558
    0.0000   -7.5000    7.500017047.9121   16.1319
    7.5000   -7.5000    7.500016409.8223   16.1106
   -7.5000    0.0000    7.500016705.3145   16.1214
    0.0000    0.0000    7.500017360.5996   16.0983
    7.5000    0.0000    7.500016679.4043   16.0766
   -7.5000    7.5000    7.500015721.9072   16.1087
    0.0000    7.5000    7.500016389.0742   16.0828
    7.5000    7.5000    7.500015670.4424   16.0510
   -7.5000   15.0000    7.500014611.7842   16.1405
    0.0000   15.0000    7.500015286.4922   16.1110
    7.5000   15.0000    7.500014576.3193   16.0697
   -7.5000   22.5000    7.500013448.4268   16.2238
    0.0000   22.5000    7.500014058.5498   16.1933
    7.5000   22.5000    7.500013412.5420   16.1535
   -7.5000   30.0000    7.500012316.7148   16.1894
    0.0000   30.0000    7.500012885.5811   16.1613
    7.5000   30.0000    7.500012286.1426   16.1317
   -7.5000   37.5000    7.500011702.8193   16.3843
    0.0000   37.5000    7.500012242.4307   16.3579
    7.5000   37.5000    7.500011674.6123   16.3379
   -7.5000   45.0000    7.500010631.9229   16.2127
    0.0000   45.0000    7.500011149.3643   16.1880
    7.5000   45.0000    7.500010619.8955   16.1672
   -7.5000  -45.0000   15.000012058.3672   16.5007
    0.0000  -45.0000   15.000012690.1338   16.4779
    7.5000  -45.0000   15.000012140.6260   16.4623
   -7.5000  -37.5000   15.000012573.8076   16.4138
    0.0000  -37.5000   15.000013240.1055   16.3895
    7.5000  -37.5000   15.000012644.6064   16.3628
   -7.5000  -30.0000   15.000013508.0801   16.3250
    0.0000  -30.0000   15.000014331.0010   16.2975
    7.5000  -30.0000   15.000013650.1621   16.2625
   -7.5000  -22.5000   15.000014371.2178   16.2723
    0.0000  -22.5000   15.000015213.9893   16.2426
    7.5000  -22.5000   15.000014483.6855   16.2108
   -7.5000  -15.0000   15.000015079.4873   16.2420
    0.0000  -15.0000   15.000015858.5186   16.2132
    7.5000  -15.0000   15.000015088.9531   16.1925
   -7.5000   -7.5000   15.000015633.0361   16.2135
    0.0000   -7.5000   15.000016394.4395   16.1874
    7.5000   -7.5000   15.000015615.5176   16.1742
   -7.5000    0.0000   15.000015971.1387   16.1842
    0.0000    0.0000   15.000016743.5176   16.1598
    7.5000    0.0000   15.000015928.0791   16.1437
   -7.5000    7.5000   15.000015033.3740   16.1757
    0.0000    7.5000   15.000015730.1377   16.1502
    7.5000    7.5000   15.000014971.9521   16.1233
   -7.5000   15.0000   15.000013957.0205   16.2076
    0.0000   15.0000   15.000014583.2832   16.1791
    7.5000   15.0000   15.000013906.9590   16.1443
   -7.5000   22.5000   15.000012834.6367   16.2871
    0.0000   22.5000   15.000013387.7012   16.2562
    7.5000   22.5000   15.000012798.6631   16.2246
   -7.5000   30.0000   15.000011773.7500   16.2472
    0.0000   30.0000   15.000012284.9053   16.2173
    7.5000   30.0000   15.000011748.3984   16.1969
   -7.5000   37.5000   15.000011228.9658   16.4423
    0.0000   37.5000   15.000011696.0059   16.4141
    7.5000   37.5000   15.000011175.8818   16.4020
   -7.5000   45.0000   15.000010177.2363   16.2743
    0.0000   45.0000   15.000010633.0146   16.2498
    7.5000   45.0000   15.000010139.9658   16.2352
   -7.5000  -45.0000   22.500011410.5312   16.5786
    0.0000  -45.0000   22.500012034.0645   16.5560
    7.5000  -45.0000   22.500011476.3457   16.5389
   -7.5000  -37.5000   22.500011897.3008   16.4944
    0.0000  -37.5000   22.500012552.9180   16.4711
    7.5000  -37.5000   22.500011970.3916   16.4438
   -7.5000  -30.0000   22.500012774.8105   16.4137
    0.0000  -30.0000   22.500013515.9424   16.3882
    7.5000  -30.0000   22.500012916.5752   16.3528
   -7.5000  -22.5000   22.500013579.3545   16.3649
    0.0000  -22.5000   22.500014261.0430   16.3374
    7.5000  -22.5000   22.500013640.8389   16.3047
   -7.5000  -15.0000   22.500014203.8047   16.3332
    0.0000  -15.0000   22.500014879.0508   16.3056
    7.5000  -15.0000   22.500014216.3574   16.2832
   -7.5000   -7.5000   22.500014723.6123   16.2985
    0.0000   -7.5000   22.500015433.0059   16.2728
    7.5000   -7.5000   22.500014738.8008   16.2575
   -7.5000    0.0000   22.500015099.8145   16.2648
    0.0000    0.0000   22.500015806.5449   16.2406
    7.5000    0.0000   22.500015067.1123   16.2230
   -7.5000    7.5000   22.500014263.4209   16.2572
    0.0000    7.5000   22.500014924.2021   16.2325
    7.5000    7.5000   22.500014221.6162   16.2050
   -7.5000   15.0000   22.500013260.4697   16.2930
    0.0000   15.0000   22.500013867.2852   16.2665
    7.5000   15.0000   22.500013219.5752   16.2312
   -7.5000   22.5000   22.500012187.2324   16.3747
    0.0000   22.5000   22.500012738.1709   16.3460
    7.5000   22.5000   22.500012165.0264   16.3133
   -7.5000   30.0000   22.500011167.3184   16.3326
    0.0000   30.0000   22.500011651.4141   16.3036
    7.5000   30.0000   22.500011147.7881   16.2811
   -7.5000   37.5000   22.500010634.7207   16.5204
    0.0000   37.5000   22.500011071.1006   16.4920
    7.5000   37.5000   22.500010596.9033   16.4783
   -7.5000   45.0000   22.5000 9632.4766   16.3444
    0.0000   45.0000   22.500010022.4160   16.3200
    7.5000   45.0000   22.5000 9597.2129   16.3053
   -7.5000  -45.0000   30.000010627.3467   16.6876
    0.0000  -45.0000   30.000011151.1738   16.6671
    7.5000  -45.0000   30.000010674.3721   16.6426
   -7.5000  -37.5000   30.000011061.4951   16.6018
    0.0000  -37.5000   30.000011645.6738   16.5799
    7.5000  -37.5000   30.000011163.1367   16.5460
   -7.5000  -30.0000   30.000011929.3945   16.5285
    0.0000  -30.0000   30.000012535.5303   16.5045
    7.5000  -30.0000   30.000012059.2334   16.4614
   -7.5000  -22.5000   30.000012702.5879   16.4872
    0.0000  -22.5000   30.000013259.6836   16.4617
    7.5000  -22.5000   30.000012756.4189   16.4196
   -7.5000  -15.0000   30.000013317.4355   16.4583
    0.0000  -15.0000   30.000013893.9580   16.4331
    7.5000  -15.0000   30.000013332.9512   16.3997
   -7.5000   -7.5000   30.000013812.7822   16.4176
    0.0000   -7.5000   30.000014413.3037   16.3944
    7.5000   -7.5000   30.000013826.0459   16.3693
   -7.5000    0.0000   30.000014112.6631   16.3757
    0.0000    0.0000   30.000014711.5078   16.3534
    7.5000    0.0000   30.000014096.2188   16.3285
   -7.5000    7.5000   30.000013364.6104   16.3649
    0.0000    7.5000   30.000013905.9160   16.3416
    7.5000    7.5000   30.000013319.4502   16.3076
   -7.5000   15.0000   30.000012459.3965   16.4040
    0.0000   15.0000   30.000012965.8369   16.3789
    7.5000   15.0000   30.000012416.2100   16.3360
   -7.5000   22.5000   30.000011450.3418   16.4912
    0.0000   22.5000   30.000011932.1904   16.4645
    7.5000   22.5000   30.000011438.8213   16.4223
   -7.5000   30.0000   30.000010478.0078   16.4512
    0.0000   30.0000   30.000010927.7979   16.4243
    7.5000   30.0000   30.000010478.8242   16.3905
   -7.5000   37.5000   30.0000 9960.5322   16.6329
    0.0000   37.5000   30.000010381.7227   16.6060
    7.5000   37.5000   30.0000 9944.3730   16.5830
   -7.5000   45.0000   30.0000 9005.1514   16.4453
    0.0000   45.0000   30.0000 9376.3193   16.4211
    7.5000   45.0000   30.0000 8997.0664   16.4002
   -7.5000  -45.0000   37.500010189.8262   16.9388
    0.0000  -45.0000   37.500010664.2188   16.9193
    7.5000  -45.0000   37.500010256.8232   16.8859
   -7.5000  -37.5000   37.500010631.9365   16.8460
    0.0000  -37.5000   37.500011175.2764   16.8238
    7.5000  -37.5000   37.500010737.0166   16.7811
   -7.5000  -30.0000   37.500011490.0840   16.7726
    0.0000  -30.0000   37.500012071.4727   16.7478
    7.5000  -30.0000   37.500011606.3506   16.6947
   -7.5000  -22.5000   37.500012227.9600   16.7365
    0.0000  -22.5000   37.500012800.7529   16.7109
    7.5000  -22.5000   37.500012299.1123   16.6576
   -7.5000  -15.0000   37.500012814.1875   16.7134
    0.0000  -15.0000   37.500013404.0088   16.6891
    7.5000  -15.0000   37.500012865.9248   16.6439
   -7.5000   -7.5000   37.500013293.7119   16.6723
    0.0000   -7.5000   37.500013894.2158   16.6504
    7.5000   -7.5000   37.500013338.5273   16.6147
   -7.5000    0.0000   37.500013578.5723   16.6238
    0.0000    0.0000   37.500014166.9150   16.6024
    7.5000    0.0000   37.500013617.4365   16.5690
   -7.5000    7.5000   37.500012856.2070   16.6058
    0.0000    7.5000   37.500013400.2305   16.5821
    7.5000    7.5000   37.500012875.4336   16.5396
   -7.5000   15.0000   37.500012000.0771   16.6427
    0.0000   15.0000   37.500012528.7217   16.6167
    7.5000   15.0000   37.500012007.4355   16.5640
   -7.5000   22.5000   37.500011077.8584   16.7345
    0.0000   22.5000   37.500011569.8535   16.7076
    7.5000   22.5000   37.500011087.4629   16.6543
   -7.5000   30.0000   37.500010170.9092   16.6996
    0.0000   30.0000   37.500010611.8438   16.6737
    7.5000   30.0000   37.500010172.3760   16.6280
   -7.5000   37.5000   37.5000 9662.9502   16.8843
    0.0000   37.5000   37.500010070.8516   16.8581
    7.5000   37.5000   37.5000 9647.3916   16.8243
   -7.5000   45.0000   37.5000 8750.0342   16.6893
    0.0000   45.0000   37.5000 9093.9199   16.6643
    7.5000   45.0000   37.5000 8724.8516   16.6338
   -7.5000  -45.0000   45.0000 9331.6426   17.1527
    0.0000  -45.0000   45.0000 9768.6562   17.1329
    7.5000  -45.0000   45.0000 9401.6152   17.1007
   -7.5000  -37.5000   45.0000 9765.8818   17.0533
    0.0000  -37.5000   45.000010255.8906   17.0296
    7.5000  -37.5000   45.0000 9853.5430   16.9875
   -7.5000  -30.0000   45.000010544.9238   16.9728
    0.0000  -30.0000   45.000011052.5186   16.9460
    7.5000  -30.0000   45.000010628.2969   16.8930
   -7.5000  -22.5000   45.000011196.9336   16.9344
    0.0000  -22.5000   45.000011723.0273   16.9074
    7.5000  -22.5000   45.000011277.3779   16.8543
   -7.5000  -15.0000   45.000011742.6680   16.9145
    0.0000  -15.0000   45.000012288.6943   16.8899
    7.5000  -15.0000   45.000011803.2139   16.8457
   -7.5000   -7.5000   45.000012177.0312   16.8804
    0.0000   -7.5000   45.000012747.3516   16.8585
    7.5000   -7.5000   45.000012228.3105   16.8243
   -7.5000    0.0000   45.000012475.7852   16.8345
    0.0000    0.0000   45.000013032.3584   16.8128
    7.5000    0.0000   45.000012520.6133   16.7805
   -7.5000    7.5000   45.000011795.3066   16.8098
    0.0000    7.5000   45.000012335.0820   16.7847
    7.5000    7.5000   45.000011856.7393   16.7427
   -7.5000   15.0000   45.000011012.7705   16.8378
    0.0000   15.0000   45.000011516.6045   16.8097
    7.5000   15.0000   45.000011060.8408   16.7569
   -7.5000   22.5000   45.000010182.5947   16.9260
    0.0000   22.5000   45.000010654.6826   16.8977
    7.5000   22.5000   45.000010227.3545   16.8446
   -7.5000   30.0000   45.0000 9356.9385   16.8919
    0.0000   30.0000   45.0000 9783.1084   16.8658
    7.5000   30.0000   45.0000 9385.7090   16.8213
   -7.5000   37.5000   45.0000 8913.2451   17.0873
    0.0000   37.5000   45.0000 9286.8340   17.0613
    7.5000   37.5000   45.0000 8913.8223   17.0285
   -7.5000   45.0000   45.0000 8079.2471   16.9051
    0.0000   45.0000   45.0000 8407.1445   16.8794
    7.5000   45.0000   45.0000 8075.9644   16.8483

---------------------------------------------------------------------
imgreg_4dfp /opt/freesurfer/average/711-2C_as_mni_average_305 /opt/freesurfer/average/711-2B_as_mni_average_305_mask talsrcimg_g11 none talsrcimg_to_711-2C_as_mni_average_305_t4 4355
---------------------------------------------------------------------

freesurfer imgreg_4dfp.c
/opt/freesurfer/average/711-2C_as_mni_average_305.4dfp.img
       256       256       256         1
  1.000000  1.000000  1.000000
orientation T byte_order littleendian
Reading image: /opt/freesurfer/average/711-2C_as_mni_average_305.4dfp.img
dimensions:      256       256       256
mmppix:       1.0000   -1.0000   -1.0000
center:     128.0000 -129.0000 -129.0000
/opt/freesurfer/average/711-2B_as_mni_average_305_mask.4dfp.img
       256       256       256         1
  1.000000  1.000000  1.000000
orientation T byte_order littleendian
Reading mask: /opt/freesurfer/average/711-2B_as_mni_average_305_mask.4dfp.img (2306576 pixels)
talsrcimg_g11.4dfp.img
       256       256       256         1
  1.000000  1.000000  1.000000
orientation T byte_order littleendian
Reading image: talsrcimg_g11.4dfp.img
dimensions:      256       256       256
mmppix:       1.0000   -1.0000   -1.0000
center:     128.0000 -129.0000 -129.0000
rotation matrix determinant  1.000000
image alignment mode   4355 decimal     1103 hex
   -7.5000  -45.0000  -45.0000 2160.7129   16.2695
    0.0000  -45.0000  -45.0000 2176.2163   16.1506
    7.5000  -45.0000  -45.0000 2167.0579   16.2065
   -7.5000  -37.5000  -45.0000 2215.9014   15.2779
    0.0000  -37.5000  -45.0000 2232.9067   15.1476
    7.5000  -37.5000  -45.0000 2221.4287   15.1965
   -7.5000  -30.0000  -45.0000 2254.6548   14.5372
    0.0000  -30.0000  -45.0000 2278.5737   14.4136
    7.5000  -30.0000  -45.0000 2264.6750   14.4474
   -7.5000  -22.5000  -45.0000 2273.9529   14.0718
    0.0000  -22.5000  -45.0000 2299.2927   13.9129
    7.5000  -22.5000  -45.0000 2289.6392   13.9463
   -7.5000  -15.0000  -45.0000 2284.5464   13.8483
    0.0000  -15.0000  -45.0000 2311.5957   13.6499
    7.5000  -15.0000  -45.0000 2298.6978   13.6686
   -7.5000   -7.5000  -45.0000 2284.1311   13.8417
    0.0000   -7.5000  -45.0000 2303.0305   13.6400
    7.5000   -7.5000  -45.0000 2298.8516   13.6741
   -7.5000    0.0000  -45.0000 2255.7456   14.1098
    0.0000    0.0000  -45.0000 2280.5325   13.8936
    7.5000    0.0000  -45.0000 2273.0461   13.9552
   -7.5000    7.5000  -45.0000 2207.2361   14.6408
    0.0000    7.5000  -45.0000 2232.5090   14.4348
    7.5000    7.5000  -45.0000 2222.6943   14.5090
   -7.5000   15.0000  -45.0000 2139.6670   15.4960
    0.0000   15.0000  -45.0000 2165.4944   15.2555
    7.5000   15.0000  -45.0000 2158.1802   15.3260
   -7.5000   22.5000  -45.0000 2051.1455   16.7581
    0.0000   22.5000  -45.0000 2076.0527   16.4666
    7.5000   22.5000  -45.0000 2069.0754   16.5722
   -7.5000   30.0000  -45.0000 1957.2932   18.5701
    0.0000   30.0000  -45.0000 1970.1725   18.1894
    7.5000   30.0000  -45.0000 1964.2006   18.3214
   -7.5000   37.5000  -45.0000 1852.7793   20.9166
    0.0000   37.5000  -45.0000 1868.9175   20.5617
    7.5000   37.5000  -45.0000 1855.2682   20.6918
   -7.5000   45.0000  -45.0000 1736.6011   24.1185
    0.0000   45.0000  -45.0000 1749.4338   23.7241
    7.5000   45.0000  -45.0000 1738.7046   23.8383
   -7.5000  -45.0000  -37.5000 2250.9529   15.0482
    0.0000  -45.0000  -37.5000 2269.5776   14.9401
    7.5000  -45.0000  -37.5000 2256.0593   15.0083
   -7.5000  -37.5000  -37.5000 2306.6201   14.1380
    0.0000  -37.5000  -37.5000 2328.2197   14.0204
    7.5000  -37.5000  -37.5000 2316.6580   14.0548
   -7.5000  -30.0000  -37.5000 2348.2637   13.4700
    0.0000  -30.0000  -37.5000 2372.4019   13.3620
    7.5000  -30.0000  -37.5000 2357.9873   13.3817
   -7.5000  -22.5000  -37.5000 2372.6125   13.0483
    0.0000  -22.5000  -37.5000 2393.0176   12.9337
    7.5000  -22.5000  -37.5000 2383.5129   12.9591
   -7.5000  -15.0000  -37.5000 2375.8572   12.8676
    0.0000  -15.0000  -37.5000 2406.6152   12.7272
    7.5000  -15.0000  -37.5000 2391.6384   12.7496
   -7.5000   -7.5000  -37.5000 2371.6567   12.8677
    0.0000   -7.5000  -37.5000 2400.2749   12.7281
    7.5000   -7.5000  -37.5000 2391.5483   12.7572
   -7.5000    0.0000  -37.5000 2340.5801   13.1183
    0.0000    0.0000  -37.5000 2369.7822   12.9652
    7.5000    0.0000  -37.5000 2362.2642   13.0048
   -7.5000    7.5000  -37.5000 2291.6128   13.5948
    0.0000    7.5000  -37.5000 2322.7964   13.4406
    7.5000    7.5000  -37.5000 2312.2664   13.4752
   -7.5000   15.0000  -37.5000 2219.0532   14.3709
    0.0000   15.0000  -37.5000 2245.7620   14.1768
    7.5000   15.0000  -37.5000 2239.3552   14.2245
   -7.5000   22.5000  -37.5000 2127.4382   15.5148
    0.0000   22.5000  -37.5000 2154.6587   15.2425
    7.5000   22.5000  -37.5000 2146.7019   15.3585
   -7.5000   30.0000  -37.5000 2024.4553   17.1133
    0.0000   30.0000  -37.5000 2042.5996   16.8170
    7.5000   30.0000  -37.5000 2035.7081   16.9082
   -7.5000   37.5000  -37.5000 1911.7649   19.2408
    0.0000   37.5000  -37.5000 1934.3472   18.9409
    7.5000   37.5000  -37.5000 1921.7814   19.0343
   -7.5000   45.0000  -37.5000 1792.8754   22.1215
    0.0000   45.0000  -37.5000 1809.3135   21.8122
    7.5000   45.0000  -37.5000 1799.4783   21.9629
   -7.5000  -45.0000  -30.0000 2385.2729   14.4232
    0.0000  -45.0000  -30.0000 2401.8306   14.3210
    7.5000  -45.0000  -30.0000 2387.8975   14.3856
   -7.5000  -37.5000  -30.0000 2441.9331   13.5747
    0.0000  -37.5000  -30.0000 2462.4277   13.4538
    7.5000  -37.5000  -30.0000 2448.5098   13.4989
   -7.5000  -30.0000  -30.0000 2483.6970   12.9633
    0.0000  -30.0000  -30.0000 2508.7056   12.8322
    7.5000  -30.0000  -30.0000 2494.8313   12.8647
   -7.5000  -22.5000  -30.0000 2516.0894   12.5488
    0.0000  -22.5000  -30.0000 2538.9102   12.4589
    7.5000  -22.5000  -30.0000 2528.2747   12.4740
   -7.5000  -15.0000  -30.0000 2523.4531   12.3825
    0.0000  -15.0000  -30.0000 2553.4077   12.2886
    7.5000  -15.0000  -30.0000 2537.4521   12.2920
   -7.5000   -7.5000  -30.0000 2516.7998   12.4064
    0.0000   -7.5000  -30.0000 2546.0039   12.2979
    7.5000   -7.5000  -30.0000 2531.7024   12.3143
   -7.5000    0.0000  -30.0000 2481.4578   12.6606
    0.0000    0.0000  -30.0000 2517.2871   12.5293
    7.5000    0.0000  -30.0000 2502.0547   12.5544
   -7.5000    7.5000  -30.0000 2428.3762   13.1009
    0.0000    7.5000  -30.0000 2464.1929   12.9559
    7.5000    7.5000  -30.0000 2452.1904   12.9825
   -7.5000   15.0000  -30.0000 2348.2593   13.8388
    0.0000   15.0000  -30.0000 2379.3035   13.6575
    7.5000   15.0000  -30.0000 2374.3818   13.6929
   -7.5000   22.5000  -30.0000 2251.2266   14.9164
    0.0000   22.5000  -30.0000 2279.4709   14.6585
    7.5000   22.5000  -30.0000 2271.6057   14.7336
   -7.5000   30.0000  -30.0000 2138.0173   16.3804
    0.0000   30.0000  -30.0000 2157.7505   16.0766
    7.5000   30.0000  -30.0000 2152.3301   16.1800
   -7.5000   37.5000  -30.0000 2015.4946   18.3839
    0.0000   37.5000  -30.0000 2038.7808   18.0580
    7.5000   37.5000  -30.0000 2029.8850   18.1875
   -7.5000   45.0000  -30.0000 1888.9679   21.0849
    0.0000   45.0000  -30.0000 1910.4565   20.7468
    7.5000   45.0000  -30.0000 1900.3506   20.9193
   -7.5000  -45.0000  -22.5000 2481.0474   13.7616
    0.0000  -45.0000  -22.5000 2499.6401   13.6468
    7.5000  -45.0000  -22.5000 2480.7983   13.7104
   -7.5000  -37.5000  -22.5000 2543.7505   12.9371
    0.0000  -37.5000  -22.5000 2566.4849   12.8136
    7.5000  -37.5000  -22.5000 2547.9526   12.8682
   -7.5000  -30.0000  -22.5000 2594.2034   12.3615
    0.0000  -30.0000  -22.5000 2619.5164   12.2445
    7.5000  -30.0000  -22.5000 2602.5417   12.2855
   -7.5000  -22.5000  -22.5000 2626.3706   12.0071
    0.0000  -22.5000  -22.5000 2655.6870   11.9032
    7.5000  -22.5000  -22.5000 2641.1812   11.9151
   -7.5000  -15.0000  -22.5000 2638.3896   11.8436
    0.0000  -15.0000  -22.5000 2671.9756   11.7543
    7.5000  -15.0000  -22.5000 2653.1006   11.7554
   -7.5000   -7.5000  -22.5000 2632.5950   11.8953
    0.0000   -7.5000  -22.5000 2672.6023   11.7956
    7.5000   -7.5000  -22.5000 2648.6636   11.8122
   -7.5000    0.0000  -22.5000 2605.9050   12.1369
    0.0000    0.0000  -22.5000 2643.4119   12.0362
    7.5000    0.0000  -22.5000 2620.5732   12.0475
   -7.5000    7.5000  -22.5000 2547.4983   12.5716
    0.0000    7.5000  -22.5000 2582.8608   12.4583
    7.5000    7.5000  -22.5000 2565.8306   12.4472
   -7.5000   15.0000  -22.5000 2457.7349   13.2488
    0.0000   15.0000  -22.5000 2490.9531   13.0952
    7.5000   15.0000  -22.5000 2478.3074   13.1016
   -7.5000   22.5000  -22.5000 2348.9114   14.2288
    0.0000   22.5000  -22.5000 2375.4324   14.0561
    7.5000   22.5000  -22.5000 2367.2661   14.0636
   -7.5000   30.0000  -22.5000 2227.5398   15.6357
    0.0000   30.0000  -22.5000 2249.2522   15.3913
    7.5000   30.0000  -22.5000 2242.3892   15.4318
   -7.5000   37.5000  -22.5000 2100.5913   17.5151
    0.0000   37.5000  -22.5000 2121.2766   17.2631
    7.5000   37.5000  -22.5000 2110.0972   17.3672
   -7.5000   45.0000  -22.5000 1961.9109   20.0368
    0.0000   45.0000  -22.5000 1981.7095   19.7050
    7.5000   45.0000  -22.5000 1969.2554   19.8335
   -7.5000  -45.0000  -15.0000 2537.9463   13.1654
    0.0000  -45.0000  -15.0000 2562.0496   13.0435
    7.5000  -45.0000  -15.0000 2546.3481   13.1108
   -7.5000  -37.5000  -15.0000 2608.2607   12.3721
    0.0000  -37.5000  -15.0000 2636.1292   12.2347
    7.5000  -37.5000  -15.0000 2618.0645   12.2989
   -7.5000  -30.0000  -15.0000 2670.5405   11.8076
    0.0000  -30.0000  -15.0000 2696.8865   11.6734
    7.5000  -30.0000  -15.0000 2679.9836   11.7178
   -7.5000  -22.5000  -15.0000 2711.1838   11.4689
    0.0000  -22.5000  -15.0000 2744.1245   11.3480
    7.5000  -22.5000  -15.0000 2725.7515   11.3842
   -7.5000  -15.0000  -15.0000 2725.3350   11.3209
    0.0000  -15.0000  -15.0000 2763.2231   11.2035
    7.5000  -15.0000  -15.0000 2743.8762   11.2369
   -7.5000   -7.5000  -15.0000 2726.1021   11.3999
    0.0000   -7.5000  -15.0000 2766.6958   11.2771
    7.5000   -7.5000  -15.0000 2741.9521   11.2954
   -7.5000    0.0000  -15.0000 2696.1401   11.6632
    0.0000    0.0000  -15.0000 2737.2881   11.5518
    7.5000    0.0000  -15.0000 2712.4150   11.5444
   -7.5000    7.5000  -15.0000 2630.0256   12.0637
    0.0000    7.5000  -15.0000 2670.0413   11.9524
    7.5000    7.5000  -15.0000 2650.2124   11.9319
   -7.5000   15.0000  -15.0000 2534.7903   12.6932
    0.0000   15.0000  -15.0000 2569.1199   12.5499
    7.5000   15.0000  -15.0000 2555.3774   12.5462
   -7.5000   22.5000  -15.0000 2420.8103   13.6246
    0.0000   22.5000  -15.0000 2448.2817   13.4576
    7.5000   22.5000  -15.0000 2438.4521   13.4613
   -7.5000   30.0000  -15.0000 2286.0391   14.9652
    0.0000   30.0000  -15.0000 2311.8950   14.7632
    7.5000   30.0000  -15.0000 2301.7539   14.7984
   -7.5000   37.5000  -15.0000 2149.6677   16.7958
    0.0000   37.5000  -15.0000 2173.7029   16.5583
    7.5000   37.5000  -15.0000 2161.6011   16.6106
   -7.5000   45.0000  -15.0000 2006.2203   19.1807
    0.0000   45.0000  -15.0000 2026.9635   18.8478
    7.5000   45.0000  -15.0000 2017.5675   18.9190
   -7.5000  -45.0000   -7.5000 2567.6208   12.6774
    0.0000  -45.0000   -7.5000 2595.1582   12.5338
    7.5000  -45.0000   -7.5000 2581.1946   12.6017
   -7.5000  -37.5000   -7.5000 2641.8486   11.8812
    0.0000  -37.5000   -7.5000 2670.7173   11.7129
    7.5000  -37.5000   -7.5000 2660.7061   11.7717
   -7.5000  -30.0000   -7.5000 2715.4209   11.3412
    0.0000  -30.0000   -7.5000 2743.6396   11.1606
    7.5000  -30.0000   -7.5000 2733.4309   11.2173
   -7.5000  -22.5000   -7.5000 2767.2991   11.0247
    0.0000  -22.5000   -7.5000 2808.2454   10.8631
    7.5000  -22.5000   -7.5000 2791.7812   10.9220
   -7.5000  -15.0000   -7.5000 2793.9783   10.8838
    0.0000  -15.0000   -7.5000 2838.3806   10.7041
    7.5000  -15.0000   -7.5000 2818.2080   10.7901
   -7.5000   -7.5000   -7.5000 2797.0730   10.9799
    0.0000   -7.5000   -7.5000 2838.8582   10.8204
    7.5000   -7.5000   -7.5000 2818.4697   10.8661
   -7.5000    0.0000   -7.5000 2765.8240   11.2144
    0.0000    0.0000   -7.5000 2803.6184   11.0916
    7.5000    0.0000   -7.5000 2784.7292   11.1115
   -7.5000    7.5000   -7.5000 2692.7996   11.5960
    0.0000    7.5000   -7.5000 2731.3140   11.4721
    7.5000    7.5000   -7.5000 2717.3792   11.4870
   -7.5000   15.0000   -7.5000 2588.0591   12.1839
    0.0000   15.0000   -7.5000 2627.2336   12.0333
    7.5000   15.0000   -7.5000 2610.3906   12.0669
   -7.5000   22.5000   -7.5000 2465.6013   13.0756
    0.0000   22.5000   -7.5000 2494.4172   12.9040
    7.5000   22.5000   -7.5000 2483.7002   12.9493
   -7.5000   30.0000   -7.5000 2322.7292   14.4080
    0.0000   30.0000   -7.5000 2352.1301   14.2012
    7.5000   30.0000   -7.5000 2342.2161   14.2621
   -7.5000   37.5000   -7.5000 2185.2935   16.1578
    0.0000   37.5000   -7.5000 2205.3953   15.9268
    7.5000   37.5000   -7.5000 2200.4968   16.0101
   -7.5000   45.0000   -7.5000 2031.4420   18.4286
    0.0000   45.0000   -7.5000 2054.0664   18.1164
    7.5000   45.0000   -7.5000 2043.2899   18.2352
   -7.5000  -45.0000    0.0000 2575.6140   12.4404
    0.0000  -45.0000    0.0000 2597.5647   12.2073
    7.5000  -45.0000    0.0000 2588.1257   12.3186
   -7.5000  -37.5000    0.0000 2655.6184   11.6101
    0.0000  -37.5000    0.0000 2683.0408   11.3658
    7.5000  -37.5000    0.0000 2674.9578   11.4689
   -7.5000  -30.0000    0.0000 2742.0129   11.0659
    0.0000  -30.0000    0.0000 2773.2292   10.8229
    7.5000  -30.0000    0.0000 2765.2014   10.9110
   -7.5000  -22.5000    0.0000 2804.1274   10.7929
    0.0000  -22.5000    0.0000 2854.8076   10.5791
    7.5000  -22.5000    0.0000 2839.5627   10.6550
   -7.5000  -15.0000    0.0000 2848.1086   10.6795
    0.0000  -15.0000    0.0000 2901.6150   10.4263
    7.5000  -15.0000    0.0000 2883.5630   10.5545
   -7.5000   -7.5000    0.0000 2854.9849   10.7186
    0.0000   -7.5000    0.0000 2900.8149   10.4951
    7.5000   -7.5000    0.0000 2883.0076   10.6143
   -7.5000    0.0000    0.0000 2814.0225   10.9465
    0.0000    0.0000    0.0000 2852.5261   10.7337
    7.5000    0.0000    0.0000 2837.3250   10.8323
   -7.5000    7.5000    0.0000 2733.5842   11.3257
    0.0000    7.5000    0.0000 2772.2913   11.1194
    7.5000    7.5000    0.0000 2754.3691   11.2077
   -7.5000   15.0000    0.0000 2620.4880   11.9048
    0.0000   15.0000    0.0000 2660.8201   11.6999
    7.5000   15.0000    0.0000 2647.6050   11.7602
   -7.5000   22.5000    0.0000 2489.0032   12.7946
    0.0000   22.5000    0.0000 2519.0691   12.5746
    7.5000   22.5000    0.0000 2513.3586   12.6444
   -7.5000   30.0000    0.0000 2345.0393   14.0946
    0.0000   30.0000    0.0000 2374.6877   13.8516
    7.5000   30.0000    0.0000 2368.9285   13.9436
   -7.5000   37.5000    0.0000 2198.9224   15.7867
    0.0000   37.5000    0.0000 2221.2573   15.5391
    7.5000   37.5000    0.0000 2215.5164   15.6508
   -7.5000   45.0000    0.0000 2041.1250   17.9744
    0.0000   45.0000    0.0000 2070.2224   17.6532
    7.5000   45.0000    0.0000 2060.4661   17.8129
   -7.5000  -45.0000    7.5000 2565.5078   12.3734
    0.0000  -45.0000    7.5000 2584.7349   12.1346
    7.5000  -45.0000    7.5000 2578.5710   12.2304
   -7.5000  -37.5000    7.5000 2652.2344   11.5231
    0.0000  -37.5000    7.5000 2679.3118   11.2766
    7.5000  -37.5000    7.5000 2672.7224   11.3849
   -7.5000  -30.0000    7.5000 2742.1482   10.9726
    0.0000  -30.0000    7.5000 2780.8455   10.7138
    7.5000  -30.0000    7.5000 2771.3352   10.8157
   -7.5000  -22.5000    7.5000 2819.0725   10.6988
    0.0000  -22.5000    7.5000 2874.1270   10.4920
    7.5000  -22.5000    7.5000 2858.4092   10.5620
   -7.5000  -15.0000    7.5000 2873.9832   10.6079
    0.0000  -15.0000    7.5000 2934.6494   10.3600
    7.5000  -15.0000    7.5000 2914.2590   10.4650
   -7.5000   -7.5000    7.5000 2884.3162   10.6424
    0.0000   -7.5000    7.5000 2937.7388   10.3493
    7.5000   -7.5000    7.5000 2917.4905   10.4982
   -7.5000    0.0000    7.5000 2843.1655   10.8055
    0.0000    0.0000    7.5000 2883.3855   10.5574
    7.5000    0.0000    7.5000 2866.1592   10.6731
   -7.5000    7.5000    7.5000 2754.3606   11.1724
    0.0000    7.5000    7.5000 2789.3118   10.9537
    7.5000    7.5000    7.5000 2769.2422   11.0398
   -7.5000   15.0000    7.5000 2629.7024   11.7767
    0.0000   15.0000    7.5000 2667.5784   11.5698
    7.5000   15.0000    7.5000 2653.2725   11.6075
   -7.5000   22.5000    7.5000 2494.2849   12.6649
    0.0000   22.5000    7.5000 2523.4072   12.4716
    7.5000   22.5000    7.5000 2515.4771   12.4869
   -7.5000   30.0000    7.5000 2345.0312   13.9185
    0.0000   30.0000    7.5000 2377.8940   13.7087
    7.5000   30.0000    7.5000 2368.8120   13.7604
   -7.5000   37.5000    7.5000 2200.7666   15.5543
    0.0000   37.5000    7.5000 2225.4685   15.3505
    7.5000   37.5000    7.5000 2221.2654   15.4155
   -7.5000   45.0000    7.5000 2045.4639   17.6327
    0.0000   45.0000    7.5000 2072.3601   17.4197
    7.5000   45.0000    7.5000 2063.2483   17.5049
   -7.5000  -45.0000   15.0000 2544.1626   12.4851
    0.0000  -45.0000   15.0000 2564.3013   12.2847
    7.5000  -45.0000   15.0000 2555.7300   12.3728
   -7.5000  -37.5000   15.0000 2634.7903   11.6210
    0.0000  -37.5000   15.0000 2662.2292   11.4054
    7.5000  -37.5000   15.0000 2651.3408   11.4868
   -7.5000  -30.0000   15.0000 2725.6050   11.0349
    0.0000  -30.0000   15.0000 2765.3262   10.8268
    7.5000  -30.0000   15.0000 2750.2185   10.8858
   -7.5000  -22.5000   15.0000 2809.3201   10.7052
    0.0000  -22.5000   15.0000 2864.6843   10.5536
    7.5000  -22.5000   15.0000 2842.1445   10.5958
   -7.5000  -15.0000   15.0000 2866.9971   10.5929
    0.0000  -15.0000   15.0000 2923.0447   10.3749
    7.5000  -15.0000   15.0000 2894.8416   10.4638
   -7.5000   -7.5000   15.0000 2875.4680   10.6574
    0.0000   -7.5000   15.0000 2924.0310   10.4476
    7.5000   -7.5000   15.0000 2899.0081   10.5150
   -7.5000    0.0000   15.0000 2831.9089   10.8500
    0.0000    0.0000   15.0000 2876.1697   10.6715
    7.5000    0.0000   15.0000 2853.0408   10.7147
   -7.5000    7.5000   15.0000 2741.5940   11.2037
    0.0000    7.5000   15.0000 2779.6145   11.0275
    7.5000    7.5000   15.0000 2758.1067   11.0673
   -7.5000   15.0000   15.0000 2614.6619   11.8136
    0.0000   15.0000   15.0000 2649.7771   11.6018
    7.5000   15.0000   15.0000 2633.8645   11.6339
   -7.5000   22.5000   15.0000 2477.2937   12.6935
    0.0000   22.5000   15.0000 2507.3562   12.4629
    7.5000   22.5000   15.0000 2498.4404   12.4949
   -7.5000   30.0000   15.0000 2333.1475   13.8901
    0.0000   30.0000   15.0000 2361.5376   13.6566
    7.5000   30.0000   15.0000 2353.5762   13.7199
   -7.5000   37.5000   15.0000 2190.0393   15.4817
    0.0000   37.5000   15.0000 2214.2397   15.2489
    7.5000   37.5000   15.0000 2204.1221   15.3466
   -7.5000   45.0000   15.0000 2034.3712   17.4990
    0.0000   45.0000   15.0000 2058.4407   17.2585
    7.5000   45.0000   15.0000 2044.6904   17.3689
   -7.5000  -45.0000   22.5000 2524.5149   12.7855
    0.0000  -45.0000   22.5000 2548.8811   12.5762
    7.5000  -45.0000   22.5000 2533.7996   12.6412
   -7.5000  -37.5000   22.5000 2616.3381   11.8735
    0.0000  -37.5000   22.5000 2646.0671   11.6557
    7.5000  -37.5000   22.5000 2630.8694   11.7280
   -7.5000  -30.0000   22.5000 2701.8132   11.2523
    0.0000  -30.0000   22.5000 2743.3232   11.0563
    7.5000  -30.0000   22.5000 2728.4856   11.1211
   -7.5000  -22.5000   22.5000 2779.5105   10.9224
    0.0000  -22.5000   22.5000 2829.9480   10.6841
    7.5000  -22.5000   22.5000 2809.6636   10.7815
   -7.5000  -15.0000   22.5000 2827.1853   10.7885
    0.0000  -15.0000   22.5000 2878.8757   10.5289
    7.5000  -15.0000   22.5000 2853.4683   10.6390
   -7.5000   -7.5000   22.5000 2830.1240   10.8479
    0.0000   -7.5000   22.5000 2876.5210   10.6505
    7.5000   -7.5000   22.5000 2855.4124   10.7348
   -7.5000    0.0000   22.5000 2789.2341   11.0694
    0.0000    0.0000   22.5000 2830.4661   10.8811
    7.5000    0.0000   22.5000 2807.4905   10.9383
   -7.5000    7.5000   22.5000 2699.6736   11.4622
    0.0000    7.5000   22.5000 2735.9973   11.2798
    7.5000    7.5000   22.5000 2717.5874   11.3088
   -7.5000   15.0000   22.5000 2576.3411   12.0745
    0.0000   15.0000   22.5000 2608.5947   11.8875
    7.5000   15.0000   22.5000 2595.5225   11.8942
   -7.5000   22.5000   22.5000 2441.1479   12.9487
    0.0000   22.5000   22.5000 2472.8352   12.7313
    7.5000   22.5000   22.5000 2463.5674   12.7399
   -7.5000   30.0000   22.5000 2304.8857   14.1062
    0.0000   30.0000   22.5000 2331.4224   13.8572
    7.5000   30.0000   22.5000 2325.8704   13.9051
   -7.5000   37.5000   22.5000 2163.9563   15.6205
    0.0000   37.5000   22.5000 2187.8005   15.3580
    7.5000   37.5000   22.5000 2180.3384   15.4353
   -7.5000   45.0000   22.5000 2013.2416   17.6176
    0.0000   45.0000   22.5000 2034.9888   17.3102
    7.5000   45.0000   22.5000 2026.7179   17.3790
   -7.5000  -45.0000   30.0000 2496.4775   13.2399
    0.0000  -45.0000   30.0000 2520.2441   12.9931
    7.5000  -45.0000   30.0000 2502.7371   13.0764
   -7.5000  -37.5000   30.0000 2580.6479   12.2851
    0.0000  -37.5000   30.0000 2619.4407   12.0576
    7.5000  -37.5000   30.0000 2601.2056   12.1452
   -7.5000  -30.0000   30.0000 2665.8835   11.6674
    0.0000  -30.0000   30.0000 2705.5330   11.4434
    7.5000  -30.0000   30.0000 2690.6362   11.5512
   -7.5000  -22.5000   30.0000 2735.6941   11.3543
    0.0000  -22.5000   30.0000 2776.4009   11.0730
    7.5000  -22.5000   30.0000 2760.9204   11.1968
   -7.5000  -15.0000   30.0000 2771.6174   11.2307
    0.0000  -15.0000   30.0000 2808.0706   10.9911
    7.5000  -15.0000   30.0000 2792.5833   11.0754
   -7.5000   -7.5000   30.0000 2760.8071   11.3150
    0.0000   -7.5000   30.0000 2800.8545   11.0916
    7.5000   -7.5000   30.0000 2785.6562   11.1765
   -7.5000    0.0000   30.0000 2712.1550   11.5274
    0.0000    0.0000   30.0000 2749.2522   11.3014
    7.5000    0.0000   30.0000 2732.5024   11.3674
   -7.5000    7.5000   30.0000 2635.9038   11.8917
    0.0000    7.5000   30.0000 2667.9319   11.6802
    7.5000    7.5000   30.0000 2653.9160   11.7258
   -7.5000   15.0000   30.0000 2527.3059   12.4785
    0.0000   15.0000   30.0000 2558.8826   12.2624
    7.5000   15.0000   30.0000 2544.8464   12.2887
   -7.5000   22.5000   30.0000 2396.8616   13.3237
    0.0000   22.5000   30.0000 2433.3547   13.0927
    7.5000   22.5000   30.0000 2422.8630   13.1304
   -7.5000   30.0000   30.0000 2261.2578   14.4949
    0.0000   30.0000   30.0000 2290.1323   14.2297
    7.5000   30.0000   30.0000 2286.9192   14.2582
   -7.5000   37.5000   30.0000 2125.6860   15.9748
    0.0000   37.5000   30.0000 2149.5273   15.6936
    7.5000   37.5000   30.0000 2142.2935   15.7373
   -7.5000   45.0000   30.0000 1982.4764   17.8929
    0.0000   45.0000   30.0000 2001.9208   17.5931
    7.5000   45.0000   30.0000 1993.9399   17.6657
   -7.5000  -45.0000   37.5000 2454.0579   13.8420
    0.0000  -45.0000   37.5000 2482.5769   13.5691
    7.5000  -45.0000   37.5000 2466.4199   13.6767
   -7.5000  -37.5000   37.5000 2537.0813   12.8729
    0.0000  -37.5000   37.5000 2578.3501   12.6207
    7.5000  -37.5000   37.5000 2558.6699   12.7339
   -7.5000  -30.0000   37.5000 2613.7122   12.2750
    0.0000  -30.0000   37.5000 2656.7590   12.0339
    7.5000  -30.0000   37.5000 2638.7686   12.1438
   -7.5000  -22.5000   37.5000 2672.7439   11.9541
    0.0000  -22.5000   37.5000 2713.3162   11.7118
    7.5000  -22.5000   37.5000 2695.7771   11.7999
   -7.5000  -15.0000   37.5000 2692.3809   11.8515
    0.0000  -15.0000   37.5000 2729.6316   11.6287
    7.5000  -15.0000   37.5000 2713.6064   11.6912
   -7.5000   -7.5000   37.5000 2674.3674   11.9437
    0.0000   -7.5000   37.5000 2712.0872   11.7229
    7.5000   -7.5000   37.5000 2698.4807   11.7981
   -7.5000    0.0000   37.5000 2621.3464   12.1576
    0.0000    0.0000   37.5000 2652.9404   11.9319
    7.5000    0.0000   37.5000 2644.5728   12.0029
   -7.5000    7.5000   37.5000 2555.7566   12.5055
    0.0000    7.5000   37.5000 2583.8982   12.2829
    7.5000    7.5000   37.5000 2575.9304   12.3333
   -7.5000   15.0000   37.5000 2460.5737   13.0693
    0.0000   15.0000   37.5000 2491.6833   12.8531
    7.5000   15.0000   37.5000 2479.6738   12.8744
   -7.5000   22.5000   37.5000 2347.6653   13.8676
    0.0000   22.5000   37.5000 2380.1909   13.6408
    7.5000   22.5000   37.5000 2368.5557   13.6745
   -7.5000   30.0000   37.5000 2216.2629   15.0248
    0.0000   30.0000   37.5000 2248.7529   14.7624
    7.5000   30.0000   37.5000 2240.6194   14.7909
   -7.5000   37.5000   37.5000 2083.0334   16.4805
    0.0000   37.5000   37.5000 2110.4980   16.2256
    7.5000   37.5000   37.5000 2099.2158   16.2624
   -7.5000   45.0000   37.5000 1943.6185   18.4104
    0.0000   45.0000   37.5000 1959.7996   18.1249
    7.5000   45.0000   37.5000 1953.3208   18.1840
   -7.5000  -45.0000   45.0000 2410.4143   14.6218
    0.0000  -45.0000   45.0000 2439.2451   14.3334
    7.5000  -45.0000   45.0000 2419.6716   14.4556
   -7.5000  -37.5000   45.0000 2488.0803   13.6503
    0.0000  -37.5000   45.0000 2526.9407   13.3981
    7.5000  -37.5000   45.0000 2505.7915   13.5100
   -7.5000  -30.0000   45.0000 2547.2256   13.0551
    0.0000  -30.0000   45.0000 2588.4214   12.8129
    7.5000  -30.0000   45.0000 2569.2556   12.9041
   -7.5000  -22.5000   45.0000 2591.9895   12.7261
    0.0000  -22.5000   45.0000 2630.4705   12.5043
    7.5000  -22.5000   45.0000 2615.3291   12.5757
   -7.5000  -15.0000   45.0000 2603.1494   12.6287
    0.0000  -15.0000   45.0000 2636.5386   12.4282
    7.5000  -15.0000   45.0000 2624.3325   12.4856
   -7.5000   -7.5000   45.0000 2580.3618   12.7169
    0.0000   -7.5000   45.0000 2613.1406   12.5145
    7.5000   -7.5000   45.0000 2601.4417   12.5784
   -7.5000    0.0000   45.0000 2531.5325   12.9393
    0.0000    0.0000   45.0000 2558.8777   12.7388
    7.5000    0.0000   45.0000 2552.4846   12.7887
   -7.5000    7.5000   45.0000 2466.3862   13.2635
    0.0000    7.5000   45.0000 2495.9875   13.0700
    7.5000    7.5000   45.0000 2488.7976   13.1302
   -7.5000   15.0000   45.0000 2383.2620   13.8128
    0.0000   15.0000   45.0000 2412.8523   13.5890
    7.5000   15.0000   45.0000 2402.7795   13.6298
   -7.5000   22.5000   45.0000 2284.6309   14.5743
    0.0000   22.5000   45.0000 2316.8914   14.3264
    7.5000   22.5000   45.0000 2306.8186   14.3775
   -7.5000   30.0000   45.0000 2164.2078   15.7119
    0.0000   30.0000   45.0000 2192.7212   15.4548
    7.5000   30.0000   45.0000 2184.9756   15.4890
   -7.5000   37.5000   45.0000 2036.7711   17.1993
    0.0000   37.5000   45.0000 2057.4998   16.9407
    7.5000   37.5000   45.0000 2050.0237   17.0252
   -7.5000   45.0000   45.0000 1897.5032   19.1823
    0.0000   45.0000   45.0000 1912.7499   18.8949
    7.5000   45.0000   45.0000 1907.8632   18.9699

---------------------------------------------------------------------
imgreg_4dfp /opt/freesurfer/average/711-2C_as_mni_average_305 /opt/freesurfer/average/711-2B_as_mni_average_305_mask talsrcimg_g11 none talsrcimg_to_711-2C_as_mni_average_305_t4 1283
---------------------------------------------------------------------

freesurfer imgreg_4dfp.c
/opt/freesurfer/average/711-2C_as_mni_average_305.4dfp.img
       256       256       256         1
  1.000000  1.000000  1.000000
orientation T byte_order littleendian
Reading image: /opt/freesurfer/average/711-2C_as_mni_average_305.4dfp.img
dimensions:      256       256       256
mmppix:       1.0000   -1.0000   -1.0000
center:     128.0000 -129.0000 -129.0000
/opt/freesurfer/average/711-2B_as_mni_average_305_mask.4dfp.img
       256       256       256         1
  1.000000  1.000000  1.000000
orientation T byte_order littleendian
Reading mask: /opt/freesurfer/average/711-2B_as_mni_average_305_mask.4dfp.img (2306576 pixels)
talsrcimg_g11.4dfp.img
       256       256       256         1
  1.000000  1.000000  1.000000
orientation T byte_order littleendian
Reading image: talsrcimg_g11.4dfp.img
dimensions:      256       256       256
mmppix:       1.0000   -1.0000   -1.0000
center:     128.0000 -129.0000 -129.0000
rotation matrix determinant  1.000000
fimgreg.f
image alignment mode   1283 decimal      503 hex
parameters
    0.0000   -7.5000    7.5000    0.0000    0.0000    0.0000
eta,q 0.92365 10.31130
niter,ni,del,rscale     5    3   12.0000    1.2000
parameter  4  2.907084 ->  0.500000 qaram    1.1500
parameters
    1.8479  -10.3491    9.8538   -3.4500    0.3996   -1.3141
eta,q 0.93169 10.27178
  0.0909  0.0768  0.0864  0.0686  0.0741  0.0720
  0.0839  0.0752  0.0821  0.0687  0.0715  0.0697
  0.0799  0.0746  0.0779  0.0705  0.0701  0.0683
  0.0770  0.0760  0.0747  0.0732  0.0691  0.0689
  0.0762  0.0799  0.0731  0.0756  0.0692  0.0708
  0.0775  0.0854  0.0741  0.0775  0.0710  0.0731
  0.0802  0.0911  0.0767  0.0795  0.0729  0.0752
niter,ni,del,rscale     5    3   12.0000    1.2000
parameters
    1.3399   -9.6747    9.6393   -6.6512    1.7002   -1.6002
eta,q 0.93250 10.30971
  0.0766  0.0793  0.0777  0.0692  0.0749  0.0717
  0.0719  0.0740  0.0738  0.0680  0.0723  0.0697
  0.0692  0.0701  0.0699  0.0676  0.0696  0.0682
  0.0683  0.0683  0.0684  0.0684  0.0677  0.0675
  0.0699  0.0695  0.0706  0.0708  0.0677  0.0683
  0.0740  0.0719  0.0746  0.0746  0.0691  0.0702
  0.0802  0.0750  0.0790  0.0774  0.0709  0.0726
niter,ni,del,rscale     4    3   12.0000    1.2000
parameters
    0.9418   -8.8367    8.6052   -8.4853    2.4904   -2.2387
eta,q 0.93385 10.25962
  0.0768  0.0778  0.0738  0.0692  0.0722  0.0697
  0.0712  0.0723  0.0697  0.0671  0.0693  0.0678
  0.0680  0.0690  0.0669  0.0662  0.0671  0.0666
  0.0675  0.0674  0.0673  0.0666  0.0661  0.0660
  0.0695  0.0679  0.0706  0.0686  0.0663  0.0669
  0.0736  0.0699  0.0742  0.0706  0.0675  0.0690
  0.0790  0.0729  0.0787  0.0743  0.0697  0.0718
niter,ni,del,rscale     3    3   12.0000    1.2000
parameters
    0.5895   -8.0048    7.9903   -9.7305    2.9876   -2.7138
eta,q 0.93468 10.22956
  0.0749  0.0754  0.0739  0.0695  0.0704  0.0691
  0.0692  0.0712  0.0684  0.0668  0.0680  0.0671
  0.0662  0.0679  0.0654  0.0655  0.0663  0.0659
  0.0661  0.0660  0.0660  0.0655  0.0653  0.0652
  0.0680  0.0665  0.0686  0.0672  0.0655  0.0658
  0.0713  0.0679  0.0720  0.0702  0.0670  0.0679
  0.0764  0.0718  0.0762  0.0728  0.0691  0.0709
niter,ni,del,rscale     2    3   12.0000    1.2000
parameters
    0.2297   -7.5449    7.7509  -10.4047    3.2799   -3.0178
eta,q 0.93511 10.23312
  0.0743  0.0746  0.0747  0.0698  0.0702  0.0690
  0.0685  0.0702  0.0685  0.0672  0.0679  0.0669
  0.0654  0.0666  0.0649  0.0653  0.0660  0.0655
  0.0653  0.0651  0.0651  0.0649  0.0648  0.0648
  0.0674  0.0655  0.0673  0.0660  0.0654  0.0653
  0.0708  0.0680  0.0706  0.0690  0.0670  0.0673
  0.0757  0.0724  0.0749  0.0720  0.0695  0.0703
niter,ni,del,rscale     1    3   12.0000    1.2000
parameters
    0.1160   -7.2802    7.6306  -10.7854    3.3139   -3.1851
eta,q 0.93526 10.24232
  0.0755  0.0743  0.0747  0.0700  0.0700  0.0691
  0.0692  0.0696  0.0688  0.0675  0.0678  0.0670
  0.0655  0.0661  0.0650  0.0655  0.0657  0.0655
  0.0649  0.0648  0.0648  0.0647  0.0647  0.0647
  0.0671  0.0655  0.0669  0.0656  0.0656  0.0651
  0.0705  0.0686  0.0701  0.0683  0.0675  0.0671
  0.0754  0.0727  0.0744  0.0715  0.0701  0.0700
registration optimization eta report
parameter search radius
    6.0000    6.0000    6.0000    6.9000    6.0000    6.0000
100000*second partial in parameter space
       29.       24.       27.       12.       14.       13.
  0.0755  0.0743  0.0747  0.0700  0.0700  0.0691
  0.0692  0.0696  0.0688  0.0675  0.0678  0.0670
  0.0655  0.0661  0.0650  0.0655  0.0657  0.0655
  0.0649  0.0648  0.0648  0.0647  0.0647  0.0647
  0.0671  0.0655  0.0669  0.0656  0.0656  0.0651
  0.0705  0.0686  0.0701  0.0683  0.0675  0.0671
  0.0754  0.0727  0.0744  0.0715  0.0701  0.0700
    0.1160   -7.2802    7.6306  -10.7854    3.3139   -3.1851
eta,q 0.93526 10.24232

---------------------------------------------------------------------
imgreg_4dfp /opt/freesurfer/average/711-2C_as_mni_average_305 /opt/freesurfer/average/711-2B_as_mni_average_305_mask talsrcimg_g11 none talsrcimg_to_711-2C_as_mni_average_305_t4 3335
---------------------------------------------------------------------

freesurfer imgreg_4dfp.c
/opt/freesurfer/average/711-2C_as_mni_average_305.4dfp.img
       256       256       256         1
  1.000000  1.000000  1.000000
orientation T byte_order littleendian
Reading image: /opt/freesurfer/average/711-2C_as_mni_average_305.4dfp.img
dimensions:      256       256       256
mmppix:       1.0000   -1.0000   -1.0000
center:     128.0000 -129.0000 -129.0000
/opt/freesurfer/average/711-2B_as_mni_average_305_mask.4dfp.img
       256       256       256         1
  1.000000  1.000000  1.000000
orientation T byte_order littleendian
Reading mask: /opt/freesurfer/average/711-2B_as_mni_average_305_mask.4dfp.img (2306576 pixels)
talsrcimg_g11.4dfp.img
       256       256       256         1
  1.000000  1.000000  1.000000
orientation T byte_order littleendian
Reading image: talsrcimg_g11.4dfp.img
dimensions:      256       256       256
mmppix:       1.0000   -1.0000   -1.0000
center:     128.0000 -129.0000 -129.0000
fimgreg.f
image alignment mode   3335 decimal      D07 hex
parameters
    0.1160   -7.2802    7.6306   -0.3214   -1.9783   -1.9308
    6.5380   -4.6299   -5.5468   18.9996    5.7806  -18.6818
eta,q 0.93613 10.30808
niter,ni,del,rscale     5    3    5.0000    1.2000
parameter  4  2.756432 ->  0.500000 qaram    1.1500
parameter  5  4.507892 ->  0.500000 qaram    1.1500
parameter  6  1.255299 ->  0.500000 qaram    1.1500
parameter  9 -0.521023 -> -0.500000 qaram    1.1500
parameter 10  0.743674 ->  0.500000 qaram    1.1500
parameters
   -0.1336   -6.4097    7.3605   -4.4614   -6.1183   -6.0708
    5.7935   -3.3160   -1.4068   14.8596    4.4165  -22.2677
eta,q 0.95153  9.69001
  0.0654  0.0662  0.0647  0.0564  0.0505  0.0493  0.0524  0.0554  0.0534  0.0489  0.0494  0.0487
  0.0645  0.0651  0.0640  0.0585  0.0531  0.0504  0.0514  0.0534  0.0522  0.0487  0.0490  0.0485
  0.0639  0.0643  0.0637  0.0609  0.0559  0.0518  0.0508  0.0517  0.0512  0.0491  0.0487  0.0485
  0.0639  0.0638  0.0636  0.0636  0.0591  0.0538  0.0507  0.0507  0.0505  0.0501  0.0487  0.0487
  0.0642  0.0637  0.0639  0.0668  0.0625  0.0566  0.0512  0.0506  0.0502  0.0518  0.0490  0.0491
  0.0650  0.0638  0.0644  0.0702  0.0661  0.0603  0.0520  0.0514  0.0502  0.0539  0.0495  0.0498
  0.0662  0.0642  0.0652  0.0741  0.0699  0.0645  0.0531  0.0531  0.0505  0.0565  0.0502  0.0506
niter,ni,del,rscale     7    3    5.0000    1.2000
parameter  4  1.304130 ->  0.500000 qaram    1.3225
parameter  5  2.569933 ->  0.500000 qaram    1.3225
parameter  6  0.715713 ->  0.500000 qaram    1.3225
parameters
    0.2749   -5.8869    6.6161   -9.2224  -10.8793  -10.8318
    4.9080   -3.2536   -2.2010   14.7697    2.5915  -21.1255
eta,q 0.96251  9.02429
  0.0519  0.0511  0.0489  0.0437  0.0368  0.0376  0.0396  0.0414  0.0397  0.0411  0.0381  0.0390
  0.0502  0.0498  0.0483  0.0441  0.0388  0.0375  0.0384  0.0393  0.0385  0.0391  0.0377  0.0383
  0.0491  0.0489  0.0482  0.0457  0.0413  0.0383  0.0378  0.0380  0.0377  0.0380  0.0375  0.0378
  0.0485  0.0484  0.0483  0.0482  0.0444  0.0394  0.0377  0.0376  0.0376  0.0376  0.0376  0.0375
  0.0485  0.0484  0.0488  0.0511  0.0479  0.0410  0.0382  0.0381  0.0381  0.0380  0.0379  0.0375
  0.0490  0.0487  0.0495  0.0545  0.0516  0.0437  0.0393  0.0393  0.0392  0.0392  0.0383  0.0378
  0.0502  0.0495  0.0505  0.0583  0.0557  0.0478  0.0408  0.0412  0.0407  0.0412  0.0389  0.0383
niter,ni,del,rscale     7    3    5.0000    1.2000
parameter  4  0.511953 ->  0.500000 qaram    1.5209
parameter  5  1.345767 ->  0.500000 qaram    1.5209
parameters
    0.8860   -4.7939    6.3277  -14.6975  -16.3545  -13.6840
    4.7273   -2.5665   -2.0862   15.9573    3.3919  -21.2724
eta,q 0.96811  8.38394
  0.0423  0.0416  0.0380  0.0368  0.0313  0.0340  0.0343  0.0361  0.0348  0.0367  0.0329  0.0330
  0.0401  0.0397  0.0373  0.0363  0.0321  0.0328  0.0331  0.0342  0.0334  0.0345  0.0324  0.0324
  0.0385  0.0382  0.0368  0.0361  0.0337  0.0321  0.0323  0.0328  0.0324  0.0329  0.0321  0.0320
  0.0375  0.0373  0.0368  0.0368  0.0362  0.0324  0.0321  0.0321  0.0320  0.0320  0.0319  0.0319
  0.0373  0.0368  0.0371  0.0390  0.0393  0.0338  0.0324  0.0322  0.0323  0.0320  0.0319  0.0321
  0.0378  0.0369  0.0378  0.0420  0.0430  0.0356  0.0333  0.0332  0.0332  0.0329  0.0321  0.0325
  0.0391  0.0375  0.0388  0.0456  0.0470  0.0383  0.0345  0.0350  0.0347  0.0348  0.0326  0.0331
niter,ni,del,rscale     7    3    5.0000    1.2000
parameter  5  0.622872 ->  0.500000 qaram    1.7490
parameters
    1.1078   -4.0922    5.3211  -15.3341  -22.6509  -15.1388
    4.6205   -2.1520   -2.3954   17.8865    4.0411  -20.0740
eta,q 0.97045  7.97111
  0.0353  0.0360  0.0319  0.0345  0.0304  0.0325  0.0320  0.0338  0.0322  0.0352  0.0304  0.0309
  0.0336  0.0340  0.0315  0.0328  0.0299  0.0311  0.0309  0.0319  0.0309  0.0328  0.0300  0.0302
  0.0324  0.0326  0.0314  0.0317  0.0301  0.0302  0.0301  0.0305  0.0301  0.0310  0.0297  0.0298
  0.0319  0.0319  0.0317  0.0314  0.0314  0.0299  0.0299  0.0299  0.0299  0.0299  0.0296  0.0296
  0.0320  0.0317  0.0322  0.0315  0.0339  0.0309  0.0302  0.0301  0.0303  0.0296  0.0296  0.0296
  0.0328  0.0320  0.0330  0.0329  0.0373  0.0327  0.0310  0.0313  0.0312  0.0303  0.0298  0.0298
  0.0342  0.0329  0.0340  0.0359  0.0414  0.0346  0.0321  0.0331  0.0326  0.0320  0.0302  0.0302
niter,ni,del,rscale     7    3    5.0000    1.2000
parameters
    1.2448   -3.1326    4.3323  -15.5132  -25.8974  -16.8617
    4.2803   -1.9893   -2.7548   19.6906    4.0175  -18.6445
eta,q 0.97145  7.74243
  0.0326  0.0338  0.0294  0.0322  0.0313  0.0311  0.0306  0.0323  0.0311  0.0333  0.0294  0.0298
  0.0310  0.0318  0.0291  0.0304  0.0296  0.0298  0.0296  0.0306  0.0298  0.0312  0.0290  0.0292
  0.0300  0.0304  0.0290  0.0293  0.0288  0.0290  0.0289  0.0293  0.0290  0.0297  0.0287  0.0288
  0.0295  0.0295  0.0292  0.0290  0.0290  0.0288  0.0288  0.0288  0.0288  0.0288  0.0286  0.0286
  0.0297  0.0292  0.0297  0.0292  0.0302  0.0297  0.0292  0.0292  0.0292  0.0286  0.0287  0.0286
  0.0306  0.0294  0.0304  0.0302  0.0329  0.0316  0.0299  0.0303  0.0301  0.0293  0.0290  0.0288
  0.0320  0.0300  0.0312  0.0327  0.0367  0.0336  0.0309  0.0321  0.0314  0.0307  0.0294  0.0291
niter,ni,del,rscale     6    3    5.0000    1.2000
parameters
    1.2927   -2.2738    3.5152  -16.2251  -27.6856  -18.3618
    4.0043   -1.7560   -2.6927   20.8868    3.7977  -18.5724
eta,q 0.97207  7.58722
  0.0312  0.0322  0.0287  0.0311  0.0315  0.0304  0.0299  0.0315  0.0308  0.0319  0.0288  0.0288
  0.0298  0.0305  0.0283  0.0293  0.0296  0.0291  0.0288  0.0297  0.0293  0.0301  0.0283  0.0283
  0.0289  0.0293  0.0282  0.0282  0.0283  0.0283  0.0282  0.0285  0.0284  0.0288  0.0280  0.0280
  0.0286  0.0286  0.0283  0.0282  0.0281  0.0280  0.0281  0.0281  0.0281  0.0281  0.0279  0.0279
  0.0288  0.0283  0.0287  0.0286  0.0291  0.0287  0.0284  0.0284  0.0284  0.0280  0.0280  0.0280
  0.0296  0.0285  0.0293  0.0297  0.0311  0.0306  0.0291  0.0294  0.0293  0.0287  0.0284  0.0283
  0.0310  0.0291  0.0301  0.0321  0.0345  0.0327  0.0301  0.0311  0.0306  0.0304  0.0289  0.0288
niter,ni,del,rscale     5    3    5.0000    1.2000
parameters
    1.3721   -1.7350    3.1450  -16.5857  -28.4868  -19.0314
    3.7151   -1.5198   -2.6711   21.5459    3.7530  -19.0330
eta,q 0.97225  7.52718
  0.0305  0.0310  0.0286  0.0310  0.0319  0.0306  0.0297  0.0312  0.0306  0.0314  0.0287  0.0285
  0.0292  0.0295  0.0281  0.0292  0.0298  0.0292  0.0286  0.0295  0.0291  0.0297  0.0282  0.0281
  0.0283  0.0285  0.0278  0.0280  0.0283  0.0282  0.0279  0.0283  0.0281  0.0285  0.0279  0.0278
  0.0279  0.0279  0.0278  0.0278  0.0278  0.0278  0.0278  0.0278  0.0278  0.0278  0.0277  0.0277
  0.0282  0.0279  0.0281  0.0283  0.0285  0.0281  0.0282  0.0281  0.0282  0.0279  0.0278  0.0279
  0.0289  0.0283  0.0285  0.0293  0.0304  0.0296  0.0289  0.0292  0.0291  0.0288  0.0282  0.0282
  0.0302  0.0291  0.0292  0.0315  0.0334  0.0319  0.0299  0.0308  0.0305  0.0306  0.0287  0.0287
niter,ni,del,rscale     4    3    5.0000    1.2000
parameters
    1.4568   -1.4803    2.9956  -16.6641  -28.7910  -19.2797
    3.5230   -1.3785   -2.6793   21.9411    3.6987  -19.3600
eta,q 0.97228  7.51136
  0.0304  0.0303  0.0286  0.0311  0.0321  0.0308  0.0297  0.0311  0.0305  0.0311  0.0286  0.0285
  0.0290  0.0289  0.0281  0.0293  0.0301  0.0293  0.0286  0.0294  0.0290  0.0295  0.0281  0.0280
  0.0281  0.0281  0.0278  0.0280  0.0284  0.0283  0.0279  0.0282  0.0280  0.0283  0.0278  0.0278
  0.0277  0.0277  0.0277  0.0277  0.0277  0.0277  0.0278  0.0278  0.0277  0.0277  0.0277  0.0277
  0.0280  0.0279  0.0279  0.0283  0.0283  0.0279  0.0281  0.0281  0.0281  0.0279  0.0278  0.0278
  0.0288  0.0284  0.0283  0.0292  0.0300  0.0293  0.0288  0.0292  0.0290  0.0289  0.0281  0.0281
  0.0300  0.0293  0.0289  0.0313  0.0329  0.0315  0.0298  0.0309  0.0304  0.0307  0.0287  0.0286
niter,ni,del,rscale     3    3    5.0000    1.2000
parameters
    1.5151   -1.3689    2.9224  -16.6893  -28.9232  -19.3802
    3.4177   -1.2951   -2.6745   22.1385    3.6604  -19.5099
eta,q 0.97228  7.50574
  0.0303  0.0300  0.0286  0.0312  0.0322  0.0308  0.0297  0.0311  0.0304  0.0310  0.0286  0.0285
  0.0289  0.0287  0.0281  0.0293  0.0301  0.0294  0.0286  0.0293  0.0290  0.0294  0.0281  0.0281
  0.0280  0.0280  0.0278  0.0280  0.0285  0.0283  0.0279  0.0282  0.0280  0.0283  0.0278  0.0278
  0.0277  0.0277  0.0277  0.0277  0.0277  0.0277  0.0277  0.0277  0.0277  0.0277  0.0277  0.0277
  0.0280  0.0279  0.0278  0.0283  0.0282  0.0279  0.0281  0.0281  0.0281  0.0280  0.0278  0.0278
  0.0288  0.0285  0.0282  0.0292  0.0299  0.0291  0.0288  0.0292  0.0290  0.0290  0.0281  0.0281
  0.0301  0.0295  0.0288  0.0313  0.0328  0.0313  0.0297  0.0309  0.0304  0.0309  0.0286  0.0286
niter,ni,del,rscale     2    3    5.0000    1.2000
parameters
    1.5465   -1.3166    2.8884  -16.6981  -28.9881  -19.4255
    3.3563   -1.2524   -2.6703   22.2396    3.6176  -19.6027
eta,q 0.97228  7.50344
  0.0302  0.0298  0.0287  0.0312  0.0322  0.0308  0.0297  0.0310  0.0304  0.0309  0.0286  0.0285
  0.0289  0.0287  0.0282  0.0293  0.0302  0.0294  0.0286  0.0293  0.0290  0.0294  0.0281  0.0281
  0.0280  0.0279  0.0278  0.0280  0.0285  0.0283  0.0279  0.0282  0.0280  0.0282  0.0278  0.0278
  0.0277  0.0277  0.0277  0.0277  0.0277  0.0277  0.0277  0.0277  0.0277  0.0277  0.0277  0.0277
  0.0280  0.0280  0.0278  0.0283  0.0282  0.0278  0.0280  0.0281  0.0281  0.0280  0.0278  0.0278
  0.0288  0.0286  0.0282  0.0292  0.0299  0.0291  0.0288  0.0292  0.0290  0.0291  0.0281  0.0281
  0.0301  0.0296  0.0287  0.0313  0.0327  0.0313  0.0297  0.0310  0.0304  0.0309  0.0286  0.0286
niter,ni,del,rscale     1    3    5.0000    1.2000
parameters
    1.5645   -1.2911    2.8708  -16.7030  -29.0223  -19.4480
    3.3233   -1.2255   -2.6691   22.2914    3.6014  -19.6493
eta,q 0.97228  7.50222
  0.0302  0.0298  0.0287  0.0312  0.0323  0.0308  0.0298  0.0310  0.0304  0.0309  0.0286  0.0285
  0.0289  0.0286  0.0282  0.0294  0.0302  0.0294  0.0286  0.0293  0.0290  0.0293  0.0281  0.0281
  0.0280  0.0279  0.0278  0.0280  0.0285  0.0283  0.0279  0.0281  0.0280  0.0282  0.0278  0.0278
  0.0277  0.0277  0.0277  0.0277  0.0277  0.0277  0.0277  0.0277  0.0277  0.0277  0.0277  0.0277
  0.0280  0.0280  0.0278  0.0283  0.0282  0.0278  0.0280  0.0281  0.0281  0.0280  0.0278  0.0278
  0.0288  0.0286  0.0282  0.0292  0.0298  0.0291  0.0287  0.0292  0.0290  0.0291  0.0281  0.0281
  0.0301  0.0296  0.0287  0.0313  0.0327  0.0312  0.0297  0.0310  0.0304  0.0310  0.0286  0.0285
registration optimization eta report
parameter search radius
    2.4000    2.4000    2.4000   10.9503   12.5928    9.5220
    7.2000    7.2000    8.2800    8.2800    7.2000    7.2000
100000*second partial in parameter space
       43.       34.       17.        3.        3.        4.
        4.        6.        4.        5.        2.        2.
  0.0302  0.0298  0.0287  0.0312  0.0323  0.0308  0.0298  0.0310  0.0304  0.0309  0.0286  0.0285
  0.0289  0.0286  0.0282  0.0294  0.0302  0.0294  0.0286  0.0293  0.0290  0.0293  0.0281  0.0281
  0.0280  0.0279  0.0278  0.0280  0.0285  0.0283  0.0279  0.0281  0.0280  0.0282  0.0278  0.0278
  0.0277  0.0277  0.0277  0.0277  0.0277  0.0277  0.0277  0.0277  0.0277  0.0277  0.0277  0.0277
  0.0280  0.0280  0.0278  0.0283  0.0282  0.0278  0.0280  0.0281  0.0281  0.0280  0.0278  0.0278
  0.0288  0.0286  0.0282  0.0292  0.0298  0.0291  0.0287  0.0292  0.0290  0.0291  0.0281  0.0281
  0.0301  0.0296  0.0287  0.0313  0.0327  0.0312  0.0297  0.0310  0.0304  0.0310  0.0286  0.0285
    1.5645   -1.2911    2.8708  -16.7030  -29.0223  -19.4480
    3.3233   -1.2255   -2.6691   22.2914    3.6014  -19.6493
eta,q 0.97228  7.50222

---------------------------------------------------------------------
imgreg_4dfp /opt/freesurfer/average/711-2C_as_mni_average_305 /opt/freesurfer/average/711-2B_as_mni_average_305_mask talsrcimg_g11 none talsrcimg_to_711-2C_as_mni_average_305_t4 2311
---------------------------------------------------------------------

freesurfer imgreg_4dfp.c
/opt/freesurfer/average/711-2C_as_mni_average_305.4dfp.img
       256       256       256         1
  1.000000  1.000000  1.000000
orientation T byte_order littleendian
Reading image: /opt/freesurfer/average/711-2C_as_mni_average_305.4dfp.img
dimensions:      256       256       256
mmppix:       1.0000   -1.0000   -1.0000
center:     128.0000 -129.0000 -129.0000
/opt/freesurfer/average/711-2B_as_mni_average_305_mask.4dfp.img
       256       256       256         1
  1.000000  1.000000  1.000000
orientation T byte_order littleendian
Reading mask: /opt/freesurfer/average/711-2B_as_mni_average_305_mask.4dfp.img (2306576 pixels)
talsrcimg_g11.4dfp.img
       256       256       256         1
  1.000000  1.000000  1.000000
orientation T byte_order littleendian
Reading image: talsrcimg_g11.4dfp.img
dimensions:      256       256       256
mmppix:       1.0000   -1.0000   -1.0000
center:     128.0000 -129.0000 -129.0000
fimgreg.f
image alignment mode   2311 decimal      907 hex
parameters
    1.5645   -1.2911    2.8708  -16.7030  -29.0223  -19.4480
    3.3233   -1.2255   -2.6691   22.2914    3.6014  -19.6493
eta,q 0.97228  7.50222
niter,ni,del,rscale     5    3    5.0000    0.8000
parameters
    1.5721   -1.3177    2.8998  -17.0677  -28.4078  -18.6295
    3.1571   -1.1917   -2.7728   22.3476    3.6386  -19.9461
eta,q 0.97236  7.53318
  0.0289  0.0286  0.0282  0.0284  0.0287  0.0288  0.0286  0.0292  0.0286  0.0288  0.0280  0.0279
  0.0282  0.0281  0.0279  0.0279  0.0282  0.0283  0.0280  0.0284  0.0280  0.0282  0.0278  0.0278
  0.0279  0.0278  0.0278  0.0277  0.0279  0.0279  0.0277  0.0278  0.0277  0.0278  0.0277  0.0277
  0.0277  0.0277  0.0277  0.0277  0.0277  0.0277  0.0276  0.0276  0.0276  0.0276  0.0276  0.0276
  0.0279  0.0278  0.0278  0.0279  0.0277  0.0276  0.0278  0.0278  0.0278  0.0278  0.0277  0.0277
  0.0282  0.0282  0.0279  0.0282  0.0279  0.0278  0.0282  0.0283  0.0281  0.0282  0.0278  0.0278
  0.0288  0.0286  0.0281  0.0285  0.0283  0.0283  0.0287  0.0292  0.0286  0.0288  0.0280  0.0280
niter,ni,del,rscale     4    3    5.0000    0.7000
parameters
    1.5618   -1.3861    2.9693  -17.2610  -28.4290  -18.4933
    3.1226   -1.1917   -2.8173   22.3593    3.6516  -19.8910
eta,q 0.97238  7.52782
  0.0285  0.0283  0.0280  0.0282  0.0283  0.0283  0.0284  0.0288  0.0284  0.0285  0.0279  0.0279
  0.0280  0.0279  0.0278  0.0278  0.0279  0.0280  0.0279  0.0282  0.0280  0.0281  0.0278  0.0277
  0.0277  0.0277  0.0277  0.0276  0.0277  0.0277  0.0277  0.0278  0.0277  0.0277  0.0277  0.0277
  0.0276  0.0276  0.0276  0.0276  0.0276  0.0276  0.0276  0.0276  0.0276  0.0276  0.0276  0.0276
  0.0277  0.0277  0.0277  0.0278  0.0277  0.0276  0.0277  0.0278  0.0277  0.0277  0.0276  0.0276
  0.0280  0.0280  0.0278  0.0280  0.0279  0.0279  0.0280  0.0282  0.0280  0.0280  0.0278  0.0277
  0.0285  0.0284  0.0279  0.0282  0.0283  0.0283  0.0284  0.0288  0.0284  0.0286  0.0279  0.0279
niter,ni,del,rscale     3    3    5.0000    0.6000
parameters
    1.5459   -1.3903    2.9911  -17.4056  -28.4364  -18.3874
    3.1088   -1.1985   -2.8407   22.3599    3.6381  -19.9267
eta,q 0.97238  7.52423
  0.0283  0.0281  0.0279  0.0281  0.0281  0.0281  0.0282  0.0285  0.0282  0.0283  0.0278  0.0278
  0.0279  0.0278  0.0277  0.0278  0.0278  0.0279  0.0279  0.0280  0.0279  0.0279  0.0277  0.0277
  0.0277  0.0277  0.0277  0.0276  0.0277  0.0277  0.0277  0.0277  0.0277  0.0277  0.0276  0.0276
  0.0276  0.0276  0.0276  0.0276  0.0276  0.0276  0.0276  0.0276  0.0276  0.0276  0.0276  0.0276
  0.0277  0.0277  0.0276  0.0277  0.0277  0.0276  0.0277  0.0277  0.0277  0.0277  0.0276  0.0276
  0.0279  0.0279  0.0277  0.0279  0.0278  0.0278  0.0279  0.0280  0.0279  0.0279  0.0277  0.0277
  0.0283  0.0281  0.0279  0.0281  0.0281  0.0281  0.0282  0.0285  0.0282  0.0283  0.0279  0.0278
niter,ni,del,rscale     2    3    5.0000    0.5000
parameters
    1.5346   -1.3943    3.0105  -17.5051  -28.4470  -18.2811
    3.0899   -1.1901   -2.8593   22.3670    3.6467  -19.9479
eta,q 0.97239  7.52245
  0.0281  0.0280  0.0278  0.0279  0.0280  0.0280  0.0280  0.0282  0.0280  0.0281  0.0278  0.0277
  0.0278  0.0278  0.0277  0.0277  0.0278  0.0278  0.0278  0.0279  0.0278  0.0278  0.0277  0.0277
  0.0277  0.0277  0.0276  0.0276  0.0277  0.0277  0.0277  0.0277  0.0277  0.0277  0.0276  0.0276
  0.0276  0.0276  0.0276  0.0276  0.0276  0.0276  0.0276  0.0276  0.0276  0.0276  0.0276  0.0276
  0.0277  0.0277  0.0276  0.0277  0.0277  0.0276  0.0277  0.0277  0.0277  0.0277  0.0276  0.0276
  0.0278  0.0278  0.0277  0.0278  0.0278  0.0277  0.0278  0.0279  0.0278  0.0278  0.0277  0.0277
  0.0281  0.0280  0.0278  0.0280  0.0280  0.0280  0.0280  0.0282  0.0280  0.0281  0.0278  0.0277
niter,ni,del,rscale     1    3    5.0000    0.4000
parameters
    1.5283   -1.3906    3.0240  -17.5907  -28.4413  -18.1983
    3.0661   -1.1936   -2.8561   22.3745    3.6467  -19.9959
eta,q 0.97240  7.52155
  0.0279  0.0278  0.0277  0.0278  0.0278  0.0278  0.0279  0.0280  0.0279  0.0279  0.0277  0.0277
  0.0277  0.0277  0.0277  0.0277  0.0277  0.0277  0.0277  0.0278  0.0277  0.0278  0.0277  0.0276
  0.0276  0.0276  0.0276  0.0276  0.0276  0.0276  0.0276  0.0276  0.0276  0.0276  0.0276  0.0276
  0.0276  0.0276  0.0276  0.0276  0.0276  0.0276  0.0276  0.0276  0.0276  0.0276  0.0276  0.0276
  0.0276  0.0276  0.0276  0.0276  0.0276  0.0276  0.0276  0.0276  0.0276  0.0276  0.0276  0.0276
  0.0277  0.0277  0.0277  0.0277  0.0277  0.0277  0.0277  0.0278  0.0277  0.0277  0.0277  0.0276
  0.0279  0.0278  0.0277  0.0278  0.0278  0.0278  0.0279  0.0280  0.0279  0.0279  0.0277  0.0277
registration optimization eta report
parameter search radius
    0.8000    0.8000    0.8000    2.4000    2.4000    2.4000
    2.4000    2.4000    2.4000    2.4000    2.4000    2.4000
100000*second partial in parameter space
       46.       37.       18.        4.        4.        4.
        5.        7.        4.        5.        2.        1.
  0.0279  0.0278  0.0277  0.0278  0.0278  0.0278  0.0279  0.0280  0.0279  0.0279  0.0277  0.0277
  0.0277  0.0277  0.0277  0.0277  0.0277  0.0277  0.0277  0.0278  0.0277  0.0278  0.0277  0.0276
  0.0276  0.0276  0.0276  0.0276  0.0276  0.0276  0.0276  0.0276  0.0276  0.0276  0.0276  0.0276
  0.0276  0.0276  0.0276  0.0276  0.0276  0.0276  0.0276  0.0276  0.0276  0.0276  0.0276  0.0276
  0.0276  0.0276  0.0276  0.0276  0.0276  0.0276  0.0276  0.0276  0.0276  0.0276  0.0276  0.0276
  0.0277  0.0277  0.0277  0.0277  0.0277  0.0277  0.0277  0.0278  0.0277  0.0277  0.0277  0.0276
  0.0279  0.0278  0.0277  0.0278  0.0278  0.0278  0.0279  0.0280  0.0279  0.0279  0.0277  0.0277
    1.5283   -1.3906    3.0240  -17.5907  -28.4413  -18.1983
    3.0661   -1.1936   -2.8561   22.3745    3.6467  -19.9959
eta,q 0.97240  7.52155

---------------------------------------------------------------------
imgreg_4dfp /opt/freesurfer/average/711-2C_as_mni_average_305 /opt/freesurfer/average/711-2B_as_mni_average_305_mask talsrcimg_g11 none talsrcimg_to_711-2C_as_mni_average_305_t4 2311
---------------------------------------------------------------------

freesurfer imgreg_4dfp.c
/opt/freesurfer/average/711-2C_as_mni_average_305.4dfp.img
       256       256       256         1
  1.000000  1.000000  1.000000
orientation T byte_order littleendian
Reading image: /opt/freesurfer/average/711-2C_as_mni_average_305.4dfp.img
dimensions:      256       256       256
mmppix:       1.0000   -1.0000   -1.0000
center:     128.0000 -129.0000 -129.0000
/opt/freesurfer/average/711-2B_as_mni_average_305_mask.4dfp.img
       256       256       256         1
  1.000000  1.000000  1.000000
orientation T byte_order littleendian
Reading mask: /opt/freesurfer/average/711-2B_as_mni_average_305_mask.4dfp.img (2306576 pixels)
talsrcimg_g11.4dfp.img
       256       256       256         1
  1.000000  1.000000  1.000000
orientation T byte_order littleendian
Reading image: talsrcimg_g11.4dfp.img
dimensions:      256       256       256
mmppix:       1.0000   -1.0000   -1.0000
center:     128.0000 -129.0000 -129.0000
fimgreg.f
image alignment mode   2311 decimal      907 hex
parameters
    1.5283   -1.3906    3.0240  -17.5907  -28.4413  -18.1983
    3.0661   -1.1936   -2.8561   22.3745    3.6467  -19.9959
eta,q 0.97240  7.52154
niter,ni,del,rscale     5    3    5.0000    0.8000
parameters
    1.5370   -1.3629    3.0177  -17.2522  -28.5406  -18.5416
    3.2090   -1.2153   -2.8279   22.3700    3.6565  -19.8714
eta,q 0.97238  7.52332
  0.0288  0.0286  0.0281  0.0286  0.0284  0.0284  0.0287  0.0292  0.0286  0.0288  0.0280  0.0280
  0.0281  0.0280  0.0278  0.0280  0.0280  0.0280  0.0281  0.0283  0.0281  0.0282  0.0278  0.0278
  0.0277  0.0277  0.0277  0.0277  0.0277  0.0277  0.0277  0.0278  0.0277  0.0278  0.0277  0.0277
  0.0276  0.0276  0.0276  0.0276  0.0276  0.0276  0.0276  0.0276  0.0276  0.0276  0.0276  0.0276
  0.0277  0.0277  0.0277  0.0277  0.0277  0.0277  0.0277  0.0278  0.0277  0.0278  0.0277  0.0276
  0.0281  0.0280  0.0278  0.0280  0.0280  0.0281  0.0281  0.0283  0.0281  0.0282  0.0278  0.0278
  0.0288  0.0285  0.0281  0.0283  0.0285  0.0288  0.0285  0.0292  0.0286  0.0288  0.0280  0.0280
niter,ni,del,rscale     4    3    5.0000    0.7000
parameters
    1.5370   -1.3746    2.9842  -17.2972  -28.4556  -18.4862
    3.1620   -1.2066   -2.8327   22.3541    3.6584  -19.8898
eta,q 0.97238  7.52554
  0.0285  0.0283  0.0280  0.0283  0.0283  0.0283  0.0284  0.0288  0.0284  0.0285  0.0279  0.0279
  0.0280  0.0279  0.0278  0.0279  0.0279  0.0280  0.0279  0.0282  0.0280  0.0280  0.0278  0.0277
  0.0277  0.0277  0.0277  0.0277  0.0277  0.0277  0.0277  0.0278  0.0277  0.0277  0.0277  0.0276
  0.0276  0.0276  0.0276  0.0276  0.0276  0.0276  0.0276  0.0276  0.0276  0.0276  0.0276  0.0276
  0.0277  0.0277  0.0277  0.0277  0.0277  0.0277  0.0277  0.0277  0.0277  0.0277  0.0276  0.0276
  0.0280  0.0280  0.0278  0.0280  0.0279  0.0279  0.0280  0.0282  0.0280  0.0280  0.0278  0.0277
  0.0285  0.0283  0.0280  0.0282  0.0283  0.0283  0.0284  0.0288  0.0284  0.0286  0.0279  0.0279
niter,ni,del,rscale     3    3    5.0000    0.6000
parameters
    1.5354   -1.3859    2.9936  -17.4073  -28.4447  -18.3787
    3.1314   -1.2061   -2.8498   22.3628    3.6623  -19.9166
eta,q 0.97239  7.52412
  0.0283  0.0281  0.0279  0.0281  0.0281  0.0281  0.0282  0.0285  0.0282  0.0283  0.0278  0.0278
  0.0279  0.0278  0.0277  0.0278  0.0278  0.0279  0.0279  0.0280  0.0279  0.0279  0.0277  0.0277
  0.0277  0.0277  0.0276  0.0276  0.0277  0.0277  0.0277  0.0277  0.0277  0.0277  0.0276  0.0276
  0.0276  0.0276  0.0276  0.0276  0.0276  0.0276  0.0276  0.0276  0.0276  0.0276  0.0276  0.0276
  0.0277  0.0277  0.0276  0.0277  0.0277  0.0276  0.0277  0.0277  0.0277  0.0277  0.0276  0.0276
  0.0279  0.0279  0.0277  0.0279  0.0278  0.0278  0.0279  0.0280  0.0279  0.0279  0.0277  0.0277
  0.0283  0.0281  0.0279  0.0281  0.0281  0.0281  0.0282  0.0285  0.0282  0.0283  0.0278  0.0278
niter,ni,del,rscale     2    3    5.0000    0.5000
parameters
    1.5281   -1.3940    3.0154  -17.5086  -28.4444  -18.2835
    3.1085   -1.1982   -2.8610   22.3549    3.6574  -19.9206
eta,q 0.97239  7.52214
  0.0281  0.0280  0.0278  0.0279  0.0280  0.0280  0.0280  0.0282  0.0280  0.0281  0.0278  0.0277
  0.0278  0.0278  0.0277  0.0277  0.0278  0.0278  0.0278  0.0279  0.0278  0.0278  0.0277  0.0277
  0.0277  0.0276  0.0276  0.0276  0.0276  0.0277  0.0277  0.0277  0.0277  0.0277  0.0276  0.0276
  0.0276  0.0276  0.0276  0.0276  0.0276  0.0276  0.0276  0.0276  0.0276  0.0276  0.0276  0.0276
  0.0277  0.0277  0.0276  0.0277  0.0277  0.0276  0.0277  0.0277  0.0277  0.0277  0.0276  0.0276
  0.0278  0.0278  0.0277  0.0278  0.0278  0.0277  0.0278  0.0279  0.0278  0.0278  0.0277  0.0277
  0.0281  0.0280  0.0278  0.0280  0.0280  0.0280  0.0280  0.0282  0.0280  0.0281  0.0278  0.0277
niter,ni,del,rscale     1    3    5.0000    0.4000
parameters
    1.5245   -1.3979    3.0221  -17.5798  -28.4354  -18.2004
    3.0857   -1.1989   -2.8676   22.3653    3.6395  -19.9487
eta,q 0.97239  7.52177
  0.0279  0.0278  0.0277  0.0278  0.0278  0.0278  0.0279  0.0280  0.0279  0.0279  0.0277  0.0277
  0.0277  0.0277  0.0277  0.0277  0.0277  0.0277  0.0277  0.0278  0.0277  0.0277  0.0276  0.0276
  0.0276  0.0276  0.0276  0.0276  0.0276  0.0276  0.0276  0.0277  0.0276  0.0276  0.0276  0.0276
  0.0276  0.0276  0.0276  0.0276  0.0276  0.0276  0.0276  0.0276  0.0276  0.0276  0.0276  0.0276
  0.0276  0.0276  0.0276  0.0276  0.0276  0.0276  0.0276  0.0276  0.0276  0.0276  0.0276  0.0276
  0.0277  0.0277  0.0277  0.0277  0.0277  0.0277  0.0277  0.0278  0.0277  0.0277  0.0277  0.0276
  0.0279  0.0278  0.0277  0.0278  0.0278  0.0278  0.0279  0.0280  0.0279  0.0279  0.0277  0.0277
registration optimization eta report
parameter search radius
    0.8000    0.8000    0.8000    2.4000    2.4000    2.4000
    2.4000    2.4000    2.4000    2.4000    2.4000    2.4000
100000*second partial in parameter space
       46.       37.       18.        4.        4.        4.
        5.        7.        4.        5.        2.        1.
  0.0279  0.0278  0.0277  0.0278  0.0278  0.0278  0.0279  0.0280  0.0279  0.0279  0.0277  0.0277
  0.0277  0.0277  0.0277  0.0277  0.0277  0.0277  0.0277  0.0278  0.0277  0.0277  0.0276  0.0276
  0.0276  0.0276  0.0276  0.0276  0.0276  0.0276  0.0276  0.0277  0.0276  0.0276  0.0276  0.0276
  0.0276  0.0276  0.0276  0.0276  0.0276  0.0276  0.0276  0.0276  0.0276  0.0276  0.0276  0.0276
  0.0276  0.0276  0.0276  0.0276  0.0276  0.0276  0.0276  0.0276  0.0276  0.0276  0.0276  0.0276
  0.0277  0.0277  0.0277  0.0277  0.0277  0.0277  0.0277  0.0278  0.0277  0.0277  0.0277  0.0276
  0.0279  0.0278  0.0277  0.0278  0.0278  0.0278  0.0279  0.0280  0.0279  0.0279  0.0277  0.0277
    1.5245   -1.3979    3.0221  -17.5798  -28.4354  -18.2004
    3.0857   -1.1989   -2.8676   22.3653    3.6395  -19.9487
eta,q 0.97239  7.52177

---------------------------------------------------------------------
compute_vox2vox talsrcimg talsrcimg_to_711-2C_as_mni_average_305_t4 /opt/freesurfer/average/711-2C_as_mni_average_305
---------------------------------------------------------------------

freesurfer compute_vox2vox.c
Reading: talsrcimg.4dfp.ifh
Reading: talsrcimg_to_711-2C_as_mni_average_305_t4
Reading: /opt/freesurfer/average/711-2C_as_mni_average_305.4dfp.ifh
Writing: talsrcimg_to_711-2C_as_mni_average_305_t4_vox2vox.txt

start time Sun Mar 8 15:50:39 CET 2026
end		time Sun Mar 8 15:50:53 CET 2026

mpr2mni305 success

avi2talxfm orig_nu.mgz /opt/freesurfer/average/mni305.cor.mgz talsrcimg_to_711-2C_as_mni_average_305_t4_vox2vox.txt transforms/talairach.auto.xfm
avi2talxfm done
mv -f /out/sourcedata/freesurfer/sub-v1s13x0050025_ses-1/mri/talsrcimg_to_711-2C_as_mni_average_305_t4_vox2vox.txt /out/sourcedata/freesurfer/sub-v1s13x0050025_ses-1/mri/transforms/talsrcimg_to_711-2C_as_mni_average_305_t4_vox2vox.txt
lta_convert --src orig_nu.mgz --trg /opt/freesurfer/average/mni305.cor.mgz --inxfm transforms/talairach.auto.xfm --outlta transforms/talairach.auto.xfm.lta --subject fsaverage
7.3.2

--src: orig_nu.mgz src image (geometry).
--trg: /opt/freesurfer/average/mni305.cor.mgz trg image (geometry).
--inmni: transforms/talairach.auto.xfm input MNI/XFM transform.
--outlta: transforms/talairach.auto.xfm.lta output LTA.
--s: fsaverage subject name
 LTA read, type : 1
 1.21045   0.02974  -0.04390  -8.87811;
-0.03905   1.13497   0.31806   11.06427;
 0.06071  -0.35351   1.29618   34.16028;
 0.00000   0.00000   0.00000   1.00000;
setting subject to fsaverage
Writing  LTA to file transforms/talairach.auto.xfm.lta...
lta_convert successful.
 
 
Started at Sun Mar 8 15:50:38 CET 2026
Ended   at Sun Mar  8 15:50:53 CET 2026
talairach_avi done
