status file for recon-all
Sun Mar  8 14:57:04 CET 2026
#@# Tessellate rh Sun Mar  8 14:57:04 CET 2026
#@# Smooth1 rh Sun Mar  8 14:57:07 CET 2026
#@# Inflation1 rh Sun Mar  8 14:57:10 CET 2026
#@# QSphere rh Sun Mar  8 14:57:22 CET 2026
#@# Fix Topology rh Sun Mar  8 14:58:23 CET 2026
#@# Smooth2 rh Sun Mar  8 15:05:54 CET 2026
#@# Inflation2 rh Sun Mar  8 15:05:57 CET 2026
#@# Curv .H and .K rh Sun Mar  8 15:06:10 CET 2026
#@# Sphere rh Sun Mar  8 15:06:54 CET 2026
#@# Surf Reg rh Sun Mar  8 15:10:12 CET 2026
#@# Jacobian white rh Sun Mar  8 15:14:18 CET 2026
#@# AvgCurv rh Sun Mar  8 15:14:19 CET 2026
#@# Cortical Parc rh Sun Mar  8 15:14:20 CET 2026
#@# white curv rh Sun Mar  8 15:20:31 CET 2026
#@# white area rh Sun Mar  8 15:20:32 CET 2026
#@# pial curv rh Sun Mar  8 15:20:33 CET 2026
#@# pial area rh Sun Mar  8 15:20:35 CET 2026
#@# thickness rh Sun Mar  8 15:20:35 CET 2026
#@# area and vertex vol rh Sun Mar  8 15:21:03 CET 2026
#@# Curvature Stats rh Sun Mar  8 15:21:04 CET 2026
#@# Cortical Parc 2 rh Sun Mar  8 15:21:07 CET 2026
#@# Cortical Parc 3 rh Sun Mar  8 15:21:19 CET 2026
#@# WM/GM Contrast rh Sun Mar  8 15:21:29 CET 2026
recon-all -s sub-v1s13x0050014_ses-1 finished without error at Sun Mar  8 15:21:32 CET 2026



#New# invocation of recon-all 



status file for recon-all
Sun Mar  8 15:28:29 CET 2026
#@# white curv rh Sun Mar  8 15:28:29 CET 2026
#@# white area rh Sun Mar  8 15:28:29 CET 2026
#@# pial curv rh Sun Mar  8 15:28:29 CET 2026
#@# pial area rh Sun Mar  8 15:28:29 CET 2026
#@# thickness rh Sun Mar  8 15:28:29 CET 2026
#@# area and vertex vol rh Sun Mar  8 15:28:29 CET 2026
#@# Parcellation Stats rh Sun Mar  8 15:28:29 CET 2026
#@# Parcellation Stats 2 rh Sun Mar  8 15:28:48 CET 2026
#@# Parcellation Stats 3 rh Sun Mar  8 15:28:56 CET 2026
#@# BA_exvivo Labels rh Sun Mar  8 15:29:04 CET 2026
recon-all -s sub-v1s13x0050014_ses-1 finished without error at Sun Mar  8 15:31:29 CET 2026
