status file for recon-all
Sun Mar  8 12:43:15 CET 2026
#@# MotionCor Sun Mar  8 12:43:18 CET 2026
#@# Talairach Sun Mar  8 12:43:26 CET 2026
#@# Talairach Failure Detection Sun Mar  8 12:47:52 CET 2026
#@# Nu Intensity Correction Sun Mar  8 12:47:52 CET 2026
#@# Intensity Normalization Sun Mar  8 12:51:12 CET 2026
recon-all -s sub-v1s13x0050014_ses-1 finished without error at Sun Mar  8 12:52:41 CET 2026



#New# invocation of recon-all 



status file for recon-all
Sun Mar  8 12:59:58 CET 2026
#@# EM Registration Sun Mar  8 12:59:58 CET 2026
recon-all -s sub-v1s13x0050014_ses-1 finished without error at Sun Mar  8 13:02:47 CET 2026



#New# invocation of recon-all 



status file for recon-all
Sun Mar  8 13:02:51 CET 2026
#@# CA Normalize Sun Mar  8 13:02:51 CET 2026
#@# CA Reg Sun Mar  8 13:04:12 CET 2026
#@# SubCort Seg Sun Mar  8 13:56:43 CET 2026
#@# CC Seg Sun Mar  8 14:25:13 CET 2026
#@# Merge ASeg Sun Mar  8 14:25:47 CET 2026
#@# Intensity Normalization2 Sun Mar  8 14:25:47 CET 2026
#@# Mask BFS Sun Mar  8 14:28:06 CET 2026
#@# WM Segmentation Sun Mar  8 14:28:06 CET 2026
#@# Fill Sun Mar  8 14:30:10 CET 2026
recon-all -s sub-v1s13x0050014_ses-1 finished without error at Sun Mar  8 14:31:13 CET 2026



#New# invocation of recon-all 



status file for recon-all
Sun Mar  8 15:21:36 CET 2026
#@# white curv lh Sun Mar  8 15:21:36 CET 2026
#@# white area lh Sun Mar  8 15:21:36 CET 2026
#@# pial curv lh Sun Mar  8 15:21:36 CET 2026
#@# pial area lh Sun Mar  8 15:21:36 CET 2026
#@# thickness lh Sun Mar  8 15:21:36 CET 2026
#@# area and vertex vol lh Sun Mar  8 15:21:36 CET 2026
#@# white curv rh Sun Mar  8 15:21:36 CET 2026
#@# white area rh Sun Mar  8 15:21:36 CET 2026
#@# pial curv rh Sun Mar  8 15:21:36 CET 2026
#@# pial area rh Sun Mar  8 15:21:36 CET 2026
#@# thickness rh Sun Mar  8 15:21:36 CET 2026
#@# area and vertex vol rh Sun Mar  8 15:21:36 CET 2026
#@# Cortical ribbon mask Sun Mar  8 15:21:36 CET 2026
recon-all -s sub-v1s13x0050014_ses-1 finished without error at Sun Mar  8 15:25:21 CET 2026



#New# invocation of recon-all 



status file for recon-all
Sun Mar  8 15:31:34 CET 2026
#@# white curv lh Sun Mar  8 15:31:34 CET 2026
#@# white area lh Sun Mar  8 15:31:34 CET 2026
#@# pial curv lh Sun Mar  8 15:31:34 CET 2026
#@# pial area lh Sun Mar  8 15:31:34 CET 2026
#@# thickness lh Sun Mar  8 15:31:34 CET 2026
#@# area and vertex vol lh Sun Mar  8 15:31:34 CET 2026
#@# white curv rh Sun Mar  8 15:31:34 CET 2026
#@# white area rh Sun Mar  8 15:31:34 CET 2026
#@# pial curv rh Sun Mar  8 15:31:34 CET 2026
#@# pial area rh Sun Mar  8 15:31:34 CET 2026
#@# thickness rh Sun Mar  8 15:31:34 CET 2026
#@# area and vertex vol rh Sun Mar  8 15:31:34 CET 2026
#@# Curvature Stats lh Sun Mar  8 15:31:34 CET 2026
#@# Curvature Stats rh Sun Mar  8 15:31:37 CET 2026
#@# Relabel Hypointensities Sun Mar  8 15:31:39 CET 2026
#@# APas-to-ASeg Sun Mar  8 15:31:54 CET 2026
#@# AParc-to-ASeg aparc Sun Mar  8 15:32:01 CET 2026
#@# AParc-to-ASeg aparc.a2009s Sun Mar  8 15:32:36 CET 2026
#@# AParc-to-ASeg aparc.DKTatlas Sun Mar  8 15:33:12 CET 2026
#@# WMParc Sun Mar  8 15:33:49 CET 2026
#@# ASeg Stats Sun Mar  8 15:37:43 CET 2026
recon-all -s sub-v1s13x0050014_ses-1 finished without error at Sun Mar  8 15:38:26 CET 2026
