status file for recon-all
Sun Mar  8 14:31:18 CET 2026
#@# Tessellate lh Sun Mar  8 14:31:18 CET 2026
#@# Smooth1 lh Sun Mar  8 14:31:21 CET 2026
#@# Inflation1 lh Sun Mar  8 14:31:24 CET 2026
#@# QSphere lh Sun Mar  8 14:31:36 CET 2026
#@# Fix Topology lh Sun Mar  8 14:32:41 CET 2026
#@# Smooth2 lh Sun Mar  8 14:43:05 CET 2026
#@# Inflation2 lh Sun Mar  8 14:43:07 CET 2026
#@# Curv .H and .K lh Sun Mar  8 14:43:20 CET 2026
#@# Sphere lh Sun Mar  8 14:44:04 CET 2026
#@# Surf Reg lh Sun Mar  8 14:46:20 CET 2026
#@# Jacobian white lh Sun Mar  8 14:50:05 CET 2026
#@# AvgCurv lh Sun Mar  8 14:50:06 CET 2026
#@# Cortical Parc lh Sun Mar  8 14:50:07 CET 2026
#@# white curv lh Sun Mar  8 14:56:00 CET 2026
#@# white area lh Sun Mar  8 14:56:02 CET 2026
#@# pial curv lh Sun Mar  8 14:56:03 CET 2026
#@# pial area lh Sun Mar  8 14:56:04 CET 2026
#@# thickness lh Sun Mar  8 14:56:05 CET 2026
#@# area and vertex vol lh Sun Mar  8 14:56:33 CET 2026
#@# Curvature Stats lh Sun Mar  8 14:56:34 CET 2026
#@# Cortical Parc 2 lh Sun Mar  8 14:56:37 CET 2026
#@# Cortical Parc 3 lh Sun Mar  8 14:56:49 CET 2026
#@# WM/GM Contrast lh Sun Mar  8 14:56:59 CET 2026
recon-all -s sub-v1s13x0050014_ses-1 finished without error at Sun Mar  8 14:57:02 CET 2026



#New# invocation of recon-all 



status file for recon-all
Sun Mar  8 15:25:26 CET 2026
#@# white curv lh Sun Mar  8 15:25:26 CET 2026
#@# white area lh Sun Mar  8 15:25:26 CET 2026
#@# pial curv lh Sun Mar  8 15:25:26 CET 2026
#@# pial area lh Sun Mar  8 15:25:26 CET 2026
#@# thickness lh Sun Mar  8 15:25:26 CET 2026
#@# area and vertex vol lh Sun Mar  8 15:25:26 CET 2026
#@# Parcellation Stats lh Sun Mar  8 15:25:26 CET 2026
#@# Parcellation Stats 2 lh Sun Mar  8 15:25:42 CET 2026
#@# Parcellation Stats 3 lh Sun Mar  8 15:25:51 CET 2026
#@# BA_exvivo Labels lh Sun Mar  8 15:25:59 CET 2026
recon-all -s sub-v1s13x0050014_ses-1 finished without error at Sun Mar  8 15:28:26 CET 2026
