status file for recon-all
Sun Mar  8 16:35:30 CET 2026
#@# MotionCor Sun Mar  8 16:35:33 CET 2026
#@# Talairach Sun Mar  8 16:35:41 CET 2026
#@# Talairach Failure Detection Sun Mar  8 16:40:06 CET 2026
#@# Nu Intensity Correction Sun Mar  8 16:40:06 CET 2026
#@# Intensity Normalization Sun Mar  8 16:43:22 CET 2026
recon-all -s sub-v1s13x0050043_ses-1 finished without error at Sun Mar  8 16:44:47 CET 2026



#New# invocation of recon-all 



status file for recon-all
Sun Mar  8 16:51:39 CET 2026
#@# EM Registration Sun Mar  8 16:51:39 CET 2026
recon-all -s sub-v1s13x0050043_ses-1 finished without error at Sun Mar  8 16:53:18 CET 2026



#New# invocation of recon-all 



status file for recon-all
Sun Mar  8 16:53:21 CET 2026
#@# CA Normalize Sun Mar  8 16:53:21 CET 2026
#@# CA Reg Sun Mar  8 16:54:38 CET 2026
#@# SubCort Seg Sun Mar  8 17:34:44 CET 2026
#@# CC Seg Sun Mar  8 18:02:06 CET 2026
#@# Merge ASeg Sun Mar  8 18:02:40 CET 2026
#@# Intensity Normalization2 Sun Mar  8 18:02:40 CET 2026
#@# Mask BFS Sun Mar  8 18:04:48 CET 2026
#@# WM Segmentation Sun Mar  8 18:04:49 CET 2026
#@# Fill Sun Mar  8 18:06:45 CET 2026
recon-all -s sub-v1s13x0050043_ses-1 finished without error at Sun Mar  8 18:07:46 CET 2026



#New# invocation of recon-all 



status file for recon-all
Sun Mar  8 18:49:59 CET 2026
#@# white curv lh Sun Mar  8 18:49:59 CET 2026
#@# white area lh Sun Mar  8 18:49:59 CET 2026
#@# pial curv lh Sun Mar  8 18:49:59 CET 2026
#@# pial area lh Sun Mar  8 18:49:59 CET 2026
#@# thickness lh Sun Mar  8 18:49:59 CET 2026
#@# area and vertex vol lh Sun Mar  8 18:49:59 CET 2026
#@# white curv rh Sun Mar  8 18:49:59 CET 2026
#@# white area rh Sun Mar  8 18:49:59 CET 2026
#@# pial curv rh Sun Mar  8 18:49:59 CET 2026
#@# pial area rh Sun Mar  8 18:49:59 CET 2026
#@# thickness rh Sun Mar  8 18:49:59 CET 2026
#@# area and vertex vol rh Sun Mar  8 18:49:59 CET 2026
#@# Cortical ribbon mask Sun Mar  8 18:49:59 CET 2026
recon-all -s sub-v1s13x0050043_ses-1 finished without error at Sun Mar  8 18:55:02 CET 2026



#New# invocation of recon-all 



status file for recon-all
Sun Mar  8 19:00:44 CET 2026
#@# white curv lh Sun Mar  8 19:00:44 CET 2026
#@# white area lh Sun Mar  8 19:00:44 CET 2026
#@# pial curv lh Sun Mar  8 19:00:44 CET 2026
#@# pial area lh Sun Mar  8 19:00:44 CET 2026
#@# thickness lh Sun Mar  8 19:00:44 CET 2026
#@# area and vertex vol lh Sun Mar  8 19:00:44 CET 2026
#@# white curv rh Sun Mar  8 19:00:44 CET 2026
#@# white area rh Sun Mar  8 19:00:44 CET 2026
#@# pial curv rh Sun Mar  8 19:00:44 CET 2026
#@# pial area rh Sun Mar  8 19:00:44 CET 2026
#@# thickness rh Sun Mar  8 19:00:44 CET 2026
#@# area and vertex vol rh Sun Mar  8 19:00:44 CET 2026
#@# Curvature Stats lh Sun Mar  8 19:00:44 CET 2026
#@# Curvature Stats rh Sun Mar  8 19:00:46 CET 2026
#@# Relabel Hypointensities Sun Mar  8 19:00:48 CET 2026
#@# APas-to-ASeg Sun Mar  8 19:01:03 CET 2026
#@# AParc-to-ASeg aparc Sun Mar  8 19:01:09 CET 2026
#@# AParc-to-ASeg aparc.a2009s Sun Mar  8 19:01:44 CET 2026
#@# AParc-to-ASeg aparc.DKTatlas Sun Mar  8 19:02:19 CET 2026
#@# WMParc Sun Mar  8 19:02:56 CET 2026
#@# ASeg Stats Sun Mar  8 19:06:27 CET 2026
recon-all -s sub-v1s13x0050043_ses-1 finished without error at Sun Mar  8 19:06:58 CET 2026
