status file for recon-all
Sun Mar  8 18:01:26 CET 2026
#@# Tessellate lh Sun Mar  8 18:01:26 CET 2026
#@# Smooth1 lh Sun Mar  8 18:01:29 CET 2026
#@# Inflation1 lh Sun Mar  8 18:01:32 CET 2026
#@# QSphere lh Sun Mar  8 18:01:42 CET 2026
#@# Fix Topology lh Sun Mar  8 18:02:38 CET 2026
#@# Smooth2 lh Sun Mar  8 18:10:19 CET 2026
#@# Inflation2 lh Sun Mar  8 18:10:22 CET 2026
#@# Curv .H and .K lh Sun Mar  8 18:10:33 CET 2026
#@# Sphere lh Sun Mar  8 18:11:21 CET 2026
#@# Surf Reg lh Sun Mar  8 18:15:20 CET 2026
#@# Jacobian white lh Sun Mar  8 18:20:02 CET 2026
#@# AvgCurv lh Sun Mar  8 18:20:03 CET 2026
#@# Cortical Parc lh Sun Mar  8 18:20:04 CET 2026
#@# white curv lh Sun Mar  8 18:25:11 CET 2026
#@# white area lh Sun Mar  8 18:25:13 CET 2026
#@# pial curv lh Sun Mar  8 18:25:13 CET 2026
#@# pial area lh Sun Mar  8 18:25:15 CET 2026
#@# thickness lh Sun Mar  8 18:25:16 CET 2026
#@# area and vertex vol lh Sun Mar  8 18:25:45 CET 2026
#@# Curvature Stats lh Sun Mar  8 18:25:47 CET 2026
#@# Cortical Parc 2 lh Sun Mar  8 18:25:49 CET 2026
#@# Cortical Parc 3 lh Sun Mar  8 18:26:02 CET 2026
#@# WM/GM Contrast lh Sun Mar  8 18:26:11 CET 2026
recon-all -s sub-v1s13x0050034_ses-1 finished without error at Sun Mar  8 18:26:14 CET 2026



#New# invocation of recon-all 



status file for recon-all
Sun Mar  8 19:01:46 CET 2026
#@# white curv lh Sun Mar  8 19:01:46 CET 2026
#@# white area lh Sun Mar  8 19:01:46 CET 2026
#@# pial curv lh Sun Mar  8 19:01:46 CET 2026
#@# pial area lh Sun Mar  8 19:01:47 CET 2026
#@# thickness lh Sun Mar  8 19:01:47 CET 2026
#@# area and vertex vol lh Sun Mar  8 19:01:47 CET 2026
#@# Parcellation Stats lh Sun Mar  8 19:01:47 CET 2026
#@# Parcellation Stats 2 lh Sun Mar  8 19:02:06 CET 2026
#@# Parcellation Stats 3 lh Sun Mar  8 19:02:15 CET 2026
#@# BA_exvivo Labels lh Sun Mar  8 19:02:25 CET 2026
recon-all -s sub-v1s13x0050034_ses-1 finished without error at Sun Mar  8 19:04:48 CET 2026
