/out/sourcedata/freesurfer/sub-v1s13x0050032_ses-1/mri
/opt/freesurfer/bin/talairach_avi
--i orig_nu.mgz --xfm transforms/talairach.auto.xfm
talairach_avi 7.3.2
Linux dna009 5.14.0-427.37.1.el9_4.x86_64 #1 SMP PREEMPT_DYNAMIC Fri Sep 13 12:41:50 EDT 2024 x86_64 x86_64 x86_64 GNU/Linux
Sun Mar  8 16:23:45 CET 2026
mri_convert orig_nu.mgz talsrcimg.img 
reading from orig_nu.mgz...
TR=0.00, TE=0.00, TI=0.00, flip angle=0.00
i_ras = (-1, 0, 0)
j_ras = (0, 0, -1)
k_ras = (0, 1, 0)
writing to talsrcimg.img...
Analyze Output Matrix
-1.00000   0.00000   0.00000   128.79861;
 0.00000   0.00000   1.00000  -127.94919;
 0.00000  -1.00000   0.00000   129.32437;
 0.00000   0.00000   0.00000   1.00000;
--------------------
INFO: set hdr.hist.orient to -1
mpr2mni305 talsrcimg
Sun Mar  8 16:23:46 CET 2026
/opt/freesurfer/bin/mpr2mni305 talsrcimg
mpr2mni305 7.3.2
target=711-2C_as_mni_average_305

---------------------------------------------------------------------
analyzeto4dfp talsrcimg -O0 -y
---------------------------------------------------------------------

freesurfer ifh2hdr.c
Sun Mar  8 16:23:46 2026
Writing: talsrcimg.4dfp.hdr
freesurfer analyzeto4dfp.c
Reading: talsrcimg.hdr
header size 348 bytes
hdr.dime.datatype	offset=70	value=2
hdr.dime.bitpix		offset=72	value=8
hdr.hist.orient		offset=252	value=-1
dimensionality     4
dimensions       256       256       256         1
Reading: talsrcimg.img
Writing: talsrcimg.4dfp.img
Writing: talsrcimg.4dfp.ifh
ifh2hdr talsrcimg -r0to211
ori=2

---------------------------------------------------------------------
gauss_4dfp talsrcimg 1.1
---------------------------------------------------------------------

freesurfer gauss_4dfp.c
Reading: talsrcimg.4dfp.img
Writing: talsrcimg_g11.4dfp.img
image dimensions 256 256 256 padded to 288 288 288
processing volume 1freesurfer ifh2hdr.c
Sun Mar  8 16:23:47 2026
Writing: talsrcimg_g11.4dfp.hdr

Writing: talsrcimg_g11.4dfp.ifh
including: talsrcimg.4dfp.img.rec in talsrcimg_g11.4dfp.img.rec

---------------------------------------------------------------------
imgreg_4dfp /opt/freesurfer/average/711-2C_as_mni_average_305 none talsrcimg_g11 none talsrcimg_to_711-2C_as_mni_average_305_t4 4355
---------------------------------------------------------------------

freesurfer imgreg_4dfp.c
/opt/freesurfer/average/711-2C_as_mni_average_305.4dfp.img
       256       256       256         1
  1.000000  1.000000  1.000000
orientation T byte_order littleendian
Reading image: /opt/freesurfer/average/711-2C_as_mni_average_305.4dfp.img
dimensions:      256       256       256
mmppix:       1.0000   -1.0000   -1.0000
center:     128.0000 -129.0000 -129.0000
talsrcimg_g11.4dfp.img
       256       256       256         1
  1.000000  1.000000  1.000000
orientation T byte_order littleendian
Reading image: talsrcimg_g11.4dfp.img
dimensions:      256       256       256
mmppix:       1.0000   -1.0000   -1.0000
center:     128.0000 -129.0000 -129.0000
t4_read: open error in t4_sub.f l:  41 t4_file(1:l)talsrcimg_to_711-2C_as_mni_average_305_t4 
t4_read: transform initialized to I4
rotation matrix determinant  1.000000
image alignment mode   4355 decimal     1103 hex
   -7.5000  -45.0000  -45.0000 9553.1016   13.7612
    0.0000  -45.0000  -45.0000 9947.4912   13.7753
    7.5000  -45.0000  -45.0000 9492.9658   13.7793
   -7.5000  -37.5000  -45.000010059.7686   13.7351
    0.0000  -37.5000  -45.000010470.7803   13.7531
    7.5000  -37.5000  -45.0000 9984.7920   13.7575
   -7.5000  -30.0000  -45.000010853.4756   13.6501
    0.0000  -30.0000  -45.000011289.2188   13.6753
    7.5000  -30.0000  -45.000010749.9209   13.6827
   -7.5000  -22.5000  -45.000011534.2588   13.5690
    0.0000  -22.5000  -45.000012022.2695   13.5981
    7.5000  -22.5000  -45.000011428.3301   13.6083
   -7.5000  -15.0000  -45.000012136.6836   13.5089
    0.0000  -15.0000  -45.000012636.9844   13.5351
    7.5000  -15.0000  -45.000012023.0342   13.5466
   -7.5000   -7.5000  -45.000012644.6846   13.4731
    0.0000   -7.5000  -45.000013154.4883   13.4921
    7.5000   -7.5000  -45.000012506.4795   13.5020
   -7.5000    0.0000  -45.000013041.4600   13.4521
    0.0000    0.0000  -45.000013562.7217   13.4667
    7.5000    0.0000  -45.000012886.3564   13.4739
   -7.5000    7.5000  -45.000012403.6768   13.4845
    0.0000    7.5000  -45.000012895.7334   13.5026
    7.5000    7.5000  -45.000012279.8057   13.5095
   -7.5000   15.0000  -45.000011707.8291   13.5670
    0.0000   15.0000  -45.000012190.8096   13.5922
    7.5000   15.0000  -45.000011608.0029   13.6017
   -7.5000   22.5000  -45.000010975.3525   13.6904
    0.0000   22.5000  -45.000011431.3672   13.7191
    7.5000   22.5000  -45.000010876.7861   13.7316
   -7.5000   30.0000  -45.000010195.2725   13.6846
    0.0000   30.0000  -45.000010614.8779   13.7113
    7.5000   30.0000  -45.000010093.8965   13.7256
   -7.5000   37.5000  -45.0000 9801.1904   13.8975
    0.0000   37.5000  -45.000010199.7412   13.9189
    7.5000   37.5000  -45.0000 9683.3711   13.9331
   -7.5000   45.0000  -45.0000 9061.6924   13.8425
    0.0000   45.0000  -45.0000 9414.2627   13.8604
    7.5000   45.0000  -45.0000 8948.5479   13.8732
   -7.5000  -45.0000  -37.500010112.2568   13.7615
    0.0000  -45.0000  -37.500010543.2783   13.7789
    7.5000  -45.0000  -37.500010059.6816   13.7841
   -7.5000  -37.5000  -37.500010646.4336   13.7364
    0.0000  -37.5000  -37.500011090.6582   13.7574
    7.5000  -37.5000  -37.500010576.3291   13.7622
   -7.5000  -30.0000  -37.500011484.3574   13.6495
    0.0000  -30.0000  -37.500011954.5469   13.6771
    7.5000  -30.0000  -37.500011380.3838   13.6841
   -7.5000  -22.5000  -37.500012223.8809   13.5650
    0.0000  -22.5000  -37.500012727.3418   13.5961
    7.5000  -22.5000  -37.500012108.8330   13.6062
   -7.5000  -15.0000  -37.500012834.0469   13.5035
    0.0000  -15.0000  -37.500013362.6289   13.5317
    7.5000  -15.0000  -37.500012719.7539   13.5439
   -7.5000   -7.5000  -37.500013363.9111   13.4701
    0.0000   -7.5000  -37.500013897.6875   13.4916
    7.5000   -7.5000  -37.500013218.5215   13.5028
   -7.5000    0.0000  -37.500013742.8057   13.4504
    0.0000    0.0000  -37.500014315.3896   13.4680
    7.5000    0.0000  -37.500013569.4756   13.4764
   -7.5000    7.5000  -37.500013078.4258   13.4840
    0.0000    7.5000  -37.500013627.8398   13.5049
    7.5000    7.5000  -37.500012938.5488   13.5122
   -7.5000   15.0000  -37.500012331.7871   13.5643
    0.0000   15.0000  -37.500012853.7002   13.5921
    7.5000   15.0000  -37.500012202.4736   13.6012
   -7.5000   22.5000  -37.500011528.3945   13.6843
    0.0000   22.5000  -37.500012023.7041   13.7154
    7.5000   22.5000  -37.500011422.8047   13.7280
   -7.5000   30.0000  -37.500010659.2773   13.6772
    0.0000   30.0000  -37.500011116.5830   13.7069
    7.5000   30.0000  -37.500010563.1338   13.7225
   -7.5000   37.5000  -37.500010205.4541   13.8909
    0.0000   37.5000  -37.500010645.1201   13.9158
    7.5000   37.5000  -37.500010108.1836   13.9322
   -7.5000   45.0000  -37.5000 9410.5303   13.8374
    0.0000   45.0000  -37.5000 9816.5244   13.8605
    7.5000   45.0000  -37.5000 9317.9678   13.8756
   -7.5000  -45.0000  -30.000010872.0430   14.3058
    0.0000  -45.0000  -30.000011335.9756   14.3267
    7.5000  -45.0000  -30.000010807.1816   14.3322
   -7.5000  -37.5000  -30.000011439.0459   14.2782
    0.0000  -37.5000  -30.000011907.1738   14.3011
    7.5000  -37.5000  -30.000011352.0820   14.3057
   -7.5000  -30.0000  -30.000012329.0420   14.1882
    0.0000  -30.0000  -30.000012838.6680   14.2160
    7.5000  -30.0000  -30.000012228.8301   14.2229
   -7.5000  -22.5000  -30.000013134.6133   14.1002
    0.0000  -22.5000  -30.000013691.8223   14.1314
    7.5000  -22.5000  -30.000013024.5127   14.1420
   -7.5000  -15.0000  -30.000013787.3926   14.0340
    0.0000  -15.0000  -30.000014367.6582   14.0640
    7.5000  -15.0000  -30.000013649.7129   14.0771
   -7.5000   -7.5000  -30.000014333.5264   13.9949
    0.0000   -7.5000  -30.000014925.2559   14.0196
    7.5000   -7.5000  -30.000014163.3418   14.0315
   -7.5000    0.0000  -30.000014713.5254   13.9702
    0.0000    0.0000  -30.000015333.6211   13.9911
    7.5000    0.0000  -30.000014528.8086   13.9999
   -7.5000    7.5000  -30.000014021.7686   14.0060
    0.0000    7.5000  -30.000014637.0625   14.0287
    7.5000    7.5000  -30.000013849.1602   14.0360
   -7.5000   15.0000  -30.000013187.3340   14.0917
    0.0000   15.0000  -30.000013762.4336   14.1198
    7.5000   15.0000  -30.000013021.1709   14.1292
   -7.5000   22.5000  -30.000012293.1562   14.2175
    0.0000   22.5000  -30.000012830.0820   14.2490
    7.5000   22.5000  -30.000012174.5596   14.2624
   -7.5000   30.0000  -30.000011334.4990   14.2152
    0.0000   30.0000  -30.000011840.6270   14.2472
    7.5000   30.0000  -30.000011239.7324   14.2642
   -7.5000   37.5000  -30.000010828.0293   14.4352
    0.0000   37.5000  -30.000011304.0801   14.4646
    7.5000   37.5000  -30.000010729.3994   14.4826
   -7.5000   45.0000  -30.0000 9977.5322   14.3873
    0.0000   45.0000  -30.000010423.9775   14.4165
    7.5000   45.0000  -30.0000 9901.9531   14.4333
   -7.5000  -45.0000  -22.500011564.5439   14.7645
    0.0000  -45.0000  -22.500012052.8145   14.7859
    7.5000  -45.0000  -22.500011475.0654   14.7909
   -7.5000  -37.5000  -22.500012149.4141   14.7310
    0.0000  -37.5000  -22.500012648.6875   14.7525
    7.5000  -37.5000  -22.500012048.3877   14.7573
   -7.5000  -30.0000  -22.500013103.8447   14.6395
    0.0000  -30.0000  -22.500013645.5488   14.6644
    7.5000  -30.0000  -22.500012998.0000   14.6722
   -7.5000  -22.5000  -22.500013988.3555   14.5537
    0.0000  -22.5000  -22.500014579.7354   14.5822
    7.5000  -22.5000  -22.500013857.4336   14.5940
   -7.5000  -15.0000  -22.500014685.3818   14.4872
    0.0000  -15.0000  -22.500015302.8594   14.5163
    7.5000  -15.0000  -22.500014514.2021   14.5303
   -7.5000   -7.5000  -22.500015261.4189   14.4403
    0.0000   -7.5000  -22.500015887.0254   14.4656
    7.5000   -7.5000  -22.500015033.2197   14.4776
   -7.5000    0.0000  -22.500015651.3184   14.4055
    0.0000    0.0000  -22.500016312.8359   14.4269
    7.5000    0.0000  -22.500015419.5146   14.4355
   -7.5000    7.5000  -22.500014901.5518   14.4401
    0.0000    7.5000  -22.500015542.6865   14.4615
    7.5000    7.5000  -22.500014663.8779   14.4691
   -7.5000   15.0000  -22.500013972.0918   14.5323
    0.0000   15.0000  -22.500014572.2754   14.5576
    7.5000   15.0000  -22.500013771.0518   14.5681
   -7.5000   22.5000  -22.500012992.1670   14.6682
    0.0000   22.5000  -22.500013556.1719   14.6971
    7.5000   22.5000  -22.500012851.4512   14.7117
   -7.5000   30.0000  -22.500011967.6670   14.6743
    0.0000   30.0000  -22.500012491.3125   14.7050
    7.5000   30.0000  -22.500011851.4375   14.7224
   -7.5000   37.5000  -22.500011412.5107   14.8952
    0.0000   37.5000  -22.500011917.3652   14.9254
    7.5000   37.5000  -22.500011314.4375   14.9433
   -7.5000   45.0000  -22.500010533.9678   14.8468
    0.0000   45.0000  -22.500010990.4795   14.8771
    7.5000   45.0000  -22.500010446.9326   14.8937
   -7.5000  -45.0000  -15.000012230.8799   15.0821
    0.0000  -45.0000  -15.000012752.1641   15.1009
    7.5000  -45.0000  -15.000012140.2705   15.1056
   -7.5000  -37.5000  -15.000012843.4082   15.0434
    0.0000  -37.5000  -15.000013369.7227   15.0623
    7.5000  -37.5000  -15.000012723.2227   15.0675
   -7.5000  -30.0000  -15.000013848.1709   14.9499
    0.0000  -30.0000  -15.000014417.8662   14.9725
    7.5000  -30.0000  -15.000013721.6934   14.9814
   -7.5000  -22.5000  -15.000014788.1445   14.8656
    0.0000  -22.5000  -15.000015384.9053   14.8923
    7.5000  -22.5000  -15.000014615.3252   14.9049
   -7.5000  -15.0000  -15.000015536.0449   14.7993
    0.0000  -15.0000  -15.000016166.7490   14.8267
    7.5000  -15.0000  -15.000015322.1953   14.8411
   -7.5000   -7.5000  -15.000016116.1982   14.7479
    0.0000   -7.5000  -15.000016764.8418   14.7714
    7.5000   -7.5000  -15.000015857.4229   14.7834
   -7.5000    0.0000  -15.000016513.5898   14.7078
    0.0000    0.0000  -15.000017191.1738   14.7269
    7.5000    0.0000  -15.000016241.9951   14.7352
   -7.5000    7.5000  -15.000015677.1162   14.7408
    0.0000    7.5000  -15.000016331.1836   14.7598
    7.5000    7.5000  -15.000015422.7539   14.7679
   -7.5000   15.0000  -15.000014675.1084   14.8371
    0.0000   15.0000  -15.000015318.1680   14.8601
    7.5000   15.0000  -15.000014487.2773   14.8716
   -7.5000   22.5000  -15.000013642.2773   14.9792
    0.0000   22.5000  -15.000014242.0674   15.0061
    7.5000   22.5000  -15.000013493.9297   15.0212
   -7.5000   30.0000  -15.000012573.3691   14.9898
    0.0000   30.0000  -15.000013121.4678   15.0180
    7.5000   30.0000  -15.000012438.7510   15.0349
   -7.5000   37.5000  -15.000012032.4209   15.2110
    0.0000   37.5000  -15.000012537.9814   15.2383
    7.5000   37.5000  -15.000011869.2275   15.2553
   -7.5000   45.0000  -15.000011103.8447   15.1627
    0.0000   45.0000  -15.000011578.4111   15.1887
    7.5000   45.0000  -15.000010960.6416   15.2039
   -7.5000  -45.0000   -7.500012879.9541   15.2291
    0.0000  -45.0000   -7.500013433.8623   15.2454
    7.5000  -45.0000   -7.500012765.3662   15.2502
   -7.5000  -37.5000   -7.500013517.4199   15.1898
    0.0000  -37.5000   -7.500014074.7744   15.2083
    7.5000  -37.5000   -7.500013360.4258   15.2141
   -7.5000  -30.0000   -7.500014585.7100   15.0926
    0.0000  -30.0000   -7.500015197.1172   15.1173
    7.5000  -30.0000   -7.500014431.9287   15.1270
   -7.5000  -22.5000   -7.500015550.8242   15.0048
    0.0000  -22.5000   -7.500016191.6758   15.0337
    7.5000  -22.5000   -7.500015355.3320   15.0467
   -7.5000  -15.0000   -7.500016402.7500   14.9370
    0.0000  -15.0000   -7.500017075.4961   14.9646
    7.5000  -15.0000   -7.500016167.6836   14.9790
   -7.5000   -7.5000   -7.500017044.5352   14.8871
    0.0000   -7.5000   -7.500017718.9434   14.9086
    7.5000   -7.5000   -7.500016782.0840   14.9205
   -7.5000    0.0000   -7.500017409.2090   14.8500
    0.0000    0.0000   -7.500018069.8945   14.8667
    7.5000    0.0000   -7.500017147.5527   14.8752
   -7.5000    7.5000   -7.500016490.1797   14.8830
    0.0000    7.5000   -7.500017118.0312   14.9015
    7.5000    7.5000   -7.500016234.9258   14.9102
   -7.5000   15.0000   -7.500015425.1211   14.9776
    0.0000   15.0000   -7.500016059.3125   15.0024
    7.5000   15.0000   -7.500015210.6592   15.0145
   -7.5000   22.5000   -7.500014337.7520   15.1164
    0.0000   22.5000   -7.500014925.8018   15.1451
    7.5000   22.5000   -7.500014125.3906   15.1606
   -7.5000   30.0000   -7.500013203.9238   15.1254
    0.0000   30.0000   -7.500013751.7021   15.1533
    7.5000   30.0000   -7.500012992.7471   15.1700
   -7.5000   37.5000   -7.500012624.8955   15.3491
    0.0000   37.5000   -7.500013158.5371   15.3734
    7.5000   37.5000   -7.500012413.7627   15.3898
   -7.5000   45.0000   -7.500011639.9854   15.3054
    0.0000   45.0000   -7.500012149.5342   15.3263
    7.5000   45.0000   -7.500011441.0645   15.3409
   -7.5000  -45.0000    0.000013444.3477   15.2466
    0.0000  -45.0000    0.000014006.3018   15.2630
    7.5000  -45.0000    0.000013320.7578   15.2687
   -7.5000  -37.5000    0.000014097.5469   15.2093
    0.0000  -37.5000    0.000014674.4971   15.2301
    7.5000  -37.5000    0.000013932.5488   15.2363
   -7.5000  -30.0000    0.000015163.3262   15.1081
    0.0000  -30.0000    0.000015789.9863   15.1368
    7.5000  -30.0000    0.000015019.9521   15.1465
   -7.5000  -22.5000    0.000016111.2559   15.0127
    0.0000  -22.5000    0.000016763.9219   15.0457
    7.5000  -22.5000    0.000015962.6582   15.0583
   -7.5000  -15.0000    0.000017069.3691   14.9411
    0.0000  -15.0000    0.000017802.5957   14.9708
    7.5000  -15.0000    0.000016838.0215   14.9849
   -7.5000   -7.5000    0.000017901.8535   14.8955
    0.0000   -7.5000    0.000018714.0078   14.9172
    7.5000   -7.5000    0.000017549.2266   14.9296
   -7.5000    0.0000    0.000018359.4609   14.8660
    0.0000    0.0000    0.000019120.8789   14.8828
    7.5000    0.0000    0.000017956.0703   14.8923
   -7.5000    7.5000    0.000017346.2930   14.9011
    0.0000    7.5000    0.000017999.4395   14.9218
    7.5000    7.5000    0.000016961.1016   14.9310
   -7.5000   15.0000    0.000016158.1445   14.9917
    0.0000   15.0000    0.000016763.8027   15.0203
    7.5000   15.0000    0.000015819.3613   15.0324
   -7.5000   22.5000    0.000014963.6572   15.1234
    0.0000   22.5000    0.000015532.2744   15.1559
    7.5000   22.5000    0.000014673.7646   15.1712
   -7.5000   30.0000    0.000013764.7578   15.1280
    0.0000   30.0000    0.000014296.7070   15.1583
    7.5000   30.0000    0.000013534.2148   15.1755
   -7.5000   37.5000    0.000013152.2051   15.3562
    0.0000   37.5000    0.000013681.5410   15.3806
    7.5000   37.5000    0.000012936.1885   15.3978
   -7.5000   45.0000    0.000012108.1162   15.3201
    0.0000   45.0000    0.000012619.6846   15.3406
    7.5000   45.0000    0.000011917.5332   15.3564
   -7.5000  -45.0000    7.500012936.2500   15.3079
    0.0000  -45.0000    7.500013476.3945   15.3276
    7.5000  -45.0000    7.500012829.6641   15.3344
   -7.5000  -37.5000    7.500013587.1943   15.2744
    0.0000  -37.5000    7.500014152.0264   15.2982
    7.5000  -37.5000    7.500013465.6592   15.3046
   -7.5000  -30.0000    7.500014621.4248   15.1731
    0.0000  -30.0000    7.500015224.0225   15.2042
    7.5000  -30.0000    7.500014526.4033   15.2131
   -7.5000  -22.5000    7.500015532.2646   15.0748
    0.0000  -22.5000    7.500016132.7842   15.1097
    7.5000  -22.5000    7.500015435.4717   15.1220
   -7.5000  -15.0000    7.500016452.4434   15.0021
    0.0000  -15.0000    7.500017156.3145   15.0337
    7.5000  -15.0000    7.500016238.1162   15.0482
   -7.5000   -7.5000    7.500017304.8945   14.9603
    0.0000   -7.5000    7.500018095.6074   14.9845
    7.5000   -7.5000    7.500016915.1387   14.9979
   -7.5000    0.0000    7.500017728.5879   14.9343
    0.0000    0.0000    7.500018506.0977   14.9542
    7.5000    0.0000    7.500017308.7988   14.9646
   -7.5000    7.5000    7.500016714.3164   14.9719
    0.0000    7.5000    7.500017402.8281   14.9955
    7.5000    7.5000    7.500016351.8906   15.0049
   -7.5000   15.0000    7.500015590.6611   15.0615
    0.0000   15.0000    7.500016216.2373   15.0926
    7.5000   15.0000    7.500015272.6094   15.1040
   -7.5000   22.5000    7.500014441.8281   15.1897
    0.0000   22.5000    7.500015007.4893   15.2245
    7.5000   22.5000    7.500014172.8916   15.2397
   -7.5000   30.0000    7.500013292.0645   15.1920
    0.0000   30.0000    7.500013807.9717   15.2253
    7.5000   30.0000    7.500013071.4043   15.2437
   -7.5000   37.5000    7.500012648.2344   15.4242
    0.0000   37.5000    7.500013148.3389   15.4521
    7.5000   37.5000    7.500012471.9561   15.4713
   -7.5000   45.0000    7.500011627.7852   15.3918
    0.0000   45.0000    7.500012101.8691   15.4178
    7.5000   45.0000    7.500011478.1650   15.4358
   -7.5000  -45.0000   15.000012295.5615   15.3794
    0.0000  -45.0000   15.000012813.8369   15.4020
    7.5000  -45.0000   15.000012212.5967   15.4089
   -7.5000  -37.5000   15.000012913.3047   15.3459
    0.0000  -37.5000   15.000013462.9111   15.3708
    7.5000  -37.5000   15.000012828.0840   15.3768
   -7.5000  -30.0000   15.000013943.3027   15.2488
    0.0000  -30.0000   15.000014533.3594   15.2789
    7.5000  -30.0000   15.000013843.8223   15.2874
   -7.5000  -22.5000   15.000014868.8750   15.1544
    0.0000  -22.5000   15.000015464.5127   15.1880
    7.5000  -22.5000   15.000014750.3535   15.2005
   -7.5000  -15.0000   15.000015750.0225   15.0837
    0.0000  -15.0000   15.000016415.8105   15.1157
    7.5000  -15.0000   15.000015538.6318   15.1308
   -7.5000   -7.5000   15.000016424.8281   15.0416
    0.0000   -7.5000   15.000017112.0566   15.0680
    7.5000   -7.5000   15.000016155.1182   15.0818
   -7.5000    0.0000   15.000016716.3184   15.0125
    0.0000    0.0000   15.000017374.2461   15.0349
    7.5000    0.0000   15.000016480.2871   15.0453
   -7.5000    7.5000   15.000015797.9766   15.0494
    0.0000    7.5000   15.000016381.6533   15.0739
    7.5000    7.5000   15.000015573.1299   15.0828
   -7.5000   15.0000   15.000014774.4502   15.1402
    0.0000   15.0000   15.000015335.6533   15.1705
    7.5000   15.0000   15.000014553.0986   15.1816
   -7.5000   22.5000   15.000013714.1533   15.2705
    0.0000   22.5000   15.000014228.9141   15.3042
    7.5000   22.5000   15.000013504.3975   15.3195
   -7.5000   30.0000   15.000012621.1279   15.2737
    0.0000   30.0000   15.000013103.4346   15.3079
    7.5000   30.0000   15.000012454.1553   15.3271
   -7.5000   37.5000   15.000012030.5273   15.5053
    0.0000   37.5000   15.000012498.2002   15.5366
    7.5000   37.5000   15.000011885.7480   15.5567
   -7.5000   45.0000   15.000011063.8877   15.4708
    0.0000   45.0000   15.000011499.5527   15.5020
    7.5000   45.0000   15.000010924.9102   15.5209
   -7.5000  -45.0000   22.500011588.4053   15.4899
    0.0000  -45.0000   22.500012069.4141   15.5124
    7.5000  -45.0000   22.500011508.4219   15.5187
   -7.5000  -37.5000   22.500012159.2891   15.4535
    0.0000  -37.5000   22.500012661.7939   15.4761
    7.5000  -37.5000   22.500012079.1055   15.4821
   -7.5000  -30.0000   22.500013114.0752   15.3610
    0.0000  -30.0000   22.500013657.0322   15.3871
    7.5000  -30.0000   22.500013049.9609   15.3964
   -7.5000  -22.5000   22.500013998.8779   15.2749
    0.0000  -22.5000   22.500014556.6748   15.3048
    7.5000  -22.5000   22.500013909.6475   15.3185
   -7.5000  -15.0000   22.500014852.8799   15.2095
    0.0000  -15.0000   22.500015475.1162   15.2399
    7.5000  -15.0000   22.500014670.8145   15.2557
   -7.5000   -7.5000   22.500015447.3389   15.1646
    0.0000   -7.5000   22.500016072.2979   15.1911
    7.5000   -7.5000   22.500015234.5879   15.2046
   -7.5000    0.0000   22.500015697.0791   15.1278
    0.0000    0.0000   22.500016309.8447   15.1501
    7.5000    0.0000   22.500015538.2607   15.1599
   -7.5000    7.5000   22.500014865.4941   15.1613
    0.0000    7.5000   22.500015419.5020   15.1837
    7.5000    7.5000   22.500014689.0195   15.1925
   -7.5000   15.0000   22.500013911.9268   15.2550
    0.0000   15.0000   22.500014434.7480   15.2816
    7.5000   15.0000   22.500013745.1982   15.2936
   -7.5000   22.5000   22.500012906.4395   15.3920
    0.0000   22.5000   22.500013383.2119   15.4222
    7.5000   22.5000   22.500012747.2422   15.4387
   -7.5000   30.0000   22.500011877.1162   15.3995
    0.0000   30.0000   22.500012319.3770   15.4315
    7.5000   30.0000   22.500011743.5957   15.4507
   -7.5000   37.5000   22.500011335.1670   15.6278
    0.0000   37.5000   22.500011758.8311   15.6590
    7.5000   37.5000   22.500011185.3672   15.6786
   -7.5000   45.0000   22.500010435.6650   15.5860
    0.0000   45.0000   22.500010819.6885   15.6174
    7.5000   45.0000   22.500010282.3271   15.6354
   -7.5000  -45.0000   30.000010802.9375   15.6419
    0.0000  -45.0000   30.000011237.1367   15.6620
    7.5000  -45.0000   30.000010713.7842   15.6685
   -7.5000  -37.5000   30.000011336.6611   15.6031
    0.0000  -37.5000   30.000011777.6484   15.6232
    7.5000  -37.5000   30.000011238.0361   15.6301
   -7.5000  -30.0000   30.000012200.5947   15.5131
    0.0000  -30.0000   30.000012691.5811   15.5373
    7.5000  -30.0000   30.000012118.6172   15.5479
   -7.5000  -22.5000   30.000013019.9854   15.4323
    0.0000  -22.5000   30.000013545.9014   15.4610
    7.5000  -22.5000   30.000012932.3564   15.4756
   -7.5000  -15.0000   30.000013804.6533   15.3706
    0.0000  -15.0000   30.000014363.1777   15.3998
    7.5000  -15.0000   30.000013648.4883   15.4165
   -7.5000   -7.5000   30.000014339.1416   15.3245
    0.0000   -7.5000   30.000014893.1943   15.3493
    7.5000   -7.5000   30.000014174.2061   15.3634
   -7.5000    0.0000   30.000014618.8867   15.2835
    0.0000    0.0000   30.000015160.6016   15.3035
    7.5000    0.0000   30.000014474.9014   15.3134
   -7.5000    7.5000   30.000013866.2988   15.3140
    0.0000    7.5000   30.000014367.4141   15.3340
    7.5000    7.5000   30.000013707.1143   15.3435
   -7.5000   15.0000   30.000012983.2148   15.4097
    0.0000   15.0000   30.000013462.5820   15.4343
    7.5000   15.0000   30.000012823.8213   15.4473
   -7.5000   22.5000   30.000012048.6982   15.5510
    0.0000   22.5000   30.000012492.9131   15.5797
    7.5000   22.5000   30.000011889.1201   15.5968
   -7.5000   30.0000   30.000011079.9922   15.5597
    0.0000   30.0000   30.000011494.7949   15.5896
    7.5000   30.0000   30.000010947.2197   15.6086
   -7.5000   37.5000   30.000010566.5000   15.7866
    0.0000   37.5000   30.000010966.9707   15.8152
    7.5000   37.5000   30.000010431.1758   15.8341
   -7.5000   45.0000   30.0000 9715.6201   15.7405
    0.0000   45.0000   30.000010087.3711   15.7674
    7.5000   45.0000   30.0000 9582.5879   15.7843
   -7.5000  -45.0000   37.500010403.9023   15.8847
    0.0000  -45.0000   37.500010813.4111   15.9025
    7.5000  -45.0000   37.500010329.9189   15.9088
   -7.5000  -37.5000   37.500010903.5830   15.8446
    0.0000  -37.5000   37.500011341.8730   15.8645
    7.5000  -37.5000   37.500010823.5713   15.8715
   -7.5000  -30.0000   37.500011746.4590   15.7506
    0.0000  -30.0000   37.500012223.2998   15.7772
    7.5000  -30.0000   37.500011668.0264   15.7883
   -7.5000  -22.5000   37.500012555.5801   15.6671
    0.0000  -22.5000   37.500013065.7783   15.6983
    7.5000  -22.5000   37.500012448.3320   15.7132
   -7.5000  -15.0000   37.500013263.8633   15.6059
    0.0000  -15.0000   37.500013804.5215   15.6359
    7.5000  -15.0000   37.500013119.0947   15.6524
   -7.5000   -7.5000   37.500013758.1777   15.5642
    0.0000   -7.5000   37.500014288.7119   15.5875
    7.5000   -7.5000   37.500013617.5586   15.6012
   -7.5000    0.0000   37.500014027.6855   15.5272
    0.0000    0.0000   37.500014564.4932   15.5451
    7.5000    0.0000   37.500013897.8955   15.5548
   -7.5000    7.5000   37.500013321.9648   15.5562
    0.0000    7.5000   37.500013829.5605   15.5760
    7.5000    7.5000   37.500013168.1250   15.5857
   -7.5000   15.0000   37.500012478.8486   15.6493
    0.0000   15.0000   37.500012956.2080   15.6757
    7.5000   15.0000   37.500012323.6797   15.6891
   -7.5000   22.5000   37.500011594.1641   15.7893
    0.0000   22.5000   37.500012027.0020   15.8200
    7.5000   22.5000   37.500011438.7217   15.8373
   -7.5000   30.0000   37.500010693.8037   15.7964
    0.0000   30.0000   37.500011093.5176   15.8264
    7.5000   30.0000   37.500010553.9502   15.8450
   -7.5000   37.5000   37.500010210.7656   16.0304
    0.0000   37.5000   37.500010601.2451   16.0563
    7.5000   37.5000   37.500010099.7822   16.0742
   -7.5000   45.0000   37.5000 9380.4258   15.9890
    0.0000   45.0000   37.5000 9751.5967   16.0109
    7.5000   45.0000   37.5000 9278.6045   16.0266
   -7.5000  -45.0000   45.0000 9587.6631   16.1432
    0.0000  -45.0000   45.0000 9987.2305   16.1597
    7.5000  -45.0000   45.0000 9531.8203   16.1642
   -7.5000  -37.5000   45.000010045.4902   16.1024
    0.0000  -37.5000   45.000010461.3916   16.1228
    7.5000  -37.5000   45.0000 9972.4678   16.1282
   -7.5000  -30.0000   45.000010823.5684   16.0032
    0.0000  -30.0000   45.000011283.1777   16.0322
    7.5000  -30.0000   45.000010755.5674   16.0420
   -7.5000  -22.5000   45.000011562.4893   15.9136
    0.0000  -22.5000   45.000012061.7637   15.9478
    7.5000  -22.5000   45.000011470.8164   15.9613
   -7.5000  -15.0000   45.000012178.8477   15.8514
    0.0000  -15.0000   45.000012698.5586   15.8828
    7.5000  -15.0000   45.000012068.0156   15.8974
   -7.5000   -7.5000   45.000012626.8809   15.8157
    0.0000   -7.5000   45.000013146.9678   15.8383
    7.5000   -7.5000   45.000012518.4932   15.8502
   -7.5000    0.0000   45.000012887.4629   15.7854
    0.0000    0.0000   45.000013416.6367   15.8020
    7.5000    0.0000   45.000012784.3154   15.8102
   -7.5000    7.5000   45.000012247.1865   15.8138
    0.0000    7.5000   45.000012739.7529   15.8340
    7.5000    7.5000   45.000012122.7188   15.8422
   -7.5000   15.0000   45.000011478.4150   15.9037
    0.0000   15.0000   45.000011932.6816   15.9322
    7.5000   15.0000   45.000011372.4990   15.9442
   -7.5000   22.5000   45.000010662.0967   16.0414
    0.0000   22.5000   45.000011078.7920   16.0749
    7.5000   22.5000   45.000010538.4443   16.0907
   -7.5000   30.0000   45.0000 9860.2627   16.0465
    0.0000   30.0000   45.000010249.9502   16.0783
    7.5000   30.0000   45.0000 9725.0352   16.0957
   -7.5000   37.5000   45.0000 9427.3740   16.2934
    0.0000   37.5000   45.0000 9799.3008   16.3183
    7.5000   37.5000   45.0000 9304.2266   16.3348
   -7.5000   45.0000   45.0000 8663.1035   16.2709
    0.0000   45.0000   45.0000 9002.5420   16.2908
    7.5000   45.0000   45.0000 8550.3633   16.3050

---------------------------------------------------------------------
imgreg_4dfp /opt/freesurfer/average/711-2C_as_mni_average_305 /opt/freesurfer/average/711-2B_as_mni_average_305_mask talsrcimg_g11 none talsrcimg_to_711-2C_as_mni_average_305_t4 4355
---------------------------------------------------------------------

freesurfer imgreg_4dfp.c
/opt/freesurfer/average/711-2C_as_mni_average_305.4dfp.img
       256       256       256         1
  1.000000  1.000000  1.000000
orientation T byte_order littleendian
Reading image: /opt/freesurfer/average/711-2C_as_mni_average_305.4dfp.img
dimensions:      256       256       256
mmppix:       1.0000   -1.0000   -1.0000
center:     128.0000 -129.0000 -129.0000
/opt/freesurfer/average/711-2B_as_mni_average_305_mask.4dfp.img
       256       256       256         1
  1.000000  1.000000  1.000000
orientation T byte_order littleendian
Reading mask: /opt/freesurfer/average/711-2B_as_mni_average_305_mask.4dfp.img (2306576 pixels)
talsrcimg_g11.4dfp.img
       256       256       256         1
  1.000000  1.000000  1.000000
orientation T byte_order littleendian
Reading image: talsrcimg_g11.4dfp.img
dimensions:      256       256       256
mmppix:       1.0000   -1.0000   -1.0000
center:     128.0000 -129.0000 -129.0000
rotation matrix determinant  1.000000
image alignment mode   4355 decimal     1103 hex
   -7.5000  -45.0000  -45.0000 2295.3586   16.2950
    0.0000  -45.0000  -45.0000 2303.1494   16.3078
    7.5000  -45.0000  -45.0000 2277.7258   16.4639
   -7.5000  -37.5000  -45.0000 2342.2751   15.4971
    0.0000  -37.5000  -45.0000 2349.2717   15.4900
    7.5000  -37.5000  -45.0000 2330.0037   15.6379
   -7.5000  -30.0000  -45.0000 2380.5437   14.8263
    0.0000  -30.0000  -45.0000 2384.9294   14.8441
    7.5000  -30.0000  -45.0000 2364.7463   15.0078
   -7.5000  -22.5000  -45.0000 2402.2627   14.3186
    0.0000  -22.5000  -45.0000 2412.2705   14.3347
    7.5000  -22.5000  -45.0000 2385.8779   14.5188
   -7.5000  -15.0000  -45.0000 2419.0508   13.9940
    0.0000  -15.0000  -45.0000 2428.7422   13.9923
    7.5000  -15.0000  -45.0000 2399.2729   14.1720
   -7.5000   -7.5000  -45.0000 2424.0745   13.8427
    0.0000   -7.5000  -45.0000 2430.9031   13.8351
    7.5000   -7.5000  -45.0000 2402.2612   14.0380
   -7.5000    0.0000  -45.0000 2416.8279   13.9449
    0.0000    0.0000  -45.0000 2426.1133   13.9373
    7.5000    0.0000  -45.0000 2396.7197   14.1415
   -7.5000    7.5000  -45.0000 2389.2998   14.2840
    0.0000    7.5000  -45.0000 2399.2893   14.2810
    7.5000    7.5000  -45.0000 2371.5842   14.4877
   -7.5000   15.0000  -45.0000 2344.9551   14.8315
    0.0000   15.0000  -45.0000 2357.9836   14.8197
    7.5000   15.0000  -45.0000 2326.6453   15.0516
   -7.5000   22.5000  -45.0000 2285.9343   15.5766
    0.0000   22.5000  -45.0000 2298.3987   15.5864
    7.5000   22.5000  -45.0000 2265.2947   15.8515
   -7.5000   30.0000  -45.0000 2214.8384   16.6633
    0.0000   30.0000  -45.0000 2223.5537   16.6713
    7.5000   30.0000  -45.0000 2194.2683   16.9518
   -7.5000   37.5000  -45.0000 2127.8694   18.2751
    0.0000   37.5000  -45.0000 2136.6707   18.2535
    7.5000   37.5000  -45.0000 2108.2461   18.5607
   -7.5000   45.0000  -45.0000 2026.2388   20.4486
    0.0000   45.0000  -45.0000 2032.5334   20.4093
    7.5000   45.0000  -45.0000 2006.5287   20.7304
   -7.5000  -45.0000  -37.5000 2381.3091   15.1786
    0.0000  -45.0000  -37.5000 2392.9600   15.1722
    7.5000  -45.0000  -37.5000 2366.5193   15.3144
   -7.5000  -37.5000  -37.5000 2432.0051   14.4468
    0.0000  -37.5000  -37.5000 2438.8069   14.4420
    7.5000  -37.5000  -37.5000 2416.9551   14.5704
   -7.5000  -30.0000  -37.5000 2471.6455   13.8172
    0.0000  -30.0000  -37.5000 2476.0461   13.8375
    7.5000  -30.0000  -37.5000 2454.6025   13.9671
   -7.5000  -22.5000  -37.5000 2495.8081   13.3661
    0.0000  -22.5000  -37.5000 2504.8640   13.3835
    7.5000  -22.5000  -37.5000 2478.4834   13.5298
   -7.5000  -15.0000  -37.5000 2507.2622   13.0543
    0.0000  -15.0000  -37.5000 2519.9192   13.0794
    7.5000  -15.0000  -37.5000 2489.4861   13.2418
   -7.5000   -7.5000  -37.5000 2511.8296   12.9271
    0.0000   -7.5000  -37.5000 2521.8708   12.9387
    7.5000   -7.5000  -37.5000 2491.8264   13.1234
   -7.5000    0.0000  -37.5000 2505.0200   13.0086
    0.0000    0.0000  -37.5000 2513.4490   13.0208
    7.5000    0.0000  -37.5000 2481.8496   13.2061
   -7.5000    7.5000  -37.5000 2477.6582   13.3080
    0.0000    7.5000  -37.5000 2490.9961   13.2999
    7.5000    7.5000  -37.5000 2459.7944   13.4884
   -7.5000   15.0000  -37.5000 2437.1829   13.7630
    0.0000   15.0000  -37.5000 2449.2234   13.7703
    7.5000   15.0000  -37.5000 2415.3999   13.9939
   -7.5000   22.5000  -37.5000 2375.5498   14.4537
    0.0000   22.5000  -37.5000 2385.8933   14.4749
    7.5000   22.5000  -37.5000 2353.4231   14.7103
   -7.5000   30.0000  -37.5000 2296.7695   15.4577
    0.0000   30.0000  -37.5000 2306.8059   15.4786
    7.5000   30.0000  -37.5000 2274.2156   15.7093
   -7.5000   37.5000  -37.5000 2203.9934   16.9295
    0.0000   37.5000  -37.5000 2213.1519   16.9356
    7.5000   37.5000  -37.5000 2182.5601   17.1922
   -7.5000   45.0000  -37.5000 2094.4055   18.9286
    0.0000   45.0000  -37.5000 2102.4465   18.9146
    7.5000   45.0000  -37.5000 2073.1736   19.1595
   -7.5000  -45.0000  -30.0000 2510.0005   14.6750
    0.0000  -45.0000  -30.0000 2519.1716   14.6706
    7.5000  -45.0000  -30.0000 2493.8271   14.8136
   -7.5000  -37.5000  -30.0000 2562.6353   13.9380
    0.0000  -37.5000  -30.0000 2571.5540   13.9247
    7.5000  -37.5000  -30.0000 2545.6021   14.0473
   -7.5000  -30.0000  -30.0000 2603.0000   13.3301
    0.0000  -30.0000  -30.0000 2611.8335   13.3227
    7.5000  -30.0000  -30.0000 2584.4170   13.4460
   -7.5000  -22.5000  -30.0000 2631.5732   12.8859
    0.0000  -22.5000  -30.0000 2644.4255   12.8967
    7.5000  -22.5000  -30.0000 2618.0176   13.0180
   -7.5000  -15.0000  -30.0000 2647.0164   12.6050
    0.0000  -15.0000  -30.0000 2660.9380   12.6268
    7.5000  -15.0000  -30.0000 2631.8293   12.7737
   -7.5000   -7.5000  -30.0000 2654.1980   12.4907
    0.0000   -7.5000  -30.0000 2663.6570   12.5113
    7.5000   -7.5000  -30.0000 2630.5938   12.6708
   -7.5000    0.0000  -30.0000 2643.5991   12.5715
    0.0000    0.0000  -30.0000 2654.7261   12.5931
    7.5000    0.0000  -30.0000 2620.2366   12.7432
   -7.5000    7.5000  -30.0000 2622.7876   12.8198
    0.0000    7.5000  -30.0000 2637.5615   12.8298
    7.5000    7.5000  -30.0000 2601.2468   12.9897
   -7.5000   15.0000  -30.0000 2582.5938   13.2354
    0.0000   15.0000  -30.0000 2594.9082   13.2476
    7.5000   15.0000  -30.0000 2557.0588   13.4454
   -7.5000   22.5000  -30.0000 2513.8455   13.8786
    0.0000   22.5000  -30.0000 2526.2314   13.8902
    7.5000   22.5000  -30.0000 2491.3894   14.1150
   -7.5000   30.0000  -30.0000 2421.9683   14.8554
    0.0000   30.0000  -30.0000 2433.2961   14.8617
    7.5000   30.0000  -30.0000 2401.8630   15.1064
   -7.5000   37.5000  -30.0000 2320.0442   16.2755
    0.0000   37.5000  -30.0000 2329.6028   16.2715
    7.5000   37.5000  -30.0000 2299.5498   16.5141
   -7.5000   45.0000  -30.0000 2202.3950   18.1959
    0.0000   45.0000  -30.0000 2211.4949   18.1474
    7.5000   45.0000  -30.0000 2184.0415   18.4112
   -7.5000  -45.0000  -22.5000 2594.9592   14.0968
    0.0000  -45.0000  -22.5000 2606.6155   14.0690
    7.5000  -45.0000  -22.5000 2581.9624   14.2034
   -7.5000  -37.5000  -22.5000 2652.8779   13.3261
    0.0000  -37.5000  -22.5000 2662.3254   13.2918
    7.5000  -37.5000  -22.5000 2640.2976   13.4428
   -7.5000  -30.0000  -22.5000 2697.1499   12.7462
    0.0000  -30.0000  -22.5000 2707.8767   12.7264
    7.5000  -30.0000  -22.5000 2684.0806   12.8646
   -7.5000  -22.5000  -22.5000 2734.0132   12.3333
    0.0000  -22.5000  -22.5000 2749.2871   12.3273
    7.5000  -22.5000  -22.5000 2719.3308   12.4479
   -7.5000  -15.0000  -22.5000 2749.3667   12.0991
    0.0000  -15.0000  -22.5000 2767.1897   12.0978
    7.5000  -15.0000  -22.5000 2733.7739   12.2249
   -7.5000   -7.5000  -22.5000 2768.7378   11.9590
    0.0000   -7.5000  -22.5000 2780.8127   11.9610
    7.5000   -7.5000  -22.5000 2741.1992   12.1018
   -7.5000    0.0000  -22.5000 2765.2927   12.0201
    0.0000    0.0000  -22.5000 2776.7998   12.0427
    7.5000    0.0000  -22.5000 2738.6816   12.1627
   -7.5000    7.5000  -22.5000 2745.4170   12.2616
    0.0000    7.5000  -22.5000 2760.2842   12.2829
    7.5000    7.5000  -22.5000 2718.9204   12.4024
   -7.5000   15.0000  -22.5000 2697.6887   12.6582
    0.0000   15.0000  -22.5000 2711.8835   12.6446
    7.5000   15.0000  -22.5000 2672.2200   12.8431
   -7.5000   22.5000  -22.5000 2620.8311   13.2869
    0.0000   22.5000  -22.5000 2634.7117   13.2712
    7.5000   22.5000  -22.5000 2602.0549   13.4999
   -7.5000   30.0000  -22.5000 2521.9287   14.2383
    0.0000   30.0000  -22.5000 2532.8127   14.2177
    7.5000   30.0000  -22.5000 2501.4773   14.4619
   -7.5000   37.5000  -22.5000 2408.2136   15.6174
    0.0000   37.5000  -22.5000 2418.7952   15.5887
    7.5000   37.5000  -22.5000 2389.7993   15.8218
   -7.5000   45.0000  -22.5000 2286.3396   17.4409
    0.0000   45.0000  -22.5000 2293.5139   17.3997
    7.5000   45.0000  -22.5000 2269.0154   17.6436
   -7.5000  -45.0000  -15.0000 2649.3916   13.5669
    0.0000  -45.0000  -15.0000 2660.1384   13.5198
    7.5000  -45.0000  -15.0000 2636.7290   13.6831
   -7.5000  -37.5000  -15.0000 2706.7839   12.8072
    0.0000  -37.5000  -15.0000 2717.5334   12.7511
    7.5000  -37.5000  -15.0000 2694.4514   12.9299
   -7.5000  -30.0000  -15.0000 2757.1028   12.2137
    0.0000  -30.0000  -15.0000 2769.8442   12.1771
    7.5000  -30.0000  -15.0000 2743.7920   12.3514
   -7.5000  -22.5000  -15.0000 2801.7471   11.8036
    0.0000  -22.5000  -15.0000 2816.6213   11.7698
    7.5000  -22.5000  -15.0000 2784.1108   11.9290
   -7.5000  -15.0000  -15.0000 2824.6765   11.5700
    0.0000  -15.0000  -15.0000 2842.7019   11.5443
    7.5000  -15.0000  -15.0000 2805.7148   11.6931
   -7.5000   -7.5000  -15.0000 2848.2090   11.4527
    0.0000   -7.5000  -15.0000 2865.2893   11.4276
    7.5000   -7.5000  -15.0000 2821.8594   11.5745
   -7.5000    0.0000  -15.0000 2855.0020   11.4841
    0.0000    0.0000  -15.0000 2873.3181   11.4697
    7.5000    0.0000  -15.0000 2824.1638   11.6222
   -7.5000    7.5000  -15.0000 2830.5320   11.7258
    0.0000    7.5000  -15.0000 2851.8267   11.7158
    7.5000    7.5000  -15.0000 2803.4734   11.8705
   -7.5000   15.0000  -15.0000 2775.3232   12.1200
    0.0000   15.0000  -15.0000 2795.6062   12.0839
    7.5000   15.0000  -15.0000 2754.6562   12.2924
   -7.5000   22.5000  -15.0000 2694.1873   12.7481
    0.0000   22.5000  -15.0000 2712.8604   12.7058
    7.5000   22.5000  -15.0000 2675.3137   12.9333
   -7.5000   30.0000  -15.0000 2586.5208   13.6904
    0.0000   30.0000  -15.0000 2601.7961   13.6502
    7.5000   30.0000  -15.0000 2565.4331   13.8994
   -7.5000   37.5000  -15.0000 2469.3923   15.0573
    0.0000   37.5000  -15.0000 2481.9626   14.9975
    7.5000   37.5000  -15.0000 2447.6116   15.2407
   -7.5000   45.0000  -15.0000 2340.2607   16.8303
    0.0000   45.0000  -15.0000 2349.7356   16.7682
    7.5000   45.0000  -15.0000 2320.0081   17.0167
   -7.5000  -45.0000   -7.5000 2677.0874   13.1303
    0.0000  -45.0000   -7.5000 2690.3760   13.0745
    7.5000  -45.0000   -7.5000 2666.7568   13.2560
   -7.5000  -37.5000   -7.5000 2735.0488   12.3723
    0.0000  -37.5000   -7.5000 2745.0535   12.3183
    7.5000  -37.5000   -7.5000 2720.2190   12.4855
   -7.5000  -30.0000   -7.5000 2790.7380   11.7888
    0.0000  -30.0000   -7.5000 2802.0513   11.7412
    7.5000  -30.0000   -7.5000 2773.5518   11.9023
   -7.5000  -22.5000   -7.5000 2838.5220   11.3603
    0.0000  -22.5000   -7.5000 2855.0198   11.3096
    7.5000  -22.5000   -7.5000 2819.4255   11.4955
   -7.5000  -15.0000   -7.5000 2876.0051   11.1208
    0.0000  -15.0000   -7.5000 2897.0383   11.0728
    7.5000  -15.0000   -7.5000 2858.6538   11.2493
   -7.5000   -7.5000   -7.5000 2907.2415   11.0355
    0.0000   -7.5000   -7.5000 2930.3662   10.9789
    7.5000   -7.5000   -7.5000 2883.8857   11.1535
   -7.5000    0.0000   -7.5000 2925.1252   11.0440
    0.0000    0.0000   -7.5000 2945.4780   10.9770
    7.5000    0.0000   -7.5000 2888.9263   11.2052
   -7.5000    7.5000   -7.5000 2895.1318   11.2748
    0.0000    7.5000   -7.5000 2915.4148   11.2165
    7.5000    7.5000   -7.5000 2861.5793   11.4376
   -7.5000   15.0000   -7.5000 2830.7485   11.6874
    0.0000   15.0000   -7.5000 2852.4202   11.6310
    7.5000   15.0000   -7.5000 2803.3594   11.8499
   -7.5000   22.5000   -7.5000 2743.5061   12.2910
    0.0000   22.5000   -7.5000 2763.1321   12.2466
    7.5000   22.5000   -7.5000 2718.2153   12.4639
   -7.5000   30.0000   -7.5000 2629.0571   13.2339
    0.0000   30.0000   -7.5000 2644.4539   13.1920
    7.5000   30.0000   -7.5000 2605.2083   13.4196
   -7.5000   37.5000   -7.5000 2503.8027   14.5791
    0.0000   37.5000   -7.5000 2517.6921   14.5296
    7.5000   37.5000   -7.5000 2480.9250   14.7586
   -7.5000   45.0000   -7.5000 2371.2556   16.3378
    0.0000   45.0000   -7.5000 2382.7942   16.2833
    7.5000   45.0000   -7.5000 2349.7031   16.5202
   -7.5000  -45.0000    0.0000 2686.2031   12.9332
    0.0000  -45.0000    0.0000 2697.3811   12.8619
    7.5000  -45.0000    0.0000 2676.9885   13.0513
   -7.5000  -37.5000    0.0000 2747.3052   12.1219
    0.0000  -37.5000    0.0000 2757.0261   12.0546
    7.5000  -37.5000    0.0000 2731.2891   12.2384
   -7.5000  -30.0000    0.0000 2805.5667   11.4833
    0.0000  -30.0000    0.0000 2819.7568   11.4206
    7.5000  -30.0000    0.0000 2789.5845   11.6253
   -7.5000  -22.5000    0.0000 2860.2454   11.0426
    0.0000  -22.5000    0.0000 2878.5410   10.9659
    7.5000  -22.5000    0.0000 2841.7114   11.1884
   -7.5000  -15.0000    0.0000 2910.3530   10.8251
    0.0000  -15.0000    0.0000 2934.5793   10.7576
    7.5000  -15.0000    0.0000 2891.6799   10.9582
   -7.5000   -7.5000    0.0000 2945.4219   10.8354
    0.0000   -7.5000    0.0000 2973.6831   10.7697
    7.5000   -7.5000    0.0000 2923.9727   10.9231
   -7.5000    0.0000    0.0000 2964.0750   10.8877
    0.0000    0.0000    0.0000 2988.7832   10.8250
    7.5000    0.0000    0.0000 2923.5256   10.9867
   -7.5000    7.5000    0.0000 2934.5557   11.0682
    0.0000    7.5000    0.0000 2957.0498   11.0054
    7.5000    7.5000    0.0000 2893.4373   11.1929
   -7.5000   15.0000    0.0000 2868.6855   11.4272
    0.0000   15.0000    0.0000 2890.2129   11.3625
    7.5000   15.0000    0.0000 2835.2834   11.5714
   -7.5000   22.5000    0.0000 2773.2007   12.0350
    0.0000   22.5000    0.0000 2790.4177   11.9732
    7.5000   22.5000    0.0000 2746.8340   12.1909
   -7.5000   30.0000    0.0000 2650.4905   12.9654
    0.0000   30.0000    0.0000 2665.3254   12.9231
    7.5000   30.0000    0.0000 2628.7463   13.1619
   -7.5000   37.5000    0.0000 2519.9504   14.3018
    0.0000   37.5000    0.0000 2531.8450   14.2713
    7.5000   37.5000    0.0000 2498.3521   14.4897
   -7.5000   45.0000    0.0000 2381.9688   16.0312
    0.0000   45.0000    0.0000 2393.3762   16.0111
    7.5000   45.0000    0.0000 2364.2458   16.2174
   -7.5000  -45.0000    7.5000 2673.6680   12.8982
    0.0000  -45.0000    7.5000 2685.0820   12.8192
    7.5000  -45.0000    7.5000 2663.3447   13.0352
   -7.5000  -37.5000    7.5000 2735.5693   12.0734
    0.0000  -37.5000    7.5000 2748.0210   11.9962
    7.5000  -37.5000    7.5000 2725.0166   12.2174
   -7.5000  -30.0000    7.5000 2795.9197   11.4012
    0.0000  -30.0000    7.5000 2814.9397   11.3217
    7.5000  -30.0000    7.5000 2786.1875   11.5630
   -7.5000  -22.5000    7.5000 2862.7988   10.9395
    0.0000  -22.5000    7.5000 2881.1614   10.8495
    7.5000  -22.5000    7.5000 2843.3259   11.0964
   -7.5000  -15.0000    7.5000 2923.4812   10.7113
    0.0000  -15.0000    7.5000 2945.0867   10.6288
    7.5000  -15.0000    7.5000 2898.8335   10.8766
   -7.5000   -7.5000    7.5000 2965.1687   10.7276
    0.0000   -7.5000    7.5000 2994.5791   10.6474
    7.5000   -7.5000    7.5000 2937.4661   10.8141
   -7.5000    0.0000    7.5000 2978.8171   10.8072
    0.0000    0.0000    7.5000 3010.6331   10.7271
    7.5000    0.0000    7.5000 2940.2007   10.8743
   -7.5000    7.5000    7.5000 2943.0786   11.0092
    0.0000    7.5000    7.5000 2967.4907   10.9370
    7.5000    7.5000    7.5000 2905.4163   11.1245
   -7.5000   15.0000    7.5000 2869.1646   11.3968
    0.0000   15.0000    7.5000 2890.5435   11.3402
    7.5000   15.0000    7.5000 2837.4338   11.5675
   -7.5000   22.5000    7.5000 2770.5200   12.0325
    0.0000   22.5000    7.5000 2787.8208   11.9985
    7.5000   22.5000    7.5000 2747.7185   12.2009
   -7.5000   30.0000    7.5000 2648.6106   12.9564
    0.0000   30.0000    7.5000 2664.3196   12.9078
    7.5000   30.0000    7.5000 2631.8523   13.1147
   -7.5000   37.5000    7.5000 2517.6782   14.2255
    0.0000   37.5000    7.5000 2531.6309   14.1813
    7.5000   37.5000    7.5000 2506.7222   14.3888
   -7.5000   45.0000    7.5000 2378.7188   15.9165
    0.0000   45.0000    7.5000 2393.4192   15.8509
    7.5000   45.0000    7.5000 2368.9036   16.0682
   -7.5000  -45.0000   15.0000 2650.2620   13.0503
    0.0000  -45.0000   15.0000 2662.7217   12.9523
    7.5000  -45.0000   15.0000 2637.6526   13.2085
   -7.5000  -37.5000   15.0000 2707.5676   12.1905
    0.0000  -37.5000   15.0000 2722.6577   12.1047
    7.5000  -37.5000   15.0000 2697.9438   12.3653
   -7.5000  -30.0000   15.0000 2770.4326   11.5225
    0.0000  -30.0000   15.0000 2790.7673   11.4397
    7.5000  -30.0000   15.0000 2759.2275   11.6900
   -7.5000  -22.5000   15.0000 2840.0720   11.0569
    0.0000  -22.5000   15.0000 2862.4790   10.9664
    7.5000  -22.5000   15.0000 2823.7178   11.2233
   -7.5000  -15.0000   15.0000 2904.9397   10.8305
    0.0000  -15.0000   15.0000 2931.1812   10.7334
    7.5000  -15.0000   15.0000 2882.0955   11.0022
   -7.5000   -7.5000   15.0000 2951.0195   10.7811
    0.0000   -7.5000   15.0000 2979.8669   10.7002
    7.5000   -7.5000   15.0000 2924.2969   10.9051
   -7.5000    0.0000   15.0000 2964.2112   10.7886
    0.0000    0.0000   15.0000 2995.5237   10.6809
    7.5000    0.0000   15.0000 2932.0977   10.9297
   -7.5000    7.5000   15.0000 2923.7292   11.0381
    0.0000    7.5000   15.0000 2948.2000   10.9055
    7.5000    7.5000   15.0000 2895.0410   11.2030
   -7.5000   15.0000   15.0000 2847.4521   11.5011
    0.0000   15.0000   15.0000 2869.3477   11.4088
    7.5000   15.0000   15.0000 2823.5374   11.6591
   -7.5000   22.5000   15.0000 2743.7188   12.2202
    0.0000   22.5000   15.0000 2763.6206   12.1430
    7.5000   22.5000   15.0000 2726.5698   12.3596
   -7.5000   30.0000   15.0000 2623.5122   13.1706
    0.0000   30.0000   15.0000 2638.2600   13.1021
    7.5000   30.0000   15.0000 2611.0776   13.2981
   -7.5000   37.5000   15.0000 2499.2693   14.4046
    0.0000   37.5000   15.0000 2509.7522   14.3763
    7.5000   37.5000   15.0000 2488.2952   14.5510
   -7.5000   45.0000   15.0000 2364.5393   16.0050
    0.0000   45.0000   15.0000 2376.5400   15.9716
    7.5000   45.0000   15.0000 2349.9106   16.1676
   -7.5000  -45.0000   22.5000 2620.2744   13.3596
    0.0000  -45.0000   22.5000 2635.3945   13.2644
    7.5000  -45.0000   22.5000 2607.6045   13.5169
   -7.5000  -37.5000   22.5000 2671.6033   12.5007
    0.0000  -37.5000   22.5000 2686.4617   12.3964
    7.5000  -37.5000   22.5000 2662.6868   12.6660
   -7.5000  -30.0000   22.5000 2728.8008   11.8420
    0.0000  -30.0000   22.5000 2749.0073   11.7372
    7.5000  -30.0000   22.5000 2721.5566   12.0093
   -7.5000  -22.5000   22.5000 2799.3044   11.3510
    0.0000  -22.5000   22.5000 2818.9111   11.2686
    7.5000  -22.5000   22.5000 2784.9558   11.5454
   -7.5000  -15.0000   22.5000 2865.3428   11.1477
    0.0000  -15.0000   22.5000 2888.7219   11.0696
    7.5000  -15.0000   22.5000 2843.5879   11.3168
   -7.5000   -7.5000   22.5000 2905.1895   11.0674
    0.0000   -7.5000   22.5000 2931.3149   10.9865
    7.5000   -7.5000   22.5000 2880.4238   11.2194
   -7.5000    0.0000   22.5000 2910.6052   11.0646
    0.0000    0.0000   22.5000 2936.4500   10.9606
    7.5000    0.0000   22.5000 2884.7317   11.2534
   -7.5000    7.5000   22.5000 2877.7021   11.3321
    0.0000    7.5000   22.5000 2897.7944   11.2272
    7.5000    7.5000   22.5000 2853.9209   11.4970
   -7.5000   15.0000   22.5000 2807.0391   11.8007
    0.0000   15.0000   22.5000 2827.8162   11.7058
    7.5000   15.0000   22.5000 2788.3186   11.9682
   -7.5000   22.5000   22.5000 2709.3484   12.4904
    0.0000   22.5000   22.5000 2729.3875   12.3921
    7.5000   22.5000   22.5000 2694.4927   12.6493
   -7.5000   30.0000   22.5000 2587.5413   13.4611
    0.0000   30.0000   22.5000 2604.6252   13.3783
    7.5000   30.0000   22.5000 2578.3459   13.6170
   -7.5000   37.5000   22.5000 2464.7227   14.7238
    0.0000   37.5000   22.5000 2478.0591   14.6610
    7.5000   37.5000   22.5000 2450.7925   14.8605
   -7.5000   45.0000   22.5000 2335.2871   16.2568
    0.0000   45.0000   22.5000 2344.9185   16.2391
    7.5000   45.0000   22.5000 2316.2278   16.4232
   -7.5000  -45.0000   30.0000 2583.9424   13.8246
    0.0000  -45.0000   30.0000 2598.7158   13.7019
    7.5000  -45.0000   30.0000 2569.2849   13.9960
   -7.5000  -37.5000   30.0000 2636.2302   12.9583
    0.0000  -37.5000   30.0000 2651.3440   12.8428
    7.5000  -37.5000   30.0000 2622.6599   13.1079
   -7.5000  -30.0000   30.0000 2684.8906   12.2960
    0.0000  -30.0000   30.0000 2704.7039   12.2018
    7.5000  -30.0000   30.0000 2673.0457   12.4602
   -7.5000  -22.5000   30.0000 2746.9858   11.8362
    0.0000  -22.5000   30.0000 2765.5801   11.7646
    7.5000  -22.5000   30.0000 2731.7747   12.0189
   -7.5000  -15.0000   30.0000 2803.5278   11.6392
    0.0000  -15.0000   30.0000 2822.1323   11.5823
    7.5000  -15.0000   30.0000 2785.8462   11.8089
   -7.5000   -7.5000   30.0000 2833.8552   11.5655
    0.0000   -7.5000   30.0000 2855.0701   11.4805
    7.5000   -7.5000   30.0000 2812.1948   11.7278
   -7.5000    0.0000   30.0000 2834.5239   11.6030
    0.0000    0.0000   30.0000 2853.0364   11.5106
    7.5000    0.0000   30.0000 2812.6311   11.7855
   -7.5000    7.5000   30.0000 2803.2161   11.8912
    0.0000    7.5000   30.0000 2819.8220   11.8018
    7.5000    7.5000   30.0000 2786.1987   12.0401
   -7.5000   15.0000   30.0000 2741.6348   12.3292
    0.0000   15.0000   30.0000 2758.8003   12.2588
    7.5000   15.0000   30.0000 2725.9336   12.4904
   -7.5000   22.5000   30.0000 2659.5020   12.9476
    0.0000   22.5000   30.0000 2677.5142   12.8816
    7.5000   22.5000   30.0000 2642.9143   13.1137
   -7.5000   30.0000   30.0000 2543.5549   13.8613
    0.0000   30.0000   30.0000 2561.0032   13.8052
    7.5000   30.0000   30.0000 2532.2158   14.0372
   -7.5000   37.5000   30.0000 2423.5818   15.1125
    0.0000   37.5000   30.0000 2437.4246   15.0556
    7.5000   37.5000   30.0000 2412.9500   15.2543
   -7.5000   45.0000   30.0000 2289.8247   16.6682
    0.0000   45.0000   30.0000 2302.6328   16.5976
    7.5000   45.0000   30.0000 2280.9875   16.7849
   -7.5000  -45.0000   37.5000 2537.9309   14.4572
    0.0000  -45.0000   37.5000 2552.4478   14.3129
    7.5000  -45.0000   37.5000 2524.0095   14.6045
   -7.5000  -37.5000   37.5000 2591.9006   13.5752
    0.0000  -37.5000   37.5000 2607.4685   13.4441
    7.5000  -37.5000   37.5000 2575.4915   13.6916
   -7.5000  -30.0000   37.5000 2639.1372   12.9121
    0.0000  -30.0000   37.5000 2656.4302   12.8184
    7.5000  -30.0000   37.5000 2622.6301   13.0538
   -7.5000  -22.5000   37.5000 2688.6921   12.4985
    0.0000  -22.5000   37.5000 2707.3572   12.4127
    7.5000  -22.5000   37.5000 2671.2285   12.6351
   -7.5000  -15.0000   37.5000 2730.5408   12.2737
    0.0000  -15.0000   37.5000 2749.4727   12.2027
    7.5000  -15.0000   37.5000 2715.0613   12.4251
   -7.5000   -7.5000   37.5000 2751.4656   12.2232
    0.0000   -7.5000   37.5000 2770.5923   12.1371
    7.5000   -7.5000   37.5000 2732.0303   12.3642
   -7.5000    0.0000   37.5000 2743.6458   12.2978
    0.0000    0.0000   37.5000 2759.7041   12.2238
    7.5000    0.0000   37.5000 2726.9629   12.4464
   -7.5000    7.5000   37.5000 2711.4517   12.6298
    0.0000    7.5000   37.5000 2730.7522   12.5537
    7.5000    7.5000   37.5000 2695.2935   12.7591
   -7.5000   15.0000   37.5000 2657.4158   13.0316
    0.0000   15.0000   37.5000 2675.6411   12.9794
    7.5000   15.0000   37.5000 2640.3445   13.1821
   -7.5000   22.5000   37.5000 2587.3508   13.6125
    0.0000   22.5000   37.5000 2605.2700   13.5604
    7.5000   22.5000   37.5000 2571.4714   13.7855
   -7.5000   30.0000   37.5000 2489.2913   14.4584
    0.0000   30.0000   37.5000 2504.1821   14.4264
    7.5000   30.0000   37.5000 2477.9895   14.6503
   -7.5000   37.5000   37.5000 2373.2568   15.6754
    0.0000   37.5000   37.5000 2387.4329   15.6439
    7.5000   37.5000   37.5000 2369.4568   15.8466
   -7.5000   45.0000   37.5000 2242.5632   17.2390
    0.0000   45.0000   37.5000 2258.8855   17.1718
    7.5000   45.0000   37.5000 2238.0928   17.3572
   -7.5000  -45.0000   45.0000 2480.1060   15.2871
    0.0000  -45.0000   45.0000 2500.3376   15.1327
    7.5000  -45.0000   45.0000 2471.7532   15.3898
   -7.5000  -37.5000   45.0000 2533.6851   14.3624
    0.0000  -37.5000   45.0000 2554.1055   14.2309
    7.5000  -37.5000   45.0000 2518.8423   14.4816
   -7.5000  -30.0000   45.0000 2574.1606   13.7101
    0.0000  -30.0000   45.0000 2596.1492   13.5956
    7.5000  -30.0000   45.0000 2561.1069   13.8296
   -7.5000  -22.5000   45.0000 2616.5449   13.2973
    0.0000  -22.5000   45.0000 2637.9780   13.2336
    7.5000  -22.5000   45.0000 2601.3728   13.4178
   -7.5000  -15.0000   45.0000 2646.9287   13.0846
    0.0000  -15.0000   45.0000 2668.0496   13.0248
    7.5000  -15.0000   45.0000 2632.0652   13.2195
   -7.5000   -7.5000   45.0000 2657.1072   13.0486
    0.0000   -7.5000   45.0000 2677.0090   12.9912
    7.5000   -7.5000   45.0000 2641.7126   13.2000
   -7.5000    0.0000   45.0000 2645.1978   13.1491
    0.0000    0.0000   45.0000 2662.0437   13.0999
    7.5000    0.0000   45.0000 2633.8577   13.2918
   -7.5000    7.5000   45.0000 2616.5439   13.4892
    0.0000    7.5000   45.0000 2634.7205   13.4348
    7.5000    7.5000   45.0000 2604.1917   13.6138
   -7.5000   15.0000   45.0000 2564.1877   13.9123
    0.0000   15.0000   45.0000 2582.3860   13.8674
    7.5000   15.0000   45.0000 2556.6587   14.0346
   -7.5000   22.5000   45.0000 2505.5083   14.4346
    0.0000   22.5000   45.0000 2523.0793   14.3939
    7.5000   22.5000   45.0000 2493.3320   14.5845
   -7.5000   30.0000   45.0000 2428.5505   15.2206
    0.0000   30.0000   45.0000 2444.3828   15.1871
    7.5000   30.0000   45.0000 2409.6211   15.4143
   -7.5000   37.5000   45.0000 2317.2561   16.4333
    0.0000   37.5000   45.0000 2332.9983   16.3888
    7.5000   37.5000   45.0000 2306.6472   16.5846
   -7.5000   45.0000   45.0000 2186.9075   18.0247
    0.0000   45.0000   45.0000 2201.5405   17.9878
    7.5000   45.0000   45.0000 2181.4114   18.1309

---------------------------------------------------------------------
imgreg_4dfp /opt/freesurfer/average/711-2C_as_mni_average_305 /opt/freesurfer/average/711-2B_as_mni_average_305_mask talsrcimg_g11 none talsrcimg_to_711-2C_as_mni_average_305_t4 1283
---------------------------------------------------------------------

freesurfer imgreg_4dfp.c
/opt/freesurfer/average/711-2C_as_mni_average_305.4dfp.img
       256       256       256         1
  1.000000  1.000000  1.000000
orientation T byte_order littleendian
Reading image: /opt/freesurfer/average/711-2C_as_mni_average_305.4dfp.img
dimensions:      256       256       256
mmppix:       1.0000   -1.0000   -1.0000
center:     128.0000 -129.0000 -129.0000
/opt/freesurfer/average/711-2B_as_mni_average_305_mask.4dfp.img
       256       256       256         1
  1.000000  1.000000  1.000000
orientation T byte_order littleendian
Reading mask: /opt/freesurfer/average/711-2B_as_mni_average_305_mask.4dfp.img (2306576 pixels)
talsrcimg_g11.4dfp.img
       256       256       256         1
  1.000000  1.000000  1.000000
orientation T byte_order littleendian
Reading image: talsrcimg_g11.4dfp.img
dimensions:      256       256       256
mmppix:       1.0000   -1.0000   -1.0000
center:     128.0000 -129.0000 -129.0000
rotation matrix determinant  1.000000
fimgreg.f
image alignment mode   1283 decimal      503 hex
parameters
    0.0000    0.0000    7.5000    0.0000    0.0000    0.0000
eta,q 0.94316 10.72253
niter,ni,del,rscale     5    3   12.0000    1.2000
parameter  4  1.921981 ->  0.500000 qaram    1.1500
parameters
   -1.3398   -1.6457    9.5514   -3.4500   -0.0012   -0.1471
eta,q 0.95055 10.60117
  0.0632  0.0591  0.0590  0.0467  0.0552  0.0533
  0.0581  0.0562  0.0576  0.0487  0.0523  0.0512
  0.0554  0.0549  0.0560  0.0515  0.0504  0.0499
  0.0568  0.0554  0.0547  0.0539  0.0494  0.0494
  0.0605  0.0579  0.0539  0.0566  0.0504  0.0499
  0.0654  0.0623  0.0542  0.0606  0.0523  0.0514
  0.0710  0.0671  0.0560  0.0657  0.0552  0.0537
niter,ni,del,rscale     5    3   12.0000    1.2000
parameter  4  1.873924 ->  0.500000 qaram    1.3225
parameters
   -1.6298   -0.7642    8.9139   -7.4175    0.4248   -0.5653
eta,q 0.95526 10.61491
  0.0612  0.0580  0.0538  0.0438  0.0525  0.0498
  0.0551  0.0533  0.0521  0.0442  0.0490  0.0470
  0.0506  0.0508  0.0504  0.0462  0.0458  0.0452
  0.0494  0.0494  0.0491  0.0493  0.0446  0.0448
  0.0516  0.0492  0.0500  0.0528  0.0457  0.0458
  0.0567  0.0508  0.0531  0.0556  0.0475  0.0484
  0.0636  0.0541  0.0575  0.0591  0.0506  0.0511
niter,ni,del,rscale     5    3   12.0000    1.2000
parameter  4  1.219425 ->  0.500000 qaram    1.5209
parameters
   -1.8294    0.4747    8.1131  -11.9801    1.0585   -1.6683
eta,q 0.95889 10.66057
  0.0588  0.0553  0.0479  0.0400  0.0489  0.0449
  0.0515  0.0510  0.0462  0.0411  0.0456  0.0426
  0.0458  0.0472  0.0448  0.0423  0.0429  0.0412
  0.0447  0.0447  0.0440  0.0442  0.0415  0.0413
  0.0472  0.0440  0.0446  0.0481  0.0417  0.0428
  0.0528  0.0457  0.0472  0.0526  0.0436  0.0455
  0.0605  0.0498  0.0524  0.0560  0.0466  0.0486
niter,ni,del,rscale     5    3   12.0000    1.2000
parameters
   -2.2257    2.1615    6.5520  -15.7384    1.0792   -1.6535
eta,q 0.96295 10.69700
  0.0555  0.0538  0.0430  0.0413  0.0449  0.0439
  0.0476  0.0482  0.0403  0.0374  0.0408  0.0403
  0.0420  0.0439  0.0395  0.0373  0.0378  0.0378
  0.0411  0.0409  0.0399  0.0395  0.0370  0.0371
  0.0442  0.0398  0.0414  0.0428  0.0384  0.0378
  0.0510  0.0412  0.0450  0.0484  0.0409  0.0403
  0.0592  0.0450  0.0507  0.0552  0.0445  0.0437
niter,ni,del,rscale     4    3   12.0000    1.2000
parameters
   -2.3891    2.5898    5.3393  -16.5172    1.0927   -1.5832
eta,q 0.96373 10.69722
  0.0543  0.0504  0.0418  0.0453  0.0443  0.0433
  0.0451  0.0435  0.0382  0.0406  0.0400  0.0396
  0.0384  0.0386  0.0367  0.0369  0.0370  0.0371
  0.0371  0.0370  0.0370  0.0367  0.0363  0.0363
  0.0402  0.0380  0.0388  0.0392  0.0375  0.0371
  0.0468  0.0415  0.0427  0.0428  0.0401  0.0395
  0.0556  0.0468  0.0481  0.0484  0.0440  0.0429
niter,ni,del,rscale     3    3   12.0000    1.2000
parameters
   -2.3742    2.6600    5.1134  -16.7654    1.0560   -1.5433
eta,q 0.96382 10.69478
  0.0549  0.0483  0.0442  0.0461  0.0442  0.0431
  0.0455  0.0416  0.0396  0.0414  0.0398  0.0394
  0.0382  0.0375  0.0369  0.0375  0.0369  0.0369
  0.0363  0.0363  0.0363  0.0363  0.0362  0.0362
  0.0390  0.0382  0.0375  0.0386  0.0375  0.0370
  0.0454  0.0420  0.0405  0.0420  0.0401  0.0394
  0.0544  0.0470  0.0454  0.0470  0.0441  0.0428
niter,ni,del,rscale     2    3   12.0000    1.2000
parameters
   -2.3477    2.7160    5.0352  -16.8838    1.0177   -1.5197
eta,q 0.96383 10.69361
  0.0549  0.0481  0.0446  0.0462  0.0442  0.0430
  0.0455  0.0415  0.0399  0.0415  0.0398  0.0394
  0.0381  0.0373  0.0370  0.0377  0.0369  0.0369
  0.0362  0.0362  0.0362  0.0362  0.0362  0.0362
  0.0389  0.0382  0.0374  0.0384  0.0374  0.0370
  0.0453  0.0419  0.0402  0.0418  0.0401  0.0394
  0.0543  0.0468  0.0450  0.0466  0.0442  0.0428
niter,ni,del,rscale     1    3   12.0000    1.2000
parameters
   -2.3277    2.7501    4.9960  -16.9507    0.9903   -1.5050
eta,q 0.96384 10.69286
  0.0549  0.0479  0.0447  0.0463  0.0442  0.0430
  0.0454  0.0414  0.0400  0.0416  0.0399  0.0393
  0.0381  0.0372  0.0371  0.0379  0.0369  0.0369
  0.0362  0.0362  0.0362  0.0362  0.0362  0.0362
  0.0389  0.0382  0.0373  0.0384  0.0374  0.0370
  0.0453  0.0420  0.0401  0.0417  0.0400  0.0394
  0.0543  0.0468  0.0449  0.0465  0.0442  0.0428
registration optimization eta report
parameter search radius
    6.0000    6.0000    6.0000    9.1253    6.0000    6.0000
100000*second partial in parameter space
       51.       31.       24.       12.       22.       19.
  0.0549  0.0479  0.0447  0.0463  0.0442  0.0430
  0.0454  0.0414  0.0400  0.0416  0.0399  0.0393
  0.0381  0.0372  0.0371  0.0379  0.0369  0.0369
  0.0362  0.0362  0.0362  0.0362  0.0362  0.0362
  0.0389  0.0382  0.0373  0.0384  0.0374  0.0370
  0.0453  0.0420  0.0401  0.0417  0.0400  0.0394
  0.0543  0.0468  0.0449  0.0465  0.0442  0.0428
   -2.3277    2.7501    4.9960  -16.9507    0.9903   -1.5050
eta,q 0.96384 10.69286

---------------------------------------------------------------------
imgreg_4dfp /opt/freesurfer/average/711-2C_as_mni_average_305 /opt/freesurfer/average/711-2B_as_mni_average_305_mask talsrcimg_g11 none talsrcimg_to_711-2C_as_mni_average_305_t4 3335
---------------------------------------------------------------------

freesurfer imgreg_4dfp.c
/opt/freesurfer/average/711-2C_as_mni_average_305.4dfp.img
       256       256       256         1
  1.000000  1.000000  1.000000
orientation T byte_order littleendian
Reading image: /opt/freesurfer/average/711-2C_as_mni_average_305.4dfp.img
dimensions:      256       256       256
mmppix:       1.0000   -1.0000   -1.0000
center:     128.0000 -129.0000 -129.0000
/opt/freesurfer/average/711-2B_as_mni_average_305_mask.4dfp.img
       256       256       256         1
  1.000000  1.000000  1.000000
orientation T byte_order littleendian
Reading mask: /opt/freesurfer/average/711-2B_as_mni_average_305_mask.4dfp.img (2306576 pixels)
talsrcimg_g11.4dfp.img
       256       256       256         1
  1.000000  1.000000  1.000000
orientation T byte_order littleendian
Reading image: talsrcimg_g11.4dfp.img
dimensions:      256       256       256
mmppix:       1.0000   -1.0000   -1.0000
center:     128.0000 -129.0000 -129.0000
fimgreg.f
image alignment mode   3335 decimal      D07 hex
parameters
   -2.3277    2.7501    4.9960   -0.0494   -4.3906   -4.3587
    3.0160   -0.8870   -2.6259   29.1883    1.7284  -29.1505
eta,q 0.96486 10.72731
niter,ni,del,rscale     5    3    5.0000    1.2000
parameter  4  1.258999 ->  0.500000 qaram    1.1500
parameter  5  1.216681 ->  0.500000 qaram    1.1500
parameter  6  0.544202 ->  0.500000 qaram    1.1500
parameter 10  0.750831 ->  0.500000 qaram    1.1500
parameters
   -2.2711    2.6406    4.9603   -4.1894   -8.5306   -8.4987
    1.7519    0.0658   -1.7150   25.0483    1.6586  -27.3256
eta,q 0.97126 10.00043
  0.0381  0.0371  0.0369  0.0316  0.0301  0.0302  0.0318  0.0345  0.0316  0.0290  0.0297  0.0310
  0.0365  0.0360  0.0359  0.0322  0.0304  0.0301  0.0306  0.0325  0.0307  0.0288  0.0292  0.0300
  0.0355  0.0353  0.0353  0.0334  0.0312  0.0302  0.0301  0.0309  0.0302  0.0291  0.0289  0.0293
  0.0351  0.0351  0.0351  0.0351  0.0324  0.0306  0.0301  0.0300  0.0299  0.0299  0.0288  0.0288
  0.0354  0.0355  0.0354  0.0372  0.0341  0.0317  0.0307  0.0301  0.0299  0.0310  0.0289  0.0288
  0.0363  0.0363  0.0360  0.0397  0.0360  0.0335  0.0319  0.0310  0.0303  0.0326  0.0292  0.0290
  0.0378  0.0375  0.0370  0.0430  0.0382  0.0360  0.0334  0.0328  0.0309  0.0345  0.0297  0.0296
niter,ni,del,rscale     7    3    5.0000    1.2000
parameter  4  0.713243 ->  0.500000 qaram    1.3225
parameter  5  0.506423 ->  0.500000 qaram    1.3225
parameters
   -2.0595    2.5145    4.6500   -8.9504  -13.2916  -10.3251
    1.2256    0.0653   -2.3167   23.8701    1.3561  -27.8212
eta,q 0.97316  9.38265
  0.0324  0.0306  0.0298  0.0276  0.0276  0.0288  0.0290  0.0306  0.0283  0.0293  0.0275  0.0280
  0.0306  0.0295  0.0291  0.0276  0.0272  0.0277  0.0279  0.0287  0.0275  0.0277  0.0271  0.0273
  0.0293  0.0289  0.0287  0.0279  0.0273  0.0271  0.0272  0.0275  0.0271  0.0269  0.0269  0.0269
  0.0287  0.0287  0.0287  0.0287  0.0277  0.0272  0.0270  0.0270  0.0270  0.0270  0.0269  0.0269
  0.0289  0.0291  0.0290  0.0302  0.0286  0.0280  0.0274  0.0274  0.0273  0.0278  0.0270  0.0271
  0.0298  0.0299  0.0297  0.0323  0.0299  0.0293  0.0284  0.0287  0.0279  0.0291  0.0272  0.0276
  0.0314  0.0310  0.0305  0.0348  0.0318  0.0311  0.0297  0.0306  0.0288  0.0307  0.0277  0.0283
niter,ni,del,rscale     7    3    5.0000    1.2000
parameters
   -2.0415    2.9406    4.3740  -11.2676  -13.1834  -11.0052
    1.1189    0.0168   -2.5793   24.6469    1.3667  -27.7299
eta,q 0.97335  9.25070
  0.0297  0.0295  0.0278  0.0281  0.0292  0.0293  0.0290  0.0303  0.0281  0.0304  0.0273  0.0279
  0.0282  0.0282  0.0272  0.0270  0.0279  0.0279  0.0277  0.0284  0.0273  0.0285  0.0269  0.0272
  0.0272  0.0273  0.0268  0.0266  0.0270  0.0270  0.0269  0.0271  0.0268  0.0272  0.0267  0.0268
  0.0268  0.0268  0.0268  0.0268  0.0266  0.0266  0.0266  0.0266  0.0266  0.0266  0.0266  0.0266
  0.0271  0.0269  0.0271  0.0274  0.0269  0.0271  0.0270  0.0271  0.0269  0.0269  0.0267  0.0268
  0.0281  0.0273  0.0276  0.0287  0.0277  0.0285  0.0278  0.0285  0.0274  0.0278  0.0269  0.0272
  0.0297  0.0281  0.0284  0.0309  0.0292  0.0304  0.0291  0.0304  0.0283  0.0291  0.0273  0.0278
niter,ni,del,rscale     6    3    5.0000    1.2000
parameters
   -2.0352    3.2865    3.9612  -11.4776  -14.1319  -11.7592
    1.0935    0.0304   -2.7258   25.5997    1.6386  -27.6285
eta,q 0.97347  9.17453
  0.0295  0.0290  0.0275  0.0290  0.0285  0.0291  0.0288  0.0301  0.0280  0.0303  0.0272  0.0277
  0.0279  0.0278  0.0269  0.0276  0.0274  0.0278  0.0276  0.0283  0.0272  0.0284  0.0268  0.0270
  0.0270  0.0270  0.0266  0.0267  0.0267  0.0269  0.0268  0.0270  0.0267  0.0272  0.0266  0.0266
  0.0266  0.0266  0.0266  0.0266  0.0266  0.0265  0.0266  0.0266  0.0266  0.0266  0.0265  0.0265
  0.0270  0.0267  0.0269  0.0269  0.0270  0.0270  0.0269  0.0270  0.0268  0.0267  0.0266  0.0267
  0.0279  0.0271  0.0275  0.0276  0.0280  0.0284  0.0277  0.0283  0.0273  0.0275  0.0268  0.0270
  0.0294  0.0279  0.0283  0.0292  0.0295  0.0303  0.0289  0.0301  0.0281  0.0289  0.0271  0.0275
niter,ni,del,rscale     5    3    5.0000    1.2000
parameters
   -2.0256    3.7863    3.4186  -11.7258  -15.7301  -12.7370
    1.0269    0.0424   -2.9118   26.9906    1.8231  -27.2711
eta,q 0.97379  9.05900
  0.0293  0.0290  0.0271  0.0288  0.0279  0.0286  0.0285  0.0297  0.0279  0.0304  0.0269  0.0273
  0.0278  0.0278  0.0266  0.0274  0.0269  0.0274  0.0273  0.0280  0.0270  0.0285  0.0265  0.0267
  0.0268  0.0269  0.0264  0.0265  0.0264  0.0266  0.0266  0.0268  0.0265  0.0271  0.0263  0.0263
  0.0265  0.0265  0.0265  0.0264  0.0264  0.0263  0.0263  0.0263  0.0263  0.0263  0.0262  0.0262
  0.0268  0.0265  0.0268  0.0268  0.0269  0.0268  0.0266  0.0267  0.0266  0.0263  0.0263  0.0263
  0.0278  0.0268  0.0274  0.0275  0.0279  0.0283  0.0274  0.0280  0.0271  0.0271  0.0265  0.0266
  0.0292  0.0275  0.0282  0.0290  0.0295  0.0303  0.0285  0.0297  0.0280  0.0284  0.0268  0.0270
niter,ni,del,rscale     4    3    5.0000    1.2000
parameters
   -2.0072    4.5601    2.6485  -12.0147  -17.6868  -13.8955
    1.0052    0.0773   -2.9036   28.4382    1.7133  -26.8821
eta,q 0.97441  8.91893
  0.0289  0.0291  0.0265  0.0284  0.0274  0.0279  0.0279  0.0290  0.0276  0.0302  0.0264  0.0266
  0.0274  0.0278  0.0261  0.0269  0.0263  0.0267  0.0267  0.0273  0.0266  0.0282  0.0259  0.0260
  0.0265  0.0268  0.0259  0.0260  0.0258  0.0260  0.0260  0.0262  0.0259  0.0266  0.0257  0.0257
  0.0262  0.0262  0.0260  0.0259  0.0259  0.0257  0.0257  0.0257  0.0257  0.0257  0.0256  0.0256
  0.0265  0.0260  0.0264  0.0264  0.0266  0.0263  0.0260  0.0261  0.0260  0.0257  0.0257  0.0257
  0.0274  0.0263  0.0270  0.0272  0.0277  0.0277  0.0268  0.0273  0.0266  0.0265  0.0260  0.0260
  0.0288  0.0268  0.0279  0.0286  0.0294  0.0298  0.0279  0.0290  0.0276  0.0280  0.0264  0.0264
niter,ni,del,rscale     3    3    5.0000    1.2000
parameters
   -1.9935    5.2422    1.9827  -12.1902  -18.7634  -14.8439
    0.9666    0.1620   -2.8001   29.2963    1.4282  -26.9902
eta,q 0.97477  8.83898
  0.0282  0.0286  0.0259  0.0281  0.0276  0.0274  0.0274  0.0286  0.0274  0.0294  0.0260  0.0261
  0.0268  0.0272  0.0255  0.0265  0.0263  0.0263  0.0263  0.0269  0.0263  0.0275  0.0256  0.0256
  0.0259  0.0262  0.0254  0.0255  0.0255  0.0255  0.0256  0.0257  0.0256  0.0261  0.0253  0.0253
  0.0256  0.0256  0.0254  0.0254  0.0253  0.0253  0.0253  0.0253  0.0253  0.0253  0.0252  0.0252
  0.0259  0.0254  0.0258  0.0259  0.0260  0.0257  0.0256  0.0257  0.0255  0.0254  0.0254  0.0254
  0.0267  0.0257  0.0263  0.0267  0.0272  0.0270  0.0263  0.0268  0.0262  0.0265  0.0257  0.0257
  0.0281  0.0264  0.0271  0.0281  0.0288  0.0290  0.0274  0.0284  0.0273  0.0281  0.0261  0.0261
niter,ni,del,rscale     2    3    5.0000    1.2000
parameters
   -1.9694    5.5400    1.6458  -12.1864  -19.0970  -15.3362
    0.8849    0.2549   -2.7126   29.7588    1.2725  -27.2030
eta,q 0.97484  8.81771
  0.0278  0.0277  0.0260  0.0280  0.0279  0.0275  0.0273  0.0284  0.0273  0.0290  0.0260  0.0261
  0.0264  0.0264  0.0255  0.0265  0.0265  0.0264  0.0262  0.0268  0.0262  0.0272  0.0255  0.0255
  0.0255  0.0256  0.0252  0.0255  0.0255  0.0255  0.0254  0.0256  0.0255  0.0259  0.0252  0.0252
  0.0252  0.0252  0.0252  0.0252  0.0252  0.0252  0.0252  0.0252  0.0252  0.0252  0.0252  0.0252
  0.0255  0.0253  0.0254  0.0257  0.0257  0.0255  0.0255  0.0256  0.0254  0.0255  0.0253  0.0253
  0.0263  0.0258  0.0259  0.0266  0.0268  0.0266  0.0262  0.0267  0.0261  0.0266  0.0256  0.0256
  0.0277  0.0267  0.0266  0.0279  0.0284  0.0284  0.0273  0.0283  0.0272  0.0283  0.0261  0.0261
niter,ni,del,rscale     1    3    5.0000    1.2000
parameters
   -1.9428    5.6657    1.4926  -12.1869  -19.2135  -15.5680
    0.8135    0.3106   -2.6753   30.0010    1.1916  -27.3465
eta,q 0.97484  8.81087
  0.0277  0.0274  0.0261  0.0280  0.0280  0.0276  0.0272  0.0284  0.0273  0.0289  0.0260  0.0261
  0.0263  0.0262  0.0255  0.0265  0.0266  0.0264  0.0261  0.0267  0.0262  0.0270  0.0255  0.0255
  0.0255  0.0254  0.0252  0.0254  0.0256  0.0255  0.0254  0.0256  0.0254  0.0258  0.0252  0.0252
  0.0252  0.0252  0.0252  0.0252  0.0252  0.0252  0.0252  0.0252  0.0252  0.0252  0.0252  0.0252
  0.0254  0.0253  0.0253  0.0257  0.0256  0.0254  0.0254  0.0255  0.0254  0.0255  0.0253  0.0253
  0.0263  0.0259  0.0257  0.0265  0.0267  0.0264  0.0262  0.0267  0.0261  0.0268  0.0256  0.0256
  0.0276  0.0269  0.0263  0.0279  0.0282  0.0281  0.0273  0.0283  0.0272  0.0285  0.0260  0.0261
registration optimization eta report
parameter search radius
    2.4000    2.4000    2.4000    9.5220    9.5220    8.2800
    7.2000    7.2000    7.2000    8.2800    7.2000    7.2000
100000*second partial in parameter space
       43.       34.       18.        3.        3.        4.
        4.        6.        4.        5.        2.        2.
  0.0277  0.0274  0.0261  0.0280  0.0280  0.0276  0.0272  0.0284  0.0273  0.0289  0.0260  0.0261
  0.0263  0.0262  0.0255  0.0265  0.0266  0.0264  0.0261  0.0267  0.0262  0.0270  0.0255  0.0255
  0.0255  0.0254  0.0252  0.0254  0.0256  0.0255  0.0254  0.0256  0.0254  0.0258  0.0252  0.0252
  0.0252  0.0252  0.0252  0.0252  0.0252  0.0252  0.0252  0.0252  0.0252  0.0252  0.0252  0.0252
  0.0254  0.0253  0.0253  0.0257  0.0256  0.0254  0.0254  0.0255  0.0254  0.0255  0.0253  0.0253
  0.0263  0.0259  0.0257  0.0265  0.0267  0.0264  0.0262  0.0267  0.0261  0.0268  0.0256  0.0256
  0.0276  0.0269  0.0263  0.0279  0.0282  0.0281  0.0273  0.0283  0.0272  0.0285  0.0260  0.0261
   -1.9428    5.6657    1.4926  -12.1869  -19.2135  -15.5680
    0.8135    0.3106   -2.6753   30.0010    1.1916  -27.3465
eta,q 0.97484  8.81087

---------------------------------------------------------------------
imgreg_4dfp /opt/freesurfer/average/711-2C_as_mni_average_305 /opt/freesurfer/average/711-2B_as_mni_average_305_mask talsrcimg_g11 none talsrcimg_to_711-2C_as_mni_average_305_t4 2311
---------------------------------------------------------------------

freesurfer imgreg_4dfp.c
/opt/freesurfer/average/711-2C_as_mni_average_305.4dfp.img
       256       256       256         1
  1.000000  1.000000  1.000000
orientation T byte_order littleendian
Reading image: /opt/freesurfer/average/711-2C_as_mni_average_305.4dfp.img
dimensions:      256       256       256
mmppix:       1.0000   -1.0000   -1.0000
center:     128.0000 -129.0000 -129.0000
/opt/freesurfer/average/711-2B_as_mni_average_305_mask.4dfp.img
       256       256       256         1
  1.000000  1.000000  1.000000
orientation T byte_order littleendian
Reading mask: /opt/freesurfer/average/711-2B_as_mni_average_305_mask.4dfp.img (2306576 pixels)
talsrcimg_g11.4dfp.img
       256       256       256         1
  1.000000  1.000000  1.000000
orientation T byte_order littleendian
Reading image: talsrcimg_g11.4dfp.img
dimensions:      256       256       256
mmppix:       1.0000   -1.0000   -1.0000
center:     128.0000 -129.0000 -129.0000
fimgreg.f
image alignment mode   2311 decimal      907 hex
parameters
   -1.9428    5.6657    1.4926  -12.1869  -19.2135  -15.5680
    0.8135    0.3106   -2.6753   30.0010    1.1916  -27.3465
eta,q 0.97484  8.81087
niter,ni,del,rscale     5    3    5.0000    0.8000
parameters
   -1.9338    5.6924    1.4305  -12.5462  -19.0908  -15.2941
    0.7529    0.3284   -2.6412   30.0460    1.0750  -27.6296
eta,q 0.97487  8.81043
  0.0263  0.0261  0.0256  0.0259  0.0261  0.0262  0.0261  0.0267  0.0261  0.0265  0.0255  0.0255
  0.0257  0.0256  0.0253  0.0255  0.0256  0.0257  0.0256  0.0258  0.0256  0.0258  0.0253  0.0253
  0.0253  0.0253  0.0252  0.0252  0.0253  0.0253  0.0252  0.0253  0.0253  0.0253  0.0252  0.0252
  0.0252  0.0252  0.0252  0.0252  0.0251  0.0251  0.0251  0.0251  0.0251  0.0251  0.0251  0.0251
  0.0253  0.0253  0.0252  0.0253  0.0252  0.0252  0.0253  0.0253  0.0252  0.0253  0.0252  0.0252
  0.0257  0.0255  0.0254  0.0257  0.0255  0.0255  0.0256  0.0258  0.0256  0.0257  0.0253  0.0254
  0.0263  0.0260  0.0257  0.0261  0.0260  0.0260  0.0262  0.0266  0.0261  0.0265  0.0255  0.0256
niter,ni,del,rscale     4    3    5.0000    0.7000
parameters
   -1.9361    5.6983    1.4861  -12.6615  -19.1236  -15.1396
    0.7428    0.3277   -2.6372   30.1018    1.0356  -27.7476
eta,q 0.97488  8.81081
  0.0260  0.0258  0.0255  0.0258  0.0258  0.0259  0.0259  0.0263  0.0259  0.0262  0.0254  0.0254
  0.0255  0.0254  0.0253  0.0254  0.0254  0.0255  0.0255  0.0257  0.0255  0.0256  0.0253  0.0253
  0.0252  0.0252  0.0252  0.0252  0.0252  0.0252  0.0252  0.0253  0.0252  0.0253  0.0252  0.0251
  0.0251  0.0251  0.0251  0.0251  0.0251  0.0251  0.0251  0.0251  0.0251  0.0251  0.0251  0.0251
  0.0252  0.0252  0.0252  0.0252  0.0252  0.0252  0.0252  0.0253  0.0252  0.0252  0.0252  0.0252
  0.0255  0.0254  0.0253  0.0255  0.0255  0.0254  0.0255  0.0257  0.0255  0.0256  0.0253  0.0253
  0.0260  0.0258  0.0255  0.0258  0.0258  0.0258  0.0259  0.0263  0.0259  0.0262  0.0254  0.0255
niter,ni,del,rscale     3    3    5.0000    0.6000
parameters
   -1.9393    5.7003    1.5099  -12.7445  -19.1505  -15.0564
    0.7378    0.3300   -2.6288   30.1352    1.0213  -27.8130
eta,q 0.97488  8.80970
  0.0258  0.0256  0.0254  0.0256  0.0256  0.0257  0.0257  0.0260  0.0257  0.0259  0.0253  0.0254
  0.0254  0.0254  0.0252  0.0253  0.0254  0.0254  0.0254  0.0255  0.0254  0.0255  0.0252  0.0252
  0.0252  0.0252  0.0252  0.0252  0.0252  0.0252  0.0252  0.0252  0.0252  0.0252  0.0251  0.0251
  0.0251  0.0251  0.0251  0.0251  0.0251  0.0251  0.0251  0.0251  0.0251  0.0251  0.0251  0.0251
  0.0252  0.0252  0.0251  0.0252  0.0252  0.0252  0.0252  0.0252  0.0252  0.0252  0.0251  0.0251
  0.0254  0.0254  0.0252  0.0254  0.0254  0.0253  0.0254  0.0255  0.0254  0.0255  0.0252  0.0252
  0.0258  0.0256  0.0254  0.0257  0.0257  0.0257  0.0257  0.0260  0.0257  0.0259  0.0253  0.0254
niter,ni,del,rscale     2    3    5.0000    0.5000
parameters
   -1.9398    5.7028    1.5293  -12.7861  -19.1643  -14.9846
    0.7447    0.3189   -2.6264   30.1536    1.0125  -27.8451
eta,q 0.97488  8.81011
  0.0256  0.0255  0.0253  0.0255  0.0255  0.0255  0.0255  0.0257  0.0255  0.0257  0.0253  0.0253
  0.0253  0.0253  0.0252  0.0253  0.0253  0.0253  0.0253  0.0254  0.0253  0.0254  0.0252  0.0252
  0.0252  0.0252  0.0251  0.0252  0.0252  0.0252  0.0252  0.0252  0.0252  0.0252  0.0251  0.0251
  0.0251  0.0251  0.0251  0.0251  0.0251  0.0251  0.0251  0.0251  0.0251  0.0251  0.0251  0.0251
  0.0252  0.0252  0.0251  0.0252  0.0252  0.0251  0.0252  0.0252  0.0252  0.0252  0.0251  0.0251
  0.0253  0.0253  0.0252  0.0253  0.0253  0.0253  0.0253  0.0254  0.0253  0.0254  0.0252  0.0252
  0.0256  0.0255  0.0253  0.0255  0.0255  0.0255  0.0255  0.0257  0.0255  0.0257  0.0253  0.0253
niter,ni,del,rscale     1    3    5.0000    0.4000
parameters
   -1.9487    5.7058    1.5491  -12.8285  -19.1794  -14.9219
    0.7524    0.3045   -2.6271   30.1726    0.9760  -27.9171
eta,q 0.97488  8.81061
  0.0254  0.0254  0.0252  0.0254  0.0254  0.0254  0.0254  0.0255  0.0254  0.0255  0.0252  0.0252
  0.0252  0.0252  0.0252  0.0252  0.0252  0.0252  0.0252  0.0253  0.0252  0.0253  0.0252  0.0252
  0.0251  0.0251  0.0251  0.0251  0.0251  0.0252  0.0251  0.0252  0.0251  0.0252  0.0251  0.0251
  0.0251  0.0251  0.0251  0.0251  0.0251  0.0251  0.0251  0.0251  0.0251  0.0251  0.0251  0.0251
  0.0252  0.0251  0.0251  0.0252  0.0251  0.0251  0.0251  0.0252  0.0251  0.0252  0.0251  0.0251
  0.0253  0.0252  0.0252  0.0252  0.0252  0.0252  0.0252  0.0253  0.0252  0.0253  0.0252  0.0252
  0.0254  0.0253  0.0252  0.0254  0.0254  0.0254  0.0254  0.0255  0.0254  0.0255  0.0252  0.0252
registration optimization eta report
parameter search radius
    0.8000    0.8000    0.8000    2.4000    2.4000    2.4000
    2.4000    2.4000    2.4000    2.4000    2.4000    2.4000
100000*second partial in parameter space
       44.       36.       18.        4.        4.        4.
        5.        7.        4.        6.        2.        2.
  0.0254  0.0254  0.0252  0.0254  0.0254  0.0254  0.0254  0.0255  0.0254  0.0255  0.0252  0.0252
  0.0252  0.0252  0.0252  0.0252  0.0252  0.0252  0.0252  0.0253  0.0252  0.0253  0.0252  0.0252
  0.0251  0.0251  0.0251  0.0251  0.0251  0.0252  0.0251  0.0252  0.0251  0.0252  0.0251  0.0251
  0.0251  0.0251  0.0251  0.0251  0.0251  0.0251  0.0251  0.0251  0.0251  0.0251  0.0251  0.0251
  0.0252  0.0251  0.0251  0.0252  0.0251  0.0251  0.0251  0.0252  0.0251  0.0252  0.0251  0.0251
  0.0253  0.0252  0.0252  0.0252  0.0252  0.0252  0.0252  0.0253  0.0252  0.0253  0.0252  0.0252
  0.0254  0.0253  0.0252  0.0254  0.0254  0.0254  0.0254  0.0255  0.0254  0.0255  0.0252  0.0252
   -1.9487    5.7058    1.5491  -12.8285  -19.1794  -14.9219
    0.7524    0.3045   -2.6271   30.1726    0.9760  -27.9171
eta,q 0.97488  8.81061

---------------------------------------------------------------------
imgreg_4dfp /opt/freesurfer/average/711-2C_as_mni_average_305 /opt/freesurfer/average/711-2B_as_mni_average_305_mask talsrcimg_g11 none talsrcimg_to_711-2C_as_mni_average_305_t4 2311
---------------------------------------------------------------------

freesurfer imgreg_4dfp.c
/opt/freesurfer/average/711-2C_as_mni_average_305.4dfp.img
       256       256       256         1
  1.000000  1.000000  1.000000
orientation T byte_order littleendian
Reading image: /opt/freesurfer/average/711-2C_as_mni_average_305.4dfp.img
dimensions:      256       256       256
mmppix:       1.0000   -1.0000   -1.0000
center:     128.0000 -129.0000 -129.0000
/opt/freesurfer/average/711-2B_as_mni_average_305_mask.4dfp.img
       256       256       256         1
  1.000000  1.000000  1.000000
orientation T byte_order littleendian
Reading mask: /opt/freesurfer/average/711-2B_as_mni_average_305_mask.4dfp.img (2306576 pixels)
talsrcimg_g11.4dfp.img
       256       256       256         1
  1.000000  1.000000  1.000000
orientation T byte_order littleendian
Reading image: talsrcimg_g11.4dfp.img
dimensions:      256       256       256
mmppix:       1.0000   -1.0000   -1.0000
center:     128.0000 -129.0000 -129.0000
fimgreg.f
image alignment mode   2311 decimal      907 hex
parameters
   -1.9487    5.7058    1.5491  -12.8285  -19.1794  -14.9219
    0.7524    0.3045   -2.6271   30.1726    0.9760  -27.9171
eta,q 0.97488  8.81062
niter,ni,del,rscale     5    3    5.0000    0.8000
parameters
   -1.9386    5.7228    1.5448  -12.6654  -19.2475  -15.1137
    0.7364    0.3433   -2.6420   30.1728    1.0362  -27.7614
eta,q 0.97488  8.80799
  0.0263  0.0260  0.0256  0.0261  0.0260  0.0260  0.0261  0.0267  0.0261  0.0265  0.0255  0.0256
  0.0256  0.0255  0.0253  0.0256  0.0255  0.0255  0.0256  0.0258  0.0256  0.0258  0.0253  0.0253
  0.0252  0.0252  0.0252  0.0252  0.0252  0.0252  0.0252  0.0253  0.0252  0.0253  0.0252  0.0252
  0.0251  0.0251  0.0251  0.0251  0.0251  0.0251  0.0251  0.0251  0.0251  0.0251  0.0251  0.0251
  0.0252  0.0252  0.0252  0.0252  0.0252  0.0252  0.0252  0.0253  0.0252  0.0253  0.0252  0.0252
  0.0256  0.0255  0.0253  0.0255  0.0256  0.0256  0.0256  0.0258  0.0256  0.0258  0.0253  0.0253
  0.0262  0.0260  0.0256  0.0259  0.0261  0.0262  0.0261  0.0266  0.0261  0.0265  0.0255  0.0255
niter,ni,del,rscale     4    3    5.0000    0.7000
parameters
   -1.9314    5.7206    1.5033  -12.6786  -19.2064  -15.1329
    0.7313    0.3452   -2.6360   30.1555    1.0069  -27.7665
eta,q 0.97488  8.80791
  0.0260  0.0258  0.0255  0.0258  0.0258  0.0259  0.0259  0.0263  0.0259  0.0262  0.0254  0.0255
  0.0255  0.0254  0.0253  0.0254  0.0255  0.0255  0.0255  0.0257  0.0255  0.0256  0.0252  0.0253
  0.0252  0.0252  0.0252  0.0252  0.0252  0.0252  0.0252  0.0253  0.0252  0.0253  0.0252  0.0252
  0.0251  0.0251  0.0251  0.0251  0.0251  0.0251  0.0251  0.0251  0.0251  0.0251  0.0251  0.0251
  0.0252  0.0252  0.0252  0.0252  0.0252  0.0252  0.0252  0.0253  0.0252  0.0252  0.0252  0.0252
  0.0255  0.0254  0.0253  0.0255  0.0254  0.0254  0.0255  0.0257  0.0255  0.0256  0.0253  0.0253
  0.0260  0.0258  0.0255  0.0258  0.0258  0.0259  0.0259  0.0263  0.0259  0.0262  0.0254  0.0254
niter,ni,del,rscale     3    3    5.0000    0.6000
parameters
   -1.9364    5.7142    1.5088  -12.7387  -19.1776  -15.0666
    0.7288    0.3305   -2.6265   30.1545    1.0113  -27.8279
eta,q 0.97488  8.80900
  0.0258  0.0256  0.0254  0.0256  0.0257  0.0257  0.0257  0.0260  0.0257  0.0259  0.0253  0.0254
  0.0254  0.0253  0.0252  0.0253  0.0254  0.0254  0.0254  0.0255  0.0254  0.0255  0.0252  0.0252
  0.0252  0.0252  0.0252  0.0252  0.0252  0.0252  0.0252  0.0252  0.0252  0.0252  0.0251  0.0251
  0.0251  0.0251  0.0251  0.0251  0.0251  0.0251  0.0251  0.0251  0.0251  0.0251  0.0251  0.0251
  0.0252  0.0252  0.0252  0.0252  0.0252  0.0252  0.0252  0.0252  0.0252  0.0252  0.0251  0.0252
  0.0254  0.0254  0.0252  0.0254  0.0254  0.0253  0.0254  0.0255  0.0254  0.0255  0.0252  0.0252
  0.0258  0.0256  0.0254  0.0256  0.0256  0.0257  0.0257  0.0260  0.0257  0.0259  0.0253  0.0254
niter,ni,del,rscale     2    3    5.0000    0.5000
parameters
   -1.9395    5.7057    1.5243  -12.7845  -19.1744  -14.9955
    0.7302    0.3198   -2.6285   30.1684    1.0102  -27.8812
eta,q 0.97488  8.81006
  0.0256  0.0255  0.0253  0.0255  0.0255  0.0255  0.0255  0.0257  0.0255  0.0257  0.0253  0.0253
  0.0253  0.0253  0.0252  0.0253  0.0253  0.0253  0.0253  0.0254  0.0253  0.0254  0.0252  0.0252
  0.0252  0.0252  0.0251  0.0252  0.0252  0.0252  0.0252  0.0252  0.0252  0.0252  0.0251  0.0251
  0.0251  0.0251  0.0251  0.0251  0.0251  0.0251  0.0251  0.0251  0.0251  0.0251  0.0251  0.0251
  0.0252  0.0252  0.0251  0.0252  0.0252  0.0252  0.0252  0.0252  0.0252  0.0252  0.0251  0.0251
  0.0253  0.0253  0.0252  0.0253  0.0253  0.0253  0.0253  0.0254  0.0253  0.0254  0.0252  0.0252
  0.0256  0.0255  0.0253  0.0255  0.0255  0.0255  0.0255  0.0257  0.0255  0.0257  0.0253  0.0253
niter,ni,del,rscale     1    3    5.0000    0.4000
parameters
   -1.9433    5.7089    1.5367  -12.8215  -19.1876  -14.9316
    0.7357    0.3110   -2.6136   30.1812    0.9850  -27.9150
eta,q 0.97488  8.81030
  0.0254  0.0254  0.0252  0.0254  0.0254  0.0254  0.0254  0.0255  0.0254  0.0255  0.0252  0.0252
  0.0252  0.0252  0.0252  0.0252  0.0252  0.0252  0.0252  0.0253  0.0252  0.0253  0.0252  0.0252
  0.0252  0.0251  0.0251  0.0251  0.0251  0.0252  0.0251  0.0252  0.0251  0.0252  0.0251  0.0251
  0.0251  0.0251  0.0251  0.0251  0.0251  0.0251  0.0251  0.0251  0.0251  0.0251  0.0251  0.0251
  0.0252  0.0251  0.0251  0.0252  0.0251  0.0251  0.0251  0.0252  0.0251  0.0252  0.0251  0.0251
  0.0252  0.0252  0.0252  0.0252  0.0252  0.0252  0.0252  0.0253  0.0252  0.0253  0.0252  0.0252
  0.0254  0.0253  0.0252  0.0254  0.0254  0.0254  0.0254  0.0255  0.0254  0.0255  0.0252  0.0252
registration optimization eta report
parameter search radius
    0.8000    0.8000    0.8000    2.4000    2.4000    2.4000
    2.4000    2.4000    2.4000    2.4000    2.4000    2.4000
100000*second partial in parameter space
       44.       36.       19.        4.        4.        4.
        5.        7.        4.        6.        2.        2.
  0.0254  0.0254  0.0252  0.0254  0.0254  0.0254  0.0254  0.0255  0.0254  0.0255  0.0252  0.0252
  0.0252  0.0252  0.0252  0.0252  0.0252  0.0252  0.0252  0.0253  0.0252  0.0253  0.0252  0.0252
  0.0252  0.0251  0.0251  0.0251  0.0251  0.0252  0.0251  0.0252  0.0251  0.0252  0.0251  0.0251
  0.0251  0.0251  0.0251  0.0251  0.0251  0.0251  0.0251  0.0251  0.0251  0.0251  0.0251  0.0251
  0.0252  0.0251  0.0251  0.0252  0.0251  0.0251  0.0251  0.0252  0.0251  0.0252  0.0251  0.0251
  0.0252  0.0252  0.0252  0.0252  0.0252  0.0252  0.0252  0.0253  0.0252  0.0253  0.0252  0.0252
  0.0254  0.0253  0.0252  0.0254  0.0254  0.0254  0.0254  0.0255  0.0254  0.0255  0.0252  0.0252
   -1.9433    5.7089    1.5367  -12.8215  -19.1876  -14.9316
    0.7357    0.3110   -2.6136   30.1812    0.9850  -27.9150
eta,q 0.97488  8.81030

---------------------------------------------------------------------
compute_vox2vox talsrcimg talsrcimg_to_711-2C_as_mni_average_305_t4 /opt/freesurfer/average/711-2C_as_mni_average_305
---------------------------------------------------------------------

freesurfer compute_vox2vox.c
Reading: talsrcimg.4dfp.ifh
Reading: talsrcimg_to_711-2C_as_mni_average_305_t4
Reading: /opt/freesurfer/average/711-2C_as_mni_average_305.4dfp.ifh
Writing: talsrcimg_to_711-2C_as_mni_average_305_t4_vox2vox.txt

start time Sun Mar 8 16:23:46 CET 2026
end		time Sun Mar 8 16:25:11 CET 2026

mpr2mni305 success

avi2talxfm orig_nu.mgz /opt/freesurfer/average/mni305.cor.mgz talsrcimg_to_711-2C_as_mni_average_305_t4_vox2vox.txt transforms/talairach.auto.xfm
avi2talxfm done
mv -f /out/sourcedata/freesurfer/sub-v1s13x0050032_ses-1/mri/talsrcimg_to_711-2C_as_mni_average_305_t4_vox2vox.txt /out/sourcedata/freesurfer/sub-v1s13x0050032_ses-1/mri/transforms/talsrcimg_to_711-2C_as_mni_average_305_t4_vox2vox.txt
lta_convert --src orig_nu.mgz --trg /opt/freesurfer/average/mni305.cor.mgz --inxfm transforms/talairach.auto.xfm --outlta transforms/talairach.auto.xfm.lta --subject fsaverage
7.3.2

--src: orig_nu.mgz src image (geometry).
--trg: /opt/freesurfer/average/mni305.cor.mgz trg image (geometry).
--inmni: transforms/talairach.auto.xfm input MNI/XFM transform.
--outlta: transforms/talairach.auto.xfm.lta output LTA.
--s: fsaverage subject name
 LTA read, type : 1
 1.14676  -0.00043  -0.01059   2.52406;
-0.00099   1.04719   0.36174  -4.84694;
 0.03746  -0.39111   1.10199  -5.94736;
 0.00000   0.00000   0.00000   1.00000;
setting subject to fsaverage
Writing  LTA to file transforms/talairach.auto.xfm.lta...
lta_convert successful.
 
 
Started at Sun Mar 8 16:23:45 CET 2026
Ended   at Sun Mar  8 16:25:12 CET 2026
talairach_avi done
