status file for recon-all
Sun Mar  8 17:01:47 CET 2026
#@# MotionCor Sun Mar  8 17:01:50 CET 2026
#@# Talairach Sun Mar  8 17:01:59 CET 2026
#@# Talairach Failure Detection Sun Mar  8 17:06:26 CET 2026
#@# Nu Intensity Correction Sun Mar  8 17:06:26 CET 2026
#@# Intensity Normalization Sun Mar  8 17:09:44 CET 2026
recon-all -s sub-v1s13x0050058_ses-1 finished without error at Sun Mar  8 17:11:14 CET 2026



#New# invocation of recon-all 



status file for recon-all
Sun Mar  8 17:18:30 CET 2026
#@# EM Registration Sun Mar  8 17:18:30 CET 2026
recon-all -s sub-v1s13x0050058_ses-1 finished without error at Sun Mar  8 17:20:20 CET 2026



#New# invocation of recon-all 



status file for recon-all
Sun Mar  8 17:20:24 CET 2026
#@# CA Normalize Sun Mar  8 17:20:24 CET 2026
#@# CA Reg Sun Mar  8 17:21:43 CET 2026
#@# SubCort Seg Sun Mar  8 18:10:59 CET 2026
#@# CC Seg Sun Mar  8 18:42:23 CET 2026
#@# Merge ASeg Sun Mar  8 18:42:55 CET 2026
#@# Intensity Normalization2 Sun Mar  8 18:42:55 CET 2026
#@# Mask BFS Sun Mar  8 18:45:07 CET 2026
#@# WM Segmentation Sun Mar  8 18:45:07 CET 2026
#@# Fill Sun Mar  8 18:47:05 CET 2026
recon-all -s sub-v1s13x0050058_ses-1 finished without error at Sun Mar  8 18:48:05 CET 2026



#New# invocation of recon-all 



status file for recon-all
Sun Mar  8 19:36:29 CET 2026
#@# white curv lh Sun Mar  8 19:36:29 CET 2026
#@# white area lh Sun Mar  8 19:36:29 CET 2026
#@# pial curv lh Sun Mar  8 19:36:29 CET 2026
#@# pial area lh Sun Mar  8 19:36:29 CET 2026
#@# thickness lh Sun Mar  8 19:36:29 CET 2026
#@# area and vertex vol lh Sun Mar  8 19:36:29 CET 2026
#@# white curv rh Sun Mar  8 19:36:29 CET 2026
#@# white area rh Sun Mar  8 19:36:29 CET 2026
#@# pial curv rh Sun Mar  8 19:36:29 CET 2026
#@# pial area rh Sun Mar  8 19:36:29 CET 2026
#@# thickness rh Sun Mar  8 19:36:29 CET 2026
#@# area and vertex vol rh Sun Mar  8 19:36:29 CET 2026
#@# Cortical ribbon mask Sun Mar  8 19:36:29 CET 2026
recon-all -s sub-v1s13x0050058_ses-1 finished without error at Sun Mar  8 19:43:20 CET 2026



#New# invocation of recon-all 



status file for recon-all
Sun Mar  8 19:49:57 CET 2026
#@# white curv lh Sun Mar  8 19:49:57 CET 2026
#@# white area lh Sun Mar  8 19:49:57 CET 2026
#@# pial curv lh Sun Mar  8 19:49:57 CET 2026
#@# pial area lh Sun Mar  8 19:49:57 CET 2026
#@# thickness lh Sun Mar  8 19:49:57 CET 2026
#@# area and vertex vol lh Sun Mar  8 19:49:57 CET 2026
#@# white curv rh Sun Mar  8 19:49:57 CET 2026
#@# white area rh Sun Mar  8 19:49:57 CET 2026
#@# pial curv rh Sun Mar  8 19:49:57 CET 2026
#@# pial area rh Sun Mar  8 19:49:57 CET 2026
#@# thickness rh Sun Mar  8 19:49:57 CET 2026
#@# area and vertex vol rh Sun Mar  8 19:49:57 CET 2026
#@# Curvature Stats lh Sun Mar  8 19:49:57 CET 2026
#@# Curvature Stats rh Sun Mar  8 19:50:00 CET 2026
#@# Relabel Hypointensities Sun Mar  8 19:50:02 CET 2026
#@# APas-to-ASeg Sun Mar  8 19:50:17 CET 2026
#@# AParc-to-ASeg aparc Sun Mar  8 19:50:25 CET 2026
#@# AParc-to-ASeg aparc.a2009s Sun Mar  8 19:51:00 CET 2026
#@# AParc-to-ASeg aparc.DKTatlas Sun Mar  8 19:51:36 CET 2026
#@# WMParc Sun Mar  8 19:52:11 CET 2026
#@# ASeg Stats Sun Mar  8 19:56:35 CET 2026
recon-all -s sub-v1s13x0050058_ses-1 finished without error at Sun Mar  8 19:57:14 CET 2026
