status file for recon-all
Sun Mar  8 14:27:56 CET 2026
#@# Tessellate lh Sun Mar  8 14:27:56 CET 2026
#@# Smooth1 lh Sun Mar  8 14:28:00 CET 2026
#@# Inflation1 lh Sun Mar  8 14:28:02 CET 2026
#@# QSphere lh Sun Mar  8 14:28:19 CET 2026
#@# Fix Topology lh Sun Mar  8 14:29:57 CET 2026
#@# Smooth2 lh Sun Mar  8 14:36:50 CET 2026
#@# Inflation2 lh Sun Mar  8 14:36:52 CET 2026
#@# Curv .H and .K lh Sun Mar  8 14:37:14 CET 2026
#@# Sphere lh Sun Mar  8 14:37:59 CET 2026
#@# Surf Reg lh Sun Mar  8 14:42:55 CET 2026
#@# Jacobian white lh Sun Mar  8 14:47:12 CET 2026
#@# AvgCurv lh Sun Mar  8 14:47:13 CET 2026
#@# Cortical Parc lh Sun Mar  8 14:47:14 CET 2026
#@# white curv lh Sun Mar  8 14:53:27 CET 2026
#@# white area lh Sun Mar  8 14:53:29 CET 2026
#@# pial curv lh Sun Mar  8 14:53:29 CET 2026
#@# pial area lh Sun Mar  8 14:53:31 CET 2026
#@# thickness lh Sun Mar  8 14:53:32 CET 2026
#@# area and vertex vol lh Sun Mar  8 14:54:02 CET 2026
#@# Curvature Stats lh Sun Mar  8 14:54:03 CET 2026
#@# Cortical Parc 2 lh Sun Mar  8 14:54:06 CET 2026
#@# Cortical Parc 3 lh Sun Mar  8 14:54:19 CET 2026
#@# WM/GM Contrast lh Sun Mar  8 14:54:30 CET 2026
recon-all -s sub-v1s13x0050015_ses-1 finished without error at Sun Mar  8 14:54:33 CET 2026



#New# invocation of recon-all 



status file for recon-all
Sun Mar  8 15:25:26 CET 2026
#@# white curv lh Sun Mar  8 15:25:26 CET 2026
#@# white area lh Sun Mar  8 15:25:26 CET 2026
#@# pial curv lh Sun Mar  8 15:25:26 CET 2026
#@# pial area lh Sun Mar  8 15:25:26 CET 2026
#@# thickness lh Sun Mar  8 15:25:26 CET 2026
#@# area and vertex vol lh Sun Mar  8 15:25:26 CET 2026
#@# Parcellation Stats lh Sun Mar  8 15:25:26 CET 2026
#@# Parcellation Stats 2 lh Sun Mar  8 15:25:45 CET 2026
#@# Parcellation Stats 3 lh Sun Mar  8 15:25:55 CET 2026
#@# BA_exvivo Labels lh Sun Mar  8 15:26:04 CET 2026
recon-all -s sub-v1s13x0050015_ses-1 finished without error at Sun Mar  8 15:28:53 CET 2026
