status file for recon-all
Sun Mar  8 14:54:36 CET 2026
#@# Tessellate rh Sun Mar  8 14:54:36 CET 2026
#@# Smooth1 rh Sun Mar  8 14:54:40 CET 2026
#@# Inflation1 rh Sun Mar  8 14:54:43 CET 2026
#@# QSphere rh Sun Mar  8 14:54:57 CET 2026
#@# Fix Topology rh Sun Mar  8 14:56:38 CET 2026
#@# Smooth2 rh Sun Mar  8 15:04:15 CET 2026
#@# Inflation2 rh Sun Mar  8 15:04:19 CET 2026
#@# Curv .H and .K rh Sun Mar  8 15:04:39 CET 2026
#@# Sphere rh Sun Mar  8 15:05:26 CET 2026
#@# Surf Reg rh Sun Mar  8 15:09:15 CET 2026
#@# Jacobian white rh Sun Mar  8 15:13:46 CET 2026
#@# AvgCurv rh Sun Mar  8 15:13:47 CET 2026
#@# Cortical Parc rh Sun Mar  8 15:13:48 CET 2026
#@# white curv rh Sun Mar  8 15:20:22 CET 2026
#@# white area rh Sun Mar  8 15:20:24 CET 2026
#@# pial curv rh Sun Mar  8 15:20:25 CET 2026
#@# pial area rh Sun Mar  8 15:20:27 CET 2026
#@# thickness rh Sun Mar  8 15:20:27 CET 2026
#@# area and vertex vol rh Sun Mar  8 15:20:57 CET 2026
#@# Curvature Stats rh Sun Mar  8 15:20:59 CET 2026
#@# Cortical Parc 2 rh Sun Mar  8 15:21:02 CET 2026
#@# Cortical Parc 3 rh Sun Mar  8 15:21:15 CET 2026
#@# WM/GM Contrast rh Sun Mar  8 15:21:27 CET 2026
recon-all -s sub-v1s13x0050015_ses-1 finished without error at Sun Mar  8 15:21:30 CET 2026



#New# invocation of recon-all 



status file for recon-all
Sun Mar  8 15:28:55 CET 2026
#@# white curv rh Sun Mar  8 15:28:55 CET 2026
#@# white area rh Sun Mar  8 15:28:55 CET 2026
#@# pial curv rh Sun Mar  8 15:28:55 CET 2026
#@# pial area rh Sun Mar  8 15:28:55 CET 2026
#@# thickness rh Sun Mar  8 15:28:55 CET 2026
#@# area and vertex vol rh Sun Mar  8 15:28:55 CET 2026
#@# Parcellation Stats rh Sun Mar  8 15:28:55 CET 2026
#@# Parcellation Stats 2 rh Sun Mar  8 15:29:13 CET 2026
#@# Parcellation Stats 3 rh Sun Mar  8 15:29:23 CET 2026
#@# BA_exvivo Labels rh Sun Mar  8 15:29:33 CET 2026
recon-all -s sub-v1s13x0050015_ses-1 finished without error at Sun Mar  8 15:32:23 CET 2026
