/out/sourcedata/freesurfer/sub-v1s13x0050060_ses-1/mri
/opt/freesurfer/bin/talairach_avi
--i orig_nu.mgz --xfm transforms/talairach.auto.xfm
talairach_avi 7.3.2
Linux dna007 5.14.0-427.37.1.el9_4.x86_64 #1 SMP PREEMPT_DYNAMIC Fri Sep 13 12:41:50 EDT 2024 x86_64 x86_64 x86_64 GNU/Linux
Sun Mar  8 17:09:28 CET 2026
mri_convert orig_nu.mgz talsrcimg.img 
reading from orig_nu.mgz...
TR=0.00, TE=0.00, TI=0.00, flip angle=0.00
i_ras = (-1, 0, 0)
j_ras = (0, 0, -1)
k_ras = (0, 1, 0)
writing to talsrcimg.img...
Analyze Output Matrix
-1.00000   0.00000   0.00000   130.25137;
 0.00000   0.00000   1.00000  -130.01538;
 0.00000  -1.00000   0.00000   117.65369;
 0.00000   0.00000   0.00000   1.00000;
--------------------
INFO: set hdr.hist.orient to -1
mpr2mni305 talsrcimg
Sun Mar  8 17:09:28 CET 2026
/opt/freesurfer/bin/mpr2mni305 talsrcimg
mpr2mni305 7.3.2
target=711-2C_as_mni_average_305

---------------------------------------------------------------------
analyzeto4dfp talsrcimg -O0 -y
---------------------------------------------------------------------

freesurfer ifh2hdr.c
Sun Mar  8 17:09:28 2026
Writing: talsrcimg.4dfp.hdr
freesurfer analyzeto4dfp.c
Reading: talsrcimg.hdr
header size 348 bytes
hdr.dime.datatype	offset=70	value=2
hdr.dime.bitpix		offset=72	value=8
hdr.hist.orient		offset=252	value=-1
dimensionality     4
dimensions       256       256       256         1
Reading: talsrcimg.img
Writing: talsrcimg.4dfp.img
Writing: talsrcimg.4dfp.ifh
ifh2hdr talsrcimg -r0to214
ori=2

---------------------------------------------------------------------
gauss_4dfp talsrcimg 1.1
---------------------------------------------------------------------

freesurfer gauss_4dfp.c
Reading: talsrcimg.4dfp.img
Writing: talsrcimg_g11.4dfp.img
image dimensions 256 256 256 padded to 288 288 288
processing volume 1freesurfer ifh2hdr.c
Sun Mar  8 17:09:30 2026
Writing: talsrcimg_g11.4dfp.hdr

Writing: talsrcimg_g11.4dfp.ifh
including: talsrcimg.4dfp.img.rec in talsrcimg_g11.4dfp.img.rec

---------------------------------------------------------------------
imgreg_4dfp /opt/freesurfer/average/711-2C_as_mni_average_305 none talsrcimg_g11 none talsrcimg_to_711-2C_as_mni_average_305_t4 4355
---------------------------------------------------------------------

freesurfer imgreg_4dfp.c
/opt/freesurfer/average/711-2C_as_mni_average_305.4dfp.img
       256       256       256         1
  1.000000  1.000000  1.000000
orientation T byte_order littleendian
Reading image: /opt/freesurfer/average/711-2C_as_mni_average_305.4dfp.img
dimensions:      256       256       256
mmppix:       1.0000   -1.0000   -1.0000
center:     128.0000 -129.0000 -129.0000
talsrcimg_g11.4dfp.img
       256       256       256         1
  1.000000  1.000000  1.000000
orientation T byte_order littleendian
Reading image: talsrcimg_g11.4dfp.img
dimensions:      256       256       256
mmppix:       1.0000   -1.0000   -1.0000
center:     128.0000 -129.0000 -129.0000
t4_read: open error in t4_sub.f l:  41 t4_file(1:l)talsrcimg_to_711-2C_as_mni_average_305_t4 
t4_read: transform initialized to I4
rotation matrix determinant  1.000000
image alignment mode   4355 decimal     1103 hex
   -7.5000  -45.0000  -45.0000 8350.4033   13.2855
    0.0000  -45.0000  -45.0000 8722.3477   13.2653
    7.5000  -45.0000  -45.0000 8316.4180   13.2821
   -7.5000  -37.5000  -45.0000 8888.0605   13.1394
    0.0000  -37.5000  -45.0000 9295.5225   13.1172
    7.5000  -37.5000  -45.0000 8871.6133   13.1334
   -7.5000  -30.0000  -45.0000 9788.8408   13.0628
    0.0000  -30.0000  -45.000010231.9043   13.0409
    7.5000  -30.0000  -45.0000 9781.3320   13.0610
   -7.5000  -22.5000  -45.000010618.9756   12.9937
    0.0000  -22.5000  -45.000011103.9746   12.9742
    7.5000  -22.5000  -45.000010623.2852   12.9995
   -7.5000  -15.0000  -45.000011370.6123   12.9380
    0.0000  -15.0000  -45.000011884.5410   12.9203
    7.5000  -15.0000  -45.000011367.6084   12.9468
   -7.5000   -7.5000  -45.000012048.0645   12.9005
    0.0000   -7.5000  -45.000012600.7822   12.8815
    7.5000   -7.5000  -45.000012028.7617   12.9036
   -7.5000    0.0000  -45.000012631.8125   12.8698
    0.0000    0.0000  -45.000013181.1660   12.8479
    7.5000    0.0000  -45.000012591.0684   12.8652
   -7.5000    7.5000  -45.000012242.4551   12.8831
    0.0000    7.5000  -45.000012771.4209   12.8596
    7.5000    7.5000  -45.000012195.9707   12.8768
   -7.5000   15.0000  -45.000011723.3789   12.8977
    0.0000   15.0000  -45.000012247.5508   12.8751
    7.5000   15.0000  -45.000011705.7168   12.8961
   -7.5000   22.5000  -45.000011085.2793   12.9399
    0.0000   22.5000  -45.000011588.1387   12.9203
    7.5000   22.5000  -45.000011107.7598   12.9464
   -7.5000   30.0000  -45.000010406.7383   12.8745
    0.0000   30.0000  -45.000010894.9297   12.8578
    7.5000   30.0000  -45.000010436.8584   12.8850
   -7.5000   37.5000  -45.000010067.7676   12.9936
    0.0000   37.5000  -45.000010546.7578   12.9775
    7.5000   37.5000  -45.000010106.8652   13.0022
   -7.5000   45.0000  -45.0000 9378.5137   12.8535
    0.0000   45.0000  -45.0000 9833.1260   12.8364
    7.5000   45.0000  -45.0000 9415.7871   12.8546
   -7.5000  -45.0000  -37.5000 8879.7510   13.2725
    0.0000  -45.0000  -37.5000 9274.3057   13.2571
    7.5000  -45.0000  -37.5000 8828.3389   13.2754
   -7.5000  -37.5000  -37.5000 9457.2080   13.1282
    0.0000  -37.5000  -37.5000 9883.8486   13.1099
    7.5000  -37.5000  -37.5000 9429.6836   13.1271
   -7.5000  -30.0000  -37.500010430.3613   13.0503
    0.0000  -30.0000  -37.500010899.2148   13.0315
    7.5000  -30.0000  -37.500010405.4082   13.0534
   -7.5000  -22.5000  -37.500011335.5049   12.9779
    0.0000  -22.5000  -37.500011855.6748   12.9616
    7.5000  -22.5000  -37.500011304.8252   12.9900
   -7.5000  -15.0000  -37.500012132.0205   12.9208
    0.0000  -15.0000  -37.500012673.0146   12.9067
    7.5000  -15.0000  -37.500012076.7920   12.9368
   -7.5000   -7.5000  -37.500012815.0352   12.8850
    0.0000   -7.5000  -37.500013395.3906   12.8702
    7.5000   -7.5000  -37.500012765.2246   12.8952
   -7.5000    0.0000  -37.500013409.5576   12.8572
    0.0000    0.0000  -37.500013981.9941   12.8398
    7.5000    0.0000  -37.500013341.5400   12.8586
   -7.5000    7.5000  -37.500012969.5889   12.8721
    0.0000    7.5000  -37.500013517.2939   12.8525
    7.5000    7.5000  -37.500012883.5547   12.8706
   -7.5000   15.0000  -37.500012394.3545   12.8855
    0.0000   15.0000  -37.500012944.9697   12.8660
    7.5000   15.0000  -37.500012352.7510   12.8888
   -7.5000   22.5000  -37.500011736.9053   12.9242
    0.0000   22.5000  -37.500012260.5840   12.9079
    7.5000   22.5000  -37.500011722.8643   12.9370
   -7.5000   30.0000  -37.500011028.7773   12.8568
    0.0000   30.0000  -37.500011527.5449   12.8439
    7.5000   30.0000  -37.500011011.3457   12.8749
   -7.5000   37.5000  -37.500010628.1416   12.9773
    0.0000   37.5000  -37.500011131.9404   12.9657
    7.5000   37.5000  -37.500010632.1797   12.9936
   -7.5000   45.0000  -37.5000 9872.3623   12.8400
    0.0000   45.0000  -37.500010330.0996   12.8276
    7.5000   45.0000  -37.5000 9876.6299   12.8479
   -7.5000  -45.0000  -30.0000 9558.8135   13.8095
    0.0000  -45.0000  -30.0000 9977.5820   13.7944
    7.5000  -45.0000  -30.0000 9520.8555   13.8109
   -7.5000  -37.5000  -30.000010201.9980   13.6587
    0.0000  -37.5000  -30.000010653.2939   13.6398
    7.5000  -37.5000  -30.000010178.7061   13.6541
   -7.5000  -30.0000  -30.000011247.0947   13.5778
    0.0000  -30.0000  -30.000011750.3008   13.5572
    7.5000  -30.0000  -30.000011216.9453   13.5751
   -7.5000  -22.5000  -30.000012223.1885   13.5019
    0.0000  -22.5000  -30.000012774.9863   13.4832
    7.5000  -22.5000  -30.000012182.0957   13.5077
   -7.5000  -15.0000  -30.000013086.9297   13.4395
    0.0000  -15.0000  -30.000013675.4043   13.4234
    7.5000  -15.0000  -30.000013037.3750   13.4509
   -7.5000   -7.5000  -30.000013840.5391   13.3975
    0.0000   -7.5000  -30.000014458.0967   13.3821
    7.5000   -7.5000  -30.000013785.0410   13.4054
   -7.5000    0.0000  -30.000014462.3740   13.3652
    0.0000    0.0000  -30.000015101.7119   13.3480
    7.5000    0.0000  -30.000014397.1680   13.3653
   -7.5000    7.5000  -30.000013963.2754   13.3823
    0.0000    7.5000  -30.000014574.7900   13.3621
    7.5000    7.5000  -30.000013882.5791   13.3775
   -7.5000   15.0000  -30.000013348.7559   13.3991
    0.0000   15.0000  -30.000013943.1934   13.3779
    7.5000   15.0000  -30.000013292.8047   13.3968
   -7.5000   22.5000  -30.000012641.8135   13.4399
    0.0000   22.5000  -30.000013190.2178   13.4212
    7.5000   22.5000  -30.000012590.5439   13.4464
   -7.5000   30.0000  -30.000011862.6387   13.3730
    0.0000   30.0000  -30.000012382.9355   13.3575
    7.5000   30.0000  -30.000011827.2061   13.3857
   -7.5000   37.5000  -30.000011429.3936   13.4937
    0.0000   37.5000  -30.000011945.6416   13.4808
    7.5000   37.5000  -30.000011426.6309   13.5065
   -7.5000   45.0000  -30.000010578.7002   13.3562
    0.0000   45.0000  -30.000011053.5742   13.3433
    7.5000   45.0000  -30.000010571.2715   13.3624
   -7.5000  -45.0000  -22.500010246.5029   14.2660
    0.0000  -45.0000  -22.500010707.0742   14.2465
    7.5000  -45.0000  -22.500010196.2051   14.2594
   -7.5000  -37.5000  -22.500010947.5947   14.1076
    0.0000  -37.5000  -22.500011441.5312   14.0843
    7.5000  -37.5000  -22.500010899.3477   14.0947
   -7.5000  -30.0000  -22.500012042.9639   14.0266
    0.0000  -30.0000  -22.500012576.6826   14.0008
    7.5000  -30.0000  -22.500011987.6426   14.0127
   -7.5000  -22.5000  -22.500013086.6084   13.9520
    0.0000  -22.5000  -22.500013650.0879   13.9274
    7.5000  -22.5000  -22.500013019.3848   13.9440
   -7.5000  -15.0000  -22.500014021.2412   13.8866
    0.0000  -15.0000  -22.500014614.4160   13.8643
    7.5000  -15.0000  -22.500013952.7510   13.8839
   -7.5000   -7.5000  -22.500014849.0186   13.8358
    0.0000   -7.5000  -22.500015484.1367   13.8150
    7.5000   -7.5000  -22.500014776.2500   13.8329
   -7.5000    0.0000  -22.500015503.4443   13.7946
    0.0000    0.0000  -22.500016168.7607   13.7732
    7.5000    0.0000  -22.500015412.0010   13.7871
   -7.5000    7.5000  -22.500014943.7852   13.8121
    0.0000    7.5000  -22.500015586.7461   13.7875
    7.5000    7.5000  -22.500014827.5020   13.7991
   -7.5000   15.0000  -22.500014246.4307   13.8346
    0.0000   15.0000  -22.500014871.2197   13.8082
    7.5000   15.0000  -22.500014160.5889   13.8213
   -7.5000   22.5000  -22.500013479.7109   13.8822
    0.0000   22.5000  -22.500014081.9443   13.8574
    7.5000   22.5000  -22.500013410.8428   13.8747
   -7.5000   30.0000  -22.500012635.7178   13.8193
    0.0000   30.0000  -22.500013202.1221   13.7968
    7.5000   30.0000  -22.500012586.0547   13.8168
   -7.5000   37.5000  -22.500012182.6719   13.9368
    0.0000   37.5000  -22.500012724.5918   13.9173
    7.5000   37.5000  -22.500012155.5107   13.9366
   -7.5000   45.0000  -22.500011253.7070   13.7952
    0.0000   45.0000  -22.500011754.2373   13.7771
    7.5000   45.0000  -22.500011233.9512   13.7923
   -7.5000  -45.0000  -15.000010893.0166   14.5828
    0.0000  -45.0000  -15.000011376.9473   14.5579
    7.5000  -45.0000  -15.000010839.9150   14.5701
   -7.5000  -37.5000  -15.000011655.7158   14.4179
    0.0000  -37.5000  -15.000012172.9932   14.3900
    7.5000  -37.5000  -15.000011606.1318   14.3998
   -7.5000  -30.0000  -15.000012804.5410   14.3360
    0.0000  -30.0000  -15.000013380.0225   14.3061
    7.5000  -30.0000  -15.000012769.2754   14.3162
   -7.5000  -22.5000  -15.000013881.5732   14.2618
    0.0000  -22.5000  -15.000014502.1094   14.2329
    7.5000  -22.5000  -15.000013839.2061   14.2461
   -7.5000  -15.0000  -15.000014861.7217   14.1944
    0.0000  -15.0000  -15.000015535.0264   14.1674
    7.5000  -15.0000  -15.000014833.9619   14.1832
   -7.5000   -7.5000  -15.000015765.2100   14.1386
    0.0000   -7.5000  -15.000016469.1152   14.1126
    7.5000   -7.5000  -15.000015713.4639   14.1280
   -7.5000    0.0000  -15.000016452.7402   14.0925
    0.0000    0.0000  -15.000017212.0918   14.0658
    7.5000    0.0000  -15.000016377.0273   14.0789
   -7.5000    7.5000  -15.000015835.7939   14.1094
    0.0000    7.5000  -15.000016532.7695   14.0802
    7.5000    7.5000  -15.000015708.2021   14.0913
   -7.5000   15.0000  -15.000015086.1865   14.1351
    0.0000   15.0000  -15.000015779.1611   14.1046
    7.5000   15.0000  -15.000014987.8564   14.1161
   -7.5000   22.5000  -15.000014273.3301   14.1872
    0.0000   22.5000  -15.000014947.1289   14.1581
    7.5000   22.5000  -15.000014200.0684   14.1721
   -7.5000   30.0000  -15.000013357.1123   14.1271
    0.0000   30.0000  -15.000013983.1074   14.0998
    7.5000   30.0000  -15.000013315.8037   14.1155
   -7.5000   37.5000  -15.000012831.4893   14.2433
    0.0000   37.5000  -15.000013438.0117   14.2182
    7.5000   37.5000  -15.000012816.0225   14.2346
   -7.5000   45.0000  -15.000011849.0684   14.1008
    0.0000   45.0000  -15.000012393.9248   14.0772
    7.5000   45.0000  -15.000011847.2725   14.0910
   -7.5000  -45.0000   -7.500011518.5771   14.7244
    0.0000  -45.0000   -7.500012046.1738   14.6980
    7.5000  -45.0000   -7.500011498.3291   14.7127
   -7.5000  -37.5000   -7.500012327.3418   14.5570
    0.0000  -37.5000   -7.500012872.1807   14.5281
    7.5000  -37.5000   -7.500012288.3789   14.5412
   -7.5000  -30.0000   -7.500013555.6738   14.4712
    0.0000  -30.0000   -7.500014163.5391   14.4420
    7.5000  -30.0000   -7.500013534.8721   14.4569
   -7.5000  -22.5000   -7.500014704.0088   14.3937
    0.0000  -22.5000   -7.500015361.7139   14.3663
    7.5000  -22.5000   -7.500014670.4131   14.3850
   -7.5000  -15.0000   -7.500015732.7842   14.3257
    0.0000  -15.0000   -7.500016431.7539   14.3000
    7.5000  -15.0000   -7.500015691.4961   14.3206
   -7.5000   -7.5000   -7.500016683.8633   14.2723
    0.0000   -7.5000   -7.500017422.9141   14.2461
    7.5000   -7.5000   -7.500016621.7090   14.2647
   -7.5000    0.0000   -7.500017416.6562   14.2281
    0.0000    0.0000   -7.500018238.8164   14.1998
    7.5000    0.0000   -7.500017327.5488   14.2154
   -7.5000    7.5000   -7.500016727.9746   14.2441
    0.0000    7.5000   -7.500017490.4219   14.2140
    7.5000    7.5000   -7.500016634.6836   14.2284
   -7.5000   15.0000   -7.500015919.5723   14.2668
    0.0000   15.0000   -7.500016641.3066   14.2369
    7.5000   15.0000   -7.500015828.6025   14.2531
   -7.5000   22.5000   -7.500015045.8740   14.3151
    0.0000   22.5000   -7.500015746.4307   14.2876
    7.5000   22.5000   -7.500014968.2197   14.3071
   -7.5000   30.0000   -7.500014051.0293   14.2545
    0.0000   30.0000   -7.500014729.0410   14.2291
    7.5000   30.0000   -7.500014004.4697   14.2500
   -7.5000   37.5000   -7.500013513.1797   14.3746
    0.0000   37.5000   -7.500014166.4443   14.3503
    7.5000   37.5000   -7.500013478.2393   14.3708
   -7.5000   45.0000   -7.500012480.2471   14.2377
    0.0000   45.0000   -7.500013068.2109   14.2137
    7.5000   45.0000   -7.500012436.6963   14.2297
   -7.5000  -45.0000    0.000012045.8555   14.7377
    0.0000  -45.0000    0.000012595.3564   14.7150
    7.5000  -45.0000    0.000012053.0859   14.7335
   -7.5000  -37.5000    0.000012897.3691   14.5692
    0.0000  -37.5000    0.000013487.0449   14.5442
    7.5000  -37.5000    0.000012896.6934   14.5618
   -7.5000  -30.0000    0.000014215.9443   14.4777
    0.0000  -30.0000    0.000014856.7803   14.4530
    7.5000  -30.0000    0.000014205.8242   14.4749
   -7.5000  -22.5000    0.000015427.5869   14.3945
    0.0000  -22.5000    0.000016137.9629   14.3723
    7.5000  -22.5000    0.000015415.2812   14.3999
   -7.5000  -15.0000    0.000016475.3906   14.3263
    0.0000  -15.0000    0.000017218.5098   14.3059
    7.5000  -15.0000    0.000016470.1895   14.3349
   -7.5000   -7.5000    0.000017428.4453   14.2786
    0.0000   -7.5000    0.000018224.2383   14.2568
    7.5000   -7.5000    0.000017397.9805   14.2810
   -7.5000    0.0000    0.000018219.9980   14.2394
    0.0000    0.0000    0.000019122.6211   14.2146
    7.5000    0.0000    0.000018171.0625   14.2338
   -7.5000    7.5000    0.000017562.6113   14.2550
    0.0000    7.5000    0.000018422.5195   14.2286
    7.5000    7.5000    0.000017518.2852   14.2474
   -7.5000   15.0000    0.000016740.4414   14.2721
    0.0000   15.0000    0.000017501.4219   14.2466
    7.5000   15.0000    0.000016646.6250   14.2697
   -7.5000   22.5000    0.000015790.5186   14.3147
    0.0000   22.5000    0.000016505.7480   14.2924
    7.5000   22.5000    0.000015660.5635   14.3209
   -7.5000   30.0000    0.000014723.7598   14.2522
    0.0000   30.0000    0.000015410.4502   14.2329
    7.5000   30.0000    0.000014581.0303   14.2627
   -7.5000   37.5000    0.000014148.4316   14.3784
    0.0000   37.5000    0.000014812.8145   14.3598
    7.5000   37.5000    0.000014015.8965   14.3869
   -7.5000   45.0000    0.000013047.5078   14.2487
    0.0000   45.0000    0.000013677.2314   14.2291
    7.5000   45.0000    0.000012950.9717   14.2492
   -7.5000  -45.0000    7.500011632.1553   14.7795
    0.0000  -45.0000    7.500012174.0566   14.7620
    7.5000  -45.0000    7.500011648.3877   14.7821
   -7.5000  -37.5000    7.500012496.4648   14.6130
    0.0000  -37.5000    7.500013065.0674   14.5922
    7.5000  -37.5000    7.500012501.5742   14.6111
   -7.5000  -30.0000    7.500013763.1572   14.5211
    0.0000  -30.0000    7.500014390.5342   14.4998
    7.5000  -30.0000    7.500013781.5898   14.5239
   -7.5000  -22.5000    7.500014944.4492   14.4361
    0.0000  -22.5000    7.500015638.7031   14.4174
    7.5000  -22.5000    7.500014968.9814   14.4486
   -7.5000  -15.0000    7.500015955.9004   14.3683
    0.0000  -15.0000    7.500016673.4434   14.3520
    7.5000  -15.0000    7.500015982.2021   14.3852
   -7.5000   -7.5000    7.500016854.3691   14.3242
    0.0000   -7.5000    7.500017578.3066   14.3072
    7.5000   -7.5000    7.500016823.1680   14.3346
   -7.5000    0.0000    7.500017641.8105   14.2894
    0.0000    0.0000    7.500018499.9785   14.2695
    7.5000    0.0000    7.500017576.1777   14.2903
   -7.5000    7.5000    7.500017051.2852   14.3063
    0.0000    7.5000    7.500018001.0293   14.2840
    7.5000    7.5000    7.500016997.9434   14.3041
   -7.5000   15.0000    7.500016265.9746   14.3218
    0.0000   15.0000    7.500017150.1836   14.2997
    7.5000   15.0000    7.500016160.8945   14.3249
   -7.5000   22.5000    7.500015341.6084   14.3608
    0.0000   22.5000    7.500016127.8477   14.3421
    7.5000   22.5000    7.500015179.1777   14.3743
   -7.5000   30.0000    7.500014294.6201   14.2964
    0.0000   30.0000    7.500015010.9043   14.2813
    7.5000   30.0000    7.500014121.7832   14.3155
   -7.5000   37.5000    7.500013711.1406   14.4266
    0.0000   37.5000    7.500014365.7031   14.4130
    7.5000   37.5000    7.500013565.1240   14.4438
   -7.5000   45.0000    7.500012650.6367   14.3002
    0.0000   45.0000    7.500013236.9814   14.2857
    7.5000   45.0000    7.500012557.3711   14.3082
   -7.5000  -45.0000   15.000011103.6768   14.8427
    0.0000  -45.0000   15.000011623.9473   14.8262
    7.5000  -45.0000   15.000011130.9688   14.8437
   -7.5000  -37.5000   15.000011928.2295   14.6780
    0.0000  -37.5000   15.000012486.9648   14.6575
    7.5000  -37.5000   15.000011961.3232   14.6726
   -7.5000  -30.0000   15.000013146.4033   14.5894
    0.0000  -30.0000   15.000013776.0625   14.5669
    7.5000  -30.0000   15.000013207.5029   14.5860
   -7.5000  -22.5000   15.000014292.7715   14.5071
    0.0000  -22.5000   15.000015001.5010   14.4867
    7.5000  -22.5000   15.000014373.4189   14.5128
   -7.5000  -15.0000   15.000015319.8389   14.4398
    0.0000  -15.0000   15.000016061.6162   14.4223
    7.5000  -15.0000   15.000015359.3730   14.4516
   -7.5000   -7.5000   15.000016227.0762   14.3945
    0.0000   -7.5000   15.000016938.1758   14.3777
    7.5000   -7.5000   15.000016175.9424   14.4025
   -7.5000    0.0000   15.000016979.5312   14.3596
    0.0000    0.0000   15.000017760.4023   14.3408
    7.5000    0.0000   15.000016895.5254   14.3592
   -7.5000    7.5000   15.000016360.4033   14.3780
    0.0000    7.5000   15.000017117.9043   14.3559
    7.5000    7.5000   15.000016274.1855   14.3722
   -7.5000   15.0000   15.000015553.5625   14.3960
    0.0000   15.0000   15.000016220.8340   14.3728
    7.5000   15.0000   15.000015438.4756   14.3931
   -7.5000   22.5000   15.000014683.8760   14.4367
    0.0000   22.5000   15.000015284.6592   14.4163
    7.5000   22.5000   15.000014532.6807   14.4433
   -7.5000   30.0000   15.000013695.2939   14.3721
    0.0000   30.0000   15.000014286.8584   14.3552
    7.5000   30.0000   15.000013557.3877   14.3854
   -7.5000   37.5000   15.000013154.3984   14.5009
    0.0000   37.5000   15.000013706.6934   14.4867
    7.5000   37.5000   15.000013036.7383   14.5142
   -7.5000   45.0000   15.000012127.7773   14.3705
    0.0000   45.0000   15.000012655.8193   14.3562
    7.5000   45.0000   15.000012047.8545   14.3766
   -7.5000  -45.0000   22.500010492.9395   14.9243
    0.0000  -45.0000   22.500011016.3408   14.9039
    7.5000  -45.0000   22.500010530.7617   14.9173
   -7.5000  -37.5000   22.500011245.0078   14.7584
    0.0000  -37.5000   22.500011814.2236   14.7339
    7.5000  -37.5000   22.500011309.8252   14.7446
   -7.5000  -30.0000   22.500012417.0420   14.6762
    0.0000  -30.0000   22.500013052.0586   14.6491
    7.5000  -30.0000   22.500012510.3926   14.6613
   -7.5000  -22.5000   22.500013512.7178   14.6012
    0.0000  -22.5000   22.500014214.8584   14.5753
    7.5000  -22.5000   22.500013614.0176   14.5926
   -7.5000  -15.0000   22.500014507.4521   14.5362
    0.0000  -15.0000   22.500015213.7715   14.5129
    7.5000  -15.0000   22.500014547.4668   14.5335
   -7.5000   -7.5000   22.500015391.6426   14.4870
    0.0000   -7.5000   22.500016071.9873   14.4653
    7.5000   -7.5000   22.500015361.7725   14.4840
   -7.5000    0.0000   22.500016126.5830   14.4475
    0.0000    0.0000   22.500016862.9395   14.4250
    7.5000    0.0000   22.500016091.1318   14.4394
   -7.5000    7.5000   22.500015536.1123   14.4640
    0.0000    7.5000   22.500016188.0078   14.4383
    7.5000    7.5000   22.500015464.9014   14.4501
   -7.5000   15.0000   22.500014774.5703   14.4849
    0.0000   15.0000   22.500015333.7607   14.4572
    7.5000   15.0000   22.500014669.0537   14.4707
   -7.5000   22.5000   22.500013931.8945   14.5299
    0.0000   22.5000   22.500014469.7119   14.5039
    7.5000   22.5000   22.500013826.8311   14.5219
   -7.5000   30.0000   22.500013003.8213   14.4658
    0.0000   30.0000   22.500013525.3213   14.4423
    7.5000   30.0000   22.500012903.3555   14.4632
   -7.5000   37.5000   22.500012477.1396   14.5898
    0.0000   37.5000   22.500012970.9990   14.5693
    7.5000   37.5000   22.500012376.3691   14.5895
   -7.5000   45.0000   22.500011481.8457   14.4505
    0.0000   45.0000   22.500011952.6699   14.4314
    7.5000   45.0000   22.500011413.0713   14.4472
   -7.5000  -45.0000   30.0000 9825.5547   15.0384
    0.0000  -45.0000   30.000010319.5469   15.0124
    7.5000  -45.0000   30.0000 9843.8271   15.0246
   -7.5000  -37.5000   30.000010545.2510   14.8706
    0.0000  -37.5000   30.000011078.2344   14.8413
    7.5000  -37.5000   30.000010588.1270   14.8509
   -7.5000  -30.0000   30.000011630.2256   14.7929
    0.0000  -30.0000   30.000012230.2979   14.7617
    7.5000  -30.0000   30.000011702.6143   14.7716
   -7.5000  -22.5000   30.000012621.5088   14.7232
    0.0000  -22.5000   30.000013262.4932   14.6932
    7.5000  -22.5000   30.000012707.6436   14.7064
   -7.5000  -15.0000   30.000013531.5254   14.6601
    0.0000  -15.0000   30.000014170.2295   14.6321
    7.5000  -15.0000   30.000013606.4766   14.6482
   -7.5000   -7.5000   30.000014362.0762   14.6086
    0.0000   -7.5000   30.000015006.1406   14.5816
    7.5000   -7.5000   30.000014409.7861   14.5973
   -7.5000    0.0000   30.000015045.3105   14.5662
    0.0000    0.0000   30.000015721.6426   14.5384
    7.5000    0.0000   30.000015084.8857   14.5515
   -7.5000    7.5000   30.000014516.6807   14.5808
    0.0000    7.5000   30.000015115.3398   14.5504
    7.5000    7.5000   30.000014501.9707   14.5612
   -7.5000   15.0000   30.000013811.2383   14.6025
    0.0000   15.0000   30.000014364.4980   14.5708
    7.5000   15.0000   30.000013774.6553   14.5820
   -7.5000   22.5000   30.000013037.6387   14.6500
    0.0000   22.5000   30.000013567.9814   14.6197
    7.5000   22.5000   30.000012971.6670   14.6337
   -7.5000   30.0000   30.000012184.9980   14.5852
    0.0000   30.0000   30.000012680.3086   14.5567
    7.5000   30.0000   30.000012118.1299   14.5728
   -7.5000   37.5000   30.000011688.1787   14.7066
    0.0000   37.5000   30.000012163.5732   14.6803
    7.5000   37.5000   30.000011621.0439   14.6971
   -7.5000   45.0000   30.000010737.6289   14.5619
    0.0000   45.0000   30.000011183.2002   14.5372
    7.5000   45.0000   30.000010691.1592   14.5510
   -7.5000  -45.0000   37.5000 9486.0117   15.2102
    0.0000  -45.0000   37.5000 9949.8662   15.1820
    7.5000  -45.0000   37.5000 9506.1260   15.1974
   -7.5000  -37.5000   37.500010189.1211   15.0385
    0.0000  -37.5000   37.500010694.8057   15.0081
    7.5000  -37.5000   37.500010221.7646   15.0214
   -7.5000  -30.0000   37.500011229.4639   14.9576
    0.0000  -30.0000   37.500011784.3359   14.9272
    7.5000  -30.0000   37.500011285.5684   14.9427
   -7.5000  -22.5000   37.500012177.8525   14.8857
    0.0000  -22.5000   37.500012783.5537   14.8575
    7.5000  -22.5000   37.500012249.6299   14.8775
   -7.5000  -15.0000   37.500013037.4727   14.8239
    0.0000  -15.0000   37.500013653.8994   14.7973
    7.5000  -15.0000   37.500013094.9473   14.8199
   -7.5000   -7.5000   37.500013840.4932   14.7775
    0.0000   -7.5000   37.500014475.6377   14.7500
    7.5000   -7.5000   37.500013903.2637   14.7702
   -7.5000    0.0000   37.500014504.2754   14.7391
    0.0000    0.0000   37.500015137.5449   14.7093
    7.5000    0.0000   37.500014557.3184   14.7255
   -7.5000    7.5000   37.500013980.2393   14.7516
    0.0000    7.5000   37.500014538.6123   14.7201
    7.5000    7.5000   37.500014013.2012   14.7346
   -7.5000   15.0000   37.500013283.8174   14.7675
    0.0000   15.0000   37.500013832.5967   14.7365
    7.5000   15.0000   37.500013323.3574   14.7532
   -7.5000   22.5000   37.500012527.9268   14.8103
    0.0000   22.5000   37.500013042.9443   14.7820
    7.5000   22.5000   37.500012525.2100   14.8028
   -7.5000   30.0000   37.500011698.3418   14.7427
    0.0000   30.0000   37.500012181.1670   14.7163
    7.5000   30.0000   37.500011687.5205   14.7392
   -7.5000   37.5000   37.500011238.4990   14.8701
    0.0000   37.5000   37.500011688.0352   14.8443
    7.5000   37.5000   37.500011212.4736   14.8665
   -7.5000   45.0000   37.500010342.1162   14.7291
    0.0000   45.0000   37.500010775.8037   14.7034
    7.5000   45.0000   37.500010326.2305   14.7203
   -7.5000  -45.0000   45.0000 8768.0645   15.3899
    0.0000  -45.0000   45.0000 9192.4365   15.3668
    7.5000  -45.0000   45.0000 8785.8457   15.3895
   -7.5000  -37.5000   45.0000 9400.9277   15.2138
    0.0000  -37.5000   45.0000 9869.1357   15.1883
    7.5000  -37.5000   45.0000 9438.0186   15.2092
   -7.5000  -30.0000   45.000010367.6943   15.1271
    0.0000  -30.0000   45.000010870.3457   15.1027
    7.5000  -30.0000   45.000010396.2803   15.1279
   -7.5000  -22.5000   45.000011250.8691   15.0496
    0.0000  -22.5000   45.000011786.8691   15.0285
    7.5000  -22.5000   45.000011287.6260   15.0605
   -7.5000  -15.0000   45.000012048.3096   14.9882
    0.0000  -15.0000   45.000012615.2559   14.9692
    7.5000  -15.0000   45.000012081.9551   15.0035
   -7.5000   -7.5000   45.000012762.9248   14.9490
    0.0000   -7.5000   45.000013357.0557   14.9277
    7.5000   -7.5000   45.000012813.9863   14.9570
   -7.5000    0.0000   45.000013346.4316   14.9169
    0.0000    0.0000   45.000013933.7480   14.8919
    7.5000    0.0000   45.000013388.7686   14.9151
   -7.5000    7.5000   45.000012855.3984   14.9285
    0.0000    7.5000   45.000013386.6289   14.9019
    7.5000    7.5000   45.000012891.5010   14.9238
   -7.5000   15.0000   45.000012200.3750   14.9368
    0.0000   15.0000   45.000012722.0986   14.9117
    7.5000   15.0000   45.000012259.2871   14.9379
   -7.5000   22.5000   45.000011505.0205   14.9725
    0.0000   22.5000   45.000011992.9355   14.9513
    7.5000   22.5000   45.000011536.6377   14.9841
   -7.5000   30.0000   45.000010724.7285   14.9002
    0.0000   30.0000   45.000011176.4961   14.8820
    7.5000   30.0000   45.000010748.1709   14.9172
   -7.5000   37.5000   45.000010314.7676   15.0369
    0.0000   37.5000   45.000010747.4941   15.0188
    7.5000   37.5000   45.000010324.8223   15.0513
   -7.5000   45.0000   45.0000 9522.5020   14.9111
    0.0000   45.0000   45.0000 9932.7227   14.8914
    7.5000   45.0000   45.0000 9523.8320   14.9159

---------------------------------------------------------------------
imgreg_4dfp /opt/freesurfer/average/711-2C_as_mni_average_305 /opt/freesurfer/average/711-2B_as_mni_average_305_mask talsrcimg_g11 none talsrcimg_to_711-2C_as_mni_average_305_t4 4355
---------------------------------------------------------------------

freesurfer imgreg_4dfp.c
/opt/freesurfer/average/711-2C_as_mni_average_305.4dfp.img
       256       256       256         1
  1.000000  1.000000  1.000000
orientation T byte_order littleendian
Reading image: /opt/freesurfer/average/711-2C_as_mni_average_305.4dfp.img
dimensions:      256       256       256
mmppix:       1.0000   -1.0000   -1.0000
center:     128.0000 -129.0000 -129.0000
/opt/freesurfer/average/711-2B_as_mni_average_305_mask.4dfp.img
       256       256       256         1
  1.000000  1.000000  1.000000
orientation T byte_order littleendian
Reading mask: /opt/freesurfer/average/711-2B_as_mni_average_305_mask.4dfp.img (2306576 pixels)
talsrcimg_g11.4dfp.img
       256       256       256         1
  1.000000  1.000000  1.000000
orientation T byte_order littleendian
Reading image: talsrcimg_g11.4dfp.img
dimensions:      256       256       256
mmppix:       1.0000   -1.0000   -1.0000
center:     128.0000 -129.0000 -129.0000
rotation matrix determinant  1.000000
image alignment mode   4355 decimal     1103 hex
   -7.5000  -45.0000  -45.0000 2162.6372   18.1154
    0.0000  -45.0000  -45.0000 2171.4609   18.0017
    7.5000  -45.0000  -45.0000 2151.4492   18.0770
   -7.5000  -37.5000  -45.0000 2221.5037   16.9022
    0.0000  -37.5000  -45.0000 2232.5222   16.8173
    7.5000  -37.5000  -45.0000 2215.4094   16.8611
   -7.5000  -30.0000  -45.0000 2270.8030   15.9331
    0.0000  -30.0000  -45.0000 2280.0508   15.8771
    7.5000  -30.0000  -45.0000 2271.1599   15.9251
   -7.5000  -22.5000  -45.0000 2306.8809   15.1909
    0.0000  -22.5000  -45.0000 2318.8660   15.0892
    7.5000  -22.5000  -45.0000 2313.0532   15.1628
   -7.5000  -15.0000  -45.0000 2339.0239   14.6199
    0.0000  -15.0000  -45.0000 2353.2024   14.4951
    7.5000  -15.0000  -45.0000 2345.7502   14.5767
   -7.5000   -7.5000  -45.0000 2359.2161   14.1984
    0.0000   -7.5000  -45.0000 2375.4670   14.0548
    7.5000   -7.5000  -45.0000 2365.6345   14.1590
   -7.5000    0.0000  -45.0000 2365.7656   13.9408
    0.0000    0.0000  -45.0000 2380.4810   13.8001
    7.5000    0.0000  -45.0000 2372.6990   13.9089
   -7.5000    7.5000  -45.0000 2366.8425   13.9347
    0.0000    7.5000  -45.0000 2384.4155   13.7655
    7.5000    7.5000  -45.0000 2373.1177   13.8575
   -7.5000   15.0000  -45.0000 2350.6748   14.1570
    0.0000   15.0000  -45.0000 2372.9126   13.9820
    7.5000   15.0000  -45.0000 2358.5632   14.0912
   -7.5000   22.5000  -45.0000 2315.1497   14.6291
    0.0000   22.5000  -45.0000 2338.3132   14.4313
    7.5000   22.5000  -45.0000 2328.5088   14.5143
   -7.5000   30.0000  -45.0000 2260.9038   15.3082
    0.0000   30.0000  -45.0000 2285.2856   15.1070
    7.5000   30.0000  -45.0000 2278.6729   15.1800
   -7.5000   37.5000  -45.0000 2192.2434   16.2739
    0.0000   37.5000  -45.0000 2213.5261   16.0749
    7.5000   37.5000  -45.0000 2207.3115   16.1355
   -7.5000   45.0000  -45.0000 2109.7795   17.5913
    0.0000   45.0000  -45.0000 2129.6736   17.4097
    7.5000   45.0000  -45.0000 2124.8982   17.4592
   -7.5000  -45.0000  -37.5000 2245.0730   16.7281
    0.0000  -45.0000  -37.5000 2255.7163   16.6702
    7.5000  -45.0000  -37.5000 2229.0574   16.7900
   -7.5000  -37.5000  -37.5000 2306.8074   15.6134
    0.0000  -37.5000  -37.5000 2316.5779   15.5642
    7.5000  -37.5000  -37.5000 2298.5820   15.6293
   -7.5000  -30.0000  -37.5000 2363.1426   14.7542
    0.0000  -30.0000  -37.5000 2370.6863   14.6982
    7.5000  -30.0000  -37.5000 2358.3428   14.7692
   -7.5000  -22.5000  -37.5000 2404.4834   14.0732
    0.0000  -22.5000  -37.5000 2415.5420   14.0164
    7.5000  -22.5000  -37.5000 2401.5769   14.0971
   -7.5000  -15.0000  -37.5000 2434.5247   13.5723
    0.0000  -15.0000  -37.5000 2448.1489   13.4886
    7.5000  -15.0000  -37.5000 2432.8743   13.5671
   -7.5000   -7.5000  -37.5000 2448.1282   13.2163
    0.0000   -7.5000  -37.5000 2465.1477   13.0801
    7.5000   -7.5000  -37.5000 2452.6421   13.1622
   -7.5000    0.0000  -37.5000 2456.2124   12.9776
    0.0000    0.0000  -37.5000 2472.8784   12.8177
    7.5000    0.0000  -37.5000 2464.2217   12.9193
   -7.5000    7.5000  -37.5000 2461.0715   12.8981
    0.0000    7.5000  -37.5000 2478.7822   12.7444
    7.5000    7.5000  -37.5000 2468.7410   12.8493
   -7.5000   15.0000  -37.5000 2442.0522   13.0938
    0.0000   15.0000  -37.5000 2466.5317   12.9286
    7.5000   15.0000  -37.5000 2455.8992   13.0392
   -7.5000   22.5000  -37.5000 2404.3135   13.5066
    0.0000   22.5000  -37.5000 2430.9509   13.3347
    7.5000   22.5000  -37.5000 2425.3962   13.4357
   -7.5000   30.0000  -37.5000 2351.3557   14.1484
    0.0000   30.0000  -37.5000 2376.3645   13.9472
    7.5000   30.0000  -37.5000 2369.0625   14.0452
   -7.5000   37.5000  -37.5000 2275.9768   15.0162
    0.0000   37.5000  -37.5000 2299.5583   14.8207
    7.5000   37.5000  -37.5000 2293.9570   14.9135
   -7.5000   45.0000  -37.5000 2191.0042   16.1997
    0.0000   45.0000  -37.5000 2211.1270   16.0463
    7.5000   45.0000  -37.5000 2205.1313   16.0923
   -7.5000  -45.0000  -30.0000 2372.0127   16.0806
    0.0000  -45.0000  -30.0000 2379.5762   16.0165
    7.5000  -45.0000  -30.0000 2355.4661   16.1639
   -7.5000  -37.5000  -30.0000 2441.0947   14.9808
    0.0000  -37.5000  -30.0000 2450.0664   14.9175
    7.5000  -37.5000  -30.0000 2428.2104   15.0538
   -7.5000  -30.0000  -30.0000 2500.6033   14.1347
    0.0000  -30.0000  -30.0000 2512.7625   14.0627
    7.5000  -30.0000  -30.0000 2490.9746   14.1770
   -7.5000  -22.5000  -30.0000 2543.3291   13.5009
    0.0000  -22.5000  -30.0000 2555.6479   13.4027
    7.5000  -22.5000  -30.0000 2535.1724   13.5124
   -7.5000  -15.0000  -30.0000 2573.9922   13.0469
    0.0000  -15.0000  -30.0000 2591.3396   12.9295
    7.5000  -15.0000  -30.0000 2571.5078   13.0018
   -7.5000   -7.5000  -30.0000 2593.0288   12.6975
    0.0000   -7.5000  -30.0000 2610.0378   12.5773
    7.5000   -7.5000  -30.0000 2599.0552   12.6499
   -7.5000    0.0000  -30.0000 2601.9485   12.4958
    0.0000    0.0000  -30.0000 2621.4829   12.3379
    7.5000    0.0000  -30.0000 2614.6238   12.4248
   -7.5000    7.5000  -30.0000 2601.7498   12.4184
    0.0000    7.5000  -30.0000 2625.3706   12.2584
    7.5000    7.5000  -30.0000 2613.1147   12.3708
   -7.5000   15.0000  -30.0000 2585.1863   12.5775
    0.0000   15.0000  -30.0000 2612.9146   12.4114
    7.5000   15.0000  -30.0000 2601.0959   12.5175
   -7.5000   22.5000  -30.0000 2552.3809   12.9469
    0.0000   22.5000  -30.0000 2580.7437   12.7515
    7.5000   22.5000  -30.0000 2570.6616   12.8650
   -7.5000   30.0000  -30.0000 2493.4282   13.5198
    0.0000   30.0000  -30.0000 2522.0444   13.3298
    7.5000   30.0000  -30.0000 2515.0320   13.4316
   -7.5000   37.5000  -30.0000 2413.1755   14.3330
    0.0000   37.5000  -30.0000 2441.7048   14.1433
    7.5000   37.5000  -30.0000 2433.0544   14.2467
   -7.5000   45.0000  -30.0000 2318.4294   15.4711
    0.0000   45.0000  -30.0000 2341.5527   15.2819
    7.5000   45.0000  -30.0000 2334.3274   15.3775
   -7.5000  -45.0000  -22.5000 2467.4941   15.4854
    0.0000  -45.0000  -22.5000 2476.4290   15.3840
    7.5000  -45.0000  -22.5000 2450.6687   15.5127
   -7.5000  -37.5000  -22.5000 2537.5061   14.4245
    0.0000  -37.5000  -22.5000 2549.7476   14.3255
    7.5000  -37.5000  -22.5000 2524.0540   14.4387
   -7.5000  -30.0000  -22.5000 2596.1077   13.5632
    0.0000  -30.0000  -22.5000 2607.4675   13.4529
    7.5000  -30.0000  -22.5000 2585.2087   13.5797
   -7.5000  -22.5000  -22.5000 2642.4478   12.9116
    0.0000  -22.5000  -22.5000 2656.5315   12.7844
    7.5000  -22.5000  -22.5000 2633.8960   12.8870
   -7.5000  -15.0000  -22.5000 2679.9565   12.4327
    0.0000  -15.0000  -22.5000 2696.9114   12.2874
    7.5000  -15.0000  -22.5000 2678.2510   12.3809
   -7.5000   -7.5000  -22.5000 2706.7441   12.1064
    0.0000   -7.5000  -22.5000 2725.5977   11.9658
    7.5000   -7.5000  -22.5000 2714.5420   12.0349
   -7.5000    0.0000  -22.5000 2720.2837   11.9122
    0.0000    0.0000  -22.5000 2744.7522   11.7621
    7.5000    0.0000  -22.5000 2733.4429   11.8445
   -7.5000    7.5000  -22.5000 2724.3398   11.8498
    0.0000    7.5000  -22.5000 2749.3147   11.6799
    7.5000    7.5000  -22.5000 2731.1235   11.7852
   -7.5000   15.0000  -22.5000 2705.3308   11.9946
    0.0000   15.0000  -22.5000 2733.1216   11.8347
    7.5000   15.0000  -22.5000 2717.9204   11.9142
   -7.5000   22.5000  -22.5000 2668.8142   12.3196
    0.0000   22.5000  -22.5000 2699.0723   12.1400
    7.5000   22.5000  -22.5000 2685.8127   12.2415
   -7.5000   30.0000  -22.5000 2608.5562   12.8563
    0.0000   30.0000  -22.5000 2640.5034   12.6512
    7.5000   30.0000  -22.5000 2632.8911   12.7742
   -7.5000   37.5000  -22.5000 2525.2666   13.6076
    0.0000   37.5000  -22.5000 2555.2900   13.4122
    7.5000   37.5000  -22.5000 2546.8044   13.5271
   -7.5000   45.0000  -22.5000 2420.3755   14.7163
    0.0000   45.0000  -22.5000 2444.1687   14.5033
    7.5000   45.0000  -22.5000 2437.3079   14.6246
   -7.5000  -45.0000  -15.0000 2534.3428   14.8950
    0.0000  -45.0000  -15.0000 2541.2393   14.7998
    7.5000  -45.0000  -15.0000 2517.6255   14.9749
   -7.5000  -37.5000  -15.0000 2602.6033   13.8687
    0.0000  -37.5000  -15.0000 2614.3845   13.7691
    7.5000  -37.5000  -15.0000 2593.1997   13.8999
   -7.5000  -30.0000  -15.0000 2658.1306   13.0158
    0.0000  -30.0000  -15.0000 2672.1870   12.9035
    7.5000  -30.0000  -15.0000 2649.8594   13.0396
   -7.5000  -22.5000  -15.0000 2705.2656   12.3271
    0.0000  -22.5000  -15.0000 2722.5857   12.2070
    7.5000  -22.5000  -15.0000 2701.1409   12.3279
   -7.5000  -15.0000  -15.0000 2748.4797   11.8443
    0.0000  -15.0000  -15.0000 2769.3909   11.6991
    7.5000  -15.0000  -15.0000 2753.7668   11.8100
   -7.5000   -7.5000  -15.0000 2782.1455   11.5195
    0.0000   -7.5000  -15.0000 2806.2007   11.3815
    7.5000   -7.5000  -15.0000 2795.0720   11.4506
   -7.5000    0.0000  -15.0000 2799.5701   11.3515
    0.0000    0.0000  -15.0000 2829.2488   11.2141
    7.5000    0.0000  -15.0000 2817.5085   11.2582
   -7.5000    7.5000  -15.0000 2813.9285   11.2788
    0.0000    7.5000  -15.0000 2841.1858   11.1272
    7.5000    7.5000  -15.0000 2823.0588   11.1791
   -7.5000   15.0000  -15.0000 2799.7830   11.4140
    0.0000   15.0000  -15.0000 2829.7393   11.2610
    7.5000   15.0000  -15.0000 2814.1365   11.3242
   -7.5000   22.5000  -15.0000 2762.1279   11.7261
    0.0000   22.5000  -15.0000 2795.6589   11.5596
    7.5000   22.5000  -15.0000 2781.2642   11.6468
   -7.5000   30.0000  -15.0000 2699.1707   12.2331
    0.0000   30.0000  -15.0000 2734.2510   12.0315
    7.5000   30.0000  -15.0000 2723.5317   12.1490
   -7.5000   37.5000  -15.0000 2605.9453   12.9641
    0.0000   37.5000  -15.0000 2639.0249   12.7542
    7.5000   37.5000  -15.0000 2626.5781   12.8876
   -7.5000   45.0000  -15.0000 2492.2134   14.0427
    0.0000   45.0000  -15.0000 2519.9702   13.8321
    7.5000   45.0000  -15.0000 2510.4785   13.9645
   -7.5000  -45.0000   -7.5000 2568.9028   14.4223
    0.0000  -45.0000   -7.5000 2579.7625   14.3481
    7.5000  -45.0000   -7.5000 2556.2371   14.5749
   -7.5000  -37.5000   -7.5000 2639.9988   13.3712
    0.0000  -37.5000   -7.5000 2650.8547   13.2699
    7.5000  -37.5000   -7.5000 2626.2947   13.4737
   -7.5000  -30.0000   -7.5000 2695.4539   12.5035
    0.0000  -30.0000   -7.5000 2710.6709   12.3910
    7.5000  -30.0000   -7.5000 2686.9048   12.5731
   -7.5000  -22.5000   -7.5000 2745.8381   11.8353
    0.0000  -22.5000   -7.5000 2763.2527   11.7100
    7.5000  -22.5000   -7.5000 2743.2249   11.8520
   -7.5000  -15.0000   -7.5000 2793.5208   11.3214
    0.0000  -15.0000   -7.5000 2815.5129   11.1991
    7.5000  -15.0000   -7.5000 2799.0312   11.3235
   -7.5000   -7.5000   -7.5000 2836.3350   10.9731
    0.0000   -7.5000   -7.5000 2864.6340   10.8553
    7.5000   -7.5000   -7.5000 2846.8911   10.9518
   -7.5000    0.0000   -7.5000 2861.5430   10.8139
    0.0000    0.0000   -7.5000 2892.8889   10.6890
    7.5000    0.0000   -7.5000 2873.6157   10.7531
   -7.5000    7.5000   -7.5000 2873.5249   10.7604
    0.0000    7.5000   -7.5000 2909.2673   10.6294
    7.5000    7.5000   -7.5000 2890.9048   10.6889
   -7.5000   15.0000   -7.5000 2867.6096   10.8828
    0.0000   15.0000   -7.5000 2908.5762   10.7051
    7.5000   15.0000   -7.5000 2886.6121   10.8096
   -7.5000   22.5000   -7.5000 2830.3279   11.1922
    0.0000   22.5000   -7.5000 2871.8362   11.0120
    7.5000   22.5000   -7.5000 2850.6113   11.1257
   -7.5000   30.0000   -7.5000 2759.2615   11.6898
    0.0000   30.0000   -7.5000 2800.2363   11.4948
    7.5000   30.0000   -7.5000 2783.7954   11.6140
   -7.5000   37.5000   -7.5000 2662.9465   12.4058
    0.0000   37.5000   -7.5000 2697.3982   12.2101
    7.5000   37.5000   -7.5000 2683.5264   12.3406
   -7.5000   45.0000   -7.5000 2541.6304   13.4659
    0.0000   45.0000   -7.5000 2572.2983   13.2660
    7.5000   45.0000   -7.5000 2557.8679   13.3847
   -7.5000  -45.0000    0.0000 2587.0156   14.1650
    0.0000  -45.0000    0.0000 2599.6606   14.0779
    7.5000  -45.0000    0.0000 2577.3706   14.3834
   -7.5000  -37.5000    0.0000 2654.1514   13.0785
    0.0000  -37.5000    0.0000 2665.0701   12.9834
    7.5000  -37.5000    0.0000 2641.8362   13.2366
   -7.5000  -30.0000    0.0000 2713.6582   12.1827
    0.0000  -30.0000    0.0000 2723.0750   12.0768
    7.5000  -30.0000    0.0000 2701.0364   12.3006
   -7.5000  -22.5000    0.0000 2767.7979   11.4987
    0.0000  -22.5000    0.0000 2784.8074   11.3954
    7.5000  -22.5000    0.0000 2765.7134   11.5610
   -7.5000  -15.0000    0.0000 2818.2190   10.9581
    0.0000  -15.0000    0.0000 2839.1978   10.8512
    7.5000  -15.0000    0.0000 2823.9939   10.9924
   -7.5000   -7.5000    0.0000 2867.9641   10.5692
    0.0000   -7.5000    0.0000 2898.4448   10.4511
    7.5000   -7.5000    0.0000 2877.6230   10.5904
   -7.5000    0.0000    0.0000 2902.9531   10.3993
    0.0000    0.0000    0.0000 2941.1118   10.2953
    7.5000    0.0000    0.0000 2920.5320   10.3827
   -7.5000    7.5000    0.0000 2920.8618   10.4021
    0.0000    7.5000    0.0000 2965.9705   10.2848
    7.5000    7.5000    0.0000 2945.7585   10.3644
   -7.5000   15.0000    0.0000 2919.4639   10.5302
    0.0000   15.0000    0.0000 2964.0657   10.3867
    7.5000   15.0000    0.0000 2939.4634   10.4850
   -7.5000   22.5000    0.0000 2876.9402   10.8249
    0.0000   22.5000    0.0000 2924.1763   10.6640
    7.5000   22.5000    0.0000 2898.4031   10.7738
   -7.5000   30.0000    0.0000 2805.0415   11.2851
    0.0000   30.0000    0.0000 2846.3271   11.1419
    7.5000   30.0000    0.0000 2826.5640   11.2362
   -7.5000   37.5000    0.0000 2701.1055   12.0107
    0.0000   37.5000    0.0000 2735.6582   11.8540
    7.5000   37.5000    0.0000 2720.7271   11.9655
   -7.5000   45.0000    0.0000 2570.3557   13.0820
    0.0000   45.0000    0.0000 2600.4099   12.9117
    7.5000   45.0000    0.0000 2588.3022   13.0278
   -7.5000  -45.0000    7.5000 2595.4253   14.0999
    0.0000  -45.0000    7.5000 2605.2166   14.0400
    7.5000  -45.0000    7.5000 2580.1108   14.3533
   -7.5000  -37.5000    7.5000 2660.4165   12.9756
    0.0000  -37.5000    7.5000 2670.5549   12.8894
    7.5000  -37.5000    7.5000 2641.1462   13.1585
   -7.5000  -30.0000    7.5000 2715.7280   12.0514
    0.0000  -30.0000    7.5000 2725.3406   11.9358
    7.5000  -30.0000    7.5000 2697.7646   12.1968
   -7.5000  -22.5000    7.5000 2768.0935   11.3323
    0.0000  -22.5000    7.5000 2787.0161   11.2209
    7.5000  -22.5000    7.5000 2763.6582   11.4373
   -7.5000  -15.0000    7.5000 2821.2341   10.7691
    0.0000  -15.0000    7.5000 2845.0850   10.6378
    7.5000  -15.0000    7.5000 2826.8250   10.8334
   -7.5000   -7.5000    7.5000 2877.3511   10.3767
    0.0000   -7.5000    7.5000 2911.4089   10.2271
    7.5000   -7.5000    7.5000 2888.3638   10.4070
   -7.5000    0.0000    7.5000 2926.1140   10.1939
    0.0000    0.0000    7.5000 2963.3501   10.0644
    7.5000    0.0000    7.5000 2938.0435   10.1919
   -7.5000    7.5000    7.5000 2950.0488   10.2055
    0.0000    7.5000    7.5000 2998.3325   10.1035
    7.5000    7.5000    7.5000 2974.7068   10.1739
   -7.5000   15.0000    7.5000 2942.2722   10.3594
    0.0000   15.0000    7.5000 2990.5662   10.2618
    7.5000   15.0000    7.5000 2964.7183   10.3264
   -7.5000   22.5000    7.5000 2899.2458   10.6434
    0.0000   22.5000    7.5000 2945.0898   10.5568
    7.5000   22.5000    7.5000 2919.7690   10.6114
   -7.5000   30.0000    7.5000 2822.1785   11.1214
    0.0000   30.0000    7.5000 2866.3604   11.0128
    7.5000   30.0000    7.5000 2841.2698   11.1015
   -7.5000   37.5000    7.5000 2717.9407   11.8654
    0.0000   37.5000    7.5000 2750.6394   11.7134
    7.5000   37.5000    7.5000 2735.1230   11.8272
   -7.5000   45.0000    7.5000 2584.7507   12.9278
    0.0000   45.0000    7.5000 2612.7966   12.7395
    7.5000   45.0000    7.5000 2604.5935   12.8617
   -7.5000  -45.0000   15.0000 2594.3521   14.1963
    0.0000  -45.0000   15.0000 2601.1812   14.1302
    7.5000  -45.0000   15.0000 2571.0999   14.4674
   -7.5000  -37.5000   15.0000 2648.4758   13.0420
    0.0000  -37.5000   15.0000 2657.2332   12.9619
    7.5000  -37.5000   15.0000 2623.4656   13.2585
   -7.5000  -30.0000   15.0000 2697.6357   12.1090
    0.0000  -30.0000   15.0000 2706.7651   11.9869
    7.5000  -30.0000   15.0000 2679.3042   12.2624
   -7.5000  -22.5000   15.0000 2749.9866   11.3619
    0.0000  -22.5000   15.0000 2765.0591   11.2377
    7.5000  -22.5000   15.0000 2744.3818   11.4680
   -7.5000  -15.0000   15.0000 2803.4580   10.7977
    0.0000  -15.0000   15.0000 2826.5388   10.6491
    7.5000  -15.0000   15.0000 2808.5718   10.8717
   -7.5000   -7.5000   15.0000 2866.9009   10.4042
    0.0000   -7.5000   15.0000 2895.0422   10.2494
    7.5000   -7.5000   15.0000 2872.9834   10.4293
   -7.5000    0.0000   15.0000 2923.4792   10.2127
    0.0000    0.0000   15.0000 2956.2488   10.0476
    7.5000    0.0000   15.0000 2929.5552   10.1963
   -7.5000    7.5000   15.0000 2953.9961   10.1748
    0.0000    7.5000   15.0000 3000.0417   10.0225
    7.5000    7.5000   15.0000 2970.6807   10.1459
   -7.5000   15.0000   15.0000 2948.8704   10.3005
    0.0000   15.0000   15.0000 2997.3667   10.1216
    7.5000   15.0000   15.0000 2967.5601   10.2613
   -7.5000   22.5000   15.0000 2900.0818   10.6319
    0.0000   22.5000   15.0000 2945.5903   10.4312
    7.5000   22.5000   15.0000 2918.1367   10.6015
   -7.5000   30.0000   15.0000 2815.2268   11.1673
    0.0000   30.0000   15.0000 2853.6765   10.9985
    7.5000   30.0000   15.0000 2831.3987   11.1567
   -7.5000   37.5000   15.0000 2706.1775   11.9434
    0.0000   37.5000   15.0000 2731.9521   11.8022
    7.5000   37.5000   15.0000 2720.9741   11.9290
   -7.5000   45.0000   15.0000 2574.4155   13.0086
    0.0000   45.0000   15.0000 2595.3774   12.8411
    7.5000   45.0000   15.0000 2592.9380   12.9423
   -7.5000  -45.0000   22.5000 2579.7271   14.4568
    0.0000  -45.0000   22.5000 2590.1868   14.4011
    7.5000  -45.0000   22.5000 2554.0530   14.7446
   -7.5000  -37.5000   22.5000 2624.6140   13.2785
    0.0000  -37.5000   22.5000 2634.2651   13.1983
    7.5000  -37.5000   22.5000 2602.1392   13.5000
   -7.5000  -30.0000   22.5000 2667.8772   12.3316
    0.0000  -30.0000   22.5000 2679.1055   12.2128
    7.5000  -30.0000   22.5000 2656.6838   12.4820
   -7.5000  -22.5000   22.5000 2717.7463   11.5638
    0.0000  -22.5000   22.5000 2735.8967   11.4384
    7.5000  -22.5000   22.5000 2716.4612   11.6797
   -7.5000  -15.0000   22.5000 2772.9678   11.0094
    0.0000  -15.0000   22.5000 2797.6077   10.8413
    7.5000  -15.0000   22.5000 2778.3899   11.0601
   -7.5000   -7.5000   22.5000 2836.4458   10.6288
    0.0000   -7.5000   22.5000 2863.0569   10.4372
    7.5000   -7.5000   22.5000 2842.1785   10.6284
   -7.5000    0.0000   22.5000 2896.1616   10.4490
    0.0000    0.0000   22.5000 2924.8745   10.2580
    7.5000    0.0000   22.5000 2901.7607   10.4295
   -7.5000    7.5000   22.5000 2927.4131   10.3986
    0.0000    7.5000   22.5000 2965.0957   10.2148
    7.5000    7.5000   22.5000 2939.3945   10.3704
   -7.5000   15.0000   22.5000 2923.4043   10.5305
    0.0000   15.0000   22.5000 2958.8591   10.2954
    7.5000   15.0000   22.5000 2934.4072   10.4795
   -7.5000   22.5000   22.5000 2874.7852   10.8698
    0.0000   22.5000   22.5000 2912.2705   10.6266
    7.5000   22.5000   22.5000 2889.9077   10.8155
   -7.5000   30.0000   22.5000 2790.4021   11.4106
    0.0000   30.0000   22.5000 2826.8096   11.1916
    7.5000   30.0000   22.5000 2806.0054   11.3528
   -7.5000   37.5000   22.5000 2677.9082   12.1899
    0.0000   37.5000   22.5000 2704.7041   11.9923
    7.5000   37.5000   22.5000 2693.4473   12.1393
   -7.5000   45.0000   22.5000 2547.4924   13.2369
    0.0000   45.0000   22.5000 2570.1843   13.0649
    7.5000   45.0000   22.5000 2565.6853   13.1651
   -7.5000  -45.0000   30.0000 2549.5645   14.8869
    0.0000  -45.0000   30.0000 2557.0967   14.8409
    7.5000  -45.0000   30.0000 2519.7236   15.1214
   -7.5000  -37.5000   30.0000 2589.7229   13.6875
    0.0000  -37.5000   30.0000 2597.1982   13.5948
    7.5000  -37.5000   30.0000 2567.4954   13.8901
   -7.5000  -30.0000   30.0000 2625.8645   12.7424
    0.0000  -30.0000   30.0000 2642.4426   12.6110
    7.5000  -30.0000   30.0000 2618.6707   12.8709
   -7.5000  -22.5000   30.0000 2672.1592   11.9563
    0.0000  -22.5000   30.0000 2692.2317   11.7962
    7.5000  -22.5000   30.0000 2675.3232   12.0498
   -7.5000  -15.0000   30.0000 2728.5806   11.3609
    0.0000  -15.0000   30.0000 2751.0203   11.1838
    7.5000  -15.0000   30.0000 2735.7927   11.4212
   -7.5000   -7.5000   30.0000 2790.1946   10.9856
    0.0000   -7.5000   30.0000 2814.1494   10.7755
    7.5000   -7.5000   30.0000 2802.1365   10.9977
   -7.5000    0.0000   30.0000 2847.2649   10.8295
    0.0000    0.0000   30.0000 2870.9331   10.6339
    7.5000    0.0000   30.0000 2857.0400   10.8215
   -7.5000    7.5000   30.0000 2872.1162   10.8223
    0.0000    7.5000   30.0000 2907.8977   10.6040
    7.5000    7.5000   30.0000 2887.7532   10.7819
   -7.5000   15.0000   30.0000 2860.1692   10.9912
    0.0000   15.0000   30.0000 2896.6643   10.7442
    7.5000   15.0000   30.0000 2876.4688   10.9177
   -7.5000   22.5000   30.0000 2817.0664   11.3259
    0.0000   22.5000   30.0000 2849.2866   11.1033
    7.5000   22.5000   30.0000 2832.7971   11.2540
   -7.5000   30.0000   30.0000 2742.5488   11.8358
    0.0000   30.0000   30.0000 2769.9707   11.6252
    7.5000   30.0000   30.0000 2755.6794   11.7733
   -7.5000   37.5000   30.0000 2640.6704   12.5760
    0.0000   37.5000   30.0000 2662.6382   12.3599
    7.5000   37.5000   30.0000 2650.7380   12.5122
   -7.5000   45.0000   30.0000 2510.7827   13.6036
    0.0000   45.0000   30.0000 2533.0200   13.3962
    7.5000   45.0000   30.0000 2524.4546   13.5190
   -7.5000  -45.0000   37.5000 2494.6755   15.4608
    0.0000  -45.0000   37.5000 2501.2842   15.4215
    7.5000  -45.0000   37.5000 2470.5225   15.7015
   -7.5000  -37.5000   37.5000 2538.5012   14.2462
    0.0000  -37.5000   37.5000 2550.1055   14.1445
    7.5000  -37.5000   37.5000 2524.3586   14.4321
   -7.5000  -30.0000   37.5000 2578.9893   13.2723
    0.0000  -30.0000   37.5000 2596.2969   13.1222
    7.5000  -30.0000   37.5000 2574.1379   13.3833
   -7.5000  -22.5000   37.5000 2624.4377   12.4787
    0.0000  -22.5000   37.5000 2647.8899   12.3111
    7.5000  -22.5000   37.5000 2628.1050   12.5796
   -7.5000  -15.0000   37.5000 2674.6716   11.9046
    0.0000  -15.0000   37.5000 2702.4160   11.7046
    7.5000  -15.0000   37.5000 2681.7498   11.9572
   -7.5000   -7.5000   37.5000 2733.0532   11.5524
    0.0000   -7.5000   37.5000 2761.1680   11.3354
    7.5000   -7.5000   37.5000 2745.5815   11.5566
   -7.5000    0.0000   37.5000 2781.3911   11.3778
    0.0000    0.0000   37.5000 2808.0334   11.1763
    7.5000    0.0000   37.5000 2795.5264   11.3693
   -7.5000    7.5000   37.5000 2798.0447   11.3898
    0.0000    7.5000   37.5000 2829.2668   11.1486
    7.5000    7.5000   37.5000 2817.0859   11.3480
   -7.5000   15.0000   37.5000 2781.0422   11.5932
    0.0000   15.0000   37.5000 2814.4255   11.3468
    7.5000   15.0000   37.5000 2804.1787   11.5124
   -7.5000   22.5000   37.5000 2737.1455   11.9368
    0.0000   22.5000   37.5000 2766.5471   11.7100
    7.5000   22.5000   37.5000 2755.0398   11.8544
   -7.5000   30.0000   37.5000 2670.2881   12.4303
    0.0000   30.0000   37.5000 2698.5146   12.2187
    7.5000   30.0000   37.5000 2686.3625   12.3548
   -7.5000   37.5000   37.5000 2580.2603   13.1466
    0.0000   37.5000   37.5000 2601.5242   12.9170
    7.5000   37.5000   37.5000 2591.6797   13.0580
   -7.5000   45.0000   37.5000 2462.4028   14.1256
    0.0000   45.0000   37.5000 2483.0886   13.8989
    7.5000   45.0000   37.5000 2474.9248   14.0380
   -7.5000  -45.0000   45.0000 2426.5535   16.2405
    0.0000  -45.0000   45.0000 2439.1440   16.1747
    7.5000  -45.0000   45.0000 2412.5154   16.4724
   -7.5000  -37.5000   45.0000 2474.7275   14.9534
    0.0000  -37.5000   45.0000 2490.9663   14.8470
    7.5000  -37.5000   45.0000 2468.2742   15.1250
   -7.5000  -30.0000   45.0000 2522.5254   13.9211
    0.0000  -30.0000   45.0000 2538.3108   13.7792
    7.5000  -30.0000   45.0000 2515.7786   14.0384
   -7.5000  -22.5000   45.0000 2572.8127   13.1040
    0.0000  -22.5000   45.0000 2592.1567   12.9609
    7.5000  -22.5000   45.0000 2571.3784   13.2160
   -7.5000  -15.0000   45.0000 2616.9885   12.5520
    0.0000  -15.0000   45.0000 2642.8457   12.3893
    7.5000  -15.0000   45.0000 2620.0947   12.6389
   -7.5000   -7.5000   45.0000 2666.3552   12.2186
    0.0000   -7.5000   45.0000 2694.1699   12.0423
    7.5000   -7.5000   45.0000 2673.5505   12.2529
   -7.5000    0.0000   45.0000 2700.0425   12.0934
    0.0000    0.0000   45.0000 2728.6736   11.8919
    7.5000    0.0000   45.0000 2711.4548   12.0758
   -7.5000    7.5000   45.0000 2710.6750   12.1292
    0.0000    7.5000   45.0000 2739.9688   11.9096
    7.5000    7.5000   45.0000 2728.1990   12.0864
   -7.5000   15.0000   45.0000 2687.2290   12.3223
    0.0000   15.0000   45.0000 2718.0710   12.1123
    7.5000   15.0000   45.0000 2711.1753   12.2727
   -7.5000   22.5000   45.0000 2644.3960   12.6971
    0.0000   22.5000   45.0000 2673.2568   12.4784
    7.5000   22.5000   45.0000 2664.7646   12.6252
   -7.5000   30.0000   45.0000 2582.8171   13.1788
    0.0000   30.0000   45.0000 2609.0930   12.9595
    7.5000   30.0000   45.0000 2599.6802   13.1079
   -7.5000   37.5000   45.0000 2507.1108   13.8563
    0.0000   37.5000   45.0000 2528.9338   13.6302
    7.5000   37.5000   45.0000 2519.7163   13.7969
   -7.5000   45.0000   45.0000 2407.5173   14.7981
    0.0000   45.0000   45.0000 2426.5210   14.5606
    7.5000   45.0000   45.0000 2416.3293   14.7021

---------------------------------------------------------------------
imgreg_4dfp /opt/freesurfer/average/711-2C_as_mni_average_305 /opt/freesurfer/average/711-2B_as_mni_average_305_mask talsrcimg_g11 none talsrcimg_to_711-2C_as_mni_average_305_t4 1283
---------------------------------------------------------------------

freesurfer imgreg_4dfp.c
/opt/freesurfer/average/711-2C_as_mni_average_305.4dfp.img
       256       256       256         1
  1.000000  1.000000  1.000000
orientation T byte_order littleendian
Reading image: /opt/freesurfer/average/711-2C_as_mni_average_305.4dfp.img
dimensions:      256       256       256
mmppix:       1.0000   -1.0000   -1.0000
center:     128.0000 -129.0000 -129.0000
/opt/freesurfer/average/711-2B_as_mni_average_305_mask.4dfp.img
       256       256       256         1
  1.000000  1.000000  1.000000
orientation T byte_order littleendian
Reading mask: /opt/freesurfer/average/711-2B_as_mni_average_305_mask.4dfp.img (2306576 pixels)
talsrcimg_g11.4dfp.img
       256       256       256         1
  1.000000  1.000000  1.000000
orientation T byte_order littleendian
Reading image: talsrcimg_g11.4dfp.img
dimensions:      256       256       256
mmppix:       1.0000   -1.0000   -1.0000
center:     128.0000 -129.0000 -129.0000
rotation matrix determinant  1.000000
fimgreg.f
image alignment mode   1283 decimal      503 hex
parameters
    0.0000    7.5000   15.0000    0.0000    0.0000    0.0000
eta,q 0.94037 10.08702
niter,ni,del,rscale     5    3   12.0000    1.2000
parameter  2 -0.934160 -> -0.500000 qaram    1.1500
parameter  4  5.696368 ->  0.500000 qaram    1.1500
parameter  6  1.043247 ->  0.500000 qaram    1.1500
parameters
    1.2886   10.9500   12.6956   -3.4500   -1.5182   -3.4500
eta,q 0.95314  9.93116
  0.0744  0.0678  0.0576  0.0467  0.0526  0.0471
  0.0683  0.0643  0.0558  0.0492  0.0504  0.0467
  0.0633  0.0612  0.0548  0.0517  0.0496  0.0477
  0.0591  0.0583  0.0557  0.0547  0.0499  0.0496
  0.0587  0.0563  0.0587  0.0580  0.0517  0.0515
  0.0614  0.0553  0.0623  0.0613  0.0541  0.0538
  0.0662  0.0556  0.0658  0.0643  0.0569  0.0566
niter,ni,del,rscale     7    3   12.0000    1.2000
parameter  4  1.593618 ->  0.500000 qaram    1.3225
parameters
    1.3477   11.8345   11.9461   -7.4175   -1.4679   -4.3053
eta,q 0.95983  9.91256
  0.0603  0.0590  0.0518  0.0399  0.0480  0.0463
  0.0543  0.0538  0.0494  0.0399  0.0443  0.0430
  0.0493  0.0494  0.0473  0.0426  0.0416  0.0406
  0.0469  0.0468  0.0465  0.0466  0.0404  0.0404
  0.0482  0.0469  0.0478  0.0506  0.0414  0.0425
  0.0529  0.0497  0.0512  0.0548  0.0443  0.0458
  0.0607  0.0547  0.0561  0.0593  0.0477  0.0493
niter,ni,del,rscale     7    3   12.0000    1.2000
parameter  4  0.619847 ->  0.500000 qaram    1.5209
parameters
    1.2788   12.7783   11.3225  -11.9801   -0.5652   -4.6586
eta,q 0.96145 10.01226
  0.0548  0.0559  0.0462  0.0393  0.0475  0.0452
  0.0479  0.0495  0.0430  0.0388  0.0433  0.0422
  0.0425  0.0434  0.0407  0.0386  0.0403  0.0393
  0.0402  0.0402  0.0401  0.0401  0.0388  0.0386
  0.0426  0.0411  0.0416  0.0445  0.0388  0.0400
  0.0481  0.0446  0.0449  0.0495  0.0406  0.0432
  0.0556  0.0496  0.0495  0.0542  0.0435  0.0466
niter,ni,del,rscale     7    3   12.0000    1.2000
parameter  4  0.508978 ->  0.500000 qaram    1.7490
parameters
    0.6587   14.6395   10.3555  -17.2272    0.5545   -5.5198
eta,q 0.96592 10.02028
  0.0510  0.0546  0.0421  0.0372  0.0434  0.0413
  0.0440  0.0471  0.0390  0.0348  0.0401  0.0371
  0.0394  0.0409  0.0379  0.0355  0.0370  0.0347
  0.0385  0.0383  0.0382  0.0380  0.0347  0.0342
  0.0423  0.0384  0.0392  0.0400  0.0343  0.0366
  0.0488  0.0399  0.0416  0.0441  0.0361  0.0408
  0.0561  0.0429  0.0460  0.0513  0.0394  0.0448
niter,ni,del,rscale     7    3   12.0000    1.2000
parameters
    0.3482   16.0926    8.8486  -17.9843    1.0221   -5.8826
eta,q 0.96733 10.02639
  0.0503  0.0522  0.0367  0.0430  0.0413  0.0403
  0.0414  0.0455  0.0339  0.0391  0.0377  0.0365
  0.0351  0.0386  0.0326  0.0347  0.0344  0.0336
  0.0341  0.0339  0.0332  0.0326  0.0327  0.0326
  0.0381  0.0336  0.0351  0.0358  0.0333  0.0338
  0.0450  0.0368  0.0387  0.0409  0.0357  0.0376
  0.0524  0.0426  0.0442  0.0465  0.0394  0.0424
niter,ni,del,rscale     6    3   12.0000    1.2000
parameters
    0.3406   16.1950    8.6646  -18.3107    1.1100   -5.9803
eta,q 0.96713 10.02931
  0.0514  0.0469  0.0397  0.0437  0.0408  0.0407
  0.0418  0.0395  0.0357  0.0395  0.0369  0.0371
  0.0345  0.0339  0.0334  0.0354  0.0339  0.0341
  0.0327  0.0327  0.0327  0.0327  0.0329  0.0329
  0.0359  0.0352  0.0336  0.0347  0.0339  0.0336
  0.0426  0.0393  0.0362  0.0398  0.0365  0.0369
  0.0505  0.0454  0.0407  0.0459  0.0404  0.0417
niter,ni,del,rscale     5    3   12.0000    1.2000
parameters
    0.3261   16.2506    8.5744  -18.4502    1.1422   -6.0190
eta,q 0.96701 10.03134
  0.0514  0.0467  0.0401  0.0440  0.0408  0.0407
  0.0419  0.0392  0.0360  0.0396  0.0369  0.0372
  0.0347  0.0337  0.0336  0.0357  0.0340  0.0342
  0.0329  0.0329  0.0329  0.0329  0.0330  0.0330
  0.0361  0.0355  0.0337  0.0343  0.0341  0.0336
  0.0427  0.0393  0.0362  0.0394  0.0367  0.0368
  0.0507  0.0454  0.0406  0.0456  0.0406  0.0415
niter,ni,del,rscale     4    3   12.0000    1.2000
parameters
    0.3208   16.2712    8.5341  -18.5036    1.1556   -6.0346
eta,q 0.96696 10.03211
  0.0515  0.0466  0.0403  0.0442  0.0408  0.0407
  0.0421  0.0390  0.0361  0.0397  0.0368  0.0373
  0.0349  0.0337  0.0337  0.0358  0.0340  0.0343
  0.0330  0.0330  0.0330  0.0330  0.0330  0.0330
  0.0361  0.0357  0.0337  0.0342  0.0342  0.0336
  0.0427  0.0394  0.0362  0.0392  0.0368  0.0367
  0.0508  0.0454  0.0406  0.0454  0.0407  0.0414
registration optimization eta report
parameter search radius
    6.0000    6.9000    6.0000   10.4940    6.0000    6.9000
100000*second partial in parameter space
       49.       27.       21.       10.       21.       17.
  0.0515  0.0466  0.0403  0.0442  0.0408  0.0407
  0.0421  0.0390  0.0361  0.0397  0.0368  0.0373
  0.0349  0.0337  0.0337  0.0358  0.0340  0.0343
  0.0330  0.0330  0.0330  0.0330  0.0330  0.0330
  0.0361  0.0357  0.0337  0.0342  0.0342  0.0336
  0.0427  0.0394  0.0362  0.0392  0.0368  0.0367
  0.0508  0.0454  0.0406  0.0454  0.0407  0.0414
    0.3208   16.2712    8.5341  -18.5036    1.1556   -6.0346
eta,q 0.96696 10.03211

---------------------------------------------------------------------
imgreg_4dfp /opt/freesurfer/average/711-2C_as_mni_average_305 /opt/freesurfer/average/711-2B_as_mni_average_305_mask talsrcimg_g11 none talsrcimg_to_711-2C_as_mni_average_305_t4 3335
---------------------------------------------------------------------

freesurfer imgreg_4dfp.c
/opt/freesurfer/average/711-2C_as_mni_average_305.4dfp.img
       256       256       256         1
  1.000000  1.000000  1.000000
orientation T byte_order littleendian
Reading image: /opt/freesurfer/average/711-2C_as_mni_average_305.4dfp.img
dimensions:      256       256       256
mmppix:       1.0000   -1.0000   -1.0000
center:     128.0000 -129.0000 -129.0000
/opt/freesurfer/average/711-2B_as_mni_average_305_mask.4dfp.img
       256       256       256         1
  1.000000  1.000000  1.000000
orientation T byte_order littleendian
Reading mask: /opt/freesurfer/average/711-2B_as_mni_average_305_mask.4dfp.img (2306576 pixels)
talsrcimg_g11.4dfp.img
       256       256       256         1
  1.000000  1.000000  1.000000
orientation T byte_order littleendian
Reading image: talsrcimg_g11.4dfp.img
dimensions:      256       256       256
mmppix:       1.0000   -1.0000   -1.0000
center:     128.0000 -129.0000 -129.0000
fimgreg.f
image alignment mode   3335 decimal      D07 hex
parameters
    0.3208   16.2712    8.5341   -0.5744   -5.7624   -5.1889
   10.6060    1.4346  -10.5108   31.7616    2.0167  -31.7300
eta,q 0.96736 10.11846
niter,ni,del,rscale     5    3    5.0000    1.2000
parameter  4  0.759968 ->  0.500000 qaram    1.1500
parameter  5  1.424652 ->  0.500000 qaram    1.1500
parameter  9 -0.570332 -> -0.500000 qaram    1.1500
parameter 10  0.637338 ->  0.500000 qaram    1.1500
parameters
    0.3065   16.1875    8.6093   -4.7144   -9.9024   -7.3538
   10.4008    2.6208   -6.3708   27.6216    2.2519  -29.2761
eta,q 0.97227  9.49551
  0.0357  0.0343  0.0341  0.0313  0.0285  0.0300  0.0314  0.0336  0.0324  0.0281  0.0288  0.0301
  0.0340  0.0333  0.0333  0.0314  0.0291  0.0296  0.0302  0.0316  0.0311  0.0279  0.0283  0.0291
  0.0330  0.0328  0.0328  0.0318  0.0301  0.0293  0.0295  0.0301  0.0300  0.0281  0.0280  0.0284
  0.0326  0.0326  0.0326  0.0326  0.0315  0.0293  0.0293  0.0293  0.0291  0.0286  0.0279  0.0279
  0.0330  0.0329  0.0328  0.0341  0.0332  0.0298  0.0296  0.0292  0.0287  0.0295  0.0280  0.0277
  0.0341  0.0335  0.0332  0.0365  0.0352  0.0310  0.0304  0.0300  0.0286  0.0310  0.0282  0.0279
  0.0358  0.0345  0.0340  0.0390  0.0376  0.0333  0.0316  0.0316  0.0290  0.0327  0.0287  0.0283
niter,ni,del,rscale     7    3    5.0000    1.2000
parameter  5  0.565969 ->  0.500000 qaram    1.3225
parameters
    0.4579   15.9555    8.4736   -6.7950  -14.6634   -8.4755
    9.4149    2.4503   -7.1561   26.5234    2.1855  -30.3143
eta,q 0.97339  9.07733
  0.0310  0.0294  0.0289  0.0289  0.0273  0.0281  0.0286  0.0300  0.0287  0.0287  0.0274  0.0275
  0.0294  0.0284  0.0282  0.0281  0.0269  0.0273  0.0275  0.0283  0.0276  0.0273  0.0270  0.0269
  0.0282  0.0278  0.0278  0.0276  0.0271  0.0270  0.0269  0.0271  0.0269  0.0266  0.0267  0.0266
  0.0277  0.0277  0.0277  0.0277  0.0276  0.0269  0.0269  0.0268  0.0268  0.0268  0.0267  0.0267
  0.0279  0.0281  0.0279  0.0284  0.0286  0.0272  0.0275  0.0273  0.0273  0.0275  0.0267  0.0269
  0.0288  0.0290  0.0284  0.0297  0.0301  0.0280  0.0284  0.0285  0.0282  0.0284  0.0270  0.0275
  0.0303  0.0301  0.0292  0.0319  0.0322  0.0292  0.0297  0.0303  0.0296  0.0297  0.0274  0.0281
niter,ni,del,rscale     7    3    5.0000    1.2000
parameters
    0.4666   16.3527    8.1885   -7.4555  -15.5273   -9.2273
    9.2905    2.3018   -7.3570   27.3683    2.2976  -30.5765
eta,q 0.97348  8.99175
  0.0295  0.0293  0.0275  0.0284  0.0288  0.0281  0.0288  0.0298  0.0288  0.0300  0.0272  0.0276
  0.0279  0.0280  0.0269  0.0274  0.0275  0.0272  0.0275  0.0280  0.0275  0.0281  0.0269  0.0270
  0.0270  0.0270  0.0266  0.0268  0.0267  0.0266  0.0267  0.0268  0.0267  0.0269  0.0266  0.0266
  0.0266  0.0266  0.0266  0.0265  0.0266  0.0265  0.0265  0.0265  0.0265  0.0265  0.0265  0.0265
  0.0269  0.0266  0.0268  0.0269  0.0271  0.0269  0.0269  0.0271  0.0268  0.0268  0.0266  0.0267
  0.0279  0.0271  0.0273  0.0278  0.0281  0.0277  0.0277  0.0282  0.0277  0.0276  0.0268  0.0271
  0.0295  0.0280  0.0281  0.0292  0.0297  0.0290  0.0289  0.0299  0.0290  0.0286  0.0272  0.0277
niter,ni,del,rscale     6    3    5.0000    1.2000
parameters
    0.4475   16.7040    7.7758   -7.6125  -16.3496  -10.1221
    9.2788    2.1965   -7.4925   28.2720    2.4607  -30.6357
eta,q 0.97362  8.92696
  0.0292  0.0290  0.0273  0.0284  0.0286  0.0279  0.0287  0.0296  0.0287  0.0298  0.0271  0.0275
  0.0277  0.0277  0.0267  0.0274  0.0274  0.0270  0.0274  0.0278  0.0274  0.0280  0.0267  0.0268
  0.0268  0.0269  0.0265  0.0267  0.0266  0.0265  0.0266  0.0267  0.0266  0.0269  0.0265  0.0265
  0.0265  0.0265  0.0265  0.0264  0.0264  0.0264  0.0264  0.0264  0.0264  0.0264  0.0264  0.0264
  0.0268  0.0266  0.0268  0.0267  0.0269  0.0268  0.0267  0.0269  0.0267  0.0266  0.0265  0.0266
  0.0278  0.0270  0.0273  0.0274  0.0280  0.0276  0.0275  0.0281  0.0276  0.0274  0.0267  0.0269
  0.0293  0.0279  0.0280  0.0287  0.0295  0.0290  0.0286  0.0297  0.0288  0.0284  0.0270  0.0275
niter,ni,del,rscale     5    3    5.0000    1.2000
parameters
    0.4224   17.1016    7.2964   -7.8517  -17.3606  -11.1611
    9.2442    2.0800   -7.5995   29.3067    2.5952  -30.5732
eta,q 0.97382  8.84522
  0.0289  0.0289  0.0270  0.0282  0.0283  0.0277  0.0284  0.0293  0.0285  0.0297  0.0269  0.0272
  0.0275  0.0277  0.0265  0.0271  0.0271  0.0268  0.0272  0.0276  0.0273  0.0280  0.0265  0.0266
  0.0267  0.0268  0.0263  0.0265  0.0264  0.0263  0.0264  0.0265  0.0265  0.0268  0.0263  0.0263
  0.0264  0.0264  0.0263  0.0263  0.0263  0.0263  0.0262  0.0262  0.0262  0.0262  0.0262  0.0262
  0.0267  0.0264  0.0266  0.0265  0.0268  0.0267  0.0265  0.0267  0.0265  0.0264  0.0263  0.0263
  0.0276  0.0268  0.0272  0.0273  0.0279  0.0275  0.0273  0.0278  0.0274  0.0272  0.0265  0.0267
  0.0290  0.0276  0.0279  0.0284  0.0294  0.0289  0.0283  0.0294  0.0286  0.0283  0.0268  0.0271
niter,ni,del,rscale     4    3    5.0000    1.2000
parameters
    0.4022   17.5839    6.7475   -8.1900  -18.4976  -12.2949
    9.1301    2.0186   -7.5676   30.3784    2.5368  -30.3963
eta,q 0.97408  8.74940
  0.0286  0.0289  0.0267  0.0278  0.0280  0.0274  0.0280  0.0290  0.0284  0.0297  0.0266  0.0269
  0.0273  0.0275  0.0263  0.0268  0.0269  0.0266  0.0268  0.0273  0.0271  0.0279  0.0262  0.0264
  0.0264  0.0266  0.0261  0.0262  0.0262  0.0261  0.0262  0.0262  0.0262  0.0267  0.0260  0.0260
  0.0262  0.0262  0.0261  0.0260  0.0261  0.0260  0.0260  0.0260  0.0260  0.0260  0.0259  0.0259
  0.0265  0.0262  0.0264  0.0263  0.0266  0.0264  0.0263  0.0265  0.0263  0.0261  0.0260  0.0260
  0.0273  0.0265  0.0270  0.0270  0.0277  0.0273  0.0270  0.0275  0.0271  0.0270  0.0262  0.0264
  0.0287  0.0273  0.0277  0.0281  0.0292  0.0287  0.0280  0.0290  0.0283  0.0282  0.0266  0.0268
niter,ni,del,rscale     3    3    5.0000    1.2000
parameters
    0.4141   18.0813    6.1951   -8.5131  -19.4598  -13.2986
    8.9415    2.0704   -7.4256   31.2037    2.2434  -30.2670
eta,q 0.97432  8.66519
  0.0283  0.0286  0.0264  0.0275  0.0279  0.0272  0.0276  0.0289  0.0283  0.0295  0.0263  0.0266
  0.0270  0.0273  0.0260  0.0265  0.0267  0.0264  0.0265  0.0272  0.0269  0.0277  0.0259  0.0261
  0.0262  0.0264  0.0258  0.0259  0.0259  0.0258  0.0259  0.0260  0.0260  0.0264  0.0257  0.0258
  0.0259  0.0259  0.0258  0.0258  0.0258  0.0257  0.0257  0.0257  0.0257  0.0257  0.0257  0.0257
  0.0262  0.0259  0.0261  0.0260  0.0263  0.0262  0.0261  0.0262  0.0260  0.0259  0.0258  0.0258
  0.0270  0.0263  0.0267  0.0268  0.0274  0.0270  0.0268  0.0272  0.0268  0.0269  0.0260  0.0261
  0.0282  0.0270  0.0274  0.0278  0.0290  0.0284  0.0277  0.0287  0.0281  0.0283  0.0264  0.0265
niter,ni,del,rscale     2    3    5.0000    1.2000
parameters
    0.4689   18.4434    5.7853   -8.6599  -19.9908  -13.9459
    8.7341    2.1865   -7.2610   31.6925    1.9502  -30.2316
eta,q 0.97442  8.61857
  0.0281  0.0282  0.0264  0.0275  0.0281  0.0272  0.0275  0.0288  0.0282  0.0293  0.0262  0.0265
  0.0268  0.0269  0.0259  0.0264  0.0268  0.0263  0.0264  0.0271  0.0268  0.0275  0.0258  0.0260
  0.0260  0.0261  0.0257  0.0258  0.0259  0.0258  0.0258  0.0260  0.0259  0.0262  0.0256  0.0257
  0.0257  0.0257  0.0256  0.0256  0.0256  0.0256  0.0256  0.0256  0.0256  0.0256  0.0256  0.0256
  0.0259  0.0257  0.0259  0.0259  0.0261  0.0259  0.0259  0.0260  0.0259  0.0259  0.0257  0.0257
  0.0266  0.0262  0.0264  0.0266  0.0271  0.0267  0.0266  0.0271  0.0267  0.0270  0.0259  0.0260
  0.0278  0.0270  0.0271  0.0275  0.0287  0.0280  0.0276  0.0285  0.0279  0.0285  0.0263  0.0265
niter,ni,del,rscale     1    3    5.0000    1.2000
parameters
    0.5330   18.6399    5.5591   -8.6945  -20.2407  -14.2940
    8.5760    2.3062   -7.1606   31.9552    1.7779  -30.2445
eta,q 0.97443  8.59832
  0.0279  0.0278  0.0264  0.0275  0.0282  0.0273  0.0275  0.0288  0.0281  0.0291  0.0262  0.0265
  0.0267  0.0267  0.0259  0.0264  0.0268  0.0264  0.0264  0.0271  0.0267  0.0273  0.0258  0.0260
  0.0259  0.0259  0.0256  0.0257  0.0259  0.0258  0.0257  0.0259  0.0259  0.0261  0.0256  0.0257
  0.0256  0.0256  0.0256  0.0256  0.0256  0.0256  0.0256  0.0256  0.0256  0.0256  0.0256  0.0256
  0.0258  0.0257  0.0258  0.0258  0.0260  0.0258  0.0259  0.0260  0.0258  0.0260  0.0257  0.0257
  0.0265  0.0263  0.0262  0.0265  0.0270  0.0266  0.0266  0.0270  0.0267  0.0271  0.0259  0.0260
  0.0277  0.0272  0.0269  0.0274  0.0285  0.0277  0.0275  0.0285  0.0279  0.0286  0.0263  0.0265
registration optimization eta report
parameter search radius
    2.4000    2.4000    2.4000    8.2800    9.5220    7.2000
    7.2000    7.2000    8.2800    8.2800    7.2000    7.2000
100000*second partial in parameter space
       39.       33.       18.        3.        3.        4.
        4.        6.        4.        5.        1.        2.
  0.0279  0.0278  0.0264  0.0275  0.0282  0.0273  0.0275  0.0288  0.0281  0.0291  0.0262  0.0265
  0.0267  0.0267  0.0259  0.0264  0.0268  0.0264  0.0264  0.0271  0.0267  0.0273  0.0258  0.0260
  0.0259  0.0259  0.0256  0.0257  0.0259  0.0258  0.0257  0.0259  0.0259  0.0261  0.0256  0.0257
  0.0256  0.0256  0.0256  0.0256  0.0256  0.0256  0.0256  0.0256  0.0256  0.0256  0.0256  0.0256
  0.0258  0.0257  0.0258  0.0258  0.0260  0.0258  0.0259  0.0260  0.0258  0.0260  0.0257  0.0257
  0.0265  0.0263  0.0262  0.0265  0.0270  0.0266  0.0266  0.0270  0.0267  0.0271  0.0259  0.0260
  0.0277  0.0272  0.0269  0.0274  0.0285  0.0277  0.0275  0.0285  0.0279  0.0286  0.0263  0.0265
    0.5330   18.6399    5.5591   -8.6945  -20.2407  -14.2940
    8.5760    2.3062   -7.1606   31.9552    1.7779  -30.2445
eta,q 0.97443  8.59832

---------------------------------------------------------------------
imgreg_4dfp /opt/freesurfer/average/711-2C_as_mni_average_305 /opt/freesurfer/average/711-2B_as_mni_average_305_mask talsrcimg_g11 none talsrcimg_to_711-2C_as_mni_average_305_t4 2311
---------------------------------------------------------------------

freesurfer imgreg_4dfp.c
/opt/freesurfer/average/711-2C_as_mni_average_305.4dfp.img
       256       256       256         1
  1.000000  1.000000  1.000000
orientation T byte_order littleendian
Reading image: /opt/freesurfer/average/711-2C_as_mni_average_305.4dfp.img
dimensions:      256       256       256
mmppix:       1.0000   -1.0000   -1.0000
center:     128.0000 -129.0000 -129.0000
/opt/freesurfer/average/711-2B_as_mni_average_305_mask.4dfp.img
       256       256       256         1
  1.000000  1.000000  1.000000
orientation T byte_order littleendian
Reading mask: /opt/freesurfer/average/711-2B_as_mni_average_305_mask.4dfp.img (2306576 pixels)
talsrcimg_g11.4dfp.img
       256       256       256         1
  1.000000  1.000000  1.000000
orientation T byte_order littleendian
Reading image: talsrcimg_g11.4dfp.img
dimensions:      256       256       256
mmppix:       1.0000   -1.0000   -1.0000
center:     128.0000 -129.0000 -129.0000
fimgreg.f
image alignment mode   2311 decimal      907 hex
parameters
    0.5330   18.6399    5.5591   -8.6945  -20.2407  -14.2941
    8.5760    2.3062   -7.1606   31.9552    1.7779  -30.2445
eta,q 0.97443  8.59831
niter,ni,del,rscale     5    3    5.0000    0.8000
parameters
    0.5731   18.7061    5.4672   -8.8669  -20.1966  -14.2781
    8.3526    2.2545   -7.1109   31.9232    1.6722  -30.3375
eta,q 0.97444  8.59094
  0.0266  0.0265  0.0260  0.0262  0.0264  0.0264  0.0264  0.0270  0.0264  0.0268  0.0258  0.0260
  0.0260  0.0260  0.0258  0.0258  0.0260  0.0260  0.0259  0.0262  0.0260  0.0262  0.0257  0.0257
  0.0257  0.0257  0.0256  0.0256  0.0257  0.0257  0.0256  0.0257  0.0257  0.0257  0.0256  0.0256
  0.0256  0.0256  0.0256  0.0256  0.0256  0.0256  0.0256  0.0256  0.0256  0.0256  0.0256  0.0256
  0.0257  0.0257  0.0256  0.0257  0.0256  0.0257  0.0257  0.0258  0.0257  0.0257  0.0256  0.0256
  0.0260  0.0259  0.0258  0.0259  0.0259  0.0260  0.0261  0.0263  0.0259  0.0262  0.0257  0.0258
  0.0265  0.0264  0.0261  0.0263  0.0264  0.0265  0.0266  0.0271  0.0264  0.0269  0.0259  0.0260
niter,ni,del,rscale     4    3    5.0000    0.7000
parameters
    0.5867   18.7135    5.4639   -8.8808  -20.1922  -14.2237
    8.2885    2.2440   -7.0850   31.9388    1.6553  -30.3755
eta,q 0.97444  8.59220
  0.0264  0.0262  0.0259  0.0261  0.0262  0.0263  0.0263  0.0267  0.0262  0.0266  0.0258  0.0259
  0.0259  0.0259  0.0257  0.0258  0.0259  0.0259  0.0259  0.0261  0.0259  0.0260  0.0257  0.0257
  0.0256  0.0256  0.0256  0.0256  0.0256  0.0257  0.0256  0.0257  0.0256  0.0257  0.0256  0.0256
  0.0256  0.0256  0.0256  0.0256  0.0256  0.0256  0.0256  0.0256  0.0256  0.0256  0.0256  0.0256
  0.0256  0.0256  0.0256  0.0256  0.0256  0.0256  0.0257  0.0257  0.0256  0.0257  0.0256  0.0256
  0.0259  0.0259  0.0257  0.0258  0.0258  0.0259  0.0259  0.0261  0.0259  0.0260  0.0257  0.0257
  0.0263  0.0262  0.0259  0.0261  0.0262  0.0263  0.0263  0.0267  0.0262  0.0266  0.0258  0.0259
niter,ni,del,rscale     3    3    5.0000    0.6000
parameters
    0.5903   18.7103    5.4796   -8.8820  -20.1858  -14.1808
    8.2643    2.2182   -7.0788   31.9407    1.6167  -30.4176
eta,q 0.97444  8.59402
  0.0261  0.0260  0.0258  0.0259  0.0260  0.0261  0.0261  0.0264  0.0261  0.0263  0.0257  0.0258
  0.0258  0.0258  0.0257  0.0257  0.0258  0.0258  0.0258  0.0259  0.0258  0.0259  0.0256  0.0257
  0.0256  0.0256  0.0256  0.0256  0.0256  0.0256  0.0256  0.0257  0.0256  0.0256  0.0256  0.0256
  0.0256  0.0256  0.0256  0.0256  0.0256  0.0256  0.0256  0.0256  0.0256  0.0256  0.0256  0.0256
  0.0256  0.0256  0.0256  0.0256  0.0256  0.0256  0.0256  0.0257  0.0256  0.0256  0.0256  0.0256
  0.0258  0.0258  0.0257  0.0257  0.0258  0.0258  0.0258  0.0260  0.0258  0.0259  0.0256  0.0257
  0.0261  0.0260  0.0258  0.0259  0.0260  0.0261  0.0261  0.0264  0.0260  0.0263  0.0257  0.0258
niter,ni,del,rscale     2    3    5.0000    0.5000
parameters
    0.5803   18.7052    5.4956   -8.8914  -20.1598  -14.1306
    8.2516    2.1982   -7.0703   31.9358    1.5942  -30.4425
eta,q 0.97444  8.59634
  0.0259  0.0259  0.0258  0.0258  0.0259  0.0259  0.0259  0.0262  0.0259  0.0261  0.0257  0.0257
  0.0257  0.0257  0.0256  0.0257  0.0257  0.0257  0.0257  0.0258  0.0257  0.0258  0.0256  0.0256
  0.0256  0.0256  0.0256  0.0256  0.0256  0.0256  0.0256  0.0256  0.0256  0.0256  0.0256  0.0256
  0.0256  0.0256  0.0256  0.0256  0.0256  0.0256  0.0256  0.0256  0.0256  0.0256  0.0256  0.0256
  0.0256  0.0256  0.0256  0.0256  0.0256  0.0256  0.0256  0.0256  0.0256  0.0256  0.0256  0.0256
  0.0257  0.0257  0.0256  0.0257  0.0257  0.0257  0.0257  0.0258  0.0257  0.0258  0.0256  0.0256
  0.0260  0.0259  0.0257  0.0258  0.0259  0.0259  0.0259  0.0262  0.0259  0.0261  0.0257  0.0257
niter,ni,del,rscale     1    3    5.0000    0.4000
parameters
    0.5770   18.6958    5.5047   -8.8966  -20.1390  -14.1020
    8.2682    2.1899   -7.0741   31.9243    1.5877  -30.4776
eta,q 0.97444  8.59803
  0.0258  0.0258  0.0257  0.0257  0.0258  0.0258  0.0258  0.0259  0.0258  0.0259  0.0256  0.0257
  0.0257  0.0257  0.0256  0.0256  0.0257  0.0257  0.0257  0.0257  0.0257  0.0257  0.0256  0.0256
  0.0256  0.0256  0.0256  0.0256  0.0256  0.0256  0.0256  0.0256  0.0256  0.0256  0.0256  0.0256
  0.0256  0.0256  0.0256  0.0256  0.0256  0.0256  0.0256  0.0256  0.0256  0.0256  0.0256  0.0256
  0.0256  0.0256  0.0256  0.0256  0.0256  0.0256  0.0256  0.0256  0.0256  0.0256  0.0256  0.0256
  0.0257  0.0257  0.0256  0.0256  0.0256  0.0257  0.0257  0.0257  0.0257  0.0257  0.0256  0.0256
  0.0258  0.0258  0.0257  0.0257  0.0258  0.0258  0.0258  0.0260  0.0258  0.0259  0.0256  0.0257
registration optimization eta report
parameter search radius
    0.8000    0.8000    0.8000    2.4000    2.4000    2.4000
    2.4000    2.4000    2.4000    2.4000    2.4000    2.4000
100000*second partial in parameter space
       39.       35.       19.        3.        4.        4.
        4.        7.        4.        6.        1.        2.
  0.0258  0.0258  0.0257  0.0257  0.0258  0.0258  0.0258  0.0259  0.0258  0.0259  0.0256  0.0257
  0.0257  0.0257  0.0256  0.0256  0.0257  0.0257  0.0257  0.0257  0.0257  0.0257  0.0256  0.0256
  0.0256  0.0256  0.0256  0.0256  0.0256  0.0256  0.0256  0.0256  0.0256  0.0256  0.0256  0.0256
  0.0256  0.0256  0.0256  0.0256  0.0256  0.0256  0.0256  0.0256  0.0256  0.0256  0.0256  0.0256
  0.0256  0.0256  0.0256  0.0256  0.0256  0.0256  0.0256  0.0256  0.0256  0.0256  0.0256  0.0256
  0.0257  0.0257  0.0256  0.0256  0.0256  0.0257  0.0257  0.0257  0.0257  0.0257  0.0256  0.0256
  0.0258  0.0258  0.0257  0.0257  0.0258  0.0258  0.0258  0.0260  0.0258  0.0259  0.0256  0.0257
    0.5770   18.6958    5.5047   -8.8966  -20.1390  -14.1020
    8.2682    2.1899   -7.0741   31.9243    1.5877  -30.4776
eta,q 0.97444  8.59803

---------------------------------------------------------------------
imgreg_4dfp /opt/freesurfer/average/711-2C_as_mni_average_305 /opt/freesurfer/average/711-2B_as_mni_average_305_mask talsrcimg_g11 none talsrcimg_to_711-2C_as_mni_average_305_t4 2311
---------------------------------------------------------------------

freesurfer imgreg_4dfp.c
/opt/freesurfer/average/711-2C_as_mni_average_305.4dfp.img
       256       256       256         1
  1.000000  1.000000  1.000000
orientation T byte_order littleendian
Reading image: /opt/freesurfer/average/711-2C_as_mni_average_305.4dfp.img
dimensions:      256       256       256
mmppix:       1.0000   -1.0000   -1.0000
center:     128.0000 -129.0000 -129.0000
/opt/freesurfer/average/711-2B_as_mni_average_305_mask.4dfp.img
       256       256       256         1
  1.000000  1.000000  1.000000
orientation T byte_order littleendian
Reading mask: /opt/freesurfer/average/711-2B_as_mni_average_305_mask.4dfp.img (2306576 pixels)
talsrcimg_g11.4dfp.img
       256       256       256         1
  1.000000  1.000000  1.000000
orientation T byte_order littleendian
Reading image: talsrcimg_g11.4dfp.img
dimensions:      256       256       256
mmppix:       1.0000   -1.0000   -1.0000
center:     128.0000 -129.0000 -129.0000
fimgreg.f
image alignment mode   2311 decimal      907 hex
parameters
    0.5770   18.6958    5.5047   -8.8966  -20.1390  -14.1020
    8.2682    2.1899   -7.0741   31.9243    1.5877  -30.4776
eta,q 0.97444  8.59803
niter,ni,del,rscale     5    3    5.0000    0.8000
parameters
    0.5858   18.7117    5.4961   -8.8911  -20.2405  -14.1996
    8.2945    2.2735   -7.0888   31.9505    1.6556  -30.3771
eta,q 0.97444  8.59100
  0.0266  0.0265  0.0260  0.0262  0.0263  0.0264  0.0265  0.0271  0.0264  0.0269  0.0259  0.0260
  0.0260  0.0260  0.0258  0.0258  0.0259  0.0260  0.0260  0.0263  0.0259  0.0262  0.0257  0.0258
  0.0257  0.0257  0.0256  0.0256  0.0257  0.0257  0.0257  0.0257  0.0257  0.0257  0.0256  0.0256
  0.0256  0.0256  0.0256  0.0256  0.0256  0.0256  0.0256  0.0256  0.0256  0.0256  0.0256  0.0256
  0.0257  0.0257  0.0256  0.0256  0.0257  0.0257  0.0257  0.0257  0.0257  0.0257  0.0256  0.0256
  0.0260  0.0259  0.0258  0.0258  0.0259  0.0260  0.0260  0.0262  0.0260  0.0262  0.0257  0.0257
  0.0265  0.0264  0.0260  0.0262  0.0264  0.0265  0.0265  0.0270  0.0264  0.0268  0.0258  0.0260
niter,ni,del,rscale     4    3    5.0000    0.7000
parameters
    0.5964   18.7193    5.4745   -8.8864  -20.2138  -14.2138
    8.2580    2.2531   -7.0830   31.9479    1.6274  -30.3766
eta,q 0.97444  8.59147
  0.0263  0.0262  0.0259  0.0261  0.0262  0.0262  0.0263  0.0267  0.0262  0.0266  0.0258  0.0259
  0.0259  0.0259  0.0257  0.0258  0.0259  0.0259  0.0259  0.0261  0.0259  0.0260  0.0256  0.0257
  0.0256  0.0256  0.0256  0.0256  0.0256  0.0257  0.0256  0.0257  0.0256  0.0257  0.0256  0.0256
  0.0256  0.0256  0.0256  0.0256  0.0256  0.0256  0.0256  0.0256  0.0256  0.0256  0.0256  0.0256
  0.0256  0.0256  0.0256  0.0256  0.0256  0.0256  0.0257  0.0257  0.0256  0.0257  0.0256  0.0256
  0.0259  0.0259  0.0257  0.0258  0.0258  0.0259  0.0259  0.0261  0.0259  0.0260  0.0257  0.0257
  0.0263  0.0262  0.0259  0.0261  0.0262  0.0263  0.0263  0.0267  0.0262  0.0266  0.0258  0.0259
niter,ni,del,rscale     3    3    5.0000    0.6000
parameters
    0.5939   18.7127    5.4808   -8.8879  -20.1969  -14.1745
    8.2567    2.2234   -7.0716   31.9410    1.6012  -30.4103
eta,q 0.97444  8.59332
  0.0261  0.0260  0.0258  0.0259  0.0260  0.0261  0.0261  0.0264  0.0261  0.0263  0.0257  0.0258
  0.0258  0.0258  0.0257  0.0257  0.0258  0.0258  0.0258  0.0259  0.0258  0.0259  0.0256  0.0257
  0.0256  0.0256  0.0256  0.0256  0.0256  0.0256  0.0256  0.0257  0.0256  0.0256  0.0256  0.0256
  0.0256  0.0256  0.0256  0.0256  0.0256  0.0256  0.0256  0.0256  0.0256  0.0256  0.0256  0.0256
  0.0256  0.0256  0.0256  0.0256  0.0256  0.0256  0.0256  0.0257  0.0256  0.0256  0.0256  0.0256
  0.0258  0.0258  0.0257  0.0257  0.0258  0.0258  0.0258  0.0260  0.0258  0.0259  0.0256  0.0257
  0.0261  0.0261  0.0258  0.0259  0.0260  0.0261  0.0261  0.0264  0.0260  0.0263  0.0257  0.0258
niter,ni,del,rscale     2    3    5.0000    0.5000
parameters
    0.5812   18.7075    5.4966   -8.9027  -20.1606  -14.1292
    8.2576    2.2014   -7.0598   31.9336    1.6001  -30.4406
eta,q 0.97445  8.59575
  0.0259  0.0259  0.0257  0.0258  0.0259  0.0259  0.0259  0.0262  0.0259  0.0261  0.0257  0.0257
  0.0257  0.0257  0.0256  0.0257  0.0257  0.0257  0.0257  0.0258  0.0257  0.0258  0.0256  0.0256
  0.0256  0.0256  0.0256  0.0256  0.0256  0.0256  0.0256  0.0256  0.0256  0.0256  0.0256  0.0256
  0.0256  0.0256  0.0256  0.0256  0.0256  0.0256  0.0256  0.0256  0.0256  0.0256  0.0256  0.0256
  0.0256  0.0256  0.0256  0.0256  0.0256  0.0256  0.0256  0.0256  0.0256  0.0256  0.0256  0.0256
  0.0257  0.0257  0.0256  0.0257  0.0257  0.0257  0.0257  0.0258  0.0257  0.0258  0.0256  0.0256
  0.0260  0.0259  0.0257  0.0258  0.0259  0.0259  0.0259  0.0262  0.0259  0.0261  0.0257  0.0257
niter,ni,del,rscale     1    3    5.0000    0.4000
parameters
    0.5747   18.6944    5.5088   -8.8798  -20.1367  -14.0947
    8.2593    2.1800   -7.0662   31.9236    1.5975  -30.4532
eta,q 0.97444  8.59879
  0.0258  0.0258  0.0257  0.0257  0.0258  0.0258  0.0258  0.0259  0.0258  0.0259  0.0256  0.0257
  0.0257  0.0257  0.0256  0.0256  0.0257  0.0257  0.0257  0.0257  0.0257  0.0257  0.0256  0.0256
  0.0256  0.0256  0.0256  0.0256  0.0256  0.0256  0.0256  0.0256  0.0256  0.0256  0.0256  0.0256
  0.0256  0.0256  0.0256  0.0256  0.0256  0.0256  0.0256  0.0256  0.0256  0.0256  0.0256  0.0256
  0.0256  0.0256  0.0256  0.0256  0.0256  0.0256  0.0256  0.0256  0.0256  0.0256  0.0256  0.0256
  0.0257  0.0257  0.0256  0.0256  0.0257  0.0257  0.0257  0.0257  0.0257  0.0257  0.0256  0.0256
  0.0258  0.0258  0.0257  0.0257  0.0258  0.0258  0.0258  0.0260  0.0258  0.0259  0.0256  0.0257
registration optimization eta report
parameter search radius
    0.8000    0.8000    0.8000    2.4000    2.4000    2.4000
    2.4000    2.4000    2.4000    2.4000    2.4000    2.4000
100000*second partial in parameter space
       39.       35.       19.        3.        4.        4.
        4.        7.        4.        6.        1.        2.
  0.0258  0.0258  0.0257  0.0257  0.0258  0.0258  0.0258  0.0259  0.0258  0.0259  0.0256  0.0257
  0.0257  0.0257  0.0256  0.0256  0.0257  0.0257  0.0257  0.0257  0.0257  0.0257  0.0256  0.0256
  0.0256  0.0256  0.0256  0.0256  0.0256  0.0256  0.0256  0.0256  0.0256  0.0256  0.0256  0.0256
  0.0256  0.0256  0.0256  0.0256  0.0256  0.0256  0.0256  0.0256  0.0256  0.0256  0.0256  0.0256
  0.0256  0.0256  0.0256  0.0256  0.0256  0.0256  0.0256  0.0256  0.0256  0.0256  0.0256  0.0256
  0.0257  0.0257  0.0256  0.0256  0.0257  0.0257  0.0257  0.0257  0.0257  0.0257  0.0256  0.0256
  0.0258  0.0258  0.0257  0.0257  0.0258  0.0258  0.0258  0.0260  0.0258  0.0259  0.0256  0.0257
    0.5747   18.6944    5.5088   -8.8798  -20.1367  -14.0947
    8.2593    2.1800   -7.0662   31.9236    1.5975  -30.4532
eta,q 0.97444  8.59879

---------------------------------------------------------------------
compute_vox2vox talsrcimg talsrcimg_to_711-2C_as_mni_average_305_t4 /opt/freesurfer/average/711-2C_as_mni_average_305
---------------------------------------------------------------------

freesurfer compute_vox2vox.c
Reading: talsrcimg.4dfp.ifh
Reading: talsrcimg_to_711-2C_as_mni_average_305_t4
Reading: /opt/freesurfer/average/711-2C_as_mni_average_305.4dfp.ifh
Writing: talsrcimg_to_711-2C_as_mni_average_305_t4_vox2vox.txt

start time Sun Mar 8 17:09:28 CET 2026
end		time Sun Mar 8 17:10:56 CET 2026

mpr2mni305 success

avi2talxfm orig_nu.mgz /opt/freesurfer/average/mni305.cor.mgz talsrcimg_to_711-2C_as_mni_average_305_t4_vox2vox.txt transforms/talairach.auto.xfm
avi2talxfm done
mv -f /out/sourcedata/freesurfer/sub-v1s13x0050060_ses-1/mri/talsrcimg_to_711-2C_as_mni_average_305_t4_vox2vox.txt /out/sourcedata/freesurfer/sub-v1s13x0050060_ses-1/mri/transforms/talsrcimg_to_711-2C_as_mni_average_305_t4_vox2vox.txt
lta_convert --src orig_nu.mgz --trg /opt/freesurfer/average/mni305.cor.mgz --inxfm transforms/talairach.auto.xfm --outlta transforms/talairach.auto.xfm.lta --subject fsaverage
7.3.2

--src: orig_nu.mgz src image (geometry).
--trg: /opt/freesurfer/average/mni305.cor.mgz trg image (geometry).
--inmni: transforms/talairach.auto.xfm input MNI/XFM transform.
--outlta: transforms/talairach.auto.xfm.lta output LTA.
--s: fsaverage subject name
 LTA read, type : 1
 1.08887   0.01245  -0.10786  -1.23931;
 0.01218   1.01973   0.38758  -7.43259;
 0.09147  -0.40651   1.08767  -6.73917;
 0.00000   0.00000   0.00000   1.00000;
setting subject to fsaverage
Writing  LTA to file transforms/talairach.auto.xfm.lta...
lta_convert successful.
 
 
Started at Sun Mar 8 17:09:28 CET 2026
Ended   at Sun Mar  8 17:10:57 CET 2026
talairach_avi done
