status file for recon-all
Sun Mar  8 15:43:56 CET 2026
#@# MotionCor Sun Mar  8 15:43:58 CET 2026
#@# Talairach Sun Mar  8 15:44:04 CET 2026
#@# Talairach Failure Detection Sun Mar  8 15:46:54 CET 2026
#@# Nu Intensity Correction Sun Mar  8 15:46:54 CET 2026
#@# Intensity Normalization Sun Mar  8 15:49:40 CET 2026
recon-all -s sub-v1s13x0050023_ses-1 finished without error at Sun Mar  8 15:50:36 CET 2026



#New# invocation of recon-all 



status file for recon-all
Sun Mar  8 15:56:22 CET 2026
#@# EM Registration Sun Mar  8 15:56:22 CET 2026
recon-all -s sub-v1s13x0050023_ses-1 finished without error at Sun Mar  8 15:57:27 CET 2026



#New# invocation of recon-all 



status file for recon-all
Sun Mar  8 15:57:31 CET 2026
#@# CA Normalize Sun Mar  8 15:57:31 CET 2026
#@# CA Reg Sun Mar  8 15:58:23 CET 2026
#@# SubCort Seg Sun Mar  8 16:33:26 CET 2026
#@# CC Seg Sun Mar  8 16:55:05 CET 2026
#@# Merge ASeg Sun Mar  8 16:55:39 CET 2026
#@# Intensity Normalization2 Sun Mar  8 16:55:39 CET 2026
#@# Mask BFS Sun Mar  8 16:57:02 CET 2026
#@# WM Segmentation Sun Mar  8 16:57:02 CET 2026
#@# Fill Sun Mar  8 16:58:40 CET 2026
recon-all -s sub-v1s13x0050023_ses-1 finished without error at Sun Mar  8 16:59:17 CET 2026



#New# invocation of recon-all 



status file for recon-all
Sun Mar  8 18:11:06 CET 2026
#@# white curv lh Sun Mar  8 18:11:06 CET 2026
#@# white area lh Sun Mar  8 18:11:06 CET 2026
#@# pial curv lh Sun Mar  8 18:11:06 CET 2026
#@# pial area lh Sun Mar  8 18:11:06 CET 2026
#@# thickness lh Sun Mar  8 18:11:06 CET 2026
#@# area and vertex vol lh Sun Mar  8 18:11:06 CET 2026
#@# white curv rh Sun Mar  8 18:11:06 CET 2026
#@# white area rh Sun Mar  8 18:11:06 CET 2026
#@# pial curv rh Sun Mar  8 18:11:06 CET 2026
#@# pial area rh Sun Mar  8 18:11:06 CET 2026
#@# thickness rh Sun Mar  8 18:11:06 CET 2026
#@# area and vertex vol rh Sun Mar  8 18:11:06 CET 2026
#@# Cortical ribbon mask Sun Mar  8 18:11:06 CET 2026
recon-all -s sub-v1s13x0050023_ses-1 finished without error at Sun Mar  8 18:14:58 CET 2026



#New# invocation of recon-all 



status file for recon-all
Sun Mar  8 18:19:48 CET 2026
#@# white curv lh Sun Mar  8 18:19:48 CET 2026
#@# white area lh Sun Mar  8 18:19:48 CET 2026
#@# pial curv lh Sun Mar  8 18:19:48 CET 2026
#@# pial area lh Sun Mar  8 18:19:48 CET 2026
#@# thickness lh Sun Mar  8 18:19:48 CET 2026
#@# area and vertex vol lh Sun Mar  8 18:19:48 CET 2026
#@# white curv rh Sun Mar  8 18:19:48 CET 2026
#@# white area rh Sun Mar  8 18:19:48 CET 2026
#@# pial curv rh Sun Mar  8 18:19:48 CET 2026
#@# pial area rh Sun Mar  8 18:19:48 CET 2026
#@# thickness rh Sun Mar  8 18:19:48 CET 2026
#@# area and vertex vol rh Sun Mar  8 18:19:48 CET 2026
#@# Curvature Stats lh Sun Mar  8 18:19:48 CET 2026
#@# Curvature Stats rh Sun Mar  8 18:19:50 CET 2026
#@# Relabel Hypointensities Sun Mar  8 18:19:52 CET 2026
#@# APas-to-ASeg Sun Mar  8 18:20:02 CET 2026
#@# AParc-to-ASeg aparc Sun Mar  8 18:20:08 CET 2026
#@# AParc-to-ASeg aparc.a2009s Sun Mar  8 18:20:33 CET 2026
#@# AParc-to-ASeg aparc.DKTatlas Sun Mar  8 18:20:56 CET 2026
#@# WMParc Sun Mar  8 18:21:17 CET 2026
#@# ASeg Stats Sun Mar  8 18:23:01 CET 2026
recon-all -s sub-v1s13x0050023_ses-1 finished without error at Sun Mar  8 18:23:17 CET 2026
