status file for recon-all
Thu Mar 12 11:12:24 CET 2026
#@# MotionCor Thu Mar 12 11:12:27 CET 2026
#@# Talairach Thu Mar 12 11:12:33 CET 2026
#@# Talairach Failure Detection Thu Mar 12 11:15:23 CET 2026
#@# Nu Intensity Correction Thu Mar 12 11:15:23 CET 2026
#@# Intensity Normalization Thu Mar 12 11:18:11 CET 2026
recon-all -s sub-v1s13x0050002_ses-1 finished without error at Thu Mar 12 11:19:06 CET 2026



#New# invocation of recon-all 



status file for recon-all
Thu Mar 12 11:24:58 CET 2026
#@# EM Registration Thu Mar 12 11:24:58 CET 2026
recon-all -s sub-v1s13x0050002_ses-1 finished without error at Thu Mar 12 11:26:43 CET 2026



#New# invocation of recon-all 



status file for recon-all
Thu Mar 12 11:26:45 CET 2026
#@# CA Normalize Thu Mar 12 11:26:45 CET 2026
#@# CA Reg Thu Mar 12 11:27:36 CET 2026
#@# SubCort Seg Thu Mar 12 12:01:38 CET 2026
#@# CC Seg Thu Mar 12 12:23:36 CET 2026
#@# Merge ASeg Thu Mar 12 12:24:06 CET 2026
#@# Intensity Normalization2 Thu Mar 12 12:24:06 CET 2026
#@# Mask BFS Thu Mar 12 12:25:25 CET 2026
#@# WM Segmentation Thu Mar 12 12:25:26 CET 2026
#@# Fill Thu Mar 12 12:27:01 CET 2026
recon-all -s sub-v1s13x0050002_ses-1 finished without error at Thu Mar 12 12:27:39 CET 2026



#New# invocation of recon-all 



status file for recon-all
Thu Mar 12 13:16:00 CET 2026
#@# white curv lh Thu Mar 12 13:16:00 CET 2026
#@# white area lh Thu Mar 12 13:16:01 CET 2026
#@# pial curv lh Thu Mar 12 13:16:01 CET 2026
#@# pial area lh Thu Mar 12 13:16:01 CET 2026
#@# thickness lh Thu Mar 12 13:16:01 CET 2026
#@# area and vertex vol lh Thu Mar 12 13:16:01 CET 2026
#@# white curv rh Thu Mar 12 13:16:01 CET 2026
#@# white area rh Thu Mar 12 13:16:01 CET 2026
#@# pial curv rh Thu Mar 12 13:16:01 CET 2026
#@# pial area rh Thu Mar 12 13:16:01 CET 2026
#@# thickness rh Thu Mar 12 13:16:01 CET 2026
#@# area and vertex vol rh Thu Mar 12 13:16:01 CET 2026
#@# Cortical ribbon mask Thu Mar 12 13:16:01 CET 2026
recon-all -s sub-v1s13x0050002_ses-1 finished without error at Thu Mar 12 13:19:57 CET 2026



#New# invocation of recon-all 



status file for recon-all
Thu Mar 12 13:25:29 CET 2026
#@# white curv lh Thu Mar 12 13:25:29 CET 2026
#@# white area lh Thu Mar 12 13:25:29 CET 2026
#@# pial curv lh Thu Mar 12 13:25:29 CET 2026
#@# pial area lh Thu Mar 12 13:25:29 CET 2026
#@# thickness lh Thu Mar 12 13:25:29 CET 2026
#@# area and vertex vol lh Thu Mar 12 13:25:30 CET 2026
#@# white curv rh Thu Mar 12 13:25:30 CET 2026
#@# white area rh Thu Mar 12 13:25:30 CET 2026
#@# pial curv rh Thu Mar 12 13:25:30 CET 2026
#@# pial area rh Thu Mar 12 13:25:30 CET 2026
#@# thickness rh Thu Mar 12 13:25:30 CET 2026
#@# area and vertex vol rh Thu Mar 12 13:25:30 CET 2026
#@# Curvature Stats lh Thu Mar 12 13:25:30 CET 2026
#@# Curvature Stats rh Thu Mar 12 13:25:31 CET 2026
#@# Relabel Hypointensities Thu Mar 12 13:25:33 CET 2026
#@# APas-to-ASeg Thu Mar 12 13:25:44 CET 2026
#@# AParc-to-ASeg aparc Thu Mar 12 13:25:50 CET 2026
#@# AParc-to-ASeg aparc.a2009s Thu Mar 12 13:26:14 CET 2026
#@# AParc-to-ASeg aparc.DKTatlas Thu Mar 12 13:26:39 CET 2026
#@# WMParc Thu Mar 12 13:27:04 CET 2026
#@# ASeg Stats Thu Mar 12 13:29:01 CET 2026
recon-all -s sub-v1s13x0050002_ses-1 finished without error at Thu Mar 12 13:29:20 CET 2026
