status file for recon-all
Thu Mar 12 12:27:43 CET 2026
#@# Tessellate lh Thu Mar 12 12:27:43 CET 2026
#@# Smooth1 lh Thu Mar 12 12:27:45 CET 2026
#@# Inflation1 lh Thu Mar 12 12:27:47 CET 2026
#@# QSphere lh Thu Mar 12 12:28:00 CET 2026
#@# Fix Topology lh Thu Mar 12 12:28:45 CET 2026
#@# Smooth2 lh Thu Mar 12 12:38:42 CET 2026
#@# Inflation2 lh Thu Mar 12 12:38:44 CET 2026
#@# Curv .H and .K lh Thu Mar 12 12:38:57 CET 2026
#@# Sphere lh Thu Mar 12 12:39:36 CET 2026
#@# Surf Reg lh Thu Mar 12 12:41:41 CET 2026
#@# Jacobian white lh Thu Mar 12 12:44:42 CET 2026
#@# AvgCurv lh Thu Mar 12 12:44:42 CET 2026
#@# Cortical Parc lh Thu Mar 12 12:44:43 CET 2026
#@# white curv lh Thu Mar 12 12:50:35 CET 2026
#@# white area lh Thu Mar 12 12:50:36 CET 2026
#@# pial curv lh Thu Mar 12 12:50:37 CET 2026
#@# pial area lh Thu Mar 12 12:50:38 CET 2026
#@# thickness lh Thu Mar 12 12:50:38 CET 2026
#@# area and vertex vol lh Thu Mar 12 12:50:59 CET 2026
#@# Curvature Stats lh Thu Mar 12 12:51:00 CET 2026
#@# Cortical Parc 2 lh Thu Mar 12 12:51:02 CET 2026
#@# Cortical Parc 3 lh Thu Mar 12 12:51:12 CET 2026
#@# WM/GM Contrast lh Thu Mar 12 12:51:20 CET 2026
recon-all -s sub-v1s13x0050002_ses-1 finished without error at Thu Mar 12 12:51:22 CET 2026



#New# invocation of recon-all 



status file for recon-all
Thu Mar 12 13:20:01 CET 2026
#@# white curv lh Thu Mar 12 13:20:01 CET 2026
#@# white area lh Thu Mar 12 13:20:01 CET 2026
#@# pial curv lh Thu Mar 12 13:20:01 CET 2026
#@# pial area lh Thu Mar 12 13:20:01 CET 2026
#@# thickness lh Thu Mar 12 13:20:01 CET 2026
#@# area and vertex vol lh Thu Mar 12 13:20:01 CET 2026
#@# Parcellation Stats lh Thu Mar 12 13:20:01 CET 2026
#@# Parcellation Stats 2 lh Thu Mar 12 13:20:18 CET 2026
#@# Parcellation Stats 3 lh Thu Mar 12 13:20:27 CET 2026
#@# BA_exvivo Labels lh Thu Mar 12 13:20:35 CET 2026
recon-all -s sub-v1s13x0050002_ses-1 finished without error at Thu Mar 12 13:22:40 CET 2026
