status file for recon-all
Sun Mar  8 14:18:16 CET 2026
#@# Tessellate lh Sun Mar  8 14:18:16 CET 2026
#@# Smooth1 lh Sun Mar  8 14:18:20 CET 2026
#@# Inflation1 lh Sun Mar  8 14:18:23 CET 2026
#@# QSphere lh Sun Mar  8 14:18:33 CET 2026
#@# Fix Topology lh Sun Mar  8 14:19:25 CET 2026
#@# Smooth2 lh Sun Mar  8 14:26:22 CET 2026
#@# Inflation2 lh Sun Mar  8 14:26:25 CET 2026
#@# Curv .H and .K lh Sun Mar  8 14:26:36 CET 2026
#@# Sphere lh Sun Mar  8 14:27:25 CET 2026
#@# Surf Reg lh Sun Mar  8 14:30:00 CET 2026
#@# Jacobian white lh Sun Mar  8 14:33:24 CET 2026
#@# AvgCurv lh Sun Mar  8 14:33:25 CET 2026
#@# Cortical Parc lh Sun Mar  8 14:33:25 CET 2026
#@# white curv lh Sun Mar  8 14:38:55 CET 2026
#@# white area lh Sun Mar  8 14:38:57 CET 2026
#@# pial curv lh Sun Mar  8 14:38:57 CET 2026
#@# pial area lh Sun Mar  8 14:38:59 CET 2026
#@# thickness lh Sun Mar  8 14:39:00 CET 2026
#@# area and vertex vol lh Sun Mar  8 14:39:30 CET 2026
#@# Curvature Stats lh Sun Mar  8 14:39:31 CET 2026
#@# Cortical Parc 2 lh Sun Mar  8 14:39:34 CET 2026
#@# Cortical Parc 3 lh Sun Mar  8 14:39:47 CET 2026
#@# WM/GM Contrast lh Sun Mar  8 14:39:57 CET 2026
recon-all -s sub-v1s13x0050009_ses-1 finished without error at Sun Mar  8 14:40:00 CET 2026



#New# invocation of recon-all 



status file for recon-all
Sun Mar  8 15:04:44 CET 2026
#@# white curv lh Sun Mar  8 15:04:44 CET 2026
#@# white area lh Sun Mar  8 15:04:44 CET 2026
#@# pial curv lh Sun Mar  8 15:04:44 CET 2026
#@# pial area lh Sun Mar  8 15:04:44 CET 2026
#@# thickness lh Sun Mar  8 15:04:44 CET 2026
#@# area and vertex vol lh Sun Mar  8 15:04:44 CET 2026
#@# Parcellation Stats lh Sun Mar  8 15:04:44 CET 2026
#@# Parcellation Stats 2 lh Sun Mar  8 15:05:03 CET 2026
#@# Parcellation Stats 3 lh Sun Mar  8 15:05:13 CET 2026
#@# BA_exvivo Labels lh Sun Mar  8 15:05:22 CET 2026
recon-all -s sub-v1s13x0050009_ses-1 finished without error at Sun Mar  8 15:07:48 CET 2026
