status file for recon-all
Sun Mar  8 12:42:59 CET 2026
#@# MotionCor Sun Mar  8 12:43:02 CET 2026
#@# Talairach Sun Mar  8 12:43:10 CET 2026
#@# Talairach Failure Detection Sun Mar  8 12:47:34 CET 2026
#@# Nu Intensity Correction Sun Mar  8 12:47:34 CET 2026
#@# Intensity Normalization Sun Mar  8 12:50:51 CET 2026
recon-all -s sub-v1s13x0050009_ses-1 finished without error at Sun Mar  8 12:52:22 CET 2026



#New# invocation of recon-all 



status file for recon-all
Sun Mar  8 12:59:22 CET 2026
#@# EM Registration Sun Mar  8 12:59:22 CET 2026
recon-all -s sub-v1s13x0050009_ses-1 finished without error at Sun Mar  8 13:01:04 CET 2026



#New# invocation of recon-all 



status file for recon-all
Sun Mar  8 13:01:08 CET 2026
#@# CA Normalize Sun Mar  8 13:01:08 CET 2026
#@# CA Reg Sun Mar  8 13:02:27 CET 2026
#@# SubCort Seg Sun Mar  8 13:40:20 CET 2026
#@# CC Seg Sun Mar  8 14:12:19 CET 2026
#@# Merge ASeg Sun Mar  8 14:12:51 CET 2026
#@# Intensity Normalization2 Sun Mar  8 14:12:51 CET 2026
#@# Mask BFS Sun Mar  8 14:15:04 CET 2026
#@# WM Segmentation Sun Mar  8 14:15:04 CET 2026
#@# Fill Sun Mar  8 14:17:10 CET 2026
recon-all -s sub-v1s13x0050009_ses-1 finished without error at Sun Mar  8 14:18:11 CET 2026



#New# invocation of recon-all 



status file for recon-all
Sun Mar  8 15:00:26 CET 2026
#@# white curv lh Sun Mar  8 15:00:26 CET 2026
#@# white area lh Sun Mar  8 15:00:26 CET 2026
#@# pial curv lh Sun Mar  8 15:00:26 CET 2026
#@# pial area lh Sun Mar  8 15:00:27 CET 2026
#@# thickness lh Sun Mar  8 15:00:27 CET 2026
#@# area and vertex vol lh Sun Mar  8 15:00:27 CET 2026
#@# white curv rh Sun Mar  8 15:00:27 CET 2026
#@# white area rh Sun Mar  8 15:00:27 CET 2026
#@# pial curv rh Sun Mar  8 15:00:27 CET 2026
#@# pial area rh Sun Mar  8 15:00:27 CET 2026
#@# thickness rh Sun Mar  8 15:00:27 CET 2026
#@# area and vertex vol rh Sun Mar  8 15:00:27 CET 2026
#@# Cortical ribbon mask Sun Mar  8 15:00:27 CET 2026
recon-all -s sub-v1s13x0050009_ses-1 finished without error at Sun Mar  8 15:04:39 CET 2026



#New# invocation of recon-all 



status file for recon-all
Sun Mar  8 15:11:03 CET 2026
#@# white curv lh Sun Mar  8 15:11:03 CET 2026
#@# white area lh Sun Mar  8 15:11:03 CET 2026
#@# pial curv lh Sun Mar  8 15:11:03 CET 2026
#@# pial area lh Sun Mar  8 15:11:03 CET 2026
#@# thickness lh Sun Mar  8 15:11:03 CET 2026
#@# area and vertex vol lh Sun Mar  8 15:11:03 CET 2026
#@# white curv rh Sun Mar  8 15:11:03 CET 2026
#@# white area rh Sun Mar  8 15:11:03 CET 2026
#@# pial curv rh Sun Mar  8 15:11:03 CET 2026
#@# pial area rh Sun Mar  8 15:11:03 CET 2026
#@# thickness rh Sun Mar  8 15:11:03 CET 2026
#@# area and vertex vol rh Sun Mar  8 15:11:03 CET 2026
#@# Curvature Stats lh Sun Mar  8 15:11:03 CET 2026
#@# Curvature Stats rh Sun Mar  8 15:11:05 CET 2026
#@# Relabel Hypointensities Sun Mar  8 15:11:08 CET 2026
#@# APas-to-ASeg Sun Mar  8 15:11:23 CET 2026
#@# AParc-to-ASeg aparc Sun Mar  8 15:11:30 CET 2026
#@# AParc-to-ASeg aparc.a2009s Sun Mar  8 15:12:07 CET 2026
#@# AParc-to-ASeg aparc.DKTatlas Sun Mar  8 15:12:42 CET 2026
#@# WMParc Sun Mar  8 15:13:18 CET 2026
#@# ASeg Stats Sun Mar  8 15:16:52 CET 2026
recon-all -s sub-v1s13x0050009_ses-1 finished without error at Sun Mar  8 15:17:24 CET 2026
