/out/sourcedata/freesurfer/sub-v1s13x0050050_ses-1/mri
/opt/freesurfer/bin/talairach_avi
--i orig_nu.mgz --xfm transforms/talairach.auto.xfm
talairach_avi 7.3.2
Linux dna018 5.14.0-427.37.1.el9_4.x86_64 #1 SMP PREEMPT_DYNAMIC Fri Sep 13 12:41:50 EDT 2024 x86_64 x86_64 x86_64 GNU/Linux
Sun Mar  8 16:48:27 CET 2026
mri_convert orig_nu.mgz talsrcimg.img 
reading from orig_nu.mgz...
TR=0.00, TE=0.00, TI=0.00, flip angle=0.00
i_ras = (-1, 0, 0)
j_ras = (0, 0, -1)
k_ras = (0, 1, 0)
writing to talsrcimg.img...
Analyze Output Matrix
-1.00000   0.00000   0.00000   128.07220;
 0.00000   0.00000   1.00000  -127.94919;
 0.00000  -1.00000   0.00000   124.23964;
 0.00000   0.00000   0.00000   1.00000;
--------------------
INFO: set hdr.hist.orient to -1
mpr2mni305 talsrcimg
Sun Mar  8 16:48:28 CET 2026
/opt/freesurfer/bin/mpr2mni305 talsrcimg
mpr2mni305 7.3.2
target=711-2C_as_mni_average_305

---------------------------------------------------------------------
analyzeto4dfp talsrcimg -O0 -y
---------------------------------------------------------------------

freesurfer ifh2hdr.c
Sun Mar  8 16:48:28 2026
Writing: talsrcimg.4dfp.hdr
freesurfer analyzeto4dfp.c
Reading: talsrcimg.hdr
header size 348 bytes
hdr.dime.datatype	offset=70	value=2
hdr.dime.bitpix		offset=72	value=8
hdr.hist.orient		offset=252	value=-1
dimensionality     4
dimensions       256       256       256         1
Reading: talsrcimg.img
Writing: talsrcimg.4dfp.img
Writing: talsrcimg.4dfp.ifh
ifh2hdr talsrcimg -r0to236
ori=2

---------------------------------------------------------------------
gauss_4dfp talsrcimg 1.1
---------------------------------------------------------------------

freesurfer gauss_4dfp.c
Reading: talsrcimg.4dfp.img
Writing: talsrcimg_g11.4dfp.img
image dimensions 256 256 256 padded to 288 288 288
processing volume 1freesurfer ifh2hdr.c
Sun Mar  8 16:48:30 2026
Writing: talsrcimg_g11.4dfp.hdr

Writing: talsrcimg_g11.4dfp.ifh
including: talsrcimg.4dfp.img.rec in talsrcimg_g11.4dfp.img.rec

---------------------------------------------------------------------
imgreg_4dfp /opt/freesurfer/average/711-2C_as_mni_average_305 none talsrcimg_g11 none talsrcimg_to_711-2C_as_mni_average_305_t4 4355
---------------------------------------------------------------------

freesurfer imgreg_4dfp.c
/opt/freesurfer/average/711-2C_as_mni_average_305.4dfp.img
       256       256       256         1
  1.000000  1.000000  1.000000
orientation T byte_order littleendian
Reading image: /opt/freesurfer/average/711-2C_as_mni_average_305.4dfp.img
dimensions:      256       256       256
mmppix:       1.0000   -1.0000   -1.0000
center:     128.0000 -129.0000 -129.0000
talsrcimg_g11.4dfp.img
       256       256       256         1
  1.000000  1.000000  1.000000
orientation T byte_order littleendian
Reading image: talsrcimg_g11.4dfp.img
dimensions:      256       256       256
mmppix:       1.0000   -1.0000   -1.0000
center:     128.0000 -129.0000 -129.0000
t4_read: open error in t4_sub.f l:  41 t4_file(1:l)talsrcimg_to_711-2C_as_mni_average_305_t4 
t4_read: transform initialized to I4
rotation matrix determinant  1.000000
image alignment mode   4355 decimal     1103 hex
   -7.5000  -45.0000  -45.0000 9594.5059   12.8924
    0.0000  -45.0000  -45.000010014.2822   12.8944
    7.5000  -45.0000  -45.0000 9625.1836   12.8721
   -7.5000  -37.5000  -45.000010147.9600   12.7825
    0.0000  -37.5000  -45.000010594.2900   12.7842
    7.5000  -37.5000  -45.000010180.4932   12.7623
   -7.5000  -30.0000  -45.000011065.7256   12.7215
    0.0000  -30.0000  -45.000011532.4629   12.7203
    7.5000  -30.0000  -45.000011077.2656   12.6985
   -7.5000  -22.5000  -45.000011872.4932   12.7040
    0.0000  -22.5000  -45.000012395.7295   12.7005
    7.5000  -22.5000  -45.000011899.2412   12.6794
   -7.5000  -15.0000  -45.000012576.9795   12.6893
    0.0000  -15.0000  -45.000013123.3184   12.6863
    7.5000  -15.0000  -45.000012615.2246   12.6660
   -7.5000   -7.5000  -45.000013206.4258   12.6319
    0.0000   -7.5000  -45.000013759.2559   12.6307
    7.5000   -7.5000  -45.000013226.7012   12.6110
   -7.5000    0.0000  -45.000013735.6230   12.5437
    0.0000    0.0000  -45.000014292.8721   12.5440
    7.5000    0.0000  -45.000013738.8506   12.5248
   -7.5000    7.5000  -45.000013182.8848   12.5218
    0.0000    7.5000  -45.000013719.7949   12.5220
    7.5000    7.5000  -45.000013179.6963   12.5024
   -7.5000   15.0000  -45.000012527.2588   12.5610
    0.0000   15.0000  -45.000013042.0342   12.5588
    7.5000   15.0000  -45.000012541.3760   12.5385
   -7.5000   22.5000  -45.000011793.2773   12.7053
    0.0000   22.5000  -45.000012279.3379   12.7001
    7.5000   22.5000  -45.000011815.8242   12.6788
   -7.5000   30.0000  -45.000011004.0039   12.7213
    0.0000   30.0000  -45.000011462.0830   12.7164
    7.5000   30.0000  -45.000011031.3662   12.6949
   -7.5000   37.5000  -45.000010560.4365   12.8450
    0.0000   37.5000  -45.000010986.0371   12.8416
    7.5000   37.5000  -45.000010570.8076   12.8196
   -7.5000   45.0000  -45.0000 9776.0859   12.6889
    0.0000   45.0000  -45.000010174.9863   12.6850
    7.5000   45.0000  -45.0000 9769.1729   12.6648
   -7.5000  -45.0000  -37.500010115.5742   12.9238
    0.0000  -45.0000  -37.500010552.6113   12.9231
    7.5000  -45.0000  -37.500010131.1367   12.9040
   -7.5000  -37.5000  -37.500010698.9482   12.8114
    0.0000  -37.5000  -37.500011147.9600   12.8112
    7.5000  -37.5000  -37.500010705.1904   12.7928
   -7.5000  -30.0000  -37.500011660.0352   12.7495
    0.0000  -30.0000  -37.500012141.0820   12.7484
    7.5000  -30.0000  -37.500011661.3076   12.7308
   -7.5000  -22.5000  -37.500012515.2988   12.7311
    0.0000  -22.5000  -37.500013040.1260   12.7287
    7.5000  -22.5000  -37.500012523.3096   12.7120
   -7.5000  -15.0000  -37.500013239.8848   12.7166
    0.0000  -15.0000  -37.500013790.6826   12.7137
    7.5000  -15.0000  -37.500013256.8760   12.6975
   -7.5000   -7.5000  -37.500013883.5166   12.6607
    0.0000   -7.5000  -37.500014442.6523   12.6581
    7.5000   -7.5000  -37.500013882.2598   12.6416
   -7.5000    0.0000  -37.500014397.1055   12.5734
    0.0000    0.0000  -37.500014976.7119   12.5709
    7.5000    0.0000  -37.500014377.0303   12.5546
   -7.5000    7.5000  -37.500013794.8926   12.5495
    0.0000    7.5000  -37.500014367.7363   12.5478
    7.5000    7.5000  -37.500013793.4600   12.5315
   -7.5000   15.0000  -37.500013090.4502   12.5865
    0.0000   15.0000  -37.500013639.8701   12.5843
    7.5000   15.0000  -37.500013111.2627   12.5681
   -7.5000   22.5000  -37.500012312.8809   12.7282
    0.0000   22.5000  -37.500012838.9053   12.7243
    7.5000   22.5000  -37.500012335.0830   12.7074
   -7.5000   30.0000  -37.500011477.5068   12.7432
    0.0000   30.0000  -37.500011936.5693   12.7386
    7.5000   30.0000  -37.500011495.1045   12.7209
   -7.5000   37.5000  -37.500010974.0303   12.8683
    0.0000   37.5000  -37.500011399.1943   12.8637
    7.5000   37.5000  -37.500010979.2812   12.8448
   -7.5000   45.0000  -37.500010134.9834   12.7114
    0.0000   45.0000  -37.500010512.4980   12.7048
    7.5000   45.0000  -37.500010117.2383   12.6872
   -7.5000  -45.0000  -30.000010784.5225   13.4466
    0.0000  -45.0000  -30.000011277.8281   13.4448
    7.5000  -45.0000  -30.000010785.0986   13.4280
   -7.5000  -37.5000  -30.000011408.0703   13.3230
    0.0000  -37.5000  -30.000011905.0674   13.3241
    7.5000  -37.5000  -30.000011393.7617   13.3093
   -7.5000  -30.0000  -30.000012427.4531   13.2523
    0.0000  -30.0000  -30.000012961.6963   13.2553
    7.5000  -30.0000  -30.000012408.7246   13.2415
   -7.5000  -22.5000  -30.000013358.9834   13.2322
    0.0000  -22.5000  -30.000013921.5566   13.2336
    7.5000  -22.5000  -30.000013337.0986   13.2195
   -7.5000  -15.0000  -30.000014148.9922   13.2186
    0.0000  -15.0000  -30.000014742.7939   13.2170
    7.5000  -15.0000  -30.000014125.3438   13.2017
   -7.5000   -7.5000  -30.000014814.9502   13.1617
    0.0000   -7.5000  -30.000015431.3418   13.1580
    7.5000   -7.5000  -30.000014777.9277   13.1424
   -7.5000    0.0000  -30.000015330.1270   13.0685
    0.0000    0.0000  -30.000015969.0127   13.0649
    7.5000    0.0000  -30.000015284.6348   13.0508
   -7.5000    7.5000  -30.000014671.1318   13.0400
    0.0000    7.5000  -30.000015292.2617   13.0394
    7.5000    7.5000  -30.000014622.6289   13.0266
   -7.5000   15.0000  -30.000013888.4297   13.0756
    0.0000   15.0000  -30.000014491.3018   13.0773
    7.5000   15.0000  -30.000013895.3936   13.0648
   -7.5000   22.5000  -30.000013039.8770   13.2218
    0.0000   22.5000  -30.000013587.2246   13.2223
    7.5000   22.5000  -30.000013065.3389   13.2080
   -7.5000   30.0000  -30.000012127.3633   13.2432
    0.0000   30.0000  -30.000012605.5518   13.2403
    7.5000   30.0000  -30.000012148.6904   13.2234
   -7.5000   37.5000  -30.000011581.3770   13.3746
    0.0000   37.5000  -30.000012031.6855   13.3696
    7.5000   37.5000  -30.000011585.8438   13.3519
   -7.5000   45.0000  -30.000010667.0332   13.2186
    0.0000   45.0000  -30.000011052.5762   13.2112
    7.5000   45.0000  -30.000010651.3730   13.1952
   -7.5000  -45.0000  -22.500011412.3105   13.8902
    0.0000  -45.0000  -22.500011947.2549   13.8912
    7.5000  -45.0000  -22.500011413.4053   13.8737
   -7.5000  -37.5000  -22.500012059.0400   13.7576
    0.0000  -37.5000  -22.500012602.2891   13.7632
    7.5000  -37.5000  -22.500012060.1885   13.7485
   -7.5000  -30.0000  -22.500013131.3682   13.6801
    0.0000  -30.0000  -22.500013727.2480   13.6880
    7.5000  -30.0000  -22.500013116.6299   13.6735
   -7.5000  -22.5000  -22.500014080.0352   13.6583
    0.0000  -22.5000  -22.500014718.8018   13.6632
    7.5000  -22.5000  -22.500014075.4580   13.6468
   -7.5000  -15.0000  -22.500014943.3984   13.6444
    0.0000  -15.0000  -22.500015600.0361   13.6444
    7.5000  -15.0000  -22.500014911.4570   13.6260
   -7.5000   -7.5000  -22.500015651.6680   13.5847
    0.0000   -7.5000  -22.500016348.1748   13.5822
    7.5000   -7.5000  -22.500015604.8438   13.5643
   -7.5000    0.0000  -22.500016177.8896   13.4864
    0.0000    0.0000  -22.500016915.8359   13.4852
    7.5000    0.0000  -22.500016120.7314   13.4705
   -7.5000    7.5000  -22.500015450.9189   13.4548
    0.0000    7.5000  -22.500016158.0400   13.4584
    7.5000    7.5000  -22.500015390.6270   13.4456
   -7.5000   15.0000  -22.500014627.5918   13.4898
    0.0000   15.0000  -22.500015294.8906   13.4962
    7.5000   15.0000  -22.500014586.6211   13.4830
   -7.5000   22.5000  -22.500013680.6445   13.6404
    0.0000   22.5000  -22.500014298.4160   13.6445
    7.5000   22.5000  -22.500013688.0791   13.6283
   -7.5000   30.0000  -22.500012693.5537   13.6664
    0.0000   30.0000  -22.500013246.8564   13.6655
    7.5000   30.0000  -22.500012709.6875   13.6458
   -7.5000   37.5000  -22.500012116.2666   13.8000
    0.0000   37.5000  -22.500012606.9932   13.7964
    7.5000   37.5000  -22.500012130.6650   13.7769
   -7.5000   45.0000  -22.500011174.7158   13.6464
    0.0000   45.0000  -22.500011590.7305   13.6418
    7.5000   45.0000  -22.500011148.5723   13.6244
   -7.5000  -45.0000  -15.000011974.7295   14.1939
    0.0000  -45.0000  -15.000012575.8828   14.1984
    7.5000  -45.0000  -15.000011987.6514   14.1774
   -7.5000  -37.5000  -15.000012681.4004   14.0578
    0.0000  -37.5000  -15.000013292.0195   14.0660
    7.5000  -37.5000  -15.000012692.8584   14.0474
   -7.5000  -30.0000  -15.000013791.7129   13.9784
    0.0000  -30.0000  -15.000014454.9883   13.9866
    7.5000  -30.0000  -15.000013784.5830   13.9672
   -7.5000  -22.5000  -15.000014786.9082   13.9570
    0.0000  -22.5000  -15.000015474.8818   13.9607
    7.5000  -22.5000  -15.000014787.3955   13.9389
   -7.5000  -15.0000  -15.000015687.2422   13.9431
    0.0000  -15.0000  -15.000016400.9199   13.9427
    7.5000  -15.0000  -15.000015650.2080   13.9191
   -7.5000   -7.5000  -15.000016427.2871   13.8806
    0.0000   -7.5000  -15.000017203.7754   13.8798
    7.5000   -7.5000  -15.000016384.7168   13.8581
   -7.5000    0.0000  -15.000016976.8691   13.7792
    0.0000    0.0000  -15.000017812.4863   13.7811
    7.5000    0.0000  -15.000016922.0195   13.7632
   -7.5000    7.5000  -15.000016205.6260   13.7471
    0.0000    7.5000  -15.000016962.3965   13.7531
    7.5000    7.5000  -15.000016093.6934   13.7367
   -7.5000   15.0000  -15.000015294.1348   13.7833
    0.0000   15.0000  -15.000016002.5010   13.7899
    7.5000   15.0000  -15.000015218.4658   13.7719
   -7.5000   22.5000  -15.000014276.8203   13.9378
    0.0000   22.5000  -15.000014952.2363   13.9405
    7.5000   22.5000  -15.000014263.8594   13.9189
   -7.5000   30.0000  -15.000013234.8711   13.9667
    0.0000   30.0000  -15.000013838.9023   13.9652
    7.5000   30.0000  -15.000013238.8164   13.9406
   -7.5000   37.5000  -15.000012661.4912   14.1006
    0.0000   37.5000  -15.000013207.9307   14.0980
    7.5000   37.5000  -15.000012668.2852   14.0748
   -7.5000   45.0000  -15.000011688.1621   13.9493
    0.0000   45.0000  -15.000012169.5088   13.9476
    7.5000   45.0000  -15.000011660.0127   13.9270
   -7.5000  -45.0000   -7.500012513.2764   14.3285
    0.0000  -45.0000   -7.500013132.6250   14.3322
    7.5000  -45.0000   -7.500012554.8477   14.3075
   -7.5000  -37.5000   -7.500013265.7627   14.1958
    0.0000  -37.5000   -7.500013916.0420   14.2008
    7.5000  -37.5000   -7.500013295.7490   14.1771
   -7.5000  -30.0000   -7.500014450.9912   14.1190
    0.0000  -30.0000   -7.500015179.3564   14.1213
    7.5000  -30.0000   -7.500014473.7871   14.0970
   -7.5000  -22.5000   -7.500015491.9238   14.0958
    0.0000  -22.5000   -7.500016248.8467   14.0941
    7.5000  -22.5000   -7.500015500.4795   14.0686
   -7.5000  -15.0000   -7.500016411.2148   14.0776
    0.0000  -15.0000   -7.500017177.7188   14.0743
    7.5000  -15.0000   -7.500016380.7451   14.0486
   -7.5000   -7.5000   -7.500017229.3691   14.0106
    0.0000   -7.5000   -7.500018066.6797   14.0091
    7.5000   -7.5000   -7.500017188.6875   13.9852
   -7.5000    0.0000   -7.500017829.3672   13.9080
    0.0000    0.0000   -7.500018747.7305   13.9093
    7.5000    0.0000   -7.500017734.4941   13.8878
   -7.5000    7.5000   -7.500016966.1680   13.8805
    0.0000    7.5000   -7.500017810.6973   13.8834
    7.5000    7.5000   -7.500016822.4062   13.8622
   -7.5000   15.0000   -7.500016005.7910   13.9212
    0.0000   15.0000   -7.500016794.9316   13.9220
    7.5000   15.0000   -7.500015874.3350   13.8993
   -7.5000   22.5000   -7.500014913.5635   14.0765
    0.0000   22.5000   -7.500015681.1748   14.0731
    7.5000   22.5000   -7.500014843.9014   14.0476
   -7.5000   30.0000   -7.500013795.1016   14.1045
    0.0000   30.0000   -7.500014502.5908   14.0994
    7.5000   30.0000   -7.500013735.2217   14.0726
   -7.5000   37.5000   -7.500013199.3770   14.2364
    0.0000   37.5000   -7.500013839.6504   14.2324
    7.5000   37.5000   -7.500013148.5840   14.2066
   -7.5000   45.0000   -7.500012192.2207   14.0869
    0.0000   45.0000   -7.500012765.0508   14.0839
    7.5000   45.0000   -7.500012137.0186   14.0608
   -7.5000  -45.0000    0.000012972.3477   14.3283
    0.0000  -45.0000    0.000013569.0508   14.3294
    7.5000  -45.0000    0.000013014.7217   14.3045
   -7.5000  -37.5000    0.000013737.1895   14.1999
    0.0000  -37.5000    0.000014365.5371   14.2005
    7.5000  -37.5000    0.000013781.5850   14.1759
   -7.5000  -30.0000    0.000014972.8193   14.1257
    0.0000  -30.0000    0.000015654.8291   14.1231
    7.5000  -30.0000    0.000015014.9189   14.0985
   -7.5000  -22.5000    0.000016069.1104   14.0996
    0.0000  -22.5000    0.000016813.7520   14.0943
    7.5000  -22.5000    0.000016084.6377   14.0706
   -7.5000  -15.0000    0.000017065.8320   14.0767
    0.0000  -15.0000    0.000017832.0039   14.0721
    7.5000  -15.0000    0.000017035.9668   14.0492
   -7.5000   -7.5000    0.000017931.2207   14.0074
    0.0000   -7.5000    0.000018896.2949   14.0047
    7.5000   -7.5000    0.000017889.2930   13.9825
   -7.5000    0.0000    0.000018508.5234   13.9056
    0.0000    0.0000    0.000019688.3340   13.9044
    7.5000    0.0000    0.000018430.7246   13.8827
   -7.5000    7.5000    0.000017587.7109   13.8826
    0.0000    7.5000    0.000018700.2539   13.8813
    7.5000    7.5000    0.000017455.9023   13.8592
   -7.5000   15.0000    0.000016640.2695   13.9269
    0.0000   15.0000    0.000017625.3438   13.9229
    7.5000   15.0000    0.000016485.4551   13.9000
   -7.5000   22.5000    0.000015551.5869   14.0819
    0.0000   22.5000    0.000016391.2949   14.0746
    7.5000   22.5000    0.000015419.3135   14.0505
   -7.5000   30.0000    0.000014382.6826   14.1085
    0.0000   30.0000    0.000015068.9600   14.1016
    7.5000   30.0000    0.000014255.6836   14.0774
   -7.5000   37.5000    0.000013731.5928   14.2403
    0.0000   37.5000    0.000014336.3203   14.2350
    7.5000   37.5000    0.000013629.1592   14.2103
   -7.5000   45.0000    0.000012651.4473   14.0928
    0.0000   45.0000    0.000013203.0820   14.0869
    7.5000   45.0000    0.000012573.2803   14.0641
   -7.5000  -45.0000    7.500012382.8936   14.3921
    0.0000  -45.0000    7.500012942.7109   14.3906
    7.5000  -45.0000    7.500012434.5869   14.3690
   -7.5000  -37.5000    7.500013153.4521   14.2621
    0.0000  -37.5000    7.500013735.8652   14.2611
    7.5000  -37.5000    7.500013199.9072   14.2403
   -7.5000  -30.0000    7.500014318.2432   14.1885
    0.0000  -30.0000    7.500014983.8496   14.1863
    7.5000  -30.0000    7.500014393.0713   14.1663
   -7.5000  -22.5000    7.500015424.9990   14.1637
    0.0000  -22.5000    7.500016132.3301   14.1600
    7.5000  -22.5000    7.500015454.8740   14.1410
   -7.5000  -15.0000    7.500016428.0957   14.1433
    0.0000  -15.0000    7.500017196.8281   14.1393
    7.5000  -15.0000    7.500016406.5059   14.1208
   -7.5000   -7.5000    7.500017210.0527   14.0775
    0.0000   -7.5000    7.500018138.1621   14.0736
    7.5000   -7.5000    7.500017148.5703   14.0549
   -7.5000    0.0000    7.500017707.0977   13.9774
    0.0000    0.0000    7.500018659.0547   13.9737
    7.5000    0.0000    7.500017594.9434   13.9552
   -7.5000    7.5000    7.500016861.7734   13.9513
    0.0000    7.5000    7.500017711.3320   13.9484
    7.5000    7.5000    7.500016728.4961   13.9300
   -7.5000   15.0000    7.500015955.7002   13.9928
    0.0000   15.0000    7.500016747.6758   13.9893
    7.5000   15.0000    7.500015813.5645   13.9708
   -7.5000   22.5000    7.500014926.8447   14.1457
    0.0000   22.5000    7.500015652.7393   14.1403
    7.5000   22.5000    7.500014804.6182   14.1210
   -7.5000   30.0000    7.500013778.0576   14.1722
    0.0000   30.0000    7.500014431.8701   14.1661
    7.5000   30.0000    7.500013675.4551   14.1459
   -7.5000   37.5000    7.500013154.7646   14.3077
    0.0000   37.5000    7.500013768.9209   14.3017
    7.5000   37.5000    7.500013064.5557   14.2803
   -7.5000   45.0000    7.500012092.6973   14.1594
    0.0000   45.0000    7.500012654.9365   14.1510
    7.5000   45.0000    7.500012024.2188   14.1310
   -7.5000  -45.0000   15.000011672.4180   14.4702
    0.0000  -45.0000   15.000012215.7617   14.4675
    7.5000  -45.0000   15.000011734.9629   14.4489
   -7.5000  -37.5000   15.000012418.6465   14.3349
    0.0000  -37.5000   15.000012974.6035   14.3353
    7.5000  -37.5000   15.000012465.5742   14.3189
   -7.5000  -30.0000   15.000013525.2402   14.2594
    0.0000  -30.0000   15.000014130.4980   14.2617
    7.5000  -30.0000   15.000013580.5889   14.2463
   -7.5000  -22.5000   15.000014580.2490   14.2380
    0.0000  -22.5000   15.000015202.7695   14.2387
    7.5000  -22.5000   15.000014595.5068   14.2229
   -7.5000  -15.0000   15.000015519.9668   14.2238
    0.0000  -15.0000   15.000016222.4619   14.2213
    7.5000  -15.0000   15.000015505.7373   14.2042
   -7.5000   -7.5000   15.000016232.5742   14.1630
    0.0000   -7.5000   15.000017047.5566   14.1582
    7.5000   -7.5000   15.000016206.7744   14.1408
   -7.5000    0.0000   15.000016743.4277   14.0634
    0.0000    0.0000   15.000017540.0430   14.0586
    7.5000    0.0000   15.000016699.8691   14.0429
   -7.5000    7.5000   15.000015993.1016   14.0309
    0.0000    7.5000   15.000016695.3086   14.0295
    7.5000    7.5000   15.000015906.0801   14.0152
   -7.5000   15.0000   15.000015141.4883   14.0668
    0.0000   15.0000   15.000015784.9775   14.0678
    7.5000   15.0000   15.000015043.7773   14.0538
   -7.5000   22.5000   15.000014137.3350   14.2185
    0.0000   22.5000   15.000014751.5488   14.2182
    7.5000   22.5000   15.000014049.0898   14.2022
   -7.5000   30.0000   15.000013030.4775   14.2463
    0.0000   30.0000   15.000013599.8750   14.2424
    7.5000   30.0000   15.000012943.1865   14.2236
   -7.5000   37.5000   15.000012439.8750   14.3857
    0.0000   37.5000   15.000012981.2588   14.3795
    7.5000   37.5000   15.000012379.6045   14.3598
   -7.5000   45.0000   15.000011450.0146   14.2349
    0.0000   45.0000   15.000011950.6670   14.2260
    7.5000   45.0000   15.000011402.6113   14.2081
   -7.5000  -45.0000   22.500010908.7539   14.5936
    0.0000  -45.0000   22.500011392.6855   14.5941
    7.5000  -45.0000   22.500010943.7949   14.5751
   -7.5000  -37.5000   22.500011586.2168   14.4534
    0.0000  -37.5000   22.500012080.6338   14.4587
    7.5000  -37.5000   22.500011619.8047   14.4426
   -7.5000  -30.0000   22.500012593.7793   14.3768
    0.0000  -30.0000   22.500013119.2891   14.3845
    7.5000  -30.0000   22.500012648.6924   14.3686
   -7.5000  -22.5000   22.500013562.2607   14.3595
    0.0000  -22.5000   22.500014106.5049   14.3640
    7.5000  -22.5000   22.500013591.2334   14.3461
   -7.5000  -15.0000   22.500014430.3467   14.3508
    0.0000  -15.0000   22.500015059.4053   14.3501
    7.5000  -15.0000   22.500014459.6270   14.3299
   -7.5000   -7.5000   22.500015121.0107   14.2931
    0.0000   -7.5000   22.500015827.2148   14.2898
    7.5000   -7.5000   22.500015152.7627   14.2703
   -7.5000    0.0000   22.500015655.7100   14.1933
    0.0000    0.0000   22.500016346.1562   14.1914
    7.5000    0.0000   22.500015664.6680   14.1752
   -7.5000    7.5000   22.500014946.5566   14.1552
    0.0000    7.5000   22.500015569.7266   14.1584
    7.5000    7.5000   22.500014929.8965   14.1443
   -7.5000   15.0000   22.500014144.1074   14.1863
    0.0000   15.0000   22.500014725.3916   14.1925
    7.5000   15.0000   22.500014107.7549   14.1779
   -7.5000   22.5000   22.500013205.2158   14.3384
    0.0000   22.5000   22.500013764.9609   14.3421
    7.5000   22.5000   22.500013175.4219   14.3243
   -7.5000   30.0000   22.500012173.8008   14.3666
    0.0000   30.0000   22.500012687.3135   14.3649
    7.5000   30.0000   22.500012153.3750   14.3434
   -7.5000   37.5000   22.500011621.0996   14.5075
    0.0000   37.5000   22.500012115.5879   14.5030
    7.5000   37.5000   22.500011600.9326   14.4817
   -7.5000   45.0000   22.500010700.5996   14.3543
    0.0000   45.0000   22.500011161.6357   14.3487
    7.5000   45.0000   22.500010679.4404   14.3296
   -7.5000  -45.0000   30.000010071.7832   14.7787
    0.0000  -45.0000   30.000010501.3672   14.7832
    7.5000  -45.0000   30.000010095.2939   14.7605
   -7.5000  -37.5000   30.000010693.1816   14.6357
    0.0000  -37.5000   30.000011150.8115   14.6442
    7.5000  -37.5000   30.000010736.2139   14.6241
   -7.5000  -30.0000   30.000011618.5625   14.5607
    0.0000  -30.0000   30.000012101.7764   14.5692
    7.5000  -30.0000   30.000011678.5176   14.5484
   -7.5000  -22.5000   30.000012513.5078   14.5471
    0.0000  -22.5000   30.000013023.3486   14.5507
    7.5000  -22.5000   30.000012554.7236   14.5271
   -7.5000  -15.0000   30.000013298.0391   14.5413
    0.0000  -15.0000   30.000013880.0225   14.5405
    7.5000  -15.0000   30.000013344.8613   14.5148
   -7.5000   -7.5000   30.000013934.3828   14.4833
    0.0000   -7.5000   30.000014540.5488   14.4819
    7.5000   -7.5000   30.000013976.5820   14.4580
   -7.5000    0.0000   30.000014441.5576   14.3818
    0.0000    0.0000   30.000015031.7061   14.3834
    7.5000    0.0000   30.000014449.9473   14.3636
   -7.5000    7.5000   30.000013769.2197   14.3409
    0.0000    7.5000   30.000014307.7090   14.3470
    7.5000    7.5000   30.000013766.1084   14.3290
   -7.5000   15.0000   30.000013002.8145   14.3707
    0.0000   15.0000   30.000013513.8369   14.3773
    7.5000   15.0000   30.000012991.6182   14.3579
   -7.5000   22.5000   30.000012173.2725   14.5254
    0.0000   22.5000   30.000012651.7441   14.5280
    7.5000   22.5000   30.000012149.1582   14.5046
   -7.5000   30.0000   30.000011259.0020   14.5536
    0.0000   30.0000   30.000011701.1680   14.5515
    7.5000   30.0000   30.000011234.5928   14.5248
   -7.5000   37.5000   30.000010766.3789   14.6943
    0.0000   37.5000   30.000011197.9971   14.6911
    7.5000   37.5000   30.000010749.6807   14.6657
   -7.5000   45.0000   30.0000 9901.4941   14.5384
    0.0000   45.0000   30.000010323.0820   14.5362
    7.5000   45.0000   30.0000 9898.4639   14.5136
   -7.5000  -45.0000   37.5000 9632.5732   15.0729
    0.0000  -45.0000   37.500010075.8877   15.0765
    7.5000  -45.0000   37.5000 9662.2637   15.0483
   -7.5000  -37.5000   37.500010224.6426   14.9315
    0.0000  -37.5000   37.500010696.7881   14.9366
    7.5000  -37.5000   37.500010274.6357   14.9100
   -7.5000  -30.0000   37.500011129.6875   14.8606
    0.0000  -30.0000   37.500011623.4561   14.8630
    7.5000  -30.0000   37.500011177.3115   14.8362
   -7.5000  -22.5000   37.500011963.4014   14.8465
    0.0000  -22.5000   37.500012487.1426   14.8447
    7.5000  -22.5000   37.500011996.4307   14.8166
   -7.5000  -15.0000   37.500012709.5811   14.8378
    0.0000  -15.0000   37.500013265.6914   14.8342
    7.5000  -15.0000   37.500012736.8457   14.8054
   -7.5000   -7.5000   37.500013313.9580   14.7759
    0.0000   -7.5000   37.500013854.8174   14.7739
    7.5000   -7.5000   37.500013317.2109   14.7465
   -7.5000    0.0000   37.500013783.7607   14.6735
    0.0000    0.0000   37.500014317.2656   14.6742
    7.5000    0.0000   37.500013763.7178   14.6493
   -7.5000    7.5000   37.500013139.0039   14.6356
    0.0000    7.5000   37.500013647.5889   14.6383
    7.5000    7.5000   37.500013128.3047   14.6141
   -7.5000   15.0000   37.500012418.3486   14.6679
    0.0000   15.0000   37.500012904.3848   14.6686
    7.5000   15.0000   37.500012410.5645   14.6433
   -7.5000   22.5000   37.500011609.7559   14.8259
    0.0000   22.5000   37.500012071.2021   14.8222
    7.5000   22.5000   37.500011612.9355   14.7941
   -7.5000   30.0000   37.500010746.5938   14.8521
    0.0000   30.0000   37.500011168.6738   14.8466
    7.5000   30.0000   37.500010744.8594   14.8167
   -7.5000   37.5000   37.500010277.2861   14.9947
    0.0000   37.5000   37.500010694.3428   14.9901
    7.5000   37.5000   37.500010267.7676   14.9606
   -7.5000   45.0000   37.5000 9468.2852   14.8389
    0.0000   45.0000   37.5000 9872.0322   14.8350
    7.5000   45.0000   37.5000 9458.6094   14.8083
   -7.5000  -45.0000   45.0000 8847.1221   15.4236
    0.0000  -45.0000   45.0000 9261.4893   15.4263
    7.5000  -45.0000   45.0000 8856.8525   15.3979
   -7.5000  -37.5000   45.0000 9391.7627   15.2803
    0.0000  -37.5000   45.0000 9839.0791   15.2828
    7.5000  -37.5000   45.0000 9419.1074   15.2544
   -7.5000  -30.0000   45.000010212.8184   15.2107
    0.0000  -30.0000   45.000010691.7803   15.2099
    7.5000  -30.0000   45.000010244.4912   15.1813
   -7.5000  -22.5000   45.000010967.3242   15.1959
    0.0000  -22.5000   45.000011476.3584   15.1921
    7.5000  -22.5000   45.000010987.4258   15.1645
   -7.5000  -15.0000   45.000011623.4883   15.1856
    0.0000  -15.0000   45.000012156.2812   15.1821
    7.5000  -15.0000   45.000011643.5879   15.1555
   -7.5000   -7.5000   45.000012166.7891   15.1213
    0.0000   -7.5000   45.000012687.4238   15.1195
    7.5000   -7.5000   45.000012164.9600   15.0938
   -7.5000    0.0000   45.000012588.7373   15.0164
    0.0000    0.0000   45.000013105.1338   15.0162
    7.5000    0.0000   45.000012573.3545   14.9910
   -7.5000    7.5000   45.000011998.1670   14.9792
    0.0000    7.5000   45.000012480.2598   14.9793
    7.5000    7.5000   45.000012001.1885   14.9533
   -7.5000   15.0000   45.000011362.0684   15.0130
    0.0000   15.0000   45.000011809.5000   15.0105
    7.5000   15.0000   45.000011363.5117   14.9835
   -7.5000   22.5000   45.000010615.7119   15.1761
    0.0000   22.5000   45.000011043.3926   15.1701
    7.5000   22.5000   45.000010629.8848   15.1420
   -7.5000   30.0000   45.0000 9828.9170   15.2044
    0.0000   30.0000   45.000010237.8496   15.1984
    7.5000   30.0000   45.0000 9825.6533   15.1704
   -7.5000   37.5000   45.0000 9421.2676   15.3550
    0.0000   37.5000   45.0000 9818.3965   15.3504
    7.5000   37.5000   45.0000 9408.3086   15.3218
   -7.5000   45.0000   45.0000 8684.6504   15.2088
    0.0000   45.0000   45.0000 9055.7705   15.2032
    7.5000   45.0000   45.0000 8659.6963   15.1767

---------------------------------------------------------------------
imgreg_4dfp /opt/freesurfer/average/711-2C_as_mni_average_305 /opt/freesurfer/average/711-2B_as_mni_average_305_mask talsrcimg_g11 none talsrcimg_to_711-2C_as_mni_average_305_t4 4355
---------------------------------------------------------------------

freesurfer imgreg_4dfp.c
/opt/freesurfer/average/711-2C_as_mni_average_305.4dfp.img
       256       256       256         1
  1.000000  1.000000  1.000000
orientation T byte_order littleendian
Reading image: /opt/freesurfer/average/711-2C_as_mni_average_305.4dfp.img
dimensions:      256       256       256
mmppix:       1.0000   -1.0000   -1.0000
center:     128.0000 -129.0000 -129.0000
/opt/freesurfer/average/711-2B_as_mni_average_305_mask.4dfp.img
       256       256       256         1
  1.000000  1.000000  1.000000
orientation T byte_order littleendian
Reading mask: /opt/freesurfer/average/711-2B_as_mni_average_305_mask.4dfp.img (2306576 pixels)
talsrcimg_g11.4dfp.img
       256       256       256         1
  1.000000  1.000000  1.000000
orientation T byte_order littleendian
Reading image: talsrcimg_g11.4dfp.img
dimensions:      256       256       256
mmppix:       1.0000   -1.0000   -1.0000
center:     128.0000 -129.0000 -129.0000
rotation matrix determinant  1.000000
image alignment mode   4355 decimal     1103 hex
   -7.5000  -45.0000  -45.0000 2337.3335   15.1463
    0.0000  -45.0000  -45.0000 2349.2510   15.0729
    7.5000  -45.0000  -45.0000 2335.9775   15.1571
   -7.5000  -37.5000  -45.0000 2392.4338   14.2408
    0.0000  -37.5000  -45.0000 2407.6003   14.1694
    7.5000  -37.5000  -45.0000 2392.8323   14.2557
   -7.5000  -30.0000  -45.0000 2431.6306   13.5740
    0.0000  -30.0000  -45.0000 2444.9163   13.4640
    7.5000  -30.0000  -45.0000 2429.4622   13.5667
   -7.5000  -22.5000  -45.0000 2461.5955   13.0830
    0.0000  -22.5000  -45.0000 2478.2065   12.9772
    7.5000  -22.5000  -45.0000 2463.6929   13.0756
   -7.5000  -15.0000  -45.0000 2483.4414   12.7245
    0.0000  -15.0000  -45.0000 2501.2336   12.5883
    7.5000  -15.0000  -45.0000 2487.6733   12.6998
   -7.5000   -7.5000  -45.0000 2498.0032   12.4707
    0.0000   -7.5000  -45.0000 2520.1318   12.3141
    7.5000   -7.5000  -45.0000 2504.8140   12.4205
   -7.5000    0.0000  -45.0000 2506.4680   12.3846
    0.0000    0.0000  -45.0000 2529.5083   12.2192
    7.5000    0.0000  -45.0000 2511.7690   12.3327
   -7.5000    7.5000  -45.0000 2493.6628   12.5130
    0.0000    7.5000  -45.0000 2517.0032   12.3518
    7.5000    7.5000  -45.0000 2499.8115   12.4582
   -7.5000   15.0000  -45.0000 2462.1099   12.8845
    0.0000   15.0000  -45.0000 2485.9336   12.7075
    7.5000   15.0000  -45.0000 2472.8684   12.8315
   -7.5000   22.5000  -45.0000 2407.4783   13.5125
    0.0000   22.5000  -45.0000 2432.7556   13.3234
    7.5000   22.5000  -45.0000 2416.6458   13.4426
   -7.5000   30.0000  -45.0000 2333.7207   14.4038
    0.0000   30.0000  -45.0000 2359.7336   14.2069
    7.5000   30.0000  -45.0000 2346.6978   14.3030
   -7.5000   37.5000  -45.0000 2248.0762   15.6134
    0.0000   37.5000  -45.0000 2269.8416   15.4292
    7.5000   37.5000  -45.0000 2259.5632   15.5148
   -7.5000   45.0000  -45.0000 2149.2405   17.1996
    0.0000   45.0000  -45.0000 2168.8828   16.9808
    7.5000   45.0000  -45.0000 2154.8240   17.0642
   -7.5000  -45.0000  -37.5000 2417.4377   14.2325
    0.0000  -45.0000  -37.5000 2431.7292   14.1543
    7.5000  -45.0000  -37.5000 2416.6982   14.2329
   -7.5000  -37.5000  -37.5000 2474.4626   13.3669
    0.0000  -37.5000  -37.5000 2489.5847   13.2531
    7.5000  -37.5000  -37.5000 2472.4314   13.3599
   -7.5000  -30.0000  -37.5000 2512.0986   12.7288
    0.0000  -30.0000  -37.5000 2528.6658   12.6008
    7.5000  -30.0000  -37.5000 2509.4292   12.6952
   -7.5000  -22.5000  -37.5000 2545.3911   12.2597
    0.0000  -22.5000  -37.5000 2563.5867   12.1467
    7.5000  -22.5000  -37.5000 2547.0156   12.2511
   -7.5000  -15.0000  -37.5000 2567.8245   11.9416
    0.0000  -15.0000  -37.5000 2586.8384   11.8152
    7.5000  -15.0000  -37.5000 2569.9438   11.9227
   -7.5000   -7.5000  -37.5000 2585.6118   11.7265
    0.0000   -7.5000  -37.5000 2608.2822   11.5804
    7.5000   -7.5000  -37.5000 2590.8147   11.6854
   -7.5000    0.0000  -37.5000 2589.7854   11.6285
    0.0000    0.0000  -37.5000 2615.9324   11.4631
    7.5000    0.0000  -37.5000 2595.5986   11.5850
   -7.5000    7.5000  -37.5000 2584.0674   11.7071
    0.0000    7.5000  -37.5000 2609.8083   11.5590
    7.5000    7.5000  -37.5000 2590.2595   11.6724
   -7.5000   15.0000  -37.5000 2554.1838   12.0310
    0.0000   15.0000  -37.5000 2582.5361   11.8796
    7.5000   15.0000  -37.5000 2563.5007   11.9900
   -7.5000   22.5000  -37.5000 2497.0579   12.5953
    0.0000   22.5000  -37.5000 2527.3560   12.4300
    7.5000   22.5000  -37.5000 2507.2100   12.5409
   -7.5000   30.0000  -37.5000 2416.7673   13.4357
    0.0000   30.0000  -37.5000 2443.3320   13.2340
    7.5000   30.0000  -37.5000 2428.6287   13.3306
   -7.5000   37.5000  -37.5000 2324.3127   14.5806
    0.0000   37.5000  -37.5000 2345.1162   14.3580
    7.5000   37.5000  -37.5000 2332.8569   14.4484
   -7.5000   45.0000  -37.5000 2221.6367   16.0297
    0.0000   45.0000  -37.5000 2235.3777   15.8030
    7.5000   45.0000  -37.5000 2223.0391   15.9077
   -7.5000  -45.0000  -30.0000 2538.6765   13.8652
    0.0000  -45.0000  -30.0000 2554.9949   13.7767
    7.5000  -45.0000  -30.0000 2537.9753   13.8704
   -7.5000  -37.5000  -30.0000 2595.6172   12.9815
    0.0000  -37.5000  -30.0000 2610.7000   12.8805
    7.5000  -37.5000  -30.0000 2591.2407   12.9852
   -7.5000  -30.0000  -30.0000 2638.0288   12.3267
    0.0000  -30.0000  -30.0000 2657.1643   12.1972
    7.5000  -30.0000  -30.0000 2637.5806   12.3140
   -7.5000  -22.5000  -30.0000 2677.2129   11.8887
    0.0000  -22.5000  -30.0000 2698.0012   11.7577
    7.5000  -22.5000  -30.0000 2679.9707   11.8710
   -7.5000  -15.0000  -30.0000 2704.8801   11.5808
    0.0000  -15.0000  -30.0000 2726.5281   11.4730
    7.5000  -15.0000  -30.0000 2707.7642   11.5428
   -7.5000   -7.5000  -30.0000 2725.3662   11.3792
    0.0000   -7.5000  -30.0000 2749.1248   11.2400
    7.5000   -7.5000  -30.0000 2730.4165   11.3342
   -7.5000    0.0000  -30.0000 2733.7253   11.2698
    0.0000    0.0000  -30.0000 2761.4612   11.1284
    7.5000    0.0000  -30.0000 2740.1206   11.2244
   -7.5000    7.5000  -30.0000 2731.0718   11.3470
    0.0000    7.5000  -30.0000 2761.0693   11.2028
    7.5000    7.5000  -30.0000 2736.7283   11.3129
   -7.5000   15.0000  -30.0000 2695.3142   11.6638
    0.0000   15.0000  -30.0000 2729.5625   11.5032
    7.5000   15.0000  -30.0000 2708.0139   11.6227
   -7.5000   22.5000  -30.0000 2637.1223   12.1845
    0.0000   22.5000  -30.0000 2669.5723   12.0211
    7.5000   22.5000  -30.0000 2652.2476   12.1341
   -7.5000   30.0000  -30.0000 2550.0623   12.9857
    0.0000   30.0000  -30.0000 2578.7253   12.7875
    7.5000   30.0000  -30.0000 2563.9546   12.9063
   -7.5000   37.5000  -30.0000 2446.6465   14.0927
    0.0000   37.5000  -30.0000 2470.2546   13.8680
    7.5000   37.5000  -30.0000 2457.3340   13.9831
   -7.5000   45.0000  -30.0000 2334.7512   15.5269
    0.0000   45.0000  -30.0000 2352.4866   15.3127
    7.5000   45.0000  -30.0000 2338.6133   15.4096
   -7.5000  -45.0000  -22.5000 2615.3142   13.5306
    0.0000  -45.0000  -22.5000 2634.4917   13.4171
    7.5000  -45.0000  -22.5000 2616.2085   13.5213
   -7.5000  -37.5000  -22.5000 2670.5457   12.6056
    0.0000  -37.5000  -22.5000 2686.9338   12.5024
    7.5000  -37.5000  -22.5000 2673.6909   12.6126
   -7.5000  -30.0000  -22.5000 2720.2104   11.9219
    0.0000  -30.0000  -22.5000 2742.5986   11.8179
    7.5000  -30.0000  -22.5000 2726.7920   11.9289
   -7.5000  -22.5000  -22.5000 2761.7224   11.4529
    0.0000  -22.5000  -22.5000 2787.8433   11.3635
    7.5000  -22.5000  -22.5000 2771.7971   11.4490
   -7.5000  -15.0000  -22.5000 2800.7791   11.1327
    0.0000  -15.0000  -22.5000 2821.4609   11.0463
    7.5000  -15.0000  -22.5000 2807.7134   11.1121
   -7.5000   -7.5000  -22.5000 2824.3589   10.9535
    0.0000   -7.5000  -22.5000 2851.3813   10.8448
    7.5000   -7.5000  -22.5000 2832.1626   10.9086
   -7.5000    0.0000  -22.5000 2840.5889   10.8562
    0.0000    0.0000  -22.5000 2872.4998   10.7241
    7.5000    0.0000  -22.5000 2850.3965   10.8042
   -7.5000    7.5000  -22.5000 2841.3374   10.9256
    0.0000    7.5000  -22.5000 2878.8655   10.7796
    7.5000    7.5000  -22.5000 2848.7969   10.8831
   -7.5000   15.0000  -22.5000 2804.6389   11.2267
    0.0000   15.0000  -22.5000 2844.8345   11.0729
    7.5000   15.0000  -22.5000 2815.0815   11.1948
   -7.5000   22.5000  -22.5000 2740.3418   11.7318
    0.0000   22.5000  -22.5000 2777.5044   11.5738
    7.5000   22.5000  -22.5000 2758.0281   11.6821
   -7.5000   30.0000  -22.5000 2645.1492   12.4917
    0.0000   30.0000  -22.5000 2682.8333   12.3162
    7.5000   30.0000  -22.5000 2664.5811   12.4299
   -7.5000   37.5000  -22.5000 2534.8962   13.5783
    0.0000   37.5000  -22.5000 2564.0430   13.3793
    7.5000   37.5000  -22.5000 2549.1299   13.5027
   -7.5000   45.0000  -22.5000 2414.6997   15.0099
    0.0000   45.0000  -22.5000 2435.8940   14.7902
    7.5000   45.0000  -22.5000 2421.9990   14.9079
   -7.5000  -45.0000  -15.0000 2651.7471   13.1845
    0.0000  -45.0000  -15.0000 2678.8413   13.1152
    7.5000  -45.0000  -15.0000 2657.6023   13.1973
   -7.5000  -37.5000  -15.0000 2710.7742   12.2783
    0.0000  -37.5000  -15.0000 2732.6973   12.2015
    7.5000  -37.5000  -15.0000 2717.6821   12.2795
   -7.5000  -30.0000  -15.0000 2762.5254   11.5942
    0.0000  -30.0000  -15.0000 2784.3071   11.5115
    7.5000  -30.0000  -15.0000 2769.4973   11.5805
   -7.5000  -22.5000  -15.0000 2808.8086   11.0801
    0.0000  -22.5000  -15.0000 2832.9570   10.9950
    7.5000  -22.5000  -15.0000 2820.9407   11.0785
   -7.5000  -15.0000  -15.0000 2855.2561   10.7432
    0.0000  -15.0000  -15.0000 2882.0891   10.6418
    7.5000  -15.0000  -15.0000 2865.2429   10.7329
   -7.5000   -7.5000  -15.0000 2884.8813   10.5622
    0.0000   -7.5000  -15.0000 2913.5339   10.4621
    7.5000   -7.5000  -15.0000 2895.7166   10.5304
   -7.5000    0.0000  -15.0000 2906.4287   10.4807
    0.0000    0.0000  -15.0000 2943.8745   10.3656
    7.5000    0.0000  -15.0000 2919.4971   10.4406
   -7.5000    7.5000  -15.0000 2913.7275   10.5436
    0.0000    7.5000  -15.0000 2953.2141   10.4110
    7.5000    7.5000  -15.0000 2919.8088   10.5005
   -7.5000   15.0000  -15.0000 2876.2974   10.8300
    0.0000   15.0000  -15.0000 2916.2812   10.6829
    7.5000   15.0000  -15.0000 2883.0071   10.7972
   -7.5000   22.5000  -15.0000 2806.3000   11.3252
    0.0000   22.5000  -15.0000 2847.6716   11.1651
    7.5000   22.5000  -15.0000 2820.7837   11.2884
   -7.5000   30.0000  -15.0000 2705.3894   12.0791
    0.0000   30.0000  -15.0000 2745.7068   11.8913
    7.5000   30.0000  -15.0000 2725.2373   12.0202
   -7.5000   37.5000  -15.0000 2587.7075   13.1630
    0.0000   37.5000  -15.0000 2620.2576   12.9505
    7.5000   37.5000  -15.0000 2603.1289   13.0907
   -7.5000   45.0000  -15.0000 2459.5122   14.5726
    0.0000   45.0000  -15.0000 2484.6892   14.3614
    7.5000   45.0000  -15.0000 2470.8455   14.4944
   -7.5000  -45.0000   -7.5000 2662.2400   12.9265
    0.0000  -45.0000   -7.5000 2680.8669   12.8606
    7.5000  -45.0000   -7.5000 2669.5413   12.9546
   -7.5000  -37.5000   -7.5000 2723.1931   11.9951
    0.0000  -37.5000   -7.5000 2739.0811   11.9145
    7.5000  -37.5000   -7.5000 2733.8940   11.9885
   -7.5000  -30.0000   -7.5000 2779.7490   11.3150
    0.0000  -30.0000   -7.5000 2798.3704   11.2296
    7.5000  -30.0000   -7.5000 2789.5688   11.2731
   -7.5000  -22.5000   -7.5000 2830.2036   10.8101
    0.0000  -22.5000   -7.5000 2853.3137   10.7126
    7.5000  -22.5000   -7.5000 2844.4707   10.7692
   -7.5000  -15.0000   -7.5000 2879.0212   10.4615
    0.0000  -15.0000   -7.5000 2909.6079   10.3400
    7.5000  -15.0000   -7.5000 2896.7007   10.4109
   -7.5000   -7.5000   -7.5000 2923.7908   10.2814
    0.0000   -7.5000   -7.5000 2957.2622   10.1611
    7.5000   -7.5000   -7.5000 2940.1079   10.2168
   -7.5000    0.0000   -7.5000 2949.1821   10.2140
    0.0000    0.0000   -7.5000 2990.0376   10.1154
    7.5000    0.0000   -7.5000 2963.8691   10.1486
   -7.5000    7.5000   -7.5000 2949.1306   10.2612
    0.0000    7.5000   -7.5000 2995.2366   10.1665
    7.5000    7.5000   -7.5000 2955.8416   10.2124
   -7.5000   15.0000   -7.5000 2911.3972   10.5305
    0.0000   15.0000   -7.5000 2955.6028   10.4255
    7.5000   15.0000   -7.5000 2915.9761   10.4968
   -7.5000   22.5000   -7.5000 2839.0349   11.0040
    0.0000   22.5000   -7.5000 2878.3342   10.9046
    7.5000   22.5000   -7.5000 2850.7031   10.9702
   -7.5000   30.0000   -7.5000 2736.0813   11.7624
    0.0000   30.0000   -7.5000 2767.4512   11.6335
    7.5000   30.0000   -7.5000 2749.0349   11.6947
   -7.5000   37.5000   -7.5000 2613.9956   12.8144
    0.0000   37.5000   -7.5000 2642.1243   12.6597
    7.5000   37.5000   -7.5000 2624.9766   12.7494
   -7.5000   45.0000   -7.5000 2479.1824   14.1706
    0.0000   45.0000   -7.5000 2505.3740   14.0088
    7.5000   45.0000   -7.5000 2490.2344   14.1068
   -7.5000  -45.0000    0.0000 2650.3760   12.8975
    0.0000  -45.0000    0.0000 2664.3708   12.7832
    7.5000  -45.0000    0.0000 2657.0132   12.9075
   -7.5000  -37.5000    0.0000 2712.0276   11.9008
    0.0000  -37.5000    0.0000 2726.5249   11.7845
    7.5000  -37.5000    0.0000 2719.9968   11.8914
   -7.5000  -30.0000    0.0000 2774.1226   11.1800
    0.0000  -30.0000    0.0000 2786.8513   11.0464
    7.5000  -30.0000    0.0000 2785.7349   11.1605
   -7.5000  -22.5000    0.0000 2832.0393   10.6876
    0.0000  -22.5000    0.0000 2854.4292   10.5486
    7.5000  -22.5000    0.0000 2845.1040   10.6362
   -7.5000  -15.0000    0.0000 2887.6387   10.3460
    0.0000  -15.0000    0.0000 2915.0027   10.2190
    7.5000  -15.0000    0.0000 2898.8442   10.3043
   -7.5000   -7.5000    0.0000 2941.7363   10.1606
    0.0000   -7.5000    0.0000 2977.8220   10.0572
    7.5000   -7.5000    0.0000 2954.3191   10.1016
   -7.5000    0.0000    0.0000 2967.9150   10.0873
    0.0000    0.0000    0.0000 3016.1138   10.0266
    7.5000    0.0000    0.0000 2980.9902   10.0205
   -7.5000    7.5000    0.0000 2963.7258   10.1383
    0.0000    7.5000    0.0000 3008.0459   10.0809
    7.5000    7.5000    0.0000 2968.8674   10.0750
   -7.5000   15.0000    0.0000 2923.1189   10.4366
    0.0000   15.0000    0.0000 2964.0698   10.3640
    7.5000   15.0000    0.0000 2924.8013   10.3736
   -7.5000   22.5000    0.0000 2846.0942   10.9503
    0.0000   22.5000    0.0000 2879.8428   10.8507
    7.5000   22.5000    0.0000 2853.7075   10.9011
   -7.5000   30.0000    0.0000 2741.1296   11.7017
    0.0000   30.0000    0.0000 2771.1636   11.5485
    7.5000   30.0000    0.0000 2751.2095   11.6318
   -7.5000   37.5000    0.0000 2616.7078   12.7241
    0.0000   37.5000    0.0000 2641.8499   12.5095
    7.5000   37.5000    0.0000 2625.6501   12.6470
   -7.5000   45.0000    0.0000 2483.2585   14.0515
    0.0000   45.0000    0.0000 2503.6008   13.8026
    7.5000   45.0000    0.0000 2487.9788   13.9585
   -7.5000  -45.0000    7.5000 2630.5762   13.0331
    0.0000  -45.0000    7.5000 2648.6353   12.8863
    7.5000  -45.0000    7.5000 2634.4312   13.0535
   -7.5000  -37.5000    7.5000 2688.9436   12.0309
    0.0000  -37.5000    7.5000 2703.9543   11.8795
    7.5000  -37.5000    7.5000 2693.5745   12.0328
   -7.5000  -30.0000    7.5000 2749.8357   11.2792
    0.0000  -30.0000    7.5000 2765.7793   11.1412
    7.5000  -30.0000    7.5000 2757.3931   11.2768
   -7.5000  -22.5000    7.5000 2815.0364   10.7586
    0.0000  -22.5000    7.5000 2832.8972   10.6286
    7.5000  -22.5000    7.5000 2822.0242   10.7319
   -7.5000  -15.0000    7.5000 2877.9568   10.4277
    0.0000  -15.0000    7.5000 2900.4819   10.2913
    7.5000  -15.0000    7.5000 2883.8210   10.3866
   -7.5000   -7.5000    7.5000 2935.7139   10.2491
    0.0000   -7.5000    7.5000 2968.9927   10.1318
    7.5000   -7.5000    7.5000 2940.4785   10.1790
   -7.5000    0.0000    7.5000 2965.4670   10.1156
    0.0000    0.0000    7.5000 3005.0977   10.0199
    7.5000    0.0000    7.5000 2969.5366   10.0570
   -7.5000    7.5000    7.5000 2960.9172   10.1816
    0.0000    7.5000    7.5000 2999.0322   10.0508
    7.5000    7.5000    7.5000 2958.4993   10.1397
   -7.5000   15.0000    7.5000 2909.2595   10.5202
    0.0000   15.0000    7.5000 2946.7283   10.3676
    7.5000   15.0000    7.5000 2906.8472   10.4764
   -7.5000   22.5000    7.5000 2827.5125   11.0883
    0.0000   22.5000    7.5000 2858.7627   10.9586
    7.5000   22.5000    7.5000 2827.1226   11.0370
   -7.5000   30.0000    7.5000 2716.1431   11.8649
    0.0000   30.0000    7.5000 2741.1099   11.7311
    7.5000   30.0000    7.5000 2721.2981   11.7951
   -7.5000   37.5000    7.5000 2596.0791   12.8534
    0.0000   37.5000    7.5000 2615.8467   12.7024
    7.5000   37.5000    7.5000 2603.2544   12.7889
   -7.5000   45.0000    7.5000 2464.9587   14.1152
    0.0000   45.0000    7.5000 2484.5029   13.9259
    7.5000   45.0000    7.5000 2469.5120   14.0315
   -7.5000  -45.0000   15.0000 2595.7363   13.3654
    0.0000  -45.0000   15.0000 2612.2104   13.2191
    7.5000  -45.0000   15.0000 2596.0918   13.4316
   -7.5000  -37.5000   15.0000 2653.4341   12.3316
    0.0000  -37.5000   15.0000 2666.8420   12.1932
    7.5000  -37.5000   15.0000 2653.3010   12.3846
   -7.5000  -30.0000   15.0000 2714.7053   11.5566
    0.0000  -30.0000   15.0000 2728.2393   11.4255
    7.5000  -30.0000   15.0000 2715.1794   11.5807
   -7.5000  -22.5000   15.0000 2779.3521   11.0290
    0.0000  -22.5000   15.0000 2797.2869   10.8849
    7.5000  -22.5000   15.0000 2780.8118   11.0126
   -7.5000  -15.0000   15.0000 2844.0017   10.6950
    0.0000  -15.0000   15.0000 2866.0503   10.5457
    7.5000  -15.0000   15.0000 2848.6882   10.6585
   -7.5000   -7.5000   15.0000 2900.8528   10.5024
    0.0000   -7.5000   15.0000 2933.3782   10.3811
    7.5000   -7.5000   15.0000 2901.8447   10.4541
   -7.5000    0.0000   15.0000 2926.0181   10.3872
    0.0000    0.0000   15.0000 2962.9885   10.2627
    7.5000    0.0000   15.0000 2927.7649   10.3493
   -7.5000    7.5000   15.0000 2922.5981   10.4867
    0.0000    7.5000   15.0000 2953.7258   10.3282
    7.5000    7.5000   15.0000 2917.5479   10.4517
   -7.5000   15.0000   15.0000 2871.0142   10.8160
    0.0000   15.0000   15.0000 2901.0332   10.6525
    7.5000   15.0000   15.0000 2870.8311   10.7733
   -7.5000   22.5000   15.0000 2790.5225   11.3704
    0.0000   22.5000   15.0000 2820.2329   11.2047
    7.5000   22.5000   15.0000 2791.6858   11.3203
   -7.5000   30.0000   15.0000 2676.3152   12.1634
    0.0000   30.0000   15.0000 2702.3997   11.9895
    7.5000   30.0000   15.0000 2681.2468   12.0822
   -7.5000   37.5000   15.0000 2557.9644   13.1579
    0.0000   37.5000   15.0000 2578.6099   13.0036
    7.5000   37.5000   15.0000 2566.8398   13.0807
   -7.5000   45.0000   15.0000 2431.3635   14.4149
    0.0000   45.0000   15.0000 2449.3174   14.2481
    7.5000   45.0000   15.0000 2437.4065   14.3378
   -7.5000  -45.0000   22.5000 2558.6326   13.8304
    0.0000  -45.0000   22.5000 2574.6768   13.6799
    7.5000  -45.0000   22.5000 2558.5933   13.9236
   -7.5000  -37.5000   22.5000 2616.8330   12.7726
    0.0000  -37.5000   22.5000 2632.2083   12.6151
    7.5000  -37.5000   22.5000 2615.5374   12.8324
   -7.5000  -30.0000   22.5000 2675.6948   11.9833
    0.0000  -30.0000   22.5000 2691.7297   11.8182
    7.5000  -30.0000   22.5000 2675.8738   12.0095
   -7.5000  -22.5000   22.5000 2737.6201   11.4523
    0.0000  -22.5000   22.5000 2751.7585   11.2921
    7.5000  -22.5000   22.5000 2736.9514   11.4559
   -7.5000  -15.0000   22.5000 2799.1362   11.1368
    0.0000  -15.0000   22.5000 2814.9294   10.9974
    7.5000  -15.0000   22.5000 2799.2847   11.1230
   -7.5000   -7.5000   22.5000 2846.5154   10.9616
    0.0000   -7.5000   22.5000 2873.8230   10.8408
    7.5000   -7.5000   22.5000 2848.0037   10.9351
   -7.5000    0.0000   22.5000 2864.1501   10.9184
    0.0000    0.0000   22.5000 2900.0977   10.7563
    7.5000    0.0000   22.5000 2867.0439   10.8929
   -7.5000    7.5000   22.5000 2852.4836   11.0492
    0.0000    7.5000   22.5000 2882.0605   10.8768
    7.5000    7.5000   22.5000 2853.3376   11.0208
   -7.5000   15.0000   22.5000 2806.4104   11.3383
    0.0000   15.0000   22.5000 2830.9753   11.1951
    7.5000   15.0000   22.5000 2809.0205   11.3172
   -7.5000   22.5000   22.5000 2734.0100   11.8691
    0.0000   22.5000   22.5000 2757.3037   11.7265
    7.5000   22.5000   22.5000 2733.0544   11.8475
   -7.5000   30.0000   22.5000 2626.3442   12.6269
    0.0000   30.0000   22.5000 2650.2983   12.4587
    7.5000   30.0000   22.5000 2632.2336   12.5703
   -7.5000   37.5000   22.5000 2510.8076   13.6224
    0.0000   37.5000   22.5000 2529.4810   13.4467
    7.5000   37.5000   22.5000 2520.9966   13.5508
   -7.5000   45.0000   22.5000 2388.1931   14.8483
    0.0000   45.0000   22.5000 2407.4458   14.6833
    7.5000   45.0000   22.5000 2398.9241   14.7734
   -7.5000  -45.0000   30.0000 2507.9380   14.4310
    0.0000  -45.0000   30.0000 2526.9211   14.2711
    7.5000  -45.0000   30.0000 2507.8533   14.5320
   -7.5000  -37.5000   30.0000 2573.2310   13.3339
    0.0000  -37.5000   30.0000 2590.9998   13.1578
    7.5000  -37.5000   30.0000 2572.5747   13.4093
   -7.5000  -30.0000   30.0000 2631.6819   12.5418
    0.0000  -30.0000   30.0000 2647.4182   12.3626
    7.5000  -30.0000   30.0000 2631.6072   12.5889
   -7.5000  -22.5000   30.0000 2688.3591   12.0501
    0.0000  -22.5000   30.0000 2706.3181   11.8661
    7.5000  -22.5000   30.0000 2687.3997   12.0628
   -7.5000  -15.0000   30.0000 2742.1040   11.7471
    0.0000  -15.0000   30.0000 2762.3923   11.5841
    7.5000  -15.0000   30.0000 2739.1321   11.7310
   -7.5000   -7.5000   30.0000 2777.0837   11.5764
    0.0000   -7.5000   30.0000 2806.4912   11.4066
    7.5000   -7.5000   30.0000 2780.4429   11.5402
   -7.5000    0.0000   30.0000 2789.0149   11.5792
    0.0000    0.0000   30.0000 2820.3433   11.3843
    7.5000    0.0000   30.0000 2792.1079   11.5361
   -7.5000    7.5000   30.0000 2769.1772   11.7265
    0.0000    7.5000   30.0000 2794.0098   11.5656
    7.5000    7.5000   30.0000 2772.0830   11.6974
   -7.5000   15.0000   30.0000 2721.8528   12.0204
    0.0000   15.0000   30.0000 2745.2102   11.8740
    7.5000   15.0000   30.0000 2723.1069   12.0011
   -7.5000   22.5000   30.0000 2659.2070   12.5423
    0.0000   22.5000   30.0000 2680.8821   12.3859
    7.5000   22.5000   30.0000 2656.0774   12.5193
   -7.5000   30.0000   30.0000 2563.8906   13.2889
    0.0000   30.0000   30.0000 2585.9851   13.0988
    7.5000   30.0000   30.0000 2568.3091   13.2342
   -7.5000   37.5000   30.0000 2459.7009   14.2513
    0.0000   37.5000   30.0000 2475.4531   14.0580
    7.5000   37.5000   30.0000 2469.5420   14.1756
   -7.5000   45.0000   30.0000 2335.5505   15.4529
    0.0000   45.0000   30.0000 2355.5925   15.2716
    7.5000   45.0000   30.0000 2349.0647   15.4008
   -7.5000  -45.0000   37.5000 2451.7100   15.1714
    0.0000  -45.0000   37.5000 2474.8467   15.0290
    7.5000  -45.0000   37.5000 2453.2437   15.2732
   -7.5000  -37.5000   37.5000 2515.1917   14.0395
    0.0000  -37.5000   37.5000 2540.7107   13.8714
    7.5000  -37.5000   37.5000 2515.3738   14.1226
   -7.5000  -30.0000   37.5000 2576.4143   13.2468
    0.0000  -30.0000   37.5000 2599.2314   13.0729
    7.5000  -30.0000   37.5000 2574.4016   13.3071
   -7.5000  -22.5000   37.5000 2625.1802   12.7426
    0.0000  -22.5000   37.5000 2649.8035   12.5747
    7.5000  -22.5000   37.5000 2619.9092   12.7755
   -7.5000  -15.0000   37.5000 2670.5703   12.4657
    0.0000  -15.0000   37.5000 2696.0200   12.3011
    7.5000  -15.0000   37.5000 2666.6594   12.4685
   -7.5000   -7.5000   37.5000 2700.3096   12.3194
    0.0000   -7.5000   37.5000 2726.9773   12.1461
    7.5000   -7.5000   37.5000 2697.9731   12.3068
   -7.5000    0.0000   37.5000 2705.3438   12.3369
    0.0000    0.0000   37.5000 2731.3044   12.1530
    7.5000    0.0000   37.5000 2702.3975   12.3204
   -7.5000    7.5000   37.5000 2678.7432   12.5038
    0.0000    7.5000   37.5000 2701.3621   12.3360
    7.5000    7.5000   37.5000 2682.8438   12.4849
   -7.5000   15.0000   37.5000 2633.5930   12.8332
    0.0000   15.0000   37.5000 2654.4849   12.6726
    7.5000   15.0000   37.5000 2636.0754   12.8137
   -7.5000   22.5000   37.5000 2575.5217   13.3167
    0.0000   22.5000   37.5000 2597.4690   13.1482
    7.5000   22.5000   37.5000 2578.3896   13.2991
   -7.5000   30.0000   37.5000 2497.3350   14.0404
    0.0000   30.0000   37.5000 2517.8560   13.8578
    7.5000   30.0000   37.5000 2499.8076   14.0111
   -7.5000   37.5000   37.5000 2397.7610   14.9798
    0.0000   37.5000   37.5000 2415.0112   14.7913
    7.5000   37.5000   37.5000 2403.8201   14.9354
   -7.5000   45.0000   37.5000 2278.8665   16.1905
    0.0000   45.0000   37.5000 2296.7517   16.0307
    7.5000   45.0000   37.5000 2284.9128   16.1584
   -7.5000  -45.0000   45.0000 2386.5850   16.1402
    0.0000  -45.0000   45.0000 2408.3157   15.9990
    7.5000  -45.0000   45.0000 2383.2981   16.2551
   -7.5000  -37.5000   45.0000 2452.0852   14.9482
    0.0000  -37.5000   45.0000 2475.9526   14.8092
    7.5000  -37.5000   45.0000 2446.3030   15.0435
   -7.5000  -30.0000   45.0000 2506.9175   14.1651
    0.0000  -30.0000   45.0000 2532.1335   14.0121
    7.5000  -30.0000   45.0000 2505.0217   14.2215
   -7.5000  -22.5000   45.0000 2551.6843   13.6516
    0.0000  -22.5000   45.0000 2577.5776   13.5024
    7.5000  -22.5000   45.0000 2547.5073   13.6870
   -7.5000  -15.0000   45.0000 2587.3687   13.3751
    0.0000  -15.0000   45.0000 2615.2957   13.2208
    7.5000  -15.0000   45.0000 2583.4514   13.3800
   -7.5000   -7.5000   45.0000 2606.4197   13.2371
    0.0000   -7.5000   45.0000 2632.0842   13.0775
    7.5000   -7.5000   45.0000 2602.6653   13.2486
   -7.5000    0.0000   45.0000 2607.4856   13.2681
    0.0000    0.0000   45.0000 2629.5383   13.1112
    7.5000    0.0000   45.0000 2602.4895   13.2792
   -7.5000    7.5000   45.0000 2583.9019   13.4432
    0.0000    7.5000   45.0000 2603.1782   13.2975
    7.5000    7.5000   45.0000 2588.3452   13.4431
   -7.5000   15.0000   45.0000 2543.1252   13.7853
    0.0000   15.0000   45.0000 2559.5144   13.6331
    7.5000   15.0000   45.0000 2547.3262   13.7681
   -7.5000   22.5000   45.0000 2486.2664   14.2516
    0.0000   22.5000   45.0000 2505.5916   14.0953
    7.5000   22.5000   45.0000 2492.6550   14.2378
   -7.5000   30.0000   45.0000 2422.9336   14.9327
    0.0000   30.0000   45.0000 2445.6692   14.7404
    7.5000   30.0000   45.0000 2423.5764   14.9069
   -7.5000   37.5000   45.0000 2329.2222   15.8859
    0.0000   37.5000   45.0000 2349.4790   15.6653
    7.5000   37.5000   45.0000 2331.5027   15.8348
   -7.5000   45.0000   45.0000 2213.3477   17.0871
    0.0000   45.0000   45.0000 2232.7637   16.9048
    7.5000   45.0000   45.0000 2216.6057   17.0264

---------------------------------------------------------------------
imgreg_4dfp /opt/freesurfer/average/711-2C_as_mni_average_305 /opt/freesurfer/average/711-2B_as_mni_average_305_mask talsrcimg_g11 none talsrcimg_to_711-2C_as_mni_average_305_t4 1283
---------------------------------------------------------------------

freesurfer imgreg_4dfp.c
/opt/freesurfer/average/711-2C_as_mni_average_305.4dfp.img
       256       256       256         1
  1.000000  1.000000  1.000000
orientation T byte_order littleendian
Reading image: /opt/freesurfer/average/711-2C_as_mni_average_305.4dfp.img
dimensions:      256       256       256
mmppix:       1.0000   -1.0000   -1.0000
center:     128.0000 -129.0000 -129.0000
/opt/freesurfer/average/711-2B_as_mni_average_305_mask.4dfp.img
       256       256       256         1
  1.000000  1.000000  1.000000
orientation T byte_order littleendian
Reading mask: /opt/freesurfer/average/711-2B_as_mni_average_305_mask.4dfp.img (2306576 pixels)
talsrcimg_g11.4dfp.img
       256       256       256         1
  1.000000  1.000000  1.000000
orientation T byte_order littleendian
Reading image: talsrcimg_g11.4dfp.img
dimensions:      256       256       256
mmppix:       1.0000   -1.0000   -1.0000
center:     128.0000 -129.0000 -129.0000
rotation matrix determinant  1.000000
fimgreg.f
image alignment mode   1283 decimal      503 hex
parameters
    0.0000    0.0000    0.0000    0.0000    0.0000    0.0000
eta,q 0.94583 10.01218
niter,ni,del,rscale     5    3   12.0000    1.2000
parameter  3 -0.555538 -> -0.500000 qaram    1.1500
parameter  4  3.865258 ->  0.500000 qaram    1.1500
parameters
    0.6467    2.2674    3.4500   -3.4500   -0.1799   -0.9058
eta,q 0.95217  9.95197
  0.0636  0.0659  0.0598  0.0449  0.0514  0.0495
  0.0580  0.0613  0.0570  0.0471  0.0498  0.0482
  0.0555  0.0572  0.0550  0.0498  0.0484  0.0479
  0.0550  0.0547  0.0541  0.0529  0.0478  0.0478
  0.0549  0.0542  0.0534  0.0568  0.0481  0.0482
  0.0565  0.0549  0.0531  0.0606  0.0497  0.0493
  0.0600  0.0564  0.0535  0.0637  0.0523  0.0509
niter,ni,del,rscale     6    3   12.0000    1.2000
parameter  4  2.792588 ->  0.500000 qaram    1.3225
parameters
    0.0281    3.2473    2.0333   -7.4175    0.1176   -0.3420
eta,q 0.95746  9.92819
  0.0543  0.0566  0.0527  0.0404  0.0471  0.0465
  0.0498  0.0509  0.0505  0.0419  0.0447  0.0441
  0.0478  0.0480  0.0487  0.0448  0.0432  0.0429
  0.0478  0.0478  0.0480  0.0482  0.0426  0.0425
  0.0486  0.0482  0.0501  0.0517  0.0426  0.0427
  0.0522  0.0492  0.0544  0.0558  0.0439  0.0435
  0.0581  0.0512  0.0597  0.0593  0.0465  0.0450
niter,ni,del,rscale     6    3   12.0000    1.2000
parameter  4  1.275375 ->  0.500000 qaram    1.5209
parameters
   -0.1151    4.6513    1.4885  -11.9801    0.9828   -0.3771
eta,q 0.96133  9.99200
  0.0515  0.0521  0.0486  0.0374  0.0458  0.0428
  0.0458  0.0472  0.0459  0.0383  0.0424  0.0406
  0.0427  0.0437  0.0443  0.0399  0.0396  0.0391
  0.0425  0.0425  0.0424  0.0428  0.0387  0.0387
  0.0434  0.0425  0.0430  0.0469  0.0389  0.0393
  0.0467  0.0433  0.0466  0.0513  0.0400  0.0406
  0.0521  0.0457  0.0524  0.0558  0.0426  0.0429
niter,ni,del,rscale     6    3   12.0000    1.2000
parameters
   -0.4314    6.4628    0.1760  -16.2176    0.6859   -0.5846
eta,q 0.96584 10.00905
  0.0488  0.0498  0.0439  0.0392  0.0405  0.0409
  0.0427  0.0441  0.0393  0.0351  0.0372  0.0374
  0.0389  0.0402  0.0376  0.0345  0.0348  0.0349
  0.0387  0.0386  0.0381  0.0377  0.0342  0.0342
  0.0402  0.0380  0.0400  0.0422  0.0356  0.0355
  0.0444  0.0385  0.0445  0.0473  0.0383  0.0383
  0.0510  0.0411  0.0511  0.0525  0.0416  0.0416
niter,ni,del,rscale     5    3   12.0000    1.2000
parameters
   -0.2438    6.5978   -1.0179  -16.8394    0.6772   -0.8537
eta,q 0.96604 10.01318
  0.0496  0.0453  0.0417  0.0432  0.0402  0.0399
  0.0414  0.0399  0.0370  0.0396  0.0370  0.0368
  0.0356  0.0362  0.0343  0.0356  0.0348  0.0346
  0.0342  0.0342  0.0341  0.0340  0.0340  0.0340
  0.0360  0.0349  0.0366  0.0363  0.0348  0.0353
  0.0406  0.0392  0.0425  0.0409  0.0371  0.0377
  0.0472  0.0447  0.0497  0.0465  0.0402  0.0408
niter,ni,del,rscale     4    3   12.0000    1.2000
parameters
   -0.2205    6.5035   -1.2683  -17.0743    0.7421   -0.9170
eta,q 0.96600 10.01202
  0.0483  0.0439  0.0442  0.0436  0.0403  0.0402
  0.0400  0.0384  0.0388  0.0401  0.0370  0.0372
  0.0347  0.0352  0.0349  0.0362  0.0349  0.0348
  0.0340  0.0340  0.0340  0.0340  0.0340  0.0340
  0.0362  0.0354  0.0351  0.0357  0.0347  0.0351
  0.0408  0.0395  0.0394  0.0398  0.0369  0.0374
  0.0470  0.0441  0.0462  0.0456  0.0400  0.0403
niter,ni,del,rscale     3    3   12.0000    1.2000
parameters
   -0.2355    6.5085   -1.3392  -17.1630    0.7779   -0.9297
eta,q 0.96598 10.01179
  0.0481  0.0442  0.0447  0.0437  0.0403  0.0402
  0.0399  0.0385  0.0391  0.0403  0.0370  0.0373
  0.0347  0.0352  0.0351  0.0364  0.0348  0.0349
  0.0340  0.0340  0.0340  0.0340  0.0340  0.0340
  0.0363  0.0354  0.0350  0.0354  0.0348  0.0350
  0.0410  0.0393  0.0390  0.0394  0.0370  0.0373
  0.0470  0.0436  0.0455  0.0452  0.0401  0.0402
niter,ni,del,rscale     2    3   12.0000    1.2000
parameters
   -0.2450    6.5177   -1.3633  -17.1968    0.7927   -0.9319
eta,q 0.96597 10.01180
  0.0481  0.0442  0.0449  0.0437  0.0403  0.0402
  0.0399  0.0385  0.0391  0.0404  0.0369  0.0373
  0.0347  0.0352  0.0351  0.0365  0.0348  0.0349
  0.0340  0.0340  0.0340  0.0340  0.0340  0.0340
  0.0363  0.0355  0.0350  0.0353  0.0348  0.0350
  0.0410  0.0393  0.0389  0.0393  0.0370  0.0372
  0.0470  0.0435  0.0453  0.0451  0.0401  0.0402
registration optimization eta report
parameter search radius
    6.0000    6.0000    6.9000    9.1253    6.0000    6.0000
100000*second partial in parameter space
       38.       27.       24.       12.       17.       17.
  0.0481  0.0442  0.0449  0.0437  0.0403  0.0402
  0.0399  0.0385  0.0391  0.0404  0.0369  0.0373
  0.0347  0.0352  0.0351  0.0365  0.0348  0.0349
  0.0340  0.0340  0.0340  0.0340  0.0340  0.0340
  0.0363  0.0355  0.0350  0.0353  0.0348  0.0350
  0.0410  0.0393  0.0389  0.0393  0.0370  0.0372
  0.0470  0.0435  0.0453  0.0451  0.0401  0.0402
   -0.2450    6.5177   -1.3633  -17.1968    0.7927   -0.9319
eta,q 0.96597 10.01180

---------------------------------------------------------------------
imgreg_4dfp /opt/freesurfer/average/711-2C_as_mni_average_305 /opt/freesurfer/average/711-2B_as_mni_average_305_mask talsrcimg_g11 none talsrcimg_to_711-2C_as_mni_average_305_t4 3335
---------------------------------------------------------------------

freesurfer imgreg_4dfp.c
/opt/freesurfer/average/711-2C_as_mni_average_305.4dfp.img
       256       256       256         1
  1.000000  1.000000  1.000000
orientation T byte_order littleendian
Reading image: /opt/freesurfer/average/711-2C_as_mni_average_305.4dfp.img
dimensions:      256       256       256
mmppix:       1.0000   -1.0000   -1.0000
center:     128.0000 -129.0000 -129.0000
/opt/freesurfer/average/711-2B_as_mni_average_305_mask.4dfp.img
       256       256       256         1
  1.000000  1.000000  1.000000
orientation T byte_order littleendian
Reading mask: /opt/freesurfer/average/711-2B_as_mni_average_305_mask.4dfp.img (2306576 pixels)
talsrcimg_g11.4dfp.img
       256       256       256         1
  1.000000  1.000000  1.000000
orientation T byte_order littleendian
Reading image: talsrcimg_g11.4dfp.img
dimensions:      256       256       256
mmppix:       1.0000   -1.0000   -1.0000
center:     128.0000 -129.0000 -129.0000
fimgreg.f
image alignment mode   3335 decimal      D07 hex
parameters
   -0.2450    6.5177   -1.3633   -0.0228   -4.4898   -4.4797
    1.9626   -0.8406   -1.6262   29.5831    1.3834  -29.5627
eta,q 0.96638 10.00419
niter,ni,del,rscale     5    3    5.0000    1.2000
parameter  5  1.483134 ->  0.500000 qaram    1.1500
parameter  6  0.509391 ->  0.500000 qaram    1.1500
parameter 10  0.690978 ->  0.500000 qaram    1.1500
parameters
   -0.1880    6.5070   -1.4455   -2.8995   -8.6298   -8.6197
    2.4165   -0.5178    0.0262   25.4431   -1.9124  -29.5849
eta,q 0.96984  9.37143
  0.0362  0.0352  0.0347  0.0339  0.0310  0.0315  0.0336  0.0342  0.0333  0.0304  0.0304  0.0314
  0.0348  0.0343  0.0341  0.0335  0.0314  0.0312  0.0323  0.0327  0.0323  0.0303  0.0302  0.0308
  0.0339  0.0338  0.0337  0.0334  0.0323  0.0311  0.0315  0.0316  0.0315  0.0305  0.0302  0.0303
  0.0336  0.0336  0.0336  0.0336  0.0334  0.0316  0.0311  0.0311  0.0311  0.0310  0.0303  0.0302
  0.0339  0.0338  0.0338  0.0342  0.0348  0.0326  0.0313  0.0313  0.0310  0.0318  0.0306  0.0303
  0.0346  0.0343  0.0342  0.0352  0.0364  0.0343  0.0320  0.0322  0.0313  0.0331  0.0311  0.0308
  0.0360  0.0352  0.0350  0.0366  0.0382  0.0365  0.0330  0.0338  0.0319  0.0346  0.0317  0.0315
niter,ni,del,rscale     7    3    5.0000    1.2000
parameter  5  0.531772 ->  0.500000 qaram    1.3225
parameters
   -0.3693    6.1885   -2.1313   -2.9513  -13.3908  -10.0576
    2.0007   -0.8220   -0.1901   25.5097   -3.1340  -30.6126
eta,q 0.97073  9.09773
  0.0322  0.0314  0.0306  0.0314  0.0299  0.0310  0.0313  0.0319  0.0307  0.0319  0.0297  0.0301
  0.0310  0.0306  0.0302  0.0306  0.0295  0.0300  0.0301  0.0305  0.0299  0.0303  0.0294  0.0296
  0.0303  0.0301  0.0300  0.0302  0.0295  0.0293  0.0295  0.0296  0.0294  0.0294  0.0293  0.0293
  0.0302  0.0301  0.0301  0.0300  0.0300  0.0295  0.0293  0.0293  0.0293  0.0293  0.0293  0.0293
  0.0306  0.0305  0.0305  0.0301  0.0309  0.0301  0.0297  0.0297  0.0295  0.0297  0.0294  0.0295
  0.0315  0.0312  0.0311  0.0306  0.0323  0.0311  0.0305  0.0308  0.0300  0.0305  0.0297  0.0300
  0.0330  0.0323  0.0320  0.0314  0.0339  0.0326  0.0317  0.0324  0.0308  0.0316  0.0301  0.0307
niter,ni,del,rscale     7    3    5.0000    1.2000
parameters
   -0.3797    6.4287   -2.5554   -2.9708  -13.4733  -10.5262
    1.9714   -0.7736   -0.0834   26.2216   -3.4883  -31.2308
eta,q 0.97079  9.09203
  0.0317  0.0313  0.0300  0.0306  0.0315  0.0313  0.0314  0.0321  0.0306  0.0321  0.0297  0.0301
  0.0303  0.0302  0.0295  0.0299  0.0304  0.0302  0.0302  0.0305  0.0298  0.0305  0.0294  0.0296
  0.0295  0.0295  0.0293  0.0294  0.0296  0.0294  0.0294  0.0296  0.0293  0.0295  0.0293  0.0293
  0.0293  0.0293  0.0293  0.0292  0.0292  0.0292  0.0292  0.0292  0.0292  0.0292  0.0292  0.0292
  0.0296  0.0294  0.0295  0.0294  0.0294  0.0297  0.0295  0.0295  0.0294  0.0294  0.0293  0.0294
  0.0304  0.0298  0.0301  0.0299  0.0303  0.0306  0.0303  0.0305  0.0298  0.0301  0.0295  0.0298
  0.0317  0.0306  0.0309  0.0306  0.0317  0.0318  0.0314  0.0320  0.0305  0.0311  0.0298  0.0304
niter,ni,del,rscale     6    3    5.0000    1.2000
parameters
   -0.3686    6.5817   -2.8571   -2.9767  -13.9040  -10.8845
    1.9451   -0.7132    0.0583   26.8859   -3.7968  -31.6538
eta,q 0.97082  9.07379
  0.0316  0.0311  0.0301  0.0305  0.0312  0.0313  0.0313  0.0320  0.0306  0.0319  0.0297  0.0301
  0.0303  0.0300  0.0295  0.0298  0.0302  0.0302  0.0302  0.0305  0.0298  0.0303  0.0294  0.0296
  0.0295  0.0294  0.0293  0.0294  0.0294  0.0294  0.0294  0.0295  0.0293  0.0294  0.0292  0.0293
  0.0292  0.0292  0.0292  0.0292  0.0292  0.0292  0.0292  0.0292  0.0292  0.0292  0.0292  0.0292
  0.0295  0.0293  0.0294  0.0293  0.0295  0.0297  0.0294  0.0295  0.0293  0.0294  0.0293  0.0294
  0.0303  0.0298  0.0299  0.0298  0.0303  0.0304  0.0302  0.0304  0.0298  0.0301  0.0295  0.0297
  0.0316  0.0306  0.0306  0.0305  0.0318  0.0316  0.0313  0.0319  0.0304  0.0310  0.0297  0.0303
niter,ni,del,rscale     5    3    5.0000    1.2000
parameters
   -0.3630    6.7522   -3.1346   -2.9819  -14.4008  -11.3248
    1.9141   -0.6629    0.1913   27.5950   -3.9971  -31.9378
eta,q 0.97086  9.04881
  0.0316  0.0310  0.0300  0.0305  0.0311  0.0312  0.0313  0.0319  0.0305  0.0318  0.0296  0.0300
  0.0302  0.0300  0.0295  0.0298  0.0301  0.0301  0.0301  0.0304  0.0297  0.0303  0.0294  0.0295
  0.0294  0.0294  0.0292  0.0293  0.0294  0.0293  0.0294  0.0295  0.0293  0.0294  0.0292  0.0292
  0.0292  0.0292  0.0292  0.0292  0.0292  0.0292  0.0291  0.0291  0.0291  0.0291  0.0292  0.0291
  0.0294  0.0293  0.0294  0.0293  0.0294  0.0296  0.0294  0.0295  0.0293  0.0294  0.0292  0.0293
  0.0302  0.0298  0.0299  0.0298  0.0302  0.0304  0.0302  0.0304  0.0297  0.0300  0.0294  0.0296
  0.0315  0.0305  0.0305  0.0305  0.0316  0.0316  0.0313  0.0319  0.0304  0.0308  0.0297  0.0302
niter,ni,del,rscale     4    3    5.0000    1.2000
parameters
   -0.3628    6.9677   -3.4489   -2.9945  -15.0629  -11.9488
    1.9075   -0.6514    0.2579   28.4532   -4.0834  -32.1310
eta,q 0.97090  9.01028
  0.0315  0.0310  0.0299  0.0304  0.0308  0.0310  0.0312  0.0318  0.0305  0.0317  0.0296  0.0299
  0.0302  0.0300  0.0294  0.0297  0.0300  0.0300  0.0300  0.0304  0.0297  0.0303  0.0293  0.0295
  0.0294  0.0294  0.0292  0.0293  0.0293  0.0293  0.0293  0.0294  0.0292  0.0294  0.0292  0.0292
  0.0291  0.0291  0.0291  0.0291  0.0291  0.0291  0.0291  0.0291  0.0291  0.0291  0.0291  0.0291
  0.0294  0.0293  0.0294  0.0292  0.0294  0.0296  0.0294  0.0294  0.0293  0.0293  0.0292  0.0292
  0.0302  0.0297  0.0298  0.0297  0.0302  0.0304  0.0301  0.0303  0.0297  0.0299  0.0293  0.0295
  0.0315  0.0304  0.0305  0.0304  0.0315  0.0316  0.0312  0.0318  0.0304  0.0307  0.0296  0.0300
niter,ni,del,rscale     3    3    5.0000    1.2000
parameters
   -0.3786    7.2793   -3.8792   -3.0794  -16.1251  -12.9723
    1.9825   -0.6960    0.1953   29.7117   -3.9801  -32.0196
eta,q 0.97101  8.93997
  0.0314  0.0310  0.0297  0.0303  0.0305  0.0307  0.0310  0.0316  0.0303  0.0317  0.0295  0.0298
  0.0301  0.0300  0.0293  0.0296  0.0297  0.0298  0.0299  0.0302  0.0296  0.0304  0.0292  0.0294
  0.0293  0.0294  0.0291  0.0292  0.0292  0.0291  0.0292  0.0293  0.0291  0.0295  0.0290  0.0291
  0.0291  0.0291  0.0291  0.0291  0.0291  0.0291  0.0290  0.0290  0.0290  0.0290  0.0290  0.0290
  0.0294  0.0292  0.0293  0.0292  0.0294  0.0295  0.0292  0.0293  0.0292  0.0291  0.0291  0.0291
  0.0302  0.0295  0.0298  0.0296  0.0302  0.0304  0.0299  0.0303  0.0297  0.0296  0.0292  0.0293
  0.0314  0.0302  0.0305  0.0303  0.0315  0.0317  0.0309  0.0317  0.0303  0.0304  0.0294  0.0297
niter,ni,del,rscale     2    3    5.0000    1.2000
parameters
   -0.4273    7.8397   -4.6248   -3.3287  -18.2428  -14.8744
    2.2211   -0.8369    0.0586   31.5199   -3.8008  -30.9767
eta,q 0.97149  8.78639
  0.0311  0.0312  0.0293  0.0299  0.0298  0.0300  0.0306  0.0311  0.0300  0.0321  0.0290  0.0293
  0.0299  0.0301  0.0290  0.0293  0.0292  0.0292  0.0296  0.0298  0.0292  0.0306  0.0288  0.0289
  0.0292  0.0294  0.0288  0.0289  0.0288  0.0287  0.0289  0.0289  0.0288  0.0294  0.0286  0.0287
  0.0290  0.0290  0.0289  0.0288  0.0288  0.0288  0.0287  0.0287  0.0287  0.0287  0.0285  0.0285
  0.0293  0.0290  0.0292  0.0289  0.0293  0.0295  0.0288  0.0290  0.0289  0.0286  0.0286  0.0285
  0.0301  0.0292  0.0297  0.0294  0.0302  0.0305  0.0294  0.0299  0.0293  0.0292  0.0287  0.0287
  0.0313  0.0297  0.0304  0.0301  0.0315  0.0320  0.0304  0.0313  0.0301  0.0301  0.0290  0.0290
niter,ni,del,rscale     1    3    5.0000    1.2000
parameters
   -0.5119    8.6571   -5.6676   -3.9502  -20.1953  -16.8248
    2.2520   -0.7614    0.0097   32.8081   -3.7971  -30.4993
eta,q 0.97209  8.62424
  0.0304  0.0311  0.0285  0.0291  0.0294  0.0292  0.0296  0.0305  0.0294  0.0317  0.0284  0.0286
  0.0293  0.0299  0.0283  0.0285  0.0286  0.0285  0.0287  0.0292  0.0286  0.0300  0.0281  0.0283
  0.0287  0.0290  0.0282  0.0282  0.0281  0.0280  0.0282  0.0283  0.0281  0.0287  0.0279  0.0280
  0.0285  0.0285  0.0284  0.0282  0.0282  0.0281  0.0280  0.0280  0.0280  0.0280  0.0279  0.0279
  0.0288  0.0284  0.0287  0.0283  0.0287  0.0287  0.0282  0.0283  0.0282  0.0281  0.0280  0.0280
  0.0295  0.0285  0.0293  0.0288  0.0297  0.0298  0.0287  0.0291  0.0287  0.0288  0.0281  0.0282
  0.0307  0.0290  0.0300  0.0295  0.0311  0.0313  0.0296  0.0304  0.0294  0.0300  0.0284  0.0285
registration optimization eta report
parameter search radius
    2.4000    2.4000    2.4000    7.2000    9.5220    8.2800
    7.2000    7.2000    7.2000    8.2800    7.2000    7.2000
100000*second partial in parameter space
       35.       27.       15.        2.        2.        3.
        3.        5.        3.        4.        1.        1.
  0.0304  0.0311  0.0285  0.0291  0.0294  0.0292  0.0296  0.0305  0.0294  0.0317  0.0284  0.0286
  0.0293  0.0299  0.0283  0.0285  0.0286  0.0285  0.0287  0.0292  0.0286  0.0300  0.0281  0.0283
  0.0287  0.0290  0.0282  0.0282  0.0281  0.0280  0.0282  0.0283  0.0281  0.0287  0.0279  0.0280
  0.0285  0.0285  0.0284  0.0282  0.0282  0.0281  0.0280  0.0280  0.0280  0.0280  0.0279  0.0279
  0.0288  0.0284  0.0287  0.0283  0.0287  0.0287  0.0282  0.0283  0.0282  0.0281  0.0280  0.0280
  0.0295  0.0285  0.0293  0.0288  0.0297  0.0298  0.0287  0.0291  0.0287  0.0288  0.0281  0.0282
  0.0307  0.0290  0.0300  0.0295  0.0311  0.0313  0.0296  0.0304  0.0294  0.0300  0.0284  0.0285
   -0.5119    8.6571   -5.6676   -3.9502  -20.1953  -16.8248
    2.2520   -0.7614    0.0097   32.8081   -3.7971  -30.4993
eta,q 0.97209  8.62424

---------------------------------------------------------------------
imgreg_4dfp /opt/freesurfer/average/711-2C_as_mni_average_305 /opt/freesurfer/average/711-2B_as_mni_average_305_mask talsrcimg_g11 none talsrcimg_to_711-2C_as_mni_average_305_t4 2311
---------------------------------------------------------------------

freesurfer imgreg_4dfp.c
/opt/freesurfer/average/711-2C_as_mni_average_305.4dfp.img
       256       256       256         1
  1.000000  1.000000  1.000000
orientation T byte_order littleendian
Reading image: /opt/freesurfer/average/711-2C_as_mni_average_305.4dfp.img
dimensions:      256       256       256
mmppix:       1.0000   -1.0000   -1.0000
center:     128.0000 -129.0000 -129.0000
/opt/freesurfer/average/711-2B_as_mni_average_305_mask.4dfp.img
       256       256       256         1
  1.000000  1.000000  1.000000
orientation T byte_order littleendian
Reading mask: /opt/freesurfer/average/711-2B_as_mni_average_305_mask.4dfp.img (2306576 pixels)
talsrcimg_g11.4dfp.img
       256       256       256         1
  1.000000  1.000000  1.000000
orientation T byte_order littleendian
Reading image: talsrcimg_g11.4dfp.img
dimensions:      256       256       256
mmppix:       1.0000   -1.0000   -1.0000
center:     128.0000 -129.0000 -129.0000
fimgreg.f
image alignment mode   2311 decimal      907 hex
parameters
   -0.5119    8.6571   -5.6676   -3.9502  -20.1953  -16.8248
    2.2520   -0.7614    0.0097   32.8081   -3.7971  -30.4993
eta,q 0.97209  8.62424
niter,ni,del,rscale     5    3    5.0000    0.8000
parameters
   -0.4533    9.0374   -6.3396   -4.2406  -20.5913  -17.8050
    1.9704   -0.5713   -0.0657   33.0833   -3.7357  -30.7325
eta,q 0.97224  8.57012
  0.0288  0.0289  0.0279  0.0282  0.0283  0.0282  0.0284  0.0290  0.0284  0.0290  0.0280  0.0280
  0.0283  0.0284  0.0278  0.0279  0.0280  0.0279  0.0280  0.0283  0.0280  0.0283  0.0279  0.0279
  0.0280  0.0281  0.0278  0.0278  0.0278  0.0278  0.0278  0.0279  0.0278  0.0279  0.0278  0.0278
  0.0279  0.0279  0.0279  0.0278  0.0278  0.0278  0.0278  0.0278  0.0278  0.0278  0.0278  0.0278
  0.0280  0.0279  0.0280  0.0279  0.0279  0.0280  0.0279  0.0279  0.0279  0.0278  0.0278  0.0278
  0.0282  0.0280  0.0283  0.0280  0.0282  0.0283  0.0281  0.0282  0.0281  0.0282  0.0279  0.0279
  0.0287  0.0283  0.0286  0.0283  0.0286  0.0287  0.0286  0.0288  0.0285  0.0287  0.0280  0.0281
niter,ni,del,rscale     4    3    5.0000    0.7000
parameters
   -0.3367    9.1267   -6.7101   -4.3239  -20.6466  -18.2824
    1.7737   -0.3971   -0.1022   33.2612   -3.5744  -30.9939
eta,q 0.97229  8.55559
  0.0285  0.0283  0.0279  0.0281  0.0282  0.0282  0.0282  0.0287  0.0282  0.0286  0.0279  0.0279
  0.0281  0.0280  0.0278  0.0278  0.0280  0.0279  0.0279  0.0282  0.0279  0.0282  0.0278  0.0278
  0.0278  0.0278  0.0277  0.0277  0.0278  0.0277  0.0278  0.0278  0.0278  0.0278  0.0277  0.0277
  0.0278  0.0278  0.0277  0.0277  0.0277  0.0277  0.0277  0.0277  0.0277  0.0277  0.0277  0.0277
  0.0278  0.0278  0.0278  0.0278  0.0278  0.0279  0.0278  0.0278  0.0278  0.0278  0.0277  0.0278
  0.0280  0.0279  0.0280  0.0279  0.0280  0.0281  0.0280  0.0281  0.0280  0.0281  0.0278  0.0279
  0.0283  0.0282  0.0282  0.0281  0.0283  0.0284  0.0283  0.0285  0.0282  0.0285  0.0279  0.0280
niter,ni,del,rscale     3    3    5.0000    0.6000
parameters
   -0.2668    9.1755   -6.9122   -4.3947  -20.6770  -18.5428
    1.6404   -0.3064   -0.1238   33.3801   -3.5219  -31.1845
eta,q 0.97230  8.54797
  0.0282  0.0281  0.0279  0.0280  0.0281  0.0281  0.0281  0.0284  0.0281  0.0284  0.0278  0.0279
  0.0279  0.0279  0.0278  0.0278  0.0279  0.0279  0.0279  0.0280  0.0279  0.0280  0.0278  0.0278
  0.0278  0.0278  0.0277  0.0277  0.0277  0.0277  0.0277  0.0278  0.0277  0.0278  0.0277  0.0277
  0.0277  0.0277  0.0277  0.0277  0.0277  0.0277  0.0277  0.0277  0.0277  0.0277  0.0277  0.0277
  0.0277  0.0277  0.0278  0.0277  0.0277  0.0278  0.0278  0.0278  0.0277  0.0278  0.0277  0.0277
  0.0279  0.0279  0.0279  0.0278  0.0279  0.0279  0.0279  0.0280  0.0279  0.0280  0.0278  0.0278
  0.0281  0.0281  0.0280  0.0280  0.0281  0.0282  0.0281  0.0283  0.0281  0.0283  0.0278  0.0279
niter,ni,del,rscale     2    3    5.0000    0.5000
parameters
   -0.2295    9.1944   -7.0401   -4.4738  -20.7025  -18.7314
    1.5866   -0.2614   -0.1300   33.4489   -3.4274  -31.2668
eta,q 0.97230  8.54057
  0.0280  0.0280  0.0278  0.0279  0.0280  0.0279  0.0280  0.0282  0.0280  0.0282  0.0278  0.0278
  0.0278  0.0278  0.0277  0.0278  0.0278  0.0278  0.0278  0.0279  0.0278  0.0279  0.0277  0.0278
  0.0277  0.0277  0.0277  0.0277  0.0277  0.0277  0.0277  0.0277  0.0277  0.0278  0.0277  0.0277
  0.0277  0.0277  0.0277  0.0277  0.0277  0.0277  0.0277  0.0277  0.0277  0.0277  0.0277  0.0277
  0.0277  0.0277  0.0277  0.0277  0.0277  0.0277  0.0277  0.0277  0.0277  0.0277  0.0277  0.0277
  0.0278  0.0278  0.0278  0.0278  0.0278  0.0279  0.0278  0.0279  0.0278  0.0279  0.0277  0.0278
  0.0280  0.0280  0.0279  0.0279  0.0280  0.0280  0.0280  0.0281  0.0280  0.0281  0.0278  0.0278
niter,ni,del,rscale     1    3    5.0000    0.4000
parameters
   -0.2195    9.2023   -7.1120   -4.5523  -20.7094  -18.8072
    1.5925   -0.2604   -0.1510   33.4720   -3.3886  -31.3444
eta,q 0.97231  8.53606
  0.0279  0.0279  0.0278  0.0278  0.0279  0.0279  0.0279  0.0280  0.0279  0.0280  0.0277  0.0278
  0.0278  0.0278  0.0277  0.0277  0.0278  0.0278  0.0278  0.0278  0.0278  0.0278  0.0277  0.0277
  0.0277  0.0277  0.0277  0.0277  0.0277  0.0277  0.0277  0.0277  0.0277  0.0277  0.0277  0.0277
  0.0277  0.0277  0.0277  0.0277  0.0277  0.0277  0.0277  0.0277  0.0277  0.0277  0.0277  0.0277
  0.0277  0.0277  0.0277  0.0277  0.0277  0.0277  0.0277  0.0277  0.0277  0.0277  0.0277  0.0277
  0.0278  0.0278  0.0277  0.0277  0.0278  0.0278  0.0278  0.0278  0.0278  0.0278  0.0277  0.0277
  0.0279  0.0279  0.0278  0.0278  0.0279  0.0279  0.0279  0.0280  0.0279  0.0280  0.0277  0.0278
registration optimization eta report
parameter search radius
    0.8000    0.8000    0.8000    2.4000    2.4000    2.4000
    2.4000    2.4000    2.4000    2.4000    2.4000    2.4000
100000*second partial in parameter space
       30.       26.       14.        2.        3.        3.
        3.        5.        3.        5.        1.        2.
  0.0279  0.0279  0.0278  0.0278  0.0279  0.0279  0.0279  0.0280  0.0279  0.0280  0.0277  0.0278
  0.0278  0.0278  0.0277  0.0277  0.0278  0.0278  0.0278  0.0278  0.0278  0.0278  0.0277  0.0277
  0.0277  0.0277  0.0277  0.0277  0.0277  0.0277  0.0277  0.0277  0.0277  0.0277  0.0277  0.0277
  0.0277  0.0277  0.0277  0.0277  0.0277  0.0277  0.0277  0.0277  0.0277  0.0277  0.0277  0.0277
  0.0277  0.0277  0.0277  0.0277  0.0277  0.0277  0.0277  0.0277  0.0277  0.0277  0.0277  0.0277
  0.0278  0.0278  0.0277  0.0277  0.0278  0.0278  0.0278  0.0278  0.0278  0.0278  0.0277  0.0277
  0.0279  0.0279  0.0278  0.0278  0.0279  0.0279  0.0279  0.0280  0.0279  0.0280  0.0277  0.0278
   -0.2195    9.2023   -7.1120   -4.5523  -20.7094  -18.8072
    1.5925   -0.2604   -0.1510   33.4720   -3.3886  -31.3444
eta,q 0.97231  8.53606

---------------------------------------------------------------------
imgreg_4dfp /opt/freesurfer/average/711-2C_as_mni_average_305 /opt/freesurfer/average/711-2B_as_mni_average_305_mask talsrcimg_g11 none talsrcimg_to_711-2C_as_mni_average_305_t4 2311
---------------------------------------------------------------------

freesurfer imgreg_4dfp.c
/opt/freesurfer/average/711-2C_as_mni_average_305.4dfp.img
       256       256       256         1
  1.000000  1.000000  1.000000
orientation T byte_order littleendian
Reading image: /opt/freesurfer/average/711-2C_as_mni_average_305.4dfp.img
dimensions:      256       256       256
mmppix:       1.0000   -1.0000   -1.0000
center:     128.0000 -129.0000 -129.0000
/opt/freesurfer/average/711-2B_as_mni_average_305_mask.4dfp.img
       256       256       256         1
  1.000000  1.000000  1.000000
orientation T byte_order littleendian
Reading mask: /opt/freesurfer/average/711-2B_as_mni_average_305_mask.4dfp.img (2306576 pixels)
talsrcimg_g11.4dfp.img
       256       256       256         1
  1.000000  1.000000  1.000000
orientation T byte_order littleendian
Reading image: talsrcimg_g11.4dfp.img
dimensions:      256       256       256
mmppix:       1.0000   -1.0000   -1.0000
center:     128.0000 -129.0000 -129.0000
fimgreg.f
image alignment mode   2311 decimal      907 hex
parameters
   -0.2195    9.2023   -7.1120   -4.5523  -20.7094  -18.8071
    1.5925   -0.2604   -0.1510   33.4720   -3.3886  -31.3444
eta,q 0.97231  8.53606
niter,ni,del,rscale     5    3    5.0000    0.8000
parameters
   -0.2028    9.2570   -7.1680   -4.2833  -20.7840  -18.8399
    1.5600   -0.1914   -0.0853   33.6004   -3.3444  -31.4983
eta,q 0.97231  8.54688
  0.0285  0.0284  0.0280  0.0283  0.0283  0.0284  0.0284  0.0288  0.0284  0.0288  0.0279  0.0280
  0.0280  0.0280  0.0278  0.0279  0.0280  0.0280  0.0280  0.0282  0.0280  0.0282  0.0278  0.0278
  0.0278  0.0278  0.0277  0.0277  0.0278  0.0278  0.0278  0.0278  0.0278  0.0278  0.0277  0.0277
  0.0277  0.0277  0.0277  0.0277  0.0277  0.0277  0.0277  0.0277  0.0277  0.0277  0.0277  0.0277
  0.0278  0.0278  0.0277  0.0277  0.0278  0.0278  0.0278  0.0278  0.0278  0.0278  0.0277  0.0277
  0.0280  0.0280  0.0279  0.0279  0.0280  0.0280  0.0280  0.0282  0.0280  0.0282  0.0278  0.0279
  0.0285  0.0283  0.0281  0.0281  0.0284  0.0284  0.0284  0.0288  0.0283  0.0287  0.0279  0.0281
niter,ni,del,rscale     4    3    5.0000    0.7000
parameters
   -0.1887    9.2483   -7.1978   -4.2984  -20.7977  -18.8689
    1.5031   -0.1809   -0.0776   33.6096   -3.3218  -31.5270
eta,q 0.97230  8.54535
  0.0283  0.0282  0.0280  0.0281  0.0282  0.0282  0.0282  0.0286  0.0282  0.0285  0.0279  0.0280
  0.0280  0.0279  0.0278  0.0278  0.0279  0.0279  0.0279  0.0281  0.0279  0.0281  0.0278  0.0278
  0.0278  0.0277  0.0277  0.0277  0.0278  0.0277  0.0277  0.0278  0.0278  0.0278  0.0277  0.0277
  0.0277  0.0277  0.0277  0.0277  0.0277  0.0277  0.0277  0.0277  0.0277  0.0277  0.0277  0.0277
  0.0278  0.0278  0.0277  0.0277  0.0278  0.0278  0.0278  0.0278  0.0278  0.0278  0.0277  0.0277
  0.0279  0.0279  0.0278  0.0279  0.0279  0.0279  0.0279  0.0281  0.0279  0.0281  0.0278  0.0278
  0.0283  0.0282  0.0280  0.0280  0.0282  0.0282  0.0283  0.0285  0.0282  0.0285  0.0279  0.0280
niter,ni,del,rscale     3    3    5.0000    0.6000
parameters
   -0.1816    9.2408   -7.2134   -4.3664  -20.7875  -18.9116
    1.4889   -0.1882   -0.0896   33.5843   -3.3310  -31.4972
eta,q 0.97231  8.54101
  0.0281  0.0281  0.0279  0.0280  0.0281  0.0281  0.0281  0.0283  0.0281  0.0283  0.0278  0.0279
  0.0279  0.0279  0.0278  0.0278  0.0279  0.0279  0.0279  0.0280  0.0279  0.0280  0.0278  0.0278
  0.0277  0.0277  0.0277  0.0277  0.0277  0.0277  0.0277  0.0278  0.0277  0.0278  0.0277  0.0277
  0.0277  0.0277  0.0277  0.0277  0.0277  0.0277  0.0277  0.0277  0.0277  0.0277  0.0277  0.0277
  0.0277  0.0277  0.0277  0.0277  0.0277  0.0277  0.0277  0.0278  0.0277  0.0278  0.0277  0.0277
  0.0279  0.0279  0.0278  0.0278  0.0279  0.0279  0.0279  0.0280  0.0279  0.0280  0.0278  0.0278
  0.0281  0.0281  0.0279  0.0279  0.0281  0.0281  0.0281  0.0283  0.0281  0.0283  0.0278  0.0279
niter,ni,del,rscale     2    3    5.0000    0.5000
parameters
   -0.1865    9.2302   -7.2185   -4.4487  -20.7671  -18.9277
    1.4977   -0.2024   -0.1159   33.5661   -3.3274  -31.4738
eta,q 0.97231  8.53746
  0.0280  0.0280  0.0278  0.0279  0.0280  0.0280  0.0280  0.0281  0.0280  0.0281  0.0278  0.0278
  0.0278  0.0278  0.0278  0.0277  0.0278  0.0278  0.0278  0.0279  0.0278  0.0279  0.0277  0.0278
  0.0277  0.0277  0.0277  0.0277  0.0277  0.0277  0.0277  0.0277  0.0277  0.0277  0.0277  0.0277
  0.0277  0.0277  0.0277  0.0277  0.0277  0.0277  0.0277  0.0277  0.0277  0.0277  0.0277  0.0277
  0.0277  0.0277  0.0277  0.0277  0.0277  0.0277  0.0277  0.0277  0.0277  0.0277  0.0277  0.0277
  0.0278  0.0278  0.0278  0.0278  0.0278  0.0278  0.0278  0.0279  0.0278  0.0279  0.0277  0.0278
  0.0280  0.0280  0.0278  0.0279  0.0280  0.0280  0.0280  0.0281  0.0280  0.0281  0.0278  0.0278
niter,ni,del,rscale     1    3    5.0000    0.4000
parameters
   -0.1875    9.2264   -7.2131   -4.5142  -20.7506  -18.9334
    1.5142   -0.2029   -0.1390   33.5541   -3.3022  -31.4941
eta,q 0.97231  8.53534
  0.0279  0.0279  0.0278  0.0278  0.0279  0.0279  0.0279  0.0280  0.0279  0.0280  0.0277  0.0278
  0.0278  0.0278  0.0277  0.0277  0.0278  0.0278  0.0278  0.0278  0.0278  0.0278  0.0277  0.0277
  0.0277  0.0277  0.0277  0.0277  0.0277  0.0277  0.0277  0.0277  0.0277  0.0277  0.0277  0.0277
  0.0277  0.0277  0.0277  0.0277  0.0277  0.0277  0.0277  0.0277  0.0277  0.0277  0.0277  0.0277
  0.0277  0.0277  0.0277  0.0277  0.0277  0.0277  0.0277  0.0277  0.0277  0.0277  0.0277  0.0277
  0.0278  0.0278  0.0277  0.0277  0.0278  0.0278  0.0278  0.0278  0.0278  0.0278  0.0277  0.0277
  0.0279  0.0279  0.0278  0.0278  0.0279  0.0279  0.0279  0.0280  0.0279  0.0280  0.0277  0.0278
registration optimization eta report
parameter search radius
    0.8000    0.8000    0.8000    2.4000    2.4000    2.4000
    2.4000    2.4000    2.4000    2.4000    2.4000    2.4000
100000*second partial in parameter space
       30.       26.       14.        2.        3.        3.
        3.        5.        3.        5.        1.        2.
  0.0279  0.0279  0.0278  0.0278  0.0279  0.0279  0.0279  0.0280  0.0279  0.0280  0.0277  0.0278
  0.0278  0.0278  0.0277  0.0277  0.0278  0.0278  0.0278  0.0278  0.0278  0.0278  0.0277  0.0277
  0.0277  0.0277  0.0277  0.0277  0.0277  0.0277  0.0277  0.0277  0.0277  0.0277  0.0277  0.0277
  0.0277  0.0277  0.0277  0.0277  0.0277  0.0277  0.0277  0.0277  0.0277  0.0277  0.0277  0.0277
  0.0277  0.0277  0.0277  0.0277  0.0277  0.0277  0.0277  0.0277  0.0277  0.0277  0.0277  0.0277
  0.0278  0.0278  0.0277  0.0277  0.0278  0.0278  0.0278  0.0278  0.0278  0.0278  0.0277  0.0277
  0.0279  0.0279  0.0278  0.0278  0.0279  0.0279  0.0279  0.0280  0.0279  0.0280  0.0277  0.0278
   -0.1875    9.2264   -7.2131   -4.5142  -20.7506  -18.9334
    1.5142   -0.2029   -0.1390   33.5541   -3.3022  -31.4941
eta,q 0.97231  8.53534

---------------------------------------------------------------------
compute_vox2vox talsrcimg talsrcimg_to_711-2C_as_mni_average_305_t4 /opt/freesurfer/average/711-2C_as_mni_average_305
---------------------------------------------------------------------

freesurfer compute_vox2vox.c
Reading: talsrcimg.4dfp.ifh
Reading: talsrcimg_to_711-2C_as_mni_average_305_t4
Reading: /opt/freesurfer/average/711-2C_as_mni_average_305.4dfp.ifh
Writing: talsrcimg_to_711-2C_as_mni_average_305_t4_vox2vox.txt

start time Sun Mar 8 16:48:28 CET 2026
end		time Sun Mar 8 16:49:54 CET 2026

mpr2mni305 success

avi2talxfm orig_nu.mgz /opt/freesurfer/average/mni305.cor.mgz talsrcimg_to_711-2C_as_mni_average_305_t4_vox2vox.txt transforms/talairach.auto.xfm
avi2talxfm done
mv -f /out/sourcedata/freesurfer/sub-v1s13x0050050_ses-1/mri/talsrcimg_to_711-2C_as_mni_average_305_t4_vox2vox.txt /out/sourcedata/freesurfer/sub-v1s13x0050050_ses-1/mri/transforms/talsrcimg_to_711-2C_as_mni_average_305_t4_vox2vox.txt
lta_convert --src orig_nu.mgz --trg /opt/freesurfer/average/mni305.cor.mgz --inxfm transforms/talairach.auto.xfm --outlta transforms/talairach.auto.xfm.lta --subject fsaverage
7.3.2

--src: orig_nu.mgz src image (geometry).
--trg: /opt/freesurfer/average/mni305.cor.mgz trg image (geometry).
--inmni: transforms/talairach.auto.xfm input MNI/XFM transform.
--outlta: transforms/talairach.auto.xfm.lta output LTA.
--s: fsaverage subject name
 LTA read, type : 1
 1.04758   0.00937  -0.01629   1.30817;
 0.03726   1.05964   0.42039   4.75360;
-0.01394  -0.44864   1.08382  -8.06920;
 0.00000   0.00000   0.00000   1.00000;
setting subject to fsaverage
Writing  LTA to file transforms/talairach.auto.xfm.lta...
lta_convert successful.
 
 
Started at Sun Mar 8 16:48:27 CET 2026
Ended   at Sun Mar  8 16:49:54 CET 2026
talairach_avi done
