status file for recon-all
Sun Mar  8 18:04:18 CET 2026
#@# Tessellate lh Sun Mar  8 18:04:18 CET 2026
#@# Smooth1 lh Sun Mar  8 18:04:21 CET 2026
#@# Inflation1 lh Sun Mar  8 18:04:24 CET 2026
#@# QSphere lh Sun Mar  8 18:04:34 CET 2026
#@# Fix Topology lh Sun Mar  8 18:05:23 CET 2026
#@# Smooth2 lh Sun Mar  8 18:20:07 CET 2026
#@# Inflation2 lh Sun Mar  8 18:20:10 CET 2026
#@# Curv .H and .K lh Sun Mar  8 18:20:19 CET 2026
#@# Sphere lh Sun Mar  8 18:21:05 CET 2026
#@# Surf Reg lh Sun Mar  8 18:23:27 CET 2026
#@# Jacobian white lh Sun Mar  8 18:26:37 CET 2026
#@# AvgCurv lh Sun Mar  8 18:26:38 CET 2026
#@# Cortical Parc lh Sun Mar  8 18:26:38 CET 2026
#@# white curv lh Sun Mar  8 18:32:07 CET 2026
#@# white area lh Sun Mar  8 18:32:09 CET 2026
#@# pial curv lh Sun Mar  8 18:32:10 CET 2026
#@# pial area lh Sun Mar  8 18:32:11 CET 2026
#@# thickness lh Sun Mar  8 18:32:12 CET 2026
#@# area and vertex vol lh Sun Mar  8 18:32:40 CET 2026
#@# Curvature Stats lh Sun Mar  8 18:32:42 CET 2026
#@# Cortical Parc 2 lh Sun Mar  8 18:32:44 CET 2026
#@# Cortical Parc 3 lh Sun Mar  8 18:32:56 CET 2026
#@# WM/GM Contrast lh Sun Mar  8 18:33:06 CET 2026
recon-all -s sub-v1s13x0050037_ses-1 finished without error at Sun Mar  8 18:33:09 CET 2026



#New# invocation of recon-all 



status file for recon-all
Sun Mar  8 18:58:49 CET 2026
#@# white curv lh Sun Mar  8 18:58:49 CET 2026
#@# white area lh Sun Mar  8 18:58:49 CET 2026
#@# pial curv lh Sun Mar  8 18:58:49 CET 2026
#@# pial area lh Sun Mar  8 18:58:49 CET 2026
#@# thickness lh Sun Mar  8 18:58:49 CET 2026
#@# area and vertex vol lh Sun Mar  8 18:58:49 CET 2026
#@# Parcellation Stats lh Sun Mar  8 18:58:49 CET 2026
#@# Parcellation Stats 2 lh Sun Mar  8 18:59:06 CET 2026
#@# Parcellation Stats 3 lh Sun Mar  8 18:59:15 CET 2026
#@# BA_exvivo Labels lh Sun Mar  8 18:59:24 CET 2026
recon-all -s sub-v1s13x0050037_ses-1 finished without error at Sun Mar  8 19:01:42 CET 2026
