/out/sourcedata/freesurfer/sub-v1s13x0050008_ses-1/mri
/opt/freesurfer/bin/talairach_avi
--i orig_nu.mgz --xfm transforms/talairach.auto.xfm
talairach_avi 7.3.2
Linux dna028 5.14.0-427.37.1.el9_4.x86_64 #1 SMP PREEMPT_DYNAMIC Fri Sep 13 12:41:50 EDT 2024 x86_64 x86_64 x86_64 GNU/Linux
Sun Mar  8 12:46:02 CET 2026
mri_convert orig_nu.mgz talsrcimg.img 
reading from orig_nu.mgz...
TR=0.00, TE=0.00, TI=0.00, flip angle=0.00
i_ras = (-1, 0, 0)
j_ras = (0, 0, -1)
k_ras = (0, 1, 0)
writing to talsrcimg.img...
Analyze Output Matrix
-1.00000   0.00000   0.00000   127.53616;
 0.00000   0.00000   1.00000  -127.94919;
 0.00000  -1.00000   0.00000   125.07869;
 0.00000   0.00000   0.00000   1.00000;
--------------------
INFO: set hdr.hist.orient to -1
mpr2mni305 talsrcimg
Sun Mar  8 12:46:02 CET 2026
/opt/freesurfer/bin/mpr2mni305 talsrcimg
mpr2mni305 7.3.2
target=711-2C_as_mni_average_305

---------------------------------------------------------------------
analyzeto4dfp talsrcimg -O0 -y
---------------------------------------------------------------------

freesurfer ifh2hdr.c
Sun Mar  8 12:46:03 2026
Writing: talsrcimg.4dfp.hdr
freesurfer analyzeto4dfp.c
Reading: talsrcimg.hdr
header size 348 bytes
hdr.dime.datatype	offset=70	value=2
hdr.dime.bitpix		offset=72	value=8
hdr.hist.orient		offset=252	value=-1
dimensionality     4
dimensions       256       256       256         1
Reading: talsrcimg.img
Writing: talsrcimg.4dfp.img
Writing: talsrcimg.4dfp.ifh
ifh2hdr talsrcimg -r0to255
ori=2

---------------------------------------------------------------------
gauss_4dfp talsrcimg 1.1
---------------------------------------------------------------------

freesurfer gauss_4dfp.c
Reading: talsrcimg.4dfp.img
Writing: talsrcimg_g11.4dfp.img
image dimensions 256 256 256 padded to 288 288 288
processing volume 1freesurfer ifh2hdr.c
Sun Mar  8 12:46:04 2026
Writing: talsrcimg_g11.4dfp.hdr

Writing: talsrcimg_g11.4dfp.ifh
including: talsrcimg.4dfp.img.rec in talsrcimg_g11.4dfp.img.rec

---------------------------------------------------------------------
imgreg_4dfp /opt/freesurfer/average/711-2C_as_mni_average_305 none talsrcimg_g11 none talsrcimg_to_711-2C_as_mni_average_305_t4 4355
---------------------------------------------------------------------

freesurfer imgreg_4dfp.c
/opt/freesurfer/average/711-2C_as_mni_average_305.4dfp.img
       256       256       256         1
  1.000000  1.000000  1.000000
orientation T byte_order littleendian
Reading image: /opt/freesurfer/average/711-2C_as_mni_average_305.4dfp.img
dimensions:      256       256       256
mmppix:       1.0000   -1.0000   -1.0000
center:     128.0000 -129.0000 -129.0000
talsrcimg_g11.4dfp.img
       256       256       256         1
  1.000000  1.000000  1.000000
orientation T byte_order littleendian
Reading image: talsrcimg_g11.4dfp.img
dimensions:      256       256       256
mmppix:       1.0000   -1.0000   -1.0000
center:     128.0000 -129.0000 -129.0000
t4_read: open error in t4_sub.f l:  41 t4_file(1:l)talsrcimg_to_711-2C_as_mni_average_305_t4 
t4_read: transform initialized to I4
rotation matrix determinant  1.000000
image alignment mode   4355 decimal     1103 hex
   -7.5000  -45.0000  -45.0000 9854.0166   11.6415
    0.0000  -45.0000  -45.000010354.9590   11.6217
    7.5000  -45.0000  -45.0000 9948.6025   11.6078
   -7.5000  -37.5000  -45.000010173.9541   11.6820
    0.0000  -37.5000  -45.000010692.6289   11.6601
    7.5000  -37.5000  -45.000010276.5342   11.6420
   -7.5000  -30.0000  -45.000010782.0879   11.6168
    0.0000  -30.0000  -45.000011315.6162   11.5982
    7.5000  -30.0000  -45.000010886.3779   11.5821
   -7.5000  -22.5000  -45.000011336.6602   11.5386
    0.0000  -22.5000  -45.000011912.6328   11.5258
    7.5000  -22.5000  -45.000011437.7803   11.5162
   -7.5000  -15.0000  -45.000011790.9932   11.4676
    0.0000  -15.0000  -45.000012392.3447   11.4578
    7.5000  -15.0000  -45.000011875.8008   11.4526
   -7.5000   -7.5000  -45.000012147.4492   11.4289
    0.0000   -7.5000  -45.000012778.9102   11.4155
    7.5000   -7.5000  -45.000012268.0078   11.4080
   -7.5000    0.0000  -45.000012339.8564   11.4247
    0.0000    0.0000  -45.000013018.9385   11.4054
    7.5000    0.0000  -45.000012507.8916   11.3921
   -7.5000    7.5000  -45.000011666.5840   11.5129
    0.0000    7.5000  -45.000012315.0596   11.4913
    7.5000    7.5000  -45.000011820.8369   11.4740
   -7.5000   15.0000  -45.000010945.2715   11.6398
    0.0000   15.0000  -45.000011529.9990   11.6192
    7.5000   15.0000  -45.000011075.1475   11.6018
   -7.5000   22.5000  -45.000010149.2539   11.7827
    0.0000   22.5000  -45.000010675.9346   11.7683
    7.5000   22.5000  -45.000010249.4531   11.7566
   -7.5000   30.0000  -45.0000 9328.8301   11.8187
    0.0000   30.0000  -45.0000 9806.9834   11.8073
    7.5000   30.0000  -45.0000 9403.6836   11.8018
   -7.5000   37.5000  -45.0000 8863.9805   12.0630
    0.0000   37.5000  -45.0000 9320.2188   12.0474
    7.5000   37.5000  -45.0000 8933.4189   12.0387
   -7.5000   45.0000  -45.0000 8135.6211   12.1130
    0.0000   45.0000  -45.0000 8525.0439   12.0903
    7.5000   45.0000  -45.0000 8170.8286   12.0761
   -7.5000  -45.0000  -37.500010483.2324   11.6315
    0.0000  -45.0000  -37.500010995.3818   11.6119
    7.5000  -45.0000  -37.500010567.8477   11.5948
   -7.5000  -37.5000  -37.500010814.7207   11.6761
    0.0000  -37.5000  -37.500011350.8691   11.6558
    7.5000  -37.5000  -37.500010905.2227   11.6367
   -7.5000  -30.0000  -37.500011447.5869   11.6130
    0.0000  -30.0000  -37.500012013.4316   11.5970
    7.5000  -30.0000  -37.500011533.8564   11.5808
   -7.5000  -22.5000  -37.500012014.1309   11.5327
    0.0000  -22.5000  -37.500012633.4785   11.5220
    7.5000  -22.5000  -37.500012089.3125   11.5110
   -7.5000  -15.0000  -37.500012468.2109   11.4569
    0.0000  -15.0000  -37.500013135.0938   11.4478
    7.5000  -15.0000  -37.500012549.3711   11.4390
   -7.5000   -7.5000  -37.500012823.0117   11.4134
    0.0000   -7.5000  -37.500013514.3496   11.3999
    7.5000   -7.5000  -37.500012930.0703   11.3880
   -7.5000    0.0000  -37.500013038.7959   11.4079
    0.0000    0.0000  -37.500013752.5273   11.3888
    7.5000    0.0000  -37.500013185.0312   11.3725
   -7.5000    7.5000  -37.500012291.6934   11.4998
    0.0000    7.5000  -37.500012976.2549   11.4798
    7.5000    7.5000  -37.500012443.4785   11.4615
   -7.5000   15.0000  -37.500011503.0654   11.6291
    0.0000   15.0000  -37.500012106.3291   11.6111
    7.5000   15.0000  -37.500011612.4170   11.5940
   -7.5000   22.5000  -37.500010610.0244   11.7712
    0.0000   22.5000  -37.500011180.5703   11.7586
    7.5000   22.5000  -37.500010714.9580   11.7457
   -7.5000   30.0000  -37.5000 9723.9346   11.8036
    0.0000   30.0000  -37.500010226.5654   11.7926
    7.5000   30.0000  -37.5000 9798.0469   11.7828
   -7.5000   37.5000  -37.5000 9228.9199   12.0415
    0.0000   37.5000  -37.5000 9693.0195   12.0261
    7.5000   37.5000  -37.5000 9298.9854   12.0131
   -7.5000   45.0000  -37.5000 8448.0859   12.0876
    0.0000   45.0000  -37.5000 8854.0000   12.0656
    7.5000   45.0000  -37.5000 8490.5254   12.0500
   -7.5000  -45.0000  -30.000011294.0752   12.0976
    0.0000  -45.0000  -30.000011832.8584   12.0790
    7.5000  -45.0000  -30.000011384.7969   12.0584
   -7.5000  -37.5000  -30.000011651.3057   12.1387
    0.0000  -37.5000  -30.000012223.5693   12.1201
    7.5000  -37.5000  -30.000011752.8779   12.1001
   -7.5000  -30.0000  -30.000012337.7783   12.0698
    0.0000  -30.0000  -30.000012944.8125   12.0562
    7.5000  -30.0000  -30.000012416.7422   12.0395
   -7.5000  -22.5000  -30.000012922.6729   11.9867
    0.0000  -22.5000  -30.000013575.2725   11.9780
    7.5000  -22.5000  -30.000012986.5215   11.9645
   -7.5000  -15.0000  -30.000013385.6924   11.9098
    0.0000  -15.0000  -30.000014094.4385   11.9019
    7.5000  -15.0000  -30.000013469.1885   11.8882
   -7.5000   -7.5000  -30.000013768.1836   11.8662
    0.0000   -7.5000  -30.000014539.9873   11.8532
    7.5000   -7.5000  -30.000013887.8252   11.8361
   -7.5000    0.0000  -30.000014036.0771   11.8597
    0.0000    0.0000  -30.000014811.4062   11.8414
    7.5000    0.0000  -30.000014156.1377   11.8218
   -7.5000    7.5000  -30.000013191.7822   11.9518
    0.0000    7.5000  -30.000013912.6064   11.9336
    7.5000    7.5000  -30.000013308.0537   11.9144
   -7.5000   15.0000  -30.000012290.5225   12.0836
    0.0000   15.0000  -30.000012946.1553   12.0686
    7.5000   15.0000  -30.000012376.1094   12.0511
   -7.5000   22.5000  -30.000011329.0479   12.2309
    0.0000   22.5000  -30.000011941.9365   12.2206
    7.5000   22.5000  -30.000011406.6719   12.2054
   -7.5000   30.0000  -30.000010361.8506   12.2688
    0.0000   30.0000  -30.000010906.3125   12.2600
    7.5000   30.0000  -30.000010415.2041   12.2450
   -7.5000   37.5000  -30.0000 9794.3672   12.5150
    0.0000   37.5000  -30.000010285.3936   12.5018
    7.5000   37.5000  -30.0000 9842.7275   12.4840
   -7.5000   45.0000  -30.0000 8920.3789   12.5652
    0.0000   45.0000  -30.0000 9368.7197   12.5451
    7.5000   45.0000  -30.0000 8959.3125   12.5273
   -7.5000  -45.0000  -22.500012098.8945   12.5048
    0.0000  -45.0000  -22.500012672.8730   12.4868
    7.5000  -45.0000  -22.500012184.4717   12.4657
   -7.5000  -37.5000  -22.500012482.9307   12.5381
    0.0000  -37.5000  -22.500013109.9814   12.5197
    7.5000  -37.5000  -22.500012579.5029   12.4999
   -7.5000  -30.0000  -22.500013228.7324   12.4594
    0.0000  -30.0000  -22.500013867.0430   12.4460
    7.5000  -30.0000  -22.500013292.8740   12.4298
   -7.5000  -22.5000  -22.500013813.4873   12.3750
    0.0000  -22.5000  -22.500014510.0977   12.3671
    7.5000  -22.5000  -22.500013882.7266   12.3531
   -7.5000  -15.0000  -22.500014294.1416   12.3022
    0.0000  -15.0000  -22.500015039.6631   12.2955
    7.5000  -15.0000  -22.500014370.5879   12.2806
   -7.5000   -7.5000  -22.500014699.1670   12.2637
    0.0000   -7.5000  -22.500015513.5576   12.2520
    7.5000   -7.5000  -22.500014801.7656   12.2338
   -7.5000    0.0000  -22.500014973.0762   12.2578
    0.0000    0.0000  -22.500015814.2168   12.2402
    7.5000    0.0000  -22.500015077.2031   12.2200
   -7.5000    7.5000  -22.500014079.9678   12.3452
    0.0000    7.5000  -22.500014840.7119   12.3272
    7.5000    7.5000  -22.500014157.7695   12.3082
   -7.5000   15.0000  -22.500013090.3447   12.4749
    0.0000   15.0000  -22.500013804.6797   12.4604
    7.5000   15.0000  -22.500013146.6406   12.4432
   -7.5000   22.5000  -22.500012040.3535   12.6270
    0.0000   22.5000  -22.500012699.8594   12.6180
    7.5000   22.5000  -22.500012092.2734   12.6024
   -7.5000   30.0000  -22.500010980.4189   12.6750
    0.0000   30.0000  -22.500011582.2988   12.6689
    7.5000   30.0000  -22.500011034.9385   12.6535
   -7.5000   37.5000  -22.500010346.8086   12.9351
    0.0000   37.5000  -22.500010886.3037   12.9242
    7.5000   37.5000  -22.500010393.3203   12.9061
   -7.5000   45.0000  -22.5000 9383.0566   12.9942
    0.0000   45.0000  -22.5000 9869.1250   12.9753
    7.5000   45.0000  -22.5000 9421.8623   12.9563
   -7.5000  -45.0000  -15.000012873.6016   12.7955
    0.0000  -45.0000  -15.000013511.0254   12.7771
    7.5000  -45.0000  -15.000012971.4658   12.7589
   -7.5000  -37.5000  -15.000013284.3623   12.8251
    0.0000  -37.5000  -15.000013938.4814   12.8052
    7.5000  -37.5000  -15.000013363.0146   12.7861
   -7.5000  -30.0000  -15.000014082.4375   12.7398
    0.0000  -30.0000  -15.000014771.2188   12.7241
    7.5000  -30.0000  -15.000014148.3662   12.7079
   -7.5000  -22.5000  -15.000014693.2939   12.6529
    0.0000  -22.5000  -15.000015404.9834   12.6435
    7.5000  -22.5000  -15.000014757.8945   12.6308
   -7.5000  -15.0000  -15.000015176.8252   12.5816
    0.0000  -15.0000  -15.000015906.8799   12.5747
    7.5000  -15.0000  -15.000015224.2812   12.5633
   -7.5000   -7.5000  -15.000015596.1533   12.5470
    0.0000   -7.5000  -15.000016400.7578   12.5355
    7.5000   -7.5000  -15.000015668.6846   12.5216
   -7.5000    0.0000  -15.000015885.0967   12.5427
    0.0000    0.0000  -15.000016721.0703   12.5247
    7.5000    0.0000  -15.000015955.6943   12.5073
   -7.5000    7.5000  -15.000014903.9609   12.6282
    0.0000    7.5000  -15.000015669.1963   12.6086
    7.5000    7.5000  -15.000014938.6689   12.5902
   -7.5000   15.0000  -15.000013815.0205   12.7572
    0.0000   15.0000  -15.000014529.0430   12.7401
    7.5000   15.0000  -15.000013865.4951   12.7226
   -7.5000   22.5000  -15.000012721.0469   12.9114
    0.0000   22.5000  -15.000013377.1631   12.9009
    7.5000   22.5000  -15.000012748.0732   12.8866
   -7.5000   30.0000  -15.000011606.4229   12.9656
    0.0000   30.0000  -15.000012218.5547   12.9596
    7.5000   30.0000  -15.000011619.7051   12.9486
   -7.5000   37.5000  -15.000010932.9746   13.2377
    0.0000   37.5000  -15.000011503.6230   13.2267
    7.5000   37.5000  -15.000010956.7871   13.2129
   -7.5000   45.0000  -15.0000 9899.0811   13.3087
    0.0000   45.0000  -15.000010420.2285   13.2890
    7.5000   45.0000  -15.0000 9911.7891   13.2708
   -7.5000  -45.0000   -7.500013618.6885   12.9252
    0.0000  -45.0000   -7.500014301.6885   12.9052
    7.5000  -45.0000   -7.500013713.7637   12.8902
   -7.5000  -37.5000   -7.500014054.0693   12.9603
    0.0000  -37.5000   -7.500014727.0869   12.9378
    7.5000  -37.5000   -7.500014144.3877   12.9188
   -7.5000  -30.0000   -7.500014908.0303   12.8782
    0.0000  -30.0000   -7.500015638.5957   12.8592
    7.5000  -30.0000   -7.500015003.2627   12.8421
   -7.5000  -22.5000   -7.500015587.3018   12.7884
    0.0000  -22.5000   -7.500016301.6006   12.7759
    7.5000  -22.5000   -7.500015651.9395   12.7649
   -7.5000  -15.0000   -7.500016087.5752   12.7118
    0.0000  -15.0000   -7.500016765.8086   12.7028
    7.5000  -15.0000   -7.500016146.9814   12.6960
   -7.5000   -7.5000   -7.500016531.3105   12.6733
    0.0000   -7.5000   -7.500017234.8457   12.6605
    7.5000   -7.5000   -7.500016572.5234   12.6518
   -7.5000    0.0000   -7.500016850.9531   12.6697
    0.0000    0.0000   -7.500017615.8359   12.6503
    7.5000    0.0000   -7.500016883.0039   12.6360
   -7.5000    7.5000   -7.500015786.0205   12.7614
    0.0000    7.5000   -7.500016536.8262   12.7394
    7.5000    7.5000   -7.500015816.5127   12.7212
   -7.5000   15.0000   -7.500014621.4502   12.8959
    0.0000   15.0000   -7.500015353.3701   12.8750
    7.5000   15.0000   -7.500014641.0947   12.8566
   -7.5000   22.5000   -7.500013447.8027   13.0483
    0.0000   22.5000   -7.500014128.4590   13.0345
    7.5000   22.5000   -7.500013443.4922   13.0214
   -7.5000   30.0000   -7.500012248.8789   13.0996
    0.0000   30.0000   -7.500012901.2637   13.0903
    7.5000   30.0000   -7.500012266.8945   13.0840
   -7.5000   37.5000   -7.500011561.2568   13.3727
    0.0000   37.5000   -7.500012172.8750   13.3587
    7.5000   37.5000   -7.500011567.5850   13.3494
   -7.5000   45.0000   -7.500010458.7090   13.4515
    0.0000   45.0000   -7.500011010.0752   13.4292
    7.5000   45.0000   -7.500010430.7363   13.4132
   -7.5000  -45.0000    0.000014266.0605   12.9284
    0.0000  -45.0000    0.000014982.9355   12.9065
    7.5000  -45.0000    0.000014376.3135   12.8913
   -7.5000  -37.5000    0.000014724.7344   12.9709
    0.0000  -37.5000    0.000015417.7090   12.9468
    7.5000  -37.5000    0.000014812.9014   12.9271
   -7.5000  -30.0000    0.000015643.9873   12.8961
    0.0000  -30.0000    0.000016401.0371   12.8758
    7.5000  -30.0000    0.000015744.7783   12.8584
   -7.5000  -22.5000    0.000016462.5156   12.8056
    0.0000  -22.5000    0.000017238.8945   12.7917
    7.5000  -22.5000    0.000016567.3438   12.7814
   -7.5000  -15.0000    0.000017105.9531   12.7228
    0.0000  -15.0000    0.000017853.2930   12.7121
    7.5000  -15.0000    0.000017170.3555   12.7067
   -7.5000   -7.5000    0.000017513.8887   12.6776
    0.0000   -7.5000    0.000018286.9863   12.6628
    7.5000   -7.5000    0.000017530.2188   12.6548
   -7.5000    0.0000    0.000017760.4043   12.6729
    0.0000    0.0000    0.000018611.4902   12.6516
    7.5000    0.0000    0.000017773.5293   12.6372
   -7.5000    7.5000    0.000016593.0566   12.7719
    0.0000    7.5000    0.000017447.2793   12.7483
    7.5000    7.5000    0.000016621.0664   12.7296
   -7.5000   15.0000    0.000015322.8389   12.9127
    0.0000   15.0000    0.000016157.3311   12.8901
    7.5000   15.0000    0.000015338.5488   12.8715
   -7.5000   22.5000    0.000014040.7617   13.0643
    0.0000   22.5000    0.000014836.6807   13.0487
    7.5000   22.5000    0.000014059.5879   13.0364
   -7.5000   30.0000    0.000012792.1699   13.1099
    0.0000   30.0000    0.000013533.8838   13.0974
    7.5000   30.0000    0.000012816.0146   13.0918
   -7.5000   37.5000    0.000012067.2705   13.3766
    0.0000   37.5000    0.000012723.4873   13.3594
    7.5000   37.5000    0.000012060.0234   13.3502
   -7.5000   45.0000    0.000010876.2656   13.4559
    0.0000   45.0000    0.000011461.1416   13.4310
    7.5000   45.0000    0.000010847.7217   13.4156
   -7.5000  -45.0000    7.500013837.6699   12.9630
    0.0000  -45.0000    7.500014562.3174   12.9413
    7.5000  -45.0000    7.500013973.0098   12.9225
   -7.5000  -37.5000    7.500014260.5859   13.0098
    0.0000  -37.5000    7.500015028.7158   12.9874
    7.5000  -37.5000    7.500014398.4668   12.9665
   -7.5000  -30.0000    7.500015149.3281   12.9382
    0.0000  -30.0000    7.500016042.2617   12.9206
    7.5000  -30.0000    7.500015288.6562   12.9029
   -7.5000  -22.5000    7.500015988.8857   12.8482
    0.0000  -22.5000    7.500017048.9395   12.8365
    7.5000  -22.5000    7.500016170.3984   12.8245
   -7.5000  -15.0000    7.500016659.7324   12.7634
    0.0000  -15.0000    7.500017757.5312   12.7535
    7.5000  -15.0000    7.500016791.2207   12.7441
   -7.5000   -7.5000    7.500017015.1152   12.7146
    0.0000   -7.5000    7.500018050.5234   12.6997
    7.5000   -7.5000    7.500017116.1172   12.6868
   -7.5000    0.0000    7.500017195.0020   12.7080
    0.0000    0.0000    7.500018189.3184   12.6869
    7.5000    0.0000    7.500017271.0586   12.6690
   -7.5000    7.5000    7.500016065.1699   12.8097
    0.0000    7.5000    7.500016981.3574   12.7877
    7.5000    7.5000    7.500016112.7793   12.7677
   -7.5000   15.0000    7.500014836.6934   12.9534
    0.0000   15.0000    7.500015683.5459   12.9336
    7.5000   15.0000    7.500014846.1621   12.9149
   -7.5000   22.5000    7.500013590.6338   13.1071
    0.0000   22.5000    7.500014352.7471   13.0934
    7.5000   22.5000    7.500013589.5820   13.0794
   -7.5000   30.0000    7.500012404.9795   13.1518
    0.0000   30.0000    7.500013068.7881   13.1398
    7.5000   30.0000    7.500012403.1328   13.1293
   -7.5000   37.5000    7.500011670.5488   13.4152
    0.0000   37.5000    7.500012279.7021   13.3984
    7.5000   37.5000    7.500011650.6182   13.3842
   -7.5000   45.0000    7.500010481.4590   13.4906
    0.0000   45.0000    7.500011021.7119   13.4663
    7.5000   45.0000    7.500010445.0420   13.4493
   -7.5000  -45.0000   15.000013209.5537   13.0167
    0.0000  -45.0000   15.000014021.9902   12.9973
    7.5000  -45.0000   15.000013374.1494   12.9751
   -7.5000  -37.5000   15.000013628.1016   13.0623
    0.0000  -37.5000   15.000014486.1904   13.0430
    7.5000  -37.5000   15.000013784.9863   13.0215
   -7.5000  -30.0000   15.000014520.4521   12.9883
    0.0000  -30.0000   15.000015470.1738   12.9744
    7.5000  -30.0000   15.000014651.5029   12.9567
   -7.5000  -22.5000   15.000015325.7363   12.8989
    0.0000  -22.5000   15.000016391.1543   12.8903
    7.5000  -22.5000   15.000015483.0430   12.8760
   -7.5000  -15.0000   15.000015894.5605   12.8161
    0.0000  -15.0000   15.000016898.9375   12.8084
    7.5000  -15.0000   15.000016034.8984   12.7938
   -7.5000   -7.5000   15.000016158.2695   12.7691
    0.0000   -7.5000   15.000017090.4883   12.7559
    7.5000   -7.5000   15.000016289.2656   12.7375
   -7.5000    0.0000   15.000016370.7344   12.7619
    0.0000    0.0000   15.000017309.0664   12.7429
    7.5000    0.0000   15.000016468.1914   12.7218
   -7.5000    7.5000   15.000015339.6211   12.8611
    0.0000    7.5000   15.000016212.4189   12.8422
    7.5000    7.5000   15.000015406.3037   12.8216
   -7.5000   15.0000   15.000014177.5078   13.0032
    0.0000   15.0000   15.000014932.4092   12.9877
    7.5000   15.0000   15.000014183.9062   12.9691
   -7.5000   22.5000   15.000012980.8535   13.1591
    0.0000   22.5000   15.000013632.7422   13.1488
    7.5000   22.5000   15.000012950.5762   13.1326
   -7.5000   30.0000   15.000011838.3320   13.2065
    0.0000   30.0000   15.000012415.4014   13.1979
    7.5000   30.0000   15.000011781.8506   13.1819
   -7.5000   37.5000   15.000011117.3174   13.4705
    0.0000   37.5000   15.000011653.1592   13.4570
    7.5000   37.5000   15.000011072.2803   13.4381
   -7.5000   45.0000   15.0000 9931.2959   13.5407
    0.0000   45.0000   15.000010416.8643   13.5198
    7.5000   45.0000   15.0000 9923.2725   13.5008
   -7.5000  -45.0000   22.500012459.1104   13.0877
    0.0000  -45.0000   22.500013247.1064   13.0701
    7.5000  -45.0000   22.500012605.2500   13.0478
   -7.5000  -37.5000   22.500012877.0439   13.1266
    0.0000  -37.5000   22.500013680.7227   13.1086
    7.5000  -37.5000   22.500012989.5400   13.0878
   -7.5000  -30.0000   22.500013725.1533   13.0460
    0.0000  -30.0000   22.500014605.0479   13.0333
    7.5000  -30.0000   22.500013859.1650   13.0163
   -7.5000  -22.5000   22.500014460.7197   12.9567
    0.0000  -22.5000   22.500015407.6602   12.9499
    7.5000  -22.5000   22.500014630.6104   12.9352
   -7.5000  -15.0000   22.500014959.1846   12.8797
    0.0000  -15.0000   22.500015822.1494   12.8741
    7.5000  -15.0000   22.500015075.6816   12.8585
   -7.5000   -7.5000   22.500015243.4111   12.8392
    0.0000   -7.5000   22.500016042.0830   12.8282
    7.5000   -7.5000   22.500015314.9277   12.8091
   -7.5000    0.0000   22.500015456.7520   12.8333
    0.0000    0.0000   22.500016295.6191   12.8161
    7.5000    0.0000   22.500015508.9316   12.7949
   -7.5000    7.5000   22.500014493.4160   12.9252
    0.0000    7.5000   22.500015250.4844   12.9075
    7.5000    7.5000   22.500014506.5586   12.8875
   -7.5000   15.0000   22.500013380.6816   13.0607
    0.0000   15.0000   22.500014052.4912   13.0468
    7.5000   15.0000   22.500013365.7930   13.0287
   -7.5000   22.5000   22.500012251.4248   13.2169
    0.0000   22.5000   22.500012853.6299   13.2089
    7.5000   22.5000   22.500012213.0088   13.1925
   -7.5000   30.0000   22.500011122.2939   13.2697
    0.0000   30.0000   22.500011654.2734   13.2647
    7.5000   30.0000   22.500011105.4824   13.2486
   -7.5000   37.5000   22.500010437.2832   13.5406
    0.0000   37.5000   22.500010941.6631   13.5307
    7.5000   37.5000   22.500010427.1562   13.5117
   -7.5000   45.0000   22.5000 9335.9961   13.6114
    0.0000   45.0000   22.5000 9772.6396   13.5929
    7.5000   45.0000   22.5000 9339.2549   13.5730
   -7.5000  -45.0000   30.000011646.0225   13.2520
    0.0000  -45.0000   30.000012329.1846   13.2349
    7.5000  -45.0000   30.000011740.5508   13.2154
   -7.5000  -37.5000   30.000012014.5811   13.2882
    0.0000  -37.5000   30.000012708.1143   13.2695
    7.5000  -37.5000   30.000012100.9492   13.2490
   -7.5000  -30.0000   30.000012778.7432   13.2029
    0.0000  -30.0000   30.000013538.1426   13.1887
    7.5000  -30.0000   30.000012906.6367   13.1712
   -7.5000  -22.5000   30.000013473.5840   13.1112
    0.0000  -22.5000   30.000014275.2832   13.1036
    7.5000  -22.5000   30.000013615.4395   13.0900
   -7.5000  -15.0000   30.000013940.7998   13.0359
    0.0000  -15.0000   30.000014690.7168   13.0309
    7.5000  -15.0000   30.000014035.3311   13.0187
   -7.5000   -7.5000   30.000014227.1611   12.9997
    0.0000   -7.5000   30.000014954.0410   12.9899
    7.5000   -7.5000   30.000014289.5967   12.9749
   -7.5000    0.0000   30.000014430.5801   12.9955
    0.0000    0.0000   30.000015196.2939   12.9788
    7.5000    0.0000   30.000014461.5205   12.9602
   -7.5000    7.5000   30.000013517.7412   13.0842
    0.0000    7.5000   30.000014210.1357   13.0658
    7.5000    7.5000   30.000013522.0186   13.0461
   -7.5000   15.0000   30.000012464.5186   13.2174
    0.0000   15.0000   30.000013092.0410   13.2017
    7.5000   15.0000   30.000012464.8857   13.1830
   -7.5000   22.5000   30.000011425.9854   13.3750
    0.0000   22.5000   30.000011996.6533   13.3663
    7.5000   22.5000   30.000011414.7432   13.3509
   -7.5000   30.0000   30.000010384.8477   13.4323
    0.0000   30.0000   30.000010894.7012   13.4284
    7.5000   30.0000   30.000010390.7285   13.4166
   -7.5000   37.5000   30.0000 9751.8818   13.7146
    0.0000   37.5000   30.000010222.1211   13.7056
    7.5000   37.5000   30.0000 9751.7520   13.6908
   -7.5000   45.0000   30.0000 8723.6904   13.7941
    0.0000   45.0000   30.0000 9151.8623   13.7756
    7.5000   45.0000   30.0000 8736.6885   13.7563
   -7.5000  -45.0000   37.500011160.9512   13.4238
    0.0000  -45.0000   37.500011760.4189   13.4047
    7.5000  -45.0000   37.500011229.8115   13.3878
   -7.5000  -37.5000   37.500011521.8242   13.4678
    0.0000  -37.5000   37.500012124.2568   13.4459
    7.5000  -37.5000   37.500011584.9365   13.4247
   -7.5000  -30.0000   37.500012266.8721   13.3870
    0.0000  -30.0000   37.500012940.9160   13.3689
    7.5000  -30.0000   37.500012359.0938   13.3498
   -7.5000  -22.5000   37.500012903.0488   13.2917
    0.0000  -22.5000   37.500013606.9062   13.2808
    7.5000  -22.5000   37.500013009.4150   13.2683
   -7.5000  -15.0000   37.500013368.3633   13.2094
    0.0000  -15.0000   37.500014033.7432   13.2023
    7.5000  -15.0000   37.500013418.2734   13.1946
   -7.5000   -7.5000   37.500013648.4463   13.1685
    0.0000   -7.5000   37.500014315.5225   13.1571
    7.5000   -7.5000   37.500013682.2188   13.1473
   -7.5000    0.0000   37.500013833.9033   13.1650
    0.0000    0.0000   37.500014506.0986   13.1465
    7.5000    0.0000   37.500013865.9395   13.1304
   -7.5000    7.5000   37.500012960.2031   13.2607
    0.0000    7.5000   37.500013567.3809   13.2392
    7.5000    7.5000   37.500012962.0146   13.2189
   -7.5000   15.0000   37.500011951.5352   13.4005
    0.0000   15.0000   37.500012524.1338   13.3804
    7.5000   15.0000   37.500011962.4717   13.3598
   -7.5000   22.5000   37.500010951.1133   13.5585
    0.0000   22.5000   37.500011489.9463   13.5462
    7.5000   22.5000   37.500010968.0381   13.5316
   -7.5000   30.0000   37.5000 9981.1367   13.6127
    0.0000   30.0000   37.500010462.7090   13.6053
    7.5000   30.0000   37.500010007.7070   13.5982
   -7.5000   37.5000   37.5000 9410.7988   13.8987
    0.0000   37.5000   37.5000 9848.1895   13.8861
    7.5000   37.5000   37.5000 9413.1611   13.8757
   -7.5000   45.0000   37.5000 8432.4111   13.9876
    0.0000   45.0000   37.5000 8829.8018   13.9659
    7.5000   45.0000   37.5000 8453.9932   13.9483
   -7.5000  -45.0000   45.000010239.3203   13.6260
    0.0000  -45.0000   45.000010734.6357   13.6053
    7.5000  -45.0000   45.000010286.9404   13.5895
   -7.5000  -37.5000   45.000010572.3574   13.6782
    0.0000  -37.5000   45.000011097.3115   13.6547
    7.5000  -37.5000   45.000010627.7568   13.6338
   -7.5000  -30.0000   45.000011257.1230   13.6037
    0.0000  -30.0000   45.000011836.5400   13.5840
    7.5000  -30.0000   45.000011324.8691   13.5651
   -7.5000  -22.5000   45.000011835.1523   13.5076
    0.0000  -22.5000   45.000012440.3682   13.4947
    7.5000  -22.5000   45.000011887.6416   13.4840
   -7.5000  -15.0000   45.000012254.6152   13.4178
    0.0000  -15.0000   45.000012844.7441   13.4086
    7.5000  -15.0000   45.000012275.1406   13.4035
   -7.5000   -7.5000   45.000012526.4102   13.3687
    0.0000   -7.5000   45.000013129.0693   13.3555
    7.5000   -7.5000   45.000012546.2402   13.3478
   -7.5000    0.0000   45.000012683.4688   13.3626
    0.0000    0.0000   45.000013288.1191   13.3425
    7.5000    0.0000   45.000012728.8594   13.3277
   -7.5000    7.5000   45.000011870.3984   13.4666
    0.0000    7.5000   45.000012423.9844   13.4436
    7.5000    7.5000   45.000011899.8672   13.4237
   -7.5000   15.0000   45.000010944.0645   13.6161
    0.0000   15.0000   45.000011473.5000   13.5937
    7.5000   15.0000   45.000010967.4541   13.5735
   -7.5000   22.5000   45.000010042.5674   13.7789
    0.0000   22.5000   45.000010535.8174   13.7641
    7.5000   22.5000   45.000010061.1299   13.7511
   -7.5000   30.0000   45.0000 9166.9072   13.8315
    0.0000   30.0000   45.0000 9630.7197   13.8203
    7.5000   30.0000   45.0000 9194.3965   13.8151
   -7.5000   37.5000   45.0000 8665.6426   14.1204
    0.0000   37.5000   45.0000 9086.8047   14.1044
    7.5000   37.5000   45.0000 8689.4600   14.0957
   -7.5000   45.0000   45.0000 7793.5635   14.2176
    0.0000   45.0000   45.0000 8157.6821   14.1934
    7.5000   45.0000   45.0000 7838.0527   14.1780

---------------------------------------------------------------------
imgreg_4dfp /opt/freesurfer/average/711-2C_as_mni_average_305 /opt/freesurfer/average/711-2B_as_mni_average_305_mask talsrcimg_g11 none talsrcimg_to_711-2C_as_mni_average_305_t4 4355
---------------------------------------------------------------------

freesurfer imgreg_4dfp.c
/opt/freesurfer/average/711-2C_as_mni_average_305.4dfp.img
       256       256       256         1
  1.000000  1.000000  1.000000
orientation T byte_order littleendian
Reading image: /opt/freesurfer/average/711-2C_as_mni_average_305.4dfp.img
dimensions:      256       256       256
mmppix:       1.0000   -1.0000   -1.0000
center:     128.0000 -129.0000 -129.0000
/opt/freesurfer/average/711-2B_as_mni_average_305_mask.4dfp.img
       256       256       256         1
  1.000000  1.000000  1.000000
orientation T byte_order littleendian
Reading mask: /opt/freesurfer/average/711-2B_as_mni_average_305_mask.4dfp.img (2306576 pixels)
talsrcimg_g11.4dfp.img
       256       256       256         1
  1.000000  1.000000  1.000000
orientation T byte_order littleendian
Reading image: talsrcimg_g11.4dfp.img
dimensions:      256       256       256
mmppix:       1.0000   -1.0000   -1.0000
center:     128.0000 -129.0000 -129.0000
rotation matrix determinant  1.000000
image alignment mode   4355 decimal     1103 hex
   -7.5000  -45.0000  -45.0000 2341.4944   13.3040
    0.0000  -45.0000  -45.0000 2354.8174   13.1630
    7.5000  -45.0000  -45.0000 2346.3960   13.2025
   -7.5000  -37.5000  -45.0000 2369.2781   12.7826
    0.0000  -37.5000  -45.0000 2389.7642   12.6510
    7.5000  -37.5000  -45.0000 2377.9856   12.6879
   -7.5000  -30.0000  -45.0000 2386.7563   12.4232
    0.0000  -30.0000  -45.0000 2408.6260   12.2689
    7.5000  -30.0000  -45.0000 2402.2170   12.2900
   -7.5000  -22.5000  -45.0000 2405.3362   12.1872
    0.0000  -22.5000  -45.0000 2429.3296   11.9891
    7.5000  -22.5000  -45.0000 2416.5134   12.0294
   -7.5000  -15.0000  -45.0000 2401.5574   12.1669
    0.0000  -15.0000  -45.0000 2421.3196   11.9885
    7.5000  -15.0000  -45.0000 2410.2339   12.0255
   -7.5000   -7.5000  -45.0000 2378.0642   12.3598
    0.0000   -7.5000  -45.0000 2402.7405   12.1933
    7.5000   -7.5000  -45.0000 2392.9653   12.2323
   -7.5000    0.0000  -45.0000 2329.1213   12.8082
    0.0000    0.0000  -45.0000 2361.6040   12.6368
    7.5000    0.0000  -45.0000 2350.3391   12.6612
   -7.5000    7.5000  -45.0000 2269.2368   13.4280
    0.0000    7.5000  -45.0000 2305.8916   13.2434
    7.5000    7.5000  -45.0000 2292.6780   13.2608
   -7.5000   15.0000  -45.0000 2199.6072   14.2869
    0.0000   15.0000  -45.0000 2227.4927   14.0716
    7.5000   15.0000  -45.0000 2217.5474   14.1430
   -7.5000   22.5000  -45.0000 2119.9094   15.4849
    0.0000   22.5000  -45.0000 2141.9985   15.2517
    7.5000   22.5000  -45.0000 2133.0779   15.3444
   -7.5000   30.0000  -45.0000 2027.9255   17.1329
    0.0000   30.0000  -45.0000 2048.6541   16.8991
    7.5000   30.0000  -45.0000 2034.9193   16.9976
   -7.5000   37.5000  -45.0000 1926.8368   19.4582
    0.0000   37.5000  -45.0000 1951.3033   19.1918
    7.5000   37.5000  -45.0000 1937.7278   19.2327
   -7.5000   45.0000  -45.0000 1817.7423   22.4715
    0.0000   45.0000  -45.0000 1837.0110   22.1649
    7.5000   45.0000  -45.0000 1827.1729   22.1813
   -7.5000  -45.0000  -37.5000 2425.4319   12.4156
    0.0000  -45.0000  -37.5000 2441.4094   12.3032
    7.5000  -45.0000  -37.5000 2434.8159   12.3104
   -7.5000  -37.5000  -37.5000 2455.7102   11.9397
    0.0000  -37.5000  -37.5000 2479.6697   11.8239
    7.5000  -37.5000  -37.5000 2470.1558   11.8412
   -7.5000  -30.0000  -37.5000 2475.3508   11.6161
    0.0000  -30.0000  -37.5000 2497.8481   11.4748
    7.5000  -30.0000  -37.5000 2490.1824   11.4775
   -7.5000  -22.5000  -37.5000 2490.7817   11.3680
    0.0000  -22.5000  -37.5000 2515.6829   11.2418
    7.5000  -22.5000  -37.5000 2504.9521   11.2505
   -7.5000  -15.0000  -37.5000 2487.9065   11.3441
    0.0000  -15.0000  -37.5000 2517.8567   11.2177
    7.5000  -15.0000  -37.5000 2502.7393   11.2243
   -7.5000   -7.5000  -37.5000 2469.1152   11.5094
    0.0000   -7.5000  -37.5000 2496.8633   11.3820
    7.5000   -7.5000  -37.5000 2484.6394   11.4145
   -7.5000    0.0000  -37.5000 2425.5476   11.8798
    0.0000    0.0000  -37.5000 2455.8323   11.7459
    7.5000    0.0000  -37.5000 2448.9050   11.7603
   -7.5000    7.5000  -37.5000 2362.0417   12.4035
    0.0000    7.5000  -37.5000 2398.3315   12.2419
    7.5000    7.5000  -37.5000 2388.3760   12.2833
   -7.5000   15.0000  -37.5000 2288.5176   13.1696
    0.0000   15.0000  -37.5000 2316.3496   12.9867
    7.5000   15.0000  -37.5000 2305.9575   13.0497
   -7.5000   22.5000  -37.5000 2201.3462   14.2711
    0.0000   22.5000  -37.5000 2222.7590   14.0792
    7.5000   22.5000  -37.5000 2211.9001   14.1509
   -7.5000   30.0000  -37.5000 2098.8804   15.7947
    0.0000   30.0000  -37.5000 2116.1023   15.5670
    7.5000   30.0000  -37.5000 2103.2351   15.6583
   -7.5000   37.5000  -37.5000 1994.6432   17.8700
    0.0000   37.5000  -37.5000 2015.2941   17.6270
    7.5000   37.5000  -37.5000 2004.9166   17.6937
   -7.5000   45.0000  -37.5000 1879.4974   20.6336
    0.0000   45.0000  -37.5000 1900.6866   20.3282
    7.5000   45.0000  -37.5000 1895.6145   20.4156
   -7.5000  -45.0000  -30.0000 2559.7466   11.9468
    0.0000  -45.0000  -30.0000 2577.9329   11.8259
    7.5000  -45.0000  -30.0000 2570.8950   11.8349
   -7.5000  -37.5000  -30.0000 2589.8879   11.5425
    0.0000  -37.5000  -30.0000 2613.7190   11.4127
    7.5000  -37.5000  -30.0000 2607.3386   11.4160
   -7.5000  -30.0000  -30.0000 2613.5129   11.2275
    0.0000  -30.0000  -30.0000 2637.0913   11.1157
    7.5000  -30.0000  -30.0000 2629.2290   11.0948
   -7.5000  -22.5000  -30.0000 2631.5686   10.9980
    0.0000  -22.5000  -30.0000 2656.7236   10.9149
    7.5000  -22.5000  -30.0000 2644.7744   10.8964
   -7.5000  -15.0000  -30.0000 2624.6389   10.9596
    0.0000  -15.0000  -30.0000 2655.6182   10.8635
    7.5000  -15.0000  -30.0000 2641.1487   10.8774
   -7.5000   -7.5000  -30.0000 2606.0225   11.1130
    0.0000   -7.5000  -30.0000 2644.5703   11.0068
    7.5000   -7.5000  -30.0000 2627.1016   11.0310
   -7.5000    0.0000  -30.0000 2570.5474   11.4570
    0.0000    0.0000  -30.0000 2605.4749   11.3361
    7.5000    0.0000  -30.0000 2593.3362   11.3436
   -7.5000    7.5000  -30.0000 2508.5374   11.9310
    0.0000    7.5000  -30.0000 2541.6431   11.7923
    7.5000    7.5000  -30.0000 2530.5530   11.8177
   -7.5000   15.0000  -30.0000 2425.2830   12.6287
    0.0000   15.0000  -30.0000 2454.1992   12.4590
    7.5000   15.0000  -30.0000 2442.5928   12.5103
   -7.5000   22.5000  -30.0000 2329.3315   13.6533
    0.0000   22.5000  -30.0000 2354.2288   13.4787
    7.5000   22.5000  -30.0000 2340.7979   13.5229
   -7.5000   30.0000  -30.0000 2222.4929   15.0914
    0.0000   30.0000  -30.0000 2239.7048   14.8922
    7.5000   30.0000  -30.0000 2224.9128   14.9274
   -7.5000   37.5000  -30.0000 2108.3386   17.0567
    0.0000   37.5000  -30.0000 2120.8103   16.8301
    7.5000   37.5000  -30.0000 2110.8303   16.8338
   -7.5000   45.0000  -30.0000 1980.0961   19.6188
    0.0000   45.0000  -30.0000 2002.8639   19.3587
    7.5000   45.0000  -30.0000 1993.5924   19.3334
   -7.5000  -45.0000  -22.5000 2653.7708   11.4735
    0.0000  -45.0000  -22.5000 2673.0400   11.3483
    7.5000  -45.0000  -22.5000 2662.6604   11.3736
   -7.5000  -37.5000  -22.5000 2687.6992   11.0549
    0.0000  -37.5000  -22.5000 2717.5408   10.9469
    7.5000  -37.5000  -22.5000 2706.9963   10.9450
   -7.5000  -30.0000  -22.5000 2720.8418   10.7569
    0.0000  -30.0000  -22.5000 2750.9485   10.6468
    7.5000  -30.0000  -22.5000 2737.6370   10.6441
   -7.5000  -22.5000  -22.5000 2735.0339   10.5593
    0.0000  -22.5000  -22.5000 2770.6482   10.4599
    7.5000  -22.5000  -22.5000 2756.6807   10.4406
   -7.5000  -15.0000  -22.5000 2736.0979   10.5176
    0.0000  -15.0000  -22.5000 2770.9670   10.4044
    7.5000  -15.0000  -22.5000 2753.5747   10.4226
   -7.5000   -7.5000  -22.5000 2716.2947   10.6795
    0.0000   -7.5000  -22.5000 2762.1162   10.5715
    7.5000   -7.5000  -22.5000 2740.5823   10.5918
   -7.5000    0.0000  -22.5000 2681.1121   10.9948
    0.0000    0.0000  -22.5000 2724.2295   10.8906
    7.5000    0.0000  -22.5000 2704.9451   10.8833
   -7.5000    7.5000  -22.5000 2620.0310   11.4472
    0.0000    7.5000  -22.5000 2653.0334   11.3288
    7.5000    7.5000  -22.5000 2640.4807   11.3250
   -7.5000   15.0000  -22.5000 2531.4180   12.0985
    0.0000   15.0000  -22.5000 2563.3640   11.9506
    7.5000   15.0000  -22.5000 2550.0762   11.9753
   -7.5000   22.5000  -22.5000 2428.4014   13.0466
    0.0000   22.5000  -22.5000 2458.4963   12.9014
    7.5000   22.5000  -22.5000 2444.4417   12.9291
   -7.5000   30.0000  -22.5000 2311.2007   14.4241
    0.0000   30.0000  -22.5000 2335.2861   14.2498
    7.5000   30.0000  -22.5000 2322.0999   14.2856
   -7.5000   37.5000  -22.5000 2186.0027   16.2955
    0.0000   37.5000  -22.5000 2204.2212   16.0768
    7.5000   37.5000  -22.5000 2197.1047   16.0849
   -7.5000   45.0000  -22.5000 2054.0503   18.7100
    0.0000   45.0000  -22.5000 2077.7654   18.4112
    7.5000   45.0000  -22.5000 2066.0381   18.4202
   -7.5000  -45.0000  -15.0000 2703.5476   11.0233
    0.0000  -45.0000  -15.0000 2728.7600   10.8853
    7.5000  -45.0000  -15.0000 2722.5647   10.9263
   -7.5000  -37.5000  -15.0000 2749.6150   10.6107
    0.0000  -37.5000  -15.0000 2777.5525   10.4695
    7.5000  -37.5000  -15.0000 2769.8110   10.4846
   -7.5000  -30.0000  -15.0000 2786.9685   10.3203
    0.0000  -30.0000  -15.0000 2822.7209   10.1718
    7.5000  -30.0000  -15.0000 2809.6973   10.1781
   -7.5000  -22.5000  -15.0000 2806.8442   10.1383
    0.0000  -22.5000  -15.0000 2844.7856    9.9998
    7.5000  -22.5000  -15.0000 2831.4717   10.0104
   -7.5000  -15.0000  -15.0000 2811.3074   10.0939
    0.0000  -15.0000  -15.0000 2849.4258    9.9493
    7.5000  -15.0000  -15.0000 2833.0710    9.9760
   -7.5000   -7.5000  -15.0000 2799.3779   10.2689
    0.0000   -7.5000  -15.0000 2844.6753   10.1375
    7.5000   -7.5000  -15.0000 2824.5879   10.1475
   -7.5000    0.0000  -15.0000 2758.2021   10.5936
    0.0000    0.0000  -15.0000 2806.8088   10.4526
    7.5000    0.0000  -15.0000 2787.1064   10.4465
   -7.5000    7.5000  -15.0000 2694.0364   11.0295
    0.0000    7.5000  -15.0000 2735.1484   10.8787
    7.5000    7.5000  -15.0000 2716.9651   10.8909
   -7.5000   15.0000  -15.0000 2605.3647   11.6329
    0.0000   15.0000  -15.0000 2639.4614   11.4714
    7.5000   15.0000  -15.0000 2624.7927   11.5099
   -7.5000   22.5000  -15.0000 2500.0930   12.5266
    0.0000   22.5000  -15.0000 2528.5869   12.3751
    7.5000   22.5000  -15.0000 2513.0049   12.4454
   -7.5000   30.0000  -15.0000 2375.6682   13.8610
    0.0000   30.0000  -15.0000 2403.7039   13.6845
    7.5000   30.0000  -15.0000 2388.5562   13.7507
   -7.5000   37.5000  -15.0000 2240.8213   15.6276
    0.0000   37.5000  -15.0000 2264.1599   15.4100
    7.5000   37.5000  -15.0000 2256.3579   15.4669
   -7.5000   45.0000  -15.0000 2103.9521   17.9173
    0.0000   45.0000  -15.0000 2129.8728   17.6298
    7.5000   45.0000  -15.0000 2118.5986   17.6987
   -7.5000  -45.0000   -7.5000 2737.9626   10.6520
    0.0000  -45.0000   -7.5000 2764.1438   10.4864
    7.5000  -45.0000   -7.5000 2759.4165   10.5360
   -7.5000  -37.5000   -7.5000 2783.6523   10.2429
    0.0000  -37.5000   -7.5000 2807.7761   10.0675
    7.5000  -37.5000   -7.5000 2802.9827   10.0975
   -7.5000  -30.0000   -7.5000 2822.0305    9.9492
    0.0000  -30.0000   -7.5000 2856.6133    9.7567
    7.5000  -30.0000   -7.5000 2849.5757    9.7982
   -7.5000  -22.5000   -7.5000 2849.9771    9.8046
    0.0000  -22.5000   -7.5000 2893.2114    9.5936
    7.5000  -22.5000   -7.5000 2883.3992    9.6567
   -7.5000  -15.0000   -7.5000 2863.2830    9.7563
    0.0000  -15.0000   -7.5000 2903.9004    9.5381
    7.5000  -15.0000   -7.5000 2894.0588    9.6250
   -7.5000   -7.5000   -7.5000 2862.2751    9.9080
    0.0000   -7.5000   -7.5000 2899.4297    9.7058
    7.5000   -7.5000   -7.5000 2887.0137    9.7794
   -7.5000    0.0000   -7.5000 2822.6304   10.2361
    0.0000    0.0000   -7.5000 2863.0884   10.0365
    7.5000    0.0000   -7.5000 2848.2244   10.0899
   -7.5000    7.5000   -7.5000 2751.7051   10.6786
    0.0000    7.5000   -7.5000 2791.1443   10.4866
    7.5000    7.5000   -7.5000 2773.1631   10.5439
   -7.5000   15.0000   -7.5000 2657.6016   11.2862
    0.0000   15.0000   -7.5000 2695.1350   11.1009
    7.5000   15.0000   -7.5000 2674.6973   11.1685
   -7.5000   22.5000   -7.5000 2547.1143   12.1607
    0.0000   22.5000   -7.5000 2574.3638   11.9804
    7.5000   22.5000   -7.5000 2558.3210   12.0628
   -7.5000   30.0000   -7.5000 2418.4392   13.4226
    0.0000   30.0000   -7.5000 2446.8899   13.2473
    7.5000   30.0000   -7.5000 2433.0984   13.3164
   -7.5000   37.5000   -7.5000 2282.9136   15.1118
    0.0000   37.5000   -7.5000 2309.9592   14.9266
    7.5000   37.5000   -7.5000 2299.3606   14.9787
   -7.5000   45.0000   -7.5000 2138.2498   17.2428
    0.0000   45.0000   -7.5000 2162.7883   17.0113
    7.5000   45.0000   -7.5000 2152.6333   17.0797
   -7.5000  -45.0000    0.0000 2753.6550   10.4016
    0.0000  -45.0000    0.0000 2777.0137   10.2260
    7.5000  -45.0000    0.0000 2775.8196   10.2691
   -7.5000  -37.5000    0.0000 2804.0139   10.0215
    0.0000  -37.5000    0.0000 2820.6162    9.8205
    7.5000  -37.5000    0.0000 2824.2903    9.8698
   -7.5000  -30.0000    0.0000 2843.2808    9.7559
    0.0000  -30.0000    0.0000 2868.0149    9.5504
    7.5000  -30.0000    0.0000 2866.5083    9.6002
   -7.5000  -22.5000    0.0000 2880.4951    9.6278
    0.0000  -22.5000    0.0000 2913.2668    9.4348
    7.5000  -22.5000    0.0000 2910.0886    9.4901
   -7.5000  -15.0000    0.0000 2901.6182    9.6102
    0.0000  -15.0000    0.0000 2943.3711    9.3835
    7.5000  -15.0000    0.0000 2932.7249    9.4824
   -7.5000   -7.5000    0.0000 2901.9104    9.7085
    0.0000   -7.5000    0.0000 2943.4185    9.4922
    7.5000   -7.5000    0.0000 2925.0415    9.5957
   -7.5000    0.0000    0.0000 2861.1287    9.9865
    0.0000    0.0000    0.0000 2898.7100    9.8061
    7.5000    0.0000    0.0000 2880.6570    9.8665
   -7.5000    7.5000    0.0000 2787.5601   10.4281
    0.0000    7.5000    0.0000 2821.7817   10.2784
    7.5000    7.5000    0.0000 2806.0107   10.3155
   -7.5000   15.0000    0.0000 2686.8840   11.0524
    0.0000   15.0000    0.0000 2720.7727   10.9075
    7.5000   15.0000    0.0000 2700.3442   10.9587
   -7.5000   22.5000    0.0000 2567.1858   11.9340
    0.0000   22.5000    0.0000 2597.1338   11.8030
    7.5000   22.5000    0.0000 2579.9971   11.8524
   -7.5000   30.0000    0.0000 2441.5220   13.1339
    0.0000   30.0000    0.0000 2467.2917   13.0284
    7.5000   30.0000    0.0000 2452.5791   13.0451
   -7.5000   37.5000    0.0000 2308.2300   14.7293
    0.0000   37.5000    0.0000 2330.2195   14.6205
    7.5000   37.5000    0.0000 2318.5012   14.6357
   -7.5000   45.0000    0.0000 2158.3237   16.7763
    0.0000   45.0000    0.0000 2180.6721   16.6064
    7.5000   45.0000    0.0000 2168.2427   16.6362
   -7.5000  -45.0000    7.5000 2747.9656   10.3456
    0.0000  -45.0000    7.5000 2763.1819   10.1750
    7.5000  -45.0000    7.5000 2769.0518   10.2201
   -7.5000  -37.5000    7.5000 2795.7375    9.9449
    0.0000  -37.5000    7.5000 2819.8137    9.7862
    7.5000  -37.5000    7.5000 2820.0891    9.8206
   -7.5000  -30.0000    7.5000 2843.1489    9.6719
    0.0000  -30.0000    7.5000 2875.3523    9.5193
    7.5000  -30.0000    7.5000 2865.6541    9.5314
   -7.5000  -22.5000    7.5000 2888.0503    9.5422
    0.0000  -22.5000    7.5000 2926.4299    9.4281
    7.5000  -22.5000    7.5000 2914.5713    9.4380
   -7.5000  -15.0000    7.5000 2915.2292    9.5349
    0.0000  -15.0000    7.5000 2963.1670    9.4104
    7.5000  -15.0000    7.5000 2939.2866    9.4276
   -7.5000   -7.5000    7.5000 2916.2439    9.6343
    0.0000   -7.5000    7.5000 2964.5242    9.4873
    7.5000   -7.5000    7.5000 2936.4739    9.5330
   -7.5000    0.0000    7.5000 2873.8206    9.8892
    0.0000    0.0000    7.5000 2913.4634    9.7360
    7.5000    0.0000    7.5000 2889.3982    9.7971
   -7.5000    7.5000    7.5000 2799.9985   10.3404
    0.0000    7.5000    7.5000 2837.2229   10.1725
    7.5000    7.5000    7.5000 2817.5073   10.2377
   -7.5000   15.0000    7.5000 2696.6172   10.9846
    0.0000   15.0000    7.5000 2729.6323   10.8227
    7.5000   15.0000    7.5000 2708.5332   10.8882
   -7.5000   22.5000    7.5000 2574.3792   11.8732
    0.0000   22.5000    7.5000 2602.2532   11.7337
    7.5000   22.5000    7.5000 2583.2368   11.7863
   -7.5000   30.0000    7.5000 2443.6650   13.0571
    0.0000   30.0000    7.5000 2466.3193   12.9225
    7.5000   30.0000    7.5000 2451.1885   12.9584
   -7.5000   37.5000    7.5000 2307.8691   14.6097
    0.0000   37.5000    7.5000 2327.7041   14.4646
    7.5000   37.5000    7.5000 2313.8572   14.4993
   -7.5000   45.0000    7.5000 2154.6570   16.5359
    0.0000   45.0000    7.5000 2179.0793   16.3890
    7.5000   45.0000    7.5000 2166.7622   16.4315
   -7.5000  -45.0000   15.0000 2713.8030   10.4987
    0.0000  -45.0000   15.0000 2729.3416   10.3921
    7.5000  -45.0000   15.0000 2728.5654   10.4092
   -7.5000  -37.5000   15.0000 2765.4280   10.0379
    0.0000  -37.5000   15.0000 2793.2068    9.9199
    7.5000  -37.5000   15.0000 2785.4717    9.9601
   -7.5000  -30.0000   15.0000 2819.0715    9.7644
    0.0000  -30.0000   15.0000 2857.4370    9.6248
    7.5000  -30.0000   15.0000 2840.9014    9.6512
   -7.5000  -22.5000   15.0000 2872.2336    9.6370
    0.0000  -22.5000   15.0000 2914.6704    9.5193
    7.5000  -22.5000   15.0000 2894.7957    9.5269
   -7.5000  -15.0000   15.0000 2908.3552    9.5806
    0.0000  -15.0000   15.0000 2957.1575    9.4464
    7.5000  -15.0000   15.0000 2925.6438    9.4918
   -7.5000   -7.5000   15.0000 2903.3625    9.6589
    0.0000   -7.5000   15.0000 2948.6101    9.4774
    7.5000   -7.5000   15.0000 2919.6438    9.5793
   -7.5000    0.0000   15.0000 2859.0852    9.9382
    0.0000    0.0000   15.0000 2899.8857    9.7593
    7.5000    0.0000   15.0000 2872.6614    9.8588
   -7.5000    7.5000   15.0000 2786.2625   10.4150
    0.0000    7.5000   15.0000 2820.2568   10.2651
    7.5000    7.5000   15.0000 2799.2244   10.3359
   -7.5000   15.0000   15.0000 2686.2537   11.0837
    0.0000   15.0000   15.0000 2711.8054   10.9245
    7.5000   15.0000   15.0000 2691.5308   11.0046
   -7.5000   22.5000   15.0000 2556.7339   11.9933
    0.0000   22.5000   15.0000 2580.6653   11.8383
    7.5000   22.5000   15.0000 2563.4189   11.8915
   -7.5000   30.0000   15.0000 2429.5876   13.1558
    0.0000   30.0000   15.0000 2447.5664   12.9975
    7.5000   30.0000   15.0000 2432.0938   13.0088
   -7.5000   37.5000   15.0000 2290.7502   14.6648
    0.0000   37.5000   15.0000 2310.2642   14.4907
    7.5000   37.5000   15.0000 2299.7644   14.5045
   -7.5000   45.0000   15.0000 2140.3213   16.5277
    0.0000   45.0000   15.0000 2164.2268   16.3489
    7.5000   45.0000   15.0000 2153.1460   16.3289
   -7.5000  -45.0000   22.5000 2677.5686   10.7698
    0.0000  -45.0000   22.5000 2697.5857   10.6679
    7.5000  -45.0000   22.5000 2689.8669   10.7117
   -7.5000  -37.5000   22.5000 2731.8364   10.2915
    0.0000  -37.5000   22.5000 2760.0613   10.1587
    7.5000  -37.5000   22.5000 2747.6624   10.2224
   -7.5000  -30.0000   22.5000 2785.2427   10.0155
    0.0000  -30.0000   22.5000 2823.8093    9.8670
    7.5000  -30.0000   22.5000 2805.0745    9.9112
   -7.5000  -22.5000   22.5000 2839.5103    9.8763
    0.0000  -22.5000   22.5000 2883.0959    9.7416
    7.5000  -22.5000   22.5000 2858.3196    9.7937
   -7.5000  -15.0000   22.5000 2866.9468    9.8159
    0.0000  -15.0000   22.5000 2915.3394    9.6320
    7.5000  -15.0000   22.5000 2885.3586    9.7474
   -7.5000   -7.5000   22.5000 2862.6914    9.9081
    0.0000   -7.5000   22.5000 2904.4338    9.6825
    7.5000   -7.5000   22.5000 2876.3835    9.8080
   -7.5000    0.0000   22.5000 2822.0269   10.1958
    0.0000    0.0000   22.5000 2862.7834   10.0095
    7.5000    0.0000   22.5000 2833.1523   10.1026
   -7.5000    7.5000   22.5000 2751.2905   10.6878
    0.0000    7.5000   22.5000 2784.3027   10.5221
    7.5000    7.5000   22.5000 2760.3555   10.5905
   -7.5000   15.0000   22.5000 2653.8950   11.3535
    0.0000   15.0000   22.5000 2680.8206   11.1775
    7.5000   15.0000   22.5000 2660.3201   11.2494
   -7.5000   22.5000   22.5000 2533.0476   12.2424
    0.0000   22.5000   22.5000 2555.1924   12.0819
    7.5000   22.5000   22.5000 2537.9805   12.1404
   -7.5000   30.0000   22.5000 2401.0806   13.3932
    0.0000   30.0000   22.5000 2419.8291   13.2452
    7.5000   30.0000   22.5000 2407.7605   13.2770
   -7.5000   37.5000   22.5000 2261.5295   14.8792
    0.0000   37.5000   22.5000 2284.4250   14.7075
    7.5000   37.5000   22.5000 2272.2043   14.6985
   -7.5000   45.0000   22.5000 2113.3198   16.7392
    0.0000   45.0000   22.5000 2135.8909   16.5187
    7.5000   45.0000   22.5000 2126.3494   16.4964
   -7.5000  -45.0000   30.0000 2639.5132   11.1805
    0.0000  -45.0000   30.0000 2657.3323   11.0458
    7.5000  -45.0000   30.0000 2647.5471   11.1370
   -7.5000  -37.5000   30.0000 2687.0203   10.7108
    0.0000  -37.5000   30.0000 2712.9204   10.5490
    7.5000  -37.5000   30.0000 2698.3943   10.6259
   -7.5000  -30.0000   30.0000 2735.3188   10.3967
    0.0000  -30.0000   30.0000 2766.8777   10.2377
    7.5000  -30.0000   30.0000 2750.8010   10.3258
   -7.5000  -22.5000   30.0000 2784.3333   10.2689
    0.0000  -22.5000   30.0000 2819.9268   10.1296
    7.5000  -22.5000   30.0000 2801.4812   10.2169
   -7.5000  -15.0000   30.0000 2807.9475   10.2345
    0.0000  -15.0000   30.0000 2844.9722   10.0330
    7.5000  -15.0000   30.0000 2820.1794   10.1782
   -7.5000   -7.5000   30.0000 2799.3528   10.3468
    0.0000   -7.5000   30.0000 2832.8210   10.1362
    7.5000   -7.5000   30.0000 2811.2046   10.2645
   -7.5000    0.0000   30.0000 2756.2651   10.6689
    0.0000    0.0000   30.0000 2792.5208   10.4934
    7.5000    0.0000   30.0000 2769.4143   10.5718
   -7.5000    7.5000   30.0000 2688.7947   11.1448
    0.0000    7.5000   30.0000 2721.5166   10.9710
    7.5000    7.5000   30.0000 2702.1667   11.0348
   -7.5000   15.0000   30.0000 2600.9487   11.7546
    0.0000   15.0000   30.0000 2628.1575   11.5903
    7.5000   15.0000   30.0000 2609.9595   11.6446
   -7.5000   22.5000   30.0000 2492.6936   12.6199
    0.0000   22.5000   30.0000 2519.5125   12.4553
    7.5000   22.5000   30.0000 2499.0583   12.5042
   -7.5000   30.0000   30.0000 2365.7949   13.7718
    0.0000   30.0000   30.0000 2390.5032   13.5964
    7.5000   30.0000   30.0000 2373.5811   13.6502
   -7.5000   37.5000   30.0000 2222.5261   15.2618
    0.0000   37.5000   30.0000 2246.6858   15.0693
    7.5000   37.5000   30.0000 2235.9009   15.0869
   -7.5000   45.0000   30.0000 2077.9912   17.1308
    0.0000   45.0000   30.0000 2099.2993   16.9006
    7.5000   45.0000   30.0000 2091.4512   16.8818
   -7.5000  -45.0000   37.5000 2587.7678   11.6852
    0.0000  -45.0000   37.5000 2608.4141   11.5418
    7.5000  -45.0000   37.5000 2596.5168   11.6532
   -7.5000  -37.5000   37.5000 2634.5913   11.2259
    0.0000  -37.5000   37.5000 2657.7239   11.0547
    7.5000  -37.5000   37.5000 2642.8174   11.1653
   -7.5000  -30.0000   37.5000 2679.3020   10.9227
    0.0000  -30.0000   37.5000 2707.8057   10.7459
    7.5000  -30.0000   37.5000 2689.5137   10.8529
   -7.5000  -22.5000   37.5000 2717.4087   10.7830
    0.0000  -22.5000   37.5000 2748.5691   10.6094
    7.5000  -22.5000   37.5000 2731.2244   10.7102
   -7.5000  -15.0000   37.5000 2735.9521   10.7673
    0.0000  -15.0000   37.5000 2766.5938   10.5693
    7.5000  -15.0000   37.5000 2742.4763   10.6939
   -7.5000   -7.5000   37.5000 2721.2109   10.9289
    0.0000   -7.5000   37.5000 2748.4080   10.7368
    7.5000   -7.5000   37.5000 2727.2017   10.8384
   -7.5000    0.0000   37.5000 2673.6636   11.2898
    0.0000    0.0000   37.5000 2700.6072   11.1151
    7.5000    0.0000   37.5000 2686.1570   11.1942
   -7.5000    7.5000   37.5000 2611.8198   11.7737
    0.0000    7.5000   37.5000 2636.9358   11.5984
    7.5000    7.5000   37.5000 2620.9189   11.6551
   -7.5000   15.0000   37.5000 2533.4414   12.3440
    0.0000   15.0000   37.5000 2560.8125   12.1851
    7.5000   15.0000   37.5000 2541.8660   12.2351
   -7.5000   22.5000   37.5000 2441.4978   13.1555
    0.0000   22.5000   37.5000 2467.1548   12.9900
    7.5000   22.5000   37.5000 2445.5356   13.0586
   -7.5000   30.0000   37.5000 2328.1719   14.2734
    0.0000   30.0000   37.5000 2348.6631   14.0911
    7.5000   30.0000   37.5000 2332.8645   14.1566
   -7.5000   37.5000   37.5000 2188.4077   15.7713
    0.0000   37.5000   37.5000 2206.1802   15.6006
    7.5000   37.5000   37.5000 2193.6892   15.6194
   -7.5000   45.0000   37.5000 2042.4943   17.6282
    0.0000   45.0000   37.5000 2062.9927   17.4224
    7.5000   45.0000   37.5000 2051.1021   17.4279
   -7.5000  -45.0000   45.0000 2529.6624   12.3529
    0.0000  -45.0000   45.0000 2548.9072   12.1673
    7.5000  -45.0000   45.0000 2536.6704   12.3156
   -7.5000  -37.5000   45.0000 2575.3508   11.8683
    0.0000  -37.5000   45.0000 2599.8435   11.6751
    7.5000  -37.5000   45.0000 2577.7974   11.8496
   -7.5000  -30.0000   45.0000 2608.5586   11.6048
    0.0000  -30.0000   45.0000 2635.5562   11.4107
    7.5000  -30.0000   45.0000 2615.6187   11.5355
   -7.5000  -22.5000   45.0000 2639.4910   11.4478
    0.0000  -22.5000   45.0000 2670.6240   11.2682
    7.5000  -22.5000   45.0000 2647.0757   11.3748
   -7.5000  -15.0000   45.0000 2651.2224   11.4384
    0.0000  -15.0000   45.0000 2677.4485   11.2633
    7.5000  -15.0000   45.0000 2651.6619   11.3693
   -7.5000   -7.5000   45.0000 2633.6238   11.6424
    0.0000   -7.5000   45.0000 2658.0515   11.4637
    7.5000   -7.5000   45.0000 2636.0923   11.5540
   -7.5000    0.0000   45.0000 2586.1030   12.0213
    0.0000    0.0000   45.0000 2608.2349   11.8498
    7.5000    0.0000   45.0000 2596.3096   11.9259
   -7.5000    7.5000   45.0000 2529.0234   12.5050
    0.0000    7.5000   45.0000 2551.1797   12.3351
    7.5000    7.5000   45.0000 2537.2559   12.3942
   -7.5000   15.0000   45.0000 2454.1055   13.0878
    0.0000   15.0000   45.0000 2481.2156   12.9160
    7.5000   15.0000   45.0000 2460.5957   12.9707
   -7.5000   22.5000   45.0000 2376.7642   13.8395
    0.0000   22.5000   45.0000 2404.3230   13.6657
    7.5000   22.5000   45.0000 2379.3550   13.7405
   -7.5000   30.0000   45.0000 2272.4834   14.9085
    0.0000   30.0000   45.0000 2297.7588   14.7494
    7.5000   30.0000   45.0000 2271.7097   14.8476
   -7.5000   37.5000   45.0000 2138.7146   16.4154
    0.0000   37.5000   45.0000 2162.1187   16.2573
    7.5000   37.5000   45.0000 2143.9514   16.3166
   -7.5000   45.0000   45.0000 1999.4097   18.3352
    0.0000   45.0000   45.0000 2015.5098   18.1581
    7.5000   45.0000   45.0000 2011.5229   18.1837

---------------------------------------------------------------------
imgreg_4dfp /opt/freesurfer/average/711-2C_as_mni_average_305 /opt/freesurfer/average/711-2B_as_mni_average_305_mask talsrcimg_g11 none talsrcimg_to_711-2C_as_mni_average_305_t4 1283
---------------------------------------------------------------------

freesurfer imgreg_4dfp.c
/opt/freesurfer/average/711-2C_as_mni_average_305.4dfp.img
       256       256       256         1
  1.000000  1.000000  1.000000
orientation T byte_order littleendian
Reading image: /opt/freesurfer/average/711-2C_as_mni_average_305.4dfp.img
dimensions:      256       256       256
mmppix:       1.0000   -1.0000   -1.0000
center:     128.0000 -129.0000 -129.0000
/opt/freesurfer/average/711-2B_as_mni_average_305_mask.4dfp.img
       256       256       256         1
  1.000000  1.000000  1.000000
orientation T byte_order littleendian
Reading mask: /opt/freesurfer/average/711-2B_as_mni_average_305_mask.4dfp.img (2306576 pixels)
talsrcimg_g11.4dfp.img
       256       256       256         1
  1.000000  1.000000  1.000000
orientation T byte_order littleendian
Reading image: talsrcimg_g11.4dfp.img
dimensions:      256       256       256
mmppix:       1.0000   -1.0000   -1.0000
center:     128.0000 -129.0000 -129.0000
rotation matrix determinant  1.000000
fimgreg.f
image alignment mode   1283 decimal      503 hex
parameters
    0.0000   -7.5000    7.5000    0.0000    0.0000    0.0000
eta,q 0.92959  9.50958
niter,ni,del,rscale     5    3   12.0000    1.2000
parameter  4 -4.260898 ->  0.500000 qaram    1.1500
parameters
    2.1303   -9.8799    7.5069   -3.4500    0.5006    2.1401
eta,q 0.93611  9.40930
  0.0843  0.0697  0.0740  0.0594  0.0687  0.0677
  0.0775  0.0698  0.0708  0.0633  0.0667  0.0662
  0.0738  0.0694  0.0691  0.0667  0.0647  0.0652
  0.0715  0.0693  0.0696  0.0696  0.0644  0.0644
  0.0695  0.0705  0.0709  0.0725  0.0646  0.0639
  0.0704  0.0749  0.0719  0.0753  0.0656  0.0642
  0.0733  0.0812  0.0726  0.0779  0.0675  0.0651
niter,ni,del,rscale     5    3   12.0000    1.2000
parameter  4123.805252 ->  0.500000 qaram    1.3225
parameters
    1.8640   -9.9815    7.5069   -7.4175   -0.4458    0.1443
eta,q 0.94297  9.43789
  0.0716  0.0682  0.0684  0.0544  0.0597  0.0593
  0.0679  0.0653  0.0650  0.0568  0.0582  0.0576
  0.0652  0.0639  0.0638  0.0601  0.0576  0.0570
  0.0639  0.0639  0.0639  0.0639  0.0576  0.0576
  0.0646  0.0645  0.0648  0.0675  0.0577  0.0593
  0.0679  0.0653  0.0660  0.0706  0.0594  0.0617
  0.0744  0.0684  0.0674  0.0733  0.0625  0.0645
niter,ni,del,rscale     5    3   12.0000    1.2000
parameter  4  1.897102 ->  0.500000 qaram    1.5209
parameters
    1.4924   -9.3632    7.8298  -11.9801    0.4255   -0.1311
eta,q 0.94809  9.41108
  0.0652  0.0655  0.0614  0.0495  0.0574  0.0559
  0.0601  0.0613  0.0587  0.0516  0.0555  0.0531
  0.0581  0.0586  0.0574  0.0543  0.0539  0.0518
  0.0570  0.0570  0.0569  0.0569  0.0523  0.0520
  0.0581  0.0575  0.0570  0.0614  0.0520  0.0528
  0.0614  0.0597  0.0579  0.0664  0.0531  0.0541
  0.0679  0.0625  0.0606  0.0707  0.0558  0.0559
niter,ni,del,rscale     5    3   12.0000    1.2000
parameter  4  0.844918 ->  0.500000 qaram    1.7490
parameters
    1.4891   -8.2014    6.5655  -17.2272    1.2293    0.4908
eta,q 0.95404  9.41182
  0.0623  0.0621  0.0541  0.0481  0.0538  0.0529
  0.0571  0.0566  0.0523  0.0461  0.0504  0.0501
  0.0538  0.0536  0.0516  0.0481  0.0478  0.0474
  0.0519  0.0519  0.0515  0.0515  0.0463  0.0460
  0.0530  0.0516  0.0522  0.0551  0.0461  0.0464
  0.0567  0.0530  0.0547  0.0604  0.0478  0.0482
  0.0629  0.0563  0.0591  0.0655  0.0510  0.0508
niter,ni,del,rscale     5    3   12.0000    1.2000
parameters
    0.9330   -7.1645    4.4297  -21.5456    2.2990    0.6577
eta,q 0.95755  9.47871
  0.0559  0.0596  0.0471  0.0480  0.0518  0.0492
  0.0508  0.0536  0.0455  0.0445  0.0490  0.0464
  0.0471  0.0485  0.0451  0.0431  0.0459  0.0438
  0.0460  0.0458  0.0454  0.0451  0.0433  0.0425
  0.0489  0.0456  0.0475  0.0506  0.0424  0.0432
  0.0536  0.0482  0.0512  0.0550  0.0445  0.0456
  0.0601  0.0529  0.0566  0.0598  0.0484  0.0488
niter,ni,del,rscale     4    3   12.0000    1.2000
parameters
    0.6208   -5.9612    3.3650  -22.3597    2.6106    0.2262
eta,q 0.95864  9.48527
  0.0555  0.0558  0.0481  0.0540  0.0493  0.0466
  0.0493  0.0494  0.0440  0.0454  0.0463  0.0441
  0.0444  0.0447  0.0419  0.0416  0.0436  0.0421
  0.0424  0.0424  0.0422  0.0417  0.0415  0.0413
  0.0458  0.0425  0.0447  0.0446  0.0417  0.0423
  0.0513  0.0443  0.0486  0.0503  0.0447  0.0450
  0.0582  0.0481  0.0537  0.0562  0.0487  0.0487
niter,ni,del,rscale     3    3   12.0000    1.2000
parameters
    0.5716   -5.8891    3.0644  -22.7042    2.7523    0.1320
eta,q 0.95889  9.48721
  0.0561  0.0513  0.0499  0.0545  0.0489  0.0469
  0.0494  0.0460  0.0448  0.0470  0.0457  0.0442
  0.0440  0.0425  0.0418  0.0415  0.0430  0.0421
  0.0414  0.0414  0.0413  0.0413  0.0412  0.0411
  0.0441  0.0422  0.0433  0.0436  0.0417  0.0417
  0.0495  0.0455  0.0466  0.0490  0.0449  0.0441
  0.0567  0.0510  0.0511  0.0553  0.0487  0.0477
niter,ni,del,rscale     2    3   12.0000    1.2000
parameters
    0.5461   -5.8493    2.9475  -22.8695    2.7962    0.1157
eta,q 0.95897  9.48791
  0.0562  0.0512  0.0505  0.0546  0.0486  0.0469
  0.0494  0.0459  0.0450  0.0477  0.0455  0.0442
  0.0438  0.0425  0.0417  0.0416  0.0427  0.0421
  0.0411  0.0411  0.0411  0.0411  0.0410  0.0410
  0.0438  0.0419  0.0429  0.0432  0.0417  0.0416
  0.0493  0.0455  0.0461  0.0484  0.0451  0.0439
  0.0566  0.0512  0.0505  0.0549  0.0489  0.0474
niter,ni,del,rscale     1    3   12.0000    1.2000
parameters
    0.5388   -5.8318    2.8921  -22.9478    2.8063    0.1143
eta,q 0.95900  9.48826
  0.0562  0.0511  0.0507  0.0547  0.0485  0.0469
  0.0495  0.0459  0.0451  0.0480  0.0454  0.0442
  0.0438  0.0425  0.0417  0.0416  0.0426  0.0420
  0.0410  0.0410  0.0410  0.0410  0.0410  0.0410
  0.0437  0.0419  0.0428  0.0431  0.0417  0.0415
  0.0492  0.0456  0.0459  0.0482  0.0451  0.0439
  0.0566  0.0514  0.0503  0.0547  0.0489  0.0473
registration optimization eta report
parameter search radius
    6.0000    6.0000    6.0000   10.4940    6.0000    6.0000
100000*second partial in parameter space
       41.       28.       26.       13.       21.       17.
  0.0562  0.0511  0.0507  0.0547  0.0485  0.0469
  0.0495  0.0459  0.0451  0.0480  0.0454  0.0442
  0.0438  0.0425  0.0417  0.0416  0.0426  0.0420
  0.0410  0.0410  0.0410  0.0410  0.0410  0.0410
  0.0437  0.0419  0.0428  0.0431  0.0417  0.0415
  0.0492  0.0456  0.0459  0.0482  0.0451  0.0439
  0.0566  0.0514  0.0503  0.0547  0.0489  0.0473
    0.5388   -5.8318    2.8921  -22.9478    2.8063    0.1143
eta,q 0.95900  9.48826

---------------------------------------------------------------------
imgreg_4dfp /opt/freesurfer/average/711-2C_as_mni_average_305 /opt/freesurfer/average/711-2B_as_mni_average_305_mask talsrcimg_g11 none talsrcimg_to_711-2C_as_mni_average_305_t4 3335
---------------------------------------------------------------------

freesurfer imgreg_4dfp.c
/opt/freesurfer/average/711-2C_as_mni_average_305.4dfp.img
       256       256       256         1
  1.000000  1.000000  1.000000
orientation T byte_order littleendian
Reading image: /opt/freesurfer/average/711-2C_as_mni_average_305.4dfp.img
dimensions:      256       256       256
mmppix:       1.0000   -1.0000   -1.0000
center:     128.0000 -129.0000 -129.0000
/opt/freesurfer/average/711-2B_as_mni_average_305_mask.4dfp.img
       256       256       256         1
  1.000000  1.000000  1.000000
orientation T byte_order littleendian
Reading mask: /opt/freesurfer/average/711-2B_as_mni_average_305_mask.4dfp.img (2306576 pixels)
talsrcimg_g11.4dfp.img
       256       256       256         1
  1.000000  1.000000  1.000000
orientation T byte_order littleendian
Reading image: talsrcimg_g11.4dfp.img
dimensions:      256       256       256
mmppix:       1.0000   -1.0000   -1.0000
center:     128.0000 -129.0000 -129.0000
fimgreg.f
image alignment mode   3335 decimal      D07 hex
parameters
    0.5388   -5.8318    2.8921   -0.1201   -7.9103   -8.0244
    1.7252   -4.5864    0.1993   38.9802    4.8960  -38.9425
eta,q 0.95981  9.47693
niter,ni,del,rscale     5    3    5.0000    1.2000
parameter  4  2.614526 ->  0.500000 qaram    1.1500
parameter  5  1.985915 ->  0.500000 qaram    1.1500
parameter  6  0.527219 ->  0.500000 qaram    1.1500
parameter 10  0.749390 ->  0.500000 qaram    1.1500
parameters
    0.4233   -5.1311    3.1255   -4.2601  -12.0503  -12.1644
    2.1125   -3.0323    2.0847   34.8402    3.4077  -36.3686
eta,q 0.96905  8.88645
  0.0427  0.0432  0.0417  0.0345  0.0324  0.0331  0.0359  0.0382  0.0353  0.0313  0.0316  0.0330
  0.0413  0.0418  0.0408  0.0360  0.0332  0.0328  0.0343  0.0357  0.0341  0.0311  0.0313  0.0321
  0.0405  0.0408  0.0402  0.0379  0.0346  0.0330  0.0332  0.0339  0.0331  0.0315  0.0311  0.0315
  0.0402  0.0402  0.0400  0.0400  0.0365  0.0335  0.0328  0.0328  0.0326  0.0325  0.0311  0.0311
  0.0406  0.0400  0.0401  0.0426  0.0386  0.0342  0.0331  0.0327  0.0325  0.0341  0.0313  0.0310
  0.0416  0.0403  0.0405  0.0455  0.0409  0.0357  0.0339  0.0334  0.0328  0.0362  0.0317  0.0311
  0.0433  0.0410  0.0411  0.0483  0.0433  0.0383  0.0353  0.0351  0.0335  0.0388  0.0323  0.0315
niter,ni,del,rscale     7    3    5.0000    1.2000
parameter  4  1.045249 ->  0.500000 qaram    1.3225
parameter  5  0.752967 ->  0.500000 qaram    1.3225
parameters
    0.3100   -4.8930    2.6281   -9.0211  -16.8113  -12.9198
    2.1365   -3.3387    2.1987   33.3849    2.8530  -37.3285
eta,q 0.97331  8.44923
  0.0337  0.0339  0.0318  0.0280  0.0271  0.0296  0.0295  0.0308  0.0289  0.0294  0.0274  0.0276
  0.0320  0.0324  0.0311  0.0282  0.0269  0.0281  0.0281  0.0286  0.0279  0.0277  0.0270  0.0270
  0.0311  0.0314  0.0309  0.0291  0.0273  0.0271  0.0272  0.0273  0.0272  0.0268  0.0268  0.0267
  0.0310  0.0309  0.0309  0.0309  0.0283  0.0270  0.0269  0.0269  0.0269  0.0269  0.0267  0.0267
  0.0314  0.0311  0.0313  0.0330  0.0300  0.0278  0.0272  0.0275  0.0271  0.0279  0.0268  0.0270
  0.0324  0.0317  0.0320  0.0357  0.0321  0.0290  0.0281  0.0292  0.0277  0.0296  0.0272  0.0275
  0.0342  0.0329  0.0329  0.0388  0.0346  0.0305  0.0295  0.0315  0.0288  0.0318  0.0277  0.0282
niter,ni,del,rscale     7    3    5.0000    1.2000
parameters
    0.4098   -4.5174    2.5302  -12.2327  -18.1121  -13.5342
    1.9173   -3.5174    2.0098   34.1214    2.3033  -37.6581
eta,q 0.97373  8.24490
  0.0304  0.0300  0.0280  0.0278  0.0289  0.0293  0.0286  0.0302  0.0282  0.0309  0.0269  0.0274
  0.0284  0.0284  0.0272  0.0268  0.0274  0.0278  0.0274  0.0281  0.0272  0.0286  0.0266  0.0267
  0.0272  0.0272  0.0267  0.0264  0.0265  0.0267  0.0265  0.0267  0.0265  0.0270  0.0263  0.0264
  0.0267  0.0267  0.0266  0.0266  0.0263  0.0263  0.0263  0.0263  0.0263  0.0263  0.0263  0.0263
  0.0270  0.0267  0.0268  0.0279  0.0271  0.0272  0.0266  0.0269  0.0265  0.0266  0.0264  0.0265
  0.0281  0.0273  0.0274  0.0300  0.0287  0.0286  0.0276  0.0284  0.0273  0.0277  0.0267  0.0269
  0.0298  0.0284  0.0282  0.0325  0.0309  0.0302  0.0289  0.0306  0.0285  0.0295  0.0272  0.0275
niter,ni,del,rscale     6    3    5.0000    1.2000
parameters
    0.3203   -4.3602    2.3052  -12.5009  -18.5119  -13.9018
    1.9435   -3.5427    2.1820   34.5681    2.0255  -37.7407
eta,q 0.97376  8.21002
  0.0293  0.0290  0.0275  0.0293  0.0293  0.0294  0.0287  0.0303  0.0283  0.0305  0.0269  0.0274
  0.0276  0.0276  0.0267  0.0276  0.0277  0.0279  0.0274  0.0282  0.0273  0.0283  0.0265  0.0267
  0.0266  0.0266  0.0263  0.0266  0.0266  0.0267  0.0266  0.0268  0.0265  0.0268  0.0263  0.0264
  0.0263  0.0263  0.0263  0.0262  0.0262  0.0262  0.0262  0.0262  0.0262  0.0262  0.0262  0.0262
  0.0267  0.0265  0.0265  0.0265  0.0267  0.0269  0.0265  0.0268  0.0264  0.0266  0.0263  0.0264
  0.0279  0.0272  0.0271  0.0278  0.0280  0.0283  0.0274  0.0282  0.0271  0.0278  0.0266  0.0268
  0.0298  0.0284  0.0280  0.0298  0.0300  0.0299  0.0287  0.0303  0.0282  0.0296  0.0270  0.0274
niter,ni,del,rscale     5    3    5.0000    1.2000
parameters
    0.2940   -4.2539    2.1043  -12.5770  -18.7912  -14.2273
    1.9358   -3.5731    2.3316   34.8874    1.8330  -37.7492
eta,q 0.97378  8.18751
  0.0294  0.0288  0.0274  0.0293  0.0293  0.0293  0.0286  0.0302  0.0282  0.0302  0.0269  0.0274
  0.0277  0.0274  0.0267  0.0277  0.0277  0.0279  0.0274  0.0281  0.0272  0.0282  0.0265  0.0267
  0.0266  0.0265  0.0263  0.0266  0.0266  0.0267  0.0265  0.0267  0.0265  0.0267  0.0263  0.0263
  0.0262  0.0262  0.0262  0.0262  0.0262  0.0262  0.0262  0.0262  0.0262  0.0262  0.0262  0.0262
  0.0266  0.0265  0.0265  0.0265  0.0266  0.0269  0.0265  0.0268  0.0264  0.0266  0.0263  0.0264
  0.0278  0.0272  0.0271  0.0276  0.0279  0.0282  0.0274  0.0282  0.0271  0.0278  0.0266  0.0268
  0.0296  0.0284  0.0279  0.0296  0.0298  0.0298  0.0287  0.0303  0.0281  0.0296  0.0270  0.0273
niter,ni,del,rscale     4    3    5.0000    1.2000
parameters
    0.2758   -4.1609    1.9299  -12.6375  -19.0458  -14.5546
    1.9408   -3.6044    2.4468   35.1579    1.6644  -37.7081
eta,q 0.97378  8.16500
  0.0294  0.0288  0.0274  0.0293  0.0293  0.0293  0.0286  0.0302  0.0282  0.0301  0.0269  0.0273
  0.0277  0.0274  0.0267  0.0277  0.0277  0.0278  0.0274  0.0281  0.0272  0.0281  0.0265  0.0267
  0.0266  0.0265  0.0263  0.0266  0.0266  0.0267  0.0265  0.0267  0.0265  0.0267  0.0263  0.0263
  0.0262  0.0262  0.0262  0.0262  0.0262  0.0262  0.0262  0.0262  0.0262  0.0262  0.0262  0.0262
  0.0266  0.0265  0.0265  0.0265  0.0266  0.0268  0.0265  0.0267  0.0264  0.0266  0.0263  0.0264
  0.0277  0.0272  0.0270  0.0276  0.0278  0.0282  0.0274  0.0282  0.0271  0.0278  0.0265  0.0267
  0.0295  0.0283  0.0278  0.0295  0.0297  0.0298  0.0286  0.0302  0.0281  0.0296  0.0269  0.0273
niter,ni,del,rscale     3    3    5.0000    1.2000
parameters
    0.2571   -4.0678    1.7548  -12.7033  -19.3080  -14.9026
    1.9542   -3.6381    2.5366   35.4397    1.5711  -37.6262
eta,q 0.97378  8.14084
  0.0293  0.0287  0.0274  0.0293  0.0292  0.0292  0.0286  0.0301  0.0282  0.0300  0.0269  0.0273
  0.0276  0.0273  0.0267  0.0276  0.0277  0.0278  0.0274  0.0281  0.0272  0.0280  0.0265  0.0267
  0.0266  0.0265  0.0263  0.0266  0.0266  0.0267  0.0265  0.0267  0.0265  0.0267  0.0263  0.0263
  0.0262  0.0262  0.0262  0.0262  0.0262  0.0262  0.0262  0.0262  0.0262  0.0262  0.0262  0.0262
  0.0266  0.0264  0.0265  0.0265  0.0266  0.0268  0.0265  0.0267  0.0264  0.0266  0.0263  0.0264
  0.0277  0.0272  0.0270  0.0276  0.0278  0.0282  0.0273  0.0281  0.0271  0.0278  0.0265  0.0267
  0.0294  0.0283  0.0278  0.0295  0.0297  0.0298  0.0286  0.0302  0.0281  0.0295  0.0269  0.0272
niter,ni,del,rscale     2    3    5.0000    1.2000
parameters
    0.2363   -3.9643    1.5602  -12.7858  -19.6250  -15.2917
    1.9930   -3.6795    2.5996   35.7747    1.5604  -37.5198
eta,q 0.97378  8.11262
  0.0293  0.0287  0.0274  0.0292  0.0291  0.0292  0.0286  0.0301  0.0282  0.0300  0.0269  0.0273
  0.0276  0.0273  0.0267  0.0276  0.0276  0.0278  0.0274  0.0280  0.0272  0.0280  0.0265  0.0267
  0.0266  0.0265  0.0263  0.0266  0.0266  0.0267  0.0265  0.0267  0.0265  0.0267  0.0263  0.0263
  0.0262  0.0262  0.0262  0.0262  0.0262  0.0262  0.0262  0.0262  0.0262  0.0262  0.0262  0.0262
  0.0266  0.0264  0.0265  0.0265  0.0266  0.0268  0.0265  0.0267  0.0264  0.0265  0.0263  0.0264
  0.0277  0.0271  0.0270  0.0275  0.0278  0.0282  0.0273  0.0281  0.0271  0.0277  0.0265  0.0267
  0.0294  0.0282  0.0278  0.0295  0.0297  0.0298  0.0286  0.0301  0.0281  0.0294  0.0269  0.0272
niter,ni,del,rscale     1    3    5.0000    1.2000
parameters
    0.2092   -3.8326    1.3343  -12.9050  -20.0285  -15.7676
    2.0627   -3.7330    2.6084   36.2031    1.6418  -37.3388
eta,q 0.97379  8.07657
  0.0292  0.0287  0.0273  0.0292  0.0290  0.0291  0.0285  0.0300  0.0281  0.0300  0.0269  0.0272
  0.0276  0.0273  0.0266  0.0276  0.0275  0.0277  0.0274  0.0280  0.0271  0.0280  0.0265  0.0267
  0.0266  0.0265  0.0263  0.0265  0.0266  0.0267  0.0265  0.0267  0.0265  0.0268  0.0263  0.0263
  0.0262  0.0262  0.0262  0.0262  0.0262  0.0262  0.0262  0.0262  0.0262  0.0262  0.0262  0.0262
  0.0266  0.0264  0.0265  0.0265  0.0265  0.0268  0.0265  0.0267  0.0264  0.0265  0.0263  0.0263
  0.0277  0.0271  0.0270  0.0275  0.0278  0.0282  0.0273  0.0281  0.0271  0.0276  0.0265  0.0267
  0.0294  0.0281  0.0278  0.0294  0.0297  0.0299  0.0285  0.0301  0.0282  0.0293  0.0269  0.0271
registration optimization eta report
parameter search radius
    2.4000    2.4000    2.4000    9.5220    9.5220    8.2800
    7.2000    7.2000    7.2000    8.2800    7.2000    7.2000
100000*second partial in parameter space
       53.       38.       23.        3.        3.        5.
        4.        7.        4.        5.        1.        2.
  0.0292  0.0287  0.0273  0.0292  0.0290  0.0291  0.0285  0.0300  0.0281  0.0300  0.0269  0.0272
  0.0276  0.0273  0.0266  0.0276  0.0275  0.0277  0.0274  0.0280  0.0271  0.0280  0.0265  0.0267
  0.0266  0.0265  0.0263  0.0265  0.0266  0.0267  0.0265  0.0267  0.0265  0.0268  0.0263  0.0263
  0.0262  0.0262  0.0262  0.0262  0.0262  0.0262  0.0262  0.0262  0.0262  0.0262  0.0262  0.0262
  0.0266  0.0264  0.0265  0.0265  0.0265  0.0268  0.0265  0.0267  0.0264  0.0265  0.0263  0.0263
  0.0277  0.0271  0.0270  0.0275  0.0278  0.0282  0.0273  0.0281  0.0271  0.0276  0.0265  0.0267
  0.0294  0.0281  0.0278  0.0294  0.0297  0.0299  0.0285  0.0301  0.0282  0.0293  0.0269  0.0271
    0.2092   -3.8326    1.3343  -12.9050  -20.0285  -15.7676
    2.0627   -3.7330    2.6084   36.2031    1.6418  -37.3388
eta,q 0.97379  8.07657

---------------------------------------------------------------------
imgreg_4dfp /opt/freesurfer/average/711-2C_as_mni_average_305 /opt/freesurfer/average/711-2B_as_mni_average_305_mask talsrcimg_g11 none talsrcimg_to_711-2C_as_mni_average_305_t4 2311
---------------------------------------------------------------------

freesurfer imgreg_4dfp.c
/opt/freesurfer/average/711-2C_as_mni_average_305.4dfp.img
       256       256       256         1
  1.000000  1.000000  1.000000
orientation T byte_order littleendian
Reading image: /opt/freesurfer/average/711-2C_as_mni_average_305.4dfp.img
dimensions:      256       256       256
mmppix:       1.0000   -1.0000   -1.0000
center:     128.0000 -129.0000 -129.0000
/opt/freesurfer/average/711-2B_as_mni_average_305_mask.4dfp.img
       256       256       256         1
  1.000000  1.000000  1.000000
orientation T byte_order littleendian
Reading mask: /opt/freesurfer/average/711-2B_as_mni_average_305_mask.4dfp.img (2306576 pixels)
talsrcimg_g11.4dfp.img
       256       256       256         1
  1.000000  1.000000  1.000000
orientation T byte_order littleendian
Reading image: talsrcimg_g11.4dfp.img
dimensions:      256       256       256
mmppix:       1.0000   -1.0000   -1.0000
center:     128.0000 -129.0000 -129.0000
fimgreg.f
image alignment mode   2311 decimal      907 hex
parameters
    0.2092   -3.8326    1.3343  -12.9050  -20.0285  -15.7676
    2.0627   -3.7330    2.6084   36.2031    1.6418  -37.3388
eta,q 0.97379  8.07657
niter,ni,del,rscale     5    3    5.0000    0.8000
parameters
    0.1713   -3.6914    1.0072  -12.8463  -20.1836  -16.1120
    2.2006   -3.8189    2.6442   36.6219    1.9511  -37.3292
eta,q 0.97384  8.06723
  0.0275  0.0274  0.0265  0.0269  0.0269  0.0273  0.0273  0.0279  0.0271  0.0276  0.0265  0.0266
  0.0268  0.0267  0.0263  0.0265  0.0265  0.0267  0.0267  0.0270  0.0266  0.0269  0.0263  0.0264
  0.0264  0.0264  0.0262  0.0262  0.0263  0.0263  0.0263  0.0264  0.0263  0.0264  0.0262  0.0262
  0.0262  0.0262  0.0262  0.0262  0.0262  0.0262  0.0262  0.0262  0.0262  0.0262  0.0262  0.0262
  0.0264  0.0263  0.0263  0.0262  0.0263  0.0264  0.0263  0.0264  0.0263  0.0262  0.0262  0.0262
  0.0269  0.0265  0.0266  0.0265  0.0265  0.0269  0.0266  0.0270  0.0266  0.0266  0.0263  0.0264
  0.0277  0.0270  0.0270  0.0269  0.0270  0.0278  0.0272  0.0280  0.0271  0.0272  0.0264  0.0266
niter,ni,del,rscale     4    3    5.0000    0.7000
parameters
    0.1405   -3.5552    0.7883  -13.0016  -20.6285  -16.4512
    2.2839   -3.8988    2.5200   37.1435    2.2872  -37.1566
eta,q 0.97388  8.03473
  0.0272  0.0271  0.0265  0.0266  0.0266  0.0270  0.0270  0.0275  0.0268  0.0273  0.0264  0.0265
  0.0266  0.0266  0.0263  0.0263  0.0263  0.0266  0.0265  0.0267  0.0264  0.0267  0.0263  0.0263
  0.0263  0.0263  0.0262  0.0262  0.0262  0.0263  0.0263  0.0263  0.0262  0.0264  0.0262  0.0262
  0.0262  0.0262  0.0262  0.0261  0.0261  0.0261  0.0262  0.0262  0.0262  0.0262  0.0261  0.0261
  0.0263  0.0262  0.0263  0.0262  0.0262  0.0263  0.0262  0.0263  0.0262  0.0262  0.0261  0.0262
  0.0267  0.0264  0.0265  0.0264  0.0265  0.0268  0.0265  0.0268  0.0265  0.0264  0.0262  0.0263
  0.0273  0.0268  0.0267  0.0267  0.0269  0.0274  0.0269  0.0276  0.0269  0.0269  0.0263  0.0264
niter,ni,del,rscale     3    3    5.0000    0.6000
parameters
    0.1005   -3.3583    0.5166  -13.3453  -21.3623  -16.8945
    2.3811   -3.9381    2.2407   37.8705    2.7759  -36.8118
eta,q 0.97397  7.97719
  0.0268  0.0268  0.0263  0.0264  0.0263  0.0267  0.0267  0.0271  0.0265  0.0270  0.0263  0.0263
  0.0264  0.0265  0.0262  0.0262  0.0262  0.0263  0.0264  0.0265  0.0262  0.0266  0.0262  0.0262
  0.0262  0.0262  0.0261  0.0261  0.0261  0.0261  0.0261  0.0262  0.0261  0.0262  0.0261  0.0261
  0.0261  0.0261  0.0261  0.0261  0.0261  0.0261  0.0261  0.0261  0.0261  0.0261  0.0260  0.0260
  0.0262  0.0261  0.0262  0.0262  0.0262  0.0262  0.0261  0.0262  0.0262  0.0260  0.0260  0.0261
  0.0265  0.0263  0.0264  0.0263  0.0264  0.0266  0.0263  0.0265  0.0264  0.0262  0.0261  0.0261
  0.0269  0.0265  0.0266  0.0265  0.0267  0.0271  0.0266  0.0271  0.0267  0.0265  0.0262  0.0262
niter,ni,del,rscale     2    3    5.0000    0.5000
parameters
    0.0602   -3.0484    0.1262  -13.9810  -22.6159  -17.5317
    2.4050   -3.9100    1.6372   38.9573    3.4634  -36.2398
eta,q 0.97422  7.87849
  0.0265  0.0266  0.0260  0.0261  0.0260  0.0262  0.0263  0.0266  0.0261  0.0267  0.0260  0.0260
  0.0262  0.0263  0.0260  0.0260  0.0259  0.0260  0.0261  0.0262  0.0259  0.0263  0.0259  0.0259
  0.0261  0.0261  0.0260  0.0259  0.0259  0.0259  0.0259  0.0260  0.0259  0.0261  0.0258  0.0258
  0.0260  0.0260  0.0260  0.0260  0.0259  0.0259  0.0259  0.0259  0.0259  0.0259  0.0258  0.0258
  0.0261  0.0260  0.0261  0.0260  0.0261  0.0260  0.0259  0.0260  0.0260  0.0258  0.0258  0.0258
  0.0263  0.0260  0.0262  0.0261  0.0262  0.0263  0.0261  0.0262  0.0261  0.0258  0.0258  0.0258
  0.0266  0.0262  0.0264  0.0263  0.0265  0.0267  0.0263  0.0266  0.0264  0.0260  0.0259  0.0259
niter,ni,del,rscale     1    3    5.0000    0.4000
parameter  2 -0.587799 -> -0.500000 qaram    1.1500
parameter  3  0.669380 ->  0.500000 qaram    1.1500
parameter  5  0.608725 ->  0.500000 qaram    1.1500
parameters
    0.0646   -2.5884   -0.3338  -14.7896  -23.9959  -18.1073
    2.3569   -3.8268    1.2320   39.7203    3.6649  -35.7292
eta,q 0.97453  7.76524
  0.0261  0.0263  0.0257  0.0257  0.0256  0.0257  0.0258  0.0260  0.0257  0.0261  0.0256  0.0256
  0.0259  0.0261  0.0256  0.0256  0.0255  0.0256  0.0256  0.0258  0.0256  0.0258  0.0255  0.0255
  0.0258  0.0259  0.0257  0.0256  0.0256  0.0255  0.0256  0.0256  0.0255  0.0256  0.0255  0.0255
  0.0258  0.0258  0.0257  0.0256  0.0256  0.0255  0.0255  0.0255  0.0255  0.0255  0.0255  0.0255
  0.0258  0.0257  0.0258  0.0257  0.0257  0.0256  0.0256  0.0256  0.0256  0.0255  0.0255  0.0255
  0.0259  0.0257  0.0259  0.0258  0.0259  0.0258  0.0256  0.0257  0.0257  0.0255  0.0255  0.0255
  0.0261  0.0257  0.0260  0.0259  0.0261  0.0261  0.0258  0.0260  0.0259  0.0257  0.0256  0.0255
niter,ni,del,rscale     3    3    5.0000    0.6000
parameters
    0.1141   -2.2888   -0.7325  -14.9003  -24.6021  -18.6927
    2.3931   -3.7252    1.2195   39.9519    3.4828  -35.5750
eta,q 0.97462  7.71722
  0.0262  0.0265  0.0256  0.0259  0.0259  0.0259  0.0259  0.0265  0.0260  0.0263  0.0256  0.0256
  0.0258  0.0260  0.0255  0.0256  0.0256  0.0256  0.0256  0.0259  0.0256  0.0258  0.0255  0.0255
  0.0256  0.0257  0.0254  0.0254  0.0254  0.0254  0.0255  0.0255  0.0254  0.0255  0.0254  0.0254
  0.0255  0.0255  0.0254  0.0254  0.0254  0.0254  0.0254  0.0254  0.0254  0.0254  0.0254  0.0254
  0.0255  0.0255  0.0256  0.0255  0.0255  0.0255  0.0255  0.0255  0.0255  0.0254  0.0254  0.0254
  0.0258  0.0256  0.0258  0.0257  0.0258  0.0259  0.0256  0.0258  0.0256  0.0257  0.0255  0.0255
  0.0261  0.0259  0.0261  0.0259  0.0262  0.0264  0.0259  0.0263  0.0260  0.0261  0.0256  0.0256
niter,ni,del,rscale     2    3    5.0000    0.5000
parameters
    0.1401   -2.2102   -0.9473  -14.9894  -24.6979  -18.9101
    2.3298   -3.6777    1.2354   40.0389    3.4161  -35.5923
eta,q 0.97463  7.70373
  0.0259  0.0260  0.0256  0.0257  0.0258  0.0258  0.0257  0.0261  0.0258  0.0260  0.0255  0.0255
  0.0256  0.0257  0.0254  0.0255  0.0256  0.0256  0.0255  0.0257  0.0255  0.0256  0.0254  0.0254
  0.0254  0.0255  0.0254  0.0254  0.0254  0.0254  0.0254  0.0255  0.0254  0.0254  0.0254  0.0254
  0.0254  0.0254  0.0254  0.0254  0.0254  0.0254  0.0254  0.0254  0.0254  0.0254  0.0254  0.0254
  0.0254  0.0254  0.0254  0.0254  0.0254  0.0254  0.0254  0.0254  0.0254  0.0254  0.0254  0.0254
  0.0256  0.0256  0.0256  0.0256  0.0256  0.0256  0.0256  0.0257  0.0255  0.0256  0.0254  0.0254
  0.0258  0.0258  0.0258  0.0257  0.0259  0.0259  0.0258  0.0261  0.0258  0.0259  0.0255  0.0255
niter,ni,del,rscale     1    3    5.0000    0.4000
parameters
    0.1580   -2.1970   -1.0205  -15.0598  -24.7216  -18.9372
    2.2711   -3.6564    1.2258   40.0731    3.4265  -35.6457
eta,q 0.97463  7.69978
  0.0257  0.0257  0.0255  0.0256  0.0257  0.0257  0.0256  0.0258  0.0256  0.0257  0.0255  0.0255
  0.0255  0.0255  0.0254  0.0255  0.0255  0.0255  0.0255  0.0256  0.0255  0.0255  0.0254  0.0254
  0.0254  0.0254  0.0254  0.0254  0.0254  0.0254  0.0254  0.0254  0.0254  0.0254  0.0254  0.0254
  0.0254  0.0254  0.0254  0.0254  0.0254  0.0254  0.0254  0.0254  0.0254  0.0254  0.0254  0.0254
  0.0254  0.0254  0.0254  0.0254  0.0254  0.0254  0.0254  0.0254  0.0254  0.0254  0.0254  0.0254
  0.0255  0.0255  0.0255  0.0255  0.0255  0.0255  0.0255  0.0256  0.0255  0.0255  0.0254  0.0254
  0.0257  0.0257  0.0256  0.0256  0.0257  0.0257  0.0256  0.0258  0.0256  0.0257  0.0255  0.0255
registration optimization eta report
parameter search radius
    0.8000    0.9200    0.9200    2.4000    2.7600    2.4000
    2.4000    2.4000    2.4000    2.4000    2.4000    2.4000
100000*second partial in parameter space
       49.       39.       21.        4.        4.        5.
        4.        8.        5.        6.        2.        2.
  0.0257  0.0257  0.0255  0.0256  0.0257  0.0257  0.0256  0.0258  0.0256  0.0257  0.0255  0.0255
  0.0255  0.0255  0.0254  0.0255  0.0255  0.0255  0.0255  0.0256  0.0255  0.0255  0.0254  0.0254
  0.0254  0.0254  0.0254  0.0254  0.0254  0.0254  0.0254  0.0254  0.0254  0.0254  0.0254  0.0254
  0.0254  0.0254  0.0254  0.0254  0.0254  0.0254  0.0254  0.0254  0.0254  0.0254  0.0254  0.0254
  0.0254  0.0254  0.0254  0.0254  0.0254  0.0254  0.0254  0.0254  0.0254  0.0254  0.0254  0.0254
  0.0255  0.0255  0.0255  0.0255  0.0255  0.0255  0.0255  0.0256  0.0255  0.0255  0.0254  0.0254
  0.0257  0.0257  0.0256  0.0256  0.0257  0.0257  0.0256  0.0258  0.0256  0.0257  0.0255  0.0255
    0.1580   -2.1970   -1.0205  -15.0598  -24.7216  -18.9372
    2.2711   -3.6564    1.2258   40.0731    3.4265  -35.6457
eta,q 0.97463  7.69978

---------------------------------------------------------------------
imgreg_4dfp /opt/freesurfer/average/711-2C_as_mni_average_305 /opt/freesurfer/average/711-2B_as_mni_average_305_mask talsrcimg_g11 none talsrcimg_to_711-2C_as_mni_average_305_t4 2311
---------------------------------------------------------------------

freesurfer imgreg_4dfp.c
/opt/freesurfer/average/711-2C_as_mni_average_305.4dfp.img
       256       256       256         1
  1.000000  1.000000  1.000000
orientation T byte_order littleendian
Reading image: /opt/freesurfer/average/711-2C_as_mni_average_305.4dfp.img
dimensions:      256       256       256
mmppix:       1.0000   -1.0000   -1.0000
center:     128.0000 -129.0000 -129.0000
/opt/freesurfer/average/711-2B_as_mni_average_305_mask.4dfp.img
       256       256       256         1
  1.000000  1.000000  1.000000
orientation T byte_order littleendian
Reading mask: /opt/freesurfer/average/711-2B_as_mni_average_305_mask.4dfp.img (2306576 pixels)
talsrcimg_g11.4dfp.img
       256       256       256         1
  1.000000  1.000000  1.000000
orientation T byte_order littleendian
Reading image: talsrcimg_g11.4dfp.img
dimensions:      256       256       256
mmppix:       1.0000   -1.0000   -1.0000
center:     128.0000 -129.0000 -129.0000
fimgreg.f
image alignment mode   2311 decimal      907 hex
parameters
    0.1580   -2.1970   -1.0205  -15.0598  -24.7216  -18.9372
    2.2711   -3.6564    1.2258   40.0731    3.4265  -35.6457
eta,q 0.97463  7.69978
niter,ni,del,rscale     5    3    5.0000    0.8000
parameters
    0.1715   -2.1794   -1.0265  -14.7628  -24.7376  -19.2307
    2.3445   -3.6049    1.2592   40.0387    3.3915  -35.5039
eta,q 0.97462  7.70195
  0.0266  0.0264  0.0259  0.0263  0.0262  0.0264  0.0264  0.0272  0.0264  0.0267  0.0258  0.0258
  0.0259  0.0258  0.0256  0.0258  0.0258  0.0259  0.0258  0.0262  0.0258  0.0260  0.0255  0.0256
  0.0255  0.0255  0.0254  0.0255  0.0255  0.0255  0.0255  0.0256  0.0255  0.0255  0.0254  0.0254
  0.0254  0.0254  0.0254  0.0254  0.0254  0.0254  0.0254  0.0254  0.0254  0.0254  0.0254  0.0254
  0.0255  0.0255  0.0254  0.0255  0.0255  0.0255  0.0255  0.0256  0.0255  0.0255  0.0254  0.0254
  0.0259  0.0258  0.0256  0.0257  0.0258  0.0260  0.0258  0.0262  0.0258  0.0260  0.0256  0.0255
  0.0266  0.0263  0.0259  0.0261  0.0262  0.0267  0.0263  0.0271  0.0264  0.0268  0.0258  0.0257
niter,ni,del,rscale     4    3    5.0000    0.7000
parameters
    0.1686   -2.1877   -1.1022  -14.8002  -24.6996  -19.2596
    2.3261   -3.6205    1.2610   40.0337    3.3727  -35.5336
eta,q 0.97462  7.70078
  0.0263  0.0261  0.0257  0.0260  0.0261  0.0262  0.0261  0.0267  0.0262  0.0264  0.0257  0.0257
  0.0258  0.0257  0.0255  0.0256  0.0257  0.0258  0.0257  0.0260  0.0257  0.0259  0.0255  0.0255
  0.0255  0.0255  0.0254  0.0254  0.0255  0.0255  0.0255  0.0255  0.0255  0.0255  0.0254  0.0254
  0.0254  0.0254  0.0254  0.0254  0.0254  0.0254  0.0254  0.0254  0.0254  0.0254  0.0254  0.0254
  0.0255  0.0255  0.0254  0.0255  0.0254  0.0254  0.0255  0.0256  0.0255  0.0255  0.0254  0.0254
  0.0258  0.0257  0.0256  0.0257  0.0257  0.0258  0.0257  0.0260  0.0257  0.0259  0.0255  0.0255
  0.0263  0.0261  0.0258  0.0260  0.0260  0.0263  0.0261  0.0267  0.0261  0.0265  0.0257  0.0257
niter,ni,del,rscale     3    3    5.0000    0.6000
parameters
    0.1665   -2.1964   -1.1160  -14.8876  -24.6916  -19.1937
    2.3028   -3.6325    1.2611   40.0494    3.3831  -35.5669
eta,q 0.97463  7.69957
  0.0261  0.0259  0.0257  0.0259  0.0259  0.0260  0.0259  0.0264  0.0260  0.0262  0.0256  0.0256
  0.0257  0.0256  0.0255  0.0256  0.0256  0.0257  0.0256  0.0258  0.0256  0.0257  0.0255  0.0255
  0.0255  0.0254  0.0254  0.0254  0.0254  0.0255  0.0254  0.0255  0.0254  0.0255  0.0254  0.0254
  0.0254  0.0254  0.0254  0.0254  0.0254  0.0254  0.0254  0.0254  0.0254  0.0254  0.0254  0.0254
  0.0255  0.0254  0.0254  0.0255  0.0254  0.0254  0.0254  0.0255  0.0254  0.0255  0.0254  0.0254
  0.0257  0.0256  0.0255  0.0256  0.0256  0.0256  0.0256  0.0258  0.0256  0.0257  0.0255  0.0255
  0.0261  0.0259  0.0257  0.0259  0.0259  0.0260  0.0259  0.0264  0.0259  0.0262  0.0256  0.0256
niter,ni,del,rscale     2    3    5.0000    0.5000
parameters
    0.1694   -2.1978   -1.1024  -14.9726  -24.6901  -19.1056
    2.2825   -3.6430    1.2568   40.0683    3.3898  -35.6067
eta,q 0.97463  7.69921
  0.0259  0.0258  0.0256  0.0257  0.0257  0.0258  0.0257  0.0261  0.0258  0.0259  0.0255  0.0255
  0.0256  0.0255  0.0255  0.0255  0.0255  0.0256  0.0255  0.0257  0.0255  0.0256  0.0254  0.0254
  0.0254  0.0254  0.0254  0.0254  0.0254  0.0255  0.0254  0.0254  0.0254  0.0254  0.0254  0.0254
  0.0254  0.0254  0.0254  0.0254  0.0254  0.0254  0.0254  0.0254  0.0254  0.0254  0.0254  0.0254
  0.0254  0.0254  0.0254  0.0254  0.0254  0.0254  0.0254  0.0255  0.0254  0.0254  0.0254  0.0254
  0.0256  0.0255  0.0255  0.0256  0.0255  0.0255  0.0255  0.0257  0.0255  0.0256  0.0254  0.0254
  0.0259  0.0258  0.0256  0.0257  0.0257  0.0258  0.0258  0.0261  0.0258  0.0259  0.0255  0.0255
niter,ni,del,rscale     1    3    5.0000    0.4000
parameters
    0.1659   -2.1993   -1.0784  -15.0508  -24.7183  -19.0009
    2.2577   -3.6387    1.2380   40.0777    3.3940  -35.6332
eta,q 0.97463  7.69798
  0.0257  0.0256  0.0255  0.0256  0.0256  0.0257  0.0256  0.0258  0.0256  0.0257  0.0255  0.0255
  0.0255  0.0255  0.0254  0.0255  0.0255  0.0255  0.0255  0.0256  0.0255  0.0255  0.0254  0.0254
  0.0254  0.0254  0.0254  0.0254  0.0254  0.0254  0.0254  0.0254  0.0254  0.0254  0.0254  0.0254
  0.0254  0.0254  0.0254  0.0254  0.0254  0.0254  0.0254  0.0254  0.0254  0.0254  0.0254  0.0254
  0.0254  0.0254  0.0254  0.0254  0.0254  0.0254  0.0254  0.0254  0.0254  0.0254  0.0254  0.0254
  0.0255  0.0255  0.0254  0.0255  0.0255  0.0255  0.0255  0.0256  0.0255  0.0255  0.0254  0.0254
  0.0257  0.0256  0.0255  0.0256  0.0256  0.0256  0.0256  0.0258  0.0256  0.0257  0.0255  0.0255
registration optimization eta report
parameter search radius
    0.8000    0.8000    0.8000    2.4000    2.4000    2.4000
    2.4000    2.4000    2.4000    2.4000    2.4000    2.4000
100000*second partial in parameter space
       49.       40.       21.        4.        4.        5.
        4.        8.        5.        6.        2.        2.
  0.0257  0.0256  0.0255  0.0256  0.0256  0.0257  0.0256  0.0258  0.0256  0.0257  0.0255  0.0255
  0.0255  0.0255  0.0254  0.0255  0.0255  0.0255  0.0255  0.0256  0.0255  0.0255  0.0254  0.0254
  0.0254  0.0254  0.0254  0.0254  0.0254  0.0254  0.0254  0.0254  0.0254  0.0254  0.0254  0.0254
  0.0254  0.0254  0.0254  0.0254  0.0254  0.0254  0.0254  0.0254  0.0254  0.0254  0.0254  0.0254
  0.0254  0.0254  0.0254  0.0254  0.0254  0.0254  0.0254  0.0254  0.0254  0.0254  0.0254  0.0254
  0.0255  0.0255  0.0254  0.0255  0.0255  0.0255  0.0255  0.0256  0.0255  0.0255  0.0254  0.0254
  0.0257  0.0256  0.0255  0.0256  0.0256  0.0256  0.0256  0.0258  0.0256  0.0257  0.0255  0.0255
    0.1659   -2.1993   -1.0784  -15.0508  -24.7183  -19.0009
    2.2577   -3.6387    1.2380   40.0777    3.3940  -35.6332
eta,q 0.97463  7.69798

---------------------------------------------------------------------
compute_vox2vox talsrcimg talsrcimg_to_711-2C_as_mni_average_305_t4 /opt/freesurfer/average/711-2C_as_mni_average_305
---------------------------------------------------------------------

freesurfer compute_vox2vox.c
Reading: talsrcimg.4dfp.ifh
Reading: talsrcimg_to_711-2C_as_mni_average_305_t4
Reading: /opt/freesurfer/average/711-2C_as_mni_average_305.4dfp.ifh
Writing: talsrcimg_to_711-2C_as_mni_average_305_t4_vox2vox.txt

start time Sun Mar 8 12:46:02 CET 2026
end		time Sun Mar 8 12:47:28 CET 2026

mpr2mni305 success

avi2talxfm orig_nu.mgz /opt/freesurfer/average/mni305.cor.mgz talsrcimg_to_711-2C_as_mni_average_305_t4_vox2vox.txt transforms/talairach.auto.xfm
avi2talxfm done
mv -f /out/sourcedata/freesurfer/sub-v1s13x0050008_ses-1/mri/talsrcimg_to_711-2C_as_mni_average_305_t4_vox2vox.txt /out/sourcedata/freesurfer/sub-v1s13x0050008_ses-1/mri/transforms/talsrcimg_to_711-2C_as_mni_average_305_t4_vox2vox.txt
lta_convert --src orig_nu.mgz --trg /opt/freesurfer/average/mni305.cor.mgz --inxfm transforms/talairach.auto.xfm --outlta transforms/talairach.auto.xfm.lta --subject fsaverage
7.3.2

--src: orig_nu.mgz src image (geometry).
--trg: /opt/freesurfer/average/mni305.cor.mgz trg image (geometry).
--inmni: transforms/talairach.auto.xfm input MNI/XFM transform.
--outlta: transforms/talairach.auto.xfm.lta output LTA.
--s: fsaverage subject name
 LTA read, type : 1
 1.17502   0.05690  -0.00831   1.53270;
-0.04678   0.99804   0.47381   2.86485;
 0.00558  -0.53226   1.07624   6.04758;
 0.00000   0.00000   0.00000   1.00000;
setting subject to fsaverage
Writing  LTA to file transforms/talairach.auto.xfm.lta...
lta_convert successful.
 
 
Started at Sun Mar 8 12:46:02 CET 2026
Ended   at Sun Mar  8 12:47:29 CET 2026
talairach_avi done
