status file for recon-all
Sun Mar  8 15:14:12 CET 2026
#@# Tessellate rh Sun Mar  8 15:14:12 CET 2026
#@# Smooth1 rh Sun Mar  8 15:14:16 CET 2026
#@# Inflation1 rh Sun Mar  8 15:14:19 CET 2026
#@# QSphere rh Sun Mar  8 15:14:32 CET 2026
#@# Fix Topology rh Sun Mar  8 15:15:52 CET 2026
#@# Smooth2 rh Sun Mar  8 15:27:15 CET 2026
#@# Inflation2 rh Sun Mar  8 15:27:17 CET 2026
#@# Curv .H and .K rh Sun Mar  8 15:27:32 CET 2026
#@# Sphere rh Sun Mar  8 15:28:18 CET 2026
#@# Surf Reg rh Sun Mar  8 15:32:36 CET 2026
#@# Jacobian white rh Sun Mar  8 15:37:00 CET 2026
#@# AvgCurv rh Sun Mar  8 15:37:01 CET 2026
#@# Cortical Parc rh Sun Mar  8 15:37:02 CET 2026
#@# white curv rh Sun Mar  8 15:44:04 CET 2026
#@# white area rh Sun Mar  8 15:44:06 CET 2026
#@# pial curv rh Sun Mar  8 15:44:06 CET 2026
#@# pial area rh Sun Mar  8 15:44:08 CET 2026
#@# thickness rh Sun Mar  8 15:44:09 CET 2026
#@# area and vertex vol rh Sun Mar  8 15:44:38 CET 2026
#@# Curvature Stats rh Sun Mar  8 15:44:40 CET 2026
#@# Cortical Parc 2 rh Sun Mar  8 15:44:43 CET 2026
#@# Cortical Parc 3 rh Sun Mar  8 15:44:57 CET 2026
#@# WM/GM Contrast rh Sun Mar  8 15:45:08 CET 2026
recon-all -s sub-v1s13x0050003_ses-1 finished without error at Sun Mar  8 15:45:11 CET 2026



#New# invocation of recon-all 



status file for recon-all
Sun Mar  8 15:53:06 CET 2026
#@# white curv rh Sun Mar  8 15:53:06 CET 2026
#@# white area rh Sun Mar  8 15:53:06 CET 2026
#@# pial curv rh Sun Mar  8 15:53:06 CET 2026
#@# pial area rh Sun Mar  8 15:53:06 CET 2026
#@# thickness rh Sun Mar  8 15:53:06 CET 2026
#@# area and vertex vol rh Sun Mar  8 15:53:06 CET 2026
#@# Parcellation Stats rh Sun Mar  8 15:53:06 CET 2026
#@# Parcellation Stats 2 rh Sun Mar  8 15:53:25 CET 2026
#@# Parcellation Stats 3 rh Sun Mar  8 15:53:35 CET 2026
#@# BA_exvivo Labels rh Sun Mar  8 15:53:44 CET 2026
recon-all -s sub-v1s13x0050003_ses-1 finished without error at Sun Mar  8 15:56:32 CET 2026
