status file for recon-all
Sun Mar  8 16:43:31 CET 2026
#@# MotionCor Sun Mar  8 16:43:33 CET 2026
#@# Talairach Sun Mar  8 16:43:42 CET 2026
#@# Talairach Failure Detection Sun Mar  8 16:48:07 CET 2026
#@# Nu Intensity Correction Sun Mar  8 16:48:07 CET 2026
#@# Intensity Normalization Sun Mar  8 16:51:27 CET 2026
recon-all -s sub-v1s13x0050049_ses-1 finished without error at Sun Mar  8 16:52:45 CET 2026



#New# invocation of recon-all 



status file for recon-all
Sun Mar  8 16:59:57 CET 2026
#@# EM Registration Sun Mar  8 16:59:57 CET 2026
recon-all -s sub-v1s13x0050049_ses-1 finished without error at Sun Mar  8 17:01:49 CET 2026



#New# invocation of recon-all 



status file for recon-all
Sun Mar  8 17:01:53 CET 2026
#@# CA Normalize Sun Mar  8 17:01:53 CET 2026
#@# CA Reg Sun Mar  8 17:03:13 CET 2026
#@# SubCort Seg Sun Mar  8 17:50:05 CET 2026
#@# CC Seg Sun Mar  8 18:15:12 CET 2026
#@# Merge ASeg Sun Mar  8 18:15:44 CET 2026
#@# Intensity Normalization2 Sun Mar  8 18:15:44 CET 2026
#@# Mask BFS Sun Mar  8 18:17:56 CET 2026
#@# WM Segmentation Sun Mar  8 18:17:57 CET 2026
#@# Fill Sun Mar  8 18:19:54 CET 2026
recon-all -s sub-v1s13x0050049_ses-1 finished without error at Sun Mar  8 18:20:55 CET 2026



#New# invocation of recon-all 



status file for recon-all
Sun Mar  8 19:30:38 CET 2026
#@# white curv lh Sun Mar  8 19:30:38 CET 2026
#@# white area lh Sun Mar  8 19:30:38 CET 2026
#@# pial curv lh Sun Mar  8 19:30:38 CET 2026
#@# pial area lh Sun Mar  8 19:30:38 CET 2026
#@# thickness lh Sun Mar  8 19:30:38 CET 2026
#@# area and vertex vol lh Sun Mar  8 19:30:38 CET 2026
#@# white curv rh Sun Mar  8 19:30:38 CET 2026
#@# white area rh Sun Mar  8 19:30:38 CET 2026
#@# pial curv rh Sun Mar  8 19:30:38 CET 2026
#@# pial area rh Sun Mar  8 19:30:38 CET 2026
#@# thickness rh Sun Mar  8 19:30:38 CET 2026
#@# area and vertex vol rh Sun Mar  8 19:30:38 CET 2026
#@# Cortical ribbon mask Sun Mar  8 19:30:38 CET 2026
recon-all -s sub-v1s13x0050049_ses-1 finished without error at Sun Mar  8 19:34:35 CET 2026



#New# invocation of recon-all 



status file for recon-all
Sun Mar  8 19:40:18 CET 2026
#@# white curv lh Sun Mar  8 19:40:18 CET 2026
#@# white area lh Sun Mar  8 19:40:18 CET 2026
#@# pial curv lh Sun Mar  8 19:40:18 CET 2026
#@# pial area lh Sun Mar  8 19:40:18 CET 2026
#@# thickness lh Sun Mar  8 19:40:18 CET 2026
#@# area and vertex vol lh Sun Mar  8 19:40:18 CET 2026
#@# white curv rh Sun Mar  8 19:40:18 CET 2026
#@# white area rh Sun Mar  8 19:40:18 CET 2026
#@# pial curv rh Sun Mar  8 19:40:18 CET 2026
#@# pial area rh Sun Mar  8 19:40:18 CET 2026
#@# thickness rh Sun Mar  8 19:40:18 CET 2026
#@# area and vertex vol rh Sun Mar  8 19:40:18 CET 2026
#@# Curvature Stats lh Sun Mar  8 19:40:18 CET 2026
#@# Curvature Stats rh Sun Mar  8 19:40:21 CET 2026
#@# Relabel Hypointensities Sun Mar  8 19:40:23 CET 2026
#@# APas-to-ASeg Sun Mar  8 19:40:37 CET 2026
#@# AParc-to-ASeg aparc Sun Mar  8 19:40:44 CET 2026
#@# AParc-to-ASeg aparc.a2009s Sun Mar  8 19:41:12 CET 2026
#@# AParc-to-ASeg aparc.DKTatlas Sun Mar  8 19:41:39 CET 2026
#@# WMParc Sun Mar  8 19:42:07 CET 2026
#@# ASeg Stats Sun Mar  8 19:46:23 CET 2026
recon-all -s sub-v1s13x0050049_ses-1 finished without error at Sun Mar  8 19:47:03 CET 2026
