/out/sourcedata/freesurfer/sub-v1s13x0050028_ses-1/mri
/opt/freesurfer/bin/talairach_avi
--i orig_nu.mgz --xfm transforms/talairach.auto.xfm
talairach_avi 7.3.2
Linux dna066 5.14.0-427.37.1.el9_4.x86_64 #1 SMP PREEMPT_DYNAMIC Fri Sep 13 12:41:50 EDT 2024 x86_64 x86_64 x86_64 GNU/Linux
Sun Mar  8 16:09:40 CET 2026
mri_convert orig_nu.mgz talsrcimg.img 
reading from orig_nu.mgz...
TR=0.00, TE=0.00, TI=0.00, flip angle=0.00
i_ras = (-1, 0, 0)
j_ras = (0, 0, -1)
k_ras = (0, 1, 0)
writing to talsrcimg.img...
Analyze Output Matrix
-1.00000   0.00000   0.00000   129.52499;
 0.00000   0.00000   1.00000  -128.78899;
 0.00000  -1.00000   0.00000   117.61307;
 0.00000   0.00000   0.00000   1.00000;
--------------------
INFO: set hdr.hist.orient to -1
mpr2mni305 talsrcimg
Sun Mar  8 16:09:40 CET 2026
/opt/freesurfer/bin/mpr2mni305 talsrcimg
mpr2mni305 7.3.2
target=711-2C_as_mni_average_305

---------------------------------------------------------------------
analyzeto4dfp talsrcimg -O0 -y
---------------------------------------------------------------------

freesurfer ifh2hdr.c
Sun Mar  8 16:09:40 2026
Writing: talsrcimg.4dfp.hdr
freesurfer analyzeto4dfp.c
Reading: talsrcimg.hdr
header size 348 bytes
hdr.dime.datatype	offset=70	value=2
hdr.dime.bitpix		offset=72	value=8
hdr.hist.orient		offset=252	value=-1
dimensionality     4
dimensions       256       256       256         1
Reading: talsrcimg.img
Writing: talsrcimg.4dfp.img
Writing: talsrcimg.4dfp.ifh
ifh2hdr talsrcimg -r0to248
ori=2

---------------------------------------------------------------------
gauss_4dfp talsrcimg 1.1
---------------------------------------------------------------------

freesurfer gauss_4dfp.c
Reading: talsrcimg.4dfp.img
Writing: talsrcimg_g11.4dfp.img
image dimensions 256 256 256 padded to 288 288 288
processing volume 1freesurfer ifh2hdr.c
Sun Mar  8 16:09:42 2026
Writing: talsrcimg_g11.4dfp.hdr

Writing: talsrcimg_g11.4dfp.ifh
including: talsrcimg.4dfp.img.rec in talsrcimg_g11.4dfp.img.rec

---------------------------------------------------------------------
imgreg_4dfp /opt/freesurfer/average/711-2C_as_mni_average_305 none talsrcimg_g11 none talsrcimg_to_711-2C_as_mni_average_305_t4 4355
---------------------------------------------------------------------

freesurfer imgreg_4dfp.c
/opt/freesurfer/average/711-2C_as_mni_average_305.4dfp.img
       256       256       256         1
  1.000000  1.000000  1.000000
orientation T byte_order littleendian
Reading image: /opt/freesurfer/average/711-2C_as_mni_average_305.4dfp.img
dimensions:      256       256       256
mmppix:       1.0000   -1.0000   -1.0000
center:     128.0000 -129.0000 -129.0000
talsrcimg_g11.4dfp.img
       256       256       256         1
  1.000000  1.000000  1.000000
orientation T byte_order littleendian
Reading image: talsrcimg_g11.4dfp.img
dimensions:      256       256       256
mmppix:       1.0000   -1.0000   -1.0000
center:     128.0000 -129.0000 -129.0000
t4_read: open error in t4_sub.f l:  41 t4_file(1:l)talsrcimg_to_711-2C_as_mni_average_305_t4 
t4_read: transform initialized to I4
rotation matrix determinant  1.000000
image alignment mode   4355 decimal     1103 hex
   -7.5000  -45.0000  -45.0000 9133.5635   12.9911
    0.0000  -45.0000  -45.0000 9526.2598   12.9744
    7.5000  -45.0000  -45.0000 9077.9922   12.9894
   -7.5000  -37.5000  -45.0000 9708.4512   12.9319
    0.0000  -37.5000  -45.000010137.4092   12.9151
    7.5000  -37.5000  -45.0000 9654.8389   12.9323
   -7.5000  -30.0000  -45.000010594.4385   12.8505
    0.0000  -30.0000  -45.000011060.6572   12.8408
    7.5000  -30.0000  -45.000010538.7744   12.8567
   -7.5000  -22.5000  -45.000011356.6660   12.7861
    0.0000  -22.5000  -45.000011884.6748   12.7841
    7.5000  -22.5000  -45.000011309.0703   12.7960
   -7.5000  -15.0000  -45.000012016.5215   12.7436
    0.0000  -15.0000  -45.000012571.8184   12.7423
    7.5000  -15.0000  -45.000011978.8008   12.7516
   -7.5000   -7.5000  -45.000012602.9893   12.7134
    0.0000   -7.5000  -45.000013192.4043   12.7032
    7.5000   -7.5000  -45.000012569.5420   12.7137
   -7.5000    0.0000  -45.000013118.6328   12.6846
    0.0000    0.0000  -45.000013728.6221   12.6655
    7.5000    0.0000  -45.000013062.8018   12.6797
   -7.5000    7.5000  -45.000012613.8135   12.6863
    0.0000    7.5000  -45.000013186.4209   12.6678
    7.5000    7.5000  -45.000012571.5146   12.6845
   -7.5000   15.0000  -45.000011976.5244   12.7148
    0.0000   15.0000  -45.000012534.6357   12.7039
    7.5000   15.0000  -45.000011936.4199   12.7193
   -7.5000   22.5000  -45.000011295.6035   12.8218
    0.0000   22.5000  -45.000011810.0732   12.8188
    7.5000   22.5000  -45.000011243.3184   12.8307
   -7.5000   30.0000  -45.000010542.6074   12.8067
    0.0000   30.0000  -45.000011038.7441   12.8058
    7.5000   30.0000  -45.000010511.3447   12.8145
   -7.5000   37.5000  -45.000010129.8555   12.9677
    0.0000   37.5000  -45.000010606.4219   12.9581
    7.5000   37.5000  -45.000010087.1191   12.9660
   -7.5000   45.0000  -45.0000 9357.9277   12.8440
    0.0000   45.0000  -45.0000 9811.5176   12.8253
    7.5000   45.0000  -45.0000 9328.4600   12.8370
   -7.5000  -45.0000  -37.5000 9718.5654   13.0000
    0.0000  -45.0000  -37.500010121.7441   12.9866
    7.5000  -45.0000  -37.5000 9648.5361   13.0019
   -7.5000  -37.5000  -37.500010328.1924   12.9413
    0.0000  -37.5000  -37.500010757.7969   12.9297
    7.5000  -37.5000  -37.500010251.8262   12.9470
   -7.5000  -30.0000  -37.500011260.4336   12.8642
    0.0000  -30.0000  -37.500011737.4004   12.8617
    7.5000  -30.0000  -37.500011187.0254   12.8788
   -7.5000  -22.5000  -37.500012066.8711   12.8039
    0.0000  -22.5000  -37.500012601.7129   12.8088
    7.5000  -22.5000  -37.500011989.9902   12.8231
   -7.5000  -15.0000  -37.500012755.6133   12.7609
    0.0000  -15.0000  -37.500013327.0352   12.7647
    7.5000  -15.0000  -37.500012681.1611   12.7766
   -7.5000   -7.5000  -37.500013334.5010   12.7258
    0.0000   -7.5000  -37.500013963.0342   12.7190
    7.5000   -7.5000  -37.500013278.5088   12.7313
   -7.5000    0.0000  -37.500013848.7207   12.6915
    0.0000    0.0000  -37.500014498.0596   12.6757
    7.5000    0.0000  -37.500013779.2871   12.6903
   -7.5000    7.5000  -37.500013292.6201   12.6941
    0.0000    7.5000  -37.500013911.7207   12.6807
    7.5000    7.5000  -37.500013242.1348   12.6976
   -7.5000   15.0000  -37.500012593.9336   12.7275
    0.0000   15.0000  -37.500013176.8652   12.7237
    7.5000   15.0000  -37.500012550.0176   12.7403
   -7.5000   22.5000  -37.500011853.5469   12.8392
    0.0000   22.5000  -37.500012400.8477   12.8431
    7.5000   22.5000  -37.500011812.6885   12.8573
   -7.5000   30.0000  -37.500011024.6602   12.8238
    0.0000   30.0000  -37.500011555.8672   12.8277
    7.5000   30.0000  -37.500011009.8428   12.8392
   -7.5000   37.5000  -37.500010567.5547   12.9762
    0.0000   37.5000  -37.500011062.7344   12.9695
    7.5000   37.5000  -37.500010528.4844   12.9803
   -7.5000   45.0000  -37.5000 9730.8896   12.8469
    0.0000   45.0000  -37.500010205.2070   12.8306
    7.5000   45.0000  -37.5000 9707.9951   12.8439
   -7.5000  -45.0000  -30.000010481.4043   13.5048
    0.0000  -45.0000  -30.000010917.0527   13.4939
    7.5000  -45.0000  -30.000010370.2861   13.5066
   -7.5000  -37.5000  -30.000011113.3105   13.4441
    0.0000  -37.5000  -30.000011571.9648   13.4368
    7.5000  -37.5000  -30.000011002.2109   13.4508
   -7.5000  -30.0000  -30.000012106.3203   13.3661
    0.0000  -30.0000  -30.000012596.6904   13.3686
    7.5000  -30.0000  -30.000011977.2412   13.3828
   -7.5000  -22.5000  -30.000012992.2100   13.3030
    0.0000  -22.5000  -30.000013515.6758   13.3116
    7.5000  -22.5000  -30.000012855.9092   13.3240
   -7.5000  -15.0000  -30.000013701.2588   13.2549
    0.0000  -15.0000  -30.000014266.5020   13.2604
    7.5000  -15.0000  -30.000013577.6855   13.2709
   -7.5000   -7.5000  -30.000014299.8369   13.2127
    0.0000   -7.5000  -30.000014943.0918   13.2071
    7.5000   -7.5000  -30.000014195.1348   13.2174
   -7.5000    0.0000  -30.000014810.2100   13.1731
    0.0000    0.0000  -30.000015492.9814   13.1596
    7.5000    0.0000  -30.000014713.1436   13.1716
   -7.5000    7.5000  -30.000014194.0215   13.1781
    0.0000    7.5000  -30.000014859.4854   13.1686
    7.5000    7.5000  -30.000014116.7061   13.1825
   -7.5000   15.0000  -30.000013434.8096   13.2166
    0.0000   15.0000  -30.000014060.1055   13.2175
    7.5000   15.0000  -30.000013363.7178   13.2315
   -7.5000   22.5000  -30.000012629.9766   13.3337
    0.0000   22.5000  -30.000013215.6396   13.3411
    7.5000   22.5000  -30.000012564.0752   13.3534
   -7.5000   30.0000  -30.000011731.2324   13.3205
    0.0000   30.0000  -30.000012296.0215   13.3257
    7.5000   30.0000  -30.000011701.2598   13.3354
   -7.5000   37.5000  -30.000011209.9668   13.4695
    0.0000   37.5000  -30.000011733.8643   13.4637
    7.5000   37.5000  -30.000011165.0234   13.4727
   -7.5000   45.0000  -30.000010308.1768   13.3378
    0.0000   45.0000  -30.000010787.2910   13.3236
    7.5000   45.0000  -30.000010283.1719   13.3355
   -7.5000  -45.0000  -22.500011196.3213   13.9349
    0.0000  -45.0000  -22.500011669.3506   13.9223
    7.5000  -45.0000  -22.500011065.5625   13.9319
   -7.5000  -37.5000  -22.500011845.9805   13.8729
    0.0000  -37.5000  -22.500012344.8652   13.8636
    7.5000  -37.5000  -22.500011736.0566   13.8744
   -7.5000  -30.0000  -22.500012893.2285   13.7910
    0.0000  -30.0000  -22.500013426.2158   13.7896
    7.5000  -30.0000  -22.500012758.6777   13.7996
   -7.5000  -22.5000  -22.500013841.2344   13.7218
    0.0000  -22.5000  -22.500014413.4102   13.7250
    7.5000  -22.5000  -22.500013705.3418   13.7326
   -7.5000  -15.0000  -22.500014583.2139   13.6701
    0.0000  -15.0000  -22.500015205.4248   13.6705
    7.5000  -15.0000  -22.500014457.7793   13.6761
   -7.5000   -7.5000  -22.500015206.3564   13.6275
    0.0000   -7.5000  -22.500015887.4502   13.6186
    7.5000   -7.5000  -22.500015074.8242   13.6252
   -7.5000    0.0000  -22.500015724.3936   13.5888
    0.0000    0.0000  -22.500016446.0645   13.5738
    7.5000    0.0000  -22.500015597.7168   13.5831
   -7.5000    7.5000  -22.500015054.9922   13.5963
    0.0000    7.5000  -22.500015767.9541   13.5849
    7.5000    7.5000  -22.500014955.0918   13.5957
   -7.5000   15.0000  -22.500014243.1904   13.6353
    0.0000   15.0000  -22.500014923.8428   13.6325
    7.5000   15.0000  -22.500014170.1074   13.6424
   -7.5000   22.5000  -22.500013344.4854   13.7524
    0.0000   22.5000  -22.500013985.1045   13.7545
    7.5000   22.5000  -22.500013270.6211   13.7620
   -7.5000   30.0000  -22.500012378.7002   13.7419
    0.0000   30.0000  -22.500012969.0264   13.7421
    7.5000   30.0000  -22.500012333.9307   13.7461
   -7.5000   37.5000  -22.500011828.1338   13.8956
    0.0000   37.5000  -22.500012379.6143   13.8867
    7.5000   37.5000  -22.500011778.3340   13.8909
   -7.5000   45.0000  -22.500010854.5703   13.7686
    0.0000   45.0000  -22.500011366.0312   13.7538
    7.5000   45.0000  -22.500010819.2666   13.7623
   -7.5000  -45.0000  -15.000011875.5586   14.2576
    0.0000  -45.0000  -15.000012371.7734   14.2411
    7.5000  -45.0000  -15.000011725.8818   14.2502
   -7.5000  -37.5000  -15.000012560.7578   14.1935
    0.0000  -37.5000  -15.000013089.7188   14.1784
    7.5000  -37.5000  -15.000012422.9346   14.1888
   -7.5000  -30.0000  -15.000013657.3770   14.1044
    0.0000  -30.0000  -15.000014237.5000   14.0949
    7.5000  -30.0000  -15.000013511.4697   14.1035
   -7.5000  -22.5000  -15.000014649.5723   14.0280
    0.0000  -22.5000  -15.000015291.5537   14.0233
    7.5000  -22.5000  -15.000014490.0713   14.0283
   -7.5000  -15.0000  -15.000015467.9785   13.9746
    0.0000  -15.0000  -15.000016146.1201   13.9691
    7.5000  -15.0000  -15.000015289.9814   13.9719
   -7.5000   -7.5000  -15.000016109.3291   13.9361
    0.0000   -7.5000  -15.000016839.0410   13.9232
    7.5000   -7.5000  -15.000015941.8691   13.9280
   -7.5000    0.0000  -15.000016618.1738   13.9013
    0.0000    0.0000  -15.000017377.5273   13.8824
    7.5000    0.0000  -15.000016453.8574   13.8913
   -7.5000    7.5000  -15.000015890.8574   13.9085
    0.0000    7.5000  -15.000016614.8203   13.8916
    7.5000    7.5000  -15.000015746.6064   13.9021
   -7.5000   15.0000  -15.000015011.7275   13.9436
    0.0000   15.0000  -15.000015719.4912   13.9329
    7.5000   15.0000  -15.000014917.4629   13.9414
   -7.5000   22.5000  -15.000014025.3359   14.0576
    0.0000   22.5000  -15.000014690.3525   14.0519
    7.5000   22.5000  -15.000013945.6914   14.0568
   -7.5000   30.0000  -15.000012990.5986   14.0499
    0.0000   30.0000  -15.000013604.7949   14.0445
    7.5000   30.0000  -15.000012942.5068   14.0453
   -7.5000   37.5000  -15.000012398.6943   14.2151
    0.0000   37.5000  -15.000012979.3906   14.2026
    7.5000   37.5000  -15.000012344.5703   14.2037
   -7.5000   45.0000  -15.000011375.1113   14.0975
    0.0000   45.0000  -15.000011905.4033   14.0798
    7.5000   45.0000  -15.000011322.0078   14.0864
   -7.5000  -45.0000   -7.500012518.8330   14.4251
    0.0000  -45.0000   -7.500013073.0488   14.4054
    7.5000  -45.0000   -7.500012389.8330   14.4179
   -7.5000  -37.5000   -7.500013253.4805   14.3573
    0.0000  -37.5000   -7.500013836.6006   14.3374
    7.5000  -37.5000   -7.500013128.1270   14.3519
   -7.5000  -30.0000   -7.500014411.3125   14.2627
    0.0000  -30.0000   -7.500015045.4463   14.2487
    7.5000  -30.0000   -7.500014275.1436   14.2611
   -7.5000  -22.5000   -7.500015445.3096   14.1841
    0.0000  -22.5000   -7.500016133.8574   14.1768
    7.5000  -22.5000   -7.500015275.3066   14.1849
   -7.5000  -15.0000   -7.500016342.0254   14.1314
    0.0000  -15.0000   -7.500017060.2109   14.1250
    7.5000  -15.0000   -7.500016111.8984   14.1304
   -7.5000   -7.5000   -7.500017020.1797   14.0954
    0.0000   -7.5000   -7.500017825.4629   14.0812
    7.5000   -7.5000   -7.500016815.9414   14.0887
   -7.5000    0.0000   -7.500017525.0977   14.0622
    0.0000    0.0000   -7.500018315.7285   14.0401
    7.5000    0.0000   -7.500017330.8945   14.0522
   -7.5000    7.5000   -7.500016661.9531   14.0668
    0.0000    7.5000   -7.500017404.2910   14.0452
    7.5000    7.5000   -7.500016510.4727   14.0596
   -7.5000   15.0000   -7.500015718.0859   14.0986
    0.0000   15.0000   -7.500016431.5469   14.0833
    7.5000   15.0000   -7.500015605.3643   14.0955
   -7.5000   22.5000   -7.500014704.8154   14.2103
    0.0000   22.5000   -7.500015369.3672   14.2019
    7.5000   22.5000   -7.500014586.2188   14.2101
   -7.5000   30.0000   -7.500013604.7988   14.2035
    0.0000   30.0000   -7.500014207.2373   14.1976
    7.5000   30.0000   -7.500013495.6104   14.2015
   -7.5000   37.5000   -7.500012993.2100   14.3780
    0.0000   37.5000   -7.500013587.6797   14.3644
    7.5000   37.5000   -7.500012915.1094   14.3681
   -7.5000   45.0000   -7.500011908.6289   14.2666
    0.0000   45.0000   -7.500012453.7090   14.2456
    7.5000   45.0000   -7.500011843.2998   14.2547
   -7.5000  -45.0000    0.000012998.0225   14.4484
    0.0000  -45.0000    0.000013610.9639   14.4290
    7.5000  -45.0000    0.000012919.6270   14.4459
   -7.5000  -37.5000    0.000013766.4912   14.3778
    0.0000  -37.5000    0.000014416.2207   14.3585
    7.5000  -37.5000    0.000013677.6895   14.3778
   -7.5000  -30.0000    0.000014965.3828   14.2830
    0.0000  -30.0000    0.000015667.3096   14.2715
    7.5000  -30.0000    0.000014866.9678   14.2895
   -7.5000  -22.5000    0.000016056.6084   14.2072
    0.0000  -22.5000    0.000016792.6914   14.2041
    7.5000  -22.5000    0.000015935.1445   14.2177
   -7.5000  -15.0000    0.000017026.4297   14.1558
    0.0000  -15.0000    0.000017839.7227   14.1535
    7.5000  -15.0000    0.000016840.3652   14.1641
   -7.5000   -7.5000    0.000017822.7891   14.1184
    0.0000   -7.5000    0.000018699.2344   14.1063
    7.5000   -7.5000    0.000017628.3086   14.1183
   -7.5000    0.0000    0.000018390.2324   14.0833
    0.0000    0.0000    0.000019192.6035   14.0614
    7.5000    0.0000    0.000018177.7695   14.0775
   -7.5000    7.5000    0.000017451.3535   14.0856
    0.0000    7.5000    0.000018152.1738   14.0644
    7.5000    7.5000    0.000017243.3965   14.0834
   -7.5000   15.0000    0.000016419.1094   14.1176
    0.0000   15.0000    0.000017084.0605   14.1048
    7.5000   15.0000    0.000016207.8799   14.1223
   -7.5000   22.5000    0.000015335.6035   14.2315
    0.0000   22.5000    0.000015968.3398   14.2274
    7.5000   22.5000    0.000015127.1143   14.2410
   -7.5000   30.0000    0.000014175.9111   14.2244
    0.0000   30.0000    0.000014766.4766   14.2225
    7.5000   30.0000    0.000013998.3740   14.2325
   -7.5000   37.5000    0.000013499.1992   14.3994
    0.0000   37.5000    0.000014103.6875   14.3879
    7.5000   37.5000    0.000013389.7305   14.3970
   -7.5000   45.0000    0.000012365.9160   14.2879
    0.0000   45.0000    0.000012949.9629   14.2663
    7.5000   45.0000    0.000012292.3320   14.2798
   -7.5000  -45.0000    7.500012483.6143   14.4859
    0.0000  -45.0000    7.500013069.6885   14.4705
    7.5000  -45.0000    7.500012456.6807   14.4877
   -7.5000  -37.5000    7.500013214.1260   14.4175
    0.0000  -37.5000    7.500013812.8330   14.4041
    7.5000  -37.5000    7.500013190.1660   14.4236
   -7.5000  -30.0000    7.500014360.6982   14.3290
    0.0000  -30.0000    7.500015019.8936   14.3258
    7.5000  -30.0000    7.500014347.0244   14.3450
   -7.5000  -22.5000    7.500015425.5938   14.2596
    0.0000  -22.5000    7.500016114.6357   14.2644
    7.5000  -22.5000    7.500015385.7188   14.2805
   -7.5000  -15.0000    7.500016376.1699   14.2097
    0.0000  -15.0000    7.500017109.3301   14.2133
    7.5000  -15.0000    7.500016268.0986   14.2267
   -7.5000   -7.5000    7.500017186.0117   14.1690
    0.0000   -7.5000    7.500017968.6348   14.1608
    7.5000   -7.5000    7.500016966.9902   14.1747
   -7.5000    0.0000    7.500017750.1855   14.1293
    0.0000    0.0000    7.500018531.0547   14.1111
    7.5000    0.0000    7.500017445.9570   14.1276
   -7.5000    7.5000    7.500016856.5488   14.1322
    0.0000    7.5000    7.500017631.0664   14.1167
    7.5000    7.5000    7.500016587.1953   14.1358
   -7.5000   15.0000    7.500015831.0898   14.1692
    0.0000   15.0000    7.500016581.2715   14.1644
    7.5000   15.0000    7.500015611.0088   14.1832
   -7.5000   22.5000    7.500014752.6416   14.2887
    0.0000   22.5000    7.500015418.8350   14.2924
    7.5000   22.5000    7.500014562.1191   14.3084
   -7.5000   30.0000    7.500013622.0674   14.2814
    0.0000   30.0000    7.500014205.3193   14.2851
    7.5000   30.0000    7.500013470.8125   14.2982
   -7.5000   37.5000    7.500012977.6123   14.4492
    0.0000   37.5000    7.500013528.8760   14.4411
    7.5000   37.5000    7.500012875.6895   14.4534
   -7.5000   45.0000    7.500011883.5273   14.3321
    0.0000   45.0000    7.500012405.4766   14.3133
    7.5000   45.0000    7.500011830.3955   14.3285
   -7.5000  -45.0000   15.000011799.6465   14.5346
    0.0000  -45.0000   15.000012362.9570   14.5223
    7.5000  -45.0000   15.000011826.4482   14.5359
   -7.5000  -37.5000   15.000012495.2246   14.4703
    0.0000  -37.5000   15.000013084.2646   14.4620
    7.5000  -37.5000   15.000012519.8467   14.4771
   -7.5000  -30.0000   15.000013589.1973   14.3882
    0.0000  -30.0000   15.000014217.5732   14.3905
    7.5000  -30.0000   15.000013609.0732   14.4058
   -7.5000  -22.5000   15.000014661.9121   14.3222
    0.0000  -22.5000   15.000015306.7803   14.3311
    7.5000  -22.5000   15.000014609.9512   14.3445
   -7.5000  -15.0000   15.000015592.1094   14.2722
    0.0000  -15.0000   15.000016253.8721   14.2778
    7.5000  -15.0000   15.000015468.6729   14.2892
   -7.5000   -7.5000   15.000016358.3770   14.2287
    0.0000   -7.5000   15.000017003.5996   14.2223
    7.5000   -7.5000   15.000016135.1318   14.2336
   -7.5000    0.0000   15.000016876.1719   14.1861
    0.0000    0.0000   15.000017521.9121   14.1711
    7.5000    0.0000   15.000016613.8340   14.1842
   -7.5000    7.5000   15.000016070.0830   14.1918
    0.0000    7.5000   15.000016732.7441   14.1813
    7.5000    7.5000   15.000015860.6846   14.1963
   -7.5000   15.0000   15.000015124.1260   14.2335
    0.0000   15.0000   15.000015814.9551   14.2343
    7.5000   15.0000   15.000014970.8252   14.2494
   -7.5000   22.5000   15.000014104.8047   14.3559
    0.0000   22.5000   15.000014747.3984   14.3635
    7.5000   22.5000   15.000013989.8359   14.3769
   -7.5000   30.0000   15.000012996.3750   14.3474
    0.0000   30.0000   15.000013571.8818   14.3526
    7.5000   30.0000   15.000012894.4863   14.3632
   -7.5000   37.5000   15.000012370.0381   14.5056
    0.0000   37.5000   15.000012901.4004   14.4989
    7.5000   37.5000   15.000012285.1357   14.5088
   -7.5000   45.0000   15.000011314.2861   14.3809
    0.0000   45.0000   15.000011800.4150   14.3651
    7.5000   45.0000   15.000011249.5566   14.3780
   -7.5000  -45.0000   22.500011052.7217   14.5953
    0.0000  -45.0000   22.500011585.2188   14.5816
    7.5000  -45.0000   22.500011087.1758   14.5912
   -7.5000  -37.5000   22.500011702.6787   14.5330
    0.0000  -37.5000   22.500012252.3652   14.5229
    7.5000  -37.5000   22.500011735.5400   14.5337
   -7.5000  -30.0000   22.500012730.7529   14.4518
    0.0000  -30.0000   22.500013293.2393   14.4501
    7.5000  -30.0000   22.500012738.9531   14.4602
   -7.5000  -22.5000   22.500013703.3809   14.3837
    0.0000  -22.5000   22.500014289.2480   14.3870
    7.5000  -22.5000   22.500013682.3145   14.3946
   -7.5000  -15.0000   22.500014584.2676   14.3339
    0.0000  -15.0000   22.500015190.8809   14.3342
    7.5000  -15.0000   22.500014511.3711   14.3399
   -7.5000   -7.5000   22.500015302.8047   14.2938
    0.0000   -7.5000   22.500015915.8701   14.2843
    7.5000   -7.5000   22.500015160.4609   14.2911
   -7.5000    0.0000   22.500015808.1758   14.2539
    0.0000    0.0000   22.500016459.3965   14.2379
    7.5000    0.0000   22.500015645.5264   14.2475
   -7.5000    7.5000   22.500015051.3789   14.2607
    0.0000    7.5000   22.500015697.2627   14.2486
    7.5000    7.5000   22.500014921.5342   14.2597
   -7.5000   15.0000   22.500014220.4521   14.3000
    0.0000   15.0000   22.500014851.4668   14.2969
    7.5000   15.0000   22.500014086.5605   14.3071
   -7.5000   22.5000   22.500013271.7939   14.4186
    0.0000   22.5000   22.500013860.1348   14.4207
    7.5000   22.5000   22.500013172.4072   14.4284
   -7.5000   30.0000   22.500012219.7588   14.4092
    0.0000   30.0000   22.500012754.0898   14.4093
    7.5000   30.0000   22.500012140.4258   14.4132
   -7.5000   37.5000   22.500011629.7041   14.5676
    0.0000   37.5000   22.500012134.8271   14.5579
    7.5000   37.5000   22.500011549.6807   14.5622
   -7.5000   45.0000   22.500010627.9834   14.4427
    0.0000   45.0000   22.500011070.8555   14.4266
    7.5000   45.0000   22.500010560.0273   14.4355
   -7.5000  -45.0000   30.000010261.4736   14.7359
    0.0000  -45.0000   30.000010732.7168   14.7184
    7.5000  -45.0000   30.000010301.0498   14.7273
   -7.5000  -37.5000   30.000010849.6436   14.6727
    0.0000  -37.5000   30.000011349.7773   14.6567
    7.5000  -37.5000   30.000010892.0947   14.6669
   -7.5000  -30.0000   30.000011776.5479   14.5876
    0.0000  -30.0000   30.000012300.9336   14.5775
    7.5000  -30.0000   30.000011792.3721   14.5859
   -7.5000  -22.5000   30.000012666.2441   14.5151
    0.0000  -22.5000   30.000013227.6855   14.5101
    7.5000  -22.5000   30.000012658.7598   14.5150
   -7.5000  -15.0000   30.000013473.4482   14.4665
    0.0000  -15.0000   30.000014043.6445   14.4606
    7.5000  -15.0000   30.000013429.7139   14.4634
   -7.5000   -7.5000   30.000014133.6719   14.4333
    0.0000   -7.5000   30.000014699.2285   14.4197
    7.5000   -7.5000   30.000014033.8037   14.4247
   -7.5000    0.0000   30.000014609.6953   14.3984
    0.0000    0.0000   30.000015194.4854   14.3788
    7.5000    0.0000   30.000014495.5420   14.3879
   -7.5000    7.5000   30.000013927.2471   14.4036
    0.0000    7.5000   30.000014495.3477   14.3859
    7.5000    7.5000   30.000013814.3096   14.3966
   -7.5000   15.0000   30.000013159.9785   14.4367
    0.0000   15.0000   30.000013716.7822   14.4254
    7.5000   15.0000   30.000013044.7471   14.4341
   -7.5000   22.5000   30.000012295.1455   14.5499
    0.0000   22.5000   30.000012826.8809   14.5438
    7.5000   22.5000   30.000012195.3242   14.5488
   -7.5000   30.0000   30.000011342.1787   14.5403
    0.0000   30.0000   30.000011827.0186   14.5344
    7.5000   30.0000   30.000011257.3555   14.5351
   -7.5000   37.5000   30.000010789.5098   14.7085
    0.0000   37.5000   30.000011259.5527   14.6951
    7.5000   37.5000   30.000010723.6055   14.6963
   -7.5000   45.0000   30.0000 9847.4932   14.5889
    0.0000   45.0000   30.000010288.5020   14.5700
    7.5000   45.0000   30.0000 9800.4277   14.5769
   -7.5000  -45.0000   37.5000 9835.9287   14.9688
    0.0000  -45.0000   37.500010309.1777   14.9461
    7.5000  -45.0000   37.5000 9887.4766   14.9589
   -7.5000  -37.5000   37.500010411.1377   14.9012
    0.0000  -37.5000   37.500010899.9863   14.8788
    7.5000  -37.5000   37.500010438.6055   14.8942
   -7.5000  -30.0000   37.500011292.2559   14.8123
    0.0000  -30.0000   37.500011819.9883   14.7964
    7.5000  -30.0000   37.500011299.5977   14.8097
   -7.5000  -22.5000   37.500012123.0957   14.7399
    0.0000  -22.5000   37.500012699.7578   14.7309
    7.5000  -22.5000   37.500012109.0322   14.7392
   -7.5000  -15.0000   37.500012860.4307   14.6941
    0.0000  -15.0000   37.500013441.3848   14.6858
    7.5000  -15.0000   37.500012834.4961   14.6910
   -7.5000   -7.5000   37.500013463.3232   14.6651
    0.0000   -7.5000   37.500014044.1016   14.6485
    7.5000   -7.5000   37.500013407.1055   14.6561
   -7.5000    0.0000   37.500013906.9170   14.6319
    0.0000    0.0000   37.500014503.8086   14.6072
    7.5000    0.0000   37.500013842.2109   14.6201
   -7.5000    7.5000   37.500013257.8945   14.6326
    0.0000    7.5000   37.500013827.5840   14.6087
    7.5000    7.5000   37.500013205.0781   14.6246
   -7.5000   15.0000   37.500012539.4844   14.6608
    0.0000   15.0000   37.500013079.3223   14.6438
    7.5000   15.0000   37.500012471.7441   14.6572
   -7.5000   22.5000   37.500011726.6475   14.7735
    0.0000   22.5000   37.500012249.7725   14.7635
    7.5000   22.5000   37.500011658.4092   14.7722
   -7.5000   30.0000   37.500010844.4492   14.7638
    0.0000   30.0000   37.500011315.5098   14.7557
    7.5000   30.0000   37.500010780.2812   14.7596
   -7.5000   37.5000   37.500010316.8105   14.9432
    0.0000   37.5000   37.500010781.1758   14.9269
    7.5000   37.5000   37.500010274.7490   14.9305
   -7.5000   45.0000   37.5000 9415.5342   14.8277
    0.0000   45.0000   37.5000 9849.8340   14.8036
    7.5000   45.0000   37.5000 9389.9648   14.8134
   -7.5000  -45.0000   45.0000 9037.5078   15.2299
    0.0000  -45.0000   45.0000 9473.7305   15.2083
    7.5000  -45.0000   45.0000 9062.8936   15.2273
   -7.5000  -37.5000   45.0000 9562.4268   15.1560
    0.0000  -37.5000   45.000010021.2197   15.1353
    7.5000  -37.5000   45.0000 9578.5117   15.1579
   -7.5000  -30.0000   45.000010362.5742   15.0657
    0.0000  -30.0000   45.000010864.0557   15.0537
    7.5000  -30.0000   45.000010372.7051   15.0750
   -7.5000  -22.5000   45.000011106.4395   14.9974
    0.0000  -22.5000   45.000011637.3564   14.9938
    7.5000  -22.5000   45.000011102.8623   15.0096
   -7.5000  -15.0000   45.000011767.2578   14.9557
    0.0000  -15.0000   45.000012300.8672   14.9524
    7.5000  -15.0000   45.000011751.8184   14.9643
   -7.5000   -7.5000   45.000012297.1973   14.9276
    0.0000   -7.5000   45.000012834.4199   14.9137
    7.5000   -7.5000   45.000012268.3467   14.9273
   -7.5000    0.0000   45.000012692.2549   14.8916
    0.0000    0.0000   45.000013248.6797   14.8677
    7.5000    0.0000   45.000012656.2373   14.8867
   -7.5000    7.5000   45.000012101.9268   14.8865
    0.0000    7.5000   45.000012627.4658   14.8641
    7.5000    7.5000   45.000012082.8330   14.8870
   -7.5000   15.0000   45.000011433.9814   14.9132
    0.0000   15.0000   45.000011935.1465   14.8999
    7.5000   15.0000   45.000011403.6201   14.9212
   -7.5000   22.5000   45.000010695.4561   15.0311
    0.0000   22.5000   45.000011181.6396   15.0263
    7.5000   22.5000   45.000010660.7246   15.0425
   -7.5000   30.0000   45.0000 9896.9043   15.0220
    0.0000   30.0000   45.000010346.6104   15.0190
    7.5000   30.0000   45.0000 9851.3740   15.0304
   -7.5000   37.5000   45.0000 9425.4434   15.2085
    0.0000   37.5000   45.0000 9865.0312   15.1949
    7.5000   37.5000   45.0000 9414.4229   15.2056
   -7.5000   45.0000   45.0000 8624.1855   15.1014
    0.0000   45.0000   45.0000 9032.2686   15.0773
    7.5000   45.0000   45.0000 8630.5342   15.0937

---------------------------------------------------------------------
imgreg_4dfp /opt/freesurfer/average/711-2C_as_mni_average_305 /opt/freesurfer/average/711-2B_as_mni_average_305_mask talsrcimg_g11 none talsrcimg_to_711-2C_as_mni_average_305_t4 4355
---------------------------------------------------------------------

freesurfer imgreg_4dfp.c
/opt/freesurfer/average/711-2C_as_mni_average_305.4dfp.img
       256       256       256         1
  1.000000  1.000000  1.000000
orientation T byte_order littleendian
Reading image: /opt/freesurfer/average/711-2C_as_mni_average_305.4dfp.img
dimensions:      256       256       256
mmppix:       1.0000   -1.0000   -1.0000
center:     128.0000 -129.0000 -129.0000
/opt/freesurfer/average/711-2B_as_mni_average_305_mask.4dfp.img
       256       256       256         1
  1.000000  1.000000  1.000000
orientation T byte_order littleendian
Reading mask: /opt/freesurfer/average/711-2B_as_mni_average_305_mask.4dfp.img (2306576 pixels)
talsrcimg_g11.4dfp.img
       256       256       256         1
  1.000000  1.000000  1.000000
orientation T byte_order littleendian
Reading image: talsrcimg_g11.4dfp.img
dimensions:      256       256       256
mmppix:       1.0000   -1.0000   -1.0000
center:     128.0000 -129.0000 -129.0000
rotation matrix determinant  1.000000
image alignment mode   4355 decimal     1103 hex
   -7.5000  -45.0000  -45.0000 2257.8584   15.7680
    0.0000  -45.0000  -45.0000 2257.9512   15.7715
    7.5000  -45.0000  -45.0000 2234.5769   15.9184
   -7.5000  -37.5000  -45.0000 2318.3052   14.7760
    0.0000  -37.5000  -45.0000 2323.1687   14.7652
    7.5000  -37.5000  -45.0000 2299.5210   14.8946
   -7.5000  -30.0000  -45.0000 2364.3535   13.9620
    0.0000  -30.0000  -45.0000 2370.0103   13.9703
    7.5000  -30.0000  -45.0000 2349.9976   14.0862
   -7.5000  -22.5000  -45.0000 2394.7703   13.3518
    0.0000  -22.5000  -45.0000 2402.0042   13.3459
    7.5000  -22.5000  -45.0000 2380.9866   13.4779
   -7.5000  -15.0000  -45.0000 2414.0405   12.9190
    0.0000  -15.0000  -45.0000 2426.8533   12.8673
    7.5000  -15.0000  -45.0000 2406.4856   13.0189
   -7.5000   -7.5000  -45.0000 2433.7197   12.6399
    0.0000   -7.5000  -45.0000 2447.4663   12.5696
    7.5000   -7.5000  -45.0000 2426.8113   12.7287
   -7.5000    0.0000  -45.0000 2442.9407   12.6023
    0.0000    0.0000  -45.0000 2454.6565   12.5118
    7.5000    0.0000  -45.0000 2430.4185   12.6690
   -7.5000    7.5000  -45.0000 2425.4172   12.8105
    0.0000    7.5000  -45.0000 2441.4592   12.7060
    7.5000    7.5000  -45.0000 2420.2422   12.8646
   -7.5000   15.0000  -45.0000 2388.6125   13.2436
    0.0000   15.0000  -45.0000 2411.2988   13.1446
    7.5000   15.0000  -45.0000 2385.2156   13.2911
   -7.5000   22.5000  -45.0000 2337.8523   13.8738
    0.0000   22.5000  -45.0000 2356.2700   13.7666
    7.5000   22.5000  -45.0000 2334.2554   13.9220
   -7.5000   30.0000  -45.0000 2269.0955   14.7991
    0.0000   30.0000  -45.0000 2284.0410   14.6877
    7.5000   30.0000  -45.0000 2265.0781   14.8251
   -7.5000   37.5000  -45.0000 2184.4072   16.1135
    0.0000   37.5000  -45.0000 2195.4199   16.0026
    7.5000   37.5000  -45.0000 2180.8706   16.1338
   -7.5000   45.0000  -45.0000 2084.2078   17.8654
    0.0000   45.0000  -45.0000 2100.2576   17.6889
    7.5000   45.0000  -45.0000 2084.4219   17.8154
   -7.5000  -45.0000  -37.5000 2342.0938   14.6644
    0.0000  -45.0000  -37.5000 2344.2236   14.6833
    7.5000  -45.0000  -37.5000 2322.0059   14.8069
   -7.5000  -37.5000  -37.5000 2407.6326   13.7349
    0.0000  -37.5000  -37.5000 2409.8281   13.7383
    7.5000  -37.5000  -37.5000 2386.0715   13.8584
   -7.5000  -30.0000  -37.5000 2451.4827   12.9969
    0.0000  -30.0000  -37.5000 2455.4651   12.9852
    7.5000  -30.0000  -37.5000 2433.7202   13.1078
   -7.5000  -22.5000  -37.5000 2484.0396   12.4343
    0.0000  -22.5000  -37.5000 2491.1140   12.4285
    7.5000  -22.5000  -37.5000 2469.1099   12.5293
   -7.5000  -15.0000  -37.5000 2507.4775   12.0425
    0.0000  -15.0000  -37.5000 2520.1108   11.9908
    7.5000  -15.0000  -37.5000 2496.9082   12.1133
   -7.5000   -7.5000  -37.5000 2523.4958   11.7926
    0.0000   -7.5000  -37.5000 2542.4939   11.7300
    7.5000   -7.5000  -37.5000 2515.9575   11.8581
   -7.5000    0.0000  -37.5000 2534.6030   11.7592
    0.0000    0.0000  -37.5000 2547.6538   11.6609
    7.5000    0.0000  -37.5000 2521.0645   11.8149
   -7.5000    7.5000  -37.5000 2518.1489   11.9407
    0.0000    7.5000  -37.5000 2536.6814   11.8177
    7.5000    7.5000  -37.5000 2513.9172   11.9732
   -7.5000   15.0000  -37.5000 2482.3547   12.2998
    0.0000   15.0000  -37.5000 2503.5928   12.1931
    7.5000   15.0000  -37.5000 2478.7668   12.3447
   -7.5000   22.5000  -37.5000 2425.9224   12.8861
    0.0000   22.5000  -37.5000 2447.7161   12.7833
    7.5000   22.5000  -37.5000 2425.4419   12.9316
   -7.5000   30.0000  -37.5000 2352.6675   13.7422
    0.0000   30.0000  -37.5000 2369.7776   13.6371
    7.5000   30.0000  -37.5000 2352.3770   13.7689
   -7.5000   37.5000  -37.5000 2259.3489   14.9743
    0.0000   37.5000  -37.5000 2274.9075   14.8405
    7.5000   37.5000  -37.5000 2258.0095   14.9873
   -7.5000   45.0000  -37.5000 2149.0374   16.5748
    0.0000   45.0000  -37.5000 2167.9153   16.4443
    7.5000   45.0000  -37.5000 2151.6033   16.5797
   -7.5000  -45.0000  -30.0000 2474.3428   14.1471
    0.0000  -45.0000  -30.0000 2475.7351   14.1840
    7.5000  -45.0000  -30.0000 2451.0610   14.2839
   -7.5000  -37.5000  -30.0000 2536.1394   13.2169
    0.0000  -37.5000  -30.0000 2539.4016   13.2065
    7.5000  -37.5000  -30.0000 2513.1350   13.3496
   -7.5000  -30.0000  -30.0000 2580.7310   12.5061
    0.0000  -30.0000  -30.0000 2587.0476   12.4674
    7.5000  -30.0000  -30.0000 2559.9563   12.5981
   -7.5000  -22.5000  -30.0000 2622.8337   11.9721
    0.0000  -22.5000  -30.0000 2629.2742   11.9245
    7.5000  -22.5000  -30.0000 2607.4546   12.0273
   -7.5000  -15.0000  -30.0000 2649.3086   11.5908
    0.0000  -15.0000  -30.0000 2659.5046   11.5209
    7.5000  -15.0000  -30.0000 2638.4353   11.6374
   -7.5000   -7.5000  -30.0000 2669.3711   11.3615
    0.0000   -7.5000  -30.0000 2687.5439   11.2773
    7.5000   -7.5000  -30.0000 2662.2554   11.3993
   -7.5000    0.0000  -30.0000 2680.2200   11.3275
    0.0000    0.0000  -30.0000 2697.9966   11.2385
    7.5000    0.0000  -30.0000 2668.7212   11.3707
   -7.5000    7.5000  -30.0000 2668.1863   11.5003
    0.0000    7.5000  -30.0000 2688.8540   11.4043
    7.5000    7.5000  -30.0000 2658.9270   11.5419
   -7.5000   15.0000  -30.0000 2629.7659   11.8504
    0.0000   15.0000  -30.0000 2653.1050   11.7322
    7.5000   15.0000  -30.0000 2623.7083   11.8765
   -7.5000   22.5000  -30.0000 2568.7041   12.3977
    0.0000   22.5000  -30.0000 2593.5947   12.2921
    7.5000   22.5000  -30.0000 2567.9880   12.4371
   -7.5000   30.0000  -30.0000 2486.1865   13.2198
    0.0000   30.0000  -30.0000 2510.6133   13.1051
    7.5000   30.0000  -30.0000 2488.5654   13.2441
   -7.5000   37.5000  -30.0000 2382.5315   14.3953
    0.0000   37.5000  -30.0000 2403.1348   14.2489
    7.5000   37.5000  -30.0000 2384.1372   14.4143
   -7.5000   45.0000  -30.0000 2265.5322   15.9419
    0.0000   45.0000  -30.0000 2283.2063   15.8027
    7.5000   45.0000  -30.0000 2266.2500   15.9593
   -7.5000  -45.0000  -22.5000 2566.7915   13.6448
    0.0000  -45.0000  -22.5000 2573.6584   13.6303
    7.5000  -45.0000  -22.5000 2543.7305   13.7401
   -7.5000  -37.5000  -22.5000 2627.3992   12.6963
    0.0000  -37.5000  -22.5000 2633.2571   12.6781
    7.5000  -37.5000  -22.5000 2609.9485   12.8073
   -7.5000  -30.0000  -22.5000 2678.5005   11.9753
    0.0000  -30.0000  -22.5000 2685.0374   11.9235
    7.5000  -30.0000  -22.5000 2662.4236   12.0494
   -7.5000  -22.5000  -22.5000 2726.5117   11.4427
    0.0000  -22.5000  -22.5000 2734.2915   11.3877
    7.5000  -22.5000  -22.5000 2714.1741   11.5073
   -7.5000  -15.0000  -22.5000 2754.7139   11.0785
    0.0000  -15.0000  -22.5000 2766.6614   11.0128
    7.5000  -15.0000  -22.5000 2749.4084   11.1260
   -7.5000   -7.5000  -22.5000 2784.1184   10.8572
    0.0000   -7.5000  -22.5000 2806.0342   10.7768
    7.5000   -7.5000  -22.5000 2776.5630   10.8912
   -7.5000    0.0000  -22.5000 2799.2439   10.8182
    0.0000    0.0000  -22.5000 2821.2388   10.7294
    7.5000    0.0000  -22.5000 2788.2029   10.8464
   -7.5000    7.5000  -22.5000 2790.0120   11.0042
    0.0000    7.5000  -22.5000 2815.3330   10.9145
    7.5000    7.5000  -22.5000 2783.4958   11.0255
   -7.5000   15.0000  -22.5000 2748.0586   11.3454
    0.0000   15.0000  -22.5000 2775.6641   11.2313
    7.5000   15.0000  -22.5000 2745.7954   11.3651
   -7.5000   22.5000  -22.5000 2681.4080   11.8753
    0.0000   22.5000  -22.5000 2710.7134   11.7444
    7.5000   22.5000  -22.5000 2681.5254   11.9081
   -7.5000   30.0000  -22.5000 2590.7820   12.6468
    0.0000   30.0000  -22.5000 2615.3147   12.5319
    7.5000   30.0000  -22.5000 2591.5801   12.6901
   -7.5000   37.5000  -22.5000 2479.7654   13.7926
    0.0000   37.5000  -22.5000 2501.1055   13.6604
    7.5000   37.5000  -22.5000 2481.5452   13.8178
   -7.5000   45.0000  -22.5000 2350.4121   15.2960
    0.0000   45.0000  -22.5000 2372.8120   15.1382
    7.5000   45.0000  -22.5000 2353.9749   15.2912
   -7.5000  -45.0000  -15.0000 2618.0723   13.2113
    0.0000  -45.0000  -15.0000 2628.3464   13.1571
    7.5000  -45.0000  -15.0000 2602.7383   13.2884
   -7.5000  -37.5000  -15.0000 2681.4629   12.2517
    0.0000  -37.5000  -15.0000 2688.7268   12.1924
    7.5000  -37.5000  -15.0000 2665.9353   12.3372
   -7.5000  -30.0000  -15.0000 2738.0735   11.5199
    0.0000  -30.0000  -15.0000 2745.7917   11.4446
    7.5000  -30.0000  -15.0000 2723.6519   11.5822
   -7.5000  -22.5000  -15.0000 2788.5874   10.9739
    0.0000  -22.5000  -15.0000 2801.4897   10.9115
    7.5000  -22.5000  -15.0000 2780.7566   11.0297
   -7.5000  -15.0000  -15.0000 2828.2844   10.6113
    0.0000  -15.0000  -15.0000 2846.6941   10.5294
    7.5000  -15.0000  -15.0000 2824.3955   10.6580
   -7.5000   -7.5000  -15.0000 2862.5581   10.4022
    0.0000   -7.5000  -15.0000 2888.9741   10.3184
    7.5000   -7.5000  -15.0000 2855.0830   10.4417
   -7.5000    0.0000  -15.0000 2884.5830   10.3557
    0.0000    0.0000  -15.0000 2917.7930   10.2456
    7.5000    0.0000  -15.0000 2874.6641   10.3894
   -7.5000    7.5000  -15.0000 2878.2361   10.5464
    0.0000    7.5000  -15.0000 2908.3408   10.4198
    7.5000    7.5000  -15.0000 2873.0522   10.5535
   -7.5000   15.0000  -15.0000 2830.4595   10.8751
    0.0000   15.0000  -15.0000 2863.5872   10.7478
    7.5000   15.0000  -15.0000 2833.7632   10.8793
   -7.5000   22.5000  -15.0000 2755.2891   11.3956
    0.0000   22.5000  -15.0000 2786.8435   11.2625
    7.5000   22.5000  -15.0000 2757.7642   11.4094
   -7.5000   30.0000  -15.0000 2655.1545   12.1701
    0.0000   30.0000  -15.0000 2683.4490   12.0269
    7.5000   30.0000  -15.0000 2658.0496   12.1880
   -7.5000   37.5000  -15.0000 2536.5308   13.2926
    0.0000   37.5000  -15.0000 2563.9646   13.1332
    7.5000   37.5000  -15.0000 2539.3108   13.3169
   -7.5000   45.0000  -15.0000 2403.0203   14.7568
    0.0000   45.0000  -15.0000 2428.2170   14.5845
    7.5000   45.0000  -15.0000 2402.5693   14.7619
   -7.5000  -45.0000   -7.5000 2640.9380   12.8603
    0.0000  -45.0000   -7.5000 2651.8403   12.8277
    7.5000  -45.0000   -7.5000 2626.0356   13.0070
   -7.5000  -37.5000   -7.5000 2705.1125   11.9184
    0.0000  -37.5000   -7.5000 2714.4661   11.8570
    7.5000  -37.5000   -7.5000 2693.9438   12.0334
   -7.5000  -30.0000   -7.5000 2762.9333   11.1925
    0.0000  -30.0000   -7.5000 2772.8464   11.0926
    7.5000  -30.0000   -7.5000 2754.3191   11.2596
   -7.5000  -22.5000   -7.5000 2820.2461   10.6234
    0.0000  -22.5000   -7.5000 2838.3450   10.5278
    7.5000  -22.5000   -7.5000 2811.3784   10.6888
   -7.5000  -15.0000   -7.5000 2872.9260   10.2353
    0.0000  -15.0000   -7.5000 2898.1753   10.1359
    7.5000  -15.0000   -7.5000 2864.7253   10.2924
   -7.5000   -7.5000   -7.5000 2916.1018   10.0456
    0.0000   -7.5000   -7.5000 2952.9141    9.9358
    7.5000   -7.5000   -7.5000 2911.1890   10.0823
   -7.5000    0.0000   -7.5000 2945.1370    9.9931
    0.0000    0.0000   -7.5000 2990.2983    9.8521
    7.5000    0.0000   -7.5000 2938.5708   10.0358
   -7.5000    7.5000   -7.5000 2933.6843   10.1466
    0.0000    7.5000   -7.5000 2978.2156    9.9843
    7.5000    7.5000   -7.5000 2930.4785   10.1691
   -7.5000   15.0000   -7.5000 2881.9495   10.4656
    0.0000   15.0000   -7.5000 2922.9414   10.3151
    7.5000   15.0000   -7.5000 2886.3452   10.4895
   -7.5000   22.5000   -7.5000 2804.8916   10.9983
    0.0000   22.5000   -7.5000 2841.7290   10.8330
    7.5000   22.5000   -7.5000 2807.8003   10.9983
   -7.5000   30.0000   -7.5000 2695.0063   11.7788
    0.0000   30.0000   -7.5000 2722.0598   11.6146
    7.5000   30.0000   -7.5000 2695.5833   11.7970
   -7.5000   37.5000   -7.5000 2569.4106   12.9065
    0.0000   37.5000   -7.5000 2594.7219   12.7438
    7.5000   37.5000   -7.5000 2569.3142   12.9297
   -7.5000   45.0000   -7.5000 2427.4399   14.3593
    0.0000   45.0000   -7.5000 2453.9607   14.2011
    7.5000   45.0000   -7.5000 2429.9910   14.3663
   -7.5000  -45.0000    0.0000 2639.1689   12.6712
    0.0000  -45.0000    0.0000 2651.0276   12.6213
    7.5000  -45.0000    0.0000 2629.0903   12.8427
   -7.5000  -37.5000    0.0000 2705.8665   11.7124
    0.0000  -37.5000    0.0000 2713.7568   11.6500
    7.5000  -37.5000    0.0000 2695.3228   11.8561
   -7.5000  -30.0000    0.0000 2764.9568   10.9817
    0.0000  -30.0000    0.0000 2776.7075   10.8947
    7.5000  -30.0000    0.0000 2756.7524   11.0756
   -7.5000  -22.5000    0.0000 2830.0325   10.4186
    0.0000  -22.5000    0.0000 2849.6721   10.3149
    7.5000  -22.5000    0.0000 2821.5552   10.4975
   -7.5000  -15.0000    0.0000 2892.9231   10.0392
    0.0000  -15.0000    0.0000 2919.9185    9.9195
    7.5000  -15.0000    0.0000 2884.0618   10.1076
   -7.5000   -7.5000    0.0000 2944.0557    9.8528
    0.0000   -7.5000    0.0000 2983.9800    9.7363
    7.5000   -7.5000    0.0000 2941.5925    9.9044
   -7.5000    0.0000    0.0000 2975.4077    9.8239
    0.0000    0.0000    0.0000 3029.6760    9.6746
    7.5000    0.0000    0.0000 2973.8594    9.8664
   -7.5000    7.5000    0.0000 2968.2336    9.9369
    0.0000    7.5000    0.0000 3020.5991    9.7715
    7.5000    7.5000    0.0000 2966.4785    9.9775
   -7.5000   15.0000    0.0000 2910.5244   10.2351
    0.0000   15.0000    0.0000 2956.2307   10.0709
    7.5000   15.0000    0.0000 2913.9685   10.2648
   -7.5000   22.5000    0.0000 2827.1404   10.7684
    0.0000   22.5000    0.0000 2862.0867   10.6312
    7.5000   22.5000    0.0000 2830.0881   10.7835
   -7.5000   30.0000    0.0000 2708.6260   11.5776
    0.0000   30.0000    0.0000 2732.2402   11.4486
    7.5000   30.0000    0.0000 2709.7043   11.5855
   -7.5000   37.5000    0.0000 2576.2000   12.6941
    0.0000   37.5000    0.0000 2600.0396   12.5547
    7.5000   37.5000    0.0000 2581.0308   12.6983
   -7.5000   45.0000    0.0000 2430.9783   14.1206
    0.0000   45.0000    0.0000 2456.0674   13.9883
    7.5000   45.0000    0.0000 2439.9885   14.1334
   -7.5000  -45.0000    7.5000 2629.6995   12.6292
    0.0000  -45.0000    7.5000 2640.3955   12.5660
    7.5000  -45.0000    7.5000 2617.5303   12.8549
   -7.5000  -37.5000    7.5000 2695.9561   11.6718
    0.0000  -37.5000    7.5000 2703.2124   11.5765
    7.5000  -37.5000    7.5000 2684.5447   11.8407
   -7.5000  -30.0000    7.5000 2758.4487   10.9191
    0.0000  -30.0000    7.5000 2774.3052   10.8079
    7.5000  -30.0000    7.5000 2754.0916   11.0563
   -7.5000  -22.5000    7.5000 2824.5593   10.3813
    0.0000  -22.5000    7.5000 2848.9858   10.2401
    7.5000  -22.5000    7.5000 2821.4099   10.4808
   -7.5000  -15.0000    7.5000 2889.7432   10.0225
    0.0000  -15.0000    7.5000 2921.0637    9.8689
    7.5000  -15.0000    7.5000 2886.9985   10.0868
   -7.5000   -7.5000    7.5000 2948.9121    9.8466
    0.0000   -7.5000    7.5000 2990.1841    9.7107
    7.5000   -7.5000    7.5000 2944.2678    9.8731
   -7.5000    0.0000    7.5000 2981.3923    9.7981
    0.0000    0.0000    7.5000 3033.5139    9.6305
    7.5000    0.0000    7.5000 2979.5471    9.8058
   -7.5000    7.5000    7.5000 2967.2485    9.9179
    0.0000    7.5000    7.5000 3016.7957    9.7689
    7.5000    7.5000    7.5000 2971.2424    9.9198
   -7.5000   15.0000    7.5000 2907.6951   10.2179
    0.0000   15.0000    7.5000 2947.3064   10.1146
    7.5000   15.0000    7.5000 2914.7842   10.2480
   -7.5000   22.5000    7.5000 2821.3276   10.7531
    0.0000   22.5000    7.5000 2850.0142   10.6584
    7.5000   22.5000    7.5000 2825.8147   10.7944
   -7.5000   30.0000    7.5000 2703.2141   11.5625
    0.0000   30.0000    7.5000 2723.4009   11.4372
    7.5000   30.0000    7.5000 2706.7974   11.5687
   -7.5000   37.5000    7.5000 2570.3003   12.6562
    0.0000   37.5000    7.5000 2590.7356   12.5092
    7.5000   37.5000    7.5000 2575.6174   12.6483
   -7.5000   45.0000    7.5000 2423.1252   14.0817
    0.0000   45.0000    7.5000 2441.5151   13.9155
    7.5000   45.0000    7.5000 2432.0403   14.0733
   -7.5000  -45.0000   15.0000 2610.1575   12.7584
    0.0000  -45.0000   15.0000 2620.1331   12.6526
    7.5000  -45.0000   15.0000 2597.7483   13.0059
   -7.5000  -37.5000   15.0000 2672.5164   11.8057
    0.0000  -37.5000   15.0000 2684.4790   11.6739
    7.5000  -37.5000   15.0000 2662.7720   11.9899
   -7.5000  -30.0000   15.0000 2734.4153   11.0852
    0.0000  -30.0000   15.0000 2749.6895   10.9453
    7.5000  -30.0000   15.0000 2727.8699   11.2145
   -7.5000  -22.5000   15.0000 2802.6555   10.5562
    0.0000  -22.5000   15.0000 2826.1682   10.3962
    7.5000  -22.5000   15.0000 2800.1968   10.6358
   -7.5000  -15.0000   15.0000 2865.6982   10.2110
    0.0000  -15.0000   15.0000 2895.6665   10.0404
    7.5000  -15.0000   15.0000 2865.7576   10.2490
   -7.5000   -7.5000   15.0000 2921.9077   10.0383
    0.0000   -7.5000   15.0000 2960.8040    9.8669
    7.5000   -7.5000   15.0000 2921.9480   10.0453
   -7.5000    0.0000   15.0000 2951.2698    9.9810
    0.0000    0.0000   15.0000 2993.2141    9.7954
    7.5000    0.0000   15.0000 2952.4380    9.9691
   -7.5000    7.5000   15.0000 2936.3193   10.1258
    0.0000    7.5000   15.0000 2976.5610    9.9671
    7.5000    7.5000   15.0000 2942.9219   10.1169
   -7.5000   15.0000   15.0000 2871.7585   10.4627
    0.0000   15.0000   15.0000 2910.4622   10.3342
    7.5000   15.0000   15.0000 2883.0498   10.4857
   -7.5000   22.5000   15.0000 2782.0862   11.0130
    0.0000   22.5000   15.0000 2808.0635   10.9019
    7.5000   22.5000   15.0000 2789.9041   11.0509
   -7.5000   30.0000   15.0000 2666.1018   11.7964
    0.0000   30.0000   15.0000 2687.0747   11.6723
    7.5000   30.0000   15.0000 2672.8120   11.8101
   -7.5000   37.5000   15.0000 2539.7800   12.8471
    0.0000   37.5000   15.0000 2557.8721   12.7321
    7.5000   37.5000   15.0000 2546.1802   12.8456
   -7.5000   45.0000   15.0000 2396.1099   14.2087
    0.0000   45.0000   15.0000 2415.9263   14.0618
    7.5000   45.0000   15.0000 2405.9199   14.1947
   -7.5000  -45.0000   22.5000 2578.7490   13.0762
    0.0000  -45.0000   22.5000 2590.7959   12.9506
    7.5000  -45.0000   22.5000 2567.6274   13.3079
   -7.5000  -37.5000   22.5000 2637.4612   12.1401
    0.0000  -37.5000   22.5000 2651.0552   11.9901
    7.5000  -37.5000   22.5000 2628.4834   12.3010
   -7.5000  -30.0000   22.5000 2696.9409   11.4060
    0.0000  -30.0000   22.5000 2714.7754   11.2336
    7.5000  -30.0000   22.5000 2694.6433   11.5066
   -7.5000  -22.5000   22.5000 2762.1624   10.8752
    0.0000  -22.5000   22.5000 2784.9446   10.6900
    7.5000  -22.5000   22.5000 2765.6267   10.9350
   -7.5000  -15.0000   22.5000 2826.7454   10.5556
    0.0000  -15.0000   22.5000 2853.7822   10.3853
    7.5000  -15.0000   22.5000 2833.7302   10.5827
   -7.5000   -7.5000   22.5000 2874.5337   10.3991
    0.0000   -7.5000   22.5000 2907.7632   10.2340
    7.5000   -7.5000   22.5000 2883.0044   10.3941
   -7.5000    0.0000   22.5000 2893.4592   10.3767
    0.0000    0.0000   22.5000 2928.8369   10.2270
    7.5000    0.0000   22.5000 2901.4905   10.3771
   -7.5000    7.5000   22.5000 2871.0942   10.5484
    0.0000    7.5000   22.5000 2904.8843   10.4211
    7.5000    7.5000   22.5000 2880.0071   10.5557
   -7.5000   15.0000   22.5000 2816.0225   10.9025
    0.0000   15.0000   22.5000 2845.1899   10.7857
    7.5000   15.0000   22.5000 2822.6335   10.9107
   -7.5000   22.5000   22.5000 2730.3928   11.4345
    0.0000   22.5000   22.5000 2756.5330   11.3102
    7.5000   22.5000   22.5000 2739.5334   11.4302
   -7.5000   30.0000   22.5000 2614.8889   12.1938
    0.0000   30.0000   22.5000 2634.7917   12.0594
    7.5000   30.0000   22.5000 2623.5068   12.1779
   -7.5000   37.5000   22.5000 2493.1702   13.2218
    0.0000   37.5000   22.5000 2511.5828   13.0838
    7.5000   37.5000   22.5000 2500.2112   13.2123
   -7.5000   45.0000   22.5000 2352.4114   14.5674
    0.0000   45.0000   22.5000 2371.2578   14.4202
    7.5000   45.0000   22.5000 2363.2214   14.5486
   -7.5000  -45.0000   30.0000 2539.0376   13.5704
    0.0000  -45.0000   30.0000 2546.1865   13.4406
    7.5000  -45.0000   30.0000 2523.4431   13.8070
   -7.5000  -37.5000   30.0000 2593.6719   12.6040
    0.0000  -37.5000   30.0000 2608.9858   12.4462
    7.5000  -37.5000   30.0000 2586.7600   12.7853
   -7.5000  -30.0000   30.0000 2647.5774   11.8822
    0.0000  -30.0000   30.0000 2667.8809   11.6906
    7.5000  -30.0000   30.0000 2647.3306   11.9691
   -7.5000  -22.5000   30.0000 2710.9150   11.3721
    0.0000  -22.5000   30.0000 2734.4197   11.1924
    7.5000  -22.5000   30.0000 2714.3555   11.4043
   -7.5000  -15.0000   30.0000 2767.8774   11.0595
    0.0000  -15.0000   30.0000 2794.2959   10.8855
    7.5000  -15.0000   30.0000 2776.3662   11.0748
   -7.5000   -7.5000   30.0000 2805.1777   10.9042
    0.0000   -7.5000   30.0000 2834.6338   10.7518
    7.5000   -7.5000   30.0000 2816.3096   10.9185
   -7.5000    0.0000   30.0000 2812.4346   10.9407
    0.0000    0.0000   30.0000 2837.2742   10.8071
    7.5000    0.0000   30.0000 2823.8569   10.9518
   -7.5000    7.5000   30.0000 2783.2642   11.1636
    0.0000    7.5000   30.0000 2809.8975   11.0279
    7.5000    7.5000   30.0000 2793.1545   11.1526
   -7.5000   15.0000   30.0000 2734.9524   11.5046
    0.0000   15.0000   30.0000 2762.5208   11.3761
    7.5000   15.0000   30.0000 2741.3821   11.4775
   -7.5000   22.5000   30.0000 2656.8718   12.0263
    0.0000   22.5000   30.0000 2683.0334   11.8957
    7.5000   22.5000   30.0000 2665.0063   11.9918
   -7.5000   30.0000   30.0000 2553.1787   12.7510
    0.0000   30.0000   30.0000 2572.3289   12.6234
    7.5000   30.0000   30.0000 2559.5857   12.7103
   -7.5000   37.5000   30.0000 2436.0581   13.7553
    0.0000   37.5000   30.0000 2454.5864   13.6286
    7.5000   37.5000   30.0000 2443.9722   13.7255
   -7.5000   45.0000   30.0000 2296.9910   15.0975
    0.0000   45.0000   30.0000 2318.3237   14.9706
    7.5000   45.0000   30.0000 2309.5750   15.0735
   -7.5000  -45.0000   37.5000 2488.0388   14.1882
    0.0000  -45.0000   37.5000 2504.0374   14.0496
    7.5000  -45.0000   37.5000 2483.0120   14.4151
   -7.5000  -37.5000   37.5000 2547.6213   13.2365
    0.0000  -37.5000   37.5000 2567.1799   13.0760
    7.5000  -37.5000   37.5000 2542.2073   13.3731
   -7.5000  -30.0000   37.5000 2598.7595   12.5154
    0.0000  -30.0000   37.5000 2621.7344   12.3370
    7.5000  -30.0000   37.5000 2599.0525   12.5872
   -7.5000  -22.5000   37.5000 2650.6338   12.0128
    0.0000  -22.5000   37.5000 2679.1223   11.8484
    7.5000  -22.5000   37.5000 2653.1606   12.0462
   -7.5000  -15.0000   37.5000 2692.6116   11.7174
    0.0000  -15.0000   37.5000 2724.1362   11.5588
    7.5000  -15.0000   37.5000 2704.5203   11.7369
   -7.5000   -7.5000   37.5000 2717.4155   11.5904
    0.0000   -7.5000   37.5000 2746.9539   11.4651
    7.5000   -7.5000   37.5000 2731.3953   11.6086
   -7.5000    0.0000   37.5000 2713.5703   11.6571
    0.0000    0.0000   37.5000 2740.3872   11.5493
    7.5000    0.0000   37.5000 2728.6084   11.6746
   -7.5000    7.5000   37.5000 2682.2632   11.8922
    0.0000    7.5000   37.5000 2709.8674   11.7692
    7.5000    7.5000   37.5000 2699.1843   11.8850
   -7.5000   15.0000   37.5000 2635.3784   12.2423
    0.0000   15.0000   37.5000 2660.0593   12.1010
    7.5000   15.0000   37.5000 2646.4604   12.2003
   -7.5000   22.5000   37.5000 2572.1587   12.7438
    0.0000   22.5000   37.5000 2594.6733   12.6070
    7.5000   22.5000   37.5000 2580.2715   12.7068
   -7.5000   30.0000   37.5000 2483.5256   13.4563
    0.0000   30.0000   37.5000 2500.4282   13.3269
    7.5000   30.0000   37.5000 2487.3762   13.4086
   -7.5000   37.5000   37.5000 2374.2373   14.4458
    0.0000   37.5000   37.5000 2389.1340   14.3269
    7.5000   37.5000   37.5000 2379.0593   14.4008
   -7.5000   45.0000   37.5000 2236.3860   15.8140
    0.0000   45.0000   37.5000 2254.9614   15.6999
    7.5000   45.0000   37.5000 2249.2615   15.7655
   -7.5000  -45.0000   45.0000 2431.4148   14.9845
    0.0000  -45.0000   45.0000 2452.8740   14.8361
    7.5000  -45.0000   45.0000 2424.6731   15.1823
   -7.5000  -37.5000   45.0000 2491.5972   14.0237
    0.0000  -37.5000   45.0000 2514.1475   13.8968
    7.5000  -37.5000   45.0000 2486.1792   14.1698
   -7.5000  -30.0000   45.0000 2540.0779   13.3101
    0.0000  -30.0000   45.0000 2565.6521   13.1704
    7.5000  -30.0000   45.0000 2539.3081   13.3924
   -7.5000  -22.5000   45.0000 2580.0208   12.8257
    0.0000  -22.5000   45.0000 2607.9192   12.6934
    7.5000  -22.5000   45.0000 2585.3394   12.8759
   -7.5000  -15.0000   45.0000 2611.1858   12.5418
    0.0000  -15.0000   45.0000 2637.7522   12.4214
    7.5000  -15.0000   45.0000 2621.5845   12.5810
   -7.5000   -7.5000   45.0000 2622.8740   12.4508
    0.0000   -7.5000   45.0000 2648.7942   12.3409
    7.5000   -7.5000   45.0000 2635.2356   12.4838
   -7.5000    0.0000   45.0000 2612.3062   12.5394
    0.0000    0.0000   45.0000 2638.5544   12.4365
    7.5000    0.0000   45.0000 2626.9109   12.5552
   -7.5000    7.5000   45.0000 2581.1531   12.7755
    0.0000    7.5000   45.0000 2608.5779   12.6502
    7.5000    7.5000   45.0000 2600.8501   12.7678
   -7.5000   15.0000   45.0000 2535.8428   13.1380
    0.0000   15.0000   45.0000 2561.2290   13.0104
    7.5000   15.0000   45.0000 2550.3088   13.1113
   -7.5000   22.5000   45.0000 2477.9033   13.6015
    0.0000   22.5000   45.0000 2502.4541   13.4840
    7.5000   22.5000   45.0000 2490.3306   13.5567
   -7.5000   30.0000   45.0000 2403.7141   14.3171
    0.0000   30.0000   45.0000 2420.8079   14.1739
    7.5000   30.0000   45.0000 2408.0984   14.2304
   -7.5000   37.5000   45.0000 2300.9880   15.2942
    0.0000   37.5000   45.0000 2317.1096   15.1676
    7.5000   37.5000   45.0000 2309.3354   15.2176
   -7.5000   45.0000   45.0000 2173.9326   16.7095
    0.0000   45.0000   45.0000 2194.7480   16.5804
    7.5000   45.0000   45.0000 2188.2239   16.6278

---------------------------------------------------------------------
imgreg_4dfp /opt/freesurfer/average/711-2C_as_mni_average_305 /opt/freesurfer/average/711-2B_as_mni_average_305_mask talsrcimg_g11 none talsrcimg_to_711-2C_as_mni_average_305_t4 1283
---------------------------------------------------------------------

freesurfer imgreg_4dfp.c
/opt/freesurfer/average/711-2C_as_mni_average_305.4dfp.img
       256       256       256         1
  1.000000  1.000000  1.000000
orientation T byte_order littleendian
Reading image: /opt/freesurfer/average/711-2C_as_mni_average_305.4dfp.img
dimensions:      256       256       256
mmppix:       1.0000   -1.0000   -1.0000
center:     128.0000 -129.0000 -129.0000
/opt/freesurfer/average/711-2B_as_mni_average_305_mask.4dfp.img
       256       256       256         1
  1.000000  1.000000  1.000000
orientation T byte_order littleendian
Reading mask: /opt/freesurfer/average/711-2B_as_mni_average_305_mask.4dfp.img (2306576 pixels)
talsrcimg_g11.4dfp.img
       256       256       256         1
  1.000000  1.000000  1.000000
orientation T byte_order littleendian
Reading image: talsrcimg_g11.4dfp.img
dimensions:      256       256       256
mmppix:       1.0000   -1.0000   -1.0000
center:     128.0000 -129.0000 -129.0000
rotation matrix determinant  1.000000
fimgreg.f
image alignment mode   1283 decimal      503 hex
parameters
    0.0000    0.0000    7.5000    0.0000    0.0000    0.0000
eta,q 0.95031  9.65594
niter,ni,del,rscale     5    3   12.0000    1.2000
parameter  4-14.422819 ->  0.500000 qaram    1.1500
parameters
   -0.2392    1.4945    4.7165   -3.4500   -0.6742   -2.5480
eta,q 0.95932  9.55244
  0.0618  0.0586  0.0492  0.0393  0.0470  0.0428
  0.0560  0.0548  0.0475  0.0411  0.0449  0.0413
  0.0512  0.0518  0.0474  0.0441  0.0424  0.0407
  0.0496  0.0495  0.0486  0.0473  0.0418  0.0418
  0.0522  0.0488  0.0513  0.0505  0.0435  0.0441
  0.0572  0.0500  0.0559  0.0529  0.0465  0.0466
  0.0638  0.0531  0.0608  0.0548  0.0502  0.0494
niter,ni,del,rscale     5    3   12.0000    1.2000
parameter  4  1.474296 ->  0.500000 qaram    1.3225
parameters
   -0.4296    2.4432    4.3336   -7.4175   -0.9077   -3.1563
eta,q 0.96367  9.56095
  0.0556  0.0522  0.0460  0.0356  0.0434  0.0401
  0.0480  0.0477  0.0436  0.0362  0.0398  0.0381
  0.0426  0.0436  0.0414  0.0376  0.0374  0.0366
  0.0407  0.0406  0.0403  0.0404  0.0364  0.0364
  0.0439  0.0407  0.0409  0.0442  0.0377  0.0374
  0.0500  0.0431  0.0439  0.0481  0.0407  0.0392
  0.0568  0.0475  0.0487  0.0510  0.0443  0.0420
niter,ni,del,rscale     5    3   12.0000    1.2000
parameter  4  0.915696 ->  0.500000 qaram    1.5209
parameters
   -0.5145    3.6967    3.8672  -11.9801   -0.1709   -4.0078
eta,q 0.96772  9.59401
  0.0530  0.0484  0.0418  0.0324  0.0412  0.0362
  0.0445  0.0430  0.0381  0.0321  0.0369  0.0337
  0.0385  0.0393  0.0359  0.0335  0.0338  0.0324
  0.0363  0.0363  0.0354  0.0354  0.0324  0.0324
  0.0388  0.0356  0.0364  0.0389  0.0328  0.0334
  0.0454  0.0380  0.0394  0.0430  0.0344  0.0359
  0.0537  0.0417  0.0444  0.0471  0.0378  0.0391
niter,ni,del,rscale     5    3   12.0000    1.2000
parameters
   -0.6452    4.8401    2.6255  -14.0568   -0.2131   -3.4933
eta,q 0.96977  9.57612
  0.0503  0.0477  0.0367  0.0358  0.0383  0.0363
  0.0403  0.0415  0.0327  0.0329  0.0341  0.0337
  0.0338  0.0359  0.0307  0.0307  0.0314  0.0313
  0.0323  0.0322  0.0315  0.0306  0.0302  0.0302
  0.0352  0.0316  0.0341  0.0337  0.0314  0.0305
  0.0420  0.0345  0.0377  0.0384  0.0342  0.0321
  0.0512  0.0401  0.0432  0.0435  0.0386  0.0349
niter,ni,del,rscale     4    3   12.0000    1.2000
parameters
   -0.5341    5.3874    2.2359  -15.0900   -0.4715   -3.0865
eta,q 0.96972  9.56487
  0.0504  0.0454  0.0384  0.0364  0.0377  0.0359
  0.0406  0.0382  0.0337  0.0337  0.0337  0.0335
  0.0332  0.0325  0.0308  0.0316  0.0312  0.0313
  0.0302  0.0302  0.0302  0.0301  0.0304  0.0304
  0.0322  0.0313  0.0322  0.0315  0.0317  0.0306
  0.0395  0.0351  0.0355  0.0357  0.0347  0.0323
  0.0493  0.0407  0.0405  0.0410  0.0391  0.0349
niter,ni,del,rscale     3    3   12.0000    1.2000
parameters
   -0.3943    5.7300    1.9972  -15.6876   -0.6622   -2.8145
eta,q 0.96964  9.56279
  0.0507  0.0436  0.0391  0.0369  0.0380  0.0357
  0.0411  0.0365  0.0343  0.0337  0.0338  0.0334
  0.0337  0.0316  0.0310  0.0318  0.0313  0.0313
  0.0303  0.0302  0.0303  0.0302  0.0304  0.0304
  0.0321  0.0314  0.0322  0.0308  0.0317  0.0308
  0.0396  0.0350  0.0355  0.0345  0.0346  0.0326
  0.0495  0.0404  0.0402  0.0400  0.0389  0.0350
niter,ni,del,rscale     2    3   12.0000    1.2000
parameters
   -0.2954    5.9463    1.8172  -16.0470   -0.7986   -2.6332
eta,q 0.96960  9.56251
  0.0506  0.0424  0.0394  0.0373  0.0382  0.0356
  0.0412  0.0356  0.0345  0.0337  0.0339  0.0333
  0.0339  0.0314  0.0312  0.0318  0.0314  0.0313
  0.0304  0.0303  0.0303  0.0303  0.0304  0.0304
  0.0324  0.0314  0.0322  0.0306  0.0317  0.0310
  0.0400  0.0350  0.0355  0.0339  0.0346  0.0328
  0.0499  0.0403  0.0401  0.0395  0.0388  0.0351
niter,ni,del,rscale     1    3   12.0000    1.2000
parameters
   -0.2279    6.0867    1.6825  -16.2894   -0.8920   -2.5085
eta,q 0.96955  9.56405
  0.0505  0.0418  0.0398  0.0376  0.0383  0.0356
  0.0411  0.0351  0.0347  0.0337  0.0340  0.0332
  0.0338  0.0313  0.0313  0.0318  0.0314  0.0313
  0.0304  0.0304  0.0304  0.0303  0.0304  0.0304
  0.0325  0.0314  0.0323  0.0306  0.0316  0.0311
  0.0402  0.0350  0.0356  0.0337  0.0346  0.0328
  0.0502  0.0403  0.0402  0.0393  0.0386  0.0352
registration optimization eta report
parameter search radius
    6.0000    6.0000    6.0000    9.1253    6.0000    6.0000
100000*second partial in parameter space
       54.       30.       26.       10.       22.       13.
  0.0505  0.0418  0.0398  0.0376  0.0383  0.0356
  0.0411  0.0351  0.0347  0.0337  0.0340  0.0332
  0.0338  0.0313  0.0313  0.0318  0.0314  0.0313
  0.0304  0.0304  0.0304  0.0303  0.0304  0.0304
  0.0325  0.0314  0.0323  0.0306  0.0316  0.0311
  0.0402  0.0350  0.0356  0.0337  0.0346  0.0328
  0.0502  0.0403  0.0402  0.0393  0.0386  0.0352
   -0.2279    6.0867    1.6825  -16.2894   -0.8920   -2.5085
eta,q 0.96955  9.56405

---------------------------------------------------------------------
imgreg_4dfp /opt/freesurfer/average/711-2C_as_mni_average_305 /opt/freesurfer/average/711-2B_as_mni_average_305_mask talsrcimg_g11 none talsrcimg_to_711-2C_as_mni_average_305_t4 3335
---------------------------------------------------------------------

freesurfer imgreg_4dfp.c
/opt/freesurfer/average/711-2C_as_mni_average_305.4dfp.img
       256       256       256         1
  1.000000  1.000000  1.000000
orientation T byte_order littleendian
Reading image: /opt/freesurfer/average/711-2C_as_mni_average_305.4dfp.img
dimensions:      256       256       256
mmppix:       1.0000   -1.0000   -1.0000
center:     128.0000 -129.0000 -129.0000
/opt/freesurfer/average/711-2B_as_mni_average_305_mask.4dfp.img
       256       256       256         1
  1.000000  1.000000  1.000000
orientation T byte_order littleendian
Reading mask: /opt/freesurfer/average/711-2B_as_mni_average_305_mask.4dfp.img (2306576 pixels)
talsrcimg_g11.4dfp.img
       256       256       256         1
  1.000000  1.000000  1.000000
orientation T byte_order littleendian
Reading image: talsrcimg_g11.4dfp.img
dimensions:      256       256       256
mmppix:       1.0000   -1.0000   -1.0000
center:     128.0000 -129.0000 -129.0000
fimgreg.f
image alignment mode   3335 decimal      D07 hex
parameters
   -0.2279    6.0867    1.6825   -0.1079   -4.0871   -4.0259
    3.7648    2.7205   -4.3762   27.9566   -1.5568  -28.0454
eta,q 0.97012  9.64744
niter,ni,del,rscale     5    3    5.0000    1.2000
parameter  4  0.783732 ->  0.500000 qaram    1.1500
parameter  5  1.388369 ->  0.500000 qaram    1.1500
parameter 10  0.740442 ->  0.500000 qaram    1.1500
parameter 12  0.832529 ->  0.500000 qaram    1.1500
parameters
   -0.3728    6.0138    1.4144   -4.2479   -8.2271   -6.5708
    5.2068    3.2565   -2.9634   23.8166   -2.9977  -32.1854
eta,q 0.97575  9.20007
  0.0326  0.0315  0.0311  0.0280  0.0259  0.0275  0.0288  0.0307  0.0281  0.0248  0.0252  0.0242
  0.0310  0.0306  0.0303  0.0279  0.0263  0.0266  0.0275  0.0285  0.0271  0.0248  0.0249  0.0242
  0.0301  0.0300  0.0299  0.0285  0.0270  0.0260  0.0266  0.0268  0.0263  0.0251  0.0248  0.0244
  0.0299  0.0299  0.0299  0.0298  0.0280  0.0264  0.0260  0.0260  0.0259  0.0259  0.0248  0.0248
  0.0303  0.0301  0.0302  0.0320  0.0291  0.0278  0.0260  0.0262  0.0259  0.0272  0.0250  0.0254
  0.0315  0.0307  0.0308  0.0350  0.0305  0.0300  0.0264  0.0275  0.0263  0.0290  0.0252  0.0261
  0.0334  0.0317  0.0317  0.0385  0.0323  0.0329  0.0273  0.0296  0.0269  0.0312  0.0257  0.0271
niter,ni,del,rscale     7    3    5.0000    1.2000
parameters
   -0.4322    5.9291    0.7024   -5.7047  -10.6210   -6.5124
    4.7848    3.0982   -2.5560   23.4951   -3.3544  -34.3235
eta,q 0.97629  9.06104
  0.0272  0.0262  0.0248  0.0260  0.0252  0.0262  0.0257  0.0274  0.0258  0.0264  0.0244  0.0245
  0.0255  0.0251  0.0242  0.0251  0.0243  0.0253  0.0246  0.0255  0.0248  0.0249  0.0241  0.0239
  0.0245  0.0244  0.0241  0.0244  0.0239  0.0246  0.0240  0.0242  0.0241  0.0241  0.0239  0.0237
  0.0242  0.0242  0.0242  0.0241  0.0242  0.0239  0.0238  0.0238  0.0238  0.0238  0.0238  0.0238
  0.0247  0.0246  0.0247  0.0246  0.0250  0.0237  0.0242  0.0243  0.0240  0.0242  0.0239  0.0242
  0.0257  0.0253  0.0253  0.0261  0.0260  0.0247  0.0250  0.0256  0.0245  0.0252  0.0242  0.0249
  0.0275  0.0265  0.0262  0.0291  0.0275  0.0268  0.0262  0.0278  0.0254  0.0268  0.0245  0.0257
niter,ni,del,rscale     6    3    5.0000    1.2000
parameters
   -0.4394    6.1889    0.6217   -5.6451  -10.8898   -6.5610
    4.4696    3.1451   -2.6067   24.2379   -3.0501  -34.5373
eta,q 0.97637  9.06686
  0.0266  0.0265  0.0250  0.0263  0.0260  0.0262  0.0257  0.0275  0.0255  0.0270  0.0245  0.0250
  0.0250  0.0250  0.0242  0.0251  0.0248  0.0252  0.0245  0.0255  0.0245  0.0253  0.0240  0.0241
  0.0241  0.0241  0.0238  0.0243  0.0239  0.0245  0.0238  0.0241  0.0239  0.0242  0.0237  0.0237
  0.0237  0.0237  0.0237  0.0237  0.0237  0.0237  0.0237  0.0237  0.0237  0.0237  0.0236  0.0236
  0.0240  0.0238  0.0239  0.0237  0.0242  0.0235  0.0240  0.0241  0.0239  0.0238  0.0237  0.0238
  0.0250  0.0244  0.0244  0.0246  0.0250  0.0247  0.0249  0.0254  0.0245  0.0246  0.0239  0.0243
  0.0267  0.0255  0.0251  0.0267  0.0262  0.0270  0.0260  0.0275  0.0255  0.0260  0.0243  0.0250
niter,ni,del,rscale     5    3    5.0000    1.2000
parameters
   -0.4168    6.3710    0.5089   -5.6246  -11.2471   -6.7744
    4.5110    3.1240   -2.5814   24.6877   -3.0908  -34.6894
eta,q 0.97637  9.05423
  0.0267  0.0262  0.0249  0.0262  0.0258  0.0260  0.0259  0.0274  0.0255  0.0268  0.0244  0.0249
  0.0250  0.0249  0.0241  0.0251  0.0247  0.0251  0.0247  0.0254  0.0245  0.0252  0.0239  0.0241
  0.0240  0.0240  0.0237  0.0242  0.0239  0.0244  0.0239  0.0241  0.0239  0.0241  0.0237  0.0237
  0.0236  0.0236  0.0236  0.0236  0.0236  0.0236  0.0237  0.0237  0.0237  0.0237  0.0236  0.0236
  0.0239  0.0238  0.0239  0.0236  0.0241  0.0235  0.0239  0.0241  0.0239  0.0238  0.0237  0.0238
  0.0249  0.0244  0.0244  0.0245  0.0250  0.0247  0.0247  0.0254  0.0245  0.0247  0.0240  0.0243
  0.0266  0.0255  0.0251  0.0267  0.0262  0.0272  0.0258  0.0275  0.0255  0.0262  0.0244  0.0250
niter,ni,del,rscale     4    3    5.0000    1.2000
parameters
   -0.4170    6.5059    0.3844   -5.6043  -11.5450   -7.0227
    4.5316    3.1077   -2.5155   25.0715   -3.1146  -34.8291
eta,q 0.97634  9.04157
  0.0266  0.0262  0.0249  0.0262  0.0258  0.0260  0.0258  0.0274  0.0256  0.0267  0.0244  0.0249
  0.0250  0.0248  0.0241  0.0251  0.0248  0.0251  0.0247  0.0254  0.0246  0.0252  0.0240  0.0241
  0.0240  0.0240  0.0237  0.0242  0.0239  0.0244  0.0239  0.0241  0.0239  0.0241  0.0237  0.0237
  0.0236  0.0236  0.0236  0.0236  0.0236  0.0236  0.0237  0.0237  0.0237  0.0237  0.0237  0.0237
  0.0239  0.0238  0.0239  0.0236  0.0241  0.0235  0.0239  0.0241  0.0239  0.0239  0.0238  0.0238
  0.0249  0.0245  0.0244  0.0245  0.0250  0.0248  0.0247  0.0254  0.0245  0.0248  0.0240  0.0243
  0.0266  0.0256  0.0251  0.0267  0.0261  0.0272  0.0258  0.0275  0.0255  0.0263  0.0244  0.0250
niter,ni,del,rscale     3    3    5.0000    1.2000
parameters
   -0.4164    6.6213    0.2554   -5.5831  -11.8173   -7.2620
    4.5255    3.0901   -2.4568   25.4064   -3.1289  -34.9692
eta,q 0.97630  9.02942
  0.0266  0.0262  0.0249  0.0262  0.0259  0.0260  0.0258  0.0274  0.0256  0.0267  0.0244  0.0250
  0.0250  0.0248  0.0241  0.0251  0.0248  0.0251  0.0247  0.0254  0.0246  0.0252  0.0240  0.0242
  0.0240  0.0240  0.0237  0.0242  0.0240  0.0244  0.0239  0.0241  0.0240  0.0242  0.0238  0.0237
  0.0237  0.0237  0.0237  0.0237  0.0237  0.0236  0.0237  0.0237  0.0237  0.0237  0.0237  0.0237
  0.0240  0.0239  0.0239  0.0236  0.0241  0.0235  0.0240  0.0241  0.0239  0.0239  0.0238  0.0239
  0.0250  0.0246  0.0244  0.0245  0.0250  0.0248  0.0247  0.0254  0.0246  0.0248  0.0240  0.0243
  0.0266  0.0257  0.0251  0.0267  0.0261  0.0271  0.0258  0.0275  0.0255  0.0263  0.0244  0.0250
niter,ni,del,rscale     2    3    5.0000    1.2000
parameters
   -0.4162    6.7273    0.1338   -5.5641  -12.0600   -7.4921
    4.5279    3.0776   -2.4279   25.7226   -3.1368  -35.1070
eta,q 0.97627  9.01830
  0.0266  0.0262  0.0249  0.0262  0.0259  0.0260  0.0258  0.0274  0.0256  0.0267  0.0245  0.0250
  0.0250  0.0249  0.0241  0.0251  0.0248  0.0251  0.0247  0.0254  0.0246  0.0252  0.0240  0.0242
  0.0241  0.0240  0.0237  0.0243  0.0240  0.0244  0.0240  0.0242  0.0240  0.0242  0.0238  0.0238
  0.0237  0.0237  0.0237  0.0237  0.0237  0.0237  0.0237  0.0237  0.0237  0.0237  0.0237  0.0237
  0.0240  0.0239  0.0239  0.0237  0.0241  0.0235  0.0240  0.0241  0.0240  0.0240  0.0238  0.0239
  0.0250  0.0246  0.0244  0.0246  0.0250  0.0247  0.0247  0.0254  0.0246  0.0249  0.0241  0.0243
  0.0266  0.0257  0.0251  0.0267  0.0261  0.0271  0.0258  0.0275  0.0256  0.0264  0.0244  0.0250
niter,ni,del,rscale     1    3    5.0000    1.2000
parameters
   -0.4156    6.8274    0.0152   -5.5451  -12.2899   -7.7064
    4.5354    3.0667   -2.4192   26.0171   -3.1109  -35.2433
eta,q 0.97624  9.00834
  0.0266  0.0262  0.0249  0.0262  0.0259  0.0260  0.0259  0.0274  0.0256  0.0267  0.0245  0.0250
  0.0250  0.0249  0.0242  0.0251  0.0249  0.0251  0.0247  0.0255  0.0246  0.0252  0.0241  0.0242
  0.0241  0.0240  0.0238  0.0243  0.0241  0.0244  0.0240  0.0242  0.0240  0.0242  0.0238  0.0238
  0.0237  0.0237  0.0237  0.0237  0.0237  0.0237  0.0238  0.0238  0.0238  0.0238  0.0238  0.0238
  0.0240  0.0240  0.0240  0.0237  0.0241  0.0236  0.0240  0.0242  0.0240  0.0240  0.0239  0.0239
  0.0250  0.0247  0.0244  0.0246  0.0250  0.0247  0.0247  0.0254  0.0246  0.0249  0.0241  0.0243
  0.0266  0.0258  0.0251  0.0267  0.0262  0.0271  0.0258  0.0275  0.0256  0.0264  0.0245  0.0250
registration optimization eta report
parameter search radius
    2.4000    2.4000    2.4000    8.2800    8.2800    7.2000
    7.2000    7.2000    7.2000    8.2800    7.2000    8.2800
100000*second partial in parameter space
       50.       39.       22.        4.        3.        5.
        4.        7.        4.        4.        1.        2.
  0.0266  0.0262  0.0249  0.0262  0.0259  0.0260  0.0259  0.0274  0.0256  0.0267  0.0245  0.0250
  0.0250  0.0249  0.0242  0.0251  0.0249  0.0251  0.0247  0.0255  0.0246  0.0252  0.0241  0.0242
  0.0241  0.0240  0.0238  0.0243  0.0241  0.0244  0.0240  0.0242  0.0240  0.0242  0.0238  0.0238
  0.0237  0.0237  0.0237  0.0237  0.0237  0.0237  0.0238  0.0238  0.0238  0.0238  0.0238  0.0238
  0.0240  0.0240  0.0240  0.0237  0.0241  0.0236  0.0240  0.0242  0.0240  0.0240  0.0239  0.0239
  0.0250  0.0247  0.0244  0.0246  0.0250  0.0247  0.0247  0.0254  0.0246  0.0249  0.0241  0.0243
  0.0266  0.0258  0.0251  0.0267  0.0262  0.0271  0.0258  0.0275  0.0256  0.0264  0.0245  0.0250
   -0.4156    6.8274    0.0152   -5.5451  -12.2899   -7.7064
    4.5354    3.0667   -2.4192   26.0171   -3.1109  -35.2433
eta,q 0.97624  9.00834

---------------------------------------------------------------------
imgreg_4dfp /opt/freesurfer/average/711-2C_as_mni_average_305 /opt/freesurfer/average/711-2B_as_mni_average_305_mask talsrcimg_g11 none talsrcimg_to_711-2C_as_mni_average_305_t4 2311
---------------------------------------------------------------------

freesurfer imgreg_4dfp.c
/opt/freesurfer/average/711-2C_as_mni_average_305.4dfp.img
       256       256       256         1
  1.000000  1.000000  1.000000
orientation T byte_order littleendian
Reading image: /opt/freesurfer/average/711-2C_as_mni_average_305.4dfp.img
dimensions:      256       256       256
mmppix:       1.0000   -1.0000   -1.0000
center:     128.0000 -129.0000 -129.0000
/opt/freesurfer/average/711-2B_as_mni_average_305_mask.4dfp.img
       256       256       256         1
  1.000000  1.000000  1.000000
orientation T byte_order littleendian
Reading mask: /opt/freesurfer/average/711-2B_as_mni_average_305_mask.4dfp.img (2306576 pixels)
talsrcimg_g11.4dfp.img
       256       256       256         1
  1.000000  1.000000  1.000000
orientation T byte_order littleendian
Reading image: talsrcimg_g11.4dfp.img
dimensions:      256       256       256
mmppix:       1.0000   -1.0000   -1.0000
center:     128.0000 -129.0000 -129.0000
fimgreg.f
image alignment mode   2311 decimal      907 hex
parameters
   -0.4156    6.8274    0.0152   -5.5451  -12.2899   -7.7064
    4.5354    3.0667   -2.4192   26.0171   -3.1109  -35.2433
eta,q 0.97624  9.00834
niter,ni,del,rscale     5    3    5.0000    0.8000
parameters
   -0.3952    6.8846   -0.1874   -4.4633  -12.4349   -7.2139
    4.2734    3.2621   -2.4638   26.0392   -2.7212  -35.7994
eta,q 0.97648  9.07001
  0.0251  0.0249  0.0242  0.0249  0.0246  0.0251  0.0245  0.0256  0.0244  0.0246  0.0241  0.0239
  0.0244  0.0243  0.0239  0.0244  0.0241  0.0246  0.0239  0.0246  0.0239  0.0240  0.0238  0.0236
  0.0239  0.0239  0.0238  0.0240  0.0238  0.0241  0.0236  0.0238  0.0236  0.0237  0.0236  0.0235
  0.0238  0.0238  0.0238  0.0237  0.0237  0.0236  0.0235  0.0235  0.0235  0.0235  0.0235  0.0235
  0.0239  0.0239  0.0239  0.0236  0.0238  0.0235  0.0237  0.0237  0.0236  0.0236  0.0236  0.0236
  0.0243  0.0242  0.0241  0.0238  0.0242  0.0239  0.0241  0.0243  0.0240  0.0240  0.0237  0.0238
  0.0250  0.0247  0.0245  0.0243  0.0247  0.0249  0.0246  0.0254  0.0245  0.0246  0.0239  0.0241
niter,ni,del,rscale     4    3    5.0000    0.7000
parameters
   -0.4170    6.9138   -0.0678   -4.4138  -12.3863   -6.7923
    4.2361    3.2437   -2.6001   26.0264   -2.5313  -35.8605
eta,q 0.97656  9.08938
  0.0245  0.0244  0.0242  0.0243  0.0244  0.0248  0.0242  0.0250  0.0241  0.0243  0.0239  0.0238
  0.0240  0.0239  0.0238  0.0240  0.0239  0.0244  0.0238  0.0242  0.0237  0.0238  0.0236  0.0236
  0.0236  0.0236  0.0236  0.0237  0.0236  0.0239  0.0235  0.0236  0.0235  0.0235  0.0235  0.0235
  0.0235  0.0235  0.0235  0.0235  0.0235  0.0235  0.0234  0.0234  0.0234  0.0234  0.0234  0.0234
  0.0236  0.0236  0.0236  0.0236  0.0236  0.0234  0.0235  0.0236  0.0235  0.0235  0.0235  0.0235
  0.0240  0.0239  0.0237  0.0238  0.0239  0.0238  0.0238  0.0242  0.0238  0.0238  0.0236  0.0236
  0.0246  0.0243  0.0240  0.0244  0.0243  0.0246  0.0242  0.0251  0.0242  0.0243  0.0238  0.0238
niter,ni,del,rscale     3    3    5.0000    0.6000
parameters
   -0.4246    6.8952    0.1008   -4.3696  -12.3407   -6.3590
    4.2536    3.2375   -2.6557   25.8555   -2.4758  -35.8496
eta,q 0.97663  9.10482
  0.0242  0.0240  0.0240  0.0241  0.0241  0.0246  0.0240  0.0246  0.0239  0.0239  0.0237  0.0237
  0.0238  0.0237  0.0237  0.0238  0.0238  0.0242  0.0236  0.0239  0.0236  0.0236  0.0235  0.0235
  0.0235  0.0235  0.0235  0.0236  0.0235  0.0238  0.0234  0.0235  0.0234  0.0234  0.0234  0.0234
  0.0234  0.0234  0.0234  0.0234  0.0234  0.0234  0.0234  0.0234  0.0234  0.0234  0.0234  0.0234
  0.0235  0.0235  0.0235  0.0235  0.0235  0.0234  0.0234  0.0235  0.0234  0.0235  0.0234  0.0234
  0.0238  0.0237  0.0235  0.0237  0.0237  0.0237  0.0236  0.0239  0.0236  0.0237  0.0235  0.0235
  0.0243  0.0241  0.0237  0.0241  0.0241  0.0243  0.0239  0.0246  0.0239  0.0241  0.0237  0.0237
niter,ni,del,rscale     2    3    5.0000    0.5000
parameters
   -0.4285    6.8406    0.2892   -4.3558  -12.2405   -5.9442
    4.2244    3.2418   -2.6596   25.6100   -2.5068  -35.7675
eta,q 0.97669  9.11865
  0.0239  0.0238  0.0238  0.0238  0.0239  0.0243  0.0237  0.0242  0.0237  0.0237  0.0235  0.0235
  0.0236  0.0235  0.0236  0.0236  0.0236  0.0240  0.0235  0.0237  0.0235  0.0235  0.0234  0.0234
  0.0234  0.0234  0.0234  0.0234  0.0234  0.0236  0.0234  0.0234  0.0234  0.0233  0.0233  0.0233
  0.0234  0.0234  0.0234  0.0234  0.0234  0.0234  0.0233  0.0233  0.0233  0.0233  0.0233  0.0233
  0.0234  0.0234  0.0234  0.0234  0.0234  0.0233  0.0234  0.0234  0.0234  0.0234  0.0233  0.0233
  0.0236  0.0236  0.0234  0.0236  0.0236  0.0235  0.0235  0.0237  0.0235  0.0236  0.0234  0.0234
  0.0239  0.0238  0.0236  0.0239  0.0238  0.0240  0.0237  0.0242  0.0237  0.0238  0.0235  0.0235
niter,ni,del,rscale     1    3    5.0000    0.4000
parameters
   -0.4250    6.7626    0.4837   -4.3636  -12.1015   -5.5600
    4.1845    3.2723   -2.6506   25.3174   -2.5537  -35.6954
eta,q 0.97673  9.13156
  0.0237  0.0235  0.0236  0.0236  0.0237  0.0240  0.0235  0.0239  0.0235  0.0235  0.0234  0.0234
  0.0235  0.0234  0.0235  0.0235  0.0235  0.0237  0.0234  0.0236  0.0234  0.0234  0.0233  0.0233
  0.0234  0.0233  0.0234  0.0234  0.0234  0.0235  0.0233  0.0233  0.0233  0.0233  0.0233  0.0233
  0.0233  0.0233  0.0233  0.0233  0.0233  0.0233  0.0233  0.0233  0.0233  0.0233  0.0233  0.0233
  0.0234  0.0234  0.0233  0.0233  0.0233  0.0233  0.0233  0.0233  0.0233  0.0233  0.0233  0.0233
  0.0235  0.0235  0.0233  0.0235  0.0234  0.0234  0.0234  0.0235  0.0234  0.0235  0.0233  0.0233
  0.0237  0.0236  0.0234  0.0236  0.0236  0.0237  0.0235  0.0239  0.0235  0.0236  0.0234  0.0234
registration optimization eta report
parameter search radius
    0.8000    0.8000    0.8000    2.4000    2.4000    2.4000
    2.4000    2.4000    2.4000    2.4000    2.4000    2.4000
100000*second partial in parameter space
       58.       43.       31.        6.        6.       10.
        5.       10.        4.        5.        2.        2.
  0.0237  0.0235  0.0236  0.0236  0.0237  0.0240  0.0235  0.0239  0.0235  0.0235  0.0234  0.0234
  0.0235  0.0234  0.0235  0.0235  0.0235  0.0237  0.0234  0.0236  0.0234  0.0234  0.0233  0.0233
  0.0234  0.0233  0.0234  0.0234  0.0234  0.0235  0.0233  0.0233  0.0233  0.0233  0.0233  0.0233
  0.0233  0.0233  0.0233  0.0233  0.0233  0.0233  0.0233  0.0233  0.0233  0.0233  0.0233  0.0233
  0.0234  0.0234  0.0233  0.0233  0.0233  0.0233  0.0233  0.0233  0.0233  0.0233  0.0233  0.0233
  0.0235  0.0235  0.0233  0.0235  0.0234  0.0234  0.0234  0.0235  0.0234  0.0235  0.0233  0.0233
  0.0237  0.0236  0.0234  0.0236  0.0236  0.0237  0.0235  0.0239  0.0235  0.0236  0.0234  0.0234
   -0.4250    6.7626    0.4837   -4.3636  -12.1015   -5.5600
    4.1845    3.2723   -2.6506   25.3174   -2.5537  -35.6954
eta,q 0.97673  9.13156

---------------------------------------------------------------------
imgreg_4dfp /opt/freesurfer/average/711-2C_as_mni_average_305 /opt/freesurfer/average/711-2B_as_mni_average_305_mask talsrcimg_g11 none talsrcimg_to_711-2C_as_mni_average_305_t4 2311
---------------------------------------------------------------------

freesurfer imgreg_4dfp.c
/opt/freesurfer/average/711-2C_as_mni_average_305.4dfp.img
       256       256       256         1
  1.000000  1.000000  1.000000
orientation T byte_order littleendian
Reading image: /opt/freesurfer/average/711-2C_as_mni_average_305.4dfp.img
dimensions:      256       256       256
mmppix:       1.0000   -1.0000   -1.0000
center:     128.0000 -129.0000 -129.0000
/opt/freesurfer/average/711-2B_as_mni_average_305_mask.4dfp.img
       256       256       256         1
  1.000000  1.000000  1.000000
orientation T byte_order littleendian
Reading mask: /opt/freesurfer/average/711-2B_as_mni_average_305_mask.4dfp.img (2306576 pixels)
talsrcimg_g11.4dfp.img
       256       256       256         1
  1.000000  1.000000  1.000000
orientation T byte_order littleendian
Reading image: talsrcimg_g11.4dfp.img
dimensions:      256       256       256
mmppix:       1.0000   -1.0000   -1.0000
center:     128.0000 -129.0000 -129.0000
fimgreg.f
image alignment mode   2311 decimal      907 hex
parameters
   -0.4250    6.7626    0.4837   -4.3636  -12.1015   -5.5600
    4.1845    3.2723   -2.6506   25.3174   -2.5537  -35.6954
eta,q 0.97673  9.13156
niter,ni,del,rscale     5    3    5.0000    0.8000
parameters
   -0.4190    6.6862    0.7005   -4.7965  -11.9451   -5.7513
    4.3819    3.2059   -2.6935   25.1840   -2.6885  -35.4192
eta,q 0.97670  9.11112
  0.0248  0.0243  0.0243  0.0242  0.0244  0.0249  0.0244  0.0253  0.0242  0.0244  0.0238  0.0239
  0.0239  0.0237  0.0238  0.0238  0.0239  0.0244  0.0238  0.0242  0.0237  0.0238  0.0235  0.0236
  0.0234  0.0233  0.0234  0.0234  0.0234  0.0237  0.0234  0.0235  0.0234  0.0234  0.0233  0.0234
  0.0233  0.0233  0.0233  0.0233  0.0233  0.0233  0.0233  0.0233  0.0233  0.0233  0.0233  0.0233
  0.0234  0.0234  0.0233  0.0234  0.0234  0.0234  0.0234  0.0235  0.0234  0.0234  0.0234  0.0234
  0.0239  0.0238  0.0235  0.0239  0.0238  0.0242  0.0237  0.0243  0.0237  0.0238  0.0235  0.0235
  0.0247  0.0245  0.0238  0.0248  0.0243  0.0256  0.0242  0.0255  0.0242  0.0245  0.0238  0.0237
niter,ni,del,rscale     4    3    5.0000    0.7000
parameters
   -0.4168    6.6309    0.6375   -4.6799  -11.8702   -5.6719
    4.3403    3.2493   -2.6566   25.0313   -2.6813  -35.4039
eta,q 0.97672  9.11848
  0.0244  0.0241  0.0238  0.0242  0.0242  0.0247  0.0241  0.0249  0.0240  0.0241  0.0237  0.0237
  0.0238  0.0236  0.0235  0.0238  0.0237  0.0242  0.0236  0.0241  0.0236  0.0236  0.0235  0.0234
  0.0234  0.0234  0.0233  0.0235  0.0234  0.0237  0.0233  0.0235  0.0234  0.0234  0.0233  0.0233
  0.0233  0.0233  0.0233  0.0233  0.0233  0.0233  0.0233  0.0233  0.0233  0.0233  0.0233  0.0233
  0.0234  0.0234  0.0234  0.0233  0.0234  0.0233  0.0234  0.0234  0.0234  0.0234  0.0233  0.0233
  0.0238  0.0237  0.0236  0.0236  0.0237  0.0239  0.0237  0.0240  0.0236  0.0237  0.0234  0.0235
  0.0244  0.0242  0.0239  0.0242  0.0241  0.0249  0.0241  0.0249  0.0240  0.0242  0.0237  0.0237
niter,ni,del,rscale     3    3    5.0000    0.6000
parameters
   -0.4178    6.5941    0.6699   -4.5734  -11.8108   -5.4499
    4.2595    3.2730   -2.6690   24.8818   -2.6596  -35.4188
eta,q 0.97676  9.12997
  0.0241  0.0239  0.0237  0.0240  0.0240  0.0245  0.0238  0.0245  0.0238  0.0238  0.0235  0.0236
  0.0236  0.0235  0.0235  0.0236  0.0236  0.0240  0.0235  0.0238  0.0235  0.0235  0.0234  0.0234
  0.0234  0.0233  0.0233  0.0234  0.0234  0.0236  0.0233  0.0234  0.0233  0.0233  0.0233  0.0233
  0.0233  0.0233  0.0233  0.0233  0.0233  0.0233  0.0232  0.0232  0.0232  0.0232  0.0232  0.0232
  0.0234  0.0234  0.0233  0.0233  0.0233  0.0233  0.0233  0.0234  0.0233  0.0233  0.0233  0.0233
  0.0236  0.0236  0.0235  0.0235  0.0236  0.0237  0.0235  0.0238  0.0235  0.0236  0.0234  0.0234
  0.0241  0.0239  0.0237  0.0239  0.0239  0.0244  0.0239  0.0245  0.0238  0.0240  0.0235  0.0235
niter,ni,del,rscale     2    3    5.0000    0.5000
parameters
   -0.4169    6.5543    0.7658   -4.5230  -11.7442   -5.1834
    4.2090    3.2967   -2.6898   24.7177   -2.6309  -35.3967
eta,q 0.97678  9.14060
  0.0238  0.0236  0.0236  0.0237  0.0238  0.0242  0.0236  0.0241  0.0236  0.0236  0.0234  0.0234
  0.0235  0.0234  0.0234  0.0235  0.0235  0.0238  0.0234  0.0237  0.0234  0.0234  0.0233  0.0233
  0.0233  0.0233  0.0233  0.0233  0.0233  0.0235  0.0233  0.0233  0.0233  0.0233  0.0232  0.0232
  0.0232  0.0232  0.0232  0.0232  0.0232  0.0232  0.0232  0.0232  0.0232  0.0232  0.0232  0.0232
  0.0233  0.0233  0.0233  0.0233  0.0233  0.0233  0.0233  0.0233  0.0233  0.0233  0.0232  0.0233
  0.0235  0.0235  0.0233  0.0234  0.0235  0.0235  0.0234  0.0236  0.0234  0.0235  0.0233  0.0233
  0.0238  0.0237  0.0235  0.0237  0.0237  0.0240  0.0236  0.0241  0.0236  0.0237  0.0234  0.0234
niter,ni,del,rscale     1    3    5.0000    0.4000
parameters
   -0.4104    6.5063    0.8845   -4.5004  -11.6578   -4.9241
    4.1531    3.3202   -2.7141   24.5204   -2.6367  -35.3230
eta,q 0.97681  9.14955
  0.0236  0.0235  0.0235  0.0235  0.0236  0.0239  0.0235  0.0238  0.0234  0.0234  0.0233  0.0233
  0.0234  0.0233  0.0233  0.0234  0.0234  0.0236  0.0233  0.0235  0.0233  0.0233  0.0233  0.0233
  0.0233  0.0232  0.0233  0.0233  0.0233  0.0233  0.0232  0.0233  0.0232  0.0232  0.0232  0.0232
  0.0232  0.0232  0.0232  0.0232  0.0232  0.0232  0.0232  0.0232  0.0232  0.0232  0.0232  0.0232
  0.0233  0.0233  0.0232  0.0232  0.0232  0.0232  0.0232  0.0233  0.0232  0.0232  0.0232  0.0232
  0.0234  0.0234  0.0233  0.0234  0.0233  0.0234  0.0233  0.0235  0.0233  0.0234  0.0233  0.0233
  0.0236  0.0235  0.0234  0.0236  0.0235  0.0237  0.0235  0.0238  0.0234  0.0235  0.0233  0.0233
registration optimization eta report
parameter search radius
    0.8000    0.8000    0.8000    2.4000    2.4000    2.4000
    2.4000    2.4000    2.4000    2.4000    2.4000    2.4000
100000*second partial in parameter space
       59.       43.       31.        6.        6.       11.
        5.       10.        4.        5.        2.        2.
  0.0236  0.0235  0.0235  0.0235  0.0236  0.0239  0.0235  0.0238  0.0234  0.0234  0.0233  0.0233
  0.0234  0.0233  0.0233  0.0234  0.0234  0.0236  0.0233  0.0235  0.0233  0.0233  0.0233  0.0233
  0.0233  0.0232  0.0233  0.0233  0.0233  0.0233  0.0232  0.0233  0.0232  0.0232  0.0232  0.0232
  0.0232  0.0232  0.0232  0.0232  0.0232  0.0232  0.0232  0.0232  0.0232  0.0232  0.0232  0.0232
  0.0233  0.0233  0.0232  0.0232  0.0232  0.0232  0.0232  0.0233  0.0232  0.0232  0.0232  0.0232
  0.0234  0.0234  0.0233  0.0234  0.0233  0.0234  0.0233  0.0235  0.0233  0.0234  0.0233  0.0233
  0.0236  0.0235  0.0234  0.0236  0.0235  0.0237  0.0235  0.0238  0.0234  0.0235  0.0233  0.0233
   -0.4104    6.5063    0.8845   -4.5004  -11.6578   -4.9241
    4.1531    3.3202   -2.7141   24.5204   -2.6367  -35.3230
eta,q 0.97681  9.14955

---------------------------------------------------------------------
compute_vox2vox talsrcimg talsrcimg_to_711-2C_as_mni_average_305_t4 /opt/freesurfer/average/711-2C_as_mni_average_305
---------------------------------------------------------------------

freesurfer compute_vox2vox.c
Reading: talsrcimg.4dfp.ifh
Reading: talsrcimg_to_711-2C_as_mni_average_305_t4
Reading: /opt/freesurfer/average/711-2C_as_mni_average_305.4dfp.ifh
Writing: talsrcimg_to_711-2C_as_mni_average_305_t4_vox2vox.txt

start time Sun Mar 8 16:09:40 CET 2026
end		time Sun Mar 8 16:09:54 CET 2026

mpr2mni305 success

avi2talxfm orig_nu.mgz /opt/freesurfer/average/mni305.cor.mgz talsrcimg_to_711-2C_as_mni_average_305_t4_vox2vox.txt transforms/talairach.auto.xfm
avi2talxfm done
mv -f /out/sourcedata/freesurfer/sub-v1s13x0050028_ses-1/mri/talsrcimg_to_711-2C_as_mni_average_305_t4_vox2vox.txt /out/sourcedata/freesurfer/sub-v1s13x0050028_ses-1/mri/transforms/talsrcimg_to_711-2C_as_mni_average_305_t4_vox2vox.txt
lta_convert --src orig_nu.mgz --trg /opt/freesurfer/average/mni305.cor.mgz --inxfm transforms/talairach.auto.xfm --outlta transforms/talairach.auto.xfm.lta --subject fsaverage
7.3.2

--src: orig_nu.mgz src image (geometry).
--trg: /opt/freesurfer/average/mni305.cor.mgz trg image (geometry).
--inmni: transforms/talairach.auto.xfm input MNI/XFM transform.
--outlta: transforms/talairach.auto.xfm.lta output LTA.
--s: fsaverage subject name
 LTA read, type : 1
 1.04489  -0.02159  -0.05776  -0.39955;
 0.03708   0.95270   0.37919   0.75541;
 0.02181  -0.26510   1.02494   5.02512;
 0.00000   0.00000   0.00000   1.00000;
setting subject to fsaverage
Writing  LTA to file transforms/talairach.auto.xfm.lta...
lta_convert successful.
 
 
Started at Sun Mar 8 16:09:40 CET 2026
Ended   at Sun Mar  8 16:09:54 CET 2026
talairach_avi done
