status file for recon-all
Sun Mar  8 17:39:34 CET 2026
#@# Tessellate lh Sun Mar  8 17:39:34 CET 2026
#@# Smooth1 lh Sun Mar  8 17:39:37 CET 2026
#@# Inflation1 lh Sun Mar  8 17:39:39 CET 2026
#@# QSphere lh Sun Mar  8 17:39:52 CET 2026
#@# Fix Topology lh Sun Mar  8 17:40:42 CET 2026
#@# Smooth2 lh Sun Mar  8 17:50:47 CET 2026
#@# Inflation2 lh Sun Mar  8 17:50:49 CET 2026
#@# Curv .H and .K lh Sun Mar  8 17:51:02 CET 2026
#@# Sphere lh Sun Mar  8 17:51:40 CET 2026
#@# Surf Reg lh Sun Mar  8 17:56:38 CET 2026
#@# Jacobian white lh Sun Mar  8 18:03:01 CET 2026
#@# AvgCurv lh Sun Mar  8 18:03:02 CET 2026
#@# Cortical Parc lh Sun Mar  8 18:03:03 CET 2026
#@# white curv lh Sun Mar  8 18:09:34 CET 2026
#@# white area lh Sun Mar  8 18:09:35 CET 2026
#@# pial curv lh Sun Mar  8 18:09:36 CET 2026
#@# pial area lh Sun Mar  8 18:09:37 CET 2026
#@# thickness lh Sun Mar  8 18:09:38 CET 2026
#@# area and vertex vol lh Sun Mar  8 18:10:00 CET 2026
#@# Curvature Stats lh Sun Mar  8 18:10:01 CET 2026
#@# Cortical Parc 2 lh Sun Mar  8 18:10:03 CET 2026
#@# Cortical Parc 3 lh Sun Mar  8 18:10:12 CET 2026
#@# WM/GM Contrast lh Sun Mar  8 18:10:19 CET 2026
recon-all -s sub-v1s13x0050033_ses-1 finished without error at Sun Mar  8 18:10:21 CET 2026



#New# invocation of recon-all 



status file for recon-all
Sun Mar  8 18:38:24 CET 2026
#@# white curv lh Sun Mar  8 18:38:24 CET 2026
#@# white area lh Sun Mar  8 18:38:24 CET 2026
#@# pial curv lh Sun Mar  8 18:38:24 CET 2026
#@# pial area lh Sun Mar  8 18:38:24 CET 2026
#@# thickness lh Sun Mar  8 18:38:24 CET 2026
#@# area and vertex vol lh Sun Mar  8 18:38:24 CET 2026
#@# Parcellation Stats lh Sun Mar  8 18:38:24 CET 2026
#@# Parcellation Stats 2 lh Sun Mar  8 18:38:39 CET 2026
#@# Parcellation Stats 3 lh Sun Mar  8 18:38:47 CET 2026
#@# BA_exvivo Labels lh Sun Mar  8 18:38:54 CET 2026
recon-all -s sub-v1s13x0050033_ses-1 finished without error at Sun Mar  8 18:40:54 CET 2026
