status file for recon-all
Sun Mar  8 18:10:25 CET 2026
#@# Tessellate rh Sun Mar  8 18:10:25 CET 2026
#@# Smooth1 rh Sun Mar  8 18:10:28 CET 2026
#@# Inflation1 rh Sun Mar  8 18:10:30 CET 2026
#@# QSphere rh Sun Mar  8 18:10:42 CET 2026
#@# Fix Topology rh Sun Mar  8 18:11:51 CET 2026
#@# Smooth2 rh Sun Mar  8 18:22:00 CET 2026
#@# Inflation2 rh Sun Mar  8 18:22:02 CET 2026
#@# Curv .H and .K rh Sun Mar  8 18:22:16 CET 2026
#@# Sphere rh Sun Mar  8 18:22:52 CET 2026
#@# Surf Reg rh Sun Mar  8 18:25:50 CET 2026
#@# Jacobian white rh Sun Mar  8 18:29:18 CET 2026
#@# AvgCurv rh Sun Mar  8 18:29:18 CET 2026
#@# Cortical Parc rh Sun Mar  8 18:29:19 CET 2026
#@# white curv rh Sun Mar  8 18:34:26 CET 2026
#@# white area rh Sun Mar  8 18:34:27 CET 2026
#@# pial curv rh Sun Mar  8 18:34:28 CET 2026
#@# pial area rh Sun Mar  8 18:34:29 CET 2026
#@# thickness rh Sun Mar  8 18:34:30 CET 2026
#@# area and vertex vol rh Sun Mar  8 18:34:53 CET 2026
#@# Curvature Stats rh Sun Mar  8 18:34:54 CET 2026
#@# Cortical Parc 2 rh Sun Mar  8 18:34:56 CET 2026
#@# Cortical Parc 3 rh Sun Mar  8 18:35:05 CET 2026
#@# WM/GM Contrast rh Sun Mar  8 18:35:12 CET 2026
recon-all -s sub-v1s13x0050033_ses-1 finished without error at Sun Mar  8 18:35:14 CET 2026



#New# invocation of recon-all 



status file for recon-all
Sun Mar  8 18:40:56 CET 2026
#@# white curv rh Sun Mar  8 18:40:56 CET 2026
#@# white area rh Sun Mar  8 18:40:56 CET 2026
#@# pial curv rh Sun Mar  8 18:40:56 CET 2026
#@# pial area rh Sun Mar  8 18:40:56 CET 2026
#@# thickness rh Sun Mar  8 18:40:56 CET 2026
#@# area and vertex vol rh Sun Mar  8 18:40:56 CET 2026
#@# Parcellation Stats rh Sun Mar  8 18:40:56 CET 2026
#@# Parcellation Stats 2 rh Sun Mar  8 18:41:11 CET 2026
#@# Parcellation Stats 3 rh Sun Mar  8 18:41:18 CET 2026
#@# BA_exvivo Labels rh Sun Mar  8 18:41:25 CET 2026
recon-all -s sub-v1s13x0050033_ses-1 finished without error at Sun Mar  8 18:43:25 CET 2026
