status file for recon-all
Sun Mar  8 16:21:16 CET 2026
#@# MotionCor Sun Mar  8 16:21:18 CET 2026
#@# Talairach Sun Mar  8 16:21:24 CET 2026
#@# Talairach Failure Detection Sun Mar  8 16:24:15 CET 2026
#@# Nu Intensity Correction Sun Mar  8 16:24:15 CET 2026
#@# Intensity Normalization Sun Mar  8 16:27:01 CET 2026
recon-all -s sub-v1s13x0050033_ses-1 finished without error at Sun Mar  8 16:27:59 CET 2026



#New# invocation of recon-all 



status file for recon-all
Sun Mar  8 16:33:57 CET 2026
#@# EM Registration Sun Mar  8 16:33:57 CET 2026
recon-all -s sub-v1s13x0050033_ses-1 finished without error at Sun Mar  8 16:35:38 CET 2026



#New# invocation of recon-all 



status file for recon-all
Sun Mar  8 16:35:40 CET 2026
#@# CA Normalize Sun Mar  8 16:35:40 CET 2026
#@# CA Reg Sun Mar  8 16:36:33 CET 2026
#@# SubCort Seg Sun Mar  8 17:15:56 CET 2026
#@# CC Seg Sun Mar  8 17:35:25 CET 2026
#@# Merge ASeg Sun Mar  8 17:35:49 CET 2026
#@# Intensity Normalization2 Sun Mar  8 17:35:49 CET 2026
#@# Mask BFS Sun Mar  8 17:37:15 CET 2026
#@# WM Segmentation Sun Mar  8 17:37:16 CET 2026
#@# Fill Sun Mar  8 17:38:53 CET 2026
recon-all -s sub-v1s13x0050033_ses-1 finished without error at Sun Mar  8 17:39:30 CET 2026



#New# invocation of recon-all 



status file for recon-all
Sun Mar  8 18:35:18 CET 2026
#@# white curv lh Sun Mar  8 18:35:19 CET 2026
#@# white area lh Sun Mar  8 18:35:19 CET 2026
#@# pial curv lh Sun Mar  8 18:35:19 CET 2026
#@# pial area lh Sun Mar  8 18:35:19 CET 2026
#@# thickness lh Sun Mar  8 18:35:19 CET 2026
#@# area and vertex vol lh Sun Mar  8 18:35:19 CET 2026
#@# white curv rh Sun Mar  8 18:35:19 CET 2026
#@# white area rh Sun Mar  8 18:35:19 CET 2026
#@# pial curv rh Sun Mar  8 18:35:19 CET 2026
#@# pial area rh Sun Mar  8 18:35:19 CET 2026
#@# thickness rh Sun Mar  8 18:35:19 CET 2026
#@# area and vertex vol rh Sun Mar  8 18:35:19 CET 2026
#@# Cortical ribbon mask Sun Mar  8 18:35:19 CET 2026
recon-all -s sub-v1s13x0050033_ses-1 finished without error at Sun Mar  8 18:38:21 CET 2026



#New# invocation of recon-all 



status file for recon-all
Sun Mar  8 18:43:29 CET 2026
#@# white curv lh Sun Mar  8 18:43:29 CET 2026
#@# white area lh Sun Mar  8 18:43:29 CET 2026
#@# pial curv lh Sun Mar  8 18:43:29 CET 2026
#@# pial area lh Sun Mar  8 18:43:29 CET 2026
#@# thickness lh Sun Mar  8 18:43:29 CET 2026
#@# area and vertex vol lh Sun Mar  8 18:43:29 CET 2026
#@# white curv rh Sun Mar  8 18:43:29 CET 2026
#@# white area rh Sun Mar  8 18:43:29 CET 2026
#@# pial curv rh Sun Mar  8 18:43:29 CET 2026
#@# pial area rh Sun Mar  8 18:43:29 CET 2026
#@# thickness rh Sun Mar  8 18:43:29 CET 2026
#@# area and vertex vol rh Sun Mar  8 18:43:29 CET 2026
#@# Curvature Stats lh Sun Mar  8 18:43:29 CET 2026
#@# Curvature Stats rh Sun Mar  8 18:43:31 CET 2026
#@# Relabel Hypointensities Sun Mar  8 18:43:33 CET 2026
#@# APas-to-ASeg Sun Mar  8 18:43:43 CET 2026
#@# AParc-to-ASeg aparc Sun Mar  8 18:43:49 CET 2026
#@# AParc-to-ASeg aparc.a2009s Sun Mar  8 18:44:21 CET 2026
#@# AParc-to-ASeg aparc.DKTatlas Sun Mar  8 18:44:46 CET 2026
#@# WMParc Sun Mar  8 18:45:08 CET 2026
#@# ASeg Stats Sun Mar  8 18:47:11 CET 2026
recon-all -s sub-v1s13x0050033_ses-1 finished without error at Sun Mar  8 18:47:35 CET 2026
