/out/sourcedata/freesurfer/sub-v1s13x0050006_ses-1/mri
/opt/freesurfer/bin/talairach_avi
--i orig_nu.mgz --xfm transforms/talairach.auto.xfm
talairach_avi 7.3.2
Linux dna020 5.14.0-427.37.1.el9_4.x86_64 #1 SMP PREEMPT_DYNAMIC Fri Sep 13 12:41:50 EDT 2024 x86_64 x86_64 x86_64 GNU/Linux
Sun Mar  8 12:46:03 CET 2026
mri_convert orig_nu.mgz talsrcimg.img 
reading from orig_nu.mgz...
TR=0.00, TE=0.00, TI=0.00, flip angle=0.00
i_ras = (-1, 0, 0)
j_ras = (0, 0, -1)
k_ras = (0, 1, 0)
writing to talsrcimg.img...
Analyze Output Matrix
-1.00000   0.00000   0.00000   128.79861;
 0.00000   0.00000   1.00000  -127.94919;
 0.00000  -1.00000   0.00000   101.33832;
 0.00000   0.00000   0.00000   1.00000;
--------------------
INFO: set hdr.hist.orient to -1
mpr2mni305 talsrcimg
Sun Mar  8 12:46:04 CET 2026
/opt/freesurfer/bin/mpr2mni305 talsrcimg
mpr2mni305 7.3.2
target=711-2C_as_mni_average_305

---------------------------------------------------------------------
analyzeto4dfp talsrcimg -O0 -y
---------------------------------------------------------------------

freesurfer ifh2hdr.c
Sun Mar  8 12:46:04 2026
Writing: talsrcimg.4dfp.hdr
freesurfer analyzeto4dfp.c
Reading: talsrcimg.hdr
header size 348 bytes
hdr.dime.datatype	offset=70	value=2
hdr.dime.bitpix		offset=72	value=8
hdr.hist.orient		offset=252	value=-1
dimensionality     4
dimensions       256       256       256         1
Reading: talsrcimg.img
Writing: talsrcimg.4dfp.img
Writing: talsrcimg.4dfp.ifh
ifh2hdr talsrcimg -r0to255
ori=2

---------------------------------------------------------------------
gauss_4dfp talsrcimg 1.1
---------------------------------------------------------------------

freesurfer gauss_4dfp.c
Reading: talsrcimg.4dfp.img
Writing: talsrcimg_g11.4dfp.img
image dimensions 256 256 256 padded to 288 288 288
processing volume 1freesurfer ifh2hdr.c
Sun Mar  8 12:46:05 2026
Writing: talsrcimg_g11.4dfp.hdr

Writing: talsrcimg_g11.4dfp.ifh
including: talsrcimg.4dfp.img.rec in talsrcimg_g11.4dfp.img.rec

---------------------------------------------------------------------
imgreg_4dfp /opt/freesurfer/average/711-2C_as_mni_average_305 none talsrcimg_g11 none talsrcimg_to_711-2C_as_mni_average_305_t4 4355
---------------------------------------------------------------------

freesurfer imgreg_4dfp.c
/opt/freesurfer/average/711-2C_as_mni_average_305.4dfp.img
       256       256       256         1
  1.000000  1.000000  1.000000
orientation T byte_order littleendian
Reading image: /opt/freesurfer/average/711-2C_as_mni_average_305.4dfp.img
dimensions:      256       256       256
mmppix:       1.0000   -1.0000   -1.0000
center:     128.0000 -129.0000 -129.0000
talsrcimg_g11.4dfp.img
       256       256       256         1
  1.000000  1.000000  1.000000
orientation T byte_order littleendian
Reading image: talsrcimg_g11.4dfp.img
dimensions:      256       256       256
mmppix:       1.0000   -1.0000   -1.0000
center:     128.0000 -129.0000 -129.0000
t4_read: open error in t4_sub.f l:  41 t4_file(1:l)talsrcimg_to_711-2C_as_mni_average_305_t4 
t4_read: transform initialized to I4
rotation matrix determinant  1.000000
image alignment mode   4355 decimal     1103 hex
   -7.5000  -45.0000  -45.0000 8491.1924   13.2964
    0.0000  -45.0000  -45.0000 8833.6494   13.2603
    7.5000  -45.0000  -45.0000 8399.1104   13.2488
   -7.5000  -37.5000  -45.0000 9040.1846   13.2127
    0.0000  -37.5000  -45.0000 9416.1475   13.1785
    7.5000  -37.5000  -45.0000 8950.3750   13.1699
   -7.5000  -30.0000  -45.0000 9899.8838   13.1484
    0.0000  -30.0000  -45.000010301.2744   13.1193
    7.5000  -30.0000  -45.0000 9798.6055   13.1110
   -7.5000  -22.5000  -45.000010692.1357   13.1133
    0.0000  -22.5000  -45.000011148.0850   13.0884
    7.5000  -22.5000  -45.000010587.2656   13.0775
   -7.5000  -15.0000  -45.000011354.9238   13.0854
    0.0000  -15.0000  -45.000011850.4199   13.0600
    7.5000  -15.0000  -45.000011262.1758   13.0472
   -7.5000   -7.5000  -45.000011930.4062   13.0575
    0.0000   -7.5000  -45.000012455.2148   13.0268
    7.5000   -7.5000  -45.000011846.6094   13.0145
   -7.5000    0.0000  -45.000012420.6484   13.0323
    0.0000    0.0000  -45.000012962.3066   12.9976
    7.5000    0.0000  -45.000012354.2324   12.9869
   -7.5000    7.5000  -45.000011956.9551   13.0061
    0.0000    7.5000  -45.000012496.7441   12.9730
    7.5000    7.5000  -45.000011920.8320   12.9648
   -7.5000   15.0000  -45.000011405.3760   12.9991
    0.0000   15.0000  -45.000011924.1973   12.9707
    7.5000   15.0000  -45.000011366.0879   12.9625
   -7.5000   22.5000  -45.000010758.7754   13.0370
    0.0000   22.5000  -45.000011240.9375   13.0122
    7.5000   22.5000  -45.000010746.8594   13.0013
   -7.5000   30.0000  -45.000010045.4902   12.9533
    0.0000   30.0000  -45.000010510.0039   12.9280
    7.5000   30.0000  -45.000010027.2520   12.9153
   -7.5000   37.5000  -45.0000 9634.0801   13.0633
    0.0000   37.5000  -45.000010069.0146   13.0322
    7.5000   37.5000  -45.0000 9613.1172   13.0208
   -7.5000   45.0000  -45.0000 8885.8584   12.8522
    0.0000   45.0000  -45.0000 9274.0615   12.8170
    7.5000   45.0000  -45.0000 8863.0615   12.8081
   -7.5000  -45.0000  -37.5000 9038.8867   13.2811
    0.0000  -45.0000  -37.5000 9400.1602   13.2434
    7.5000  -45.0000  -37.5000 8945.7705   13.2313
   -7.5000  -37.5000  -37.5000 9623.8740   13.1940
    0.0000  -37.5000  -37.500010021.9248   13.1594
    7.5000  -37.5000  -37.5000 9539.3604   13.1498
   -7.5000  -30.0000  -37.500010518.9805   13.1244
    0.0000  -30.0000  -37.500010956.9072   13.0946
    7.5000  -30.0000  -37.500010420.1113   13.0836
   -7.5000  -22.5000  -37.500011347.0967   13.0878
    0.0000  -22.5000  -37.500011819.8896   13.0604
    7.5000  -22.5000  -37.500011220.6387   13.0456
   -7.5000  -15.0000  -37.500012051.8994   13.0636
    0.0000  -15.0000  -37.500012561.3809   13.0342
    7.5000  -15.0000  -37.500011947.2656   13.0174
   -7.5000   -7.5000  -37.500012606.6377   13.0396
    0.0000   -7.5000  -37.500013179.1348   13.0053
    7.5000   -7.5000  -37.500012531.1602   12.9905
   -7.5000    0.0000  -37.500013121.4346   13.0144
    0.0000    0.0000  -37.500013697.7441   12.9780
    7.5000    0.0000  -37.500013042.8574   12.9668
   -7.5000    7.5000  -37.500012616.7012   12.9848
    0.0000    7.5000  -37.500013200.0566   12.9513
    7.5000    7.5000  -37.500012563.8457   12.9421
   -7.5000   15.0000  -37.500012012.1055   12.9729
    0.0000   15.0000  -37.500012576.5752   12.9437
    7.5000   15.0000  -37.500011957.9131   12.9329
   -7.5000   22.5000  -37.500011327.4160   13.0095
    0.0000   22.5000  -37.500011859.5801   12.9822
    7.5000   22.5000  -37.500011278.1367   12.9674
   -7.5000   30.0000  -37.500010548.8809   12.9300
    0.0000   30.0000  -37.500011043.6387   12.9006
    7.5000   30.0000  -37.500010521.5537   12.8840
   -7.5000   37.5000  -37.500010082.8506   13.0447
    0.0000   37.5000  -37.500010543.2246   13.0099
    7.5000   37.5000  -37.500010058.5293   12.9958
   -7.5000   45.0000  -37.5000 9273.6172   12.8333
    0.0000   45.0000  -37.5000 9696.1738   12.7964
    7.5000   45.0000  -37.5000 9253.4541   12.7868
   -7.5000  -45.0000  -30.0000 9779.2705   13.7991
    0.0000  -45.0000  -30.000010172.6113   13.7634
    7.5000  -45.0000  -30.0000 9660.2217   13.7544
   -7.5000  -37.5000  -30.000010413.3584   13.7081
    0.0000  -37.5000  -30.000010817.3789   13.6769
    7.5000  -37.5000  -30.000010291.7510   13.6699
   -7.5000  -30.0000  -30.000011356.9473   13.6330
    0.0000  -30.0000  -30.000011828.0137   13.6069
    7.5000  -30.0000  -30.000011227.6514   13.5963
   -7.5000  -22.5000  -30.000012229.9658   13.5908
    0.0000  -22.5000  -30.000012726.2891   13.5656
    7.5000  -22.5000  -30.000012095.3057   13.5495
   -7.5000  -15.0000  -30.000012975.2617   13.5632
    0.0000  -15.0000  -30.000013515.5156   13.5340
    7.5000  -15.0000  -30.000012865.2695   13.5164
   -7.5000   -7.5000  -30.000013596.5791   13.5369
    0.0000   -7.5000  -30.000014195.7168   13.5031
    7.5000   -7.5000  -30.000013482.9150   13.4895
   -7.5000    0.0000  -30.000014129.4385   13.5104
    0.0000    0.0000  -30.000014749.8320   13.4759
    7.5000    0.0000  -30.000014007.0293   13.4677
   -7.5000    7.5000  -30.000013550.4570   13.4816
    0.0000    7.5000  -30.000014163.6533   13.4513
    7.5000    7.5000  -30.000013460.9912   13.4447
   -7.5000   15.0000  -30.000012873.7949   13.4687
    0.0000   15.0000  -30.000013467.7822   13.4431
    7.5000   15.0000  -30.000012778.3809   13.4327
   -7.5000   22.5000  -30.000012121.1152   13.5034
    0.0000   22.5000  -30.000012677.8242   13.4782
    7.5000   22.5000  -30.000012034.6807   13.4622
   -7.5000   30.0000  -30.000011282.6406   13.4232
    0.0000   30.0000  -30.000011813.9482   13.3942
    7.5000   30.0000  -30.000011221.0840   13.3767
   -7.5000   37.5000  -30.000010753.8389   13.5431
    0.0000   37.5000  -30.000011253.4590   13.5089
    7.5000   37.5000  -30.000010713.1279   13.4961
   -7.5000   45.0000  -30.0000 9856.3320   13.3321
    0.0000   45.0000  -30.000010316.4219   13.2970
    7.5000   45.0000  -30.0000 9832.8633   13.2903
   -7.5000  -45.0000  -22.500010487.7539   14.2369
    0.0000  -45.0000  -22.500010896.5986   14.2047
    7.5000  -45.0000  -22.500010353.4736   14.2005
   -7.5000  -37.5000  -22.500011173.1719   14.1487
    0.0000  -37.5000  -22.500011593.6924   14.1208
    7.5000  -37.5000  -22.500011008.5576   14.1178
   -7.5000  -30.0000  -22.500012183.9521   14.0754
    0.0000  -30.0000  -22.500012660.2930   14.0535
    7.5000  -30.0000  -22.500011997.1670   14.0464
   -7.5000  -22.5000  -22.500013088.3057   14.0284
    0.0000  -22.5000  -22.500013616.2803   14.0080
    7.5000  -22.5000  -22.500012930.9990   13.9955
   -7.5000  -15.0000  -22.500013854.4434   13.9908
    0.0000  -15.0000  -22.500014424.6982   13.9666
    7.5000  -15.0000  -22.500013710.5938   13.9534
   -7.5000   -7.5000  -22.500014536.8291   13.9554
    0.0000   -7.5000  -22.500015140.7324   13.9260
    7.5000   -7.5000  -22.500014356.9844   13.9174
   -7.5000    0.0000  -22.500015097.9482   13.9267
    0.0000    0.0000  -22.500015728.0029   13.8957
    7.5000    0.0000  -22.500014921.6016   13.8921
   -7.5000    7.5000  -22.500014482.8926   13.9051
    0.0000    7.5000  -22.500015105.6367   13.8780
    7.5000    7.5000  -22.500014316.9170   13.8753
   -7.5000   15.0000  -22.500013723.0059   13.8985
    0.0000   15.0000  -22.500014340.7168   13.8769
    7.5000   15.0000  -22.500013591.7168   13.8699
   -7.5000   22.5000  -22.500012894.1826   13.9318
    0.0000   22.5000  -22.500013479.3906   13.9115
    7.5000   22.5000  -22.500012783.4268   13.8990
   -7.5000   30.0000  -22.500011962.1025   13.8455
    0.0000   30.0000  -22.500012514.7461   13.8215
    7.5000   30.0000  -22.500011886.6553   13.8085
   -7.5000   37.5000  -22.500011367.8965   13.9627
    0.0000   37.5000  -22.500011895.6064   13.9331
    7.5000   37.5000  -22.500011324.0010   13.9253
   -7.5000   45.0000  -22.500010433.2900   13.7546
    0.0000   45.0000  -22.500010910.1914   13.7228
    7.5000   45.0000  -22.500010398.0908   13.7209
   -7.5000  -45.0000  -15.000011154.4502   14.5464
    0.0000  -45.0000  -15.000011575.6035   14.5157
    7.5000  -45.0000  -15.000011001.9883   14.5130
   -7.5000  -37.5000  -15.000011892.1729   14.4594
    0.0000  -37.5000  -15.000012343.0498   14.4319
    7.5000  -37.5000  -15.000011707.5098   14.4307
   -7.5000  -30.0000  -15.000012982.1592   14.3887
    0.0000  -30.0000  -15.000013494.1943   14.3681
    7.5000  -30.0000  -15.000012778.6934   14.3643
   -7.5000  -22.5000  -15.000013932.9434   14.3393
    0.0000  -22.5000  -15.000014499.4189   14.3222
    7.5000  -22.5000  -15.000013752.9346   14.3144
   -7.5000  -15.0000  -15.000014720.3613   14.2940
    0.0000  -15.0000  -15.000015317.2510   14.2742
    7.5000  -15.0000  -15.000014526.9043   14.2656
   -7.5000   -7.5000  -15.000015398.8438   14.2504
    0.0000   -7.5000  -15.000016025.4219   14.2245
    7.5000   -7.5000  -15.000015180.0059   14.2192
   -7.5000    0.0000  -15.000016003.8604   14.2195
    0.0000    0.0000  -15.000016659.2852   14.1897
    7.5000    0.0000  -15.000015766.5049   14.1876
   -7.5000    7.5000  -15.000015379.9170   14.2027
    0.0000    7.5000  -15.000016017.2705   14.1759
    7.5000    7.5000  -15.000015131.9434   14.1748
   -7.5000   15.0000  -15.000014558.4219   14.2022
    0.0000   15.0000  -15.000015172.1016   14.1819
    7.5000   15.0000  -15.000014359.1191   14.1781
   -7.5000   22.5000  -15.000013639.4414   14.2364
    0.0000   22.5000  -15.000014225.0508   14.2191
    7.5000   22.5000  -15.000013469.7529   14.2112
   -7.5000   30.0000  -15.000012651.8447   14.1456
    0.0000   30.0000  -15.000013198.7559   14.1259
    7.5000   30.0000  -15.000012505.1699   14.1175
   -7.5000   37.5000  -15.000011994.0635   14.2577
    0.0000   37.5000  -15.000012549.5312   14.2315
    7.5000   37.5000  -15.000011930.2480   14.2272
   -7.5000   45.0000  -15.000011003.3799   14.0523
    0.0000   45.0000  -15.000011498.0166   14.0217
    7.5000   45.0000  -15.000010935.6807   14.0216
   -7.5000  -45.0000   -7.500011806.4092   14.6998
    0.0000  -45.0000   -7.500012270.8623   14.6658
    7.5000  -45.0000   -7.500011674.8096   14.6589
   -7.5000  -37.5000   -7.500012607.6816   14.6085
    0.0000  -37.5000   -7.500013118.5400   14.5768
    7.5000  -37.5000   -7.500012452.9141   14.5725
   -7.5000  -30.0000   -7.500013790.3623   14.5365
    0.0000  -30.0000   -7.500014369.5830   14.5111
    7.5000  -30.0000   -7.500013615.6738   14.5065
   -7.5000  -22.5000   -7.500014821.2568   14.4888
    0.0000  -22.5000   -7.500015422.6152   14.4681
    7.5000  -22.5000   -7.500014633.3867   14.4605
   -7.5000  -15.0000   -7.500015631.8438   14.4447
    0.0000  -15.0000   -7.500016271.6875   14.4229
    7.5000  -15.0000   -7.500015432.3281   14.4139
   -7.5000   -7.5000   -7.500016273.2529   14.4015
    0.0000   -7.5000   -7.500016935.5098   14.3735
    7.5000   -7.5000   -7.500016079.3906   14.3655
   -7.5000    0.0000   -7.500016890.5820   14.3689
    0.0000    0.0000   -7.500017555.5840   14.3360
    7.5000    0.0000   -7.500016651.4180   14.3299
   -7.5000    7.5000   -7.500016207.5938   14.3488
    0.0000    7.5000   -7.500016859.0391   14.3179
    7.5000    7.5000   -7.500015959.5371   14.3138
   -7.5000   15.0000   -7.500015345.2930   14.3478
    0.0000   15.0000   -7.500015980.7539   14.3228
    7.5000   15.0000   -7.500015126.8682   14.3182
   -7.5000   22.5000   -7.500014353.8486   14.3833
    0.0000   22.5000   -7.500014958.9775   14.3625
    7.5000   22.5000   -7.500014157.3389   14.3548
   -7.5000   30.0000   -7.500013283.4727   14.2945
    0.0000   30.0000   -7.500013853.7529   14.2727
    7.5000   30.0000   -7.500013110.7168   14.2637
   -7.5000   37.5000   -7.500012618.9023   14.4061
    0.0000   37.5000   -7.500013196.6035   14.3777
    7.5000   37.5000   -7.500012534.1562   14.3708
   -7.5000   45.0000   -7.500011562.7861   14.2004
    0.0000   45.0000   -7.500012081.4307   14.1669
    7.5000   45.0000   -7.500011489.3193   14.1627
   -7.5000  -45.0000    0.000012393.4004   14.7264
    0.0000  -45.0000    0.000012925.7490   14.6867
    7.5000  -45.0000    0.000012295.8633   14.6746
   -7.5000  -37.5000    0.000013215.3408   14.6276
    0.0000  -37.5000    0.000013794.0361   14.5899
    7.5000  -37.5000    0.000013089.4102   14.5809
   -7.5000  -30.0000    0.000014444.0625   14.5497
    0.0000  -30.0000    0.000015075.8311   14.5176
    7.5000  -30.0000    0.000014309.1123   14.5087
   -7.5000  -22.5000    0.000015546.7812   14.5032
    0.0000  -22.5000    0.000016243.1436   14.4755
    7.5000  -22.5000    0.000015401.1934   14.4639
   -7.5000  -15.0000    0.000016441.2676   14.4648
    0.0000  -15.0000    0.000017149.8711   14.4366
    7.5000  -15.0000    0.000016287.9902   14.4230
   -7.5000   -7.5000    0.000017116.5137   14.4275
    0.0000   -7.5000    0.000017774.6758   14.3936
    7.5000   -7.5000    0.000016968.2715   14.3805
   -7.5000    0.0000    0.000017681.6387   14.3946
    0.0000    0.0000    0.000018302.6875   14.3563
    7.5000    0.0000    0.000017489.9570   14.3452
   -7.5000    7.5000    0.000016938.6719   14.3676
    0.0000    7.5000    0.000017552.1270   14.3311
    7.5000    7.5000    0.000016727.0957   14.3224
   -7.5000   15.0000    0.000016020.4932   14.3612
    0.0000   15.0000    0.000016646.4434   14.3296
    7.5000   15.0000    0.000015802.6191   14.3209
   -7.5000   22.5000    0.000014995.9951   14.3984
    0.0000   22.5000    0.000015599.6924   14.3707
    7.5000   22.5000    0.000014776.5566   14.3590
   -7.5000   30.0000    0.000013879.7686   14.3155
    0.0000   30.0000    0.000014448.5029   14.2873
    7.5000   30.0000    0.000013677.6729   14.2737
   -7.5000   37.5000    0.000013208.7393   14.4314
    0.0000   37.5000    0.000013791.0430   14.3969
    7.5000   37.5000    0.000013086.6885   14.3848
   -7.5000   45.0000    0.000012113.5479   14.2244
    0.0000   45.0000    0.000012633.5186   14.1856
    7.5000   45.0000    0.000011986.5498   14.1763
   -7.5000  -45.0000    7.500011999.0732   14.7669
    0.0000  -45.0000    7.500012567.1113   14.7250
    7.5000  -45.0000    7.500011963.1230   14.7120
   -7.5000  -37.5000    7.500012766.6855   14.6645
    0.0000  -37.5000    7.500013383.6719   14.6261
    7.5000  -37.5000    7.500012738.9053   14.6158
   -7.5000  -30.0000    7.500013929.0742   14.5821
    0.0000  -30.0000    7.500014577.7266   14.5491
    7.5000  -30.0000    7.500013900.2383   14.5372
   -7.5000  -22.5000    7.500014990.5771   14.5366
    0.0000  -22.5000    7.500015702.0264   14.5061
    7.5000  -22.5000    7.500014937.1738   14.4900
   -7.5000  -15.0000    7.500015951.8965   14.5050
    0.0000  -15.0000    7.500016673.6699   14.4723
    7.5000  -15.0000    7.500015873.5420   14.4540
   -7.5000   -7.5000    7.500016712.3809   14.4737
    0.0000   -7.5000    7.500017352.3906   14.4357
    7.5000   -7.5000    7.500016567.4004   14.4196
   -7.5000    0.0000    7.500017296.7070   14.4418
    0.0000    0.0000    7.500017900.9277   14.4014
    7.5000    0.0000    7.500017089.6094   14.3893
   -7.5000    7.5000    7.500016558.1172   14.4098
    0.0000    7.5000    7.500017141.0977   14.3725
    7.5000    7.5000    7.500016314.8047   14.3627
   -7.5000   15.0000    7.500015619.9258   14.3975
    0.0000   15.0000    7.500016198.3604   14.3651
    7.5000   15.0000    7.500015388.8154   14.3533
   -7.5000   22.5000    7.500014591.7227   14.4340
    0.0000   22.5000    7.500015125.4023   14.4036
    7.5000   22.5000    7.500014376.6309   14.3875
   -7.5000   30.0000    7.500013495.8018   14.3561
    0.0000   30.0000    7.500013994.4033   14.3235
    7.5000   30.0000    7.500013299.0723   14.3053
   -7.5000   37.5000    7.500012821.3516   14.4794
    0.0000   37.5000    7.500013348.6143   14.4408
    7.5000   37.5000    7.500012686.3945   14.4255
   -7.5000   45.0000    7.500011733.0254   14.2714
    0.0000   45.0000    7.500012233.5303   14.2303
    7.5000   45.0000    7.500011611.5059   14.2199
   -7.5000  -45.0000   15.000011440.0645   14.8219
    0.0000  -45.0000   15.000012006.4326   14.7835
    7.5000  -45.0000   15.000011439.5078   14.7740
   -7.5000  -37.5000   15.000012168.0518   14.7225
    0.0000  -37.5000   15.000012779.5127   14.6889
    7.5000  -37.5000   15.000012191.5732   14.6816
   -7.5000  -30.0000   15.000013265.0869   14.6404
    0.0000  -30.0000   15.000013922.8115   14.6124
    7.5000  -30.0000   15.000013307.3164   14.6012
   -7.5000  -22.5000   15.000014263.9375   14.5941
    0.0000  -22.5000   15.000014937.9492   14.5668
    7.5000  -22.5000   15.000014284.2656   14.5498
   -7.5000  -15.0000   15.000015180.6133   14.5634
    0.0000  -15.0000   15.000015820.8838   14.5318
    7.5000  -15.0000   15.000015126.2715   14.5130
   -7.5000   -7.5000   15.000015940.5518   14.5326
    0.0000   -7.5000   15.000016555.9219   14.4960
    7.5000   -7.5000   15.000015798.3496   14.4816
   -7.5000    0.0000   15.000016593.8262   14.5020
    0.0000    0.0000   15.000017206.5488   14.4648
    7.5000    0.0000   15.000016369.5479   14.4561
   -7.5000    7.5000   15.000015918.1875   14.4715
    0.0000    7.5000   15.000016540.7246   14.4389
    7.5000    7.5000   15.000015662.1846   14.4320
   -7.5000   15.0000   15.000015010.2227   14.4579
    0.0000   15.0000   15.000015623.8457   14.4303
    7.5000   15.0000   15.000014799.9316   14.4193
   -7.5000   22.5000   15.000013975.9316   14.4907
    0.0000   22.5000   15.000014523.3828   14.4636
    7.5000   22.5000   15.000013783.8848   14.4466
   -7.5000   30.0000   15.000012893.5947   14.4105
    0.0000   30.0000   15.000013410.9180   14.3791
    7.5000   30.0000   15.000012753.2539   14.3605
   -7.5000   37.5000   15.000012270.1670   14.5353
    0.0000   37.5000   15.000012753.0117   14.4983
    7.5000   37.5000   15.000012148.1719   14.4847
   -7.5000   45.0000   15.000011224.2275   14.3252
    0.0000   45.0000   15.000011677.4639   14.2873
    7.5000   45.0000   15.000011115.8877   14.2802
   -7.5000  -45.0000   22.500010755.5205   14.8790
    0.0000  -45.0000   22.500011301.2451   14.8452
    7.5000  -45.0000   22.500010774.8203   14.8410
   -7.5000  -37.5000   22.500011429.5049   14.7894
    0.0000  -37.5000   22.500012004.3535   14.7602
    7.5000  -37.5000   22.500011472.6963   14.7574
   -7.5000  -30.0000   22.500012472.2236   14.7154
    0.0000  -30.0000   22.500013083.7090   14.6925
    7.5000  -30.0000   22.500012542.0244   14.6853
   -7.5000  -22.5000   22.500013456.3135   14.6688
    0.0000  -22.5000   22.500014063.0869   14.6476
    7.5000  -22.5000   22.500013488.0508   14.6346
   -7.5000  -15.0000   22.500014314.4971   14.6320
    0.0000  -15.0000   22.500014894.8916   14.6065
    7.5000  -15.0000   22.500014276.4893   14.5928
   -7.5000   -7.5000   22.500015052.7100   14.5944
    0.0000   -7.5000   22.500015633.6377   14.5633
    7.5000   -7.5000   22.500014936.4844   14.5544
   -7.5000    0.0000   22.500015662.5605   14.5638
    0.0000    0.0000   22.500016278.7988   14.5311
    7.5000    0.0000   22.500015510.4258   14.5274
   -7.5000    7.5000   22.500015026.2529   14.5414
    0.0000    7.5000   22.500015605.7500   14.5129
    7.5000    7.5000   22.500014851.0469   14.5102
   -7.5000   15.0000   22.500014232.3223   14.5339
    0.0000   15.0000   22.500014767.1631   14.5113
    7.5000   15.0000   22.500014056.2158   14.5041
   -7.5000   22.5000   22.500013263.5664   14.5637
    0.0000   22.5000   22.500013743.7744   14.5423
    7.5000   22.5000   22.500013096.6943   14.5293
   -7.5000   30.0000   22.500012218.8545   14.4746
    0.0000   30.0000   22.500012682.8945   14.4493
    7.5000   30.0000   22.500012098.2822   14.4357
   -7.5000   37.5000   22.500011629.9199   14.5933
    0.0000   37.5000   22.500012072.8096   14.5621
    7.5000   37.5000   22.500011507.0420   14.5540
   -7.5000   45.0000   22.500010626.4902   14.3827
    0.0000   45.0000   22.500011039.3027   14.3492
    7.5000   45.0000   22.500010508.0762   14.3473
   -7.5000  -45.0000   30.0000 9983.7461   14.9592
    0.0000  -45.0000   30.000010473.8643   14.9274
    7.5000  -45.0000   30.000010013.2041   14.9250
   -7.5000  -37.5000   30.000010623.5088   14.8769
    0.0000  -37.5000   30.000011145.1338   14.8485
    7.5000  -37.5000   30.000010674.4492   14.8476
   -7.5000  -30.0000   30.000011593.4785   14.8109
    0.0000  -30.0000   30.000012158.1270   14.7898
    7.5000  -30.0000   30.000011687.7402   14.7862
   -7.5000  -22.5000   30.000012511.0605   14.7664
    0.0000  -22.5000   30.000013078.5264   14.7489
    7.5000  -22.5000   30.000012574.1973   14.7409
   -7.5000  -15.0000   30.000013313.0215   14.7252
    0.0000  -15.0000   30.000013867.1660   14.7048
    7.5000  -15.0000   30.000013327.5918   14.6960
   -7.5000   -7.5000   30.000013981.4600   14.6808
    0.0000   -7.5000   30.000014589.3789   14.6539
    7.5000   -7.5000   30.000013956.1299   14.6485
   -7.5000    0.0000   30.000014523.6289   14.6488
    0.0000    0.0000   30.000015146.1035   14.6179
    7.5000    0.0000   30.000014481.6484   14.6159
   -7.5000    7.5000   30.000013929.4883   14.6318
    0.0000    7.5000   30.000014502.5703   14.6040
    7.5000    7.5000   30.000013872.5840   14.6031
   -7.5000   15.0000   30.000013208.9531   14.6303
    0.0000   15.0000   30.000013730.9111   14.6094
    7.5000   15.0000   30.000013111.0596   14.6056
   -7.5000   22.5000   30.000012340.9385   14.6593
    0.0000   22.5000   30.000012804.6953   14.6415
    7.5000   22.5000   30.000012233.0957   14.6335
   -7.5000   30.0000   30.000011398.3936   14.5630
    0.0000   30.0000   30.000011842.9961   14.5426
    7.5000   30.0000   30.000011311.2119   14.5340
   -7.5000   37.5000   30.000010853.8711   14.6742
    0.0000   37.5000   30.000011287.1943   14.6471
    7.5000   37.5000   30.000010757.7832   14.6428
   -7.5000   45.0000   30.0000 9892.3711   14.4624
    0.0000   45.0000   30.000010289.7236   14.4308
    7.5000   45.0000   30.0000 9811.3896   14.4308
   -7.5000  -45.0000   37.5000 9578.5801   15.1394
    0.0000  -45.0000   37.500010044.8027   15.1032
    7.5000  -45.0000   37.5000 9631.3076   15.0961
   -7.5000  -37.5000   37.500010205.7129   15.0549
    0.0000  -37.5000   37.500010716.2207   15.0212
    7.5000  -37.5000   37.500010262.5400   15.0167
   -7.5000  -30.0000   37.500011176.2119   14.9894
    0.0000  -30.0000   37.500011724.3350   14.9625
    7.5000  -30.0000   37.500011228.7334   14.9578
   -7.5000  -22.5000   37.500012067.1182   14.9481
    0.0000  -22.5000   37.500012619.6299   14.9261
    7.5000  -22.5000   37.500012087.0244   14.9182
   -7.5000  -15.0000   37.500012802.8486   14.9093
    0.0000  -15.0000   37.500013368.2930   14.8861
    7.5000  -15.0000   37.500012809.4131   14.8766
   -7.5000   -7.5000   37.500013428.3350   14.8652
    0.0000   -7.5000   37.500014033.5986   14.8353
    7.5000   -7.5000   37.500013425.0820   14.8267
   -7.5000    0.0000   37.500013924.5137   14.8314
    0.0000    0.0000   37.500014545.8672   14.7963
    7.5000    0.0000   37.500013917.4863   14.7896
   -7.5000    7.5000   37.500013335.8145   14.8113
    0.0000    7.5000   37.500013900.6689   14.7783
    7.5000    7.5000   37.500013319.1592   14.7738
   -7.5000   15.0000   37.500012645.2578   14.8091
    0.0000   15.0000   37.500013166.2002   14.7825
    7.5000   15.0000   37.500012592.8428   14.7776
   -7.5000   22.5000   37.500011831.8203   14.8390
    0.0000   22.5000   37.500012309.0410   14.8168
    7.5000   22.5000   37.500011760.1270   14.8088
   -7.5000   30.0000   37.500010953.7109   14.7416
    0.0000   30.0000   37.500011385.9355   14.7185
    7.5000   30.0000   37.500010888.2861   14.7090
   -7.5000   37.5000   37.500010447.7588   14.8519
    0.0000   37.5000   37.500010862.5703   14.8217
    7.5000   37.5000   37.500010365.1807   14.8144
   -7.5000   45.0000   37.5000 9519.6484   14.6368
    0.0000   45.0000   37.5000 9904.9365   14.6012
    7.5000   45.0000   37.5000 9451.7441   14.5966
   -7.5000  -45.0000   45.0000 8842.5908   15.3647
    0.0000  -45.0000   45.0000 9263.6211   15.3209
    7.5000  -45.0000   45.0000 8871.6514   15.3069
   -7.5000  -37.5000   45.0000 9404.7646   15.2729
    0.0000  -37.5000   45.0000 9879.9131   15.2319
    7.5000  -37.5000   45.0000 9443.3975   15.2212
   -7.5000  -30.0000   45.000010295.8193   15.2005
    0.0000  -30.0000   45.000010806.0508   15.1659
    7.5000  -30.0000   45.000010319.3584   15.1557
   -7.5000  -22.5000   45.000011102.6191   15.1594
    0.0000  -22.5000   45.000011619.1895   15.1295
    7.5000  -22.5000   45.000011108.3262   15.1163
   -7.5000  -15.0000   45.000011780.1494   15.1268
    0.0000  -15.0000   45.000012314.2158   15.0957
    7.5000  -15.0000   45.000011775.1904   15.0800
   -7.5000   -7.5000   45.000012354.6143   15.0894
    0.0000   -7.5000   45.000012917.3193   15.0516
    7.5000   -7.5000   45.000012353.1602   15.0362
   -7.5000    0.0000   45.000012797.8301   15.0563
    0.0000    0.0000   45.000013378.2441   15.0139
    7.5000    0.0000   45.000012794.4629   15.0005
   -7.5000    7.5000   45.000012252.7832   15.0290
    0.0000    7.5000   45.000012768.8750   14.9889
    7.5000    7.5000   45.000012242.6924   14.9784
   -7.5000   15.0000   45.000011602.0928   15.0196
    0.0000   15.0000   45.000012092.0391   14.9855
    7.5000   15.0000   45.000011574.7129   14.9752
   -7.5000   22.5000   45.000010857.4736   15.0481
    0.0000   22.5000   45.000011320.2227   15.0182
    7.5000   22.5000   45.000010819.9922   15.0048
   -7.5000   30.0000   45.000010063.5654   14.9526
    0.0000   30.0000   45.000010471.7305   14.9216
    7.5000   30.0000   45.000010009.5273   14.9060
   -7.5000   37.5000   45.0000 9580.2471   15.0699
    0.0000   37.5000   45.0000 9977.4912   15.0318
    7.5000   37.5000   45.0000 9538.1602   15.0176
   -7.5000   45.0000   45.0000 8750.4727   14.8608
    0.0000   45.0000   45.0000 9124.6572   14.8180
    7.5000   45.0000   45.0000 8720.7119   14.8067

---------------------------------------------------------------------
imgreg_4dfp /opt/freesurfer/average/711-2C_as_mni_average_305 /opt/freesurfer/average/711-2B_as_mni_average_305_mask talsrcimg_g11 none talsrcimg_to_711-2C_as_mni_average_305_t4 4355
---------------------------------------------------------------------

freesurfer imgreg_4dfp.c
/opt/freesurfer/average/711-2C_as_mni_average_305.4dfp.img
       256       256       256         1
  1.000000  1.000000  1.000000
orientation T byte_order littleendian
Reading image: /opt/freesurfer/average/711-2C_as_mni_average_305.4dfp.img
dimensions:      256       256       256
mmppix:       1.0000   -1.0000   -1.0000
center:     128.0000 -129.0000 -129.0000
/opt/freesurfer/average/711-2B_as_mni_average_305_mask.4dfp.img
       256       256       256         1
  1.000000  1.000000  1.000000
orientation T byte_order littleendian
Reading mask: /opt/freesurfer/average/711-2B_as_mni_average_305_mask.4dfp.img (2306576 pixels)
talsrcimg_g11.4dfp.img
       256       256       256         1
  1.000000  1.000000  1.000000
orientation T byte_order littleendian
Reading image: talsrcimg_g11.4dfp.img
dimensions:      256       256       256
mmppix:       1.0000   -1.0000   -1.0000
center:     128.0000 -129.0000 -129.0000
rotation matrix determinant  1.000000
image alignment mode   4355 decimal     1103 hex
   -7.5000  -45.0000  -45.0000 2160.3596   15.8159
    0.0000  -45.0000  -45.0000 2164.9658   15.7769
    7.5000  -45.0000  -45.0000 2139.5286   15.9195
   -7.5000  -37.5000  -45.0000 2234.5488   14.6625
    0.0000  -37.5000  -45.0000 2240.7314   14.6209
    7.5000  -37.5000  -45.0000 2217.2322   14.7466
   -7.5000  -30.0000  -45.0000 2292.8992   13.7475
    0.0000  -30.0000  -45.0000 2296.8347   13.6996
    7.5000  -30.0000  -45.0000 2275.4719   13.8411
   -7.5000  -22.5000  -45.0000 2333.8474   13.0952
    0.0000  -22.5000  -45.0000 2340.0073   13.0407
    7.5000  -22.5000  -45.0000 2317.1023   13.1755
   -7.5000  -15.0000  -45.0000 2350.8030   12.6651
    0.0000  -15.0000  -45.0000 2360.5129   12.5978
    7.5000  -15.0000  -45.0000 2338.1589   12.7443
   -7.5000   -7.5000  -45.0000 2358.7258   12.4427
    0.0000   -7.5000  -45.0000 2369.6377   12.3824
    7.5000   -7.5000  -45.0000 2350.6687   12.5012
   -7.5000    0.0000  -45.0000 2355.6738   12.3885
    0.0000    0.0000  -45.0000 2366.7627   12.3306
    7.5000    0.0000  -45.0000 2348.5420   12.4679
   -7.5000    7.5000  -45.0000 2330.0684   12.6080
    0.0000    7.5000  -45.0000 2345.0337   12.5327
    7.5000    7.5000  -45.0000 2324.1624   12.6667
   -7.5000   15.0000  -45.0000 2284.1077   13.0891
    0.0000   15.0000  -45.0000 2301.1663   13.0178
    7.5000   15.0000  -45.0000 2281.3174   13.1617
   -7.5000   22.5000  -45.0000 2220.7942   13.8481
    0.0000   22.5000  -45.0000 2234.0972   13.7648
    7.5000   22.5000  -45.0000 2218.2383   13.9110
   -7.5000   30.0000  -45.0000 2135.9724   14.9002
    0.0000   30.0000  -45.0000 2149.3918   14.7840
    7.5000   30.0000  -45.0000 2133.2610   14.9710
   -7.5000   37.5000  -45.0000 2041.3854   16.3172
    0.0000   37.5000  -45.0000 2055.1072   16.1632
    7.5000   37.5000  -45.0000 2039.2087   16.4107
   -7.5000   45.0000  -45.0000 1931.3711   18.2637
    0.0000   45.0000  -45.0000 1947.7849   18.0776
    7.5000   45.0000  -45.0000 1937.5409   18.3126
   -7.5000  -45.0000  -37.5000 2247.8938   14.7055
    0.0000  -45.0000  -37.5000 2251.5073   14.6563
    7.5000  -45.0000  -37.5000 2228.7483   14.7807
   -7.5000  -37.5000  -37.5000 2327.4492   13.5813
    0.0000  -37.5000  -37.5000 2330.3267   13.5600
    7.5000  -37.5000  -37.5000 2310.5200   13.6839
   -7.5000  -30.0000  -37.5000 2385.6179   12.7347
    0.0000  -30.0000  -37.5000 2390.2053   12.6947
    7.5000  -30.0000  -37.5000 2366.1221   12.8189
   -7.5000  -22.5000  -37.5000 2426.4316   12.1387
    0.0000  -22.5000  -37.5000 2434.6987   12.0958
    7.5000  -22.5000  -37.5000 2405.2888   12.2009
   -7.5000  -15.0000  -37.5000 2448.1528   11.7579
    0.0000  -15.0000  -37.5000 2460.6829   11.6900
    7.5000  -15.0000  -37.5000 2434.8940   11.8065
   -7.5000   -7.5000  -37.5000 2453.4927   11.5737
    0.0000   -7.5000  -37.5000 2468.1567   11.5161
    7.5000   -7.5000  -37.5000 2446.9993   11.6129
   -7.5000    0.0000  -37.5000 2447.4500   11.5526
    0.0000    0.0000  -37.5000 2460.7034   11.4912
    7.5000    0.0000  -37.5000 2442.2295   11.5974
   -7.5000    7.5000  -37.5000 2419.4395   11.7341
    0.0000    7.5000  -37.5000 2439.5652   11.6568
    7.5000    7.5000  -37.5000 2419.2417   11.7749
   -7.5000   15.0000  -37.5000 2376.0144   12.1482
    0.0000   15.0000  -37.5000 2396.7354   12.0741
    7.5000   15.0000  -37.5000 2373.3816   12.1772
   -7.5000   22.5000  -37.5000 2309.7131   12.8199
    0.0000   22.5000  -37.5000 2329.6184   12.7440
    7.5000   22.5000  -37.5000 2308.3020   12.8558
   -7.5000   30.0000  -37.5000 2219.5693   13.7939
    0.0000   30.0000  -37.5000 2235.3887   13.6837
    7.5000   30.0000  -37.5000 2216.3425   13.8174
   -7.5000   37.5000  -37.5000 2116.1738   15.1112
    0.0000   37.5000  -37.5000 2130.6648   14.9690
    7.5000   37.5000  -37.5000 2113.2756   15.1265
   -7.5000   45.0000  -37.5000 2001.8292   16.8698
    0.0000   45.0000  -37.5000 2020.5635   16.6970
    7.5000   45.0000  -37.5000 2005.7188   16.8758
   -7.5000  -45.0000  -30.0000 2371.4590   14.1623
    0.0000  -45.0000  -30.0000 2377.5527   14.1392
    7.5000  -45.0000  -30.0000 2349.5876   14.2329
   -7.5000  -37.5000  -30.0000 2453.2056   13.0789
    0.0000  -37.5000  -30.0000 2458.7771   13.0427
    7.5000  -37.5000  -30.0000 2433.4146   13.1537
   -7.5000  -30.0000  -30.0000 2512.7109   12.2320
    0.0000  -30.0000  -30.0000 2520.1917   12.1893
    7.5000  -30.0000  -30.0000 2491.9373   12.2915
   -7.5000  -22.5000  -30.0000 2561.9897   11.6404
    0.0000  -22.5000  -30.0000 2569.7634   11.5728
    7.5000  -22.5000  -30.0000 2541.5940   11.6795
   -7.5000  -15.0000  -30.0000 2591.9102   11.2646
    0.0000  -15.0000  -30.0000 2602.0598   11.2014
    7.5000  -15.0000  -30.0000 2579.7781   11.3068
   -7.5000   -7.5000  -30.0000 2605.2229   11.0987
    0.0000   -7.5000  -30.0000 2620.6299   11.0449
    7.5000   -7.5000  -30.0000 2595.8484   11.1331
   -7.5000    0.0000  -30.0000 2596.7356   11.1164
    0.0000    0.0000  -30.0000 2612.5366   11.0352
    7.5000    0.0000  -30.0000 2589.9041   11.1404
   -7.5000    7.5000  -30.0000 2563.9788   11.2972
    0.0000    7.5000  -30.0000 2586.1643   11.2269
    7.5000    7.5000  -30.0000 2563.1035   11.3202
   -7.5000   15.0000  -30.0000 2515.9778   11.6666
    0.0000   15.0000  -30.0000 2540.3435   11.5988
    7.5000   15.0000  -30.0000 2515.0896   11.6891
   -7.5000   22.5000  -30.0000 2445.5227   12.2990
    0.0000   22.5000  -30.0000 2467.1189   12.2158
    7.5000   22.5000  -30.0000 2445.1978   12.3083
   -7.5000   30.0000  -30.0000 2348.5808   13.1978
    0.0000   30.0000  -30.0000 2367.0520   13.1071
    7.5000   30.0000  -30.0000 2346.6272   13.2127
   -7.5000   37.5000  -30.0000 2234.6978   14.4253
    0.0000   37.5000  -30.0000 2248.9946   14.3165
    7.5000   37.5000  -30.0000 2232.0371   14.4575
   -7.5000   45.0000  -30.0000 2107.5066   16.1100
    0.0000   45.0000  -30.0000 2124.8040   15.9686
    7.5000   45.0000  -30.0000 2110.7498   16.1271
   -7.5000  -45.0000  -22.5000 2455.8992   13.5959
    0.0000  -45.0000  -22.5000 2461.6357   13.5414
    7.5000  -45.0000  -22.5000 2435.0510   13.6647
   -7.5000  -37.5000  -22.5000 2542.4521   12.5147
    0.0000  -37.5000  -22.5000 2548.7224   12.4628
    7.5000  -37.5000  -22.5000 2520.2617   12.5774
   -7.5000  -30.0000  -22.5000 2613.7520   11.6535
    0.0000  -30.0000  -22.5000 2617.9954   11.6188
    7.5000  -30.0000  -22.5000 2588.8335   11.7238
   -7.5000  -22.5000  -22.5000 2667.1780   11.0604
    0.0000  -22.5000  -22.5000 2677.2266   11.0145
    7.5000  -22.5000  -22.5000 2650.9509   11.1225
   -7.5000  -15.0000  -22.5000 2699.9309   10.7062
    0.0000  -15.0000  -22.5000 2714.9851   10.6446
    7.5000  -15.0000  -22.5000 2691.4321   10.7515
   -7.5000   -7.5000  -22.5000 2723.0415   10.5558
    0.0000   -7.5000  -22.5000 2734.8801   10.4862
    7.5000   -7.5000  -22.5000 2712.0610   10.5736
   -7.5000    0.0000  -22.5000 2718.8601   10.5738
    0.0000    0.0000  -22.5000 2733.4011   10.5049
    7.5000    0.0000  -22.5000 2709.7424   10.5909
   -7.5000    7.5000  -22.5000 2688.6914   10.7617
    0.0000    7.5000  -22.5000 2710.3049   10.6903
    7.5000    7.5000  -22.5000 2683.4272   10.7818
   -7.5000   15.0000  -22.5000 2633.7483   11.1309
    0.0000   15.0000  -22.5000 2660.2590   11.0613
    7.5000   15.0000  -22.5000 2634.0051   11.1526
   -7.5000   22.5000  -22.5000 2556.2773   11.7261
    0.0000   22.5000  -22.5000 2580.9324   11.6355
    7.5000   22.5000  -22.5000 2559.2175   11.7529
   -7.5000   30.0000  -22.5000 2448.0828   12.5551
    0.0000   30.0000  -22.5000 2470.5422   12.4685
    7.5000   30.0000  -22.5000 2450.8894   12.5910
   -7.5000   37.5000  -22.5000 2324.0879   13.7061
    0.0000   37.5000  -22.5000 2343.6882   13.6249
    7.5000   37.5000  -22.5000 2326.1877   13.7601
   -7.5000   45.0000  -22.5000 2189.7747   15.3009
    0.0000   45.0000  -22.5000 2210.2412   15.2167
    7.5000   45.0000  -22.5000 2194.4810   15.3787
   -7.5000  -45.0000  -15.0000 2499.6555   13.0842
    0.0000  -45.0000  -15.0000 2506.5056   13.0309
    7.5000  -45.0000  -15.0000 2476.5088   13.1815
   -7.5000  -37.5000  -15.0000 2591.5767   12.0147
    0.0000  -37.5000  -15.0000 2596.5334   11.9421
    7.5000  -37.5000  -15.0000 2567.7258   12.0905
   -7.5000  -30.0000  -15.0000 2670.0737   11.1591
    0.0000  -30.0000  -15.0000 2678.7922   11.1090
    7.5000  -30.0000  -15.0000 2649.1968   11.2387
   -7.5000  -22.5000  -15.0000 2737.0598   10.5473
    0.0000  -22.5000  -15.0000 2751.0891   10.5035
    7.5000  -22.5000  -15.0000 2723.0818   10.6329
   -7.5000  -15.0000  -15.0000 2780.9722   10.1692
    0.0000  -15.0000  -15.0000 2796.7334   10.1198
    7.5000  -15.0000  -15.0000 2769.6804   10.2460
   -7.5000   -7.5000  -15.0000 2809.5020    9.9927
    0.0000   -7.5000  -15.0000 2822.9478    9.9320
    7.5000   -7.5000  -15.0000 2797.0090   10.0299
   -7.5000    0.0000  -15.0000 2809.7393   10.0245
    0.0000    0.0000  -15.0000 2828.6675    9.9531
    7.5000    0.0000  -15.0000 2802.4478   10.0572
   -7.5000    7.5000  -15.0000 2784.2605   10.2184
    0.0000    7.5000  -15.0000 2809.1211   10.1449
    7.5000    7.5000  -15.0000 2779.0476   10.2423
   -7.5000   15.0000  -15.0000 2726.4358   10.5897
    0.0000   15.0000  -15.0000 2753.1089   10.5179
    7.5000   15.0000  -15.0000 2727.1848   10.6123
   -7.5000   22.5000  -15.0000 2638.3130   11.1690
    0.0000   22.5000  -15.0000 2663.4360   11.0847
    7.5000   22.5000  -15.0000 2639.7830   11.2019
   -7.5000   30.0000  -15.0000 2526.7173   11.9738
    0.0000   30.0000  -15.0000 2546.2332   11.9003
    7.5000   30.0000  -15.0000 2523.8657   12.0134
   -7.5000   37.5000  -15.0000 2389.8311   13.0929
    0.0000   37.5000  -15.0000 2411.9705   13.0003
    7.5000   37.5000  -15.0000 2393.9031   13.1451
   -7.5000   45.0000  -15.0000 2246.9199   14.6095
    0.0000   45.0000  -15.0000 2268.9050   14.5234
    7.5000   45.0000  -15.0000 2253.3943   14.6724
   -7.5000  -45.0000   -7.5000 2519.5103   12.6773
    0.0000  -45.0000   -7.5000 2525.0688   12.6063
    7.5000  -45.0000   -7.5000 2497.9883   12.8014
   -7.5000  -37.5000   -7.5000 2618.9463   11.6029
    0.0000  -37.5000   -7.5000 2624.0637   11.5238
    7.5000  -37.5000   -7.5000 2596.5640   11.7111
   -7.5000  -30.0000   -7.5000 2703.9553   10.7517
    0.0000  -30.0000   -7.5000 2713.2405   10.6958
    7.5000  -30.0000   -7.5000 2687.6521   10.8590
   -7.5000  -22.5000   -7.5000 2781.9102   10.1379
    0.0000  -22.5000   -7.5000 2798.1289   10.0878
    7.5000  -22.5000   -7.5000 2769.6594   10.2393
   -7.5000  -15.0000   -7.5000 2840.1716    9.7238
    0.0000  -15.0000   -7.5000 2861.5667    9.6651
    7.5000  -15.0000   -7.5000 2827.5234    9.8275
   -7.5000   -7.5000   -7.5000 2875.4875    9.5141
    0.0000   -7.5000   -7.5000 2902.3679    9.4373
    7.5000   -7.5000   -7.5000 2868.9658    9.6005
   -7.5000    0.0000   -7.5000 2885.1660    9.5361
    0.0000    0.0000   -7.5000 2911.1917    9.4515
    7.5000    0.0000   -7.5000 2881.0710    9.5892
   -7.5000    7.5000   -7.5000 2860.0916    9.7239
    0.0000    7.5000   -7.5000 2889.8640    9.6417
    7.5000    7.5000   -7.5000 2859.0605    9.7671
   -7.5000   15.0000   -7.5000 2794.0293   10.0999
    0.0000   15.0000   -7.5000 2825.7917   10.0153
    7.5000   15.0000   -7.5000 2800.1201   10.1355
   -7.5000   22.5000   -7.5000 2695.1104   10.6711
    0.0000   22.5000   -7.5000 2723.7188   10.5837
    7.5000   22.5000   -7.5000 2700.6013   10.7235
   -7.5000   30.0000   -7.5000 2570.6526   11.4699
    0.0000   30.0000   -7.5000 2596.9685   11.3927
    7.5000   30.0000   -7.5000 2571.8862   11.5375
   -7.5000   37.5000   -7.5000 2431.5247   12.5810
    0.0000   37.5000   -7.5000 2457.0610   12.5126
    7.5000   37.5000   -7.5000 2434.9651   12.6677
   -7.5000   45.0000   -7.5000 2283.2202   14.0465
    0.0000   45.0000   -7.5000 2302.3931   13.9645
    7.5000   45.0000   -7.5000 2288.8735   14.1103
   -7.5000  -45.0000    0.0000 2530.4072   12.4182
    0.0000  -45.0000    0.0000 2534.9644   12.3443
    7.5000  -45.0000    0.0000 2510.9182   12.6015
   -7.5000  -37.5000    0.0000 2629.0249   11.3326
    0.0000  -37.5000    0.0000 2638.3857   11.2246
    7.5000  -37.5000    0.0000 2607.5149   11.4652
   -7.5000  -30.0000    0.0000 2716.1033   10.4777
    0.0000  -30.0000    0.0000 2729.2893   10.3762
    7.5000  -30.0000    0.0000 2701.7512   10.5967
   -7.5000  -22.5000    0.0000 2800.5422    9.8708
    0.0000  -22.5000    0.0000 2822.1841    9.7796
    7.5000  -22.5000    0.0000 2790.5996    9.9642
   -7.5000  -15.0000    0.0000 2877.6438    9.4636
    0.0000  -15.0000    0.0000 2910.2415    9.3716
    7.5000  -15.0000    0.0000 2866.1326    9.5566
   -7.5000   -7.5000    0.0000 2929.5090    9.2368
    0.0000   -7.5000    0.0000 2969.0901    9.1239
    7.5000   -7.5000    0.0000 2925.0913    9.3266
   -7.5000    0.0000    0.0000 2945.4949    9.2192
    0.0000    0.0000    0.0000 2982.4502    9.0909
    7.5000    0.0000    0.0000 2940.0730    9.2978
   -7.5000    7.5000    0.0000 2912.1250    9.4089
    0.0000    7.5000    0.0000 2947.5745    9.3030
    7.5000    7.5000    0.0000 2913.5579    9.4767
   -7.5000   15.0000    0.0000 2837.8499    9.7690
    0.0000   15.0000    0.0000 2873.9421    9.6675
    7.5000   15.0000    0.0000 2843.8318    9.8283
   -7.5000   22.5000    0.0000 2733.7393   10.3391
    0.0000   22.5000    0.0000 2765.5317   10.2431
    7.5000   22.5000    0.0000 2741.7456   10.3966
   -7.5000   30.0000    0.0000 2598.4282   11.1754
    0.0000   30.0000    0.0000 2625.9722   11.0865
    7.5000   30.0000    0.0000 2603.3748   11.2334
   -7.5000   37.5000    0.0000 2453.3809   12.3162
    0.0000   37.5000    0.0000 2479.9756   12.2271
    7.5000   37.5000    0.0000 2460.8130   12.3728
   -7.5000   45.0000    0.0000 2301.9690   13.7799
    0.0000   45.0000    0.0000 2322.8345   13.6797
    7.5000   45.0000    0.0000 2310.2412   13.8139
   -7.5000  -45.0000    7.5000 2529.6948   12.3289
    0.0000  -45.0000    7.5000 2536.9761   12.2732
    7.5000  -45.0000    7.5000 2511.6021   12.5658
   -7.5000  -37.5000    7.5000 2627.9900   11.1914
    0.0000  -37.5000    7.5000 2638.7549   11.0968
    7.5000  -37.5000    7.5000 2610.6287   11.3866
   -7.5000  -30.0000    7.5000 2715.9688   10.3312
    0.0000  -30.0000    7.5000 2734.1040   10.2205
    7.5000  -30.0000    7.5000 2706.3298   10.4845
   -7.5000  -22.5000    7.5000 2806.8242    9.7148
    0.0000  -22.5000    7.5000 2831.6494    9.5890
    7.5000  -22.5000    7.5000 2798.1245    9.8335
   -7.5000  -15.0000    7.5000 2892.9358    9.3403
    0.0000  -15.0000    7.5000 2929.1501    9.2224
    7.5000  -15.0000    7.5000 2884.5278    9.4275
   -7.5000   -7.5000    7.5000 2956.2505    9.1647
    0.0000   -7.5000    7.5000 3004.0999    9.0193
    7.5000   -7.5000    7.5000 2948.5747    9.2225
   -7.5000    0.0000    7.5000 2977.2603    9.1456
    0.0000    0.0000    7.5000 3020.9636    8.9985
    7.5000    0.0000    7.5000 2972.4014    9.1953
   -7.5000    7.5000    7.5000 2943.2410    9.3047
    0.0000    7.5000    7.5000 2984.1184    9.1824
    7.5000    7.5000    7.5000 2945.1646    9.3530
   -7.5000   15.0000    7.5000 2859.0605    9.6506
    0.0000   15.0000    7.5000 2895.5173    9.5501
    7.5000   15.0000    7.5000 2868.2434    9.7158
   -7.5000   22.5000    7.5000 2747.5447   10.2080
    0.0000   22.5000    7.5000 2775.2073   10.1248
    7.5000   22.5000    7.5000 2757.4441   10.2814
   -7.5000   30.0000    7.5000 2608.4143   11.0660
    0.0000   30.0000    7.5000 2633.5833   10.9764
    7.5000   30.0000    7.5000 2616.5776   11.1233
   -7.5000   37.5000    7.5000 2457.0510   12.2069
    0.0000   37.5000    7.5000 2484.6643   12.1210
    7.5000   37.5000    7.5000 2466.4304   12.2575
   -7.5000   45.0000    7.5000 2302.9697   13.6426
    0.0000   45.0000    7.5000 2326.1543   13.5639
    7.5000   45.0000    7.5000 2314.4771   13.6954
   -7.5000  -45.0000   15.0000 2515.5286   12.3674
    0.0000  -45.0000   15.0000 2524.3848   12.3220
    7.5000  -45.0000   15.0000 2499.8347   12.6489
   -7.5000  -37.5000   15.0000 2611.7500   11.2301
    0.0000  -37.5000   15.0000 2624.1982   11.1396
    7.5000  -37.5000   15.0000 2604.3613   11.4472
   -7.5000  -30.0000   15.0000 2699.5818   10.3700
    0.0000  -30.0000   15.0000 2721.0723   10.2499
    7.5000  -30.0000   15.0000 2702.3186   10.5362
   -7.5000  -22.5000   15.0000 2791.2188    9.7607
    0.0000  -22.5000   15.0000 2816.6035    9.6291
    7.5000  -22.5000   15.0000 2790.9324    9.8854
   -7.5000  -15.0000   15.0000 2876.9746    9.4014
    0.0000  -15.0000   15.0000 2911.9631    9.2628
    7.5000  -15.0000   15.0000 2874.3484    9.4934
   -7.5000   -7.5000   15.0000 2943.1750    9.2273
    0.0000   -7.5000   15.0000 2984.0281    9.0683
    7.5000   -7.5000   15.0000 2939.6851    9.2769
   -7.5000    0.0000   15.0000 2964.7683    9.2271
    0.0000    0.0000   15.0000 3002.0713    9.0890
    7.5000    0.0000   15.0000 2961.3887    9.2620
   -7.5000    7.5000   15.0000 2934.6641    9.3910
    0.0000    7.5000   15.0000 2971.2278    9.3058
    7.5000    7.5000   15.0000 2930.7458    9.4444
   -7.5000   15.0000   15.0000 2846.3179    9.7477
    0.0000   15.0000   15.0000 2881.1357    9.6821
    7.5000   15.0000   15.0000 2853.9976    9.8116
   -7.5000   22.5000   15.0000 2730.8872   10.2919
    0.0000   22.5000   15.0000 2754.9055   10.2249
    7.5000   22.5000   15.0000 2737.3530   10.3678
   -7.5000   30.0000   15.0000 2594.2109   11.1243
    0.0000   30.0000   15.0000 2617.1724   11.0357
    7.5000   30.0000   15.0000 2605.1941   11.1704
   -7.5000   37.5000   15.0000 2445.4775   12.2335
    0.0000   37.5000   15.0000 2467.8699   12.1516
    7.5000   37.5000   15.0000 2457.1821   12.2741
   -7.5000   45.0000   15.0000 2290.9841   13.6258
    0.0000   45.0000   15.0000 2311.6260   13.5521
    7.5000   45.0000   15.0000 2302.1606   13.6913
   -7.5000  -45.0000   22.5000 2490.0703   12.5813
    0.0000  -45.0000   22.5000 2500.0164   12.5191
    7.5000  -45.0000   22.5000 2476.2170   12.8538
   -7.5000  -37.5000   22.5000 2583.3545   11.4365
    0.0000  -37.5000   22.5000 2597.9924   11.3429
    7.5000  -37.5000   22.5000 2577.7480   11.6490
   -7.5000  -30.0000   22.5000 2671.4277   10.5787
    0.0000  -30.0000   22.5000 2695.1543   10.4515
    7.5000  -30.0000   22.5000 2675.9399   10.7448
   -7.5000  -22.5000   22.5000 2759.5098   10.0063
    0.0000  -22.5000   22.5000 2785.8342    9.8535
    7.5000  -22.5000   22.5000 2762.3638   10.1271
   -7.5000  -15.0000   22.5000 2839.8096    9.6614
    0.0000  -15.0000   22.5000 2870.7986    9.5076
    7.5000  -15.0000   22.5000 2845.1455    9.7383
   -7.5000   -7.5000   22.5000 2898.3447    9.4977
    0.0000   -7.5000   22.5000 2929.7739    9.3487
    7.5000   -7.5000   22.5000 2902.5588    9.5260
   -7.5000    0.0000   22.5000 2913.6028    9.4996
    0.0000    0.0000   22.5000 2948.2231    9.3798
    7.5000    0.0000   22.5000 2918.0430    9.5319
   -7.5000    7.5000   22.5000 2885.8777    9.6661
    0.0000    7.5000   22.5000 2918.8984    9.5672
    7.5000    7.5000   22.5000 2886.8115    9.7154
   -7.5000   15.0000   22.5000 2808.3184   10.0373
    0.0000   15.0000   22.5000 2839.0696    9.9567
    7.5000   15.0000   22.5000 2813.6692   10.0868
   -7.5000   22.5000   22.5000 2694.1772   10.5769
    0.0000   22.5000   22.5000 2714.0789   10.5017
    7.5000   22.5000   22.5000 2697.7322   10.6394
   -7.5000   30.0000   22.5000 2558.6941   11.3621
    0.0000   30.0000   22.5000 2581.5933   11.2735
    7.5000   30.0000   22.5000 2569.6770   11.3966
   -7.5000   37.5000   22.5000 2416.8733   12.4085
    0.0000   37.5000   22.5000 2439.6599   12.3262
    7.5000   37.5000   22.5000 2426.8025   12.4461
   -7.5000   45.0000   22.5000 2267.2339   13.7851
    0.0000   45.0000   22.5000 2286.3293   13.6983
    7.5000   45.0000   22.5000 2275.5457   13.8328
   -7.5000  -45.0000   30.0000 2452.8232   12.9647
    0.0000  -45.0000   30.0000 2461.7559   12.8882
    7.5000  -45.0000   30.0000 2438.1006   13.2416
   -7.5000  -37.5000   30.0000 2549.4370   11.8044
    0.0000  -37.5000   30.0000 2565.1926   11.7139
    7.5000  -37.5000   30.0000 2542.0000   12.0213
   -7.5000  -30.0000   30.0000 2631.4688   10.9647
    0.0000  -30.0000   30.0000 2654.6899   10.8379
    7.5000  -30.0000   30.0000 2635.2283   11.1433
   -7.5000  -22.5000   30.0000 2714.1487   10.4191
    0.0000  -22.5000   30.0000 2739.8469   10.2783
    7.5000  -22.5000   30.0000 2719.6172   10.5305
   -7.5000  -15.0000   30.0000 2789.6497   10.0900
    0.0000  -15.0000   30.0000 2815.3435    9.9503
    7.5000  -15.0000   30.0000 2796.7573   10.1649
   -7.5000   -7.5000   30.0000 2833.0352    9.9343
    0.0000   -7.5000   30.0000 2863.5820    9.8136
    7.5000   -7.5000   30.0000 2844.4434    9.9824
   -7.5000    0.0000   30.0000 2832.6467    9.9607
    0.0000    0.0000   30.0000 2863.2500    9.8450
    7.5000    0.0000   30.0000 2846.2944    9.9996
   -7.5000    7.5000   30.0000 2801.5588   10.1445
    0.0000    7.5000   30.0000 2830.5413   10.0266
    7.5000    7.5000   30.0000 2814.2104   10.1725
   -7.5000   15.0000   30.0000 2738.4763   10.4801
    0.0000   15.0000   30.0000 2762.4458   10.3887
    7.5000   15.0000   30.0000 2742.0999   10.5179
   -7.5000   22.5000   30.0000 2633.8972   11.0172
    0.0000   22.5000   30.0000 2653.5518   10.9360
    7.5000   22.5000   30.0000 2639.6487   11.0536
   -7.5000   30.0000   30.0000 2509.0432   11.7820
    0.0000   30.0000   30.0000 2530.1313   11.6981
    7.5000   30.0000   30.0000 2518.6428   11.8012
   -7.5000   37.5000   30.0000 2371.6931   12.7675
    0.0000   37.5000   30.0000 2397.7192   12.6733
    7.5000   37.5000   30.0000 2384.2761   12.8014
   -7.5000   45.0000   30.0000 2226.5657   14.0866
    0.0000   45.0000   30.0000 2246.1650   13.9934
    7.5000   45.0000   30.0000 2236.7830   14.0990
   -7.5000  -45.0000   37.5000 2410.7446   13.5123
    0.0000  -45.0000   37.5000 2418.6484   13.4226
    7.5000  -45.0000   37.5000 2396.5969   13.7643
   -7.5000  -37.5000   37.5000 2511.8569   12.3222
    0.0000  -37.5000   37.5000 2528.4092   12.2295
    7.5000  -37.5000   37.5000 2502.5876   12.5440
   -7.5000  -30.0000   37.5000 2594.4111   11.5011
    0.0000  -30.0000   37.5000 2618.6147   11.3943
    7.5000  -30.0000   37.5000 2591.8445   11.6628
   -7.5000  -22.5000   37.5000 2668.6311   10.9798
    0.0000  -22.5000   37.5000 2693.8728   10.8493
    7.5000  -22.5000   37.5000 2670.6208   11.0838
   -7.5000  -15.0000   37.5000 2727.6208   10.6434
    0.0000  -15.0000   37.5000 2750.7432   10.5386
    7.5000  -15.0000   37.5000 2731.7700   10.7255
   -7.5000   -7.5000   37.5000 2756.7441   10.5025
    0.0000   -7.5000   37.5000 2783.2324   10.4075
    7.5000   -7.5000   37.5000 2765.6118   10.5614
   -7.5000    0.0000   37.5000 2746.5281   10.5513
    0.0000    0.0000   37.5000 2774.2937   10.4404
    7.5000    0.0000   37.5000 2760.1775   10.5913
   -7.5000    7.5000   37.5000 2707.0283   10.7320
    0.0000    7.5000   37.5000 2733.4526   10.6226
    7.5000    7.5000   37.5000 2722.9160   10.7709
   -7.5000   15.0000   37.5000 2646.8745   11.0638
    0.0000   15.0000   37.5000 2672.5916   10.9670
    7.5000   15.0000   37.5000 2655.1858   11.1078
   -7.5000   22.5000   37.5000 2557.3386   11.5853
    0.0000   22.5000   37.5000 2576.5955   11.4969
    7.5000   22.5000   37.5000 2563.4744   11.6264
   -7.5000   30.0000   37.5000 2446.4062   12.3162
    0.0000   30.0000   37.5000 2462.4565   12.2387
    7.5000   30.0000   37.5000 2455.8865   12.3378
   -7.5000   37.5000   37.5000 2319.0232   13.2765
    0.0000   37.5000   37.5000 2340.6663   13.1914
    7.5000   37.5000   37.5000 2327.2664   13.3073
   -7.5000   45.0000   37.5000 2176.4246   14.5731
    0.0000   45.0000   37.5000 2195.9387   14.4824
    7.5000   45.0000   37.5000 2184.2903   14.5987
   -7.5000  -45.0000   45.0000 2367.4199   14.2412
    0.0000  -45.0000   45.0000 2375.1897   14.1470
    7.5000  -45.0000   45.0000 2352.7468   14.4830
   -7.5000  -37.5000   45.0000 2463.3416   13.0094
    0.0000  -37.5000   45.0000 2482.6633   12.9391
    7.5000  -37.5000   45.0000 2452.8242   13.2328
   -7.5000  -30.0000   45.0000 2541.0100   12.1916
    0.0000  -30.0000   45.0000 2564.9475   12.1096
    7.5000  -30.0000   45.0000 2534.4998   12.3483
   -7.5000  -22.5000   45.0000 2604.9182   11.6578
    0.0000  -22.5000   45.0000 2628.3047   11.5536
    7.5000  -22.5000   45.0000 2603.5881   11.7578
   -7.5000  -15.0000   45.0000 2652.8347   11.3439
    0.0000  -15.0000   45.0000 2674.9797   11.2617
    7.5000  -15.0000   45.0000 2652.3501   11.4176
   -7.5000   -7.5000   45.0000 2671.6580   11.2338
    0.0000   -7.5000   45.0000 2695.1821   11.1526
    7.5000   -7.5000   45.0000 2677.0410   11.2894
   -7.5000    0.0000   45.0000 2653.3572   11.2741
    0.0000    0.0000   45.0000 2678.7869   11.1825
    7.5000    0.0000   45.0000 2666.0603   11.3160
   -7.5000    7.5000   45.0000 2612.4336   11.4668
    0.0000    7.5000   45.0000 2632.3413   11.3653
    7.5000    7.5000   45.0000 2627.1653   11.5116
   -7.5000   15.0000   45.0000 2555.3296   11.7812
    0.0000   15.0000   45.0000 2576.1433   11.6906
    7.5000   15.0000   45.0000 2566.6536   11.8218
   -7.5000   22.5000   45.0000 2475.3000   12.2690
    0.0000   22.5000   45.0000 2498.0840   12.1843
    7.5000   22.5000   45.0000 2484.0669   12.2896
   -7.5000   30.0000   45.0000 2378.5344   12.9639
    0.0000   30.0000   45.0000 2391.8589   12.8736
    7.5000   30.0000   45.0000 2380.4668   12.9842
   -7.5000   37.5000   45.0000 2256.2278   13.9167
    0.0000   37.5000   45.0000 2270.5955   13.8325
    7.5000   37.5000   45.0000 2264.9756   13.9333
   -7.5000   45.0000   45.0000 2119.2095   15.2671
    0.0000   45.0000   45.0000 2137.6069   15.1439
    7.5000   45.0000   45.0000 2131.7622   15.2590

---------------------------------------------------------------------
imgreg_4dfp /opt/freesurfer/average/711-2C_as_mni_average_305 /opt/freesurfer/average/711-2B_as_mni_average_305_mask talsrcimg_g11 none talsrcimg_to_711-2C_as_mni_average_305_t4 1283
---------------------------------------------------------------------

freesurfer imgreg_4dfp.c
/opt/freesurfer/average/711-2C_as_mni_average_305.4dfp.img
       256       256       256         1
  1.000000  1.000000  1.000000
orientation T byte_order littleendian
Reading image: /opt/freesurfer/average/711-2C_as_mni_average_305.4dfp.img
dimensions:      256       256       256
mmppix:       1.0000   -1.0000   -1.0000
center:     128.0000 -129.0000 -129.0000
/opt/freesurfer/average/711-2B_as_mni_average_305_mask.4dfp.img
       256       256       256         1
  1.000000  1.000000  1.000000
orientation T byte_order littleendian
Reading mask: /opt/freesurfer/average/711-2B_as_mni_average_305_mask.4dfp.img (2306576 pixels)
talsrcimg_g11.4dfp.img
       256       256       256         1
  1.000000  1.000000  1.000000
orientation T byte_order littleendian
Reading image: talsrcimg_g11.4dfp.img
dimensions:      256       256       256
mmppix:       1.0000   -1.0000   -1.0000
center:     128.0000 -129.0000 -129.0000
rotation matrix determinant  1.000000
fimgreg.f
image alignment mode   1283 decimal      503 hex
parameters
    0.0000    0.0000    7.5000    0.0000    0.0000    0.0000
eta,q 0.94915  8.98562
niter,ni,del,rscale     5    3   12.0000    1.2000
parameter  4  1.270332 ->  0.500000 qaram    1.1500
parameter  6  1.053097 ->  0.500000 qaram    1.1500
parameters
   -0.2725   -0.4086    8.2670   -3.4500   -2.3246   -3.4500
eta,q 0.95654  8.92364
  0.0617  0.0588  0.0577  0.0460  0.0478  0.0436
  0.0560  0.0552  0.0538  0.0467  0.0463  0.0433
  0.0523  0.0517  0.0514  0.0477  0.0461  0.0442
  0.0505  0.0504  0.0503  0.0503  0.0468  0.0461
  0.0522  0.0528  0.0508  0.0545  0.0484  0.0485
  0.0575  0.0566  0.0522  0.0585  0.0504  0.0511
  0.0642  0.0614  0.0545  0.0616  0.0532  0.0537
niter,ni,del,rscale     6    3   12.0000    1.2000
parameter  4  0.575890 ->  0.500000 qaram    1.3225
parameters
   -0.0915   -0.1748    7.9608   -7.4175   -1.7042   -6.3333
eta,q 0.95905  8.92674
  0.0577  0.0553  0.0501  0.0427  0.0487  0.0432
  0.0506  0.0494  0.0463  0.0424  0.0457  0.0415
  0.0456  0.0455  0.0440  0.0426  0.0436  0.0410
  0.0435  0.0434  0.0434  0.0433  0.0425  0.0423
  0.0448  0.0442  0.0448  0.0464  0.0422  0.0442
  0.0496  0.0483  0.0477  0.0509  0.0440  0.0462
  0.0562  0.0538  0.0511  0.0558  0.0469  0.0489
niter,ni,del,rscale     6    3   12.0000    1.2000
parameters
   -0.3309    1.1701    7.6082   -8.9549   -1.0110   -6.0233
eta,q 0.96033  8.92727
  0.0553  0.0539  0.0489  0.0451  0.0477  0.0446
  0.0471  0.0478  0.0441  0.0422  0.0442  0.0421
  0.0423  0.0435  0.0407  0.0402  0.0414  0.0404
  0.0410  0.0410  0.0403  0.0401  0.0399  0.0397
  0.0432  0.0404  0.0430  0.0424  0.0399  0.0400
  0.0496  0.0423  0.0463  0.0462  0.0418  0.0415
  0.0571  0.0460  0.0499  0.0514  0.0451  0.0439
niter,ni,del,rscale     5    3   12.0000    1.2000
parameters
   -0.4969    1.7456    7.4449   -9.4049   -0.8601   -5.8995
eta,q 0.96057  8.92718
  0.0546  0.0509  0.0494  0.0466  0.0466  0.0440
  0.0461  0.0450  0.0437  0.0432  0.0430  0.0417
  0.0413  0.0413  0.0399  0.0404  0.0404  0.0401
  0.0397  0.0397  0.0396  0.0394  0.0395  0.0395
  0.0415  0.0399  0.0421  0.0407  0.0401  0.0396
  0.0479  0.0424  0.0454  0.0439  0.0424  0.0413
  0.0560  0.0474  0.0491  0.0490  0.0461  0.0440
niter,ni,del,rscale     4    3   12.0000    1.2000
parameters
   -0.5294    1.9049    7.3551   -9.5270   -0.8473   -5.8674
eta,q 0.96064  8.92678
  0.0553  0.0495  0.0495  0.0472  0.0463  0.0439
  0.0466  0.0439  0.0437  0.0437  0.0427  0.0416
  0.0412  0.0407  0.0399  0.0406  0.0402  0.0400
  0.0394  0.0394  0.0394  0.0394  0.0394  0.0394
  0.0410  0.0400  0.0418  0.0403  0.0401  0.0395
  0.0472  0.0431  0.0450  0.0434  0.0425  0.0413
  0.0555  0.0486  0.0488  0.0483  0.0464  0.0441
niter,ni,del,rscale     3    3   12.0000    1.2000
parameters
   -0.5345    1.9436    7.3263   -9.5640   -0.8484   -5.8575
eta,q 0.96066  8.92671
  0.0554  0.0491  0.0497  0.0473  0.0463  0.0438
  0.0467  0.0436  0.0438  0.0438  0.0427  0.0415
  0.0412  0.0405  0.0400  0.0407  0.0402  0.0400
  0.0394  0.0394  0.0394  0.0393  0.0393  0.0393
  0.0409  0.0401  0.0416  0.0403  0.0401  0.0395
  0.0471  0.0434  0.0449  0.0432  0.0426  0.0413
  0.0554  0.0490  0.0487  0.0481  0.0464  0.0441
registration optimization eta report
parameter search radius
    6.0000    6.0000    6.0000    7.9350    6.0000    6.9000
100000*second partial in parameter space
       45.       27.       27.       13.       19.       10.
  0.0554  0.0491  0.0497  0.0473  0.0463  0.0438
  0.0467  0.0436  0.0438  0.0438  0.0427  0.0415
  0.0412  0.0405  0.0400  0.0407  0.0402  0.0400
  0.0394  0.0394  0.0394  0.0393  0.0393  0.0393
  0.0409  0.0401  0.0416  0.0403  0.0401  0.0395
  0.0471  0.0434  0.0449  0.0432  0.0426  0.0413
  0.0554  0.0490  0.0487  0.0481  0.0464  0.0441
   -0.5345    1.9436    7.3263   -9.5640   -0.8484   -5.8575
eta,q 0.96066  8.92671

---------------------------------------------------------------------
imgreg_4dfp /opt/freesurfer/average/711-2C_as_mni_average_305 /opt/freesurfer/average/711-2B_as_mni_average_305_mask talsrcimg_g11 none talsrcimg_to_711-2C_as_mni_average_305_t4 3335
---------------------------------------------------------------------

freesurfer imgreg_4dfp.c
/opt/freesurfer/average/711-2C_as_mni_average_305.4dfp.img
       256       256       256         1
  1.000000  1.000000  1.000000
orientation T byte_order littleendian
Reading image: /opt/freesurfer/average/711-2C_as_mni_average_305.4dfp.img
dimensions:      256       256       256
mmppix:       1.0000   -1.0000   -1.0000
center:     128.0000 -129.0000 -129.0000
/opt/freesurfer/average/711-2B_as_mni_average_305_mask.4dfp.img
       256       256       256         1
  1.000000  1.000000  1.000000
orientation T byte_order littleendian
Reading mask: /opt/freesurfer/average/711-2B_as_mni_average_305_mask.4dfp.img (2306576 pixels)
talsrcimg_g11.4dfp.img
       256       256       256         1
  1.000000  1.000000  1.000000
orientation T byte_order littleendian
Reading image: talsrcimg_g11.4dfp.img
dimensions:      256       256       256
mmppix:       1.0000   -1.0000   -1.0000
center:     128.0000 -129.0000 -129.0000
fimgreg.f
image alignment mode   3335 decimal      D07 hex
parameters
   -0.5345    1.9436    7.3263   -0.5330   -1.8797   -1.4007
    9.8190    3.1482  -10.2044   16.3791   -1.4808  -16.6130
eta,q 0.96208  8.95684
niter,ni,del,rscale     5    3    5.0000    1.2000
parameter  4  0.998397 ->  0.500000 qaram    1.1500
parameter  5  1.949713 ->  0.500000 qaram    1.1500
parameters
   -0.4242    1.8296    7.4908   -4.6730   -6.0197   -3.7786
   10.1080    3.9881   -7.4365   13.4871   -3.0146  -19.1755
eta,q 0.96981  8.49500
  0.0412  0.0395  0.0398  0.0345  0.0295  0.0325  0.0338  0.0362  0.0347  0.0314  0.0310  0.0305
  0.0395  0.0385  0.0388  0.0346  0.0308  0.0317  0.0325  0.0339  0.0331  0.0306  0.0305  0.0303
  0.0384  0.0380  0.0382  0.0357  0.0325  0.0312  0.0316  0.0322  0.0319  0.0304  0.0303  0.0302
  0.0379  0.0379  0.0379  0.0379  0.0348  0.0312  0.0312  0.0312  0.0311  0.0308  0.0304  0.0303
  0.0382  0.0382  0.0380  0.0411  0.0374  0.0324  0.0314  0.0313  0.0308  0.0320  0.0306  0.0306
  0.0391  0.0388  0.0385  0.0449  0.0404  0.0349  0.0322  0.0324  0.0310  0.0337  0.0312  0.0311
  0.0406  0.0397  0.0393  0.0488  0.0437  0.0381  0.0335  0.0345  0.0316  0.0358  0.0319  0.0317
niter,ni,del,rscale     6    3    5.0000    1.2000
parameter  5  1.519599 ->  0.500000 qaram    1.3225
parameters
   -0.4011    2.4578    7.7070   -7.2449  -10.7807   -3.8733
    9.7062    4.0454   -6.7027   13.6578   -3.6207  -20.4552
eta,q 0.97281  8.20390
  0.0333  0.0334  0.0315  0.0316  0.0257  0.0292  0.0291  0.0308  0.0295  0.0300  0.0280  0.0279
  0.0317  0.0319  0.0308  0.0307  0.0269  0.0283  0.0281  0.0289  0.0284  0.0285  0.0275  0.0274
  0.0306  0.0308  0.0303  0.0300  0.0283  0.0276  0.0275  0.0277  0.0277  0.0276  0.0273  0.0272
  0.0302  0.0302  0.0301  0.0301  0.0300  0.0273  0.0273  0.0273  0.0273  0.0272  0.0272  0.0272
  0.0305  0.0301  0.0301  0.0314  0.0322  0.0271  0.0275  0.0276  0.0273  0.0275  0.0274  0.0275
  0.0316  0.0304  0.0305  0.0340  0.0351  0.0278  0.0284  0.0288  0.0278  0.0284  0.0278  0.0279
  0.0332  0.0312  0.0311  0.0378  0.0384  0.0299  0.0297  0.0307  0.0288  0.0298  0.0283  0.0286
niter,ni,del,rscale     6    3    5.0000    1.2000
parameter  5  0.810105 ->  0.500000 qaram    1.5209
parameters
   -0.2049    2.8899    8.0975   -7.2578  -16.2558   -3.1393
    9.1589    4.3035   -6.8808   14.4402   -3.4769  -20.9466
eta,q 0.97508  8.02599
  0.0303  0.0297  0.0287  0.0301  0.0253  0.0275  0.0270  0.0287  0.0270  0.0284  0.0259  0.0259
  0.0287  0.0284  0.0279  0.0288  0.0250  0.0265  0.0258  0.0267  0.0258  0.0267  0.0254  0.0254
  0.0277  0.0276  0.0274  0.0278  0.0257  0.0256  0.0251  0.0255  0.0251  0.0255  0.0251  0.0250
  0.0272  0.0272  0.0271  0.0271  0.0271  0.0251  0.0250  0.0250  0.0249  0.0249  0.0249  0.0249
  0.0273  0.0272  0.0271  0.0271  0.0288  0.0248  0.0254  0.0252  0.0253  0.0251  0.0250  0.0251
  0.0281  0.0276  0.0274  0.0283  0.0312  0.0253  0.0264  0.0263  0.0260  0.0259  0.0253  0.0256
  0.0295  0.0283  0.0280  0.0307  0.0343  0.0271  0.0277  0.0282  0.0271  0.0272  0.0259  0.0263
niter,ni,del,rscale     6    3    5.0000    1.2000
parameters
   -0.2878    3.0839    8.1322   -6.7326  -18.3344   -3.0324
    9.2462    4.3419   -6.9925   14.8562   -3.4247  -21.2255
eta,q 0.97537  7.97259
  0.0275  0.0276  0.0262  0.0283  0.0275  0.0270  0.0271  0.0282  0.0266  0.0276  0.0256  0.0257
  0.0260  0.0261  0.0255  0.0269  0.0260  0.0260  0.0258  0.0263  0.0255  0.0260  0.0251  0.0251
  0.0251  0.0252  0.0251  0.0258  0.0248  0.0251  0.0250  0.0251  0.0248  0.0250  0.0247  0.0248
  0.0249  0.0249  0.0249  0.0249  0.0248  0.0246  0.0246  0.0246  0.0246  0.0246  0.0246  0.0246
  0.0253  0.0251  0.0250  0.0248  0.0261  0.0245  0.0249  0.0250  0.0249  0.0249  0.0247  0.0248
  0.0263  0.0257  0.0255  0.0258  0.0280  0.0253  0.0258  0.0262  0.0257  0.0257  0.0251  0.0252
  0.0278  0.0267  0.0262  0.0281  0.0304  0.0274  0.0270  0.0282  0.0267  0.0270  0.0256  0.0258
niter,ni,del,rscale     5    3    5.0000    1.2000
parameters
   -0.3018    3.3483    7.9980   -6.5781  -18.8239   -3.2159
    9.2887    4.3842   -7.0323   15.3381   -3.4597  -21.5088
eta,q 0.97538  7.95703
  0.0274  0.0273  0.0257  0.0279  0.0281  0.0268  0.0271  0.0281  0.0266  0.0275  0.0256  0.0256
  0.0259  0.0259  0.0251  0.0266  0.0267  0.0258  0.0258  0.0263  0.0255  0.0260  0.0250  0.0251
  0.0249  0.0250  0.0247  0.0255  0.0253  0.0250  0.0249  0.0250  0.0248  0.0250  0.0247  0.0247
  0.0246  0.0246  0.0246  0.0246  0.0246  0.0246  0.0246  0.0246  0.0246  0.0246  0.0246  0.0246
  0.0250  0.0247  0.0248  0.0246  0.0253  0.0245  0.0249  0.0250  0.0249  0.0248  0.0247  0.0248
  0.0259  0.0253  0.0253  0.0258  0.0270  0.0254  0.0258  0.0261  0.0256  0.0256  0.0251  0.0252
  0.0274  0.0263  0.0260  0.0283  0.0290  0.0277  0.0270  0.0281  0.0266  0.0268  0.0256  0.0258
niter,ni,del,rscale     4    3    5.0000    1.2000
parameters
   -0.2938    3.5128    7.8851   -6.5951  -19.0915   -3.3646
    9.2860    4.4337   -7.0285   15.7141   -3.5510  -21.7150
eta,q 0.97536  7.94504
  0.0274  0.0270  0.0257  0.0278  0.0282  0.0268  0.0270  0.0281  0.0266  0.0274  0.0255  0.0256
  0.0259  0.0257  0.0251  0.0265  0.0267  0.0258  0.0258  0.0263  0.0255  0.0259  0.0250  0.0251
  0.0249  0.0249  0.0247  0.0254  0.0254  0.0250  0.0249  0.0251  0.0248  0.0250  0.0247  0.0248
  0.0246  0.0246  0.0246  0.0246  0.0246  0.0246  0.0246  0.0246  0.0246  0.0246  0.0246  0.0246
  0.0249  0.0248  0.0248  0.0246  0.0252  0.0245  0.0250  0.0250  0.0249  0.0249  0.0248  0.0248
  0.0259  0.0254  0.0252  0.0259  0.0268  0.0254  0.0258  0.0261  0.0256  0.0256  0.0251  0.0252
  0.0274  0.0264  0.0259  0.0285  0.0287  0.0276  0.0270  0.0281  0.0265  0.0268  0.0256  0.0258
niter,ni,del,rscale     3    3    5.0000    1.2000
parameters
   -0.2805    3.6462    7.7961   -6.6349  -19.3181   -3.5044
    9.2634    4.4842   -6.9974   16.0326   -3.6520  -21.8642
eta,q 0.97533  7.93335
  0.0274  0.0269  0.0257  0.0277  0.0281  0.0268  0.0270  0.0281  0.0266  0.0273  0.0255  0.0256
  0.0259  0.0257  0.0251  0.0265  0.0268  0.0258  0.0258  0.0263  0.0255  0.0259  0.0250  0.0251
  0.0250  0.0249  0.0247  0.0254  0.0254  0.0251  0.0250  0.0251  0.0249  0.0250  0.0248  0.0248
  0.0246  0.0246  0.0246  0.0246  0.0246  0.0247  0.0247  0.0247  0.0247  0.0247  0.0247  0.0247
  0.0250  0.0248  0.0248  0.0247  0.0252  0.0245  0.0250  0.0250  0.0249  0.0249  0.0248  0.0248
  0.0259  0.0254  0.0252  0.0259  0.0268  0.0254  0.0258  0.0261  0.0256  0.0256  0.0251  0.0252
  0.0273  0.0264  0.0259  0.0285  0.0287  0.0276  0.0270  0.0281  0.0265  0.0268  0.0256  0.0257
niter,ni,del,rscale     2    3    5.0000    1.2000
parameters
   -0.2651    3.7688    7.7204   -6.6793  -19.5380   -3.6460
    9.2388    4.5342   -6.9456   16.3412   -3.7785  -21.9918
eta,q 0.97529  7.92155
  0.0274  0.0269  0.0258  0.0277  0.0281  0.0268  0.0270  0.0281  0.0266  0.0272  0.0255  0.0257
  0.0259  0.0257  0.0251  0.0265  0.0268  0.0258  0.0258  0.0263  0.0256  0.0259  0.0251  0.0251
  0.0250  0.0250  0.0248  0.0255  0.0255  0.0251  0.0250  0.0251  0.0249  0.0250  0.0248  0.0248
  0.0247  0.0247  0.0247  0.0247  0.0247  0.0247  0.0247  0.0247  0.0247  0.0247  0.0247  0.0247
  0.0250  0.0248  0.0248  0.0247  0.0252  0.0246  0.0250  0.0250  0.0250  0.0249  0.0248  0.0248
  0.0259  0.0255  0.0252  0.0259  0.0268  0.0254  0.0259  0.0261  0.0256  0.0256  0.0251  0.0252
  0.0273  0.0264  0.0259  0.0285  0.0286  0.0275  0.0270  0.0280  0.0265  0.0268  0.0256  0.0257
niter,ni,del,rscale     1    3    5.0000    1.2000
parameters
   -0.2504    3.8909    7.6402   -6.7315  -19.7727   -3.7985
    9.2098    4.5805   -6.8876   16.6552   -3.9225  -22.1107
eta,q 0.97526  7.90847
  0.0274  0.0269  0.0258  0.0277  0.0281  0.0268  0.0270  0.0280  0.0266  0.0272  0.0255  0.0257
  0.0259  0.0257  0.0252  0.0265  0.0268  0.0258  0.0258  0.0263  0.0256  0.0259  0.0251  0.0252
  0.0250  0.0250  0.0248  0.0255  0.0255  0.0251  0.0250  0.0251  0.0250  0.0251  0.0248  0.0249
  0.0247  0.0247  0.0247  0.0247  0.0247  0.0247  0.0247  0.0247  0.0247  0.0247  0.0247  0.0247
  0.0250  0.0249  0.0249  0.0247  0.0253  0.0246  0.0251  0.0250  0.0250  0.0249  0.0249  0.0249
  0.0259  0.0255  0.0253  0.0259  0.0268  0.0254  0.0259  0.0261  0.0256  0.0256  0.0252  0.0252
  0.0273  0.0264  0.0259  0.0284  0.0286  0.0275  0.0270  0.0280  0.0265  0.0268  0.0256  0.0257
registration optimization eta report
parameter search radius
    2.4000    2.4000    2.4000    8.2800   10.9503    7.2000
    7.2000    7.2000    7.2000    7.2000    7.2000    7.2000
100000*second partial in parameter space
       46.       34.       20.        5.        3.        5.
        4.        6.        3.        4.        2.        2.
  0.0274  0.0269  0.0258  0.0277  0.0281  0.0268  0.0270  0.0280  0.0266  0.0272  0.0255  0.0257
  0.0259  0.0257  0.0252  0.0265  0.0268  0.0258  0.0258  0.0263  0.0256  0.0259  0.0251  0.0252
  0.0250  0.0250  0.0248  0.0255  0.0255  0.0251  0.0250  0.0251  0.0250  0.0251  0.0248  0.0249
  0.0247  0.0247  0.0247  0.0247  0.0247  0.0247  0.0247  0.0247  0.0247  0.0247  0.0247  0.0247
  0.0250  0.0249  0.0249  0.0247  0.0253  0.0246  0.0251  0.0250  0.0250  0.0249  0.0249  0.0249
  0.0259  0.0255  0.0253  0.0259  0.0268  0.0254  0.0259  0.0261  0.0256  0.0256  0.0252  0.0252
  0.0273  0.0264  0.0259  0.0284  0.0286  0.0275  0.0270  0.0280  0.0265  0.0268  0.0256  0.0257
   -0.2504    3.8909    7.6402   -6.7315  -19.7727   -3.7985
    9.2098    4.5805   -6.8876   16.6552   -3.9225  -22.1107
eta,q 0.97526  7.90847

---------------------------------------------------------------------
imgreg_4dfp /opt/freesurfer/average/711-2C_as_mni_average_305 /opt/freesurfer/average/711-2B_as_mni_average_305_mask talsrcimg_g11 none talsrcimg_to_711-2C_as_mni_average_305_t4 2311
---------------------------------------------------------------------

freesurfer imgreg_4dfp.c
/opt/freesurfer/average/711-2C_as_mni_average_305.4dfp.img
       256       256       256         1
  1.000000  1.000000  1.000000
orientation T byte_order littleendian
Reading image: /opt/freesurfer/average/711-2C_as_mni_average_305.4dfp.img
dimensions:      256       256       256
mmppix:       1.0000   -1.0000   -1.0000
center:     128.0000 -129.0000 -129.0000
/opt/freesurfer/average/711-2B_as_mni_average_305_mask.4dfp.img
       256       256       256         1
  1.000000  1.000000  1.000000
orientation T byte_order littleendian
Reading mask: /opt/freesurfer/average/711-2B_as_mni_average_305_mask.4dfp.img (2306576 pixels)
talsrcimg_g11.4dfp.img
       256       256       256         1
  1.000000  1.000000  1.000000
orientation T byte_order littleendian
Reading image: talsrcimg_g11.4dfp.img
dimensions:      256       256       256
mmppix:       1.0000   -1.0000   -1.0000
center:     128.0000 -129.0000 -129.0000
fimgreg.f
image alignment mode   2311 decimal      907 hex
parameters
   -0.2504    3.8909    7.6402   -6.7315  -19.7727   -3.7985
    9.2098    4.5805   -6.8876   16.6552   -3.9225  -22.1107
eta,q 0.97526  7.90848
niter,ni,del,rscale     5    3    5.0000    0.8000
parameters
   -0.2351    4.0037    7.5736   -5.7132  -19.5878   -3.2125
    9.0047    4.7274   -6.9638   16.7541   -3.8603  -22.2261
eta,q 0.97545  7.96970
  0.0260  0.0257  0.0252  0.0262  0.0257  0.0257  0.0256  0.0263  0.0254  0.0257  0.0250  0.0250
  0.0253  0.0252  0.0249  0.0257  0.0252  0.0252  0.0250  0.0254  0.0249  0.0251  0.0248  0.0248
  0.0249  0.0249  0.0248  0.0251  0.0248  0.0248  0.0247  0.0248  0.0246  0.0247  0.0246  0.0246
  0.0247  0.0247  0.0247  0.0247  0.0246  0.0246  0.0246  0.0246  0.0246  0.0246  0.0246  0.0246
  0.0249  0.0248  0.0248  0.0246  0.0247  0.0245  0.0247  0.0247  0.0247  0.0247  0.0246  0.0246
  0.0253  0.0251  0.0250  0.0248  0.0251  0.0247  0.0252  0.0252  0.0250  0.0250  0.0248  0.0248
  0.0259  0.0255  0.0253  0.0255  0.0256  0.0254  0.0258  0.0261  0.0255  0.0256  0.0250  0.0250
niter,ni,del,rscale     4    3    5.0000    0.7000
parameters
   -0.2400    3.8414    7.5122   -5.6107  -19.4228   -3.0685
    9.0290    4.7397   -6.9822   16.5053   -3.8009  -22.1897
eta,q 0.97549  7.98292
  0.0256  0.0251  0.0249  0.0257  0.0255  0.0253  0.0254  0.0259  0.0252  0.0253  0.0249  0.0249
  0.0250  0.0248  0.0247  0.0252  0.0250  0.0249  0.0249  0.0251  0.0248  0.0248  0.0247  0.0247
  0.0247  0.0246  0.0246  0.0248  0.0247  0.0247  0.0246  0.0247  0.0246  0.0246  0.0246  0.0246
  0.0246  0.0246  0.0245  0.0245  0.0245  0.0245  0.0245  0.0245  0.0245  0.0245  0.0245  0.0245
  0.0247  0.0247  0.0246  0.0246  0.0246  0.0245  0.0246  0.0247  0.0246  0.0246  0.0246  0.0245
  0.0250  0.0250  0.0247  0.0250  0.0249  0.0247  0.0249  0.0251  0.0248  0.0250  0.0247  0.0247
  0.0256  0.0254  0.0250  0.0257  0.0254  0.0254  0.0254  0.0258  0.0252  0.0254  0.0248  0.0249
niter,ni,del,rscale     3    3    5.0000    0.6000
parameters
   -0.2543    3.7416    7.5618   -5.4888  -19.2496   -2.7857
    9.0425    4.7139   -7.0250   16.2319   -3.7007  -22.0882
eta,q 0.97553  7.99996
  0.0253  0.0249  0.0248  0.0254  0.0252  0.0251  0.0252  0.0255  0.0250  0.0250  0.0248  0.0248
  0.0248  0.0247  0.0247  0.0250  0.0249  0.0248  0.0248  0.0249  0.0247  0.0247  0.0246  0.0246
  0.0246  0.0245  0.0245  0.0247  0.0246  0.0246  0.0246  0.0246  0.0245  0.0245  0.0245  0.0245
  0.0245  0.0245  0.0245  0.0245  0.0245  0.0245  0.0245  0.0245  0.0245  0.0245  0.0245  0.0245
  0.0246  0.0246  0.0245  0.0245  0.0246  0.0244  0.0246  0.0246  0.0245  0.0246  0.0245  0.0245
  0.0249  0.0248  0.0246  0.0248  0.0248  0.0246  0.0248  0.0249  0.0247  0.0248  0.0246  0.0246
  0.0253  0.0251  0.0248  0.0254  0.0251  0.0250  0.0252  0.0255  0.0250  0.0252  0.0247  0.0247
niter,ni,del,rscale     2    3    5.0000    0.5000
parameters
   -0.2676    3.6089    7.6282   -5.3965  -19.0698   -2.4998
    9.0740    4.6668   -7.0630   15.9077   -3.6353  -21.9612
eta,q 0.97557  8.01589
  0.0250  0.0247  0.0247  0.0251  0.0250  0.0249  0.0249  0.0251  0.0248  0.0248  0.0246  0.0246
  0.0247  0.0246  0.0246  0.0248  0.0247  0.0247  0.0247  0.0247  0.0246  0.0246  0.0245  0.0245
  0.0245  0.0245  0.0245  0.0246  0.0245  0.0246  0.0245  0.0245  0.0245  0.0245  0.0245  0.0245
  0.0245  0.0245  0.0245  0.0245  0.0245  0.0245  0.0244  0.0244  0.0244  0.0244  0.0244  0.0244
  0.0245  0.0245  0.0245  0.0245  0.0245  0.0244  0.0245  0.0245  0.0245  0.0245  0.0245  0.0244
  0.0247  0.0247  0.0245  0.0247  0.0246  0.0245  0.0247  0.0248  0.0246  0.0247  0.0245  0.0245
  0.0250  0.0249  0.0247  0.0251  0.0249  0.0248  0.0249  0.0252  0.0248  0.0250  0.0246  0.0246
niter,ni,del,rscale     1    3    5.0000    0.4000
parameters
   -0.2845    3.4778    7.7033   -5.3286  -18.8865   -2.1989
    9.0986    4.6306   -7.0758   15.5793   -3.6021  -21.7704
eta,q 0.97561  8.03113
  0.0248  0.0246  0.0246  0.0249  0.0248  0.0247  0.0247  0.0249  0.0246  0.0246  0.0245  0.0246
  0.0246  0.0245  0.0245  0.0246  0.0246  0.0246  0.0245  0.0246  0.0245  0.0245  0.0245  0.0245
  0.0245  0.0244  0.0244  0.0245  0.0245  0.0245  0.0244  0.0244  0.0244  0.0244  0.0244  0.0244
  0.0244  0.0244  0.0244  0.0244  0.0244  0.0244  0.0244  0.0244  0.0244  0.0244  0.0244  0.0244
  0.0245  0.0245  0.0244  0.0245  0.0244  0.0244  0.0244  0.0245  0.0244  0.0245  0.0244  0.0244
  0.0246  0.0246  0.0245  0.0246  0.0245  0.0244  0.0245  0.0246  0.0245  0.0246  0.0245  0.0244
  0.0248  0.0248  0.0245  0.0248  0.0247  0.0246  0.0247  0.0249  0.0246  0.0248  0.0245  0.0245
registration optimization eta report
parameter search radius
    0.8000    0.8000    0.8000    2.4000    2.4000    2.4000
    2.4000    2.4000    2.4000    2.4000    2.4000    2.4000
100000*second partial in parameter space
       55.       38.       23.        7.        6.        5.
        6.        8.        4.        5.        2.        2.
  0.0248  0.0246  0.0246  0.0249  0.0248  0.0247  0.0247  0.0249  0.0246  0.0246  0.0245  0.0246
  0.0246  0.0245  0.0245  0.0246  0.0246  0.0246  0.0245  0.0246  0.0245  0.0245  0.0245  0.0245
  0.0245  0.0244  0.0244  0.0245  0.0245  0.0245  0.0244  0.0244  0.0244  0.0244  0.0244  0.0244
  0.0244  0.0244  0.0244  0.0244  0.0244  0.0244  0.0244  0.0244  0.0244  0.0244  0.0244  0.0244
  0.0245  0.0245  0.0244  0.0245  0.0244  0.0244  0.0244  0.0245  0.0244  0.0245  0.0244  0.0244
  0.0246  0.0246  0.0245  0.0246  0.0245  0.0244  0.0245  0.0246  0.0245  0.0246  0.0245  0.0244
  0.0248  0.0248  0.0245  0.0248  0.0247  0.0246  0.0247  0.0249  0.0246  0.0248  0.0245  0.0245
   -0.2845    3.4778    7.7033   -5.3286  -18.8865   -2.1989
    9.0986    4.6306   -7.0758   15.5793   -3.6021  -21.7704
eta,q 0.97561  8.03113

---------------------------------------------------------------------
imgreg_4dfp /opt/freesurfer/average/711-2C_as_mni_average_305 /opt/freesurfer/average/711-2B_as_mni_average_305_mask talsrcimg_g11 none talsrcimg_to_711-2C_as_mni_average_305_t4 2311
---------------------------------------------------------------------

freesurfer imgreg_4dfp.c
/opt/freesurfer/average/711-2C_as_mni_average_305.4dfp.img
       256       256       256         1
  1.000000  1.000000  1.000000
orientation T byte_order littleendian
Reading image: /opt/freesurfer/average/711-2C_as_mni_average_305.4dfp.img
dimensions:      256       256       256
mmppix:       1.0000   -1.0000   -1.0000
center:     128.0000 -129.0000 -129.0000
/opt/freesurfer/average/711-2B_as_mni_average_305_mask.4dfp.img
       256       256       256         1
  1.000000  1.000000  1.000000
orientation T byte_order littleendian
Reading mask: /opt/freesurfer/average/711-2B_as_mni_average_305_mask.4dfp.img (2306576 pixels)
talsrcimg_g11.4dfp.img
       256       256       256         1
  1.000000  1.000000  1.000000
orientation T byte_order littleendian
Reading image: talsrcimg_g11.4dfp.img
dimensions:      256       256       256
mmppix:       1.0000   -1.0000   -1.0000
center:     128.0000 -129.0000 -129.0000
fimgreg.f
image alignment mode   2311 decimal      907 hex
parameters
   -0.2845    3.4778    7.7033   -5.3286  -18.8865   -2.1989
    9.0986    4.6306   -7.0758   15.5793   -3.6021  -21.7704
eta,q 0.97561  8.03113
niter,ni,del,rscale     5    3    5.0000    0.8000
parameters
   -0.2980    3.3646    7.8131   -5.6673  -18.7623   -2.7352
    9.1902    4.5579   -7.0905   15.4468   -3.4495  -21.6331
eta,q 0.97557  8.00730
  0.0258  0.0252  0.0251  0.0257  0.0256  0.0253  0.0257  0.0262  0.0254  0.0256  0.0250  0.0250
  0.0250  0.0247  0.0247  0.0251  0.0250  0.0249  0.0250  0.0252  0.0249  0.0249  0.0247  0.0247
  0.0245  0.0244  0.0245  0.0246  0.0246  0.0246  0.0246  0.0246  0.0245  0.0245  0.0245  0.0245
  0.0244  0.0244  0.0244  0.0244  0.0244  0.0244  0.0244  0.0244  0.0244  0.0244  0.0244  0.0244
  0.0246  0.0246  0.0244  0.0246  0.0245  0.0245  0.0246  0.0246  0.0246  0.0246  0.0245  0.0245
  0.0250  0.0249  0.0246  0.0252  0.0249  0.0250  0.0250  0.0253  0.0249  0.0250  0.0246  0.0246
  0.0258  0.0255  0.0249  0.0263  0.0255  0.0263  0.0256  0.0263  0.0254  0.0257  0.0249  0.0249
niter,ni,del,rscale     4    3    5.0000    0.7000
parameters
   -0.3042    3.3793    7.8210   -5.5312  -18.7080   -2.5676
    9.1922    4.5309   -7.1244   15.3980   -3.4228  -21.5922
eta,q 0.97559  8.01812
  0.0255  0.0252  0.0249  0.0256  0.0254  0.0253  0.0254  0.0258  0.0251  0.0253  0.0248  0.0248
  0.0249  0.0248  0.0246  0.0251  0.0249  0.0249  0.0249  0.0250  0.0247  0.0248  0.0246  0.0246
  0.0246  0.0245  0.0245  0.0247  0.0246  0.0246  0.0245  0.0246  0.0245  0.0245  0.0245  0.0245
  0.0244  0.0244  0.0244  0.0244  0.0244  0.0244  0.0244  0.0244  0.0244  0.0244  0.0244  0.0244
  0.0246  0.0245  0.0245  0.0245  0.0245  0.0244  0.0245  0.0246  0.0245  0.0245  0.0245  0.0244
  0.0249  0.0248  0.0246  0.0249  0.0248  0.0246  0.0249  0.0250  0.0248  0.0248  0.0246  0.0246
  0.0255  0.0252  0.0249  0.0256  0.0253  0.0253  0.0254  0.0258  0.0252  0.0253  0.0248  0.0248
niter,ni,del,rscale     3    3    5.0000    0.6000
parameters
   -0.3122    3.3312    7.8268   -5.4404  -18.6592   -2.3911
    9.1867    4.5285   -7.1261   15.2833   -3.4345  -21.5513
eta,q 0.97561  8.02750
  0.0252  0.0249  0.0247  0.0253  0.0251  0.0251  0.0251  0.0254  0.0250  0.0250  0.0247  0.0247
  0.0248  0.0246  0.0246  0.0249  0.0248  0.0247  0.0247  0.0249  0.0246  0.0247  0.0245  0.0245
  0.0245  0.0245  0.0244  0.0246  0.0245  0.0245  0.0245  0.0245  0.0245  0.0244  0.0244  0.0244
  0.0244  0.0244  0.0244  0.0244  0.0244  0.0244  0.0244  0.0244  0.0244  0.0244  0.0244  0.0244
  0.0245  0.0245  0.0244  0.0245  0.0245  0.0244  0.0245  0.0245  0.0245  0.0245  0.0244  0.0244
  0.0248  0.0247  0.0246  0.0248  0.0247  0.0245  0.0247  0.0249  0.0246  0.0247  0.0245  0.0245
  0.0252  0.0250  0.0247  0.0253  0.0251  0.0250  0.0251  0.0255  0.0249  0.0251  0.0247  0.0247
niter,ni,del,rscale     2    3    5.0000    0.5000
parameters
   -0.3183    3.2758    7.8439   -5.3737  -18.5930   -2.1947
    9.1789    4.5262   -7.1192   15.1656   -3.4334  -21.4721
eta,q 0.97563  8.03720
  0.0249  0.0247  0.0246  0.0250  0.0249  0.0248  0.0249  0.0251  0.0248  0.0248  0.0246  0.0246
  0.0246  0.0245  0.0245  0.0247  0.0246  0.0246  0.0246  0.0247  0.0245  0.0246  0.0245  0.0245
  0.0245  0.0244  0.0244  0.0245  0.0245  0.0245  0.0244  0.0245  0.0244  0.0244  0.0244  0.0244
  0.0244  0.0244  0.0244  0.0244  0.0244  0.0244  0.0244  0.0244  0.0244  0.0244  0.0244  0.0244
  0.0245  0.0244  0.0244  0.0244  0.0244  0.0243  0.0244  0.0245  0.0244  0.0244  0.0244  0.0244
  0.0246  0.0246  0.0245  0.0246  0.0246  0.0245  0.0246  0.0247  0.0245  0.0246  0.0245  0.0245
  0.0250  0.0248  0.0246  0.0250  0.0249  0.0248  0.0249  0.0251  0.0248  0.0249  0.0246  0.0246
niter,ni,del,rscale     1    3    5.0000    0.4000
parameters
   -0.3233    3.2196    7.8766   -5.3247  -18.5514   -1.9844
    9.1831    4.5225   -7.1180   15.0310   -3.4390  -21.3746
eta,q 0.97565  8.04564
  0.0247  0.0246  0.0245  0.0248  0.0247  0.0247  0.0247  0.0248  0.0246  0.0246  0.0245  0.0245
  0.0245  0.0245  0.0244  0.0246  0.0245  0.0245  0.0245  0.0246  0.0245  0.0245  0.0244  0.0244
  0.0244  0.0244  0.0244  0.0244  0.0244  0.0244  0.0244  0.0244  0.0244  0.0244  0.0244  0.0244
  0.0244  0.0244  0.0244  0.0244  0.0244  0.0244  0.0244  0.0244  0.0244  0.0244  0.0243  0.0243
  0.0244  0.0244  0.0244  0.0244  0.0244  0.0243  0.0244  0.0244  0.0244  0.0244  0.0244  0.0244
  0.0245  0.0245  0.0244  0.0245  0.0245  0.0244  0.0245  0.0246  0.0245  0.0245  0.0244  0.0244
  0.0247  0.0247  0.0245  0.0248  0.0247  0.0246  0.0247  0.0248  0.0246  0.0247  0.0245  0.0245
registration optimization eta report
parameter search radius
    0.8000    0.8000    0.8000    2.4000    2.4000    2.4000
    2.4000    2.4000    2.4000    2.4000    2.4000    2.4000
100000*second partial in parameter space
       57.       40.       25.        8.        6.        5.
        6.        9.        4.        5.        2.        3.
  0.0247  0.0246  0.0245  0.0248  0.0247  0.0247  0.0247  0.0248  0.0246  0.0246  0.0245  0.0245
  0.0245  0.0245  0.0244  0.0246  0.0245  0.0245  0.0245  0.0246  0.0245  0.0245  0.0244  0.0244
  0.0244  0.0244  0.0244  0.0244  0.0244  0.0244  0.0244  0.0244  0.0244  0.0244  0.0244  0.0244
  0.0244  0.0244  0.0244  0.0244  0.0244  0.0244  0.0244  0.0244  0.0244  0.0244  0.0243  0.0243
  0.0244  0.0244  0.0244  0.0244  0.0244  0.0243  0.0244  0.0244  0.0244  0.0244  0.0244  0.0244
  0.0245  0.0245  0.0244  0.0245  0.0245  0.0244  0.0245  0.0246  0.0245  0.0245  0.0244  0.0244
  0.0247  0.0247  0.0245  0.0248  0.0247  0.0246  0.0247  0.0248  0.0246  0.0247  0.0245  0.0245
   -0.3233    3.2196    7.8766   -5.3247  -18.5514   -1.9844
    9.1831    4.5225   -7.1180   15.0310   -3.4390  -21.3746
eta,q 0.97565  8.04564

---------------------------------------------------------------------
compute_vox2vox talsrcimg talsrcimg_to_711-2C_as_mni_average_305_t4 /opt/freesurfer/average/711-2C_as_mni_average_305
---------------------------------------------------------------------

freesurfer compute_vox2vox.c
Reading: talsrcimg.4dfp.ifh
Reading: talsrcimg_to_711-2C_as_mni_average_305_t4
Reading: /opt/freesurfer/average/711-2C_as_mni_average_305.4dfp.ifh
Writing: talsrcimg_to_711-2C_as_mni_average_305_t4_vox2vox.txt

start time Sun Mar 8 12:46:04 CET 2026
end		time Sun Mar 8 12:47:30 CET 2026

mpr2mni305 success

avi2talxfm orig_nu.mgz /opt/freesurfer/average/mni305.cor.mgz talsrcimg_to_711-2C_as_mni_average_305_t4_vox2vox.txt transforms/talairach.auto.xfm
avi2talxfm done
mv -f /out/sourcedata/freesurfer/sub-v1s13x0050006_ses-1/mri/talsrcimg_to_711-2C_as_mni_average_305_t4_vox2vox.txt /out/sourcedata/freesurfer/sub-v1s13x0050006_ses-1/mri/transforms/talsrcimg_to_711-2C_as_mni_average_305_t4_vox2vox.txt
lta_convert --src orig_nu.mgz --trg /opt/freesurfer/average/mni305.cor.mgz --inxfm transforms/talairach.auto.xfm --outlta transforms/talairach.auto.xfm.lta --subject fsaverage
7.3.2

--src: orig_nu.mgz src image (geometry).
--trg: /opt/freesurfer/average/mni305.cor.mgz trg image (geometry).
--inmni: transforms/talairach.auto.xfm input MNI/XFM transform.
--outlta: transforms/talairach.auto.xfm.lta output LTA.
--s: fsaverage subject name
 LTA read, type : 1
 1.04575  -0.02900  -0.12552  -2.28930;
 0.05443   0.97926   0.25085  -2.60314;
 0.08135  -0.18325   1.17051   30.10497;
 0.00000   0.00000   0.00000   1.00000;
setting subject to fsaverage
Writing  LTA to file transforms/talairach.auto.xfm.lta...
lta_convert successful.
 
 
Started at Sun Mar 8 12:46:03 CET 2026
Ended   at Sun Mar  8 12:47:30 CET 2026
talairach_avi done
