status file for recon-all
Sun Mar  8 18:06:08 CET 2026
#@# Tessellate lh Sun Mar  8 18:06:08 CET 2026
#@# Smooth1 lh Sun Mar  8 18:06:10 CET 2026
#@# Inflation1 lh Sun Mar  8 18:06:13 CET 2026
#@# QSphere lh Sun Mar  8 18:06:27 CET 2026
#@# Fix Topology lh Sun Mar  8 18:07:35 CET 2026
#@# Smooth2 lh Sun Mar  8 18:16:58 CET 2026
#@# Inflation2 lh Sun Mar  8 18:17:00 CET 2026
#@# Curv .H and .K lh Sun Mar  8 18:17:13 CET 2026
#@# Sphere lh Sun Mar  8 18:17:52 CET 2026
#@# Surf Reg lh Sun Mar  8 18:21:21 CET 2026
#@# Jacobian white lh Sun Mar  8 18:25:02 CET 2026
#@# AvgCurv lh Sun Mar  8 18:25:03 CET 2026
#@# Cortical Parc lh Sun Mar  8 18:25:03 CET 2026
#@# white curv lh Sun Mar  8 18:30:57 CET 2026
#@# white area lh Sun Mar  8 18:30:59 CET 2026
#@# pial curv lh Sun Mar  8 18:30:59 CET 2026
#@# pial area lh Sun Mar  8 18:31:01 CET 2026
#@# thickness lh Sun Mar  8 18:31:01 CET 2026
#@# area and vertex vol lh Sun Mar  8 18:31:21 CET 2026
#@# Curvature Stats lh Sun Mar  8 18:31:22 CET 2026
#@# Cortical Parc 2 lh Sun Mar  8 18:31:24 CET 2026
#@# Cortical Parc 3 lh Sun Mar  8 18:31:34 CET 2026
#@# WM/GM Contrast lh Sun Mar  8 18:31:42 CET 2026
recon-all -s sub-v1s13x0050044_ses-1 finished without error at Sun Mar  8 18:31:45 CET 2026



#New# invocation of recon-all 



status file for recon-all
Sun Mar  8 19:01:32 CET 2026
#@# white curv lh Sun Mar  8 19:01:32 CET 2026
#@# white area lh Sun Mar  8 19:01:32 CET 2026
#@# pial curv lh Sun Mar  8 19:01:32 CET 2026
#@# pial area lh Sun Mar  8 19:01:32 CET 2026
#@# thickness lh Sun Mar  8 19:01:32 CET 2026
#@# area and vertex vol lh Sun Mar  8 19:01:32 CET 2026
#@# Parcellation Stats lh Sun Mar  8 19:01:32 CET 2026
#@# Parcellation Stats 2 lh Sun Mar  8 19:01:48 CET 2026
#@# Parcellation Stats 3 lh Sun Mar  8 19:01:57 CET 2026
#@# BA_exvivo Labels lh Sun Mar  8 19:02:05 CET 2026
recon-all -s sub-v1s13x0050044_ses-1 finished without error at Sun Mar  8 19:04:12 CET 2026
