status file for recon-all
Sun Mar  8 16:38:00 CET 2026
#@# MotionCor Sun Mar  8 16:38:02 CET 2026
#@# Talairach Sun Mar  8 16:38:09 CET 2026
#@# Talairach Failure Detection Sun Mar  8 16:41:01 CET 2026
#@# Nu Intensity Correction Sun Mar  8 16:41:01 CET 2026
#@# Intensity Normalization Sun Mar  8 16:43:49 CET 2026
recon-all -s sub-v1s13x0050044_ses-1 finished without error at Sun Mar  8 16:44:47 CET 2026



#New# invocation of recon-all 



status file for recon-all
Sun Mar  8 16:50:56 CET 2026
#@# EM Registration Sun Mar  8 16:50:56 CET 2026
recon-all -s sub-v1s13x0050044_ses-1 finished without error at Sun Mar  8 16:52:23 CET 2026



#New# invocation of recon-all 



status file for recon-all
Sun Mar  8 16:52:26 CET 2026
#@# CA Normalize Sun Mar  8 16:52:26 CET 2026
#@# CA Reg Sun Mar  8 16:53:20 CET 2026
#@# SubCort Seg Sun Mar  8 17:40:11 CET 2026
#@# CC Seg Sun Mar  8 18:02:05 CET 2026
#@# Merge ASeg Sun Mar  8 18:02:30 CET 2026
#@# Intensity Normalization2 Sun Mar  8 18:02:30 CET 2026
#@# Mask BFS Sun Mar  8 18:03:54 CET 2026
#@# WM Segmentation Sun Mar  8 18:03:55 CET 2026
#@# Fill Sun Mar  8 18:05:26 CET 2026
recon-all -s sub-v1s13x0050044_ses-1 finished without error at Sun Mar  8 18:06:04 CET 2026



#New# invocation of recon-all 



status file for recon-all
Sun Mar  8 18:57:50 CET 2026
#@# white curv lh Sun Mar  8 18:57:50 CET 2026
#@# white area lh Sun Mar  8 18:57:50 CET 2026
#@# pial curv lh Sun Mar  8 18:57:50 CET 2026
#@# pial area lh Sun Mar  8 18:57:50 CET 2026
#@# thickness lh Sun Mar  8 18:57:50 CET 2026
#@# area and vertex vol lh Sun Mar  8 18:57:50 CET 2026
#@# white curv rh Sun Mar  8 18:57:50 CET 2026
#@# white area rh Sun Mar  8 18:57:50 CET 2026
#@# pial curv rh Sun Mar  8 18:57:50 CET 2026
#@# pial area rh Sun Mar  8 18:57:50 CET 2026
#@# thickness rh Sun Mar  8 18:57:50 CET 2026
#@# area and vertex vol rh Sun Mar  8 18:57:50 CET 2026
#@# Cortical ribbon mask Sun Mar  8 18:57:50 CET 2026
recon-all -s sub-v1s13x0050044_ses-1 finished without error at Sun Mar  8 19:01:28 CET 2026



#New# invocation of recon-all 



status file for recon-all
Sun Mar  8 19:06:59 CET 2026
#@# white curv lh Sun Mar  8 19:06:59 CET 2026
#@# white area lh Sun Mar  8 19:06:59 CET 2026
#@# pial curv lh Sun Mar  8 19:06:59 CET 2026
#@# pial area lh Sun Mar  8 19:06:59 CET 2026
#@# thickness lh Sun Mar  8 19:06:59 CET 2026
#@# area and vertex vol lh Sun Mar  8 19:06:59 CET 2026
#@# white curv rh Sun Mar  8 19:06:59 CET 2026
#@# white area rh Sun Mar  8 19:06:59 CET 2026
#@# pial curv rh Sun Mar  8 19:06:59 CET 2026
#@# pial area rh Sun Mar  8 19:06:59 CET 2026
#@# thickness rh Sun Mar  8 19:06:59 CET 2026
#@# area and vertex vol rh Sun Mar  8 19:06:59 CET 2026
#@# Curvature Stats lh Sun Mar  8 19:06:59 CET 2026
#@# Curvature Stats rh Sun Mar  8 19:07:01 CET 2026
#@# Relabel Hypointensities Sun Mar  8 19:07:03 CET 2026
#@# APas-to-ASeg Sun Mar  8 19:07:14 CET 2026
#@# AParc-to-ASeg aparc Sun Mar  8 19:07:20 CET 2026
#@# AParc-to-ASeg aparc.a2009s Sun Mar  8 19:07:43 CET 2026
#@# AParc-to-ASeg aparc.DKTatlas Sun Mar  8 19:08:08 CET 2026
#@# WMParc Sun Mar  8 19:08:32 CET 2026
#@# ASeg Stats Sun Mar  8 19:10:20 CET 2026
recon-all -s sub-v1s13x0050044_ses-1 finished without error at Sun Mar  8 19:10:39 CET 2026
