status file for recon-all
Sun Mar  8 18:37:27 CET 2026
#@# Tessellate rh Sun Mar  8 18:37:27 CET 2026
#@# Smooth1 rh Sun Mar  8 18:37:31 CET 2026
#@# Inflation1 rh Sun Mar  8 18:37:33 CET 2026
#@# QSphere rh Sun Mar  8 18:37:43 CET 2026
#@# Fix Topology rh Sun Mar  8 18:38:34 CET 2026
#@# Smooth2 rh Sun Mar  8 18:43:45 CET 2026
#@# Inflation2 rh Sun Mar  8 18:43:48 CET 2026
#@# Curv .H and .K rh Sun Mar  8 18:43:58 CET 2026
#@# Sphere rh Sun Mar  8 18:44:43 CET 2026
#@# Surf Reg rh Sun Mar  8 18:46:20 CET 2026
#@# Jacobian white rh Sun Mar  8 18:49:12 CET 2026
#@# AvgCurv rh Sun Mar  8 18:49:13 CET 2026
#@# Cortical Parc rh Sun Mar  8 18:49:14 CET 2026
#@# white curv rh Sun Mar  8 18:54:42 CET 2026
#@# white area rh Sun Mar  8 18:54:44 CET 2026
#@# pial curv rh Sun Mar  8 18:54:44 CET 2026
#@# pial area rh Sun Mar  8 18:54:46 CET 2026
#@# thickness rh Sun Mar  8 18:54:46 CET 2026
#@# area and vertex vol rh Sun Mar  8 18:55:14 CET 2026
#@# Curvature Stats rh Sun Mar  8 18:55:15 CET 2026
#@# Cortical Parc 2 rh Sun Mar  8 18:55:17 CET 2026
#@# Cortical Parc 3 rh Sun Mar  8 18:55:29 CET 2026
#@# WM/GM Contrast rh Sun Mar  8 18:55:39 CET 2026
recon-all -s sub-v1s13x0050054_ses-1 finished without error at Sun Mar  8 18:55:41 CET 2026



#New# invocation of recon-all 



status file for recon-all
Sun Mar  8 19:04:04 CET 2026
#@# white curv rh Sun Mar  8 19:04:04 CET 2026
#@# white area rh Sun Mar  8 19:04:04 CET 2026
#@# pial curv rh Sun Mar  8 19:04:04 CET 2026
#@# pial area rh Sun Mar  8 19:04:04 CET 2026
#@# thickness rh Sun Mar  8 19:04:04 CET 2026
#@# area and vertex vol rh Sun Mar  8 19:04:04 CET 2026
#@# Parcellation Stats rh Sun Mar  8 19:04:04 CET 2026
#@# Parcellation Stats 2 rh Sun Mar  8 19:04:20 CET 2026
#@# Parcellation Stats 3 rh Sun Mar  8 19:04:29 CET 2026
#@# BA_exvivo Labels rh Sun Mar  8 19:04:37 CET 2026
recon-all -s sub-v1s13x0050054_ses-1 finished without error at Sun Mar  8 19:06:51 CET 2026
