/out/sourcedata/freesurfer/sub-v1s13x0050052_ses-1/mri
/opt/freesurfer/bin/talairach_avi
--i orig_nu.mgz --xfm transforms/talairach.auto.xfm
talairach_avi 7.3.2
Linux dna028 5.14.0-427.37.1.el9_4.x86_64 #1 SMP PREEMPT_DYNAMIC Fri Sep 13 12:41:50 EDT 2024 x86_64 x86_64 x86_64 GNU/Linux
Sun Mar  8 16:49:55 CET 2026
mri_convert orig_nu.mgz talsrcimg.img 
reading from orig_nu.mgz...
TR=0.00, TE=0.00, TI=0.00, flip angle=0.00
i_ras = (-1, 0, 0)
j_ras = (0, 0, -1)
k_ras = (0, 1, 0)
writing to talsrcimg.img...
Analyze Output Matrix
-1.00000   0.00000   0.00000   131.70416;
 0.00000   0.00000   1.00000  -130.82057;
 0.00000  -1.00000   0.00000   96.55127;
 0.00000   0.00000   0.00000   1.00000;
--------------------
INFO: set hdr.hist.orient to -1
mpr2mni305 talsrcimg
Sun Mar  8 16:49:55 CET 2026
/opt/freesurfer/bin/mpr2mni305 talsrcimg
mpr2mni305 7.3.2
target=711-2C_as_mni_average_305

---------------------------------------------------------------------
analyzeto4dfp talsrcimg -O0 -y
---------------------------------------------------------------------

freesurfer ifh2hdr.c
Sun Mar  8 16:49:55 2026
Writing: talsrcimg.4dfp.hdr
freesurfer analyzeto4dfp.c
Reading: talsrcimg.hdr
header size 348 bytes
hdr.dime.datatype	offset=70	value=2
hdr.dime.bitpix		offset=72	value=8
hdr.hist.orient		offset=252	value=-1
dimensionality     4
dimensions       256       256       256         1
Reading: talsrcimg.img
Writing: talsrcimg.4dfp.img
Writing: talsrcimg.4dfp.ifh
ifh2hdr talsrcimg -r0to207
ori=2

---------------------------------------------------------------------
gauss_4dfp talsrcimg 1.1
---------------------------------------------------------------------

freesurfer gauss_4dfp.c
Reading: talsrcimg.4dfp.img
Writing: talsrcimg_g11.4dfp.img
image dimensions 256 256 256 padded to 288 288 288
processing volume 1freesurfer ifh2hdr.c
Sun Mar  8 16:49:57 2026
Writing: talsrcimg_g11.4dfp.hdr

Writing: talsrcimg_g11.4dfp.ifh
including: talsrcimg.4dfp.img.rec in talsrcimg_g11.4dfp.img.rec

---------------------------------------------------------------------
imgreg_4dfp /opt/freesurfer/average/711-2C_as_mni_average_305 none talsrcimg_g11 none talsrcimg_to_711-2C_as_mni_average_305_t4 4355
---------------------------------------------------------------------

freesurfer imgreg_4dfp.c
/opt/freesurfer/average/711-2C_as_mni_average_305.4dfp.img
       256       256       256         1
  1.000000  1.000000  1.000000
orientation T byte_order littleendian
Reading image: /opt/freesurfer/average/711-2C_as_mni_average_305.4dfp.img
dimensions:      256       256       256
mmppix:       1.0000   -1.0000   -1.0000
center:     128.0000 -129.0000 -129.0000
talsrcimg_g11.4dfp.img
       256       256       256         1
  1.000000  1.000000  1.000000
orientation T byte_order littleendian
Reading image: talsrcimg_g11.4dfp.img
dimensions:      256       256       256
mmppix:       1.0000   -1.0000   -1.0000
center:     128.0000 -129.0000 -129.0000
t4_read: open error in t4_sub.f l:  41 t4_file(1:l)talsrcimg_to_711-2C_as_mni_average_305_t4 
t4_read: transform initialized to I4
rotation matrix determinant  1.000000
image alignment mode   4355 decimal     1103 hex
   -7.5000  -45.0000  -45.0000 8237.1924   13.8197
    0.0000  -45.0000  -45.0000 8636.6035   13.8188
    7.5000  -45.0000  -45.0000 8314.5635   13.8217
   -7.5000  -37.5000  -45.0000 8661.6875   13.7871
    0.0000  -37.5000  -45.0000 9078.6357   13.7797
    7.5000  -37.5000  -45.0000 8732.6484   13.7769
   -7.5000  -30.0000  -45.0000 9351.5088   13.7424
    0.0000  -30.0000  -45.0000 9810.0352   13.7286
    7.5000  -30.0000  -45.0000 9413.2549   13.7223
   -7.5000  -22.5000  -45.0000 9997.6182   13.7219
    0.0000  -22.5000  -45.000010492.5273   13.7075
    7.5000  -22.5000  -45.000010047.0107   13.7036
   -7.5000  -15.0000  -45.000010589.4570   13.7171
    0.0000  -15.0000  -45.000011119.3652   13.7083
    7.5000  -15.0000  -45.000010640.2139   13.7091
   -7.5000   -7.5000  -45.000011069.9854   13.7170
    0.0000   -7.5000  -45.000011610.7812   13.7148
    7.5000   -7.5000  -45.000011098.9629   13.7190
   -7.5000    0.0000  -45.000011472.4453   13.7201
    0.0000    0.0000  -45.000012026.5176   13.7184
    7.5000    0.0000  -45.000011484.8994   13.7216
   -7.5000    7.5000  -45.000011015.4756   13.7429
    0.0000    7.5000  -45.000011562.2793   13.7350
    7.5000    7.5000  -45.000011049.0879   13.7325
   -7.5000   15.0000  -45.000010462.5361   13.7711
    0.0000   15.0000  -45.000010972.3896   13.7571
    7.5000   15.0000  -45.000010480.6973   13.7508
   -7.5000   22.5000  -45.0000 9804.1572   13.8023
    0.0000   22.5000  -45.000010251.7666   13.7876
    7.5000   22.5000  -45.0000 9785.9746   13.7834
   -7.5000   30.0000  -45.0000 9100.3096   13.6681
    0.0000   30.0000  -45.0000 9520.8643   13.6590
    7.5000   30.0000  -45.0000 9084.4053   13.6595
   -7.5000   37.5000  -45.0000 8680.0605   13.7610
    0.0000   37.5000  -45.0000 9093.4688   13.7584
    7.5000   37.5000  -45.0000 8662.3643   13.7625
   -7.5000   45.0000  -45.0000 7870.5669   13.5236
    0.0000   45.0000  -45.0000 8240.5908   13.5217
    7.5000   45.0000  -45.0000 7853.6895   13.5243
   -7.5000  -45.0000  -37.5000 8707.0273   13.6354
    0.0000  -45.0000  -37.5000 9150.0400   13.6313
    7.5000  -45.0000  -37.5000 8785.6025   13.6332
   -7.5000  -37.5000  -37.5000 9137.8135   13.6078
    0.0000  -37.5000  -37.5000 9602.4688   13.5953
    7.5000  -37.5000  -37.5000 9213.0312   13.5938
   -7.5000  -30.0000  -37.5000 9854.6572   13.5689
    0.0000  -30.0000  -37.500010354.7939   13.5497
    7.5000  -30.0000  -37.5000 9916.5166   13.5478
   -7.5000  -22.5000  -37.500010503.7412   13.5492
    0.0000  -22.5000  -37.500011025.0986   13.5313
    7.5000  -22.5000  -37.500010581.3555   13.5326
   -7.5000  -15.0000  -37.500011098.3389   13.5411
    0.0000  -15.0000  -37.500011651.9238   13.5308
    7.5000  -15.0000  -37.500011181.5283   13.5350
   -7.5000   -7.5000  -37.500011610.4248   13.5395
    0.0000   -7.5000  -37.500012183.9482   13.5359
    7.5000   -7.5000  -37.500011663.4629   13.5405
   -7.5000    0.0000  -37.500012059.2930   13.5444
    0.0000    0.0000  -37.500012673.7402   13.5395
    7.5000    0.0000  -37.500012090.4170   13.5417
   -7.5000    7.5000  -37.500011600.3730   13.5688
    0.0000    7.5000  -37.500012179.8955   13.5560
    7.5000    7.5000  -37.500011631.5410   13.5547
   -7.5000   15.0000  -37.500011004.9932   13.5962
    0.0000   15.0000  -37.500011526.4062   13.5768
    7.5000   15.0000  -37.500011014.5254   13.5749
   -7.5000   22.5000  -37.500010280.5293   13.6228
    0.0000   22.5000  -37.500010760.3340   13.6045
    7.5000   22.5000  -37.500010279.5703   13.6056
   -7.5000   30.0000  -37.5000 9516.8037   13.4825
    0.0000   30.0000  -37.5000 9958.2588   13.4720
    7.5000   30.0000  -37.5000 9510.7041   13.4759
   -7.5000   37.5000  -37.5000 9075.7461   13.5673
    0.0000   37.5000  -37.5000 9513.5518   13.5632
    7.5000   37.5000  -37.5000 9058.9141   13.5679
   -7.5000   45.0000  -37.5000 8207.3926   13.3286
    0.0000   45.0000  -37.5000 8589.1475   13.3237
    7.5000   45.0000  -37.5000 8192.3994   13.3257
   -7.5000  -45.0000  -30.0000 9425.3867   13.9378
    0.0000  -45.0000  -30.0000 9905.5781   13.9298
    7.5000  -45.0000  -30.0000 9504.1895   13.9310
   -7.5000  -37.5000  -30.0000 9887.5664   13.9078
    0.0000  -37.5000  -30.000010365.0469   13.8912
    7.5000  -37.5000  -30.0000 9938.4014   13.8919
   -7.5000  -30.0000  -30.000010646.5088   13.8683
    0.0000  -30.0000  -30.000011167.4385   13.8463
    7.5000  -30.0000  -30.000010686.0527   13.8474
   -7.5000  -22.5000  -30.000011333.2207   13.8514
    0.0000  -22.5000  -30.000011885.7695   13.8321
    7.5000  -22.5000  -30.000011387.9170   13.8338
   -7.5000  -15.0000  -30.000011934.1621   13.8456
    0.0000  -15.0000  -30.000012539.0400   13.8344
    7.5000  -15.0000  -30.000012009.0986   13.8360
   -7.5000   -7.5000  -30.000012472.9463   13.8431
    0.0000   -7.5000  -30.000013099.4482   13.8371
    7.5000   -7.5000  -30.000012520.0059   13.8388
   -7.5000    0.0000  -30.000012926.7949   13.8452
    0.0000    0.0000  -30.000013592.8350   13.8364
    7.5000    0.0000  -30.000012971.9629   13.8379
   -7.5000    7.5000  -30.000012426.0918   13.8678
    0.0000    7.5000  -30.000013060.6533   13.8510
    7.5000    7.5000  -30.000012471.9326   13.8519
   -7.5000   15.0000  -30.000011755.8223   13.8954
    0.0000   15.0000  -30.000012314.3779   13.8732
    7.5000   15.0000  -30.000011778.6494   13.8743
   -7.5000   22.5000  -30.000010948.5664   13.9246
    0.0000   22.5000  -30.000011476.5518   13.9052
    7.5000   22.5000  -30.000010964.0273   13.9066
   -7.5000   30.0000  -30.000010120.6377   13.7865
    0.0000   30.0000  -30.000010589.4590   13.7751
    7.5000   30.0000  -30.000010111.4150   13.7764
   -7.5000   37.5000  -30.0000 9627.5908   13.8705
    0.0000   37.5000  -30.000010084.0625   13.8639
    7.5000   37.5000  -30.0000 9629.0869   13.8658
   -7.5000   45.0000  -30.0000 8688.6240   13.6328
    0.0000   45.0000  -30.0000 9104.8789   13.6240
    7.5000   45.0000  -30.0000 8689.1279   13.6256
   -7.5000  -45.0000  -22.500010175.0391   14.2495
    0.0000  -45.0000  -22.500010667.6162   14.2390
    7.5000  -45.0000  -22.500010243.7900   14.2411
   -7.5000  -37.5000  -22.500010671.5381   14.2147
    0.0000  -37.5000  -22.500011163.4551   14.1972
    7.5000  -37.5000  -22.500010715.4697   14.1992
   -7.5000  -30.0000  -22.500011467.0215   14.1721
    0.0000  -30.0000  -22.500012021.5537   14.1502
    7.5000  -30.0000  -22.500011509.2236   14.1503
   -7.5000  -22.5000  -22.500012174.6416   14.1575
    0.0000  -22.5000  -22.500012805.8369   14.1373
    7.5000  -22.5000  -22.500012259.4053   14.1352
   -7.5000  -15.0000  -22.500012810.9492   14.1560
    0.0000  -15.0000  -22.500013506.7822   14.1421
    7.5000  -15.0000  -22.500012899.5410   14.1390
   -7.5000   -7.5000  -22.500013400.4531   14.1549
    0.0000   -7.5000  -22.500014090.0674   14.1456
    7.5000   -7.5000  -22.500013452.9531   14.1452
   -7.5000    0.0000  -22.500013852.8096   14.1546
    0.0000    0.0000  -22.500014545.0830   14.1435
    7.5000    0.0000  -22.500013898.6738   14.1458
   -7.5000    7.5000  -22.500013290.4365   14.1734
    0.0000    7.5000  -22.500013947.3672   14.1557
    7.5000    7.5000  -22.500013331.9229   14.1579
   -7.5000   15.0000  -22.500012541.7305   14.1994
    0.0000   15.0000  -22.500013129.8008   14.1773
    7.5000   15.0000  -22.500012563.9033   14.1774
   -7.5000   22.5000  -22.500011670.0410   14.2312
    0.0000   22.5000  -22.500012223.9277   14.2108
    7.5000   22.5000  -22.500011675.2451   14.2085
   -7.5000   30.0000  -22.500010742.9199   14.0982
    0.0000   30.0000  -22.500011237.3818   14.0842
    7.5000   30.0000  -22.500010728.3525   14.0808
   -7.5000   37.5000  -22.500010186.6699   14.1843
    0.0000   37.5000  -22.500010682.5430   14.1745
    7.5000   37.5000  -22.500010181.7246   14.1740
   -7.5000   45.0000  -22.5000 9191.3408   13.9489
    0.0000   45.0000  -22.5000 9643.9297   13.9378
    7.5000   45.0000  -22.5000 9189.8311   13.9400
   -7.5000  -45.0000  -15.000010972.9834   14.5356
    0.0000  -45.0000  -15.000011508.0000   14.5272
    7.5000  -45.0000  -15.000011035.0225   14.5306
   -7.5000  -37.5000  -15.000011488.2012   14.4987
    0.0000  -37.5000  -15.000012038.1904   14.4846
    7.5000  -37.5000  -15.000011548.0576   14.4859
   -7.5000  -30.0000  -15.000012342.3057   14.4542
    0.0000  -30.0000  -15.000012952.5410   14.4361
    7.5000  -30.0000  -15.000012409.0156   14.4330
   -7.5000  -22.5000  -15.000013099.3936   14.4400
    0.0000  -22.5000  -15.000013780.2061   14.4223
    7.5000  -22.5000  -15.000013195.2539   14.4166
   -7.5000  -15.0000  -15.000013761.7061   14.4401
    0.0000  -15.0000  -15.000014503.3096   14.4270
    7.5000  -15.0000  -15.000013841.4053   14.4224
   -7.5000   -7.5000  -15.000014366.5371   14.4391
    0.0000   -7.5000  -15.000015113.9170   14.4306
    7.5000   -7.5000  -15.000014426.1045   14.4310
   -7.5000    0.0000  -15.000014840.8105   14.4379
    0.0000    0.0000  -15.000015560.9043   14.4287
    7.5000    0.0000  -15.000014876.1240   14.4325
   -7.5000    7.5000  -15.000014202.9912   14.4558
    0.0000    7.5000  -15.000014900.7627   14.4414
    7.5000    7.5000  -15.000014228.8564   14.4429
   -7.5000   15.0000  -15.000013355.3750   14.4821
    0.0000   15.0000  -15.000014001.7598   14.4639
    7.5000   15.0000  -15.000013386.6758   14.4608
   -7.5000   22.5000  -15.000012435.6768   14.5150
    0.0000   22.5000  -15.000013039.7822   14.4971
    7.5000   22.5000  -15.000012445.0352   14.4912
   -7.5000   30.0000  -15.000011420.9043   14.3846
    0.0000   30.0000  -15.000011963.7178   14.3713
    7.5000   30.0000  -15.000011407.6494   14.3663
   -7.5000   37.5000  -15.000010762.5908   14.4728
    0.0000   37.5000  -15.000011304.6992   14.4639
    7.5000   37.5000  -15.000010774.7109   14.4639
   -7.5000   45.0000  -15.0000 9711.1924   14.2395
    0.0000   45.0000  -15.000010192.4238   14.2302
    7.5000   45.0000  -15.0000 9695.5967   14.2334
   -7.5000  -45.0000   -7.500011822.0752   14.6707
    0.0000  -45.0000   -7.500012408.4287   14.6649
    7.5000  -45.0000   -7.500011885.9951   14.6676
   -7.5000  -37.5000   -7.500012379.4365   14.6364
    0.0000  -37.5000   -7.500012998.9922   14.6249
    7.5000  -37.5000   -7.500012441.7891   14.6227
   -7.5000  -30.0000   -7.500013284.4160   14.5934
    0.0000  -30.0000   -7.500013977.1943   14.5771
    7.5000  -30.0000   -7.500013365.3271   14.5705
   -7.5000  -22.5000   -7.500014066.1611   14.5772
    0.0000  -22.5000   -7.500014806.5117   14.5604
    7.5000  -22.5000   -7.500014169.8447   14.5546
   -7.5000  -15.0000   -7.500014766.2881   14.5740
    0.0000  -15.0000   -7.500015542.6631   14.5619
    7.5000  -15.0000   -7.500014835.1777   14.5599
   -7.5000   -7.5000   -7.500015397.3066   14.5712
    0.0000   -7.5000   -7.500016180.3418   14.5646
    7.5000   -7.5000   -7.500015446.1895   14.5670
   -7.5000    0.0000   -7.500015901.3867   14.5710
    0.0000    0.0000   -7.500016667.0879   14.5644
    7.5000    0.0000   -7.500015897.2705   14.5674
   -7.5000    7.5000   -7.500015189.9404   14.5924
    0.0000    7.5000   -7.500015912.7119   14.5806
    7.5000    7.5000   -7.500015188.2373   14.5786
   -7.5000   15.0000   -7.500014249.8623   14.6221
    0.0000   15.0000   -7.500014946.9756   14.6056
    7.5000   15.0000   -7.500014279.8535   14.5990
   -7.5000   22.5000   -7.500013237.7344   14.6522
    0.0000   22.5000   -7.500013909.9375   14.6352
    7.5000   22.5000   -7.500013264.4688   14.6291
   -7.5000   30.0000   -7.500012165.6631   14.5188
    0.0000   30.0000   -7.500012757.5498   14.5065
    7.5000   30.0000   -7.500012155.3359   14.5041
   -7.5000   37.5000   -7.500011463.3818   14.6078
    0.0000   37.5000   -7.500012027.7256   14.6008
    7.5000   37.5000   -7.500011460.5156   14.6028
   -7.5000   45.0000   -7.500010312.0908   14.3754
    0.0000   45.0000   -7.500010815.3545   14.3686
    7.5000   45.0000   -7.500010286.4170   14.3708
   -7.5000  -45.0000    0.000012613.8135   14.6752
    0.0000  -45.0000    0.000013242.4766   14.6701
    7.5000  -45.0000    0.000012690.3936   14.6709
   -7.5000  -37.5000    0.000013220.3320   14.6454
    0.0000  -37.5000    0.000013905.7910   14.6336
    7.5000  -37.5000    0.000013290.6846   14.6290
   -7.5000  -30.0000    0.000014206.9893   14.6060
    0.0000  -30.0000    0.000014969.6445   14.5880
    7.5000  -30.0000    0.000014319.6250   14.5810
   -7.5000  -22.5000    0.000015025.9053   14.5875
    0.0000  -22.5000    0.000015829.0908   14.5693
    7.5000  -22.5000    0.000015176.5479   14.5660
   -7.5000  -15.0000    0.000015756.4307   14.5793
    0.0000  -15.0000    0.000016543.1855   14.5671
    7.5000  -15.0000    0.000015828.2764   14.5687
   -7.5000   -7.5000    0.000016400.0176   14.5736
    0.0000   -7.5000    0.000017206.9551   14.5678
    7.5000   -7.5000    0.000016446.8574   14.5714
   -7.5000    0.0000    0.000016916.1426   14.5744
    0.0000    0.0000    0.000017729.2539   14.5685
    7.5000    0.0000    0.000016939.0820   14.5697
   -7.5000    7.5000    0.000016112.7227   14.6007
    0.0000    7.5000    0.000016873.2695   14.5886
    7.5000    7.5000    0.000016120.0566   14.5842
   -7.5000   15.0000    0.000015109.8926   14.6350
    0.0000   15.0000    0.000015835.9277   14.6168
    7.5000   15.0000    0.000015126.6846   14.6098
   -7.5000   22.5000    0.000014049.1396   14.6637
    0.0000   22.5000    0.000014748.3809   14.6453
    7.5000   22.5000    0.000014066.7432   14.6418
   -7.5000   30.0000    0.000012924.1416   14.5256
    0.0000   30.0000    0.000013536.5342   14.5132
    7.5000   30.0000    0.000012900.5029   14.5145
   -7.5000   37.5000    0.000012156.0234   14.6136
    0.0000   37.5000    0.000012743.9736   14.6074
    7.5000   37.5000    0.000012131.1055   14.6108
   -7.5000   45.0000    0.000010908.7275   14.3812
    0.0000   45.0000    0.000011426.7178   14.3752
    7.5000   45.0000    0.000010842.9756   14.3758
   -7.5000  -45.0000    7.500012458.8867   14.7510
    0.0000  -45.0000    7.500013087.9756   14.7434
    7.5000  -45.0000    7.500012544.0078   14.7435
   -7.5000  -37.5000    7.500013055.4600   14.7231
    0.0000  -37.5000    7.500013722.2383   14.7074
    7.5000  -37.5000    7.500013130.3828   14.7043
   -7.5000  -30.0000    7.500014090.2217   14.6868
    0.0000  -30.0000    7.500014914.4131   14.6645
    7.5000  -30.0000    7.500014250.1738   14.6614
   -7.5000  -22.5000    7.500014994.8340   14.6695
    0.0000  -22.5000    7.500015894.4033   14.6484
    7.5000  -22.5000    7.500015158.6650   14.6487
   -7.5000  -15.0000    7.500015717.8936   14.6603
    0.0000  -15.0000    7.500016523.3711   14.6466
    7.5000  -15.0000    7.500015756.4062   14.6496
   -7.5000   -7.5000    7.500016297.3848   14.6540
    0.0000   -7.5000    7.500017079.2695   14.6469
    7.5000   -7.5000    7.500016317.1953   14.6500
   -7.5000    0.0000    7.500016780.1113   14.6556
    0.0000    0.0000    7.500017565.7109   14.6471
    7.5000    0.0000    7.500016776.2266   14.6477
   -7.5000    7.5000    7.500015952.0000   14.6823
    0.0000    7.5000    7.500016727.6855   14.6663
    7.5000    7.5000    7.500015932.4092   14.6634
   -7.5000   15.0000    7.500014925.6777   14.7154
    0.0000   15.0000    7.500015675.6055   14.6929
    7.5000   15.0000    7.500014911.0430   14.6898
   -7.5000   22.5000    7.500013878.1865   14.7417
    0.0000   22.5000    7.500014592.0361   14.7203
    7.5000   22.5000    7.500013860.8623   14.7203
   -7.5000   30.0000    7.500012749.1143   14.5982
    0.0000   30.0000    7.500013386.1855   14.5843
    7.5000   30.0000    7.500012710.6016   14.5870
   -7.5000   37.5000    7.500011992.2480   14.6824
    0.0000   37.5000    7.500012574.8975   14.6746
    7.5000   37.5000    7.500011940.6445   14.6778
   -7.5000   45.0000    7.500010717.5576   14.4450
    0.0000   45.0000    7.500011231.8389   14.4365
    7.5000   45.0000    7.500010652.8184   14.4369
   -7.5000  -45.0000   15.000012167.2539   14.8296
    0.0000  -45.0000   15.000012841.3389   14.8189
    7.5000  -45.0000   15.000012263.0303   14.8187
   -7.5000  -37.5000   15.000012752.9932   14.7992
    0.0000  -37.5000   15.000013465.4277   14.7800
    7.5000  -37.5000   15.000012835.1113   14.7792
   -7.5000  -30.0000   15.000013830.4795   14.7620
    0.0000  -30.0000   15.000014773.2402   14.7369
    7.5000  -30.0000   15.000013980.6348   14.7366
   -7.5000  -22.5000   15.000014841.6084   14.7473
    0.0000  -22.5000   15.000015886.3838   14.7246
    7.5000  -22.5000   15.000014960.4414   14.7247
   -7.5000  -15.0000   15.000015546.1934   14.7411
    0.0000  -15.0000   15.000016442.9512   14.7263
    7.5000  -15.0000   15.000015548.8398   14.7263
   -7.5000   -7.5000   15.000016065.6855   14.7377
    0.0000   -7.5000   15.000016902.1719   14.7287
    7.5000   -7.5000   15.000016051.4727   14.7288
   -7.5000    0.0000   15.000016503.7969   14.7395
    0.0000    0.0000   15.000017343.5703   14.7281
    7.5000    0.0000   15.000016491.4844   14.7282
   -7.5000    7.5000   15.000015689.3047   14.7621
    0.0000    7.5000   15.000016495.4512   14.7427
    7.5000    7.5000   15.000015662.8721   14.7422
   -7.5000   15.0000   15.000014668.1553   14.7898
    0.0000   15.0000   15.000015432.5527   14.7647
    7.5000   15.0000   15.000014647.8516   14.7644
   -7.5000   22.5000   15.000013622.8711   14.8148
    0.0000   22.5000   15.000014330.7734   14.7918
    7.5000   22.5000   15.000013602.1260   14.7917
   -7.5000   30.0000   15.000012502.7402   14.6704
    0.0000   30.0000   15.000013147.4971   14.6554
    7.5000   30.0000   15.000012459.4404   14.6551
   -7.5000   37.5000   15.000011688.0479   14.7528
    0.0000   37.5000   15.000012283.9834   14.7431
    7.5000   37.5000   15.000011639.9854   14.7434
   -7.5000   45.0000   15.000010390.2822   14.5122
    0.0000   45.0000   15.000010900.3154   14.5010
    7.5000   45.0000   15.000010346.4424   14.5011
   -7.5000  -45.0000   22.500011751.4199   14.9114
    0.0000  -45.0000   22.500012454.2803   14.9001
    7.5000  -45.0000   22.500011840.0479   14.9012
   -7.5000  -37.5000   22.500012323.6348   14.8768
    0.0000  -37.5000   22.500013100.8486   14.8581
    7.5000  -37.5000   22.500012390.7598   14.8590
   -7.5000  -30.0000   22.500013348.0908   14.8386
    0.0000  -30.0000   22.500014303.5752   14.8151
    7.5000  -30.0000   22.500013497.6348   14.8140
   -7.5000  -22.5000   22.500014272.2959   14.8281
    0.0000  -22.5000   22.500015270.5176   14.8065
    7.5000  -22.5000   22.500014417.2021   14.8029
   -7.5000  -15.0000   22.500014975.3457   14.8267
    0.0000  -15.0000   22.500015869.3535   14.8117
    7.5000  -15.0000   22.500015018.2500   14.8072
   -7.5000   -7.5000   22.500015520.9111   14.8261
    0.0000   -7.5000   22.500016438.4492   14.8160
    7.5000   -7.5000   22.500015554.5557   14.8144
   -7.5000    0.0000   22.500016011.1475   14.8266
    0.0000    0.0000   22.500016932.3809   14.8146
    7.5000    0.0000   22.500016017.9727   14.8159
   -7.5000    7.5000   22.500015252.6279   14.8432
    0.0000    7.5000   22.500016071.7900   14.8244
    7.5000    7.5000   22.500015219.1787   14.8254
   -7.5000   15.0000   22.500014264.8105   14.8657
    0.0000   15.0000   22.500014992.1582   14.8422
    7.5000   15.0000   22.500014215.6523   14.8411
   -7.5000   22.5000   22.500013212.9854   14.8902
    0.0000   22.5000   22.500013872.5420   14.8684
    7.5000   22.5000   22.500013171.4326   14.8646
   -7.5000   30.0000   22.500012091.7871   14.7473
    0.0000   30.0000   22.500012694.3887   14.7322
    7.5000   30.0000   22.500012050.8271   14.7274
   -7.5000   37.5000   22.500011255.2803   14.8276
    0.0000   37.5000   22.500011818.2275   14.8169
    7.5000   37.5000   22.500011241.8223   14.8152
   -7.5000   45.0000   22.5000 9995.6943   14.5830
    0.0000   45.0000   22.500010465.6660   14.5711
    7.5000   45.0000   22.5000 9957.8906   14.5722
   -7.5000  -45.0000   30.000011182.2715   14.9928
    0.0000  -45.0000   30.000011839.5127   14.9840
    7.5000  -45.0000   30.000011264.9580   14.9864
   -7.5000  -37.5000   30.000011758.2393   14.9564
    0.0000  -37.5000   30.000012456.6816   14.9415
    7.5000  -37.5000   30.000011823.3340   14.9414
   -7.5000  -30.0000   30.000012712.3438   14.9196
    0.0000  -30.0000   30.000013485.8213   14.9004
    7.5000  -30.0000   30.000012858.4736   14.8956
   -7.5000  -22.5000   30.000013544.7168   14.9126
    0.0000  -22.5000   30.000014293.4189   14.8938
    7.5000  -22.5000   30.000013689.5098   14.8863
   -7.5000  -15.0000   30.000014235.2432   14.9138
    0.0000  -15.0000   30.000014930.9844   14.9001
    7.5000  -15.0000   30.000014295.6191   14.8938
   -7.5000   -7.5000   30.000014820.8291   14.9137
    0.0000   -7.5000   30.000015575.7578   14.9050
    7.5000   -7.5000   30.000014875.0215   14.9040
   -7.5000    0.0000   30.000015337.0342   14.9130
    0.0000    0.0000   30.000016097.2930   14.9035
    7.5000    0.0000   30.000015330.1963   14.9061
   -7.5000    7.5000   30.000014604.7871   14.9262
    0.0000    7.5000   30.000015310.1133   14.9111
    7.5000    7.5000   30.000014553.8799   14.9112
   -7.5000   15.0000   30.000013658.3115   14.9461
    0.0000   15.0000   30.000014297.4404   14.9267
    7.5000   15.0000   30.000013586.4961   14.9219
   -7.5000   22.5000   30.000012606.0889   14.9696
    0.0000   22.5000   30.000013221.2656   14.9507
    7.5000   22.5000   30.000012562.9521   14.9429
   -7.5000   30.0000   30.000011484.8174   14.8262
    0.0000   30.0000   30.000012048.4688   14.8123
    7.5000   30.0000   30.000011459.3066   14.8055
   -7.5000   37.5000   30.000010700.3027   14.9031
    0.0000   37.5000   30.000011211.5273   14.8940
    7.5000   37.5000   30.000010682.8525   14.8926
   -7.5000   45.0000   30.0000 9474.6631   14.6532
    0.0000   45.0000   30.0000 9907.5762   14.6437
    7.5000   45.0000   30.0000 9449.8604   14.6457
   -7.5000  -45.0000   37.500010987.8242   15.1389
    0.0000  -45.0000   37.500011619.8359   15.1329
    7.5000  -45.0000   37.500011065.6748   15.1341
   -7.5000  -37.5000   37.500011533.1777   15.1054
    0.0000  -37.5000   37.500012196.6035   15.0932
    7.5000  -37.5000   37.500011617.7637   15.0892
   -7.5000  -30.0000   37.500012444.7451   15.0729
    0.0000  -30.0000   37.500013156.0381   15.0556
    7.5000  -30.0000   37.500012584.6523   15.0470
   -7.5000  -22.5000   37.500013274.3242   15.0659
    0.0000  -22.5000   37.500013983.8945   15.0484
    7.5000  -22.5000   37.500013385.3584   15.0406
   -7.5000  -15.0000   37.500014000.2891   15.0642
    0.0000  -15.0000   37.500014696.4609   15.0521
    7.5000  -15.0000   37.500014031.7822   15.0483
   -7.5000   -7.5000   37.500014612.1309   15.0628
    0.0000   -7.5000   37.500015349.3164   15.0565
    7.5000   -7.5000   37.500014649.8643   15.0573
   -7.5000    0.0000   37.500015145.4541   15.0633
    0.0000    0.0000   37.500015900.5781   15.0567
    7.5000    0.0000   37.500015115.7559   15.0581
   -7.5000    7.5000   37.500014404.4697   15.0782
    0.0000    7.5000   37.500015104.6416   15.0658
    7.5000    7.5000   37.500014340.9902   15.0619
   -7.5000   15.0000   37.500013419.1152   15.0989
    0.0000   15.0000   37.500014053.6094   15.0815
    7.5000   15.0000   37.500013383.2383   15.0728
   -7.5000   22.5000   37.500012388.3916   15.1185
    0.0000   22.5000   37.500013003.2959   15.1009
    7.5000   22.5000   37.500012384.2822   15.0928
   -7.5000   30.0000   37.500011276.8174   14.9681
    0.0000   30.0000   37.500011823.3252   14.9557
    7.5000   30.0000   37.500011264.4189   14.9514
   -7.5000   37.5000   37.500010495.3184   15.0426
    0.0000   37.5000   37.500010987.5801   15.0359
    7.5000   37.5000   37.500010465.9785   15.0364
   -7.5000   45.0000   37.5000 9274.4131   14.7874
    0.0000   45.0000   37.5000 9700.0068   14.7807
    7.5000   45.0000   37.5000 9269.9639   14.7813
   -7.5000  -45.0000   45.000010249.5225   15.2503
    0.0000  -45.0000   45.000010813.5146   15.2458
    7.5000  -45.0000   45.000010334.4287   15.2450
   -7.5000  -37.5000   45.000010730.8262   15.2216
    0.0000  -37.5000   45.000011323.5166   15.2096
    7.5000  -37.5000   45.000010831.0498   15.2029
   -7.5000  -30.0000   45.000011604.3105   15.1957
    0.0000  -30.0000   45.000012240.9404   15.1768
    7.5000  -30.0000   45.000011717.6152   15.1676
   -7.5000  -22.5000   45.000012389.8838   15.1881
    0.0000  -22.5000   45.000013061.0449   15.1690
    7.5000  -22.5000   45.000012486.3369   15.1637
   -7.5000  -15.0000   45.000013077.2803   15.1817
    0.0000  -15.0000   45.000013752.6670   15.1693
    7.5000  -15.0000   45.000013110.2666   15.1692
   -7.5000   -7.5000   45.000013691.2725   15.1775
    0.0000   -7.5000   45.000014371.0059   15.1723
    7.5000   -7.5000   45.000013708.7441   15.1742
   -7.5000    0.0000   45.000014194.5127   15.1790
    0.0000    0.0000   45.000014900.9775   15.1738
    7.5000    0.0000   45.000014179.6377   15.1731
   -7.5000    7.5000   45.000013459.4551   15.1973
    0.0000    7.5000   45.000014128.5068   15.1851
    7.5000    7.5000   45.000013439.9053   15.1785
   -7.5000   15.0000   45.000012527.7422   15.2206
    0.0000   15.0000   45.000013175.5469   15.2017
    7.5000   15.0000   45.000012537.0820   15.1924
   -7.5000   22.5000   45.000011573.6533   15.2366
    0.0000   22.5000   45.000012173.2510   15.2173
    7.5000   22.5000   45.000011584.1152   15.2118
   -7.5000   30.0000   45.000010547.9502   15.0763
    0.0000   30.0000   45.000011065.2725   15.0636
    7.5000   30.0000   45.000010541.2627   15.0630
   -7.5000   37.5000   45.0000 9791.8906   15.1482
    0.0000   37.5000   45.000010254.6084   15.1425
    7.5000   37.5000   45.0000 9777.4287   15.1442
   -7.5000   45.0000   45.0000 8647.2090   14.8964
    0.0000   45.0000   45.0000 9021.7031   14.8911
    7.5000   45.0000   45.0000 8631.6797   14.8897

---------------------------------------------------------------------
imgreg_4dfp /opt/freesurfer/average/711-2C_as_mni_average_305 /opt/freesurfer/average/711-2B_as_mni_average_305_mask talsrcimg_g11 none talsrcimg_to_711-2C_as_mni_average_305_t4 4355
---------------------------------------------------------------------

freesurfer imgreg_4dfp.c
/opt/freesurfer/average/711-2C_as_mni_average_305.4dfp.img
       256       256       256         1
  1.000000  1.000000  1.000000
orientation T byte_order littleendian
Reading image: /opt/freesurfer/average/711-2C_as_mni_average_305.4dfp.img
dimensions:      256       256       256
mmppix:       1.0000   -1.0000   -1.0000
center:     128.0000 -129.0000 -129.0000
/opt/freesurfer/average/711-2B_as_mni_average_305_mask.4dfp.img
       256       256       256         1
  1.000000  1.000000  1.000000
orientation T byte_order littleendian
Reading mask: /opt/freesurfer/average/711-2B_as_mni_average_305_mask.4dfp.img (2306576 pixels)
talsrcimg_g11.4dfp.img
       256       256       256         1
  1.000000  1.000000  1.000000
orientation T byte_order littleendian
Reading image: talsrcimg_g11.4dfp.img
dimensions:      256       256       256
mmppix:       1.0000   -1.0000   -1.0000
center:     128.0000 -129.0000 -129.0000
rotation matrix determinant  1.000000
image alignment mode   4355 decimal     1103 hex
   -7.5000  -45.0000  -45.0000 2138.5361   16.7777
    0.0000  -45.0000  -45.0000 2149.7935   16.6222
    7.5000  -45.0000  -45.0000 2145.2480   16.7147
   -7.5000  -37.5000  -45.0000 2190.8730   15.6952
    0.0000  -37.5000  -45.0000 2205.2805   15.5840
    7.5000  -37.5000  -45.0000 2200.7524   15.6389
   -7.5000  -30.0000  -45.0000 2230.1033   14.9676
    0.0000  -30.0000  -45.0000 2248.0620   14.8301
    7.5000  -30.0000  -45.0000 2237.6104   14.8660
   -7.5000  -22.5000  -45.0000 2261.5720   14.4928
    0.0000  -22.5000  -45.0000 2275.0667   14.3683
    7.5000  -22.5000  -45.0000 2264.9766   14.3869
   -7.5000  -15.0000  -45.0000 2263.7292   14.3097
    0.0000  -15.0000  -45.0000 2285.7141   14.1811
    7.5000  -15.0000  -45.0000 2273.6711   14.2230
   -7.5000   -7.5000  -45.0000 2245.7747   14.3906
    0.0000   -7.5000  -45.0000 2270.7583   14.2681
    7.5000   -7.5000  -45.0000 2255.9333   14.2872
   -7.5000    0.0000  -45.0000 2211.3591   14.7666
    0.0000    0.0000  -45.0000 2236.7537   14.6034
    7.5000    0.0000  -45.0000 2224.0605   14.6562
   -7.5000    7.5000  -45.0000 2159.4448   15.3935
    0.0000    7.5000  -45.0000 2183.6748   15.2147
    7.5000    7.5000  -45.0000 2174.1165   15.2830
   -7.5000   15.0000  -45.0000 2096.9541   16.3132
    0.0000   15.0000  -45.0000 2118.5178   16.1256
    7.5000   15.0000  -45.0000 2107.4438   16.2121
   -7.5000   22.5000  -45.0000 2019.4642   17.7468
    0.0000   22.5000  -45.0000 2037.3386   17.5208
    7.5000   22.5000  -45.0000 2025.1716   17.6258
   -7.5000   30.0000  -45.0000 1923.0444   19.7514
    0.0000   30.0000  -45.0000 1947.4564   19.4497
    7.5000   30.0000  -45.0000 1933.2968   19.5908
   -7.5000   37.5000  -45.0000 1814.8917   22.3048
    0.0000   37.5000  -45.0000 1841.6035   21.9930
    7.5000   37.5000  -45.0000 1824.7587   22.1618
   -7.5000   45.0000  -45.0000 1702.6765   25.6184
    0.0000   45.0000  -45.0000 1723.5121   25.2558
    7.5000   45.0000  -45.0000 1712.0800   25.4408
   -7.5000  -45.0000  -37.5000 2214.9336   15.5298
    0.0000  -45.0000  -37.5000 2231.4697   15.4399
    7.5000  -45.0000  -37.5000 2222.2722   15.5110
   -7.5000  -37.5000  -37.5000 2273.2104   14.5550
    0.0000  -37.5000  -37.5000 2294.9919   14.4494
    7.5000  -37.5000  -37.5000 2281.1140   14.5052
   -7.5000  -30.0000  -37.5000 2317.3054   13.8493
    0.0000  -30.0000  -37.5000 2339.3220   13.7312
    7.5000  -30.0000  -37.5000 2323.7749   13.7548
   -7.5000  -22.5000  -37.5000 2350.8579   13.3627
    0.0000  -22.5000  -37.5000 2369.1768   13.2698
    7.5000  -22.5000  -37.5000 2356.3860   13.2864
   -7.5000  -15.0000  -37.5000 2356.8945   13.1876
    0.0000  -15.0000  -37.5000 2383.7241   13.0699
    7.5000  -15.0000  -37.5000 2373.3040   13.0955
   -7.5000   -7.5000  -37.5000 2339.2104   13.2758
    0.0000   -7.5000  -37.5000 2369.1968   13.1465
    7.5000   -7.5000  -37.5000 2354.8875   13.1696
   -7.5000    0.0000  -37.5000 2305.5146   13.5931
    0.0000    0.0000  -37.5000 2337.2322   13.4718
    7.5000    0.0000  -37.5000 2318.4792   13.4958
   -7.5000    7.5000  -37.5000 2252.3550   14.1409
    0.0000    7.5000  -37.5000 2278.7146   13.9932
    7.5000    7.5000  -37.5000 2266.2327   14.0453
   -7.5000   15.0000  -37.5000 2186.5903   14.9809
    0.0000   15.0000  -37.5000 2206.8237   14.8383
    7.5000   15.0000  -37.5000 2194.7490   14.8792
   -7.5000   22.5000  -37.5000 2099.3972   16.2726
    0.0000   22.5000  -37.5000 2121.3413   16.0864
    7.5000   22.5000  -37.5000 2107.7329   16.1598
   -7.5000   30.0000  -37.5000 1999.7360   18.0937
    0.0000   30.0000  -37.5000 2023.8857   17.8585
    7.5000   30.0000  -37.5000 2009.7506   17.9310
   -7.5000   37.5000  -37.5000 1887.1958   20.4164
    0.0000   37.5000  -37.5000 1912.9043   20.1940
    7.5000   37.5000  -37.5000 1897.8978   20.3058
   -7.5000   45.0000  -37.5000 1763.5425   23.4533
    0.0000   45.0000  -37.5000 1784.0172   23.1687
    7.5000   45.0000  -37.5000 1771.3951   23.3084
   -7.5000  -45.0000  -30.0000 2340.0581   14.8730
    0.0000  -45.0000  -30.0000 2361.3591   14.7780
    7.5000  -45.0000  -30.0000 2351.0078   14.8546
   -7.5000  -37.5000  -30.0000 2404.1304   13.9373
    0.0000  -37.5000  -30.0000 2427.5881   13.8277
    7.5000  -37.5000  -30.0000 2411.3909   13.8928
   -7.5000  -30.0000  -30.0000 2453.3491   13.2845
    0.0000  -30.0000  -30.0000 2478.3396   13.1625
    7.5000  -30.0000  -30.0000 2461.3433   13.1950
   -7.5000  -22.5000  -30.0000 2490.2388   12.8267
    0.0000  -22.5000  -30.0000 2516.2852   12.7156
    7.5000  -22.5000  -30.0000 2496.5786   12.7513
   -7.5000  -15.0000  -30.0000 2501.8083   12.6206
    0.0000  -15.0000  -30.0000 2534.3613   12.5030
    7.5000  -15.0000  -30.0000 2518.5378   12.5290
   -7.5000   -7.5000  -30.0000 2488.2598   12.6760
    0.0000   -7.5000  -30.0000 2518.8281   12.5642
    7.5000   -7.5000  -30.0000 2502.3184   12.5775
   -7.5000    0.0000  -30.0000 2451.5615   12.9492
    0.0000    0.0000  -30.0000 2484.9727   12.8485
    7.5000    0.0000  -30.0000 2462.1272   12.8634
   -7.5000    7.5000  -30.0000 2394.8345   13.4327
    0.0000    7.5000  -30.0000 2423.6921   13.3283
    7.5000    7.5000  -30.0000 2404.6462   13.3746
   -7.5000   15.0000  -30.0000 2321.2490   14.2489
    0.0000   15.0000  -30.0000 2343.7151   14.1205
    7.5000   15.0000  -30.0000 2330.8875   14.1706
   -7.5000   22.5000  -30.0000 2223.5723   15.4591
    0.0000   22.5000  -30.0000 2246.4011   15.2936
    7.5000   22.5000  -30.0000 2232.7966   15.3513
   -7.5000   30.0000  -30.0000 2114.5640   17.1298
    0.0000   30.0000  -30.0000 2135.4246   16.9524
    7.5000   30.0000  -30.0000 2120.8372   16.9916
   -7.5000   37.5000  -30.0000 1996.2522   19.3243
    0.0000   37.5000  -30.0000 2019.6288   19.1729
    7.5000   37.5000  -30.0000 2007.1365   19.2324
   -7.5000   45.0000  -30.0000 1866.6375   22.2058
    0.0000   45.0000  -30.0000 1889.1737   21.9986
    7.5000   45.0000  -30.0000 1875.2216   22.1685
   -7.5000  -45.0000  -22.5000 2436.6118   14.1749
    0.0000  -45.0000  -22.5000 2461.1750   14.0640
    7.5000  -45.0000  -22.5000 2447.9817   14.1399
   -7.5000  -37.5000  -22.5000 2511.8337   13.2863
    0.0000  -37.5000  -22.5000 2528.2334   13.1753
    7.5000  -37.5000  -22.5000 2516.2258   13.2309
   -7.5000  -30.0000  -22.5000 2563.0857   12.6556
    0.0000  -30.0000  -22.5000 2587.3765   12.5513
    7.5000  -30.0000  -22.5000 2568.9304   12.5951
   -7.5000  -22.5000  -22.5000 2595.8267   12.2258
    0.0000  -22.5000  -22.5000 2627.0369   12.1391
    7.5000  -22.5000  -22.5000 2608.6321   12.1886
   -7.5000  -15.0000  -22.5000 2611.8445   12.0142
    0.0000  -15.0000  -22.5000 2649.5176   11.9233
    7.5000  -15.0000  -22.5000 2630.7231   11.9563
   -7.5000   -7.5000  -22.5000 2607.9001   12.0557
    0.0000   -7.5000  -22.5000 2639.6873   11.9709
    7.5000   -7.5000  -22.5000 2622.0562   11.9926
   -7.5000    0.0000  -22.5000 2571.6045   12.2823
    0.0000    0.0000  -22.5000 2601.6448   12.2110
    7.5000    0.0000  -22.5000 2583.7122   12.2309
   -7.5000    7.5000  -22.5000 2511.5928   12.7369
    0.0000    7.5000  -22.5000 2538.7622   12.6294
    7.5000    7.5000  -22.5000 2523.3684   12.6712
   -7.5000   15.0000  -22.5000 2431.5579   13.4899
    0.0000   15.0000  -22.5000 2454.3262   13.3643
    7.5000   15.0000  -22.5000 2443.6399   13.3921
   -7.5000   22.5000  -22.5000 2328.1873   14.6201
    0.0000   22.5000  -22.5000 2350.9158   14.4685
    7.5000   22.5000  -22.5000 2337.9407   14.5052
   -7.5000   30.0000  -22.5000 2207.3362   16.1675
    0.0000   30.0000  -22.5000 2225.0083   16.0005
    7.5000   30.0000  -22.5000 2214.0405   16.0477
   -7.5000   37.5000  -22.5000 2078.7351   18.2059
    0.0000   37.5000  -22.5000 2102.1626   18.0587
    7.5000   37.5000  -22.5000 2091.1841   18.1202
   -7.5000   45.0000  -22.5000 1941.5475   20.9870
    0.0000   45.0000  -22.5000 1964.6685   20.7404
    7.5000   45.0000  -22.5000 1950.5411   20.8250
   -7.5000  -45.0000  -15.0000 2501.3655   13.5344
    0.0000  -45.0000  -15.0000 2525.3359   13.4253
    7.5000  -45.0000  -15.0000 2511.5725   13.4814
   -7.5000  -37.5000  -15.0000 2583.1741   12.6626
    0.0000  -37.5000  -15.0000 2600.8088   12.5754
    7.5000  -37.5000  -15.0000 2588.7769   12.6271
   -7.5000  -30.0000  -15.0000 2641.3176   12.0469
    0.0000  -30.0000  -15.0000 2665.4131   11.9777
    7.5000  -30.0000  -15.0000 2648.3916   12.0107
   -7.5000  -22.5000  -15.0000 2681.9014   11.6337
    0.0000  -22.5000  -15.0000 2713.8064   11.5491
    7.5000  -22.5000  -15.0000 2696.1255   11.6053
   -7.5000  -15.0000  -15.0000 2701.0627   11.4330
    0.0000  -15.0000  -15.0000 2740.5720   11.3475
    7.5000  -15.0000  -15.0000 2716.2744   11.3946
   -7.5000   -7.5000  -15.0000 2700.7942   11.4747
    0.0000   -7.5000  -15.0000 2736.0188   11.3929
    7.5000   -7.5000  -15.0000 2715.7441   11.4215
   -7.5000    0.0000  -15.0000 2664.9233   11.6952
    0.0000    0.0000  -15.0000 2691.4556   11.6094
    7.5000    0.0000  -15.0000 2677.0869   11.6392
   -7.5000    7.5000  -15.0000 2601.5227   12.1119
    0.0000    7.5000  -15.0000 2630.0681   12.0169
    7.5000    7.5000  -15.0000 2614.8057   12.0402
   -7.5000   15.0000  -15.0000 2512.1104   12.7878
    0.0000   15.0000  -15.0000 2539.4253   12.6705
    7.5000   15.0000  -15.0000 2530.5957   12.7167
   -7.5000   22.5000  -15.0000 2407.0010   13.8438
    0.0000   22.5000  -15.0000 2431.0920   13.7284
    7.5000   22.5000  -15.0000 2418.4470   13.7510
   -7.5000   30.0000  -15.0000 2274.9844   15.3095
    0.0000   30.0000  -15.0000 2295.8608   15.1800
    7.5000   30.0000  -15.0000 2287.4480   15.2085
   -7.5000   37.5000  -15.0000 2134.2275   17.2466
    0.0000   37.5000  -15.0000 2160.2585   17.0764
    7.5000   37.5000  -15.0000 2148.3962   17.1567
   -7.5000   45.0000  -15.0000 1991.8575   19.7744
    0.0000   45.0000  -15.0000 2014.9805   19.5899
    7.5000   45.0000  -15.0000 1999.2909   19.6342
   -7.5000  -45.0000   -7.5000 2541.0764   12.9921
    0.0000  -45.0000   -7.5000 2560.8120   12.8892
    7.5000  -45.0000   -7.5000 2548.5796   12.9416
   -7.5000  -37.5000   -7.5000 2631.8782   12.0962
    0.0000  -37.5000   -7.5000 2653.6958   12.0181
    7.5000  -37.5000   -7.5000 2637.1265   12.0529
   -7.5000  -30.0000   -7.5000 2700.5066   11.4705
    0.0000  -30.0000   -7.5000 2729.7620   11.4039
    7.5000  -30.0000   -7.5000 2709.5891   11.4345
   -7.5000  -22.5000   -7.5000 2748.6104   11.0556
    0.0000  -22.5000   -7.5000 2784.2319   10.9556
    7.5000  -22.5000   -7.5000 2761.1143   11.0135
   -7.5000  -15.0000   -7.5000 2778.9746   10.8661
    0.0000  -15.0000   -7.5000 2818.2393   10.7599
    7.5000  -15.0000   -7.5000 2790.0781   10.8182
   -7.5000   -7.5000   -7.5000 2776.3850   10.9311
    0.0000   -7.5000   -7.5000 2816.4546   10.8268
    7.5000   -7.5000   -7.5000 2796.2471   10.8692
   -7.5000    0.0000   -7.5000 2742.1531   11.1479
    0.0000    0.0000   -7.5000 2776.0249   11.0615
    7.5000    0.0000   -7.5000 2753.9697   11.0960
   -7.5000    7.5000   -7.5000 2676.0645   11.5561
    0.0000    7.5000   -7.5000 2708.5149   11.4600
    7.5000    7.5000   -7.5000 2690.1050   11.4907
   -7.5000   15.0000   -7.5000 2582.8225   12.1747
    0.0000   15.0000   -7.5000 2615.8535   12.0537
    7.5000   15.0000   -7.5000 2600.3584   12.1237
   -7.5000   22.5000   -7.5000 2467.0374   13.1546
    0.0000   22.5000   -7.5000 2499.0903   13.0376
    7.5000   22.5000   -7.5000 2485.0974   13.1040
   -7.5000   30.0000   -7.5000 2331.0200   14.5395
    0.0000   30.0000   -7.5000 2354.2874   14.4059
    7.5000   30.0000   -7.5000 2346.0825   14.4803
   -7.5000   37.5000   -7.5000 2185.0696   16.3780
    0.0000   37.5000   -7.5000 2208.4712   16.2127
    7.5000   37.5000   -7.5000 2199.0120   16.3066
   -7.5000   45.0000   -7.5000 2029.1838   18.7280
    0.0000   45.0000   -7.5000 2049.8416   18.5095
    7.5000   45.0000   -7.5000 2039.9709   18.6307
   -7.5000  -45.0000    0.0000 2561.3992   12.5575
    0.0000  -45.0000    0.0000 2587.9333   12.4347
    7.5000  -45.0000    0.0000 2574.0703   12.4996
   -7.5000  -37.5000    0.0000 2654.7976   11.6672
    0.0000  -37.5000    0.0000 2686.2505   11.5470
    7.5000  -37.5000    0.0000 2669.0535   11.6074
   -7.5000  -30.0000    0.0000 2738.7214   11.0353
    0.0000  -30.0000    0.0000 2775.9507   10.9368
    7.5000  -30.0000    0.0000 2752.9060   10.9932
   -7.5000  -22.5000    0.0000 2798.2124   10.6312
    0.0000  -22.5000    0.0000 2838.0256   10.5136
    7.5000  -22.5000    0.0000 2816.7236   10.5967
   -7.5000  -15.0000    0.0000 2838.3088   10.4492
    0.0000  -15.0000    0.0000 2883.8721   10.2767
    7.5000  -15.0000    0.0000 2854.7410   10.3900
   -7.5000   -7.5000    0.0000 2842.9192   10.5043
    0.0000   -7.5000    0.0000 2887.1792   10.3486
    7.5000   -7.5000    0.0000 2862.3232   10.4415
   -7.5000    0.0000    0.0000 2806.3855   10.7270
    0.0000    0.0000    0.0000 2849.4185   10.5905
    7.5000    0.0000    0.0000 2821.6238   10.6811
   -7.5000    7.5000    0.0000 2735.5486   11.1385
    0.0000    7.5000    0.0000 2775.6755   10.9838
    7.5000    7.5000    0.0000 2749.2036   11.0846
   -7.5000   15.0000    0.0000 2637.7156   11.7396
    0.0000   15.0000    0.0000 2672.5027   11.5756
    7.5000   15.0000    0.0000 2652.2861   11.6783
   -7.5000   22.5000    0.0000 2516.5364   12.6737
    0.0000   22.5000    0.0000 2549.9458   12.5190
    7.5000   22.5000    0.0000 2531.4941   12.6353
   -7.5000   30.0000    0.0000 2378.0286   13.9697
    0.0000   30.0000    0.0000 2402.6616   13.8422
    7.5000   30.0000    0.0000 2389.4028   13.9570
   -7.5000   37.5000    0.0000 2220.1011   15.6904
    0.0000   37.5000    0.0000 2244.3811   15.5424
    7.5000   37.5000    0.0000 2229.9060   15.6692
   -7.5000   45.0000    0.0000 2056.0054   17.9111
    0.0000   45.0000    0.0000 2079.4263   17.6903
    7.5000   45.0000    0.0000 2061.4502   17.8598
   -7.5000  -45.0000    7.5000 2577.2393   12.2285
    0.0000  -45.0000    7.5000 2601.7451   12.1117
    7.5000  -45.0000    7.5000 2589.1272   12.1814
   -7.5000  -37.5000    7.5000 2676.1975   11.3434
    0.0000  -37.5000    7.5000 2705.1858   11.2172
    7.5000  -37.5000    7.5000 2691.0034   11.2801
   -7.5000  -30.0000    7.5000 2767.4829   10.7658
    0.0000  -30.0000    7.5000 2805.5867   10.6773
    7.5000  -30.0000    7.5000 2784.7451   10.7125
   -7.5000  -22.5000    7.5000 2840.4058   10.3894
    0.0000  -22.5000    7.5000 2884.4563   10.2869
    7.5000  -22.5000    7.5000 2856.2791   10.3628
   -7.5000  -15.0000    7.5000 2886.8384   10.1989
    0.0000  -15.0000    7.5000 2934.2734   10.0373
    7.5000  -15.0000    7.5000 2900.3694   10.1335
   -7.5000   -7.5000    7.5000 2892.9290   10.2199
    0.0000   -7.5000    7.5000 2938.5276   10.0504
    7.5000   -7.5000    7.5000 2906.8174   10.1537
   -7.5000    0.0000    7.5000 2854.3047   10.4397
    0.0000    0.0000    7.5000 2891.1843   10.2753
    7.5000    0.0000    7.5000 2865.9434   10.3813
   -7.5000    7.5000    7.5000 2776.9851   10.8617
    0.0000    7.5000    7.5000 2817.8201   10.6868
    7.5000    7.5000    7.5000 2789.8811   10.7797
   -7.5000   15.0000    7.5000 2673.5015   11.4731
    0.0000   15.0000    7.5000 2706.5681   11.3097
    7.5000   15.0000    7.5000 2684.1023   11.3879
   -7.5000   22.5000    7.5000 2549.3735   12.3824
    0.0000   22.5000    7.5000 2577.5190   12.2373
    7.5000   22.5000    7.5000 2559.6992   12.3158
   -7.5000   30.0000    7.5000 2404.5452   13.6601
    0.0000   30.0000    7.5000 2429.2798   13.5358
    7.5000   30.0000    7.5000 2414.3254   13.6055
   -7.5000   37.5000    7.5000 2242.7976   15.3162
    0.0000   37.5000    7.5000 2267.3035   15.2034
    7.5000   37.5000    7.5000 2252.2151   15.2871
   -7.5000   45.0000    7.5000 2071.4163   17.4262
    0.0000   45.0000    7.5000 2092.2090   17.2684
    7.5000   45.0000    7.5000 2078.6709   17.3860
   -7.5000  -45.0000   15.0000 2581.8318   12.0344
    0.0000  -45.0000   15.0000 2602.7310   11.9580
    7.5000  -45.0000   15.0000 2592.2329   11.9984
   -7.5000  -37.5000   15.0000 2684.6880   11.1857
    0.0000  -37.5000   15.0000 2714.2617   11.0842
    7.5000  -37.5000   15.0000 2701.2666   11.1162
   -7.5000  -30.0000   15.0000 2784.5972   10.6335
    0.0000  -30.0000   15.0000 2818.2473   10.5641
    7.5000  -30.0000   15.0000 2798.9500   10.5781
   -7.5000  -22.5000   15.0000 2865.7383   10.2993
    0.0000  -22.5000   15.0000 2911.6345   10.2398
    7.5000  -22.5000   15.0000 2880.4807   10.2300
   -7.5000  -15.0000   15.0000 2911.0098   10.0974
    0.0000  -15.0000   15.0000 2961.1992    9.9858
    7.5000  -15.0000   15.0000 2925.6873   10.0069
   -7.5000   -7.5000   15.0000 2917.7119   10.0767
    0.0000   -7.5000   15.0000 2959.1580    9.9195
    7.5000   -7.5000   15.0000 2928.1904   10.0075
   -7.5000    0.0000   15.0000 2874.0256   10.2884
    0.0000    0.0000   15.0000 2909.3965   10.1341
    7.5000    0.0000   15.0000 2886.7529   10.2294
   -7.5000    7.5000   15.0000 2795.7329   10.7151
    0.0000    7.5000   15.0000 2829.6562   10.5633
    7.5000    7.5000   15.0000 2806.6631   10.6428
   -7.5000   15.0000   15.0000 2681.7732   11.3479
    0.0000   15.0000   15.0000 2710.4141   11.2096
    7.5000   15.0000   15.0000 2691.7000   11.2664
   -7.5000   22.5000   15.0000 2553.1089   12.2509
    0.0000   22.5000   15.0000 2577.9885   12.1169
    7.5000   22.5000   15.0000 2563.1116   12.1604
   -7.5000   30.0000   15.0000 2406.9231   13.5035
    0.0000   30.0000   15.0000 2429.5566   13.3860
    7.5000   30.0000   15.0000 2413.5095   13.4311
   -7.5000   37.5000   15.0000 2242.1296   15.1076
    0.0000   37.5000   15.0000 2266.4165   15.0379
    7.5000   37.5000   15.0000 2248.2610   15.0767
   -7.5000   45.0000   15.0000 2069.5435   17.2171
    0.0000   45.0000   15.0000 2089.5896   17.1050
    7.5000   45.0000   15.0000 2077.0222   17.1443
   -7.5000  -45.0000   22.5000 2583.7957   11.9904
    0.0000  -45.0000   22.5000 2602.8037   11.9222
    7.5000  -45.0000   22.5000 2590.8406   11.9604
   -7.5000  -37.5000   22.5000 2692.4814   11.1339
    0.0000  -37.5000   22.5000 2720.6782   11.0220
    7.5000  -37.5000   22.5000 2703.5256   11.0765
   -7.5000  -30.0000   22.5000 2790.4468   10.5971
    0.0000  -30.0000   22.5000 2824.3948   10.5288
    7.5000  -30.0000   22.5000 2803.6631   10.5496
   -7.5000  -22.5000   22.5000 2873.3171   10.2446
    0.0000  -22.5000   22.5000 2915.6372   10.1858
    7.5000  -22.5000   22.5000 2886.7119   10.2149
   -7.5000  -15.0000   22.5000 2916.4465   10.0704
    0.0000  -15.0000   22.5000 2959.2871    9.9279
    7.5000  -15.0000   22.5000 2929.0623   10.0016
   -7.5000   -7.5000   22.5000 2911.7510   10.0881
    0.0000   -7.5000   22.5000 2955.8665    9.9388
    7.5000   -7.5000   22.5000 2921.9387   10.0185
   -7.5000    0.0000   22.5000 2867.0769   10.3180
    0.0000    0.0000   22.5000 2902.8667   10.2063
    7.5000    0.0000   22.5000 2874.4272   10.2866
   -7.5000    7.5000   22.5000 2786.8711   10.7644
    0.0000    7.5000   22.5000 2813.3589   10.6395
    7.5000    7.5000   22.5000 2792.3945   10.7120
   -7.5000   15.0000   22.5000 2669.8472   11.4135
    0.0000   15.0000   22.5000 2693.0798   11.2678
    7.5000   15.0000   22.5000 2677.3655   11.3271
   -7.5000   22.5000   22.5000 2539.2319   12.2982
    0.0000   22.5000   22.5000 2560.3647   12.1435
    7.5000   22.5000   22.5000 2549.5571   12.1936
   -7.5000   30.0000   22.5000 2389.3809   13.5303
    0.0000   30.0000   22.5000 2410.7366   13.3771
    7.5000   30.0000   22.5000 2397.2410   13.4221
   -7.5000   37.5000   22.5000 2222.6318   15.0920
    0.0000   37.5000   22.5000 2246.0969   14.9797
    7.5000   37.5000   22.5000 2231.7949   15.0094
   -7.5000   45.0000   22.5000 2056.4338   17.1803
    0.0000   45.0000   22.5000 2073.9163   17.0406
    7.5000   45.0000   22.5000 2058.4370   17.1202
   -7.5000  -45.0000   30.0000 2580.2271   12.0809
    0.0000  -45.0000   30.0000 2599.8918   11.9362
    7.5000  -45.0000   30.0000 2588.0752   12.0224
   -7.5000  -37.5000   30.0000 2691.7856   11.2131
    0.0000  -37.5000   30.0000 2719.1880   11.0718
    7.5000  -37.5000   30.0000 2700.8135   11.1636
   -7.5000  -30.0000   30.0000 2787.5608   10.6692
    0.0000  -30.0000   30.0000 2822.3936   10.5482
    7.5000  -30.0000   30.0000 2801.2349   10.6222
   -7.5000  -22.5000   30.0000 2859.2244   10.3174
    0.0000  -22.5000   30.0000 2897.5068   10.1405
    7.5000  -22.5000   30.0000 2875.2888   10.2874
   -7.5000  -15.0000   30.0000 2897.1135   10.1645
    0.0000  -15.0000   30.0000 2938.0867    9.9370
    7.5000  -15.0000   30.0000 2910.7173   10.0987
   -7.5000   -7.5000   30.0000 2888.8159   10.2137
    0.0000   -7.5000   30.0000 2931.6082   10.0285
    7.5000   -7.5000   30.0000 2900.5605   10.1609
   -7.5000    0.0000   30.0000 2836.9468   10.4622
    0.0000    0.0000   30.0000 2870.5837   10.3270
    7.5000    0.0000   30.0000 2843.2627   10.4353
   -7.5000    7.5000   30.0000 2751.1309   10.9333
    0.0000    7.5000   30.0000 2780.4395   10.7806
    7.5000    7.5000   30.0000 2760.1748   10.8661
   -7.5000   15.0000   30.0000 2637.8086   11.5880
    0.0000   15.0000   30.0000 2659.1699   11.4388
    7.5000   15.0000   30.0000 2643.9355   11.5153
   -7.5000   22.5000   30.0000 2503.2935   12.4925
    0.0000   22.5000   30.0000 2527.3948   12.3399
    7.5000   22.5000   30.0000 2513.8057   12.3781
   -7.5000   30.0000   30.0000 2353.2859   13.6889
    0.0000   30.0000   30.0000 2374.6060   13.5271
    7.5000   30.0000   30.0000 2365.0520   13.5628
   -7.5000   37.5000   30.0000 2193.1787   15.2415
    0.0000   37.5000   30.0000 2208.7744   15.0854
    7.5000   37.5000   30.0000 2200.6101   15.1134
   -7.5000   45.0000   30.0000 2035.8318   17.3004
    0.0000   45.0000   30.0000 2044.2666   17.1321
    7.5000   45.0000   30.0000 2036.2983   17.1884
   -7.5000  -45.0000   37.5000 2572.0791   12.3500
    0.0000  -45.0000   37.5000 2592.7874   12.1901
    7.5000  -45.0000   37.5000 2580.0083   12.2840
   -7.5000  -37.5000   37.5000 2680.0120   11.4838
    0.0000  -37.5000   37.5000 2704.4119   11.3116
    7.5000  -37.5000   37.5000 2688.9309   11.4146
   -7.5000  -30.0000   37.5000 2770.4473   10.9071
    0.0000  -30.0000   37.5000 2800.1399   10.7255
    7.5000  -30.0000   37.5000 2782.6575   10.8619
   -7.5000  -22.5000   37.5000 2829.5261   10.5639
    0.0000  -22.5000   37.5000 2865.8376   10.3568
    7.5000  -22.5000   37.5000 2845.7427   10.5076
   -7.5000  -15.0000   37.5000 2863.1924   10.4314
    0.0000  -15.0000   37.5000 2895.4475   10.2272
    7.5000  -15.0000   37.5000 2870.7681   10.3697
   -7.5000   -7.5000   37.5000 2841.5366   10.5233
    0.0000   -7.5000   37.5000 2875.2107   10.3531
    7.5000   -7.5000   37.5000 2854.0527   10.4745
   -7.5000    0.0000   37.5000 2784.3162   10.7820
    0.0000    0.0000   37.5000 2814.5259   10.6416
    7.5000    0.0000   37.5000 2790.1377   10.7399
   -7.5000    7.5000   37.5000 2702.1216   11.2259
    0.0000    7.5000   37.5000 2730.3308   11.0845
    7.5000    7.5000   37.5000 2709.3572   11.1516
   -7.5000   15.0000   37.5000 2590.7446   11.8598
    0.0000   15.0000   37.5000 2618.2046   11.7006
    7.5000   15.0000   37.5000 2599.6292   11.7681
   -7.5000   22.5000   37.5000 2464.4268   12.7524
    0.0000   22.5000   37.5000 2494.6941   12.5931
    7.5000   22.5000   37.5000 2478.1804   12.6502
   -7.5000   30.0000   37.5000 2310.9614   13.9522
    0.0000   30.0000   37.5000 2332.2495   13.7847
    7.5000   30.0000   37.5000 2324.8528   13.8366
   -7.5000   37.5000   37.5000 2155.4785   15.5058
    0.0000   37.5000   37.5000 2170.0129   15.3465
    7.5000   37.5000   37.5000 2163.7175   15.3895
   -7.5000   45.0000   37.5000 2004.6653   17.5623
    0.0000   45.0000   37.5000 2020.0853   17.3974
    7.5000   45.0000   37.5000 2009.6573   17.4650
   -7.5000  -45.0000   45.0000 2548.5388   12.8162
    0.0000  -45.0000   45.0000 2567.2756   12.6284
    7.5000  -45.0000   45.0000 2555.4568   12.7459
   -7.5000  -37.5000   45.0000 2647.9116   11.9067
    0.0000  -37.5000   45.0000 2672.9260   11.7078
    7.5000  -37.5000   45.0000 2656.0178   11.8569
   -7.5000  -30.0000   45.0000 2734.5435   11.3320
    0.0000  -30.0000   45.0000 2760.8101   11.1127
    7.5000  -30.0000   45.0000 2742.6909   11.2679
   -7.5000  -22.5000   45.0000 2784.7378   10.9874
    0.0000  -22.5000   45.0000 2818.8154   10.7902
    7.5000  -22.5000   45.0000 2795.4060   10.9351
   -7.5000  -15.0000   45.0000 2803.6794   10.8947
    0.0000  -15.0000   45.0000 2831.4961   10.7006
    7.5000  -15.0000   45.0000 2807.7571   10.8259
   -7.5000   -7.5000   45.0000 2775.0476   11.0101
    0.0000   -7.5000   45.0000 2800.3914   10.8253
    7.5000   -7.5000   45.0000 2786.6714   10.9310
   -7.5000    0.0000   45.0000 2718.2075   11.2697
    0.0000    0.0000   45.0000 2743.1453   11.1129
    7.5000    0.0000   45.0000 2724.6196   11.2116
   -7.5000    7.5000   45.0000 2635.6196   11.7101
    0.0000    7.5000   45.0000 2663.0129   11.5553
    7.5000    7.5000   45.0000 2644.4458   11.6367
   -7.5000   15.0000   45.0000 2532.4463   12.3217
    0.0000   15.0000   45.0000 2559.6562   12.1750
    7.5000   15.0000   45.0000 2541.4185   12.2311
   -7.5000   22.5000   45.0000 2416.8337   13.1667
    0.0000   22.5000   45.0000 2444.1572   13.0190
    7.5000   22.5000   45.0000 2427.9646   13.0700
   -7.5000   30.0000   45.0000 2266.4392   14.3553
    0.0000   30.0000   45.0000 2289.4646   14.2009
    7.5000   30.0000   45.0000 2280.6270   14.2841
   -7.5000   37.5000   45.0000 2112.8613   15.9549
    0.0000   37.5000   45.0000 2134.2317   15.7927
    7.5000   37.5000   45.0000 2122.9158   15.8728
   -7.5000   45.0000   45.0000 1970.0547   18.0167
    0.0000   45.0000   45.0000 1986.2118   17.8658
    7.5000   45.0000   45.0000 1974.8359   17.9349

---------------------------------------------------------------------
imgreg_4dfp /opt/freesurfer/average/711-2C_as_mni_average_305 /opt/freesurfer/average/711-2B_as_mni_average_305_mask talsrcimg_g11 none talsrcimg_to_711-2C_as_mni_average_305_t4 1283
---------------------------------------------------------------------

freesurfer imgreg_4dfp.c
/opt/freesurfer/average/711-2C_as_mni_average_305.4dfp.img
       256       256       256         1
  1.000000  1.000000  1.000000
orientation T byte_order littleendian
Reading image: /opt/freesurfer/average/711-2C_as_mni_average_305.4dfp.img
dimensions:      256       256       256
mmppix:       1.0000   -1.0000   -1.0000
center:     128.0000 -129.0000 -129.0000
/opt/freesurfer/average/711-2B_as_mni_average_305_mask.4dfp.img
       256       256       256         1
  1.000000  1.000000  1.000000
orientation T byte_order littleendian
Reading mask: /opt/freesurfer/average/711-2B_as_mni_average_305_mask.4dfp.img (2306576 pixels)
talsrcimg_g11.4dfp.img
       256       256       256         1
  1.000000  1.000000  1.000000
orientation T byte_order littleendian
Reading image: talsrcimg_g11.4dfp.img
dimensions:      256       256       256
mmppix:       1.0000   -1.0000   -1.0000
center:     128.0000 -129.0000 -129.0000
rotation matrix determinant  1.000000
fimgreg.f
image alignment mode   1283 decimal      503 hex
parameters
    0.0000  -15.0000   15.0000    0.0000    0.0000    0.0000
eta,q 0.92930 10.00827
niter,ni,del,rscale     5    3   12.0000    1.2000
parameter  2 -0.711096 -> -0.500000 qaram    1.1500
parameters
    0.4431  -11.5500   17.9529   -2.8242   -0.0200    2.1582
eta,q 0.93379  9.87237
  0.0848  0.0833  0.0731  0.0655  0.0692  0.0693
  0.0772  0.0788  0.0706  0.0663  0.0673  0.0675
  0.0726  0.0748  0.0683  0.0660  0.0668  0.0666
  0.0713  0.0711  0.0661  0.0656  0.0662  0.0662
  0.0727  0.0673  0.0655  0.0667  0.0663  0.0662
  0.0760  0.0666  0.0661  0.0692  0.0679  0.0662
  0.0804  0.0693  0.0665  0.0722  0.0690  0.0665
niter,ni,del,rscale     5    3   12.0000    1.2000
parameter  4  4.010153 ->  0.500000 qaram    1.1500
parameters
    1.5875  -10.8859   18.5477   -6.2742    0.0091    3.9031
eta,q 0.93644  9.87332
  0.0801  0.0735  0.0680  0.0627  0.0677  0.0655
  0.0732  0.0685  0.0666  0.0640  0.0663  0.0651
  0.0684  0.0670  0.0661  0.0651  0.0650  0.0651
  0.0662  0.0659  0.0657  0.0656  0.0644  0.0644
  0.0660  0.0657  0.0656  0.0658  0.0647  0.0635
  0.0676  0.0674  0.0662  0.0670  0.0661  0.0635
  0.0725  0.0709  0.0673  0.0689  0.0678  0.0651
niter,ni,del,rscale     5    3   12.0000    1.2000
parameter  4  1.308725 ->  0.500000 qaram    1.3225
parameters
    1.8574  -10.1938   16.8039  -10.2417    1.3406    2.7118
eta,q 0.93953  9.89571
  0.0761  0.0727  0.0642  0.0608  0.0699  0.0633
  0.0702  0.0685  0.0631  0.0609  0.0666  0.0619
  0.0658  0.0660  0.0627  0.0613  0.0635  0.0608
  0.0636  0.0635  0.0630  0.0628  0.0609  0.0604
  0.0641  0.0634  0.0637  0.0642  0.0605  0.0616
  0.0682  0.0665  0.0655  0.0649  0.0621  0.0642
  0.0747  0.0701  0.0680  0.0669  0.0651  0.0673
niter,ni,del,rscale     5    3   12.0000    1.2000
parameters
    0.9679   -9.8851   16.0672  -13.6496    1.7933    1.5991
eta,q 0.93980  9.93513
  0.0704  0.0710  0.0638  0.0609  0.0668  0.0622
  0.0641  0.0667  0.0618  0.0603  0.0638  0.0610
  0.0607  0.0632  0.0605  0.0600  0.0612  0.0604
  0.0605  0.0602  0.0601  0.0601  0.0600  0.0601
  0.0635  0.0612  0.0613  0.0616  0.0612  0.0607
  0.0703  0.0651  0.0632  0.0645  0.0628  0.0625
  0.0780  0.0701  0.0663  0.0660  0.0649  0.0652
niter,ni,del,rscale     4    3   12.0000    1.2000
parameters
    0.5401   -9.3574   16.5427  -14.6434    2.5796    1.5783
eta,q 0.94010  9.93759
  0.0720  0.0697  0.0662  0.0617  0.0663  0.0636
  0.0650  0.0634  0.0636  0.0609  0.0634  0.0616
  0.0608  0.0612  0.0613  0.0597  0.0609  0.0605
  0.0602  0.0600  0.0600  0.0599  0.0597  0.0599
  0.0627  0.0605  0.0602  0.0600  0.0606  0.0602
  0.0680  0.0626  0.0620  0.0612  0.0617  0.0615
  0.0753  0.0665  0.0649  0.0639  0.0635  0.0639
niter,ni,del,rscale     3    3   12.0000    1.2000
parameters
    0.1933   -8.8174   16.8571  -16.0770    3.0868    1.3323
eta,q 0.94057  9.95405
  0.0728  0.0691  0.0658  0.0608  0.0662  0.0636
  0.0645  0.0633  0.0635  0.0607  0.0634  0.0615
  0.0600  0.0611  0.0612  0.0595  0.0607  0.0601
  0.0599  0.0597  0.0596  0.0595  0.0594  0.0594
  0.0627  0.0601  0.0600  0.0602  0.0602  0.0600
  0.0680  0.0626  0.0621  0.0609  0.0618  0.0619
  0.0746  0.0661  0.0652  0.0632  0.0645  0.0645
niter,ni,del,rscale     2    3   12.0000    1.2000
parameters
   -0.0094   -8.1891   16.7515  -18.0639    3.1302    1.1522
eta,q 0.94041 10.00687
  0.0744  0.0689  0.0650  0.0603  0.0666  0.0636
  0.0653  0.0640  0.0630  0.0600  0.0635  0.0618
  0.0598  0.0609  0.0606  0.0598  0.0606  0.0603
  0.0594  0.0593  0.0593  0.0593  0.0596  0.0596
  0.0627  0.0601  0.0603  0.0600  0.0606  0.0600
  0.0683  0.0625  0.0627  0.0608  0.0633  0.0619
  0.0746  0.0657  0.0659  0.0629  0.0665  0.0645
niter,ni,del,rscale     1    3   12.0000    1.2000
parameters
   -0.0222   -7.6496   15.9792  -18.7468    3.1612    0.9948
eta,q 0.94059 10.01512
  0.0762  0.0690  0.0631  0.0620  0.0664  0.0633
  0.0669  0.0640  0.0611  0.0594  0.0629  0.0617
  0.0608  0.0608  0.0597  0.0593  0.0602  0.0602
  0.0596  0.0596  0.0596  0.0595  0.0594  0.0594
  0.0627  0.0602  0.0604  0.0599  0.0604  0.0599
  0.0683  0.0623  0.0625  0.0610  0.0630  0.0617
  0.0747  0.0664  0.0659  0.0623  0.0661  0.0641
registration optimization eta report
parameter search radius
    6.0000    6.9000    6.0000    7.9350    6.0000    6.0000
100000*second partial in parameter space
       43.       17.       14.        4.       19.       12.
  0.0762  0.0690  0.0631  0.0620  0.0664  0.0633
  0.0669  0.0640  0.0611  0.0594  0.0629  0.0617
  0.0608  0.0608  0.0597  0.0593  0.0602  0.0602
  0.0596  0.0596  0.0596  0.0595  0.0594  0.0594
  0.0627  0.0602  0.0604  0.0599  0.0604  0.0599
  0.0683  0.0623  0.0625  0.0610  0.0630  0.0617
  0.0747  0.0664  0.0659  0.0623  0.0661  0.0641
   -0.0222   -7.6496   15.9792  -18.7468    3.1612    0.9948
eta,q 0.94059 10.01512

---------------------------------------------------------------------
imgreg_4dfp /opt/freesurfer/average/711-2C_as_mni_average_305 /opt/freesurfer/average/711-2B_as_mni_average_305_mask talsrcimg_g11 none talsrcimg_to_711-2C_as_mni_average_305_t4 3335
---------------------------------------------------------------------

freesurfer imgreg_4dfp.c
/opt/freesurfer/average/711-2C_as_mni_average_305.4dfp.img
       256       256       256         1
  1.000000  1.000000  1.000000
orientation T byte_order littleendian
Reading image: /opt/freesurfer/average/711-2C_as_mni_average_305.4dfp.img
dimensions:      256       256       256
mmppix:       1.0000   -1.0000   -1.0000
center:     128.0000 -129.0000 -129.0000
/opt/freesurfer/average/711-2B_as_mni_average_305_mask.4dfp.img
       256       256       256         1
  1.000000  1.000000  1.000000
orientation T byte_order littleendian
Reading mask: /opt/freesurfer/average/711-2B_as_mni_average_305_mask.4dfp.img (2306576 pixels)
talsrcimg_g11.4dfp.img
       256       256       256         1
  1.000000  1.000000  1.000000
orientation T byte_order littleendian
Reading image: talsrcimg_g11.4dfp.img
dimensions:      256       256       256
mmppix:       1.0000   -1.0000   -1.0000
center:     128.0000 -129.0000 -129.0000
fimgreg.f
image alignment mode   3335 decimal      D07 hex
parameters
   -0.0222   -7.6496   15.9792   -0.1672   -5.2887   -5.4493
    0.1279   -5.7792    1.7336   32.0432    5.5145  -32.0898
eta,q 0.94173 10.07448
niter,ni,del,rscale     5    3    5.0000    1.2000
parameter  4  2.499187 ->  0.500000 qaram    1.1500
parameter  5  2.302992 ->  0.500000 qaram    1.1500
parameter  6  2.401017 ->  0.500000 qaram    1.1500
parameter 10  1.485354 ->  0.500000 qaram    1.1500
parameter 11  0.527479 ->  0.500000 qaram    1.1500
parameter 12  0.981261 ->  0.500000 qaram    1.1500
parameters
   -0.0644   -7.4551   15.1095   -4.3072   -9.4287   -9.5893
    1.0316   -3.3829    1.7966   27.9032    1.3745  -36.2298
eta,q 0.95389  9.49835
  0.0600  0.0597  0.0585  0.0530  0.0508  0.0481  0.0515  0.0540  0.0498  0.0461  0.0470  0.0460
  0.0590  0.0589  0.0582  0.0544  0.0521  0.0490  0.0504  0.0519  0.0494  0.0468  0.0468  0.0461
  0.0585  0.0584  0.0582  0.0561  0.0534  0.0505  0.0497  0.0504  0.0491  0.0477  0.0468  0.0463
  0.0583  0.0583  0.0583  0.0582  0.0548  0.0524  0.0494  0.0494  0.0490  0.0490  0.0470  0.0468
  0.0585  0.0583  0.0585  0.0604  0.0564  0.0545  0.0495  0.0490  0.0491  0.0505  0.0473  0.0475
  0.0591  0.0587  0.0591  0.0629  0.0585  0.0566  0.0499  0.0493  0.0493  0.0524  0.0477  0.0484
  0.0602  0.0593  0.0598  0.0658  0.0610  0.0590  0.0506  0.0504  0.0498  0.0547  0.0482  0.0493
niter,ni,del,rscale     7    3    5.0000    1.2000
parameter  4  0.998123 ->  0.500000 qaram    1.3225
parameter  5  2.200741 ->  0.500000 qaram    1.3225
parameter  6  0.574363 ->  0.500000 qaram    1.3225
parameters
    0.2515   -7.5350   14.7083   -9.0682  -14.1897  -14.3503
    0.7623   -3.1070    2.2174   24.3690    3.8985  -36.0525
eta,q 0.96011  8.83022
  0.0494  0.0471  0.0469  0.0438  0.0403  0.0410  0.0427  0.0439  0.0417  0.0407  0.0410  0.0413
  0.0478  0.0465  0.0464  0.0439  0.0410  0.0405  0.0414  0.0421  0.0410  0.0401  0.0405  0.0406
  0.0466  0.0461  0.0461  0.0446  0.0424  0.0406  0.0406  0.0409  0.0406  0.0400  0.0402  0.0401
  0.0461  0.0461  0.0461  0.0460  0.0440  0.0414  0.0404  0.0404  0.0404  0.0404  0.0400  0.0399
  0.0462  0.0462  0.0463  0.0481  0.0455  0.0429  0.0409  0.0407  0.0405  0.0413  0.0399  0.0400
  0.0468  0.0466  0.0469  0.0505  0.0474  0.0449  0.0418  0.0417  0.0408  0.0427  0.0400  0.0405
  0.0480  0.0472  0.0478  0.0531  0.0496  0.0475  0.0430  0.0434  0.0414  0.0446  0.0402  0.0412
niter,ni,del,rscale     7    3    5.0000    1.2000
parameters
    0.1987   -7.1378   14.1863  -13.5433  -18.9113  -15.0114
    0.4423   -3.0895    2.7549   24.8943    4.6474  -36.5731
eta,q 0.96140  8.40901
  0.0425  0.0421  0.0405  0.0399  0.0397  0.0419  0.0408  0.0419  0.0397  0.0412  0.0391  0.0395
  0.0411  0.0410  0.0400  0.0395  0.0389  0.0402  0.0396  0.0403  0.0391  0.0400  0.0389  0.0390
  0.0402  0.0402  0.0398  0.0394  0.0387  0.0390  0.0389  0.0391  0.0388  0.0390  0.0387  0.0386
  0.0399  0.0399  0.0399  0.0398  0.0394  0.0386  0.0386  0.0386  0.0386  0.0386  0.0386  0.0386
  0.0402  0.0399  0.0401  0.0407  0.0409  0.0394  0.0390  0.0390  0.0387  0.0388  0.0386  0.0388
  0.0412  0.0403  0.0407  0.0423  0.0426  0.0410  0.0400  0.0402  0.0389  0.0395  0.0387  0.0392
  0.0427  0.0410  0.0414  0.0447  0.0446  0.0428  0.0412  0.0419  0.0394  0.0407  0.0390  0.0397
niter,ni,del,rscale     6    3    5.0000    1.2000
parameters
    0.1040   -6.2782   13.6855  -12.8490  -20.4057  -15.4497
    0.3851   -3.2163    3.6561   25.2489    4.2843  -36.6561
eta,q 0.96169  8.35525
  0.0410  0.0414  0.0389  0.0404  0.0404  0.0416  0.0406  0.0413  0.0393  0.0407  0.0386  0.0391
  0.0396  0.0401  0.0385  0.0392  0.0393  0.0400  0.0394  0.0398  0.0388  0.0395  0.0384  0.0387
  0.0388  0.0392  0.0383  0.0386  0.0385  0.0388  0.0386  0.0387  0.0385  0.0386  0.0384  0.0384
  0.0386  0.0386  0.0384  0.0383  0.0383  0.0383  0.0383  0.0383  0.0383  0.0383  0.0383  0.0383
  0.0390  0.0384  0.0386  0.0384  0.0390  0.0390  0.0386  0.0387  0.0383  0.0386  0.0383  0.0385
  0.0399  0.0385  0.0391  0.0389  0.0406  0.0405  0.0394  0.0399  0.0385  0.0393  0.0385  0.0387
  0.0414  0.0391  0.0397  0.0398  0.0422  0.0421  0.0406  0.0416  0.0390  0.0403  0.0387  0.0391
niter,ni,del,rscale     5    3    5.0000    1.2000
parameters
    0.1455   -5.9371   13.4478  -12.5674  -21.1807  -15.7343
    0.1136   -3.3109    4.2385   25.4538    4.0081  -36.5419
eta,q 0.96169  8.32184
  0.0408  0.0403  0.0390  0.0400  0.0406  0.0415  0.0403  0.0412  0.0391  0.0404  0.0385  0.0391
  0.0395  0.0393  0.0386  0.0390  0.0395  0.0400  0.0392  0.0398  0.0387  0.0393  0.0384  0.0386
  0.0386  0.0386  0.0383  0.0384  0.0387  0.0388  0.0385  0.0387  0.0385  0.0385  0.0383  0.0384
  0.0383  0.0383  0.0383  0.0383  0.0383  0.0383  0.0383  0.0383  0.0383  0.0383  0.0383  0.0383
  0.0386  0.0384  0.0385  0.0384  0.0387  0.0389  0.0386  0.0387  0.0383  0.0386  0.0383  0.0384
  0.0394  0.0387  0.0388  0.0388  0.0401  0.0403  0.0395  0.0398  0.0385  0.0392  0.0384  0.0387
  0.0406  0.0394  0.0393  0.0398  0.0417  0.0418  0.0406  0.0414  0.0389  0.0401  0.0386  0.0390
niter,ni,del,rscale     4    3    5.0000    1.2000
parameters
    0.2087   -5.7031   13.2491  -12.4467  -21.7845  -16.0287
   -0.1474   -3.3627    4.7849   25.6452    3.4240  -36.2486
eta,q 0.96167  8.28622
  0.0407  0.0401  0.0390  0.0399  0.0406  0.0413  0.0403  0.0412  0.0391  0.0403  0.0385  0.0390
  0.0394  0.0392  0.0386  0.0389  0.0396  0.0399  0.0392  0.0398  0.0387  0.0392  0.0384  0.0386
  0.0386  0.0386  0.0383  0.0384  0.0387  0.0388  0.0385  0.0387  0.0385  0.0385  0.0383  0.0384
  0.0383  0.0383  0.0383  0.0383  0.0383  0.0383  0.0383  0.0383  0.0383  0.0383  0.0383  0.0383
  0.0385  0.0384  0.0384  0.0384  0.0387  0.0389  0.0386  0.0387  0.0383  0.0386  0.0383  0.0384
  0.0393  0.0388  0.0388  0.0388  0.0399  0.0402  0.0394  0.0397  0.0385  0.0392  0.0384  0.0386
  0.0405  0.0395  0.0392  0.0398  0.0415  0.0417  0.0406  0.0413  0.0389  0.0400  0.0385  0.0389
niter,ni,del,rscale     3    3    5.0000    1.2000
parameters
    0.2685   -5.4717   12.9907  -12.4205  -22.4338  -16.4888
   -0.4010   -3.3847    5.4116   25.9491    1.5109  -35.3339
eta,q 0.96164  8.23138
  0.0407  0.0400  0.0389  0.0398  0.0406  0.0411  0.0402  0.0411  0.0390  0.0401  0.0384  0.0390
  0.0394  0.0391  0.0386  0.0389  0.0395  0.0398  0.0392  0.0398  0.0387  0.0391  0.0384  0.0386
  0.0386  0.0386  0.0384  0.0384  0.0387  0.0388  0.0386  0.0387  0.0385  0.0385  0.0384  0.0384
  0.0383  0.0383  0.0383  0.0383  0.0383  0.0384  0.0384  0.0384  0.0384  0.0383  0.0384  0.0384
  0.0385  0.0384  0.0385  0.0384  0.0387  0.0389  0.0386  0.0387  0.0384  0.0386  0.0384  0.0384
  0.0393  0.0388  0.0388  0.0388  0.0399  0.0402  0.0394  0.0397  0.0385  0.0391  0.0384  0.0385
  0.0404  0.0394  0.0392  0.0398  0.0415  0.0417  0.0405  0.0412  0.0389  0.0397  0.0385  0.0387
niter,ni,del,rscale     2    3    5.0000    1.2000
parameters
    0.3113   -5.1279   12.5263  -12.6575  -23.5189  -17.4413
   -0.6217   -3.3421    6.4625   26.6199   -1.8176  -34.1597
eta,q 0.96171  8.13350
  0.0405  0.0400  0.0388  0.0397  0.0402  0.0407  0.0401  0.0410  0.0390  0.0399  0.0384  0.0388
  0.0394  0.0392  0.0385  0.0387  0.0393  0.0395  0.0392  0.0397  0.0387  0.0390  0.0383  0.0385
  0.0386  0.0386  0.0383  0.0383  0.0386  0.0387  0.0386  0.0387  0.0385  0.0385  0.0383  0.0384
  0.0384  0.0384  0.0383  0.0383  0.0383  0.0384  0.0384  0.0384  0.0384  0.0383  0.0383  0.0383
  0.0386  0.0384  0.0385  0.0385  0.0387  0.0390  0.0386  0.0387  0.0383  0.0385  0.0384  0.0383
  0.0393  0.0387  0.0388  0.0389  0.0400  0.0403  0.0393  0.0396  0.0385  0.0388  0.0384  0.0384
  0.0404  0.0393  0.0393  0.0398  0.0416  0.0418  0.0404  0.0410  0.0388  0.0394  0.0385  0.0386
niter,ni,del,rscale     1    3    5.0000    1.2000
parameter 11 -0.619888 -> -0.500000 qaram    1.3225
parameters
    0.3435   -4.5560   11.9342  -13.2308  -25.1438  -18.6757
   -0.9482   -3.1417    6.5774   27.7312    2.9434  -32.0827
eta,q 0.96188  7.98005
  0.0404  0.0401  0.0386  0.0395  0.0397  0.0402  0.0398  0.0408  0.0388  0.0397  0.0387  0.0386
  0.0392  0.0392  0.0383  0.0385  0.0390  0.0392  0.0390  0.0396  0.0385  0.0390  0.0385  0.0384
  0.0385  0.0386  0.0382  0.0381  0.0384  0.0385  0.0384  0.0386  0.0383  0.0385  0.0383  0.0382
  0.0383  0.0383  0.0382  0.0382  0.0382  0.0382  0.0382  0.0382  0.0382  0.0382  0.0382  0.0381
  0.0385  0.0382  0.0384  0.0385  0.0386  0.0388  0.0385  0.0385  0.0383  0.0382  0.0381  0.0381
  0.0392  0.0385  0.0387  0.0389  0.0399  0.0401  0.0392  0.0393  0.0384  0.0385  0.0381  0.0382
  0.0403  0.0389  0.0392  0.0397  0.0417  0.0417  0.0402  0.0406  0.0388  0.0391  0.0382  0.0383
niter,ni,del,rscale     1    3    5.0000    1.2000
parameter  3  0.789833 ->  0.500000 qaram    1.1500
parameters
    0.5897   -3.4031   10.5542  -14.0078  -28.5682  -20.9647
   -2.0168   -3.0625    4.4249   29.2311    3.7908  -32.6900
eta,q 0.96288  7.74991
  0.0404  0.0402  0.0375  0.0390  0.0381  0.0388  0.0385  0.0398  0.0376  0.0395  0.0380  0.0375
  0.0392  0.0393  0.0375  0.0380  0.0375  0.0379  0.0378  0.0385  0.0373  0.0385  0.0375  0.0373
  0.0385  0.0386  0.0376  0.0375  0.0373  0.0374  0.0374  0.0376  0.0372  0.0377  0.0372  0.0371
  0.0381  0.0381  0.0378  0.0375  0.0374  0.0373  0.0373  0.0373  0.0373  0.0372  0.0371  0.0371
  0.0382  0.0379  0.0382  0.0379  0.0383  0.0380  0.0377  0.0376  0.0376  0.0372  0.0372  0.0372
  0.0387  0.0379  0.0387  0.0385  0.0399  0.0398  0.0385  0.0384  0.0379  0.0376  0.0374  0.0374
  0.0396  0.0381  0.0392  0.0394  0.0421  0.0421  0.0395  0.0397  0.0384  0.0383  0.0377  0.0376
niter,ni,del,rscale     1    3    5.0000    1.2000
parameters
    0.7923   -2.9692    9.5085  -14.0397  -29.5341  -22.0220
   -1.8861   -2.7260    4.6705   29.7440    3.5580  -33.8630
eta,q 0.96297  7.69994
  0.0394  0.0389  0.0373  0.0389  0.0385  0.0390  0.0388  0.0398  0.0378  0.0389  0.0376  0.0374
  0.0382  0.0380  0.0370  0.0378  0.0378  0.0380  0.0379  0.0384  0.0374  0.0379  0.0373  0.0371
  0.0374  0.0374  0.0370  0.0371  0.0372  0.0373  0.0373  0.0374  0.0371  0.0373  0.0371  0.0370
  0.0371  0.0371  0.0371  0.0370  0.0370  0.0370  0.0370  0.0370  0.0370  0.0370  0.0370  0.0370
  0.0372  0.0371  0.0374  0.0373  0.0372  0.0372  0.0372  0.0372  0.0371  0.0372  0.0371  0.0371
  0.0378  0.0374  0.0379  0.0380  0.0380  0.0385  0.0378  0.0380  0.0374  0.0377  0.0373  0.0373
  0.0387  0.0379  0.0385  0.0387  0.0398  0.0408  0.0387  0.0393  0.0377  0.0385  0.0377  0.0376
registration optimization eta report
parameter search radius
    2.4000    2.4000    2.7600    9.5220    9.5220    9.5220
    7.2000    7.2000    7.2000    8.2800    9.5220    8.2800
100000*second partial in parameter space
       34.       23.       11.        2.        2.        3.
        3.        5.        1.        2.        1.        1.
  0.0394  0.0389  0.0373  0.0389  0.0385  0.0390  0.0388  0.0398  0.0378  0.0389  0.0376  0.0374
  0.0382  0.0380  0.0370  0.0378  0.0378  0.0380  0.0379  0.0384  0.0374  0.0379  0.0373  0.0371
  0.0374  0.0374  0.0370  0.0371  0.0372  0.0373  0.0373  0.0374  0.0371  0.0373  0.0371  0.0370
  0.0371  0.0371  0.0371  0.0370  0.0370  0.0370  0.0370  0.0370  0.0370  0.0370  0.0370  0.0370
  0.0372  0.0371  0.0374  0.0373  0.0372  0.0372  0.0372  0.0372  0.0371  0.0372  0.0371  0.0371
  0.0378  0.0374  0.0379  0.0380  0.0380  0.0385  0.0378  0.0380  0.0374  0.0377  0.0373  0.0373
  0.0387  0.0379  0.0385  0.0387  0.0398  0.0408  0.0387  0.0393  0.0377  0.0385  0.0377  0.0376
    0.7923   -2.9692    9.5085  -14.0397  -29.5341  -22.0220
   -1.8861   -2.7260    4.6705   29.7440    3.5580  -33.8630
eta,q 0.96297  7.69994

---------------------------------------------------------------------
imgreg_4dfp /opt/freesurfer/average/711-2C_as_mni_average_305 /opt/freesurfer/average/711-2B_as_mni_average_305_mask talsrcimg_g11 none talsrcimg_to_711-2C_as_mni_average_305_t4 2311
---------------------------------------------------------------------

freesurfer imgreg_4dfp.c
/opt/freesurfer/average/711-2C_as_mni_average_305.4dfp.img
       256       256       256         1
  1.000000  1.000000  1.000000
orientation T byte_order littleendian
Reading image: /opt/freesurfer/average/711-2C_as_mni_average_305.4dfp.img
dimensions:      256       256       256
mmppix:       1.0000   -1.0000   -1.0000
center:     128.0000 -129.0000 -129.0000
/opt/freesurfer/average/711-2B_as_mni_average_305_mask.4dfp.img
       256       256       256         1
  1.000000  1.000000  1.000000
orientation T byte_order littleendian
Reading mask: /opt/freesurfer/average/711-2B_as_mni_average_305_mask.4dfp.img (2306576 pixels)
talsrcimg_g11.4dfp.img
       256       256       256         1
  1.000000  1.000000  1.000000
orientation T byte_order littleendian
Reading image: talsrcimg_g11.4dfp.img
dimensions:      256       256       256
mmppix:       1.0000   -1.0000   -1.0000
center:     128.0000 -129.0000 -129.0000
fimgreg.f
image alignment mode   2311 decimal      907 hex
parameters
    0.7923   -2.9692    9.5085  -14.0397  -29.5341  -22.0220
   -1.8861   -2.7260    4.6705   29.7440    3.5580  -33.8630
eta,q 0.96297  7.69994
niter,ni,del,rscale     5    3    5.0000    0.8000
parameters
    0.7595   -3.0165    9.1088  -14.5212  -28.3875  -21.4528
   -1.7434   -2.6240    4.6079   30.4592    3.7879  -35.0418
eta,q 0.96308  7.76948
  0.0378  0.0375  0.0372  0.0375  0.0377  0.0377  0.0378  0.0382  0.0373  0.0377  0.0371  0.0370
  0.0374  0.0372  0.0371  0.0372  0.0374  0.0374  0.0373  0.0375  0.0371  0.0373  0.0370  0.0369
  0.0371  0.0371  0.0370  0.0370  0.0371  0.0371  0.0371  0.0371  0.0370  0.0371  0.0369  0.0369
  0.0370  0.0370  0.0370  0.0370  0.0370  0.0370  0.0369  0.0369  0.0369  0.0369  0.0369  0.0369
  0.0371  0.0371  0.0371  0.0371  0.0370  0.0369  0.0370  0.0371  0.0370  0.0369  0.0369  0.0370
  0.0374  0.0373  0.0372  0.0374  0.0370  0.0371  0.0373  0.0375  0.0371  0.0371  0.0370  0.0370
  0.0379  0.0376  0.0374  0.0377  0.0372  0.0375  0.0377  0.0381  0.0373  0.0374  0.0371  0.0372
niter,ni,del,rscale     4    3    5.0000    0.7000
parameters
    0.6930   -3.3905    9.1647  -14.6613  -28.2648  -21.2374
   -1.5685   -2.6299    4.4610   31.3204    3.8275  -37.0741
eta,q 0.96320  7.81904
  0.0375  0.0371  0.0371  0.0373  0.0373  0.0374  0.0376  0.0379  0.0371  0.0375  0.0370  0.0368
  0.0372  0.0369  0.0370  0.0371  0.0371  0.0372  0.0372  0.0373  0.0370  0.0372  0.0369  0.0368
  0.0370  0.0369  0.0369  0.0369  0.0369  0.0370  0.0370  0.0370  0.0369  0.0370  0.0369  0.0368
  0.0369  0.0369  0.0369  0.0369  0.0369  0.0369  0.0369  0.0369  0.0369  0.0369  0.0368  0.0368
  0.0370  0.0370  0.0369  0.0370  0.0369  0.0369  0.0369  0.0370  0.0369  0.0369  0.0369  0.0369
  0.0373  0.0372  0.0370  0.0371  0.0370  0.0370  0.0371  0.0373  0.0370  0.0370  0.0369  0.0370
  0.0376  0.0375  0.0371  0.0374  0.0373  0.0374  0.0375  0.0379  0.0371  0.0372  0.0370  0.0371
niter,ni,del,rscale     3    3    5.0000    0.6000
parameters
    0.6459   -3.5756    9.0875  -14.7555  -28.4870  -21.2190
   -1.3942   -2.5940    4.2305   32.4348    3.7086  -38.2466
eta,q 0.96329  7.84743
  0.0373  0.0370  0.0369  0.0371  0.0371  0.0372  0.0373  0.0376  0.0370  0.0374  0.0369  0.0368
  0.0370  0.0369  0.0368  0.0369  0.0369  0.0370  0.0370  0.0371  0.0368  0.0371  0.0368  0.0367
  0.0368  0.0368  0.0368  0.0368  0.0368  0.0369  0.0369  0.0369  0.0368  0.0369  0.0367  0.0367
  0.0368  0.0368  0.0368  0.0368  0.0368  0.0368  0.0368  0.0368  0.0368  0.0368  0.0367  0.0367
  0.0369  0.0369  0.0368  0.0368  0.0368  0.0368  0.0368  0.0369  0.0368  0.0367  0.0368  0.0368
  0.0371  0.0370  0.0369  0.0370  0.0370  0.0369  0.0370  0.0371  0.0369  0.0368  0.0368  0.0369
  0.0374  0.0372  0.0370  0.0372  0.0371  0.0373  0.0372  0.0375  0.0370  0.0369  0.0369  0.0370
niter,ni,del,rscale     2    3    5.0000    0.5000
parameters
    0.6107   -3.6672    9.0965  -14.8610  -28.4204  -21.2810
   -1.2154   -2.5459    4.1196   32.9414    3.8515  -38.7665
eta,q 0.96331  7.86389
  0.0371  0.0369  0.0369  0.0370  0.0370  0.0370  0.0371  0.0373  0.0368  0.0371  0.0368  0.0368
  0.0369  0.0368  0.0368  0.0368  0.0368  0.0369  0.0369  0.0370  0.0368  0.0369  0.0368  0.0367
  0.0367  0.0367  0.0367  0.0367  0.0367  0.0368  0.0368  0.0368  0.0367  0.0368  0.0367  0.0367
  0.0367  0.0367  0.0367  0.0367  0.0367  0.0367  0.0367  0.0367  0.0367  0.0367  0.0367  0.0367
  0.0368  0.0368  0.0367  0.0367  0.0367  0.0367  0.0367  0.0368  0.0367  0.0367  0.0367  0.0367
  0.0369  0.0368  0.0368  0.0368  0.0368  0.0369  0.0368  0.0369  0.0368  0.0368  0.0367  0.0368
  0.0371  0.0370  0.0369  0.0370  0.0369  0.0371  0.0370  0.0373  0.0369  0.0369  0.0368  0.0369
niter,ni,del,rscale     1    3    5.0000    0.4000
parameters
    0.5753   -3.7210    9.0854  -14.8927  -28.3178  -21.3302
   -1.0532   -2.5589    4.0333   33.1748    3.9247  -38.9852
eta,q 0.96332  7.87431
  0.0369  0.0368  0.0368  0.0369  0.0369  0.0369  0.0370  0.0371  0.0368  0.0369  0.0368  0.0368
  0.0368  0.0367  0.0367  0.0368  0.0368  0.0368  0.0368  0.0368  0.0367  0.0368  0.0367  0.0367
  0.0367  0.0367  0.0367  0.0367  0.0367  0.0367  0.0367  0.0367  0.0367  0.0367  0.0367  0.0367
  0.0367  0.0367  0.0367  0.0367  0.0367  0.0367  0.0367  0.0367  0.0367  0.0367  0.0367  0.0367
  0.0367  0.0367  0.0367  0.0367  0.0367  0.0367  0.0367  0.0367  0.0367  0.0367  0.0367  0.0367
  0.0368  0.0368  0.0367  0.0368  0.0368  0.0368  0.0368  0.0369  0.0367  0.0367  0.0367  0.0367
  0.0370  0.0369  0.0368  0.0369  0.0368  0.0370  0.0369  0.0371  0.0368  0.0368  0.0368  0.0368
registration optimization eta report
parameter search radius
    0.8000    0.8000    0.8000    2.4000    2.4000    2.4000
    2.4000    2.4000    2.4000    2.4000    2.4000    2.4000
100000*second partial in parameter space
       38.       24.       16.        3.        3.        4.
        4.        6.        2.        3.        1.        2.
  0.0369  0.0368  0.0368  0.0369  0.0369  0.0369  0.0370  0.0371  0.0368  0.0369  0.0368  0.0368
  0.0368  0.0367  0.0367  0.0368  0.0368  0.0368  0.0368  0.0368  0.0367  0.0368  0.0367  0.0367
  0.0367  0.0367  0.0367  0.0367  0.0367  0.0367  0.0367  0.0367  0.0367  0.0367  0.0367  0.0367
  0.0367  0.0367  0.0367  0.0367  0.0367  0.0367  0.0367  0.0367  0.0367  0.0367  0.0367  0.0367
  0.0367  0.0367  0.0367  0.0367  0.0367  0.0367  0.0367  0.0367  0.0367  0.0367  0.0367  0.0367
  0.0368  0.0368  0.0367  0.0368  0.0368  0.0368  0.0368  0.0369  0.0367  0.0367  0.0367  0.0367
  0.0370  0.0369  0.0368  0.0369  0.0368  0.0370  0.0369  0.0371  0.0368  0.0368  0.0368  0.0368
    0.5753   -3.7210    9.0854  -14.8927  -28.3178  -21.3302
   -1.0532   -2.5589    4.0333   33.1748    3.9247  -38.9852
eta,q 0.96332  7.87431

---------------------------------------------------------------------
imgreg_4dfp /opt/freesurfer/average/711-2C_as_mni_average_305 /opt/freesurfer/average/711-2B_as_mni_average_305_mask talsrcimg_g11 none talsrcimg_to_711-2C_as_mni_average_305_t4 2311
---------------------------------------------------------------------

freesurfer imgreg_4dfp.c
/opt/freesurfer/average/711-2C_as_mni_average_305.4dfp.img
       256       256       256         1
  1.000000  1.000000  1.000000
orientation T byte_order littleendian
Reading image: /opt/freesurfer/average/711-2C_as_mni_average_305.4dfp.img
dimensions:      256       256       256
mmppix:       1.0000   -1.0000   -1.0000
center:     128.0000 -129.0000 -129.0000
/opt/freesurfer/average/711-2B_as_mni_average_305_mask.4dfp.img
       256       256       256         1
  1.000000  1.000000  1.000000
orientation T byte_order littleendian
Reading mask: /opt/freesurfer/average/711-2B_as_mni_average_305_mask.4dfp.img (2306576 pixels)
talsrcimg_g11.4dfp.img
       256       256       256         1
  1.000000  1.000000  1.000000
orientation T byte_order littleendian
Reading image: talsrcimg_g11.4dfp.img
dimensions:      256       256       256
mmppix:       1.0000   -1.0000   -1.0000
center:     128.0000 -129.0000 -129.0000
fimgreg.f
image alignment mode   2311 decimal      907 hex
parameters
    0.5753   -3.7210    9.0854  -14.8927  -28.3178  -21.3302
   -1.0532   -2.5589    4.0333   33.1748    3.9247  -38.9852
eta,q 0.96332  7.87432
niter,ni,del,rscale     5    3    5.0000    0.8000
parameters
    0.5614   -3.7084    9.0912  -14.8783  -28.3831  -21.7522
   -1.0362   -2.5840    4.0812   33.2410    3.8970  -39.0150
eta,q 0.96330  7.86282
  0.0377  0.0373  0.0371  0.0374  0.0373  0.0374  0.0376  0.0381  0.0371  0.0375  0.0370  0.0370
  0.0371  0.0370  0.0369  0.0370  0.0370  0.0371  0.0371  0.0373  0.0369  0.0371  0.0368  0.0368
  0.0368  0.0367  0.0367  0.0368  0.0368  0.0368  0.0368  0.0369  0.0367  0.0368  0.0367  0.0367
  0.0367  0.0367  0.0367  0.0367  0.0367  0.0367  0.0367  0.0367  0.0367  0.0367  0.0367  0.0367
  0.0368  0.0368  0.0367  0.0368  0.0368  0.0368  0.0368  0.0369  0.0367  0.0368  0.0367  0.0367
  0.0371  0.0370  0.0369  0.0370  0.0370  0.0372  0.0371  0.0374  0.0369  0.0370  0.0368  0.0369
  0.0377  0.0373  0.0371  0.0374  0.0374  0.0379  0.0376  0.0381  0.0371  0.0374  0.0370  0.0370
niter,ni,del,rscale     4    3    5.0000    0.7000
parameters
    0.5586   -3.7040    8.9553  -14.8736  -28.2932  -21.8292
   -1.0236   -2.5712    4.0929   33.3045    3.8551  -39.0390
eta,q 0.96330  7.86616
  0.0375  0.0372  0.0369  0.0372  0.0372  0.0373  0.0374  0.0378  0.0370  0.0373  0.0369  0.0370
  0.0370  0.0369  0.0368  0.0369  0.0369  0.0370  0.0370  0.0372  0.0368  0.0370  0.0368  0.0368
  0.0368  0.0367  0.0367  0.0368  0.0368  0.0368  0.0368  0.0368  0.0367  0.0368  0.0367  0.0367
  0.0367  0.0367  0.0367  0.0367  0.0367  0.0367  0.0367  0.0367  0.0367  0.0367  0.0367  0.0367
  0.0368  0.0368  0.0367  0.0368  0.0367  0.0367  0.0368  0.0368  0.0367  0.0367  0.0367  0.0367
  0.0370  0.0369  0.0369  0.0369  0.0369  0.0370  0.0370  0.0372  0.0368  0.0369  0.0368  0.0368
  0.0374  0.0372  0.0370  0.0372  0.0372  0.0375  0.0374  0.0378  0.0370  0.0373  0.0369  0.0370
niter,ni,del,rscale     3    3    5.0000    0.6000
parameters
    0.5535   -3.7333    8.9220  -14.8745  -28.2267  -21.7725
   -0.9973   -2.5586    4.0984   33.3390    3.8797  -39.0739
eta,q 0.96331  7.87167
  0.0372  0.0370  0.0369  0.0371  0.0371  0.0372  0.0372  0.0375  0.0369  0.0371  0.0368  0.0369
  0.0369  0.0368  0.0368  0.0369  0.0369  0.0370  0.0369  0.0371  0.0368  0.0369  0.0368  0.0368
  0.0368  0.0367  0.0367  0.0367  0.0367  0.0368  0.0368  0.0368  0.0367  0.0367  0.0367  0.0367
  0.0367  0.0367  0.0367  0.0367  0.0367  0.0367  0.0367  0.0367  0.0367  0.0367  0.0367  0.0367
  0.0368  0.0367  0.0367  0.0367  0.0367  0.0367  0.0367  0.0368  0.0367  0.0367  0.0367  0.0367
  0.0370  0.0369  0.0368  0.0369  0.0368  0.0369  0.0369  0.0371  0.0368  0.0369  0.0368  0.0368
  0.0372  0.0371  0.0369  0.0371  0.0370  0.0372  0.0372  0.0375  0.0369  0.0371  0.0369  0.0369
niter,ni,del,rscale     2    3    5.0000    0.5000
parameters
    0.5445   -3.7618    8.9366  -14.9085  -28.1837  -21.6576
   -0.9617   -2.5649    4.0755   33.3696    3.9063  -39.1146
eta,q 0.96331  7.87653
  0.0371  0.0369  0.0368  0.0370  0.0369  0.0371  0.0371  0.0373  0.0368  0.0370  0.0368  0.0368
  0.0369  0.0368  0.0368  0.0368  0.0368  0.0369  0.0369  0.0369  0.0368  0.0368  0.0367  0.0367
  0.0367  0.0367  0.0367  0.0367  0.0367  0.0368  0.0367  0.0368  0.0367  0.0367  0.0367  0.0367
  0.0367  0.0367  0.0367  0.0367  0.0367  0.0367  0.0367  0.0367  0.0367  0.0367  0.0367  0.0367
  0.0367  0.0367  0.0367  0.0367  0.0367  0.0367  0.0367  0.0368  0.0367  0.0367  0.0367  0.0367
  0.0369  0.0368  0.0368  0.0368  0.0368  0.0368  0.0368  0.0370  0.0368  0.0368  0.0367  0.0368
  0.0371  0.0369  0.0368  0.0370  0.0369  0.0370  0.0371  0.0373  0.0368  0.0370  0.0368  0.0368
niter,ni,del,rscale     1    3    5.0000    0.4000
parameters
    0.5296   -3.7702    8.9787  -14.9345  -28.1758  -21.5457
   -0.9188   -2.5695    4.0126   33.3735    3.9627  -39.1409
eta,q 0.96331  7.87938
  0.0369  0.0368  0.0368  0.0369  0.0368  0.0369  0.0369  0.0371  0.0368  0.0369  0.0368  0.0368
  0.0368  0.0368  0.0367  0.0368  0.0368  0.0368  0.0368  0.0369  0.0367  0.0368  0.0367  0.0367
  0.0367  0.0367  0.0367  0.0367  0.0367  0.0367  0.0367  0.0367  0.0367  0.0367  0.0367  0.0367
  0.0367  0.0367  0.0367  0.0367  0.0367  0.0367  0.0367  0.0367  0.0367  0.0367  0.0367  0.0367
  0.0367  0.0367  0.0367  0.0367  0.0367  0.0367  0.0367  0.0367  0.0367  0.0367  0.0367  0.0367
  0.0368  0.0368  0.0367  0.0368  0.0368  0.0368  0.0368  0.0369  0.0367  0.0368  0.0367  0.0367
  0.0370  0.0368  0.0368  0.0369  0.0368  0.0369  0.0369  0.0371  0.0368  0.0369  0.0368  0.0368
registration optimization eta report
parameter search radius
    0.8000    0.8000    0.8000    2.4000    2.4000    2.4000
    2.4000    2.4000    2.4000    2.4000    2.4000    2.4000
100000*second partial in parameter space
       40.       24.       16.        3.        3.        4.
        4.        6.        2.        3.        1.        2.
  0.0369  0.0368  0.0368  0.0369  0.0368  0.0369  0.0369  0.0371  0.0368  0.0369  0.0368  0.0368
  0.0368  0.0368  0.0367  0.0368  0.0368  0.0368  0.0368  0.0369  0.0367  0.0368  0.0367  0.0367
  0.0367  0.0367  0.0367  0.0367  0.0367  0.0367  0.0367  0.0367  0.0367  0.0367  0.0367  0.0367
  0.0367  0.0367  0.0367  0.0367  0.0367  0.0367  0.0367  0.0367  0.0367  0.0367  0.0367  0.0367
  0.0367  0.0367  0.0367  0.0367  0.0367  0.0367  0.0367  0.0367  0.0367  0.0367  0.0367  0.0367
  0.0368  0.0368  0.0367  0.0368  0.0368  0.0368  0.0368  0.0369  0.0367  0.0368  0.0367  0.0367
  0.0370  0.0368  0.0368  0.0369  0.0368  0.0369  0.0369  0.0371  0.0368  0.0369  0.0368  0.0368
    0.5296   -3.7702    8.9787  -14.9345  -28.1758  -21.5457
   -0.9188   -2.5695    4.0126   33.3735    3.9627  -39.1409
eta,q 0.96331  7.87938

---------------------------------------------------------------------
compute_vox2vox talsrcimg talsrcimg_to_711-2C_as_mni_average_305_t4 /opt/freesurfer/average/711-2C_as_mni_average_305
---------------------------------------------------------------------

freesurfer compute_vox2vox.c
Reading: talsrcimg.4dfp.ifh
Reading: talsrcimg_to_711-2C_as_mni_average_305_t4
Reading: /opt/freesurfer/average/711-2C_as_mni_average_305.4dfp.ifh
Writing: talsrcimg_to_711-2C_as_mni_average_305_t4_vox2vox.txt

start time Sun Mar 8 16:49:55 CET 2026
end		time Sun Mar 8 16:51:21 CET 2026

mpr2mni305 success

avi2talxfm orig_nu.mgz /opt/freesurfer/average/mni305.cor.mgz talsrcimg_to_711-2C_as_mni_average_305_t4_vox2vox.txt transforms/talairach.auto.xfm
avi2talxfm done
mv -f /out/sourcedata/freesurfer/sub-v1s13x0050052_ses-1/mri/talsrcimg_to_711-2C_as_mni_average_305_t4_vox2vox.txt /out/sourcedata/freesurfer/sub-v1s13x0050052_ses-1/mri/transforms/talsrcimg_to_711-2C_as_mni_average_305_t4_vox2vox.txt
lta_convert --src orig_nu.mgz --trg /opt/freesurfer/average/mni305.cor.mgz --inxfm transforms/talairach.auto.xfm --outlta transforms/talairach.auto.xfm.lta --subject fsaverage
7.3.2

--src: orig_nu.mgz src image (geometry).
--trg: /opt/freesurfer/average/mni305.cor.mgz trg image (geometry).
--inmni: transforms/talairach.auto.xfm input MNI/XFM transform.
--outlta: transforms/talairach.auto.xfm.lta output LTA.
--s: fsaverage subject name
 LTA read, type : 1
 1.17298   0.02600   0.02918  -2.89661;
-0.07464   1.03310   0.56204   13.23586;
-0.03085  -0.48149   1.12951   43.97430;
 0.00000   0.00000   0.00000   1.00000;
setting subject to fsaverage
Writing  LTA to file transforms/talairach.auto.xfm.lta...
lta_convert successful.
 
 
Started at Sun Mar 8 16:49:55 CET 2026
Ended   at Sun Mar  8 16:51:22 CET 2026
talairach_avi done
