/out/sourcedata/freesurfer/sub-v1s13x0050054_ses-1/mri
/opt/freesurfer/bin/talairach_avi
--i orig_nu.mgz --xfm transforms/talairach.auto.xfm
talairach_avi 7.3.2
Linux dna018 5.14.0-427.37.1.el9_4.x86_64 #1 SMP PREEMPT_DYNAMIC Fri Sep 13 12:41:50 EDT 2024 x86_64 x86_64 x86_64 GNU/Linux
Sun Mar  8 16:50:24 CET 2026
mri_convert orig_nu.mgz talsrcimg.img 
reading from orig_nu.mgz...
TR=0.00, TE=0.00, TI=0.00, flip angle=0.00
i_ras = (-1, 0, 0)
j_ras = (0, 0, -1)
k_ras = (0, 1, 0)
writing to talsrcimg.img...
Analyze Output Matrix
-1.00000   0.00000   0.00000   130.25137;
 0.00000   0.00000   1.00000  -131.46729;
 0.00000  -1.00000   0.00000   106.43060;
 0.00000   0.00000   0.00000   1.00000;
--------------------
INFO: set hdr.hist.orient to -1
mpr2mni305 talsrcimg
Sun Mar  8 16:50:24 CET 2026
/opt/freesurfer/bin/mpr2mni305 talsrcimg
mpr2mni305 7.3.2
target=711-2C_as_mni_average_305

---------------------------------------------------------------------
analyzeto4dfp talsrcimg -O0 -y
---------------------------------------------------------------------

freesurfer ifh2hdr.c
Sun Mar  8 16:50:25 2026
Writing: talsrcimg.4dfp.hdr
freesurfer analyzeto4dfp.c
Reading: talsrcimg.hdr
header size 348 bytes
hdr.dime.datatype	offset=70	value=2
hdr.dime.bitpix		offset=72	value=8
hdr.hist.orient		offset=252	value=-1
dimensionality     4
dimensions       256       256       256         1
Reading: talsrcimg.img
Writing: talsrcimg.4dfp.img
Writing: talsrcimg.4dfp.ifh
ifh2hdr talsrcimg -r0to255
ori=2

---------------------------------------------------------------------
gauss_4dfp talsrcimg 1.1
---------------------------------------------------------------------

freesurfer gauss_4dfp.c
Reading: talsrcimg.4dfp.img
Writing: talsrcimg_g11.4dfp.img
image dimensions 256 256 256 padded to 288 288 288
processing volume 1freesurfer ifh2hdr.c
Sun Mar  8 16:50:26 2026
Writing: talsrcimg_g11.4dfp.hdr

Writing: talsrcimg_g11.4dfp.ifh
including: talsrcimg.4dfp.img.rec in talsrcimg_g11.4dfp.img.rec

---------------------------------------------------------------------
imgreg_4dfp /opt/freesurfer/average/711-2C_as_mni_average_305 none talsrcimg_g11 none talsrcimg_to_711-2C_as_mni_average_305_t4 4355
---------------------------------------------------------------------

freesurfer imgreg_4dfp.c
/opt/freesurfer/average/711-2C_as_mni_average_305.4dfp.img
       256       256       256         1
  1.000000  1.000000  1.000000
orientation T byte_order littleendian
Reading image: /opt/freesurfer/average/711-2C_as_mni_average_305.4dfp.img
dimensions:      256       256       256
mmppix:       1.0000   -1.0000   -1.0000
center:     128.0000 -129.0000 -129.0000
talsrcimg_g11.4dfp.img
       256       256       256         1
  1.000000  1.000000  1.000000
orientation T byte_order littleendian
Reading image: talsrcimg_g11.4dfp.img
dimensions:      256       256       256
mmppix:       1.0000   -1.0000   -1.0000
center:     128.0000 -129.0000 -129.0000
t4_read: open error in t4_sub.f l:  41 t4_file(1:l)talsrcimg_to_711-2C_as_mni_average_305_t4 
t4_read: transform initialized to I4
rotation matrix determinant  1.000000
image alignment mode   4355 decimal     1103 hex
   -7.5000  -45.0000  -45.0000 8430.7520   17.0219
    0.0000  -45.0000  -45.0000 8868.2197   17.0389
    7.5000  -45.0000  -45.0000 8512.8135   17.0038
   -7.5000  -37.5000  -45.0000 9037.4570   16.9343
    0.0000  -37.5000  -45.0000 9495.1973   16.9512
    7.5000  -37.5000  -45.0000 9109.7441   16.9254
   -7.5000  -30.0000  -45.0000 9956.0908   16.8505
    0.0000  -30.0000  -45.000010447.1992   16.8642
    7.5000  -30.0000  -45.000010023.0850   16.8419
   -7.5000  -22.5000  -45.000010830.9990   16.7804
    0.0000  -22.5000  -45.000011349.6250   16.7906
    7.5000  -22.5000  -45.000010869.8662   16.7621
   -7.5000  -15.0000  -45.000011567.5439   16.7220
    0.0000  -15.0000  -45.000012143.0713   16.7319
    7.5000  -15.0000  -45.000011634.5674   16.6944
   -7.5000   -7.5000  -45.000012175.5371   16.6649
    0.0000   -7.5000  -45.000012787.1533   16.6782
    7.5000   -7.5000  -45.000012237.8203   16.6387
   -7.5000    0.0000  -45.000012694.5791   16.6254
    0.0000    0.0000  -45.000013306.6572   16.6416
    7.5000    0.0000  -45.000012747.2998   16.6082
   -7.5000    7.5000  -45.000012256.7959   16.6141
    0.0000    7.5000  -45.000012798.3213   16.6303
    7.5000    7.5000  -45.000012280.1143   16.6055
   -7.5000   15.0000  -45.000011709.6416   16.6068
    0.0000   15.0000  -45.000012208.9727   16.6202
    7.5000   15.0000  -45.000011737.5371   16.5986
   -7.5000   22.5000  -45.000011054.3066   16.6149
    0.0000   22.5000  -45.000011519.4492   16.6247
    7.5000   22.5000  -45.000011087.2344   16.5968
   -7.5000   30.0000  -45.000010339.2002   16.4187
    0.0000   30.0000  -45.000010764.5967   16.4283
    7.5000   30.0000  -45.000010352.0508   16.3916
   -7.5000   37.5000  -45.0000 9905.6436   16.5001
    0.0000   37.5000  -45.000010325.6816   16.5134
    7.5000   37.5000  -45.0000 9922.6602   16.4744
   -7.5000   45.0000  -45.0000 9153.1338   16.2306
    0.0000   45.0000  -45.0000 9514.4629   16.2487
    7.5000   45.0000  -45.0000 9164.5371   16.2160
   -7.5000  -45.0000  -37.5000 8871.9600   17.0681
    0.0000  -45.0000  -37.5000 9332.8428   17.0810
    7.5000  -45.0000  -37.5000 8958.7295   17.0451
   -7.5000  -37.5000  -37.5000 9506.2109   16.9842
    0.0000  -37.5000  -37.5000 9983.8252   16.9979
    7.5000  -37.5000  -37.5000 9598.7510   16.9700
   -7.5000  -30.0000  -37.500010451.5391   16.8972
    0.0000  -30.0000  -37.500010964.9053   16.9086
    7.5000  -30.0000  -37.500010535.5635   16.8831
   -7.5000  -22.5000  -37.500011339.4727   16.8199
    0.0000  -22.5000  -37.500011906.1162   16.8274
    7.5000  -22.5000  -37.500011408.3271   16.7956
   -7.5000  -15.0000  -37.500012121.4482   16.7570
    0.0000  -15.0000  -37.500012739.7285   16.7634
    7.5000  -15.0000  -37.500012192.8877   16.7236
   -7.5000   -7.5000  -37.500012756.3164   16.7023
    0.0000   -7.5000  -37.500013412.5762   16.7117
    7.5000   -7.5000  -37.500012836.7041   16.6714
   -7.5000    0.0000  -37.500013308.3564   16.6677
    0.0000    0.0000  -37.500013941.3242   16.6801
    7.5000    0.0000  -37.500013341.3555   16.6461
   -7.5000    7.5000  -37.500012852.3154   16.6609
    0.0000    7.5000  -37.500013423.4912   16.6740
    7.5000    7.5000  -37.500012864.3389   16.6474
   -7.5000   15.0000  -37.500012258.9355   16.6517
    0.0000   15.0000  -37.500012789.0947   16.6626
    7.5000   15.0000  -37.500012274.5664   16.6381
   -7.5000   22.5000  -37.500011569.0205   16.6534
    0.0000   22.5000  -37.500012061.7568   16.6606
    7.5000   22.5000  -37.500011587.3408   16.6294
   -7.5000   30.0000  -37.500010785.6250   16.4528
    0.0000   30.0000  -37.500011235.4756   16.4589
    7.5000   30.0000  -37.500010779.2676   16.4201
   -7.5000   37.5000  -37.500010297.0635   16.5341
    0.0000   37.5000  -37.500010732.5957   16.5435
    7.5000   37.5000  -37.500010296.9688   16.5035
   -7.5000   45.0000  -37.5000 9495.9795   16.2703
    0.0000   45.0000  -37.5000 9881.5596   16.2843
    7.5000   45.0000  -37.5000 9503.0371   16.2501
   -7.5000  -45.0000  -30.0000 9486.3105   17.7377
    0.0000  -45.0000  -30.0000 9967.7744   17.7448
    7.5000  -45.0000  -30.0000 9581.3291   17.7059
   -7.5000  -37.5000  -30.000010163.1553   17.6445
    0.0000  -37.5000  -30.000010654.6660   17.6518
    7.5000  -37.5000  -30.000010243.2988   17.6237
   -7.5000  -30.0000  -30.000011162.2070   17.5379
    0.0000  -30.0000  -30.000011695.9434   17.5446
    7.5000  -30.0000  -30.000011238.0293   17.5221
   -7.5000  -22.5000  -30.000012084.6055   17.4440
    0.0000  -22.5000  -30.000012676.1758   17.4486
    7.5000  -22.5000  -30.000012157.8154   17.4204
   -7.5000  -15.0000  -30.000012911.3115   17.3776
    0.0000  -15.0000  -30.000013547.2031   17.3815
    7.5000  -15.0000  -30.000012957.6328   17.3432
   -7.5000   -7.5000  -30.000013607.2881   17.3321
    0.0000   -7.5000  -30.000014296.6270   17.3377
    7.5000   -7.5000  -30.000013670.7354   17.2958
   -7.5000    0.0000  -30.000014165.6650   17.3059
    0.0000    0.0000  -30.000014853.0010   17.3126
    7.5000    0.0000  -30.000014197.5791   17.2759
   -7.5000    7.5000  -30.000013665.7764   17.2962
    0.0000    7.5000  -30.000014300.0703   17.3031
    7.5000    7.5000  -30.000013657.7568   17.2762
   -7.5000   15.0000  -30.000012998.5127   17.2739
    0.0000   15.0000  -30.000013590.3330   17.2802
    7.5000   15.0000  -30.000013007.6504   17.2585
   -7.5000   22.5000  -30.000012261.8086   17.2636
    0.0000   22.5000  -30.000012810.5488   17.2679
    7.5000   22.5000  -30.000012261.1152   17.2403
   -7.5000   30.0000  -30.000011418.3838   17.0607
    0.0000   30.0000  -30.000011913.1504   17.0644
    7.5000   30.0000  -30.000011397.1641   17.0271
   -7.5000   37.5000  -30.000010894.8662   17.1577
    0.0000   37.5000  -30.000011372.4990   17.1633
    7.5000   37.5000  -30.000010882.0049   17.1215
   -7.5000   45.0000  -30.000010026.0566   16.9086
    0.0000   45.0000  -30.000010441.9434   16.9170
    7.5000   45.0000  -30.000010005.2656   16.8796
   -7.5000  -45.0000  -22.500010094.6465   18.2821
    0.0000  -45.0000  -22.500010576.4863   18.2891
    7.5000  -45.0000  -22.500010169.5234   18.2484
   -7.5000  -37.5000  -22.500010787.5811   18.1767
    0.0000  -37.5000  -22.500011301.3398   18.1821
    7.5000  -37.5000  -22.500010863.6699   18.1562
   -7.5000  -30.0000  -22.500011827.5459   18.0564
    0.0000  -30.0000  -22.500012392.1162   18.0612
    7.5000  -30.0000  -22.500011907.6689   18.0459
   -7.5000  -22.5000  -22.500012817.4043   17.9551
    0.0000  -22.5000  -22.500013433.3428   17.9601
    7.5000  -22.5000  -22.500012899.6533   17.9397
   -7.5000  -15.0000  -22.500013659.7109   17.8893
    0.0000  -15.0000  -22.500014313.2471   17.8951
    7.5000  -15.0000  -22.500013732.8535   17.8610
   -7.5000   -7.5000  -22.500014397.1338   17.8478
    0.0000   -7.5000  -22.500015087.0928   17.8549
    7.5000   -7.5000  -22.500014445.6758   17.8126
   -7.5000    0.0000  -22.500014990.8457   17.8212
    0.0000    0.0000  -22.500015669.4248   17.8277
    7.5000    0.0000  -22.500014991.8350   17.7892
   -7.5000    7.5000  -22.500014447.7656   17.8053
    0.0000    7.5000  -22.500015094.7451   17.8102
    7.5000    7.5000  -22.500014402.9268   17.7853
   -7.5000   15.0000  -22.500013723.1182   17.7753
    0.0000   15.0000  -22.500014354.0703   17.7797
    7.5000   15.0000  -22.500013690.7119   17.7648
   -7.5000   22.5000  -22.500012911.7549   17.7621
    0.0000   22.5000  -22.500013501.6396   17.7667
    7.5000   22.5000  -22.500012896.3145   17.7467
   -7.5000   30.0000  -22.500011988.0732   17.5627
    0.0000   30.0000  -22.500012533.2920   17.5682
    7.5000   30.0000  -22.500011987.4658   17.5349
   -7.5000   37.5000  -22.500011429.8848   17.6684
    0.0000   37.5000  -22.500011933.9111   17.6755
    7.5000   37.5000  -22.500011419.5303   17.6329
   -7.5000   45.0000  -22.500010494.2266   17.4248
    0.0000   45.0000  -22.500010939.4170   17.4330
    7.5000   45.0000  -22.500010477.7070   17.3943
   -7.5000  -45.0000  -15.000010673.3418   18.6679
    0.0000  -45.0000  -15.000011160.3398   18.6787
    7.5000  -45.0000  -15.000010730.2178   18.6374
   -7.5000  -37.5000  -15.000011414.8506   18.5531
    0.0000  -37.5000  -15.000011928.9893   18.5612
    7.5000  -37.5000  -15.000011463.5547   18.5372
   -7.5000  -30.0000  -15.000012516.3076   18.4312
    0.0000  -30.0000  -15.000013060.8594   18.4379
    7.5000  -30.0000  -15.000012571.4707   18.4267
   -7.5000  -22.5000  -15.000013553.1279   18.3342
    0.0000  -22.5000  -15.000014116.5459   18.3419
    7.5000  -22.5000  -15.000013601.1396   18.3251
   -7.5000  -15.0000  -15.000014410.3164   18.2703
    0.0000  -15.0000  -15.000014997.3135   18.2800
    7.5000  -15.0000  -15.000014448.0928   18.2469
   -7.5000   -7.5000  -15.000015130.7998   18.2227
    0.0000   -7.5000  -15.000015759.0469   18.2340
    7.5000   -7.5000  -15.000015157.8633   18.1906
   -7.5000    0.0000  -15.000015721.1836   18.1862
    0.0000    0.0000  -15.000016361.2910   18.1960
    7.5000    0.0000  -15.000015720.0078   18.1569
   -7.5000    7.5000  -15.000015145.9414   18.1652
    0.0000    7.5000  -15.000015776.2002   18.1726
    7.5000    7.5000  -15.000015113.7910   18.1493
   -7.5000   15.0000  -15.000014361.0742   18.1376
    0.0000   15.0000  -15.000014991.8232   18.1438
    7.5000   15.0000  -15.000014344.3330   18.1328
   -7.5000   22.5000  -15.000013487.1807   18.1317
    0.0000   22.5000  -15.000014063.2520   18.1389
    7.5000   22.5000  -15.000013466.4609   18.1222
   -7.5000   30.0000  -15.000012504.3086   17.9370
    0.0000   30.0000  -15.000013051.7617   17.9463
    7.5000   30.0000  -15.000012500.7773   17.9139
   -7.5000   37.5000  -15.000011911.7197   18.0400
    0.0000   37.5000  -15.000012434.0576   18.0513
    7.5000   37.5000  -15.000011903.3223   18.0079
   -7.5000   45.0000  -15.000010923.4512   17.7899
    0.0000   45.0000  -15.000011381.3779   17.8017
    7.5000   45.0000  -15.000010899.2783   17.7633
   -7.5000  -45.0000   -7.500011236.3828   18.8787
    0.0000  -45.0000   -7.500011732.7637   18.8947
    7.5000  -45.0000   -7.500011281.8037   18.8544
   -7.5000  -37.5000   -7.500012035.6611   18.7646
    0.0000  -37.5000   -7.500012549.5869   18.7787
    7.5000  -37.5000   -7.500012064.7773   18.7535
   -7.5000  -30.0000   -7.500013210.6064   18.6525
    0.0000  -30.0000   -7.500013741.8320   18.6644
    7.5000  -30.0000   -7.500013228.1777   18.6486
   -7.5000  -22.5000   -7.500014271.7529   18.5639
    0.0000  -22.5000   -7.500014828.6230   18.5747
    7.5000  -22.5000   -7.500014286.4736   18.5526
   -7.5000  -15.0000   -7.500015126.9678   18.4979
    0.0000  -15.0000   -7.500015697.7148   18.5098
    7.5000  -15.0000   -7.500015151.6240   18.4734
   -7.5000   -7.5000   -7.500015837.4316   18.4372
    0.0000   -7.5000   -7.500016456.1621   18.4514
    7.5000   -7.5000   -7.500015857.3857   18.4078
   -7.5000    0.0000   -7.500016417.8594   18.3892
    0.0000    0.0000   -7.500017055.8906   18.4040
    7.5000    0.0000   -7.500016417.0137   18.3659
   -7.5000    7.5000   -7.500015773.0693   18.3702
    0.0000    7.5000   -7.500016399.5820   18.3834
    7.5000    7.5000   -7.500015745.8350   18.3591
   -7.5000   15.0000   -7.500014926.6309   18.3535
    0.0000   15.0000   -7.500015540.4414   18.3648
    7.5000   15.0000   -7.500014903.2842   18.3494
   -7.5000   22.5000   -7.500014008.0840   18.3554
    0.0000   22.5000   -7.500014576.1914   18.3657
    7.5000   22.5000   -7.500013976.5625   18.3439
   -7.5000   30.0000   -7.500012991.7783   18.1593
    0.0000   30.0000   -7.500013500.2559   18.1708
    7.5000   30.0000   -7.500012955.2285   18.1351
   -7.5000   37.5000   -7.500012384.3809   18.2521
    0.0000   37.5000   -7.500012871.4395   18.2664
    7.5000   37.5000   -7.500012370.6416   18.2230
   -7.5000   45.0000   -7.500011381.4717   17.9902
    0.0000   45.0000   -7.500011797.8555   18.0072
    7.5000   45.0000   -7.500011361.1094   17.9703
   -7.5000  -45.0000    0.000011684.2500   18.9224
    0.0000  -45.0000    0.000012186.4062   18.9414
    7.5000  -45.0000    0.000011722.7773   18.9031
   -7.5000  -37.5000    0.000012492.5186   18.8160
    0.0000  -37.5000    0.000013012.3916   18.8348
    7.5000  -37.5000    0.000012522.9160   18.8069
   -7.5000  -30.0000    0.000013701.9590   18.7142
    0.0000  -30.0000    0.000014262.7695   18.7296
    7.5000  -30.0000    0.000013729.0850   18.7055
   -7.5000  -22.5000    0.000014807.7930   18.6275
    0.0000  -22.5000    0.000015390.6426   18.6389
    7.5000  -22.5000    0.000014840.3682   18.6080
   -7.5000  -15.0000    0.000015742.1523   18.5538
    0.0000  -15.0000    0.000016352.0889   18.5648
    7.5000  -15.0000    0.000015749.4316   18.5240
   -7.5000   -7.5000    0.000016491.7441   18.4815
    0.0000   -7.5000    0.000017110.5469   18.4962
    7.5000   -7.5000    0.000016523.8105   18.4531
   -7.5000    0.0000    0.000017016.0684   18.4295
    0.0000    0.0000    0.000017626.3359   18.4473
    7.5000    0.0000    0.000017047.8066   18.4110
   -7.5000    7.5000    0.000016317.2734   18.4183
    0.0000    7.5000    0.000016882.4512   18.4361
    7.5000    7.5000    0.000016320.8975   18.4093
   -7.5000   15.0000    0.000015426.3203   18.4122
    0.0000   15.0000    0.000015946.1396   18.4270
    7.5000   15.0000    0.000015424.3252   18.4037
   -7.5000   22.5000    0.000014453.5146   18.4170
    0.0000   22.5000    0.000014944.3799   18.4279
    7.5000   22.5000    0.000014451.0430   18.3976
   -7.5000   30.0000    0.000013433.9346   18.2141
    0.0000   30.0000    0.000013885.7275   18.2247
    7.5000   30.0000    0.000013399.4160   18.1847
   -7.5000   37.5000    0.000012844.0586   18.2976
    0.0000   37.5000    0.000013282.8779   18.3123
    7.5000   37.5000    0.000012813.6172   18.2696
   -7.5000   45.0000    0.000011812.1201   18.0318
    0.0000   45.0000    0.000012197.2939   18.0516
    7.5000   45.0000    0.000011766.3271   18.0160
   -7.5000  -45.0000    7.500011219.6309   19.0115
    0.0000  -45.0000    7.500011718.3984   19.0259
    7.5000  -45.0000    7.500011247.1904   18.9865
   -7.5000  -37.5000    7.500011992.9385   18.9108
    0.0000  -37.5000    7.500012514.1523   18.9261
    7.5000  -37.5000    7.500012025.7939   18.8957
   -7.5000  -30.0000    7.500013159.6631   18.8074
    0.0000  -30.0000    7.500013691.1904   18.8201
    7.5000  -30.0000    7.500013189.1191   18.7923
   -7.5000  -22.5000    7.500014225.1787   18.7150
    0.0000  -22.5000    7.500014783.8027   18.7234
    7.5000  -22.5000    7.500014261.2793   18.6885
   -7.5000  -15.0000    7.500015097.8086   18.6391
    0.0000  -15.0000    7.500015706.1230   18.6461
    7.5000  -15.0000    7.500015125.6367   18.6025
   -7.5000   -7.5000    7.500015826.9619   18.5720
    0.0000   -7.5000    7.500016445.7637   18.5825
    7.5000   -7.5000    7.500015899.7305   18.5381
   -7.5000    0.0000    7.500016417.8516   18.5276
    0.0000    0.0000    7.500016996.7988   18.5413
    7.5000    0.0000    7.500016449.2734   18.5039
   -7.5000    7.5000    7.500015773.3477   18.5204
    0.0000    7.5000    7.500016293.0869   18.5348
    7.5000    7.5000    7.500015756.0303   18.5058
   -7.5000   15.0000    7.500014913.3350   18.5112
    0.0000   15.0000    7.500015377.0693   18.5233
    7.5000   15.0000    7.500014874.4932   18.4965
   -7.5000   22.5000    7.500013956.3770   18.5086
    0.0000   22.5000    7.500014397.1064   18.5166
    7.5000   22.5000    7.500013919.0010   18.4824
   -7.5000   30.0000    7.500012962.3740   18.3002
    0.0000   30.0000    7.500013362.0215   18.3071
    7.5000   30.0000    7.500012906.8975   18.2644
   -7.5000   37.5000    7.500012415.1104   18.3861
    0.0000   37.5000    7.500012796.3496   18.3966
    7.5000   37.5000    7.500012358.5596   18.3526
   -7.5000   45.0000    7.500011409.7930   18.1266
    0.0000   45.0000    7.500011777.4697   18.1421
    7.5000   45.0000    7.500011360.7188   18.1045
   -7.5000  -45.0000   15.000010639.8203   19.0855
    0.0000  -45.0000   15.000011131.6826   19.0934
    7.5000  -45.0000   15.000010692.6699   19.0521
   -7.5000  -37.5000   15.000011382.6641   18.9835
    0.0000  -37.5000   15.000011868.2646   18.9917
    7.5000  -37.5000   15.000011421.1055   18.9619
   -7.5000  -30.0000   15.000012514.5850   18.8677
    0.0000  -30.0000   15.000013007.8594   18.8754
    7.5000  -30.0000   15.000012531.5840   18.8516
   -7.5000  -22.5000   15.000013555.4082   18.7660
    0.0000  -22.5000   15.000014104.5635   18.7714
    7.5000  -22.5000   15.000013577.5293   18.7416
   -7.5000  -15.0000   15.000014400.9463   18.6939
    0.0000  -15.0000   15.000014981.4912   18.6984
    7.5000  -15.0000   15.000014425.1230   18.6578
   -7.5000   -7.5000   15.000015125.9580   18.6435
    0.0000   -7.5000   15.000015702.5615   18.6497
    7.5000   -7.5000   15.000015143.3008   18.6051
   -7.5000    0.0000   15.000015756.6387   18.6115
    0.0000    0.0000   15.000016355.5938   18.6189
    7.5000    0.0000   15.000015708.8047   18.5798
   -7.5000    7.5000   15.000015150.3447   18.6015
    0.0000    7.5000   15.000015742.2295   18.6091
    7.5000    7.5000   15.000015065.8086   18.5805
   -7.5000   15.0000   15.000014336.3213   18.5786
    0.0000   15.0000   15.000014864.2979   18.5857
    7.5000   15.0000   15.000014248.9893   18.5627
   -7.5000   22.5000   15.000013419.6426   18.5647
    0.0000   22.5000   15.000013884.8594   18.5697
    7.5000   22.5000   15.000013350.9512   18.5405
   -7.5000   30.0000   15.000012412.9385   18.3567
    0.0000   30.0000   15.000012856.7773   18.3610
    7.5000   30.0000   15.000012379.2861   18.3214
   -7.5000   37.5000   15.000011883.2148   18.4552
    0.0000   37.5000   15.000012303.2080   18.4614
    7.5000   37.5000   15.000011838.4170   18.4168
   -7.5000   45.0000   15.000010891.1621   18.2074
    0.0000   45.0000   15.000011262.7656   18.2165
    7.5000   45.0000   15.000010841.7344   18.1767
   -7.5000  -45.0000   22.5000 9982.9854   19.1423
    0.0000  -45.0000   22.500010463.7646   19.1500
    7.5000  -45.0000   22.500010047.1084   19.1076
   -7.5000  -37.5000   22.500010698.1582   19.0357
    0.0000  -37.5000   22.500011174.8779   19.0418
    7.5000  -37.5000   22.500010729.7910   19.0149
   -7.5000  -30.0000   22.500011764.8467   18.9131
    0.0000  -30.0000   22.500012273.9863   18.9186
    7.5000  -30.0000   22.500011777.8564   18.9031
   -7.5000  -22.5000   22.500012764.9746   18.8108
    0.0000  -22.5000   22.500013328.6768   18.8166
    7.5000  -22.5000   22.500012790.9180   18.7958
   -7.5000  -15.0000   22.500013582.3125   18.7461
    0.0000  -15.0000   22.500014169.7900   18.7527
    7.5000  -15.0000   22.500013620.8936   18.7174
   -7.5000   -7.5000   22.500014300.1328   18.7069
    0.0000   -7.5000   22.500014886.2939   18.7147
    7.5000   -7.5000   22.500014318.6299   18.6706
   -7.5000    0.0000   22.500014921.1475   18.6788
    0.0000    0.0000   22.500015513.5703   18.6859
    7.5000    0.0000   22.500014895.8838   18.6458
   -7.5000    7.5000   22.500014355.4219   18.6625
    0.0000    7.5000   22.500014912.8096   18.6680
    7.5000    7.5000   22.500014279.9492   18.6423
   -7.5000   15.0000   22.500013585.4170   18.6313
    0.0000   15.0000   22.500014094.3477   18.6363
    7.5000   15.0000   22.500013506.6699   18.6212
   -7.5000   22.5000   22.500012736.0146   18.6146
    0.0000   22.5000   22.500013207.7861   18.6199
    7.5000   22.5000   22.500012681.9287   18.5994
   -7.5000   30.0000   22.500011790.7783   18.4107
    0.0000   30.0000   22.500012232.9072   18.4170
    7.5000   30.0000   22.500011756.0908   18.3825
   -7.5000   37.5000   22.500011274.5566   18.5151
    0.0000   37.5000   22.500011702.8545   18.5230
    7.5000   37.5000   22.500011236.1182   18.4787
   -7.5000   45.0000   22.500010314.8486   18.2685
    0.0000   45.0000   22.500010683.7734   18.2774
    7.5000   45.0000   22.500010268.3232   18.2372
   -7.5000  -45.0000   30.0000 9281.3359   19.2655
    0.0000  -45.0000   30.0000 9725.7129   19.2774
    7.5000  -45.0000   30.0000 9336.5264   19.2340
   -7.5000  -37.5000   30.0000 9954.1631   19.1544
    0.0000  -37.5000   30.000010416.0635   19.1635
    7.5000  -37.5000   30.0000 9991.6504   19.1381
   -7.5000  -30.0000   30.000010954.6328   19.0359
    0.0000  -30.0000   30.000011462.9131   19.0435
    7.5000  -30.0000   30.000010986.7578   19.0318
   -7.5000  -22.5000   30.000011902.1270   18.9443
    0.0000  -22.5000   30.000012448.7334   18.9528
    7.5000  -22.5000   30.000011939.7568   18.9355
   -7.5000  -15.0000   30.000012680.1182   18.8873
    0.0000  -15.0000   30.000013252.9375   18.8979
    7.5000  -15.0000   30.000012698.4053   18.8636
   -7.5000   -7.5000   30.000013343.5518   18.8466
    0.0000   -7.5000   30.000013922.7002   18.8589
    7.5000   -7.5000   30.000013347.3398   18.8136
   -7.5000    0.0000   30.000013918.4600   18.8101
    0.0000    0.0000   30.000014514.8232   18.8211
    7.5000    0.0000   30.000013897.6631   18.7800
   -7.5000    7.5000   30.000013394.3467   18.7882
    0.0000    7.5000   30.000013946.7578   18.7965
    7.5000    7.5000   30.000013328.8340   18.7721
   -7.5000   15.0000   30.000012663.9727   18.7594
    0.0000   15.0000   30.000013175.9199   18.7665
    7.5000   15.0000   30.000012608.8604   18.7550
   -7.5000   22.5000   30.000011879.2490   18.7515
    0.0000   22.5000   30.000012360.6064   18.7594
    7.5000   22.5000   30.000011845.0234   18.7423
   -7.5000   30.0000   30.000011006.4404   18.5517
    0.0000   30.0000   30.000011452.4707   18.5619
    7.5000   30.0000   30.000010982.4619   18.5283
   -7.5000   37.5000   30.000010535.7754   18.6507
    0.0000   37.5000   30.000010951.5518   18.6631
    7.5000   37.5000   30.000010512.0898   18.6178
   -7.5000   45.0000   30.0000 9650.3887   18.3904
    0.0000   45.0000   30.000010024.5771   18.4035
    7.5000   45.0000   30.0000 9603.6113   18.3633
   -7.5000  -45.0000   37.5000 8908.4600   19.4943
    0.0000  -45.0000   37.5000 9338.9619   19.5118
    7.5000  -45.0000   37.5000 8960.2246   19.4681
   -7.5000  -37.5000   37.5000 9551.6494   19.3849
    0.0000  -37.5000   37.500010007.5234   19.4004
    7.5000  -37.5000   37.5000 9591.8379   19.3726
   -7.5000  -30.0000   37.500010508.2168   19.2780
    0.0000  -30.0000   37.500011005.0723   19.2914
    7.5000  -30.0000   37.500010539.9355   19.2740
   -7.5000  -22.5000   37.500011418.9053   19.1981
    0.0000  -22.5000   37.500011972.2529   19.2105
    7.5000  -22.5000   37.500011456.7256   19.1869
   -7.5000  -15.0000   37.500012173.6953   19.1428
    0.0000  -15.0000   37.500012754.5693   19.1563
    7.5000  -15.0000   37.500012196.6992   19.1175
   -7.5000   -7.5000   37.500012820.9912   19.0916
    0.0000   -7.5000   37.500013408.6084   19.1073
    7.5000   -7.5000   37.500012824.9277   19.0604
   -7.5000    0.0000   37.500013357.0283   19.0430
    0.0000    0.0000   37.500013947.7559   19.0593
    7.5000    0.0000   37.500013337.7314   19.0179
   -7.5000    7.5000   37.500012826.9111   19.0218
    0.0000    7.5000   37.500013370.5283   19.0364
    7.5000    7.5000   37.500012789.7441   19.0097
   -7.5000   15.0000   37.500012133.8037   19.0036
    0.0000   15.0000   37.500012633.2432   19.0164
    7.5000   15.0000   37.500012115.1475   18.9995
   -7.5000   22.5000   37.500011385.3457   19.0065
    0.0000   22.5000   37.500011867.4023   19.0182
    7.5000   22.5000   37.500011381.8506   18.9949
   -7.5000   30.0000   37.500010546.5322   18.8046
    0.0000   30.0000   37.500010984.3496   18.8176
    7.5000   30.0000   37.500010546.3828   18.7796
   -7.5000   37.5000   37.500010105.7471   18.8916
    0.0000   37.5000   37.500010516.7734   18.9075
    7.5000   37.5000   37.500010114.4951   18.8610
   -7.5000   45.0000   37.5000 9285.3408   18.6130
    0.0000   45.0000   37.5000 9649.3350   18.6316
    7.5000   45.0000   37.5000 9259.2148   18.5916
   -7.5000  -45.0000   45.0000 8172.1313   19.8067
    0.0000  -45.0000   45.0000 8577.6465   19.8263
    7.5000  -45.0000   45.0000 8225.4990   19.7833
   -7.5000  -37.5000   45.0000 8768.3555   19.7041
    0.0000  -37.5000   45.0000 9194.9844   19.7231
    7.5000  -37.5000   45.0000 8810.4932   19.6910
   -7.5000  -30.0000   45.0000 9641.3047   19.6071
    0.0000  -30.0000   45.000010097.2754   19.6227
    7.5000  -30.0000   45.0000 9672.1494   19.5948
   -7.5000  -22.5000   45.000010475.5215   19.5303
    0.0000  -22.5000   45.000010965.0020   19.5422
    7.5000  -22.5000   45.000010506.7178   19.5073
   -7.5000  -15.0000   45.000011150.8818   19.4692
    0.0000  -15.0000   45.000011661.0947   19.4810
    7.5000  -15.0000   45.000011177.9238   19.4356
   -7.5000   -7.5000   45.000011745.9512   19.4075
    0.0000   -7.5000   45.000012268.6045   19.4231
    7.5000   -7.5000   45.000011754.9346   19.3752
   -7.5000    0.0000   45.000012246.0098   19.3537
    0.0000    0.0000   45.000012771.8584   19.3721
    7.5000    0.0000   45.000012230.6992   19.3314
   -7.5000    7.5000   45.000011773.1445   19.3395
    0.0000    7.5000   45.000012264.7686   19.3576
    7.5000    7.5000   45.000011757.5801   19.3269
   -7.5000   15.0000   45.000011145.9590   19.3315
    0.0000   15.0000   45.000011611.5605   19.3465
    7.5000   15.0000   45.000011135.6143   19.3195
   -7.5000   22.5000   45.000010465.2891   19.3377
    0.0000   22.5000   45.000010902.6855   19.3490
    7.5000   22.5000   45.000010458.2793   19.3147
   -7.5000   30.0000   45.0000 9690.7998   19.1249
    0.0000   30.0000   45.000010097.0234   19.1362
    7.5000   30.0000   45.0000 9696.9424   19.0918
   -7.5000   37.5000   45.0000 9290.8838   19.2026
    0.0000   37.5000   45.0000 9678.9551   19.2183
    7.5000   37.5000   45.0000 9299.3906   19.1711
   -7.5000   45.0000   45.0000 8552.5225   18.9251
    0.0000   45.0000   45.0000 8891.2051   18.9459
    7.5000   45.0000   45.0000 8535.9209   18.9061

---------------------------------------------------------------------
imgreg_4dfp /opt/freesurfer/average/711-2C_as_mni_average_305 /opt/freesurfer/average/711-2B_as_mni_average_305_mask talsrcimg_g11 none talsrcimg_to_711-2C_as_mni_average_305_t4 4355
---------------------------------------------------------------------

freesurfer imgreg_4dfp.c
/opt/freesurfer/average/711-2C_as_mni_average_305.4dfp.img
       256       256       256         1
  1.000000  1.000000  1.000000
orientation T byte_order littleendian
Reading image: /opt/freesurfer/average/711-2C_as_mni_average_305.4dfp.img
dimensions:      256       256       256
mmppix:       1.0000   -1.0000   -1.0000
center:     128.0000 -129.0000 -129.0000
/opt/freesurfer/average/711-2B_as_mni_average_305_mask.4dfp.img
       256       256       256         1
  1.000000  1.000000  1.000000
orientation T byte_order littleendian
Reading mask: /opt/freesurfer/average/711-2B_as_mni_average_305_mask.4dfp.img (2306576 pixels)
talsrcimg_g11.4dfp.img
       256       256       256         1
  1.000000  1.000000  1.000000
orientation T byte_order littleendian
Reading image: talsrcimg_g11.4dfp.img
dimensions:      256       256       256
mmppix:       1.0000   -1.0000   -1.0000
center:     128.0000 -129.0000 -129.0000
rotation matrix determinant  1.000000
image alignment mode   4355 decimal     1103 hex
   -7.5000  -45.0000  -45.0000 2134.3320   18.7809
    0.0000  -45.0000  -45.0000 2157.5967   18.6709
    7.5000  -45.0000  -45.0000 2140.1316   18.8377
   -7.5000  -37.5000  -45.0000 2215.5337   17.4363
    0.0000  -37.5000  -45.0000 2234.8828   17.3293
    7.5000  -37.5000  -45.0000 2219.3901   17.4689
   -7.5000  -30.0000  -45.0000 2275.3496   16.4512
    0.0000  -30.0000  -45.0000 2292.6562   16.3419
    7.5000  -30.0000  -45.0000 2279.4971   16.4515
   -7.5000  -22.5000  -45.0000 2317.3989   15.7264
    0.0000  -22.5000  -45.0000 2333.8271   15.5916
    7.5000  -22.5000  -45.0000 2315.8127   15.6984
   -7.5000  -15.0000  -45.0000 2333.7751   15.2371
    0.0000  -15.0000  -45.0000 2356.8977   15.1147
    7.5000  -15.0000  -45.0000 2337.0881   15.2321
   -7.5000   -7.5000  -45.0000 2342.1387   14.9144
    0.0000   -7.5000  -45.0000 2364.9241   14.7630
    7.5000   -7.5000  -45.0000 2345.8198   14.8962
   -7.5000    0.0000  -45.0000 2343.9241   14.8371
    0.0000    0.0000  -45.0000 2366.6748   14.6532
    7.5000    0.0000  -45.0000 2348.0815   14.7958
   -7.5000    7.5000  -45.0000 2330.2334   15.0216
    0.0000    7.5000  -45.0000 2347.5908   14.8509
    7.5000    7.5000  -45.0000 2329.6152   15.0085
   -7.5000   15.0000  -45.0000 2297.9468   15.5249
    0.0000   15.0000  -45.0000 2318.6238   15.3351
    7.5000   15.0000  -45.0000 2297.7173   15.4982
   -7.5000   22.5000  -45.0000 2250.6274   16.2906
    0.0000   22.5000  -45.0000 2269.2878   16.0763
    7.5000   22.5000  -45.0000 2245.9070   16.2747
   -7.5000   30.0000  -45.0000 2177.6724   17.3289
    0.0000   30.0000  -45.0000 2197.4094   17.1155
    7.5000   30.0000  -45.0000 2176.8506   17.3283
   -7.5000   37.5000  -45.0000 2095.9380   18.7658
    0.0000   37.5000  -45.0000 2116.2024   18.5360
    7.5000   37.5000  -45.0000 2094.8293   18.7698
   -7.5000   45.0000  -45.0000 2000.5100   20.7655
    0.0000   45.0000  -45.0000 2015.2039   20.5292
    7.5000   45.0000  -45.0000 1993.1711   20.7635
   -7.5000  -45.0000  -37.5000 2222.1555   17.5230
    0.0000  -45.0000  -37.5000 2242.5991   17.4012
    7.5000  -45.0000  -37.5000 2226.4290   17.5419
   -7.5000  -37.5000  -37.5000 2306.2461   16.2625
    0.0000  -37.5000  -37.5000 2324.9338   16.1413
    7.5000  -37.5000  -37.5000 2311.7844   16.2727
   -7.5000  -30.0000  -37.5000 2363.8892   15.2819
    0.0000  -30.0000  -37.5000 2381.7327   15.1522
    7.5000  -30.0000  -37.5000 2370.6973   15.2989
   -7.5000  -22.5000  -37.5000 2405.2493   14.5789
    0.0000  -22.5000  -37.5000 2424.8306   14.4652
    7.5000  -22.5000  -37.5000 2405.2271   14.5659
   -7.5000  -15.0000  -37.5000 2429.5261   14.1301
    0.0000  -15.0000  -37.5000 2453.2095   14.0090
    7.5000  -15.0000  -37.5000 2431.9470   14.1069
   -7.5000   -7.5000  -37.5000 2438.1670   13.8641
    0.0000   -7.5000  -37.5000 2465.3289   13.7439
    7.5000   -7.5000  -37.5000 2443.3240   13.8346
   -7.5000    0.0000  -37.5000 2437.6201   13.8061
    0.0000    0.0000  -37.5000 2459.7263   13.6710
    7.5000    0.0000  -37.5000 2441.4734   13.7859
   -7.5000    7.5000  -37.5000 2422.5403   13.9694
    0.0000    7.5000  -37.5000 2444.6443   13.8284
    7.5000    7.5000  -37.5000 2427.6509   13.9714
   -7.5000   15.0000  -37.5000 2391.5352   14.4084
    0.0000   15.0000  -37.5000 2414.7053   14.2488
    7.5000   15.0000  -37.5000 2392.7097   14.3896
   -7.5000   22.5000  -37.5000 2339.3547   15.1160
    0.0000   22.5000  -37.5000 2361.8376   14.9318
    7.5000   22.5000  -37.5000 2337.0840   15.0968
   -7.5000   30.0000  -37.5000 2263.2290   16.0884
    0.0000   30.0000  -37.5000 2285.5793   15.8914
    7.5000   30.0000  -37.5000 2259.1702   16.0834
   -7.5000   37.5000  -37.5000 2171.8486   17.4276
    0.0000   37.5000  -37.5000 2192.3110   17.1967
    7.5000   37.5000  -37.5000 2169.8000   17.4081
   -7.5000   45.0000  -37.5000 2067.0295   19.2376
    0.0000   45.0000  -37.5000 2083.2332   19.0015
    7.5000   45.0000  -37.5000 2062.6074   19.2151
   -7.5000  -45.0000  -30.0000 2338.4890   17.0494
    0.0000  -45.0000  -30.0000 2359.8289   16.8950
    7.5000  -45.0000  -30.0000 2347.6289   17.0101
   -7.5000  -37.5000  -30.0000 2429.1848   15.7402
    0.0000  -37.5000  -30.0000 2448.3162   15.6133
    7.5000  -37.5000  -30.0000 2434.4653   15.7295
   -7.5000  -30.0000  -30.0000 2495.3083   14.7378
    0.0000  -30.0000  -30.0000 2512.5146   14.6111
    7.5000  -30.0000  -30.0000 2498.4553   14.7430
   -7.5000  -22.5000  -30.0000 2539.2866   14.0292
    0.0000  -22.5000  -30.0000 2558.0879   13.8980
    7.5000  -22.5000  -30.0000 2542.3367   13.9990
   -7.5000  -15.0000  -30.0000 2570.8245   13.5573
    0.0000  -15.0000  -30.0000 2596.4260   13.4414
    7.5000  -15.0000  -30.0000 2572.0247   13.5298
   -7.5000   -7.5000  -30.0000 2591.8596   13.3023
    0.0000   -7.5000  -30.0000 2621.6194   13.1757
    7.5000   -7.5000  -30.0000 2594.0442   13.2690
   -7.5000    0.0000  -30.0000 2590.7822   13.2661
    0.0000    0.0000  -30.0000 2615.3018   13.1479
    7.5000    0.0000  -30.0000 2592.8252   13.2448
   -7.5000    7.5000  -30.0000 2574.8181   13.4353
    0.0000    7.5000  -30.0000 2601.4277   13.3030
    7.5000    7.5000  -30.0000 2576.9939   13.4312
   -7.5000   15.0000  -30.0000 2538.6826   13.8480
    0.0000   15.0000  -30.0000 2566.9377   13.7135
    7.5000   15.0000  -30.0000 2540.4209   13.8387
   -7.5000   22.5000  -30.0000 2482.6484   14.5085
    0.0000   22.5000  -30.0000 2509.5898   14.3530
    7.5000   22.5000  -30.0000 2480.2632   14.4924
   -7.5000   30.0000  -30.0000 2400.7463   15.4305
    0.0000   30.0000  -30.0000 2422.4968   15.2681
    7.5000   30.0000  -30.0000 2396.1382   15.4358
   -7.5000   37.5000  -30.0000 2298.6614   16.7258
    0.0000   37.5000  -30.0000 2318.5857   16.5223
    7.5000   37.5000  -30.0000 2295.4124   16.6936
   -7.5000   45.0000  -30.0000 2179.3792   18.4570
    0.0000   45.0000  -30.0000 2199.4707   18.2350
    7.5000   45.0000  -30.0000 2177.4846   18.4442
   -7.5000  -45.0000  -22.5000 2415.4663   16.5573
    0.0000  -45.0000  -22.5000 2438.7046   16.3511
    7.5000  -45.0000  -22.5000 2428.3523   16.4841
   -7.5000  -37.5000  -22.5000 2506.7190   15.2065
    0.0000  -37.5000  -22.5000 2530.0681   15.0403
    7.5000  -37.5000  -22.5000 2517.4922   15.1734
   -7.5000  -30.0000  -22.5000 2578.0684   14.1653
    0.0000  -30.0000  -22.5000 2602.6084   14.0219
    7.5000  -30.0000  -22.5000 2585.3804   14.1537
   -7.5000  -22.5000  -22.5000 2635.3442   13.4108
    0.0000  -22.5000  -22.5000 2660.1887   13.2950
    7.5000  -22.5000  -22.5000 2644.4954   13.3972
   -7.5000  -15.0000  -22.5000 2676.3020   12.9493
    0.0000  -15.0000  -22.5000 2702.1841   12.8199
    7.5000  -15.0000  -22.5000 2683.7847   12.9210
   -7.5000   -7.5000  -22.5000 2709.8232   12.6710
    0.0000   -7.5000  -22.5000 2736.8894   12.5338
    7.5000   -7.5000  -22.5000 2710.8584   12.6349
   -7.5000    0.0000  -22.5000 2717.7483   12.6308
    0.0000    0.0000  -22.5000 2741.4707   12.5053
    7.5000    0.0000  -22.5000 2715.3909   12.5927
   -7.5000    7.5000  -22.5000 2702.6814   12.8312
    0.0000    7.5000  -22.5000 2733.2947   12.7014
    7.5000    7.5000  -22.5000 2701.7129   12.8071
   -7.5000   15.0000  -22.5000 2663.9751   13.2189
    0.0000   15.0000  -22.5000 2696.3733   13.1052
    7.5000   15.0000  -22.5000 2664.7900   13.2069
   -7.5000   22.5000  -22.5000 2599.7578   13.8453
    0.0000   22.5000  -22.5000 2630.1978   13.7159
    7.5000   22.5000  -22.5000 2596.8074   13.8398
   -7.5000   30.0000  -22.5000 2508.2336   14.7383
    0.0000   30.0000  -22.5000 2533.4192   14.5903
    7.5000   30.0000  -22.5000 2503.9722   14.7326
   -7.5000   37.5000  -22.5000 2394.4956   15.9899
    0.0000   37.5000  -22.5000 2416.9753   15.8192
    7.5000   37.5000  -22.5000 2393.1516   15.9644
   -7.5000   45.0000  -22.5000 2265.7830   17.6743
    0.0000   45.0000  -22.5000 2285.6892   17.4799
    7.5000   45.0000  -22.5000 2264.2690   17.6454
   -7.5000  -45.0000  -15.0000 2451.7563   16.1391
    0.0000  -45.0000  -15.0000 2477.0903   15.9188
    7.5000  -45.0000  -15.0000 2465.5540   16.0783
   -7.5000  -37.5000  -15.0000 2546.6064   14.7417
    0.0000  -37.5000  -15.0000 2569.8689   14.5624
    7.5000  -37.5000  -15.0000 2556.1321   14.7228
   -7.5000  -30.0000  -15.0000 2628.4004   13.6730
    0.0000  -30.0000  -15.0000 2652.1443   13.5172
    7.5000  -30.0000  -15.0000 2633.1638   13.6892
   -7.5000  -22.5000  -15.0000 2697.6357   12.8989
    0.0000  -22.5000  -15.0000 2719.5889   12.7435
    7.5000  -22.5000  -15.0000 2703.1270   12.9015
   -7.5000  -15.0000  -15.0000 2748.6914   12.4096
    0.0000  -15.0000  -15.0000 2772.3198   12.2596
    7.5000  -15.0000  -15.0000 2752.9709   12.4088
   -7.5000   -7.5000  -15.0000 2789.4099   12.1069
    0.0000   -7.5000  -15.0000 2815.2893   11.9623
    7.5000   -7.5000  -15.0000 2789.2263   12.0992
   -7.5000    0.0000  -15.0000 2810.1274   12.0298
    0.0000    0.0000  -15.0000 2839.3821   11.8994
    7.5000    0.0000  -15.0000 2806.7295   12.0248
   -7.5000    7.5000  -15.0000 2801.1279   12.2282
    0.0000    7.5000  -15.0000 2834.8479   12.1137
    7.5000    7.5000  -15.0000 2800.1990   12.2272
   -7.5000   15.0000  -15.0000 2757.2349   12.6117
    0.0000   15.0000  -15.0000 2793.9341   12.5195
    7.5000   15.0000  -15.0000 2757.9773   12.6271
   -7.5000   22.5000  -15.0000 2682.9797   13.2101
    0.0000   22.5000  -15.0000 2713.6389   13.1085
    7.5000   22.5000  -15.0000 2679.2244   13.2362
   -7.5000   30.0000  -15.0000 2581.1133   14.1020
    0.0000   30.0000  -15.0000 2610.5488   13.9806
    7.5000   30.0000  -15.0000 2576.3855   14.1082
   -7.5000   37.5000  -15.0000 2459.8201   15.3427
    0.0000   37.5000  -15.0000 2485.5798   15.2091
    7.5000   37.5000  -15.0000 2454.7302   15.3249
   -7.5000   45.0000  -15.0000 2321.5920   17.0008
    0.0000   45.0000  -15.0000 2342.5022   16.8238
    7.5000   45.0000  -15.0000 2316.2070   16.9597
   -7.5000  -45.0000   -7.5000 2463.9031   15.7863
    0.0000  -45.0000   -7.5000 2490.5273   15.5476
    7.5000  -45.0000   -7.5000 2479.3831   15.7547
   -7.5000  -37.5000   -7.5000 2563.0552   14.3829
    0.0000  -37.5000   -7.5000 2587.2642   14.1823
    7.5000  -37.5000   -7.5000 2574.2693   14.3776
   -7.5000  -30.0000   -7.5000 2648.6787   13.3164
    0.0000  -30.0000   -7.5000 2670.6860   13.1262
    7.5000  -30.0000   -7.5000 2656.2700   13.3099
   -7.5000  -22.5000   -7.5000 2727.2083   12.5244
    0.0000  -22.5000   -7.5000 2751.5969   12.3344
    7.5000  -22.5000   -7.5000 2731.8950   12.5116
   -7.5000  -15.0000   -7.5000 2791.4531   11.9785
    0.0000  -15.0000   -7.5000 2820.3938   11.8030
    7.5000  -15.0000   -7.5000 2796.8098   11.9861
   -7.5000   -7.5000   -7.5000 2846.0791   11.6531
    0.0000   -7.5000   -7.5000 2882.5493   11.5032
    7.5000   -7.5000   -7.5000 2847.2407   11.6648
   -7.5000    0.0000   -7.5000 2881.3950   11.5574
    0.0000    0.0000   -7.5000 2918.9844   11.4095
    7.5000    0.0000   -7.5000 2879.6687   11.5655
   -7.5000    7.5000   -7.5000 2877.4336   11.7316
    0.0000    7.5000   -7.5000 2914.3450   11.6100
    7.5000    7.5000   -7.5000 2872.7598   11.7324
   -7.5000   15.0000   -7.5000 2826.4385   12.0920
    0.0000   15.0000   -7.5000 2860.6895   11.9959
    7.5000   15.0000   -7.5000 2821.3125   12.1019
   -7.5000   22.5000   -7.5000 2741.8755   12.6899
    0.0000   22.5000   -7.5000 2773.8359   12.5927
    7.5000   22.5000   -7.5000 2736.1248   12.7068
   -7.5000   30.0000   -7.5000 2628.9128   13.5822
    0.0000   30.0000   -7.5000 2657.5820   13.4724
    7.5000   30.0000   -7.5000 2621.7788   13.5841
   -7.5000   37.5000   -7.5000 2495.4146   14.8446
    0.0000   37.5000   -7.5000 2521.2166   14.7102
    7.5000   37.5000   -7.5000 2489.7021   14.8275
   -7.5000   45.0000   -7.5000 2353.8750   16.4768
    0.0000   45.0000   -7.5000 2374.8811   16.3070
    7.5000   45.0000   -7.5000 2349.4048   16.4627
   -7.5000  -45.0000    0.0000 2459.7966   15.6389
    0.0000  -45.0000    0.0000 2487.8105   15.3875
    7.5000  -45.0000    0.0000 2477.2708   15.6084
   -7.5000  -37.5000    0.0000 2561.2622   14.1825
    0.0000  -37.5000    0.0000 2584.8879   13.9673
    7.5000  -37.5000    0.0000 2574.0447   14.1771
   -7.5000  -30.0000    0.0000 2649.7068   13.0969
    0.0000  -30.0000    0.0000 2674.6179   12.8916
    7.5000  -30.0000    0.0000 2660.6179   13.0916
   -7.5000  -22.5000    0.0000 2732.4995   12.2958
    0.0000  -22.5000    0.0000 2760.9807   12.1045
    7.5000  -22.5000    0.0000 2741.6252   12.2984
   -7.5000  -15.0000    0.0000 2811.8804   11.7537
    0.0000  -15.0000    0.0000 2845.1599   11.5626
    7.5000  -15.0000    0.0000 2818.0317   11.7362
   -7.5000   -7.5000    0.0000 2883.6499   11.4212
    0.0000   -7.5000    0.0000 2932.2871   11.2320
    7.5000   -7.5000    0.0000 2890.0215   11.4083
   -7.5000    0.0000    0.0000 2933.9246   11.2824
    0.0000    0.0000    0.0000 2985.6670   11.0965
    7.5000    0.0000    0.0000 2930.4006   11.2881
   -7.5000    7.5000    0.0000 2933.7754   11.4271
    0.0000    7.5000    0.0000 2972.5571   11.2506
    7.5000    7.5000    0.0000 2923.7034   11.4379
   -7.5000   15.0000    0.0000 2867.6223   11.8279
    0.0000   15.0000    0.0000 2899.2908   11.6659
    7.5000   15.0000    0.0000 2860.1096   11.8147
   -7.5000   22.5000    0.0000 2769.3293   12.4282
    0.0000   22.5000    0.0000 2803.1702   12.2840
    7.5000   22.5000    0.0000 2767.3643   12.4119
   -7.5000   30.0000    0.0000 2648.9597   13.3370
    0.0000   30.0000    0.0000 2681.2739   13.1816
    7.5000   30.0000    0.0000 2643.9436   13.3096
   -7.5000   37.5000    0.0000 2513.9302   14.5644
    0.0000   37.5000    0.0000 2539.9905   14.4093
    7.5000   37.5000    0.0000 2506.4390   14.5259
   -7.5000   45.0000    0.0000 2367.3813   16.1463
    0.0000   45.0000    0.0000 2388.5986   15.9851
    7.5000   45.0000    0.0000 2360.3474   16.1314
   -7.5000  -45.0000    7.5000 2441.5815   15.7039
    0.0000  -45.0000    7.5000 2467.9534   15.4523
    7.5000  -45.0000    7.5000 2459.9058   15.6638
   -7.5000  -37.5000    7.5000 2545.4712   14.2114
    0.0000  -37.5000    7.5000 2569.3459   13.9879
    7.5000  -37.5000    7.5000 2558.8745   14.1787
   -7.5000  -30.0000    7.5000 2639.8831   13.0696
    0.0000  -30.0000    7.5000 2666.1719   12.8596
    7.5000  -30.0000    7.5000 2651.5242   13.0586
   -7.5000  -22.5000    7.5000 2728.2083   12.2301
    0.0000  -22.5000    7.5000 2761.6785   12.0267
    7.5000  -22.5000    7.5000 2738.7217   12.2268
   -7.5000  -15.0000    7.5000 2809.9570   11.6800
    0.0000  -15.0000    7.5000 2851.3579   11.4606
    7.5000  -15.0000    7.5000 2819.3965   11.6514
   -7.5000   -7.5000    7.5000 2886.3533   11.3436
    0.0000   -7.5000    7.5000 2939.0015   11.1621
    7.5000   -7.5000    7.5000 2897.9888   11.3223
   -7.5000    0.0000    7.5000 2937.1016   11.2551
    0.0000    0.0000    7.5000 2990.7427   11.0527
    7.5000    0.0000    7.5000 2941.2166   11.2390
   -7.5000    7.5000    7.5000 2937.7109   11.3752
    0.0000    7.5000    7.5000 2985.3857   11.1907
    7.5000    7.5000    7.5000 2936.1797   11.3500
   -7.5000   15.0000    7.5000 2874.5615   11.7398
    0.0000   15.0000    7.5000 2911.1328   11.5727
    7.5000   15.0000    7.5000 2871.9158   11.6878
   -7.5000   22.5000    7.5000 2770.0840   12.3698
    0.0000   22.5000    7.5000 2803.1909   12.1948
    7.5000   22.5000    7.5000 2771.5588   12.2921
   -7.5000   30.0000    7.5000 2652.3052   13.2672
    0.0000   30.0000    7.5000 2677.4431   13.0907
    7.5000   30.0000    7.5000 2649.6465   13.2064
   -7.5000   37.5000    7.5000 2516.9128   14.4966
    0.0000   37.5000    7.5000 2537.3120   14.3236
    7.5000   37.5000    7.5000 2510.4951   14.4508
   -7.5000   45.0000    7.5000 2363.5383   16.0604
    0.0000   45.0000    7.5000 2384.2769   15.8933
    7.5000   45.0000    7.5000 2360.2200   16.0605
   -7.5000  -45.0000   15.0000 2418.9294   15.9404
    0.0000  -45.0000   15.0000 2449.9219   15.7160
    7.5000  -45.0000   15.0000 2438.8699   15.8912
   -7.5000  -37.5000   15.0000 2524.9128   14.4037
    0.0000  -37.5000   15.0000 2552.2312   14.1745
    7.5000  -37.5000   15.0000 2539.4399   14.3560
   -7.5000  -30.0000   15.0000 2621.0417   13.2417
    0.0000  -30.0000   15.0000 2649.5710   13.0026
    7.5000  -30.0000   15.0000 2633.4324   13.2035
   -7.5000  -22.5000   15.0000 2707.0542   12.4135
    0.0000  -22.5000   15.0000 2742.8884   12.1843
    7.5000  -22.5000   15.0000 2717.6060   12.3719
   -7.5000  -15.0000   15.0000 2786.3645   11.8699
    0.0000  -15.0000   15.0000 2826.0249   11.6704
    7.5000  -15.0000   15.0000 2795.4585   11.8282
   -7.5000   -7.5000   15.0000 2857.0034   11.5442
    0.0000   -7.5000   15.0000 2902.2166   11.3627
    7.5000   -7.5000   15.0000 2865.3022   11.5219
   -7.5000    0.0000   15.0000 2903.0566   11.4683
    0.0000    0.0000   15.0000 2947.8428   11.3003
    7.5000    0.0000   15.0000 2906.8979   11.4267
   -7.5000    7.5000   15.0000 2895.9011   11.6068
    0.0000    7.5000   15.0000 2940.8591   11.4706
    7.5000    7.5000   15.0000 2895.3459   11.5532
   -7.5000   15.0000   15.0000 2839.8484   11.9676
    0.0000   15.0000   15.0000 2876.2422   11.8422
    7.5000   15.0000   15.0000 2836.9922   11.9138
   -7.5000   22.5000   15.0000 2745.2219   12.5518
    0.0000   22.5000   15.0000 2771.3711   12.4122
    7.5000   22.5000   15.0000 2745.6155   12.4842
   -7.5000   30.0000   15.0000 2628.5181   13.4208
    0.0000   30.0000   15.0000 2654.2788   13.2513
    7.5000   30.0000   15.0000 2628.6528   13.3540
   -7.5000   37.5000   15.0000 2497.0767   14.6172
    0.0000   37.5000   15.0000 2517.3140   14.4261
    7.5000   37.5000   15.0000 2495.2095   14.5596
   -7.5000   45.0000   15.0000 2346.8625   16.1619
    0.0000   45.0000   15.0000 2366.4666   15.9566
    7.5000   45.0000   15.0000 2345.0903   16.1183
   -7.5000  -45.0000   22.5000 2396.5081   16.3736
    0.0000  -45.0000   22.5000 2422.4927   16.1609
    7.5000  -45.0000   22.5000 2411.7185   16.3246
   -7.5000  -37.5000   22.5000 2502.2517   14.7757
    0.0000  -37.5000   22.5000 2526.7034   14.5659
    7.5000  -37.5000   22.5000 2512.2925   14.7311
   -7.5000  -30.0000   22.5000 2595.1772   13.6158
    0.0000  -30.0000   22.5000 2622.1372   13.4038
    7.5000  -30.0000   22.5000 2599.5200   13.5664
   -7.5000  -22.5000   22.5000 2673.1990   12.8060
    0.0000  -22.5000   22.5000 2707.3296   12.6200
    7.5000  -22.5000   22.5000 2679.3049   12.7665
   -7.5000  -15.0000   22.5000 2744.5867   12.2926
    0.0000  -15.0000   22.5000 2781.6221   12.1081
    7.5000  -15.0000   22.5000 2752.9158   12.2491
   -7.5000   -7.5000   22.5000 2804.4797   11.9909
    0.0000   -7.5000   22.5000 2844.6689   11.8144
    7.5000   -7.5000   22.5000 2808.7173   11.9411
   -7.5000    0.0000   22.5000 2838.0337   11.9385
    0.0000    0.0000   22.5000 2871.9302   11.7862
    7.5000    0.0000   22.5000 2841.2812   11.8710
   -7.5000    7.5000   22.5000 2825.3037   12.1001
    0.0000    7.5000   22.5000 2859.7742   11.9407
    7.5000    7.5000   22.5000 2823.4983   12.0270
   -7.5000   15.0000   22.5000 2774.5859   12.4322
    0.0000   15.0000   22.5000 2804.9788   12.2772
    7.5000   15.0000   22.5000 2769.6753   12.3761
   -7.5000   22.5000   22.5000 2692.0269   12.9893
    0.0000   22.5000   22.5000 2717.7939   12.8281
    7.5000   22.5000   22.5000 2692.0688   12.9177
   -7.5000   30.0000   22.5000 2583.0505   13.8105
    0.0000   30.0000   22.5000 2606.3711   13.6443
    7.5000   30.0000   22.5000 2585.9668   13.7298
   -7.5000   37.5000   22.5000 2459.9172   14.9360
    0.0000   37.5000   22.5000 2481.2915   14.7465
    7.5000   37.5000   22.5000 2459.0122   14.8653
   -7.5000   45.0000   22.5000 2316.7407   16.4329
    0.0000   45.0000   22.5000 2334.6377   16.2146
    7.5000   45.0000   22.5000 2316.8054   16.3491
   -7.5000  -45.0000   30.0000 2361.6592   16.9755
    0.0000  -45.0000   30.0000 2384.0881   16.7865
    7.5000  -45.0000   30.0000 2373.0940   16.9656
   -7.5000  -37.5000   30.0000 2467.2764   15.3687
    0.0000  -37.5000   30.0000 2488.1958   15.1804
    7.5000  -37.5000   30.0000 2471.7488   15.3424
   -7.5000  -30.0000   30.0000 2553.5894   14.1883
    0.0000  -30.0000   30.0000 2583.0779   14.0202
    7.5000  -30.0000   30.0000 2557.8733   14.1828
   -7.5000  -22.5000   30.0000 2626.8140   13.3834
    0.0000  -22.5000   30.0000 2659.2615   13.2311
    7.5000  -22.5000   30.0000 2633.6675   13.3763
   -7.5000  -15.0000   30.0000 2690.2273   12.8919
    0.0000  -15.0000   30.0000 2726.4800   12.7248
    7.5000  -15.0000   30.0000 2695.8328   12.8462
   -7.5000   -7.5000   30.0000 2734.4250   12.6038
    0.0000   -7.5000   30.0000 2767.0662   12.4475
    7.5000   -7.5000   30.0000 2737.4207   12.5403
   -7.5000    0.0000   30.0000 2753.1995   12.5656
    0.0000    0.0000   30.0000 2782.8176   12.4185
    7.5000    0.0000   30.0000 2754.6587   12.4874
   -7.5000    7.5000   30.0000 2734.8149   12.7434
    0.0000    7.5000   30.0000 2761.5212   12.5888
    7.5000    7.5000   30.0000 2731.6790   12.6653
   -7.5000   15.0000   30.0000 2684.2800   13.0820
    0.0000   15.0000   30.0000 2707.6582   12.9242
    7.5000   15.0000   30.0000 2680.4849   13.0196
   -7.5000   22.5000   30.0000 2615.3777   13.6075
    0.0000   22.5000   30.0000 2635.7188   13.4544
    7.5000   22.5000   30.0000 2610.3035   13.5716
   -7.5000   30.0000   30.0000 2517.3284   14.3884
    0.0000   30.0000   30.0000 2538.5479   14.2344
    7.5000   30.0000   30.0000 2514.7700   14.3460
   -7.5000   37.5000   30.0000 2405.5415   15.4605
    0.0000   37.5000   30.0000 2421.9470   15.2777
    7.5000   37.5000   30.0000 2403.6023   15.4011
   -7.5000   45.0000   30.0000 2274.2488   16.9194
    0.0000   45.0000   30.0000 2288.5898   16.6970
    7.5000   45.0000   30.0000 2268.8511   16.8368
   -7.5000  -45.0000   37.5000 2306.5698   17.8780
    0.0000  -45.0000   37.5000 2326.0369   17.6935
    7.5000  -45.0000   37.5000 2319.3413   17.8411
   -7.5000  -37.5000   37.5000 2411.9878   16.2016
    0.0000  -37.5000   37.5000 2433.3740   16.0431
    7.5000  -37.5000   37.5000 2418.7041   16.1872
   -7.5000  -30.0000   37.5000 2499.1360   14.9916
    0.0000  -30.0000   37.5000 2524.8728   14.8420
    7.5000  -30.0000   37.5000 2502.8108   14.9883
   -7.5000  -22.5000   37.5000 2567.2190   14.2131
    0.0000  -22.5000   37.5000 2595.1040   14.0633
    7.5000  -22.5000   37.5000 2571.6484   14.1861
   -7.5000  -15.0000   37.5000 2621.4832   13.7383
    0.0000  -15.0000   37.5000 2651.3242   13.5778
    7.5000  -15.0000   37.5000 2625.4246   13.6715
   -7.5000   -7.5000   37.5000 2656.3572   13.4493
    0.0000   -7.5000   37.5000 2682.8687   13.3028
    7.5000   -7.5000   37.5000 2658.5671   13.3699
   -7.5000    0.0000   37.5000 2662.2280   13.3872
    0.0000    0.0000   37.5000 2687.1372   13.2346
    7.5000    0.0000   37.5000 2663.5781   13.3041
   -7.5000    7.5000   37.5000 2638.0374   13.5549
    0.0000    7.5000   37.5000 2659.0530   13.4070
    7.5000    7.5000   37.5000 2636.2178   13.4864
   -7.5000   15.0000   37.5000 2587.6135   13.8899
    0.0000   15.0000   37.5000 2605.2581   13.7378
    7.5000   15.0000   37.5000 2586.9053   13.8309
   -7.5000   22.5000   37.5000 2523.9109   14.4301
    0.0000   22.5000   37.5000 2544.4446   14.2683
    7.5000   22.5000   37.5000 2524.3767   14.3677
   -7.5000   30.0000   37.5000 2440.9019   15.1490
    0.0000   30.0000   37.5000 2456.1448   14.9845
    7.5000   30.0000   37.5000 2437.2893   15.0886
   -7.5000   37.5000   37.5000 2338.7292   16.1687
    0.0000   37.5000   37.5000 2353.9434   15.9763
    7.5000   37.5000   37.5000 2339.7563   16.0928
   -7.5000   45.0000   37.5000 2218.0632   17.6065
    0.0000   45.0000   37.5000 2233.1226   17.3772
    7.5000   45.0000   37.5000 2213.2502   17.5381
   -7.5000  -45.0000   45.0000 2238.2212   19.0501
    0.0000  -45.0000   45.0000 2260.0581   18.8803
    7.5000  -45.0000   45.0000 2246.6672   19.0625
   -7.5000  -37.5000   45.0000 2342.6880   17.2998
    0.0000  -37.5000   45.0000 2365.1284   17.1521
    7.5000  -37.5000   45.0000 2347.7283   17.3131
   -7.5000  -30.0000   45.0000 2425.8547   16.0509
    0.0000  -30.0000   45.0000 2447.6306   15.8995
    7.5000  -30.0000   45.0000 2429.4482   16.0452
   -7.5000  -22.5000   45.0000 2488.2627   15.2504
    0.0000  -22.5000   45.0000 2507.8408   15.0907
    7.5000  -22.5000   45.0000 2491.5986   15.2112
   -7.5000  -15.0000   45.0000 2531.6143   14.7658
    0.0000  -15.0000   45.0000 2552.3770   14.6152
    7.5000  -15.0000   45.0000 2533.4626   14.7139
   -7.5000   -7.5000   45.0000 2559.1475   14.4742
    0.0000   -7.5000   45.0000 2577.1797   14.3356
    7.5000   -7.5000   45.0000 2559.2749   14.4130
   -7.5000    0.0000   45.0000 2559.8672   14.4110
    0.0000    0.0000   45.0000 2579.9221   14.2661
    7.5000    0.0000   45.0000 2558.8760   14.3505
   -7.5000    7.5000   45.0000 2536.9807   14.5676
    0.0000    7.5000   45.0000 2554.0359   14.4280
    7.5000    7.5000   45.0000 2536.1582   14.5125
   -7.5000   15.0000   45.0000 2491.9419   14.9109
    0.0000   15.0000   45.0000 2508.8411   14.7474
    7.5000   15.0000   45.0000 2491.5005   14.8422
   -7.5000   22.5000   45.0000 2433.8232   15.4302
    0.0000   22.5000   45.0000 2449.5740   15.2713
    7.5000   22.5000   45.0000 2432.1116   15.3489
   -7.5000   30.0000   45.0000 2357.6665   16.1105
    0.0000   30.0000   45.0000 2371.6377   15.9274
    7.5000   30.0000   45.0000 2355.1145   16.0315
   -7.5000   37.5000   45.0000 2263.7078   17.0694
    0.0000   37.5000   45.0000 2278.9138   16.8850
    7.5000   37.5000   45.0000 2261.8716   17.0066
   -7.5000   45.0000   45.0000 2152.8674   18.4890
    0.0000   45.0000   45.0000 2163.1086   18.2667
    7.5000   45.0000   45.0000 2147.6228   18.4109

---------------------------------------------------------------------
imgreg_4dfp /opt/freesurfer/average/711-2C_as_mni_average_305 /opt/freesurfer/average/711-2B_as_mni_average_305_mask talsrcimg_g11 none talsrcimg_to_711-2C_as_mni_average_305_t4 1283
---------------------------------------------------------------------

freesurfer imgreg_4dfp.c
/opt/freesurfer/average/711-2C_as_mni_average_305.4dfp.img
       256       256       256         1
  1.000000  1.000000  1.000000
orientation T byte_order littleendian
Reading image: /opt/freesurfer/average/711-2C_as_mni_average_305.4dfp.img
dimensions:      256       256       256
mmppix:       1.0000   -1.0000   -1.0000
center:     128.0000 -129.0000 -129.0000
/opt/freesurfer/average/711-2B_as_mni_average_305_mask.4dfp.img
       256       256       256         1
  1.000000  1.000000  1.000000
orientation T byte_order littleendian
Reading mask: /opt/freesurfer/average/711-2B_as_mni_average_305_mask.4dfp.img (2306576 pixels)
talsrcimg_g11.4dfp.img
       256       256       256         1
  1.000000  1.000000  1.000000
orientation T byte_order littleendian
Reading image: talsrcimg_g11.4dfp.img
dimensions:      256       256       256
mmppix:       1.0000   -1.0000   -1.0000
center:     128.0000 -129.0000 -129.0000
rotation matrix determinant  1.000000
fimgreg.f
image alignment mode   1283 decimal      503 hex
parameters
    0.0000    0.0000    7.5000    0.0000    0.0000    0.0000
eta,q 0.94088 10.99838
niter,ni,del,rscale     5    3   12.0000    1.2000
parameter  3  0.540953 ->  0.500000 qaram    1.1500
parameter  4  1.464394 ->  0.500000 qaram    1.1500
parameters
    0.1435    2.4577    4.0500   -3.4500    2.3131    1.6916
eta,q 0.94716 10.90274
  0.0740  0.0748  0.0588  0.0518  0.0613  0.0575
  0.0668  0.0690  0.0568  0.0532  0.0583  0.0552
  0.0623  0.0641  0.0573  0.0548  0.0554  0.0539
  0.0611  0.0610  0.0591  0.0569  0.0536  0.0533
  0.0624  0.0593  0.0616  0.0593  0.0533  0.0528
  0.0662  0.0598  0.0657  0.0628  0.0535  0.0531
  0.0725  0.0626  0.0700  0.0668  0.0548  0.0544
niter,ni,del,rscale     6    3   12.0000    1.2000
parameter  4  2.145835 ->  0.500000 qaram    1.3225
parameters
   -0.9203    3.7538    4.6280   -7.4175    2.1177    1.5345
eta,q 0.95179 10.90330
  0.0620  0.0648  0.0631  0.0454  0.0536  0.0520
  0.0562  0.0591  0.0578  0.0476  0.0504  0.0498
  0.0525  0.0544  0.0538  0.0498  0.0485  0.0486
  0.0528  0.0521  0.0518  0.0519  0.0483  0.0482
  0.0565  0.0520  0.0532  0.0547  0.0498  0.0490
  0.0627  0.0537  0.0560  0.0585  0.0514  0.0503
  0.0714  0.0573  0.0598  0.0624  0.0535  0.0521
niter,ni,del,rscale     6    3   12.0000    1.2000
parameter  4  0.518456 ->  0.500000 qaram    1.5209
parameters
   -0.8713    5.0244    4.4024  -11.9801    2.1706    1.7148
eta,q 0.95541 10.84424
  0.0632  0.0610  0.0582  0.0475  0.0523  0.0506
  0.0559  0.0545  0.0524  0.0449  0.0481  0.0478
  0.0505  0.0504  0.0483  0.0449  0.0452  0.0455
  0.0482  0.0482  0.0476  0.0475  0.0446  0.0446
  0.0505  0.0476  0.0500  0.0505  0.0460  0.0451
  0.0556  0.0493  0.0532  0.0542  0.0485  0.0471
  0.0627  0.0534  0.0592  0.0590  0.0514  0.0501
niter,ni,del,rscale     6    3   12.0000    1.2000
parameters
   -0.8813    5.6658    4.0328  -11.2318    2.2230    1.6149
eta,q 0.95529 10.86590
  0.0619  0.0594  0.0575  0.0579  0.0523  0.0500
  0.0531  0.0514  0.0517  0.0511  0.0482  0.0475
  0.0466  0.0461  0.0464  0.0466  0.0454  0.0455
  0.0446  0.0446  0.0448  0.0447  0.0447  0.0447
  0.0474  0.0459  0.0472  0.0459  0.0461  0.0455
  0.0536  0.0493  0.0530  0.0492  0.0486  0.0476
  0.0615  0.0532  0.0612  0.0538  0.0513  0.0505
niter,ni,del,rscale     5    3   12.0000    1.2000
parameters
   -0.8246    5.6145    4.1005  -11.1086    2.2009    1.5863
eta,q 0.95529 10.86562
  0.0616  0.0562  0.0585  0.0563  0.0519  0.0502
  0.0533  0.0492  0.0529  0.0501  0.0479  0.0476
  0.0471  0.0451  0.0472  0.0460  0.0453  0.0455
  0.0447  0.0447  0.0447  0.0447  0.0447  0.0447
  0.0474  0.0469  0.0463  0.0466  0.0462  0.0455
  0.0531  0.0508  0.0513  0.0502  0.0486  0.0475
  0.0607  0.0551  0.0591  0.0551  0.0513  0.0504
niter,ni,del,rscale     4    3   12.0000    1.2000
parameters
   -0.8123    5.5913    4.1233  -11.0790    2.1920    1.5798
eta,q 0.95530 10.86524
  0.0613  0.0564  0.0583  0.0560  0.0519  0.0502
  0.0530  0.0493  0.0527  0.0500  0.0479  0.0476
  0.0469  0.0452  0.0471  0.0459  0.0452  0.0455
  0.0447  0.0447  0.0447  0.0447  0.0447  0.0447
  0.0474  0.0469  0.0464  0.0467  0.0461  0.0454
  0.0533  0.0507  0.0514  0.0504  0.0486  0.0475
  0.0608  0.0551  0.0592  0.0553  0.0513  0.0504
registration optimization eta report
parameter search radius
    6.0000    6.0000    6.9000    9.1253    6.0000    6.0000
100000*second partial in parameter space
       44.       31.       29.       13.       19.       15.
  0.0613  0.0564  0.0583  0.0560  0.0519  0.0502
  0.0530  0.0493  0.0527  0.0500  0.0479  0.0476
  0.0469  0.0452  0.0471  0.0459  0.0452  0.0455
  0.0447  0.0447  0.0447  0.0447  0.0447  0.0447
  0.0474  0.0469  0.0464  0.0467  0.0461  0.0454
  0.0533  0.0507  0.0514  0.0504  0.0486  0.0475
  0.0608  0.0551  0.0592  0.0553  0.0513  0.0504
   -0.8123    5.5913    4.1233  -11.0790    2.1920    1.5798
eta,q 0.95530 10.86524

---------------------------------------------------------------------
imgreg_4dfp /opt/freesurfer/average/711-2C_as_mni_average_305 /opt/freesurfer/average/711-2B_as_mni_average_305_mask talsrcimg_g11 none talsrcimg_to_711-2C_as_mni_average_305_t4 3335
---------------------------------------------------------------------

freesurfer imgreg_4dfp.c
/opt/freesurfer/average/711-2C_as_mni_average_305.4dfp.img
       256       256       256         1
  1.000000  1.000000  1.000000
orientation T byte_order littleendian
Reading image: /opt/freesurfer/average/711-2C_as_mni_average_305.4dfp.img
dimensions:      256       256       256
mmppix:       1.0000   -1.0000   -1.0000
center:     128.0000 -129.0000 -129.0000
/opt/freesurfer/average/711-2B_as_mni_average_305_mask.4dfp.img
       256       256       256         1
  1.000000  1.000000  1.000000
orientation T byte_order littleendian
Reading mask: /opt/freesurfer/average/711-2B_as_mni_average_305_mask.4dfp.img (2306576 pixels)
talsrcimg_g11.4dfp.img
       256       256       256         1
  1.000000  1.000000  1.000000
orientation T byte_order littleendian
Reading image: talsrcimg_g11.4dfp.img
dimensions:      256       256       256
mmppix:       1.0000   -1.0000   -1.0000
center:     128.0000 -129.0000 -129.0000
fimgreg.f
image alignment mode   3335 decimal      D07 hex
parameters
   -0.8123    5.5913    4.1233   -0.1112   -1.8807   -1.9355
   -1.9709   -4.2819    2.7549   19.1055    3.8248  -19.2022
eta,q 0.95683 10.92897
niter,ni,del,rscale     5    3    5.0000    1.2000
parameter  4  2.392605 ->  0.500000 qaram    1.1500
parameter  5  1.548062 ->  0.500000 qaram    1.1500
parameter  6  0.849310 ->  0.500000 qaram    1.1500
parameter 10  0.692988 ->  0.500000 qaram    1.1500
parameters
   -0.9405    5.4806    3.7260   -4.2512   -6.0207   -6.0755
   -2.3683   -3.8644    2.7730   14.9655    3.6956  -19.6156
eta,q 0.97094 10.14082
  0.0455  0.0448  0.0442  0.0328  0.0319  0.0305  0.0327  0.0361  0.0319  0.0294  0.0306  0.0303
  0.0442  0.0438  0.0435  0.0352  0.0330  0.0303  0.0313  0.0333  0.0310  0.0290  0.0297  0.0296
  0.0434  0.0433  0.0431  0.0387  0.0344  0.0312  0.0306  0.0313  0.0305  0.0294  0.0292  0.0292
  0.0432  0.0432  0.0432  0.0431  0.0360  0.0334  0.0304  0.0304  0.0304  0.0304  0.0291  0.0291
  0.0436  0.0435  0.0435  0.0480  0.0381  0.0363  0.0309  0.0308  0.0305  0.0319  0.0293  0.0293
  0.0445  0.0441  0.0442  0.0533  0.0408  0.0401  0.0318  0.0324  0.0310  0.0340  0.0298  0.0298
  0.0461  0.0451  0.0452  0.0589  0.0440  0.0447  0.0332  0.0350  0.0319  0.0365  0.0307  0.0306
niter,ni,del,rscale     7    3    5.0000    1.2000
parameter  4  0.778674 ->  0.500000 qaram    1.3225
parameter  5  0.634542 ->  0.500000 qaram    1.3225
parameters
   -0.8977    5.6610    2.9242   -9.0122  -10.7817   -7.7236
   -2.6979   -3.8085    3.1997   15.4287    3.0548  -20.6398
eta,q 0.97505  9.63743
  0.0327  0.0314  0.0297  0.0259  0.0252  0.0271  0.0271  0.0289  0.0268  0.0284  0.0257  0.0258
  0.0308  0.0302  0.0290  0.0258  0.0248  0.0261  0.0259  0.0268  0.0259  0.0266  0.0253  0.0252
  0.0295  0.0294  0.0288  0.0266  0.0250  0.0252  0.0252  0.0255  0.0253  0.0254  0.0250  0.0250
  0.0291  0.0291  0.0290  0.0288  0.0259  0.0248  0.0250  0.0250  0.0250  0.0250  0.0250  0.0250
  0.0294  0.0292  0.0297  0.0326  0.0272  0.0254  0.0254  0.0254  0.0251  0.0252  0.0251  0.0252
  0.0306  0.0298  0.0307  0.0375  0.0290  0.0277  0.0262  0.0267  0.0256  0.0261  0.0255  0.0257
  0.0325  0.0308  0.0321  0.0432  0.0315  0.0316  0.0274  0.0288  0.0264  0.0278  0.0260  0.0263
niter,ni,del,rscale     7    3    5.0000    1.2000
parameters
   -0.8869    6.3858    2.7450  -11.9887  -12.4106   -8.0800
   -2.9587   -3.8533    3.3391   16.9203    2.3943  -21.7092
eta,q 0.97533  9.42761
  0.0281  0.0282  0.0259  0.0263  0.0264  0.0271  0.0266  0.0278  0.0262  0.0284  0.0252  0.0254
  0.0264  0.0267  0.0252  0.0254  0.0255  0.0260  0.0256  0.0261  0.0255  0.0265  0.0249  0.0249
  0.0253  0.0256  0.0249  0.0248  0.0249  0.0252  0.0250  0.0251  0.0250  0.0254  0.0247  0.0247
  0.0249  0.0249  0.0248  0.0248  0.0248  0.0247  0.0248  0.0248  0.0248  0.0248  0.0247  0.0247
  0.0253  0.0248  0.0250  0.0260  0.0253  0.0246  0.0251  0.0252  0.0249  0.0248  0.0248  0.0249
  0.0264  0.0251  0.0255  0.0291  0.0265  0.0256  0.0258  0.0262  0.0254  0.0253  0.0251  0.0253
  0.0280  0.0258  0.0263  0.0339  0.0284  0.0284  0.0269  0.0279  0.0262  0.0264  0.0255  0.0259
niter,ni,del,rscale     6    3    5.0000    1.2000
parameters
   -0.7396    7.0170    2.7292  -12.8784  -13.6777   -8.2901
   -3.0726   -3.7441    3.5251   18.2191    1.7066  -22.0262
eta,q 0.97541  9.33042
  0.0276  0.0274  0.0257  0.0270  0.0263  0.0271  0.0264  0.0277  0.0260  0.0279  0.0251  0.0255
  0.0261  0.0261  0.0251  0.0259  0.0254  0.0259  0.0255  0.0260  0.0253  0.0263  0.0248  0.0249
  0.0251  0.0252  0.0247  0.0250  0.0248  0.0251  0.0249  0.0250  0.0248  0.0252  0.0246  0.0247
  0.0247  0.0247  0.0246  0.0245  0.0246  0.0246  0.0247  0.0247  0.0247  0.0247  0.0246  0.0246
  0.0249  0.0246  0.0247  0.0247  0.0251  0.0245  0.0249  0.0250  0.0248  0.0247  0.0247  0.0247
  0.0257  0.0249  0.0251  0.0260  0.0261  0.0255  0.0256  0.0259  0.0252  0.0252  0.0249  0.0251
  0.0270  0.0255  0.0258  0.0292  0.0276  0.0280  0.0266  0.0275  0.0259  0.0264  0.0253  0.0256
niter,ni,del,rscale     5    3    5.0000    1.2000
parameters
   -0.6591    7.5149    2.5621  -13.0659  -14.8455   -8.7879
   -3.2532   -3.6281    3.7575   19.2051    1.4566  -22.1014
eta,q 0.97548  9.25687
  0.0273  0.0269  0.0255  0.0271  0.0261  0.0268  0.0263  0.0276  0.0259  0.0277  0.0251  0.0254
  0.0259  0.0258  0.0249  0.0259  0.0252  0.0257  0.0254  0.0259  0.0252  0.0261  0.0247  0.0249
  0.0249  0.0250  0.0246  0.0250  0.0247  0.0249  0.0248  0.0249  0.0247  0.0251  0.0246  0.0246
  0.0246  0.0246  0.0245  0.0245  0.0245  0.0245  0.0246  0.0246  0.0246  0.0246  0.0245  0.0245
  0.0248  0.0246  0.0247  0.0245  0.0249  0.0245  0.0248  0.0249  0.0247  0.0246  0.0246  0.0246
  0.0256  0.0249  0.0251  0.0254  0.0258  0.0256  0.0255  0.0258  0.0250  0.0252  0.0248  0.0250
  0.0269  0.0256  0.0258  0.0280  0.0272  0.0281  0.0264  0.0274  0.0257  0.0265  0.0251  0.0255
niter,ni,del,rscale     4    3    5.0000    1.2000
parameters
   -0.5980    7.9296    2.3377  -13.2423  -15.8004   -9.3288
   -3.4618   -3.5095    3.7326   20.0206    1.6793  -22.1580
eta,q 0.97551  9.19113
  0.0271  0.0267  0.0254  0.0269  0.0261  0.0267  0.0262  0.0275  0.0258  0.0276  0.0251  0.0254
  0.0257  0.0256  0.0248  0.0257  0.0252  0.0256  0.0253  0.0259  0.0251  0.0261  0.0248  0.0249
  0.0248  0.0249  0.0245  0.0249  0.0247  0.0248  0.0247  0.0249  0.0247  0.0251  0.0246  0.0246
  0.0245  0.0245  0.0245  0.0245  0.0245  0.0245  0.0245  0.0245  0.0245  0.0245  0.0245  0.0245
  0.0248  0.0245  0.0247  0.0244  0.0248  0.0245  0.0248  0.0248  0.0247  0.0246  0.0245  0.0246
  0.0255  0.0249  0.0251  0.0252  0.0257  0.0255  0.0254  0.0258  0.0251  0.0253  0.0247  0.0249
  0.0268  0.0256  0.0258  0.0278  0.0270  0.0280  0.0264  0.0273  0.0258  0.0267  0.0250  0.0254
niter,ni,del,rscale     3    3    5.0000    1.2000
parameters
   -0.5367    8.2543    2.1297  -13.3843  -16.4432   -9.7877
   -3.5867   -3.4019    3.5684   20.6297    1.9907  -22.2440
eta,q 0.97552  9.14357
  0.0270  0.0266  0.0254  0.0268  0.0262  0.0267  0.0261  0.0274  0.0258  0.0276  0.0251  0.0253
  0.0256  0.0255  0.0248  0.0257  0.0252  0.0256  0.0253  0.0258  0.0251  0.0261  0.0248  0.0249
  0.0248  0.0248  0.0245  0.0249  0.0247  0.0248  0.0247  0.0248  0.0246  0.0250  0.0246  0.0246
  0.0245  0.0245  0.0245  0.0245  0.0245  0.0245  0.0245  0.0245  0.0245  0.0245  0.0245  0.0245
  0.0247  0.0245  0.0247  0.0244  0.0248  0.0245  0.0247  0.0248  0.0247  0.0247  0.0245  0.0246
  0.0255  0.0249  0.0251  0.0252  0.0256  0.0255  0.0253  0.0257  0.0251  0.0255  0.0247  0.0249
  0.0267  0.0257  0.0258  0.0275  0.0268  0.0278  0.0263  0.0272  0.0259  0.0269  0.0250  0.0254
niter,ni,del,rscale     2    3    5.0000    1.2000
parameters
   -0.4908    8.4814    1.9618  -13.4882  -16.8435  -10.1360
   -3.6268   -3.3211    3.4233   21.0418    2.2053  -22.3218
eta,q 0.97550  9.11215
  0.0269  0.0264  0.0254  0.0268  0.0263  0.0267  0.0262  0.0274  0.0258  0.0275  0.0251  0.0254
  0.0256  0.0254  0.0249  0.0256  0.0253  0.0256  0.0253  0.0258  0.0251  0.0260  0.0248  0.0249
  0.0248  0.0248  0.0245  0.0248  0.0247  0.0248  0.0247  0.0248  0.0246  0.0250  0.0246  0.0246
  0.0245  0.0245  0.0245  0.0245  0.0245  0.0245  0.0245  0.0245  0.0245  0.0245  0.0245  0.0245
  0.0247  0.0246  0.0246  0.0245  0.0248  0.0245  0.0247  0.0248  0.0247  0.0247  0.0245  0.0246
  0.0255  0.0250  0.0251  0.0252  0.0255  0.0254  0.0253  0.0257  0.0252  0.0256  0.0247  0.0249
  0.0267  0.0258  0.0257  0.0274  0.0267  0.0276  0.0262  0.0272  0.0259  0.0270  0.0251  0.0254
niter,ni,del,rscale     1    3    5.0000    1.2000
parameters
   -0.4589    8.6238    1.8415  -13.5396  -17.0746  -10.3682
   -3.6257   -3.2822    3.3490   21.2872    2.3298  -22.3819
eta,q 0.97550  9.09386
  0.0268  0.0263  0.0255  0.0268  0.0264  0.0267  0.0262  0.0273  0.0259  0.0275  0.0251  0.0254
  0.0256  0.0253  0.0249  0.0256  0.0253  0.0256  0.0253  0.0258  0.0251  0.0259  0.0248  0.0249
  0.0248  0.0247  0.0246  0.0249  0.0247  0.0249  0.0247  0.0248  0.0247  0.0249  0.0246  0.0246
  0.0245  0.0245  0.0245  0.0245  0.0245  0.0245  0.0245  0.0245  0.0245  0.0245  0.0245  0.0245
  0.0247  0.0246  0.0246  0.0245  0.0248  0.0245  0.0247  0.0248  0.0247  0.0248  0.0246  0.0246
  0.0255  0.0251  0.0251  0.0252  0.0255  0.0254  0.0253  0.0258  0.0252  0.0257  0.0248  0.0249
  0.0267  0.0259  0.0257  0.0273  0.0266  0.0274  0.0262  0.0273  0.0260  0.0272  0.0251  0.0254
registration optimization eta report
parameter search radius
    2.4000    2.4000    2.4000    9.5220    9.5220    8.2800
    7.2000    7.2000    7.2000    8.2800    7.2000    7.2000
100000*second partial in parameter space
       39.       28.       19.        3.        2.        4.
        3.        5.        3.        4.        1.        2.
  0.0268  0.0263  0.0255  0.0268  0.0264  0.0267  0.0262  0.0273  0.0259  0.0275  0.0251  0.0254
  0.0256  0.0253  0.0249  0.0256  0.0253  0.0256  0.0253  0.0258  0.0251  0.0259  0.0248  0.0249
  0.0248  0.0247  0.0246  0.0249  0.0247  0.0249  0.0247  0.0248  0.0247  0.0249  0.0246  0.0246
  0.0245  0.0245  0.0245  0.0245  0.0245  0.0245  0.0245  0.0245  0.0245  0.0245  0.0245  0.0245
  0.0247  0.0246  0.0246  0.0245  0.0248  0.0245  0.0247  0.0248  0.0247  0.0248  0.0246  0.0246
  0.0255  0.0251  0.0251  0.0252  0.0255  0.0254  0.0253  0.0258  0.0252  0.0257  0.0248  0.0249
  0.0267  0.0259  0.0257  0.0273  0.0266  0.0274  0.0262  0.0273  0.0260  0.0272  0.0251  0.0254
   -0.4589    8.6238    1.8415  -13.5396  -17.0746  -10.3682
   -3.6257   -3.2822    3.3490   21.2872    2.3298  -22.3819
eta,q 0.97550  9.09386

---------------------------------------------------------------------
imgreg_4dfp /opt/freesurfer/average/711-2C_as_mni_average_305 /opt/freesurfer/average/711-2B_as_mni_average_305_mask talsrcimg_g11 none talsrcimg_to_711-2C_as_mni_average_305_t4 2311
---------------------------------------------------------------------

freesurfer imgreg_4dfp.c
/opt/freesurfer/average/711-2C_as_mni_average_305.4dfp.img
       256       256       256         1
  1.000000  1.000000  1.000000
orientation T byte_order littleendian
Reading image: /opt/freesurfer/average/711-2C_as_mni_average_305.4dfp.img
dimensions:      256       256       256
mmppix:       1.0000   -1.0000   -1.0000
center:     128.0000 -129.0000 -129.0000
/opt/freesurfer/average/711-2B_as_mni_average_305_mask.4dfp.img
       256       256       256         1
  1.000000  1.000000  1.000000
orientation T byte_order littleendian
Reading mask: /opt/freesurfer/average/711-2B_as_mni_average_305_mask.4dfp.img (2306576 pixels)
talsrcimg_g11.4dfp.img
       256       256       256         1
  1.000000  1.000000  1.000000
orientation T byte_order littleendian
Reading image: talsrcimg_g11.4dfp.img
dimensions:      256       256       256
mmppix:       1.0000   -1.0000   -1.0000
center:     128.0000 -129.0000 -129.0000
fimgreg.f
image alignment mode   2311 decimal      907 hex
parameters
   -0.4589    8.6238    1.8415  -13.5396  -17.0746  -10.3682
   -3.6257   -3.2822    3.3490   21.2872    2.3298  -22.3819
eta,q 0.97550  9.09386
niter,ni,del,rscale     5    3    5.0000    0.8000
parameters
   -0.4436    8.6870    1.7701  -12.3092  -17.0697   -9.3365
   -3.6218   -3.4491    3.4394   21.5409    1.8824  -22.7267
eta,q 0.97563  9.20473
  0.0255  0.0253  0.0250  0.0252  0.0250  0.0254  0.0251  0.0256  0.0250  0.0255  0.0246  0.0247
  0.0250  0.0249  0.0247  0.0249  0.0247  0.0250  0.0247  0.0249  0.0247  0.0249  0.0245  0.0245
  0.0246  0.0246  0.0245  0.0246  0.0245  0.0247  0.0245  0.0245  0.0245  0.0245  0.0244  0.0244
  0.0245  0.0245  0.0245  0.0245  0.0245  0.0245  0.0244  0.0244  0.0244  0.0244  0.0244  0.0244
  0.0246  0.0246  0.0246  0.0245  0.0245  0.0244  0.0245  0.0246  0.0244  0.0245  0.0244  0.0245
  0.0249  0.0248  0.0248  0.0245  0.0247  0.0245  0.0247  0.0250  0.0246  0.0248  0.0245  0.0246
  0.0255  0.0252  0.0250  0.0247  0.0250  0.0249  0.0252  0.0258  0.0250  0.0253  0.0247  0.0249
niter,ni,del,rscale     4    3    5.0000    0.7000
parameters
   -0.4987    8.6244    1.8742  -12.1307  -16.9416   -9.0491
   -3.5030   -3.5608    3.5460   21.4648    1.7258  -22.8498
eta,q 0.97566  9.23160
  0.0251  0.0249  0.0248  0.0248  0.0248  0.0250  0.0250  0.0253  0.0248  0.0251  0.0245  0.0246
  0.0247  0.0246  0.0246  0.0246  0.0246  0.0247  0.0246  0.0247  0.0246  0.0247  0.0244  0.0245
  0.0244  0.0244  0.0244  0.0244  0.0244  0.0245  0.0244  0.0244  0.0244  0.0244  0.0244  0.0244
  0.0244  0.0244  0.0244  0.0244  0.0244  0.0244  0.0243  0.0243  0.0243  0.0243  0.0243  0.0243
  0.0245  0.0244  0.0244  0.0244  0.0244  0.0243  0.0244  0.0245  0.0244  0.0244  0.0244  0.0244
  0.0248  0.0247  0.0245  0.0245  0.0245  0.0245  0.0246  0.0249  0.0245  0.0247  0.0244  0.0245
  0.0252  0.0250  0.0247  0.0248  0.0247  0.0250  0.0249  0.0254  0.0248  0.0252  0.0246  0.0247
niter,ni,del,rscale     3    3    5.0000    0.6000
parameters
   -0.5321    8.5720    1.9222  -11.9283  -16.7451   -8.7092
   -3.4059   -3.6720    3.6434   21.3573    1.5229  -23.0070
eta,q 0.97570  9.26502
  0.0249  0.0247  0.0247  0.0247  0.0246  0.0249  0.0248  0.0251  0.0247  0.0249  0.0245  0.0245
  0.0246  0.0245  0.0245  0.0245  0.0245  0.0246  0.0245  0.0246  0.0245  0.0245  0.0244  0.0244
  0.0244  0.0244  0.0244  0.0244  0.0244  0.0245  0.0244  0.0244  0.0243  0.0244  0.0243  0.0243
  0.0243  0.0243  0.0243  0.0243  0.0243  0.0243  0.0243  0.0243  0.0243  0.0243  0.0243  0.0243
  0.0244  0.0244  0.0244  0.0243  0.0243  0.0243  0.0243  0.0244  0.0243  0.0244  0.0243  0.0243
  0.0246  0.0245  0.0245  0.0244  0.0244  0.0244  0.0245  0.0247  0.0244  0.0246  0.0244  0.0244
  0.0250  0.0248  0.0246  0.0246  0.0246  0.0248  0.0247  0.0251  0.0246  0.0249  0.0245  0.0246
niter,ni,del,rscale     2    3    5.0000    0.5000
parameters
   -0.5545    8.5090    1.9682  -11.7001  -16.5086   -8.3739
   -3.2959   -3.7698    3.7921   21.1970    1.3330  -23.2200
eta,q 0.97574  9.30140
  0.0247  0.0246  0.0245  0.0246  0.0245  0.0247  0.0246  0.0248  0.0245  0.0246  0.0244  0.0244
  0.0245  0.0244  0.0244  0.0244  0.0244  0.0245  0.0244  0.0245  0.0244  0.0244  0.0243  0.0243
  0.0243  0.0243  0.0243  0.0243  0.0243  0.0244  0.0243  0.0243  0.0243  0.0243  0.0243  0.0243
  0.0243  0.0243  0.0243  0.0243  0.0243  0.0243  0.0243  0.0243  0.0243  0.0243  0.0243  0.0243
  0.0244  0.0243  0.0243  0.0243  0.0243  0.0243  0.0243  0.0244  0.0243  0.0243  0.0243  0.0243
  0.0245  0.0245  0.0244  0.0244  0.0244  0.0244  0.0244  0.0246  0.0244  0.0245  0.0243  0.0244
  0.0247  0.0246  0.0245  0.0245  0.0245  0.0246  0.0246  0.0249  0.0245  0.0247  0.0244  0.0245
niter,ni,del,rscale     1    3    5.0000    0.4000
parameters
   -0.5833    8.4368    2.0023  -11.4772  -16.1933   -8.0239
   -3.1956   -3.8416    3.9565   21.0146    1.2013  -23.4615
eta,q 0.97577  9.34202
  0.0245  0.0244  0.0244  0.0244  0.0244  0.0246  0.0245  0.0246  0.0244  0.0245  0.0243  0.0243
  0.0244  0.0243  0.0243  0.0244  0.0243  0.0244  0.0244  0.0244  0.0243  0.0243  0.0243  0.0243
  0.0243  0.0243  0.0243  0.0243  0.0243  0.0243  0.0243  0.0243  0.0243  0.0243  0.0242  0.0242
  0.0243  0.0243  0.0243  0.0243  0.0243  0.0243  0.0242  0.0242  0.0242  0.0242  0.0242  0.0242
  0.0243  0.0243  0.0243  0.0243  0.0243  0.0242  0.0243  0.0243  0.0242  0.0243  0.0242  0.0243
  0.0244  0.0244  0.0243  0.0243  0.0243  0.0243  0.0243  0.0244  0.0243  0.0244  0.0243  0.0243
  0.0246  0.0245  0.0244  0.0244  0.0244  0.0245  0.0244  0.0246  0.0244  0.0246  0.0243  0.0244
registration optimization eta report
parameter search radius
    0.8000    0.8000    0.8000    2.4000    2.4000    2.4000
    2.4000    2.4000    2.4000    2.4000    2.4000    2.4000
100000*second partial in parameter space
       44.       29.       23.        3.        2.        4.
        4.        7.        3.        5.        1.        2.
  0.0245  0.0244  0.0244  0.0244  0.0244  0.0246  0.0245  0.0246  0.0244  0.0245  0.0243  0.0243
  0.0244  0.0243  0.0243  0.0244  0.0243  0.0244  0.0244  0.0244  0.0243  0.0243  0.0243  0.0243
  0.0243  0.0243  0.0243  0.0243  0.0243  0.0243  0.0243  0.0243  0.0243  0.0243  0.0242  0.0242
  0.0243  0.0243  0.0243  0.0243  0.0243  0.0243  0.0242  0.0242  0.0242  0.0242  0.0242  0.0242
  0.0243  0.0243  0.0243  0.0243  0.0243  0.0242  0.0243  0.0243  0.0242  0.0243  0.0242  0.0243
  0.0244  0.0244  0.0243  0.0243  0.0243  0.0243  0.0243  0.0244  0.0243  0.0244  0.0243  0.0243
  0.0246  0.0245  0.0244  0.0244  0.0244  0.0245  0.0244  0.0246  0.0244  0.0246  0.0243  0.0244
   -0.5833    8.4368    2.0023  -11.4772  -16.1933   -8.0239
   -3.1956   -3.8416    3.9565   21.0146    1.2013  -23.4615
eta,q 0.97577  9.34202

---------------------------------------------------------------------
imgreg_4dfp /opt/freesurfer/average/711-2C_as_mni_average_305 /opt/freesurfer/average/711-2B_as_mni_average_305_mask talsrcimg_g11 none talsrcimg_to_711-2C_as_mni_average_305_t4 2311
---------------------------------------------------------------------

freesurfer imgreg_4dfp.c
/opt/freesurfer/average/711-2C_as_mni_average_305.4dfp.img
       256       256       256         1
  1.000000  1.000000  1.000000
orientation T byte_order littleendian
Reading image: /opt/freesurfer/average/711-2C_as_mni_average_305.4dfp.img
dimensions:      256       256       256
mmppix:       1.0000   -1.0000   -1.0000
center:     128.0000 -129.0000 -129.0000
/opt/freesurfer/average/711-2B_as_mni_average_305_mask.4dfp.img
       256       256       256         1
  1.000000  1.000000  1.000000
orientation T byte_order littleendian
Reading mask: /opt/freesurfer/average/711-2B_as_mni_average_305_mask.4dfp.img (2306576 pixels)
talsrcimg_g11.4dfp.img
       256       256       256         1
  1.000000  1.000000  1.000000
orientation T byte_order littleendian
Reading image: talsrcimg_g11.4dfp.img
dimensions:      256       256       256
mmppix:       1.0000   -1.0000   -1.0000
center:     128.0000 -129.0000 -129.0000
fimgreg.f
image alignment mode   2311 decimal      907 hex
parameters
   -0.5833    8.4368    2.0023  -11.4772  -16.1933   -8.0239
   -3.1956   -3.8416    3.9565   21.0146    1.2013  -23.4615
eta,q 0.97577  9.34201
niter,ni,del,rscale     5    3    5.0000    0.8000
parameters
   -0.6079    8.3650    2.0552  -11.9339  -16.1904   -8.5613
   -3.3081   -3.7216    3.8807   20.9824    1.3033  -23.0732
eta,q 0.97572  9.29176
  0.0253  0.0249  0.0249  0.0248  0.0248  0.0250  0.0250  0.0258  0.0249  0.0253  0.0246  0.0248
  0.0247  0.0245  0.0245  0.0245  0.0245  0.0247  0.0246  0.0249  0.0245  0.0247  0.0244  0.0245
  0.0244  0.0243  0.0243  0.0243  0.0243  0.0244  0.0244  0.0244  0.0243  0.0244  0.0243  0.0244
  0.0242  0.0242  0.0242  0.0242  0.0242  0.0242  0.0243  0.0243  0.0243  0.0243  0.0243  0.0243
  0.0244  0.0243  0.0243  0.0243  0.0243  0.0243  0.0244  0.0245  0.0244  0.0244  0.0243  0.0243
  0.0248  0.0246  0.0245  0.0246  0.0245  0.0248  0.0247  0.0249  0.0246  0.0247  0.0244  0.0244
  0.0254  0.0250  0.0248  0.0252  0.0248  0.0258  0.0251  0.0256  0.0249  0.0253  0.0246  0.0246
niter,ni,del,rscale     4    3    5.0000    0.7000
parameters
   -0.5738    8.3836    2.0176  -11.8194  -16.2204   -8.5406
   -3.3689   -3.7031    3.8622   20.9956    1.3224  -23.0704
eta,q 0.97573  9.29729
  0.0252  0.0249  0.0247  0.0248  0.0247  0.0250  0.0249  0.0254  0.0247  0.0251  0.0245  0.0246
  0.0247  0.0245  0.0245  0.0245  0.0245  0.0247  0.0246  0.0247  0.0245  0.0246  0.0244  0.0244
  0.0244  0.0243  0.0243  0.0244  0.0243  0.0244  0.0244  0.0244  0.0243  0.0244  0.0243  0.0243
  0.0243  0.0243  0.0243  0.0243  0.0243  0.0243  0.0243  0.0243  0.0243  0.0243  0.0243  0.0243
  0.0244  0.0243  0.0243  0.0243  0.0243  0.0243  0.0243  0.0244  0.0243  0.0244  0.0243  0.0243
  0.0246  0.0245  0.0245  0.0244  0.0245  0.0245  0.0246  0.0248  0.0245  0.0246  0.0244  0.0244
  0.0251  0.0248  0.0247  0.0248  0.0247  0.0251  0.0249  0.0253  0.0247  0.0251  0.0245  0.0246
niter,ni,del,rscale     3    3    5.0000    0.6000
parameters
   -0.5698    8.3887    2.0121  -11.6910  -16.1957   -8.3553
   -3.3212   -3.7500    3.9014   20.9849    1.2292  -23.1891
eta,q 0.97574  9.31387
  0.0249  0.0247  0.0246  0.0246  0.0246  0.0248  0.0247  0.0251  0.0246  0.0248  0.0244  0.0245
  0.0246  0.0245  0.0244  0.0245  0.0244  0.0246  0.0245  0.0246  0.0244  0.0245  0.0243  0.0244
  0.0243  0.0243  0.0243  0.0243  0.0243  0.0244  0.0243  0.0243  0.0243  0.0243  0.0243  0.0243
  0.0243  0.0243  0.0243  0.0243  0.0243  0.0243  0.0243  0.0243  0.0243  0.0243  0.0243  0.0243
  0.0243  0.0243  0.0243  0.0243  0.0243  0.0242  0.0243  0.0244  0.0243  0.0243  0.0243  0.0243
  0.0245  0.0245  0.0244  0.0244  0.0244  0.0244  0.0244  0.0246  0.0244  0.0245  0.0243  0.0244
  0.0249  0.0247  0.0246  0.0246  0.0246  0.0248  0.0247  0.0251  0.0246  0.0249  0.0244  0.0245
niter,ni,del,rscale     2    3    5.0000    0.5000
parameters
   -0.5786    8.3667    2.0267  -11.5399  -16.0620   -8.1178
   -3.2356   -3.8132    3.9913   20.9105    1.1570  -23.3556
eta,q 0.97576  9.33848
  0.0247  0.0245  0.0245  0.0245  0.0245  0.0247  0.0246  0.0248  0.0245  0.0246  0.0244  0.0244
  0.0244  0.0244  0.0244  0.0244  0.0244  0.0245  0.0244  0.0245  0.0244  0.0244  0.0243  0.0243
  0.0243  0.0243  0.0243  0.0243  0.0243  0.0243  0.0243  0.0243  0.0243  0.0243  0.0242  0.0243
  0.0243  0.0243  0.0243  0.0243  0.0243  0.0242  0.0242  0.0242  0.0242  0.0242  0.0242  0.0242
  0.0243  0.0243  0.0243  0.0243  0.0243  0.0242  0.0243  0.0243  0.0243  0.0243  0.0243  0.0243
  0.0245  0.0244  0.0244  0.0243  0.0243  0.0243  0.0244  0.0245  0.0243  0.0244  0.0243  0.0243
  0.0247  0.0246  0.0245  0.0245  0.0245  0.0246  0.0245  0.0248  0.0245  0.0247  0.0244  0.0244
niter,ni,del,rscale     1    3    5.0000    0.4000
parameters
   -0.5972    8.3218    2.0459  -11.3803  -15.8528   -7.8476
   -3.1679   -3.8698    4.0695   20.7729    1.0764  -23.5178
eta,q 0.97578  9.36739
  0.0245  0.0244  0.0244  0.0244  0.0244  0.0245  0.0244  0.0246  0.0244  0.0245  0.0243  0.0243
  0.0244  0.0243  0.0243  0.0243  0.0243  0.0244  0.0243  0.0244  0.0243  0.0243  0.0242  0.0243
  0.0243  0.0243  0.0243  0.0243  0.0243  0.0243  0.0243  0.0242  0.0242  0.0242  0.0242  0.0242
  0.0242  0.0242  0.0242  0.0242  0.0242  0.0242  0.0242  0.0242  0.0242  0.0242  0.0242  0.0242
  0.0243  0.0243  0.0242  0.0242  0.0242  0.0242  0.0242  0.0243  0.0242  0.0243  0.0242  0.0242
  0.0244  0.0243  0.0243  0.0243  0.0243  0.0243  0.0243  0.0244  0.0243  0.0244  0.0243  0.0243
  0.0245  0.0245  0.0244  0.0244  0.0244  0.0245  0.0244  0.0246  0.0244  0.0245  0.0243  0.0243
registration optimization eta report
parameter search radius
    0.8000    0.8000    0.8000    2.4000    2.4000    2.4000
    2.4000    2.4000    2.4000    2.4000    2.4000    2.4000
100000*second partial in parameter space
       45.       30.       23.        3.        3.        5.
        4.        7.        3.        5.        1.        2.
  0.0245  0.0244  0.0244  0.0244  0.0244  0.0245  0.0244  0.0246  0.0244  0.0245  0.0243  0.0243
  0.0244  0.0243  0.0243  0.0243  0.0243  0.0244  0.0243  0.0244  0.0243  0.0243  0.0242  0.0243
  0.0243  0.0243  0.0243  0.0243  0.0243  0.0243  0.0243  0.0242  0.0242  0.0242  0.0242  0.0242
  0.0242  0.0242  0.0242  0.0242  0.0242  0.0242  0.0242  0.0242  0.0242  0.0242  0.0242  0.0242
  0.0243  0.0243  0.0242  0.0242  0.0242  0.0242  0.0242  0.0243  0.0242  0.0243  0.0242  0.0242
  0.0244  0.0243  0.0243  0.0243  0.0243  0.0243  0.0243  0.0244  0.0243  0.0244  0.0243  0.0243
  0.0245  0.0245  0.0244  0.0244  0.0244  0.0245  0.0244  0.0246  0.0244  0.0245  0.0243  0.0243
   -0.5972    8.3218    2.0459  -11.3803  -15.8528   -7.8476
   -3.1679   -3.8698    4.0695   20.7729    1.0764  -23.5178
eta,q 0.97578  9.36739

---------------------------------------------------------------------
compute_vox2vox talsrcimg talsrcimg_to_711-2C_as_mni_average_305_t4 /opt/freesurfer/average/711-2C_as_mni_average_305
---------------------------------------------------------------------

freesurfer compute_vox2vox.c
Reading: talsrcimg.4dfp.ifh
Reading: talsrcimg_to_711-2C_as_mni_average_305_t4
Reading: /opt/freesurfer/average/711-2C_as_mni_average_305.4dfp.ifh
Writing: talsrcimg_to_711-2C_as_mni_average_305_t4_vox2vox.txt

start time Sun Mar 8 16:50:24 CET 2026
end		time Sun Mar 8 16:51:51 CET 2026

mpr2mni305 success

avi2talxfm orig_nu.mgz /opt/freesurfer/average/mni305.cor.mgz talsrcimg_to_711-2C_as_mni_average_305_t4_vox2vox.txt transforms/talairach.auto.xfm
avi2talxfm done
mv -f /out/sourcedata/freesurfer/sub-v1s13x0050054_ses-1/mri/talsrcimg_to_711-2C_as_mni_average_305_t4_vox2vox.txt /out/sourcedata/freesurfer/sub-v1s13x0050054_ses-1/mri/transforms/talsrcimg_to_711-2C_as_mni_average_305_t4_vox2vox.txt
lta_convert --src orig_nu.mgz --trg /opt/freesurfer/average/mni305.cor.mgz --inxfm transforms/talairach.auto.xfm --outlta transforms/talairach.auto.xfm.lta --subject fsaverage
7.3.2

--src: orig_nu.mgz src image (geometry).
--trg: /opt/freesurfer/average/mni305.cor.mgz trg image (geometry).
--inmni: transforms/talairach.auto.xfm input MNI/XFM transform.
--outlta: transforms/talairach.auto.xfm.lta output LTA.
--s: fsaverage subject name
 LTA read, type : 1
 1.12558   0.03548   0.05229   0.05908;
-0.02544   1.02004   0.28413   4.51460;
-0.04816  -0.25353   1.11572   15.56754;
 0.00000   0.00000   0.00000   1.00000;
setting subject to fsaverage
Writing  LTA to file transforms/talairach.auto.xfm.lta...
lta_convert successful.
 
 
Started at Sun Mar 8 16:50:24 CET 2026
Ended   at Sun Mar  8 16:51:51 CET 2026
talairach_avi done
