status file for recon-all
Sun Mar  8 14:18:18 CET 2026
#@# Tessellate lh Sun Mar  8 14:18:18 CET 2026
#@# Smooth1 lh Sun Mar  8 14:18:22 CET 2026
#@# Inflation1 lh Sun Mar  8 14:18:24 CET 2026
#@# QSphere lh Sun Mar  8 14:18:34 CET 2026
#@# Fix Topology lh Sun Mar  8 14:19:34 CET 2026
#@# Smooth2 lh Sun Mar  8 14:24:41 CET 2026
#@# Inflation2 lh Sun Mar  8 14:24:43 CET 2026
#@# Curv .H and .K lh Sun Mar  8 14:24:54 CET 2026
#@# Sphere lh Sun Mar  8 14:25:38 CET 2026
#@# Surf Reg lh Sun Mar  8 14:28:11 CET 2026
#@# Jacobian white lh Sun Mar  8 14:31:30 CET 2026
#@# AvgCurv lh Sun Mar  8 14:31:31 CET 2026
#@# Cortical Parc lh Sun Mar  8 14:31:32 CET 2026
#@# white curv lh Sun Mar  8 14:37:05 CET 2026
#@# white area lh Sun Mar  8 14:37:06 CET 2026
#@# pial curv lh Sun Mar  8 14:37:07 CET 2026
#@# pial area lh Sun Mar  8 14:37:08 CET 2026
#@# thickness lh Sun Mar  8 14:37:09 CET 2026
#@# area and vertex vol lh Sun Mar  8 14:37:36 CET 2026
#@# Curvature Stats lh Sun Mar  8 14:37:38 CET 2026
#@# Cortical Parc 2 lh Sun Mar  8 14:37:40 CET 2026
#@# Cortical Parc 3 lh Sun Mar  8 14:37:52 CET 2026
#@# WM/GM Contrast lh Sun Mar  8 14:38:01 CET 2026
recon-all -s sub-v1s13x0050012_ses-1 finished without error at Sun Mar  8 14:38:03 CET 2026



#New# invocation of recon-all 



status file for recon-all
Sun Mar  8 15:02:34 CET 2026
#@# white curv lh Sun Mar  8 15:02:34 CET 2026
#@# white area lh Sun Mar  8 15:02:34 CET 2026
#@# pial curv lh Sun Mar  8 15:02:34 CET 2026
#@# pial area lh Sun Mar  8 15:02:34 CET 2026
#@# thickness lh Sun Mar  8 15:02:34 CET 2026
#@# area and vertex vol lh Sun Mar  8 15:02:34 CET 2026
#@# Parcellation Stats lh Sun Mar  8 15:02:34 CET 2026
#@# Parcellation Stats 2 lh Sun Mar  8 15:02:50 CET 2026
#@# Parcellation Stats 3 lh Sun Mar  8 15:02:58 CET 2026
#@# BA_exvivo Labels lh Sun Mar  8 15:03:06 CET 2026
recon-all -s sub-v1s13x0050012_ses-1 finished without error at Sun Mar  8 15:05:21 CET 2026
