status file for recon-all
Sun Mar  8 12:42:58 CET 2026
#@# MotionCor Sun Mar  8 12:43:00 CET 2026
#@# Talairach Sun Mar  8 12:43:08 CET 2026
#@# Talairach Failure Detection Sun Mar  8 12:47:34 CET 2026
#@# Nu Intensity Correction Sun Mar  8 12:47:34 CET 2026
#@# Intensity Normalization Sun Mar  8 12:50:50 CET 2026
recon-all -s sub-v1s13x0050012_ses-1 finished without error at Sun Mar  8 12:52:20 CET 2026



#New# invocation of recon-all 



status file for recon-all
Sun Mar  8 12:59:12 CET 2026
#@# EM Registration Sun Mar  8 12:59:12 CET 2026
recon-all -s sub-v1s13x0050012_ses-1 finished without error at Sun Mar  8 13:00:50 CET 2026



#New# invocation of recon-all 



status file for recon-all
Sun Mar  8 13:00:52 CET 2026
#@# CA Normalize Sun Mar  8 13:00:52 CET 2026
#@# CA Reg Sun Mar  8 13:02:15 CET 2026
#@# SubCort Seg Sun Mar  8 13:44:39 CET 2026
#@# CC Seg Sun Mar  8 14:12:17 CET 2026
#@# Merge ASeg Sun Mar  8 14:12:51 CET 2026
#@# Intensity Normalization2 Sun Mar  8 14:12:51 CET 2026
#@# Mask BFS Sun Mar  8 14:15:13 CET 2026
#@# WM Segmentation Sun Mar  8 14:15:13 CET 2026
#@# Fill Sun Mar  8 14:17:11 CET 2026
recon-all -s sub-v1s13x0050012_ses-1 finished without error at Sun Mar  8 14:18:14 CET 2026



#New# invocation of recon-all 



status file for recon-all
Sun Mar  8 14:57:04 CET 2026
#@# white curv lh Sun Mar  8 14:57:04 CET 2026
#@# white area lh Sun Mar  8 14:57:04 CET 2026
#@# pial curv lh Sun Mar  8 14:57:04 CET 2026
#@# pial area lh Sun Mar  8 14:57:04 CET 2026
#@# thickness lh Sun Mar  8 14:57:04 CET 2026
#@# area and vertex vol lh Sun Mar  8 14:57:04 CET 2026
#@# white curv rh Sun Mar  8 14:57:04 CET 2026
#@# white area rh Sun Mar  8 14:57:04 CET 2026
#@# pial curv rh Sun Mar  8 14:57:04 CET 2026
#@# pial area rh Sun Mar  8 14:57:04 CET 2026
#@# thickness rh Sun Mar  8 14:57:04 CET 2026
#@# area and vertex vol rh Sun Mar  8 14:57:04 CET 2026
#@# Cortical ribbon mask Sun Mar  8 14:57:04 CET 2026
recon-all -s sub-v1s13x0050012_ses-1 finished without error at Sun Mar  8 15:02:28 CET 2026



#New# invocation of recon-all 



status file for recon-all
Sun Mar  8 15:08:16 CET 2026
#@# white curv lh Sun Mar  8 15:08:16 CET 2026
#@# white area lh Sun Mar  8 15:08:16 CET 2026
#@# pial curv lh Sun Mar  8 15:08:16 CET 2026
#@# pial area lh Sun Mar  8 15:08:16 CET 2026
#@# thickness lh Sun Mar  8 15:08:16 CET 2026
#@# area and vertex vol lh Sun Mar  8 15:08:16 CET 2026
#@# white curv rh Sun Mar  8 15:08:16 CET 2026
#@# white area rh Sun Mar  8 15:08:16 CET 2026
#@# pial curv rh Sun Mar  8 15:08:16 CET 2026
#@# pial area rh Sun Mar  8 15:08:16 CET 2026
#@# thickness rh Sun Mar  8 15:08:16 CET 2026
#@# area and vertex vol rh Sun Mar  8 15:08:16 CET 2026
#@# Curvature Stats lh Sun Mar  8 15:08:16 CET 2026
#@# Curvature Stats rh Sun Mar  8 15:08:19 CET 2026
#@# Relabel Hypointensities Sun Mar  8 15:08:21 CET 2026
#@# APas-to-ASeg Sun Mar  8 15:08:36 CET 2026
#@# AParc-to-ASeg aparc Sun Mar  8 15:08:42 CET 2026
#@# AParc-to-ASeg aparc.a2009s Sun Mar  8 15:09:06 CET 2026
#@# AParc-to-ASeg aparc.DKTatlas Sun Mar  8 15:09:29 CET 2026
#@# WMParc Sun Mar  8 15:09:53 CET 2026
#@# ASeg Stats Sun Mar  8 15:13:36 CET 2026
recon-all -s sub-v1s13x0050012_ses-1 finished without error at Sun Mar  8 15:14:08 CET 2026
