/out/sourcedata/freesurfer/sub-v1s13x0050017_ses-1/mri
/opt/freesurfer/bin/talairach_avi
--i orig_nu.mgz --xfm transforms/talairach.auto.xfm
talairach_avi 7.3.2
Linux dna029 5.14.0-427.37.1.el9_4.x86_64 #1 SMP PREEMPT_DYNAMIC Fri Sep 13 12:41:50 EDT 2024 x86_64 x86_64 x86_64 GNU/Linux
Sun Mar  8 13:48:08 CET 2026
mri_convert orig_nu.mgz talsrcimg.img 
reading from orig_nu.mgz...
TR=0.00, TE=0.00, TI=0.00, flip angle=0.00
i_ras = (-1, 0, 0)
j_ras = (0, 0, -1)
k_ras = (0, 1, 0)
writing to talsrcimg.img...
Analyze Output Matrix
-1.00000   0.00000   0.00000   133.15695;
 0.00000   0.00000   1.00000  -127.94919;
 0.00000  -1.00000   0.00000   127.14522;
 0.00000   0.00000   0.00000   1.00000;
--------------------
INFO: set hdr.hist.orient to -1
mpr2mni305 talsrcimg
Sun Mar  8 13:48:08 CET 2026
/opt/freesurfer/bin/mpr2mni305 talsrcimg
mpr2mni305 7.3.2
target=711-2C_as_mni_average_305

---------------------------------------------------------------------
analyzeto4dfp talsrcimg -O0 -y
---------------------------------------------------------------------

freesurfer ifh2hdr.c
Sun Mar  8 13:48:09 2026
Writing: talsrcimg.4dfp.hdr
freesurfer analyzeto4dfp.c
Reading: talsrcimg.hdr
header size 348 bytes
hdr.dime.datatype	offset=70	value=2
hdr.dime.bitpix		offset=72	value=8
hdr.hist.orient		offset=252	value=-1
dimensionality     4
dimensions       256       256       256         1
Reading: talsrcimg.img
Writing: talsrcimg.4dfp.img
Writing: talsrcimg.4dfp.ifh
ifh2hdr talsrcimg -r0to200
ori=2

---------------------------------------------------------------------
gauss_4dfp talsrcimg 1.1
---------------------------------------------------------------------

freesurfer gauss_4dfp.c
Reading: talsrcimg.4dfp.img
Writing: talsrcimg_g11.4dfp.img
image dimensions 256 256 256 padded to 288 288 288
processing volume 1freesurfer ifh2hdr.c
Sun Mar  8 13:48:10 2026
Writing: talsrcimg_g11.4dfp.hdr

Writing: talsrcimg_g11.4dfp.ifh
including: talsrcimg.4dfp.img.rec in talsrcimg_g11.4dfp.img.rec

---------------------------------------------------------------------
imgreg_4dfp /opt/freesurfer/average/711-2C_as_mni_average_305 none talsrcimg_g11 none talsrcimg_to_711-2C_as_mni_average_305_t4 4355
---------------------------------------------------------------------

freesurfer imgreg_4dfp.c
/opt/freesurfer/average/711-2C_as_mni_average_305.4dfp.img
       256       256       256         1
  1.000000  1.000000  1.000000
orientation T byte_order littleendian
Reading image: /opt/freesurfer/average/711-2C_as_mni_average_305.4dfp.img
dimensions:      256       256       256
mmppix:       1.0000   -1.0000   -1.0000
center:     128.0000 -129.0000 -129.0000
talsrcimg_g11.4dfp.img
       256       256       256         1
  1.000000  1.000000  1.000000
orientation T byte_order littleendian
Reading image: talsrcimg_g11.4dfp.img
dimensions:      256       256       256
mmppix:       1.0000   -1.0000   -1.0000
center:     128.0000 -129.0000 -129.0000
t4_read: open error in t4_sub.f l:  41 t4_file(1:l)talsrcimg_to_711-2C_as_mni_average_305_t4 
t4_read: transform initialized to I4
rotation matrix determinant  1.000000
image alignment mode   4355 decimal     1103 hex
   -7.5000  -45.0000  -45.0000 9948.4629   14.3326
    0.0000  -45.0000  -45.000010343.3936   14.3306
    7.5000  -45.0000  -45.0000 9834.1973   14.3339
   -7.5000  -37.5000  -45.000010388.8838   14.3472
    0.0000  -37.5000  -45.000010796.1035   14.3471
    7.5000  -37.5000  -45.000010243.5459   14.3466
   -7.5000  -30.0000  -45.000011134.5557   14.2646
    0.0000  -30.0000  -45.000011578.2334   14.2625
    7.5000  -30.0000  -45.000010972.3037   14.2549
   -7.5000  -22.5000  -45.000011843.3877   14.1610
    0.0000  -22.5000  -45.000012315.6387   14.1562
    7.5000  -22.5000  -45.000011670.1533   14.1450
   -7.5000  -15.0000  -45.000012474.9805   14.0676
    0.0000  -15.0000  -45.000012925.4883   14.0613
    7.5000  -15.0000  -45.000012255.7764   14.0525
   -7.5000   -7.5000  -45.000012970.0420   14.0179
    0.0000   -7.5000  -45.000013440.9756   14.0130
    7.5000   -7.5000  -45.000012745.6514   14.0112
   -7.5000    0.0000  -45.000013312.6768   14.0072
    0.0000    0.0000  -45.000013819.7285   14.0061
    7.5000    0.0000  -45.000013096.1836   14.0091
   -7.5000    7.5000  -45.000012664.9717   14.0854
    0.0000    7.5000  -45.000013148.2969   14.0859
    7.5000    7.5000  -45.000012477.7578   14.0852
   -7.5000   15.0000  -45.000011924.4082   14.1879
    0.0000   15.0000  -45.000012383.0459   14.1866
    7.5000   15.0000  -45.000011757.9229   14.1790
   -7.5000   22.5000  -45.000011130.2148   14.3073
    0.0000   22.5000  -45.000011558.8447   14.3026
    7.5000   22.5000  -45.000010978.3066   14.2915
   -7.5000   30.0000  -45.000010311.9736   14.2858
    0.0000   30.0000  -45.000010721.5850   14.2803
    7.5000   30.0000  -45.000010172.8037   14.2712
   -7.5000   37.5000  -45.0000 9830.7627   14.5040
    0.0000   37.5000  -45.000010194.5771   14.4995
    7.5000   37.5000  -45.0000 9667.1357   14.4951
   -7.5000   45.0000  -45.0000 9023.6836   14.4717
    0.0000   45.0000  -45.0000 9359.4941   14.4731
    7.5000   45.0000  -45.0000 8858.5117   14.4718
   -7.5000  -45.0000  -37.500010502.2539   14.3457
    0.0000  -45.0000  -37.500010914.5986   14.3479
    7.5000  -45.0000  -37.500010367.2266   14.3512
   -7.5000  -37.5000  -37.500010947.5840   14.3581
    0.0000  -37.5000  -37.500011371.0830   14.3616
    7.5000  -37.5000  -37.500010794.8896   14.3618
   -7.5000  -30.0000  -37.500011736.4766   14.2720
    0.0000  -30.0000  -37.500012193.0889   14.2722
    7.5000  -30.0000  -37.500011559.2207   14.2665
   -7.5000  -22.5000  -37.500012489.9805   14.1675
    0.0000  -22.5000  -37.500012952.6602   14.1638
    7.5000  -22.5000  -37.500012283.3896   14.1548
   -7.5000  -15.0000  -37.500013121.8418   14.0751
    0.0000  -15.0000  -37.500013585.2119   14.0701
    7.5000  -15.0000  -37.500012871.0479   14.0629
   -7.5000   -7.5000  -37.500013630.8428   14.0261
    0.0000   -7.5000  -37.500014115.1650   14.0241
    7.5000   -7.5000  -37.500013344.6875   14.0228
   -7.5000    0.0000  -37.500013972.6953   14.0149
    0.0000    0.0000  -37.500014490.4766   14.0179
    7.5000    0.0000  -37.500013709.2217   14.0210
   -7.5000    7.5000  -37.500013303.1777   14.0913
    0.0000    7.5000  -37.500013782.5195   14.0953
    7.5000    7.5000  -37.500013061.4092   14.0955
   -7.5000   15.0000  -37.500012494.7227   14.1915
    0.0000   15.0000  -37.500012961.2539   14.1925
    7.5000   15.0000  -37.500012291.7695   14.1873
   -7.5000   22.5000  -37.500011625.4326   14.3107
    0.0000   22.5000  -37.500012062.7402   14.3069
    7.5000   22.5000  -37.500011449.4082   14.2985
   -7.5000   30.0000  -37.500010735.0938   14.2886
    0.0000   30.0000  -37.500011145.9600   14.2842
    7.5000   30.0000  -37.500010575.4756   14.2769
   -7.5000   37.5000  -37.500010209.3506   14.5055
    0.0000   37.5000  -37.500010584.0869   14.5042
    7.5000   37.5000  -37.500010040.6230   14.5012
   -7.5000   45.0000  -37.5000 9364.5273   14.4724
    0.0000   45.0000  -37.5000 9707.7939   14.4788
    7.5000   45.0000  -37.5000 9186.6396   14.4785
   -7.5000  -45.0000  -30.000011319.5342   14.8579
    0.0000  -45.0000  -30.000011739.6338   14.8651
    7.5000  -45.0000  -30.000011154.5410   14.8710
   -7.5000  -37.5000  -30.000011804.6182   14.8680
    0.0000  -37.5000  -30.000012249.0322   14.8759
    7.5000  -37.5000  -30.000011617.6191   14.8782
   -7.5000  -30.0000  -30.000012645.9775   14.7765
    0.0000  -30.0000  -30.000013130.8857   14.7811
    7.5000  -30.0000  -30.000012449.0361   14.7776
   -7.5000  -22.5000  -30.000013424.6982   14.6664
    0.0000  -22.5000  -30.000013924.7432   14.6674
    7.5000  -22.5000  -30.000013209.4336   14.6612
   -7.5000  -15.0000  -30.000014097.0840   14.5687
    0.0000  -15.0000  -30.000014609.6729   14.5686
    7.5000  -15.0000  -30.000013824.5938   14.5647
   -7.5000   -7.5000  -30.000014636.1240   14.5162
    0.0000   -7.5000  -30.000015168.3057   14.5194
    7.5000   -7.5000  -30.000014323.9365   14.5213
   -7.5000    0.0000  -30.000015011.3525   14.5033
    0.0000    0.0000  -30.000015553.6152   14.5110
    7.5000    0.0000  -30.000014713.8428   14.5166
   -7.5000    7.5000  -30.000014257.1367   14.5819
    0.0000    7.5000  -30.000014779.4717   14.5902
    7.5000    7.5000  -30.000013985.0410   14.5925
   -7.5000   15.0000  -30.000013369.2119   14.6853
    0.0000   15.0000  -30.000013856.0479   14.6905
    7.5000   15.0000  -30.000013127.3457   14.6876
   -7.5000   22.5000  -30.000012415.1904   14.8082
    0.0000   22.5000  -30.000012866.2168   14.8090
    7.5000   22.5000  -30.000012205.9697   14.8034
   -7.5000   30.0000  -30.000011417.7090   14.7878
    0.0000   30.0000  -30.000011850.9297   14.7884
    7.5000   30.0000  -30.000011257.6152   14.7842
   -7.5000   37.5000  -30.000010842.4883   15.0096
    0.0000   37.5000  -30.000011236.2988   15.0140
    7.5000   37.5000  -30.000010663.4414   15.0135
   -7.5000   45.0000  -30.0000 9919.2607   14.9829
    0.0000   45.0000  -30.000010284.5000   14.9947
    7.5000   45.0000  -30.0000 9739.6602   14.9967
   -7.5000  -45.0000  -22.500012113.4355   15.3018
    0.0000  -45.0000  -22.500012565.4678   15.3092
    7.5000  -45.0000  -22.500011906.8125   15.3191
   -7.5000  -37.5000  -22.500012632.2393   15.3087
    0.0000  -37.5000  -22.500013094.3955   15.3168
    7.5000  -37.5000  -22.500012394.1631   15.3216
   -7.5000  -30.0000  -22.500013538.8252   15.2137
    0.0000  -30.0000  -22.500014047.1709   15.2200
    7.5000  -30.0000  -22.500013296.8936   15.2177
   -7.5000  -22.5000  -22.500014381.3877   15.1006
    0.0000  -22.5000  -22.500014914.7812   15.1045
    7.5000  -22.5000  -22.500014113.5498   15.0998
   -7.5000  -15.0000  -22.500015102.4209   14.9992
    0.0000  -15.0000  -22.500015659.0547   15.0021
    7.5000  -15.0000  -22.500014767.7256   15.0012
   -7.5000   -7.5000  -22.500015645.6123   14.9416
    0.0000   -7.5000  -22.500016211.7891   14.9464
    7.5000   -7.5000  -22.500015299.0996   14.9524
   -7.5000    0.0000  -22.500016034.2734   14.9241
    0.0000    0.0000  -22.500016607.7090   14.9321
    7.5000    0.0000  -22.500015691.9434   14.9415
   -7.5000    7.5000  -22.500015200.6533   15.0041
    0.0000    7.5000  -22.500015743.2666   15.0127
    7.5000    7.5000  -22.500014885.4268   15.0173
   -7.5000   15.0000  -22.500014219.7412   15.1114
    0.0000   15.0000  -22.500014722.9170   15.1181
    7.5000   15.0000  -22.500013937.2334   15.1161
   -7.5000   22.5000  -22.500013174.1309   15.2403
    0.0000   22.5000  -22.500013655.3945   15.2443
    7.5000   22.5000  -22.500012928.9629   15.2397
   -7.5000   30.0000  -22.500012098.2529   15.2255
    0.0000   30.0000  -22.500012557.3516   15.2295
    7.5000   30.0000  -22.500011904.7246   15.2277
   -7.5000   37.5000  -22.500011489.9717   15.4505
    0.0000   37.5000  -22.500011898.7412   15.4563
    7.5000   37.5000  -22.500011270.1201   15.4586
   -7.5000   45.0000  -22.500010484.7656   15.4261
    0.0000   45.0000  -22.500010853.0977   15.4378
    7.5000   45.0000  -22.500010273.8252   15.4422
   -7.5000  -45.0000  -15.000012891.4131   15.6263
    0.0000  -45.0000  -15.000013344.1572   15.6295
    7.5000  -45.0000  -15.000012597.8848   15.6409
   -7.5000  -37.5000  -15.000013446.0830   15.6320
    0.0000  -37.5000  -15.000013908.5645   15.6365
    7.5000  -37.5000  -15.000013126.5020   15.6413
   -7.5000  -30.0000  -15.000014416.3818   15.5354
    0.0000  -30.0000  -15.000014933.9707   15.5390
    7.5000  -30.0000  -15.000014087.3262   15.5349
   -7.5000  -22.5000  -15.000015301.9424   15.4195
    0.0000  -22.5000  -15.000015855.0059   15.4217
    7.5000  -22.5000  -15.000014964.3047   15.4148
   -7.5000  -15.0000  -15.000016069.9658   15.3152
    0.0000  -15.0000  -15.000016646.6855   15.3162
    7.5000  -15.0000  -15.000015685.5156   15.3144
   -7.5000   -7.5000  -15.000016616.5410   15.2548
    0.0000   -7.5000  -15.000017199.0293   15.2565
    7.5000   -7.5000  -15.000016224.7725   15.2633
   -7.5000    0.0000  -15.000016982.0117   15.2356
    0.0000    0.0000  -15.000017587.8027   15.2396
    7.5000    0.0000  -15.000016620.3301   15.2504
   -7.5000    7.5000  -15.000016047.0664   15.3183
    0.0000    7.5000  -15.000016644.4316   15.3233
    7.5000    7.5000  -15.000015741.4414   15.3279
   -7.5000   15.0000  -15.000014998.8350   15.4294
    0.0000   15.0000  -15.000015543.0479   15.4332
    7.5000   15.0000  -15.000014710.6152   15.4291
   -7.5000   22.5000  -15.000013883.8896   15.5606
    0.0000   22.5000  -15.000014397.9033   15.5631
    7.5000   22.5000  -15.000013632.5850   15.5558
   -7.5000   30.0000  -15.000012762.5527   15.5494
    0.0000   30.0000  -15.000013233.6172   15.5517
    7.5000   30.0000  -15.000012534.6084   15.5487
   -7.5000   37.5000  -15.000012127.3604   15.7772
    0.0000   37.5000  -15.000012575.1504   15.7793
    7.5000   37.5000  -15.000011878.1543   15.7813
   -7.5000   45.0000  -15.000011059.1201   15.7563
    0.0000   45.0000  -15.000011445.6426   15.7629
    7.5000   45.0000  -15.000010803.9697   15.7677
   -7.5000  -45.0000   -7.500013600.8682   15.7872
    0.0000  -45.0000   -7.500014089.7139   15.7858
    7.5000  -45.0000   -7.500013255.3467   15.7941
   -7.5000  -37.5000   -7.500014191.5703   15.7946
    0.0000  -37.5000   -7.500014724.6807   15.7950
    7.5000  -37.5000   -7.500013832.6484   15.7969
   -7.5000  -30.0000   -7.500015206.5791   15.6978
    0.0000  -30.0000   -7.500015805.7529   15.6971
    7.5000  -30.0000   -7.500014840.0039   15.6899
   -7.5000  -22.5000   -7.500016139.8027   15.5791
    0.0000  -22.5000   -7.500016771.9004   15.5767
    7.5000  -22.5000   -7.500015743.3105   15.5662
   -7.5000  -15.0000   -7.500016960.8516   15.4716
    0.0000  -15.0000   -7.500017630.2383   15.4681
    7.5000  -15.0000   -7.500016530.5762   15.4621
   -7.5000   -7.5000   -7.500017564.1680   15.4101
    0.0000   -7.5000   -7.500018220.1426   15.4072
    7.5000   -7.5000   -7.500017135.3691   15.4102
   -7.5000    0.0000   -7.500017930.6895   15.3917
    0.0000    0.0000   -7.500018594.7129   15.3913
    7.5000    0.0000   -7.500017553.9336   15.3991
   -7.5000    7.5000   -7.500016951.3555   15.4769
    0.0000    7.5000   -7.500017562.0059   15.4779
    7.5000    7.5000   -7.500016583.6777   15.4796
   -7.5000   15.0000   -7.500015831.7490   15.5897
    0.0000   15.0000   -7.500016397.1816   15.5894
    7.5000   15.0000   -7.500015450.3984   15.5821
   -7.5000   22.5000   -7.500014642.4434   15.7177
    0.0000   22.5000   -7.500015167.5898   15.7157
    7.5000   22.5000   -7.500014302.8613   15.7048
   -7.5000   30.0000   -7.500013459.0918   15.7056
    0.0000   30.0000   -7.500013917.7959   15.7031
    7.5000   30.0000   -7.500013145.6582   15.6964
   -7.5000   37.5000   -7.500012775.9883   15.9357
    0.0000   37.5000   -7.500013210.9590   15.9328
    7.5000   37.5000   -7.500012462.8672   15.9316
   -7.5000   45.0000   -7.500011637.8213   15.9196
    0.0000   45.0000   -7.500012030.6865   15.9212
    7.5000   45.0000   -7.500011338.4570   15.9234
   -7.5000  -45.0000    0.000014168.6562   15.8051
    0.0000  -45.0000    0.000014690.4932   15.8029
    7.5000  -45.0000    0.000013857.8750   15.8074
   -7.5000  -37.5000    0.000014782.3906   15.8121
    0.0000  -37.5000    0.000015349.7227   15.8119
    7.5000  -37.5000    0.000014442.2188   15.8119
   -7.5000  -30.0000    0.000015847.0664   15.7135
    0.0000  -30.0000    0.000016456.1875   15.7112
    7.5000  -30.0000    0.000015471.2393   15.7031
   -7.5000  -22.5000    0.000016829.3262   15.5926
    0.0000  -22.5000    0.000017487.2305   15.5873
    7.5000  -22.5000    0.000016392.2539   15.5755
   -7.5000  -15.0000    0.000017774.8418   15.4842
    0.0000  -15.0000    0.000018495.8828   15.4773
    7.5000  -15.0000    0.000017236.2520   15.4683
   -7.5000   -7.5000    0.000018524.7109   15.4245
    0.0000   -7.5000    0.000019248.2324   15.4192
    7.5000   -7.5000    0.000017879.4219   15.4181
   -7.5000    0.0000    0.000018958.4668   15.4080
    0.0000    0.0000    0.000019647.2207   15.4068
    7.5000    0.0000    0.000018312.8242   15.4109
   -7.5000    7.5000    0.000017880.6582   15.4930
    0.0000    7.5000    0.000018492.6348   15.4935
    7.5000    7.5000    0.000017294.3496   15.4933
   -7.5000   15.0000    0.000016607.9570   15.6042
    0.0000   15.0000    0.000017167.2109   15.6027
    7.5000   15.0000    0.000016094.7998   15.5949
   -7.5000   22.5000    0.000015285.6074   15.7291
    0.0000   22.5000    0.000015820.2100   15.7239
    7.5000   22.5000    0.000014891.5713   15.7122
   -7.5000   30.0000    0.000014014.9424   15.7149
    0.0000   30.0000    0.000014500.2900   15.7089
    7.5000   30.0000    0.000013698.9092   15.6998
   -7.5000   37.5000    0.000013289.8135   15.9473
    0.0000   37.5000    0.000013751.0889   15.9424
    7.5000   37.5000    0.000012985.8271   15.9387
   -7.5000   45.0000    0.000012104.2568   15.9363
    0.0000   45.0000    0.000012514.5713   15.9378
    7.5000   45.0000    0.000011797.0996   15.9374
   -7.5000  -45.0000    7.500013656.6191   15.8987
    0.0000  -45.0000    7.500014152.7031   15.9011
    7.5000  -45.0000    7.500013365.0449   15.9053
   -7.5000  -37.5000    7.500014267.3115   15.9065
    0.0000  -37.5000    7.500014787.4736   15.9103
    7.5000  -37.5000    7.500013933.9561   15.9110
   -7.5000  -30.0000    7.500015298.8125   15.8068
    0.0000  -30.0000    7.500015864.1924   15.8070
    7.5000  -30.0000    7.500014908.9004   15.8011
   -7.5000  -22.5000    7.500016272.2051   15.6861
    0.0000  -22.5000    7.500016864.4180   15.6821
    7.5000  -22.5000    7.500015828.3994   15.6727
   -7.5000  -15.0000    7.500017227.8867   15.5788
    0.0000  -15.0000    7.500017858.9082   15.5734
    7.5000  -15.0000    7.500016647.1406   15.5660
   -7.5000   -7.5000    7.500017939.7246   15.5202
    0.0000   -7.5000    7.500018593.0273   15.5180
    7.5000   -7.5000    7.500017256.4336   15.5171
   -7.5000    0.0000    7.500018320.3008   15.5047
    0.0000    0.0000    7.500018957.7363   15.5080
    7.5000    0.0000    7.500017649.9102   15.5120
   -7.5000    7.5000    7.500017281.0879   15.5894
    0.0000    7.5000    7.500017848.9902   15.5938
    7.5000    7.5000    7.500016677.9727   15.5946
   -7.5000   15.0000    7.500016080.8057   15.7003
    0.0000   15.0000    7.500016621.2891   15.7014
    7.5000   15.0000    7.500015553.7656   15.6961
   -7.5000   22.5000    7.500014803.2334   15.8260
    0.0000   22.5000    7.500015315.6973   15.8218
    7.5000   22.5000    7.500014397.1504   15.8130
   -7.5000   30.0000    7.500013532.4834   15.8107
    0.0000   30.0000    7.500014015.2832   15.8059
    7.5000   30.0000    7.500013228.9580   15.7984
   -7.5000   37.5000    7.500012811.0615   16.0448
    0.0000   37.5000    7.500013250.0312   16.0435
    7.5000   37.5000    7.500012527.4160   16.0408
   -7.5000   45.0000    7.500011614.3652   16.0351
    0.0000   45.0000    7.500012007.4297   16.0421
    7.5000   45.0000    7.500011351.6240   16.0424
   -7.5000  -45.0000   15.000013019.7744   15.9927
    0.0000  -45.0000   15.000013480.7676   16.0000
    7.5000  -45.0000   15.000012723.0312   16.0068
   -7.5000  -37.5000   15.000013611.5459   15.9997
    0.0000  -37.5000   15.000014112.2129   16.0075
    7.5000  -37.5000   15.000013291.4932   16.0104
   -7.5000  -30.0000   15.000014622.8486   15.9003
    0.0000  -30.0000   15.000015140.5732   15.9046
    7.5000  -30.0000   15.000014254.0664   15.9012
   -7.5000  -22.5000   15.000015578.7373   15.7820
    0.0000  -22.5000   15.000016095.5684   15.7826
    7.5000  -22.5000   15.000015148.6494   15.7765
   -7.5000  -15.0000   15.000016489.4727   15.6775
    0.0000  -15.0000   15.000017026.4395   15.6771
    7.5000  -15.0000   15.000015945.4004   15.6735
   -7.5000   -7.5000   15.000017074.0996   15.6185
    0.0000   -7.5000   15.000017640.8145   15.6218
    7.5000   -7.5000   15.000016526.3496   15.6244
   -7.5000    0.0000   15.000017365.9453   15.6026
    0.0000    0.0000   15.000017914.2031   15.6105
    7.5000    0.0000   15.000016870.0859   15.6170
   -7.5000    7.5000   15.000016395.0195   15.6856
    0.0000    7.5000   15.000016869.5430   15.6939
    7.5000    7.5000   15.000015894.4160   15.6968
   -7.5000   15.0000   15.000015304.7988   15.7947
    0.0000   15.0000   15.000015746.2959   15.7997
    7.5000   15.0000   15.000014821.0693   15.7970
   -7.5000   22.5000   15.000014140.5322   15.9216
    0.0000   22.5000   15.000014578.8691   15.9220
    7.5000   22.5000   15.000013724.9473   15.9164
   -7.5000   30.0000   15.000012930.5400   15.9055
    0.0000   30.0000   15.000013343.7764   15.9059
    7.5000   30.0000   15.000012587.4160   15.9019
   -7.5000   37.5000   15.000012234.1709   16.1392
    0.0000   37.5000   15.000012618.7354   16.1437
    7.5000   37.5000   15.000011928.3340   16.1439
   -7.5000   45.0000   15.000011045.9023   16.1274
    0.0000   45.0000   15.000011415.2266   16.1397
    7.5000   45.0000   15.000010791.8955   16.1425
   -7.5000  -45.0000   22.500012249.2529   16.1464
    0.0000  -45.0000   22.500012692.8828   16.1533
    7.5000  -45.0000   22.500012007.8604   16.1642
   -7.5000  -37.5000   22.500012806.5908   16.1538
    0.0000  -37.5000   22.500013272.9014   16.1612
    7.5000  -37.5000   22.500012539.9639   16.1664
   -7.5000  -30.0000   22.500013762.7852   16.0564
    0.0000  -30.0000   22.500014246.8027   16.0617
    7.5000  -30.0000   22.500013470.0732   16.0594
   -7.5000  -22.5000   22.500014679.5654   15.9405
    0.0000  -22.5000   22.500015169.1855   15.9436
    7.5000  -22.5000   22.500014323.4854   15.9388
   -7.5000  -15.0000   22.500015505.3535   15.8377
    0.0000  -15.0000   22.500016037.4980   15.8401
    7.5000  -15.0000   22.500015072.5332   15.8395
   -7.5000   -7.5000   22.500016015.5918   15.7766
    0.0000   -7.5000   22.500016555.2422   15.7810
    7.5000   -7.5000   22.500015594.5479   15.7880
   -7.5000    0.0000   22.500016332.8984   15.7582
    0.0000    0.0000   22.500016845.3418   15.7659
    7.5000    0.0000   22.500015926.4775   15.7764
   -7.5000    7.5000   22.500015441.6357   15.8415
    0.0000    7.5000   22.500015912.8936   15.8494
    7.5000    7.5000   22.500015031.8281   15.8545
   -7.5000   15.0000   22.500014418.3418   15.9518
    0.0000   15.0000   22.500014852.8877   15.9575
    7.5000   15.0000   22.500014017.2402   15.9555
   -7.5000   22.5000   22.500013320.0254   16.0815
    0.0000   22.5000   22.500013731.2295   16.0846
    7.5000   22.5000   22.500012956.2441   16.0800
   -7.5000   30.0000   22.500012172.6650   16.0668
    0.0000   30.0000   22.500012557.4473   16.0702
    7.5000   30.0000   22.500011869.7061   16.0689
   -7.5000   37.5000   22.500011515.2754   16.3003
    0.0000   37.5000   22.500011889.8125   16.3058
    7.5000   37.5000   22.500011240.8271   16.3087
   -7.5000   45.0000   22.500010409.5146   16.2841
    0.0000   45.0000   22.500010753.7656   16.2956
    7.5000   45.0000   22.500010180.4023   16.3010
   -7.5000  -45.0000   30.000011389.8564   16.3780
    0.0000  -45.0000   30.000011805.6357   16.3802
    7.5000  -45.0000   30.000011189.2744   16.3927
   -7.5000  -37.5000   30.000011877.5381   16.3870
    0.0000  -37.5000   30.000012322.7734   16.3903
    7.5000  -37.5000   30.000011664.7852   16.3954
   -7.5000  -30.0000   30.000012754.9688   16.2918
    0.0000  -30.0000   30.000013221.3721   16.2940
    7.5000  -30.0000   30.000012528.9678   16.2894
   -7.5000  -22.5000   30.000013605.8701   16.1770
    0.0000  -22.5000   30.000014105.5146   16.1778
    7.5000  -22.5000   30.000013356.4424   16.1702
   -7.5000  -15.0000   30.000014382.1221   16.0745
    0.0000  -15.0000   30.000014884.9375   16.0744
    7.5000  -15.0000   30.000014068.0898   16.0725
   -7.5000   -7.5000   30.000014860.1963   16.0108
    0.0000   -7.5000   30.000015354.5068   16.0116
    7.5000   -7.5000   30.000014543.5850   16.0193
   -7.5000    0.0000   30.000015161.5020   15.9898
    0.0000    0.0000   30.000015671.3232   15.9930
    7.5000    0.0000   30.000014851.9863   16.0049
   -7.5000    7.5000   30.000014334.7275   16.0743
    0.0000    7.5000   30.000014822.7598   16.0782
    7.5000    7.5000   30.000014034.9629   16.0832
   -7.5000   15.0000   30.000013392.1221   16.1876
    0.0000   15.0000   30.000013855.7861   16.1900
    7.5000   15.0000   30.000013109.0840   16.1854
   -7.5000   22.5000   30.000012394.8174   16.3203
    0.0000   22.5000   30.000012813.1465   16.3214
    7.5000   22.5000   30.000012117.3486   16.3134
   -7.5000   30.0000   30.000011344.8867   16.3078
    0.0000   30.0000   30.000011718.4062   16.3090
    7.5000   30.0000   30.000011083.9277   16.3059
   -7.5000   37.5000   30.000010742.7314   16.5432
    0.0000   37.5000   30.000011101.3408   16.5443
    7.5000   37.5000   30.000010492.2725   16.5468
   -7.5000   45.0000   30.0000 9721.7041   16.5244
    0.0000   45.0000   30.000010065.0830   16.5303
    7.5000   45.0000   30.0000 9517.8291   16.5359
   -7.5000  -45.0000   37.500010892.0947   16.6865
    0.0000  -45.0000   37.500011318.7178   16.6839
    7.5000  -45.0000   37.500010747.6689   16.6928
   -7.5000  -37.5000   37.500011348.9004   16.6970
    0.0000  -37.5000   37.500011797.1777   16.6961
    7.5000  -37.5000   37.500011205.4941   16.6981
   -7.5000  -30.0000   37.500012215.6367   16.6021
    0.0000  -30.0000   37.500012691.6904   16.5997
    7.5000  -30.0000   37.500012051.4971   16.5914
   -7.5000  -22.5000   37.500013040.7383   16.4856
    0.0000  -22.5000   37.500013543.4150   16.4811
    7.5000  -22.5000   37.500012851.8877   16.4690
   -7.5000  -15.0000   37.500013765.0010   16.3819
    0.0000  -15.0000   37.500014262.9717   16.3760
    7.5000  -15.0000   37.500013527.0361   16.3688
   -7.5000   -7.5000   37.500014218.0020   16.3176
    0.0000   -7.5000   37.500014706.2109   16.3128
    7.5000   -7.5000   37.500013971.9121   16.3158
   -7.5000    0.0000   37.500014518.8516   16.2958
    0.0000    0.0000   37.500015025.0820   16.2943
    7.5000    0.0000   37.500014269.4385   16.3028
   -7.5000    7.5000   37.500013713.1924   16.3816
    0.0000    7.5000   37.500014205.4502   16.3815
    7.5000    7.5000   37.500013484.1699   16.3834
   -7.5000   15.0000   37.500012810.4678   16.4971
    0.0000   15.0000   37.500013282.6650   16.4953
    7.5000   15.0000   37.500012608.1445   16.4870
   -7.5000   22.5000   37.500011871.4453   16.6312
    0.0000   22.5000   37.500012303.4375   16.6270
    7.5000   22.5000   37.500011668.3379   16.6146
   -7.5000   30.0000   37.500010903.3115   16.6190
    0.0000   30.0000   37.500011291.2256   16.6143
    7.5000   30.0000   37.500010688.9102   16.6064
   -7.5000   37.5000   37.500010347.0889   16.8604
    0.0000   37.5000   37.500010712.3301   16.8555
    7.5000   37.5000   37.500010131.7334   16.8539
   -7.5000   45.0000   37.5000 9369.5508   16.8454
    0.0000   45.0000   37.5000 9711.8359   16.8460
    7.5000   45.0000   37.5000 9198.0586   16.8485
   -7.5000  -45.0000   45.000010028.2549   17.0252
    0.0000  -45.0000   45.000010424.4639   17.0242
    7.5000  -45.0000   45.0000 9899.5693   17.0315
   -7.5000  -37.5000   45.000010452.2002   17.0351
    0.0000  -37.5000   45.000010858.4805   17.0355
    7.5000  -37.5000   45.000010321.4336   17.0373
   -7.5000  -30.0000   45.000011255.1719   16.9371
    0.0000  -30.0000   45.000011675.9170   16.9338
    7.5000  -30.0000   45.000011102.8730   16.9254
   -7.5000  -22.5000   45.000012011.5439   16.8176
    0.0000  -22.5000   45.000012467.4463   16.8103
    7.5000  -22.5000   45.000011834.2295   16.7969
   -7.5000  -15.0000   45.000012635.4834   16.7128
    0.0000  -15.0000   45.000013113.0850   16.7041
    7.5000  -15.0000   45.000012438.5605   16.6942
   -7.5000   -7.5000   45.000013046.8350   16.6504
    0.0000   -7.5000   45.000013504.8662   16.6449
    7.5000   -7.5000   45.000012847.7598   16.6451
   -7.5000    0.0000   45.000013327.9141   16.6284
    0.0000    0.0000   45.000013803.9150   16.6284
    7.5000    0.0000   45.000013136.2109   16.6356
   -7.5000    7.5000   45.000012571.3467   16.7143
    0.0000    7.5000   45.000013047.1836   16.7154
    7.5000    7.5000   45.000012406.3418   16.7173
   -7.5000   15.0000   45.000011748.9795   16.8307
    0.0000   15.0000   45.000012189.2686   16.8282
    7.5000   15.0000   45.000011594.3086   16.8202
   -7.5000   22.5000   45.000010902.2305   16.9668
    0.0000   22.5000   45.000011312.4639   16.9596
    7.5000   22.5000   45.000010745.7520   16.9465
   -7.5000   30.0000   45.000010034.8975   16.9545
    0.0000   30.0000   45.000010414.2256   16.9471
    7.5000   30.0000   45.0000 9868.2471   16.9372
   -7.5000   37.5000   45.0000 9544.5986   17.2063
    0.0000   37.5000   45.0000 9895.2617   17.2013
    7.5000   37.5000   45.0000 9374.8379   17.1988
   -7.5000   45.0000   45.0000 8663.4668   17.2092
    0.0000   45.0000   45.0000 8978.5957   17.2127
    7.5000   45.0000   45.0000 8514.2998   17.2151

---------------------------------------------------------------------
imgreg_4dfp /opt/freesurfer/average/711-2C_as_mni_average_305 /opt/freesurfer/average/711-2B_as_mni_average_305_mask talsrcimg_g11 none talsrcimg_to_711-2C_as_mni_average_305_t4 4355
---------------------------------------------------------------------

freesurfer imgreg_4dfp.c
/opt/freesurfer/average/711-2C_as_mni_average_305.4dfp.img
       256       256       256         1
  1.000000  1.000000  1.000000
orientation T byte_order littleendian
Reading image: /opt/freesurfer/average/711-2C_as_mni_average_305.4dfp.img
dimensions:      256       256       256
mmppix:       1.0000   -1.0000   -1.0000
center:     128.0000 -129.0000 -129.0000
/opt/freesurfer/average/711-2B_as_mni_average_305_mask.4dfp.img
       256       256       256         1
  1.000000  1.000000  1.000000
orientation T byte_order littleendian
Reading mask: /opt/freesurfer/average/711-2B_as_mni_average_305_mask.4dfp.img (2306576 pixels)
talsrcimg_g11.4dfp.img
       256       256       256         1
  1.000000  1.000000  1.000000
orientation T byte_order littleendian
Reading image: talsrcimg_g11.4dfp.img
dimensions:      256       256       256
mmppix:       1.0000   -1.0000   -1.0000
center:     128.0000 -129.0000 -129.0000
rotation matrix determinant  1.000000
image alignment mode   4355 decimal     1103 hex
   -7.5000  -45.0000  -45.0000 2421.1130   16.9096
    0.0000  -45.0000  -45.0000 2424.3955   16.9290
    7.5000  -45.0000  -45.0000 2400.7021   17.1284
   -7.5000  -37.5000  -45.0000 2460.6582   16.1520
    0.0000  -37.5000  -45.0000 2464.2068   16.1419
    7.5000  -37.5000  -45.0000 2436.6624   16.3441
   -7.5000  -30.0000  -45.0000 2487.4128   15.5428
    0.0000  -30.0000  -45.0000 2492.4888   15.5160
    7.5000  -30.0000  -45.0000 2463.6206   15.7242
   -7.5000  -22.5000  -45.0000 2508.1123   15.0803
    0.0000  -22.5000  -45.0000 2513.6152   15.0589
    7.5000  -22.5000  -45.0000 2483.4619   15.2919
   -7.5000  -15.0000  -45.0000 2519.4409   14.8207
    0.0000  -15.0000  -45.0000 2525.7312   14.7686
    7.5000  -15.0000  -45.0000 2494.1394   15.0248
   -7.5000   -7.5000  -45.0000 2515.8672   14.8276
    0.0000   -7.5000  -45.0000 2524.1624   14.7631
    7.5000   -7.5000  -45.0000 2492.2603   15.0078
   -7.5000    0.0000  -45.0000 2493.9861   15.0820
    0.0000    0.0000  -45.0000 2508.2502   15.0461
    7.5000    0.0000  -45.0000 2473.5317   15.2830
   -7.5000    7.5000  -45.0000 2452.1477   15.5677
    0.0000    7.5000  -45.0000 2468.6145   15.5510
    7.5000    7.5000  -45.0000 2434.7476   15.8014
   -7.5000   15.0000  -45.0000 2397.5569   16.2905
    0.0000   15.0000  -45.0000 2410.1924   16.2542
    7.5000   15.0000  -45.0000 2376.7336   16.5191
   -7.5000   22.5000  -45.0000 2329.4617   17.3097
    0.0000   22.5000  -45.0000 2337.9888   17.2983
    7.5000   22.5000  -45.0000 2309.9514   17.5655
   -7.5000   30.0000  -45.0000 2254.3408   18.7861
    0.0000   30.0000  -45.0000 2261.3733   18.7786
    7.5000   30.0000  -45.0000 2231.8601   19.0462
   -7.5000   37.5000  -45.0000 2166.7666   20.8232
    0.0000   37.5000  -45.0000 2171.5969   20.8142
    7.5000   37.5000  -45.0000 2142.8794   21.1057
   -7.5000   45.0000  -45.0000 2063.1265   23.4602
    0.0000   45.0000  -45.0000 2072.0945   23.4874
    7.5000   45.0000  -45.0000 2039.1295   23.8403
   -7.5000  -45.0000  -37.5000 2495.0190   15.8937
    0.0000  -45.0000  -37.5000 2497.5071   15.9131
    7.5000  -45.0000  -37.5000 2463.9241   16.1315
   -7.5000  -37.5000  -37.5000 2535.3020   15.1982
    0.0000  -37.5000  -37.5000 2535.5293   15.1744
    7.5000  -37.5000  -37.5000 2502.7471   15.3940
   -7.5000  -30.0000  -37.5000 2556.2756   14.6262
    0.0000  -30.0000  -37.5000 2563.6992   14.6255
    7.5000  -30.0000  -37.5000 2533.1584   14.8214
   -7.5000  -22.5000  -37.5000 2580.5071   14.1931
    0.0000  -22.5000  -37.5000 2588.3708   14.1705
    7.5000  -22.5000  -37.5000 2557.6604   14.3925
   -7.5000  -15.0000  -37.5000 2591.8857   13.9608
    0.0000  -15.0000  -37.5000 2599.5393   13.9075
    7.5000  -15.0000  -37.5000 2568.3320   14.1225
   -7.5000   -7.5000  -37.5000 2592.4697   13.9196
    0.0000   -7.5000  -37.5000 2601.8853   13.8714
    7.5000   -7.5000  -37.5000 2569.2153   14.0754
   -7.5000    0.0000  -37.5000 2572.5776   14.1280
    0.0000    0.0000  -37.5000 2585.0127   14.0979
    7.5000    0.0000  -37.5000 2551.8054   14.3119
   -7.5000    7.5000  -37.5000 2534.3379   14.5338
    0.0000    7.5000  -37.5000 2547.6277   14.5168
    7.5000    7.5000  -37.5000 2513.6970   14.7418
   -7.5000   15.0000  -37.5000 2476.7285   15.1608
    0.0000   15.0000  -37.5000 2490.1482   15.1427
    7.5000   15.0000  -37.5000 2458.5232   15.3816
   -7.5000   22.5000  -37.5000 2407.1116   16.0950
    0.0000   22.5000  -37.5000 2415.2314   16.0776
    7.5000   22.5000  -37.5000 2386.2878   16.3182
   -7.5000   30.0000  -37.5000 2321.7017   17.4578
    0.0000   30.0000  -37.5000 2327.7983   17.4400
    7.5000   30.0000  -37.5000 2300.8711   17.6993
   -7.5000   37.5000  -37.5000 2228.5972   19.3135
    0.0000   37.5000  -37.5000 2234.6082   19.3084
    7.5000   37.5000  -37.5000 2205.5417   19.6126
   -7.5000   45.0000  -37.5000 2122.7932   21.7302
    0.0000   45.0000  -37.5000 2130.6667   21.7654
    7.5000   45.0000  -37.5000 2097.7363   22.0808
   -7.5000  -45.0000  -30.0000 2623.1997   15.4042
    0.0000  -45.0000  -30.0000 2622.5337   15.4024
    7.5000  -45.0000  -30.0000 2587.7727   15.6311
   -7.5000  -37.5000  -30.0000 2665.5984   14.7073
    0.0000  -37.5000  -30.0000 2666.0439   14.7064
    7.5000  -37.5000  -30.0000 2630.5820   14.9032
   -7.5000  -30.0000  -30.0000 2691.0090   14.1539
    0.0000  -30.0000  -30.0000 2699.4211   14.1510
    7.5000  -30.0000  -30.0000 2665.3428   14.3344
   -7.5000  -22.5000  -30.0000 2713.0142   13.7488
    0.0000  -22.5000  -30.0000 2720.9014   13.7351
    7.5000  -22.5000  -30.0000 2688.6584   13.9317
   -7.5000  -15.0000  -30.0000 2725.8296   13.5106
    0.0000  -15.0000  -30.0000 2736.1228   13.4901
    7.5000  -15.0000  -30.0000 2702.5125   13.6783
   -7.5000   -7.5000  -30.0000 2727.1074   13.4675
    0.0000   -7.5000  -30.0000 2739.7798   13.4606
    7.5000   -7.5000  -30.0000 2701.0854   13.6399
   -7.5000    0.0000  -30.0000 2710.8745   13.6420
    0.0000    0.0000  -30.0000 2721.9707   13.6357
    7.5000    0.0000  -30.0000 2687.1558   13.8430
   -7.5000    7.5000  -30.0000 2675.6929   14.0222
    0.0000    7.5000  -30.0000 2687.2771   14.0026
    7.5000    7.5000  -30.0000 2651.2866   14.2331
   -7.5000   15.0000  -30.0000 2616.9648   14.5952
    0.0000   15.0000  -30.0000 2627.1919   14.5683
    7.5000   15.0000  -30.0000 2596.1052   14.8116
   -7.5000   22.5000  -30.0000 2541.0820   15.4646
    0.0000   22.5000  -30.0000 2548.7793   15.4399
    7.5000   22.5000  -30.0000 2519.9189   15.6980
   -7.5000   30.0000  -30.0000 2444.8169   16.7693
    0.0000   30.0000  -30.0000 2453.0327   16.7360
    7.5000   30.0000  -30.0000 2426.2332   17.0059
   -7.5000   37.5000  -30.0000 2341.2046   18.5259
    0.0000   37.5000  -30.0000 2345.5234   18.5200
    7.5000   37.5000  -30.0000 2317.7332   18.8168
   -7.5000   45.0000  -30.0000 2226.9126   20.8444
    0.0000   45.0000  -30.0000 2232.6519   20.8518
    7.5000   45.0000  -30.0000 2202.3108   21.1854
   -7.5000  -45.0000  -22.5000 2708.0066   14.8740
    0.0000  -45.0000  -22.5000 2709.8203   14.8584
    7.5000  -45.0000  -22.5000 2672.1882   15.0762
   -7.5000  -37.5000  -22.5000 2753.7322   14.1700
    0.0000  -37.5000  -22.5000 2753.1873   14.1785
    7.5000  -37.5000  -22.5000 2717.6641   14.3544
   -7.5000  -30.0000  -22.5000 2788.2542   13.6066
    0.0000  -30.0000  -22.5000 2793.9253   13.6143
    7.5000  -30.0000  -22.5000 2756.7346   13.7865
   -7.5000  -22.5000  -22.5000 2812.6946   13.2346
    0.0000  -22.5000  -22.5000 2820.9387   13.2228
    7.5000  -22.5000  -22.5000 2783.6733   13.4187
   -7.5000  -15.0000  -22.5000 2827.1514   13.0009
    0.0000  -15.0000  -22.5000 2842.8071   12.9945
    7.5000  -15.0000  -22.5000 2798.1631   13.1832
   -7.5000   -7.5000  -22.5000 2832.8835   12.9538
    0.0000   -7.5000  -22.5000 2845.5066   12.9525
    7.5000   -7.5000  -22.5000 2801.2603   13.1499
   -7.5000    0.0000  -22.5000 2820.9731   13.0990
    0.0000    0.0000  -22.5000 2830.8459   13.1101
    7.5000    0.0000  -22.5000 2788.1145   13.3280
   -7.5000    7.5000  -22.5000 2785.1833   13.4693
    0.0000    7.5000  -22.5000 2796.6611   13.4586
    7.5000    7.5000  -22.5000 2753.9561   13.6952
   -7.5000   15.0000  -22.5000 2720.5471   14.0244
    0.0000   15.0000  -22.5000 2732.9680   13.9887
    7.5000   15.0000  -22.5000 2698.5601   14.2347
   -7.5000   22.5000  -22.5000 2637.3354   14.8605
    0.0000   22.5000  -22.5000 2648.7661   14.8241
    7.5000   22.5000  -22.5000 2616.4915   15.0796
   -7.5000   30.0000  -22.5000 2537.7815   16.1116
    0.0000   30.0000  -22.5000 2549.5193   16.0853
    7.5000   30.0000  -22.5000 2515.6809   16.3655
   -7.5000   37.5000  -22.5000 2430.6238   17.8070
    0.0000   37.5000  -22.5000 2435.8665   17.7969
    7.5000   37.5000  -22.5000 2401.8875   18.0784
   -7.5000   45.0000  -22.5000 2308.1633   20.0391
    0.0000   45.0000  -22.5000 2312.2629   20.0298
    7.5000   45.0000  -22.5000 2282.5728   20.3363
   -7.5000  -45.0000  -15.0000 2757.6909   14.3817
    0.0000  -45.0000  -15.0000 2757.8149   14.3684
    7.5000  -45.0000  -15.0000 2719.5969   14.5815
   -7.5000  -37.5000  -15.0000 2799.8408   13.6742
    0.0000  -37.5000  -15.0000 2803.0142   13.6545
    7.5000  -37.5000  -15.0000 2768.8518   13.8523
   -7.5000  -30.0000  -15.0000 2841.6431   13.1195
    0.0000  -30.0000  -15.0000 2850.4695   13.1023
    7.5000  -30.0000  -15.0000 2813.3042   13.3049
   -7.5000  -22.5000  -15.0000 2871.0913   12.7396
    0.0000  -22.5000  -15.0000 2881.0059   12.7244
    7.5000  -22.5000  -15.0000 2844.1428   12.9271
   -7.5000  -15.0000  -15.0000 2891.9587   12.5332
    0.0000  -15.0000  -15.0000 2906.4380   12.5105
    7.5000  -15.0000  -15.0000 2859.8943   12.7173
   -7.5000   -7.5000  -15.0000 2899.2847   12.4790
    0.0000   -7.5000  -15.0000 2915.0525   12.4629
    7.5000   -7.5000  -15.0000 2865.0371   12.6852
   -7.5000    0.0000  -15.0000 2895.2549   12.6092
    0.0000    0.0000  -15.0000 2908.7588   12.6048
    7.5000    0.0000  -15.0000 2854.0403   12.8674
   -7.5000    7.5000  -15.0000 2855.1235   12.9953
    0.0000    7.5000  -15.0000 2871.1704   12.9803
    7.5000    7.5000  -15.0000 2819.4731   13.2419
   -7.5000   15.0000  -15.0000 2790.7747   13.5514
    0.0000   15.0000  -15.0000 2807.0234   13.5121
    7.5000   15.0000  -15.0000 2762.8372   13.7659
   -7.5000   22.5000  -15.0000 2702.6653   14.3533
    0.0000   22.5000  -15.0000 2716.0891   14.3277
    7.5000   22.5000  -15.0000 2678.7158   14.5882
   -7.5000   30.0000  -15.0000 2598.1904   15.5688
    0.0000   30.0000  -15.0000 2610.5330   15.5510
    7.5000   30.0000  -15.0000 2573.6040   15.8337
   -7.5000   37.5000  -15.0000 2484.2971   17.2353
    0.0000   37.5000  -15.0000 2497.0281   17.2087
    7.5000   37.5000  -15.0000 2459.7625   17.5111
   -7.5000   45.0000  -15.0000 2359.1624   19.3686
    0.0000   45.0000  -15.0000 2363.1912   19.3450
    7.5000   45.0000  -15.0000 2333.4990   19.6629
   -7.5000  -45.0000   -7.5000 2775.3987   13.9568
    0.0000  -45.0000   -7.5000 2778.3364   13.9389
    7.5000  -45.0000   -7.5000 2741.9089   14.1781
   -7.5000  -37.5000   -7.5000 2815.8323   13.2577
    0.0000  -37.5000   -7.5000 2827.9163   13.2475
    7.5000  -37.5000   -7.5000 2792.9541   13.4740
   -7.5000  -30.0000   -7.5000 2858.1750   12.7045
    0.0000  -30.0000   -7.5000 2874.7739   12.7044
    7.5000  -30.0000   -7.5000 2836.7007   12.9167
   -7.5000  -22.5000   -7.5000 2895.9612   12.3003
    0.0000  -22.5000   -7.5000 2916.5127   12.2936
    7.5000  -22.5000   -7.5000 2873.5198   12.5197
   -7.5000  -15.0000   -7.5000 2922.6511   12.1311
    0.0000  -15.0000   -7.5000 2947.5049   12.1073
    7.5000  -15.0000   -7.5000 2896.7192   12.3377
   -7.5000   -7.5000   -7.5000 2939.0479   12.1275
    0.0000   -7.5000   -7.5000 2961.9563   12.1013
    7.5000   -7.5000   -7.5000 2906.3484   12.3329
   -7.5000    0.0000   -7.5000 2940.5308   12.2482
    0.0000    0.0000   -7.5000 2956.7878   12.2342
    7.5000    0.0000   -7.5000 2898.9380   12.5081
   -7.5000    7.5000   -7.5000 2901.5732   12.6173
    0.0000    7.5000   -7.5000 2917.1775   12.5920
    7.5000    7.5000   -7.5000 2862.6982   12.8540
   -7.5000   15.0000   -7.5000 2830.6274   13.1899
    0.0000   15.0000   -7.5000 2849.1287   13.1481
    7.5000   15.0000   -7.5000 2799.4536   13.3812
   -7.5000   22.5000   -7.5000 2738.1479   13.9769
    0.0000   22.5000   -7.5000 2756.1106   13.9431
    7.5000   22.5000   -7.5000 2713.2119   14.1720
   -7.5000   30.0000   -7.5000 2635.0176   15.1462
    0.0000   30.0000   -7.5000 2645.8467   15.1062
    7.5000   30.0000   -7.5000 2608.9097   15.3646
   -7.5000   37.5000   -7.5000 2515.4253   16.7585
    0.0000   37.5000   -7.5000 2529.5366   16.7341
    7.5000   37.5000   -7.5000 2493.6995   17.0201
   -7.5000   45.0000   -7.5000 2388.3672   18.8413
    0.0000   45.0000   -7.5000 2396.0117   18.8090
    7.5000   45.0000   -7.5000 2364.2830   19.1074
   -7.5000  -45.0000    0.0000 2776.8372   13.7028
    0.0000  -45.0000    0.0000 2782.6985   13.6928
    7.5000  -45.0000    0.0000 2750.8811   13.9776
   -7.5000  -37.5000    0.0000 2819.0603   12.9831
    0.0000  -37.5000    0.0000 2834.9224   12.9727
    7.5000  -37.5000    0.0000 2803.1399   13.2584
   -7.5000  -30.0000    0.0000 2859.9136   12.4168
    0.0000  -30.0000    0.0000 2877.7756   12.4229
    7.5000  -30.0000    0.0000 2846.9780   12.6840
   -7.5000  -22.5000    0.0000 2906.8767   12.0482
    0.0000  -22.5000    0.0000 2928.1177   12.0449
    7.5000  -22.5000    0.0000 2889.2395   12.2908
   -7.5000  -15.0000    0.0000 2946.1516   11.9087
    0.0000  -15.0000    0.0000 2973.4658   11.8926
    7.5000  -15.0000    0.0000 2923.3865   12.1148
   -7.5000   -7.5000    0.0000 2967.9602   11.9647
    0.0000   -7.5000    0.0000 2992.7761   11.9460
    7.5000   -7.5000    0.0000 2936.1738   12.1174
   -7.5000    0.0000    0.0000 2966.8914   12.0940
    0.0000    0.0000    0.0000 2984.0334   12.0864
    7.5000    0.0000    0.0000 2925.3047   12.2984
   -7.5000    7.5000    0.0000 2927.3882   12.4371
    0.0000    7.5000    0.0000 2943.3159   12.3955
    7.5000    7.5000    0.0000 2887.6006   12.6278
   -7.5000   15.0000    0.0000 2854.0779   12.9795
    0.0000   15.0000    0.0000 2870.6755   12.9219
    7.5000   15.0000    0.0000 2820.7051   13.1687
   -7.5000   22.5000    0.0000 2760.4329   13.7469
    0.0000   22.5000    0.0000 2775.6848   13.7093
    7.5000   22.5000    0.0000 2734.7881   13.9576
   -7.5000   30.0000    0.0000 2652.1370   14.8856
    0.0000   30.0000    0.0000 2658.6819   14.8504
    7.5000   30.0000    0.0000 2627.0737   15.1126
   -7.5000   37.5000    0.0000 2529.0430   16.4596
    0.0000   37.5000    0.0000 2538.4890   16.4461
    7.5000   37.5000    0.0000 2505.6897   16.7234
   -7.5000   45.0000    0.0000 2399.4905   18.4941
    0.0000   45.0000    0.0000 2405.1792   18.4883
    7.5000   45.0000    0.0000 2373.6482   18.7791
   -7.5000  -45.0000    7.5000 2755.1409   13.6626
    0.0000  -45.0000    7.5000 2761.8354   13.6462
    7.5000  -45.0000    7.5000 2740.3823   13.9769
   -7.5000  -37.5000    7.5000 2805.6653   12.9282
    0.0000  -37.5000    7.5000 2817.1492   12.9319
    7.5000  -37.5000    7.5000 2793.3105   13.2249
   -7.5000  -30.0000    7.5000 2851.2327   12.3555
    0.0000  -30.0000    7.5000 2866.7170   12.3631
    7.5000  -30.0000    7.5000 2835.2627   12.6486
   -7.5000  -22.5000    7.5000 2905.9863   11.9672
    0.0000  -22.5000    7.5000 2923.8022   11.9692
    7.5000  -22.5000    7.5000 2882.1848   12.2394
   -7.5000  -15.0000    7.5000 2953.6331   11.8153
    0.0000  -15.0000    7.5000 2974.0776   11.8036
    7.5000  -15.0000    7.5000 2922.5259   12.0473
   -7.5000   -7.5000    7.5000 2982.5840   11.8519
    0.0000   -7.5000    7.5000 3004.6172   11.8324
    7.5000   -7.5000    7.5000 2942.9546   12.0426
   -7.5000    0.0000    7.5000 2977.3999   11.9994
    0.0000    0.0000    7.5000 2993.4854   11.9766
    7.5000    0.0000    7.5000 2934.7781   12.2161
   -7.5000    7.5000    7.5000 2931.1140   12.3825
    0.0000    7.5000    7.5000 2942.3367   12.3365
    7.5000    7.5000    7.5000 2892.8442   12.5931
   -7.5000   15.0000    7.5000 2858.9133   12.9480
    0.0000   15.0000    7.5000 2870.2000   12.8917
    7.5000   15.0000    7.5000 2821.0210   13.1685
   -7.5000   22.5000    7.5000 2760.0535   13.7654
    0.0000   22.5000    7.5000 2770.0063   13.7219
    7.5000   22.5000    7.5000 2734.5984   13.9770
   -7.5000   30.0000    7.5000 2647.2256   14.8706
    0.0000   30.0000    7.5000 2657.3125   14.8200
    7.5000   30.0000    7.5000 2628.0220   15.0908
   -7.5000   37.5000    7.5000 2527.6882   16.3532
    0.0000   37.5000    7.5000 2534.6086   16.3190
    7.5000   37.5000    7.5000 2506.4727   16.6099
   -7.5000   45.0000    7.5000 2391.8179   18.2880
    0.0000   45.0000    7.5000 2397.1794   18.2849
    7.5000   45.0000    7.5000 2370.2561   18.5890
   -7.5000  -45.0000   15.0000 2727.6499   13.8399
    0.0000  -45.0000   15.0000 2728.7068   13.8427
    7.5000  -45.0000   15.0000 2707.2783   14.1982
   -7.5000  -37.5000   15.0000 2775.1145   13.0599
    0.0000  -37.5000   15.0000 2781.5300   13.0725
    7.5000  -37.5000   15.0000 2759.0933   13.3979
   -7.5000  -30.0000   15.0000 2831.1472   12.4517
    0.0000  -30.0000   15.0000 2842.1650   12.4685
    7.5000  -30.0000   15.0000 2810.4087   12.7827
   -7.5000  -22.5000   15.0000 2895.8191   12.0299
    0.0000  -22.5000   15.0000 2907.3965   12.0215
    7.5000  -22.5000   15.0000 2865.8726   12.3610
   -7.5000  -15.0000   15.0000 2945.4768   11.8747
    0.0000  -15.0000   15.0000 2957.5806   11.8424
    7.5000  -15.0000   15.0000 2911.0156   12.1221
   -7.5000   -7.5000   15.0000 2976.6096   11.8823
    0.0000   -7.5000   15.0000 2993.4307   11.8450
    7.5000   -7.5000   15.0000 2936.0801   12.0956
   -7.5000    0.0000   15.0000 2971.2654   12.0060
    0.0000    0.0000   15.0000 2985.1592   11.9715
    7.5000    0.0000   15.0000 2926.1221   12.2848
   -7.5000    7.5000   15.0000 2923.5215   12.4038
    0.0000    7.5000   15.0000 2931.7881   12.3472
    7.5000    7.5000   15.0000 2879.4531   12.6801
   -7.5000   15.0000   15.0000 2848.6577   13.0473
    0.0000   15.0000   15.0000 2854.4397   12.9679
    7.5000   15.0000   15.0000 2811.9932   13.2731
   -7.5000   22.5000   15.0000 2740.3882   13.9434
    0.0000   22.5000   15.0000 2751.9089   13.8798
    7.5000   22.5000   15.0000 2716.8184   14.1484
   -7.5000   30.0000   15.0000 2624.6069   15.0671
    0.0000   30.0000   15.0000 2633.3901   15.0113
    7.5000   30.0000   15.0000 2604.5637   15.2581
   -7.5000   37.5000   15.0000 2507.1504   16.5217
    0.0000   37.5000   15.0000 2512.8262   16.4936
    7.5000   37.5000   15.0000 2485.4468   16.7422
   -7.5000   45.0000   15.0000 2370.8760   18.3777
    0.0000   45.0000   15.0000 2376.0364   18.3590
    7.5000   45.0000   15.0000 2349.5632   18.6415
   -7.5000  -45.0000   22.5000 2695.0410   14.1542
    0.0000  -45.0000   22.5000 2694.6453   14.1756
    7.5000  -45.0000   22.5000 2676.6135   14.5762
   -7.5000  -37.5000   22.5000 2743.7710   13.3276
    0.0000  -37.5000   22.5000 2748.3020   13.3602
    7.5000  -37.5000   22.5000 2727.6133   13.7359
   -7.5000  -30.0000   22.5000 2800.5796   12.7146
    0.0000  -30.0000   22.5000 2812.1033   12.7290
    7.5000  -30.0000   22.5000 2780.7170   13.1028
   -7.5000  -22.5000   22.5000 2866.4165   12.3073
    0.0000  -22.5000   22.5000 2874.9419   12.3075
    7.5000  -22.5000   22.5000 2834.1653   12.6562
   -7.5000  -15.0000   22.5000 2916.6580   12.1670
    0.0000  -15.0000   22.5000 2924.9377   12.1424
    7.5000  -15.0000   22.5000 2876.6558   12.4291
   -7.5000   -7.5000   22.5000 2940.7346   12.1413
    0.0000   -7.5000   22.5000 2953.0422   12.1254
    7.5000   -7.5000   22.5000 2897.9495   12.3956
   -7.5000    0.0000   22.5000 2931.5007   12.2912
    0.0000    0.0000   22.5000 2939.8572   12.2442
    7.5000    0.0000   22.5000 2888.4797   12.5820
   -7.5000    7.5000   22.5000 2886.8608   12.7097
    0.0000    7.5000   22.5000 2895.8291   12.6565
    7.5000    7.5000   22.5000 2849.1504   12.9632
   -7.5000   15.0000   22.5000 2816.4329   13.3599
    0.0000   15.0000   22.5000 2825.0537   13.2798
    7.5000   15.0000   22.5000 2783.6929   13.5638
   -7.5000   22.5000   22.5000 2716.3579   14.2215
    0.0000   22.5000   22.5000 2724.4324   14.1494
    7.5000   22.5000   22.5000 2691.2881   14.4307
   -7.5000   30.0000   22.5000 2592.9121   15.3762
    0.0000   30.0000   22.5000 2600.8691   15.3319
    7.5000   30.0000   22.5000 2575.1538   15.5866
   -7.5000   37.5000   22.5000 2473.6809   16.8480
    0.0000   37.5000   22.5000 2484.2463   16.7945
    7.5000   37.5000   22.5000 2453.8054   17.0667
   -7.5000   45.0000   22.5000 2338.9875   18.6708
    0.0000   45.0000   22.5000 2347.6221   18.6327
    7.5000   45.0000   22.5000 2318.2971   18.8820
   -7.5000  -45.0000   30.0000 2659.0293   14.6236
    0.0000  -45.0000   30.0000 2658.9500   14.6475
    7.5000  -45.0000   30.0000 2641.3428   15.0718
   -7.5000  -37.5000   30.0000 2703.0525   13.7977
    0.0000  -37.5000   30.0000 2710.2639   13.8227
    7.5000  -37.5000   30.0000 2686.4026   14.2344
   -7.5000  -30.0000   30.0000 2755.7500   13.1842
    0.0000  -30.0000   30.0000 2764.8230   13.1954
    7.5000  -30.0000   30.0000 2735.0203   13.5792
   -7.5000  -22.5000   30.0000 2813.7788   12.7892
    0.0000  -22.5000   30.0000 2823.4026   12.7993
    7.5000  -22.5000   30.0000 2790.8303   13.1398
   -7.5000  -15.0000   30.0000 2860.8762   12.6623
    0.0000  -15.0000   30.0000 2867.2939   12.6524
    7.5000  -15.0000   30.0000 2828.1995   12.9482
   -7.5000   -7.5000   30.0000 2883.3757   12.6441
    0.0000   -7.5000   30.0000 2890.9082   12.6230
    7.5000   -7.5000   30.0000 2843.8267   12.9384
   -7.5000    0.0000   30.0000 2867.1646   12.8258
    0.0000    0.0000   30.0000 2877.4297   12.7920
    7.5000    0.0000   30.0000 2834.2852   13.1125
   -7.5000    7.5000   30.0000 2824.8445   13.2711
    0.0000    7.5000   30.0000 2838.0723   13.2214
    7.5000    7.5000   30.0000 2800.4736   13.4954
   -7.5000   15.0000   30.0000 2762.2793   13.8811
    0.0000   15.0000   30.0000 2773.5593   13.8326
    7.5000   15.0000   30.0000 2737.6746   14.0883
   -7.5000   22.5000   30.0000 2675.2151   14.7030
    0.0000   22.5000   30.0000 2682.2358   14.6405
    7.5000   22.5000   30.0000 2649.1501   14.8834
   -7.5000   30.0000   30.0000 2558.5100   15.8338
    0.0000   30.0000   30.0000 2564.6321   15.7880
    7.5000   30.0000   30.0000 2533.2566   16.0291
   -7.5000   37.5000   30.0000 2436.7329   17.2963
    0.0000   37.5000   30.0000 2444.9368   17.2736
    7.5000   37.5000   30.0000 2413.1604   17.5375
   -7.5000   45.0000   30.0000 2297.1047   19.1592
    0.0000   45.0000   30.0000 2310.4419   19.1074
    7.5000   45.0000   30.0000 2280.4170   19.3522
   -7.5000  -45.0000   37.5000 2609.1355   15.2648
    0.0000  -45.0000   37.5000 2610.6399   15.2881
    7.5000  -45.0000   37.5000 2592.0100   15.7227
   -7.5000  -37.5000   37.5000 2654.9360   14.4339
    0.0000  -37.5000   37.5000 2660.6799   14.4551
    7.5000  -37.5000   37.5000 2639.1729   14.8759
   -7.5000  -30.0000   37.5000 2706.5249   13.8375
    0.0000  -30.0000   37.5000 2717.7095   13.8444
    7.5000  -30.0000   37.5000 2688.1897   14.2402
   -7.5000  -22.5000   37.5000 2754.6819   13.4671
    0.0000  -22.5000   37.5000 2768.3740   13.4613
    7.5000  -22.5000   37.5000 2738.8083   13.8126
   -7.5000  -15.0000   37.5000 2793.5461   13.3441
    0.0000  -15.0000   37.5000 2804.7271   13.3203
    7.5000  -15.0000   37.5000 2767.5867   13.6552
   -7.5000   -7.5000   37.5000 2804.3044   13.3559
    0.0000   -7.5000   37.5000 2814.6223   13.3260
    7.5000   -7.5000   37.5000 2775.3533   13.6613
   -7.5000    0.0000   37.5000 2783.5835   13.5796
    0.0000    0.0000   37.5000 2794.7173   13.5542
    7.5000    0.0000   37.5000 2758.8560   13.8582
   -7.5000    7.5000   37.5000 2742.5889   14.0365
    0.0000    7.5000   37.5000 2756.0649   13.9933
    7.5000    7.5000   37.5000 2724.9922   14.2411
   -7.5000   15.0000   37.5000 2691.0630   14.6106
    0.0000   15.0000   37.5000 2702.5718   14.5638
    7.5000   15.0000   37.5000 2673.9158   14.7947
   -7.5000   22.5000   37.5000 2617.1882   15.3789
    0.0000   22.5000   37.5000 2624.1099   15.3316
    7.5000   22.5000   37.5000 2595.9436   15.5719
   -7.5000   30.0000   37.5000 2515.2820   16.4716
    0.0000   30.0000   37.5000 2521.5100   16.4330
    7.5000   30.0000   37.5000 2495.7512   16.6630
   -7.5000   37.5000   37.5000 2394.8645   17.9531
    0.0000   37.5000   37.5000 2403.0408   17.9288
    7.5000   37.5000   37.5000 2372.7449   18.1647
   -7.5000   45.0000   37.5000 2254.6951   19.8023
    0.0000   45.0000   37.5000 2267.2922   19.7757
    7.5000   45.0000   37.5000 2238.5867   20.0590
   -7.5000  -45.0000   45.0000 2557.3286   16.1101
    0.0000  -45.0000   45.0000 2561.3713   16.1260
    7.5000  -45.0000   45.0000 2534.1562   16.5498
   -7.5000  -37.5000   45.0000 2603.1387   15.2682
    0.0000  -37.5000   45.0000 2608.9797   15.2639
    7.5000  -37.5000   45.0000 2579.4387   15.6771
   -7.5000  -30.0000   45.0000 2650.3877   14.6481
    0.0000  -30.0000   45.0000 2656.9780   14.6547
    7.5000  -30.0000   45.0000 2624.2412   15.0686
   -7.5000  -22.5000   45.0000 2692.3899   14.2989
    0.0000  -22.5000   45.0000 2700.5381   14.2995
    7.5000  -22.5000   45.0000 2666.9783   14.6535
   -7.5000  -15.0000   45.0000 2714.5374   14.1974
    0.0000  -15.0000   45.0000 2727.8171   14.1748
    7.5000  -15.0000   45.0000 2690.4502   14.4982
   -7.5000   -7.5000   45.0000 2717.7712   14.2505
    0.0000   -7.5000   45.0000 2726.9436   14.2049
    7.5000   -7.5000   45.0000 2694.8796   14.5227
   -7.5000    0.0000   45.0000 2691.9736   14.5081
    0.0000    0.0000   45.0000 2705.3555   14.4617
    7.5000    0.0000   45.0000 2676.1172   14.7642
   -7.5000    7.5000   45.0000 2653.3381   14.9551
    0.0000    7.5000   45.0000 2668.7432   14.9046
    7.5000    7.5000   45.0000 2642.7375   15.1685
   -7.5000   15.0000   45.0000 2607.0620   15.5224
    0.0000   15.0000   45.0000 2617.3479   15.4419
    7.5000   15.0000   45.0000 2594.3887   15.6830
   -7.5000   22.5000   45.0000 2544.1338   16.2509
    0.0000   22.5000   45.0000 2554.1624   16.1618
    7.5000   22.5000   45.0000 2529.2131   16.4181
   -7.5000   30.0000   45.0000 2455.6125   17.2789
    0.0000   30.0000   45.0000 2466.3711   17.2256
    7.5000   30.0000   45.0000 2439.4062   17.4558
   -7.5000   37.5000   45.0000 2343.5103   18.7403
    0.0000   37.5000   45.0000 2353.6475   18.7231
    7.5000   37.5000   45.0000 2325.1387   18.9775
   -7.5000   45.0000   45.0000 2208.6733   20.6203
    0.0000   45.0000   45.0000 2219.0518   20.6155
    7.5000   45.0000   45.0000 2190.1306   20.9390

---------------------------------------------------------------------
imgreg_4dfp /opt/freesurfer/average/711-2C_as_mni_average_305 /opt/freesurfer/average/711-2B_as_mni_average_305_mask talsrcimg_g11 none talsrcimg_to_711-2C_as_mni_average_305_t4 1283
---------------------------------------------------------------------

freesurfer imgreg_4dfp.c
/opt/freesurfer/average/711-2C_as_mni_average_305.4dfp.img
       256       256       256         1
  1.000000  1.000000  1.000000
orientation T byte_order littleendian
Reading image: /opt/freesurfer/average/711-2C_as_mni_average_305.4dfp.img
dimensions:      256       256       256
mmppix:       1.0000   -1.0000   -1.0000
center:     128.0000 -129.0000 -129.0000
/opt/freesurfer/average/711-2B_as_mni_average_305_mask.4dfp.img
       256       256       256         1
  1.000000  1.000000  1.000000
orientation T byte_order littleendian
Reading mask: /opt/freesurfer/average/711-2B_as_mni_average_305_mask.4dfp.img (2306576 pixels)
talsrcimg_g11.4dfp.img
       256       256       256         1
  1.000000  1.000000  1.000000
orientation T byte_order littleendian
Reading image: talsrcimg_g11.4dfp.img
dimensions:      256       256       256
mmppix:       1.0000   -1.0000   -1.0000
center:     128.0000 -129.0000 -129.0000
rotation matrix determinant  1.000000
fimgreg.f
image alignment mode   1283 decimal      503 hex
parameters
    0.0000   -7.5000    7.5000    0.0000    0.0000    0.0000
eta,q 0.94136 11.85912
niter,ni,del,rscale     5    3   12.0000    1.2000
parameter  4  2.475559 ->  0.500000 qaram    1.1500
parameters
   -1.5765   -4.7753    6.5227   -3.4500    0.7845   -1.8385
eta,q 0.94966 11.78890
  0.0627  0.0656  0.0569  0.0485  0.0563  0.0521
  0.0588  0.0619  0.0559  0.0504  0.0539  0.0510
  0.0560  0.0584  0.0551  0.0523  0.0523  0.0503
  0.0566  0.0556  0.0546  0.0547  0.0509  0.0507
  0.0611  0.0545  0.0555  0.0572  0.0507  0.0519
  0.0673  0.0548  0.0574  0.0603  0.0521  0.0538
  0.0734  0.0566  0.0592  0.0639  0.0544  0.0561
niter,ni,del,rscale     5    3   12.0000    1.2000
parameter  4  5.889135 ->  0.500000 qaram    1.3225
parameters
   -2.4152   -4.0823    6.4555   -7.4175    1.7846   -3.1849
eta,q 0.95531 11.76628
  0.0591  0.0569  0.0537  0.0417  0.0516  0.0463
  0.0538  0.0535  0.0516  0.0446  0.0488  0.0452
  0.0509  0.0516  0.0501  0.0474  0.0469  0.0447
  0.0503  0.0502  0.0499  0.0499  0.0454  0.0448
  0.0532  0.0497  0.0506  0.0530  0.0446  0.0454
  0.0589  0.0513  0.0520  0.0564  0.0459  0.0469
  0.0647  0.0548  0.0535  0.0599  0.0491  0.0491
niter,ni,del,rscale     5    3   12.0000    1.2000
parameter  4  2.565318 ->  0.500000 qaram    1.5209
parameters
   -2.8187   -2.8834    7.3396  -11.9801    2.1496   -2.7789
eta,q 0.96103 11.75016
  0.0572  0.0534  0.0503  0.0365  0.0457  0.0443
  0.0497  0.0483  0.0480  0.0384  0.0427  0.0419
  0.0457  0.0459  0.0459  0.0413  0.0406  0.0401
  0.0447  0.0446  0.0443  0.0441  0.0392  0.0391
  0.0475  0.0444  0.0443  0.0478  0.0393  0.0391
  0.0536  0.0452  0.0455  0.0518  0.0414  0.0407
  0.0597  0.0481  0.0481  0.0557  0.0447  0.0434
niter,ni,del,rscale     5    3   12.0000    1.2000
parameter  4  1.243402 ->  0.500000 qaram    1.7490
parameters
   -3.1327   -1.4422    6.2414  -17.2272    2.0544   -3.3906
eta,q 0.96642 11.76949
  0.0525  0.0497  0.0419  0.0332  0.0416  0.0376
  0.0449  0.0439  0.0399  0.0331  0.0376  0.0355
  0.0405  0.0409  0.0388  0.0347  0.0346  0.0340
  0.0390  0.0390  0.0385  0.0385  0.0335  0.0335
  0.0414  0.0386  0.0397  0.0426  0.0347  0.0343
  0.0480  0.0395  0.0424  0.0465  0.0380  0.0367
  0.0548  0.0426  0.0461  0.0512  0.0422  0.0401
niter,ni,del,rscale     5    3   12.0000    1.2000
parameters
   -3.0265   -0.4761    4.5539  -19.4768    2.0136   -3.4864
eta,q 0.96864 11.80616
  0.0519  0.0466  0.0362  0.0396  0.0396  0.0377
  0.0432  0.0404  0.0332  0.0351  0.0357  0.0347
  0.0365  0.0356  0.0324  0.0314  0.0327  0.0323
  0.0336  0.0335  0.0333  0.0325  0.0313  0.0313
  0.0354  0.0334  0.0354  0.0365  0.0322  0.0322
  0.0424  0.0354  0.0383  0.0427  0.0357  0.0348
  0.0508  0.0405  0.0421  0.0472  0.0401  0.0383
niter,ni,del,rscale     4    3   12.0000    1.2000
parameters
   -2.9290   -0.4907    4.4326  -19.8972    1.9596   -3.4066
eta,q 0.96874 11.80540
  0.0505  0.0419  0.0385  0.0424  0.0394  0.0382
  0.0414  0.0363  0.0344  0.0377  0.0356  0.0351
  0.0344  0.0327  0.0320  0.0334  0.0326  0.0324
  0.0314  0.0313  0.0313  0.0313  0.0313  0.0313
  0.0333  0.0329  0.0324  0.0335  0.0321  0.0321
  0.0405  0.0369  0.0352  0.0388  0.0356  0.0346
  0.0497  0.0415  0.0387  0.0445  0.0400  0.0380
niter,ni,del,rscale     3    3   12.0000    1.2000
parameters
   -2.9177   -0.4428    4.3664  -20.0757    1.9300   -3.3634
eta,q 0.96874 11.80579
  0.0500  0.0420  0.0386  0.0427  0.0394  0.0382
  0.0410  0.0363  0.0345  0.0381  0.0355  0.0350
  0.0341  0.0327  0.0320  0.0339  0.0326  0.0324
  0.0313  0.0313  0.0313  0.0313  0.0313  0.0313
  0.0335  0.0329  0.0323  0.0331  0.0321  0.0322
  0.0409  0.0368  0.0351  0.0381  0.0354  0.0347
  0.0501  0.0411  0.0387  0.0441  0.0399  0.0382
niter,ni,del,rscale     2    3   12.0000    1.2000
parameters
   -2.9154   -0.4098    4.3349  -20.1590    1.9164   -3.3407
eta,q 0.96873 11.80619
  0.0500  0.0419  0.0388  0.0427  0.0394  0.0382
  0.0409  0.0363  0.0345  0.0382  0.0355  0.0350
  0.0341  0.0326  0.0321  0.0341  0.0326  0.0324
  0.0313  0.0313  0.0313  0.0313  0.0313  0.0313
  0.0335  0.0330  0.0322  0.0330  0.0320  0.0322
  0.0409  0.0368  0.0350  0.0378  0.0354  0.0348
  0.0501  0.0411  0.0386  0.0440  0.0398  0.0383
registration optimization eta report
parameter search radius
    6.0000    6.0000    6.0000   10.4940    6.0000    6.0000
100000*second partial in parameter space
       51.       28.       21.       10.       23.       19.
  0.0500  0.0419  0.0388  0.0427  0.0394  0.0382
  0.0409  0.0363  0.0345  0.0382  0.0355  0.0350
  0.0341  0.0326  0.0321  0.0341  0.0326  0.0324
  0.0313  0.0313  0.0313  0.0313  0.0313  0.0313
  0.0335  0.0330  0.0322  0.0330  0.0320  0.0322
  0.0409  0.0368  0.0350  0.0378  0.0354  0.0348
  0.0501  0.0411  0.0386  0.0440  0.0398  0.0383
   -2.9154   -0.4098    4.3349  -20.1590    1.9164   -3.3407
eta,q 0.96873 11.80619

---------------------------------------------------------------------
imgreg_4dfp /opt/freesurfer/average/711-2C_as_mni_average_305 /opt/freesurfer/average/711-2B_as_mni_average_305_mask talsrcimg_g11 none talsrcimg_to_711-2C_as_mni_average_305_t4 3335
---------------------------------------------------------------------

freesurfer imgreg_4dfp.c
/opt/freesurfer/average/711-2C_as_mni_average_305.4dfp.img
       256       256       256         1
  1.000000  1.000000  1.000000
orientation T byte_order littleendian
Reading image: /opt/freesurfer/average/711-2C_as_mni_average_305.4dfp.img
dimensions:      256       256       256
mmppix:       1.0000   -1.0000   -1.0000
center:     128.0000 -129.0000 -129.0000
/opt/freesurfer/average/711-2B_as_mni_average_305_mask.4dfp.img
       256       256       256         1
  1.000000  1.000000  1.000000
orientation T byte_order littleendian
Reading mask: /opt/freesurfer/average/711-2B_as_mni_average_305_mask.4dfp.img (2306576 pixels)
talsrcimg_g11.4dfp.img
       256       256       256         1
  1.000000  1.000000  1.000000
orientation T byte_order littleendian
Reading image: talsrcimg_g11.4dfp.img
dimensions:      256       256       256
mmppix:       1.0000   -1.0000   -1.0000
center:     128.0000 -129.0000 -129.0000
fimgreg.f
image alignment mode   3335 decimal      D07 hex
parameters
   -2.9154   -0.4098    4.3349   -0.2258   -6.3527   -6.1785
    6.6208   -1.1257   -5.8240   34.5870    3.3442  -34.4434
eta,q 0.96818 11.88595
niter,ni,del,rscale     5    3    5.0000    1.2000
parameter  4  1.385453 ->  0.500000 qaram    1.1500
parameter  5  0.919404 ->  0.500000 qaram    1.1500
parameters
   -2.8580   -0.0932    4.2229   -4.3658  -10.4927   -7.4599
    6.4184   -1.2410   -5.4564   31.8086    4.4179  -35.5455
eta,q 0.97224 11.31777
  0.0344  0.0343  0.0330  0.0285  0.0279  0.0293  0.0303  0.0314  0.0297  0.0285  0.0290  0.0288
  0.0330  0.0330  0.0323  0.0290  0.0280  0.0286  0.0290  0.0296  0.0289  0.0280  0.0284  0.0282
  0.0321  0.0322  0.0319  0.0301  0.0284  0.0282  0.0283  0.0284  0.0283  0.0278  0.0280  0.0278
  0.0318  0.0318  0.0318  0.0318  0.0293  0.0281  0.0281  0.0281  0.0281  0.0281  0.0278  0.0278
  0.0320  0.0319  0.0320  0.0338  0.0306  0.0284  0.0284  0.0285  0.0281  0.0287  0.0278  0.0281
  0.0328  0.0324  0.0325  0.0360  0.0324  0.0293  0.0292  0.0297  0.0286  0.0298  0.0281  0.0288
  0.0342  0.0333  0.0332  0.0387  0.0342  0.0309  0.0305  0.0316  0.0294  0.0314  0.0285  0.0297
niter,ni,del,rscale     6    3    5.0000    1.2000
parameter  4  0.530056 ->  0.500000 qaram    1.3225
parameters
   -2.7601    0.2612    4.2104   -9.1268  -12.9332   -8.2516
    6.0735   -1.5022   -6.3566   32.4334    4.6002  -36.9402
eta,q 0.97351 10.91247
  0.0309  0.0301  0.0291  0.0276  0.0279  0.0283  0.0288  0.0299  0.0280  0.0290  0.0275  0.0276
  0.0293  0.0289  0.0283  0.0270  0.0269  0.0273  0.0275  0.0281  0.0271  0.0277  0.0270  0.0268
  0.0282  0.0282  0.0279  0.0270  0.0266  0.0267  0.0268  0.0269  0.0267  0.0269  0.0267  0.0265
  0.0278  0.0278  0.0277  0.0277  0.0269  0.0266  0.0266  0.0266  0.0266  0.0266  0.0266  0.0266
  0.0280  0.0278  0.0279  0.0292  0.0276  0.0270  0.0270  0.0272  0.0270  0.0267  0.0267  0.0270
  0.0289  0.0282  0.0283  0.0315  0.0288  0.0279  0.0279  0.0285  0.0278  0.0273  0.0270  0.0277
  0.0305  0.0291  0.0291  0.0339  0.0306  0.0292  0.0292  0.0304  0.0289  0.0282  0.0275  0.0287
niter,ni,del,rscale     6    3    5.0000    1.2000
parameters
   -2.7482    0.6935    4.1522   -9.6570  -13.5340   -8.5890
    6.1673   -1.4940   -6.4750   33.3957    4.7260  -37.5236
eta,q 0.97360 10.87335
  0.0295  0.0293  0.0278  0.0294  0.0286  0.0284  0.0289  0.0300  0.0282  0.0290  0.0273  0.0278
  0.0279  0.0279  0.0270  0.0279  0.0273  0.0273  0.0275  0.0281  0.0273  0.0276  0.0269  0.0269
  0.0268  0.0270  0.0266  0.0270  0.0265  0.0266  0.0267  0.0268  0.0266  0.0268  0.0265  0.0265
  0.0265  0.0265  0.0264  0.0264  0.0265  0.0264  0.0264  0.0264  0.0264  0.0264  0.0264  0.0264
  0.0268  0.0265  0.0266  0.0268  0.0269  0.0268  0.0267  0.0269  0.0267  0.0265  0.0265  0.0267
  0.0278  0.0270  0.0271  0.0281  0.0278  0.0276  0.0275  0.0281  0.0273  0.0270  0.0268  0.0273
  0.0294  0.0278  0.0279  0.0305  0.0292  0.0287  0.0287  0.0299  0.0283  0.0278  0.0273  0.0282
niter,ni,del,rscale     5    3    5.0000    1.2000
parameters
   -2.7554    0.9141    3.9340   -9.8129  -14.0159   -8.8834
    6.2033   -1.4795   -6.5036   34.0862    4.8907  -37.9106
eta,q 0.97364 10.85127
  0.0293  0.0288  0.0275  0.0295  0.0286  0.0283  0.0288  0.0299  0.0281  0.0287  0.0272  0.0278
  0.0277  0.0276  0.0268  0.0279  0.0272  0.0272  0.0275  0.0280  0.0272  0.0274  0.0268  0.0270
  0.0267  0.0267  0.0265  0.0269  0.0265  0.0265  0.0266  0.0268  0.0266  0.0266  0.0265  0.0265
  0.0264  0.0264  0.0264  0.0264  0.0264  0.0264  0.0264  0.0264  0.0264  0.0264  0.0264  0.0264
  0.0267  0.0265  0.0266  0.0266  0.0268  0.0267  0.0267  0.0268  0.0266  0.0265  0.0265  0.0266
  0.0277  0.0271  0.0272  0.0278  0.0277  0.0275  0.0275  0.0280  0.0272  0.0270  0.0267  0.0272
  0.0293  0.0280  0.0280  0.0300  0.0291  0.0286  0.0287  0.0298  0.0282  0.0279  0.0272  0.0281
niter,ni,del,rscale     4    3    5.0000    1.2000
parameters
   -2.7543    1.0735    3.7400   -9.9313  -14.4089   -9.1912
    6.1948   -1.4712   -6.5708   34.6497    5.0682  -38.1970
eta,q 0.97366 10.82954
  0.0293  0.0287  0.0275  0.0294  0.0285  0.0282  0.0288  0.0299  0.0281  0.0285  0.0272  0.0278
  0.0277  0.0274  0.0268  0.0279  0.0272  0.0271  0.0274  0.0280  0.0271  0.0273  0.0268  0.0270
  0.0267  0.0266  0.0264  0.0269  0.0265  0.0265  0.0266  0.0267  0.0265  0.0266  0.0265  0.0265
  0.0264  0.0264  0.0264  0.0263  0.0264  0.0263  0.0263  0.0263  0.0263  0.0263  0.0263  0.0263
  0.0267  0.0265  0.0266  0.0265  0.0267  0.0266  0.0267  0.0268  0.0266  0.0265  0.0264  0.0266
  0.0277  0.0271  0.0271  0.0277  0.0276  0.0274  0.0275  0.0280  0.0272  0.0270  0.0267  0.0272
  0.0293  0.0281  0.0279  0.0299  0.0289  0.0285  0.0287  0.0298  0.0281  0.0279  0.0271  0.0280
niter,ni,del,rscale     3    3    5.0000    1.2000
parameters
   -2.7449    1.2286    3.5414  -10.0592  -14.8202   -9.5605
    6.1732   -1.4549   -6.6627   35.2018    5.2972  -38.4361
eta,q 0.97369 10.80191
  0.0292  0.0286  0.0275  0.0293  0.0285  0.0281  0.0287  0.0298  0.0280  0.0285  0.0271  0.0278
  0.0277  0.0274  0.0268  0.0278  0.0272  0.0271  0.0274  0.0280  0.0271  0.0273  0.0267  0.0269
  0.0267  0.0266  0.0264  0.0268  0.0265  0.0264  0.0266  0.0267  0.0265  0.0265  0.0264  0.0264
  0.0263  0.0263  0.0263  0.0263  0.0263  0.0263  0.0263  0.0263  0.0263  0.0263  0.0263  0.0263
  0.0267  0.0265  0.0266  0.0265  0.0267  0.0266  0.0267  0.0267  0.0265  0.0265  0.0264  0.0266
  0.0276  0.0271  0.0271  0.0276  0.0275  0.0274  0.0275  0.0280  0.0272  0.0270  0.0266  0.0271
  0.0292  0.0280  0.0279  0.0298  0.0289  0.0285  0.0287  0.0298  0.0281  0.0278  0.0270  0.0279
niter,ni,del,rscale     2    3    5.0000    1.2000
parameters
   -2.7247    1.4069    3.3111  -10.2190  -15.3014  -10.0408
    6.1245   -1.4221   -6.7999   35.8200    5.5203  -38.6723
eta,q 0.97372 10.76431
  0.0292  0.0285  0.0274  0.0292  0.0284  0.0280  0.0287  0.0298  0.0279  0.0284  0.0270  0.0277
  0.0277  0.0273  0.0267  0.0277  0.0271  0.0270  0.0273  0.0279  0.0270  0.0272  0.0266  0.0269
  0.0267  0.0266  0.0264  0.0268  0.0264  0.0264  0.0265  0.0267  0.0264  0.0265  0.0264  0.0264
  0.0263  0.0263  0.0263  0.0263  0.0263  0.0263  0.0263  0.0263  0.0263  0.0263  0.0263  0.0263
  0.0266  0.0265  0.0265  0.0265  0.0267  0.0266  0.0266  0.0267  0.0265  0.0264  0.0263  0.0265
  0.0276  0.0270  0.0271  0.0276  0.0275  0.0274  0.0275  0.0279  0.0271  0.0269  0.0266  0.0270
  0.0291  0.0279  0.0279  0.0298  0.0288  0.0285  0.0287  0.0297  0.0280  0.0277  0.0270  0.0278
niter,ni,del,rscale     1    3    5.0000    1.2000
parameters
   -2.6935    1.6346    3.0213  -10.4143  -15.9364  -10.6705
    6.0398   -1.3803   -6.9298   36.5852    5.7013  -38.9545
eta,q 0.97380 10.71374
  0.0292  0.0285  0.0273  0.0291  0.0282  0.0279  0.0286  0.0297  0.0278  0.0285  0.0269  0.0275
  0.0276  0.0273  0.0266  0.0276  0.0270  0.0269  0.0272  0.0279  0.0269  0.0272  0.0265  0.0268
  0.0266  0.0266  0.0263  0.0267  0.0263  0.0263  0.0264  0.0266  0.0264  0.0265  0.0263  0.0263
  0.0263  0.0263  0.0263  0.0263  0.0263  0.0262  0.0262  0.0262  0.0262  0.0262  0.0262  0.0262
  0.0266  0.0264  0.0265  0.0264  0.0267  0.0266  0.0266  0.0266  0.0265  0.0263  0.0263  0.0264
  0.0275  0.0269  0.0271  0.0275  0.0275  0.0274  0.0274  0.0278  0.0271  0.0268  0.0265  0.0269
  0.0291  0.0278  0.0279  0.0297  0.0288  0.0285  0.0286  0.0296  0.0279  0.0276  0.0269  0.0277
registration optimization eta report
parameter search radius
    2.4000    2.4000    2.4000    9.5220    8.2800    7.2000
    7.2000    7.2000    7.2000    7.2000    7.2000    7.2000
100000*second partial in parameter space
       49.       33.       22.        3.        3.        4.
        5.        7.        3.        4.        1.        3.
  0.0292  0.0285  0.0273  0.0291  0.0282  0.0279  0.0286  0.0297  0.0278  0.0285  0.0269  0.0275
  0.0276  0.0273  0.0266  0.0276  0.0270  0.0269  0.0272  0.0279  0.0269  0.0272  0.0265  0.0268
  0.0266  0.0266  0.0263  0.0267  0.0263  0.0263  0.0264  0.0266  0.0264  0.0265  0.0263  0.0263
  0.0263  0.0263  0.0263  0.0263  0.0263  0.0262  0.0262  0.0262  0.0262  0.0262  0.0262  0.0262
  0.0266  0.0264  0.0265  0.0264  0.0267  0.0266  0.0266  0.0266  0.0265  0.0263  0.0263  0.0264
  0.0275  0.0269  0.0271  0.0275  0.0275  0.0274  0.0274  0.0278  0.0271  0.0268  0.0265  0.0269
  0.0291  0.0278  0.0279  0.0297  0.0288  0.0285  0.0286  0.0296  0.0279  0.0276  0.0269  0.0277
   -2.6935    1.6346    3.0213  -10.4143  -15.9364  -10.6705
    6.0398   -1.3803   -6.9298   36.5852    5.7013  -38.9545
eta,q 0.97380 10.71374

---------------------------------------------------------------------
imgreg_4dfp /opt/freesurfer/average/711-2C_as_mni_average_305 /opt/freesurfer/average/711-2B_as_mni_average_305_mask talsrcimg_g11 none talsrcimg_to_711-2C_as_mni_average_305_t4 2311
---------------------------------------------------------------------

freesurfer imgreg_4dfp.c
/opt/freesurfer/average/711-2C_as_mni_average_305.4dfp.img
       256       256       256         1
  1.000000  1.000000  1.000000
orientation T byte_order littleendian
Reading image: /opt/freesurfer/average/711-2C_as_mni_average_305.4dfp.img
dimensions:      256       256       256
mmppix:       1.0000   -1.0000   -1.0000
center:     128.0000 -129.0000 -129.0000
/opt/freesurfer/average/711-2B_as_mni_average_305_mask.4dfp.img
       256       256       256         1
  1.000000  1.000000  1.000000
orientation T byte_order littleendian
Reading mask: /opt/freesurfer/average/711-2B_as_mni_average_305_mask.4dfp.img (2306576 pixels)
talsrcimg_g11.4dfp.img
       256       256       256         1
  1.000000  1.000000  1.000000
orientation T byte_order littleendian
Reading image: talsrcimg_g11.4dfp.img
dimensions:      256       256       256
mmppix:       1.0000   -1.0000   -1.0000
center:     128.0000 -129.0000 -129.0000
fimgreg.f
image alignment mode   2311 decimal      907 hex
parameters
   -2.6935    1.6346    3.0213  -10.4143  -15.9364  -10.6705
    6.0398   -1.3803   -6.9298   36.5852    5.7013  -38.9545
eta,q 0.97380 10.71375
niter,ni,del,rscale     5    3    5.0000    0.8000
parameters
   -2.6404    1.8991    2.6422  -10.0375  -16.9675  -11.4625
    5.8518   -1.3391   -6.9538   37.2905    5.4676  -39.3616
eta,q 0.97396 10.66537
  0.0276  0.0273  0.0265  0.0269  0.0266  0.0267  0.0271  0.0277  0.0268  0.0272  0.0263  0.0265
  0.0268  0.0268  0.0263  0.0265  0.0262  0.0263  0.0265  0.0268  0.0264  0.0266  0.0261  0.0262
  0.0264  0.0264  0.0262  0.0263  0.0261  0.0261  0.0261  0.0262  0.0261  0.0262  0.0261  0.0261
  0.0262  0.0262  0.0262  0.0262  0.0261  0.0261  0.0260  0.0260  0.0260  0.0260  0.0260  0.0260
  0.0263  0.0262  0.0263  0.0262  0.0263  0.0263  0.0262  0.0262  0.0261  0.0261  0.0261  0.0262
  0.0267  0.0264  0.0266  0.0263  0.0267  0.0267  0.0266  0.0268  0.0264  0.0263  0.0262  0.0264
  0.0274  0.0268  0.0270  0.0268  0.0271  0.0273  0.0273  0.0277  0.0268  0.0266  0.0264  0.0267
niter,ni,del,rscale     4    3    5.0000    0.7000
parameters
   -2.5924    2.2525    2.2336  -10.2060  -17.9528  -12.2716
    5.6411   -1.2798   -6.8146   38.1385    5.2972  -39.7494
eta,q 0.97415 10.59182
  0.0271  0.0270  0.0262  0.0264  0.0263  0.0264  0.0267  0.0272  0.0265  0.0269  0.0261  0.0262
  0.0265  0.0265  0.0260  0.0262  0.0260  0.0260  0.0262  0.0265  0.0262  0.0264  0.0259  0.0260
  0.0262  0.0262  0.0260  0.0260  0.0259  0.0259  0.0259  0.0260  0.0260  0.0260  0.0259  0.0259
  0.0260  0.0260  0.0260  0.0260  0.0260  0.0259  0.0259  0.0259  0.0259  0.0259  0.0259  0.0259
  0.0261  0.0260  0.0261  0.0260  0.0261  0.0261  0.0260  0.0260  0.0259  0.0259  0.0259  0.0259
  0.0264  0.0261  0.0263  0.0262  0.0264  0.0264  0.0263  0.0264  0.0261  0.0260  0.0260  0.0261
  0.0270  0.0263  0.0267  0.0265  0.0268  0.0269  0.0268  0.0271  0.0265  0.0263  0.0261  0.0263
niter,ni,del,rscale     3    3    5.0000    0.6000
parameters
   -2.5344    2.6288    1.7986  -10.3758  -18.9836  -12.9424
    5.4078   -1.2255   -6.7235   38.8675    5.3191  -40.0792
eta,q 0.97433 10.51934
  0.0266  0.0266  0.0259  0.0261  0.0260  0.0261  0.0263  0.0267  0.0262  0.0266  0.0258  0.0259
  0.0262  0.0263  0.0258  0.0259  0.0258  0.0258  0.0259  0.0261  0.0259  0.0261  0.0257  0.0258
  0.0260  0.0260  0.0258  0.0258  0.0257  0.0257  0.0257  0.0258  0.0258  0.0258  0.0257  0.0257
  0.0259  0.0258  0.0258  0.0258  0.0258  0.0257  0.0257  0.0257  0.0257  0.0257  0.0257  0.0257
  0.0259  0.0258  0.0259  0.0258  0.0259  0.0258  0.0258  0.0258  0.0257  0.0257  0.0257  0.0257
  0.0261  0.0259  0.0261  0.0259  0.0262  0.0261  0.0260  0.0261  0.0259  0.0258  0.0257  0.0258
  0.0265  0.0260  0.0263  0.0262  0.0264  0.0265  0.0264  0.0266  0.0261  0.0260  0.0258  0.0260
niter,ni,del,rscale     2    3    5.0000    0.5000
parameters
   -2.4624    2.9284    1.4191  -10.4723  -19.6973  -13.4434
    5.2426   -1.1785   -6.7034   39.3840    5.4086  -40.3283
eta,q 0.97444 10.47038
  0.0262  0.0262  0.0257  0.0258  0.0258  0.0258  0.0260  0.0263  0.0259  0.0262  0.0257  0.0257
  0.0259  0.0260  0.0256  0.0257  0.0256  0.0257  0.0257  0.0259  0.0257  0.0259  0.0256  0.0256
  0.0258  0.0258  0.0256  0.0256  0.0256  0.0256  0.0256  0.0256  0.0256  0.0257  0.0256  0.0256
  0.0257  0.0257  0.0256  0.0256  0.0256  0.0256  0.0256  0.0256  0.0256  0.0256  0.0256  0.0256
  0.0257  0.0256  0.0257  0.0256  0.0257  0.0257  0.0256  0.0256  0.0256  0.0256  0.0256  0.0256
  0.0258  0.0257  0.0258  0.0257  0.0259  0.0258  0.0258  0.0259  0.0257  0.0257  0.0256  0.0257
  0.0261  0.0258  0.0260  0.0259  0.0261  0.0261  0.0261  0.0262  0.0259  0.0259  0.0257  0.0258
niter,ni,del,rscale     1    3    5.0000    0.4000
parameters
   -2.4001    3.1081    1.1405  -10.5310  -20.1522  -13.7867
    5.1366   -1.1426   -6.7195   39.7026    5.5340  -40.4874
eta,q 0.97448 10.43869
  0.0259  0.0259  0.0256  0.0257  0.0257  0.0257  0.0258  0.0260  0.0257  0.0259  0.0256  0.0256
  0.0257  0.0257  0.0256  0.0256  0.0256  0.0256  0.0256  0.0257  0.0256  0.0257  0.0255  0.0256
  0.0256  0.0256  0.0255  0.0256  0.0255  0.0255  0.0255  0.0256  0.0255  0.0256  0.0255  0.0255
  0.0256  0.0256  0.0256  0.0255  0.0255  0.0255  0.0255  0.0255  0.0255  0.0255  0.0255  0.0255
  0.0256  0.0256  0.0256  0.0256  0.0256  0.0256  0.0256  0.0256  0.0255  0.0255  0.0255  0.0255
  0.0257  0.0256  0.0257  0.0256  0.0257  0.0257  0.0257  0.0257  0.0256  0.0256  0.0255  0.0256
  0.0258  0.0257  0.0258  0.0257  0.0258  0.0258  0.0258  0.0259  0.0257  0.0257  0.0256  0.0256
registration optimization eta report
parameter search radius
    0.8000    0.8000    0.8000    2.4000    2.4000    2.4000
    2.4000    2.4000    2.4000    2.4000    2.4000    2.4000
100000*second partial in parameter space
       47.       35.       19.        3.        4.        4.
        5.        7.        4.        5.        1.        2.
  0.0259  0.0259  0.0256  0.0257  0.0257  0.0257  0.0258  0.0260  0.0257  0.0259  0.0256  0.0256
  0.0257  0.0257  0.0256  0.0256  0.0256  0.0256  0.0256  0.0257  0.0256  0.0257  0.0255  0.0256
  0.0256  0.0256  0.0255  0.0256  0.0255  0.0255  0.0255  0.0256  0.0255  0.0256  0.0255  0.0255
  0.0256  0.0256  0.0256  0.0255  0.0255  0.0255  0.0255  0.0255  0.0255  0.0255  0.0255  0.0255
  0.0256  0.0256  0.0256  0.0256  0.0256  0.0256  0.0256  0.0256  0.0255  0.0255  0.0255  0.0255
  0.0257  0.0256  0.0257  0.0256  0.0257  0.0257  0.0257  0.0257  0.0256  0.0256  0.0255  0.0256
  0.0258  0.0257  0.0258  0.0257  0.0258  0.0258  0.0258  0.0259  0.0257  0.0257  0.0256  0.0256
   -2.4001    3.1081    1.1405  -10.5310  -20.1522  -13.7867
    5.1366   -1.1426   -6.7195   39.7026    5.5340  -40.4874
eta,q 0.97448 10.43869

---------------------------------------------------------------------
imgreg_4dfp /opt/freesurfer/average/711-2C_as_mni_average_305 /opt/freesurfer/average/711-2B_as_mni_average_305_mask talsrcimg_g11 none talsrcimg_to_711-2C_as_mni_average_305_t4 2311
---------------------------------------------------------------------

freesurfer imgreg_4dfp.c
/opt/freesurfer/average/711-2C_as_mni_average_305.4dfp.img
       256       256       256         1
  1.000000  1.000000  1.000000
orientation T byte_order littleendian
Reading image: /opt/freesurfer/average/711-2C_as_mni_average_305.4dfp.img
dimensions:      256       256       256
mmppix:       1.0000   -1.0000   -1.0000
center:     128.0000 -129.0000 -129.0000
/opt/freesurfer/average/711-2B_as_mni_average_305_mask.4dfp.img
       256       256       256         1
  1.000000  1.000000  1.000000
orientation T byte_order littleendian
Reading mask: /opt/freesurfer/average/711-2B_as_mni_average_305_mask.4dfp.img (2306576 pixels)
talsrcimg_g11.4dfp.img
       256       256       256         1
  1.000000  1.000000  1.000000
orientation T byte_order littleendian
Reading image: talsrcimg_g11.4dfp.img
dimensions:      256       256       256
mmppix:       1.0000   -1.0000   -1.0000
center:     128.0000 -129.0000 -129.0000
fimgreg.f
image alignment mode   2311 decimal      907 hex
parameters
   -2.4001    3.1081    1.1405  -10.5310  -20.1522  -13.7867
    5.1366   -1.1426   -6.7195   39.7026    5.5340  -40.4874
eta,q 0.97448 10.43869
niter,ni,del,rscale     5    3    5.0000    0.8000
parameters
   -2.3753    3.2172    0.9661  -10.7113  -20.3231  -14.1321
    5.1302   -1.0697   -6.7462   40.0469    5.6354  -40.5129
eta,q 0.97450 10.41528
  0.0267  0.0265  0.0259  0.0261  0.0263  0.0263  0.0266  0.0272  0.0263  0.0268  0.0258  0.0260
  0.0261  0.0260  0.0257  0.0258  0.0259  0.0259  0.0260  0.0263  0.0259  0.0261  0.0256  0.0257
  0.0257  0.0257  0.0255  0.0256  0.0256  0.0256  0.0256  0.0257  0.0256  0.0257  0.0255  0.0255
  0.0255  0.0255  0.0255  0.0255  0.0255  0.0255  0.0255  0.0255  0.0255  0.0255  0.0255  0.0255
  0.0256  0.0256  0.0256  0.0256  0.0256  0.0256  0.0256  0.0257  0.0256  0.0256  0.0255  0.0256
  0.0260  0.0258  0.0258  0.0258  0.0259  0.0260  0.0260  0.0262  0.0259  0.0259  0.0256  0.0257
  0.0267  0.0263  0.0261  0.0262  0.0264  0.0266  0.0266  0.0271  0.0264  0.0265  0.0257  0.0260
niter,ni,del,rscale     4    3    5.0000    0.7000
parameters
   -2.3503    3.2891    0.8071  -10.7323  -20.5011  -14.2976
    5.0936   -1.0520   -6.7495   40.1503    5.6890  -40.5696
eta,q 0.97450 10.40101
  0.0264  0.0263  0.0258  0.0260  0.0261  0.0261  0.0263  0.0268  0.0261  0.0265  0.0257  0.0258
  0.0259  0.0259  0.0256  0.0257  0.0258  0.0258  0.0259  0.0261  0.0258  0.0259  0.0256  0.0256
  0.0256  0.0256  0.0255  0.0256  0.0256  0.0256  0.0256  0.0256  0.0256  0.0256  0.0255  0.0255
  0.0255  0.0255  0.0255  0.0255  0.0255  0.0255  0.0255  0.0255  0.0255  0.0255  0.0255  0.0255
  0.0256  0.0256  0.0256  0.0255  0.0256  0.0256  0.0256  0.0256  0.0256  0.0256  0.0255  0.0255
  0.0259  0.0258  0.0257  0.0257  0.0259  0.0258  0.0259  0.0261  0.0258  0.0259  0.0256  0.0257
  0.0264  0.0261  0.0259  0.0260  0.0262  0.0263  0.0263  0.0267  0.0261  0.0263  0.0257  0.0258
niter,ni,del,rscale     3    3    5.0000    0.6000
parameters
   -2.3311    3.3215    0.7236  -10.7025  -20.6059  -14.3704
    5.0503   -1.0522   -6.7430   40.1858    5.7300  -40.6020
eta,q 0.97450 10.39516
  0.0262  0.0260  0.0257  0.0258  0.0260  0.0260  0.0261  0.0264  0.0260  0.0262  0.0256  0.0258
  0.0258  0.0257  0.0256  0.0257  0.0257  0.0257  0.0258  0.0259  0.0257  0.0258  0.0256  0.0256
  0.0256  0.0256  0.0255  0.0255  0.0255  0.0255  0.0256  0.0256  0.0255  0.0256  0.0255  0.0255
  0.0255  0.0255  0.0255  0.0255  0.0255  0.0255  0.0255  0.0255  0.0255  0.0255  0.0255  0.0255
  0.0256  0.0256  0.0255  0.0255  0.0256  0.0256  0.0256  0.0256  0.0255  0.0256  0.0255  0.0255
  0.0258  0.0257  0.0256  0.0256  0.0258  0.0257  0.0258  0.0259  0.0257  0.0258  0.0256  0.0256
  0.0261  0.0260  0.0258  0.0258  0.0260  0.0260  0.0261  0.0264  0.0260  0.0261  0.0256  0.0258
niter,ni,del,rscale     2    3    5.0000    0.5000
parameters
   -2.3129    3.3385    0.6963  -10.6910  -20.6719  -14.3911
    5.0213   -1.0552   -6.7297   40.1944    5.7887  -40.6646
eta,q 0.97451 10.39258
  0.0260  0.0259  0.0257  0.0257  0.0258  0.0258  0.0259  0.0261  0.0258  0.0260  0.0256  0.0257
  0.0257  0.0257  0.0256  0.0256  0.0256  0.0256  0.0257  0.0258  0.0256  0.0257  0.0255  0.0256
  0.0256  0.0255  0.0255  0.0255  0.0255  0.0255  0.0255  0.0256  0.0255  0.0255  0.0255  0.0255
  0.0255  0.0255  0.0255  0.0255  0.0255  0.0255  0.0255  0.0255  0.0255  0.0255  0.0255  0.0255
  0.0255  0.0255  0.0255  0.0255  0.0255  0.0255  0.0255  0.0256  0.0255  0.0256  0.0255  0.0255
  0.0257  0.0256  0.0256  0.0256  0.0257  0.0256  0.0257  0.0258  0.0256  0.0257  0.0255  0.0256
  0.0259  0.0258  0.0257  0.0257  0.0259  0.0259  0.0259  0.0261  0.0258  0.0259  0.0256  0.0257
niter,ni,del,rscale     1    3    5.0000    0.4000
parameters
   -2.2988    3.3403    0.6812  -10.6730  -20.7184  -14.3812
    5.0030   -1.0620   -6.7414   40.1819    5.7768  -40.6726
eta,q 0.97451 10.39116
  0.0258  0.0257  0.0256  0.0256  0.0257  0.0257  0.0258  0.0259  0.0257  0.0258  0.0256  0.0256
  0.0256  0.0256  0.0255  0.0256  0.0256  0.0256  0.0256  0.0257  0.0256  0.0256  0.0255  0.0255
  0.0255  0.0255  0.0255  0.0255  0.0255  0.0255  0.0255  0.0255  0.0255  0.0255  0.0255  0.0255
  0.0255  0.0255  0.0255  0.0255  0.0255  0.0255  0.0255  0.0255  0.0255  0.0255  0.0255  0.0255
  0.0255  0.0255  0.0255  0.0255  0.0255  0.0255  0.0255  0.0255  0.0255  0.0255  0.0255  0.0255
  0.0256  0.0256  0.0255  0.0256  0.0256  0.0256  0.0256  0.0257  0.0256  0.0256  0.0255  0.0255
  0.0258  0.0257  0.0256  0.0256  0.0257  0.0257  0.0258  0.0259  0.0257  0.0258  0.0256  0.0256
registration optimization eta report
parameter search radius
    0.8000    0.8000    0.8000    2.4000    2.4000    2.4000
    2.4000    2.4000    2.4000    2.4000    2.4000    2.4000
100000*second partial in parameter space
       46.       35.       17.        3.        4.        4.
        5.        7.        4.        5.        1.        2.
  0.0258  0.0257  0.0256  0.0256  0.0257  0.0257  0.0258  0.0259  0.0257  0.0258  0.0256  0.0256
  0.0256  0.0256  0.0255  0.0256  0.0256  0.0256  0.0256  0.0257  0.0256  0.0256  0.0255  0.0255
  0.0255  0.0255  0.0255  0.0255  0.0255  0.0255  0.0255  0.0255  0.0255  0.0255  0.0255  0.0255
  0.0255  0.0255  0.0255  0.0255  0.0255  0.0255  0.0255  0.0255  0.0255  0.0255  0.0255  0.0255
  0.0255  0.0255  0.0255  0.0255  0.0255  0.0255  0.0255  0.0255  0.0255  0.0255  0.0255  0.0255
  0.0256  0.0256  0.0255  0.0256  0.0256  0.0256  0.0256  0.0257  0.0256  0.0256  0.0255  0.0255
  0.0258  0.0257  0.0256  0.0256  0.0257  0.0257  0.0258  0.0259  0.0257  0.0258  0.0256  0.0256
   -2.2988    3.3403    0.6812  -10.6730  -20.7184  -14.3812
    5.0030   -1.0620   -6.7414   40.1819    5.7768  -40.6726
eta,q 0.97451 10.39116

---------------------------------------------------------------------
compute_vox2vox talsrcimg talsrcimg_to_711-2C_as_mni_average_305_t4 /opt/freesurfer/average/711-2C_as_mni_average_305
---------------------------------------------------------------------

freesurfer compute_vox2vox.c
Reading: talsrcimg.4dfp.ifh
Reading: talsrcimg_to_711-2C_as_mni_average_305_t4
Reading: /opt/freesurfer/average/711-2C_as_mni_average_305.4dfp.ifh
Writing: talsrcimg_to_711-2C_as_mni_average_305_t4_vox2vox.txt

start time Sun Mar 8 13:48:08 CET 2026
end		time Sun Mar 8 13:49:38 CET 2026

mpr2mni305 success

avi2talxfm orig_nu.mgz /opt/freesurfer/average/mni305.cor.mgz talsrcimg_to_711-2C_as_mni_average_305_t4_vox2vox.txt transforms/talairach.auto.xfm
avi2talxfm done
mv -f /out/sourcedata/freesurfer/sub-v1s13x0050017_ses-1/mri/talsrcimg_to_711-2C_as_mni_average_305_t4_vox2vox.txt /out/sourcedata/freesurfer/sub-v1s13x0050017_ses-1/mri/transforms/talsrcimg_to_711-2C_as_mni_average_305_t4_vox2vox.txt
lta_convert --src orig_nu.mgz --trg /opt/freesurfer/average/mni305.cor.mgz --inxfm transforms/talairach.auto.xfm --outlta transforms/talairach.auto.xfm.lta --subject fsaverage
7.3.2

--src: orig_nu.mgz src image (geometry).
--trg: /opt/freesurfer/average/mni305.cor.mgz trg image (geometry).
--inmni: transforms/talairach.auto.xfm input MNI/XFM transform.
--outlta: transforms/talairach.auto.xfm.lta output LTA.
--s: fsaverage subject name
 LTA read, type : 1
 1.11320   0.03770  -0.05091  -2.02043;
-0.02429   0.94051   0.48403  -2.36233;
 0.10697  -0.47347   1.01168  -1.35503;
 0.00000   0.00000   0.00000   1.00000;
setting subject to fsaverage
Writing  LTA to file transforms/talairach.auto.xfm.lta...
lta_convert successful.
 
 
Started at Sun Mar 8 13:48:08 CET 2026
Ended   at Sun Mar  8 13:49:38 CET 2026
talairach_avi done
