/out/sourcedata/freesurfer/sub-v1s13x0050023_ses-1/mri
/opt/freesurfer/bin/talairach_avi
--i orig_nu.mgz --xfm transforms/talairach.auto.xfm
talairach_avi 7.3.2
Linux dna079 5.14.0-427.37.1.el9_4.x86_64 #1 SMP PREEMPT_DYNAMIC Fri Sep 13 12:41:50 EDT 2024 x86_64 x86_64 x86_64 GNU/Linux
Sun Mar  8 15:46:38 CET 2026
mri_convert orig_nu.mgz talsrcimg.img 
reading from orig_nu.mgz...
TR=0.00, TE=0.00, TI=0.00, flip angle=0.00
i_ras = (-1, 0, 0)
j_ras = (0, 0, -1)
k_ras = (0, 1, 0)
writing to talsrcimg.img...
Analyze Output Matrix
-1.00000   0.00000   0.00000   129.52499;
 0.00000   0.00000   1.00000  -127.94919;
 0.00000  -1.00000   0.00000   123.51324;
 0.00000   0.00000   0.00000   1.00000;
--------------------
INFO: set hdr.hist.orient to -1
mpr2mni305 talsrcimg
Sun Mar  8 15:46:38 CET 2026
/opt/freesurfer/bin/mpr2mni305 talsrcimg
mpr2mni305 7.3.2
target=711-2C_as_mni_average_305

---------------------------------------------------------------------
analyzeto4dfp talsrcimg -O0 -y
---------------------------------------------------------------------

freesurfer ifh2hdr.c
Sun Mar  8 15:46:38 2026
Writing: talsrcimg.4dfp.hdr
freesurfer analyzeto4dfp.c
Reading: talsrcimg.hdr
header size 348 bytes
hdr.dime.datatype	offset=70	value=2
hdr.dime.bitpix		offset=72	value=8
hdr.hist.orient		offset=252	value=-1
dimensionality     4
dimensions       256       256       256         1
Reading: talsrcimg.img
Writing: talsrcimg.4dfp.img
Writing: talsrcimg.4dfp.ifh
ifh2hdr talsrcimg -r0to242
ori=2

---------------------------------------------------------------------
gauss_4dfp talsrcimg 1.1
---------------------------------------------------------------------

freesurfer gauss_4dfp.c
Reading: talsrcimg.4dfp.img
Writing: talsrcimg_g11.4dfp.img
image dimensions 256 256 256 padded to 288 288 288
processing volume 1freesurfer ifh2hdr.c
Sun Mar  8 15:46:40 2026
Writing: talsrcimg_g11.4dfp.hdr

Writing: talsrcimg_g11.4dfp.ifh
including: talsrcimg.4dfp.img.rec in talsrcimg_g11.4dfp.img.rec

---------------------------------------------------------------------
imgreg_4dfp /opt/freesurfer/average/711-2C_as_mni_average_305 none talsrcimg_g11 none talsrcimg_to_711-2C_as_mni_average_305_t4 4355
---------------------------------------------------------------------

freesurfer imgreg_4dfp.c
/opt/freesurfer/average/711-2C_as_mni_average_305.4dfp.img
       256       256       256         1
  1.000000  1.000000  1.000000
orientation T byte_order littleendian
Reading image: /opt/freesurfer/average/711-2C_as_mni_average_305.4dfp.img
dimensions:      256       256       256
mmppix:       1.0000   -1.0000   -1.0000
center:     128.0000 -129.0000 -129.0000
talsrcimg_g11.4dfp.img
       256       256       256         1
  1.000000  1.000000  1.000000
orientation T byte_order littleendian
Reading image: talsrcimg_g11.4dfp.img
dimensions:      256       256       256
mmppix:       1.0000   -1.0000   -1.0000
center:     128.0000 -129.0000 -129.0000
t4_read: open error in t4_sub.f l:  41 t4_file(1:l)talsrcimg_to_711-2C_as_mni_average_305_t4 
t4_read: transform initialized to I4
rotation matrix determinant  1.000000
image alignment mode   4355 decimal     1103 hex
   -7.5000  -45.0000  -45.0000 9623.3457   13.1474
    0.0000  -45.0000  -45.000010044.7168   13.1408
    7.5000  -45.0000  -45.0000 9628.5127   13.1417
   -7.5000  -37.5000  -45.000010017.0264   13.1034
    0.0000  -37.5000  -45.000010469.7617   13.0957
    7.5000  -37.5000  -45.000010008.3545   13.1050
   -7.5000  -30.0000  -45.000010671.6445   13.0115
    0.0000  -30.0000  -45.000011168.2617   13.0065
    7.5000  -30.0000  -45.000010668.1191   13.0234
   -7.5000  -22.5000  -45.000011275.8789   12.9535
    0.0000  -22.5000  -45.000011800.4688   12.9524
    7.5000  -22.5000  -45.000011247.6074   12.9683
   -7.5000  -15.0000  -45.000011809.6484   12.9253
    0.0000  -15.0000  -45.000012338.1914   12.9255
    7.5000  -15.0000  -45.000011762.1553   12.9341
   -7.5000   -7.5000  -45.000012252.9043   12.9069
    0.0000   -7.5000  -45.000012783.0889   12.9042
    7.5000   -7.5000  -45.000012195.7080   12.9055
   -7.5000    0.0000  -45.000012564.7832   12.8859
    0.0000    0.0000  -45.000013121.4453   12.8793
    7.5000    0.0000  -45.000012510.2803   12.8804
   -7.5000    7.5000  -45.000011916.5371   12.9005
    0.0000    7.5000  -45.000012478.7549   12.8931
    7.5000    7.5000  -45.000011863.2373   12.9022
   -7.5000   15.0000  -45.000011209.3770   12.9965
    0.0000   15.0000  -45.000011743.7734   12.9913
    7.5000   15.0000  -45.000011153.5928   13.0087
   -7.5000   22.5000  -45.000010454.8779   13.1453
    0.0000   22.5000  -45.000010944.4414   13.1452
    7.5000   22.5000  -45.000010371.5898   13.1621
   -7.5000   30.0000  -45.0000 9609.1318   13.1681
    0.0000   30.0000  -45.000010068.3936   13.1704
    7.5000   30.0000  -45.0000 9523.6006   13.1792
   -7.5000   37.5000  -45.0000 9155.7920   13.3878
    0.0000   37.5000  -45.0000 9587.7031   13.3854
    7.5000   37.5000  -45.0000 9056.0762   13.3882
   -7.5000   45.0000  -45.0000 8375.5303   13.3126
    0.0000   45.0000  -45.0000 8756.4854   13.3049
    7.5000   45.0000  -45.0000 8266.7129   13.3044
   -7.5000  -45.0000  -37.500010238.0391   13.1525
    0.0000  -45.0000  -37.500010709.2393   13.1461
    7.5000  -45.0000  -37.500010243.2373   13.1477
   -7.5000  -37.5000  -37.500010651.5859   13.1066
    0.0000  -37.5000  -37.500011158.1699   13.1015
    7.5000  -37.5000  -37.500010630.4297   13.1109
   -7.5000  -30.0000  -37.500011348.7822   13.0125
    0.0000  -30.0000  -37.500011890.9082   13.0110
    7.5000  -30.0000  -37.500011328.2695   13.0279
   -7.5000  -22.5000  -37.500011971.2764   12.9528
    0.0000  -22.5000  -37.500012516.5117   12.9540
    7.5000  -22.5000  -37.500011916.3096   12.9705
   -7.5000  -15.0000  -37.500012491.0508   12.9229
    0.0000  -15.0000  -37.500013041.0537   12.9232
    7.5000  -15.0000  -37.500012426.6914   12.9329
   -7.5000   -7.5000  -37.500012954.6084   12.9052
    0.0000   -7.5000  -37.500013499.5186   12.9017
    7.5000   -7.5000  -37.500012866.5635   12.9040
   -7.5000    0.0000  -37.500013275.5059   12.8841
    0.0000    0.0000  -37.500013853.0479   12.8780
    7.5000    0.0000  -37.500013207.8965   12.8799
   -7.5000    7.5000  -37.500012569.9590   12.8974
    0.0000    7.5000  -37.500013154.9062   12.8925
    7.5000    7.5000  -37.500012523.2266   12.9020
   -7.5000   15.0000  -37.500011798.0791   12.9924
    0.0000   15.0000  -37.500012361.6338   12.9906
    7.5000   15.0000  -37.500011733.1348   13.0079
   -7.5000   22.5000  -37.500010948.3799   13.1430
    0.0000   22.5000  -37.500011461.8252   13.1453
    7.5000   22.5000  -37.500010867.4033   13.1622
   -7.5000   30.0000  -37.500010045.5771   13.1677
    0.0000   30.0000  -37.500010500.0732   13.1696
    7.5000   30.0000  -37.5000 9947.6309   13.1796
   -7.5000   37.5000  -37.5000 9531.1348   13.3896
    0.0000   37.5000  -37.5000 9972.5283   13.3850
    7.5000   37.5000  -37.5000 9447.6260   13.3889
   -7.5000   45.0000  -37.5000 8693.2695   13.3155
    0.0000   45.0000  -37.5000 9094.6855   13.3073
    7.5000   45.0000  -37.5000 8610.5908   13.3083
   -7.5000  -45.0000  -30.000011059.2109   13.6621
    0.0000  -45.0000  -30.000011573.3945   13.6552
    7.5000  -45.0000  -30.000011051.7207   13.6564
   -7.5000  -37.5000  -30.000011491.5518   13.6115
    0.0000  -37.5000  -30.000012038.8105   13.6083
    7.5000  -37.5000  -30.000011481.1748   13.6173
   -7.5000  -30.0000  -30.000012241.7598   13.5118
    0.0000  -30.0000  -30.000012833.8389   13.5127
    7.5000  -30.0000  -30.000012224.3262   13.5288
   -7.5000  -22.5000  -30.000012890.7939   13.4475
    0.0000  -22.5000  -30.000013479.2266   13.4492
    7.5000  -22.5000  -30.000012842.1875   13.4651
   -7.5000  -15.0000  -30.000013444.2285   13.4144
    0.0000  -15.0000  -30.000014018.7354   13.4127
    7.5000  -15.0000  -30.000013345.8174   13.4220
   -7.5000   -7.5000  -30.000013908.6045   13.3945
    0.0000   -7.5000  -30.000014506.1592   13.3888
    7.5000   -7.5000  -30.000013801.9922   13.3907
   -7.5000    0.0000  -30.000014240.8418   13.3715
    0.0000    0.0000  -30.000014856.0371   13.3649
    7.5000    0.0000  -30.000014154.4346   13.3665
   -7.5000    7.5000  -30.000013439.5479   13.3848
    0.0000    7.5000  -30.000014067.8662   13.3818
    7.5000    7.5000  -30.000013378.3291   13.3908
   -7.5000   15.0000  -30.000012589.2842   13.4834
    0.0000   15.0000  -30.000013196.1182   13.4839
    7.5000   15.0000  -30.000012521.7910   13.5004
   -7.5000   22.5000  -30.000011662.4297   13.6400
    0.0000   22.5000  -30.000012207.3115   13.6426
    7.5000   22.5000  -30.000011582.1084   13.6582
   -7.5000   30.0000  -30.000010662.7148   13.6677
    0.0000   30.0000  -30.000011133.4062   13.6672
    7.5000   30.0000  -30.000010570.9619   13.6766
   -7.5000   37.5000  -30.000010113.4199   13.8971
    0.0000   37.5000  -30.000010550.2012   13.8889
    7.5000   37.5000  -30.000010014.2129   13.8927
   -7.5000   45.0000  -30.0000 9200.5791   13.8306
    0.0000   45.0000  -30.0000 9609.4043   13.8203
    7.5000   45.0000  -30.0000 9110.0869   13.8227
   -7.5000  -45.0000  -22.500011804.7744   14.0935
    0.0000  -45.0000  -22.500012365.7256   14.0865
    7.5000  -45.0000  -22.500011772.6328   14.0868
   -7.5000  -37.5000  -22.500012274.9619   14.0390
    0.0000  -37.5000  -22.500012866.7549   14.0355
    7.5000  -37.5000  -22.500012243.0820   14.0440
   -7.5000  -30.0000  -22.500013081.3994   13.9358
    0.0000  -30.0000  -22.500013699.7734   13.9357
    7.5000  -30.0000  -22.500013047.5518   13.9512
   -7.5000  -22.5000  -22.500013755.0352   13.8703
    0.0000  -22.5000  -22.500014392.6982   13.8702
    7.5000  -22.5000  -22.500013689.7227   13.8848
   -7.5000  -15.0000  -22.500014332.4238   13.8356
    0.0000  -15.0000  -22.500014963.5781   13.8322
    7.5000  -15.0000  -22.500014228.2256   13.8398
   -7.5000   -7.5000  -22.500014814.7539   13.8118
    0.0000   -7.5000  -22.500015487.0078   13.8053
    7.5000   -7.5000  -22.500014682.2490   13.8059
   -7.5000    0.0000  -22.500015141.6895   13.7854
    0.0000    0.0000  -22.500015848.2959   13.7788
    7.5000    0.0000  -22.500015027.8770   13.7794
   -7.5000    7.5000  -22.500014263.0918   13.7991
    0.0000    7.5000  -22.500014947.0947   13.7958
    7.5000    7.5000  -22.500014205.0518   13.8042
   -7.5000   15.0000  -22.500013330.6152   13.9014
    0.0000   15.0000  -22.500013971.9932   13.9010
    7.5000   15.0000  -22.500013254.7168   13.9169
   -7.5000   22.5000  -22.500012329.3008   14.0627
    0.0000   22.5000  -22.500012907.7559   14.0634
    7.5000   22.5000  -22.500012249.1982   14.0780
   -7.5000   30.0000  -22.500011267.9482   14.0930
    0.0000   30.0000  -22.500011778.0479   14.0910
    7.5000   30.0000  -22.500011169.3301   14.0989
   -7.5000   37.5000  -22.500010681.1514   14.3260
    0.0000   37.5000  -22.500011142.4229   14.3173
    7.5000   37.5000  -22.500010567.8086   14.3206
   -7.5000   45.0000  -22.5000 9686.8535   14.2654
    0.0000   45.0000  -22.500010114.8408   14.2544
    7.5000   45.0000  -22.5000 9579.8867   14.2572
   -7.5000  -45.0000  -15.000012516.1523   14.4052
    0.0000  -45.0000  -15.000013141.5264   14.3980
    7.5000  -45.0000  -15.000012521.6201   14.3979
   -7.5000  -37.5000  -15.000013019.9131   14.3507
    0.0000  -37.5000  -15.000013665.6855   14.3445
    7.5000  -37.5000  -15.000013013.4297   14.3532
   -7.5000  -30.0000  -15.000013865.2197   14.2469
    0.0000  -30.0000  -15.000014535.1787   14.2430
    7.5000  -30.0000  -15.000013845.5635   14.2589
   -7.5000  -22.5000  -15.000014557.9668   14.1812
    0.0000  -22.5000  -15.000015257.1953   14.1784
    7.5000  -22.5000  -15.000014513.0771   14.1929
   -7.5000  -15.0000  -15.000015167.7041   14.1454
    0.0000  -15.0000  -15.000015854.5781   14.1419
    7.5000  -15.0000  -15.000015056.7383   14.1488
   -7.5000   -7.5000  -15.000015679.5107   14.1182
    0.0000   -7.5000  -15.000016419.3848   14.1127
    7.5000   -7.5000  -15.000015522.7295   14.1126
   -7.5000    0.0000  -15.000015999.2354   14.0894
    0.0000    0.0000  -15.000016793.3047   14.0824
    7.5000    0.0000  -15.000015858.6641   14.0828
   -7.5000    7.5000  -15.000015067.2393   14.1051
    0.0000    7.5000  -15.000015808.3975   14.0990
    7.5000    7.5000  -15.000014972.6348   14.1077
   -7.5000   15.0000  -15.000014056.8477   14.2108
    0.0000   15.0000  -15.000014731.5674   14.2066
    7.5000   15.0000  -15.000013959.0723   14.2232
   -7.5000   22.5000  -15.000012973.9365   14.3732
    0.0000   22.5000  -15.000013597.1367   14.3713
    7.5000   22.5000  -15.000012884.3076   14.3865
   -7.5000   30.0000  -15.000011854.7119   14.4046
    0.0000   30.0000  -15.000012412.9551   14.4032
    7.5000   30.0000  -15.000011750.7490   14.4104
   -7.5000   37.5000  -15.000011240.7334   14.6386
    0.0000   37.5000  -15.000011744.1348   14.6325
    7.5000   37.5000  -15.000011096.9443   14.6352
   -7.5000   45.0000  -15.000010171.0537   14.5810
    0.0000   45.0000  -15.000010623.3525   14.5708
    7.5000   45.0000  -15.000010034.9502   14.5729
   -7.5000  -45.0000   -7.500013256.8223   14.5668
    0.0000  -45.0000   -7.500013960.4941   14.5596
    7.5000  -45.0000   -7.500013276.6484   14.5604
   -7.5000  -37.5000   -7.500013784.0273   14.5121
    0.0000  -37.5000   -7.500014487.7656   14.5037
    7.5000  -37.5000   -7.500013805.1660   14.5138
   -7.5000  -30.0000   -7.500014698.6230   14.4069
    0.0000  -30.0000   -7.500015442.8174   14.4005
    7.5000  -30.0000   -7.500014700.5693   14.4186
   -7.5000  -22.5000   -7.500015435.8965   14.3399
    0.0000  -22.5000   -7.500016201.1758   14.3368
    7.5000  -22.5000   -7.500015416.9385   14.3532
   -7.5000  -15.0000   -7.500016028.1279   14.3040
    0.0000  -15.0000   -7.500016789.7578   14.3025
    7.5000  -15.0000   -7.500015946.0273   14.3106
   -7.5000   -7.5000   -7.500016548.7812   14.2761
    0.0000   -7.5000   -7.500017301.3906   14.2726
    7.5000   -7.5000   -7.500016407.1855   14.2733
   -7.5000    0.0000   -7.500016852.9590   14.2466
    0.0000    0.0000   -7.500017643.7383   14.2396
    7.5000    0.0000   -7.500016710.7930   14.2408
   -7.5000    7.5000   -7.500015884.1709   14.2633
    0.0000    7.5000   -7.500016646.2109   14.2551
    7.5000    7.5000   -7.500015759.1221   14.2652
   -7.5000   15.0000   -7.500014779.0166   14.3703
    0.0000   15.0000   -7.500015483.0479   14.3638
    7.5000   15.0000   -7.500014661.7188   14.3825
   -7.5000   22.5000   -7.500013600.3438   14.5309
    0.0000   22.5000   -7.500014247.1494   14.5288
    7.5000   22.5000   -7.500013494.9844   14.5464
   -7.5000   30.0000   -7.500012423.4092   14.5639
    0.0000   30.0000   -7.500013030.5703   14.5648
    7.5000   30.0000   -7.500012317.2119   14.5734
   -7.5000   37.5000   -7.500011775.7266   14.7990
    0.0000   37.5000   -7.500012317.6377   14.7960
    7.5000   37.5000   -7.500011611.0518   14.7989
   -7.5000   45.0000   -7.500010657.5439   14.7412
    0.0000   45.0000   -7.500011140.1533   14.7323
    7.5000   45.0000   -7.500010493.6670   14.7332
   -7.5000  -45.0000    0.000013896.6465   14.5924
    0.0000  -45.0000    0.000014620.9756   14.5851
    7.5000  -45.0000    0.000013898.8994   14.5869
   -7.5000  -37.5000    0.000014442.2656   14.5366
    0.0000  -37.5000    0.000015166.3438   14.5284
    7.5000  -37.5000    0.000014433.2471   14.5394
   -7.5000  -30.0000    0.000015412.4424   14.4289
    0.0000  -30.0000    0.000016211.6533   14.4235
    7.5000  -30.0000    0.000015385.3848   14.4429
   -7.5000  -22.5000    0.000016250.7188   14.3593
    0.0000  -22.5000    0.000017108.1152   14.3581
    7.5000  -22.5000    0.000016205.6240   14.3765
   -7.5000  -15.0000    0.000016893.6348   14.3233
    0.0000  -15.0000    0.000017717.2012   14.3236
    7.5000  -15.0000    0.000016795.2910   14.3338
   -7.5000   -7.5000    0.000017383.5273   14.2982
    0.0000   -7.5000    0.000018142.2402   14.2953
    7.5000   -7.5000    0.000017223.8691   14.2976
   -7.5000    0.0000    0.000017661.7520   14.2707
    0.0000    0.0000    0.000018451.5957   14.2637
    7.5000    0.0000    0.000017491.5918   14.2658
   -7.5000    7.5000    0.000016637.2246   14.2870
    0.0000    7.5000    0.000017400.8555   14.2790
    7.5000    7.5000    0.000016451.9844   14.2901
   -7.5000   15.0000    0.000015472.4990   14.3927
    0.0000   15.0000    0.000016201.5645   14.3871
    7.5000   15.0000    0.000015291.6562   14.4071
   -7.5000   22.5000    0.000014214.1309   14.5520
    0.0000   22.5000    0.000014902.2139   14.5520
    7.5000   22.5000    0.000014045.2705   14.5715
   -7.5000   30.0000    0.000012970.0000   14.5867
    0.0000   30.0000    0.000013625.8408   14.5894
    7.5000   30.0000    0.000012810.7041   14.6000
   -7.5000   37.5000    0.000012281.1963   14.8246
    0.0000   37.5000    0.000012862.2686   14.8220
    7.5000   37.5000    0.000012095.1699   14.8261
   -7.5000   45.0000    0.000011108.8193   14.7667
    0.0000   45.0000    0.000011610.0488   14.7585
    7.5000   45.0000    0.000010925.0977   14.7590
   -7.5000  -45.0000    7.500013464.3545   14.6333
    0.0000  -45.0000    7.500014136.2324   14.6262
    7.5000  -45.0000    7.500013473.7861   14.6285
   -7.5000  -37.5000    7.500013969.5537   14.5780
    0.0000  -37.5000    7.500014605.0020   14.5724
    7.5000  -37.5000    7.500013984.4316   14.5834
   -7.5000  -30.0000    7.500014909.5938   14.4696
    0.0000  -30.0000    7.500015611.0625   14.4680
    7.5000  -30.0000    7.500014885.9141   14.4873
   -7.5000  -22.5000    7.500015787.7656   14.3994
    0.0000  -22.5000    7.500016618.0176   14.4008
    7.5000  -22.5000    7.500015693.2598   14.4197
   -7.5000  -15.0000    7.500016474.4336   14.3629
    0.0000  -15.0000    7.500017291.5840   14.3632
    7.5000  -15.0000    7.500016306.0850   14.3747
   -7.5000   -7.5000    7.500016886.7656   14.3405
    0.0000   -7.5000    7.500017658.4512   14.3366
    7.5000   -7.5000    7.500016678.4941   14.3399
   -7.5000    0.0000    7.500017119.7871   14.3151
    0.0000    0.0000    7.500017880.2637   14.3084
    7.5000    0.0000    7.500016880.0020   14.3112
   -7.5000    7.5000    7.500016085.1963   14.3303
    0.0000    7.5000    7.500016805.9004   14.3249
    7.5000    7.5000    7.500015833.5547   14.3361
   -7.5000   15.0000    7.500014936.8252   14.4353
    0.0000   15.0000    7.500015597.9141   14.4334
    7.5000   15.0000    7.500014717.7988   14.4533
   -7.5000   22.5000    7.500013754.0986   14.5969
    0.0000   22.5000    7.500014355.3975   14.5995
    7.5000   22.5000    7.500013544.6982   14.6188
   -7.5000   30.0000    7.500012561.7354   14.6336
    0.0000   30.0000    7.500013118.8086   14.6357
    7.5000   30.0000    7.500012392.4072   14.6475
   -7.5000   37.5000    7.500011851.7930   14.8766
    0.0000   37.5000    7.500012366.2188   14.8716
    7.5000   37.5000    7.500011681.9395   14.8766
   -7.5000   45.0000    7.500010668.3594   14.8214
    0.0000   45.0000    7.500011134.6543   14.8124
    7.5000   45.0000    7.500010507.9189   14.8143
   -7.5000  -45.0000   15.000012846.7979   14.6870
    0.0000  -45.0000   15.000013462.1689   14.6805
    7.5000  -45.0000   15.000012870.4990   14.6826
   -7.5000  -37.5000   15.000013330.0967   14.6324
    0.0000  -37.5000   15.000013939.2480   14.6299
    7.5000  -37.5000   15.000013343.3164   14.6405
   -7.5000  -30.0000   15.000014269.8184   14.5251
    0.0000  -30.0000   15.000014956.2920   14.5270
    7.5000  -30.0000   15.000014210.5225   14.5453
   -7.5000  -22.5000   15.000015115.7002   14.4565
    0.0000  -22.5000   15.000015863.4248   14.4592
    7.5000  -22.5000   15.000014981.1426   14.4774
   -7.5000  -15.0000   15.000015720.4297   14.4194
    0.0000  -15.0000   15.000016471.6523   14.4186
    7.5000  -15.0000   15.000015553.0967   14.4295
   -7.5000   -7.5000   15.000016145.5635   14.3974
    0.0000   -7.5000   15.000016913.2383   14.3921
    7.5000   -7.5000   15.000015963.1182   14.3951
   -7.5000    0.0000   15.000016420.0352   14.3723
    0.0000    0.0000   15.000017185.5449   14.3662
    7.5000    0.0000   15.000016189.2773   14.3688
   -7.5000    7.5000   15.000015423.5488   14.3866
    0.0000    7.5000   15.000016132.0977   14.3843
    7.5000    7.5000   15.000015180.5352   14.3950
   -7.5000   15.0000   15.000014273.0566   14.4922
    0.0000   15.0000   15.000014911.0596   14.4937
    7.5000   15.0000   15.000014073.8291   14.5125
   -7.5000   22.5000   15.000013115.5723   14.6566
    0.0000   22.5000   15.000013682.3975   14.6603
    7.5000   22.5000   15.000012953.3877   14.6782
   -7.5000   30.0000   15.000011986.0146   14.6929
    0.0000   30.0000   15.000012487.7969   14.6933
    7.5000   30.0000   15.000011847.3877   14.7045
   -7.5000   37.5000   15.000011312.3975   14.9379
    0.0000   37.5000   15.000011770.6758   14.9300
    7.5000   37.5000   15.000011174.2363   14.9351
   -7.5000   45.0000   15.000010150.6768   14.8847
    0.0000   45.0000   15.000010567.8018   14.8745
    7.5000   45.0000   15.000010036.8691   14.8781
   -7.5000  -45.0000   22.500012130.4668   14.7538
    0.0000  -45.0000   22.500012682.9443   14.7483
    7.5000  -45.0000   22.500012124.8389   14.7497
   -7.5000  -37.5000   22.500012597.4893   14.6996
    0.0000  -37.5000   22.500013135.8330   14.6979
    7.5000  -37.5000   22.500012577.6924   14.7079
   -7.5000  -30.0000   22.500013495.7480   14.5958
    0.0000  -30.0000   22.500014115.3643   14.5978
    7.5000  -30.0000   22.500013437.5840   14.6152
   -7.5000  -22.5000   22.500014285.9824   14.5314
    0.0000  -22.5000   22.500014926.5156   14.5334
    7.5000  -22.5000   22.500014189.9014   14.5501
   -7.5000  -15.0000   22.500014849.4668   14.4944
    0.0000  -15.0000   22.500015497.1748   14.4929
    7.5000  -15.0000   22.500014722.0420   14.5022
   -7.5000   -7.5000   22.500015246.4404   14.4696
    0.0000   -7.5000   22.500015911.1104   14.4647
    7.5000   -7.5000   22.500015119.5273   14.4666
   -7.5000    0.0000   22.500015520.2764   14.4426
    0.0000    0.0000   22.500016188.2939   14.4375
    7.5000    0.0000   22.500015357.0127   14.4393
   -7.5000    7.5000   22.500014620.4531   14.4560
    0.0000    7.5000   22.500015229.7734   14.4545
    7.5000    7.5000   22.500014436.9141   14.4645
   -7.5000   15.0000   22.500013543.1660   14.5614
    0.0000   15.0000   22.500014093.0010   14.5630
    7.5000   15.0000   22.500013397.2627   14.5810
   -7.5000   22.5000   22.500012437.4062   14.7258
    0.0000   22.5000   22.500012941.7344   14.7286
    7.5000   22.5000   22.500012302.9355   14.7452
   -7.5000   30.0000   22.500011351.7891   14.7595
    0.0000   30.0000   22.500011822.0312   14.7594
    7.5000   30.0000   22.500011223.3711   14.7690
   -7.5000   37.5000   22.500010667.4746   15.0017
    0.0000   37.5000   22.500011110.8838   14.9945
    7.5000   37.5000   22.500010562.3330   14.9991
   -7.5000   45.0000   22.5000 9533.8701   14.9479
    0.0000   45.0000   22.5000 9943.0869   14.9382
    7.5000   45.0000   22.5000 9466.3623   14.9423
   -7.5000  -45.0000   30.000011278.8955   14.8351
    0.0000  -45.0000   30.000011774.0684   14.8303
    7.5000  -45.0000   30.000011280.6982   14.8316
   -7.5000  -37.5000   30.000011707.2061   14.7822
    0.0000  -37.5000   30.000012216.8457   14.7784
    7.5000  -37.5000   30.000011696.6826   14.7888
   -7.5000  -30.0000   30.000012550.2168   14.6821
    0.0000  -30.0000   30.000013124.8701   14.6807
    7.5000  -30.0000   30.000012500.9238   14.6987
   -7.5000  -22.5000   30.000013277.0781   14.6215
    0.0000  -22.5000   30.000013852.5469   14.6213
    7.5000  -22.5000   30.000013204.6602   14.6381
   -7.5000  -15.0000   30.000013822.4736   14.5844
    0.0000  -15.0000   30.000014404.9600   14.5835
    7.5000  -15.0000   30.000013720.1133   14.5924
   -7.5000   -7.5000   30.000014218.1240   14.5567
    0.0000   -7.5000   30.000014827.4316   14.5537
    7.5000   -7.5000   30.000014123.6035   14.5552
   -7.5000    0.0000   30.000014438.7168   14.5273
    0.0000    0.0000   30.000015060.4873   14.5228
    7.5000    0.0000   30.000014341.9805   14.5245
   -7.5000    7.5000   30.000013616.4336   14.5408
    0.0000    7.5000   30.000014190.3799   14.5371
    7.5000    7.5000   30.000013504.1465   14.5475
   -7.5000   15.0000   30.000012630.9990   14.6463
    0.0000   15.0000   30.000013171.9395   14.6446
    7.5000   15.0000   30.000012546.3037   14.6633
   -7.5000   22.5000   30.000011599.7842   14.8087
    0.0000   22.5000   30.000012086.9863   14.8094
    7.5000   22.5000   30.000011518.7266   14.8268
   -7.5000   30.0000   30.000010592.5059   14.8398
    0.0000   30.0000   30.000011039.7246   14.8410
    7.5000   30.0000   30.000010504.9023   14.8503
   -7.5000   37.5000   30.0000 9946.3770   15.0785
    0.0000   37.5000   30.000010353.4170   15.0749
    7.5000   37.5000   30.0000 9852.9160   15.0792
   -7.5000   45.0000   30.0000 8887.2451   15.0218
    0.0000   45.0000   30.0000 9253.1602   15.0137
    7.5000   45.0000   30.0000 8814.0684   15.0172
   -7.5000  -45.0000   37.500010833.3301   15.0101
    0.0000  -45.0000   37.500011305.7246   15.0058
    7.5000  -45.0000   37.500010822.8389   15.0086
   -7.5000  -37.5000   37.500011250.2217   14.9573
    0.0000  -37.5000   37.500011751.8857   14.9518
    7.5000  -37.5000   37.500011227.7051   14.9642
   -7.5000  -30.0000   37.500012047.8887   14.8576
    0.0000  -30.0000   37.500012606.5693   14.8542
    7.5000  -30.0000   37.500012006.7969   14.8750
   -7.5000  -22.5000   37.500012729.0508   14.7979
    0.0000  -22.5000   37.500013293.7773   14.7979
    7.5000  -22.5000   37.500012663.4141   14.8173
   -7.5000  -15.0000   37.500013240.7471   14.7608
    0.0000  -15.0000   37.500013813.3691   14.7624
    7.5000  -15.0000   37.500013163.8711   14.7731
   -7.5000   -7.5000   37.500013620.5566   14.7327
    0.0000   -7.5000   37.500014203.9365   14.7323
    7.5000   -7.5000   37.500013559.6270   14.7351
   -7.5000    0.0000   37.500013836.5371   14.7026
    0.0000    0.0000   37.500014417.2803   14.6986
    7.5000    0.0000   37.500013786.2217   14.7018
   -7.5000    7.5000   37.500013044.8008   14.7154
    0.0000    7.5000   37.500013597.6924   14.7102
    7.5000    7.5000   37.500012980.6885   14.7227
   -7.5000   15.0000   37.500012142.1738   14.8211
    0.0000   15.0000   37.500012657.4189   14.8175
    7.5000   15.0000   37.500012067.3672   14.8391
   -7.5000   22.5000   37.500011175.2412   14.9828
    0.0000   22.5000   37.500011647.3076   14.9837
    7.5000   22.5000   37.500011094.8906   15.0042
   -7.5000   30.0000   37.500010203.8926   15.0145
    0.0000   30.0000   37.500010651.3125   15.0186
    7.5000   30.0000   37.500010123.1719   15.0297
   -7.5000   37.5000   37.5000 9568.2432   15.2553
    0.0000   37.5000   37.5000 9985.9766   15.2552
    7.5000   37.5000   37.5000 9494.7881   15.2604
   -7.5000   45.0000   37.5000 8557.1162   15.1965
    0.0000   45.0000   37.5000 8937.9746   15.1902
    7.5000   45.0000   37.5000 8501.7324   15.1929
   -7.5000  -45.0000   45.0000 9939.2930   15.2160
    0.0000  -45.0000   45.000010387.7891   15.2117
    7.5000  -45.0000   45.0000 9932.2285   15.2155
   -7.5000  -37.5000   45.000010315.2002   15.1624
    0.0000  -37.5000   45.000010785.0107   15.1569
    7.5000  -37.5000   45.000010289.4717   15.1703
   -7.5000  -30.0000   45.000011020.6133   15.0601
    0.0000  -30.0000   45.000011519.6318   15.0576
    7.5000  -30.0000   45.000010985.7637   15.0799
   -7.5000  -22.5000   45.000011636.5586   14.9981
    0.0000  -22.5000   45.000012162.2939   15.0002
    7.5000  -22.5000   45.000011573.7070   15.0218
   -7.5000  -15.0000   45.000012103.6973   14.9602
    0.0000  -15.0000   45.000012650.9121   14.9639
    7.5000  -15.0000   45.000012042.9414   14.9771
   -7.5000   -7.5000   45.000012449.9668   14.9346
    0.0000   -7.5000   45.000013010.5381   14.9350
    7.5000   -7.5000   45.000012410.1299   14.9398
   -7.5000    0.0000   45.000012644.9736   14.9062
    0.0000    0.0000   45.000013213.2803   14.9022
    7.5000    0.0000   45.000012630.0488   14.9066
   -7.5000    7.5000   45.000011927.3398   14.9180
    0.0000    7.5000   45.000012450.5967   14.9127
    7.5000    7.5000   45.000011897.8730   14.9263
   -7.5000   15.0000   45.000011128.4551   15.0233
    0.0000   15.0000   45.000011624.0234   15.0206
    7.5000   15.0000   45.000011063.3701   15.0437
   -7.5000   22.5000   45.000010241.7021   15.1861
    0.0000   22.5000   45.000010702.7666   15.1892
    7.5000   22.5000   45.000010183.9180   15.2119
   -7.5000   30.0000   45.0000 9365.5234   15.2200
    0.0000   30.0000   45.0000 9783.9209   15.2261
    7.5000   30.0000   45.0000 9307.2393   15.2396
   -7.5000   37.5000   45.0000 8809.9248   15.4692
    0.0000   37.5000   45.0000 9199.8340   15.4697
    7.5000   37.5000   45.0000 8748.0029   15.4763
   -7.5000   45.0000   45.0000 7892.5078   15.4215
    0.0000   45.0000   45.0000 8242.2783   15.4158
    7.5000   45.0000   45.0000 7848.8228   15.4181

---------------------------------------------------------------------
imgreg_4dfp /opt/freesurfer/average/711-2C_as_mni_average_305 /opt/freesurfer/average/711-2B_as_mni_average_305_mask talsrcimg_g11 none talsrcimg_to_711-2C_as_mni_average_305_t4 4355
---------------------------------------------------------------------

freesurfer imgreg_4dfp.c
/opt/freesurfer/average/711-2C_as_mni_average_305.4dfp.img
       256       256       256         1
  1.000000  1.000000  1.000000
orientation T byte_order littleendian
Reading image: /opt/freesurfer/average/711-2C_as_mni_average_305.4dfp.img
dimensions:      256       256       256
mmppix:       1.0000   -1.0000   -1.0000
center:     128.0000 -129.0000 -129.0000
/opt/freesurfer/average/711-2B_as_mni_average_305_mask.4dfp.img
       256       256       256         1
  1.000000  1.000000  1.000000
orientation T byte_order littleendian
Reading mask: /opt/freesurfer/average/711-2B_as_mni_average_305_mask.4dfp.img (2306576 pixels)
talsrcimg_g11.4dfp.img
       256       256       256         1
  1.000000  1.000000  1.000000
orientation T byte_order littleendian
Reading image: talsrcimg_g11.4dfp.img
dimensions:      256       256       256
mmppix:       1.0000   -1.0000   -1.0000
center:     128.0000 -129.0000 -129.0000
rotation matrix determinant  1.000000
image alignment mode   4355 decimal     1103 hex
   -7.5000  -45.0000  -45.0000 2286.9390   14.6998
    0.0000  -45.0000  -45.0000 2292.8557   14.6612
    7.5000  -45.0000  -45.0000 2283.3494   14.7180
   -7.5000  -37.5000  -45.0000 2327.0281   13.9643
    0.0000  -37.5000  -45.0000 2337.1892   13.9166
    7.5000  -37.5000  -45.0000 2323.2512   13.9808
   -7.5000  -30.0000  -45.0000 2351.0400   13.4120
    0.0000  -30.0000  -45.0000 2365.6460   13.3425
    7.5000  -30.0000  -45.0000 2347.8379   13.4368
   -7.5000  -22.5000  -45.0000 2371.5122   13.0467
    0.0000  -22.5000  -45.0000 2387.0891   12.9701
    7.5000  -22.5000  -45.0000 2370.1008   13.0548
   -7.5000  -15.0000  -45.0000 2378.7766   12.9412
    0.0000  -15.0000  -45.0000 2393.6768   12.8416
    7.5000  -15.0000  -45.0000 2377.7905   12.9182
   -7.5000   -7.5000  -45.0000 2366.5442   13.0973
    0.0000   -7.5000  -45.0000 2384.5361   12.9961
    7.5000   -7.5000  -45.0000 2368.3391   13.0833
   -7.5000    0.0000  -45.0000 2331.3364   13.5122
    0.0000    0.0000  -45.0000 2349.2358   13.4270
    7.5000    0.0000  -45.0000 2333.6892   13.4971
   -7.5000    7.5000  -45.0000 2280.3069   14.1352
    0.0000    7.5000  -45.0000 2300.3364   14.0391
    7.5000    7.5000  -45.0000 2282.9775   14.1232
   -7.5000   15.0000  -45.0000 2213.0034   14.9697
    0.0000   15.0000  -45.0000 2229.4475   14.8719
    7.5000   15.0000  -45.0000 2216.9194   14.9854
   -7.5000   22.5000  -45.0000 2132.3560   16.1820
    0.0000   22.5000  -45.0000 2146.4819   16.0846
    7.5000   22.5000  -45.0000 2131.8127   16.2199
   -7.5000   30.0000  -45.0000 2031.9948   17.9503
    0.0000   30.0000  -45.0000 2046.0646   17.8266
    7.5000   30.0000  -45.0000 2029.7782   17.9645
   -7.5000   37.5000  -45.0000 1925.2336   20.3499
    0.0000   37.5000  -45.0000 1941.4537   20.1911
    7.5000   37.5000  -45.0000 1924.5297   20.2902
   -7.5000   45.0000  -45.0000 1811.1895   23.3926
    0.0000   45.0000  -45.0000 1824.3040   23.1553
    7.5000   45.0000  -45.0000 1812.2997   23.2943
   -7.5000  -45.0000  -37.5000 2374.2283   13.6352
    0.0000  -45.0000  -37.5000 2384.4924   13.5968
    7.5000  -45.0000  -37.5000 2373.8181   13.6558
   -7.5000  -37.5000  -37.5000 2414.4802   12.9791
    0.0000  -37.5000  -37.5000 2430.0398   12.9065
    7.5000  -37.5000  -37.5000 2410.0220   12.9672
   -7.5000  -30.0000  -37.5000 2441.4087   12.4711
    0.0000  -30.0000  -37.5000 2459.6548   12.3837
    7.5000  -30.0000  -37.5000 2440.2922   12.4776
   -7.5000  -22.5000  -37.5000 2462.5320   12.1514
    0.0000  -22.5000  -37.5000 2480.0315   12.0531
    7.5000  -22.5000  -37.5000 2460.0769   12.1532
   -7.5000  -15.0000  -37.5000 2468.9810   12.0507
    0.0000  -15.0000  -37.5000 2488.0332   11.9340
    7.5000  -15.0000  -37.5000 2470.1536   12.0327
   -7.5000   -7.5000  -37.5000 2459.7148   12.1894
    0.0000   -7.5000  -37.5000 2478.9048   12.0653
    7.5000   -7.5000  -37.5000 2461.1917   12.1703
   -7.5000    0.0000  -37.5000 2422.7021   12.5631
    0.0000    0.0000  -37.5000 2442.5317   12.4354
    7.5000    0.0000  -37.5000 2428.3545   12.5318
   -7.5000    7.5000  -37.5000 2370.3484   13.0928
    0.0000    7.5000  -37.5000 2392.6079   12.9769
    7.5000    7.5000  -37.5000 2377.5784   13.0956
   -7.5000   15.0000  -37.5000 2303.3120   13.8669
    0.0000   15.0000  -37.5000 2319.4585   13.7622
    7.5000   15.0000  -37.5000 2303.0952   13.8797
   -7.5000   22.5000  -37.5000 2211.4763   14.9726
    0.0000   22.5000  -37.5000 2228.0317   14.8763
    7.5000   22.5000  -37.5000 2211.8972   15.0069
   -7.5000   30.0000  -37.5000 2104.5562   16.5780
    0.0000   30.0000  -37.5000 2116.7148   16.4446
    7.5000   30.0000  -37.5000 2102.7495   16.5670
   -7.5000   37.5000  -37.5000 1991.4835   18.7432
    0.0000   37.5000  -37.5000 2005.6990   18.6120
    7.5000   37.5000  -37.5000 1990.8574   18.6884
   -7.5000   45.0000  -37.5000 1870.4294   21.5079
    0.0000   45.0000  -37.5000 1881.0289   21.3108
    7.5000   45.0000  -37.5000 1872.4230   21.4582
   -7.5000  -45.0000  -30.0000 2507.9443   13.0980
    0.0000  -45.0000  -30.0000 2518.4224   13.0413
    7.5000  -45.0000  -30.0000 2503.6860   13.1082
   -7.5000  -37.5000  -30.0000 2549.8704   12.4558
    0.0000  -37.5000  -30.0000 2565.0132   12.3832
    7.5000  -37.5000  -30.0000 2548.6841   12.4457
   -7.5000  -30.0000  -30.0000 2587.7036   11.9860
    0.0000  -30.0000  -30.0000 2606.8965   11.8943
    7.5000  -30.0000  -30.0000 2589.4343   11.9799
   -7.5000  -22.5000  -30.0000 2612.6301   11.6998
    0.0000  -22.5000  -30.0000 2631.9648   11.5918
    7.5000  -22.5000  -30.0000 2612.4749   11.7109
   -7.5000  -15.0000  -30.0000 2617.7810   11.6453
    0.0000  -15.0000  -30.0000 2635.4785   11.5175
    7.5000  -15.0000  -30.0000 2617.7883   11.6299
   -7.5000   -7.5000  -30.0000 2604.0461   11.7791
    0.0000   -7.5000  -30.0000 2624.7246   11.6495
    7.5000   -7.5000  -30.0000 2606.1353   11.7554
   -7.5000    0.0000  -30.0000 2567.9177   12.0813
    0.0000    0.0000  -30.0000 2590.1162   11.9556
    7.5000    0.0000  -30.0000 2575.0776   12.0657
   -7.5000    7.5000  -30.0000 2513.2954   12.5697
    0.0000    7.5000  -30.0000 2537.1604   12.4489
    7.5000    7.5000  -30.0000 2518.9187   12.5782
   -7.5000   15.0000  -30.0000 2437.9832   13.3014
    0.0000   15.0000  -30.0000 2458.5283   13.1816
    7.5000   15.0000  -30.0000 2439.0205   13.3051
   -7.5000   22.5000  -30.0000 2338.8899   14.3601
    0.0000   22.5000  -30.0000 2356.4314   14.2636
    7.5000   22.5000  -30.0000 2339.1196   14.3883
   -7.5000   30.0000  -30.0000 2221.6147   15.8629
    0.0000   30.0000  -30.0000 2234.7986   15.7381
    7.5000   30.0000  -30.0000 2219.4070   15.8529
   -7.5000   37.5000  -30.0000 2098.8525   17.8496
    0.0000   37.5000  -30.0000 2112.8010   17.7362
    7.5000   37.5000  -30.0000 2095.6292   17.8256
   -7.5000   45.0000  -30.0000 1972.8903   20.4667
    0.0000   45.0000  -30.0000 1985.4115   20.3128
    7.5000   45.0000  -30.0000 1971.2334   20.4245
   -7.5000  -45.0000  -22.5000 2604.6465   12.4887
    0.0000  -45.0000  -22.5000 2615.6377   12.4158
    7.5000  -45.0000  -22.5000 2596.9053   12.5156
   -7.5000  -37.5000  -22.5000 2653.2461   11.8613
    0.0000  -37.5000  -22.5000 2671.1289   11.7831
    7.5000  -37.5000  -22.5000 2649.4182   11.8705
   -7.5000  -30.0000  -22.5000 2699.2563   11.4349
    0.0000  -30.0000  -22.5000 2717.2415   11.3431
    7.5000  -30.0000  -22.5000 2698.9573   11.4247
   -7.5000  -22.5000  -22.5000 2727.7698   11.1843
    0.0000  -22.5000  -22.5000 2748.6016   11.0694
    7.5000  -22.5000  -22.5000 2726.5422   11.1674
   -7.5000  -15.0000  -22.5000 2739.6096   11.1206
    0.0000  -15.0000  -22.5000 2757.6497   11.0085
    7.5000  -15.0000  -22.5000 2735.4968   11.1080
   -7.5000   -7.5000  -22.5000 2726.2126   11.2590
    0.0000   -7.5000  -22.5000 2747.2678   11.1539
    7.5000   -7.5000  -22.5000 2724.9656   11.2523
   -7.5000    0.0000  -22.5000 2686.9712   11.5584
    0.0000    0.0000  -22.5000 2712.3635   11.4438
    7.5000    0.0000  -22.5000 2690.4441   11.5443
   -7.5000    7.5000  -22.5000 2630.4148   11.9896
    0.0000    7.5000  -22.5000 2654.2881   11.8730
    7.5000    7.5000  -22.5000 2634.8796   12.0031
   -7.5000   15.0000  -22.5000 2546.6035   12.6683
    0.0000   15.0000  -22.5000 2568.9375   12.5537
    7.5000   15.0000  -22.5000 2549.0022   12.6993
   -7.5000   22.5000  -22.5000 2439.6384   13.7053
    0.0000   22.5000  -22.5000 2458.6948   13.5826
    7.5000   22.5000  -22.5000 2440.9263   13.7254
   -7.5000   30.0000  -22.5000 2314.2581   15.1481
    0.0000   30.0000  -22.5000 2328.4028   14.9999
    7.5000   30.0000  -22.5000 2311.6802   15.1042
   -7.5000   37.5000  -22.5000 2184.7144   17.0259
    0.0000   37.5000  -22.5000 2195.8535   16.8809
    7.5000   37.5000  -22.5000 2180.9033   16.9773
   -7.5000   45.0000  -22.5000 2048.6348   19.5035
    0.0000   45.0000  -22.5000 2060.3032   19.2801
    7.5000   45.0000  -22.5000 2041.9236   19.4025
   -7.5000  -45.0000  -15.0000 2665.1641   11.9594
    0.0000  -45.0000  -15.0000 2679.3645   11.8994
    7.5000  -45.0000  -15.0000 2662.3518   11.9979
   -7.5000  -37.5000  -15.0000 2719.9033   11.3396
    0.0000  -37.5000  -15.0000 2739.6738   11.2591
    7.5000  -37.5000  -15.0000 2719.1836   11.3738
   -7.5000  -30.0000  -15.0000 2771.8796   10.9177
    0.0000  -30.0000  -15.0000 2789.4500   10.8263
    7.5000  -30.0000  -15.0000 2772.2656   10.9382
   -7.5000  -22.5000  -15.0000 2806.4036   10.6342
    0.0000  -22.5000  -15.0000 2832.8420   10.5390
    7.5000  -22.5000  -15.0000 2808.3081   10.6609
   -7.5000  -15.0000  -15.0000 2827.9241   10.5826
    0.0000  -15.0000  -15.0000 2850.7124   10.4777
    7.5000  -15.0000  -15.0000 2822.1279   10.5838
   -7.5000   -7.5000  -15.0000 2823.5964   10.7325
    0.0000   -7.5000  -15.0000 2846.6584   10.6218
    7.5000   -7.5000  -15.0000 2815.0911   10.7248
   -7.5000    0.0000  -15.0000 2779.2969   11.0410
    0.0000    0.0000  -15.0000 2808.4412   10.9260
    7.5000    0.0000  -15.0000 2777.9863   11.0206
   -7.5000    7.5000  -15.0000 2714.5120   11.4388
    0.0000    7.5000  -15.0000 2742.6091   11.3229
    7.5000    7.5000  -15.0000 2719.9319   11.4418
   -7.5000   15.0000  -15.0000 2625.7969   12.0727
    0.0000   15.0000  -15.0000 2650.7227   11.9671
    7.5000   15.0000  -15.0000 2628.7532   12.1124
   -7.5000   22.5000  -15.0000 2510.6812   13.0809
    0.0000   22.5000  -15.0000 2534.0046   12.9657
    7.5000   22.5000  -15.0000 2512.2766   13.1097
   -7.5000   30.0000  -15.0000 2376.6230   14.4660
    0.0000   30.0000  -15.0000 2398.6143   14.3168
    7.5000   30.0000  -15.0000 2379.2097   14.4535
   -7.5000   37.5000  -15.0000 2240.4150   16.2729
    0.0000   37.5000  -15.0000 2254.3296   16.1053
    7.5000   37.5000  -15.0000 2238.1992   16.2328
   -7.5000   45.0000  -15.0000 2096.5103   18.5875
    0.0000   45.0000  -15.0000 2105.2737   18.3884
    7.5000   45.0000  -15.0000 2091.2144   18.5051
   -7.5000  -45.0000   -7.5000 2696.6680   11.5447
    0.0000  -45.0000   -7.5000 2716.0283   11.4717
    7.5000  -45.0000   -7.5000 2698.9473   11.5812
   -7.5000  -37.5000   -7.5000 2762.6802   10.9292
    0.0000  -37.5000   -7.5000 2783.3523   10.8356
    7.5000  -37.5000   -7.5000 2764.9292   10.9656
   -7.5000  -30.0000   -7.5000 2821.9719   10.4880
    0.0000  -30.0000   -7.5000 2844.3604   10.4026
    7.5000  -30.0000   -7.5000 2822.4871   10.5321
   -7.5000  -22.5000   -7.5000 2867.1040   10.1980
    0.0000  -22.5000   -7.5000 2899.0586   10.0964
    7.5000  -22.5000   -7.5000 2869.7688   10.2515
   -7.5000  -15.0000   -7.5000 2895.2271   10.1264
    0.0000  -15.0000   -7.5000 2928.0535   10.0053
    7.5000  -15.0000   -7.5000 2891.5640   10.1688
   -7.5000   -7.5000   -7.5000 2896.1960   10.2665
    0.0000   -7.5000   -7.5000 2926.0344   10.1445
    7.5000   -7.5000   -7.5000 2889.4199   10.2790
   -7.5000    0.0000   -7.5000 2851.1465   10.5745
    0.0000    0.0000   -7.5000 2881.5269   10.4413
    7.5000    0.0000   -7.5000 2846.1399   10.5617
   -7.5000    7.5000   -7.5000 2780.0906   10.9638
    0.0000    7.5000   -7.5000 2807.7627   10.8453
    7.5000    7.5000   -7.5000 2780.8237   10.9828
   -7.5000   15.0000   -7.5000 2681.5010   11.5602
    0.0000   15.0000   -7.5000 2710.5547   11.4405
    7.5000   15.0000   -7.5000 2683.3430   11.6216
   -7.5000   22.5000   -7.5000 2559.0510   12.5259
    0.0000   22.5000   -7.5000 2585.8091   12.4005
    7.5000   22.5000   -7.5000 2561.4570   12.5969
   -7.5000   30.0000   -7.5000 2419.3914   13.8714
    0.0000   30.0000   -7.5000 2442.7700   13.7391
    7.5000   30.0000   -7.5000 2420.6357   13.9102
   -7.5000   37.5000   -7.5000 2277.0754   15.6132
    0.0000   37.5000   -7.5000 2292.8171   15.4805
    7.5000   37.5000   -7.5000 2272.6577   15.6200
   -7.5000   45.0000   -7.5000 2126.7710   17.7882
    0.0000   45.0000   -7.5000 2137.9277   17.6610
    7.5000   45.0000   -7.5000 2123.0977   17.7685
   -7.5000  -45.0000    0.0000 2709.0994   11.2775
    0.0000  -45.0000    0.0000 2729.4395   11.1842
    7.5000  -45.0000    0.0000 2713.4810   11.3233
   -7.5000  -37.5000    0.0000 2783.8015   10.6464
    0.0000  -37.5000    0.0000 2804.8125   10.5404
    7.5000  -37.5000    0.0000 2786.9839   10.6856
   -7.5000  -30.0000    0.0000 2851.5322   10.2040
    0.0000  -30.0000    0.0000 2876.1943   10.0899
    7.5000  -30.0000    0.0000 2850.8335   10.2485
   -7.5000  -22.5000    0.0000 2908.7756    9.9339
    0.0000  -22.5000    0.0000 2941.0559    9.8443
    7.5000  -22.5000    0.0000 2910.8655    9.9930
   -7.5000  -15.0000    0.0000 2945.8884    9.8577
    0.0000  -15.0000    0.0000 2986.1548    9.7378
    7.5000  -15.0000    0.0000 2942.9553    9.9301
   -7.5000   -7.5000    0.0000 2948.1770    9.9811
    0.0000   -7.5000    0.0000 2984.7817    9.8346
    7.5000   -7.5000    0.0000 2936.1462   10.0209
   -7.5000    0.0000    0.0000 2900.3462   10.2639
    0.0000    0.0000    0.0000 2932.6416   10.1122
    7.5000    0.0000    0.0000 2888.3684   10.2754
   -7.5000    7.5000    0.0000 2821.4888   10.6606
    0.0000    7.5000    0.0000 2849.6072   10.5296
    7.5000    7.5000    0.0000 2814.5977   10.6912
   -7.5000   15.0000    0.0000 2717.5732   11.2578
    0.0000   15.0000    0.0000 2747.0288   11.1467
    7.5000   15.0000    0.0000 2719.3247   11.2966
   -7.5000   22.5000    0.0000 2587.8855   12.1938
    0.0000   22.5000    0.0000 2615.6887   12.1072
    7.5000   22.5000    0.0000 2589.4790   12.2511
   -7.5000   30.0000    0.0000 2442.5652   13.5016
    0.0000   30.0000    0.0000 2466.7041   13.4200
    7.5000   30.0000    0.0000 2442.1892   13.5350
   -7.5000   37.5000    0.0000 2294.9082   15.2352
    0.0000   37.5000    0.0000 2310.7295   15.1453
    7.5000   37.5000    0.0000 2293.1697   15.2359
   -7.5000   45.0000    0.0000 2138.1560   17.3796
    0.0000   45.0000    0.0000 2152.9829   17.2390
    7.5000   45.0000    0.0000 2138.7959   17.3361
   -7.5000  -45.0000    7.5000 2709.1274   11.1845
    0.0000  -45.0000    7.5000 2726.3135   11.0506
    7.5000  -45.0000    7.5000 2711.3091   11.2262
   -7.5000  -37.5000    7.5000 2786.9277   10.5140
    0.0000  -37.5000    7.5000 2808.1404   10.3792
    7.5000  -37.5000    7.5000 2791.5320   10.5756
   -7.5000  -30.0000    7.5000 2860.4368   10.0777
    0.0000  -30.0000    7.5000 2884.4155    9.9184
    7.5000  -30.0000    7.5000 2858.6543   10.1421
   -7.5000  -22.5000    7.5000 2926.0989    9.8404
    0.0000  -22.5000    7.5000 2957.2839    9.7123
    7.5000  -22.5000    7.5000 2920.3079    9.9073
   -7.5000  -15.0000    7.5000 2968.8521    9.7824
    0.0000  -15.0000    7.5000 3011.0986    9.6732
    7.5000  -15.0000    7.5000 2958.4175    9.8314
   -7.5000   -7.5000    7.5000 2967.7041    9.8602
    0.0000   -7.5000    7.5000 3010.7039    9.7356
    7.5000   -7.5000    7.5000 2955.5959    9.8939
   -7.5000    0.0000    7.5000 2917.4644   10.1087
    0.0000    0.0000    7.5000 2952.6501    9.9762
    7.5000    0.0000    7.5000 2906.0054   10.1324
   -7.5000    7.5000    7.5000 2834.6733   10.5408
    0.0000    7.5000    7.5000 2863.8293   10.4218
    7.5000    7.5000    7.5000 2825.9614   10.5788
   -7.5000   15.0000    7.5000 2727.1716   11.1796
    0.0000   15.0000    7.5000 2750.7761   11.0676
    7.5000   15.0000    7.5000 2726.1052   11.2120
   -7.5000   22.5000    7.5000 2595.9500   12.1253
    0.0000   22.5000    7.5000 2617.2302   12.0065
    7.5000   22.5000    7.5000 2595.2737   12.1373
   -7.5000   30.0000    7.5000 2448.8794   13.4078
    0.0000   30.0000    7.5000 2469.0293   13.2869
    7.5000   30.0000    7.5000 2447.2200   13.4068
   -7.5000   37.5000    7.5000 2294.8564   15.0759
    0.0000   37.5000    7.5000 2311.0952   14.9530
    7.5000   37.5000    7.5000 2296.3896   15.0665
   -7.5000   45.0000    7.5000 2137.1895   17.1455
    0.0000   45.0000    7.5000 2156.5608   17.0338
    7.5000   45.0000    7.5000 2139.8625   17.1151
   -7.5000  -45.0000   15.0000 2689.5122   11.2393
    0.0000  -45.0000   15.0000 2705.1252   11.1008
    7.5000  -45.0000   15.0000 2692.5635   11.3105
   -7.5000  -37.5000   15.0000 2765.6646   10.5888
    0.0000  -37.5000   15.0000 2786.5659   10.4469
    7.5000  -37.5000   15.0000 2768.0933   10.6534
   -7.5000  -30.0000   15.0000 2840.8894   10.1618
    0.0000  -30.0000   15.0000 2866.2939   10.0035
    7.5000  -30.0000   15.0000 2837.9656   10.2129
   -7.5000  -22.5000   15.0000 2914.2366    9.9181
    0.0000  -22.5000   15.0000 2944.1853    9.7840
    7.5000  -22.5000   15.0000 2906.3831    9.9569
   -7.5000  -15.0000   15.0000 2956.1226    9.8572
    0.0000  -15.0000   15.0000 2992.3542    9.7140
    7.5000  -15.0000   15.0000 2941.2617    9.8975
   -7.5000   -7.5000   15.0000 2950.0850    9.9505
    0.0000   -7.5000   15.0000 2984.1384    9.7924
    7.5000   -7.5000   15.0000 2938.8821    9.9889
   -7.5000    0.0000   15.0000 2897.3960   10.2099
    0.0000    0.0000   15.0000 2927.1599   10.0723
    7.5000    0.0000   15.0000 2888.3894   10.2310
   -7.5000    7.5000   15.0000 2814.8367   10.6635
    0.0000    7.5000   15.0000 2840.1033   10.5419
    7.5000    7.5000   15.0000 2807.2097   10.6744
   -7.5000   15.0000   15.0000 2701.5564   11.3189
    0.0000   15.0000   15.0000 2722.5020   11.1896
    7.5000   15.0000   15.0000 2700.1260   11.3280
   -7.5000   22.5000   15.0000 2577.7988   12.2446
    0.0000   22.5000   15.0000 2595.7158   12.1020
    7.5000   22.5000   15.0000 2579.8953   12.2257
   -7.5000   30.0000   15.0000 2435.0347   13.4731
    0.0000   30.0000   15.0000 2450.0317   13.3342
    7.5000   30.0000   15.0000 2435.6960   13.4243
   -7.5000   37.5000   15.0000 2284.5498   15.1061
    0.0000   37.5000   15.0000 2297.0496   14.9644
    7.5000   37.5000   15.0000 2285.4631   15.0383
   -7.5000   45.0000   15.0000 2123.9351   17.1621
    0.0000   45.0000   15.0000 2141.8550   17.0005
    7.5000   45.0000   15.0000 2127.1426   17.0824
   -7.5000  -45.0000   22.5000 2655.3296   11.5243
    0.0000  -45.0000   22.5000 2672.3965   11.3619
    7.5000  -45.0000   22.5000 2654.4014   11.5710
   -7.5000  -37.5000   22.5000 2726.2654   10.8614
    0.0000  -37.5000   22.5000 2744.8943   10.6992
    7.5000  -37.5000   22.5000 2725.8008   10.9143
   -7.5000  -30.0000   22.5000 2802.0728   10.4228
    0.0000  -30.0000   22.5000 2825.2480   10.2536
    7.5000  -30.0000   22.5000 2799.2073   10.4754
   -7.5000  -22.5000   22.5000 2870.8015   10.1734
    0.0000  -22.5000   22.5000 2900.6089   10.0290
    7.5000  -22.5000   22.5000 2865.3276   10.2167
   -7.5000  -15.0000   22.5000 2909.8975   10.1049
    0.0000  -15.0000   22.5000 2941.6667    9.9407
    7.5000  -15.0000   22.5000 2898.2256   10.1601
   -7.5000   -7.5000   22.5000 2902.9744   10.2228
    0.0000   -7.5000   22.5000 2933.8467   10.0470
    7.5000   -7.5000   22.5000 2895.2256   10.2508
   -7.5000    0.0000   22.5000 2852.0400   10.5041
    0.0000    0.0000   22.5000 2878.4248   10.3377
    7.5000    0.0000   22.5000 2843.3936   10.5075
   -7.5000    7.5000   22.5000 2773.8867   10.9551
    0.0000    7.5000   22.5000 2797.8425   10.7897
    7.5000    7.5000   22.5000 2766.8164   10.9536
   -7.5000   15.0000   22.5000 2660.7935   11.6187
    0.0000   15.0000   22.5000 2678.2803   11.4573
    7.5000   15.0000   22.5000 2660.0234   11.6067
   -7.5000   22.5000   22.5000 2538.1255   12.5528
    0.0000   22.5000   22.5000 2553.9753   12.3938
    7.5000   22.5000   22.5000 2540.2983   12.5225
   -7.5000   30.0000   22.5000 2400.1399   13.7649
    0.0000   30.0000   22.5000 2415.3140   13.6136
    7.5000   30.0000   22.5000 2399.3684   13.7147
   -7.5000   37.5000   22.5000 2250.3899   15.3410
    0.0000   37.5000   22.5000 2265.7803   15.1849
    7.5000   37.5000   22.5000 2251.7319   15.2438
   -7.5000   45.0000   22.5000 2094.0469   17.3354
    0.0000   45.0000   22.5000 2111.7278   17.1635
    7.5000   45.0000   22.5000 2099.8455   17.2329
   -7.5000  -45.0000   30.0000 2615.9331   11.9541
    0.0000  -45.0000   30.0000 2634.8738   11.7661
    7.5000  -45.0000   30.0000 2611.7312   12.0006
   -7.5000  -37.5000   30.0000 2682.5315   11.2932
    0.0000  -37.5000   30.0000 2702.7202   11.1101
    7.5000  -37.5000   30.0000 2678.5972   11.3495
   -7.5000  -30.0000   30.0000 2750.8171   10.8819
    0.0000  -30.0000   30.0000 2772.3213   10.7146
    7.5000  -30.0000   30.0000 2744.0271   10.9121
   -7.5000  -22.5000   30.0000 2810.4207   10.6351
    0.0000  -22.5000   30.0000 2835.1682   10.4709
    7.5000  -22.5000   30.0000 2803.9817   10.6655
   -7.5000  -15.0000   30.0000 2840.9128   10.5659
    0.0000  -15.0000   30.0000 2864.6655   10.3919
    7.5000  -15.0000   30.0000 2830.8311   10.6075
   -7.5000   -7.5000   30.0000 2827.1387   10.7215
    0.0000   -7.5000   30.0000 2851.2786   10.5599
    7.5000   -7.5000   30.0000 2823.9172   10.7329
   -7.5000    0.0000   30.0000 2772.3293   11.0074
    0.0000    0.0000   30.0000 2798.0073   10.8462
    7.5000    0.0000   30.0000 2772.7170   11.0055
   -7.5000    7.5000   30.0000 2708.0088   11.4391
    0.0000    7.5000   30.0000 2730.3833   11.2618
    7.5000    7.5000   30.0000 2703.7966   11.4261
   -7.5000   15.0000   30.0000 2605.8425   12.0607
    0.0000   15.0000   30.0000 2625.6543   11.9013
    7.5000   15.0000   30.0000 2607.1343   12.0456
   -7.5000   22.5000   30.0000 2487.2695   12.9717
    0.0000   22.5000   30.0000 2505.4104   12.8101
    7.5000   22.5000   30.0000 2493.9661   12.9343
   -7.5000   30.0000   30.0000 2354.2478   14.1876
    0.0000   30.0000   30.0000 2372.8696   14.0306
    7.5000   30.0000   30.0000 2358.4595   14.1358
   -7.5000   37.5000   30.0000 2206.6035   15.7580
    0.0000   37.5000   30.0000 2222.6453   15.6058
    7.5000   37.5000   30.0000 2210.6184   15.6688
   -7.5000   45.0000   30.0000 2055.7239   17.6933
    0.0000   45.0000   30.0000 2068.5100   17.5159
    7.5000   45.0000   30.0000 2060.5493   17.5862
   -7.5000  -45.0000   37.5000 2571.7095   12.5426
    0.0000  -45.0000   37.5000 2591.0117   12.3467
    7.5000  -45.0000   37.5000 2564.3774   12.5860
   -7.5000  -37.5000   37.5000 2634.0562   11.9079
    0.0000  -37.5000   37.5000 2654.4858   11.7310
    7.5000  -37.5000   37.5000 2624.6750   11.9445
   -7.5000  -30.0000   37.5000 2694.6982   11.5002
    0.0000  -30.0000   37.5000 2716.5242   11.3449
    7.5000  -30.0000   37.5000 2684.6919   11.5241
   -7.5000  -22.5000   37.5000 2741.3333   11.2572
    0.0000  -22.5000   37.5000 2766.3213   11.0932
    7.5000  -22.5000   37.5000 2730.8828   11.2808
   -7.5000  -15.0000   37.5000 2758.8438   11.2015
    0.0000  -15.0000   37.5000 2779.8594   11.0482
    7.5000  -15.0000   37.5000 2749.4712   11.2275
   -7.5000   -7.5000   37.5000 2736.9651   11.3858
    0.0000   -7.5000   37.5000 2760.3760   11.2346
    7.5000   -7.5000   37.5000 2736.0435   11.3938
   -7.5000    0.0000   37.5000 2681.6343   11.6829
    0.0000    0.0000   37.5000 2704.6768   11.5369
    7.5000    0.0000   37.5000 2687.5627   11.6857
   -7.5000    7.5000   37.5000 2624.4043   12.0975
    0.0000    7.5000   37.5000 2643.9521   11.9342
    7.5000    7.5000   37.5000 2623.8086   12.0839
   -7.5000   15.0000   37.5000 2538.7012   12.6839
    0.0000   15.0000   37.5000 2555.7300   12.5271
    7.5000   15.0000   37.5000 2535.0808   12.6785
   -7.5000   22.5000   37.5000 2435.5645   13.5742
    0.0000   22.5000   37.5000 2450.5972   13.4217
    7.5000   22.5000   37.5000 2434.0796   13.5508
   -7.5000   30.0000   37.5000 2305.7615   14.7756
    0.0000   30.0000   37.5000 2323.1731   14.6415
    7.5000   30.0000   37.5000 2305.9163   14.7408
   -7.5000   37.5000   37.5000 2158.9148   16.3517
    0.0000   37.5000   37.5000 2177.8921   16.1978
    7.5000   37.5000   37.5000 2162.9592   16.2772
   -7.5000   45.0000   37.5000 2015.0745   18.3071
    0.0000   45.0000   37.5000 2031.8096   18.1121
    7.5000   45.0000   37.5000 2017.7185   18.2101
   -7.5000  -45.0000   45.0000 2513.7827   13.3211
    0.0000  -45.0000   45.0000 2533.3628   13.1430
    7.5000  -45.0000   45.0000 2506.4714   13.3589
   -7.5000  -37.5000   45.0000 2570.4907   12.6676
    0.0000  -37.5000   45.0000 2592.0522   12.5168
    7.5000  -37.5000   45.0000 2560.1287   12.7003
   -7.5000  -30.0000   45.0000 2616.8301   12.2543
    0.0000  -30.0000   45.0000 2639.8555   12.0940
    7.5000  -30.0000   45.0000 2606.8293   12.2804
   -7.5000  -22.5000   45.0000 2654.3091   12.0273
    0.0000  -22.5000   45.0000 2677.0479   11.8946
    7.5000  -22.5000   45.0000 2640.6482   12.0622
   -7.5000  -15.0000   45.0000 2666.0403   12.0077
    0.0000  -15.0000   45.0000 2683.8796   11.8878
    7.5000  -15.0000   45.0000 2654.9775   12.0257
   -7.5000   -7.5000   45.0000 2641.1926   12.2120
    0.0000   -7.5000   45.0000 2662.1208   12.0937
    7.5000   -7.5000   45.0000 2637.7268   12.2063
   -7.5000    0.0000   45.0000 2588.7212   12.5156
    0.0000    0.0000   45.0000 2607.4568   12.3961
    7.5000    0.0000   45.0000 2592.6479   12.5024
   -7.5000    7.5000   45.0000 2534.5356   12.9209
    0.0000    7.5000   45.0000 2547.8584   12.7958
    7.5000    7.5000   45.0000 2534.2161   12.9121
   -7.5000   15.0000   45.0000 2463.3967   13.4782
    0.0000   15.0000   45.0000 2480.4739   13.3302
    7.5000   15.0000   45.0000 2457.5942   13.4615
   -7.5000   22.5000   45.0000 2370.0073   14.3380
    0.0000   22.5000   45.0000 2386.0378   14.2023
    7.5000   22.5000   45.0000 2367.8301   14.3186
   -7.5000   30.0000   45.0000 2248.5132   15.5376
    0.0000   30.0000   45.0000 2262.9678   15.4305
    7.5000   30.0000   45.0000 2246.6943   15.5195
   -7.5000   37.5000   45.0000 2108.9241   17.1521
    0.0000   37.5000   45.0000 2125.5403   17.0523
    7.5000   37.5000   45.0000 2108.0818   17.0910
   -7.5000   45.0000   45.0000 1971.2634   19.1718
    0.0000   45.0000   45.0000 1986.1039   19.0257
    7.5000   45.0000   45.0000 1976.3606   19.0632

---------------------------------------------------------------------
imgreg_4dfp /opt/freesurfer/average/711-2C_as_mni_average_305 /opt/freesurfer/average/711-2B_as_mni_average_305_mask talsrcimg_g11 none talsrcimg_to_711-2C_as_mni_average_305_t4 1283
---------------------------------------------------------------------

freesurfer imgreg_4dfp.c
/opt/freesurfer/average/711-2C_as_mni_average_305.4dfp.img
       256       256       256         1
  1.000000  1.000000  1.000000
orientation T byte_order littleendian
Reading image: /opt/freesurfer/average/711-2C_as_mni_average_305.4dfp.img
dimensions:      256       256       256
mmppix:       1.0000   -1.0000   -1.0000
center:     128.0000 -129.0000 -129.0000
/opt/freesurfer/average/711-2B_as_mni_average_305_mask.4dfp.img
       256       256       256         1
  1.000000  1.000000  1.000000
orientation T byte_order littleendian
Reading mask: /opt/freesurfer/average/711-2B_as_mni_average_305_mask.4dfp.img (2306576 pixels)
talsrcimg_g11.4dfp.img
       256       256       256         1
  1.000000  1.000000  1.000000
orientation T byte_order littleendian
Reading image: talsrcimg_g11.4dfp.img
dimensions:      256       256       256
mmppix:       1.0000   -1.0000   -1.0000
center:     128.0000 -129.0000 -129.0000
rotation matrix determinant  1.000000
fimgreg.f
image alignment mode   1283 decimal      503 hex
parameters
    0.0000  -15.0000    7.5000    0.0000    0.0000    0.0000
eta,q 0.94338  9.70161
niter,ni,del,rscale     5    3   12.0000    1.2000
parameter  2 -0.794068 -> -0.500000 qaram    1.1500
parameter  4-21.813934 ->  0.500000 qaram    1.1500
parameters
    0.0752  -11.5500    6.9905   -3.4500    1.4402    0.2345
eta,q 0.95179  9.56617
  0.0700  0.0708  0.0572  0.0464  0.0558  0.0534
  0.0642  0.0665  0.0556  0.0485  0.0534  0.0514
  0.0597  0.0622  0.0545  0.0508  0.0508  0.0493
  0.0580  0.0579  0.0541  0.0543  0.0490  0.0482
  0.0588  0.0554  0.0543  0.0580  0.0482  0.0486
  0.0633  0.0542  0.0559  0.0602  0.0492  0.0504
  0.0700  0.0557  0.0593  0.0619  0.0521  0.0531
niter,ni,del,rscale     6    3   12.0000    1.2000
parameter  4  1.318482 ->  0.500000 qaram    1.3225
parameters
   -0.4565  -10.4832    8.1293   -7.4175    2.0695   -0.7765
eta,q 0.95712  9.57089
  0.0591  0.0634  0.0541  0.0423  0.0508  0.0463
  0.0534  0.0575  0.0516  0.0427  0.0479  0.0445
  0.0493  0.0512  0.0493  0.0449  0.0450  0.0432
  0.0482  0.0481  0.0482  0.0479  0.0431  0.0429
  0.0507  0.0491  0.0477  0.0512  0.0432  0.0441
  0.0566  0.0523  0.0483  0.0560  0.0455  0.0468
  0.0637  0.0566  0.0514  0.0603  0.0487  0.0495
niter,ni,del,rscale     6    3   12.0000    1.2000
parameter  4  0.986282 ->  0.500000 qaram    1.5209
parameters
   -1.1846   -9.3496    7.5637  -11.9801    3.1727   -1.3112
eta,q 0.96157  9.57584
  0.0555  0.0582  0.0478  0.0390  0.0486  0.0427
  0.0483  0.0503  0.0454  0.0388  0.0450  0.0403
  0.0436  0.0453  0.0435  0.0399  0.0416  0.0388
  0.0429  0.0426  0.0425  0.0426  0.0390  0.0385
  0.0472  0.0431  0.0432  0.0467  0.0386  0.0394
  0.0545  0.0460  0.0463  0.0502  0.0405  0.0415
  0.0616  0.0502  0.0515  0.0549  0.0443  0.0446
niter,ni,del,rscale     6    3   12.0000    1.2000
parameters
   -1.4192   -7.7415    6.3654  -15.1533    3.6904   -1.0122
eta,q 0.96452  9.56694
  0.0548  0.0552  0.0433  0.0406  0.0452  0.0424
  0.0468  0.0480  0.0388  0.0367  0.0410  0.0393
  0.0406  0.0418  0.0366  0.0355  0.0374  0.0366
  0.0384  0.0384  0.0377  0.0367  0.0356  0.0355
  0.0414  0.0379  0.0406  0.0410  0.0361  0.0362
  0.0488  0.0400  0.0442  0.0466  0.0386  0.0383
  0.0574  0.0450  0.0484  0.0508  0.0428  0.0413
niter,ni,del,rscale     5    3   12.0000    1.2000
parameters
   -1.4447   -7.0318    5.9629  -15.9466    3.7256   -0.9096
eta,q 0.96443  9.56413
  0.0544  0.0527  0.0435  0.0436  0.0442  0.0415
  0.0452  0.0440  0.0382  0.0394  0.0400  0.0387
  0.0377  0.0378  0.0354  0.0364  0.0367  0.0364
  0.0355  0.0355  0.0356  0.0354  0.0356  0.0356
  0.0382  0.0372  0.0379  0.0365  0.0367  0.0364
  0.0456  0.0415  0.0408  0.0416  0.0398  0.0383
  0.0545  0.0459  0.0444  0.0477  0.0441  0.0412
niter,ni,del,rscale     4    3   12.0000    1.2000
parameters
   -1.4568   -6.7547    5.9976  -16.2392    3.7287   -0.9253
eta,q 0.96422  9.56649
  0.0546  0.0503  0.0450  0.0443  0.0444  0.0414
  0.0458  0.0421  0.0393  0.0402  0.0401  0.0386
  0.0381  0.0365  0.0361  0.0370  0.0369  0.0365
  0.0356  0.0356  0.0357  0.0357  0.0358  0.0358
  0.0383  0.0383  0.0374  0.0361  0.0371  0.0366
  0.0457  0.0423  0.0401  0.0401  0.0401  0.0386
  0.0548  0.0465  0.0437  0.0466  0.0443  0.0415
niter,ni,del,rscale     3    3   12.0000    1.2000
parameters
   -1.4632   -6.6200    6.0136  -16.3443    3.7381   -0.9514
eta,q 0.96409  9.56784
  0.0547  0.0496  0.0450  0.0445  0.0446  0.0414
  0.0461  0.0416  0.0394  0.0404  0.0402  0.0387
  0.0384  0.0364  0.0362  0.0372  0.0370  0.0366
  0.0358  0.0358  0.0359  0.0359  0.0359  0.0359
  0.0385  0.0387  0.0375  0.0360  0.0372  0.0367
  0.0459  0.0425  0.0403  0.0396  0.0402  0.0387
  0.0549  0.0467  0.0438  0.0462  0.0444  0.0415
niter,ni,del,rscale     2    3   12.0000    1.2000
parameters
   -1.4699   -6.5670    6.0204  -16.3817    3.7488   -0.9646
eta,q 0.96404  9.56833
  0.0548  0.0492  0.0450  0.0446  0.0446  0.0414
  0.0462  0.0414  0.0394  0.0405  0.0403  0.0388
  0.0385  0.0363  0.0363  0.0373  0.0370  0.0367
  0.0359  0.0359  0.0359  0.0359  0.0360  0.0360
  0.0386  0.0389  0.0375  0.0360  0.0373  0.0368
  0.0460  0.0426  0.0403  0.0395  0.0403  0.0387
  0.0551  0.0469  0.0439  0.0460  0.0444  0.0415
registration optimization eta report
parameter search radius
    6.0000    6.9000    6.0000    9.1253    6.0000    6.0000
100000*second partial in parameter space
       52.       25.       24.       12.       23.       15.
  0.0548  0.0492  0.0450  0.0446  0.0446  0.0414
  0.0462  0.0414  0.0394  0.0405  0.0403  0.0388
  0.0385  0.0363  0.0363  0.0373  0.0370  0.0367
  0.0359  0.0359  0.0359  0.0359  0.0360  0.0360
  0.0386  0.0389  0.0375  0.0360  0.0373  0.0368
  0.0460  0.0426  0.0403  0.0395  0.0403  0.0387
  0.0551  0.0469  0.0439  0.0460  0.0444  0.0415
   -1.4699   -6.5670    6.0204  -16.3817    3.7488   -0.9646
eta,q 0.96404  9.56833

---------------------------------------------------------------------
imgreg_4dfp /opt/freesurfer/average/711-2C_as_mni_average_305 /opt/freesurfer/average/711-2B_as_mni_average_305_mask talsrcimg_g11 none talsrcimg_to_711-2C_as_mni_average_305_t4 3335
---------------------------------------------------------------------

freesurfer imgreg_4dfp.c
/opt/freesurfer/average/711-2C_as_mni_average_305.4dfp.img
       256       256       256         1
  1.000000  1.000000  1.000000
orientation T byte_order littleendian
Reading image: /opt/freesurfer/average/711-2C_as_mni_average_305.4dfp.img
dimensions:      256       256       256
mmppix:       1.0000   -1.0000   -1.0000
center:     128.0000 -129.0000 -129.0000
/opt/freesurfer/average/711-2B_as_mni_average_305_mask.4dfp.img
       256       256       256         1
  1.000000  1.000000  1.000000
orientation T byte_order littleendian
Reading mask: /opt/freesurfer/average/711-2B_as_mni_average_305_mask.4dfp.img (2306576 pixels)
talsrcimg_g11.4dfp.img
       256       256       256         1
  1.000000  1.000000  1.000000
orientation T byte_order littleendian
Reading image: talsrcimg_g11.4dfp.img
dimensions:      256       256       256
mmppix:       1.0000   -1.0000   -1.0000
center:     128.0000 -129.0000 -129.0000
fimgreg.f
image alignment mode   3335 decimal      D07 hex
parameters
   -1.4699   -6.5670    6.0204   -0.2281   -4.1042   -4.2649
    3.4589   -5.7972   -1.6799   28.3051    6.5383  -28.1431
eta,q 0.96444  9.67725
niter,ni,del,rscale     5    3    5.0000    1.2000
parameter  4  0.747450 ->  0.500000 qaram    1.1500
parameter  5  1.623587 ->  0.500000 qaram    1.1500
parameter 10  1.180554 ->  0.500000 qaram    1.1500
parameters
   -1.4824   -6.6069    5.7049   -4.3681   -8.2442   -7.6070
    3.3125   -4.6204   -0.2419   24.1651    5.6513  -29.9981
eta,q 0.97039  9.15673
  0.0386  0.0372  0.0368  0.0342  0.0309  0.0319  0.0332  0.0353  0.0336  0.0293  0.0301  0.0302
  0.0370  0.0363  0.0360  0.0341  0.0317  0.0317  0.0323  0.0335  0.0326  0.0295  0.0298  0.0298
  0.0360  0.0357  0.0356  0.0345  0.0328  0.0316  0.0318  0.0323  0.0319  0.0303  0.0297  0.0296
  0.0356  0.0356  0.0356  0.0355  0.0342  0.0320  0.0316  0.0316  0.0315  0.0314  0.0297  0.0297
  0.0359  0.0358  0.0359  0.0377  0.0359  0.0330  0.0318  0.0316  0.0315  0.0330  0.0298  0.0300
  0.0370  0.0364  0.0366  0.0404  0.0380  0.0351  0.0324  0.0322  0.0318  0.0348  0.0300  0.0305
  0.0387  0.0373  0.0376  0.0434  0.0405  0.0383  0.0334  0.0335  0.0324  0.0369  0.0303  0.0312
niter,ni,del,rscale     7    3    5.0000    1.2000
parameter  5  0.814575 ->  0.500000 qaram    1.3225
parameters
   -1.2453   -6.5513    4.5816   -6.4131  -13.0052  -10.1380
    3.1639   -4.6868   -0.1313   21.4986    6.0592  -30.2078
eta,q 0.97262  8.68736
  0.0324  0.0316  0.0297  0.0304  0.0280  0.0283  0.0295  0.0302  0.0294  0.0287  0.0279  0.0283
  0.0309  0.0305  0.0294  0.0298  0.0279  0.0278  0.0285  0.0288  0.0285  0.0277  0.0277  0.0278
  0.0300  0.0298  0.0294  0.0293  0.0283  0.0277  0.0279  0.0279  0.0279  0.0274  0.0275  0.0275
  0.0296  0.0296  0.0296  0.0294  0.0293  0.0280  0.0277  0.0277  0.0277  0.0277  0.0274  0.0274
  0.0297  0.0298  0.0300  0.0297  0.0307  0.0283  0.0280  0.0280  0.0279  0.0286  0.0274  0.0275
  0.0303  0.0304  0.0306  0.0311  0.0325  0.0294  0.0287  0.0289  0.0284  0.0301  0.0275  0.0278
  0.0314  0.0314  0.0314  0.0337  0.0348  0.0314  0.0297  0.0303  0.0293  0.0319  0.0279  0.0284
niter,ni,del,rscale     7    3    5.0000    1.2000
parameters
   -1.2367   -6.6302    4.7845   -7.2400  -14.7143   -9.6058
    3.1783   -4.7246    0.0512   21.7553    5.9392  -30.1838
eta,q 0.97268  8.60135
  0.0298  0.0293  0.0287  0.0288  0.0291  0.0292  0.0293  0.0299  0.0290  0.0303  0.0278  0.0283
  0.0286  0.0282  0.0280  0.0279  0.0281  0.0281  0.0283  0.0285  0.0282  0.0287  0.0276  0.0278
  0.0277  0.0275  0.0276  0.0275  0.0274  0.0274  0.0276  0.0276  0.0276  0.0277  0.0274  0.0275
  0.0274  0.0274  0.0274  0.0274  0.0273  0.0273  0.0273  0.0273  0.0273  0.0273  0.0273  0.0273
  0.0276  0.0277  0.0274  0.0277  0.0280  0.0276  0.0276  0.0276  0.0275  0.0276  0.0274  0.0274
  0.0285  0.0284  0.0277  0.0282  0.0293  0.0278  0.0282  0.0286  0.0280  0.0285  0.0276  0.0277
  0.0298  0.0295  0.0283  0.0297  0.0312  0.0286  0.0293  0.0300  0.0289  0.0299  0.0279  0.0283
niter,ni,del,rscale     6    3    5.0000    1.2000
parameters
   -1.2374   -6.4905    4.9690   -7.0709  -14.9287   -9.4196
    3.1611   -4.7559    0.1019   21.8700    5.8412  -30.0993
eta,q 0.97267  8.60821
  0.0297  0.0296  0.0286  0.0290  0.0299  0.0290  0.0293  0.0299  0.0290  0.0302  0.0278  0.0283
  0.0285  0.0284  0.0279  0.0281  0.0286  0.0280  0.0282  0.0285  0.0281  0.0286  0.0276  0.0278
  0.0277  0.0276  0.0275  0.0275  0.0277  0.0274  0.0276  0.0276  0.0275  0.0277  0.0274  0.0275
  0.0273  0.0273  0.0273  0.0273  0.0273  0.0273  0.0273  0.0273  0.0273  0.0273  0.0273  0.0273
  0.0276  0.0275  0.0274  0.0276  0.0276  0.0276  0.0276  0.0276  0.0275  0.0277  0.0274  0.0274
  0.0284  0.0281  0.0277  0.0279  0.0287  0.0278  0.0282  0.0285  0.0280  0.0286  0.0276  0.0277
  0.0298  0.0291  0.0283  0.0290  0.0302  0.0288  0.0293  0.0299  0.0290  0.0300  0.0279  0.0283
niter,ni,del,rscale     5    3    5.0000    1.2000
parameters
   -1.2406   -6.4596    4.9921   -7.0639  -14.9844   -9.4501
    3.1552   -4.7601    0.1221   21.8890    5.8664  -30.0556
eta,q 0.97267  8.60433
  0.0297  0.0294  0.0284  0.0290  0.0300  0.0289  0.0293  0.0299  0.0290  0.0301  0.0279  0.0283
  0.0285  0.0282  0.0279  0.0281  0.0287  0.0279  0.0282  0.0285  0.0281  0.0286  0.0276  0.0278
  0.0277  0.0276  0.0275  0.0275  0.0278  0.0273  0.0276  0.0276  0.0275  0.0276  0.0274  0.0275
  0.0273  0.0273  0.0273  0.0273  0.0273  0.0273  0.0273  0.0273  0.0273  0.0273  0.0273  0.0273
  0.0276  0.0276  0.0274  0.0276  0.0276  0.0276  0.0276  0.0276  0.0275  0.0277  0.0274  0.0274
  0.0284  0.0282  0.0278  0.0279  0.0286  0.0278  0.0282  0.0285  0.0280  0.0286  0.0276  0.0277
  0.0298  0.0292  0.0284  0.0291  0.0302  0.0289  0.0293  0.0299  0.0290  0.0300  0.0279  0.0283
niter,ni,del,rscale     4    3    5.0000    1.2000
parameters
   -1.2457   -6.4539    4.9953   -7.0885  -14.9993   -9.4629
    3.1511   -4.7660    0.1154   21.8900    5.9193  -30.0355
eta,q 0.97267  8.60183
  0.0297  0.0294  0.0284  0.0290  0.0300  0.0289  0.0293  0.0299  0.0290  0.0301  0.0279  0.0283
  0.0285  0.0282  0.0278  0.0281  0.0287  0.0279  0.0283  0.0285  0.0281  0.0286  0.0276  0.0278
  0.0277  0.0275  0.0275  0.0275  0.0278  0.0273  0.0276  0.0276  0.0275  0.0276  0.0274  0.0275
  0.0273  0.0273  0.0273  0.0273  0.0273  0.0273  0.0273  0.0273  0.0273  0.0273  0.0273  0.0273
  0.0276  0.0276  0.0274  0.0276  0.0276  0.0276  0.0276  0.0276  0.0275  0.0277  0.0274  0.0274
  0.0284  0.0283  0.0278  0.0279  0.0286  0.0278  0.0282  0.0285  0.0281  0.0286  0.0275  0.0277
  0.0298  0.0293  0.0284  0.0291  0.0301  0.0289  0.0293  0.0299  0.0290  0.0300  0.0279  0.0283
registration optimization eta report
parameter search radius
    2.4000    2.4000    2.4000    8.2800    9.5220    7.2000
    7.2000    7.2000    7.2000    8.2800    7.2000    7.2000
100000*second partial in parameter space
       42.       34.       19.        2.        3.        3.
        4.        5.        3.        4.        1.        2.
  0.0297  0.0294  0.0284  0.0290  0.0300  0.0289  0.0293  0.0299  0.0290  0.0301  0.0279  0.0283
  0.0285  0.0282  0.0278  0.0281  0.0287  0.0279  0.0283  0.0285  0.0281  0.0286  0.0276  0.0278
  0.0277  0.0275  0.0275  0.0275  0.0278  0.0273  0.0276  0.0276  0.0275  0.0276  0.0274  0.0275
  0.0273  0.0273  0.0273  0.0273  0.0273  0.0273  0.0273  0.0273  0.0273  0.0273  0.0273  0.0273
  0.0276  0.0276  0.0274  0.0276  0.0276  0.0276  0.0276  0.0276  0.0275  0.0277  0.0274  0.0274
  0.0284  0.0283  0.0278  0.0279  0.0286  0.0278  0.0282  0.0285  0.0281  0.0286  0.0275  0.0277
  0.0298  0.0293  0.0284  0.0291  0.0301  0.0289  0.0293  0.0299  0.0290  0.0300  0.0279  0.0283
   -1.2457   -6.4539    4.9953   -7.0885  -14.9993   -9.4629
    3.1511   -4.7660    0.1154   21.8900    5.9193  -30.0355
eta,q 0.97267  8.60183

---------------------------------------------------------------------
imgreg_4dfp /opt/freesurfer/average/711-2C_as_mni_average_305 /opt/freesurfer/average/711-2B_as_mni_average_305_mask talsrcimg_g11 none talsrcimg_to_711-2C_as_mni_average_305_t4 2311
---------------------------------------------------------------------

freesurfer imgreg_4dfp.c
/opt/freesurfer/average/711-2C_as_mni_average_305.4dfp.img
       256       256       256         1
  1.000000  1.000000  1.000000
orientation T byte_order littleendian
Reading image: /opt/freesurfer/average/711-2C_as_mni_average_305.4dfp.img
dimensions:      256       256       256
mmppix:       1.0000   -1.0000   -1.0000
center:     128.0000 -129.0000 -129.0000
/opt/freesurfer/average/711-2B_as_mni_average_305_mask.4dfp.img
       256       256       256         1
  1.000000  1.000000  1.000000
orientation T byte_order littleendian
Reading mask: /opt/freesurfer/average/711-2B_as_mni_average_305_mask.4dfp.img (2306576 pixels)
talsrcimg_g11.4dfp.img
       256       256       256         1
  1.000000  1.000000  1.000000
orientation T byte_order littleendian
Reading image: talsrcimg_g11.4dfp.img
dimensions:      256       256       256
mmppix:       1.0000   -1.0000   -1.0000
center:     128.0000 -129.0000 -129.0000
fimgreg.f
image alignment mode   2311 decimal      907 hex
parameters
   -1.2457   -6.4539    4.9953   -7.0885  -14.9993   -9.4629
    3.1511   -4.7660    0.1154   21.8900    5.9193  -30.0355
eta,q 0.97267  8.60184
niter,ni,del,rscale     5    3    5.0000    0.8000
parameters
   -1.2192   -6.4871    5.0219   -7.0507  -14.6743   -9.5622
    3.1192   -4.7040    0.1502   21.6764    6.1888  -29.5952
eta,q 0.97270  8.60496
  0.0285  0.0282  0.0278  0.0279  0.0282  0.0279  0.0282  0.0285  0.0281  0.0282  0.0276  0.0278
  0.0279  0.0277  0.0276  0.0276  0.0278  0.0275  0.0277  0.0279  0.0277  0.0277  0.0274  0.0276
  0.0275  0.0274  0.0274  0.0274  0.0275  0.0273  0.0274  0.0275  0.0274  0.0274  0.0274  0.0274
  0.0273  0.0273  0.0273  0.0273  0.0273  0.0273  0.0273  0.0273  0.0273  0.0273  0.0273  0.0273
  0.0274  0.0275  0.0274  0.0275  0.0274  0.0275  0.0274  0.0274  0.0274  0.0275  0.0273  0.0273
  0.0278  0.0278  0.0275  0.0277  0.0276  0.0276  0.0277  0.0278  0.0276  0.0278  0.0274  0.0274
  0.0284  0.0283  0.0278  0.0278  0.0280  0.0278  0.0282  0.0285  0.0281  0.0284  0.0275  0.0277
niter,ni,del,rscale     4    3    5.0000    0.7000
parameters
   -1.2219   -6.5481    5.0761   -7.1905  -14.5608   -9.9207
    3.0062   -4.5655    0.0608   21.5170    6.5737  -29.2533
eta,q 0.97275  8.58078
  0.0282  0.0279  0.0277  0.0278  0.0279  0.0277  0.0280  0.0283  0.0278  0.0280  0.0275  0.0277
  0.0277  0.0276  0.0275  0.0275  0.0276  0.0274  0.0276  0.0278  0.0275  0.0276  0.0274  0.0275
  0.0274  0.0273  0.0274  0.0273  0.0274  0.0272  0.0273  0.0274  0.0273  0.0273  0.0273  0.0273
  0.0273  0.0273  0.0273  0.0273  0.0273  0.0273  0.0273  0.0273  0.0273  0.0273  0.0273  0.0273
  0.0274  0.0274  0.0273  0.0274  0.0274  0.0275  0.0274  0.0273  0.0273  0.0274  0.0273  0.0273
  0.0277  0.0277  0.0275  0.0276  0.0275  0.0276  0.0276  0.0277  0.0275  0.0276  0.0273  0.0274
  0.0282  0.0280  0.0277  0.0278  0.0279  0.0278  0.0280  0.0282  0.0279  0.0281  0.0274  0.0276
niter,ni,del,rscale     3    3    5.0000    0.6000
parameters
   -1.2319   -6.5877    5.0875   -7.3850  -14.4733  -10.2946
    2.9819   -4.4903   -0.0538   21.4224    6.8295  -29.0880
eta,q 0.97278  8.55603
  0.0279  0.0277  0.0276  0.0276  0.0277  0.0277  0.0278  0.0280  0.0276  0.0277  0.0274  0.0275
  0.0275  0.0274  0.0274  0.0274  0.0275  0.0274  0.0275  0.0276  0.0274  0.0274  0.0273  0.0274
  0.0273  0.0273  0.0273  0.0273  0.0273  0.0272  0.0273  0.0273  0.0272  0.0273  0.0273  0.0273
  0.0272  0.0273  0.0273  0.0273  0.0272  0.0272  0.0272  0.0272  0.0272  0.0272  0.0272  0.0272
  0.0273  0.0273  0.0273  0.0273  0.0273  0.0274  0.0273  0.0273  0.0273  0.0273  0.0272  0.0272
  0.0276  0.0275  0.0274  0.0275  0.0274  0.0276  0.0275  0.0276  0.0274  0.0275  0.0273  0.0273
  0.0279  0.0278  0.0276  0.0277  0.0277  0.0277  0.0278  0.0280  0.0277  0.0278  0.0274  0.0275
niter,ni,del,rscale     2    3    5.0000    0.5000
parameters
   -1.2402   -6.6043    5.0422   -7.4802  -14.3978  -10.5497
    2.9942   -4.4914   -0.1391   21.3904    6.9235  -29.0222
eta,q 0.97279  8.54314
  0.0277  0.0276  0.0274  0.0275  0.0275  0.0276  0.0276  0.0278  0.0275  0.0276  0.0273  0.0274
  0.0274  0.0273  0.0273  0.0274  0.0274  0.0273  0.0274  0.0275  0.0273  0.0274  0.0273  0.0273
  0.0273  0.0272  0.0272  0.0273  0.0272  0.0272  0.0272  0.0273  0.0272  0.0272  0.0272  0.0272
  0.0272  0.0272  0.0272  0.0272  0.0272  0.0272  0.0272  0.0272  0.0272  0.0272  0.0272  0.0272
  0.0273  0.0272  0.0273  0.0273  0.0272  0.0273  0.0273  0.0273  0.0272  0.0272  0.0272  0.0272
  0.0274  0.0274  0.0273  0.0274  0.0273  0.0275  0.0274  0.0275  0.0273  0.0274  0.0273  0.0273
  0.0277  0.0276  0.0275  0.0276  0.0275  0.0277  0.0276  0.0278  0.0275  0.0276  0.0273  0.0274
niter,ni,del,rscale     1    3    5.0000    0.4000
parameters
   -1.2435   -6.6118    4.9895   -7.5133  -14.3354  -10.7118
    2.9919   -4.5012   -0.1635   21.3852    6.9862  -28.9844
eta,q 0.97280  8.53722
  0.0275  0.0274  0.0273  0.0274  0.0274  0.0275  0.0275  0.0276  0.0274  0.0274  0.0273  0.0273
  0.0273  0.0273  0.0273  0.0273  0.0273  0.0273  0.0273  0.0274  0.0273  0.0273  0.0272  0.0273
  0.0272  0.0272  0.0272  0.0272  0.0272  0.0272  0.0272  0.0272  0.0272  0.0272  0.0272  0.0272
  0.0272  0.0272  0.0272  0.0272  0.0272  0.0272  0.0272  0.0272  0.0272  0.0272  0.0272  0.0272
  0.0272  0.0272  0.0272  0.0272  0.0272  0.0273  0.0272  0.0272  0.0272  0.0272  0.0272  0.0272
  0.0273  0.0273  0.0273  0.0273  0.0273  0.0274  0.0273  0.0274  0.0273  0.0273  0.0272  0.0273
  0.0275  0.0274  0.0274  0.0274  0.0274  0.0275  0.0275  0.0276  0.0274  0.0274  0.0273  0.0273
registration optimization eta report
parameter search radius
    0.8000    0.8000    0.8000    2.4000    2.4000    2.4000
    2.4000    2.4000    2.4000    2.4000    2.4000    2.4000
100000*second partial in parameter space
       48.       34.       24.        4.        3.        5.
        4.        7.        3.        4.        2.        2.
  0.0275  0.0274  0.0273  0.0274  0.0274  0.0275  0.0275  0.0276  0.0274  0.0274  0.0273  0.0273
  0.0273  0.0273  0.0273  0.0273  0.0273  0.0273  0.0273  0.0274  0.0273  0.0273  0.0272  0.0273
  0.0272  0.0272  0.0272  0.0272  0.0272  0.0272  0.0272  0.0272  0.0272  0.0272  0.0272  0.0272
  0.0272  0.0272  0.0272  0.0272  0.0272  0.0272  0.0272  0.0272  0.0272  0.0272  0.0272  0.0272
  0.0272  0.0272  0.0272  0.0272  0.0272  0.0273  0.0272  0.0272  0.0272  0.0272  0.0272  0.0272
  0.0273  0.0273  0.0273  0.0273  0.0273  0.0274  0.0273  0.0274  0.0273  0.0273  0.0272  0.0273
  0.0275  0.0274  0.0274  0.0274  0.0274  0.0275  0.0275  0.0276  0.0274  0.0274  0.0273  0.0273
   -1.2435   -6.6118    4.9895   -7.5133  -14.3354  -10.7118
    2.9919   -4.5012   -0.1635   21.3852    6.9862  -28.9844
eta,q 0.97280  8.53722

---------------------------------------------------------------------
imgreg_4dfp /opt/freesurfer/average/711-2C_as_mni_average_305 /opt/freesurfer/average/711-2B_as_mni_average_305_mask talsrcimg_g11 none talsrcimg_to_711-2C_as_mni_average_305_t4 2311
---------------------------------------------------------------------

freesurfer imgreg_4dfp.c
/opt/freesurfer/average/711-2C_as_mni_average_305.4dfp.img
       256       256       256         1
  1.000000  1.000000  1.000000
orientation T byte_order littleendian
Reading image: /opt/freesurfer/average/711-2C_as_mni_average_305.4dfp.img
dimensions:      256       256       256
mmppix:       1.0000   -1.0000   -1.0000
center:     128.0000 -129.0000 -129.0000
/opt/freesurfer/average/711-2B_as_mni_average_305_mask.4dfp.img
       256       256       256         1
  1.000000  1.000000  1.000000
orientation T byte_order littleendian
Reading mask: /opt/freesurfer/average/711-2B_as_mni_average_305_mask.4dfp.img (2306576 pixels)
talsrcimg_g11.4dfp.img
       256       256       256         1
  1.000000  1.000000  1.000000
orientation T byte_order littleendian
Reading image: talsrcimg_g11.4dfp.img
dimensions:      256       256       256
mmppix:       1.0000   -1.0000   -1.0000
center:     128.0000 -129.0000 -129.0000
fimgreg.f
image alignment mode   2311 decimal      907 hex
parameters
   -1.2435   -6.6118    4.9895   -7.5133  -14.3354  -10.7118
    2.9919   -4.5012   -0.1635   21.3852    6.9862  -28.9844
eta,q 0.97280  8.53722
niter,ni,del,rscale     5    3    5.0000    0.8000
parameters
   -1.2717   -6.5862    4.9619   -7.3511  -14.5126  -10.2349
    3.0712   -4.5402   -0.1372   21.4680    6.8077  -29.3211
eta,q 0.97278  8.56263
  0.0283  0.0281  0.0278  0.0279  0.0279  0.0283  0.0282  0.0285  0.0280  0.0282  0.0275  0.0277
  0.0277  0.0276  0.0275  0.0276  0.0275  0.0277  0.0277  0.0278  0.0276  0.0277  0.0274  0.0274
  0.0273  0.0273  0.0273  0.0273  0.0273  0.0273  0.0273  0.0274  0.0273  0.0273  0.0273  0.0273
  0.0272  0.0272  0.0272  0.0272  0.0272  0.0272  0.0272  0.0272  0.0272  0.0272  0.0272  0.0272
  0.0273  0.0273  0.0273  0.0273  0.0273  0.0274  0.0273  0.0274  0.0273  0.0273  0.0273  0.0273
  0.0278  0.0276  0.0275  0.0276  0.0276  0.0276  0.0277  0.0279  0.0275  0.0276  0.0274  0.0275
  0.0284  0.0280  0.0278  0.0278  0.0281  0.0278  0.0282  0.0286  0.0280  0.0282  0.0276  0.0278
niter,ni,del,rscale     4    3    5.0000    0.7000
parameters
   -1.2517   -6.5834    5.0224   -7.3727  -14.4945  -10.2013
    3.0489   -4.5240   -0.0927   21.4974    6.7881  -29.2330
eta,q 0.97278  8.56294
  0.0281  0.0279  0.0277  0.0277  0.0278  0.0279  0.0280  0.0283  0.0278  0.0280  0.0275  0.0276
  0.0277  0.0275  0.0275  0.0275  0.0275  0.0275  0.0276  0.0277  0.0275  0.0276  0.0273  0.0274
  0.0273  0.0273  0.0273  0.0273  0.0273  0.0273  0.0273  0.0274  0.0273  0.0273  0.0273  0.0273
  0.0272  0.0272  0.0272  0.0272  0.0272  0.0272  0.0272  0.0272  0.0272  0.0272  0.0272  0.0272
  0.0273  0.0273  0.0273  0.0273  0.0273  0.0274  0.0273  0.0273  0.0273  0.0273  0.0273  0.0272
  0.0276  0.0275  0.0274  0.0275  0.0275  0.0276  0.0276  0.0277  0.0275  0.0275  0.0273  0.0274
  0.0281  0.0279  0.0276  0.0277  0.0278  0.0278  0.0280  0.0283  0.0278  0.0280  0.0275  0.0276
niter,ni,del,rscale     3    3    5.0000    0.6000
parameters
   -1.2454   -6.5879    5.0409   -7.4454  -14.4642  -10.3787
    3.0136   -4.5029   -0.1036   21.4584    6.8540  -29.1086
eta,q 0.97279  8.55103
  0.0279  0.0277  0.0276  0.0276  0.0277  0.0277  0.0278  0.0280  0.0276  0.0277  0.0274  0.0275
  0.0275  0.0274  0.0274  0.0274  0.0274  0.0274  0.0275  0.0276  0.0274  0.0274  0.0273  0.0274
  0.0273  0.0273  0.0273  0.0273  0.0273  0.0272  0.0273  0.0273  0.0272  0.0273  0.0272  0.0273
  0.0272  0.0272  0.0272  0.0272  0.0272  0.0272  0.0272  0.0272  0.0272  0.0272  0.0272  0.0272
  0.0273  0.0273  0.0273  0.0273  0.0273  0.0274  0.0273  0.0273  0.0272  0.0273  0.0272  0.0272
  0.0275  0.0275  0.0274  0.0275  0.0274  0.0276  0.0275  0.0276  0.0274  0.0275  0.0273  0.0273
  0.0279  0.0277  0.0275  0.0276  0.0277  0.0277  0.0278  0.0280  0.0276  0.0278  0.0274  0.0275
niter,ni,del,rscale     2    3    5.0000    0.5000
parameters
   -1.2453   -6.5966    5.0166   -7.4879  -14.4153  -10.5766
    3.0164   -4.4996   -0.1401   21.4317    6.9478  -29.0506
eta,q 0.97280  8.54192
  0.0277  0.0276  0.0274  0.0275  0.0275  0.0276  0.0276  0.0278  0.0275  0.0276  0.0274  0.0274
  0.0274  0.0273  0.0273  0.0274  0.0274  0.0274  0.0274  0.0275  0.0273  0.0274  0.0273  0.0273
  0.0273  0.0272  0.0272  0.0273  0.0272  0.0272  0.0272  0.0273  0.0272  0.0272  0.0272  0.0272
  0.0272  0.0272  0.0272  0.0272  0.0272  0.0272  0.0272  0.0272  0.0272  0.0272  0.0272  0.0272
  0.0273  0.0272  0.0272  0.0273  0.0272  0.0273  0.0273  0.0273  0.0272  0.0272  0.0272  0.0272
  0.0274  0.0274  0.0273  0.0274  0.0273  0.0275  0.0274  0.0275  0.0273  0.0274  0.0273  0.0273
  0.0277  0.0276  0.0274  0.0275  0.0275  0.0276  0.0276  0.0278  0.0275  0.0276  0.0273  0.0274
niter,ni,del,rscale     1    3    5.0000    0.4000
parameters
   -1.2495   -6.5997    4.9813   -7.5151  -14.3809  -10.7191
    3.0059   -4.5185   -0.1777   21.4099    7.0057  -29.0056
eta,q 0.97279  8.53557
  0.0275  0.0274  0.0273  0.0274  0.0274  0.0275  0.0275  0.0276  0.0274  0.0274  0.0273  0.0273
  0.0273  0.0273  0.0273  0.0273  0.0273  0.0273  0.0273  0.0274  0.0273  0.0273  0.0272  0.0273
  0.0272  0.0272  0.0272  0.0272  0.0272  0.0272  0.0272  0.0272  0.0272  0.0272  0.0272  0.0272
  0.0272  0.0272  0.0272  0.0272  0.0272  0.0272  0.0272  0.0272  0.0272  0.0272  0.0272  0.0272
  0.0272  0.0272  0.0272  0.0272  0.0272  0.0273  0.0272  0.0272  0.0272  0.0272  0.0272  0.0272
  0.0273  0.0273  0.0273  0.0273  0.0273  0.0274  0.0273  0.0274  0.0273  0.0273  0.0272  0.0273
  0.0275  0.0274  0.0274  0.0274  0.0274  0.0275  0.0275  0.0276  0.0274  0.0274  0.0273  0.0273
registration optimization eta report
parameter search radius
    0.8000    0.8000    0.8000    2.4000    2.4000    2.4000
    2.4000    2.4000    2.4000    2.4000    2.4000    2.4000
100000*second partial in parameter space
       48.       34.       23.        4.        3.        5.
        4.        7.        3.        4.        2.        2.
  0.0275  0.0274  0.0273  0.0274  0.0274  0.0275  0.0275  0.0276  0.0274  0.0274  0.0273  0.0273
  0.0273  0.0273  0.0273  0.0273  0.0273  0.0273  0.0273  0.0274  0.0273  0.0273  0.0272  0.0273
  0.0272  0.0272  0.0272  0.0272  0.0272  0.0272  0.0272  0.0272  0.0272  0.0272  0.0272  0.0272
  0.0272  0.0272  0.0272  0.0272  0.0272  0.0272  0.0272  0.0272  0.0272  0.0272  0.0272  0.0272
  0.0272  0.0272  0.0272  0.0272  0.0272  0.0273  0.0272  0.0272  0.0272  0.0272  0.0272  0.0272
  0.0273  0.0273  0.0273  0.0273  0.0273  0.0274  0.0273  0.0274  0.0273  0.0273  0.0272  0.0273
  0.0275  0.0274  0.0274  0.0274  0.0274  0.0275  0.0275  0.0276  0.0274  0.0274  0.0273  0.0273
   -1.2495   -6.5997    4.9813   -7.5151  -14.3809  -10.7191
    3.0059   -4.5185   -0.1777   21.4099    7.0057  -29.0056
eta,q 0.97279  8.53557

---------------------------------------------------------------------
compute_vox2vox talsrcimg talsrcimg_to_711-2C_as_mni_average_305_t4 /opt/freesurfer/average/711-2C_as_mni_average_305
---------------------------------------------------------------------

freesurfer compute_vox2vox.c
Reading: talsrcimg.4dfp.ifh
Reading: talsrcimg_to_711-2C_as_mni_average_305_t4
Reading: /opt/freesurfer/average/711-2C_as_mni_average_305.4dfp.ifh
Writing: talsrcimg_to_711-2C_as_mni_average_305_t4_vox2vox.txt

start time Sun Mar 8 15:46:38 CET 2026
end		time Sun Mar 8 15:46:52 CET 2026

mpr2mni305 success

avi2talxfm orig_nu.mgz /opt/freesurfer/average/mni305.cor.mgz talsrcimg_to_711-2C_as_mni_average_305_t4_vox2vox.txt transforms/talairach.auto.xfm
avi2talxfm done
mv -f /out/sourcedata/freesurfer/sub-v1s13x0050023_ses-1/mri/talsrcimg_to_711-2C_as_mni_average_305_t4_vox2vox.txt /out/sourcedata/freesurfer/sub-v1s13x0050023_ses-1/mri/transforms/talsrcimg_to_711-2C_as_mni_average_305_t4_vox2vox.txt
lta_convert --src orig_nu.mgz --trg /opt/freesurfer/average/mni305.cor.mgz --inxfm transforms/talairach.auto.xfm --outlta transforms/talairach.auto.xfm.lta --subject fsaverage
7.3.2

--src: orig_nu.mgz src image (geometry).
--trg: /opt/freesurfer/average/mni305.cor.mgz trg image (geometry).
--inmni: transforms/talairach.auto.xfm input MNI/XFM transform.
--outlta: transforms/talairach.auto.xfm.lta output LTA.
--s: fsaverage subject name
 LTA read, type : 1
 1.07677   0.05878  -0.01789   0.26813;
-0.07747   1.03167   0.35223  -1.99045;
 0.02161  -0.25786   1.07985   14.36481;
 0.00000   0.00000   0.00000   1.00000;
setting subject to fsaverage
Writing  LTA to file transforms/talairach.auto.xfm.lta...
lta_convert successful.
 
 
Started at Sun Mar 8 15:46:38 CET 2026
Ended   at Sun Mar  8 15:46:52 CET 2026
talairach_avi done
