/out/sourcedata/freesurfer/sub-v1s13x0050015_ses-1/mri
/opt/freesurfer/bin/talairach_avi
--i orig_nu.mgz --xfm transforms/talairach.auto.xfm
talairach_avi 7.3.2
Linux dna031 5.14.0-427.37.1.el9_4.x86_64 #1 SMP PREEMPT_DYNAMIC Fri Sep 13 12:41:50 EDT 2024 x86_64 x86_64 x86_64 GNU/Linux
Sun Mar  8 12:46:24 CET 2026
mri_convert orig_nu.mgz talsrcimg.img 
reading from orig_nu.mgz...
TR=0.00, TE=0.00, TI=0.00, flip angle=0.00
i_ras = (-1, 0, 0)
j_ras = (0, 0, -1)
k_ras = (0, 1, 0)
writing to talsrcimg.img...
Analyze Output Matrix
-1.00000   0.00000   0.00000   126.61942;
 0.00000   0.00000   1.00000  -127.94919;
 0.00000  -1.00000   0.00000   130.77718;
 0.00000   0.00000   0.00000   1.00000;
--------------------
INFO: set hdr.hist.orient to -1
mpr2mni305 talsrcimg
Sun Mar  8 12:46:24 CET 2026
/opt/freesurfer/bin/mpr2mni305 talsrcimg
mpr2mni305 7.3.2
target=711-2C_as_mni_average_305

---------------------------------------------------------------------
analyzeto4dfp talsrcimg -O0 -y
---------------------------------------------------------------------

freesurfer ifh2hdr.c
Sun Mar  8 12:46:24 2026
Writing: talsrcimg.4dfp.hdr
freesurfer analyzeto4dfp.c
Reading: talsrcimg.hdr
header size 348 bytes
hdr.dime.datatype	offset=70	value=2
hdr.dime.bitpix		offset=72	value=8
hdr.hist.orient		offset=252	value=-1
dimensionality     4
dimensions       256       256       256         1
Reading: talsrcimg.img
Writing: talsrcimg.4dfp.img
Writing: talsrcimg.4dfp.ifh
ifh2hdr talsrcimg -r0to200
ori=2

---------------------------------------------------------------------
gauss_4dfp talsrcimg 1.1
---------------------------------------------------------------------

freesurfer gauss_4dfp.c
Reading: talsrcimg.4dfp.img
Writing: talsrcimg_g11.4dfp.img
image dimensions 256 256 256 padded to 288 288 288
processing volume 1freesurfer ifh2hdr.c
Sun Mar  8 12:46:26 2026
Writing: talsrcimg_g11.4dfp.hdr

Writing: talsrcimg_g11.4dfp.ifh
including: talsrcimg.4dfp.img.rec in talsrcimg_g11.4dfp.img.rec

---------------------------------------------------------------------
imgreg_4dfp /opt/freesurfer/average/711-2C_as_mni_average_305 none talsrcimg_g11 none talsrcimg_to_711-2C_as_mni_average_305_t4 4355
---------------------------------------------------------------------

freesurfer imgreg_4dfp.c
/opt/freesurfer/average/711-2C_as_mni_average_305.4dfp.img
       256       256       256         1
  1.000000  1.000000  1.000000
orientation T byte_order littleendian
Reading image: /opt/freesurfer/average/711-2C_as_mni_average_305.4dfp.img
dimensions:      256       256       256
mmppix:       1.0000   -1.0000   -1.0000
center:     128.0000 -129.0000 -129.0000
talsrcimg_g11.4dfp.img
       256       256       256         1
  1.000000  1.000000  1.000000
orientation T byte_order littleendian
Reading image: talsrcimg_g11.4dfp.img
dimensions:      256       256       256
mmppix:       1.0000   -1.0000   -1.0000
center:     128.0000 -129.0000 -129.0000
t4_read: open error in t4_sub.f l:  41 t4_file(1:l)talsrcimg_to_711-2C_as_mni_average_305_t4 
t4_read: transform initialized to I4
rotation matrix determinant  1.000000
image alignment mode   4355 decimal     1103 hex
   -7.5000  -45.0000  -45.0000 9642.0088   17.4416
    0.0000  -45.0000  -45.000010064.7832   17.4150
    7.5000  -45.0000  -45.0000 9669.2031   17.4100
   -7.5000  -37.5000  -45.000010257.0703   17.1782
    0.0000  -37.5000  -45.000010714.5000   17.1519
    7.5000  -37.5000  -45.000010296.7109   17.1502
   -7.5000  -30.0000  -45.000011293.3223   17.0163
    0.0000  -30.0000  -45.000011772.8242   16.9936
    7.5000  -30.0000  -45.000011323.5068   16.9971
   -7.5000  -22.5000  -45.000012178.4492   16.9445
    0.0000  -22.5000  -45.000012688.1074   16.9256
    7.5000  -22.5000  -45.000012184.1133   16.9311
   -7.5000  -15.0000  -45.000012909.0215   16.9017
    0.0000  -15.0000  -45.000013459.8350   16.8830
    7.5000  -15.0000  -45.000012901.9287   16.8858
   -7.5000   -7.5000  -45.000013539.5449   16.8495
    0.0000   -7.5000  -45.000014128.1826   16.8281
    7.5000   -7.5000  -45.000013521.2422   16.8261
   -7.5000    0.0000  -45.000014022.9219   16.7696
    0.0000    0.0000  -45.000014615.6797   16.7446
    7.5000    0.0000  -45.000013957.5039   16.7407
   -7.5000    7.5000  -45.000013428.9316   16.7406
    0.0000    7.5000  -45.000013976.4199   16.7148
    7.5000    7.5000  -45.000013340.0488   16.7136
   -7.5000   15.0000  -45.000012709.7129   16.7234
    0.0000   15.0000  -45.000013237.2529   16.7009
    7.5000   15.0000  -45.000012604.0371   16.7045
   -7.5000   22.5000  -45.000011938.9414   16.9144
    0.0000   22.5000  -45.000012450.0400   16.8949
    7.5000   22.5000  -45.000011851.2822   16.9015
   -7.5000   30.0000  -45.000011154.6885   16.9781
    0.0000   30.0000  -45.000011655.7832   16.9570
    7.5000   30.0000  -45.000011090.0723   16.9614
   -7.5000   37.5000  -45.000010760.8994   17.2266
    0.0000   37.5000  -45.000011261.9453   17.2011
    7.5000   37.5000  -45.000010716.8125   17.2012
   -7.5000   45.0000  -45.0000 9941.4541   17.1348
    0.0000   45.0000  -45.000010402.4316   17.1099
    7.5000   45.0000  -45.0000 9896.5225   17.1107
   -7.5000  -45.0000  -37.500010094.8662   17.4883
    0.0000  -45.0000  -37.500010551.8096   17.4663
    7.5000  -45.0000  -37.500010103.6504   17.4687
   -7.5000  -37.5000  -37.500010756.6787   17.2232
    0.0000  -37.5000  -37.500011243.0137   17.2007
    7.5000  -37.5000  -37.500010766.9941   17.2066
   -7.5000  -30.0000  -37.500011818.2881   17.0625
    0.0000  -30.0000  -37.500012318.7207   17.0440
    7.5000  -30.0000  -37.500011804.4375   17.0547
   -7.5000  -22.5000  -37.500012718.5625   16.9914
    0.0000  -22.5000  -37.500013257.0215   16.9782
    7.5000  -22.5000  -37.500012702.4014   16.9907
   -7.5000  -15.0000  -37.500013476.6016   16.9481
    0.0000  -15.0000  -37.500014044.2715   16.9359
    7.5000  -15.0000  -37.500013451.4648   16.9455
   -7.5000   -7.5000  -37.500014119.7451   16.8944
    0.0000   -7.5000  -37.500014725.2090   16.8783
    7.5000   -7.5000  -37.500014074.8672   16.8831
   -7.5000    0.0000  -37.500014636.3623   16.8122
    0.0000    0.0000  -37.500015246.7510   16.7913
    7.5000    0.0000  -37.500014538.9697   16.7942
   -7.5000    7.5000  -37.500013986.0518   16.7833
    0.0000    7.5000  -37.500014565.8750   16.7609
    7.5000    7.5000  -37.500013870.2559   16.7669
   -7.5000   15.0000  -37.500013196.7393   16.7678
    0.0000   15.0000  -37.500013758.3428   16.7493
    7.5000   15.0000  -37.500013072.8945   16.7600
   -7.5000   22.5000  -37.500012361.1904   16.9602
    0.0000   22.5000  -37.500012916.4756   16.9468
    7.5000   22.5000  -37.500012270.7852   16.9610
   -7.5000   30.0000  -37.500011531.6816   17.0243
    0.0000   30.0000  -37.500012055.3682   17.0100
    7.5000   30.0000  -37.500011474.1641   17.0213
   -7.5000   37.5000  -37.500011120.6074   17.2739
    0.0000   37.5000  -37.500011618.0742   17.2547
    7.5000   37.5000  -37.500011058.8770   17.2614
   -7.5000   45.0000  -37.500010238.9209   17.1771
    0.0000   45.0000  -37.500010697.1445   17.1573
    7.5000   45.0000  -37.500010177.6250   17.1651
   -7.5000  -45.0000  -30.000010740.6992   18.1446
    0.0000  -45.0000  -30.000011256.6924   18.1273
    7.5000  -45.0000  -30.000010765.6875   18.1340
   -7.5000  -37.5000  -30.000011422.5684   17.8707
    0.0000  -37.5000  -30.000011978.2500   17.8538
    7.5000  -37.5000  -30.000011440.6777   17.8645
   -7.5000  -30.0000  -30.000012500.9736   17.7050
    0.0000  -30.0000  -30.000013070.3926   17.6931
    7.5000  -30.0000  -30.000012490.5127   17.7092
   -7.5000  -22.5000  -30.000013441.1152   17.6263
    0.0000  -22.5000  -30.000014039.9707   17.6201
    7.5000  -22.5000  -30.000013411.5459   17.6385
   -7.5000  -15.0000  -30.000014242.3818   17.5750
    0.0000  -15.0000  -30.000014876.7354   17.5686
    7.5000  -15.0000  -30.000014196.5430   17.5841
   -7.5000   -7.5000  -30.000014931.3701   17.5168
    0.0000   -7.5000  -30.000015578.2422   17.5050
    7.5000   -7.5000  -30.000014855.6973   17.5144
   -7.5000    0.0000  -30.000015498.6299   17.4324
    0.0000    0.0000  -30.000016173.7305   17.4155
    7.5000    0.0000  -30.000015361.1943   17.4223
   -7.5000    7.5000  -30.000014803.2578   17.4065
    0.0000    7.5000  -30.000015462.1016   17.3893
    7.5000    7.5000  -30.000014627.3896   17.3996
   -7.5000   15.0000  -30.000013922.5967   17.3937
    0.0000   15.0000  -30.000014541.1963   17.3815
    7.5000   15.0000  -30.000013744.1699   17.3973
   -7.5000   22.5000  -30.000013024.6719   17.5908
    0.0000   22.5000  -30.000013606.3662   17.5844
    7.5000   22.5000  -30.000012893.2588   17.6045
   -7.5000   30.0000  -30.000012117.6758   17.6566
    0.0000   30.0000  -30.000012675.7539   17.6478
    7.5000   30.0000  -30.000012035.1387   17.6653
   -7.5000   37.5000  -30.000011660.4004   17.9172
    0.0000   37.5000  -30.000012186.4229   17.9034
    7.5000   37.5000  -30.000011594.3164   17.9149
   -7.5000   45.0000  -30.000010710.9111   17.8305
    0.0000   45.0000  -30.000011199.3867   17.8159
    7.5000   45.0000  -30.000010657.6084   17.8285
   -7.5000  -45.0000  -22.500011340.1748   18.7157
    0.0000  -45.0000  -22.500011927.7490   18.7011
    7.5000  -45.0000  -22.500011346.3682   18.7045
   -7.5000  -37.5000  -22.500012054.6699   18.4396
    0.0000  -37.5000  -22.500012677.9512   18.4270
    7.5000  -37.5000  -22.500012050.8916   18.4342
   -7.5000  -30.0000  -22.500013156.6885   18.2692
    0.0000  -30.0000  -22.500013813.2139   18.2617
    7.5000  -30.0000  -22.500013127.8164   18.2753
   -7.5000  -22.5000  -22.500014121.5107   18.1812
    0.0000  -22.5000  -22.500014812.1611   18.1774
    7.5000  -22.5000  -22.500014062.8652   18.1943
   -7.5000  -15.0000  -22.500014947.2588   18.1210
    0.0000  -15.0000  -22.500015668.0400   18.1153
    7.5000  -15.0000  -22.500014853.8633   18.1296
   -7.5000   -7.5000  -22.500015705.5186   18.0613
    0.0000   -7.5000  -22.500016432.1582   18.0503
    7.5000   -7.5000  -22.500015582.7051   18.0573
   -7.5000    0.0000  -22.500016305.0977   17.9797
    0.0000    0.0000  -22.500017084.8945   17.9654
    7.5000    0.0000  -22.500016120.4590   17.9690
   -7.5000    7.5000  -22.500015542.1152   17.9589
    0.0000    7.5000  -22.500016306.4658   17.9459
    7.5000    7.5000  -22.500015306.0166   17.9529
   -7.5000   15.0000  -22.500014594.0166   17.9466
    0.0000   15.0000  -22.500015273.6494   17.9386
    7.5000   15.0000  -22.500014356.8779   17.9519
   -7.5000   22.5000  -22.500013631.4639   18.1436
    0.0000   22.5000  -22.500014248.9375   18.1392
    7.5000   22.5000  -22.500013446.6572   18.1571
   -7.5000   30.0000  -22.500012670.7090   18.2071
    0.0000   30.0000  -22.500013233.1328   18.1984
    7.5000   30.0000  -22.500012541.2900   18.2147
   -7.5000   37.5000  -22.500012142.5820   18.4775
    0.0000   37.5000  -22.500012701.5547   18.4643
    7.5000   37.5000  -22.500012063.2080   18.4740
   -7.5000   45.0000  -22.500011151.1572   18.4087
    0.0000   45.0000  -22.500011672.1562   18.3967
    7.5000   45.0000  -22.500011090.8564   18.4071
   -7.5000  -45.0000  -15.000011899.5342   19.1396
    0.0000  -45.0000  -15.000012518.5908   19.1212
    7.5000  -45.0000  -15.000011906.0801   19.1177
   -7.5000  -37.5000  -15.000012640.5078   18.8579
    0.0000  -37.5000  -15.000013294.2363   18.8421
    7.5000  -37.5000  -15.000012617.1592   18.8424
   -7.5000  -30.0000  -15.000013766.5088   18.6811
    0.0000  -30.0000  -15.000014478.0928   18.6698
    7.5000  -30.0000  -15.000013716.1738   18.6767
   -7.5000  -22.5000  -15.000014769.5352   18.5879
    0.0000  -22.5000  -15.000015502.9521   18.5786
    7.5000  -22.5000  -15.000014679.9736   18.5894
   -7.5000  -15.0000  -15.000015619.4609   18.5247
    0.0000  -15.0000  -15.000016368.6777   18.5130
    7.5000  -15.0000  -15.000015475.2002   18.5211
   -7.5000   -7.5000  -15.000016446.0430   18.4648
    0.0000   -7.5000  -15.000017225.7070   18.4491
    7.5000   -7.5000  -15.000016248.6064   18.4502
   -7.5000    0.0000  -15.000017114.0742   18.3845
    0.0000    0.0000  -15.000017975.0000   18.3668
    7.5000    0.0000  -15.000016854.2441   18.3642
   -7.5000    7.5000  -15.000016288.5635   18.3642
    0.0000    7.5000  -15.000017093.9043   18.3483
    7.5000    7.5000  -15.000015996.4551   18.3486
   -7.5000   15.0000  -15.000015260.0967   18.3496
    0.0000   15.0000  -15.000015944.6631   18.3380
    7.5000   15.0000  -15.000014979.0059   18.3447
   -7.5000   22.5000  -15.000014209.9805   18.5466
    0.0000   22.5000  -15.000014802.0352   18.5364
    7.5000   22.5000  -15.000013965.3301   18.5475
   -7.5000   30.0000  -15.000013171.3242   18.6119
    0.0000   30.0000  -15.000013726.0146   18.5967
    7.5000   30.0000  -15.000012981.0312   18.6068
   -7.5000   37.5000  -15.000012596.9229   18.8870
    0.0000   37.5000  -15.000013161.6025   18.8678
    7.5000   37.5000  -15.000012474.2217   18.8718
   -7.5000   45.0000  -15.000011607.2686   18.8312
    0.0000   45.0000  -15.000012112.7236   18.8148
    7.5000   45.0000  -15.000011491.7812   18.8191
   -7.5000  -45.0000   -7.500012455.5029   19.3590
    0.0000  -45.0000   -7.500013067.7539   19.3318
    7.5000  -45.0000   -7.500012452.6230   19.3239
   -7.5000  -37.5000   -7.500013181.8242   19.0679
    0.0000  -37.5000   -7.500013835.6660   19.0426
    7.5000  -37.5000   -7.500013179.5977   19.0384
   -7.5000  -30.0000   -7.500014347.0693   18.8854
    0.0000  -30.0000   -7.500015054.1699   18.8643
    7.5000  -30.0000   -7.500014306.6670   18.8667
   -7.5000  -22.5000   -7.500015380.9902   18.7953
    0.0000  -22.5000   -7.500016123.8096   18.7766
    7.5000  -22.5000   -7.500015298.9004   18.7824
   -7.5000  -15.0000   -7.500016292.3379   18.7371
    0.0000  -15.0000   -7.500017044.4727   18.7171
    7.5000  -15.0000   -7.500016128.0498   18.7198
   -7.5000   -7.5000   -7.500017169.5996   18.6767
    0.0000   -7.5000   -7.500017990.3496   18.6536
    7.5000   -7.5000   -7.500016917.9902   18.6499
   -7.5000    0.0000   -7.500017861.0371   18.5919
    0.0000    0.0000   -7.500018777.6113   18.5661
    7.5000    0.0000   -7.500017589.4629   18.5593
   -7.5000    7.5000   -7.500017020.3398   18.5662
    0.0000    7.5000   -7.500017864.7754   18.5411
    7.5000    7.5000   -7.500016761.0000   18.5374
   -7.5000   15.0000   -7.500015966.6309   18.5487
    0.0000   15.0000   -7.500016646.4727   18.5275
    7.5000   15.0000   -7.500015691.1592   18.5299
   -7.5000   22.5000   -7.500014831.6572   18.7481
    0.0000   22.5000   -7.500015368.6758   18.7283
    7.5000   22.5000   -7.500014552.7744   18.7345
   -7.5000   30.0000   -7.500013718.9893   18.8215
    0.0000   30.0000   -7.500014220.1152   18.7981
    7.5000   30.0000   -7.500013495.2471   18.8028
   -7.5000   37.5000   -7.500013091.5449   19.0952
    0.0000   37.5000   -7.500013614.7715   19.0674
    7.5000   37.5000   -7.500012903.9678   19.0664
   -7.5000   45.0000   -7.500012035.1367   19.0372
    0.0000   45.0000   -7.500012532.1992   19.0114
    7.5000   45.0000   -7.500011865.1299   19.0107
   -7.5000  -45.0000    0.000012831.0342   19.4003
    0.0000  -45.0000    0.000013443.2373   19.3700
    7.5000  -45.0000    0.000012852.0713   19.3646
   -7.5000  -37.5000    0.000013574.5791   19.1014
    0.0000  -37.5000    0.000014219.1543   19.0714
    7.5000  -37.5000    0.000013601.6738   19.0698
   -7.5000  -30.0000    0.000014776.1865   18.9169
    0.0000  -30.0000    0.000015463.4844   18.8906
    7.5000  -30.0000    0.000014734.2910   18.8949
   -7.5000  -22.5000    0.000015831.6221   18.8328
    0.0000  -22.5000    0.000016578.7422   18.8108
    7.5000  -22.5000    0.000015770.2305   18.8172
   -7.5000  -15.0000    0.000016780.5410   18.7810
    0.0000  -15.0000    0.000017555.5449   18.7593
    7.5000  -15.0000    0.000016666.7910   18.7625
   -7.5000   -7.5000    0.000017643.9688   18.7192
    0.0000   -7.5000    0.000018459.5059   18.6944
    7.5000   -7.5000    0.000017468.2891   18.6922
   -7.5000    0.0000    0.000018315.5059   18.6276
    0.0000    0.0000    0.000019163.8535   18.5988
    7.5000    0.0000    0.000018114.4941   18.5945
   -7.5000    7.5000    0.000017531.5371   18.5961
    0.0000    7.5000    0.000018331.1016   18.5664
    7.5000    7.5000    0.000017295.2988   18.5651
   -7.5000   15.0000    0.000016533.6660   18.5777
    0.0000   15.0000    0.000017227.4336   18.5516
    7.5000   15.0000    0.000016236.5615   18.5558
   -7.5000   22.5000    0.000015347.8447   18.7830
    0.0000   22.5000    0.000015934.4014   18.7602
    7.5000   22.5000    0.000015066.8896   18.7677
   -7.5000   30.0000    0.000014149.7051   18.8657
    0.0000   30.0000    0.000014696.5264   18.8412
    7.5000   30.0000    0.000013919.1367   18.8461
   -7.5000   37.5000    0.000013508.5957   19.1371
    0.0000   37.5000    0.000014029.5527   19.1077
    7.5000   37.5000    0.000013269.0039   19.1077
   -7.5000   45.0000    0.000012408.0586   19.0694
    0.0000   45.0000    0.000012905.8525   19.0405
    7.5000   45.0000    0.000012219.8154   19.0413
   -7.5000  -45.0000    7.500012210.8945   19.5037
    0.0000  -45.0000    7.500012748.9658   19.4786
    7.5000  -45.0000    7.500012249.9912   19.4812
   -7.5000  -37.5000    7.500012943.7598   19.2050
    0.0000  -37.5000    7.500013495.6777   19.1793
    7.5000  -37.5000    7.500012968.9482   19.1861
   -7.5000  -30.0000    7.500014064.3369   19.0241
    0.0000  -30.0000    7.500014642.1836   19.0029
    7.5000  -30.0000    7.500014063.1230   19.0149
   -7.5000  -22.5000    7.500015081.5332   18.9438
    0.0000  -22.5000    7.500015679.7549   18.9285
    7.5000  -22.5000    7.500015057.0293   18.9425
   -7.5000  -15.0000    7.500016012.7510   18.8948
    0.0000  -15.0000    7.500016652.6777   18.8805
    7.5000  -15.0000    7.500015929.5234   18.8912
   -7.5000   -7.5000    7.500016834.8770   18.8339
    0.0000   -7.5000    7.500017549.6758   18.8152
    7.5000   -7.5000    7.500016680.5176   18.8205
   -7.5000    0.0000    7.500017453.3223   18.7412
    0.0000    0.0000    7.500018227.6152   18.7172
    7.5000    0.0000    7.500017256.0430   18.7204
   -7.5000    7.5000    7.500016697.6582   18.7088
    0.0000    7.5000    7.500017483.2051   18.6833
    7.5000    7.5000    7.500016438.3105   18.6898
   -7.5000   15.0000    7.500015742.0088   18.6917
    0.0000   15.0000    7.500016497.5410   18.6704
    7.5000   15.0000    7.500015424.6855   18.6823
   -7.5000   22.5000    7.500014609.6631   18.8999
    0.0000   22.5000    7.500015311.8721   18.8844
    7.5000   22.5000    7.500014353.3770   18.9001
   -7.5000   30.0000    7.500013454.2959   18.9845
    0.0000   30.0000    7.500014087.9775   18.9677
    7.5000   30.0000    7.500013301.3018   18.9803
   -7.5000   37.5000    7.500012851.5908   19.2609
    0.0000   37.5000    7.500013419.5293   19.2388
    7.5000   37.5000    7.500012716.2588   19.2462
   -7.5000   45.0000    7.500011837.9814   19.1885
    0.0000   45.0000    7.500012358.5957   19.1657
    7.5000   45.0000    7.500011742.2607   19.1742
   -7.5000  -45.0000   15.000011493.1738   19.5966
    0.0000  -45.0000   15.000011938.2549   19.5787
    7.5000  -45.0000   15.000011538.8145   19.5856
   -7.5000  -37.5000   15.000012218.7607   19.3044
    0.0000  -37.5000   15.000012687.7637   19.2870
    7.5000  -37.5000   15.000012263.0146   19.2984
   -7.5000  -30.0000   15.000013272.4453   19.1290
    0.0000  -30.0000   15.000013784.3154   19.1172
    7.5000  -30.0000   15.000013291.4395   19.1345
   -7.5000  -22.5000   15.000014238.5742   19.0474
    0.0000  -22.5000   15.000014814.7217   19.0417
    7.5000  -22.5000   15.000014215.7842   19.0615
   -7.5000  -15.0000   15.000015156.1084   18.9951
    0.0000  -15.0000   15.000015777.2080   18.9892
    7.5000  -15.0000   15.000015073.5488   19.0056
   -7.5000   -7.5000   15.000015928.7090   18.9352
    0.0000   -7.5000   15.000016580.4375   18.9233
    7.5000   -7.5000   15.000015787.0195   18.9331
   -7.5000    0.0000   15.000016460.3398   18.8465
    0.0000    0.0000   15.000017146.5234   18.8290
    7.5000    0.0000   15.000016297.6650   18.8362
   -7.5000    7.5000   15.000015690.8027   18.8182
    0.0000    7.5000   15.000016353.0439   18.8005
    7.5000    7.5000   15.000015498.6299   18.8115
   -7.5000   15.0000   15.000014773.1777   18.8038
    0.0000   15.0000   15.000015392.9990   18.7917
    7.5000   15.0000   15.000014564.0391   18.8087
   -7.5000   22.5000   15.000013762.1318   19.0089
    0.0000   22.5000   15.000014316.4766   19.0031
    7.5000   22.5000   15.000013582.9424   19.0247
   -7.5000   30.0000   15.000012719.5732   19.0864
    0.0000   30.0000   15.000013223.6270   19.0779
    7.5000   30.0000   15.000012593.3125   19.0966
   -7.5000   37.5000   15.000012158.6104   19.3681
    0.0000   37.5000   15.000012637.6582   19.3540
    7.5000   37.5000   15.000012054.6562   19.3662
   -7.5000   45.0000   15.000011233.0225   19.2987
    0.0000   45.0000   15.000011682.4170   19.2837
    7.5000   45.0000   15.000011135.8096   19.2973
   -7.5000  -45.0000   22.500010757.5889   19.7035
    0.0000  -45.0000   22.500011177.5400   19.6896
    7.5000  -45.0000   22.500010798.7070   19.6923
   -7.5000  -37.5000   22.500011457.8066   19.4187
    0.0000  -37.5000   22.500011906.1133   19.4071
    7.5000  -37.5000   22.500011488.8477   19.4142
   -7.5000  -30.0000   22.500012446.6309   19.2459
    0.0000  -30.0000   22.500012935.8145   19.2401
    7.5000  -30.0000   22.500012443.9336   19.2541
   -7.5000  -22.5000   22.500013347.8652   19.1603
    0.0000  -22.5000   22.500013891.6475   19.1585
    7.5000  -22.5000   22.500013312.0771   19.1761
   -7.5000  -15.0000   22.500014173.6914   19.1035
    0.0000  -15.0000   22.500014755.7188   19.0996
    7.5000  -15.0000   22.500014096.0635   19.1141
   -7.5000   -7.5000   22.500014850.7051   19.0464
    0.0000   -7.5000   22.500015463.6758   19.0367
    7.5000   -7.5000   22.500014728.2266   19.0435
   -7.5000    0.0000   22.500015284.8203   18.9652
    0.0000    0.0000   22.500015924.7715   18.9519
    7.5000    0.0000   22.500015178.2939   18.9552
   -7.5000    7.5000   22.500014537.3867   18.9420
    0.0000    7.5000   22.500015145.0254   18.9303
    7.5000    7.5000   22.500014429.1641   18.9373
   -7.5000   15.0000   22.500013689.4082   18.9278
    0.0000   15.0000   22.500014266.6875   18.9217
    7.5000   15.0000   22.500013557.5381   18.9356
   -7.5000   22.5000   22.500012788.9736   19.1261
    0.0000   22.5000   22.500013324.7734   19.1239
    7.5000   22.5000   22.500012660.5186   19.1426
   -7.5000   30.0000   22.500011873.2129   19.1927
    0.0000   30.0000   22.500012375.5244   19.1857
    7.5000   30.0000   22.500011776.3789   19.2026
   -7.5000   37.5000   22.500011373.7432   19.4787
    0.0000   37.5000   22.500011860.9355   19.4668
    7.5000   37.5000   22.500011291.0576   19.4767
   -7.5000   45.0000   22.500010514.0596   19.4188
    0.0000   45.0000   22.500010967.9375   19.4080
    7.5000   45.0000   22.500010425.4473   19.4188
   -7.5000  -45.0000   30.0000 9965.7148   19.9125
    0.0000  -45.0000   30.000010386.6436   19.8963
    7.5000  -45.0000   30.000010010.0332   19.8921
   -7.5000  -37.5000   30.000010605.3281   19.6271
    0.0000  -37.5000   30.000011063.4316   19.6142
    7.5000  -37.5000   30.000010627.8799   19.6142
   -7.5000  -30.0000   30.000011503.2363   19.4526
    0.0000  -30.0000   30.000011990.5088   19.4448
    7.5000  -30.0000   30.000011499.8291   19.4521
   -7.5000  -22.5000   30.000012304.2070   19.3663
    0.0000  -22.5000   30.000012839.8770   19.3606
    7.5000  -22.5000   30.000012290.1396   19.3720
   -7.5000  -15.0000   30.000013023.4697   19.3102
    0.0000  -15.0000   30.000013589.9268   19.3016
    7.5000  -15.0000   30.000012982.1055   19.3099
   -7.5000   -7.5000   30.000013639.1787   19.2562
    0.0000   -7.5000   30.000014217.9277   19.2431
    7.5000   -7.5000   30.000013553.5625   19.2438
   -7.5000    0.0000   30.000014039.8125   19.1793
    0.0000    0.0000   30.000014634.0498   19.1642
    7.5000    0.0000   30.000013951.0977   19.1611
   -7.5000    7.5000   30.000013324.1064   19.1561
    0.0000    7.5000   30.000013885.2422   19.1433
    7.5000    7.5000   30.000013250.5186   19.1437
   -7.5000   15.0000   30.000012540.4404   19.1393
    0.0000   15.0000   30.000013075.8223   19.1315
    7.5000   15.0000   30.000012464.5713   19.1389
   -7.5000   22.5000   30.000011720.4199   19.3341
    0.0000   22.5000   30.000012231.5107   19.3278
    7.5000   22.5000   30.000011647.1445   19.3397
   -7.5000   30.0000   30.000010915.9629   19.3967
    0.0000   30.0000   30.000011397.4551   19.3845
    7.5000   30.0000   30.000010837.3086   19.3954
   -7.5000   37.5000   30.000010472.0781   19.6859
    0.0000   37.5000   30.000010931.3369   19.6695
    7.5000   37.5000   30.000010401.9131   19.6738
   -7.5000   45.0000   30.0000 9678.8652   19.6325
    0.0000   45.0000   30.000010104.9395   19.6190
    7.5000   45.0000   30.0000 9609.0195   19.6237
   -7.5000  -45.0000   37.5000 9533.7354   20.3033
    0.0000  -45.0000   37.5000 9963.9570   20.2784
    7.5000  -45.0000   37.5000 9564.4980   20.2692
   -7.5000  -37.5000   37.500010132.0859   20.0049
    0.0000  -37.5000   37.500010593.0068   19.9824
    7.5000  -37.5000   37.500010149.7363   19.9779
   -7.5000  -30.0000   37.500010972.7217   19.8230
    0.0000  -30.0000   37.500011463.6973   19.8057
    7.5000  -30.0000   37.500010969.9062   19.8087
   -7.5000  -22.5000   37.500011713.5654   19.7407
    0.0000  -22.5000   37.500012241.0674   19.7266
    7.5000  -22.5000   37.500011715.1416   19.7332
   -7.5000  -15.0000   37.500012383.7100   19.6924
    0.0000  -15.0000   37.500012928.3320   19.6766
    7.5000  -15.0000   37.500012366.3564   19.6796
   -7.5000   -7.5000   37.500012949.2061   19.6413
    0.0000   -7.5000   37.500013501.4316   19.6215
    7.5000   -7.5000   37.500012883.2188   19.6170
   -7.5000    0.0000   37.500013303.1729   19.5620
    0.0000    0.0000   37.500013887.2627   19.5389
    7.5000    0.0000   37.500013249.5371   19.5313
   -7.5000    7.5000   37.500012629.6201   19.5321
    0.0000    7.5000   37.500013181.4600   19.5100
    7.5000    7.5000   37.500012583.3828   19.5063
   -7.5000   15.0000   37.500011897.0391   19.5099
    0.0000   15.0000   37.500012405.3447   19.4929
    7.5000   15.0000   37.500011835.0166   19.4962
   -7.5000   22.5000   37.500011113.5117   19.7089
    0.0000   22.5000   37.500011610.9727   19.6938
    7.5000   22.5000   37.500011051.7295   19.7012
   -7.5000   30.0000   37.500010378.5107   19.7797
    0.0000   30.0000   37.500010844.0928   19.7605
    7.5000   30.0000   37.500010306.3555   19.7659
   -7.5000   37.5000   37.5000 9969.6719   20.0754
    0.0000   37.5000   37.500010406.2529   20.0509
    7.5000   37.5000   37.5000 9891.8662   20.0500
   -7.5000   45.0000   37.5000 9219.1240   20.0207
    0.0000   45.0000   37.5000 9624.5713   19.9976
    7.5000   45.0000   37.5000 9152.4082   19.9971
   -7.5000  -45.0000   45.0000 8715.0879   20.7404
    0.0000  -45.0000   45.0000 9099.7168   20.7107
    7.5000  -45.0000   45.0000 8725.2695   20.7045
   -7.5000  -37.5000   45.0000 9233.0820   20.4281
    0.0000  -37.5000   45.0000 9650.7812   20.3998
    7.5000  -37.5000   45.0000 9235.0000   20.3991
   -7.5000  -30.0000   45.0000 9986.0742   20.2454
    0.0000  -30.0000   45.000010431.0420   20.2229
    7.5000  -30.0000   45.0000 9967.1621   20.2295
   -7.5000  -22.5000   45.000010673.6279   20.1716
    0.0000  -22.5000   45.000011147.1611   20.1546
    7.5000  -22.5000   45.000010650.7412   20.1633
   -7.5000  -15.0000   45.000011259.9570   20.1287
    0.0000  -15.0000   45.000011757.5078   20.1116
    7.5000  -15.0000   45.000011232.3018   20.1157
   -7.5000   -7.5000   45.000011738.8535   20.0722
    0.0000   -7.5000   45.000012248.0850   20.0502
    7.5000   -7.5000   45.000011697.9209   20.0476
   -7.5000    0.0000   45.000012053.1260   19.9835
    0.0000    0.0000   45.000012588.1240   19.9560
    7.5000    0.0000   45.000012002.3984   19.9514
   -7.5000    7.5000   45.000011469.6523   19.9489
    0.0000    7.5000   45.000011978.9834   19.9213
    7.5000    7.5000   45.000011412.0762   19.9213
   -7.5000   15.0000   45.000010807.7510   19.9294
    0.0000   15.0000   45.000011276.6494   19.9074
    7.5000   15.0000   45.000010756.9014   19.9143
   -7.5000   22.5000   45.000010098.5010   20.1413
    0.0000   22.5000   45.000010564.5225   20.1237
    7.5000   22.5000   45.000010054.0615   20.1341
   -7.5000   30.0000   45.0000 9417.4238   20.2220
    0.0000   30.0000   45.0000 9853.3262   20.2018
    7.5000   30.0000   45.0000 9365.9854   20.2083
   -7.5000   37.5000   45.0000 9075.0068   20.5227
    0.0000   37.5000   45.0000 9475.3193   20.4955
    7.5000   37.5000   45.0000 8996.9121   20.4959
   -7.5000   45.0000   45.0000 8407.0479   20.4724
    0.0000   45.0000   45.0000 8776.2129   20.4444
    7.5000   45.0000   45.0000 8343.1123   20.4462

---------------------------------------------------------------------
imgreg_4dfp /opt/freesurfer/average/711-2C_as_mni_average_305 /opt/freesurfer/average/711-2B_as_mni_average_305_mask talsrcimg_g11 none talsrcimg_to_711-2C_as_mni_average_305_t4 4355
---------------------------------------------------------------------

freesurfer imgreg_4dfp.c
/opt/freesurfer/average/711-2C_as_mni_average_305.4dfp.img
       256       256       256         1
  1.000000  1.000000  1.000000
orientation T byte_order littleendian
Reading image: /opt/freesurfer/average/711-2C_as_mni_average_305.4dfp.img
dimensions:      256       256       256
mmppix:       1.0000   -1.0000   -1.0000
center:     128.0000 -129.0000 -129.0000
/opt/freesurfer/average/711-2B_as_mni_average_305_mask.4dfp.img
       256       256       256         1
  1.000000  1.000000  1.000000
orientation T byte_order littleendian
Reading mask: /opt/freesurfer/average/711-2B_as_mni_average_305_mask.4dfp.img (2306576 pixels)
talsrcimg_g11.4dfp.img
       256       256       256         1
  1.000000  1.000000  1.000000
orientation T byte_order littleendian
Reading image: talsrcimg_g11.4dfp.img
dimensions:      256       256       256
mmppix:       1.0000   -1.0000   -1.0000
center:     128.0000 -129.0000 -129.0000
rotation matrix determinant  1.000000
image alignment mode   4355 decimal     1103 hex
   -7.5000  -45.0000  -45.0000 2323.5378   20.8545
    0.0000  -45.0000  -45.0000 2338.5916   20.7132
    7.5000  -45.0000  -45.0000 2323.5759   20.8201
   -7.5000  -37.5000  -45.0000 2373.6331   19.8184
    0.0000  -37.5000  -45.0000 2387.5898   19.6992
    7.5000  -37.5000  -45.0000 2374.1152   19.7865
   -7.5000  -30.0000  -45.0000 2418.8955   18.9905
    0.0000  -30.0000  -45.0000 2430.1899   18.8678
    7.5000  -30.0000  -45.0000 2425.8423   18.9531
   -7.5000  -22.5000  -45.0000 2444.0083   18.3629
    0.0000  -22.5000  -45.0000 2455.4670   18.2320
    7.5000  -22.5000  -45.0000 2450.2371   18.3183
   -7.5000  -15.0000  -45.0000 2457.2568   17.8423
    0.0000  -15.0000  -45.0000 2471.6934   17.7175
    7.5000  -15.0000  -45.0000 2460.9690   17.8049
   -7.5000   -7.5000  -45.0000 2468.7422   17.4413
    0.0000   -7.5000  -45.0000 2491.1655   17.2913
    7.5000   -7.5000  -45.0000 2475.4199   17.4177
   -7.5000    0.0000  -45.0000 2472.4519   17.2673
    0.0000    0.0000  -45.0000 2497.1099   17.0930
    7.5000    0.0000  -45.0000 2480.2881   17.2236
   -7.5000    7.5000  -45.0000 2477.5479   17.2329
    0.0000    7.5000  -45.0000 2494.5247   17.0680
    7.5000    7.5000  -45.0000 2480.5833   17.2033
   -7.5000   15.0000  -45.0000 2470.8379   17.4608
    0.0000   15.0000  -45.0000 2491.0852   17.2942
    7.5000   15.0000  -45.0000 2475.7634   17.4296
   -7.5000   22.5000  -45.0000 2449.4763   18.0208
    0.0000   22.5000  -45.0000 2473.1814   17.8647
    7.5000   22.5000  -45.0000 2453.3501   18.0410
   -7.5000   30.0000  -45.0000 2411.6577   18.9591
    0.0000   30.0000  -45.0000 2432.3823   18.8169
    7.5000   30.0000  -45.0000 2412.2734   19.0021
   -7.5000   37.5000  -45.0000 2353.1917   20.2527
    0.0000   37.5000  -45.0000 2368.1016   20.1306
    7.5000   37.5000  -45.0000 2352.5276   20.2968
   -7.5000   45.0000  -45.0000 2273.3916   21.9440
    0.0000   45.0000  -45.0000 2287.2517   21.7758
    7.5000   45.0000  -45.0000 2273.4241   21.9581
   -7.5000  -45.0000  -37.5000 2401.7234   19.5375
    0.0000  -45.0000  -37.5000 2413.6589   19.4404
    7.5000  -45.0000  -37.5000 2402.0750   19.4850
   -7.5000  -37.5000  -37.5000 2449.5015   18.5266
    0.0000  -37.5000  -37.5000 2464.7236   18.4014
    7.5000  -37.5000  -37.5000 2451.9917   18.4870
   -7.5000  -30.0000  -37.5000 2490.6604   17.6963
    0.0000  -30.0000  -37.5000 2503.2336   17.5474
    7.5000  -30.0000  -37.5000 2492.1187   17.6626
   -7.5000  -22.5000  -37.5000 2518.6423   17.0818
    0.0000  -22.5000  -37.5000 2533.5859   16.9021
    7.5000  -22.5000  -37.5000 2521.2302   17.0271
   -7.5000  -15.0000  -37.5000 2530.9631   16.6251
    0.0000  -15.0000  -37.5000 2547.8030   16.4587
    7.5000  -15.0000  -37.5000 2539.8000   16.5579
   -7.5000   -7.5000  -37.5000 2547.8154   16.3087
    0.0000   -7.5000  -37.5000 2567.7827   16.1178
    7.5000   -7.5000  -37.5000 2556.9011   16.2448
   -7.5000    0.0000  -37.5000 2565.8481   16.1635
    0.0000    0.0000  -37.5000 2587.7544   15.9875
    7.5000    0.0000  -37.5000 2569.4648   16.1061
   -7.5000    7.5000  -37.5000 2573.7114   16.1663
    0.0000    7.5000  -37.5000 2593.0432   16.0001
    7.5000    7.5000  -37.5000 2574.7231   16.1370
   -7.5000   15.0000  -37.5000 2567.5356   16.3779
    0.0000   15.0000  -37.5000 2590.7136   16.2158
    7.5000   15.0000  -37.5000 2567.4814   16.3925
   -7.5000   22.5000  -37.5000 2542.3921   16.9396
    0.0000   22.5000  -37.5000 2564.8062   16.7773
    7.5000   22.5000  -37.5000 2542.1494   16.9622
   -7.5000   30.0000  -37.5000 2496.4451   17.8217
    0.0000   30.0000  -37.5000 2518.6240   17.6761
    7.5000   30.0000  -37.5000 2493.6812   17.8654
   -7.5000   37.5000  -37.5000 2430.5547   19.0590
    0.0000   37.5000  -37.5000 2446.3394   18.9281
    7.5000   37.5000  -37.5000 2427.7488   19.0967
   -7.5000   45.0000  -37.5000 2340.9636   20.6834
    0.0000   45.0000  -37.5000 2353.5742   20.5314
    7.5000   45.0000  -37.5000 2338.3809   20.6764
   -7.5000  -45.0000  -30.0000 2522.0112   18.9992
    0.0000  -45.0000  -30.0000 2535.6611   18.8835
    7.5000  -45.0000  -30.0000 2525.5312   18.9659
   -7.5000  -37.5000  -30.0000 2567.5701   17.9674
    0.0000  -37.5000  -30.0000 2586.3169   17.8491
    7.5000  -37.5000  -30.0000 2571.0229   17.9149
   -7.5000  -30.0000  -30.0000 2605.4790   17.0921
    0.0000  -30.0000  -30.0000 2619.0730   16.9489
    7.5000  -30.0000  -30.0000 2610.6287   17.0410
   -7.5000  -22.5000  -30.0000 2637.2705   16.4158
    0.0000  -22.5000  -30.0000 2651.4011   16.2731
    7.5000  -22.5000  -30.0000 2641.3542   16.3851
   -7.5000  -15.0000  -30.0000 2661.7859   15.9926
    0.0000  -15.0000  -30.0000 2680.8784   15.8273
    7.5000  -15.0000  -30.0000 2666.6733   15.9389
   -7.5000   -7.5000  -30.0000 2685.8037   15.7059
    0.0000   -7.5000  -30.0000 2702.9307   15.5649
    7.5000   -7.5000  -30.0000 2690.6907   15.6799
   -7.5000    0.0000  -30.0000 2710.6941   15.5957
    0.0000    0.0000  -30.0000 2732.5366   15.4312
    7.5000    0.0000  -30.0000 2710.1069   15.5544
   -7.5000    7.5000  -30.0000 2725.8430   15.6362
    0.0000    7.5000  -30.0000 2745.7764   15.4957
    7.5000    7.5000  -30.0000 2723.0552   15.6146
   -7.5000   15.0000  -30.0000 2719.0447   15.8785
    0.0000   15.0000  -30.0000 2745.6763   15.7339
    7.5000   15.0000  -30.0000 2712.0315   15.8904
   -7.5000   22.5000  -30.0000 2692.5952   16.4402
    0.0000   22.5000  -30.0000 2717.3618   16.3084
    7.5000   22.5000  -30.0000 2686.3130   16.4963
   -7.5000   30.0000  -30.0000 2630.0166   17.3206
    0.0000   30.0000  -30.0000 2654.9868   17.2002
    7.5000   30.0000  -30.0000 2627.7686   17.3991
   -7.5000   37.5000  -30.0000 2552.4045   18.5361
    0.0000   37.5000  -30.0000 2571.3179   18.4020
    7.5000   37.5000  -30.0000 2550.7339   18.5887
   -7.5000   45.0000  -30.0000 2451.3911   20.1793
    0.0000   45.0000  -30.0000 2469.3586   20.0044
    7.5000   45.0000  -30.0000 2453.2886   20.1987
   -7.5000  -45.0000  -22.5000 2603.0535   18.4199
    0.0000  -45.0000  -22.5000 2618.5286   18.3049
    7.5000  -45.0000  -22.5000 2599.9407   18.3561
   -7.5000  -37.5000  -22.5000 2647.3750   17.3636
    0.0000  -37.5000  -22.5000 2665.0923   17.2287
    7.5000  -37.5000  -22.5000 2649.1179   17.3027
   -7.5000  -30.0000  -22.5000 2683.0447   16.4884
    0.0000  -30.0000  -22.5000 2700.1895   16.3396
    7.5000  -30.0000  -22.5000 2689.2971   16.4352
   -7.5000  -22.5000  -22.5000 2719.6033   15.8072
    0.0000  -22.5000  -22.5000 2735.3523   15.6781
    7.5000  -22.5000  -22.5000 2724.4500   15.7944
   -7.5000  -15.0000  -22.5000 2759.1138   15.3359
    0.0000  -15.0000  -22.5000 2778.2837   15.1973
    7.5000  -15.0000  -22.5000 2758.9426   15.3208
   -7.5000   -7.5000  -22.5000 2792.5369   15.0725
    0.0000   -7.5000  -22.5000 2813.0811   14.9245
    7.5000   -7.5000  -22.5000 2794.3035   15.0667
   -7.5000    0.0000  -22.5000 2821.2188   14.9970
    0.0000    0.0000  -22.5000 2846.6553   14.8368
    7.5000    0.0000  -22.5000 2819.9319   14.9690
   -7.5000    7.5000  -22.5000 2842.7532   15.0531
    0.0000    7.5000  -22.5000 2871.7222   14.9065
    7.5000    7.5000  -22.5000 2837.1765   15.0230
   -7.5000   15.0000  -22.5000 2840.0920   15.2925
    0.0000   15.0000  -22.5000 2871.3818   15.1433
    7.5000   15.0000  -22.5000 2828.0159   15.3136
   -7.5000   22.5000  -22.5000 2799.7126   15.8639
    0.0000   22.5000  -22.5000 2828.9187   15.7266
    7.5000   22.5000  -22.5000 2793.2883   15.9480
   -7.5000   30.0000  -22.5000 2729.4751   16.7402
    0.0000   30.0000  -22.5000 2751.7437   16.5987
    7.5000   30.0000  -22.5000 2724.9456   16.8480
   -7.5000   37.5000  -22.5000 2635.8816   17.9604
    0.0000   37.5000  -22.5000 2658.4321   17.7942
    7.5000   37.5000  -22.5000 2637.2327   18.0278
   -7.5000   45.0000  -22.5000 2522.0779   19.6064
    0.0000   45.0000  -22.5000 2544.2036   19.4159
    7.5000   45.0000  -22.5000 2524.5464   19.6348
   -7.5000  -45.0000  -15.0000 2639.7556   17.9406
    0.0000  -45.0000  -15.0000 2655.8616   17.8084
    7.5000  -45.0000  -15.0000 2644.1187   17.8642
   -7.5000  -37.5000  -15.0000 2680.8145   16.8496
    0.0000  -37.5000  -15.0000 2699.5374   16.6911
    7.5000  -37.5000  -15.0000 2687.6812   16.7731
   -7.5000  -30.0000  -15.0000 2719.3777   15.9662
    0.0000  -30.0000  -15.0000 2740.2224   15.7953
    7.5000  -30.0000  -15.0000 2727.7112   15.9057
   -7.5000  -22.5000  -15.0000 2767.1477   15.2728
    0.0000  -22.5000  -15.0000 2784.0645   15.1196
    7.5000  -22.5000  -15.0000 2773.4133   15.2452
   -7.5000  -15.0000  -15.0000 2814.2988   14.7971
    0.0000  -15.0000  -15.0000 2838.9219   14.6555
    7.5000  -15.0000  -15.0000 2818.0259   14.7791
   -7.5000   -7.5000  -15.0000 2865.0093   14.5477
    0.0000   -7.5000  -15.0000 2890.3469   14.3697
    7.5000   -7.5000  -15.0000 2869.3848   14.5127
   -7.5000    0.0000  -15.0000 2904.9519   14.5242
    0.0000    0.0000  -15.0000 2934.6125   14.3610
    7.5000    0.0000  -15.0000 2906.8064   14.4899
   -7.5000    7.5000  -15.0000 2931.3054   14.5931
    0.0000    7.5000  -15.0000 2969.6348   14.4177
    7.5000    7.5000  -15.0000 2925.0012   14.5676
   -7.5000   15.0000  -15.0000 2921.9888   14.8380
    0.0000   15.0000  -15.0000 2957.1211   14.6478
    7.5000   15.0000  -15.0000 2907.4856   14.8640
   -7.5000   22.5000  -15.0000 2869.0137   15.3822
    0.0000   22.5000  -15.0000 2898.3806   15.1634
    7.5000   22.5000  -15.0000 2859.5857   15.4597
   -7.5000   30.0000  -15.0000 2782.8308   16.2452
    0.0000   30.0000  -15.0000 2809.6855   16.0303
    7.5000   30.0000  -15.0000 2780.2239   16.3290
   -7.5000   37.5000  -15.0000 2676.2546   17.4954
    0.0000   37.5000  -15.0000 2706.6816   17.2738
    7.5000   37.5000  -15.0000 2681.6018   17.5372
   -7.5000   45.0000  -15.0000 2558.4229   19.1315
    0.0000   45.0000  -15.0000 2580.3315   18.9037
    7.5000   45.0000  -15.0000 2561.8618   19.1458
   -7.5000  -45.0000   -7.5000 2653.7822   17.5816
    0.0000  -45.0000   -7.5000 2676.6487   17.4402
    7.5000  -45.0000   -7.5000 2660.6099   17.5272
   -7.5000  -37.5000   -7.5000 2690.2671   16.4431
    0.0000  -37.5000   -7.5000 2713.4700   16.2903
    7.5000  -37.5000   -7.5000 2702.3508   16.3979
   -7.5000  -30.0000   -7.5000 2735.6914   15.5550
    0.0000  -30.0000   -7.5000 2755.7712   15.3779
    7.5000  -30.0000   -7.5000 2745.8635   15.5167
   -7.5000  -22.5000   -7.5000 2789.2476   14.8656
    0.0000  -22.5000   -7.5000 2810.4734   14.7060
    7.5000  -22.5000   -7.5000 2797.7058   14.8461
   -7.5000  -15.0000   -7.5000 2846.7637   14.3848
    0.0000  -15.0000   -7.5000 2870.8828   14.2225
    7.5000  -15.0000   -7.5000 2850.4307   14.3958
   -7.5000   -7.5000   -7.5000 2905.7227   14.1668
    0.0000   -7.5000   -7.5000 2937.7727   13.9563
    7.5000   -7.5000   -7.5000 2908.7866   14.1595
   -7.5000    0.0000   -7.5000 2957.1228   14.1845
    0.0000    0.0000   -7.5000 2996.6313   13.9924
    7.5000    0.0000   -7.5000 2958.4717   14.1424
   -7.5000    7.5000   -7.5000 2987.0017   14.2780
    0.0000    7.5000   -7.5000 3033.9263   14.0820
    7.5000    7.5000   -7.5000 2979.4258   14.2639
   -7.5000   15.0000   -7.5000 2965.3882   14.5513
    0.0000   15.0000   -7.5000 3006.1267   14.2854
    7.5000   15.0000   -7.5000 2950.0266   14.6070
   -7.5000   22.5000   -7.5000 2892.9363   15.0954
    0.0000   22.5000   -7.5000 2922.6211   14.8134
    7.5000   22.5000   -7.5000 2883.8315   15.1718
   -7.5000   30.0000   -7.5000 2798.5112   15.9226
    0.0000   30.0000   -7.5000 2827.0859   15.6535
    7.5000   30.0000   -7.5000 2797.3691   15.9728
   -7.5000   37.5000   -7.5000 2687.7349   17.1416
    0.0000   37.5000   -7.5000 2716.0173   16.8906
    7.5000   37.5000   -7.5000 2688.8608   17.1620
   -7.5000   45.0000   -7.5000 2562.8528   18.7616
    0.0000   45.0000   -7.5000 2586.1746   18.5197
    7.5000   45.0000   -7.5000 2565.9736   18.7303
   -7.5000  -45.0000    0.0000 2658.6895   17.4121
    0.0000  -45.0000    0.0000 2683.7625   17.2272
    7.5000  -45.0000    0.0000 2663.3027   17.3628
   -7.5000  -37.5000    0.0000 2693.2844   16.2497
    0.0000  -37.5000    0.0000 2714.1316   16.0781
    7.5000  -37.5000    0.0000 2701.7004   16.2477
   -7.5000  -30.0000    0.0000 2743.2241   15.3778
    0.0000  -30.0000    0.0000 2759.9863   15.1935
    7.5000  -30.0000    0.0000 2746.7344   15.3654
   -7.5000  -22.5000    0.0000 2793.6311   14.7191
    0.0000  -22.5000    0.0000 2816.2690   14.5186
    7.5000  -22.5000    0.0000 2801.3435   14.7027
   -7.5000  -15.0000    0.0000 2852.9568   14.2734
    0.0000  -15.0000    0.0000 2879.3823   14.0575
    7.5000  -15.0000    0.0000 2858.1816   14.2761
   -7.5000   -7.5000    0.0000 2913.9346   14.0722
    0.0000   -7.5000    0.0000 2946.3633   13.8314
    7.5000   -7.5000    0.0000 2912.6836   14.0728
   -7.5000    0.0000    0.0000 2969.5425   14.0667
    0.0000    0.0000    0.0000 3007.5896   13.8297
    7.5000    0.0000    0.0000 2962.9744   14.0730
   -7.5000    7.5000    0.0000 2999.9612   14.1855
    0.0000    7.5000    0.0000 3047.5371   13.9384
    7.5000    7.5000    0.0000 2987.7188   14.2110
   -7.5000   15.0000    0.0000 2969.1587   14.5038
    0.0000   15.0000    0.0000 3012.4492   14.2613
    7.5000   15.0000    0.0000 2956.2478   14.5188
   -7.5000   22.5000    0.0000 2885.5000   15.0773
    0.0000   22.5000    0.0000 2917.7327   14.8236
    7.5000   22.5000    0.0000 2879.0950   15.0752
   -7.5000   30.0000    0.0000 2781.8911   15.8733
    0.0000   30.0000    0.0000 2809.9907   15.6590
    7.5000   30.0000    0.0000 2783.9204   15.8816
   -7.5000   37.5000    0.0000 2671.3254   17.0756
    0.0000   37.5000    0.0000 2693.3027   16.8591
    7.5000   37.5000    0.0000 2672.8311   17.0483
   -7.5000   45.0000    0.0000 2549.8787   18.6508
    0.0000   45.0000    0.0000 2567.7571   18.4583
    7.5000   45.0000    0.0000 2552.1587   18.6011
   -7.5000  -45.0000    7.5000 2644.3555   17.4687
    0.0000  -45.0000    7.5000 2668.9810   17.2008
    7.5000  -45.0000    7.5000 2650.6184   17.4748
   -7.5000  -37.5000    7.5000 2684.8428   16.3224
    0.0000  -37.5000    7.5000 2703.4888   16.0666
    7.5000  -37.5000    7.5000 2688.6453   16.3698
   -7.5000  -30.0000    7.5000 2732.5876   15.4734
    0.0000  -30.0000    7.5000 2748.5432   15.2342
    7.5000  -30.0000    7.5000 2737.2937   15.4841
   -7.5000  -22.5000    7.5000 2785.6084   14.8322
    0.0000  -22.5000    7.5000 2801.0991   14.5870
    7.5000  -22.5000    7.5000 2789.7461   14.8550
   -7.5000  -15.0000    7.5000 2838.0576   14.4249
    0.0000  -15.0000    7.5000 2857.8950   14.1711
    7.5000  -15.0000    7.5000 2837.9624   14.4485
   -7.5000   -7.5000    7.5000 2892.0811   14.2564
    0.0000   -7.5000    7.5000 2917.2590   14.0328
    7.5000   -7.5000    7.5000 2887.3726   14.2664
   -7.5000    0.0000    7.5000 2939.3025   14.2514
    0.0000    0.0000    7.5000 2971.1201   14.0426
    7.5000    0.0000    7.5000 2930.2698   14.2672
   -7.5000    7.5000    7.5000 2961.5664   14.3665
    0.0000    7.5000    7.5000 3001.2271   14.1743
    7.5000    7.5000    7.5000 2948.8533   14.3950
   -7.5000   15.0000    7.5000 2927.5198   14.6795
    0.0000   15.0000    7.5000 2963.8042   14.5245
    7.5000   15.0000    7.5000 2913.7761   14.6911
   -7.5000   22.5000    7.5000 2850.6726   15.3016
    0.0000   22.5000    7.5000 2879.6523   15.1175
    7.5000   22.5000    7.5000 2843.0728   15.2832
   -7.5000   30.0000    7.5000 2743.8040   16.1800
    0.0000   30.0000    7.5000 2764.5603   15.9828
    7.5000   30.0000    7.5000 2746.2117   16.1634
   -7.5000   37.5000    7.5000 2636.0332   17.3530
    0.0000   37.5000    7.5000 2649.4653   17.1414
    7.5000   37.5000    7.5000 2637.7781   17.3336
   -7.5000   45.0000    7.5000 2518.2195   18.8403
    0.0000   45.0000    7.5000 2531.6892   18.6540
    7.5000   45.0000    7.5000 2519.7922   18.8272
   -7.5000  -45.0000   15.0000 2612.8105   17.7365
    0.0000  -45.0000   15.0000 2630.1023   17.3480
    7.5000  -45.0000   15.0000 2618.7139   17.7837
   -7.5000  -37.5000   15.0000 2661.5432   16.6623
    0.0000  -37.5000   15.0000 2678.9802   16.3182
    7.5000  -37.5000   15.0000 2667.3982   16.7007
   -7.5000  -30.0000   15.0000 2707.9006   15.8503
    0.0000  -30.0000   15.0000 2723.7332   15.5555
    7.5000  -30.0000   15.0000 2708.5674   15.8790
   -7.5000  -22.5000   15.0000 2751.4185   15.2632
    0.0000  -22.5000   15.0000 2768.6379   14.9977
    7.5000  -22.5000   15.0000 2750.2468   15.2650
   -7.5000  -15.0000   15.0000 2798.7793   14.8916
    0.0000  -15.0000   15.0000 2814.8164   14.6728
    7.5000  -15.0000   15.0000 2795.5969   14.9018
   -7.5000   -7.5000   15.0000 2844.9592   14.7274
    0.0000   -7.5000   15.0000 2860.1624   14.5129
    7.5000   -7.5000   15.0000 2837.6968   14.7512
   -7.5000    0.0000   15.0000 2875.3774   14.7217
    0.0000    0.0000   15.0000 2898.2642   14.4803
    7.5000    0.0000   15.0000 2866.9133   14.7260
   -7.5000    7.5000   15.0000 2882.2959   14.8853
    0.0000    7.5000   15.0000 2909.0398   14.6418
    7.5000    7.5000   15.0000 2873.4199   14.8748
   -7.5000   15.0000   15.0000 2850.5239   15.2140
    0.0000   15.0000   15.0000 2878.4048   14.9948
    7.5000   15.0000   15.0000 2842.1462   15.2102
   -7.5000   22.5000   15.0000 2786.1472   15.8281
    0.0000   22.5000   15.0000 2812.9375   15.5839
    7.5000   22.5000   15.0000 2781.1321   15.8196
   -7.5000   30.0000   15.0000 2688.7754   16.7141
    0.0000   30.0000   15.0000 2709.8230   16.4355
    7.5000   30.0000   15.0000 2688.5671   16.6847
   -7.5000   37.5000   15.0000 2584.1970   17.8583
    0.0000   37.5000   15.0000 2601.2932   17.5725
    7.5000   37.5000   15.0000 2587.7595   17.8217
   -7.5000   45.0000   15.0000 2471.7971   19.3289
    0.0000   45.0000   15.0000 2489.9590   19.0471
    7.5000   45.0000   15.0000 2475.0391   19.2598
   -7.5000  -45.0000   22.5000 2568.5212   18.2904
    0.0000  -45.0000   22.5000 2581.2178   17.9252
    7.5000  -45.0000   22.5000 2570.7437   18.3782
   -7.5000  -37.5000   22.5000 2623.0662   17.2824
    0.0000  -37.5000   22.5000 2634.2874   16.9498
    7.5000  -37.5000   22.5000 2623.2234   17.3367
   -7.5000  -30.0000   22.5000 2669.8882   16.4817
    0.0000  -30.0000   22.5000 2684.9216   16.1973
    7.5000  -30.0000   22.5000 2668.2551   16.5485
   -7.5000  -22.5000   22.5000 2710.3896   15.9370
    0.0000  -22.5000   22.5000 2727.9297   15.6861
    7.5000  -22.5000   22.5000 2706.6416   15.9423
   -7.5000  -15.0000   22.5000 2748.5710   15.5955
    0.0000  -15.0000   22.5000 2765.1311   15.3502
    7.5000  -15.0000   22.5000 2744.2815   15.5903
   -7.5000   -7.5000   22.5000 2781.9622   15.4443
    0.0000   -7.5000   22.5000 2800.5603   15.2069
    7.5000   -7.5000   22.5000 2774.8623   15.4360
   -7.5000    0.0000   22.5000 2797.4568   15.4512
    0.0000    0.0000   22.5000 2816.7966   15.1918
    7.5000    0.0000   22.5000 2790.8074   15.4381
   -7.5000    7.5000   22.5000 2789.8262   15.6408
    0.0000    7.5000   22.5000 2806.6731   15.4048
    7.5000    7.5000   22.5000 2784.0320   15.6347
   -7.5000   15.0000   22.5000 2757.1653   15.9915
    0.0000   15.0000   22.5000 2776.8315   15.7536
    7.5000   15.0000   22.5000 2749.0972   15.9863
   -7.5000   22.5000   22.5000 2702.5229   16.5672
    0.0000   22.5000   22.5000 2721.3984   16.3371
    7.5000   22.5000   22.5000 2693.7241   16.5807
   -7.5000   30.0000   22.5000 2620.9436   17.4246
    0.0000   30.0000   22.5000 2637.6248   17.2037
    7.5000   30.0000   22.5000 2616.8057   17.4552
   -7.5000   37.5000   22.5000 2524.9780   18.5464
    0.0000   37.5000   22.5000 2542.8699   18.3203
    7.5000   37.5000   22.5000 2527.2214   18.5351
   -7.5000   45.0000   22.5000 2421.8474   19.9976
    0.0000   45.0000   22.5000 2437.0190   19.7759
    7.5000   45.0000   22.5000 2420.0383   19.9691
   -7.5000  -45.0000   30.0000 2506.9478   19.1234
    0.0000  -45.0000   30.0000 2521.5715   18.8111
    7.5000  -45.0000   30.0000 2512.1265   19.2018
   -7.5000  -37.5000   30.0000 2562.3330   18.1055
    0.0000  -37.5000   30.0000 2580.0815   17.8082
    7.5000  -37.5000   30.0000 2564.3347   18.1738
   -7.5000  -30.0000   30.0000 2611.9751   17.3223
    0.0000  -30.0000   30.0000 2630.4954   17.0539
    7.5000  -30.0000   30.0000 2610.7356   17.3901
   -7.5000  -22.5000   30.0000 2647.3828   16.7711
    0.0000  -22.5000   30.0000 2668.5947   16.5464
    7.5000  -22.5000   30.0000 2643.1514   16.8089
   -7.5000  -15.0000   30.0000 2676.4214   16.4466
    0.0000  -15.0000   30.0000 2696.5718   16.2272
    7.5000  -15.0000   30.0000 2668.5923   16.4609
   -7.5000   -7.5000   30.0000 2701.5083   16.3683
    0.0000   -7.5000   30.0000 2718.2625   16.1386
    7.5000   -7.5000   30.0000 2689.1357   16.3537
   -7.5000    0.0000   30.0000 2708.6892   16.4336
    0.0000    0.0000   30.0000 2724.3408   16.2134
    7.5000    0.0000   30.0000 2698.6936   16.4125
   -7.5000    7.5000   30.0000 2690.8142   16.6212
    0.0000    7.5000   30.0000 2706.1721   16.4267
    7.5000    7.5000   30.0000 2687.1846   16.6242
   -7.5000   15.0000   30.0000 2654.4148   16.9943
    0.0000   15.0000   30.0000 2670.7983   16.7990
    7.5000   15.0000   30.0000 2651.6799   17.0099
   -7.5000   22.5000   30.0000 2608.5737   17.5087
    0.0000   22.5000   30.0000 2623.0774   17.3270
    7.5000   22.5000   30.0000 2604.6997   17.5529
   -7.5000   30.0000   30.0000 2544.1055   18.3461
    0.0000   30.0000   30.0000 2560.3010   18.1623
    7.5000   30.0000   30.0000 2532.8521   18.3988
   -7.5000   37.5000   30.0000 2456.3228   19.4697
    0.0000   37.5000   30.0000 2472.4692   19.2815
    7.5000   37.5000   30.0000 2452.9915   19.4681
   -7.5000   45.0000   30.0000 2355.1890   20.9165
    0.0000   45.0000   30.0000 2369.2390   20.7323
    7.5000   45.0000   30.0000 2353.6658   20.9169
   -7.5000  -45.0000   37.5000 2448.0010   20.2230
    0.0000  -45.0000   37.5000 2467.3215   19.9324
    7.5000  -45.0000   37.5000 2447.1096   20.3193
   -7.5000  -37.5000   37.5000 2501.3572   19.1902
    0.0000  -37.5000   37.5000 2524.7529   18.9095
    7.5000  -37.5000   37.5000 2500.0879   19.2429
   -7.5000  -30.0000   37.5000 2547.6875   18.4353
    0.0000  -30.0000   37.5000 2568.5835   18.1798
    7.5000  -30.0000   37.5000 2541.8540   18.4439
   -7.5000  -22.5000   37.5000 2576.1670   17.8878
    0.0000  -22.5000   37.5000 2596.4824   17.6790
    7.5000  -22.5000   37.5000 2570.6660   17.9124
   -7.5000  -15.0000   37.5000 2597.0203   17.6104
    0.0000  -15.0000   37.5000 2613.9055   17.3992
    7.5000  -15.0000   37.5000 2588.9485   17.6165
   -7.5000   -7.5000   37.5000 2612.1045   17.5262
    0.0000   -7.5000   37.5000 2627.2798   17.3281
    7.5000   -7.5000   37.5000 2600.2629   17.5189
   -7.5000    0.0000   37.5000 2610.3647   17.6183
    0.0000    0.0000   37.5000 2624.2473   17.4502
    7.5000    0.0000   37.5000 2603.4961   17.6250
   -7.5000    7.5000   37.5000 2591.5110   17.8654
    0.0000    7.5000   37.5000 2607.4485   17.7181
    7.5000    7.5000   37.5000 2588.7517   17.8991
   -7.5000   15.0000   37.5000 2555.0820   18.2641
    0.0000   15.0000   37.5000 2572.0869   18.1109
    7.5000   15.0000   37.5000 2553.7063   18.3032
   -7.5000   22.5000   37.5000 2514.0054   18.7716
    0.0000   22.5000   37.5000 2531.1409   18.6344
    7.5000   22.5000   37.5000 2510.8259   18.8331
   -7.5000   30.0000   37.5000 2465.6965   19.5038
    0.0000   30.0000   37.5000 2481.6885   19.3788
    7.5000   30.0000   37.5000 2455.2202   19.5719
   -7.5000   37.5000   37.5000 2384.9395   20.6452
    0.0000   37.5000   37.5000 2396.9668   20.4984
    7.5000   37.5000   37.5000 2377.7170   20.6752
   -7.5000   45.0000   37.5000 2282.6956   22.1098
    0.0000   45.0000   37.5000 2294.2698   21.9784
    7.5000   45.0000   37.5000 2278.7297   22.1214
   -7.5000  -45.0000   45.0000 2374.8992   21.7055
    0.0000  -45.0000   45.0000 2393.6233   21.4495
    7.5000  -45.0000   45.0000 2372.3062   21.7679
   -7.5000  -37.5000   45.0000 2423.9917   20.6302
    0.0000  -37.5000   45.0000 2443.0923   20.3617
    7.5000  -37.5000   45.0000 2419.8103   20.6680
   -7.5000  -30.0000   45.0000 2466.2983   19.8570
    0.0000  -30.0000   45.0000 2483.4849   19.6348
    7.5000  -30.0000   45.0000 2456.5361   19.8822
   -7.5000  -22.5000   45.0000 2494.8201   19.3264
    0.0000  -22.5000   45.0000 2508.9260   19.1313
    7.5000  -22.5000   45.0000 2485.5430   19.3548
   -7.5000  -15.0000   45.0000 2507.7678   19.0583
    0.0000  -15.0000   45.0000 2520.0107   18.8721
    7.5000  -15.0000   45.0000 2498.8599   19.0634
   -7.5000   -7.5000   45.0000 2512.7175   18.9960
    0.0000   -7.5000   45.0000 2523.9956   18.8298
    7.5000   -7.5000   45.0000 2504.0200   18.9903
   -7.5000    0.0000   45.0000 2506.9016   19.1014
    0.0000    0.0000   45.0000 2517.8928   18.9728
    7.5000    0.0000   45.0000 2501.5945   19.1106
   -7.5000    7.5000   45.0000 2487.8015   19.4129
    0.0000    7.5000   45.0000 2501.7935   19.2946
    7.5000    7.5000   45.0000 2485.2593   19.4291
   -7.5000   15.0000   45.0000 2460.3398   19.8186
    0.0000   15.0000   45.0000 2473.1921   19.6905
    7.5000   15.0000   45.0000 2456.8550   19.8639
   -7.5000   22.5000   45.0000 2424.0667   20.2972
    0.0000   22.5000   45.0000 2439.0427   20.2324
    7.5000   22.5000   45.0000 2419.7402   20.4005
   -7.5000   30.0000   45.0000 2372.1526   21.0205
    0.0000   30.0000   45.0000 2387.4419   20.9690
    7.5000   30.0000   45.0000 2364.8491   21.1506
   -7.5000   37.5000   45.0000 2303.0950   22.1153
    0.0000   37.5000   45.0000 2314.4478   22.0244
    7.5000   37.5000   45.0000 2293.0059   22.2094
   -7.5000   45.0000   45.0000 2208.5337   23.6160
    0.0000   45.0000   45.0000 2219.2910   23.5051
    7.5000   45.0000   45.0000 2201.5627   23.6689

---------------------------------------------------------------------
imgreg_4dfp /opt/freesurfer/average/711-2C_as_mni_average_305 /opt/freesurfer/average/711-2B_as_mni_average_305_mask talsrcimg_g11 none talsrcimg_to_711-2C_as_mni_average_305_t4 1283
---------------------------------------------------------------------

freesurfer imgreg_4dfp.c
/opt/freesurfer/average/711-2C_as_mni_average_305.4dfp.img
       256       256       256         1
  1.000000  1.000000  1.000000
orientation T byte_order littleendian
Reading image: /opt/freesurfer/average/711-2C_as_mni_average_305.4dfp.img
dimensions:      256       256       256
mmppix:       1.0000   -1.0000   -1.0000
center:     128.0000 -129.0000 -129.0000
/opt/freesurfer/average/711-2B_as_mni_average_305_mask.4dfp.img
       256       256       256         1
  1.000000  1.000000  1.000000
orientation T byte_order littleendian
Reading mask: /opt/freesurfer/average/711-2B_as_mni_average_305_mask.4dfp.img (2306576 pixels)
talsrcimg_g11.4dfp.img
       256       256       256         1
  1.000000  1.000000  1.000000
orientation T byte_order littleendian
Reading image: talsrcimg_g11.4dfp.img
dimensions:      256       256       256
mmppix:       1.0000   -1.0000   -1.0000
center:     128.0000 -129.0000 -129.0000
rotation matrix determinant  1.000000
fimgreg.f
image alignment mode   1283 decimal      503 hex
parameters
    0.0000    7.5000    0.0000    0.0000    0.0000    0.0000
eta,q 0.95609 14.00420
niter,ni,del,rscale     5    3   12.0000    1.2000
parameter  4  0.547167 ->  0.500000 qaram    1.1500
parameters
   -0.1806    7.5640   -2.5339   -3.4500    1.0672    1.0027
eta,q 0.95889 13.73257
  0.0563  0.0515  0.0462  0.0418  0.0497  0.0463
  0.0497  0.0485  0.0430  0.0413  0.0458  0.0440
  0.0459  0.0462  0.0422  0.0416  0.0428  0.0426
  0.0443  0.0443  0.0442  0.0419  0.0414  0.0415
  0.0452  0.0443  0.0482  0.0442  0.0419  0.0412
  0.0501  0.0475  0.0523  0.0471  0.0433  0.0421
  0.0588  0.0524  0.0567  0.0504  0.0452  0.0442
niter,ni,del,rscale     5    3   12.0000    1.2000
parameters
   -0.5184    8.9620   -3.1351   -5.6328    2.1956    0.8970
eta,q 0.96063 13.87595
  0.0539  0.0514  0.0464  0.0419  0.0476  0.0438
  0.0475  0.0471  0.0428  0.0396  0.0440  0.0416
  0.0432  0.0437  0.0408  0.0394  0.0409  0.0401
  0.0411  0.0413  0.0404  0.0403  0.0394  0.0394
  0.0429  0.0403  0.0416  0.0414  0.0396  0.0399
  0.0494  0.0415  0.0449  0.0439  0.0410  0.0417
  0.0578  0.0457  0.0494  0.0484  0.0432  0.0443
niter,ni,del,rscale     4    3   12.0000    1.2000
parameters
   -1.2110    9.8696   -3.4973   -6.9268    2.9955    0.5498
eta,q 0.96186 13.93350
  0.0514  0.0500  0.0461  0.0421  0.0462  0.0427
  0.0440  0.0459  0.0416  0.0391  0.0425  0.0404
  0.0399  0.0417  0.0393  0.0379  0.0393  0.0388
  0.0394  0.0392  0.0388  0.0387  0.0381  0.0381
  0.0427  0.0389  0.0400  0.0399  0.0386  0.0389
  0.0496  0.0412  0.0433  0.0422  0.0402  0.0411
  0.0575  0.0459  0.0477  0.0458  0.0428  0.0441
niter,ni,del,rscale     3    3   12.0000    1.2000
parameters
   -1.6206   10.3212   -3.4969   -7.3445    3.3673    0.3839
eta,q 0.96219 13.95082
  0.0519  0.0496  0.0469  0.0430  0.0451  0.0429
  0.0437  0.0446  0.0419  0.0398  0.0411  0.0404
  0.0391  0.0403  0.0388  0.0377  0.0383  0.0386
  0.0381  0.0380  0.0378  0.0378  0.0377  0.0378
  0.0409  0.0386  0.0389  0.0391  0.0386  0.0384
  0.0474  0.0421  0.0420  0.0405  0.0403  0.0406
  0.0554  0.0471  0.0468  0.0442  0.0431  0.0438
niter,ni,del,rscale     2    3   12.0000    1.2000
parameters
   -1.7920   10.4876   -3.5051   -7.4703    3.5242    0.3328
eta,q 0.96225 13.95581
  0.0530  0.0489  0.0470  0.0435  0.0446  0.0431
  0.0441  0.0439  0.0420  0.0402  0.0406  0.0405
  0.0390  0.0398  0.0387  0.0378  0.0380  0.0386
  0.0378  0.0378  0.0377  0.0377  0.0377  0.0377
  0.0401  0.0389  0.0388  0.0390  0.0387  0.0383
  0.0461  0.0429  0.0420  0.0402  0.0405  0.0404
  0.0541  0.0481  0.0471  0.0437  0.0433  0.0437
niter,ni,del,rscale     1    3   12.0000    1.2000
parameters
   -1.8629   10.5347   -3.5098   -7.5066    3.5921    0.3141
eta,q 0.96226 13.95697
  0.0535  0.0487  0.0470  0.0437  0.0443  0.0432
  0.0443  0.0437  0.0421  0.0403  0.0404  0.0406
  0.0391  0.0396  0.0388  0.0378  0.0379  0.0386
  0.0378  0.0377  0.0377  0.0377  0.0377  0.0377
  0.0399  0.0391  0.0388  0.0390  0.0388  0.0382
  0.0456  0.0433  0.0420  0.0401  0.0405  0.0403
  0.0536  0.0486  0.0472  0.0435  0.0435  0.0436
registration optimization eta report
parameter search radius
    6.0000    6.0000    6.0000    6.9000    6.0000    6.0000
100000*second partial in parameter space
       44.       29.       26.       12.       17.       16.
  0.0535  0.0487  0.0470  0.0437  0.0443  0.0432
  0.0443  0.0437  0.0421  0.0403  0.0404  0.0406
  0.0391  0.0396  0.0388  0.0378  0.0379  0.0386
  0.0378  0.0377  0.0377  0.0377  0.0377  0.0377
  0.0399  0.0391  0.0388  0.0390  0.0388  0.0382
  0.0456  0.0433  0.0420  0.0401  0.0405  0.0403
  0.0536  0.0486  0.0472  0.0435  0.0435  0.0436
   -1.8629   10.5347   -3.5098   -7.5066    3.5921    0.3141
eta,q 0.96226 13.95697

---------------------------------------------------------------------
imgreg_4dfp /opt/freesurfer/average/711-2C_as_mni_average_305 /opt/freesurfer/average/711-2B_as_mni_average_305_mask talsrcimg_g11 none talsrcimg_to_711-2C_as_mni_average_305_t4 3335
---------------------------------------------------------------------

freesurfer imgreg_4dfp.c
/opt/freesurfer/average/711-2C_as_mni_average_305.4dfp.img
       256       256       256         1
  1.000000  1.000000  1.000000
orientation T byte_order littleendian
Reading image: /opt/freesurfer/average/711-2C_as_mni_average_305.4dfp.img
dimensions:      256       256       256
mmppix:       1.0000   -1.0000   -1.0000
center:     128.0000 -129.0000 -129.0000
/opt/freesurfer/average/711-2B_as_mni_average_305_mask.4dfp.img
       256       256       256         1
  1.000000  1.000000  1.000000
orientation T byte_order littleendian
Reading mask: /opt/freesurfer/average/711-2B_as_mni_average_305_mask.4dfp.img (2306576 pixels)
talsrcimg_g11.4dfp.img
       256       256       256         1
  1.000000  1.000000  1.000000
orientation T byte_order littleendian
Reading image: talsrcimg_g11.4dfp.img
dimensions:      256       256       256
mmppix:       1.0000   -1.0000   -1.0000
center:     128.0000 -129.0000 -129.0000
fimgreg.f
image alignment mode   3335 decimal      D07 hex
parameters
   -1.8629   10.5347   -3.5098   -0.1980   -0.8540   -1.0518
    0.2750   -6.2831    0.5471   13.0297    6.2652  -13.0383
eta,q 0.96256 14.01182
niter,ni,del,rscale     5    3    5.0000    1.2000
parameter  4  1.304378 ->  0.500000 qaram    1.1500
parameter  5  1.708644 ->  0.500000 qaram    1.1500
parameter  6  1.446991 ->  0.500000 qaram    1.1500
parameter 10  0.713999 ->  0.500000 qaram    1.1500
parameter 12  0.600695 ->  0.500000 qaram    1.1500
parameters
   -1.8180   11.0707   -3.8176   -4.3380   -4.9940   -5.1918
    0.8398   -4.8271    1.3919    8.8897    3.1042  -17.1783
eta,q 0.97483 13.36842
  0.0400  0.0400  0.0384  0.0339  0.0315  0.0264  0.0303  0.0337  0.0297  0.0264  0.0262  0.0254
  0.0387  0.0388  0.0377  0.0345  0.0322  0.0273  0.0290  0.0311  0.0286  0.0260  0.0258  0.0252
  0.0378  0.0380  0.0373  0.0357  0.0333  0.0294  0.0281  0.0290  0.0279  0.0263  0.0257  0.0253
  0.0374  0.0374  0.0373  0.0373  0.0348  0.0324  0.0278  0.0278  0.0275  0.0275  0.0260  0.0257
  0.0377  0.0373  0.0376  0.0395  0.0366  0.0362  0.0279  0.0276  0.0276  0.0293  0.0267  0.0264
  0.0385  0.0377  0.0382  0.0421  0.0386  0.0405  0.0286  0.0285  0.0280  0.0316  0.0278  0.0275
  0.0399  0.0385  0.0391  0.0450  0.0409  0.0451  0.0296  0.0305  0.0289  0.0343  0.0290  0.0288
niter,ni,del,rscale     7    3    5.0000    1.2000
parameter  5  0.635324 ->  0.500000 qaram    1.3225
parameters
   -1.8195   11.0628   -4.3064   -7.1647   -9.7550   -9.0154
    0.5563   -4.1479    2.0239    9.0256    2.4973  -16.6761
eta,q 0.97685 12.70771
  0.0286  0.0278  0.0264  0.0262  0.0243  0.0241  0.0255  0.0278  0.0254  0.0268  0.0241  0.0254
  0.0267  0.0264  0.0255  0.0253  0.0238  0.0235  0.0242  0.0256  0.0243  0.0249  0.0235  0.0242
  0.0255  0.0255  0.0251  0.0249  0.0240  0.0232  0.0235  0.0240  0.0235  0.0235  0.0232  0.0235
  0.0252  0.0252  0.0252  0.0251  0.0249  0.0238  0.0232  0.0232  0.0232  0.0232  0.0232  0.0232
  0.0256  0.0255  0.0257  0.0263  0.0264  0.0260  0.0236  0.0234  0.0233  0.0236  0.0233  0.0233
  0.0268  0.0264  0.0267  0.0284  0.0283  0.0297  0.0246  0.0245  0.0238  0.0247  0.0238  0.0239
  0.0286  0.0278  0.0281  0.0313  0.0304  0.0344  0.0258  0.0265  0.0247  0.0266  0.0245  0.0249
niter,ni,del,rscale     7    3    5.0000    1.2000
parameters
   -1.6091   11.4755   -5.2381   -6.3535   -9.6845  -11.0048
    0.2943   -3.8304    2.1311    9.1533    2.3884  -16.9985
eta,q 0.97733 12.63236
  0.0267  0.0265  0.0234  0.0254  0.0261  0.0246  0.0249  0.0268  0.0245  0.0262  0.0236  0.0244
  0.0249  0.0249  0.0229  0.0242  0.0244  0.0233  0.0236  0.0247  0.0235  0.0242  0.0231  0.0234
  0.0237  0.0237  0.0228  0.0234  0.0232  0.0228  0.0229  0.0233  0.0229  0.0229  0.0228  0.0228
  0.0231  0.0231  0.0230  0.0228  0.0227  0.0227  0.0227  0.0227  0.0227  0.0227  0.0227  0.0227
  0.0233  0.0231  0.0236  0.0226  0.0231  0.0234  0.0231  0.0230  0.0228  0.0231  0.0228  0.0230
  0.0242  0.0237  0.0246  0.0232  0.0243  0.0256  0.0240  0.0242  0.0234  0.0242  0.0231  0.0237
  0.0256  0.0248  0.0258  0.0248  0.0261  0.0292  0.0252  0.0263  0.0244  0.0258  0.0237  0.0247
niter,ni,del,rscale     6    3    5.0000    1.2000
parameters
   -1.5202   11.5959   -5.8695   -6.2516   -9.6567  -11.9957
    0.2287   -3.7264    2.1708    9.3453    2.4056  -17.1005
eta,q 0.97748 12.57522
  0.0259  0.0253  0.0234  0.0247  0.0258  0.0252  0.0249  0.0265  0.0242  0.0260  0.0235  0.0244
  0.0242  0.0239  0.0228  0.0236  0.0242  0.0236  0.0236  0.0244  0.0233  0.0240  0.0230  0.0234
  0.0231  0.0230  0.0225  0.0230  0.0231  0.0227  0.0228  0.0230  0.0227  0.0228  0.0226  0.0227
  0.0227  0.0227  0.0227  0.0225  0.0225  0.0225  0.0225  0.0225  0.0225  0.0225  0.0225  0.0225
  0.0229  0.0228  0.0231  0.0225  0.0229  0.0229  0.0228  0.0229  0.0227  0.0230  0.0226  0.0228
  0.0239  0.0236  0.0239  0.0232  0.0241  0.0244  0.0237  0.0242  0.0233  0.0240  0.0229  0.0235
  0.0254  0.0249  0.0249  0.0250  0.0258  0.0274  0.0249  0.0263  0.0242  0.0255  0.0235  0.0245
niter,ni,del,rscale     5    3    5.0000    1.2000
parameters
   -1.4859   11.7014   -6.1441   -6.1748   -9.6949  -12.4077
    0.2013   -3.6885    2.1794    9.5283    2.4339  -17.1348
eta,q 0.97751 12.55313
  0.0256  0.0251  0.0238  0.0246  0.0256  0.0256  0.0248  0.0264  0.0242  0.0260  0.0234  0.0244
  0.0239  0.0237  0.0229  0.0235  0.0241  0.0239  0.0235  0.0243  0.0233  0.0240  0.0229  0.0234
  0.0229  0.0229  0.0225  0.0229  0.0230  0.0228  0.0228  0.0230  0.0227  0.0228  0.0226  0.0227
  0.0225  0.0225  0.0225  0.0225  0.0225  0.0225  0.0225  0.0225  0.0225  0.0225  0.0225  0.0225
  0.0228  0.0227  0.0228  0.0224  0.0229  0.0228  0.0228  0.0229  0.0227  0.0229  0.0226  0.0227
  0.0238  0.0234  0.0235  0.0231  0.0240  0.0240  0.0236  0.0242  0.0232  0.0240  0.0229  0.0234
  0.0254  0.0247  0.0244  0.0249  0.0258  0.0267  0.0248  0.0264  0.0242  0.0254  0.0235  0.0244
niter,ni,del,rscale     4    3    5.0000    1.2000
parameters
   -1.4725   11.7752   -6.2714   -6.1407   -9.7460  -12.6025
    0.1985   -3.6758    2.1659    9.6587    2.4650  -17.1477
eta,q 0.97751 12.54192
  0.0255  0.0250  0.0239  0.0245  0.0255  0.0257  0.0248  0.0264  0.0241  0.0259  0.0234  0.0244
  0.0238  0.0237  0.0231  0.0235  0.0241  0.0240  0.0235  0.0243  0.0232  0.0239  0.0229  0.0234
  0.0228  0.0228  0.0226  0.0229  0.0230  0.0229  0.0228  0.0230  0.0227  0.0227  0.0226  0.0227
  0.0225  0.0225  0.0225  0.0225  0.0225  0.0225  0.0225  0.0225  0.0225  0.0225  0.0225  0.0225
  0.0228  0.0227  0.0228  0.0224  0.0229  0.0227  0.0228  0.0229  0.0227  0.0230  0.0226  0.0227
  0.0238  0.0235  0.0233  0.0231  0.0240  0.0239  0.0236  0.0242  0.0232  0.0240  0.0229  0.0234
  0.0254  0.0247  0.0242  0.0249  0.0257  0.0264  0.0248  0.0264  0.0241  0.0254  0.0235  0.0244
niter,ni,del,rscale     3    3    5.0000    1.2000
parameters
   -1.4674   11.8237   -6.3378   -6.1251   -9.7871  -12.7095
    0.2007   -3.6777    2.1488    9.7388    2.4865  -17.1611
eta,q 0.97751 12.53531
  0.0254  0.0249  0.0240  0.0245  0.0255  0.0258  0.0249  0.0264  0.0241  0.0258  0.0234  0.0244
  0.0238  0.0236  0.0231  0.0235  0.0241  0.0241  0.0235  0.0243  0.0232  0.0239  0.0229  0.0234
  0.0228  0.0228  0.0226  0.0229  0.0230  0.0229  0.0228  0.0230  0.0227  0.0227  0.0226  0.0227
  0.0225  0.0225  0.0225  0.0225  0.0225  0.0225  0.0225  0.0225  0.0225  0.0225  0.0225  0.0225
  0.0228  0.0227  0.0227  0.0224  0.0229  0.0227  0.0228  0.0229  0.0227  0.0230  0.0226  0.0227
  0.0238  0.0235  0.0233  0.0231  0.0240  0.0238  0.0236  0.0243  0.0232  0.0240  0.0229  0.0234
  0.0254  0.0247  0.0241  0.0249  0.0257  0.0263  0.0248  0.0264  0.0241  0.0254  0.0235  0.0244
niter,ni,del,rscale     2    3    5.0000    1.2000
parameters
   -1.4664   11.8527   -6.3755   -6.1179   -9.8157  -12.7689
    0.2073   -3.6772    2.1352    9.7938    2.5017  -17.1649
eta,q 0.97751 12.53130
  0.0254  0.0249  0.0241  0.0245  0.0255  0.0258  0.0249  0.0264  0.0241  0.0258  0.0234  0.0244
  0.0238  0.0236  0.0232  0.0235  0.0241  0.0241  0.0235  0.0243  0.0232  0.0238  0.0229  0.0234
  0.0228  0.0228  0.0226  0.0229  0.0230  0.0230  0.0228  0.0230  0.0227  0.0227  0.0226  0.0227
  0.0225  0.0225  0.0225  0.0225  0.0225  0.0225  0.0225  0.0225  0.0225  0.0225  0.0225  0.0225
  0.0228  0.0227  0.0227  0.0224  0.0229  0.0227  0.0228  0.0229  0.0227  0.0230  0.0226  0.0227
  0.0238  0.0235  0.0233  0.0231  0.0240  0.0238  0.0236  0.0243  0.0232  0.0240  0.0229  0.0234
  0.0254  0.0248  0.0241  0.0249  0.0257  0.0263  0.0248  0.0264  0.0241  0.0254  0.0235  0.0244
niter,ni,del,rscale     1    3    5.0000    1.2000
parameters
   -1.4650   11.8712   -6.3977   -6.1139   -9.8364  -12.8071
    0.2076   -3.6758    2.1204    9.8239    2.5244  -17.1687
eta,q 0.97751 12.52857
  0.0254  0.0248  0.0241  0.0245  0.0255  0.0258  0.0249  0.0264  0.0241  0.0258  0.0234  0.0244
  0.0238  0.0236  0.0232  0.0235  0.0241  0.0241  0.0235  0.0243  0.0232  0.0238  0.0229  0.0234
  0.0228  0.0228  0.0226  0.0229  0.0230  0.0230  0.0228  0.0230  0.0227  0.0227  0.0226  0.0227
  0.0225  0.0225  0.0225  0.0225  0.0225  0.0225  0.0225  0.0225  0.0225  0.0225  0.0225  0.0225
  0.0228  0.0227  0.0227  0.0224  0.0229  0.0227  0.0228  0.0229  0.0227  0.0230  0.0226  0.0227
  0.0238  0.0235  0.0233  0.0231  0.0240  0.0238  0.0236  0.0243  0.0232  0.0241  0.0229  0.0234
  0.0254  0.0248  0.0241  0.0249  0.0257  0.0262  0.0248  0.0264  0.0241  0.0255  0.0235  0.0244
registration optimization eta report
parameter search radius
    2.4000    2.4000    2.4000    8.2800    9.5220    8.2800
    7.2000    7.2000    7.2000    8.2800    7.2000    8.2800
100000*second partial in parameter space
       50.       40.       28.        3.        3.        5.
        4.        8.        3.        5.        2.        3.
  0.0254  0.0248  0.0241  0.0245  0.0255  0.0258  0.0249  0.0264  0.0241  0.0258  0.0234  0.0244
  0.0238  0.0236  0.0232  0.0235  0.0241  0.0241  0.0235  0.0243  0.0232  0.0238  0.0229  0.0234
  0.0228  0.0228  0.0226  0.0229  0.0230  0.0230  0.0228  0.0230  0.0227  0.0227  0.0226  0.0227
  0.0225  0.0225  0.0225  0.0225  0.0225  0.0225  0.0225  0.0225  0.0225  0.0225  0.0225  0.0225
  0.0228  0.0227  0.0227  0.0224  0.0229  0.0227  0.0228  0.0229  0.0227  0.0230  0.0226  0.0227
  0.0238  0.0235  0.0233  0.0231  0.0240  0.0238  0.0236  0.0243  0.0232  0.0241  0.0229  0.0234
  0.0254  0.0248  0.0241  0.0249  0.0257  0.0262  0.0248  0.0264  0.0241  0.0255  0.0235  0.0244
   -1.4650   11.8712   -6.3977   -6.1139   -9.8364  -12.8071
    0.2076   -3.6758    2.1204    9.8239    2.5244  -17.1687
eta,q 0.97751 12.52857

---------------------------------------------------------------------
imgreg_4dfp /opt/freesurfer/average/711-2C_as_mni_average_305 /opt/freesurfer/average/711-2B_as_mni_average_305_mask talsrcimg_g11 none talsrcimg_to_711-2C_as_mni_average_305_t4 2311
---------------------------------------------------------------------

freesurfer imgreg_4dfp.c
/opt/freesurfer/average/711-2C_as_mni_average_305.4dfp.img
       256       256       256         1
  1.000000  1.000000  1.000000
orientation T byte_order littleendian
Reading image: /opt/freesurfer/average/711-2C_as_mni_average_305.4dfp.img
dimensions:      256       256       256
mmppix:       1.0000   -1.0000   -1.0000
center:     128.0000 -129.0000 -129.0000
/opt/freesurfer/average/711-2B_as_mni_average_305_mask.4dfp.img
       256       256       256         1
  1.000000  1.000000  1.000000
orientation T byte_order littleendian
Reading mask: /opt/freesurfer/average/711-2B_as_mni_average_305_mask.4dfp.img (2306576 pixels)
talsrcimg_g11.4dfp.img
       256       256       256         1
  1.000000  1.000000  1.000000
orientation T byte_order littleendian
Reading image: talsrcimg_g11.4dfp.img
dimensions:      256       256       256
mmppix:       1.0000   -1.0000   -1.0000
center:     128.0000 -129.0000 -129.0000
fimgreg.f
image alignment mode   2311 decimal      907 hex
parameters
   -1.4650   11.8712   -6.3977   -6.1139   -9.8364  -12.8071
    0.2076   -3.6758    2.1204    9.8239    2.5244  -17.1687
eta,q 0.97751 12.52857
niter,ni,del,rscale     5    3    5.0000    0.8000
parameters
   -1.4757   11.8925   -6.4524   -4.9302   -9.6443  -12.4729
    0.1787   -3.5452    2.2692    9.5821    2.4909  -17.0684
eta,q 0.97764 12.62923
  0.0238  0.0236  0.0232  0.0233  0.0234  0.0237  0.0235  0.0244  0.0232  0.0234  0.0229  0.0231
  0.0231  0.0230  0.0228  0.0230  0.0229  0.0230  0.0229  0.0233  0.0227  0.0228  0.0226  0.0227
  0.0226  0.0226  0.0225  0.0227  0.0226  0.0226  0.0225  0.0226  0.0225  0.0224  0.0224  0.0225
  0.0225  0.0225  0.0225  0.0225  0.0224  0.0224  0.0224  0.0224  0.0224  0.0224  0.0224  0.0224
  0.0226  0.0226  0.0226  0.0224  0.0225  0.0224  0.0225  0.0225  0.0224  0.0226  0.0224  0.0224
  0.0231  0.0229  0.0229  0.0225  0.0228  0.0228  0.0229  0.0232  0.0227  0.0230  0.0226  0.0227
  0.0238  0.0235  0.0233  0.0229  0.0233  0.0234  0.0235  0.0242  0.0231  0.0236  0.0229  0.0230
niter,ni,del,rscale     4    3    5.0000    0.7000
parameters
   -1.5024   11.8160   -6.3785   -4.9762   -9.5516  -12.3138
    0.1787   -3.5476    2.2882    9.4270    2.5047  -17.0556
eta,q 0.97765 12.63962
  0.0234  0.0231  0.0230  0.0230  0.0232  0.0233  0.0232  0.0239  0.0229  0.0232  0.0228  0.0229
  0.0228  0.0227  0.0227  0.0227  0.0228  0.0228  0.0228  0.0230  0.0226  0.0227  0.0225  0.0226
  0.0225  0.0224  0.0224  0.0225  0.0225  0.0225  0.0225  0.0225  0.0224  0.0224  0.0224  0.0224
  0.0224  0.0224  0.0224  0.0224  0.0224  0.0224  0.0224  0.0224  0.0224  0.0224  0.0224  0.0224
  0.0225  0.0225  0.0224  0.0224  0.0224  0.0224  0.0224  0.0225  0.0224  0.0225  0.0224  0.0224
  0.0229  0.0228  0.0226  0.0226  0.0227  0.0227  0.0227  0.0230  0.0226  0.0228  0.0225  0.0226
  0.0235  0.0233  0.0229  0.0231  0.0231  0.0232  0.0232  0.0239  0.0229  0.0233  0.0228  0.0229
niter,ni,del,rscale     3    3    5.0000    0.6000
parameters
   -1.5065   11.7663   -6.3336   -4.8348   -9.4910  -12.2366
    0.1943   -3.5268    2.3038    9.3158    2.4776  -17.0131
eta,q 0.97766 12.65363
  0.0232  0.0229  0.0228  0.0228  0.0229  0.0230  0.0230  0.0235  0.0228  0.0230  0.0226  0.0228
  0.0227  0.0226  0.0226  0.0226  0.0226  0.0227  0.0227  0.0229  0.0225  0.0226  0.0225  0.0225
  0.0224  0.0224  0.0224  0.0225  0.0224  0.0224  0.0224  0.0225  0.0224  0.0224  0.0224  0.0224
  0.0224  0.0224  0.0224  0.0224  0.0223  0.0223  0.0223  0.0223  0.0223  0.0223  0.0223  0.0223
  0.0224  0.0224  0.0224  0.0224  0.0224  0.0224  0.0224  0.0225  0.0224  0.0224  0.0224  0.0224
  0.0227  0.0227  0.0225  0.0225  0.0226  0.0226  0.0226  0.0228  0.0225  0.0227  0.0225  0.0225
  0.0232  0.0230  0.0227  0.0228  0.0229  0.0230  0.0230  0.0235  0.0228  0.0230  0.0226  0.0227
niter,ni,del,rscale     2    3    5.0000    0.5000
parameters
   -1.5133   11.7368   -6.3130   -4.7166   -9.4455  -12.2156
    0.2187   -3.5093    2.3102    9.2369    2.4702  -16.9920
eta,q 0.97766 12.66253
  0.0229  0.0227  0.0227  0.0227  0.0228  0.0228  0.0228  0.0231  0.0226  0.0228  0.0225  0.0226
  0.0226  0.0225  0.0225  0.0225  0.0225  0.0225  0.0226  0.0227  0.0225  0.0225  0.0224  0.0225
  0.0224  0.0224  0.0224  0.0224  0.0224  0.0224  0.0224  0.0224  0.0224  0.0224  0.0224  0.0224
  0.0223  0.0223  0.0223  0.0223  0.0223  0.0223  0.0223  0.0223  0.0223  0.0223  0.0223  0.0223
  0.0224  0.0224  0.0224  0.0224  0.0224  0.0224  0.0224  0.0224  0.0224  0.0224  0.0224  0.0224
  0.0226  0.0225  0.0225  0.0225  0.0225  0.0225  0.0225  0.0227  0.0225  0.0226  0.0224  0.0225
  0.0229  0.0228  0.0226  0.0227  0.0228  0.0228  0.0228  0.0231  0.0226  0.0228  0.0226  0.0226
niter,ni,del,rscale     1    3    5.0000    0.4000
parameters
   -1.5205   11.7132   -6.3040   -4.6149   -9.4010  -12.2149
    0.2453   -3.4980    2.3183    9.1602    2.4765  -16.9553
eta,q 0.97767 12.66915
  0.0227  0.0226  0.0225  0.0226  0.0226  0.0226  0.0226  0.0229  0.0225  0.0226  0.0225  0.0225
  0.0225  0.0224  0.0224  0.0225  0.0225  0.0225  0.0225  0.0226  0.0224  0.0224  0.0224  0.0224
  0.0224  0.0224  0.0224  0.0224  0.0224  0.0224  0.0224  0.0224  0.0224  0.0224  0.0223  0.0224
  0.0223  0.0223  0.0223  0.0223  0.0223  0.0223  0.0223  0.0223  0.0223  0.0223  0.0223  0.0223
  0.0224  0.0224  0.0224  0.0223  0.0224  0.0224  0.0224  0.0224  0.0224  0.0224  0.0223  0.0223
  0.0225  0.0225  0.0224  0.0224  0.0225  0.0225  0.0225  0.0226  0.0224  0.0225  0.0224  0.0224
  0.0227  0.0226  0.0225  0.0226  0.0226  0.0226  0.0226  0.0228  0.0225  0.0226  0.0225  0.0225
registration optimization eta report
parameter search radius
    0.8000    0.8000    0.8000    2.4000    2.4000    2.4000
    2.4000    2.4000    2.4000    2.4000    2.4000    2.4000
100000*second partial in parameter space
       56.       43.       30.        4.        5.        5.
        5.        9.        3.        5.        2.        3.
  0.0227  0.0226  0.0225  0.0226  0.0226  0.0226  0.0226  0.0229  0.0225  0.0226  0.0225  0.0225
  0.0225  0.0224  0.0224  0.0225  0.0225  0.0225  0.0225  0.0226  0.0224  0.0224  0.0224  0.0224
  0.0224  0.0224  0.0224  0.0224  0.0224  0.0224  0.0224  0.0224  0.0224  0.0224  0.0223  0.0224
  0.0223  0.0223  0.0223  0.0223  0.0223  0.0223  0.0223  0.0223  0.0223  0.0223  0.0223  0.0223
  0.0224  0.0224  0.0224  0.0223  0.0224  0.0224  0.0224  0.0224  0.0224  0.0224  0.0223  0.0223
  0.0225  0.0225  0.0224  0.0224  0.0225  0.0225  0.0225  0.0226  0.0224  0.0225  0.0224  0.0224
  0.0227  0.0226  0.0225  0.0226  0.0226  0.0226  0.0226  0.0228  0.0225  0.0226  0.0225  0.0225
   -1.5205   11.7132   -6.3040   -4.6149   -9.4010  -12.2149
    0.2453   -3.4980    2.3183    9.1602    2.4765  -16.9553
eta,q 0.97767 12.66915

---------------------------------------------------------------------
imgreg_4dfp /opt/freesurfer/average/711-2C_as_mni_average_305 /opt/freesurfer/average/711-2B_as_mni_average_305_mask talsrcimg_g11 none talsrcimg_to_711-2C_as_mni_average_305_t4 2311
---------------------------------------------------------------------

freesurfer imgreg_4dfp.c
/opt/freesurfer/average/711-2C_as_mni_average_305.4dfp.img
       256       256       256         1
  1.000000  1.000000  1.000000
orientation T byte_order littleendian
Reading image: /opt/freesurfer/average/711-2C_as_mni_average_305.4dfp.img
dimensions:      256       256       256
mmppix:       1.0000   -1.0000   -1.0000
center:     128.0000 -129.0000 -129.0000
/opt/freesurfer/average/711-2B_as_mni_average_305_mask.4dfp.img
       256       256       256         1
  1.000000  1.000000  1.000000
orientation T byte_order littleendian
Reading mask: /opt/freesurfer/average/711-2B_as_mni_average_305_mask.4dfp.img (2306576 pixels)
talsrcimg_g11.4dfp.img
       256       256       256         1
  1.000000  1.000000  1.000000
orientation T byte_order littleendian
Reading image: talsrcimg_g11.4dfp.img
dimensions:      256       256       256
mmppix:       1.0000   -1.0000   -1.0000
center:     128.0000 -129.0000 -129.0000
fimgreg.f
image alignment mode   2311 decimal      907 hex
parameters
   -1.5205   11.7132   -6.3040   -4.6149   -9.4010  -12.2149
    0.2453   -3.4980    2.3183    9.1602    2.4765  -16.9553
eta,q 0.97767 12.66915
niter,ni,del,rscale     5    3    5.0000    0.8000
parameters
   -1.5068   11.6927   -6.2718   -5.1395   -9.4493  -12.1977
    0.1378   -3.5712    2.2854    9.2761    2.4838  -17.0150
eta,q 0.97764 12.63968
  0.0238  0.0234  0.0231  0.0230  0.0233  0.0235  0.0234  0.0242  0.0231  0.0236  0.0229  0.0230
  0.0230  0.0228  0.0227  0.0227  0.0228  0.0229  0.0229  0.0232  0.0227  0.0229  0.0226  0.0227
  0.0225  0.0224  0.0224  0.0225  0.0225  0.0225  0.0225  0.0226  0.0224  0.0225  0.0224  0.0224
  0.0223  0.0223  0.0223  0.0223  0.0224  0.0224  0.0224  0.0224  0.0224  0.0224  0.0224  0.0224
  0.0225  0.0225  0.0224  0.0224  0.0225  0.0225  0.0225  0.0226  0.0224  0.0225  0.0224  0.0224
  0.0230  0.0228  0.0227  0.0228  0.0228  0.0228  0.0229  0.0233  0.0227  0.0229  0.0226  0.0227
  0.0237  0.0235  0.0231  0.0236  0.0234  0.0236  0.0235  0.0244  0.0231  0.0234  0.0229  0.0231
niter,ni,del,rscale     4    3    5.0000    0.7000
parameters
   -1.5030   11.7151   -6.2772   -5.0129   -9.4585  -12.1664
    0.1583   -3.5472    2.3041    9.2709    2.4903  -17.0230
eta,q 0.97764 12.64882
  0.0234  0.0232  0.0229  0.0230  0.0231  0.0232  0.0232  0.0239  0.0229  0.0233  0.0227  0.0229
  0.0228  0.0228  0.0226  0.0227  0.0227  0.0228  0.0228  0.0230  0.0226  0.0227  0.0225  0.0226
  0.0225  0.0225  0.0224  0.0225  0.0225  0.0225  0.0225  0.0225  0.0224  0.0224  0.0224  0.0224
  0.0224  0.0224  0.0224  0.0224  0.0224  0.0224  0.0224  0.0224  0.0224  0.0224  0.0224  0.0224
  0.0225  0.0224  0.0224  0.0224  0.0224  0.0224  0.0224  0.0225  0.0224  0.0225  0.0224  0.0224
  0.0228  0.0227  0.0226  0.0226  0.0227  0.0227  0.0227  0.0230  0.0226  0.0228  0.0225  0.0226
  0.0234  0.0232  0.0229  0.0230  0.0231  0.0232  0.0232  0.0239  0.0229  0.0232  0.0228  0.0229
niter,ni,del,rscale     3    3    5.0000    0.6000
parameters
   -1.5080   11.7154   -6.2824   -4.8538   -9.4359  -12.1664
    0.1885   -3.5282    2.3001    9.2389    2.4828  -17.0040
eta,q 0.97766 12.65855
  0.0231  0.0230  0.0228  0.0229  0.0229  0.0230  0.0230  0.0235  0.0228  0.0230  0.0226  0.0228
  0.0227  0.0226  0.0225  0.0226  0.0226  0.0226  0.0227  0.0229  0.0225  0.0226  0.0225  0.0225
  0.0224  0.0224  0.0224  0.0225  0.0224  0.0224  0.0224  0.0225  0.0224  0.0224  0.0224  0.0224
  0.0224  0.0224  0.0224  0.0224  0.0223  0.0223  0.0223  0.0223  0.0223  0.0223  0.0223  0.0223
  0.0224  0.0224  0.0224  0.0224  0.0224  0.0224  0.0224  0.0225  0.0224  0.0224  0.0224  0.0224
  0.0227  0.0226  0.0226  0.0225  0.0226  0.0226  0.0226  0.0228  0.0225  0.0226  0.0225  0.0225
  0.0232  0.0230  0.0228  0.0228  0.0229  0.0230  0.0230  0.0235  0.0228  0.0230  0.0226  0.0227
niter,ni,del,rscale     2    3    5.0000    0.5000
parameters
   -1.5138   11.7103   -6.2867   -4.7236   -9.4277  -12.1758
    0.2167   -3.5131    2.3099    9.1877    2.4617  -16.9695
eta,q 0.97766 12.66464
  0.0229  0.0228  0.0226  0.0227  0.0228  0.0228  0.0228  0.0231  0.0226  0.0228  0.0225  0.0226
  0.0226  0.0225  0.0225  0.0226  0.0225  0.0225  0.0226  0.0227  0.0225  0.0225  0.0224  0.0225
  0.0224  0.0224  0.0224  0.0224  0.0224  0.0224  0.0224  0.0224  0.0224  0.0224  0.0224  0.0224
  0.0223  0.0223  0.0223  0.0223  0.0223  0.0223  0.0223  0.0223  0.0223  0.0223  0.0223  0.0223
  0.0224  0.0224  0.0224  0.0224  0.0224  0.0224  0.0224  0.0224  0.0224  0.0224  0.0224  0.0224
  0.0226  0.0225  0.0225  0.0225  0.0225  0.0225  0.0225  0.0227  0.0225  0.0226  0.0224  0.0225
  0.0229  0.0228  0.0226  0.0227  0.0228  0.0228  0.0228  0.0231  0.0226  0.0228  0.0226  0.0226
niter,ni,del,rscale     1    3    5.0000    0.4000
parameters
   -1.5189   11.7027   -6.2922   -4.6167   -9.3960  -12.2034
    0.2416   -3.4973    2.3207    9.1354    2.4799  -16.9524
eta,q 0.97767 12.66957
  0.0227  0.0226  0.0225  0.0226  0.0226  0.0226  0.0226  0.0229  0.0225  0.0226  0.0225  0.0225
  0.0225  0.0225  0.0224  0.0225  0.0225  0.0225  0.0225  0.0226  0.0224  0.0224  0.0224  0.0224
  0.0224  0.0224  0.0224  0.0224  0.0224  0.0224  0.0224  0.0224  0.0224  0.0224  0.0223  0.0224
  0.0223  0.0223  0.0223  0.0223  0.0223  0.0223  0.0223  0.0223  0.0223  0.0223  0.0223  0.0223
  0.0224  0.0224  0.0224  0.0223  0.0224  0.0224  0.0224  0.0224  0.0224  0.0224  0.0223  0.0224
  0.0225  0.0225  0.0224  0.0224  0.0225  0.0225  0.0225  0.0226  0.0224  0.0225  0.0224  0.0224
  0.0227  0.0226  0.0225  0.0226  0.0226  0.0226  0.0226  0.0228  0.0225  0.0226  0.0225  0.0225
registration optimization eta report
parameter search radius
    0.8000    0.8000    0.8000    2.4000    2.4000    2.4000
    2.4000    2.4000    2.4000    2.4000    2.4000    2.4000
100000*second partial in parameter space
       56.       43.       31.        4.        5.        5.
        5.        9.        3.        5.        2.        3.
  0.0227  0.0226  0.0225  0.0226  0.0226  0.0226  0.0226  0.0229  0.0225  0.0226  0.0225  0.0225
  0.0225  0.0225  0.0224  0.0225  0.0225  0.0225  0.0225  0.0226  0.0224  0.0224  0.0224  0.0224
  0.0224  0.0224  0.0224  0.0224  0.0224  0.0224  0.0224  0.0224  0.0224  0.0224  0.0223  0.0224
  0.0223  0.0223  0.0223  0.0223  0.0223  0.0223  0.0223  0.0223  0.0223  0.0223  0.0223  0.0223
  0.0224  0.0224  0.0224  0.0223  0.0224  0.0224  0.0224  0.0224  0.0224  0.0224  0.0223  0.0224
  0.0225  0.0225  0.0224  0.0224  0.0225  0.0225  0.0225  0.0226  0.0224  0.0225  0.0224  0.0224
  0.0227  0.0226  0.0225  0.0226  0.0226  0.0226  0.0226  0.0228  0.0225  0.0226  0.0225  0.0225
   -1.5189   11.7027   -6.2922   -4.6167   -9.3960  -12.2034
    0.2416   -3.4973    2.3207    9.1354    2.4799  -16.9524
eta,q 0.97767 12.66957

---------------------------------------------------------------------
compute_vox2vox talsrcimg talsrcimg_to_711-2C_as_mni_average_305_t4 /opt/freesurfer/average/711-2C_as_mni_average_305
---------------------------------------------------------------------

freesurfer compute_vox2vox.c
Reading: talsrcimg.4dfp.ifh
Reading: talsrcimg_to_711-2C_as_mni_average_305_t4
Reading: /opt/freesurfer/average/711-2C_as_mni_average_305.4dfp.ifh
Writing: talsrcimg_to_711-2C_as_mni_average_305_t4_vox2vox.txt

start time Sun Mar 8 12:46:24 CET 2026
end		time Sun Mar 8 12:47:51 CET 2026

mpr2mni305 success

avi2talxfm orig_nu.mgz /opt/freesurfer/average/mni305.cor.mgz talsrcimg_to_711-2C_as_mni_average_305_t4_vox2vox.txt transforms/talairach.auto.xfm
avi2talxfm done
mv -f /out/sourcedata/freesurfer/sub-v1s13x0050015_ses-1/mri/talsrcimg_to_711-2C_as_mni_average_305_t4_vox2vox.txt /out/sourcedata/freesurfer/sub-v1s13x0050015_ses-1/mri/transforms/talsrcimg_to_711-2C_as_mni_average_305_t4_vox2vox.txt
lta_convert --src orig_nu.mgz --trg /opt/freesurfer/average/mni305.cor.mgz --inxfm transforms/talairach.auto.xfm --outlta transforms/talairach.auto.xfm.lta --subject fsaverage
7.3.2

--src: orig_nu.mgz src image (geometry).
--trg: /opt/freesurfer/average/mni305.cor.mgz trg image (geometry).
--inmni: transforms/talairach.auto.xfm input MNI/XFM transform.
--outlta: transforms/talairach.auto.xfm.lta output LTA.
--s: fsaverage subject name
 LTA read, type : 1
 1.04721   0.04120   0.00492   4.27450;
-0.03410   1.11590   0.20888   3.01617;
-0.02338  -0.11357   1.08252  -15.39230;
 0.00000   0.00000   0.00000   1.00000;
setting subject to fsaverage
Writing  LTA to file transforms/talairach.auto.xfm.lta...
lta_convert successful.
 
 
Started at Sun Mar 8 12:46:24 CET 2026
Ended   at Sun Mar  8 12:47:51 CET 2026
talairach_avi done
