/out/sourcedata/freesurfer/sub-v1s13x0050055_ses-1/mri
/opt/freesurfer/bin/talairach_avi
--i orig_nu.mgz --xfm transforms/talairach.auto.xfm
talairach_avi 7.3.2
Linux dna058 5.14.0-427.37.1.el9_4.x86_64 #1 SMP PREEMPT_DYNAMIC Fri Sep 13 12:41:50 EDT 2024 x86_64 x86_64 x86_64 GNU/Linux
Sun Mar  8 16:52:44 CET 2026
mri_convert orig_nu.mgz talsrcimg.img 
reading from orig_nu.mgz...
TR=0.00, TE=0.00, TI=0.00, flip angle=0.00
i_ras = (-1, 0, 0)
j_ras = (0, 0, -1)
k_ras = (0, 1, 0)
writing to talsrcimg.img...
Analyze Output Matrix
-1.00000   0.00000   0.00000   129.52499;
 0.00000   0.00000   1.00000  -127.94919;
 0.00000  -1.00000   0.00000   110.47641;
 0.00000   0.00000   0.00000   1.00000;
--------------------
INFO: set hdr.hist.orient to -1
mpr2mni305 talsrcimg
Sun Mar  8 16:52:45 CET 2026
/opt/freesurfer/bin/mpr2mni305 talsrcimg
mpr2mni305 7.3.2
target=711-2C_as_mni_average_305

---------------------------------------------------------------------
analyzeto4dfp talsrcimg -O0 -y
---------------------------------------------------------------------

freesurfer ifh2hdr.c
Sun Mar  8 16:52:45 2026
Writing: talsrcimg.4dfp.hdr
freesurfer analyzeto4dfp.c
Reading: talsrcimg.hdr
header size 348 bytes
hdr.dime.datatype	offset=70	value=2
hdr.dime.bitpix		offset=72	value=8
hdr.hist.orient		offset=252	value=-1
dimensionality     4
dimensions       256       256       256         1
Reading: talsrcimg.img
Writing: talsrcimg.4dfp.img
Writing: talsrcimg.4dfp.ifh
ifh2hdr talsrcimg -r0to232
ori=2

---------------------------------------------------------------------
gauss_4dfp talsrcimg 1.1
---------------------------------------------------------------------

freesurfer gauss_4dfp.c
Reading: talsrcimg.4dfp.img
Writing: talsrcimg_g11.4dfp.img
image dimensions 256 256 256 padded to 288 288 288
processing volume 1freesurfer ifh2hdr.c
Sun Mar  8 16:52:47 2026
Writing: talsrcimg_g11.4dfp.hdr

Writing: talsrcimg_g11.4dfp.ifh
including: talsrcimg.4dfp.img.rec in talsrcimg_g11.4dfp.img.rec

---------------------------------------------------------------------
imgreg_4dfp /opt/freesurfer/average/711-2C_as_mni_average_305 none talsrcimg_g11 none talsrcimg_to_711-2C_as_mni_average_305_t4 4355
---------------------------------------------------------------------

freesurfer imgreg_4dfp.c
/opt/freesurfer/average/711-2C_as_mni_average_305.4dfp.img
       256       256       256         1
  1.000000  1.000000  1.000000
orientation T byte_order littleendian
Reading image: /opt/freesurfer/average/711-2C_as_mni_average_305.4dfp.img
dimensions:      256       256       256
mmppix:       1.0000   -1.0000   -1.0000
center:     128.0000 -129.0000 -129.0000
talsrcimg_g11.4dfp.img
       256       256       256         1
  1.000000  1.000000  1.000000
orientation T byte_order littleendian
Reading image: talsrcimg_g11.4dfp.img
dimensions:      256       256       256
mmppix:       1.0000   -1.0000   -1.0000
center:     128.0000 -129.0000 -129.0000
t4_read: open error in t4_sub.f l:  41 t4_file(1:l)talsrcimg_to_711-2C_as_mni_average_305_t4 
t4_read: transform initialized to I4
rotation matrix determinant  1.000000
image alignment mode   4355 decimal     1103 hex
   -7.5000  -45.0000  -45.0000 8291.5244   14.3057
    0.0000  -45.0000  -45.0000 8615.4805   14.3002
    7.5000  -45.0000  -45.0000 8272.7188   14.2895
   -7.5000  -37.5000  -45.0000 8814.0078   14.2472
    0.0000  -37.5000  -45.0000 9167.7949   14.2465
    7.5000  -37.5000  -45.0000 8797.9502   14.2353
   -7.5000  -30.0000  -45.0000 9653.4863   14.1704
    0.0000  -30.0000  -45.000010039.6914   14.1734
    7.5000  -30.0000  -45.0000 9630.5518   14.1623
   -7.5000  -22.5000  -45.000010441.9971   14.0891
    0.0000  -22.5000  -45.000010860.8721   14.0907
    7.5000  -22.5000  -45.000010402.2344   14.0811
   -7.5000  -15.0000  -45.000011103.5547   14.0174
    0.0000  -15.0000  -45.000011564.9502   14.0142
    7.5000  -15.0000  -45.000011065.0977   14.0062
   -7.5000   -7.5000  -45.000011685.1299   13.9739
    0.0000   -7.5000  -45.000012160.9316   13.9679
    7.5000   -7.5000  -45.000011629.1523   13.9598
   -7.5000    0.0000  -45.000012183.1250   13.9499
    0.0000    0.0000  -45.000012682.0645   13.9451
    7.5000    0.0000  -45.000012102.9053   13.9357
   -7.5000    7.5000  -45.000011748.2881   13.9640
    0.0000    7.5000  -45.000012224.5000   13.9634
    7.5000    7.5000  -45.000011679.2607   13.9533
   -7.5000   15.0000  -45.000011192.9424   13.9820
    0.0000   15.0000  -45.000011652.0674   13.9852
    7.5000   15.0000  -45.000011151.1436   13.9751
   -7.5000   22.5000  -45.000010513.0586   14.0214
    0.0000   22.5000  -45.000010946.4883   14.0234
    7.5000   22.5000  -45.000010494.9424   14.0143
   -7.5000   30.0000  -45.0000 9855.8438   13.9500
    0.0000   30.0000  -45.000010245.2139   13.9483
    7.5000   30.0000  -45.0000 9822.4395   13.9422
   -7.5000   37.5000  -45.0000 9530.5859   14.0937
    0.0000   37.5000  -45.0000 9913.0967   14.0883
    7.5000   37.5000  -45.0000 9480.6436   14.0792
   -7.5000   45.0000  -45.0000 8814.7285   13.9415
    0.0000   45.0000  -45.0000 9162.1699   13.9361
    7.5000   45.0000  -45.0000 8760.0967   13.9250
   -7.5000  -45.0000  -37.5000 8858.6807   14.2529
    0.0000  -45.0000  -37.5000 9230.2041   14.2497
    7.5000  -45.0000  -37.5000 8857.2500   14.2437
   -7.5000  -37.5000  -37.5000 9433.2529   14.1926
    0.0000  -37.5000  -37.5000 9828.8037   14.1926
    7.5000  -37.5000  -37.5000 9428.7354   14.1851
   -7.5000  -30.0000  -37.500010347.4570   14.1158
    0.0000  -30.0000  -37.500010776.7422   14.1188
    7.5000  -30.0000  -37.500010325.2432   14.1103
   -7.5000  -22.5000  -37.500011186.1689   14.0372
    0.0000  -22.5000  -37.500011671.9541   14.0400
    7.5000  -22.5000  -37.500011143.9346   14.0323
   -7.5000  -15.0000  -37.500011868.8018   13.9671
    0.0000  -15.0000  -37.500012383.8164   13.9669
    7.5000  -15.0000  -37.500011816.1611   13.9615
   -7.5000   -7.5000  -37.500012433.2861   13.9220
    0.0000   -7.5000  -37.500012957.0342   13.9194
    7.5000   -7.5000  -37.500012379.6777   13.9152
   -7.5000    0.0000  -37.500012924.6582   13.8943
    0.0000    0.0000  -37.500013491.2148   13.8916
    7.5000    0.0000  -37.500012872.1006   13.8868
   -7.5000    7.5000  -37.500012459.9639   13.9060
    0.0000    7.5000  -37.500013014.3789   13.9062
    7.5000    7.5000  -37.500012412.3564   13.8997
   -7.5000   15.0000  -37.500011873.8906   13.9237
    0.0000   15.0000  -37.500012394.0889   13.9270
    7.5000   15.0000  -37.500011828.4199   13.9194
   -7.5000   22.5000  -37.500011159.6875   13.9654
    0.0000   22.5000  -37.500011652.6875   13.9686
    7.5000   22.5000  -37.500011130.1758   13.9613
   -7.5000   30.0000  -37.500010441.5928   13.8964
    0.0000   30.0000  -37.500010884.3535   13.8974
    7.5000   30.0000  -37.500010395.7070   13.8937
   -7.5000   37.5000  -37.500010047.7139   14.0385
    0.0000   37.5000  -37.500010491.9062   14.0362
    7.5000   37.5000  -37.5000 9994.0537   14.0312
   -7.5000   45.0000  -37.5000 9253.5029   13.8839
    0.0000   45.0000  -37.5000 9656.8750   13.8809
    7.5000   45.0000  -37.5000 9207.6104   13.8746
   -7.5000  -45.0000  -30.0000 9634.4414   14.8019
    0.0000  -45.0000  -30.000010047.6875   14.7985
    7.5000  -45.0000  -30.0000 9625.9453   14.7958
   -7.5000  -37.5000  -30.000010243.2646   14.7428
    0.0000  -37.5000  -30.000010681.7275   14.7403
    7.5000  -37.5000  -30.000010235.3779   14.7353
   -7.5000  -30.0000  -30.000011208.5312   14.6657
    0.0000  -30.0000  -30.000011687.7949   14.6660
    7.5000  -30.0000  -30.000011194.6611   14.6596
   -7.5000  -22.5000  -30.000012111.7920   14.5801
    0.0000  -22.5000  -30.000012644.5078   14.5821
    7.5000  -22.5000  -30.000012077.7256   14.5772
   -7.5000  -15.0000  -30.000012850.1016   14.4988
    0.0000  -15.0000  -30.000013407.1279   14.5000
    7.5000  -15.0000  -30.000012789.3564   14.4981
   -7.5000   -7.5000  -30.000013465.2812   14.4451
    0.0000   -7.5000  -30.000014036.9277   14.4438
    7.5000   -7.5000  -30.000013403.0088   14.4436
   -7.5000    0.0000  -30.000013992.5820   14.4152
    0.0000    0.0000  -30.000014607.5938   14.4121
    7.5000    0.0000  -30.000013910.1123   14.4106
   -7.5000    7.5000  -30.000013492.2539   14.4336
    0.0000    7.5000  -30.000014087.6152   14.4313
    7.5000    7.5000  -30.000013415.8408   14.4273
   -7.5000   15.0000  -30.000012829.2090   14.4576
    0.0000   15.0000  -30.000013418.7607   14.4581
    7.5000   15.0000  -30.000012762.7871   14.4527
   -7.5000   22.5000  -30.000012040.7031   14.4981
    0.0000   22.5000  -30.000012592.8389   14.5004
    7.5000   22.5000  -30.000011988.2393   14.4961
   -7.5000   30.0000  -30.000011237.1133   14.4225
    0.0000   30.0000  -30.000011753.4189   14.4246
    7.5000   30.0000  -30.000011174.5703   14.4244
   -7.5000   37.5000  -30.000010785.4082   14.5630
    0.0000   37.5000  -30.000011286.7080   14.5618
    7.5000   37.5000  -30.000010733.1240   14.5609
   -7.5000   45.0000  -30.0000 9890.6279   14.4125
    0.0000   45.0000  -30.000010349.2881   14.4091
    7.5000   45.0000  -30.0000 9850.5498   14.4060
   -7.5000  -45.0000  -22.500010378.8916   15.2824
    0.0000  -45.0000  -22.500010839.6729   15.2764
    7.5000  -45.0000  -22.500010360.5400   15.2726
   -7.5000  -37.5000  -22.500011033.4883   15.2248
    0.0000  -37.5000  -22.500011520.6982   15.2197
    7.5000  -37.5000  -22.500011022.2295   15.2134
   -7.5000  -30.0000  -22.500012062.8955   15.1460
    0.0000  -30.0000  -22.500012588.1582   15.1437
    7.5000  -30.0000  -22.500012030.5410   15.1377
   -7.5000  -22.5000  -22.500013022.4912   15.0521
    0.0000  -22.5000  -22.500013605.3535   15.0520
    7.5000  -22.5000  -22.500012986.3398   15.0487
   -7.5000  -15.0000  -22.500013823.3838   14.9609
    0.0000  -15.0000  -22.500014434.5537   14.9598
    7.5000  -15.0000  -22.500013771.1895   14.9593
   -7.5000   -7.5000  -22.500014503.9678   14.9020
    0.0000   -7.5000  -22.500015121.8516   14.8982
    7.5000   -7.5000  -22.500014417.7305   14.8979
   -7.5000    0.0000  -22.500015072.0742   14.8735
    0.0000    0.0000  -22.500015730.5518   14.8677
    7.5000    0.0000  -22.500014956.6221   14.8652
   -7.5000    7.5000  -22.500014502.6904   14.8984
    0.0000    7.5000  -22.500015147.8770   14.8933
    7.5000    7.5000  -22.500014389.2969   14.8882
   -7.5000   15.0000  -22.500013767.2764   14.9264
    0.0000   15.0000  -22.500014402.8105   14.9243
    7.5000   15.0000  -22.500013661.5410   14.9192
   -7.5000   22.5000  -22.500012908.4570   14.9638
    0.0000   22.5000  -22.500013515.6943   14.9640
    7.5000   22.5000  -22.500012815.4629   14.9611
   -7.5000   30.0000  -22.500012013.7979   14.8827
    0.0000   30.0000  -22.500012562.5283   14.8826
    7.5000   30.0000  -22.500011931.0146   14.8838
   -7.5000   37.5000  -22.500011512.6055   15.0232
    0.0000   37.5000  -22.500012051.5059   15.0195
    7.5000   37.5000  -22.500011447.9443   15.0187
   -7.5000   45.0000  -22.500010535.4736   14.8796
    0.0000   45.0000  -22.500011025.2607   14.8734
    7.5000   45.0000  -22.500010466.7275   14.8691
   -7.5000  -45.0000  -15.000011102.6963   15.6330
    0.0000  -45.0000  -15.000011603.2881   15.6244
    7.5000  -45.0000  -15.000011076.9980   15.6166
   -7.5000  -37.5000  -15.000011817.3008   15.5742
    0.0000  -37.5000  -15.000012352.2637   15.5685
    7.5000  -37.5000  -15.000011789.3154   15.5593
   -7.5000  -30.0000  -15.000012886.9053   15.4921
    0.0000  -30.0000  -15.000013464.9492   15.4899
    7.5000  -30.0000  -15.000012859.5195   15.4822
   -7.5000  -22.5000  -15.000013917.4619   15.3932
    0.0000  -22.5000  -15.000014522.4033   15.3917
    7.5000  -22.5000  -15.000013860.4375   15.3873
   -7.5000  -15.0000  -15.000014788.4053   15.2986
    0.0000  -15.0000  -15.000015420.0977   15.2939
    7.5000  -15.0000  -15.000014709.1006   15.2913
   -7.5000   -7.5000  -15.000015488.2158   15.2396
    0.0000   -7.5000  -15.000016168.0615   15.2317
    7.5000   -7.5000  -15.000015405.2266   15.2280
   -7.5000    0.0000  -15.000016068.1143   15.2126
    0.0000    0.0000  -15.000016775.6992   15.2042
    7.5000    0.0000  -15.000015952.6914   15.1979
   -7.5000    7.5000  -15.000015447.6973   15.2395
    0.0000    7.5000  -15.000016154.7422   15.2337
    7.5000    7.5000  -15.000015303.6895   15.2258
   -7.5000   15.0000  -15.000014654.2119   15.2671
    0.0000   15.0000  -15.000015322.2100   15.2649
    7.5000   15.0000  -15.000014500.0947   15.2583
   -7.5000   22.5000  -15.000013745.5459   15.3021
    0.0000   22.5000  -15.000014377.7217   15.3008
    7.5000   22.5000  -15.000013620.9336   15.2969
   -7.5000   30.0000  -15.000012754.2168   15.2209
    0.0000   30.0000  -15.000013343.2148   15.2175
    7.5000   30.0000  -15.000012637.7266   15.2169
   -7.5000   37.5000  -15.000012190.5518   15.3647
    0.0000   37.5000  -15.000012766.5996   15.3570
    7.5000   37.5000  -15.000012088.9258   15.3529
   -7.5000   45.0000  -15.000011140.4951   15.2268
    0.0000   45.0000  -15.000011679.8555   15.2178
    7.5000   45.0000  -15.000011049.1523   15.2095
   -7.5000  -45.0000   -7.500011806.6045   15.8067
    0.0000  -45.0000   -7.500012362.0576   15.7978
    7.5000  -45.0000   -7.500011787.9951   15.7865
   -7.5000  -37.5000   -7.500012581.4775   15.7405
    0.0000  -37.5000   -7.500013159.2012   15.7365
    7.5000  -37.5000   -7.500012566.1436   15.7249
   -7.5000  -30.0000   -7.500013720.8027   15.6530
    0.0000  -30.0000   -7.500014363.1875   15.6529
    7.5000  -30.0000   -7.500013706.7012   15.6429
   -7.5000  -22.5000   -7.500014794.5283   15.5552
    0.0000  -22.5000   -7.500015463.9209   15.5541
    7.5000  -22.5000   -7.500014760.5010   15.5469
   -7.5000  -15.0000   -7.500015717.9707   15.4656
    0.0000  -15.0000   -7.500016414.7285   15.4594
    7.5000  -15.0000   -7.500015674.8936   15.4534
   -7.5000   -7.5000   -7.500016437.0762   15.4097
    0.0000   -7.5000   -7.500017192.6797   15.4000
    7.5000   -7.5000   -7.500016388.8867   15.3925
   -7.5000    0.0000   -7.500017002.8613   15.3806
    0.0000    0.0000   -7.500017762.6875   15.3720
    7.5000    0.0000   -7.500016900.7461   15.3622
   -7.5000    7.5000   -7.500016327.9297   15.4017
    0.0000    7.5000   -7.500017050.3906   15.3977
    7.5000    7.5000   -7.500016196.4697   15.3874
   -7.5000   15.0000   -7.500015490.2607   15.4256
    0.0000   15.0000   -7.500016189.7422   15.4256
    7.5000   15.0000   -7.500015339.1963   15.4167
   -7.5000   22.5000   -7.500014524.8760   15.4618
    0.0000   22.5000   -7.500015184.8301   15.4610
    7.5000   22.5000   -7.500014402.6875   15.4543
   -7.5000   30.0000   -7.500013471.6113   15.3877
    0.0000   30.0000   -7.500014095.8965   15.3830
    7.5000   30.0000   -7.500013353.3369   15.3791
   -7.5000   37.5000   -7.500012856.3037   15.5370
    0.0000   37.5000   -7.500013450.5674   15.5276
    7.5000   37.5000   -7.500012743.9004   15.5194
   -7.5000   45.0000   -7.500011758.7588   15.3979
    0.0000   45.0000   -7.500012324.5293   15.3886
    7.5000   45.0000   -7.500011659.1963   15.3768
   -7.5000  -45.0000    0.000012440.3516   15.8297
    0.0000  -45.0000    0.000013031.9766   15.8227
    7.5000  -45.0000    0.000012423.1885   15.8114
   -7.5000  -37.5000    0.000013254.2744   15.7560
    0.0000  -37.5000    0.000013872.8691   15.7542
    7.5000  -37.5000    0.000013230.2236   15.7423
   -7.5000  -30.0000    0.000014445.9023   15.6634
    0.0000  -30.0000    0.000015132.7725   15.6655
    7.5000  -30.0000    0.000014427.5400   15.6541
   -7.5000  -22.5000    0.000015540.5664   15.5682
    0.0000  -22.5000    0.000016239.4268   15.5687
    7.5000  -22.5000    0.000015497.5264   15.5590
   -7.5000  -15.0000    0.000016543.9043   15.4851
    0.0000  -15.0000    0.000017293.1953   15.4803
    7.5000  -15.0000    0.000016496.4648   15.4722
   -7.5000   -7.5000    0.000017390.5859   15.4329
    0.0000   -7.5000    0.000018212.4902   15.4250
    7.5000   -7.5000    0.000017305.5117   15.4166
   -7.5000    0.0000    0.000017989.2891   15.4017
    0.0000    0.0000    0.000018755.5430   15.3950
    7.5000    0.0000    0.000017834.2305   15.3852
   -7.5000    7.5000    0.000017199.9023   15.4162
    0.0000    7.5000    0.000017902.3125   15.4144
    7.5000    7.5000    0.000017050.1309   15.4038
   -7.5000   15.0000    0.000016295.6797   15.4358
    0.0000   15.0000    0.000016959.9629   15.4380
    7.5000   15.0000    0.000016149.6543   15.4276
   -7.5000   22.5000    0.000015286.8867   15.4751
    0.0000   22.5000    0.000015937.3193   15.4760
    7.5000   22.5000    0.000015164.4434   15.4669
   -7.5000   30.0000    0.000014171.0820   15.4082
    0.0000   30.0000    0.000014797.4609   15.4049
    7.5000   30.0000    0.000014041.0010   15.3989
   -7.5000   37.5000    0.000013538.1045   15.5622
    0.0000   37.5000    0.000014123.4102   15.5549
    7.5000   37.5000    0.000013397.5254   15.5455
   -7.5000   45.0000    0.000012386.9482   15.4204
    0.0000   45.0000    0.000012954.3613   15.4132
    7.5000   45.0000    0.000012264.1631   15.4014
   -7.5000  -45.0000    7.500012083.7998   15.8534
    0.0000  -45.0000    7.500012663.7500   15.8492
    7.5000  -45.0000    7.500012081.6377   15.8426
   -7.5000  -37.5000    7.500012892.7549   15.7815
    0.0000  -37.5000    7.500013533.0283   15.7806
    7.5000  -37.5000    7.500012887.5508   15.7724
   -7.5000  -30.0000    7.500014049.3330   15.6918
    0.0000  -30.0000    7.500014747.1924   15.6943
    7.5000  -30.0000    7.500014039.8770   15.6851
   -7.5000  -22.5000    7.500015080.5762   15.6005
    0.0000  -22.5000    7.500015760.2129   15.6027
    7.5000  -22.5000    7.500015055.5566   15.5944
   -7.5000  -15.0000    7.500016101.1250   15.5188
    0.0000  -15.0000    7.500016836.2559   15.5177
    7.5000  -15.0000    7.500016041.9502   15.5120
   -7.5000   -7.5000    7.500017067.6738   15.4655
    0.0000   -7.5000    7.500017866.5293   15.4616
    7.5000   -7.5000    7.500016927.6465   15.4572
   -7.5000    0.0000    7.500017709.5020   15.4325
    0.0000    0.0000    7.500018387.1230   15.4285
    7.5000    0.0000    7.500017547.1484   15.4233
   -7.5000    7.5000    7.500016916.2168   15.4462
    0.0000    7.5000    7.500017483.4805   15.4453
    7.5000    7.5000    7.500016771.1035   15.4383
   -7.5000   15.0000    7.500015975.3418   15.4666
    0.0000   15.0000    7.500016540.7500   15.4692
    7.5000   15.0000    7.500015821.1240   15.4610
   -7.5000   22.5000    7.500014952.0781   15.5080
    0.0000   22.5000    7.500015541.0869   15.5105
    7.5000   22.5000    7.500014772.8281   15.5028
   -7.5000   30.0000    7.500013824.3262   15.4416
    0.0000   30.0000    7.500014416.3936   15.4416
    7.5000   30.0000    7.500013641.3770   15.4379
   -7.5000   37.5000    7.500013187.8779   15.5961
    0.0000   37.5000    7.500013774.6445   15.5926
    7.5000   37.5000    7.500013004.6367   15.5872
   -7.5000   45.0000    7.500012049.2158   15.4528
    0.0000   45.0000    7.500012618.0820   15.4484
    7.5000   45.0000    7.500011901.3623   15.4415
   -7.5000  -45.0000   15.000011610.2656   15.8904
    0.0000  -45.0000   15.000012175.6309   15.8868
    7.5000  -45.0000   15.000011614.5781   15.8843
   -7.5000  -37.5000   15.000012393.3535   15.8266
    0.0000  -37.5000   15.000013002.3057   15.8241
    7.5000  -37.5000   15.000012408.8105   15.8190
   -7.5000  -30.0000   15.000013516.5195   15.7444
    0.0000  -30.0000   15.000014174.1758   15.7448
    7.5000  -30.0000   15.000013522.0781   15.7385
   -7.5000  -22.5000   15.000014541.1484   15.6538
    0.0000  -22.5000   15.000015168.3848   15.6560
    7.5000  -22.5000   15.000014500.1953   15.6513
   -7.5000  -15.0000   15.000015554.6523   15.5677
    0.0000  -15.0000   15.000016267.5391   15.5689
    7.5000  -15.0000   15.000015429.6367   15.5674
   -7.5000   -7.5000   15.000016445.6992   15.5090
    0.0000   -7.5000   15.000017236.0938   15.5075
    7.5000   -7.5000   15.000016278.9932   15.5077
   -7.5000    0.0000   15.000017006.3750   15.4760
    0.0000    0.0000   15.000017747.6699   15.4725
    7.5000    0.0000   15.000016872.0645   15.4713
   -7.5000    7.5000   15.000016281.1748   15.4953
    0.0000    7.5000   15.000016944.5801   15.4927
    7.5000    7.5000   15.000016138.0049   15.4889
   -7.5000   15.0000   15.000015381.3018   15.5213
    0.0000   15.0000   15.000016009.5469   15.5218
    7.5000   15.0000   15.000015203.8486   15.5165
   -7.5000   22.5000   15.000014345.0635   15.5621
    0.0000   22.5000   15.000014959.7061   15.5646
    7.5000   22.5000   15.000014146.1602   15.5604
   -7.5000   30.0000   15.000013244.9385   15.4894
    0.0000   30.0000   15.000013805.9307   15.4916
    7.5000   30.0000   15.000013041.5137   15.4919
   -7.5000   37.5000   15.000012636.4424   15.6399
    0.0000   37.5000   15.000013165.2324   15.6385
    7.5000   37.5000   15.000012432.8818   15.6379
   -7.5000   45.0000   15.000011574.5176   15.4979
    0.0000   45.0000   15.000012055.8232   15.4941
    7.5000   45.0000   15.000011400.7744   15.4913
   -7.5000  -45.0000   22.500011043.8672   15.9580
    0.0000  -45.0000   22.500011565.1689   15.9528
    7.5000  -45.0000   22.500011037.2002   15.9494
   -7.5000  -37.5000   22.500011787.8574   15.9033
    0.0000  -37.5000   22.500012354.4375   15.8989
    7.5000  -37.5000   22.500011786.3594   15.8930
   -7.5000  -30.0000   22.500012885.6074   15.8266
    0.0000  -30.0000   22.500013504.0293   15.8252
    7.5000  -30.0000   22.500012866.1475   15.8195
   -7.5000  -22.5000   22.500013899.9512   15.7336
    0.0000  -22.5000   22.500014520.1201   15.7344
    7.5000  -22.5000   22.500013803.4424   15.7316
   -7.5000  -15.0000   22.500014815.8281   15.6423
    0.0000  -15.0000   22.500015525.2109   15.6421
    7.5000  -15.0000   22.500014689.0957   15.6422
   -7.5000   -7.5000   22.500015580.6250   15.5797
    0.0000   -7.5000   22.500016311.5449   15.5766
    7.5000   -7.5000   22.500015478.7764   15.5771
   -7.5000    0.0000   22.500016117.2236   15.5492
    0.0000    0.0000   22.500016814.6699   15.5441
    7.5000    0.0000   22.500016033.3730   15.5423
   -7.5000    7.5000   22.500015438.7158   15.5756
    0.0000    7.5000   22.500016080.7266   15.5713
    7.5000    7.5000   22.500015343.7275   15.5667
   -7.5000   15.0000   22.500014597.3125   15.6056
    0.0000   15.0000   22.500015209.5527   15.6044
    7.5000   15.0000   22.500014465.5742   15.5998
   -7.5000   22.5000   22.500013648.0879   15.6430
    0.0000   22.5000   22.500014220.1035   15.6442
    7.5000   22.5000   22.500013487.6494   15.6419
   -7.5000   30.0000   22.500012601.7715   15.5635
    0.0000   30.0000   22.500013118.7666   15.5644
    7.5000   30.0000   22.500012435.7686   15.5664
   -7.5000   37.5000   22.500012000.8809   15.7107
    0.0000   37.5000   22.500012489.7227   15.7078
    7.5000   37.5000   22.500011830.1133   15.7077
   -7.5000   45.0000   22.500010984.0723   15.5725
    0.0000   45.0000   22.500011456.2842   15.5669
    7.5000   45.0000   22.500010848.4775   15.5632
   -7.5000  -45.0000   30.000010383.6543   16.0557
    0.0000  -45.0000   30.000010861.5996   16.0488
    7.5000  -45.0000   30.000010362.4297   16.0416
   -7.5000  -37.5000   30.000011092.0449   16.0034
    0.0000  -37.5000   30.000011607.1416   15.9997
    7.5000  -37.5000   30.000011070.3750   15.9911
   -7.5000  -30.0000   30.000012137.1514   15.9279
    0.0000  -30.0000   30.000012682.8379   15.9279
    7.5000  -30.0000   30.000012085.0410   15.9209
   -7.5000  -22.5000   30.000013051.4248   15.8348
    0.0000  -22.5000   30.000013621.7031   15.8353
    7.5000  -22.5000   30.000012986.3867   15.8318
   -7.5000  -15.0000   30.000013883.2217   15.7442
    0.0000  -15.0000   30.000014504.3955   15.7412
    7.5000  -15.0000   30.000013811.5293   15.7397
   -7.5000   -7.5000   30.000014589.8408   15.6816
    0.0000   -7.5000   30.000015214.0303   15.6752
    7.5000   -7.5000   30.000014538.8779   15.6725
   -7.5000    0.0000   30.000015129.9473   15.6520
    0.0000    0.0000   30.000015755.9170   15.6453
    7.5000    0.0000   30.000015061.9668   15.6399
   -7.5000    7.5000   30.000014490.4209   15.6797
    0.0000    7.5000   30.000015084.2070   15.6759
    7.5000    7.5000   30.000014400.8809   15.6688
   -7.5000   15.0000   30.000013673.6680   15.7088
    0.0000   15.0000   30.000014233.5156   15.7088
    7.5000   15.0000   30.000013566.5439   15.7031
   -7.5000   22.5000   30.000012796.7285   15.7438
    0.0000   22.5000   30.000013321.5205   15.7446
    7.5000   22.5000   30.000012682.8359   15.7417
   -7.5000   30.0000   30.000011842.4375   15.6620
    0.0000   30.0000   30.000012310.3691   15.6604
    7.5000   30.0000   30.000011719.1338   15.6609
   -7.5000   37.5000   30.000011270.8926   15.8081
    0.0000   37.5000   30.000011716.3311   15.8019
    7.5000   37.5000   30.000011137.9004   15.7989
   -7.5000   45.0000   30.000010299.2617   15.6692
    0.0000   45.0000   30.000010730.5898   15.6618
    7.5000   45.0000   30.000010197.4805   15.6545
   -7.5000  -45.0000   37.500010051.3936   16.2338
    0.0000  -45.0000   37.500010497.0215   16.2274
    7.5000  -45.0000   37.500010040.2275   16.2167
   -7.5000  -37.5000   37.500010747.2852   16.1732
    0.0000  -37.5000   37.500011223.3291   16.1724
    7.5000  -37.5000   37.500010718.9033   16.1616
   -7.5000  -30.0000   37.500011754.5049   16.0941
    0.0000  -30.0000   37.500012260.3047   16.0973
    7.5000  -30.0000   37.500011705.8105   16.0884
   -7.5000  -22.5000   37.500012623.2148   16.0051
    0.0000  -22.5000   37.500013154.7314   16.0068
    7.5000  -22.5000   37.500012569.5127   16.0008
   -7.5000  -15.0000   37.500013417.2568   15.9232
    0.0000  -15.0000   37.500013986.8037   15.9191
    7.5000  -15.0000   37.500013372.3389   15.9144
   -7.5000   -7.5000   37.500014139.2041   15.8647
    0.0000   -7.5000   37.500014691.4775   15.8570
    7.5000   -7.5000   37.500014070.5898   15.8507
   -7.5000    0.0000   37.500014655.4707   15.8326
    0.0000    0.0000   37.500015233.8545   15.8266
    7.5000    0.0000   37.500014579.4658   15.8179
   -7.5000    7.5000   37.500014013.0977   15.8518
    0.0000    7.5000   37.500014579.8125   15.8508
    7.5000    7.5000   37.500013940.9121   15.8417
   -7.5000   15.0000   37.500013197.8613   15.8739
    0.0000   15.0000   37.500013738.1816   15.8770
    7.5000   15.0000   37.500013125.5039   15.8694
   -7.5000   22.5000   37.500012368.3545   15.9098
    0.0000   22.5000   37.500012863.3916   15.9117
    7.5000   22.5000   37.500012287.5635   15.9065
   -7.5000   30.0000   37.500011460.6377   15.8340
    0.0000   30.0000   37.500011903.5449   15.8313
    7.5000   30.0000   37.500011364.8633   15.8288
   -7.5000   37.5000   37.500010913.9775   15.9855
    0.0000   37.5000   37.500011347.4346   15.9782
    7.5000   37.5000   37.500010806.8721   15.9713
   -7.5000   45.0000   37.5000 9974.5225   15.8421
    0.0000   45.0000   37.500010383.8135   15.8352
    7.5000   45.0000   37.5000 9896.2578   15.8245
   -7.5000  -45.0000   45.0000 9282.6260   16.3667
    0.0000  -45.0000   45.0000 9675.1982   16.3613
    7.5000  -45.0000   45.0000 9270.2598   16.3503
   -7.5000  -37.5000   45.0000 9911.3018   16.2982
    0.0000  -37.5000   45.000010333.7617   16.2987
    7.5000  -37.5000   45.0000 9884.8203   16.2875
   -7.5000  -30.0000   45.000010830.9766   16.2156
    0.0000  -30.0000   45.000011293.5605   16.2205
    7.5000  -30.0000   45.000010811.7715   16.2101
   -7.5000  -22.5000   45.000011627.7041   16.1309
    0.0000  -22.5000   45.000012127.5557   16.1339
    7.5000  -22.5000   45.000011605.2119   16.1253
   -7.5000  -15.0000   45.000012352.9971   16.0574
    0.0000  -15.0000   45.000012888.0508   16.0543
    7.5000  -15.0000   45.000012328.0986   16.0475
   -7.5000   -7.5000   45.000013015.6113   16.0032
    0.0000   -7.5000   45.000013546.5605   15.9966
    7.5000   -7.5000   45.000012966.0420   15.9893
   -7.5000    0.0000   45.000013472.5020   15.9686
    0.0000    0.0000   45.000014003.2461   15.9634
    7.5000    0.0000   45.000013416.6289   15.9546
   -7.5000    7.5000   45.000012876.3789   15.9792
    0.0000    7.5000   45.000013388.2441   15.9795
    7.5000    7.5000   45.000012823.3311   15.9700
   -7.5000   15.0000   45.000012108.4229   15.9941
    0.0000   15.0000   45.000012601.0615   15.9989
    7.5000   15.0000   45.000012068.3701   15.9898
   -7.5000   22.5000   45.000011343.4209   16.0311
    0.0000   22.5000   45.000011786.4609   16.0344
    7.5000   22.5000   45.000011287.3359   16.0267
   -7.5000   30.0000   45.000010509.8984   15.9600
    0.0000   30.0000   45.000010937.1855   15.9584
    7.5000   30.0000   45.000010451.7002   15.9539
   -7.5000   37.5000   45.000010038.3047   16.1177
    0.0000   37.5000   45.000010440.5459   16.1115
    7.5000   37.5000   45.0000 9957.8135   16.1034
   -7.5000   45.0000   45.0000 9184.6172   15.9796
    0.0000   45.0000   45.0000 9563.8135   15.9734
    7.5000   45.0000   45.0000 9123.0684   15.9628

---------------------------------------------------------------------
imgreg_4dfp /opt/freesurfer/average/711-2C_as_mni_average_305 /opt/freesurfer/average/711-2B_as_mni_average_305_mask talsrcimg_g11 none talsrcimg_to_711-2C_as_mni_average_305_t4 4355
---------------------------------------------------------------------

freesurfer imgreg_4dfp.c
/opt/freesurfer/average/711-2C_as_mni_average_305.4dfp.img
       256       256       256         1
  1.000000  1.000000  1.000000
orientation T byte_order littleendian
Reading image: /opt/freesurfer/average/711-2C_as_mni_average_305.4dfp.img
dimensions:      256       256       256
mmppix:       1.0000   -1.0000   -1.0000
center:     128.0000 -129.0000 -129.0000
/opt/freesurfer/average/711-2B_as_mni_average_305_mask.4dfp.img
       256       256       256         1
  1.000000  1.000000  1.000000
orientation T byte_order littleendian
Reading mask: /opt/freesurfer/average/711-2B_as_mni_average_305_mask.4dfp.img (2306576 pixels)
talsrcimg_g11.4dfp.img
       256       256       256         1
  1.000000  1.000000  1.000000
orientation T byte_order littleendian
Reading image: talsrcimg_g11.4dfp.img
dimensions:      256       256       256
mmppix:       1.0000   -1.0000   -1.0000
center:     128.0000 -129.0000 -129.0000
rotation matrix determinant  1.000000
image alignment mode   4355 decimal     1103 hex
   -7.5000  -45.0000  -45.0000 2127.0986   19.2267
    0.0000  -45.0000  -45.0000 2134.4260   19.2127
    7.5000  -45.0000  -45.0000 2118.1526   19.3966
   -7.5000  -37.5000  -45.0000 2182.8096   18.0138
    0.0000  -37.5000  -45.0000 2188.4998   17.9721
    7.5000  -37.5000  -45.0000 2172.0149   18.1214
   -7.5000  -30.0000  -45.0000 2227.2375   17.0140
    0.0000  -30.0000  -45.0000 2234.9990   16.9870
    7.5000  -30.0000  -45.0000 2217.7920   17.1093
   -7.5000  -22.5000  -45.0000 2264.0808   16.2450
    0.0000  -22.5000  -45.0000 2273.0554   16.2244
    7.5000  -22.5000  -45.0000 2255.8684   16.3304
   -7.5000  -15.0000  -45.0000 2291.4419   15.6728
    0.0000  -15.0000  -45.0000 2303.9460   15.6570
    7.5000  -15.0000  -45.0000 2284.9099   15.7420
   -7.5000   -7.5000  -45.0000 2312.1633   15.2906
    0.0000   -7.5000  -45.0000 2320.9106   15.2694
    7.5000   -7.5000  -45.0000 2303.0757   15.3719
   -7.5000    0.0000  -45.0000 2311.2075   15.1542
    0.0000    0.0000  -45.0000 2327.3455   15.0800
    7.5000    0.0000  -45.0000 2306.1523   15.1940
   -7.5000    7.5000  -45.0000 2306.2856   15.1914
    0.0000    7.5000  -45.0000 2319.3711   15.1433
    7.5000    7.5000  -45.0000 2299.8806   15.2823
   -7.5000   15.0000  -45.0000 2277.0894   15.5935
    0.0000   15.0000  -45.0000 2293.0642   15.5439
    7.5000   15.0000  -45.0000 2275.0374   15.6746
   -7.5000   22.5000  -45.0000 2230.7786   16.2972
    0.0000   22.5000  -45.0000 2245.4275   16.2703
    7.5000   22.5000  -45.0000 2229.6853   16.3975
   -7.5000   30.0000  -45.0000 2167.1116   17.2802
    0.0000   30.0000  -45.0000 2181.6082   17.2164
    7.5000   30.0000  -45.0000 2164.2056   17.3692
   -7.5000   37.5000  -45.0000 2089.1467   18.6764
    0.0000   37.5000  -45.0000 2101.5967   18.5625
    7.5000   37.5000  -45.0000 2082.8301   18.7617
   -7.5000   45.0000  -45.0000 1995.2599   20.6482
    0.0000   45.0000  -45.0000 2004.5458   20.5045
    7.5000   45.0000  -45.0000 1989.6206   20.7298
   -7.5000  -45.0000  -37.5000 2214.5271   17.6609
    0.0000  -45.0000  -37.5000 2224.0591   17.6648
    7.5000  -45.0000  -37.5000 2206.6169   17.8164
   -7.5000  -37.5000  -37.5000 2279.0928   16.5555
    0.0000  -37.5000  -37.5000 2285.5383   16.5732
    7.5000  -37.5000  -37.5000 2270.0085   16.6531
   -7.5000  -30.0000  -37.5000 2328.3025   15.6685
    0.0000  -30.0000  -37.5000 2334.8511   15.6793
    7.5000  -30.0000  -37.5000 2318.0518   15.7498
   -7.5000  -22.5000  -37.5000 2367.0771   14.9648
    0.0000  -22.5000  -37.5000 2378.8125   14.9772
    7.5000  -22.5000  -37.5000 2355.1982   15.0529
   -7.5000  -15.0000  -37.5000 2387.8853   14.4931
    0.0000  -15.0000  -37.5000 2402.8887   14.5243
    7.5000  -15.0000  -37.5000 2379.4465   14.5858
   -7.5000   -7.5000  -37.5000 2397.7092   14.1946
    0.0000   -7.5000  -37.5000 2408.6565   14.1859
    7.5000   -7.5000  -37.5000 2389.7759   14.2723
   -7.5000    0.0000  -37.5000 2401.5098   14.0459
    0.0000    0.0000  -37.5000 2418.4209   13.9812
    7.5000    0.0000  -37.5000 2396.3442   14.0895
   -7.5000    7.5000  -37.5000 2398.1121   14.0724
    0.0000    7.5000  -37.5000 2416.8000   14.0421
    7.5000    7.5000  -37.5000 2393.7405   14.1430
   -7.5000   15.0000  -37.5000 2371.8850   14.4263
    0.0000   15.0000  -37.5000 2389.7827   14.3984
    7.5000   15.0000  -37.5000 2368.5049   14.5199
   -7.5000   22.5000  -37.5000 2322.2571   15.0426
    0.0000   22.5000  -37.5000 2340.3027   15.0172
    7.5000   22.5000  -37.5000 2320.4255   15.1446
   -7.5000   30.0000  -37.5000 2253.2957   15.9477
    0.0000   30.0000  -37.5000 2269.3630   15.8999
    7.5000   30.0000  -37.5000 2250.7566   16.0463
   -7.5000   37.5000  -37.5000 2171.5828   17.1951
    0.0000   37.5000  -37.5000 2184.4856   17.1231
    7.5000   37.5000  -37.5000 2162.9111   17.3063
   -7.5000   45.0000  -37.5000 2070.2891   18.9671
    0.0000   45.0000  -37.5000 2079.9182   18.8869
    7.5000   45.0000  -37.5000 2062.9387   19.0453
   -7.5000  -45.0000  -30.0000 2351.0483   16.8590
    0.0000  -45.0000  -30.0000 2362.2583   16.8449
    7.5000  -45.0000  -30.0000 2341.1709   16.9700
   -7.5000  -37.5000  -30.0000 2419.9180   15.7531
    0.0000  -37.5000  -30.0000 2425.4592   15.7700
    7.5000  -37.5000  -30.0000 2407.6138   15.8669
   -7.5000  -30.0000  -30.0000 2468.4194   14.9178
    0.0000  -30.0000  -30.0000 2479.7041   14.9287
    7.5000  -30.0000  -30.0000 2460.3770   15.0119
   -7.5000  -22.5000  -30.0000 2505.8972   14.3110
    0.0000  -22.5000  -30.0000 2523.0762   14.3134
    7.5000  -22.5000  -30.0000 2496.1541   14.3766
   -7.5000  -15.0000  -30.0000 2532.0813   13.8457
    0.0000  -15.0000  -30.0000 2545.7627   13.8554
    7.5000  -15.0000  -30.0000 2519.8181   13.9438
   -7.5000   -7.5000  -30.0000 2543.2847   13.5937
    0.0000   -7.5000  -30.0000 2556.5007   13.6018
    7.5000   -7.5000  -30.0000 2535.4792   13.6799
   -7.5000    0.0000  -30.0000 2542.7092   13.4925
    0.0000    0.0000  -30.0000 2562.3696   13.4591
    7.5000    0.0000  -30.0000 2537.7900   13.5430
   -7.5000    7.5000  -30.0000 2540.8691   13.5477
    0.0000    7.5000  -30.0000 2559.7400   13.5124
    7.5000    7.5000  -30.0000 2535.0029   13.6242
   -7.5000   15.0000  -30.0000 2514.0210   13.8672
    0.0000   15.0000  -30.0000 2534.0564   13.8485
    7.5000   15.0000  -30.0000 2508.6843   13.9577
   -7.5000   22.5000  -30.0000 2462.9824   14.4090
    0.0000   22.5000  -30.0000 2482.8477   14.3932
    7.5000   22.5000  -30.0000 2458.3523   14.5191
   -7.5000   30.0000  -30.0000 2390.9968   15.2092
    0.0000   30.0000  -30.0000 2407.2019   15.1899
    7.5000   30.0000  -30.0000 2383.3188   15.3214
   -7.5000   37.5000  -30.0000 2299.3647   16.3811
    0.0000   37.5000  -30.0000 2313.3574   16.3440
    7.5000   37.5000  -30.0000 2291.6208   16.4947
   -7.5000   45.0000  -30.0000 2187.5479   18.0315
    0.0000   45.0000  -30.0000 2199.7383   17.9479
    7.5000   45.0000  -30.0000 2181.9424   18.1002
   -7.5000  -45.0000  -22.5000 2454.3752   16.0317
    0.0000  -45.0000  -22.5000 2467.5100   16.0259
    7.5000  -45.0000  -22.5000 2445.2988   16.1295
   -7.5000  -37.5000  -22.5000 2519.3647   14.9826
    0.0000  -37.5000  -22.5000 2530.6250   14.9597
    7.5000  -37.5000  -22.5000 2511.7808   15.0612
   -7.5000  -30.0000  -22.5000 2571.9575   14.1545
    0.0000  -30.0000  -22.5000 2585.3193   14.1263
    7.5000  -30.0000  -22.5000 2562.4404   14.2315
   -7.5000  -22.5000  -22.5000 2609.5540   13.5760
    0.0000  -22.5000  -22.5000 2630.1440   13.5581
    7.5000  -22.5000  -22.5000 2600.8398   13.6308
   -7.5000  -15.0000  -22.5000 2640.2107   13.1619
    0.0000  -15.0000  -22.5000 2660.5713   13.1463
    7.5000  -15.0000  -22.5000 2633.2410   13.2241
   -7.5000   -7.5000  -22.5000 2660.5505   12.8943
    0.0000   -7.5000  -22.5000 2677.3245   12.8844
    7.5000   -7.5000  -22.5000 2650.7778   12.9547
   -7.5000    0.0000  -22.5000 2668.6655   12.8168
    0.0000    0.0000  -22.5000 2682.1243   12.8088
    7.5000    0.0000  -22.5000 2656.4126   12.8811
   -7.5000    7.5000  -22.5000 2659.7849   12.9346
    0.0000    7.5000  -22.5000 2678.8013   12.9326
    7.5000    7.5000  -22.5000 2649.7549   13.0082
   -7.5000   15.0000  -22.5000 2631.8242   13.2530
    0.0000   15.0000  -22.5000 2651.6614   13.2429
    7.5000   15.0000  -22.5000 2621.7246   13.3244
   -7.5000   22.5000  -22.5000 2579.1355   13.7234
    0.0000   22.5000  -22.5000 2600.5745   13.7211
    7.5000   22.5000  -22.5000 2569.8220   13.8210
   -7.5000   30.0000  -22.5000 2497.8594   14.4560
    0.0000   30.0000  -22.5000 2515.9163   14.4379
    7.5000   30.0000  -22.5000 2493.6804   14.5649
   -7.5000   37.5000  -22.5000 2398.8962   15.5338
    0.0000   37.5000  -22.5000 2414.4858   15.4958
    7.5000   37.5000  -22.5000 2394.9255   15.6407
   -7.5000   45.0000  -22.5000 2281.1233   17.1098
    0.0000   45.0000  -22.5000 2291.3848   17.0368
    7.5000   45.0000  -22.5000 2272.3005   17.1705
   -7.5000  -45.0000  -15.0000 2522.2173   15.3217
    0.0000  -45.0000  -15.0000 2534.2808   15.2936
    7.5000  -45.0000  -15.0000 2514.8010   15.4099
   -7.5000  -37.5000  -15.0000 2586.6179   14.2765
    0.0000  -37.5000  -15.0000 2601.5913   14.2360
    7.5000  -37.5000  -15.0000 2579.9062   14.3385
   -7.5000  -30.0000  -15.0000 2637.6904   13.4611
    0.0000  -30.0000  -15.0000 2650.0652   13.4176
    7.5000  -30.0000  -15.0000 2630.3223   13.5435
   -7.5000  -22.5000  -15.0000 2684.9551   12.8734
    0.0000  -22.5000  -15.0000 2699.4355   12.8228
    7.5000  -22.5000  -15.0000 2676.2395   12.9421
   -7.5000  -15.0000  -15.0000 2721.1035   12.4908
    0.0000  -15.0000  -15.0000 2736.0815   12.4323
    7.5000  -15.0000  -15.0000 2713.3691   12.5229
   -7.5000   -7.5000  -15.0000 2749.0579   12.2371
    0.0000   -7.5000  -15.0000 2765.5422   12.1892
    7.5000   -7.5000  -15.0000 2739.5364   12.2773
   -7.5000    0.0000  -15.0000 2761.1030   12.1452
    0.0000    0.0000  -15.0000 2776.8323   12.1528
    7.5000    0.0000  -15.0000 2746.8542   12.2154
   -7.5000    7.5000  -15.0000 2754.9858   12.2996
    0.0000    7.5000  -15.0000 2777.5886   12.3030
    7.5000    7.5000  -15.0000 2743.9988   12.3587
   -7.5000   15.0000  -15.0000 2727.8733   12.6249
    0.0000   15.0000  -15.0000 2749.5657   12.6273
    7.5000   15.0000  -15.0000 2714.5952   12.6800
   -7.5000   22.5000  -15.0000 2673.0730   13.0758
    0.0000   22.5000  -15.0000 2695.0225   13.0616
    7.5000   22.5000  -15.0000 2663.7571   13.1470
   -7.5000   30.0000  -15.0000 2584.8313   13.7623
    0.0000   30.0000  -15.0000 2605.0098   13.7291
    7.5000   30.0000  -15.0000 2578.9460   13.8557
   -7.5000   37.5000  -15.0000 2475.3499   14.7904
    0.0000   37.5000  -15.0000 2493.1780   14.7246
    7.5000   37.5000  -15.0000 2470.7463   14.8718
   -7.5000   45.0000  -15.0000 2346.1960   16.3101
    0.0000   45.0000  -15.0000 2361.6338   16.2450
    7.5000   45.0000  -15.0000 2339.4153   16.3589
   -7.5000  -45.0000   -7.5000 2564.4609   14.6873
    0.0000  -45.0000   -7.5000 2576.0093   14.6611
    7.5000  -45.0000   -7.5000 2556.5349   14.7836
   -7.5000  -37.5000   -7.5000 2631.4592   13.6356
    0.0000  -37.5000   -7.5000 2643.2759   13.5971
    7.5000  -37.5000   -7.5000 2626.3401   13.7372
   -7.5000  -30.0000   -7.5000 2684.3264   12.8417
    0.0000  -30.0000   -7.5000 2699.3618   12.7838
    7.5000  -30.0000   -7.5000 2680.0481   12.9260
   -7.5000  -22.5000   -7.5000 2735.7927   12.2385
    0.0000  -22.5000   -7.5000 2750.8230   12.1818
    7.5000  -22.5000   -7.5000 2729.3455   12.3183
   -7.5000  -15.0000   -7.5000 2780.7427   11.8502
    0.0000  -15.0000   -7.5000 2795.3926   11.7712
    7.5000  -15.0000   -7.5000 2776.6477   11.9086
   -7.5000   -7.5000   -7.5000 2815.1086   11.6182
    0.0000   -7.5000   -7.5000 2840.8530   11.5466
    7.5000   -7.5000   -7.5000 2812.5864   11.6554
   -7.5000    0.0000   -7.5000 2832.7390   11.5379
    0.0000    0.0000   -7.5000 2856.6208   11.4843
    7.5000    0.0000   -7.5000 2824.9382   11.5804
   -7.5000    7.5000   -7.5000 2833.7664   11.7059
    0.0000    7.5000   -7.5000 2858.0383   11.6800
    7.5000    7.5000   -7.5000 2825.2878   11.7315
   -7.5000   15.0000   -7.5000 2806.3862   12.0407
    0.0000   15.0000   -7.5000 2832.8833   12.0119
    7.5000   15.0000   -7.5000 2793.8203   12.0673
   -7.5000   22.5000   -7.5000 2744.8721   12.4792
    0.0000   22.5000   -7.5000 2768.0796   12.4589
    7.5000   22.5000   -7.5000 2733.9023   12.5361
   -7.5000   30.0000   -7.5000 2649.1963   13.1417
    0.0000   30.0000   -7.5000 2673.0935   13.0850
    7.5000   30.0000   -7.5000 2642.0339   13.2292
   -7.5000   37.5000   -7.5000 2528.6135   14.1392
    0.0000   37.5000   -7.5000 2548.8538   14.0662
    7.5000   37.5000   -7.5000 2521.2922   14.2321
   -7.5000   45.0000   -7.5000 2393.9863   15.6240
    0.0000   45.0000   -7.5000 2410.3823   15.5543
    7.5000   45.0000   -7.5000 2384.8459   15.6840
   -7.5000  -45.0000    0.0000 2587.8032   14.2763
    0.0000  -45.0000    0.0000 2604.9771   14.2412
    7.5000  -45.0000    0.0000 2584.3389   14.3910
   -7.5000  -37.5000    0.0000 2655.9758   13.2201
    0.0000  -37.5000    0.0000 2671.5093   13.1478
    7.5000  -37.5000    0.0000 2654.8506   13.3072
   -7.5000  -30.0000    0.0000 2713.1177   12.4080
    0.0000  -30.0000    0.0000 2732.6416   12.3342
    7.5000  -30.0000    0.0000 2714.6785   12.4640
   -7.5000  -22.5000    0.0000 2766.0068   11.7953
    0.0000  -22.5000    0.0000 2783.1147   11.7165
    7.5000  -22.5000    0.0000 2764.0708   11.8616
   -7.5000  -15.0000    0.0000 2821.5957   11.4114
    0.0000  -15.0000    0.0000 2840.3186   11.3198
    7.5000  -15.0000    0.0000 2820.4158   11.4533
   -7.5000   -7.5000    0.0000 2867.6182   11.2065
    0.0000   -7.5000    0.0000 2899.5903   11.1118
    7.5000   -7.5000    0.0000 2868.4038   11.2292
   -7.5000    0.0000    0.0000 2899.7129   11.1253
    0.0000    0.0000    0.0000 2932.2195   10.9926
    7.5000    0.0000    0.0000 2890.6184   11.1659
   -7.5000    7.5000    0.0000 2900.9685   11.2681
    0.0000    7.5000    0.0000 2927.2649   11.1530
    7.5000    7.5000    0.0000 2890.7437   11.3028
   -7.5000   15.0000    0.0000 2865.1638   11.6136
    0.0000   15.0000    0.0000 2887.7927   11.5189
    7.5000   15.0000    0.0000 2854.1104   11.6311
   -7.5000   22.5000    0.0000 2798.9011   12.0890
    0.0000   22.5000    0.0000 2822.2568   11.9990
    7.5000   22.5000    0.0000 2784.5503   12.1322
   -7.5000   30.0000    0.0000 2695.7612   12.7391
    0.0000   30.0000    0.0000 2717.8130   12.6565
    7.5000   30.0000    0.0000 2683.3276   12.8236
   -7.5000   37.5000    0.0000 2567.8000   13.7090
    0.0000   37.5000    0.0000 2584.4290   13.6244
    7.5000   37.5000    0.0000 2556.3279   13.8038
   -7.5000   45.0000    0.0000 2425.9663   15.1545
    0.0000   45.0000    0.0000 2442.3804   15.0587
    7.5000   45.0000    0.0000 2415.7827   15.2135
   -7.5000  -45.0000    7.5000 2588.4888   14.0795
    0.0000  -45.0000    7.5000 2610.0173   14.0057
    7.5000  -45.0000    7.5000 2595.4114   14.1950
   -7.5000  -37.5000    7.5000 2658.0442   12.9904
    0.0000  -37.5000    7.5000 2678.1011   12.9307
    7.5000  -37.5000    7.5000 2663.9990   13.0844
   -7.5000  -30.0000    7.5000 2723.7361   12.1395
    0.0000  -30.0000    7.5000 2743.4717   12.0810
    7.5000  -30.0000    7.5000 2725.5544   12.2119
   -7.5000  -22.5000    7.5000 2784.7361   11.5146
    0.0000  -22.5000    7.5000 2804.0098   11.4229
    7.5000  -22.5000    7.5000 2784.7463   11.5638
   -7.5000  -15.0000    7.5000 2848.3977   11.1262
    0.0000  -15.0000    7.5000 2869.5742   10.9998
    7.5000  -15.0000    7.5000 2848.3372   11.1735
   -7.5000   -7.5000    7.5000 2904.8157   10.9546
    0.0000   -7.5000    7.5000 2932.7429   10.8238
    7.5000   -7.5000    7.5000 2904.6453   10.9733
   -7.5000    0.0000    7.5000 2941.1472   10.9295
    0.0000    0.0000    7.5000 2977.3730   10.7526
    7.5000    0.0000    7.5000 2935.8057   10.9378
   -7.5000    7.5000    7.5000 2943.3762   11.0672
    0.0000    7.5000    7.5000 2973.9976   10.8619
    7.5000    7.5000    7.5000 2933.0212   11.0933
   -7.5000   15.0000    7.5000 2903.7576   11.3444
    0.0000   15.0000    7.5000 2926.1265   11.1777
    7.5000   15.0000    7.5000 2889.2332   11.3990
   -7.5000   22.5000    7.5000 2823.0112   11.8410
    0.0000   22.5000    7.5000 2845.3599   11.7160
    7.5000   22.5000    7.5000 2806.5415   11.8774
   -7.5000   30.0000    7.5000 2712.3098   12.5034
    0.0000   30.0000    7.5000 2731.7009   12.4176
    7.5000   30.0000    7.5000 2697.2710   12.5659
   -7.5000   37.5000    7.5000 2578.7490   13.4809
    0.0000   37.5000    7.5000 2594.2065   13.4060
    7.5000   37.5000    7.5000 2569.1621   13.5329
   -7.5000   45.0000    7.5000 2435.8413   14.8509
    0.0000   45.0000    7.5000 2452.6562   14.7943
    7.5000   45.0000    7.5000 2427.8669   14.9174
   -7.5000  -45.0000   15.0000 2580.5398   14.0546
    0.0000  -45.0000   15.0000 2604.7700   13.9725
    7.5000  -45.0000   15.0000 2588.5625   14.1311
   -7.5000  -37.5000   15.0000 2647.3245   12.9330
    0.0000  -37.5000   15.0000 2670.1343   12.8441
    7.5000  -37.5000   15.0000 2655.7290   13.0187
   -7.5000  -30.0000   15.0000 2707.7424   12.0799
    0.0000  -30.0000   15.0000 2730.3911   11.9715
    7.5000  -30.0000   15.0000 2713.6831   12.1470
   -7.5000  -22.5000   15.0000 2775.6367   11.4358
    0.0000  -22.5000   15.0000 2794.8210   11.3192
    7.5000  -22.5000   15.0000 2778.4624   11.4919
   -7.5000  -15.0000   15.0000 2846.0142   11.0342
    0.0000  -15.0000   15.0000 2867.9426   10.8878
    7.5000  -15.0000   15.0000 2844.4399   11.0831
   -7.5000   -7.5000   15.0000 2912.5254   10.8857
    0.0000   -7.5000   15.0000 2940.4172   10.7517
    7.5000   -7.5000   15.0000 2906.8745   10.8928
   -7.5000    0.0000   15.0000 2949.8394   10.8200
    0.0000    0.0000   15.0000 2982.4036   10.6889
    7.5000    0.0000   15.0000 2938.6016   10.8686
   -7.5000    7.5000   15.0000 2947.6904   10.9601
    0.0000    7.5000   15.0000 2973.8308   10.8050
    7.5000    7.5000   15.0000 2935.7280   11.0270
   -7.5000   15.0000   15.0000 2903.9456   11.2628
    0.0000   15.0000   15.0000 2925.8008   11.1364
    7.5000   15.0000   15.0000 2891.6582   11.3150
   -7.5000   22.5000   15.0000 2819.9810   11.7279
    0.0000   22.5000   15.0000 2841.4719   11.6218
    7.5000   22.5000   15.0000 2803.3750   11.7954
   -7.5000   30.0000   15.0000 2702.3105   12.4413
    0.0000   30.0000   15.0000 2719.2219   12.3383
    7.5000   30.0000   15.0000 2689.1814   12.4928
   -7.5000   37.5000   15.0000 2568.6018   13.4398
    0.0000   37.5000   15.0000 2584.0369   13.3415
    7.5000   37.5000   15.0000 2560.7336   13.4831
   -7.5000   45.0000   15.0000 2427.7725   14.7888
    0.0000   45.0000   15.0000 2440.4126   14.7048
    7.5000   45.0000   15.0000 2417.9534   14.8235
   -7.5000  -45.0000   22.5000 2565.2742   14.1970
    0.0000  -45.0000   22.5000 2589.8401   14.0926
    7.5000  -45.0000   22.5000 2570.7473   14.2922
   -7.5000  -37.5000   22.5000 2628.2249   13.0798
    0.0000  -37.5000   22.5000 2649.3374   12.9752
    7.5000  -37.5000   22.5000 2633.5566   13.1578
   -7.5000  -30.0000   22.5000 2688.0876   12.2083
    0.0000  -30.0000   22.5000 2707.2261   12.1006
    7.5000  -30.0000   22.5000 2689.1885   12.2712
   -7.5000  -22.5000   22.5000 2753.4104   11.5715
    0.0000  -22.5000   22.5000 2772.5593   11.4545
    7.5000  -22.5000   22.5000 2749.8069   11.6259
   -7.5000  -15.0000   22.5000 2823.1816   11.1703
    0.0000  -15.0000   22.5000 2846.5552   11.0345
    7.5000  -15.0000   22.5000 2818.9712   11.2047
   -7.5000   -7.5000   22.5000 2882.6851   10.9650
    0.0000   -7.5000   22.5000 2915.8513   10.8527
    7.5000   -7.5000   22.5000 2879.7798   11.0062
   -7.5000    0.0000   22.5000 2921.7051   10.9117
    0.0000    0.0000   22.5000 2956.5552   10.7484
    7.5000    0.0000   22.5000 2913.1414   11.0099
   -7.5000    7.5000   22.5000 2918.6838   11.0923
    0.0000    7.5000   22.5000 2945.9849   10.9463
    7.5000    7.5000   22.5000 2911.3672   11.1748
   -7.5000   15.0000   22.5000 2880.8257   11.3903
    0.0000   15.0000   22.5000 2901.7314   11.2513
    7.5000   15.0000   22.5000 2868.9275   11.4570
   -7.5000   22.5000   22.5000 2792.5188   11.8784
    0.0000   22.5000   22.5000 2811.2759   11.7576
    7.5000   22.5000   22.5000 2779.4260   11.9592
   -7.5000   30.0000   22.5000 2674.2366   12.5959
    0.0000   30.0000   22.5000 2689.9514   12.4847
    7.5000   30.0000   22.5000 2661.3066   12.6642
   -7.5000   37.5000   22.5000 2541.1538   13.6095
    0.0000   37.5000   22.5000 2555.2930   13.4786
    7.5000   37.5000   22.5000 2532.6274   13.6542
   -7.5000   45.0000   22.5000 2405.0627   14.9251
    0.0000   45.0000   22.5000 2417.7776   14.8212
    7.5000   45.0000   22.5000 2396.4944   14.9564
   -7.5000  -45.0000   30.0000 2542.4944   14.5356
    0.0000  -45.0000   30.0000 2559.9795   14.4152
    7.5000  -45.0000   30.0000 2541.7859   14.6233
   -7.5000  -37.5000   30.0000 2599.7822   13.3904
    0.0000  -37.5000   30.0000 2616.6189   13.2762
    7.5000  -37.5000   30.0000 2600.1763   13.4869
   -7.5000  -30.0000   30.0000 2661.3826   12.5138
    0.0000  -30.0000   30.0000 2678.5730   12.3845
    7.5000  -30.0000   30.0000 2658.2078   12.5922
   -7.5000  -22.5000   30.0000 2719.2927   11.8745
    0.0000  -22.5000   30.0000 2738.7654   11.7322
    7.5000  -22.5000   30.0000 2719.5530   11.9467
   -7.5000  -15.0000   30.0000 2780.1282   11.4677
    0.0000  -15.0000   30.0000 2802.1685   11.3364
    7.5000  -15.0000   30.0000 2778.1240   11.5221
   -7.5000   -7.5000   30.0000 2834.2185   11.2414
    0.0000   -7.5000   30.0000 2863.6782   11.1061
    7.5000   -7.5000   30.0000 2832.4121   11.3388
   -7.5000    0.0000   30.0000 2866.7092   11.2369
    0.0000    0.0000   30.0000 2897.3772   11.0801
    7.5000    0.0000   30.0000 2860.0325   11.3427
   -7.5000    7.5000   30.0000 2861.4910   11.4521
    0.0000    7.5000   30.0000 2887.0322   11.2955
    7.5000    7.5000   30.0000 2856.1260   11.5168
   -7.5000   15.0000   30.0000 2818.9590   11.7650
    0.0000   15.0000   30.0000 2838.8115   11.6157
    7.5000   15.0000   30.0000 2809.1040   11.8200
   -7.5000   22.5000   30.0000 2735.2595   12.2544
    0.0000   22.5000   30.0000 2755.1116   12.1145
    7.5000   22.5000   30.0000 2728.0535   12.3288
   -7.5000   30.0000   30.0000 2631.3479   12.9450
    0.0000   30.0000   30.0000 2644.5625   12.8140
    7.5000   30.0000   30.0000 2619.2629   13.0182
   -7.5000   37.5000   30.0000 2503.1775   13.9231
    0.0000   37.5000   30.0000 2519.3022   13.7912
    7.5000   37.5000   30.0000 2497.3176   13.9891
   -7.5000   45.0000   30.0000 2363.3303   15.2491
    0.0000   45.0000   30.0000 2379.9167   15.1293
    7.5000   45.0000   30.0000 2362.3545   15.2887
   -7.5000  -45.0000   37.5000 2497.4722   15.0605
    0.0000  -45.0000   37.5000 2515.6655   14.9130
    7.5000  -45.0000   37.5000 2500.8979   15.1737
   -7.5000  -37.5000   37.5000 2559.7415   13.8910
    0.0000  -37.5000   37.5000 2578.2092   13.7394
    7.5000  -37.5000   37.5000 2560.0081   13.9861
   -7.5000  -30.0000   37.5000 2622.7051   12.9873
    0.0000  -30.0000   37.5000 2639.6682   12.8496
    7.5000  -30.0000   37.5000 2619.0811   13.0771
   -7.5000  -22.5000   37.5000 2679.0303   12.3419
    0.0000  -22.5000   37.5000 2697.9802   12.1913
    7.5000  -22.5000   37.5000 2672.5852   12.4145
   -7.5000  -15.0000   37.5000 2732.1633   11.9391
    0.0000  -15.0000   37.5000 2754.0706   11.7765
    7.5000  -15.0000   37.5000 2727.7000   12.0148
   -7.5000   -7.5000   37.5000 2779.5876   11.7530
    0.0000   -7.5000   37.5000 2804.0356   11.5719
    7.5000   -7.5000   37.5000 2771.8242   11.8288
   -7.5000    0.0000   37.5000 2801.5522   11.7654
    0.0000    0.0000   37.5000 2820.1233   11.6151
    7.5000    0.0000   37.5000 2792.1750   11.8538
   -7.5000    7.5000   37.5000 2783.6343   12.0012
    0.0000    7.5000   37.5000 2804.9590   11.8548
    7.5000    7.5000   37.5000 2776.5938   12.0719
   -7.5000   15.0000   37.5000 2731.7317   12.3623
    0.0000   15.0000   37.5000 2751.3877   12.2103
    7.5000   15.0000   37.5000 2725.6523   12.4195
   -7.5000   22.5000   37.5000 2661.4412   12.8312
    0.0000   22.5000   37.5000 2679.8523   12.6889
    7.5000   22.5000   37.5000 2659.4915   12.8797
   -7.5000   30.0000   37.5000 2569.7905   13.4778
    0.0000   30.0000   37.5000 2583.1985   13.3488
    7.5000   30.0000   37.5000 2560.0120   13.5563
   -7.5000   37.5000   37.5000 2458.8843   14.4050
    0.0000   37.5000   37.5000 2470.3599   14.2928
    7.5000   37.5000   37.5000 2447.4146   14.4866
   -7.5000   45.0000   37.5000 2320.4370   15.6942
    0.0000   45.0000   37.5000 2334.7317   15.5777
    7.5000   45.0000   37.5000 2321.2395   15.7550
   -7.5000  -45.0000   45.0000 2446.9097   15.7545
    0.0000  -45.0000   45.0000 2462.5425   15.5874
    7.5000  -45.0000   45.0000 2451.0491   15.8559
   -7.5000  -37.5000   45.0000 2509.5977   14.5362
    0.0000  -37.5000   45.0000 2529.4558   14.3721
    7.5000  -37.5000   45.0000 2514.6348   14.6251
   -7.5000  -30.0000   45.0000 2572.9326   13.6161
    0.0000  -30.0000   45.0000 2594.6616   13.4635
    7.5000  -30.0000   45.0000 2573.8223   13.6903
   -7.5000  -22.5000   45.0000 2627.1658   12.9544
    0.0000  -22.5000   45.0000 2650.5884   12.7937
    7.5000  -22.5000   45.0000 2621.2976   13.0472
   -7.5000  -15.0000   45.0000 2669.9932   12.5614
    0.0000  -15.0000   45.0000 2697.7036   12.3825
    7.5000  -15.0000   45.0000 2663.9587   12.6398
   -7.5000   -7.5000   45.0000 2708.0618   12.4097
    0.0000   -7.5000   45.0000 2733.5847   12.2422
    7.5000   -7.5000   45.0000 2698.4172   12.4744
   -7.5000    0.0000   45.0000 2716.0872   12.4595
    0.0000    0.0000   45.0000 2731.8645   12.3135
    7.5000    0.0000   45.0000 2707.0415   12.5230
   -7.5000    7.5000   45.0000 2690.8782   12.7315
    0.0000    7.5000   45.0000 2711.2351   12.5618
    7.5000    7.5000   45.0000 2685.8711   12.7699
   -7.5000   15.0000   45.0000 2636.0969   13.1068
    0.0000   15.0000   45.0000 2655.9238   12.9602
    7.5000   15.0000   45.0000 2635.4204   13.1459
   -7.5000   22.5000   45.0000 2572.0493   13.5847
    0.0000   22.5000   45.0000 2587.3816   13.4404
    7.5000   22.5000   45.0000 2568.3923   13.6054
   -7.5000   30.0000   45.0000 2493.5959   14.1752
    0.0000   30.0000   45.0000 2511.4778   14.0432
    7.5000   30.0000   45.0000 2486.4885   14.2361
   -7.5000   37.5000   45.0000 2398.0728   15.0772
    0.0000   37.5000   45.0000 2411.7004   14.9655
    7.5000   37.5000   45.0000 2385.5391   15.1541
   -7.5000   45.0000   45.0000 2270.7561   16.3320
    0.0000   45.0000   45.0000 2283.4604   16.2283
    7.5000   45.0000   45.0000 2266.5444   16.3953

---------------------------------------------------------------------
imgreg_4dfp /opt/freesurfer/average/711-2C_as_mni_average_305 /opt/freesurfer/average/711-2B_as_mni_average_305_mask talsrcimg_g11 none talsrcimg_to_711-2C_as_mni_average_305_t4 1283
---------------------------------------------------------------------

freesurfer imgreg_4dfp.c
/opt/freesurfer/average/711-2C_as_mni_average_305.4dfp.img
       256       256       256         1
  1.000000  1.000000  1.000000
orientation T byte_order littleendian
Reading image: /opt/freesurfer/average/711-2C_as_mni_average_305.4dfp.img
dimensions:      256       256       256
mmppix:       1.0000   -1.0000   -1.0000
center:     128.0000 -129.0000 -129.0000
/opt/freesurfer/average/711-2B_as_mni_average_305_mask.4dfp.img
       256       256       256         1
  1.000000  1.000000  1.000000
orientation T byte_order littleendian
Reading mask: /opt/freesurfer/average/711-2B_as_mni_average_305_mask.4dfp.img (2306576 pixels)
talsrcimg_g11.4dfp.img
       256       256       256         1
  1.000000  1.000000  1.000000
orientation T byte_order littleendian
Reading image: talsrcimg_g11.4dfp.img
dimensions:      256       256       256
mmppix:       1.0000   -1.0000   -1.0000
center:     128.0000 -129.0000 -129.0000
rotation matrix determinant  1.000000
fimgreg.f
image alignment mode   1283 decimal      503 hex
parameters
    0.0000    0.0000   15.0000    0.0000    0.0000    0.0000
eta,q 0.93519 10.72616
niter,ni,del,rscale     5    3   12.0000    1.2000
parameter  2 -0.631365 -> -0.500000 qaram    1.1500
parameter  3  0.743683 ->  0.500000 qaram    1.1500
parameter  4-19.631580 ->  0.500000 qaram    1.1500
parameters
   -0.0561    3.4500   11.5500   -3.4500   -0.1166    1.2557
eta,q 0.94218 10.69932
  0.0745  0.0765  0.0629  0.0542  0.0615  0.0601
  0.0705  0.0724  0.0623  0.0573  0.0594  0.0593
  0.0678  0.0694  0.0629  0.0600  0.0581  0.0586
  0.0667  0.0666  0.0641  0.0622  0.0581  0.0581
  0.0669  0.0647  0.0653  0.0643  0.0586  0.0578
  0.0699  0.0644  0.0669  0.0665  0.0597  0.0581
  0.0757  0.0657  0.0696  0.0698  0.0615  0.0591
niter,ni,del,rscale     7    3   12.0000    1.2000
parameter  4  3.286505 ->  0.500000 qaram    1.3225
parameters
    0.1685    4.6985   11.9671   -7.4175    0.1818    1.2137
eta,q 0.94864 10.62884
  0.0683  0.0679  0.0635  0.0498  0.0577  0.0542
  0.0640  0.0634  0.0599  0.0508  0.0545  0.0529
  0.0603  0.0598  0.0582  0.0533  0.0523  0.0520
  0.0578  0.0577  0.0569  0.0567  0.0514  0.0514
  0.0580  0.0567  0.0568  0.0607  0.0519  0.0517
  0.0616  0.0587  0.0587  0.0636  0.0537  0.0528
  0.0683  0.0631  0.0625  0.0665  0.0566  0.0545
niter,ni,del,rscale     7    3   12.0000    1.2000
parameter  4  0.741060 ->  0.500000 qaram    1.5209
parameters
   -0.1352    5.9614   10.9687  -11.9801    0.4671    1.2220
eta,q 0.95213 10.59988
  0.0618  0.0651  0.0575  0.0491  0.0544  0.0511
  0.0572  0.0595  0.0540  0.0479  0.0509  0.0493
  0.0532  0.0538  0.0518  0.0488  0.0487  0.0480
  0.0514  0.0514  0.0516  0.0514  0.0479  0.0479
  0.0531  0.0522  0.0539  0.0548  0.0482  0.0486
  0.0581  0.0546  0.0573  0.0597  0.0501  0.0496
  0.0649  0.0578  0.0616  0.0644  0.0533  0.0506
niter,ni,del,rscale     7    3   12.0000    1.2000
parameters
   -0.4692    6.8771   10.3136  -14.6010    0.8551    0.7246
eta,q 0.95249 10.61744
  0.0592  0.0614  0.0552  0.0508  0.0545  0.0508
  0.0536  0.0550  0.0515  0.0490  0.0508  0.0490
  0.0491  0.0502  0.0484  0.0479  0.0485  0.0476
  0.0479  0.0478  0.0479  0.0477  0.0477  0.0477
  0.0503  0.0490  0.0498  0.0501  0.0480  0.0488
  0.0553  0.0520  0.0535  0.0539  0.0498  0.0501
  0.0620  0.0554  0.0588  0.0589  0.0529  0.0513
niter,ni,del,rscale     6    3   12.0000    1.2000
parameters
   -0.8531    7.9494    9.6191  -15.9528    1.3532    0.6394
eta,q 0.95275 10.65127
  0.0590  0.0603  0.0548  0.0520  0.0547  0.0502
  0.0535  0.0535  0.0503  0.0489  0.0507  0.0488
  0.0488  0.0493  0.0474  0.0476  0.0481  0.0476
  0.0475  0.0474  0.0473  0.0470  0.0473  0.0472
  0.0504  0.0479  0.0495  0.0488  0.0477  0.0477
  0.0556  0.0503  0.0529  0.0517  0.0496  0.0488
  0.0620  0.0537  0.0581  0.0558  0.0524  0.0505
niter,ni,del,rscale     5    3   12.0000    1.2000
parameters
   -1.1963    8.4946    9.1425  -16.5504    1.7030    0.5504
eta,q 0.95292 10.66622
  0.0592  0.0577  0.0554  0.0536  0.0542  0.0497
  0.0536  0.0517  0.0508  0.0492  0.0502  0.0484
  0.0489  0.0482  0.0474  0.0475  0.0477  0.0474
  0.0472  0.0472  0.0472  0.0470  0.0471  0.0471
  0.0499  0.0478  0.0492  0.0483  0.0477  0.0474
  0.0556  0.0500  0.0526  0.0513  0.0496  0.0484
  0.0623  0.0546  0.0575  0.0547  0.0523  0.0500
niter,ni,del,rscale     4    3   12.0000    1.2000
parameters
   -1.3777    8.6564    8.9278  -16.7594    1.8621    0.4473
eta,q 0.95299 10.67119
  0.0599  0.0565  0.0561  0.0546  0.0536  0.0496
  0.0539  0.0510  0.0516  0.0496  0.0497  0.0482
  0.0491  0.0478  0.0479  0.0475  0.0475  0.0473
  0.0471  0.0471  0.0471  0.0470  0.0470  0.0470
  0.0493  0.0477  0.0490  0.0481  0.0479  0.0473
  0.0549  0.0503  0.0522  0.0513  0.0497  0.0483
  0.0617  0.0557  0.0570  0.0543  0.0525  0.0499
niter,ni,del,rscale     3    3   12.0000    1.2000
parameters
   -1.4463    8.7103    8.8548  -16.8395    1.9270    0.3943
eta,q 0.95299 10.67290
  0.0604  0.0562  0.0564  0.0550  0.0534  0.0496
  0.0542  0.0508  0.0519  0.0498  0.0495  0.0482
  0.0493  0.0477  0.0481  0.0475  0.0474  0.0473
  0.0470  0.0470  0.0470  0.0470  0.0470  0.0470
  0.0490  0.0477  0.0488  0.0481  0.0479  0.0473
  0.0545  0.0504  0.0520  0.0512  0.0498  0.0482
  0.0612  0.0561  0.0568  0.0542  0.0526  0.0498
niter,ni,del,rscale     2    3   12.0000    1.2000
parameters
   -1.4715    8.7306    8.8281  -16.8685    1.9526    0.3695
eta,q 0.95299 10.67361
  0.0605  0.0561  0.0566  0.0551  0.0533  0.0496
  0.0543  0.0508  0.0520  0.0499  0.0494  0.0482
  0.0493  0.0477  0.0482  0.0475  0.0474  0.0473
  0.0470  0.0470  0.0470  0.0470  0.0470  0.0470
  0.0489  0.0476  0.0487  0.0481  0.0480  0.0473
  0.0543  0.0504  0.0519  0.0512  0.0498  0.0481
  0.0610  0.0562  0.0567  0.0542  0.0527  0.0497
registration optimization eta report
parameter search radius
    6.0000    6.9000    6.9000    9.1253    6.0000    6.0000
100000*second partial in parameter space
       37.       20.       20.        9.       17.        7.
  0.0605  0.0561  0.0566  0.0551  0.0533  0.0496
  0.0543  0.0508  0.0520  0.0499  0.0494  0.0482
  0.0493  0.0477  0.0482  0.0475  0.0474  0.0473
  0.0470  0.0470  0.0470  0.0470  0.0470  0.0470
  0.0489  0.0476  0.0487  0.0481  0.0480  0.0473
  0.0543  0.0504  0.0519  0.0512  0.0498  0.0481
  0.0610  0.0562  0.0567  0.0542  0.0527  0.0497
   -1.4715    8.7306    8.8281  -16.8685    1.9526    0.3695
eta,q 0.95299 10.67361

---------------------------------------------------------------------
imgreg_4dfp /opt/freesurfer/average/711-2C_as_mni_average_305 /opt/freesurfer/average/711-2B_as_mni_average_305_mask talsrcimg_g11 none talsrcimg_to_711-2C_as_mni_average_305_t4 3335
---------------------------------------------------------------------

freesurfer imgreg_4dfp.c
/opt/freesurfer/average/711-2C_as_mni_average_305.4dfp.img
       256       256       256         1
  1.000000  1.000000  1.000000
orientation T byte_order littleendian
Reading image: /opt/freesurfer/average/711-2C_as_mni_average_305.4dfp.img
dimensions:      256       256       256
mmppix:       1.0000   -1.0000   -1.0000
center:     128.0000 -129.0000 -129.0000
/opt/freesurfer/average/711-2B_as_mni_average_305_mask.4dfp.img
       256       256       256         1
  1.000000  1.000000  1.000000
orientation T byte_order littleendian
Reading mask: /opt/freesurfer/average/711-2B_as_mni_average_305_mask.4dfp.img (2306576 pixels)
talsrcimg_g11.4dfp.img
       256       256       256         1
  1.000000  1.000000  1.000000
orientation T byte_order littleendian
Reading image: talsrcimg_g11.4dfp.img
dimensions:      256       256       256
mmppix:       1.0000   -1.0000   -1.0000
center:     128.0000 -129.0000 -129.0000
fimgreg.f
image alignment mode   3335 decimal      D07 hex
parameters
   -1.4715    8.7306    8.8281   -0.0601   -4.2983   -4.3583
    0.3715   -3.4477    0.6445   28.9961    3.4073  -29.0008
eta,q 0.95473 10.70725
niter,ni,del,rscale     5    3    5.0000    1.2000
parameter  4  1.380758 ->  0.500000 qaram    1.1500
parameter  5  3.257195 ->  0.500000 qaram    1.1500
parameter  6  0.925463 ->  0.500000 qaram    1.1500
parameter 10  0.836705 ->  0.500000 qaram    1.1500
parameters
   -1.7210    9.3292    8.7212   -4.2001   -8.4383   -8.4983
    1.0479   -3.1920    1.3329   24.8561    2.0566  -28.8860
eta,q 0.96534 10.21098
  0.0468  0.0472  0.0463  0.0412  0.0364  0.0360  0.0384  0.0400  0.0378  0.0347  0.0353  0.0357
  0.0458  0.0463  0.0456  0.0419  0.0380  0.0361  0.0374  0.0381  0.0370  0.0346  0.0349  0.0352
  0.0454  0.0456  0.0453  0.0432  0.0399  0.0369  0.0366  0.0368  0.0365  0.0351  0.0347  0.0348
  0.0453  0.0453  0.0452  0.0452  0.0422  0.0385  0.0363  0.0362  0.0362  0.0362  0.0347  0.0347
  0.0456  0.0452  0.0453  0.0475  0.0446  0.0408  0.0364  0.0366  0.0363  0.0379  0.0349  0.0348
  0.0464  0.0454  0.0458  0.0502  0.0473  0.0437  0.0369  0.0377  0.0367  0.0400  0.0353  0.0351
  0.0476  0.0459  0.0465  0.0535  0.0500  0.0471  0.0377  0.0396  0.0373  0.0425  0.0360  0.0357
niter,ni,del,rscale     7    3    5.0000    1.2000
parameter  4  0.517080 ->  0.500000 qaram    1.3225
parameter  5  1.613517 ->  0.500000 qaram    1.3225
parameters
   -1.7869   10.1118    8.4777   -8.9611  -13.1993  -11.6467
    0.8806   -2.8458    2.1621   23.3248    3.1246  -29.0031
eta,q 0.96945  9.66350
  0.0372  0.0377  0.0356  0.0344  0.0296  0.0316  0.0323  0.0340  0.0326  0.0324  0.0316  0.0317
  0.0358  0.0363  0.0349  0.0339  0.0306  0.0309  0.0314  0.0323  0.0316  0.0313  0.0311  0.0311
  0.0349  0.0353  0.0345  0.0338  0.0320  0.0306  0.0308  0.0311  0.0310  0.0307  0.0308  0.0307
  0.0347  0.0347  0.0344  0.0344  0.0338  0.0309  0.0306  0.0306  0.0306  0.0306  0.0306  0.0305
  0.0350  0.0345  0.0347  0.0360  0.0362  0.0320  0.0309  0.0309  0.0307  0.0313  0.0306  0.0307
  0.0360  0.0347  0.0353  0.0385  0.0390  0.0340  0.0315  0.0318  0.0311  0.0326  0.0308  0.0311
  0.0375  0.0353  0.0362  0.0413  0.0420  0.0368  0.0325  0.0335  0.0319  0.0346  0.0311  0.0318
niter,ni,del,rscale     7    3    5.0000    1.2000
parameter  5  0.912785 ->  0.500000 qaram    1.5209
parameters
   -1.7228   10.5020    8.3431   -9.6886  -18.6744  -12.8564
    0.5903   -2.8772    1.8045   23.5030    3.0750  -30.0314
eta,q 0.97143  9.30003
  0.0330  0.0331  0.0316  0.0326  0.0284  0.0304  0.0305  0.0316  0.0304  0.0316  0.0294  0.0295
  0.0317  0.0318  0.0310  0.0316  0.0285  0.0293  0.0294  0.0300  0.0294  0.0298  0.0290  0.0289
  0.0309  0.0310  0.0306  0.0309  0.0293  0.0287  0.0288  0.0290  0.0287  0.0288  0.0287  0.0286
  0.0305  0.0305  0.0305  0.0305  0.0305  0.0287  0.0286  0.0286  0.0286  0.0286  0.0286  0.0286
  0.0308  0.0306  0.0307  0.0306  0.0323  0.0291  0.0289  0.0289  0.0289  0.0290  0.0287  0.0289
  0.0315  0.0310  0.0312  0.0317  0.0347  0.0302  0.0297  0.0300  0.0297  0.0299  0.0290  0.0294
  0.0328  0.0319  0.0319  0.0339  0.0377  0.0319  0.0308  0.0317  0.0308  0.0312  0.0294  0.0301
niter,ni,del,rscale     7    3    5.0000    1.2000
parameters
   -1.7235   11.0579    8.1146  -10.0605  -22.4046  -13.3774
    0.5292   -2.8183    1.4844   24.4877    2.8109  -30.7772
eta,q 0.97199  9.08008
  0.0310  0.0318  0.0295  0.0307  0.0296  0.0303  0.0300  0.0311  0.0299  0.0318  0.0287  0.0290
  0.0297  0.0302  0.0289  0.0295  0.0285  0.0290  0.0290  0.0295  0.0288  0.0298  0.0283  0.0284
  0.0288  0.0291  0.0285  0.0288  0.0280  0.0282  0.0282  0.0284  0.0282  0.0284  0.0281  0.0281
  0.0286  0.0286  0.0285  0.0285  0.0285  0.0280  0.0280  0.0280  0.0280  0.0280  0.0280  0.0280
  0.0288  0.0285  0.0287  0.0286  0.0298  0.0284  0.0283  0.0283  0.0283  0.0283  0.0281  0.0283
  0.0297  0.0289  0.0292  0.0295  0.0317  0.0294  0.0290  0.0294  0.0291  0.0291  0.0284  0.0288
  0.0310  0.0297  0.0300  0.0314  0.0342  0.0310  0.0301  0.0310  0.0302  0.0301  0.0288  0.0294
niter,ni,del,rscale     6    3    5.0000    1.2000
parameters
   -1.6861   11.6245    7.6731  -10.4699  -23.6354  -14.3020
    0.4576   -2.6325    1.2400   25.7942    2.8934  -30.9102
eta,q 0.97216  8.97994
  0.0304  0.0311  0.0287  0.0299  0.0304  0.0298  0.0298  0.0309  0.0296  0.0316  0.0284  0.0289
  0.0291  0.0295  0.0282  0.0288  0.0291  0.0286  0.0288  0.0293  0.0286  0.0296  0.0281  0.0283
  0.0283  0.0285  0.0279  0.0282  0.0281  0.0279  0.0280  0.0283  0.0280  0.0283  0.0279  0.0279
  0.0280  0.0280  0.0279  0.0279  0.0279  0.0279  0.0278  0.0278  0.0278  0.0278  0.0278  0.0278
  0.0283  0.0279  0.0282  0.0280  0.0286  0.0283  0.0281  0.0281  0.0281  0.0280  0.0279  0.0280
  0.0290  0.0283  0.0287  0.0288  0.0300  0.0293  0.0288  0.0291  0.0288  0.0287  0.0281  0.0284
  0.0303  0.0291  0.0295  0.0306  0.0320  0.0309  0.0299  0.0306  0.0298  0.0296  0.0284  0.0289
niter,ni,del,rscale     5    3    5.0000    1.2000
parameters
   -1.5854   12.1904    6.9934  -11.2528  -25.3650  -16.1006
    0.2865   -2.4185    0.8708   27.3849    2.9426  -30.2416
eta,q 0.97263  8.79203
  0.0303  0.0306  0.0282  0.0293  0.0298  0.0289  0.0293  0.0304  0.0292  0.0314  0.0279  0.0284
  0.0290  0.0292  0.0278  0.0284  0.0286  0.0280  0.0283  0.0289  0.0282  0.0295  0.0276  0.0279
  0.0282  0.0283  0.0277  0.0278  0.0278  0.0275  0.0277  0.0279  0.0276  0.0282  0.0274  0.0275
  0.0278  0.0278  0.0278  0.0277  0.0277  0.0276  0.0275  0.0275  0.0275  0.0275  0.0274  0.0274
  0.0280  0.0278  0.0281  0.0279  0.0284  0.0282  0.0278  0.0277  0.0278  0.0275  0.0274  0.0275
  0.0287  0.0281  0.0286  0.0286  0.0298  0.0293  0.0285  0.0287  0.0285  0.0281  0.0276  0.0277
  0.0299  0.0288  0.0294  0.0303  0.0318  0.0310  0.0295  0.0302  0.0295  0.0292  0.0279  0.0281
niter,ni,del,rscale     4    3    5.0000    1.2000
parameters
   -1.4736   12.9928    5.9215  -12.3854  -27.2132  -18.1068
    0.2405   -2.3196    0.6823   28.5990    2.4380  -30.0071
eta,q 0.97339  8.57955
  0.0297  0.0306  0.0273  0.0284  0.0292  0.0281  0.0285  0.0297  0.0287  0.0311  0.0272  0.0275
  0.0285  0.0291  0.0270  0.0275  0.0279  0.0272  0.0276  0.0282  0.0276  0.0291  0.0269  0.0270
  0.0277  0.0280  0.0270  0.0270  0.0270  0.0267  0.0269  0.0271  0.0269  0.0275  0.0267  0.0267
  0.0274  0.0274  0.0272  0.0270  0.0269  0.0269  0.0267  0.0267  0.0267  0.0267  0.0266  0.0266
  0.0276  0.0272  0.0276  0.0273  0.0278  0.0275  0.0269  0.0270  0.0270  0.0268  0.0267  0.0267
  0.0282  0.0274  0.0282  0.0280  0.0294  0.0288  0.0276  0.0281  0.0278  0.0277  0.0270  0.0270
  0.0294  0.0280  0.0290  0.0295  0.0316  0.0306  0.0286  0.0296  0.0289  0.0292  0.0274  0.0274
niter,ni,del,rscale     3    3    5.0000    1.2000
parameters
   -1.4402   13.3912    5.3053  -12.7746  -27.6805  -18.8862
    0.2371   -2.1997    0.6114   29.0495    2.2563  -30.2489
eta,q 0.97351  8.52185
  0.0288  0.0294  0.0271  0.0284  0.0297  0.0284  0.0283  0.0296  0.0286  0.0304  0.0272  0.0273
  0.0276  0.0280  0.0267  0.0273  0.0282  0.0273  0.0274  0.0280  0.0275  0.0284  0.0268  0.0268
  0.0269  0.0271  0.0265  0.0266  0.0270  0.0266  0.0267  0.0269  0.0267  0.0270  0.0266  0.0265
  0.0266  0.0266  0.0266  0.0265  0.0265  0.0265  0.0265  0.0265  0.0265  0.0265  0.0265  0.0265
  0.0268  0.0267  0.0269  0.0269  0.0269  0.0269  0.0267  0.0268  0.0268  0.0269  0.0266  0.0266
  0.0275  0.0271  0.0274  0.0275  0.0284  0.0278  0.0274  0.0279  0.0276  0.0280  0.0269  0.0269
  0.0287  0.0280  0.0281  0.0287  0.0305  0.0293  0.0283  0.0294  0.0287  0.0295  0.0272  0.0273
niter,ni,del,rscale     2    3    5.0000    1.2000
parameters
   -1.4021   13.5199    5.0409  -12.8876  -27.7976  -19.2232
    0.2037   -2.1196    0.5761   29.2581    2.1946  -30.3445
eta,q 0.97351  8.50544
  0.0287  0.0287  0.0272  0.0285  0.0298  0.0286  0.0283  0.0296  0.0286  0.0302  0.0272  0.0273
  0.0275  0.0275  0.0268  0.0274  0.0283  0.0274  0.0273  0.0280  0.0275  0.0282  0.0268  0.0268
  0.0268  0.0267  0.0265  0.0266  0.0271  0.0267  0.0267  0.0269  0.0267  0.0269  0.0266  0.0266
  0.0265  0.0265  0.0265  0.0265  0.0265  0.0265  0.0265  0.0265  0.0265  0.0265  0.0265  0.0265
  0.0267  0.0267  0.0267  0.0268  0.0268  0.0268  0.0267  0.0268  0.0268  0.0270  0.0266  0.0266
  0.0274  0.0273  0.0271  0.0275  0.0281  0.0276  0.0274  0.0279  0.0275  0.0281  0.0268  0.0269
  0.0286  0.0282  0.0277  0.0286  0.0303  0.0290  0.0284  0.0294  0.0287  0.0297  0.0272  0.0273
niter,ni,del,rscale     1    3    5.0000    1.2000
parameters
   -1.3786   13.5745    4.9311  -12.9328  -27.8406  -19.3689
    0.1828   -2.0772    0.5570   29.3484    2.1915  -30.3856
eta,q 0.97351  8.49924
  0.0286  0.0286  0.0273  0.0286  0.0298  0.0286  0.0283  0.0296  0.0287  0.0300  0.0272  0.0273
  0.0275  0.0274  0.0269  0.0274  0.0283  0.0275  0.0274  0.0280  0.0275  0.0281  0.0268  0.0268
  0.0267  0.0267  0.0266  0.0266  0.0271  0.0267  0.0267  0.0269  0.0267  0.0269  0.0266  0.0266
  0.0265  0.0265  0.0265  0.0265  0.0265  0.0265  0.0265  0.0265  0.0265  0.0265  0.0265  0.0265
  0.0267  0.0267  0.0266  0.0268  0.0268  0.0268  0.0267  0.0269  0.0268  0.0270  0.0266  0.0266
  0.0274  0.0274  0.0270  0.0275  0.0281  0.0275  0.0274  0.0279  0.0275  0.0282  0.0268  0.0269
  0.0286  0.0283  0.0275  0.0286  0.0302  0.0288  0.0284  0.0295  0.0287  0.0297  0.0272  0.0273
registration optimization eta report
parameter search radius
    2.4000    2.4000    2.4000    9.5220   10.9503    8.2800
    7.2000    7.2000    7.2000    8.2800    7.2000    7.2000
100000*second partial in parameter space
       37.       34.       16.        2.        3.        3.
        4.        6.        4.        5.        1.        2.
  0.0286  0.0286  0.0273  0.0286  0.0298  0.0286  0.0283  0.0296  0.0287  0.0300  0.0272  0.0273
  0.0275  0.0274  0.0269  0.0274  0.0283  0.0275  0.0274  0.0280  0.0275  0.0281  0.0268  0.0268
  0.0267  0.0267  0.0266  0.0266  0.0271  0.0267  0.0267  0.0269  0.0267  0.0269  0.0266  0.0266
  0.0265  0.0265  0.0265  0.0265  0.0265  0.0265  0.0265  0.0265  0.0265  0.0265  0.0265  0.0265
  0.0267  0.0267  0.0266  0.0268  0.0268  0.0268  0.0267  0.0269  0.0268  0.0270  0.0266  0.0266
  0.0274  0.0274  0.0270  0.0275  0.0281  0.0275  0.0274  0.0279  0.0275  0.0282  0.0268  0.0269
  0.0286  0.0283  0.0275  0.0286  0.0302  0.0288  0.0284  0.0295  0.0287  0.0297  0.0272  0.0273
   -1.3786   13.5745    4.9311  -12.9328  -27.8406  -19.3689
    0.1828   -2.0772    0.5570   29.3484    2.1915  -30.3856
eta,q 0.97351  8.49924

---------------------------------------------------------------------
imgreg_4dfp /opt/freesurfer/average/711-2C_as_mni_average_305 /opt/freesurfer/average/711-2B_as_mni_average_305_mask talsrcimg_g11 none talsrcimg_to_711-2C_as_mni_average_305_t4 2311
---------------------------------------------------------------------

freesurfer imgreg_4dfp.c
/opt/freesurfer/average/711-2C_as_mni_average_305.4dfp.img
       256       256       256         1
  1.000000  1.000000  1.000000
orientation T byte_order littleendian
Reading image: /opt/freesurfer/average/711-2C_as_mni_average_305.4dfp.img
dimensions:      256       256       256
mmppix:       1.0000   -1.0000   -1.0000
center:     128.0000 -129.0000 -129.0000
/opt/freesurfer/average/711-2B_as_mni_average_305_mask.4dfp.img
       256       256       256         1
  1.000000  1.000000  1.000000
orientation T byte_order littleendian
Reading mask: /opt/freesurfer/average/711-2B_as_mni_average_305_mask.4dfp.img (2306576 pixels)
talsrcimg_g11.4dfp.img
       256       256       256         1
  1.000000  1.000000  1.000000
orientation T byte_order littleendian
Reading image: talsrcimg_g11.4dfp.img
dimensions:      256       256       256
mmppix:       1.0000   -1.0000   -1.0000
center:     128.0000 -129.0000 -129.0000
fimgreg.f
image alignment mode   2311 decimal      907 hex
parameters
   -1.3786   13.5745    4.9311  -12.9328  -27.8406  -19.3689
    0.1828   -2.0772    0.5570   29.3484    2.1915  -30.3856
eta,q 0.97351  8.49924
niter,ni,del,rscale     5    3    5.0000    0.8000
parameters
   -1.3565   13.5358    4.9100  -13.2955  -27.1567  -19.3691
    0.2100   -2.0921    0.5507   29.1040    2.0939  -30.4277
eta,q 0.97355  8.51053
  0.0275  0.0273  0.0269  0.0270  0.0275  0.0272  0.0273  0.0279  0.0275  0.0276  0.0268  0.0268
  0.0269  0.0268  0.0267  0.0267  0.0270  0.0268  0.0269  0.0271  0.0269  0.0270  0.0266  0.0266
  0.0266  0.0266  0.0265  0.0265  0.0267  0.0265  0.0266  0.0266  0.0266  0.0265  0.0265  0.0265
  0.0265  0.0265  0.0265  0.0265  0.0265  0.0265  0.0265  0.0265  0.0265  0.0265  0.0264  0.0265
  0.0266  0.0266  0.0265  0.0266  0.0265  0.0266  0.0265  0.0266  0.0266  0.0267  0.0265  0.0265
  0.0269  0.0269  0.0267  0.0268  0.0267  0.0268  0.0268  0.0271  0.0269  0.0272  0.0266  0.0266
  0.0274  0.0274  0.0269  0.0271  0.0271  0.0272  0.0273  0.0279  0.0275  0.0279  0.0268  0.0268
niter,ni,del,rscale     4    3    5.0000    0.7000
parameters
   -1.3570   13.4739    4.9252  -13.3479  -27.0614  -19.3289
    0.2126   -2.0972    0.5871   29.0230    2.0810  -30.4351
eta,q 0.97356  8.51218
  0.0272  0.0271  0.0268  0.0269  0.0271  0.0271  0.0271  0.0276  0.0273  0.0274  0.0267  0.0267
  0.0268  0.0267  0.0266  0.0266  0.0268  0.0267  0.0267  0.0270  0.0268  0.0269  0.0266  0.0266
  0.0265  0.0265  0.0265  0.0265  0.0265  0.0265  0.0265  0.0266  0.0265  0.0265  0.0265  0.0265
  0.0264  0.0264  0.0264  0.0264  0.0264  0.0264  0.0264  0.0264  0.0264  0.0264  0.0264  0.0264
  0.0265  0.0266  0.0265  0.0265  0.0265  0.0265  0.0265  0.0266  0.0265  0.0266  0.0265  0.0265
  0.0268  0.0268  0.0266  0.0267  0.0267  0.0267  0.0267  0.0270  0.0268  0.0270  0.0266  0.0266
  0.0272  0.0272  0.0268  0.0269  0.0271  0.0270  0.0271  0.0276  0.0272  0.0275  0.0267  0.0267
niter,ni,del,rscale     3    3    5.0000    0.6000
parameters
   -1.3594   13.4466    4.9382  -13.3936  -27.0125  -19.3222
    0.2176   -2.1085    0.5876   28.9726    2.0239  -30.4170
eta,q 0.97356  8.51136
  0.0270  0.0269  0.0267  0.0268  0.0269  0.0269  0.0269  0.0273  0.0270  0.0272  0.0266  0.0267
  0.0267  0.0266  0.0266  0.0266  0.0267  0.0266  0.0267  0.0268  0.0267  0.0268  0.0265  0.0265
  0.0265  0.0265  0.0265  0.0265  0.0265  0.0265  0.0265  0.0265  0.0265  0.0265  0.0265  0.0265
  0.0264  0.0264  0.0264  0.0264  0.0264  0.0264  0.0264  0.0264  0.0264  0.0264  0.0264  0.0264
  0.0265  0.0265  0.0265  0.0265  0.0265  0.0265  0.0265  0.0265  0.0265  0.0265  0.0265  0.0265
  0.0267  0.0267  0.0265  0.0266  0.0266  0.0267  0.0267  0.0268  0.0267  0.0268  0.0265  0.0265
  0.0270  0.0270  0.0267  0.0268  0.0269  0.0269  0.0269  0.0273  0.0270  0.0272  0.0266  0.0266
niter,ni,del,rscale     2    3    5.0000    0.5000
parameters
   -1.3595   13.4263    4.9518  -13.4594  -26.9875  -19.3160
    0.2252   -2.1060    0.6038   28.9390    1.9926  -30.4423
eta,q 0.97356  8.50949
  0.0268  0.0268  0.0266  0.0267  0.0268  0.0268  0.0268  0.0270  0.0269  0.0270  0.0266  0.0266
  0.0266  0.0266  0.0265  0.0265  0.0266  0.0266  0.0266  0.0267  0.0266  0.0267  0.0265  0.0265
  0.0265  0.0265  0.0265  0.0265  0.0265  0.0265  0.0265  0.0265  0.0265  0.0265  0.0264  0.0265
  0.0264  0.0264  0.0264  0.0264  0.0264  0.0264  0.0264  0.0264  0.0264  0.0264  0.0264  0.0264
  0.0265  0.0265  0.0265  0.0265  0.0265  0.0265  0.0265  0.0265  0.0265  0.0265  0.0265  0.0265
  0.0266  0.0266  0.0265  0.0266  0.0266  0.0266  0.0266  0.0267  0.0266  0.0267  0.0265  0.0265
  0.0268  0.0268  0.0266  0.0267  0.0268  0.0268  0.0268  0.0270  0.0268  0.0270  0.0266  0.0266
niter,ni,del,rscale     1    3    5.0000    0.4000
parameters
   -1.3618   13.4135    4.9627  -13.4959  -26.9615  -19.3096
    0.2155   -2.1291    0.6119   28.9196    1.9610  -30.4609
eta,q 0.97356  8.50925
  0.0267  0.0267  0.0266  0.0266  0.0267  0.0266  0.0267  0.0268  0.0267  0.0268  0.0265  0.0265
  0.0265  0.0265  0.0265  0.0265  0.0265  0.0265  0.0265  0.0266  0.0266  0.0266  0.0265  0.0265
  0.0265  0.0265  0.0264  0.0264  0.0265  0.0265  0.0265  0.0265  0.0265  0.0265  0.0264  0.0264
  0.0264  0.0264  0.0264  0.0264  0.0264  0.0264  0.0264  0.0264  0.0264  0.0264  0.0264  0.0264
  0.0265  0.0265  0.0265  0.0265  0.0265  0.0265  0.0265  0.0265  0.0265  0.0265  0.0264  0.0265
  0.0265  0.0265  0.0265  0.0265  0.0265  0.0265  0.0265  0.0266  0.0266  0.0266  0.0265  0.0265
  0.0267  0.0267  0.0265  0.0266  0.0267  0.0266  0.0267  0.0268  0.0267  0.0268  0.0265  0.0265
registration optimization eta report
parameter search radius
    0.8000    0.8000    0.8000    2.4000    2.4000    2.4000
    2.4000    2.4000    2.4000    2.4000    2.4000    2.4000
100000*second partial in parameter space
       38.       36.       17.        3.        4.        4.
        4.        7.        5.        6.        2.        2.
  0.0267  0.0267  0.0266  0.0266  0.0267  0.0266  0.0267  0.0268  0.0267  0.0268  0.0265  0.0265
  0.0265  0.0265  0.0265  0.0265  0.0265  0.0265  0.0265  0.0266  0.0266  0.0266  0.0265  0.0265
  0.0265  0.0265  0.0264  0.0264  0.0265  0.0265  0.0265  0.0265  0.0265  0.0265  0.0264  0.0264
  0.0264  0.0264  0.0264  0.0264  0.0264  0.0264  0.0264  0.0264  0.0264  0.0264  0.0264  0.0264
  0.0265  0.0265  0.0265  0.0265  0.0265  0.0265  0.0265  0.0265  0.0265  0.0265  0.0264  0.0265
  0.0265  0.0265  0.0265  0.0265  0.0265  0.0265  0.0265  0.0266  0.0266  0.0266  0.0265  0.0265
  0.0267  0.0267  0.0265  0.0266  0.0267  0.0266  0.0267  0.0268  0.0267  0.0268  0.0265  0.0265
   -1.3618   13.4135    4.9627  -13.4959  -26.9615  -19.3096
    0.2155   -2.1291    0.6119   28.9196    1.9610  -30.4609
eta,q 0.97356  8.50925

---------------------------------------------------------------------
imgreg_4dfp /opt/freesurfer/average/711-2C_as_mni_average_305 /opt/freesurfer/average/711-2B_as_mni_average_305_mask talsrcimg_g11 none talsrcimg_to_711-2C_as_mni_average_305_t4 2311
---------------------------------------------------------------------

freesurfer imgreg_4dfp.c
/opt/freesurfer/average/711-2C_as_mni_average_305.4dfp.img
       256       256       256         1
  1.000000  1.000000  1.000000
orientation T byte_order littleendian
Reading image: /opt/freesurfer/average/711-2C_as_mni_average_305.4dfp.img
dimensions:      256       256       256
mmppix:       1.0000   -1.0000   -1.0000
center:     128.0000 -129.0000 -129.0000
/opt/freesurfer/average/711-2B_as_mni_average_305_mask.4dfp.img
       256       256       256         1
  1.000000  1.000000  1.000000
orientation T byte_order littleendian
Reading mask: /opt/freesurfer/average/711-2B_as_mni_average_305_mask.4dfp.img (2306576 pixels)
talsrcimg_g11.4dfp.img
       256       256       256         1
  1.000000  1.000000  1.000000
orientation T byte_order littleendian
Reading image: talsrcimg_g11.4dfp.img
dimensions:      256       256       256
mmppix:       1.0000   -1.0000   -1.0000
center:     128.0000 -129.0000 -129.0000
fimgreg.f
image alignment mode   2311 decimal      907 hex
parameters
   -1.3618   13.4135    4.9627  -13.4959  -26.9615  -19.3096
    0.2155   -2.1291    0.6119   28.9196    1.9610  -30.4609
eta,q 0.97356  8.50925
niter,ni,del,rscale     5    3    5.0000    0.8000
parameters
   -1.3677   13.4529    4.9413  -13.2715  -27.0616  -19.2786
    0.2009   -2.0982    0.6200   29.0295    2.0990  -30.3993
eta,q 0.97355  8.51668
  0.0274  0.0274  0.0269  0.0271  0.0272  0.0273  0.0273  0.0279  0.0275  0.0279  0.0268  0.0268
  0.0269  0.0269  0.0266  0.0267  0.0268  0.0268  0.0268  0.0271  0.0269  0.0271  0.0266  0.0266
  0.0265  0.0265  0.0265  0.0265  0.0265  0.0265  0.0265  0.0266  0.0266  0.0266  0.0265  0.0265
  0.0264  0.0264  0.0264  0.0264  0.0264  0.0264  0.0264  0.0264  0.0264  0.0264  0.0264  0.0264
  0.0265  0.0265  0.0265  0.0265  0.0265  0.0265  0.0265  0.0266  0.0266  0.0266  0.0265  0.0265
  0.0269  0.0268  0.0266  0.0267  0.0268  0.0268  0.0268  0.0271  0.0269  0.0270  0.0266  0.0266
  0.0274  0.0273  0.0269  0.0269  0.0273  0.0272  0.0273  0.0279  0.0275  0.0277  0.0268  0.0268
niter,ni,del,rscale     4    3    5.0000    0.7000
parameters
   -1.3625   13.4544    4.9588  -13.3233  -27.0395  -19.2914
    0.2045   -2.1135    0.5962   28.9957    2.0824  -30.4296
eta,q 0.97356  8.51492
  0.0272  0.0271  0.0268  0.0269  0.0271  0.0271  0.0271  0.0276  0.0272  0.0275  0.0267  0.0267
  0.0268  0.0267  0.0266  0.0266  0.0267  0.0267  0.0267  0.0270  0.0268  0.0269  0.0266  0.0266
  0.0265  0.0265  0.0265  0.0265  0.0265  0.0265  0.0265  0.0266  0.0265  0.0265  0.0265  0.0265
  0.0264  0.0264  0.0264  0.0264  0.0264  0.0264  0.0264  0.0264  0.0264  0.0264  0.0264  0.0264
  0.0265  0.0265  0.0265  0.0265  0.0265  0.0265  0.0265  0.0266  0.0265  0.0266  0.0265  0.0265
  0.0268  0.0268  0.0266  0.0267  0.0267  0.0267  0.0267  0.0270  0.0268  0.0269  0.0266  0.0266
  0.0272  0.0271  0.0268  0.0269  0.0271  0.0271  0.0271  0.0276  0.0272  0.0275  0.0267  0.0267
niter,ni,del,rscale     3    3    5.0000    0.6000
parameters
   -1.3598   13.4384    4.9502  -13.4055  -27.0142  -19.3098
    0.2108   -2.1100    0.5975   28.9628    2.0471  -30.4064
eta,q 0.97356  8.51087
  0.0270  0.0269  0.0267  0.0268  0.0269  0.0269  0.0269  0.0273  0.0270  0.0272  0.0266  0.0267
  0.0267  0.0267  0.0266  0.0266  0.0267  0.0266  0.0267  0.0268  0.0267  0.0268  0.0265  0.0265
  0.0265  0.0265  0.0265  0.0265  0.0265  0.0265  0.0265  0.0265  0.0265  0.0265  0.0265  0.0265
  0.0264  0.0264  0.0264  0.0264  0.0264  0.0264  0.0264  0.0264  0.0264  0.0264  0.0264  0.0264
  0.0265  0.0265  0.0265  0.0265  0.0265  0.0265  0.0265  0.0265  0.0265  0.0265  0.0265  0.0265
  0.0267  0.0267  0.0266  0.0266  0.0266  0.0267  0.0267  0.0268  0.0267  0.0268  0.0265  0.0265
  0.0270  0.0270  0.0267  0.0268  0.0269  0.0269  0.0269  0.0273  0.0270  0.0272  0.0266  0.0266
niter,ni,del,rscale     2    3    5.0000    0.5000
parameters
   -1.3595   13.4252    4.9578  -13.4594  -26.9797  -19.3089
    0.2122   -2.1116    0.6085   28.9328    2.0153  -30.4203
eta,q 0.97356  8.50975
  0.0268  0.0268  0.0266  0.0267  0.0268  0.0268  0.0268  0.0270  0.0269  0.0270  0.0266  0.0266
  0.0266  0.0266  0.0265  0.0265  0.0266  0.0266  0.0266  0.0267  0.0266  0.0267  0.0265  0.0265
  0.0265  0.0265  0.0265  0.0264  0.0265  0.0265  0.0265  0.0265  0.0265  0.0265  0.0265  0.0265
  0.0264  0.0264  0.0264  0.0264  0.0264  0.0264  0.0264  0.0264  0.0264  0.0264  0.0264  0.0264
  0.0265  0.0265  0.0265  0.0265  0.0265  0.0265  0.0265  0.0265  0.0265  0.0265  0.0265  0.0265
  0.0266  0.0266  0.0265  0.0266  0.0266  0.0266  0.0266  0.0267  0.0266  0.0267  0.0265  0.0265
  0.0268  0.0268  0.0266  0.0267  0.0268  0.0268  0.0268  0.0270  0.0268  0.0270  0.0266  0.0266
niter,ni,del,rscale     1    3    5.0000    0.4000
parameters
   -1.3574   13.4125    4.9553  -13.5088  -26.9749  -19.3182
    0.2208   -2.1341    0.6106   28.9208    1.9580  -30.4590
eta,q 0.97356  8.50774
  0.0267  0.0267  0.0265  0.0266  0.0267  0.0266  0.0267  0.0268  0.0267  0.0268  0.0265  0.0265
  0.0265  0.0265  0.0265  0.0265  0.0265  0.0265  0.0265  0.0266  0.0266  0.0266  0.0265  0.0265
  0.0265  0.0265  0.0264  0.0264  0.0265  0.0265  0.0265  0.0265  0.0265  0.0265  0.0264  0.0264
  0.0264  0.0264  0.0264  0.0264  0.0264  0.0264  0.0264  0.0264  0.0264  0.0264  0.0264  0.0264
  0.0265  0.0265  0.0265  0.0265  0.0265  0.0265  0.0265  0.0265  0.0265  0.0265  0.0264  0.0265
  0.0265  0.0266  0.0265  0.0265  0.0265  0.0265  0.0265  0.0266  0.0266  0.0266  0.0265  0.0265
  0.0267  0.0267  0.0265  0.0266  0.0267  0.0266  0.0267  0.0268  0.0267  0.0268  0.0265  0.0265
registration optimization eta report
parameter search radius
    0.8000    0.8000    0.8000    2.4000    2.4000    2.4000
    2.4000    2.4000    2.4000    2.4000    2.4000    2.4000
100000*second partial in parameter space
       38.       35.       17.        3.        4.        4.
        4.        7.        5.        6.        2.        2.
  0.0267  0.0267  0.0265  0.0266  0.0267  0.0266  0.0267  0.0268  0.0267  0.0268  0.0265  0.0265
  0.0265  0.0265  0.0265  0.0265  0.0265  0.0265  0.0265  0.0266  0.0266  0.0266  0.0265  0.0265
  0.0265  0.0265  0.0264  0.0264  0.0265  0.0265  0.0265  0.0265  0.0265  0.0265  0.0264  0.0264
  0.0264  0.0264  0.0264  0.0264  0.0264  0.0264  0.0264  0.0264  0.0264  0.0264  0.0264  0.0264
  0.0265  0.0265  0.0265  0.0265  0.0265  0.0265  0.0265  0.0265  0.0265  0.0265  0.0264  0.0265
  0.0265  0.0266  0.0265  0.0265  0.0265  0.0265  0.0265  0.0266  0.0266  0.0266  0.0265  0.0265
  0.0267  0.0267  0.0265  0.0266  0.0267  0.0266  0.0267  0.0268  0.0267  0.0268  0.0265  0.0265
   -1.3574   13.4125    4.9553  -13.5088  -26.9749  -19.3182
    0.2208   -2.1341    0.6106   28.9208    1.9580  -30.4590
eta,q 0.97356  8.50774

---------------------------------------------------------------------
compute_vox2vox talsrcimg talsrcimg_to_711-2C_as_mni_average_305_t4 /opt/freesurfer/average/711-2C_as_mni_average_305
---------------------------------------------------------------------

freesurfer compute_vox2vox.c
Reading: talsrcimg.4dfp.ifh
Reading: talsrcimg_to_711-2C_as_mni_average_305_t4
Reading: /opt/freesurfer/average/711-2C_as_mni_average_305.4dfp.ifh
Writing: talsrcimg_to_711-2C_as_mni_average_305_t4_vox2vox.txt

start time Sun Mar 8 16:52:45 CET 2026
end		time Sun Mar 8 16:54:15 CET 2026

mpr2mni305 success

avi2talxfm orig_nu.mgz /opt/freesurfer/average/mni305.cor.mgz talsrcimg_to_711-2C_as_mni_average_305_t4_vox2vox.txt transforms/talairach.auto.xfm
avi2talxfm done
mv -f /out/sourcedata/freesurfer/sub-v1s13x0050055_ses-1/mri/talsrcimg_to_711-2C_as_mni_average_305_t4_vox2vox.txt /out/sourcedata/freesurfer/sub-v1s13x0050055_ses-1/mri/transforms/talsrcimg_to_711-2C_as_mni_average_305_t4_vox2vox.txt
lta_convert --src orig_nu.mgz --trg /opt/freesurfer/average/mni305.cor.mgz --inxfm transforms/talairach.auto.xfm --outlta transforms/talairach.auto.xfm.lta --subject fsaverage
7.3.2

--src: orig_nu.mgz src image (geometry).
--trg: /opt/freesurfer/average/mni305.cor.mgz trg image (geometry).
--inmni: transforms/talairach.auto.xfm input MNI/XFM transform.
--outlta: transforms/talairach.auto.xfm.lta output LTA.
--s: fsaverage subject name
 LTA read, type : 1
 1.15550   0.02768   0.00805   0.86440;
-0.02757   1.07757   0.44954  -4.11972;
 0.00126  -0.42699   1.19129   8.22736;
 0.00000   0.00000   0.00000   1.00000;
setting subject to fsaverage
Writing  LTA to file transforms/talairach.auto.xfm.lta...
lta_convert successful.
 
 
Started at Sun Mar 8 16:52:44 CET 2026
Ended   at Sun Mar  8 16:54:15 CET 2026
talairach_avi done
