/out/sourcedata/freesurfer/sub-v1s13x0050058_ses-1/mri
/opt/freesurfer/bin/talairach_avi
--i orig_nu.mgz --xfm transforms/talairach.auto.xfm
talairach_avi 7.3.2
Linux dna030 5.14.0-427.37.1.el9_4.x86_64 #1 SMP PREEMPT_DYNAMIC Fri Sep 13 12:41:50 EDT 2024 x86_64 x86_64 x86_64 GNU/Linux
Sun Mar  8 17:04:55 CET 2026
mri_convert orig_nu.mgz talsrcimg.img 
reading from orig_nu.mgz...
TR=0.00, TE=0.00, TI=0.00, flip angle=0.00
i_ras = (-1, 0, 0)
j_ras = (0, 0, -1)
k_ras = (0, 1, 0)
writing to talsrcimg.img...
Analyze Output Matrix
-1.00000   0.00000   0.00000   130.25137;
 0.00000   0.00000   1.00000  -127.94919;
 0.00000  -1.00000   0.00000   124.96603;
 0.00000   0.00000   0.00000   1.00000;
--------------------
INFO: set hdr.hist.orient to -1
mpr2mni305 talsrcimg
Sun Mar  8 17:04:55 CET 2026
/opt/freesurfer/bin/mpr2mni305 talsrcimg
mpr2mni305 7.3.2
target=711-2C_as_mni_average_305

---------------------------------------------------------------------
analyzeto4dfp talsrcimg -O0 -y
---------------------------------------------------------------------

freesurfer ifh2hdr.c
Sun Mar  8 17:04:55 2026
Writing: talsrcimg.4dfp.hdr
freesurfer analyzeto4dfp.c
Reading: talsrcimg.hdr
header size 348 bytes
hdr.dime.datatype	offset=70	value=2
hdr.dime.bitpix		offset=72	value=8
hdr.hist.orient		offset=252	value=-1
dimensionality     4
dimensions       256       256       256         1
Reading: talsrcimg.img
Writing: talsrcimg.4dfp.img
Writing: talsrcimg.4dfp.ifh
ifh2hdr talsrcimg -r0to218
ori=2

---------------------------------------------------------------------
gauss_4dfp talsrcimg 1.1
---------------------------------------------------------------------

freesurfer gauss_4dfp.c
Reading: talsrcimg.4dfp.img
Writing: talsrcimg_g11.4dfp.img
image dimensions 256 256 256 padded to 288 288 288
processing volume 1freesurfer ifh2hdr.c
Sun Mar  8 17:04:57 2026
Writing: talsrcimg_g11.4dfp.hdr

Writing: talsrcimg_g11.4dfp.ifh
including: talsrcimg.4dfp.img.rec in talsrcimg_g11.4dfp.img.rec

---------------------------------------------------------------------
imgreg_4dfp /opt/freesurfer/average/711-2C_as_mni_average_305 none talsrcimg_g11 none talsrcimg_to_711-2C_as_mni_average_305_t4 4355
---------------------------------------------------------------------

freesurfer imgreg_4dfp.c
/opt/freesurfer/average/711-2C_as_mni_average_305.4dfp.img
       256       256       256         1
  1.000000  1.000000  1.000000
orientation T byte_order littleendian
Reading image: /opt/freesurfer/average/711-2C_as_mni_average_305.4dfp.img
dimensions:      256       256       256
mmppix:       1.0000   -1.0000   -1.0000
center:     128.0000 -129.0000 -129.0000
talsrcimg_g11.4dfp.img
       256       256       256         1
  1.000000  1.000000  1.000000
orientation T byte_order littleendian
Reading image: talsrcimg_g11.4dfp.img
dimensions:      256       256       256
mmppix:       1.0000   -1.0000   -1.0000
center:     128.0000 -129.0000 -129.0000
t4_read: open error in t4_sub.f l:  41 t4_file(1:l)talsrcimg_to_711-2C_as_mni_average_305_t4 
t4_read: transform initialized to I4
rotation matrix determinant  1.000000
image alignment mode   4355 decimal     1103 hex
   -7.5000  -45.0000  -45.0000 9282.2227   13.9942
    0.0000  -45.0000  -45.0000 9698.0752   13.9893
    7.5000  -45.0000  -45.0000 9261.0811   13.9974
   -7.5000  -37.5000  -45.0000 9821.8281   13.9244
    0.0000  -37.5000  -45.000010258.6338   13.9206
    7.5000  -37.5000  -45.0000 9790.0137   13.9300
   -7.5000  -30.0000  -45.000010699.3281   13.8376
    0.0000  -30.0000  -45.000011160.7764   13.8363
    7.5000  -30.0000  -45.000010633.0117   13.8457
   -7.5000  -22.5000  -45.000011486.9736   13.7744
    0.0000  -22.5000  -45.000011979.2393   13.7735
    7.5000  -22.5000  -45.000011391.1836   13.7810
   -7.5000  -15.0000  -45.000012147.5830   13.7310
    0.0000  -15.0000  -45.000012678.4219   13.7281
    7.5000  -15.0000  -45.000012043.6650   13.7344
   -7.5000   -7.5000  -45.000012717.2178   13.6930
    0.0000   -7.5000  -45.000013266.6982   13.6873
    7.5000   -7.5000  -45.000012623.8281   13.6942
   -7.5000    0.0000  -45.000013186.7852   13.6543
    0.0000    0.0000  -45.000013728.4287   13.6467
    7.5000    0.0000  -45.000013070.0615   13.6550
   -7.5000    7.5000  -45.000012642.2275   13.6591
    0.0000    7.5000  -45.000013160.8271   13.6531
    7.5000    7.5000  -45.000012534.5908   13.6625
   -7.5000   15.0000  -45.000011971.1885   13.7016
    0.0000   15.0000  -45.000012458.0791   13.6986
    7.5000   15.0000  -45.000011875.7021   13.7079
   -7.5000   22.5000  -45.000011223.4600   13.8128
    0.0000   22.5000  -45.000011671.8682   13.8102
    7.5000   22.5000  -45.000011138.3408   13.8171
   -7.5000   30.0000  -45.000010442.0713   13.8165
    0.0000   30.0000  -45.000010872.1074   13.8119
    7.5000   30.0000  -45.000010377.9512   13.8171
   -7.5000   37.5000  -45.000010062.8008   14.0252
    0.0000   37.5000  -45.000010475.4268   14.0177
    7.5000   37.5000  -45.000010005.1719   14.0234
   -7.5000   45.0000  -45.0000 9305.1641   13.9490
    0.0000   45.0000  -45.0000 9696.8994   13.9403
    7.5000   45.0000  -45.0000 9266.7852   13.9482
   -7.5000  -45.0000  -37.5000 9848.6279   14.0104
    0.0000  -45.0000  -37.500010270.0879   14.0068
    7.5000  -45.0000  -37.5000 9804.8359   14.0119
   -7.5000  -37.5000  -37.500010429.3955   13.9377
    0.0000  -37.5000  -37.500010869.6523   13.9326
    7.5000  -37.5000  -37.500010370.8711   13.9392
   -7.5000  -30.0000  -37.500011353.8203   13.8470
    0.0000  -30.0000  -37.500011836.1318   13.8416
    7.5000  -30.0000  -37.500011269.0312   13.8477
   -7.5000  -22.5000  -37.500012189.4609   13.7831
    0.0000  -22.5000  -37.500012694.8252   13.7781
    7.5000  -22.5000  -37.500012082.8086   13.7818
   -7.5000  -15.0000  -37.500012901.1865   13.7418
    0.0000  -15.0000  -37.500013437.2637   13.7374
    7.5000  -15.0000  -37.500012788.7217   13.7398
   -7.5000   -7.5000  -37.500013481.1357   13.7058
    0.0000   -7.5000  -37.500014031.1396   13.7011
    7.5000   -7.5000  -37.500013358.4600   13.7047
   -7.5000    0.0000  -37.500013957.1162   13.6669
    0.0000    0.0000  -37.500014499.9824   13.6605
    7.5000    0.0000  -37.500013797.8965   13.6659
   -7.5000    7.5000  -37.500013354.1768   13.6695
    0.0000    7.5000  -37.500013880.0645   13.6621
    7.5000    7.5000  -37.500013201.7705   13.6688
   -7.5000   15.0000  -37.500012622.5889   13.7087
    0.0000   15.0000  -37.500013137.4795   13.7017
    7.5000   15.0000  -37.500012501.9766   13.7079
   -7.5000   22.5000  -37.500011815.4258   13.8188
    0.0000   22.5000  -37.500012292.8213   13.8125
    7.5000   22.5000  -37.500011717.2891   13.8156
   -7.5000   30.0000  -37.500010971.2500   13.8243
    0.0000   30.0000  -37.500011411.9043   13.8188
    7.5000   30.0000  -37.500010888.5225   13.8203
   -7.5000   37.5000  -37.500010524.5615   14.0354
    0.0000   37.5000  -37.500010942.6621   14.0295
    7.5000   37.5000  -37.500010459.1865   14.0312
   -7.5000   45.0000  -37.5000 9702.0742   13.9604
    0.0000   45.0000  -37.500010101.1807   13.9530
    7.5000   45.0000  -37.5000 9659.9453   13.9569
   -7.5000  -45.0000  -30.000010603.7764   14.5778
    0.0000  -45.0000  -30.000011054.8564   14.5760
    7.5000  -45.0000  -30.000010533.4434   14.5799
   -7.5000  -37.5000  -30.000011230.4697   14.4999
    0.0000  -37.5000  -30.000011688.4473   14.4943
    7.5000  -37.5000  -30.000011135.7822   14.4992
   -7.5000  -30.0000  -30.000012227.7881   14.4050
    0.0000  -30.0000  -30.000012712.3691   14.3969
    7.5000  -30.0000  -30.000012118.6230   14.4011
   -7.5000  -22.5000  -30.000013120.0713   14.3378
    0.0000  -22.5000  -30.000013640.8936   14.3305
    7.5000  -22.5000  -30.000012989.6787   14.3323
   -7.5000  -15.0000  -30.000013892.3496   14.2928
    0.0000  -15.0000  -30.000014441.2402   14.2884
    7.5000  -15.0000  -30.000013760.4824   14.2892
   -7.5000   -7.5000  -30.000014492.9609   14.2514
    0.0000   -7.5000  -30.000015079.9229   14.2486
    7.5000   -7.5000  -30.000014339.2080   14.2510
   -7.5000    0.0000  -30.000014968.1348   14.2078
    0.0000    0.0000  -30.000015542.8438   14.2030
    7.5000    0.0000  -30.000014780.2041   14.2071
   -7.5000    7.5000  -30.000014300.8984   14.2109
    0.0000    7.5000  -30.000014864.0693   14.2029
    7.5000    7.5000  -30.000014123.8730   14.2079
   -7.5000   15.0000  -30.000013515.1582   14.2536
    0.0000   15.0000  -30.000014065.4854   14.2438
    7.5000   15.0000  -30.000013372.1982   14.2481
   -7.5000   22.5000  -30.000012647.5947   14.3678
    0.0000   22.5000  -30.000013159.5078   14.3595
    7.5000   22.5000  -30.000012523.5420   14.3610
   -7.5000   30.0000  -30.000011726.7578   14.3750
    0.0000   30.0000  -30.000012196.1055   14.3703
    7.5000   30.0000  -30.000011615.4121   14.3708
   -7.5000   37.5000  -30.000011203.5391   14.5895
    0.0000   37.5000  -30.000011637.3066   14.5864
    7.5000   37.5000  -30.000011102.5078   14.5870
   -7.5000   45.0000  -30.000010310.1758   14.5174
    0.0000   45.0000  -30.000010716.8135   14.5120
    7.5000   45.0000  -30.000010254.4756   14.5146
   -7.5000  -45.0000  -22.500011336.8027   15.0469
    0.0000  -45.0000  -22.500011812.7461   15.0452
    7.5000  -45.0000  -22.500011242.4521   15.0506
   -7.5000  -37.5000  -22.500011985.6211   14.9663
    0.0000  -37.5000  -22.500012479.8232   14.9613
    7.5000  -37.5000  -22.500011881.8057   14.9671
   -7.5000  -30.0000  -22.500013030.3154   14.8714
    0.0000  -30.0000  -22.500013558.8311   14.8652
    7.5000  -30.0000  -22.500012901.8281   14.8702
   -7.5000  -22.5000  -22.500013997.9775   14.8033
    0.0000  -22.5000  -22.500014560.2490   14.7985
    7.5000  -22.5000  -22.500013838.5508   14.8020
   -7.5000  -15.0000  -22.500014826.6182   14.7553
    0.0000  -15.0000  -22.500015419.0176   14.7528
    7.5000  -15.0000  -22.500014643.9873   14.7558
   -7.5000   -7.5000  -22.500015463.4258   14.7086
    0.0000   -7.5000  -22.500016103.0615   14.7066
    7.5000   -7.5000  -22.500015247.1113   14.7111
   -7.5000    0.0000  -22.500015907.6924   14.6604
    0.0000    0.0000  -22.500016547.8633   14.6557
    7.5000    0.0000  -22.500015680.0527   14.6613
   -7.5000    7.5000  -22.500015184.0889   14.6655
    0.0000    7.5000  -22.500015810.7461   14.6580
    7.5000    7.5000  -22.500014974.9678   14.6638
   -7.5000   15.0000  -22.500014364.6016   14.7136
    0.0000   15.0000  -22.500014972.8545   14.7057
    7.5000   15.0000  -22.500014178.8086   14.7106
   -7.5000   22.5000  -22.500013435.1084   14.8329
    0.0000   22.5000  -22.500014002.1035   14.8270
    7.5000   22.5000  -22.500013284.9805   14.8303
   -7.5000   30.0000  -22.500012415.7578   14.8415
    0.0000   30.0000  -22.500012934.3779   14.8388
    7.5000   30.0000  -22.500012282.2891   14.8422
   -7.5000   37.5000  -22.500011819.5918   15.0567
    0.0000   37.5000  -22.500012288.5537   15.0549
    7.5000   37.5000  -22.500011709.6328   15.0585
   -7.5000   45.0000  -22.500010874.9697   14.9870
    0.0000   45.0000  -22.500011319.2588   14.9825
    7.5000   45.0000  -22.500010794.0977   14.9876
   -7.5000  -45.0000  -15.000012018.4766   15.3755
    0.0000  -45.0000  -15.000012527.3184   15.3722
    7.5000  -45.0000  -15.000011891.2520   15.3806
   -7.5000  -37.5000  -15.000012684.7129   15.2950
    0.0000  -37.5000  -15.000013211.6436   15.2915
    7.5000  -37.5000  -15.000012565.8750   15.3003
   -7.5000  -30.0000  -15.000013775.2119   15.2009
    0.0000  -30.0000  -15.000014339.2168   15.1992
    7.5000  -30.0000  -15.000013658.9580   15.2077
   -7.5000  -22.5000  -15.000014801.0176   15.1312
    0.0000  -22.5000  -15.000015383.1875   15.1306
    7.5000  -22.5000  -15.000014634.7559   15.1380
   -7.5000  -15.0000  -15.000015669.4092   15.0799
    0.0000  -15.0000  -15.000016295.7646   15.0785
    7.5000  -15.0000  -15.000015486.0674   15.0854
   -7.5000   -7.5000  -15.000016368.6670   15.0302
    0.0000   -7.5000  -15.000017045.9160   15.0266
    7.5000   -7.5000  -15.000016131.1309   15.0343
   -7.5000    0.0000  -15.000016817.2090   14.9801
    0.0000    0.0000  -15.000017496.0488   14.9739
    7.5000    0.0000  -15.000016549.0840   14.9822
   -7.5000    7.5000  -15.000016019.3818   14.9869
    0.0000    7.5000  -15.000016671.6230   14.9809
    7.5000    7.5000  -15.000015759.0771   14.9895
   -7.5000   15.0000  -15.000015152.3750   15.0388
    0.0000   15.0000  -15.000015768.3779   15.0352
    7.5000   15.0000  -15.000014892.4346   15.0435
   -7.5000   22.5000  -15.000014166.1211   15.1609
    0.0000   22.5000  -15.000014737.2002   15.1588
    7.5000   22.5000  -15.000013936.7197   15.1660
   -7.5000   30.0000  -15.000013071.9570   15.1707
    0.0000   30.0000  -15.000013608.2568   15.1687
    7.5000   30.0000  -15.000012883.3203   15.1759
   -7.5000   37.5000  -15.000012417.0049   15.3881
    0.0000   37.5000  -15.000012937.1738   15.3844
    7.5000   37.5000  -15.000012277.3301   15.3920
   -7.5000   45.0000  -15.000011408.0000   15.3224
    0.0000   45.0000  -15.000011896.7910   15.3167
    7.5000   45.0000  -15.000011303.0586   15.3258
   -7.5000  -45.0000   -7.500012679.1582   15.5341
    0.0000  -45.0000   -7.500013202.3584   15.5292
    7.5000  -45.0000   -7.500012551.4043   15.5391
   -7.5000  -37.5000   -7.500013382.2754   15.4526
    0.0000  -37.5000   -7.500013938.0352   15.4497
    7.5000  -37.5000   -7.500013249.2441   15.4607
   -7.5000  -30.0000   -7.500014526.4980   15.3558
    0.0000  -30.0000   -7.500015131.5732   15.3563
    7.5000  -30.0000   -7.500014368.2930   15.3675
   -7.5000  -22.5000   -7.500015588.5986   15.2833
    0.0000  -22.5000   -7.500016218.5439   15.2844
    7.5000  -22.5000   -7.500015386.6338   15.2941
   -7.5000  -15.0000   -7.500016512.4941   15.2308
    0.0000  -15.0000   -7.500017174.4180   15.2290
    7.5000  -15.0000   -7.500016285.5967   15.2376
   -7.5000   -7.5000   -7.500017271.5078   15.1823
    0.0000   -7.5000   -7.500018022.6758   15.1765
    7.5000   -7.5000   -7.500017002.2461   15.1855
   -7.5000    0.0000   -7.500017755.8984   15.1337
    0.0000    0.0000   -7.500018550.0488   15.1259
    7.5000    0.0000   -7.500017464.7383   15.1357
   -7.5000    7.5000   -7.500016864.7168   15.1403
    0.0000    7.5000   -7.500017597.0586   15.1348
    7.5000    7.5000   -7.500016584.0781   15.1457
   -7.5000   15.0000   -7.500015931.9951   15.1912
    0.0000   15.0000   -7.500016581.5840   15.1897
    7.5000   15.0000   -7.500015611.3369   15.2006
   -7.5000   22.5000   -7.500014914.0977   15.3115
    0.0000   22.5000   -7.500015529.1797   15.3107
    7.5000   22.5000   -7.500014608.3203   15.3198
   -7.5000   30.0000   -7.500013761.3721   15.3236
    0.0000   30.0000   -7.500014348.7158   15.3202
    7.5000   30.0000   -7.500013508.7324   15.3284
   -7.5000   37.5000   -7.500013077.0840   15.5464
    0.0000   37.5000   -7.500013634.3643   15.5393
    7.5000   37.5000   -7.500012846.6709   15.5479
   -7.5000   45.0000   -7.500012001.0234   15.4854
    0.0000   45.0000   -7.500012523.5508   15.4772
    7.5000   45.0000   -7.500011816.7959   15.4878
   -7.5000  -45.0000    0.000013204.0967   15.5578
    0.0000  -45.0000    0.000013748.9707   15.5521
    7.5000  -45.0000    0.000013099.1768   15.5609
   -7.5000  -37.5000    0.000013948.5000   15.4738
    0.0000  -37.5000    0.000014534.1514   15.4695
    7.5000  -37.5000    0.000013821.6562   15.4796
   -7.5000  -30.0000    0.000015156.2334   15.3717
    0.0000  -30.0000    0.000015789.0049   15.3701
    7.5000  -30.0000    0.000014985.5957   15.3802
   -7.5000  -22.5000    0.000016284.4023   15.2967
    0.0000  -22.5000    0.000016935.9219   15.2957
    7.5000  -22.5000    0.000016076.3877   15.3037
   -7.5000  -15.0000    0.000017220.3613   15.2451
    0.0000  -15.0000    0.000017904.3652   15.2418
    7.5000  -15.0000    0.000016988.6074   15.2484
   -7.5000   -7.5000    0.000018056.3828   15.2002
    0.0000   -7.5000    0.000018834.9590   15.1937
    7.5000   -7.5000    0.000017752.3926   15.2011
   -7.5000    0.0000    0.000018656.0566   15.1549
    0.0000    0.0000    0.000019579.8848   15.1463
    7.5000    0.0000    0.000018270.9609   15.1551
   -7.5000    7.5000    0.000017787.3828   15.1597
    0.0000    7.5000    0.000018637.5742   15.1529
    7.5000    7.5000    0.000017354.6172   15.1630
   -7.5000   15.0000    0.000016748.9609   15.2061
    0.0000   15.0000    0.000017474.0957   15.2027
    7.5000   15.0000    0.000016294.6680   15.2126
   -7.5000   22.5000    0.000015649.6484   15.3240
    0.0000   22.5000    0.000016297.8193   15.3210
    7.5000   22.5000    0.000015185.2578   15.3283
   -7.5000   30.0000    0.000014415.5264   15.3388
    0.0000   30.0000    0.000015000.6875   15.3335
    7.5000   30.0000    0.000014005.7285   15.3390
   -7.5000   37.5000    0.000013670.1523   15.5673
    0.0000   37.5000    0.000014242.0830   15.5588
    7.5000   37.5000    0.000013341.6982   15.5648
   -7.5000   45.0000    0.000012522.2139   15.5106
    0.0000   45.0000    0.000013039.3701   15.5006
    7.5000   45.0000    0.000012281.5830   15.5090
   -7.5000  -45.0000    7.500012731.1709   15.6198
    0.0000  -45.0000    7.500013263.5654   15.6156
    7.5000  -45.0000    7.500012633.2822   15.6211
   -7.5000  -37.5000    7.500013442.1689   15.5350
    0.0000  -37.5000    7.500014012.6172   15.5292
    7.5000  -37.5000    7.500013328.2773   15.5362
   -7.5000  -30.0000    7.500014602.1523   15.4312
    0.0000  -30.0000    7.500015201.1260   15.4250
    7.5000  -30.0000    7.500014446.7061   15.4316
   -7.5000  -22.5000    7.500015692.3105   15.3576
    0.0000  -22.5000    7.500016341.2178   15.3521
    7.5000  -22.5000    7.500015489.8008   15.3559
   -7.5000  -15.0000    7.500016651.6875   15.3095
    0.0000  -15.0000    7.500017320.7402   15.3046
    7.5000  -15.0000    7.500016400.9414   15.3069
   -7.5000   -7.5000    7.500017527.6309   15.2675
    0.0000   -7.5000    7.500018289.8340   15.2622
    7.5000   -7.5000    7.500017123.4766   15.2658
   -7.5000    0.0000    7.500018182.4004   15.2229
    0.0000    0.0000    7.500019030.9219   15.2157
    7.5000    0.0000    7.500017631.3438   15.2213
   -7.5000    7.5000    7.500017263.7168   15.2258
    0.0000    7.5000    7.500018083.9766   15.2175
    7.5000    7.5000    7.500016750.8711   15.2246
   -7.5000   15.0000    7.500016203.9248   15.2696
    0.0000   15.0000    7.500016924.7109   15.2618
    7.5000   15.0000    7.500015744.7129   15.2683
   -7.5000   22.5000    7.500015098.6836   15.3872
    0.0000   22.5000    7.500015727.1904   15.3802
    7.5000   22.5000    7.500014667.5869   15.3833
   -7.5000   30.0000    7.500013860.6074   15.4036
    0.0000   30.0000    7.500014417.8682   15.3976
    7.5000   30.0000    7.500013508.8438   15.3989
   -7.5000   37.5000    7.500013127.4492   15.6368
    0.0000   37.5000    7.500013643.7031   15.6301
    7.5000   37.5000    7.500012821.3682   15.6317
   -7.5000   45.0000    7.500012054.6338   15.5820
    0.0000   45.0000    7.500012510.5986   15.5735
    7.5000   45.0000    7.500011811.8027   15.5775
   -7.5000  -45.0000   15.000012127.8623   15.6898
    0.0000  -45.0000   15.000012654.5156   15.6878
    7.5000  -45.0000   15.000012020.9600   15.6914
   -7.5000  -37.5000   15.000012812.8721   15.6061
    0.0000  -37.5000   15.000013374.2832   15.6002
    7.5000  -37.5000   15.000012701.9580   15.6047
   -7.5000  -30.0000   15.000013950.0254   15.5050
    0.0000  -30.0000   15.000014550.5146   15.4964
    7.5000  -30.0000   15.000013775.7080   15.5002
   -7.5000  -22.5000   15.000015002.9082   15.4348
    0.0000  -22.5000   15.000015638.1182   15.4271
    7.5000  -22.5000   15.000014796.5107   15.4282
   -7.5000  -15.0000   15.000015962.6504   15.3890
    0.0000  -15.0000   15.000016595.2676   15.3845
    7.5000  -15.0000   15.000015680.0537   15.3844
   -7.5000   -7.5000   15.000016760.8477   15.3466
    0.0000   -7.5000   15.000017465.3125   15.3437
    7.5000   -7.5000   15.000016365.5830   15.3454
   -7.5000    0.0000   15.000017231.5195   15.2993
    0.0000    0.0000   15.000017968.0488   15.2943
    7.5000    0.0000   15.000016854.6602   15.2979
   -7.5000    7.5000   15.000016308.6406   15.3020
    0.0000    7.5000   15.000016973.2930   15.2935
    7.5000    7.5000   15.000016014.6025   15.2981
   -7.5000   15.0000   15.000015351.0303   15.3475
    0.0000   15.0000   15.000015919.2490   15.3372
    7.5000   15.0000   15.000015066.1592   15.3409
   -7.5000   22.5000   15.000014342.0088   15.4677
    0.0000   22.5000   15.000014828.4893   15.4589
    7.5000   22.5000   15.000014038.9248   15.4595
   -7.5000   30.0000   15.000013193.6807   15.4843
    0.0000   30.0000   15.000013648.4365   15.4794
    7.5000   30.0000   15.000012920.5137   15.4790
   -7.5000   37.5000   15.000012480.7959   15.7155
    0.0000   37.5000   15.000012920.7842   15.7122
    7.5000   37.5000   15.000012233.7607   15.7120
   -7.5000   45.0000   15.000011449.4619   15.6572
    0.0000   45.0000   15.000011869.2412   15.6516
    7.5000   45.0000   15.000011248.3096   15.6534
   -7.5000  -45.0000   22.500011435.6592   15.7593
    0.0000  -45.0000   22.500011938.9521   15.7579
    7.5000  -45.0000   22.500011330.7500   15.7623
   -7.5000  -37.5000   22.500012085.7559   15.6789
    0.0000  -37.5000   22.500012614.9893   15.6740
    7.5000  -37.5000   22.500011982.7881   15.6787
   -7.5000  -30.0000   22.500013156.3994   15.5843
    0.0000  -30.0000   22.500013706.3535   15.5781
    7.5000  -30.0000   22.500013005.3350   15.5819
   -7.5000  -22.5000   22.500014139.0303   15.5177
    0.0000  -22.5000   22.500014712.3145   15.5130
    7.5000  -22.5000   22.500013977.6113   15.5152
   -7.5000  -15.0000   22.500014996.8789   15.4721
    0.0000  -15.0000   22.500015588.1943   15.4700
    7.5000  -15.0000   22.500014797.0771   15.4715
   -7.5000   -7.5000   22.500015712.6660   15.4275
    0.0000   -7.5000   22.500016377.9131   15.4258
    7.5000   -7.5000   22.500015465.3535   15.4288
   -7.5000    0.0000   22.500016147.4180   15.3763
    0.0000    0.0000   22.500016835.2578   15.3717
    7.5000    0.0000   22.500015930.6787   15.3760
   -7.5000    7.5000   22.500015347.7051   15.3803
    0.0000    7.5000   22.500015959.8994   15.3728
    7.5000    7.5000   22.500015140.4756   15.3773
   -7.5000   15.0000   22.500014478.3506   15.4292
    0.0000   15.0000   22.500015015.6660   15.4212
    7.5000   15.0000   22.500014239.4766   15.4249
   -7.5000   22.5000   22.500013526.3896   15.5509
    0.0000   22.5000   22.500014015.4551   15.5451
    7.5000   22.5000   22.500013278.5283   15.5469
   -7.5000   30.0000   22.500012419.9707   15.5639
    0.0000   30.0000   22.500012861.9844   15.5616
    7.5000   30.0000   22.500012203.8271   15.5635
   -7.5000   37.5000   22.500011738.1875   15.7888
    0.0000   37.5000   22.500012159.8975   15.7872
    7.5000   37.5000   22.500011553.7578   15.7894
   -7.5000   45.0000   22.500010757.5752   15.7258
    0.0000   45.0000   22.500011159.7227   15.7214
    7.5000   45.0000   22.500010605.3779   15.7251
   -7.5000  -45.0000   30.000010629.7070   15.9179
    0.0000  -45.0000   30.000011085.4121   15.9150
    7.5000  -45.0000   30.000010560.2207   15.9213
   -7.5000  -37.5000   30.000011245.1895   15.8389
    0.0000  -37.5000   30.000011731.1025   15.8355
    7.5000  -37.5000   30.000011174.6221   15.8423
   -7.5000  -30.0000   30.000012228.8281   15.7486
    0.0000  -30.0000   30.000012728.7158   15.7471
    7.5000  -30.0000   30.000012129.5820   15.7536
   -7.5000  -22.5000   30.000013138.7363   15.6838
    0.0000  -22.5000   30.000013655.0400   15.6835
    7.5000  -22.5000   30.000013023.4092   15.6889
   -7.5000  -15.0000   30.000013930.7754   15.6382
    0.0000  -15.0000   30.000014486.1104   15.6372
    7.5000  -15.0000   30.000013795.6309   15.6417
   -7.5000   -7.5000   30.000014583.0020   15.5927
    0.0000   -7.5000   30.000015179.6162   15.5896
    7.5000   -7.5000   30.000014414.5947   15.5948
   -7.5000    0.0000   30.000015031.3828   15.5392
    0.0000    0.0000   30.000015615.6328   15.5332
    7.5000    0.0000   30.000014876.6699   15.5392
   -7.5000    7.5000   30.000014300.0508   15.5437
    0.0000    7.5000   30.000014836.0830   15.5378
    7.5000    7.5000   30.000014119.5039   15.5442
   -7.5000   15.0000   30.000013488.3135   15.5951
    0.0000   15.0000   30.000013967.7393   15.5916
    7.5000   15.0000   30.000013272.5703   15.5979
   -7.5000   22.5000   30.000012577.9053   15.7185
    0.0000   22.5000   30.000013025.1592   15.7167
    7.5000   22.5000   30.000012378.6699   15.7217
   -7.5000   30.0000   30.000011575.7314   15.7297
    0.0000   30.0000   30.000011984.1016   15.7280
    7.5000   30.0000   30.000011391.4971   15.7329
   -7.5000   37.5000   30.000010951.2236   15.9536
    0.0000   37.5000   30.000011359.2363   15.9502
    7.5000   37.5000   30.000010789.8545   15.9555
   -7.5000   45.0000   30.000010032.0830   15.8893
    0.0000   45.0000   30.000010426.1484   15.8839
    7.5000   45.0000   30.0000 9907.1895   15.8908
   -7.5000  -45.0000   37.500010163.9629   16.1067
    0.0000  -45.0000   37.500010611.4707   16.1028
    7.5000  -45.0000   37.500010123.1113   16.1101
   -7.5000  -37.5000   37.500010766.1494   16.0264
    0.0000  -37.5000   37.500011236.9717   16.0244
    7.5000  -37.5000   37.500010721.3047   16.0328
   -7.5000  -30.0000   37.500011703.7520   15.9354
    0.0000  -30.0000   37.500012195.2949   15.9371
    7.5000  -30.0000   37.500011627.5068   15.9457
   -7.5000  -22.5000   37.500012581.2471   15.8700
    0.0000  -22.5000   37.500013081.7832   15.8726
    7.5000  -22.5000   37.500012478.5029   15.8797
   -7.5000  -15.0000   37.500013346.5957   15.8256
    0.0000  -15.0000   37.500013877.1016   15.8251
    7.5000  -15.0000   37.500013230.2539   15.8308
   -7.5000   -7.5000   37.500013973.3281   15.7837
    0.0000   -7.5000   37.500014537.6533   15.7791
    7.5000   -7.5000   37.500013833.5811   15.7850
   -7.5000    0.0000   37.500014377.3486   15.7321
    0.0000    0.0000   37.500014937.3613   15.7252
    7.5000    0.0000   37.500014243.7734   15.7319
   -7.5000    7.5000   37.500013663.2178   15.7349
    0.0000    7.5000   37.500014182.9307   15.7304
    7.5000    7.5000   37.500013520.5781   15.7383
   -7.5000   15.0000   37.500012864.9121   15.7836
    0.0000   15.0000   37.500013338.2588   15.7835
    7.5000   15.0000   37.500012714.0557   15.7916
   -7.5000   22.5000   37.500011984.3301   15.9061
    0.0000   22.5000   37.500012430.4912   15.9068
    7.5000   22.5000   37.500011848.7236   15.9132
   -7.5000   30.0000   37.500011029.7324   15.9182
    0.0000   30.0000   37.500011448.0273   15.9161
    7.5000   30.0000   37.500010902.1660   15.9214
   -7.5000   37.5000   37.500010472.8174   16.1490
    0.0000   37.5000   37.500010891.7793   16.1430
    7.5000   37.5000   37.500010359.4961   16.1486
   -7.5000   45.0000   37.5000 9611.2480   16.0884
    0.0000   45.0000   37.500010005.7002   16.0811
    7.5000   45.0000   37.5000 9521.4121   16.0888
   -7.5000  -45.0000   45.0000 9330.8311   16.3388
    0.0000  -45.0000   45.0000 9730.4219   16.3365
    7.5000  -45.0000   45.0000 9292.2744   16.3423
   -7.5000  -37.5000   45.0000 9886.9502   16.2538
    0.0000  -37.5000   45.000010313.8574   16.2526
    7.5000  -37.5000   45.0000 9844.7891   16.2598
   -7.5000  -30.0000   45.000010749.3525   16.1566
    0.0000  -30.0000   45.000011208.2070   16.1579
    7.5000  -30.0000   45.000010692.2207   16.1649
   -7.5000  -22.5000   45.000011529.4043   16.0889
    0.0000  -22.5000   45.000012007.5654   16.0908
    7.5000  -22.5000   45.000011452.5469   16.0954
   -7.5000  -15.0000   45.000012212.5898   16.0474
    0.0000  -15.0000   45.000012708.9150   16.0470
    7.5000  -15.0000   45.000012093.6719   16.0497
   -7.5000   -7.5000   45.000012753.0029   16.0115
    0.0000   -7.5000   45.000013269.8535   16.0081
    7.5000   -7.5000   45.000012625.7920   16.0118
   -7.5000    0.0000   45.000013103.0479   15.9645
    0.0000    0.0000   45.000013627.6094   15.9590
    7.5000    0.0000   45.000012989.5225   15.9644
   -7.5000    7.5000   45.000012471.9092   15.9633
    0.0000    7.5000   45.000012948.4111   15.9595
    7.5000    7.5000   45.000012325.8477   15.9663
   -7.5000   15.0000   45.000011753.7705   16.0052
    0.0000   15.0000   45.000012200.1934   16.0047
    7.5000   15.0000   45.000011617.9248   16.0113
   -7.5000   22.5000   45.000010956.3711   16.1258
    0.0000   22.5000   45.000011373.4717   16.1257
    7.5000   22.5000   45.000010849.0283   16.1292
   -7.5000   30.0000   45.000010070.4873   16.1409
    0.0000   30.0000   45.000010472.3838   16.1385
    7.5000   30.0000   45.0000 9988.1885   16.1400
   -7.5000   37.5000   45.0000 9574.4189   16.3856
    0.0000   37.5000   45.0000 9964.0879   16.3799
    7.5000   37.5000   45.0000 9486.5742   16.3822
   -7.5000   45.0000   45.0000 8801.9854   16.3423
    0.0000   45.0000   45.0000 9167.4434   16.3353
    7.5000   45.0000   45.0000 8717.1523   16.3404

---------------------------------------------------------------------
imgreg_4dfp /opt/freesurfer/average/711-2C_as_mni_average_305 /opt/freesurfer/average/711-2B_as_mni_average_305_mask talsrcimg_g11 none talsrcimg_to_711-2C_as_mni_average_305_t4 4355
---------------------------------------------------------------------

freesurfer imgreg_4dfp.c
/opt/freesurfer/average/711-2C_as_mni_average_305.4dfp.img
       256       256       256         1
  1.000000  1.000000  1.000000
orientation T byte_order littleendian
Reading image: /opt/freesurfer/average/711-2C_as_mni_average_305.4dfp.img
dimensions:      256       256       256
mmppix:       1.0000   -1.0000   -1.0000
center:     128.0000 -129.0000 -129.0000
/opt/freesurfer/average/711-2B_as_mni_average_305_mask.4dfp.img
       256       256       256         1
  1.000000  1.000000  1.000000
orientation T byte_order littleendian
Reading mask: /opt/freesurfer/average/711-2B_as_mni_average_305_mask.4dfp.img (2306576 pixels)
talsrcimg_g11.4dfp.img
       256       256       256         1
  1.000000  1.000000  1.000000
orientation T byte_order littleendian
Reading image: talsrcimg_g11.4dfp.img
dimensions:      256       256       256
mmppix:       1.0000   -1.0000   -1.0000
center:     128.0000 -129.0000 -129.0000
rotation matrix determinant  1.000000
image alignment mode   4355 decimal     1103 hex
   -7.5000  -45.0000  -45.0000 2281.8748   17.8658
    0.0000  -45.0000  -45.0000 2289.5283   17.9173
    7.5000  -45.0000  -45.0000 2275.9878   18.0171
   -7.5000  -37.5000  -45.0000 2334.7891   16.9310
    0.0000  -37.5000  -45.0000 2342.0767   16.9771
    7.5000  -37.5000  -45.0000 2324.0081   17.0811
   -7.5000  -30.0000  -45.0000 2372.5034   16.2469
    0.0000  -30.0000  -45.0000 2381.0173   16.2362
    7.5000  -30.0000  -45.0000 2357.8647   16.3750
   -7.5000  -22.5000  -45.0000 2403.5027   15.6860
    0.0000  -22.5000  -45.0000 2417.0459   15.6855
    7.5000  -22.5000  -45.0000 2389.0234   15.8329
   -7.5000  -15.0000  -45.0000 2417.0886   15.3106
    0.0000  -15.0000  -45.0000 2433.3557   15.2724
    7.5000  -15.0000  -45.0000 2405.0103   15.4455
   -7.5000   -7.5000  -45.0000 2425.7727   15.0331
    0.0000   -7.5000  -45.0000 2440.9265   14.9672
    7.5000   -7.5000  -45.0000 2417.5640   15.1468
   -7.5000    0.0000  -45.0000 2427.2058   14.9009
    0.0000    0.0000  -45.0000 2443.5056   14.8180
    7.5000    0.0000  -45.0000 2419.0796   15.0320
   -7.5000    7.5000  -45.0000 2418.4761   15.0793
    0.0000    7.5000  -45.0000 2433.6799   14.9659
    7.5000    7.5000  -45.0000 2411.8042   15.1747
   -7.5000   15.0000  -45.0000 2385.3394   15.5425
    0.0000   15.0000  -45.0000 2402.0618   15.4198
    7.5000   15.0000  -45.0000 2381.8970   15.6192
   -7.5000   22.5000  -45.0000 2342.0845   16.2469
    0.0000   22.5000  -45.0000 2355.1106   16.1260
    7.5000   22.5000  -45.0000 2334.6399   16.3425
   -7.5000   30.0000  -45.0000 2274.4978   17.2132
    0.0000   30.0000  -45.0000 2288.5042   17.1074
    7.5000   30.0000  -45.0000 2269.9128   17.3358
   -7.5000   37.5000  -45.0000 2197.0430   18.5603
    0.0000   37.5000  -45.0000 2208.3828   18.4714
    7.5000   37.5000  -45.0000 2190.8193   18.6471
   -7.5000   45.0000  -45.0000 2100.0437   20.3886
    0.0000   45.0000  -45.0000 2110.3801   20.2860
    7.5000   45.0000  -45.0000 2099.0366   20.4997
   -7.5000  -45.0000  -37.5000 2369.9001   16.6354
    0.0000  -45.0000  -37.5000 2376.5820   16.6443
    7.5000  -45.0000  -37.5000 2352.7761   16.7948
   -7.5000  -37.5000  -37.5000 2423.5649   15.7535
    0.0000  -37.5000  -37.5000 2432.6235   15.7782
    7.5000  -37.5000  -37.5000 2408.3320   15.9077
   -7.5000  -30.0000  -37.5000 2464.2344   15.1134
    0.0000  -30.0000  -37.5000 2476.3950   15.0982
    7.5000  -30.0000  -37.5000 2446.9617   15.2255
   -7.5000  -22.5000  -37.5000 2492.6511   14.6028
    0.0000  -22.5000  -37.5000 2504.2161   14.5696
    7.5000  -22.5000  -37.5000 2477.1555   14.7335
   -7.5000  -15.0000  -37.5000 2508.8311   14.2796
    0.0000  -15.0000  -37.5000 2522.0054   14.2366
    7.5000  -15.0000  -37.5000 2498.7817   14.4094
   -7.5000   -7.5000  -37.5000 2514.8994   14.0616
    0.0000   -7.5000  -37.5000 2530.0115   13.9762
    7.5000   -7.5000  -37.5000 2508.7651   14.1793
   -7.5000    0.0000  -37.5000 2518.5720   13.9506
    0.0000    0.0000  -37.5000 2532.4365   13.8643
    7.5000    0.0000  -37.5000 2507.4568   14.0828
   -7.5000    7.5000  -37.5000 2509.9578   14.0937
    0.0000    7.5000  -37.5000 2522.1533   13.9842
    7.5000    7.5000  -37.5000 2498.3037   14.1973
   -7.5000   15.0000  -37.5000 2476.2368   14.4868
    0.0000   15.0000  -37.5000 2491.9534   14.3620
    7.5000   15.0000  -37.5000 2468.9307   14.5576
   -7.5000   22.5000  -37.5000 2428.3918   15.0785
    0.0000   22.5000  -37.5000 2442.3369   14.9731
    7.5000   22.5000  -37.5000 2420.2939   15.1656
   -7.5000   30.0000  -37.5000 2359.6941   15.9306
    0.0000   30.0000  -37.5000 2371.5125   15.8401
    7.5000   30.0000  -37.5000 2352.5254   16.0486
   -7.5000   37.5000  -37.5000 2272.3237   17.1600
    0.0000   37.5000  -37.5000 2286.6396   17.0713
    7.5000   37.5000  -37.5000 2267.8281   17.2710
   -7.5000   45.0000  -37.5000 2171.1765   18.8461
    0.0000   45.0000  -37.5000 2185.2200   18.7554
    7.5000   45.0000  -37.5000 2168.1943   18.9652
   -7.5000  -45.0000  -30.0000 2503.5081   16.0601
    0.0000  -45.0000  -30.0000 2511.9692   16.0593
    7.5000  -45.0000  -30.0000 2486.1714   16.2015
   -7.5000  -37.5000  -30.0000 2559.5842   15.2234
    0.0000  -37.5000  -30.0000 2568.9290   15.1997
    7.5000  -37.5000  -30.0000 2542.0461   15.3388
   -7.5000  -30.0000  -30.0000 2597.3530   14.5524
    0.0000  -30.0000  -30.0000 2608.2708   14.5280
    7.5000  -30.0000  -30.0000 2584.7710   14.6818
   -7.5000  -22.5000  -30.0000 2625.0881   14.0983
    0.0000  -22.5000  -30.0000 2636.2256   14.0375
    7.5000  -22.5000  -30.0000 2612.7490   14.2043
   -7.5000  -15.0000  -30.0000 2644.6589   13.7949
    0.0000  -15.0000  -30.0000 2659.0952   13.7258
    7.5000  -15.0000  -30.0000 2634.9485   13.8796
   -7.5000   -7.5000  -30.0000 2656.2393   13.5909
    0.0000   -7.5000  -30.0000 2673.1362   13.5053
    7.5000   -7.5000  -30.0000 2649.5273   13.6682
   -7.5000    0.0000  -30.0000 2661.7830   13.4454
    0.0000    0.0000  -30.0000 2675.4741   13.3688
    7.5000    0.0000  -30.0000 2652.4746   13.5798
   -7.5000    7.5000  -30.0000 2654.8291   13.5738
    0.0000    7.5000  -30.0000 2664.5759   13.4855
    7.5000    7.5000  -30.0000 2639.2170   13.6818
   -7.5000   15.0000  -30.0000 2624.5894   13.9243
    0.0000   15.0000  -30.0000 2638.6360   13.8393
    7.5000   15.0000  -30.0000 2613.2549   14.0272
   -7.5000   22.5000  -30.0000 2571.7258   14.4775
    0.0000   22.5000  -30.0000 2588.7568   14.3942
    7.5000   22.5000  -30.0000 2561.8052   14.6077
   -7.5000   30.0000  -30.0000 2494.4895   15.2768
    0.0000   30.0000  -30.0000 2510.1223   15.1838
    7.5000   30.0000  -30.0000 2489.6667   15.4103
   -7.5000   37.5000  -30.0000 2401.0833   16.4252
    0.0000   37.5000  -30.0000 2413.1829   16.3197
    7.5000   37.5000  -30.0000 2394.0376   16.5574
   -7.5000   45.0000  -30.0000 2294.5764   18.0495
    0.0000   45.0000  -30.0000 2305.2693   17.9349
    7.5000   45.0000  -30.0000 2288.2842   18.1617
   -7.5000  -45.0000  -22.5000 2600.1677   15.4476
    0.0000  -45.0000  -22.5000 2610.7542   15.4399
    7.5000  -45.0000  -22.5000 2586.6235   15.5941
   -7.5000  -37.5000  -22.5000 2651.5667   14.5869
    0.0000  -37.5000  -22.5000 2663.0747   14.5564
    7.5000  -37.5000  -22.5000 2642.5261   14.7140
   -7.5000  -30.0000  -22.5000 2691.4478   13.9095
    0.0000  -30.0000  -22.5000 2702.0784   13.8681
    7.5000  -30.0000  -22.5000 2682.2417   14.0332
   -7.5000  -22.5000  -22.5000 2724.8318   13.4331
    0.0000  -22.5000  -22.5000 2738.1494   13.4005
    7.5000  -22.5000  -22.5000 2718.8059   13.5381
   -7.5000  -15.0000  -22.5000 2750.5476   13.1618
    0.0000  -15.0000  -22.5000 2767.9729   13.0950
    7.5000  -15.0000  -22.5000 2742.1538   13.2505
   -7.5000   -7.5000  -22.5000 2765.2490   12.9833
    0.0000   -7.5000  -22.5000 2785.5906   12.9193
    7.5000   -7.5000  -22.5000 2756.6736   13.0568
   -7.5000    0.0000  -22.5000 2774.7393   12.8612
    0.0000    0.0000  -22.5000 2791.1702   12.7864
    7.5000    0.0000  -22.5000 2762.7524   12.9582
   -7.5000    7.5000  -22.5000 2771.1357   12.9630
    0.0000    7.5000  -22.5000 2788.7932   12.8862
    7.5000    7.5000  -22.5000 2755.0720   13.0671
   -7.5000   15.0000  -22.5000 2745.0708   13.2947
    0.0000   15.0000  -22.5000 2765.2910   13.2184
    7.5000   15.0000  -22.5000 2731.3730   13.3967
   -7.5000   22.5000  -22.5000 2689.5664   13.8454
    0.0000   22.5000  -22.5000 2709.4111   13.7476
    7.5000   22.5000  -22.5000 2678.4763   13.9508
   -7.5000   30.0000  -22.5000 2604.5042   14.5886
    0.0000   30.0000  -22.5000 2625.4143   14.4940
    7.5000   30.0000  -22.5000 2599.9133   14.7080
   -7.5000   37.5000  -22.5000 2502.0093   15.6624
    0.0000   37.5000  -22.5000 2519.1309   15.5785
    7.5000   37.5000  -22.5000 2496.6021   15.8111
   -7.5000   45.0000  -22.5000 2388.5640   17.2227
    0.0000   45.0000  -22.5000 2403.3455   17.1099
    7.5000   45.0000  -22.5000 2381.2922   17.3625
   -7.5000  -45.0000  -15.0000 2663.6858   14.8930
    0.0000  -45.0000  -15.0000 2675.8430   14.8553
    7.5000  -45.0000  -15.0000 2647.3740   15.0023
   -7.5000  -37.5000  -15.0000 2711.4963   14.0241
    0.0000  -37.5000  -15.0000 2723.3293   13.9782
    7.5000  -37.5000  -15.0000 2700.9512   14.1371
   -7.5000  -30.0000  -15.0000 2747.6372   13.3470
    0.0000  -30.0000  -15.0000 2760.8562   13.2966
    7.5000  -30.0000  -15.0000 2742.8098   13.4961
   -7.5000  -22.5000  -15.0000 2784.2192   12.8912
    0.0000  -22.5000  -15.0000 2799.3796   12.8273
    7.5000  -22.5000  -15.0000 2778.9885   12.9954
   -7.5000  -15.0000  -15.0000 2815.9827   12.5769
    0.0000  -15.0000  -15.0000 2833.5107   12.5046
    7.5000  -15.0000  -15.0000 2810.4050   12.6856
   -7.5000   -7.5000  -15.0000 2840.0579   12.3872
    0.0000   -7.5000  -15.0000 2861.8611   12.3188
    7.5000   -7.5000  -15.0000 2832.1382   12.4905
   -7.5000    0.0000  -15.0000 2852.0300   12.2984
    0.0000    0.0000  -15.0000 2871.9575   12.2264
    7.5000    0.0000  -15.0000 2843.5598   12.3874
   -7.5000    7.5000  -15.0000 2854.6865   12.3881
    0.0000    7.5000  -15.0000 2876.1594   12.2964
    7.5000    7.5000  -15.0000 2841.5720   12.4913
   -7.5000   15.0000  -15.0000 2830.5308   12.7009
    0.0000   15.0000  -15.0000 2853.2969   12.6056
    7.5000   15.0000  -15.0000 2814.0315   12.8087
   -7.5000   22.5000  -15.0000 2773.1016   13.2339
    0.0000   22.5000  -15.0000 2795.4944   13.1376
    7.5000   22.5000  -15.0000 2758.3208   13.3441
   -7.5000   30.0000  -15.0000 2682.9316   13.9614
    0.0000   30.0000  -15.0000 2707.2266   13.8807
    7.5000   30.0000  -15.0000 2672.9458   14.1145
   -7.5000   37.5000  -15.0000 2571.9883   14.9916
    0.0000   37.5000  -15.0000 2593.7397   14.9102
    7.5000   37.5000  -15.0000 2565.9575   15.1736
   -7.5000   45.0000  -15.0000 2451.6042   16.5140
    0.0000   45.0000  -15.0000 2471.6917   16.3746
    7.5000   45.0000  -15.0000 2441.9209   16.6707
   -7.5000  -45.0000   -7.5000 2697.2075   14.4229
    0.0000  -45.0000   -7.5000 2708.0972   14.3537
    7.5000  -45.0000   -7.5000 2679.5833   14.5789
   -7.5000  -37.5000   -7.5000 2743.8845   13.5447
    0.0000  -37.5000   -7.5000 2755.2891   13.4832
    7.5000  -37.5000   -7.5000 2732.0627   13.7077
   -7.5000  -30.0000   -7.5000 2781.8215   12.8819
    0.0000  -30.0000   -7.5000 2794.1599   12.8257
    7.5000  -30.0000   -7.5000 2773.2241   13.0207
   -7.5000  -22.5000   -7.5000 2818.9819   12.4218
    0.0000  -22.5000   -7.5000 2837.1909   12.3631
    7.5000  -22.5000   -7.5000 2813.9597   12.5244
   -7.5000  -15.0000   -7.5000 2852.9309   12.0789
    0.0000  -15.0000   -7.5000 2871.2371   12.0180
    7.5000  -15.0000   -7.5000 2852.6321   12.1933
   -7.5000   -7.5000   -7.5000 2886.9905   11.8947
    0.0000   -7.5000   -7.5000 2909.5967   11.8351
    7.5000   -7.5000   -7.5000 2883.8179   11.9862
   -7.5000    0.0000   -7.5000 2908.0347   11.8258
    0.0000    0.0000   -7.5000 2934.2695   11.7792
    7.5000    0.0000   -7.5000 2901.6116   11.9253
   -7.5000    7.5000   -7.5000 2910.0730   11.9064
    0.0000    7.5000   -7.5000 2939.8262   11.8463
    7.5000    7.5000   -7.5000 2899.0220   12.0367
   -7.5000   15.0000   -7.5000 2889.0950   12.2066
    0.0000   15.0000   -7.5000 2915.9722   12.1347
    7.5000   15.0000   -7.5000 2864.7095   12.3333
   -7.5000   22.5000   -7.5000 2832.5854   12.7371
    0.0000   22.5000   -7.5000 2858.0828   12.6552
    7.5000   22.5000   -7.5000 2806.7451   12.8750
   -7.5000   30.0000   -7.5000 2736.9678   13.4644
    0.0000   30.0000   -7.5000 2762.6470   13.4125
    7.5000   30.0000   -7.5000 2719.6204   13.6096
   -7.5000   37.5000   -7.5000 2619.2676   14.4987
    0.0000   37.5000   -7.5000 2639.8779   14.4240
    7.5000   37.5000   -7.5000 2607.8647   14.6411
   -7.5000   45.0000   -7.5000 2485.6213   15.9817
    0.0000   45.0000   -7.5000 2506.8440   15.8797
    7.5000   45.0000   -7.5000 2477.7578   16.1244
   -7.5000  -45.0000    0.0000 2698.4788   14.1782
    0.0000  -45.0000    0.0000 2708.6877   14.1228
    7.5000  -45.0000    0.0000 2691.8540   14.3688
   -7.5000  -37.5000    0.0000 2745.2388   13.3004
    0.0000  -37.5000    0.0000 2757.9917   13.2270
    7.5000  -37.5000    0.0000 2738.0098   13.4755
   -7.5000  -30.0000    0.0000 2788.4377   12.5930
    0.0000  -30.0000    0.0000 2801.1997   12.5463
    7.5000  -30.0000    0.0000 2781.2498   12.7605
   -7.5000  -22.5000    0.0000 2838.6829   12.0982
    0.0000  -22.5000    0.0000 2851.1021   12.0494
    7.5000  -22.5000    0.0000 2833.1033   12.2314
   -7.5000  -15.0000    0.0000 2875.3464   11.7573
    0.0000  -15.0000    0.0000 2891.8389   11.6860
    7.5000  -15.0000    0.0000 2870.0129   11.8853
   -7.5000   -7.5000    0.0000 2914.7178   11.6045
    0.0000   -7.5000    0.0000 2935.3958   11.5436
    7.5000   -7.5000    0.0000 2911.3208   11.7099
   -7.5000    0.0000    0.0000 2944.0393   11.5834
    0.0000    0.0000    0.0000 2975.5654   11.5454
    7.5000    0.0000    0.0000 2937.9832   11.6566
   -7.5000    7.5000    0.0000 2948.5208   11.6826
    0.0000    7.5000    0.0000 2983.9324   11.6598
    7.5000    7.5000    0.0000 2933.5530   11.7719
   -7.5000   15.0000    0.0000 2921.4067   11.9657
    0.0000   15.0000    0.0000 2950.8564   11.9184
    7.5000   15.0000    0.0000 2897.8550   12.0586
   -7.5000   22.5000    0.0000 2863.0649   12.4610
    0.0000   22.5000    0.0000 2885.5588   12.4018
    7.5000   22.5000    0.0000 2834.0630   12.5647
   -7.5000   30.0000    0.0000 2762.4216   13.1997
    0.0000   30.0000    0.0000 2781.7004   13.1404
    7.5000   30.0000    0.0000 2740.9099   13.3315
   -7.5000   37.5000    0.0000 2639.6023   14.2513
    0.0000   37.5000    0.0000 2659.4143   14.1837
    7.5000   37.5000    0.0000 2626.4734   14.3745
   -7.5000   45.0000    0.0000 2505.2888   15.6610
    0.0000   45.0000    0.0000 2520.0923   15.5782
    7.5000   45.0000    0.0000 2494.4492   15.7997
   -7.5000  -45.0000    7.5000 2690.7729   14.1171
    0.0000  -45.0000    7.5000 2704.2595   14.0772
    7.5000  -45.0000    7.5000 2688.5542   14.3391
   -7.5000  -37.5000    7.5000 2734.0325   13.1917
    0.0000  -37.5000    7.5000 2747.6528   13.1476
    7.5000  -37.5000    7.5000 2731.0815   13.4062
   -7.5000  -30.0000    7.5000 2773.5266   12.4980
    0.0000  -30.0000    7.5000 2783.7849   12.4441
    7.5000  -30.0000    7.5000 2769.9001   12.6635
   -7.5000  -22.5000    7.5000 2824.8083   11.9969
    0.0000  -22.5000    7.5000 2836.7981   11.9417
    7.5000  -22.5000    7.5000 2818.7327   12.1379
   -7.5000  -15.0000    7.5000 2874.9172   11.6702
    0.0000  -15.0000    7.5000 2887.7766   11.6285
    7.5000  -15.0000    7.5000 2865.0051   11.7865
   -7.5000   -7.5000    7.5000 2920.5857   11.5403
    0.0000   -7.5000    7.5000 2939.0945   11.4950
    7.5000   -7.5000    7.5000 2907.7493   11.6291
   -7.5000    0.0000    7.5000 2959.7737   11.5245
    0.0000    0.0000    7.5000 2986.4250   11.5109
    7.5000    0.0000    7.5000 2940.6387   11.5910
   -7.5000    7.5000    7.5000 2966.0913   11.6044
    0.0000    7.5000    7.5000 3001.4058   11.5696
    7.5000    7.5000    7.5000 2941.8430   11.6856
   -7.5000   15.0000    7.5000 2934.0234   11.8692
    0.0000   15.0000    7.5000 2961.3711   11.7981
    7.5000   15.0000    7.5000 2906.8286   11.9675
   -7.5000   22.5000    7.5000 2866.9285   12.3786
    0.0000   22.5000    7.5000 2882.2976   12.3168
    7.5000   22.5000    7.5000 2837.4487   12.5295
   -7.5000   30.0000    7.5000 2762.0107   13.1420
    0.0000   30.0000    7.5000 2774.5125   13.0770
    7.5000   30.0000    7.5000 2740.0146   13.2999
   -7.5000   37.5000    7.5000 2635.5542   14.1995
    0.0000   37.5000    7.5000 2650.5103   14.1186
    7.5000   37.5000    7.5000 2620.8083   14.3437
   -7.5000   45.0000    7.5000 2503.9780   15.5897
    0.0000   45.0000    7.5000 2513.3027   15.4606
    7.5000   45.0000    7.5000 2493.2651   15.6904
   -7.5000  -45.0000   15.0000 2671.8008   14.2607
    0.0000  -45.0000   15.0000 2687.6013   14.2352
    7.5000  -45.0000   15.0000 2668.3621   14.5174
   -7.5000  -37.5000   15.0000 2709.4041   13.3232
    0.0000  -37.5000   15.0000 2720.8862   13.2969
    7.5000  -37.5000   15.0000 2703.3794   13.5475
   -7.5000  -30.0000   15.0000 2745.9612   12.6154
    0.0000  -30.0000   15.0000 2755.8833   12.5854
    7.5000  -30.0000   15.0000 2736.2102   12.8025
   -7.5000  -22.5000   15.0000 2792.6328   12.0991
    0.0000  -22.5000   15.0000 2802.9714   12.0588
    7.5000  -22.5000   15.0000 2782.8386   12.2729
   -7.5000  -15.0000   15.0000 2844.4958   11.7592
    0.0000  -15.0000   15.0000 2855.2361   11.7221
    7.5000  -15.0000   15.0000 2832.2209   11.9154
   -7.5000   -7.5000   15.0000 2897.9597   11.6427
    0.0000   -7.5000   15.0000 2916.8481   11.5808
    7.5000   -7.5000   15.0000 2882.5493   11.7643
   -7.5000    0.0000   15.0000 2939.0151   11.6050
    0.0000    0.0000   15.0000 2964.9915   11.5503
    7.5000    0.0000   15.0000 2918.0906   11.7197
   -7.5000    7.5000   15.0000 2946.3247   11.6714
    0.0000    7.5000   15.0000 2973.9612   11.5772
    7.5000    7.5000   15.0000 2918.6907   11.8304
   -7.5000   15.0000   15.0000 2915.0115   11.9851
    0.0000   15.0000   15.0000 2934.8447   11.8487
    7.5000   15.0000   15.0000 2884.1501   12.1635
   -7.5000   22.5000   15.0000 2844.9246   12.5310
    0.0000   22.5000   15.0000 2856.4590   12.4009
    7.5000   22.5000   15.0000 2819.8464   12.6953
   -7.5000   30.0000   15.0000 2739.3040   13.3331
    0.0000   30.0000   15.0000 2751.0032   13.2033
    7.5000   30.0000   15.0000 2718.1729   13.4748
   -7.5000   37.5000   15.0000 2608.1865   14.4117
    0.0000   37.5000   15.0000 2617.6851   14.2939
    7.5000   37.5000   15.0000 2594.2080   14.5361
   -7.5000   45.0000   15.0000 2478.3967   15.7777
    0.0000   45.0000   15.0000 2484.1721   15.6451
    7.5000   45.0000   15.0000 2466.4785   15.8872
   -7.5000  -45.0000   22.5000 2644.9412   14.6358
    0.0000  -45.0000   22.5000 2656.4399   14.6346
    7.5000  -45.0000   22.5000 2632.9460   14.9381
   -7.5000  -37.5000   22.5000 2674.9355   13.6490
    0.0000  -37.5000   22.5000 2684.3572   13.6387
    7.5000  -37.5000   22.5000 2664.1223   13.9462
   -7.5000  -30.0000   22.5000 2711.2727   12.9194
    0.0000  -30.0000   22.5000 2717.1079   12.8708
    7.5000  -30.0000   22.5000 2698.8806   13.1535
   -7.5000  -22.5000   22.5000 2755.3174   12.3891
    0.0000  -22.5000   22.5000 2763.0505   12.3507
    7.5000  -22.5000   22.5000 2744.3757   12.6107
   -7.5000  -15.0000   22.5000 2798.2021   12.0426
    0.0000  -15.0000   22.5000 2808.8645   11.9833
    7.5000  -15.0000   22.5000 2786.8411   12.2561
   -7.5000   -7.5000   22.5000 2854.7529   11.9272
    0.0000   -7.5000   22.5000 2867.5217   11.8662
    7.5000   -7.5000   22.5000 2839.3994   12.0872
   -7.5000    0.0000   22.5000 2890.2478   11.8987
    0.0000    0.0000   22.5000 2910.8328   11.8430
    7.5000    0.0000   22.5000 2867.7139   12.0652
   -7.5000    7.5000   22.5000 2901.2063   12.0201
    0.0000    7.5000   22.5000 2920.3379   11.9119
    7.5000    7.5000   22.5000 2871.9229   12.2225
   -7.5000   15.0000   22.5000 2871.3105   12.3596
    0.0000   15.0000   22.5000 2884.8882   12.2321
    7.5000   15.0000   22.5000 2842.7285   12.5275
   -7.5000   22.5000   22.5000 2798.9727   12.9368
    0.0000   22.5000   22.5000 2810.4055   12.8204
    7.5000   22.5000   22.5000 2776.9294   13.0901
   -7.5000   30.0000   22.5000 2701.4998   13.7199
    0.0000   30.0000   22.5000 2709.9744   13.5865
    7.5000   30.0000   22.5000 2679.7014   13.8654
   -7.5000   37.5000   22.5000 2579.3555   14.7379
    0.0000   37.5000   22.5000 2589.7124   14.6124
    7.5000   37.5000   22.5000 2565.5647   14.8919
   -7.5000   45.0000   22.5000 2445.4575   16.1022
    0.0000   45.0000   22.5000 2456.6926   15.9771
    7.5000   45.0000   22.5000 2437.8008   16.2357
   -7.5000  -45.0000   30.0000 2595.6438   15.1673
    0.0000  -45.0000   30.0000 2606.4763   15.1607
    7.5000  -45.0000   30.0000 2583.1958   15.5155
   -7.5000  -37.5000   30.0000 2623.5376   14.1740
    0.0000  -37.5000   30.0000 2633.3774   14.1559
    7.5000  -37.5000   30.0000 2614.2549   14.5093
   -7.5000  -30.0000   30.0000 2659.0430   13.4038
    0.0000  -30.0000   30.0000 2667.3464   13.3599
    7.5000  -30.0000   30.0000 2648.2209   13.6943
   -7.5000  -22.5000   30.0000 2703.6985   12.8589
    0.0000  -22.5000   30.0000 2710.3967   12.8068
    7.5000  -22.5000   30.0000 2689.1958   13.1186
   -7.5000  -15.0000   30.0000 2747.4927   12.5477
    0.0000  -15.0000   30.0000 2755.6243   12.4756
    7.5000  -15.0000   30.0000 2730.6299   12.7779
   -7.5000   -7.5000   30.0000 2793.6584   12.4154
    0.0000   -7.5000   30.0000 2804.9182   12.3710
    7.5000   -7.5000   30.0000 2778.1140   12.6062
   -7.5000    0.0000   30.0000 2824.8582   12.4280
    0.0000    0.0000   30.0000 2841.5159   12.3558
    7.5000    0.0000   30.0000 2803.9397   12.6436
   -7.5000    7.5000   30.0000 2826.3169   12.6114
    0.0000    7.5000   30.0000 2841.2178   12.5178
    7.5000    7.5000   30.0000 2803.1616   12.8316
   -7.5000   15.0000   30.0000 2792.2786   13.0028
    0.0000   15.0000   30.0000 2804.5891   12.8915
    7.5000   15.0000   30.0000 2771.1165   13.1606
   -7.5000   22.5000   30.0000 2729.7795   13.5588
    0.0000   22.5000   30.0000 2740.5684   13.4492
    7.5000   22.5000   30.0000 2713.0928   13.6979
   -7.5000   30.0000   30.0000 2641.0281   14.3269
    0.0000   30.0000   30.0000 2650.4065   14.2158
    7.5000   30.0000   30.0000 2623.1995   14.4759
   -7.5000   37.5000   30.0000 2535.5249   15.3036
    0.0000   37.5000   30.0000 2544.5564   15.2009
    7.5000   37.5000   30.0000 2516.7087   15.4728
   -7.5000   45.0000   30.0000 2411.2410   16.6325
    0.0000   45.0000   30.0000 2420.9578   16.5123
    7.5000   45.0000   30.0000 2400.7327   16.7636
   -7.5000  -45.0000   37.5000 2532.5378   15.8575
    0.0000  -45.0000   37.5000 2544.5171   15.8398
    7.5000  -45.0000   37.5000 2523.5835   16.2342
   -7.5000  -37.5000   37.5000 2565.4246   14.8580
    0.0000  -37.5000   37.5000 2577.1194   14.8387
    7.5000  -37.5000   37.5000 2558.5239   15.2043
   -7.5000  -30.0000   37.5000 2603.8054   14.0766
    0.0000  -30.0000   37.5000 2612.3828   14.0345
    7.5000  -30.0000   37.5000 2587.6282   14.3872
   -7.5000  -22.5000   37.5000 2650.0452   13.5336
    0.0000  -22.5000   37.5000 2654.3352   13.4940
    7.5000  -22.5000   37.5000 2626.3479   13.8192
   -7.5000  -15.0000   37.5000 2689.0693   13.2332
    0.0000  -15.0000   37.5000 2695.7976   13.1842
    7.5000  -15.0000   37.5000 2664.4373   13.4824
   -7.5000   -7.5000   37.5000 2727.8372   13.1347
    0.0000   -7.5000   37.5000 2741.6919   13.0849
    7.5000   -7.5000   37.5000 2707.5308   13.3562
   -7.5000    0.0000   37.5000 2744.4663   13.1585
    0.0000    0.0000   37.5000 2762.4829   13.0845
    7.5000    0.0000   37.5000 2725.6975   13.3761
   -7.5000    7.5000   37.5000 2739.9082   13.3839
    0.0000    7.5000   37.5000 2752.1709   13.2942
    7.5000    7.5000   37.5000 2720.1042   13.5719
   -7.5000   15.0000   37.5000 2702.8081   13.8007
    0.0000   15.0000   37.5000 2714.2363   13.6934
    7.5000   15.0000   37.5000 2686.8738   13.9370
   -7.5000   22.5000   37.5000 2643.6931   14.3674
    0.0000   22.5000   37.5000 2655.1089   14.2737
    7.5000   22.5000   37.5000 2629.6416   14.5098
   -7.5000   30.0000   37.5000 2570.4658   15.0972
    0.0000   30.0000   37.5000 2581.8450   15.0003
    7.5000   30.0000   37.5000 2553.7881   15.2722
   -7.5000   37.5000   37.5000 2478.2231   16.0636
    0.0000   37.5000   37.5000 2489.9277   15.9808
    7.5000   37.5000   37.5000 2460.0918   16.2462
   -7.5000   45.0000   37.5000 2362.8796   17.3361
    0.0000   45.0000   37.5000 2373.6909   17.2416
    7.5000   45.0000   37.5000 2351.3662   17.5007
   -7.5000  -45.0000   45.0000 2471.2695   16.7470
    0.0000  -45.0000   45.0000 2479.3083   16.7203
    7.5000  -45.0000   45.0000 2461.0103   17.1460
   -7.5000  -37.5000   45.0000 2508.4165   15.7217
    0.0000  -37.5000   45.0000 2517.3120   15.6932
    7.5000  -37.5000   45.0000 2497.1196   16.0670
   -7.5000  -30.0000   45.0000 2547.0967   14.9177
    0.0000  -30.0000   45.0000 2556.3225   14.8878
    7.5000  -30.0000   45.0000 2527.2715   15.2536
   -7.5000  -22.5000   45.0000 2588.8904   14.3627
    0.0000  -22.5000   45.0000 2596.3108   14.3255
    7.5000  -22.5000   45.0000 2561.2085   14.6735
   -7.5000  -15.0000   45.0000 2617.5146   14.0955
    0.0000  -15.0000   45.0000 2625.8860   14.0388
    7.5000  -15.0000   45.0000 2587.8103   14.3381
   -7.5000   -7.5000   45.0000 2646.5681   14.0138
    0.0000   -7.5000   45.0000 2661.5840   13.9626
    7.5000   -7.5000   45.0000 2621.2200   14.2499
   -7.5000    0.0000   45.0000 2654.8496   14.0768
    0.0000    0.0000   45.0000 2670.3943   14.0367
    7.5000    0.0000   45.0000 2634.0642   14.3075
   -7.5000    7.5000   45.0000 2643.8403   14.3454
    0.0000    7.5000   45.0000 2656.5991   14.2929
    7.5000    7.5000   45.0000 2623.1404   14.5430
   -7.5000   15.0000   45.0000 2613.2778   14.7555
    0.0000   15.0000   45.0000 2622.9966   14.6659
    7.5000   15.0000   45.0000 2596.7454   14.8990
   -7.5000   22.5000   45.0000 2558.6880   15.3660
    0.0000   22.5000   45.0000 2566.6758   15.2710
    7.5000   22.5000   45.0000 2546.4978   15.5177
   -7.5000   30.0000   45.0000 2484.3086   16.0729
    0.0000   30.0000   45.0000 2496.2761   15.9748
    7.5000   30.0000   45.0000 2473.8970   16.2262
   -7.5000   37.5000   45.0000 2407.6409   16.9791
    0.0000   37.5000   45.0000 2417.2844   16.8959
    7.5000   37.5000   45.0000 2391.3223   17.1649
   -7.5000   45.0000   45.0000 2307.6133   18.1837
    0.0000   45.0000   45.0000 2315.2554   18.1102
    7.5000   45.0000   45.0000 2288.8591   18.3604

---------------------------------------------------------------------
imgreg_4dfp /opt/freesurfer/average/711-2C_as_mni_average_305 /opt/freesurfer/average/711-2B_as_mni_average_305_mask talsrcimg_g11 none talsrcimg_to_711-2C_as_mni_average_305_t4 1283
---------------------------------------------------------------------

freesurfer imgreg_4dfp.c
/opt/freesurfer/average/711-2C_as_mni_average_305.4dfp.img
       256       256       256         1
  1.000000  1.000000  1.000000
orientation T byte_order littleendian
Reading image: /opt/freesurfer/average/711-2C_as_mni_average_305.4dfp.img
dimensions:      256       256       256
mmppix:       1.0000   -1.0000   -1.0000
center:     128.0000 -129.0000 -129.0000
/opt/freesurfer/average/711-2B_as_mni_average_305_mask.4dfp.img
       256       256       256         1
  1.000000  1.000000  1.000000
orientation T byte_order littleendian
Reading mask: /opt/freesurfer/average/711-2B_as_mni_average_305_mask.4dfp.img (2306576 pixels)
talsrcimg_g11.4dfp.img
       256       256       256         1
  1.000000  1.000000  1.000000
orientation T byte_order littleendian
Reading image: talsrcimg_g11.4dfp.img
dimensions:      256       256       256
mmppix:       1.0000   -1.0000   -1.0000
center:     128.0000 -129.0000 -129.0000
rotation matrix determinant  1.000000
fimgreg.f
image alignment mode   1283 decimal      503 hex
parameters
    0.0000    7.5000    7.5000    0.0000    0.0000    0.0000
eta,q 0.93975 11.59167
niter,ni,del,rscale     5    3   12.0000    1.2000
parameter  4  5.175185 ->  0.500000 qaram    1.1500
parameters
   -1.3568    6.5938    6.5450   -3.4500    0.1709   -0.7963
eta,q 0.95145 11.43366
  0.0639  0.0622  0.0604  0.0470  0.0544  0.0536
  0.0587  0.0592  0.0570  0.0482  0.0519  0.0511
  0.0559  0.0565  0.0552  0.0510  0.0501  0.0489
  0.0566  0.0555  0.0557  0.0552  0.0488  0.0488
  0.0611  0.0576  0.0578  0.0601  0.0495  0.0509
  0.0667  0.0627  0.0605  0.0633  0.0515  0.0535
  0.0730  0.0686  0.0632  0.0656  0.0540  0.0562
niter,ni,del,rscale     5    3   12.0000    1.2000
parameter  4  0.850060 ->  0.500000 qaram    1.3225
parameters
   -1.3499    7.0236    6.4414   -7.4175    0.0528   -0.8609
eta,q 0.95381 11.44533
  0.0620  0.0614  0.0545  0.0449  0.0516  0.0514
  0.0555  0.0573  0.0512  0.0460  0.0487  0.0488
  0.0509  0.0522  0.0492  0.0468  0.0467  0.0467
  0.0486  0.0486  0.0483  0.0483  0.0462  0.0462
  0.0505  0.0494  0.0490  0.0522  0.0474  0.0473
  0.0560  0.0539  0.0514  0.0584  0.0494  0.0489
  0.0617  0.0596  0.0551  0.0632  0.0515  0.0514
niter,ni,del,rscale     5    3   12.0000    1.2000
parameter  4  0.961294 ->  0.500000 qaram    1.5209
parameters
   -1.3863    7.6661    5.0198  -11.9801    0.1285   -0.7886
eta,q 0.95864 11.41920
  0.0579  0.0561  0.0493  0.0413  0.0477  0.0469
  0.0520  0.0509  0.0466  0.0412  0.0443  0.0441
  0.0480  0.0474  0.0456  0.0429  0.0421  0.0421
  0.0462  0.0462  0.0463  0.0457  0.0414  0.0414
  0.0479  0.0469  0.0478  0.0475  0.0424  0.0420
  0.0526  0.0490  0.0504  0.0511  0.0442  0.0440
  0.0579  0.0522  0.0542  0.0569  0.0472  0.0467
niter,ni,del,rscale     5    3   12.0000    1.2000
parameter  4  0.517489 ->  0.500000 qaram    1.7490
parameters
   -1.3691    8.7796    3.5710  -17.2272    0.7524   -0.9863
eta,q 0.96035 11.46550
  0.0539  0.0510  0.0445  0.0398  0.0465  0.0435
  0.0472  0.0481  0.0410  0.0399  0.0431  0.0414
  0.0432  0.0447  0.0393  0.0390  0.0408  0.0399
  0.0414  0.0414  0.0404  0.0393  0.0397  0.0397
  0.0432  0.0403  0.0433  0.0437  0.0400  0.0401
  0.0480  0.0427  0.0461  0.0478  0.0415  0.0416
  0.0532  0.0473  0.0497  0.0527  0.0442  0.0442
niter,ni,del,rscale     5    3   12.0000    1.2000
parameters
   -1.9722   11.4161    2.2463  -19.6676    1.0414   -1.3064
eta,q 0.96436 11.53197
  0.0506  0.0498  0.0417  0.0425  0.0426  0.0411
  0.0437  0.0458  0.0382  0.0373  0.0391  0.0381
  0.0400  0.0424  0.0369  0.0354  0.0369  0.0361
  0.0397  0.0394  0.0374  0.0369  0.0357  0.0357
  0.0432  0.0375  0.0394  0.0392  0.0361  0.0367
  0.0487  0.0382  0.0430  0.0447  0.0382  0.0391
  0.0539  0.0405  0.0475  0.0517  0.0416  0.0422
niter,ni,del,rscale     4    3   12.0000    1.2000
parameters
   -1.9993   11.2987    1.4605  -20.2568    1.1951   -1.3796
eta,q 0.96516 11.49939
  0.0505  0.0452  0.0418  0.0443  0.0417  0.0411
  0.0424  0.0409  0.0372  0.0405  0.0384  0.0378
  0.0372  0.0372  0.0350  0.0356  0.0362  0.0355
  0.0356  0.0356  0.0357  0.0351  0.0349  0.0348
  0.0379  0.0369  0.0377  0.0377  0.0353  0.0357
  0.0435  0.0410  0.0407  0.0407  0.0377  0.0381
  0.0500  0.0464  0.0448  0.0471  0.0414  0.0413
niter,ni,del,rscale     3    3   12.0000    1.2000
parameters
   -1.9713   11.2387    1.3429  -20.3637    1.2071   -1.3840
eta,q 0.96525 11.49205
  0.0505  0.0453  0.0437  0.0447  0.0413  0.0412
  0.0421  0.0407  0.0382  0.0412  0.0381  0.0379
  0.0367  0.0366  0.0351  0.0362  0.0360  0.0355
  0.0348  0.0348  0.0348  0.0348  0.0348  0.0347
  0.0371  0.0361  0.0367  0.0373  0.0353  0.0356
  0.0428  0.0405  0.0395  0.0398  0.0378  0.0379
  0.0495  0.0462  0.0433  0.0459  0.0417  0.0412
niter,ni,del,rscale     2    3   12.0000    1.2000
parameters
   -1.9629   11.2357    1.3172  -20.3887    1.2057   -1.3818
eta,q 0.96527 11.49091
  0.0504  0.0455  0.0440  0.0448  0.0413  0.0412
  0.0419  0.0408  0.0383  0.0414  0.0381  0.0379
  0.0366  0.0367  0.0351  0.0363  0.0359  0.0355
  0.0347  0.0347  0.0347  0.0347  0.0347  0.0347
  0.0370  0.0360  0.0365  0.0372  0.0353  0.0356
  0.0428  0.0403  0.0393  0.0397  0.0378  0.0379
  0.0495  0.0461  0.0431  0.0457  0.0417  0.0411
registration optimization eta report
parameter search radius
    6.0000    6.0000    6.0000   10.4940    6.0000    6.0000
100000*second partial in parameter space
       42.       30.       24.        9.       19.       18.
  0.0504  0.0455  0.0440  0.0448  0.0413  0.0412
  0.0419  0.0408  0.0383  0.0414  0.0381  0.0379
  0.0366  0.0367  0.0351  0.0363  0.0359  0.0355
  0.0347  0.0347  0.0347  0.0347  0.0347  0.0347
  0.0370  0.0360  0.0365  0.0372  0.0353  0.0356
  0.0428  0.0403  0.0393  0.0397  0.0378  0.0379
  0.0495  0.0461  0.0431  0.0457  0.0417  0.0411
   -1.9629   11.2357    1.3172  -20.3887    1.2057   -1.3818
eta,q 0.96527 11.49091

---------------------------------------------------------------------
imgreg_4dfp /opt/freesurfer/average/711-2C_as_mni_average_305 /opt/freesurfer/average/711-2B_as_mni_average_305_mask talsrcimg_g11 none talsrcimg_to_711-2C_as_mni_average_305_t4 3335
---------------------------------------------------------------------

freesurfer imgreg_4dfp.c
/opt/freesurfer/average/711-2C_as_mni_average_305.4dfp.img
       256       256       256         1
  1.000000  1.000000  1.000000
orientation T byte_order littleendian
Reading image: /opt/freesurfer/average/711-2C_as_mni_average_305.4dfp.img
dimensions:      256       256       256
mmppix:       1.0000   -1.0000   -1.0000
center:     128.0000 -129.0000 -129.0000
/opt/freesurfer/average/711-2B_as_mni_average_305_mask.4dfp.img
       256       256       256         1
  1.000000  1.000000  1.000000
orientation T byte_order littleendian
Reading mask: /opt/freesurfer/average/711-2B_as_mni_average_305_mask.4dfp.img (2306576 pixels)
talsrcimg_g11.4dfp.img
       256       256       256         1
  1.000000  1.000000  1.000000
orientation T byte_order littleendian
Reading image: talsrcimg_g11.4dfp.img
dimensions:      256       256       256
mmppix:       1.0000   -1.0000   -1.0000
center:     128.0000 -129.0000 -129.0000
fimgreg.f
image alignment mode   3335 decimal      D07 hex
parameters
   -1.9629   11.2357    1.3172   -0.0512   -6.3098   -6.2857
    2.9933   -1.1316   -2.4110   34.8761    2.1041  -34.8309
eta,q 0.96515 11.56835
niter,ni,del,rscale     5    3    5.0000    1.2000
parameter  5  2.256624 ->  0.500000 qaram    1.1500
parameter  6  0.543361 ->  0.500000 qaram    1.1500
parameter 12 -1.550480 -> -0.500000 qaram    1.1500
parameters
   -1.9032   11.6046    1.8115   -3.2675  -10.4498  -10.4257
    3.6974   -1.5439   -1.2159   33.4076   -0.6695  -30.6909
eta,q 0.97038 10.89859
  0.0378  0.0372  0.0365  0.0350  0.0300  0.0312  0.0331  0.0337  0.0330  0.0319  0.0309  0.0336
  0.0361  0.0361  0.0357  0.0345  0.0311  0.0309  0.0320  0.0322  0.0319  0.0311  0.0307  0.0324
  0.0352  0.0353  0.0351  0.0344  0.0326  0.0309  0.0312  0.0312  0.0312  0.0308  0.0307  0.0315
  0.0349  0.0349  0.0348  0.0348  0.0344  0.0315  0.0309  0.0308  0.0308  0.0308  0.0307  0.0307
  0.0352  0.0349  0.0348  0.0358  0.0364  0.0327  0.0310  0.0313  0.0308  0.0312  0.0310  0.0300
  0.0360  0.0353  0.0350  0.0374  0.0387  0.0345  0.0315  0.0326  0.0312  0.0321  0.0313  0.0295
  0.0374  0.0361  0.0355  0.0395  0.0412  0.0370  0.0324  0.0346  0.0319  0.0334  0.0319  0.0292
niter,ni,del,rscale     7    3    5.0000    1.2000
parameter  3  0.565961 ->  0.500000 qaram    1.1500
parameter  5  1.237437 ->  0.500000 qaram    1.3225
parameters
   -1.9302   11.8128    0.4315   -3.2348  -15.2108  -13.0560
    2.9897   -1.4801   -1.8204   32.9543   -0.5507  -26.6176
eta,q 0.97315 10.44544
  0.0322  0.0318  0.0295  0.0308  0.0267  0.0284  0.0290  0.0304  0.0286  0.0285  0.0276  0.0293
  0.0308  0.0307  0.0293  0.0301  0.0272  0.0275  0.0279  0.0287  0.0277  0.0276  0.0273  0.0284
  0.0299  0.0299  0.0293  0.0296  0.0281  0.0272  0.0273  0.0276  0.0273  0.0272  0.0272  0.0277
  0.0296  0.0296  0.0296  0.0293  0.0293  0.0274  0.0272  0.0272  0.0272  0.0272  0.0272  0.0272
  0.0299  0.0297  0.0301  0.0293  0.0309  0.0282  0.0276  0.0275  0.0275  0.0274  0.0272  0.0269
  0.0308  0.0303  0.0308  0.0298  0.0329  0.0298  0.0285  0.0286  0.0281  0.0279  0.0273  0.0269
  0.0323  0.0312  0.0316  0.0311  0.0353  0.0322  0.0298  0.0303  0.0291  0.0288  0.0276  0.0272
niter,ni,del,rscale     7    3    5.0000    1.2000
parameter  5  0.634477 ->  0.500000 qaram    1.5209
parameters
   -1.8846   12.5259   -0.0284   -4.0677  -20.6860  -15.2360
    2.9364   -1.4733   -2.1229   34.1020   -0.1636  -27.0447
eta,q 0.97472 10.02752
  0.0295  0.0298  0.0277  0.0276  0.0261  0.0269  0.0275  0.0284  0.0272  0.0278  0.0258  0.0264
  0.0281  0.0284  0.0270  0.0270  0.0256  0.0258  0.0264  0.0267  0.0261  0.0265  0.0255  0.0258
  0.0272  0.0274  0.0267  0.0268  0.0257  0.0253  0.0256  0.0256  0.0255  0.0257  0.0253  0.0254
  0.0268  0.0268  0.0267  0.0266  0.0267  0.0255  0.0253  0.0253  0.0253  0.0253  0.0253  0.0253
  0.0271  0.0267  0.0271  0.0267  0.0280  0.0263  0.0256  0.0257  0.0256  0.0254  0.0253  0.0255
  0.0280  0.0269  0.0277  0.0272  0.0297  0.0278  0.0264  0.0268  0.0264  0.0258  0.0255  0.0259
  0.0294  0.0276  0.0285  0.0284  0.0318  0.0301  0.0276  0.0284  0.0275  0.0265  0.0257  0.0266
niter,ni,del,rscale     7    3    5.0000    1.2000
parameters
   -1.8376   13.4992   -1.0105   -4.7990  -22.1869  -16.9679
    2.9896   -1.3640   -2.0074   35.7313   -0.7301  -27.7435
eta,q 0.97563  9.87616
  0.0279  0.0292  0.0253  0.0257  0.0277  0.0264  0.0267  0.0277  0.0267  0.0276  0.0248  0.0254
  0.0265  0.0275  0.0249  0.0250  0.0259  0.0251  0.0256  0.0260  0.0255  0.0261  0.0246  0.0248
  0.0256  0.0261  0.0247  0.0248  0.0248  0.0245  0.0248  0.0249  0.0248  0.0250  0.0244  0.0244
  0.0253  0.0253  0.0249  0.0247  0.0247  0.0246  0.0245  0.0245  0.0245  0.0245  0.0244  0.0244
  0.0255  0.0249  0.0254  0.0249  0.0257  0.0254  0.0247  0.0249  0.0247  0.0244  0.0245  0.0246
  0.0263  0.0251  0.0263  0.0253  0.0274  0.0268  0.0255  0.0259  0.0254  0.0249  0.0247  0.0251
  0.0277  0.0257  0.0274  0.0262  0.0296  0.0290  0.0267  0.0274  0.0266  0.0256  0.0250  0.0258
niter,ni,del,rscale     6    3    5.0000    1.2000
parameters
   -1.7855   13.9071   -1.7911   -4.9215  -22.9272  -17.8669
    2.9046   -1.1733   -1.9536   36.6137   -0.6494  -28.6080
eta,q 0.97591  9.82983
  0.0269  0.0274  0.0249  0.0254  0.0278  0.0265  0.0263  0.0274  0.0264  0.0269  0.0247  0.0251
  0.0256  0.0259  0.0244  0.0246  0.0258  0.0251  0.0252  0.0257  0.0252  0.0255  0.0244  0.0245
  0.0247  0.0249  0.0242  0.0243  0.0245  0.0243  0.0244  0.0245  0.0244  0.0245  0.0242  0.0241
  0.0244  0.0244  0.0243  0.0242  0.0242  0.0242  0.0241  0.0241  0.0241  0.0241  0.0241  0.0241
  0.0246  0.0244  0.0247  0.0244  0.0250  0.0247  0.0244  0.0245  0.0244  0.0243  0.0242  0.0244
  0.0254  0.0249  0.0255  0.0247  0.0267  0.0258  0.0252  0.0255  0.0252  0.0249  0.0244  0.0249
  0.0267  0.0259  0.0266  0.0255  0.0288  0.0279  0.0264  0.0270  0.0263  0.0258  0.0247  0.0256
niter,ni,del,rscale     5    3    5.0000    1.2000
parameters
   -1.7252   14.0463   -2.1966   -4.9416  -23.3064  -18.2575
    2.8127   -1.0470   -1.9737   37.1163   -0.5501  -29.0809
eta,q 0.97597  9.81576
  0.0266  0.0267  0.0251  0.0253  0.0279  0.0266  0.0262  0.0272  0.0263  0.0266  0.0247  0.0252
  0.0253  0.0253  0.0244  0.0245  0.0259  0.0252  0.0251  0.0255  0.0251  0.0252  0.0243  0.0245
  0.0244  0.0244  0.0241  0.0241  0.0245  0.0243  0.0243  0.0244  0.0243  0.0244  0.0241  0.0241
  0.0241  0.0241  0.0241  0.0240  0.0240  0.0240  0.0240  0.0240  0.0240  0.0240  0.0240  0.0240
  0.0243  0.0243  0.0244  0.0242  0.0247  0.0244  0.0243  0.0244  0.0243  0.0243  0.0241  0.0243
  0.0251  0.0250  0.0250  0.0246  0.0263  0.0254  0.0251  0.0254  0.0251  0.0249  0.0243  0.0247
  0.0264  0.0261  0.0260  0.0253  0.0284  0.0273  0.0263  0.0270  0.0263  0.0259  0.0247  0.0255
niter,ni,del,rscale     4    3    5.0000    1.2000
parameters
   -1.6841   14.1102   -2.3941   -4.9613  -23.5069  -18.4543
    2.7624   -0.9757   -1.9954   37.3644   -0.5200  -29.2868
eta,q 0.97598  9.80762
  0.0265  0.0265  0.0253  0.0253  0.0280  0.0267  0.0262  0.0272  0.0263  0.0264  0.0247  0.0253
  0.0252  0.0251  0.0245  0.0245  0.0260  0.0253  0.0251  0.0255  0.0251  0.0251  0.0243  0.0246
  0.0244  0.0243  0.0241  0.0241  0.0245  0.0243  0.0243  0.0244  0.0243  0.0243  0.0241  0.0241
  0.0240  0.0240  0.0240  0.0240  0.0240  0.0240  0.0240  0.0240  0.0240  0.0240  0.0240  0.0240
  0.0243  0.0243  0.0243  0.0242  0.0246  0.0243  0.0243  0.0244  0.0243  0.0243  0.0241  0.0242
  0.0250  0.0250  0.0248  0.0246  0.0262  0.0253  0.0251  0.0254  0.0251  0.0250  0.0243  0.0247
  0.0264  0.0262  0.0257  0.0253  0.0283  0.0272  0.0263  0.0270  0.0263  0.0260  0.0247  0.0254
niter,ni,del,rscale     3    3    5.0000    1.2000
parameters
   -1.6614   14.1462   -2.4900   -4.9751  -23.6089  -18.5530
    2.7354   -0.9305   -2.0100   37.4773   -0.5201  -29.4011
eta,q 0.97598  9.80330
  0.0265  0.0264  0.0254  0.0253  0.0280  0.0268  0.0262  0.0271  0.0263  0.0263  0.0247  0.0253
  0.0252  0.0251  0.0246  0.0245  0.0261  0.0253  0.0251  0.0255  0.0251  0.0250  0.0243  0.0246
  0.0243  0.0243  0.0241  0.0241  0.0246  0.0244  0.0243  0.0244  0.0243  0.0242  0.0241  0.0241
  0.0240  0.0240  0.0240  0.0240  0.0240  0.0240  0.0240  0.0240  0.0240  0.0240  0.0240  0.0240
  0.0243  0.0243  0.0242  0.0242  0.0246  0.0243  0.0243  0.0244  0.0243  0.0243  0.0241  0.0242
  0.0251  0.0250  0.0248  0.0246  0.0262  0.0252  0.0251  0.0254  0.0251  0.0251  0.0243  0.0247
  0.0264  0.0262  0.0256  0.0253  0.0282  0.0271  0.0262  0.0270  0.0263  0.0260  0.0247  0.0254
niter,ni,del,rscale     2    3    5.0000    1.2000
parameters
   -1.6496   14.1641   -2.5389   -4.9840  -23.6605  -18.6035
    2.7171   -0.9075   -2.0179   37.5347   -0.5156  -29.4466
eta,q 0.97598  9.80080
  0.0264  0.0264  0.0255  0.0253  0.0281  0.0268  0.0262  0.0271  0.0263  0.0263  0.0247  0.0254
  0.0251  0.0251  0.0246  0.0245  0.0261  0.0254  0.0251  0.0254  0.0251  0.0250  0.0243  0.0246
  0.0243  0.0243  0.0242  0.0241  0.0246  0.0244  0.0243  0.0244  0.0243  0.0242  0.0241  0.0241
  0.0240  0.0240  0.0240  0.0240  0.0240  0.0240  0.0240  0.0240  0.0240  0.0240  0.0240  0.0240
  0.0243  0.0243  0.0242  0.0242  0.0246  0.0243  0.0243  0.0244  0.0243  0.0243  0.0241  0.0242
  0.0251  0.0251  0.0247  0.0246  0.0261  0.0252  0.0251  0.0255  0.0251  0.0251  0.0243  0.0247
  0.0264  0.0263  0.0255  0.0253  0.0282  0.0270  0.0262  0.0270  0.0263  0.0261  0.0247  0.0253
niter,ni,del,rscale     1    3    5.0000    1.2000
parameters
   -1.6418   14.1734   -2.5620   -4.9859  -23.6844  -18.6293
    2.7078   -0.8922   -2.0169   37.5552   -0.5206  -29.4567
eta,q 0.97598  9.79942
  0.0264  0.0264  0.0255  0.0253  0.0281  0.0268  0.0262  0.0271  0.0263  0.0263  0.0247  0.0254
  0.0251  0.0251  0.0247  0.0245  0.0261  0.0254  0.0251  0.0254  0.0251  0.0250  0.0243  0.0246
  0.0243  0.0243  0.0242  0.0241  0.0246  0.0244  0.0243  0.0244  0.0243  0.0242  0.0241  0.0241
  0.0240  0.0240  0.0240  0.0240  0.0240  0.0240  0.0240  0.0240  0.0240  0.0240  0.0240  0.0240
  0.0243  0.0243  0.0242  0.0242  0.0246  0.0243  0.0243  0.0244  0.0243  0.0244  0.0241  0.0242
  0.0251  0.0251  0.0247  0.0246  0.0261  0.0252  0.0251  0.0255  0.0251  0.0251  0.0243  0.0247
  0.0265  0.0263  0.0255  0.0253  0.0281  0.0270  0.0262  0.0271  0.0263  0.0261  0.0247  0.0253
registration optimization eta report
parameter search radius
    2.4000    2.4000    2.7600    7.2000   10.9503    8.2800
    7.2000    7.2000    7.2000    7.2000    7.2000    8.2800
100000*second partial in parameter space
       42.       40.       20.        3.        3.        4.
        4.        6.        4.        4.        1.        2.
  0.0264  0.0264  0.0255  0.0253  0.0281  0.0268  0.0262  0.0271  0.0263  0.0263  0.0247  0.0254
  0.0251  0.0251  0.0247  0.0245  0.0261  0.0254  0.0251  0.0254  0.0251  0.0250  0.0243  0.0246
  0.0243  0.0243  0.0242  0.0241  0.0246  0.0244  0.0243  0.0244  0.0243  0.0242  0.0241  0.0241
  0.0240  0.0240  0.0240  0.0240  0.0240  0.0240  0.0240  0.0240  0.0240  0.0240  0.0240  0.0240
  0.0243  0.0243  0.0242  0.0242  0.0246  0.0243  0.0243  0.0244  0.0243  0.0244  0.0241  0.0242
  0.0251  0.0251  0.0247  0.0246  0.0261  0.0252  0.0251  0.0255  0.0251  0.0251  0.0243  0.0247
  0.0265  0.0263  0.0255  0.0253  0.0281  0.0270  0.0262  0.0271  0.0263  0.0261  0.0247  0.0253
   -1.6418   14.1734   -2.5620   -4.9859  -23.6844  -18.6293
    2.7078   -0.8922   -2.0169   37.5552   -0.5206  -29.4567
eta,q 0.97598  9.79942

---------------------------------------------------------------------
imgreg_4dfp /opt/freesurfer/average/711-2C_as_mni_average_305 /opt/freesurfer/average/711-2B_as_mni_average_305_mask talsrcimg_g11 none talsrcimg_to_711-2C_as_mni_average_305_t4 2311
---------------------------------------------------------------------

freesurfer imgreg_4dfp.c
/opt/freesurfer/average/711-2C_as_mni_average_305.4dfp.img
       256       256       256         1
  1.000000  1.000000  1.000000
orientation T byte_order littleendian
Reading image: /opt/freesurfer/average/711-2C_as_mni_average_305.4dfp.img
dimensions:      256       256       256
mmppix:       1.0000   -1.0000   -1.0000
center:     128.0000 -129.0000 -129.0000
/opt/freesurfer/average/711-2B_as_mni_average_305_mask.4dfp.img
       256       256       256         1
  1.000000  1.000000  1.000000
orientation T byte_order littleendian
Reading mask: /opt/freesurfer/average/711-2B_as_mni_average_305_mask.4dfp.img (2306576 pixels)
talsrcimg_g11.4dfp.img
       256       256       256         1
  1.000000  1.000000  1.000000
orientation T byte_order littleendian
Reading image: talsrcimg_g11.4dfp.img
dimensions:      256       256       256
mmppix:       1.0000   -1.0000   -1.0000
center:     128.0000 -129.0000 -129.0000
fimgreg.f
image alignment mode   2311 decimal      907 hex
parameters
   -1.6418   14.1734   -2.5620   -4.9859  -23.6844  -18.6293
    2.7078   -0.8922   -2.0169   37.5552   -0.5206  -29.4567
eta,q 0.97598  9.79942
niter,ni,del,rscale     5    3    5.0000    0.8000
parameters
   -1.6166   14.1507   -2.6112   -5.2086  -23.5939  -18.4398
    2.6969   -0.8985   -2.0342   37.4043   -0.5213  -29.6159
eta,q 0.97599  9.79808
  0.0251  0.0250  0.0245  0.0245  0.0250  0.0250  0.0251  0.0254  0.0251  0.0250  0.0243  0.0245
  0.0245  0.0245  0.0242  0.0242  0.0245  0.0245  0.0245  0.0246  0.0245  0.0244  0.0242  0.0242
  0.0242  0.0241  0.0241  0.0240  0.0241  0.0241  0.0241  0.0242  0.0241  0.0241  0.0240  0.0240
  0.0240  0.0240  0.0240  0.0240  0.0240  0.0240  0.0240  0.0240  0.0240  0.0240  0.0240  0.0240
  0.0241  0.0242  0.0241  0.0241  0.0241  0.0241  0.0241  0.0242  0.0241  0.0242  0.0240  0.0241
  0.0245  0.0245  0.0243  0.0243  0.0244  0.0244  0.0245  0.0247  0.0245  0.0245  0.0242  0.0243
  0.0251  0.0251  0.0246  0.0246  0.0250  0.0249  0.0251  0.0254  0.0251  0.0251  0.0243  0.0245
niter,ni,del,rscale     4    3    5.0000    0.7000
parameters
   -1.6190   14.1192   -2.5575   -5.2607  -23.5590  -18.3675
    2.7111   -0.9110   -2.0291   37.3481   -0.5174  -29.5898
eta,q 0.97599  9.79761
  0.0248  0.0248  0.0244  0.0244  0.0248  0.0248  0.0248  0.0251  0.0248  0.0248  0.0242  0.0244
  0.0244  0.0243  0.0242  0.0242  0.0244  0.0244  0.0244  0.0245  0.0244  0.0243  0.0241  0.0242
  0.0241  0.0241  0.0241  0.0240  0.0241  0.0241  0.0241  0.0241  0.0241  0.0241  0.0240  0.0240
  0.0240  0.0240  0.0240  0.0240  0.0240  0.0240  0.0240  0.0240  0.0240  0.0240  0.0240  0.0240
  0.0241  0.0241  0.0240  0.0241  0.0241  0.0241  0.0241  0.0241  0.0241  0.0241  0.0240  0.0241
  0.0244  0.0244  0.0242  0.0242  0.0243  0.0243  0.0244  0.0245  0.0244  0.0244  0.0241  0.0242
  0.0249  0.0248  0.0244  0.0244  0.0248  0.0247  0.0248  0.0251  0.0248  0.0248  0.0242  0.0244
niter,ni,del,rscale     3    3    5.0000    0.6000
parameters
   -1.6243   14.1074   -2.5330   -5.3044  -23.5364  -18.3312
    2.7158   -0.9312   -2.0273   37.2977   -0.5041  -29.5936
eta,q 0.97600  9.79639
  0.0246  0.0246  0.0243  0.0243  0.0246  0.0246  0.0246  0.0248  0.0246  0.0246  0.0242  0.0243
  0.0243  0.0243  0.0241  0.0241  0.0243  0.0242  0.0243  0.0244  0.0243  0.0243  0.0241  0.0241
  0.0241  0.0241  0.0240  0.0240  0.0241  0.0241  0.0241  0.0241  0.0241  0.0241  0.0240  0.0240
  0.0240  0.0240  0.0240  0.0240  0.0240  0.0240  0.0240  0.0240  0.0240  0.0240  0.0240  0.0240
  0.0241  0.0241  0.0240  0.0240  0.0241  0.0241  0.0241  0.0241  0.0241  0.0241  0.0240  0.0240
  0.0243  0.0243  0.0241  0.0241  0.0242  0.0242  0.0243  0.0244  0.0243  0.0243  0.0241  0.0241
  0.0246  0.0246  0.0243  0.0243  0.0246  0.0245  0.0246  0.0248  0.0246  0.0246  0.0242  0.0243
niter,ni,del,rscale     2    3    5.0000    0.5000
parameters
   -1.6253   14.1005   -2.5194   -5.3284  -23.5027  -18.3279
    2.7235   -0.9430   -2.0327   37.2639   -0.4797  -29.6020
eta,q 0.97600  9.79609
  0.0244  0.0244  0.0242  0.0242  0.0244  0.0244  0.0244  0.0246  0.0244  0.0244  0.0241  0.0242
  0.0242  0.0242  0.0241  0.0241  0.0242  0.0242  0.0242  0.0243  0.0242  0.0242  0.0241  0.0241
  0.0240  0.0240  0.0240  0.0240  0.0241  0.0240  0.0240  0.0241  0.0240  0.0240  0.0240  0.0240
  0.0240  0.0240  0.0240  0.0240  0.0240  0.0240  0.0240  0.0240  0.0240  0.0240  0.0240  0.0240
  0.0241  0.0241  0.0240  0.0240  0.0240  0.0240  0.0240  0.0241  0.0240  0.0241  0.0240  0.0240
  0.0242  0.0242  0.0241  0.0241  0.0242  0.0242  0.0242  0.0243  0.0242  0.0242  0.0241  0.0241
  0.0244  0.0244  0.0242  0.0242  0.0244  0.0244  0.0244  0.0246  0.0244  0.0244  0.0241  0.0242
niter,ni,del,rscale     1    3    5.0000    0.4000
parameters
   -1.6267   14.0923   -2.5238   -5.3674  -23.4962  -18.3436
    2.7433   -0.9473   -2.0281   37.2373   -0.4731  -29.5939
eta,q 0.97600  9.79286
  0.0243  0.0243  0.0241  0.0241  0.0243  0.0242  0.0243  0.0244  0.0243  0.0243  0.0241  0.0241
  0.0241  0.0241  0.0241  0.0240  0.0241  0.0241  0.0241  0.0242  0.0241  0.0241  0.0240  0.0241
  0.0240  0.0240  0.0240  0.0240  0.0240  0.0240  0.0240  0.0240  0.0240  0.0240  0.0240  0.0240
  0.0240  0.0240  0.0240  0.0240  0.0240  0.0240  0.0240  0.0240  0.0240  0.0240  0.0240  0.0240
  0.0240  0.0240  0.0240  0.0240  0.0240  0.0240  0.0240  0.0240  0.0240  0.0240  0.0240  0.0240
  0.0241  0.0241  0.0241  0.0241  0.0241  0.0241  0.0241  0.0242  0.0241  0.0241  0.0240  0.0241
  0.0243  0.0243  0.0241  0.0241  0.0243  0.0242  0.0243  0.0244  0.0243  0.0243  0.0241  0.0241
registration optimization eta report
parameter search radius
    0.8000    0.8000    0.8000    2.4000    2.4000    2.4000
    2.4000    2.4000    2.4000    2.4000    2.4000    2.4000
100000*second partial in parameter space
       43.       42.       21.        2.        5.        4.
        5.        6.        5.        5.        1.        2.
  0.0243  0.0243  0.0241  0.0241  0.0243  0.0242  0.0243  0.0244  0.0243  0.0243  0.0241  0.0241
  0.0241  0.0241  0.0241  0.0240  0.0241  0.0241  0.0241  0.0242  0.0241  0.0241  0.0240  0.0241
  0.0240  0.0240  0.0240  0.0240  0.0240  0.0240  0.0240  0.0240  0.0240  0.0240  0.0240  0.0240
  0.0240  0.0240  0.0240  0.0240  0.0240  0.0240  0.0240  0.0240  0.0240  0.0240  0.0240  0.0240
  0.0240  0.0240  0.0240  0.0240  0.0240  0.0240  0.0240  0.0240  0.0240  0.0240  0.0240  0.0240
  0.0241  0.0241  0.0241  0.0241  0.0241  0.0241  0.0241  0.0242  0.0241  0.0241  0.0240  0.0241
  0.0243  0.0243  0.0241  0.0241  0.0243  0.0242  0.0243  0.0244  0.0243  0.0243  0.0241  0.0241
   -1.6267   14.0923   -2.5238   -5.3674  -23.4962  -18.3436
    2.7433   -0.9473   -2.0281   37.2373   -0.4731  -29.5939
eta,q 0.97600  9.79286

---------------------------------------------------------------------
imgreg_4dfp /opt/freesurfer/average/711-2C_as_mni_average_305 /opt/freesurfer/average/711-2B_as_mni_average_305_mask talsrcimg_g11 none talsrcimg_to_711-2C_as_mni_average_305_t4 2311
---------------------------------------------------------------------

freesurfer imgreg_4dfp.c
/opt/freesurfer/average/711-2C_as_mni_average_305.4dfp.img
       256       256       256         1
  1.000000  1.000000  1.000000
orientation T byte_order littleendian
Reading image: /opt/freesurfer/average/711-2C_as_mni_average_305.4dfp.img
dimensions:      256       256       256
mmppix:       1.0000   -1.0000   -1.0000
center:     128.0000 -129.0000 -129.0000
/opt/freesurfer/average/711-2B_as_mni_average_305_mask.4dfp.img
       256       256       256         1
  1.000000  1.000000  1.000000
orientation T byte_order littleendian
Reading mask: /opt/freesurfer/average/711-2B_as_mni_average_305_mask.4dfp.img (2306576 pixels)
talsrcimg_g11.4dfp.img
       256       256       256         1
  1.000000  1.000000  1.000000
orientation T byte_order littleendian
Reading image: talsrcimg_g11.4dfp.img
dimensions:      256       256       256
mmppix:       1.0000   -1.0000   -1.0000
center:     128.0000 -129.0000 -129.0000
fimgreg.f
image alignment mode   2311 decimal      907 hex
parameters
   -1.6267   14.0923   -2.5238   -5.3674  -23.4962  -18.3436
    2.7433   -0.9473   -2.0281   37.2373   -0.4731  -29.5939
eta,q 0.97600  9.79286
niter,ni,del,rscale     5    3    5.0000    0.8000
parameters
   -1.6396   14.1106   -2.5014   -5.1810  -23.5354  -18.3356
    2.7255   -0.9449   -2.0282   37.3418   -0.5274  -29.5428
eta,q 0.97600  9.80314
  0.0251  0.0251  0.0245  0.0246  0.0250  0.0250  0.0251  0.0255  0.0251  0.0251  0.0243  0.0245
  0.0245  0.0245  0.0242  0.0242  0.0244  0.0244  0.0245  0.0246  0.0245  0.0245  0.0241  0.0242
  0.0241  0.0241  0.0241  0.0240  0.0241  0.0241  0.0241  0.0242  0.0241  0.0241  0.0240  0.0241
  0.0240  0.0240  0.0240  0.0240  0.0240  0.0240  0.0240  0.0240  0.0240  0.0240  0.0240  0.0240
  0.0241  0.0241  0.0241  0.0241  0.0241  0.0241  0.0241  0.0242  0.0241  0.0241  0.0240  0.0241
  0.0245  0.0245  0.0242  0.0242  0.0245  0.0244  0.0245  0.0247  0.0245  0.0245  0.0241  0.0242
  0.0251  0.0250  0.0245  0.0245  0.0250  0.0250  0.0251  0.0254  0.0251  0.0250  0.0243  0.0245
niter,ni,del,rscale     4    3    5.0000    0.7000
parameters
   -1.6352   14.1093   -2.5202   -5.2468  -23.5330  -18.3309
    2.7257   -0.9333   -2.0265   37.3112   -0.5152  -29.5596
eta,q 0.97600  9.79944
  0.0248  0.0248  0.0244  0.0244  0.0248  0.0247  0.0248  0.0251  0.0248  0.0248  0.0242  0.0244
  0.0244  0.0244  0.0242  0.0241  0.0244  0.0243  0.0244  0.0245  0.0244  0.0243  0.0241  0.0242
  0.0241  0.0241  0.0240  0.0240  0.0241  0.0241  0.0241  0.0241  0.0241  0.0241  0.0240  0.0240
  0.0240  0.0240  0.0240  0.0240  0.0240  0.0240  0.0240  0.0240  0.0240  0.0240  0.0240  0.0240
  0.0241  0.0241  0.0241  0.0241  0.0241  0.0241  0.0241  0.0241  0.0241  0.0241  0.0240  0.0241
  0.0244  0.0244  0.0242  0.0242  0.0243  0.0243  0.0244  0.0245  0.0244  0.0244  0.0241  0.0242
  0.0248  0.0248  0.0244  0.0244  0.0248  0.0247  0.0248  0.0251  0.0248  0.0248  0.0242  0.0244
niter,ni,del,rscale     3    3    5.0000    0.6000
parameters
   -1.6275   14.1015   -2.5184   -5.2823  -23.5238  -18.3228
    2.7276   -0.9329   -2.0321   37.2750   -0.4881  -29.5782
eta,q 0.97600  9.79762
  0.0246  0.0246  0.0243  0.0243  0.0246  0.0245  0.0246  0.0248  0.0246  0.0246  0.0242  0.0243
  0.0243  0.0243  0.0241  0.0241  0.0243  0.0242  0.0243  0.0244  0.0243  0.0243  0.0241  0.0241
  0.0241  0.0241  0.0240  0.0240  0.0241  0.0241  0.0241  0.0241  0.0241  0.0241  0.0240  0.0240
  0.0240  0.0240  0.0240  0.0240  0.0240  0.0240  0.0240  0.0240  0.0240  0.0240  0.0240  0.0240
  0.0241  0.0241  0.0240  0.0240  0.0241  0.0241  0.0241  0.0241  0.0241  0.0241  0.0240  0.0240
  0.0243  0.0243  0.0241  0.0241  0.0243  0.0242  0.0243  0.0244  0.0243  0.0243  0.0241  0.0241
  0.0246  0.0246  0.0243  0.0243  0.0246  0.0245  0.0246  0.0248  0.0246  0.0246  0.0242  0.0243
niter,ni,del,rscale     2    3    5.0000    0.5000
parameters
   -1.6258   14.0946   -2.5121   -5.3284  -23.5003  -18.3249
    2.7288   -0.9448   -2.0254   37.2522   -0.4899  -29.5880
eta,q 0.97600  9.79573
  0.0244  0.0244  0.0242  0.0242  0.0244  0.0244  0.0244  0.0246  0.0244  0.0244  0.0241  0.0242
  0.0242  0.0242  0.0241  0.0241  0.0242  0.0242  0.0242  0.0243  0.0242  0.0242  0.0241  0.0241
  0.0240  0.0241  0.0240  0.0240  0.0241  0.0240  0.0241  0.0241  0.0241  0.0240  0.0240  0.0240
  0.0240  0.0240  0.0240  0.0240  0.0240  0.0240  0.0240  0.0240  0.0240  0.0240  0.0240  0.0240
  0.0240  0.0241  0.0240  0.0240  0.0240  0.0240  0.0240  0.0241  0.0240  0.0241  0.0240  0.0240
  0.0242  0.0242  0.0241  0.0241  0.0242  0.0242  0.0242  0.0243  0.0242  0.0242  0.0241  0.0241
  0.0244  0.0244  0.0242  0.0242  0.0244  0.0244  0.0244  0.0246  0.0244  0.0244  0.0241  0.0242
niter,ni,del,rscale     1    3    5.0000    0.4000
parameters
   -1.6277   14.0922   -2.5183   -5.3589  -23.4959  -18.3468
    2.7330   -0.9583   -2.0281   37.2328   -0.4768  -29.5953
eta,q 0.97600  9.79307
  0.0243  0.0243  0.0241  0.0241  0.0243  0.0242  0.0243  0.0244  0.0243  0.0243  0.0241  0.0241
  0.0241  0.0241  0.0241  0.0241  0.0241  0.0241  0.0241  0.0242  0.0241  0.0241  0.0240  0.0241
  0.0240  0.0240  0.0240  0.0240  0.0240  0.0240  0.0240  0.0240  0.0240  0.0240  0.0240  0.0240
  0.0240  0.0240  0.0240  0.0240  0.0240  0.0240  0.0240  0.0240  0.0240  0.0240  0.0240  0.0240
  0.0240  0.0240  0.0240  0.0240  0.0240  0.0240  0.0240  0.0240  0.0240  0.0240  0.0240  0.0240
  0.0241  0.0241  0.0241  0.0241  0.0241  0.0241  0.0241  0.0242  0.0241  0.0241  0.0240  0.0241
  0.0243  0.0243  0.0241  0.0241  0.0243  0.0242  0.0243  0.0244  0.0243  0.0243  0.0241  0.0241
registration optimization eta report
parameter search radius
    0.8000    0.8000    0.8000    2.4000    2.4000    2.4000
    2.4000    2.4000    2.4000    2.4000    2.4000    2.4000
100000*second partial in parameter space
       43.       42.       21.        2.        4.        4.
        5.        6.        5.        5.        1.        2.
  0.0243  0.0243  0.0241  0.0241  0.0243  0.0242  0.0243  0.0244  0.0243  0.0243  0.0241  0.0241
  0.0241  0.0241  0.0241  0.0241  0.0241  0.0241  0.0241  0.0242  0.0241  0.0241  0.0240  0.0241
  0.0240  0.0240  0.0240  0.0240  0.0240  0.0240  0.0240  0.0240  0.0240  0.0240  0.0240  0.0240
  0.0240  0.0240  0.0240  0.0240  0.0240  0.0240  0.0240  0.0240  0.0240  0.0240  0.0240  0.0240
  0.0240  0.0240  0.0240  0.0240  0.0240  0.0240  0.0240  0.0240  0.0240  0.0240  0.0240  0.0240
  0.0241  0.0241  0.0241  0.0241  0.0241  0.0241  0.0241  0.0242  0.0241  0.0241  0.0240  0.0241
  0.0243  0.0243  0.0241  0.0241  0.0243  0.0242  0.0243  0.0244  0.0243  0.0243  0.0241  0.0241
   -1.6277   14.0922   -2.5183   -5.3589  -23.4959  -18.3468
    2.7330   -0.9583   -2.0281   37.2328   -0.4768  -29.5953
eta,q 0.97600  9.79307

---------------------------------------------------------------------
compute_vox2vox talsrcimg talsrcimg_to_711-2C_as_mni_average_305_t4 /opt/freesurfer/average/711-2C_as_mni_average_305
---------------------------------------------------------------------

freesurfer compute_vox2vox.c
Reading: talsrcimg.4dfp.ifh
Reading: talsrcimg_to_711-2C_as_mni_average_305_t4
Reading: /opt/freesurfer/average/711-2C_as_mni_average_305.4dfp.ifh
Writing: talsrcimg_to_711-2C_as_mni_average_305_t4_vox2vox.txt

start time Sun Mar 8 17:04:55 CET 2026
end		time Sun Mar 8 17:06:23 CET 2026

mpr2mni305 success

avi2talxfm orig_nu.mgz /opt/freesurfer/average/mni305.cor.mgz talsrcimg_to_711-2C_as_mni_average_305_t4_vox2vox.txt transforms/talairach.auto.xfm
avi2talxfm done
mv -f /out/sourcedata/freesurfer/sub-v1s13x0050058_ses-1/mri/talsrcimg_to_711-2C_as_mni_average_305_t4_vox2vox.txt /out/sourcedata/freesurfer/sub-v1s13x0050058_ses-1/mri/transforms/talsrcimg_to_711-2C_as_mni_average_305_t4_vox2vox.txt
lta_convert --src orig_nu.mgz --trg /opt/freesurfer/average/mni305.cor.mgz --inxfm transforms/talairach.auto.xfm --outlta transforms/talairach.auto.xfm.lta --subject fsaverage
7.3.2

--src: orig_nu.mgz src image (geometry).
--trg: /opt/freesurfer/average/mni305.cor.mgz trg image (geometry).
--inmni: transforms/talairach.auto.xfm input MNI/XFM transform.
--outlta: transforms/talairach.auto.xfm.lta output LTA.
--s: fsaverage subject name
 LTA read, type : 1
 1.05615   0.02516  -0.02800   0.74114;
 0.01387   1.04138   0.40236  -2.47216;
 0.02125  -0.50615   1.11056  -12.41119;
 0.00000   0.00000   0.00000   1.00000;
setting subject to fsaverage
Writing  LTA to file transforms/talairach.auto.xfm.lta...
lta_convert successful.
 
 
Started at Sun Mar 8 17:04:55 CET 2026
Ended   at Sun Mar  8 17:06:23 CET 2026
talairach_avi done
