Log file for defect2seg
Sun Mar  8 17:10:55 CET 2026

setenv SUBJECTS_DIR /out/sourcedata/freesurfer
cd /out/sourcedata/freesurfer/sub-v1s13x0050020_ses-1/scripts
/opt/freesurfer/bin/defect2seg --s sub-v1s13x0050020_ses-1 --rh-only --cortex

freesurfer-linux-ubuntu22_x86_64-7.3.2-20220804-6354275
defect2seg 7.3.2
Linux dna078 5.14.0-427.37.1.el9_4.x86_64 #1 SMP PREEMPT_DYNAMIC Fri Sep 13 12:41:50 EDT 2024 x86_64 x86_64 x86_64 GNU/Linux
pid 2961623
mri_label2label --label-cortex /out/sourcedata/freesurfer/sub-v1s13x0050020_ses-1/surf/rh.orig.nofix /out/sourcedata/freesurfer/sub-v1s13x0050020_ses-1/mri/aseg.presurf.mgz 0 /out/sourcedata/freesurfer/sub-v1s13x0050020_ses-1/label/rh.nofix.cortex.label

 Generating cortex label... RemoveHipAmgy=0
 NucAccIsMedialWall=0
 mris->useRealRAS=0
21 non-cortical segments detected
only using segment with 8332 vertices
erasing segment 0 (vno[0] = 49231)
erasing segment 2 (vno[0] = 62703)
erasing segment 3 (vno[0] = 65308)
erasing segment 4 (vno[0] = 66252)
erasing segment 5 (vno[0] = 66561)
erasing segment 6 (vno[0] = 71950)
erasing segment 7 (vno[0] = 75222)
erasing segment 8 (vno[0] = 75644)
erasing segment 9 (vno[0] = 78329)
erasing segment 10 (vno[0] = 79374)
erasing segment 11 (vno[0] = 83541)
erasing segment 12 (vno[0] = 84560)
erasing segment 13 (vno[0] = 86700)
erasing segment 14 (vno[0] = 88727)
erasing segment 15 (vno[0] = 97922)
erasing segment 16 (vno[0] = 103214)
erasing segment 17 (vno[0] = 104192)
erasing segment 18 (vno[0] = 105294)
erasing segment 19 (vno[0] = 106295)
erasing segment 20 (vno[0] = 107296)
mri_label2vol --defects /out/sourcedata/freesurfer/sub-v1s13x0050020_ses-1/surf/rh.orig.nofix /out/sourcedata/freesurfer/sub-v1s13x0050020_ses-1/surf/rh.defect_labels /out/sourcedata/freesurfer/sub-v1s13x0050020_ses-1/mri/orig.mgz 2000 0 /out/sourcedata/freesurfer/sub-v1s13x0050020_ses-1/mri/rh.surface.defects.mgz /out/sourcedata/freesurfer/sub-v1s13x0050020_ses-1/label/rh.nofix.cortex.label
mri_label2vol supposed to be reproducible but seed not set
Contraining to label /out/sourcedata/freesurfer/sub-v1s13x0050020_ses-1/label/rh.nofix.cortex.label
Changing input type 0 to MRI_INT
Converting defects to volume: offset=2000, merge=0
Writing to /out/sourcedata/freesurfer/sub-v1s13x0050020_ses-1/mri/rh.surface.defects.mgz
mris_defects_pointset -s /out/sourcedata/freesurfer/sub-v1s13x0050020_ses-1/surf/rh.orig.nofix -d /out/sourcedata/freesurfer/sub-v1s13x0050020_ses-1/surf/rh.defect_labels -o /out/sourcedata/freesurfer/sub-v1s13x0050020_ses-1/surf/rh.defects.pointset --label /out/sourcedata/freesurfer/sub-v1s13x0050020_ses-1/label/rh.nofix.cortex.label
Reading in surface /out/sourcedata/freesurfer/sub-v1s13x0050020_ses-1/surf/rh.orig.nofix
Reading in defect segmentation /out/sourcedata/freesurfer/sub-v1s13x0050020_ses-1/surf/rh.defect_labels
Reading in label /out/sourcedata/freesurfer/sub-v1s13x0050020_ses-1/label/rh.nofix.cortex.label
#VMPC# mris_defects_pointset 1307648
mris_defects_pointset done
 
Started at Sun Mar 8 17:10:55 CET 2026 
Ended   at Sun Mar  8 17:11:05 CET 2026
Defect2seg-Run-Time-Sec 10
Defect2seg-Run-Time-Min 0.20
Defect2seg-Run-Time-Hours 0.00
 
defect2seg Done
