status file for recon-all
Sun Mar  8 17:06:41 CET 2026
#@# Tessellate rh Sun Mar  8 17:06:41 CET 2026
#@# Smooth1 rh Sun Mar  8 17:06:43 CET 2026
#@# Inflation1 rh Sun Mar  8 17:06:45 CET 2026
#@# QSphere rh Sun Mar  8 17:06:54 CET 2026
#@# Fix Topology rh Sun Mar  8 17:07:38 CET 2026
#@# Smooth2 rh Sun Mar  8 17:14:28 CET 2026
#@# Inflation2 rh Sun Mar  8 17:14:30 CET 2026
#@# Curv .H and .K rh Sun Mar  8 17:14:38 CET 2026
#@# Sphere rh Sun Mar  8 17:15:17 CET 2026
#@# Surf Reg rh Sun Mar  8 17:17:49 CET 2026
#@# Jacobian white rh Sun Mar  8 17:20:30 CET 2026
#@# AvgCurv rh Sun Mar  8 17:20:30 CET 2026
#@# Cortical Parc rh Sun Mar  8 17:20:31 CET 2026
#@# white curv rh Sun Mar  8 17:25:42 CET 2026
#@# white area rh Sun Mar  8 17:25:43 CET 2026
#@# pial curv rh Sun Mar  8 17:25:43 CET 2026
#@# pial area rh Sun Mar  8 17:25:45 CET 2026
#@# thickness rh Sun Mar  8 17:25:45 CET 2026
#@# area and vertex vol rh Sun Mar  8 17:26:05 CET 2026
#@# Curvature Stats rh Sun Mar  8 17:26:06 CET 2026
#@# Cortical Parc 2 rh Sun Mar  8 17:26:08 CET 2026
#@# Cortical Parc 3 rh Sun Mar  8 17:26:17 CET 2026
#@# WM/GM Contrast rh Sun Mar  8 17:26:25 CET 2026
recon-all -s sub-v1s13x0050020_ses-1 finished without error at Sun Mar  8 17:26:27 CET 2026



#New# invocation of recon-all 



status file for recon-all
Sun Mar  8 17:33:23 CET 2026
#@# white curv rh Sun Mar  8 17:33:23 CET 2026
#@# white area rh Sun Mar  8 17:33:23 CET 2026
#@# pial curv rh Sun Mar  8 17:33:23 CET 2026
#@# pial area rh Sun Mar  8 17:33:23 CET 2026
#@# thickness rh Sun Mar  8 17:33:23 CET 2026
#@# area and vertex vol rh Sun Mar  8 17:33:23 CET 2026
#@# Parcellation Stats rh Sun Mar  8 17:33:23 CET 2026
#@# Parcellation Stats 2 rh Sun Mar  8 17:33:39 CET 2026
#@# Parcellation Stats 3 rh Sun Mar  8 17:33:46 CET 2026
#@# BA_exvivo Labels rh Sun Mar  8 17:33:54 CET 2026
recon-all -s sub-v1s13x0050020_ses-1 finished without error at Sun Mar  8 17:35:44 CET 2026
