status file for recon-all
Sun Mar  8 15:38:37 CET 2026
#@# MotionCor Sun Mar  8 15:38:39 CET 2026
#@# Talairach Sun Mar  8 15:38:45 CET 2026
#@# Talairach Failure Detection Sun Mar  8 15:41:36 CET 2026
#@# Nu Intensity Correction Sun Mar  8 15:41:36 CET 2026
#@# Intensity Normalization Sun Mar  8 15:44:22 CET 2026
recon-all -s sub-v1s13x0050020_ses-1 finished without error at Sun Mar  8 15:45:20 CET 2026



#New# invocation of recon-all 



status file for recon-all
Sun Mar  8 15:51:09 CET 2026
#@# EM Registration Sun Mar  8 15:51:09 CET 2026
recon-all -s sub-v1s13x0050020_ses-1 finished without error at Sun Mar  8 15:52:32 CET 2026



#New# invocation of recon-all 



status file for recon-all
Sun Mar  8 15:52:34 CET 2026
#@# CA Normalize Sun Mar  8 15:52:34 CET 2026
#@# CA Reg Sun Mar  8 15:53:26 CET 2026
#@# SubCort Seg Sun Mar  8 16:23:40 CET 2026
#@# CC Seg Sun Mar  8 16:45:44 CET 2026
#@# Merge ASeg Sun Mar  8 16:46:09 CET 2026
#@# Intensity Normalization2 Sun Mar  8 16:46:09 CET 2026
#@# Mask BFS Sun Mar  8 16:47:31 CET 2026
#@# WM Segmentation Sun Mar  8 16:47:32 CET 2026
#@# Fill Sun Mar  8 16:49:10 CET 2026
recon-all -s sub-v1s13x0050020_ses-1 finished without error at Sun Mar  8 16:49:47 CET 2026



#New# invocation of recon-all 



status file for recon-all
Sun Mar  8 17:26:31 CET 2026
#@# white curv lh Sun Mar  8 17:26:31 CET 2026
#@# white area lh Sun Mar  8 17:26:31 CET 2026
#@# pial curv lh Sun Mar  8 17:26:31 CET 2026
#@# pial area lh Sun Mar  8 17:26:31 CET 2026
#@# thickness lh Sun Mar  8 17:26:31 CET 2026
#@# area and vertex vol lh Sun Mar  8 17:26:31 CET 2026
#@# white curv rh Sun Mar  8 17:26:31 CET 2026
#@# white area rh Sun Mar  8 17:26:31 CET 2026
#@# pial curv rh Sun Mar  8 17:26:31 CET 2026
#@# pial area rh Sun Mar  8 17:26:31 CET 2026
#@# thickness rh Sun Mar  8 17:26:31 CET 2026
#@# area and vertex vol rh Sun Mar  8 17:26:31 CET 2026
#@# Cortical ribbon mask Sun Mar  8 17:26:31 CET 2026
recon-all -s sub-v1s13x0050020_ses-1 finished without error at Sun Mar  8 17:30:57 CET 2026



#New# invocation of recon-all 



status file for recon-all
Sun Mar  8 17:35:47 CET 2026
#@# white curv lh Sun Mar  8 17:35:47 CET 2026
#@# white area lh Sun Mar  8 17:35:47 CET 2026
#@# pial curv lh Sun Mar  8 17:35:47 CET 2026
#@# pial area lh Sun Mar  8 17:35:47 CET 2026
#@# thickness lh Sun Mar  8 17:35:47 CET 2026
#@# area and vertex vol lh Sun Mar  8 17:35:47 CET 2026
#@# white curv rh Sun Mar  8 17:35:47 CET 2026
#@# white area rh Sun Mar  8 17:35:47 CET 2026
#@# pial curv rh Sun Mar  8 17:35:47 CET 2026
#@# pial area rh Sun Mar  8 17:35:47 CET 2026
#@# thickness rh Sun Mar  8 17:35:47 CET 2026
#@# area and vertex vol rh Sun Mar  8 17:35:47 CET 2026
#@# Curvature Stats lh Sun Mar  8 17:35:47 CET 2026
#@# Curvature Stats rh Sun Mar  8 17:35:49 CET 2026
#@# Relabel Hypointensities Sun Mar  8 17:35:50 CET 2026
#@# APas-to-ASeg Sun Mar  8 17:36:01 CET 2026
#@# AParc-to-ASeg aparc Sun Mar  8 17:36:06 CET 2026
#@# AParc-to-ASeg aparc.a2009s Sun Mar  8 17:36:27 CET 2026
#@# AParc-to-ASeg aparc.DKTatlas Sun Mar  8 17:36:49 CET 2026
#@# WMParc Sun Mar  8 17:37:10 CET 2026
#@# ASeg Stats Sun Mar  8 17:39:05 CET 2026
recon-all -s sub-v1s13x0050020_ses-1 finished without error at Sun Mar  8 17:39:22 CET 2026
