status file for recon-all
Sun Mar  8 16:49:52 CET 2026
#@# Tessellate lh Sun Mar  8 16:49:52 CET 2026
#@# Smooth1 lh Sun Mar  8 16:49:55 CET 2026
#@# Inflation1 lh Sun Mar  8 16:49:57 CET 2026
#@# QSphere lh Sun Mar  8 16:50:05 CET 2026
#@# Fix Topology lh Sun Mar  8 16:50:46 CET 2026
#@# Smooth2 lh Sun Mar  8 16:56:14 CET 2026
#@# Inflation2 lh Sun Mar  8 16:56:16 CET 2026
#@# Curv .H and .K lh Sun Mar  8 16:56:23 CET 2026
#@# Sphere lh Sun Mar  8 16:57:01 CET 2026
#@# Surf Reg lh Sun Mar  8 16:58:32 CET 2026
#@# Jacobian white lh Sun Mar  8 17:00:59 CET 2026
#@# AvgCurv lh Sun Mar  8 17:00:59 CET 2026
#@# Cortical Parc lh Sun Mar  8 17:01:00 CET 2026
#@# white curv lh Sun Mar  8 17:05:54 CET 2026
#@# white area lh Sun Mar  8 17:05:55 CET 2026
#@# pial curv lh Sun Mar  8 17:05:56 CET 2026
#@# pial area lh Sun Mar  8 17:05:57 CET 2026
#@# thickness lh Sun Mar  8 17:05:57 CET 2026
#@# area and vertex vol lh Sun Mar  8 17:06:17 CET 2026
#@# Curvature Stats lh Sun Mar  8 17:06:18 CET 2026
#@# Cortical Parc 2 lh Sun Mar  8 17:06:20 CET 2026
#@# Cortical Parc 3 lh Sun Mar  8 17:06:30 CET 2026
#@# WM/GM Contrast lh Sun Mar  8 17:06:37 CET 2026
recon-all -s sub-v1s13x0050020_ses-1 finished without error at Sun Mar  8 17:06:39 CET 2026



#New# invocation of recon-all 



status file for recon-all
Sun Mar  8 17:31:01 CET 2026
#@# white curv lh Sun Mar  8 17:31:01 CET 2026
#@# white area lh Sun Mar  8 17:31:01 CET 2026
#@# pial curv lh Sun Mar  8 17:31:01 CET 2026
#@# pial area lh Sun Mar  8 17:31:01 CET 2026
#@# thickness lh Sun Mar  8 17:31:01 CET 2026
#@# area and vertex vol lh Sun Mar  8 17:31:01 CET 2026
#@# Parcellation Stats lh Sun Mar  8 17:31:01 CET 2026
#@# Parcellation Stats 2 lh Sun Mar  8 17:31:16 CET 2026
#@# Parcellation Stats 3 lh Sun Mar  8 17:31:24 CET 2026
#@# BA_exvivo Labels lh Sun Mar  8 17:31:31 CET 2026
recon-all -s sub-v1s13x0050020_ses-1 finished without error at Sun Mar  8 17:33:21 CET 2026
