/out/sourcedata/freesurfer/sub-v1s13x0050024_ses-1/mri
/opt/freesurfer/bin/talairach_avi
--i orig_nu.mgz --xfm transforms/talairach.auto.xfm
talairach_avi 7.3.2
Linux dna075 5.14.0-427.37.1.el9_4.x86_64 #1 SMP PREEMPT_DYNAMIC Fri Sep 13 12:41:50 EDT 2024 x86_64 x86_64 x86_64 GNU/Linux
Sun Mar  8 15:48:31 CET 2026
mri_convert orig_nu.mgz talsrcimg.img 
reading from orig_nu.mgz...
TR=0.00, TE=0.00, TI=0.00, flip angle=0.00
i_ras = (-1, 0, 0)
j_ras = (0, 0, -1)
k_ras = (0, 1, 0)
writing to talsrcimg.img...
Analyze Output Matrix
-1.00000   0.00000   0.00000   133.15695;
 0.00000   0.00000   1.00000  -127.94919;
 0.00000  -1.00000   0.00000   114.07016;
 0.00000   0.00000   0.00000   1.00000;
--------------------
INFO: set hdr.hist.orient to -1
mpr2mni305 talsrcimg
Sun Mar  8 15:48:31 CET 2026
/opt/freesurfer/bin/mpr2mni305 talsrcimg
mpr2mni305 7.3.2
target=711-2C_as_mni_average_305

---------------------------------------------------------------------
analyzeto4dfp talsrcimg -O0 -y
---------------------------------------------------------------------

freesurfer ifh2hdr.c
Sun Mar  8 15:48:32 2026
Writing: talsrcimg.4dfp.hdr
freesurfer analyzeto4dfp.c
Reading: talsrcimg.hdr
header size 348 bytes
hdr.dime.datatype	offset=70	value=2
hdr.dime.bitpix		offset=72	value=8
hdr.hist.orient		offset=252	value=-1
dimensionality     4
dimensions       256       256       256         1
Reading: talsrcimg.img
Writing: talsrcimg.4dfp.img
Writing: talsrcimg.4dfp.ifh
ifh2hdr talsrcimg -r0to232
ori=2

---------------------------------------------------------------------
gauss_4dfp talsrcimg 1.1
---------------------------------------------------------------------

freesurfer gauss_4dfp.c
Reading: talsrcimg.4dfp.img
Writing: talsrcimg_g11.4dfp.img
image dimensions 256 256 256 padded to 288 288 288
processing volume 1freesurfer ifh2hdr.c
Sun Mar  8 15:48:33 2026
Writing: talsrcimg_g11.4dfp.hdr

Writing: talsrcimg_g11.4dfp.ifh
including: talsrcimg.4dfp.img.rec in talsrcimg_g11.4dfp.img.rec

---------------------------------------------------------------------
imgreg_4dfp /opt/freesurfer/average/711-2C_as_mni_average_305 none talsrcimg_g11 none talsrcimg_to_711-2C_as_mni_average_305_t4 4355
---------------------------------------------------------------------

freesurfer imgreg_4dfp.c
/opt/freesurfer/average/711-2C_as_mni_average_305.4dfp.img
       256       256       256         1
  1.000000  1.000000  1.000000
orientation T byte_order littleendian
Reading image: /opt/freesurfer/average/711-2C_as_mni_average_305.4dfp.img
dimensions:      256       256       256
mmppix:       1.0000   -1.0000   -1.0000
center:     128.0000 -129.0000 -129.0000
talsrcimg_g11.4dfp.img
       256       256       256         1
  1.000000  1.000000  1.000000
orientation T byte_order littleendian
Reading image: talsrcimg_g11.4dfp.img
dimensions:      256       256       256
mmppix:       1.0000   -1.0000   -1.0000
center:     128.0000 -129.0000 -129.0000
t4_read: open error in t4_sub.f l:  41 t4_file(1:l)talsrcimg_to_711-2C_as_mni_average_305_t4 
t4_read: transform initialized to I4
rotation matrix determinant  1.000000
image alignment mode   4355 decimal     1103 hex
   -7.5000  -45.0000  -45.0000 9141.0049   11.8652
    0.0000  -45.0000  -45.0000 9553.7490   11.8490
    7.5000  -45.0000  -45.0000 9140.7344   11.8557
   -7.5000  -37.5000  -45.0000 9551.1270   11.8257
    0.0000  -37.5000  -45.0000 9997.5557   11.8130
    7.5000  -37.5000  -45.0000 9548.7959   11.8165
   -7.5000  -30.0000  -45.000010307.3799   11.7609
    0.0000  -30.0000  -45.000010799.0186   11.7514
    7.5000  -30.0000  -45.000010314.4434   11.7558
   -7.5000  -22.5000  -45.000010955.0908   11.7185
    0.0000  -22.5000  -45.000011475.5557   11.7079
    7.5000  -22.5000  -45.000010957.7031   11.7166
   -7.5000  -15.0000  -45.000011541.4707   11.6899
    0.0000  -15.0000  -45.000012070.0293   11.6752
    7.5000  -15.0000  -45.000011507.3516   11.6867
   -7.5000   -7.5000  -45.000012038.6318   11.6597
    0.0000   -7.5000  -45.000012615.9014   11.6422
    7.5000   -7.5000  -45.000011987.2441   11.6526
   -7.5000    0.0000  -45.000012406.7510   11.6270
    0.0000    0.0000  -45.000012990.5000   11.6099
    7.5000    0.0000  -45.000012370.1279   11.6167
   -7.5000    7.5000  -45.000011814.1875   11.6401
    0.0000    7.5000  -45.000012376.8135   11.6267
    7.5000    7.5000  -45.000011778.8008   11.6303
   -7.5000   15.0000  -45.000011136.8525   11.6877
    0.0000   15.0000  -45.000011680.3281   11.6778
    7.5000   15.0000  -45.000011104.1816   11.6825
   -7.5000   22.5000  -45.000010468.1211   11.8197
    0.0000   22.5000  -45.000010955.3262   11.8089
    7.5000   22.5000  -45.000010411.2939   11.8179
   -7.5000   30.0000  -45.0000 9739.2500   11.8374
    0.0000   30.0000  -45.000010178.9004   11.8230
    7.5000   30.0000  -45.0000 9665.9492   11.8347
   -7.5000   37.5000  -45.0000 9335.4561   12.0226
    0.0000   37.5000  -45.0000 9744.1602   12.0049
    7.5000   37.5000  -45.0000 9251.6201   12.0160
   -7.5000   45.0000  -45.0000 8612.6035   11.9618
    0.0000   45.0000  -45.0000 8990.2119   11.9418
    7.5000   45.0000  -45.0000 8520.9033   11.9473
   -7.5000  -45.0000  -37.5000 9705.7900   11.8544
    0.0000  -45.0000  -37.500010155.8711   11.8434
    7.5000  -45.0000  -37.5000 9704.8115   11.8492
   -7.5000  -37.5000  -37.500010144.3184   11.8188
    0.0000  -37.5000  -37.500010617.2959   11.8085
    7.5000  -37.5000  -37.500010137.9258   11.8109
   -7.5000  -30.0000  -37.500010940.6094   11.7568
    0.0000  -30.0000  -37.500011455.5986   11.7469
    7.5000  -30.0000  -37.500010934.6543   11.7499
   -7.5000  -22.5000  -37.500011615.5850   11.7117
    0.0000  -22.5000  -37.500012154.4697   11.7012
    7.5000  -22.5000  -37.500011614.2920   11.7083
   -7.5000  -15.0000  -37.500012185.0234   11.6779
    0.0000  -15.0000  -37.500012765.6357   11.6660
    7.5000  -15.0000  -37.500012163.8818   11.6761
   -7.5000   -7.5000  -37.500012699.9434   11.6433
    0.0000   -7.5000  -37.500013313.3096   11.6310
    7.5000   -7.5000  -37.500012650.1758   11.6401
   -7.5000    0.0000  -37.500013075.3867   11.6100
    0.0000    0.0000  -37.500013694.9863   11.5979
    7.5000    0.0000  -37.500013046.7598   11.6037
   -7.5000    7.5000  -37.500012440.7188   11.6271
    0.0000    7.5000  -37.500013049.3633   11.6159
    7.5000    7.5000  -37.500012432.6943   11.6186
   -7.5000   15.0000  -37.500011721.1562   11.6777
    0.0000   15.0000  -37.500012296.9561   11.6675
    7.5000   15.0000  -37.500011717.7334   11.6708
   -7.5000   22.5000  -37.500010986.8477   11.8093
    0.0000   22.5000  -37.500011506.3018   11.7987
    7.5000   22.5000  -37.500010955.3799   11.8059
   -7.5000   30.0000  -37.500010202.1191   11.8242
    0.0000   30.0000  -37.500010658.4658   11.8127
    7.5000   30.0000  -37.500010136.8203   11.8229
   -7.5000   37.5000  -37.5000 9756.0352   12.0045
    0.0000   37.5000  -37.500010182.9307   11.9923
    7.5000   37.5000  -37.5000 9675.9277   12.0018
   -7.5000   45.0000  -37.5000 8997.2080   11.9418
    0.0000   45.0000  -37.5000 9383.5469   11.9274
    7.5000   45.0000  -37.5000 8910.7148   11.9319
   -7.5000  -45.0000  -30.000010476.7061   12.3246
    0.0000  -45.0000  -30.000010932.6924   12.3170
    7.5000  -45.0000  -30.000010469.3398   12.3190
   -7.5000  -37.5000  -30.000010972.7803   12.2895
    0.0000  -37.5000  -30.000011452.8223   12.2796
    7.5000  -37.5000  -30.000010965.6191   12.2786
   -7.5000  -30.0000  -30.000011828.6338   12.2288
    0.0000  -30.0000  -30.000012356.4893   12.2163
    7.5000  -30.0000  -30.000011813.7979   12.2153
   -7.5000  -22.5000  -30.000012530.7451   12.1819
    0.0000  -22.5000  -30.000013078.7539   12.1692
    7.5000  -22.5000  -30.000012516.4043   12.1718
   -7.5000  -15.0000  -30.000013101.9629   12.1417
    0.0000  -15.0000  -30.000013679.8516   12.1306
    7.5000  -15.0000  -30.000013069.1475   12.1360
   -7.5000   -7.5000  -30.000013634.1885   12.0990
    0.0000   -7.5000  -30.000014248.5830   12.0897
    7.5000   -7.5000  -30.000013589.3760   12.0947
   -7.5000    0.0000  -30.000014057.5850   12.0610
    0.0000    0.0000  -30.000014690.1660   12.0520
    7.5000    0.0000  -30.000014027.8027   12.0543
   -7.5000    7.5000  -30.000013406.6367   12.0824
    0.0000    7.5000  -30.000014022.1982   12.0716
    7.5000    7.5000  -30.000013366.1279   12.0711
   -7.5000   15.0000  -30.000012614.3848   12.1407
    0.0000   15.0000  -30.000013191.2080   12.1280
    7.5000   15.0000  -30.000012568.5371   12.1274
   -7.5000   22.5000  -30.000011774.7383   12.2780
    0.0000   22.5000  -30.000012303.7031   12.2652
    7.5000   22.5000  -30.000011725.5645   12.2677
   -7.5000   30.0000  -30.000010897.2168   12.2916
    0.0000   30.0000  -30.000011380.7549   12.2810
    7.5000   30.0000  -30.000010843.8613   12.2863
   -7.5000   37.5000  -30.000010389.3555   12.4713
    0.0000   37.5000  -30.000010827.9111   12.4628
    7.5000   37.5000  -30.000010311.9902   12.4678
   -7.5000   45.0000  -30.0000 9542.4248   12.4105
    0.0000   45.0000  -30.0000 9955.0166   12.3995
    7.5000   45.0000  -30.0000 9462.1045   12.4003
   -7.5000  -45.0000  -22.500011280.9033   12.7331
    0.0000  -45.0000  -22.500011732.1055   12.7227
    7.5000  -45.0000  -22.500011253.6338   12.7209
   -7.5000  -37.5000  -22.500011801.0234   12.6946
    0.0000  -37.5000  -22.500012277.5635   12.6821
    7.5000  -37.5000  -22.500011797.1699   12.6775
   -7.5000  -30.0000  -22.500012720.7793   12.6310
    0.0000  -30.0000  -22.500013237.2148   12.6164
    7.5000  -30.0000  -22.500012703.6064   12.6119
   -7.5000  -22.5000  -22.500013468.7080   12.5818
    0.0000  -22.5000  -22.500014009.3730   12.5675
    7.5000  -22.5000  -22.500013438.0166   12.5664
   -7.5000  -15.0000  -22.500014061.1836   12.5394
    0.0000  -15.0000  -22.500014646.6123   12.5266
    7.5000  -15.0000  -22.500014016.4912   12.5282
   -7.5000   -7.5000  -22.500014622.0010   12.4943
    0.0000   -7.5000  -22.500015253.1250   12.4828
    7.5000   -7.5000  -22.500014570.3506   12.4838
   -7.5000    0.0000  -22.500015074.8867   12.4538
    0.0000    0.0000  -22.500015747.3496   12.4422
    7.5000    0.0000  -22.500015039.9678   12.4408
   -7.5000    7.5000  -22.500014368.6543   12.4758
    0.0000    7.5000  -22.500015011.8633   12.4626
    7.5000    7.5000  -22.500014324.0000   12.4585
   -7.5000   15.0000  -22.500013487.5039   12.5369
    0.0000   15.0000  -22.500014082.8535   12.5221
    7.5000   15.0000  -22.500013425.9287   12.5180
   -7.5000   22.5000  -22.500012575.7305   12.6776
    0.0000   22.5000  -22.500013130.0947   12.6632
    7.5000   22.5000  -22.500012506.0732   12.6618
   -7.5000   30.0000  -22.500011603.5918   12.6931
    0.0000   30.0000  -22.500012130.8252   12.6809
    7.5000   30.0000  -22.500011571.4307   12.6819
   -7.5000   37.5000  -22.500011049.6309   12.8769
    0.0000   37.5000  -22.500011528.3594   12.8664
    7.5000   37.5000  -22.500010991.7891   12.8676
   -7.5000   45.0000  -22.500010116.4834   12.8224
    0.0000   45.0000  -22.500010527.0732   12.8085
    7.5000   45.0000  -22.500010039.4785   12.8052
   -7.5000  -45.0000  -15.000012077.9482   13.0154
    0.0000  -45.0000  -15.000012559.4775   12.9994
    7.5000  -45.0000  -15.000012037.1094   12.9978
   -7.5000  -37.5000  -15.000012647.1113   12.9718
    0.0000  -37.5000  -15.000013153.2510   12.9562
    7.5000  -37.5000  -15.000012609.7568   12.9517
   -7.5000  -30.0000  -15.000013623.5762   12.9025
    0.0000  -30.0000  -15.000014173.1221   12.8877
    7.5000  -30.0000  -15.000013584.7354   12.8835
   -7.5000  -22.5000  -15.000014412.1670   12.8515
    0.0000  -22.5000  -15.000014997.8105   12.8370
    7.5000  -22.5000  -15.000014374.6416   12.8364
   -7.5000  -15.0000  -15.000015044.8945   12.8109
    0.0000  -15.0000  -15.000015667.6709   12.7955
    7.5000  -15.0000  -15.000014983.9365   12.7978
   -7.5000   -7.5000  -15.000015631.1338   12.7685
    0.0000   -7.5000  -15.000016272.1045   12.7519
    7.5000   -7.5000  -15.000015558.2598   12.7535
   -7.5000    0.0000  -15.000016082.8467   12.7279
    0.0000    0.0000  -15.000016773.3945   12.7109
    7.5000    0.0000  -15.000016034.1133   12.7097
   -7.5000    7.5000  -15.000015308.3887   12.7475
    0.0000    7.5000  -15.000015986.9160   12.7312
    7.5000    7.5000  -15.000015275.1191   12.7273
   -7.5000   15.0000  -15.000014366.9463   12.8063
    0.0000   15.0000  -15.000014968.2588   12.7912
    7.5000   15.0000  -15.000014298.8467   12.7874
   -7.5000   22.5000  -15.000013365.9258   12.9477
    0.0000   22.5000  -15.000013933.1123   12.9333
    7.5000   22.5000  -15.000013296.8545   12.9325
   -7.5000   30.0000  -15.000012322.4980   12.9677
    0.0000   30.0000  -15.000012857.9541   12.9528
    7.5000   30.0000  -15.000012289.1670   12.9545
   -7.5000   37.5000  -15.000011706.8262   13.1591
    0.0000   37.5000  -15.000012216.4551   13.1430
    7.5000   37.5000  -15.000011672.8037   13.1451
   -7.5000   45.0000  -15.000010699.7109   13.1121
    0.0000   45.0000  -15.000011141.1240   13.0919
    7.5000   45.0000  -15.000010623.1445   13.0887
   -7.5000  -45.0000   -7.500012861.2881   13.1374
    0.0000  -45.0000   -7.500013397.5420   13.1180
    7.5000  -45.0000   -7.500012846.7939   13.1219
   -7.5000  -37.5000   -7.500013466.3037   13.0897
    0.0000  -37.5000   -7.500014022.3633   13.0737
    7.5000  -37.5000   -7.500013457.5244   13.0742
   -7.5000  -30.0000   -7.500014519.7705   13.0149
    0.0000  -30.0000   -7.500015135.1982   13.0023
    7.5000  -30.0000   -7.500014499.0889   13.0034
   -7.5000  -22.5000   -7.500015409.0742   12.9622
    0.0000  -22.5000   -7.500016076.8232   12.9492
    7.5000  -22.5000   -7.500015395.4004   12.9544
   -7.5000  -15.0000   -7.500016079.9590   12.9240
    0.0000  -15.0000   -7.500016766.7852   12.9073
    7.5000  -15.0000   -7.500016049.2490   12.9156
   -7.5000   -7.5000   -7.500016665.3633   12.8858
    0.0000   -7.5000   -7.500017347.3496   12.8658
    7.5000   -7.5000   -7.500016616.0723   12.8733
   -7.5000    0.0000   -7.500017141.7246   12.8470
    0.0000    0.0000   -7.500017860.4375   12.8267
    7.5000    0.0000   -7.500017077.7852   12.8308
   -7.5000    7.5000   -7.500016322.9609   12.8636
    0.0000    7.5000   -7.500017017.3535   12.8468
    7.5000    7.5000   -7.500016242.1973   12.8477
   -7.5000   15.0000   -7.500015284.9971   12.9180
    0.0000   15.0000   -7.500015899.0977   12.9051
    7.5000   15.0000   -7.500015199.8398   12.9065
   -7.5000   22.5000   -7.500014198.2090   13.0575
    0.0000   22.5000   -7.500014786.0742   13.0444
    7.5000   22.5000   -7.500014105.2012   13.0498
   -7.5000   30.0000   -7.500013101.6113   13.0817
    0.0000   30.0000   -7.500013644.2266   13.0653
    7.5000   30.0000   -7.500013020.1230   13.0735
   -7.5000   37.5000   -7.500012450.7695   13.2800
    0.0000   37.5000   -7.500012996.6631   13.2598
    7.5000   37.5000   -7.500012374.6816   13.2682
   -7.5000   45.0000   -7.500011372.7832   13.2371
    0.0000   45.0000   -7.500011875.3271   13.2133
    7.5000   45.0000   -7.500011265.9707   13.2157
   -7.5000  -45.0000    0.000013503.0088   13.1438
    0.0000  -45.0000    0.000014103.8584   13.1261
    7.5000  -45.0000    0.000013511.5908   13.1340
   -7.5000  -37.5000    0.000014154.4131   13.0950
    0.0000  -37.5000    0.000014792.8564   13.0812
    7.5000  -37.5000    0.000014166.8848   13.0854
   -7.5000  -30.0000    0.000015298.0586   13.0180
    0.0000  -30.0000    0.000016007.8359   13.0077
    7.5000  -30.0000    0.000015297.8223   13.0128
   -7.5000  -22.5000    0.000016303.5283   12.9648
    0.0000  -22.5000    0.000017095.9980   12.9534
    7.5000  -22.5000    0.000016325.2197   12.9633
   -7.5000  -15.0000    0.000017148.6816   12.9274
    0.0000  -15.0000    0.000017968.6777   12.9118
    7.5000  -15.0000    0.000017124.7363   12.9248
   -7.5000   -7.5000    0.000017771.1113   12.8906
    0.0000   -7.5000    0.000018546.2207   12.8718
    7.5000   -7.5000    0.000017686.3496   12.8838
   -7.5000    0.0000    0.000018224.3125   12.8530
    0.0000    0.0000    0.000018987.5137   12.8343
    7.5000    0.0000    0.000018077.8984   12.8423
   -7.5000    7.5000    0.000017339.9004   12.8688
    0.0000    7.5000    0.000018062.5254   12.8541
    7.5000    7.5000    0.000017165.3496   12.8585
   -7.5000   15.0000    0.000016227.0674   12.9212
    0.0000   15.0000    0.000016909.4707   12.9106
    7.5000   15.0000    0.000016058.0381   12.9159
   -7.5000   22.5000    0.000015022.2383   13.0604
    0.0000   22.5000    0.000015686.7012   13.0489
    7.5000   22.5000    0.000014862.0967   13.0591
   -7.5000   30.0000    0.000013835.6963   13.0867
    0.0000   30.0000    0.000014468.7168   13.0714
    7.5000   30.0000    0.000013695.5938   13.0846
   -7.5000   37.5000    0.000013138.7441   13.2868
    0.0000   37.5000    0.000013764.9609   13.2677
    7.5000   37.5000    0.000013010.2559   13.2804
   -7.5000   45.0000    0.000012002.4307   13.2432
    0.0000   45.0000    0.000012563.3438   13.2214
    7.5000   45.0000    0.000011843.2803   13.2280
   -7.5000  -45.0000    7.500013118.8115   13.1863
    0.0000  -45.0000    7.500013771.3574   13.1742
    7.5000  -45.0000    7.500013164.2979   13.1810
   -7.5000  -37.5000    7.500013801.8496   13.1423
    0.0000  -37.5000    7.500014477.3691   13.1311
    7.5000  -37.5000    7.500013806.1201   13.1342
   -7.5000  -30.0000    7.500014903.2139   13.0701
    0.0000  -30.0000    7.500015662.1396   13.0593
    7.5000  -30.0000    7.500014882.7705   13.0630
   -7.5000  -22.5000    7.500015942.4170   13.0171
    0.0000  -22.5000    7.500016863.5273   13.0056
    7.5000  -22.5000    7.500015929.2314   13.0137
   -7.5000  -15.0000    7.500016908.9785   12.9766
    0.0000  -15.0000    7.500018002.2207   12.9637
    7.5000  -15.0000    7.500016839.9531   12.9750
   -7.5000   -7.5000    7.500017606.0801   12.9356
    0.0000   -7.5000    7.500018658.0684   12.9222
    7.5000   -7.5000    7.500017438.9434   12.9325
   -7.5000    0.0000    7.500017971.3203   12.8968
    0.0000    0.0000    7.500018935.1602   12.8836
    7.5000    0.0000    7.500017740.2305   12.8904
   -7.5000    7.5000    7.500016984.4648   12.9160
    0.0000    7.5000    7.500017835.3828   12.9039
    7.5000    7.5000    7.500016764.3633   12.9072
   -7.5000   15.0000    7.500015853.7461   12.9725
    0.0000   15.0000    7.500016631.5293   12.9615
    7.5000   15.0000    7.500015640.1865   12.9655
   -7.5000   22.5000    7.500014658.7637   13.1141
    0.0000   22.5000    7.500015360.2139   13.1025
    7.5000   22.5000    7.500014442.9199   13.1108
   -7.5000   30.0000    7.500013471.2520   13.1388
    0.0000   30.0000    7.500014121.8359   13.1263
    7.5000   30.0000    7.500013296.5557   13.1378
   -7.5000   37.5000    7.500012786.7480   13.3360
    0.0000   37.5000    7.500013427.4092   13.3228
    7.5000   37.5000    7.500012646.8809   13.3335
   -7.5000   45.0000    7.500011650.2510   13.2899
    0.0000   45.0000    7.500012200.2734   13.2742
    7.5000   45.0000    7.500011488.6191   13.2795
   -7.5000  -45.0000   15.000012579.3867   13.2431
    0.0000  -45.0000   15.000013309.0332   13.2352
    7.5000  -45.0000   15.000012604.5088   13.2380
   -7.5000  -37.5000   15.000013244.0205   13.2044
    0.0000  -37.5000   15.000014017.0732   13.1942
    7.5000  -37.5000   15.000013211.8887   13.1937
   -7.5000  -30.0000   15.000014319.6562   13.1391
    0.0000  -30.0000   15.000015163.9951   13.1261
    7.5000  -30.0000   15.000014246.3916   13.1256
   -7.5000  -22.5000   15.000015334.9258   13.0870
    0.0000  -22.5000   15.000016325.4658   13.0739
    7.5000  -22.5000   15.000015201.9463   13.0771
   -7.5000  -15.0000   15.000016273.2568   13.0429
    0.0000  -15.0000   15.000017424.0508   13.0314
    7.5000  -15.0000   15.000016075.6953   13.0377
   -7.5000   -7.5000   15.000016903.9707   12.9965
    0.0000   -7.5000   15.000017994.8184   12.9870
    7.5000   -7.5000   15.000016697.9941   12.9928
   -7.5000    0.0000   15.000017219.2285   12.9553
    0.0000    0.0000   15.000018222.5996   12.9461
    7.5000    0.0000   15.000017023.3711   12.9491
   -7.5000    7.5000   15.000016286.3535   12.9782
    0.0000    7.5000   15.000017166.4727   12.9670
    7.5000    7.5000   15.000016085.7344   12.9669
   -7.5000   15.0000   15.000015223.0215   13.0406
    0.0000   15.0000   15.000016005.7227   13.0274
    7.5000   15.0000   15.000015018.5439   13.0273
   -7.5000   22.5000   15.000014094.5859   13.1851
    0.0000   22.5000   15.000014764.2656   13.1719
    7.5000   22.5000   15.000013887.5527   13.1751
   -7.5000   30.0000   15.000012956.0303   13.2066
    0.0000   30.0000   15.000013542.2588   13.1957
    7.5000   30.0000   15.000012754.8525   13.2018
   -7.5000   37.5000   15.000012299.0566   13.3989
    0.0000   37.5000   15.000012850.8438   13.3904
    7.5000   37.5000   15.000012119.2949   13.3962
   -7.5000   45.0000   15.000011168.3252   13.3501
    0.0000   45.0000   15.000011651.1465   13.3388
    7.5000   45.0000   15.000010998.8545   13.3401
   -7.5000  -45.0000   22.500011982.8711   13.3037
    0.0000  -45.0000   22.500012653.0557   13.2935
    7.5000  -45.0000   22.500011945.7139   13.2921
   -7.5000  -37.5000   22.500012629.6953   13.2664
    0.0000  -37.5000   22.500013315.7178   13.2539
    7.5000  -37.5000   22.500012545.6797   13.2496
   -7.5000  -30.0000   22.500013685.9932   13.2033
    0.0000  -30.0000   22.500014389.4062   13.1887
    7.5000  -30.0000   22.500013549.5605   13.1844
   -7.5000  -22.5000   22.500014675.9053   13.1522
    0.0000  -22.5000   22.500015479.7402   13.1378
    7.5000  -22.5000   22.500014493.2949   13.1371
   -7.5000  -15.0000   22.500015476.9150   13.1076
    0.0000  -15.0000   22.500016346.7773   13.0949
    7.5000  -15.0000   22.500015290.9189   13.0971
   -7.5000   -7.5000   22.500015979.9170   13.0603
    0.0000   -7.5000   22.500016766.0547   13.0489
    7.5000   -7.5000   22.500015838.0352   13.0506
   -7.5000    0.0000   22.500016261.8779   13.0177
    0.0000    0.0000   22.500017019.5605   13.0063
    7.5000    0.0000   22.500016131.3623   13.0053
   -7.5000    7.5000   22.500015431.8115   13.0404
    0.0000    7.5000   22.500016133.5674   13.0271
    7.5000    7.5000   22.500015253.9766   13.0234
   -7.5000   15.0000   22.500014449.2998   13.1037
    0.0000   15.0000   22.500015094.5752   13.0888
    7.5000   15.0000   22.500014229.0996   13.0850
   -7.5000   22.5000   22.500013357.5195   13.2485
    0.0000   22.5000   22.500013932.2559   13.2341
    7.5000   22.5000   22.500013131.2510   13.2332
   -7.5000   30.0000   22.500012261.0762   13.2681
    0.0000   30.0000   22.500012770.2588   13.2561
    7.5000   30.0000   22.500012045.8516   13.2577
   -7.5000   37.5000   22.500011639.3213   13.4592
    0.0000   37.5000   22.500012130.9453   13.4489
    7.5000   37.5000   22.500011447.3018   13.4507
   -7.5000   45.0000   22.500010551.3242   13.4105
    0.0000   45.0000   22.500010994.2090   13.3967
    7.5000   45.0000   22.500010378.4639   13.3937
   -7.5000  -45.0000   30.000011292.8896   13.4363
    0.0000  -45.0000   30.000011870.3584   13.4203
    7.5000  -45.0000   30.000011237.8906   13.4190
   -7.5000  -37.5000   30.000011902.6016   13.3958
    0.0000  -37.5000   30.000012467.6309   13.3802
    7.5000  -37.5000   30.000011795.1846   13.3759
   -7.5000  -30.0000   30.000012862.2393   13.3299
    0.0000  -30.0000   30.000013466.4023   13.3152
    7.5000  -30.0000   30.000012728.1016   13.3112
   -7.5000  -22.5000   30.000013742.1182   13.2786
    0.0000  -22.5000   30.000014470.2959   13.2642
    7.5000  -22.5000   30.000013611.0303   13.2641
   -7.5000  -15.0000   30.000014462.6328   13.2359
    0.0000  -15.0000   30.000015233.8066   13.2205
    7.5000  -15.0000   30.000014364.0605   13.2234
   -7.5000   -7.5000   30.000014955.0811   13.1916
    0.0000   -7.5000   30.000015661.9561   13.1751
    7.5000   -7.5000   30.000014856.8428   13.1772
   -7.5000    0.0000   30.000015276.9805   13.1494
    0.0000    0.0000   30.000015948.2256   13.1324
    7.5000    0.0000   30.000015135.5332   13.1315
   -7.5000    7.5000   30.000014517.6963   13.1687
    0.0000    7.5000   30.000015138.7646   13.1524
    7.5000    7.5000   30.000014329.2822   13.1487
   -7.5000   15.0000   30.000013570.6553   13.2279
    0.0000   15.0000   30.000014133.3643   13.2129
    7.5000   15.0000   30.000013360.6768   13.2093
   -7.5000   22.5000   30.000012520.9092   13.3718
    0.0000   22.5000   30.000013022.0576   13.3575
    7.5000   22.5000   30.000012337.6953   13.3572
   -7.5000   30.0000   30.000011496.1787   13.3933
    0.0000   30.0000   30.000011945.6855   13.3786
    7.5000   30.0000   30.000011286.3154   13.3808
   -7.5000   37.5000   30.000010898.0273   13.5903
    0.0000   37.5000   30.000011347.5537   13.5744
    7.5000   37.5000   30.000010704.9131   13.5770
   -7.5000   45.0000   30.0000 9876.7910   13.5456
    0.0000   45.0000   30.000010280.7383   13.5254
    7.5000   45.0000   30.0000 9703.2559   13.5224
   -7.5000  -45.0000   37.500010951.0742   13.6256
    0.0000  -45.0000   37.500011462.6445   13.6057
    7.5000  -45.0000   37.500010872.0615   13.6100
   -7.5000  -37.5000   37.500011502.6162   13.5814
    0.0000  -37.5000   37.500012019.2354   13.5651
    7.5000  -37.5000   37.500011400.8730   13.5657
   -7.5000  -30.0000   37.500012410.5635   13.5114
    0.0000  -30.0000   37.500012970.5303   13.4987
    7.5000  -30.0000   37.500012295.1025   13.5000
   -7.5000  -22.5000   37.500013251.5098   13.4594
    0.0000  -22.5000   37.500013902.7080   13.4461
    7.5000  -22.5000   37.500013155.2803   13.4520
   -7.5000  -15.0000   37.500013925.8730   13.4181
    0.0000  -15.0000   37.500014623.9082   13.4009
    7.5000  -15.0000   37.500013851.8408   13.4101
   -7.5000   -7.5000   37.500014422.6084   13.3774
    0.0000   -7.5000   37.500015078.1650   13.3568
    7.5000   -7.5000   37.500014327.5352   13.3651
   -7.5000    0.0000   37.500014773.3447   13.3365
    0.0000    0.0000   37.500015413.0449   13.3156
    7.5000    0.0000   37.500014617.3486   13.3202
   -7.5000    7.5000   37.500014028.4473   13.3522
    0.0000    7.5000   37.500014621.9873   13.3350
    7.5000    7.5000   37.500013846.4248   13.3361
   -7.5000   15.0000   37.500013117.9307   13.4064
    0.0000   15.0000   37.500013653.8379   13.3934
    7.5000   15.0000   37.500012923.2168   13.3951
   -7.5000   22.5000   37.500012096.2451   13.5506
    0.0000   22.5000   37.500012585.5605   13.5374
    7.5000   22.5000   37.500011930.0654   13.5434
   -7.5000   30.0000   37.500011111.2012   13.5761
    0.0000   30.0000   37.500011570.0742   13.5594
    7.5000   30.0000   37.500010951.7676   13.5684
   -7.5000   37.5000   37.500010553.8086   13.7822
    0.0000   37.5000   37.500010993.8770   13.7615
    7.5000   37.5000   37.500010409.5674   13.7707
   -7.5000   45.0000   37.5000 9552.3135   13.7416
    0.0000   45.0000   37.5000 9955.3027   13.7171
    7.5000   45.0000   37.5000 9418.3223   13.7198
   -7.5000  -45.0000   45.000010079.7998   13.7974
    0.0000  -45.0000   45.000010529.0996   13.7779
    7.5000  -45.0000   45.000010014.4785   13.7867
   -7.5000  -37.5000   45.000010575.0596   13.7508
    0.0000  -37.5000   45.000011035.5186   13.7359
    7.5000  -37.5000   45.000010505.4375   13.7405
   -7.5000  -30.0000   45.000011404.7705   13.6785
    0.0000  -30.0000   45.000011898.6572   13.6674
    7.5000  -30.0000   45.000011323.7441   13.6731
   -7.5000  -22.5000   45.000012176.4863   13.6268
    0.0000  -22.5000   45.000012732.0254   13.6142
    7.5000  -22.5000   45.000012104.9473   13.6253
   -7.5000  -15.0000   45.000012763.6113   13.5869
    0.0000  -15.0000   45.000013369.1045   13.5693
    7.5000  -15.0000   45.000012704.6641   13.5840
   -7.5000   -7.5000   45.000013232.2568   13.5472
    0.0000   -7.5000   45.000013815.1982   13.5263
    7.5000   -7.5000   45.000013160.0186   13.5395
   -7.5000    0.0000   45.000013565.0518   13.5059
    0.0000    0.0000   45.000014161.5156   13.4855
    7.5000    0.0000   45.000013465.8408   13.4943
   -7.5000    7.5000   45.000012874.3086   13.5190
    0.0000    7.5000   45.000013429.6680   13.5032
    7.5000    7.5000   45.000012754.3633   13.5080
   -7.5000   15.0000   45.000012019.8838   13.5704
    0.0000   15.0000   45.000012524.2773   13.5590
    7.5000   15.0000   45.000011905.4170   13.5650
   -7.5000   22.5000   45.000011101.8750   13.7173
    0.0000   22.5000   45.000011574.4482   13.7047
    7.5000   22.5000   45.000010999.4951   13.7162
   -7.5000   30.0000   45.000010189.9707   13.7469
    0.0000   30.0000   45.000010631.1094   13.7298
    7.5000   30.0000   45.000010089.9014   13.7446
   -7.5000   37.5000   45.0000 9701.7090   13.9602
    0.0000   37.5000   45.000010116.2842   13.9391
    7.5000   37.5000   45.0000 9594.3945   13.9532
   -7.5000   45.0000   45.0000 8816.5176   13.9275
    0.0000   45.0000   45.0000 9200.9111   13.9037
    7.5000   45.0000   45.0000 8717.7080   13.9109

---------------------------------------------------------------------
imgreg_4dfp /opt/freesurfer/average/711-2C_as_mni_average_305 /opt/freesurfer/average/711-2B_as_mni_average_305_mask talsrcimg_g11 none talsrcimg_to_711-2C_as_mni_average_305_t4 4355
---------------------------------------------------------------------

freesurfer imgreg_4dfp.c
/opt/freesurfer/average/711-2C_as_mni_average_305.4dfp.img
       256       256       256         1
  1.000000  1.000000  1.000000
orientation T byte_order littleendian
Reading image: /opt/freesurfer/average/711-2C_as_mni_average_305.4dfp.img
dimensions:      256       256       256
mmppix:       1.0000   -1.0000   -1.0000
center:     128.0000 -129.0000 -129.0000
/opt/freesurfer/average/711-2B_as_mni_average_305_mask.4dfp.img
       256       256       256         1
  1.000000  1.000000  1.000000
orientation T byte_order littleendian
Reading mask: /opt/freesurfer/average/711-2B_as_mni_average_305_mask.4dfp.img (2306576 pixels)
talsrcimg_g11.4dfp.img
       256       256       256         1
  1.000000  1.000000  1.000000
orientation T byte_order littleendian
Reading image: talsrcimg_g11.4dfp.img
dimensions:      256       256       256
mmppix:       1.0000   -1.0000   -1.0000
center:     128.0000 -129.0000 -129.0000
rotation matrix determinant  1.000000
image alignment mode   4355 decimal     1103 hex
   -7.5000  -45.0000  -45.0000 2289.8867   15.0823
    0.0000  -45.0000  -45.0000 2292.1038   15.0652
    7.5000  -45.0000  -45.0000 2284.3643   15.1592
   -7.5000  -37.5000  -45.0000 2329.5701   14.2894
    0.0000  -37.5000  -45.0000 2336.7839   14.2877
    7.5000  -37.5000  -45.0000 2322.7195   14.3698
   -7.5000  -30.0000  -45.0000 2360.7944   13.6716
    0.0000  -30.0000  -45.0000 2374.8755   13.6458
    7.5000  -30.0000  -45.0000 2361.3533   13.7009
   -7.5000  -22.5000  -45.0000 2387.2021   13.2489
    0.0000  -22.5000  -45.0000 2403.3481   13.1983
    7.5000  -22.5000  -45.0000 2390.2876   13.2637
   -7.5000  -15.0000  -45.0000 2405.1448   13.0144
    0.0000  -15.0000  -45.0000 2422.5315   12.9228
    7.5000  -15.0000  -45.0000 2408.6221   12.9805
   -7.5000   -7.5000  -45.0000 2399.3425   13.0396
    0.0000   -7.5000  -45.0000 2420.7327   12.9509
    7.5000   -7.5000  -45.0000 2409.4521   12.9768
   -7.5000    0.0000  -45.0000 2376.9590   13.2409
    0.0000    0.0000  -45.0000 2400.9722   13.1332
    7.5000    0.0000  -45.0000 2386.8291   13.1936
   -7.5000    7.5000  -45.0000 2339.0913   13.6914
    0.0000    7.5000  -45.0000 2364.2864   13.5928
    7.5000    7.5000  -45.0000 2346.8972   13.6321
   -7.5000   15.0000  -45.0000 2280.0635   14.3390
    0.0000   15.0000  -45.0000 2304.0195   14.2323
    7.5000   15.0000  -45.0000 2290.4280   14.2794
   -7.5000   22.5000  -45.0000 2214.0403   15.3014
    0.0000   22.5000  -45.0000 2230.6699   15.1726
    7.5000   22.5000  -45.0000 2221.1167   15.2547
   -7.5000   30.0000  -45.0000 2138.4241   16.6027
    0.0000   30.0000  -45.0000 2153.4607   16.4527
    7.5000   30.0000  -45.0000 2142.3503   16.5924
   -7.5000   37.5000  -45.0000 2053.8613   18.3279
    0.0000   37.5000  -45.0000 2068.7112   18.1773
    7.5000   37.5000  -45.0000 2056.0405   18.3259
   -7.5000   45.0000  -45.0000 1955.7756   20.5754
    0.0000   45.0000  -45.0000 1977.9668   20.3943
    7.5000   45.0000  -45.0000 1955.8939   20.5132
   -7.5000  -45.0000  -37.5000 2376.1189   14.0608
    0.0000  -45.0000  -37.5000 2380.5647   14.0605
    7.5000  -45.0000  -37.5000 2368.3228   14.1217
   -7.5000  -37.5000  -37.5000 2417.5967   13.3481
    0.0000  -37.5000  -37.5000 2425.1877   13.3139
    7.5000  -37.5000  -37.5000 2410.3589   13.3938
   -7.5000  -30.0000  -37.5000 2447.8396   12.7555
    0.0000  -30.0000  -37.5000 2464.9346   12.7390
    7.5000  -30.0000  -37.5000 2447.3716   12.7998
   -7.5000  -22.5000  -37.5000 2474.2395   12.3797
    0.0000  -22.5000  -37.5000 2492.8459   12.3265
    7.5000  -22.5000  -37.5000 2479.9946   12.3886
   -7.5000  -15.0000  -37.5000 2488.2463   12.1555
    0.0000  -15.0000  -37.5000 2512.7727   12.0712
    7.5000  -15.0000  -37.5000 2495.7236   12.1405
   -7.5000   -7.5000  -37.5000 2488.4895   12.1464
    0.0000   -7.5000  -37.5000 2514.4878   12.0757
    7.5000   -7.5000  -37.5000 2499.3674   12.1084
   -7.5000    0.0000  -37.5000 2466.5806   12.3123
    0.0000    0.0000  -37.5000 2493.8071   12.2210
    7.5000    0.0000  -37.5000 2477.8992   12.2965
   -7.5000    7.5000  -37.5000 2427.8499   12.6744
    0.0000    7.5000  -37.5000 2454.7854   12.5840
    7.5000    7.5000  -37.5000 2440.7024   12.6444
   -7.5000   15.0000  -37.5000 2368.2041   13.2341
    0.0000   15.0000  -37.5000 2394.3315   13.1419
    7.5000   15.0000  -37.5000 2381.7097   13.2052
   -7.5000   22.5000  -37.5000 2299.5750   14.0663
    0.0000   22.5000  -37.5000 2321.2119   13.9707
    7.5000   22.5000  -37.5000 2308.9812   14.0699
   -7.5000   30.0000  -37.5000 2214.5603   15.2487
    0.0000   30.0000  -37.5000 2231.4419   15.1397
    7.5000   30.0000  -37.5000 2219.2554   15.2715
   -7.5000   37.5000  -37.5000 2122.7764   16.8093
    0.0000   37.5000  -37.5000 2139.1318   16.7087
    7.5000   37.5000  -37.5000 2126.1267   16.8423
   -7.5000   45.0000  -37.5000 2023.6324   18.8554
    0.0000   45.0000  -37.5000 2046.5914   18.7173
    7.5000   45.0000  -37.5000 2027.5435   18.8651
   -7.5000  -45.0000  -30.0000 2506.0906   13.5861
    0.0000  -45.0000  -30.0000 2512.8088   13.5492
    7.5000  -45.0000  -30.0000 2497.8113   13.6438
   -7.5000  -37.5000  -30.0000 2553.2463   12.9217
    0.0000  -37.5000  -30.0000 2563.0317   12.8563
    7.5000  -37.5000  -30.0000 2546.6060   12.9332
   -7.5000  -30.0000  -30.0000 2583.7891   12.3663
    0.0000  -30.0000  -30.0000 2600.1262   12.2931
    7.5000  -30.0000  -30.0000 2585.8943   12.3795
   -7.5000  -22.5000  -30.0000 2609.2517   11.9798
    0.0000  -22.5000  -30.0000 2628.0117   11.9232
    7.5000  -22.5000  -30.0000 2614.0774   12.0156
   -7.5000  -15.0000  -30.0000 2620.8438   11.7647
    0.0000  -15.0000  -30.0000 2642.6306   11.6925
    7.5000  -15.0000  -30.0000 2628.4839   11.7765
   -7.5000   -7.5000  -30.0000 2623.9739   11.7348
    0.0000   -7.5000  -30.0000 2650.0996   11.6435
    7.5000   -7.5000  -30.0000 2634.9031   11.7280
   -7.5000    0.0000  -30.0000 2605.5945   11.8770
    0.0000    0.0000  -30.0000 2630.0945   11.7781
    7.5000    0.0000  -30.0000 2615.6267   11.8910
   -7.5000    7.5000  -30.0000 2569.3745   12.1866
    0.0000    7.5000  -30.0000 2595.1370   12.0974
    7.5000    7.5000  -30.0000 2581.0706   12.1671
   -7.5000   15.0000  -30.0000 2510.7581   12.6767
    0.0000   15.0000  -30.0000 2536.0396   12.5928
    7.5000   15.0000  -30.0000 2522.2002   12.6811
   -7.5000   22.5000  -30.0000 2433.8596   13.4389
    0.0000   22.5000  -30.0000 2454.6919   13.3281
    7.5000   22.5000  -30.0000 2443.3337   13.4520
   -7.5000   30.0000  -30.0000 2340.9529   14.5348
    0.0000   30.0000  -30.0000 2360.4280   14.4295
    7.5000   30.0000  -30.0000 2347.7996   14.5629
   -7.5000   37.5000  -30.0000 2242.5557   16.0154
    0.0000   37.5000  -30.0000 2254.5464   15.8972
    7.5000   37.5000  -30.0000 2241.9199   16.0324
   -7.5000   45.0000  -30.0000 2133.3154   17.9333
    0.0000   45.0000  -30.0000 2149.5828   17.7969
    7.5000   45.0000  -30.0000 2134.5891   17.9084
   -7.5000  -45.0000  -22.5000 2607.5669   13.1030
    0.0000  -45.0000  -22.5000 2611.5291   12.9965
    7.5000  -45.0000  -22.5000 2600.2527   13.1091
   -7.5000  -37.5000  -22.5000 2647.6018   12.4185
    0.0000  -37.5000  -22.5000 2659.1880   12.3111
    7.5000  -37.5000  -22.5000 2650.7285   12.4073
   -7.5000  -30.0000  -22.5000 2684.1887   11.8726
    0.0000  -30.0000  -22.5000 2698.7566   11.7762
    7.5000  -30.0000  -22.5000 2690.0159   11.8625
   -7.5000  -22.5000  -22.5000 2714.3120   11.4938
    0.0000  -22.5000  -22.5000 2736.4248   11.4156
    7.5000  -22.5000  -22.5000 2722.1753   11.5184
   -7.5000  -15.0000  -22.5000 2729.2356   11.2898
    0.0000  -15.0000  -22.5000 2750.3389   11.2102
    7.5000  -15.0000  -22.5000 2737.8855   11.3085
   -7.5000   -7.5000  -22.5000 2733.2212   11.2582
    0.0000   -7.5000  -22.5000 2757.8721   11.1654
    7.5000   -7.5000  -22.5000 2744.6709   11.2752
   -7.5000    0.0000  -22.5000 2717.9478   11.3824
    0.0000    0.0000  -22.5000 2749.1575   11.2937
    7.5000    0.0000  -22.5000 2728.4563   11.4003
   -7.5000    7.5000  -22.5000 2685.9758   11.6559
    0.0000    7.5000  -22.5000 2712.4072   11.5812
    7.5000    7.5000  -22.5000 2694.8215   11.6562
   -7.5000   15.0000  -22.5000 2623.3774   12.1190
    0.0000   15.0000  -22.5000 2648.1074   12.0224
    7.5000   15.0000  -22.5000 2632.6113   12.1087
   -7.5000   22.5000  -22.5000 2545.2400   12.7882
    0.0000   22.5000  -22.5000 2566.0032   12.6941
    7.5000   22.5000  -22.5000 2551.4353   12.8077
   -7.5000   30.0000  -22.5000 2444.7336   13.8007
    0.0000   30.0000  -22.5000 2466.3086   13.7109
    7.5000   30.0000  -22.5000 2453.0144   13.8416
   -7.5000   37.5000  -22.5000 2338.6865   15.2011
    0.0000   37.5000  -22.5000 2354.6313   15.0994
    7.5000   37.5000  -22.5000 2339.3044   15.2161
   -7.5000   45.0000  -22.5000 2221.5769   17.0471
    0.0000   45.0000  -22.5000 2231.4177   16.9119
    7.5000   45.0000  -22.5000 2216.6963   17.0182
   -7.5000  -45.0000  -15.0000 2667.4978   12.6215
    0.0000  -45.0000  -15.0000 2673.8274   12.4954
    7.5000  -45.0000  -15.0000 2663.3040   12.6155
   -7.5000  -37.5000  -15.0000 2709.6738   11.9009
    0.0000  -37.5000  -15.0000 2723.3552   11.7786
    7.5000  -37.5000  -15.0000 2714.0239   11.8933
   -7.5000  -30.0000  -15.0000 2752.3899   11.3699
    0.0000  -30.0000  -15.0000 2767.0833   11.2581
    7.5000  -30.0000  -15.0000 2760.0857   11.3511
   -7.5000  -22.5000  -15.0000 2788.1909   11.0042
    0.0000  -22.5000  -15.0000 2809.9106   10.8946
    7.5000  -22.5000  -15.0000 2794.6841   10.9876
   -7.5000  -15.0000  -15.0000 2804.2864   10.8110
    0.0000  -15.0000  -15.0000 2830.1145   10.7015
    7.5000  -15.0000  -15.0000 2815.2324   10.7898
   -7.5000   -7.5000  -15.0000 2815.8853   10.7711
    0.0000   -7.5000  -15.0000 2843.0688   10.6359
    7.5000   -7.5000  -15.0000 2824.8699   10.7655
   -7.5000    0.0000  -15.0000 2803.3799   10.8796
    0.0000    0.0000  -15.0000 2831.5425   10.7712
    7.5000    0.0000  -15.0000 2812.5190   10.8841
   -7.5000    7.5000  -15.0000 2771.2681   11.1476
    0.0000    7.5000  -15.0000 2798.8711   11.0615
    7.5000    7.5000  -15.0000 2780.8284   11.1423
   -7.5000   15.0000  -15.0000 2709.1553   11.5883
    0.0000   15.0000  -15.0000 2729.7996   11.4894
    7.5000   15.0000  -15.0000 2716.7122   11.5718
   -7.5000   22.5000  -15.0000 2626.9946   12.2075
    0.0000   22.5000  -15.0000 2647.5103   12.1018
    7.5000   22.5000  -15.0000 2634.2756   12.2222
   -7.5000   30.0000  -15.0000 2523.2888   13.1542
    0.0000   30.0000  -15.0000 2543.6555   13.0511
    7.5000   30.0000  -15.0000 2532.3008   13.2077
   -7.5000   37.5000  -15.0000 2407.7798   14.5002
    0.0000   37.5000  -15.0000 2426.2017   14.3844
    7.5000   37.5000  -15.0000 2416.2161   14.5287
   -7.5000   45.0000  -15.0000 2284.3384   16.2533
    0.0000   45.0000  -15.0000 2297.3706   16.1227
    7.5000   45.0000  -15.0000 2283.8828   16.2625
   -7.5000  -45.0000   -7.5000 2700.4634   12.1855
    0.0000  -45.0000   -7.5000 2714.9207   12.0352
    7.5000  -45.0000   -7.5000 2703.8757   12.1607
   -7.5000  -37.5000   -7.5000 2745.3418   11.4676
    0.0000  -37.5000   -7.5000 2758.6541   11.3284
    7.5000  -37.5000   -7.5000 2753.4343   11.4612
   -7.5000  -30.0000   -7.5000 2790.8203   10.9349
    0.0000  -30.0000   -7.5000 2806.5571   10.8020
    7.5000  -30.0000   -7.5000 2800.3386   10.9254
   -7.5000  -22.5000   -7.5000 2828.1016   10.5816
    0.0000  -22.5000   -7.5000 2857.6846   10.4430
    7.5000  -22.5000   -7.5000 2844.0237   10.5685
   -7.5000  -15.0000   -7.5000 2850.9629   10.3963
    0.0000  -15.0000   -7.5000 2881.9119   10.2363
    7.5000  -15.0000   -7.5000 2867.7051   10.3719
   -7.5000   -7.5000   -7.5000 2871.5034   10.3232
    0.0000   -7.5000   -7.5000 2902.6555   10.1525
    7.5000   -7.5000   -7.5000 2880.9412   10.3193
   -7.5000    0.0000   -7.5000 2868.6877   10.4101
    0.0000    0.0000   -7.5000 2896.4866   10.2663
    7.5000    0.0000   -7.5000 2876.4648   10.4053
   -7.5000    7.5000   -7.5000 2836.8911   10.6781
    0.0000    7.5000   -7.5000 2868.0134   10.5416
    7.5000    7.5000   -7.5000 2845.2556   10.6624
   -7.5000   15.0000   -7.5000 2773.0293   11.1089
    0.0000   15.0000   -7.5000 2797.2136   10.9725
    7.5000   15.0000   -7.5000 2778.6982   11.1094
   -7.5000   22.5000   -7.5000 2687.4785   11.7272
    0.0000   22.5000   -7.5000 2712.4751   11.5854
    7.5000   22.5000   -7.5000 2691.8333   11.7566
   -7.5000   30.0000   -7.5000 2578.8792   12.6519
    0.0000   30.0000   -7.5000 2601.4417   12.5086
    7.5000   30.0000   -7.5000 2585.1206   12.7150
   -7.5000   37.5000   -7.5000 2460.6318   13.9277
    0.0000   37.5000   -7.5000 2483.9575   13.7863
    7.5000   37.5000   -7.5000 2467.3596   13.9769
   -7.5000   45.0000   -7.5000 2331.1694   15.5935
    0.0000   45.0000   -7.5000 2349.3228   15.4679
    7.5000   45.0000   -7.5000 2334.8770   15.6207
   -7.5000  -45.0000    0.0000 2711.5398   11.8892
    0.0000  -45.0000    0.0000 2726.2180   11.7259
    7.5000  -45.0000    0.0000 2717.8389   11.8649
   -7.5000  -37.5000    0.0000 2758.7390   11.1731
    0.0000  -37.5000    0.0000 2776.6389   11.0328
    7.5000  -37.5000    0.0000 2769.9094   11.1595
   -7.5000  -30.0000    0.0000 2804.0188   10.6745
    0.0000  -30.0000    0.0000 2823.0388   10.5436
    7.5000  -30.0000    0.0000 2818.2139   10.6510
   -7.5000  -22.5000    0.0000 2841.9712   10.3637
    0.0000  -22.5000    0.0000 2871.0669   10.2360
    7.5000  -22.5000    0.0000 2865.0713   10.3307
   -7.5000  -15.0000    0.0000 2881.0840   10.1921
    0.0000  -15.0000    0.0000 2916.1233   10.0372
    7.5000  -15.0000    0.0000 2900.9158   10.1816
   -7.5000   -7.5000    0.0000 2906.2825   10.0821
    0.0000   -7.5000    0.0000 2935.6079    9.9195
    7.5000   -7.5000    0.0000 2918.6680   10.0854
   -7.5000    0.0000    0.0000 2910.9224   10.1228
    0.0000    0.0000    0.0000 2939.3220    9.9618
    7.5000    0.0000    0.0000 2916.0613   10.1182
   -7.5000    7.5000    0.0000 2885.5559   10.3599
    0.0000    7.5000    0.0000 2910.5149   10.2205
    7.5000    7.5000    0.0000 2887.5925   10.3454
   -7.5000   15.0000    0.0000 2820.0669   10.7877
    0.0000   15.0000    0.0000 2842.5496   10.6624
    7.5000   15.0000    0.0000 2821.8438   10.7882
   -7.5000   22.5000    0.0000 2728.4146   11.4327
    0.0000   22.5000    0.0000 2753.6440   11.3076
    7.5000   22.5000    0.0000 2729.8972   11.4350
   -7.5000   30.0000    0.0000 2617.4714   12.3537
    0.0000   30.0000    0.0000 2638.8396   12.2435
    7.5000   30.0000    0.0000 2617.7112   12.3847
   -7.5000   37.5000    0.0000 2495.9792   13.5957
    0.0000   37.5000    0.0000 2517.7854   13.5009
    7.5000   37.5000    0.0000 2497.9417   13.6289
   -7.5000   45.0000    0.0000 2365.1777   15.2042
    0.0000   45.0000    0.0000 2380.3362   15.1258
    7.5000   45.0000    0.0000 2363.6382   15.2190
   -7.5000  -45.0000    7.5000 2700.5288   11.8057
    0.0000  -45.0000    7.5000 2716.6804   11.6790
    7.5000  -45.0000    7.5000 2714.0007   11.7886
   -7.5000  -37.5000    7.5000 2752.9546   11.0961
    0.0000  -37.5000    7.5000 2771.4966   10.9844
    7.5000  -37.5000    7.5000 2769.7327   11.0777
   -7.5000  -30.0000    7.5000 2801.8503   10.6021
    0.0000  -30.0000    7.5000 2822.1584   10.5074
    7.5000  -30.0000    7.5000 2819.9763   10.5676
   -7.5000  -22.5000    7.5000 2847.3115   10.2909
    0.0000  -22.5000    7.5000 2874.5750   10.2381
    7.5000  -22.5000    7.5000 2869.6082   10.2541
   -7.5000  -15.0000    7.5000 2896.8567   10.1237
    0.0000  -15.0000    7.5000 2931.9978   10.1139
    7.5000  -15.0000    7.5000 2916.2375   10.1132
   -7.5000   -7.5000    7.5000 2926.3235   10.0347
    0.0000   -7.5000    7.5000 2966.2236    9.9889
    7.5000   -7.5000    7.5000 2939.2996   10.0419
   -7.5000    0.0000    7.5000 2932.2236   10.0180
    0.0000    0.0000    7.5000 2967.8198    9.9286
    7.5000    0.0000    7.5000 2936.8660   10.0064
   -7.5000    7.5000    7.5000 2903.2063   10.2129
    0.0000    7.5000    7.5000 2930.4111   10.1159
    7.5000    7.5000    7.5000 2905.1848   10.2095
   -7.5000   15.0000    7.5000 2845.4634   10.6132
    0.0000   15.0000    7.5000 2867.5493   10.5179
    7.5000   15.0000    7.5000 2840.6660   10.6323
   -7.5000   22.5000    7.5000 2749.3101   11.2803
    0.0000   22.5000    7.5000 2771.3525   11.1859
    7.5000   22.5000    7.5000 2745.6853   11.3004
   -7.5000   30.0000    7.5000 2630.1887   12.2097
    0.0000   30.0000    7.5000 2650.0952   12.1337
    7.5000   30.0000    7.5000 2629.6296   12.2318
   -7.5000   37.5000    7.5000 2510.0703   13.4382
    0.0000   37.5000    7.5000 2531.8359   13.3644
    7.5000   37.5000    7.5000 2512.3027   13.4524
   -7.5000   45.0000    7.5000 2377.1750   14.9869
    0.0000   45.0000    7.5000 2392.0757   14.9455
    7.5000   45.0000    7.5000 2375.9343   14.9981
   -7.5000  -45.0000   15.0000 2666.3984   11.9530
    0.0000  -45.0000   15.0000 2682.1294   11.9106
    7.5000  -45.0000   15.0000 2682.7908   11.9243
   -7.5000  -37.5000   15.0000 2721.0618   11.2224
    0.0000  -37.5000   15.0000 2740.5510   11.1923
    7.5000  -37.5000   15.0000 2738.8271   11.1939
   -7.5000  -30.0000   15.0000 2781.1677   10.6748
    0.0000  -30.0000   15.0000 2805.3621   10.6748
    7.5000  -30.0000   15.0000 2795.6133   10.6645
   -7.5000  -22.5000   15.0000 2839.4172   10.3382
    0.0000  -22.5000   15.0000 2867.6628   10.3399
    7.5000  -22.5000   15.0000 2853.0977   10.3125
   -7.5000  -15.0000   15.0000 2892.9968   10.1678
    0.0000  -15.0000   15.0000 2926.1775   10.2068
    7.5000  -15.0000   15.0000 2898.4883   10.1638
   -7.5000   -7.5000   15.0000 2928.1941   10.0573
    0.0000   -7.5000   15.0000 2963.6294   10.0609
    7.5000   -7.5000   15.0000 2929.9268   10.0609
   -7.5000    0.0000   15.0000 2930.0195   10.0449
    0.0000    0.0000   15.0000 2966.6804    9.9864
    7.5000    0.0000   15.0000 2926.0642   10.0601
   -7.5000    7.5000   15.0000 2897.0703   10.2475
    0.0000    7.5000   15.0000 2926.7598   10.1712
    7.5000    7.5000   15.0000 2893.4275   10.2832
   -7.5000   15.0000   15.0000 2837.3765   10.6709
    0.0000   15.0000   15.0000 2860.5630   10.5944
    7.5000   15.0000   15.0000 2831.4165   10.7117
   -7.5000   22.5000   15.0000 2742.6172   11.3643
    0.0000   22.5000   15.0000 2759.3892   11.2644
    7.5000   22.5000   15.0000 2737.7437   11.3790
   -7.5000   30.0000   15.0000 2620.8604   12.3018
    0.0000   30.0000   15.0000 2636.4897   12.1771
    7.5000   30.0000   15.0000 2623.7625   12.2820
   -7.5000   37.5000   15.0000 2504.0386   13.4657
    0.0000   37.5000   15.0000 2518.2922   13.3477
    7.5000   37.5000   15.0000 2506.0398   13.4465
   -7.5000   45.0000   15.0000 2371.0149   14.9733
    0.0000   45.0000   15.0000 2382.2842   14.8532
    7.5000   45.0000   15.0000 2366.7742   14.9384
   -7.5000  -45.0000   22.5000 2633.6504   12.2348
    0.0000  -45.0000   22.5000 2644.4487   12.1661
    7.5000  -45.0000   22.5000 2643.6333   12.1724
   -7.5000  -37.5000   22.5000 2691.7659   11.4493
    0.0000  -37.5000   22.5000 2707.2114   11.3803
    7.5000  -37.5000   22.5000 2703.3740   11.3981
   -7.5000  -30.0000   22.5000 2757.4219   10.8654
    0.0000  -30.0000   22.5000 2779.4470   10.7919
    7.5000  -30.0000   22.5000 2767.3635   10.8250
   -7.5000  -22.5000   22.5000 2819.1267   10.5165
    0.0000  -22.5000   22.5000 2845.4351   10.4382
    7.5000  -22.5000   22.5000 2831.2739   10.4676
   -7.5000  -15.0000   22.5000 2874.2034   10.3210
    0.0000  -15.0000   22.5000 2903.2476   10.2726
    7.5000  -15.0000   22.5000 2877.6528   10.2876
   -7.5000   -7.5000   22.5000 2908.1516   10.1735
    0.0000   -7.5000   22.5000 2940.7695   10.0632
    7.5000   -7.5000   22.5000 2907.5002   10.1768
   -7.5000    0.0000   22.5000 2911.4727   10.1527
    0.0000    0.0000   22.5000 2943.5315   10.0087
    7.5000    0.0000   22.5000 2907.9719   10.1959
   -7.5000    7.5000   22.5000 2880.0222   10.4018
    0.0000    7.5000   22.5000 2903.9307   10.2900
    7.5000    7.5000   22.5000 2873.9556   10.4313
   -7.5000   15.0000   22.5000 2814.7415   10.9005
    0.0000   15.0000   22.5000 2832.9104   10.7935
    7.5000   15.0000   22.5000 2810.0723   10.9026
   -7.5000   22.5000   22.5000 2720.2849   11.5774
    0.0000   22.5000   22.5000 2734.6570   11.4520
    7.5000   22.5000   22.5000 2715.5164   11.5693
   -7.5000   30.0000   22.5000 2599.5981   12.4942
    0.0000   30.0000   22.5000 2609.6716   12.3678
    7.5000   30.0000   22.5000 2596.7512   12.4759
   -7.5000   37.5000   22.5000 2477.1650   13.6939
    0.0000   37.5000   22.5000 2489.9014   13.5380
    7.5000   37.5000   22.5000 2482.3508   13.6413
   -7.5000   45.0000   22.5000 2344.6970   15.1513
    0.0000   45.0000   22.5000 2355.1968   14.9843
    7.5000   45.0000   22.5000 2344.1255   15.0495
   -7.5000  -45.0000   30.0000 2600.8245   12.5778
    0.0000  -45.0000   30.0000 2609.8337   12.4593
    7.5000  -45.0000   30.0000 2608.3931   12.5153
   -7.5000  -37.5000   30.0000 2659.9529   11.7470
    0.0000  -37.5000   30.0000 2669.7800   11.6229
    7.5000  -37.5000   30.0000 2667.8760   11.7113
   -7.5000  -30.0000   30.0000 2722.0737   11.1513
    0.0000  -30.0000   30.0000 2738.3530   11.0173
    7.5000  -30.0000   30.0000 2729.3184   11.1188
   -7.5000  -22.5000   30.0000 2780.2947   10.7828
    0.0000  -22.5000   30.0000 2802.6477   10.6734
    7.5000  -22.5000   30.0000 2786.5376   10.7559
   -7.5000  -15.0000   30.0000 2829.0449   10.5733
    0.0000  -15.0000   30.0000 2857.0000   10.5050
    7.5000  -15.0000   30.0000 2832.5520   10.5945
   -7.5000   -7.5000   30.0000 2861.4309   10.4492
    0.0000   -7.5000   30.0000 2888.8711   10.3028
    7.5000   -7.5000   30.0000 2857.7388   10.5061
   -7.5000    0.0000   30.0000 2862.3374   10.4895
    0.0000    0.0000   30.0000 2887.3933   10.3160
    7.5000    0.0000   30.0000 2854.7383   10.5201
   -7.5000    7.5000   30.0000 2835.2449   10.7640
    0.0000    7.5000   30.0000 2858.9712   10.6152
    7.5000    7.5000   30.0000 2828.8782   10.7494
   -7.5000   15.0000   30.0000 2766.1675   11.2508
    0.0000   15.0000   30.0000 2788.5747   11.1103
    7.5000   15.0000   30.0000 2764.2571   11.2173
   -7.5000   22.5000   30.0000 2674.6919   11.9082
    0.0000   22.5000   30.0000 2690.4995   11.7621
    7.5000   22.5000   30.0000 2676.7017   11.8852
   -7.5000   30.0000   30.0000 2569.2158   12.7969
    0.0000   30.0000   30.0000 2577.8687   12.6527
    7.5000   30.0000   30.0000 2562.4243   12.7751
   -7.5000   37.5000   30.0000 2445.6709   13.9791
    0.0000   37.5000   30.0000 2460.0886   13.8216
    7.5000   37.5000   30.0000 2445.5720   13.9048
   -7.5000   45.0000   30.0000 2305.2261   15.4293
    0.0000   45.0000   30.0000 2320.0466   15.2944
    7.5000   45.0000   30.0000 2309.3552   15.3152
   -7.5000  -45.0000   37.5000 2564.4604   13.0142
    0.0000  -45.0000   37.5000 2572.8684   12.8429
    7.5000  -45.0000   37.5000 2568.4458   12.9692
   -7.5000  -37.5000   37.5000 2616.0413   12.1503
    0.0000  -37.5000   37.5000 2625.7749   11.9991
    7.5000  -37.5000   37.5000 2623.1484   12.1538
   -7.5000  -30.0000   37.5000 2672.0024   11.5488
    0.0000  -30.0000   37.5000 2687.6003   11.4071
    7.5000  -30.0000   37.5000 2676.2849   11.5508
   -7.5000  -22.5000   37.5000 2728.5527   11.1634
    0.0000  -22.5000   37.5000 2746.7173   11.0582
    7.5000  -22.5000   37.5000 2731.9241   11.1933
   -7.5000  -15.0000   37.5000 2772.2913   10.9716
    0.0000  -15.0000   37.5000 2798.2908   10.8461
    7.5000  -15.0000   37.5000 2773.6482   11.0265
   -7.5000   -7.5000   37.5000 2799.0210   10.8912
    0.0000   -7.5000   37.5000 2820.0215   10.7403
    7.5000   -7.5000   37.5000 2794.4741   10.9567
   -7.5000    0.0000   37.5000 2793.1091   11.0029
    0.0000    0.0000   37.5000 2814.5510   10.8437
    7.5000    0.0000   37.5000 2788.0901   11.0188
   -7.5000    7.5000   37.5000 2760.8518   11.3110
    0.0000    7.5000   37.5000 2783.6499   11.1491
    7.5000    7.5000   37.5000 2761.1025   11.2809
   -7.5000   15.0000   37.5000 2700.9482   11.7713
    0.0000   15.0000   37.5000 2720.8772   11.6125
    7.5000   15.0000   37.5000 2700.2471   11.7076
   -7.5000   22.5000   37.5000 2620.7390   12.3687
    0.0000   22.5000   37.5000 2633.0247   12.2247
    7.5000   22.5000   37.5000 2621.5620   12.3353
   -7.5000   30.0000   37.5000 2526.1001   13.2451
    0.0000   30.0000   37.5000 2536.7063   13.1161
    7.5000   30.0000   37.5000 2520.3320   13.2185
   -7.5000   37.5000   37.5000 2407.0950   14.4178
    0.0000   37.5000   37.5000 2418.7561   14.2603
    7.5000   37.5000   37.5000 2406.7312   14.3388
   -7.5000   45.0000   37.5000 2262.9292   15.8426
    0.0000   45.0000   37.5000 2279.5239   15.6932
    7.5000   45.0000   37.5000 2268.8577   15.7355
   -7.5000  -45.0000   45.0000 2512.3440   13.6084
    0.0000  -45.0000   45.0000 2520.3074   13.4114
    7.5000  -45.0000   45.0000 2518.7268   13.5883
   -7.5000  -37.5000   45.0000 2564.4082   12.7332
    0.0000  -37.5000   45.0000 2571.1365   12.5609
    7.5000  -37.5000   45.0000 2568.7505   12.7548
   -7.5000  -30.0000   45.0000 2618.2246   12.0996
    0.0000  -30.0000   45.0000 2628.7756   11.9461
    7.5000  -30.0000   45.0000 2615.6543   12.1229
   -7.5000  -22.5000   45.0000 2668.9524   11.7358
    0.0000  -22.5000   45.0000 2684.4766   11.6006
    7.5000  -22.5000   45.0000 2665.3743   11.7884
   -7.5000  -15.0000   45.0000 2698.2390   11.5450
    0.0000  -15.0000   45.0000 2724.1746   11.4020
    7.5000  -15.0000   45.0000 2696.5261   11.6061
   -7.5000   -7.5000   45.0000 2715.1011   11.5365
    0.0000   -7.5000   45.0000 2735.3367   11.3715
    7.5000   -7.5000   45.0000 2713.2781   11.5810
   -7.5000    0.0000   45.0000 2704.9209   11.6939
    0.0000    0.0000   45.0000 2727.1672   11.5292
    7.5000    0.0000   45.0000 2704.7773   11.7043
   -7.5000    7.5000   45.0000 2673.1809   12.0063
    0.0000    7.5000   45.0000 2694.6470   11.8493
    7.5000    7.5000   45.0000 2672.9436   11.9811
   -7.5000   15.0000   45.0000 2617.1895   12.4368
    0.0000   15.0000   45.0000 2633.7876   12.2830
    7.5000   15.0000   45.0000 2616.5647   12.4052
   -7.5000   22.5000   45.0000 2551.9412   13.0306
    0.0000   22.5000   45.0000 2566.4583   12.8994
    7.5000   22.5000   45.0000 2549.2764   13.0195
   -7.5000   30.0000   45.0000 2467.8535   13.8880
    0.0000   30.0000   45.0000 2482.5842   13.7417
    7.5000   30.0000   45.0000 2464.2864   13.8548
   -7.5000   37.5000   45.0000 2354.5898   15.0084
    0.0000   37.5000   45.0000 2365.4302   14.8744
    7.5000   37.5000   45.0000 2352.7407   14.9576
   -7.5000   45.0000   45.0000 2217.0322   16.4271
    0.0000   45.0000   45.0000 2235.6921   16.3315
    7.5000   45.0000   45.0000 2218.9915   16.3969

---------------------------------------------------------------------
imgreg_4dfp /opt/freesurfer/average/711-2C_as_mni_average_305 /opt/freesurfer/average/711-2B_as_mni_average_305_mask talsrcimg_g11 none talsrcimg_to_711-2C_as_mni_average_305_t4 1283
---------------------------------------------------------------------

freesurfer imgreg_4dfp.c
/opt/freesurfer/average/711-2C_as_mni_average_305.4dfp.img
       256       256       256         1
  1.000000  1.000000  1.000000
orientation T byte_order littleendian
Reading image: /opt/freesurfer/average/711-2C_as_mni_average_305.4dfp.img
dimensions:      256       256       256
mmppix:       1.0000   -1.0000   -1.0000
center:     128.0000 -129.0000 -129.0000
/opt/freesurfer/average/711-2B_as_mni_average_305_mask.4dfp.img
       256       256       256         1
  1.000000  1.000000  1.000000
orientation T byte_order littleendian
Reading mask: /opt/freesurfer/average/711-2B_as_mni_average_305_mask.4dfp.img (2306576 pixels)
talsrcimg_g11.4dfp.img
       256       256       256         1
  1.000000  1.000000  1.000000
orientation T byte_order littleendian
Reading image: talsrcimg_g11.4dfp.img
dimensions:      256       256       256
mmppix:       1.0000   -1.0000   -1.0000
center:     128.0000 -129.0000 -129.0000
rotation matrix determinant  1.000000
fimgreg.f
image alignment mode   1283 decimal      503 hex
parameters
    0.0000    0.0000    7.5000    0.0000    0.0000    0.0000
eta,q 0.93125  9.97847
niter,ni,del,rscale     5    3   12.0000    1.2000
parameter  2  0.609186 ->  0.500000 qaram    1.1500
parameter  3 -0.561506 -> -0.500000 qaram    1.1500
parameter  4 -2.009903 ->  0.500000 qaram    1.1500
parameter  5 -0.535117 -> -0.500000 qaram    1.1500
parameters
    0.2138   -3.4500   10.9500   -3.4500    3.4500    0.8116
eta,q 0.93963  9.88999
  0.0810  0.0679  0.0761  0.0585  0.0694  0.0657
  0.0758  0.0684  0.0735  0.0621  0.0671  0.0631
  0.0715  0.0688  0.0706  0.0654  0.0650  0.0614
  0.0696  0.0693  0.0683  0.0680  0.0630  0.0605
  0.0700  0.0702  0.0675  0.0692  0.0609  0.0605
  0.0736  0.0728  0.0679  0.0708  0.0608  0.0616
  0.0805  0.0772  0.0681  0.0734  0.0632  0.0635
niter,ni,del,rscale     7    3   12.0000    1.2000
parameter  4  6.633611 ->  0.500000 qaram    1.3225
parameters
   -0.5611   -3.1535   11.9560   -7.4175    3.1660    0.0360
eta,q 0.94549  9.91801
  0.0693  0.0686  0.0694  0.0521  0.0599  0.0586
  0.0642  0.0648  0.0651  0.0538  0.0575  0.0563
  0.0610  0.0616  0.0611  0.0568  0.0555  0.0548
  0.0604  0.0603  0.0603  0.0608  0.0545  0.0545
  0.0631  0.0608  0.0618  0.0643  0.0553  0.0556
  0.0688  0.0629  0.0637  0.0676  0.0577  0.0580
  0.0747  0.0680  0.0644  0.0706  0.0614  0.0615
niter,ni,del,rscale     7    3   12.0000    1.2000
parameter  4  1.899612 ->  0.500000 qaram    1.5209
parameters
   -0.9193   -2.1863   12.2099  -11.9801    3.3608   -0.3084
eta,q 0.95033  9.90910
  0.0657  0.0676  0.0601  0.0471  0.0572  0.0541
  0.0601  0.0620  0.0575  0.0488  0.0537  0.0516
  0.0559  0.0578  0.0564  0.0518  0.0513  0.0500
  0.0545  0.0545  0.0546  0.0543  0.0497  0.0497
  0.0565  0.0558  0.0538  0.0582  0.0509  0.0506
  0.0620  0.0591  0.0562  0.0635  0.0529  0.0525
  0.0690  0.0619  0.0605  0.0674  0.0566  0.0549
niter,ni,del,rscale     7    3   12.0000    1.2000
parameter  4  1.573675 ->  0.500000 qaram    1.7490
parameters
   -0.8917   -0.9888   10.4584  -17.2272    4.2596   -0.3297
eta,q 0.95638  9.94696
  0.0634  0.0618  0.0530  0.0435  0.0522  0.0496
  0.0575  0.0546  0.0511  0.0438  0.0494  0.0460
  0.0525  0.0513  0.0497  0.0447  0.0465  0.0439
  0.0497  0.0497  0.0490  0.0494  0.0440  0.0436
  0.0510  0.0490  0.0514  0.0554  0.0440  0.0445
  0.0567  0.0515  0.0562  0.0581  0.0461  0.0464
  0.0641  0.0549  0.0611  0.0622  0.0498  0.0493
niter,ni,del,rscale     7    3   12.0000    1.2000
parameter  4  0.534414 ->  0.500000 qaram    2.0114
parameters
   -1.2889    0.3287    9.0097  -23.2612    4.7780   -0.7567
eta,q 0.95942  9.96499
  0.0575  0.0585  0.0487  0.0431  0.0513  0.0464
  0.0507  0.0518  0.0439  0.0408  0.0471  0.0432
  0.0452  0.0462  0.0429  0.0415  0.0431  0.0409
  0.0436  0.0435  0.0432  0.0430  0.0408  0.0407
  0.0471  0.0437  0.0452  0.0467  0.0416  0.0422
  0.0539  0.0467  0.0498  0.0544  0.0447  0.0448
  0.0610  0.0501  0.0563  0.0594  0.0491  0.0476
niter,ni,del,rscale     7    3   12.0000    1.2000
parameters
   -1.4625    1.8435    6.8874  -24.0838    5.0203   -0.6022
eta,q 0.96092  9.96593
  0.0577  0.0571  0.0444  0.0518  0.0485  0.0465
  0.0496  0.0499  0.0402  0.0462  0.0444  0.0432
  0.0430  0.0438  0.0397  0.0390  0.0410  0.0401
  0.0406  0.0406  0.0409  0.0398  0.0391  0.0391
  0.0437  0.0415  0.0432  0.0430  0.0400  0.0399
  0.0512  0.0433  0.0483  0.0479  0.0431  0.0425
  0.0596  0.0472  0.0548  0.0551  0.0478  0.0459
niter,ni,del,rscale     6    3   12.0000    1.2000
parameters
   -1.4745    1.4536    6.8338  -24.1246    5.0120   -0.5961
eta,q 0.96127  9.97108
  0.0572  0.0508  0.0504  0.0530  0.0478  0.0461
  0.0485  0.0439  0.0430  0.0475  0.0438  0.0426
  0.0420  0.0390  0.0392  0.0400  0.0405  0.0396
  0.0391  0.0391  0.0388  0.0388  0.0387  0.0387
  0.0415  0.0419  0.0405  0.0418  0.0399  0.0397
  0.0487  0.0466  0.0440  0.0461  0.0433  0.0426
  0.0575  0.0525  0.0498  0.0536  0.0484  0.0460
niter,ni,del,rscale     5    3   12.0000    1.2000
parameters
   -1.4817    1.3987    6.8120  -24.1160    5.0148   -0.6028
eta,q 0.96131  9.97209
  0.0572  0.0519  0.0506  0.0530  0.0478  0.0460
  0.0484  0.0451  0.0431  0.0475  0.0438  0.0425
  0.0417  0.0394  0.0392  0.0401  0.0405  0.0395
  0.0387  0.0387  0.0387  0.0387  0.0387  0.0387
  0.0412  0.0413  0.0405  0.0418  0.0399  0.0397
  0.0485  0.0457  0.0440  0.0459  0.0433  0.0426
  0.0575  0.0515  0.0498  0.0535  0.0484  0.0460
registration optimization eta report
parameter search radius
    6.0000    6.9000    6.9000   12.0681    6.9000    6.0000
100000*second partial in parameter space
       51.       27.       24.       10.       19.       20.
  0.0572  0.0519  0.0506  0.0530  0.0478  0.0460
  0.0484  0.0451  0.0431  0.0475  0.0438  0.0425
  0.0417  0.0394  0.0392  0.0401  0.0405  0.0395
  0.0387  0.0387  0.0387  0.0387  0.0387  0.0387
  0.0412  0.0413  0.0405  0.0418  0.0399  0.0397
  0.0485  0.0457  0.0440  0.0459  0.0433  0.0426
  0.0575  0.0515  0.0498  0.0535  0.0484  0.0460
   -1.4817    1.3987    6.8120  -24.1160    5.0148   -0.6028
eta,q 0.96131  9.97209

---------------------------------------------------------------------
imgreg_4dfp /opt/freesurfer/average/711-2C_as_mni_average_305 /opt/freesurfer/average/711-2B_as_mni_average_305_mask talsrcimg_g11 none talsrcimg_to_711-2C_as_mni_average_305_t4 3335
---------------------------------------------------------------------

freesurfer imgreg_4dfp.c
/opt/freesurfer/average/711-2C_as_mni_average_305.4dfp.img
       256       256       256         1
  1.000000  1.000000  1.000000
orientation T byte_order littleendian
Reading image: /opt/freesurfer/average/711-2C_as_mni_average_305.4dfp.img
dimensions:      256       256       256
mmppix:       1.0000   -1.0000   -1.0000
center:     128.0000 -129.0000 -129.0000
/opt/freesurfer/average/711-2B_as_mni_average_305_mask.4dfp.img
       256       256       256         1
  1.000000  1.000000  1.000000
orientation T byte_order littleendian
Reading mask: /opt/freesurfer/average/711-2B_as_mni_average_305_mask.4dfp.img (2306576 pixels)
talsrcimg_g11.4dfp.img
       256       256       256         1
  1.000000  1.000000  1.000000
orientation T byte_order littleendian
Reading image: talsrcimg_g11.4dfp.img
dimensions:      256       256       256
mmppix:       1.0000   -1.0000   -1.0000
center:     128.0000 -129.0000 -129.0000
fimgreg.f
image alignment mode   3335 decimal      D07 hex
parameters
   -1.4817    1.3987    6.8120   -0.3883   -8.7706   -9.0774
    4.5317   -7.5481   -1.0481   40.9402    8.7413  -40.7021
eta,q 0.96233 10.03014
niter,ni,del,rscale     5    3    5.0000    1.2000
parameter  4  1.258315 ->  0.500000 qaram    1.1500
parameter  5  2.979115 ->  0.500000 qaram    1.1500
parameter 10  0.797605 ->  0.500000 qaram    1.1500
parameter 11  0.574800 ->  0.500000 qaram    1.1500
parameters
   -1.3469    1.3478    6.8423   -4.5283  -12.9106  -10.8650
    4.9310   -6.4911   -0.3284   36.8002    4.6013  -41.2007
eta,q 0.97092  9.61040
  0.0412  0.0395  0.0394  0.0340  0.0301  0.0324  0.0344  0.0366  0.0338  0.0295  0.0293  0.0304
  0.0394  0.0384  0.0385  0.0344  0.0310  0.0316  0.0328  0.0341  0.0324  0.0293  0.0291  0.0296
  0.0382  0.0378  0.0379  0.0356  0.0326  0.0313  0.0317  0.0322  0.0316  0.0299  0.0291  0.0292
  0.0377  0.0377  0.0377  0.0377  0.0346  0.0314  0.0313  0.0313  0.0312  0.0311  0.0294  0.0291
  0.0379  0.0379  0.0378  0.0405  0.0369  0.0318  0.0315  0.0313  0.0313  0.0330  0.0299  0.0294
  0.0389  0.0386  0.0384  0.0435  0.0392  0.0329  0.0324  0.0324  0.0319  0.0356  0.0306  0.0300
  0.0405  0.0396  0.0393  0.0467  0.0411  0.0352  0.0338  0.0343  0.0329  0.0385  0.0315  0.0307
niter,ni,del,rscale     7    3    5.0000    1.2000
parameter  4  0.537624 ->  0.500000 qaram    1.3225
parameter  5  0.570678 ->  0.500000 qaram    1.3225
parameters
   -1.3008    1.4111    6.7292   -9.2893  -17.6716  -10.9660
    5.3223   -6.8284   -0.1760   35.7144    2.6660  -42.0259
eta,q 0.97272  9.17290
  0.0327  0.0320  0.0306  0.0287  0.0280  0.0299  0.0302  0.0315  0.0296  0.0303  0.0280  0.0282
  0.0307  0.0304  0.0297  0.0283  0.0276  0.0285  0.0288  0.0292  0.0285  0.0285  0.0275  0.0276
  0.0295  0.0294  0.0292  0.0284  0.0276  0.0277  0.0279  0.0277  0.0278  0.0276  0.0273  0.0273
  0.0291  0.0291  0.0291  0.0291  0.0283  0.0275  0.0275  0.0275  0.0275  0.0275  0.0274  0.0273
  0.0294  0.0294  0.0293  0.0305  0.0300  0.0280  0.0277  0.0283  0.0277  0.0283  0.0277  0.0275
  0.0306  0.0303  0.0300  0.0331  0.0323  0.0287  0.0285  0.0299  0.0284  0.0299  0.0282  0.0280
  0.0324  0.0317  0.0309  0.0364  0.0348  0.0298  0.0297  0.0320  0.0295  0.0323  0.0288  0.0288
niter,ni,del,rscale     7    3    5.0000    1.2000
parameters
   -1.0967    1.9142    6.4048   -9.6020  -18.6859  -11.4180
    5.1872   -6.6552   -0.1999   36.2526    2.6143  -42.6738
eta,q 0.97292  9.11738
  0.0312  0.0308  0.0283  0.0303  0.0299  0.0296  0.0296  0.0319  0.0292  0.0315  0.0282  0.0280
  0.0292  0.0291  0.0276  0.0286  0.0284  0.0282  0.0283  0.0294  0.0281  0.0293  0.0275  0.0274
  0.0279  0.0279  0.0272  0.0275  0.0275  0.0273  0.0274  0.0277  0.0274  0.0278  0.0272  0.0271
  0.0273  0.0272  0.0271  0.0271  0.0271  0.0271  0.0271  0.0271  0.0271  0.0271  0.0271  0.0271
  0.0274  0.0272  0.0275  0.0275  0.0276  0.0278  0.0275  0.0277  0.0274  0.0274  0.0273  0.0273
  0.0284  0.0277  0.0281  0.0287  0.0293  0.0288  0.0284  0.0292  0.0281  0.0286  0.0276  0.0277
  0.0301  0.0287  0.0291  0.0309  0.0318  0.0301  0.0298  0.0314  0.0292  0.0305  0.0281  0.0284
niter,ni,del,rscale     6    3    5.0000    1.2000
parameters
   -1.0476    1.9889    6.2084   -9.5402  -18.9139  -11.5556
    5.1813   -6.5790   -0.2218   36.4991    2.6869  -42.9677
eta,q 0.97293  9.11703
  0.0305  0.0297  0.0284  0.0303  0.0303  0.0297  0.0297  0.0318  0.0291  0.0312  0.0282  0.0282
  0.0287  0.0283  0.0276  0.0287  0.0287  0.0283  0.0283  0.0293  0.0280  0.0291  0.0275  0.0275
  0.0276  0.0274  0.0272  0.0276  0.0276  0.0274  0.0274  0.0276  0.0273  0.0276  0.0271  0.0271
  0.0271  0.0271  0.0271  0.0271  0.0271  0.0271  0.0271  0.0271  0.0271  0.0271  0.0271  0.0271
  0.0274  0.0273  0.0273  0.0273  0.0273  0.0276  0.0274  0.0277  0.0273  0.0275  0.0272  0.0273
  0.0285  0.0281  0.0279  0.0284  0.0287  0.0285  0.0283  0.0293  0.0280  0.0287  0.0276  0.0276
  0.0303  0.0294  0.0289  0.0305  0.0310  0.0298  0.0297  0.0315  0.0292  0.0307  0.0281  0.0283
niter,ni,del,rscale     5    3    5.0000    1.2000
parameters
   -1.0270    1.9943    6.1519   -9.5254  -18.9754  -11.5881
    5.1893   -6.5494   -0.2336   36.5857    2.7529  -43.0718
eta,q 0.97293  9.11838
  0.0304  0.0296  0.0285  0.0303  0.0304  0.0297  0.0297  0.0317  0.0291  0.0310  0.0282  0.0282
  0.0287  0.0282  0.0277  0.0287  0.0288  0.0284  0.0283  0.0292  0.0280  0.0289  0.0275  0.0275
  0.0275  0.0273  0.0272  0.0275  0.0276  0.0274  0.0274  0.0276  0.0273  0.0276  0.0271  0.0271
  0.0271  0.0271  0.0271  0.0271  0.0271  0.0271  0.0271  0.0271  0.0271  0.0271  0.0271  0.0271
  0.0274  0.0274  0.0273  0.0273  0.0273  0.0275  0.0274  0.0277  0.0273  0.0275  0.0272  0.0272
  0.0285  0.0282  0.0278  0.0284  0.0285  0.0284  0.0283  0.0293  0.0280  0.0288  0.0276  0.0276
  0.0304  0.0295  0.0287  0.0305  0.0308  0.0297  0.0297  0.0315  0.0292  0.0309  0.0281  0.0282
niter,ni,del,rscale     4    3    5.0000    1.2000
parameters
   -1.0200    1.9956    6.1399   -9.5201  -18.9921  -11.5876
    5.1996   -6.5400   -0.2396   36.6163    2.7868  -43.1063
eta,q 0.97293  9.11960
  0.0304  0.0296  0.0286  0.0303  0.0304  0.0298  0.0297  0.0317  0.0291  0.0310  0.0282  0.0282
  0.0286  0.0282  0.0277  0.0286  0.0288  0.0284  0.0283  0.0292  0.0280  0.0289  0.0275  0.0275
  0.0275  0.0273  0.0272  0.0275  0.0276  0.0274  0.0274  0.0276  0.0273  0.0275  0.0271  0.0271
  0.0271  0.0271  0.0271  0.0271  0.0271  0.0271  0.0271  0.0271  0.0271  0.0271  0.0271  0.0271
  0.0274  0.0274  0.0273  0.0273  0.0273  0.0275  0.0274  0.0277  0.0273  0.0275  0.0272  0.0272
  0.0286  0.0282  0.0278  0.0284  0.0285  0.0284  0.0283  0.0293  0.0280  0.0288  0.0276  0.0276
  0.0304  0.0295  0.0286  0.0305  0.0308  0.0297  0.0297  0.0315  0.0292  0.0309  0.0281  0.0282
registration optimization eta report
parameter search radius
    2.4000    2.4000    2.4000    9.5220    9.5220    7.2000
    7.2000    7.2000    7.2000    8.2800    8.2800    7.2000
100000*second partial in parameter space
       58.       43.       26.        4.        4.        5.
        5.        9.        4.        6.        2.        2.
  0.0304  0.0296  0.0286  0.0303  0.0304  0.0298  0.0297  0.0317  0.0291  0.0310  0.0282  0.0282
  0.0286  0.0282  0.0277  0.0286  0.0288  0.0284  0.0283  0.0292  0.0280  0.0289  0.0275  0.0275
  0.0275  0.0273  0.0272  0.0275  0.0276  0.0274  0.0274  0.0276  0.0273  0.0275  0.0271  0.0271
  0.0271  0.0271  0.0271  0.0271  0.0271  0.0271  0.0271  0.0271  0.0271  0.0271  0.0271  0.0271
  0.0274  0.0274  0.0273  0.0273  0.0273  0.0275  0.0274  0.0277  0.0273  0.0275  0.0272  0.0272
  0.0286  0.0282  0.0278  0.0284  0.0285  0.0284  0.0283  0.0293  0.0280  0.0288  0.0276  0.0276
  0.0304  0.0295  0.0286  0.0305  0.0308  0.0297  0.0297  0.0315  0.0292  0.0309  0.0281  0.0282
   -1.0200    1.9956    6.1399   -9.5201  -18.9921  -11.5876
    5.1996   -6.5400   -0.2396   36.6163    2.7868  -43.1063
eta,q 0.97293  9.11960

---------------------------------------------------------------------
imgreg_4dfp /opt/freesurfer/average/711-2C_as_mni_average_305 /opt/freesurfer/average/711-2B_as_mni_average_305_mask talsrcimg_g11 none talsrcimg_to_711-2C_as_mni_average_305_t4 2311
---------------------------------------------------------------------

freesurfer imgreg_4dfp.c
/opt/freesurfer/average/711-2C_as_mni_average_305.4dfp.img
       256       256       256         1
  1.000000  1.000000  1.000000
orientation T byte_order littleendian
Reading image: /opt/freesurfer/average/711-2C_as_mni_average_305.4dfp.img
dimensions:      256       256       256
mmppix:       1.0000   -1.0000   -1.0000
center:     128.0000 -129.0000 -129.0000
/opt/freesurfer/average/711-2B_as_mni_average_305_mask.4dfp.img
       256       256       256         1
  1.000000  1.000000  1.000000
orientation T byte_order littleendian
Reading mask: /opt/freesurfer/average/711-2B_as_mni_average_305_mask.4dfp.img (2306576 pixels)
talsrcimg_g11.4dfp.img
       256       256       256         1
  1.000000  1.000000  1.000000
orientation T byte_order littleendian
Reading image: talsrcimg_g11.4dfp.img
dimensions:      256       256       256
mmppix:       1.0000   -1.0000   -1.0000
center:     128.0000 -129.0000 -129.0000
fimgreg.f
image alignment mode   2311 decimal      907 hex
parameters
   -1.0200    1.9956    6.1399   -9.5201  -18.9921  -11.5876
    5.1996   -6.5400   -0.2396   36.6163    2.7868  -43.1063
eta,q 0.97293  9.11960
niter,ni,del,rscale     5    3    5.0000    0.8000
parameters
   -0.9996    1.9758    6.1194   -9.1101  -18.3762  -11.7956
    5.0841   -6.5945   -0.2962   36.5389    2.7794  -43.1379
eta,q 0.97299  9.15641
  0.0286  0.0282  0.0277  0.0280  0.0282  0.0283  0.0282  0.0292  0.0280  0.0283  0.0274  0.0275
  0.0278  0.0275  0.0274  0.0275  0.0276  0.0276  0.0276  0.0280  0.0274  0.0276  0.0272  0.0272
  0.0273  0.0272  0.0271  0.0272  0.0273  0.0271  0.0272  0.0272  0.0271  0.0271  0.0270  0.0270
  0.0271  0.0271  0.0271  0.0271  0.0271  0.0270  0.0270  0.0270  0.0270  0.0270  0.0270  0.0270
  0.0272  0.0272  0.0272  0.0271  0.0270  0.0273  0.0272  0.0273  0.0271  0.0272  0.0271  0.0271
  0.0277  0.0276  0.0274  0.0273  0.0273  0.0278  0.0277  0.0281  0.0275  0.0277  0.0272  0.0273
  0.0286  0.0282  0.0278  0.0278  0.0278  0.0284  0.0284  0.0293  0.0280  0.0284  0.0274  0.0275
niter,ni,del,rscale     4    3    5.0000    0.7000
parameters
   -1.0070    1.9249    6.1043   -9.0823  -18.2476  -11.8679
    5.0728   -6.6128   -0.2927   36.5012    2.8062  -43.1832
eta,q 0.97300  9.16032
  0.0282  0.0278  0.0275  0.0277  0.0277  0.0281  0.0280  0.0288  0.0278  0.0280  0.0273  0.0274
  0.0275  0.0274  0.0272  0.0273  0.0274  0.0275  0.0275  0.0278  0.0273  0.0275  0.0271  0.0272
  0.0271  0.0271  0.0271  0.0271  0.0271  0.0271  0.0271  0.0272  0.0271  0.0271  0.0270  0.0270
  0.0270  0.0270  0.0270  0.0270  0.0270  0.0270  0.0270  0.0270  0.0270  0.0270  0.0270  0.0270
  0.0271  0.0271  0.0271  0.0271  0.0271  0.0272  0.0271  0.0272  0.0271  0.0271  0.0270  0.0271
  0.0275  0.0274  0.0273  0.0273  0.0273  0.0276  0.0275  0.0278  0.0273  0.0275  0.0271  0.0272
  0.0282  0.0279  0.0276  0.0277  0.0277  0.0281  0.0280  0.0287  0.0278  0.0281  0.0273  0.0274
niter,ni,del,rscale     3    3    5.0000    0.6000
parameters
   -1.0068    1.9067    6.0882   -9.0449  -18.1533  -11.9401
    5.0592   -6.6302   -0.2883   36.4748    2.8107  -43.2079
eta,q 0.97300  9.16290
  0.0279  0.0276  0.0274  0.0275  0.0275  0.0278  0.0277  0.0283  0.0276  0.0278  0.0272  0.0273
  0.0274  0.0273  0.0272  0.0272  0.0273  0.0274  0.0273  0.0276  0.0273  0.0273  0.0271  0.0271
  0.0271  0.0271  0.0270  0.0271  0.0271  0.0271  0.0271  0.0271  0.0271  0.0271  0.0270  0.0270
  0.0270  0.0270  0.0270  0.0270  0.0270  0.0270  0.0270  0.0270  0.0270  0.0270  0.0270  0.0270
  0.0271  0.0271  0.0271  0.0270  0.0270  0.0271  0.0271  0.0272  0.0271  0.0271  0.0270  0.0270
  0.0274  0.0273  0.0272  0.0272  0.0272  0.0274  0.0273  0.0276  0.0272  0.0274  0.0271  0.0271
  0.0279  0.0277  0.0274  0.0275  0.0275  0.0278  0.0278  0.0283  0.0276  0.0278  0.0272  0.0273
niter,ni,del,rscale     2    3    5.0000    0.5000
parameters
   -1.0087    1.8992    6.0754   -9.0134  -18.0932  -11.9832
    5.0479   -6.6456   -0.2878   36.4513    2.8061  -43.2522
eta,q 0.97300  9.16524
  0.0276  0.0274  0.0273  0.0273  0.0274  0.0276  0.0275  0.0279  0.0274  0.0275  0.0271  0.0272
  0.0273  0.0272  0.0271  0.0272  0.0272  0.0273  0.0272  0.0274  0.0272  0.0272  0.0271  0.0271
  0.0271  0.0270  0.0270  0.0270  0.0270  0.0271  0.0271  0.0271  0.0270  0.0271  0.0270  0.0270
  0.0270  0.0270  0.0270  0.0270  0.0270  0.0270  0.0270  0.0270  0.0270  0.0270  0.0270  0.0270
  0.0271  0.0271  0.0270  0.0270  0.0270  0.0271  0.0271  0.0271  0.0270  0.0271  0.0270  0.0270
  0.0273  0.0272  0.0271  0.0271  0.0271  0.0273  0.0272  0.0274  0.0272  0.0273  0.0271  0.0271
  0.0276  0.0275  0.0273  0.0273  0.0274  0.0276  0.0275  0.0279  0.0274  0.0275  0.0271  0.0272
niter,ni,del,rscale     1    3    5.0000    0.4000
parameters
   -1.0129    1.8911    6.0685   -8.9767  -18.0434  -12.0269
    5.0369   -6.6617   -0.2906   36.4476    2.8131  -43.2972
eta,q 0.97301  9.16810
  0.0274  0.0273  0.0272  0.0272  0.0272  0.0274  0.0273  0.0276  0.0272  0.0273  0.0271  0.0271
  0.0272  0.0271  0.0271  0.0271  0.0271  0.0272  0.0271  0.0272  0.0271  0.0272  0.0270  0.0270
  0.0270  0.0270  0.0270  0.0270  0.0270  0.0270  0.0270  0.0271  0.0270  0.0270  0.0270  0.0270
  0.0270  0.0270  0.0270  0.0270  0.0270  0.0270  0.0270  0.0270  0.0270  0.0270  0.0270  0.0270
  0.0270  0.0270  0.0270  0.0270  0.0270  0.0271  0.0270  0.0271  0.0270  0.0270  0.0270  0.0270
  0.0272  0.0271  0.0271  0.0271  0.0271  0.0272  0.0272  0.0273  0.0271  0.0272  0.0270  0.0271
  0.0274  0.0273  0.0272  0.0272  0.0272  0.0274  0.0273  0.0276  0.0272  0.0273  0.0271  0.0271
registration optimization eta report
parameter search radius
    0.8000    0.8000    0.8000    2.4000    2.4000    2.4000
    2.4000    2.4000    2.4000    2.4000    2.4000    2.4000
100000*second partial in parameter space
       62.       45.       27.        4.        4.        7.
        6.       10.        4.        6.        2.        2.
  0.0274  0.0273  0.0272  0.0272  0.0272  0.0274  0.0273  0.0276  0.0272  0.0273  0.0271  0.0271
  0.0272  0.0271  0.0271  0.0271  0.0271  0.0272  0.0271  0.0272  0.0271  0.0272  0.0270  0.0270
  0.0270  0.0270  0.0270  0.0270  0.0270  0.0270  0.0270  0.0271  0.0270  0.0270  0.0270  0.0270
  0.0270  0.0270  0.0270  0.0270  0.0270  0.0270  0.0270  0.0270  0.0270  0.0270  0.0270  0.0270
  0.0270  0.0270  0.0270  0.0270  0.0270  0.0271  0.0270  0.0271  0.0270  0.0270  0.0270  0.0270
  0.0272  0.0271  0.0271  0.0271  0.0271  0.0272  0.0272  0.0273  0.0271  0.0272  0.0270  0.0271
  0.0274  0.0273  0.0272  0.0272  0.0272  0.0274  0.0273  0.0276  0.0272  0.0273  0.0271  0.0271
   -1.0129    1.8911    6.0685   -8.9767  -18.0434  -12.0269
    5.0369   -6.6617   -0.2906   36.4476    2.8131  -43.2972
eta,q 0.97301  9.16810

---------------------------------------------------------------------
imgreg_4dfp /opt/freesurfer/average/711-2C_as_mni_average_305 /opt/freesurfer/average/711-2B_as_mni_average_305_mask talsrcimg_g11 none talsrcimg_to_711-2C_as_mni_average_305_t4 2311
---------------------------------------------------------------------

freesurfer imgreg_4dfp.c
/opt/freesurfer/average/711-2C_as_mni_average_305.4dfp.img
       256       256       256         1
  1.000000  1.000000  1.000000
orientation T byte_order littleendian
Reading image: /opt/freesurfer/average/711-2C_as_mni_average_305.4dfp.img
dimensions:      256       256       256
mmppix:       1.0000   -1.0000   -1.0000
center:     128.0000 -129.0000 -129.0000
/opt/freesurfer/average/711-2B_as_mni_average_305_mask.4dfp.img
       256       256       256         1
  1.000000  1.000000  1.000000
orientation T byte_order littleendian
Reading mask: /opt/freesurfer/average/711-2B_as_mni_average_305_mask.4dfp.img (2306576 pixels)
talsrcimg_g11.4dfp.img
       256       256       256         1
  1.000000  1.000000  1.000000
orientation T byte_order littleendian
Reading image: talsrcimg_g11.4dfp.img
dimensions:      256       256       256
mmppix:       1.0000   -1.0000   -1.0000
center:     128.0000 -129.0000 -129.0000
fimgreg.f
image alignment mode   2311 decimal      907 hex
parameters
   -1.0129    1.8911    6.0685   -8.9767  -18.0434  -12.0269
    5.0369   -6.6617   -0.2906   36.4476    2.8131  -43.2972
eta,q 0.97301  9.16810
niter,ni,del,rscale     5    3    5.0000    0.8000
parameters
   -1.0282    1.8869    6.0619   -9.1334  -18.2477  -11.8914
    5.0679   -6.6029   -0.2970   36.5114    2.8342  -43.2085
eta,q 0.97300  9.15840
  0.0285  0.0281  0.0277  0.0278  0.0279  0.0285  0.0283  0.0293  0.0280  0.0284  0.0274  0.0276
  0.0277  0.0275  0.0273  0.0274  0.0274  0.0277  0.0276  0.0280  0.0274  0.0276  0.0272  0.0272
  0.0272  0.0271  0.0271  0.0271  0.0271  0.0272  0.0272  0.0272  0.0271  0.0272  0.0270  0.0270
  0.0270  0.0270  0.0270  0.0270  0.0270  0.0270  0.0270  0.0270  0.0270  0.0270  0.0270  0.0270
  0.0272  0.0271  0.0271  0.0271  0.0271  0.0272  0.0271  0.0273  0.0271  0.0272  0.0270  0.0271
  0.0277  0.0275  0.0273  0.0274  0.0274  0.0276  0.0276  0.0280  0.0274  0.0276  0.0272  0.0272
  0.0286  0.0281  0.0277  0.0280  0.0281  0.0283  0.0283  0.0291  0.0280  0.0283  0.0274  0.0275
niter,ni,del,rscale     4    3    5.0000    0.7000
parameters
   -1.0100    1.9052    6.0771   -9.0823  -18.2168  -11.8991
    5.0703   -6.6138   -0.2920   36.4961    2.8273  -43.1978
eta,q 0.97300  9.16082
  0.0282  0.0279  0.0276  0.0277  0.0277  0.0281  0.0280  0.0288  0.0278  0.0280  0.0273  0.0274
  0.0276  0.0274  0.0272  0.0273  0.0274  0.0275  0.0275  0.0278  0.0273  0.0275  0.0271  0.0272
  0.0272  0.0271  0.0271  0.0271  0.0271  0.0271  0.0271  0.0272  0.0271  0.0271  0.0270  0.0270
  0.0270  0.0270  0.0270  0.0270  0.0270  0.0270  0.0270  0.0270  0.0270  0.0270  0.0270  0.0270
  0.0271  0.0271  0.0271  0.0271  0.0271  0.0272  0.0271  0.0272  0.0271  0.0271  0.0270  0.0271
  0.0275  0.0274  0.0272  0.0273  0.0273  0.0275  0.0275  0.0278  0.0273  0.0275  0.0271  0.0272
  0.0282  0.0279  0.0275  0.0277  0.0277  0.0281  0.0280  0.0287  0.0278  0.0280  0.0273  0.0274
niter,ni,del,rscale     3    3    5.0000    0.6000
parameters
   -1.0089    1.9028    6.0825   -9.0390  -18.1449  -11.9489
    5.0627   -6.6298   -0.2865   36.4735    2.8230  -43.2200
eta,q 0.97300  9.16348
  0.0279  0.0276  0.0274  0.0275  0.0275  0.0278  0.0277  0.0283  0.0276  0.0278  0.0272  0.0273
  0.0274  0.0273  0.0272  0.0272  0.0273  0.0274  0.0273  0.0276  0.0273  0.0273  0.0271  0.0271
  0.0271  0.0271  0.0270  0.0271  0.0271  0.0271  0.0271  0.0271  0.0271  0.0271  0.0270  0.0270
  0.0270  0.0270  0.0270  0.0270  0.0270  0.0270  0.0270  0.0270  0.0270  0.0270  0.0270  0.0270
  0.0271  0.0271  0.0270  0.0270  0.0270  0.0271  0.0271  0.0272  0.0271  0.0271  0.0270  0.0270
  0.0274  0.0273  0.0272  0.0272  0.0272  0.0274  0.0273  0.0276  0.0272  0.0274  0.0271  0.0271
  0.0279  0.0276  0.0274  0.0275  0.0275  0.0278  0.0277  0.0283  0.0276  0.0278  0.0272  0.0273
niter,ni,del,rscale     2    3    5.0000    0.5000
parameters
   -1.0092    1.8933    6.0730   -9.0016  -18.0805  -11.9886
    5.0504   -6.6482   -0.2903   36.4541    2.8499  -43.2709
eta,q 0.97300  9.16688
  0.0276  0.0274  0.0273  0.0273  0.0274  0.0276  0.0275  0.0279  0.0274  0.0275  0.0271  0.0272
  0.0273  0.0272  0.0271  0.0272  0.0272  0.0273  0.0272  0.0274  0.0272  0.0272  0.0271  0.0271
  0.0271  0.0270  0.0270  0.0270  0.0271  0.0271  0.0271  0.0271  0.0270  0.0271  0.0270  0.0270
  0.0270  0.0270  0.0270  0.0270  0.0270  0.0270  0.0270  0.0270  0.0270  0.0270  0.0270  0.0270
  0.0271  0.0271  0.0270  0.0270  0.0270  0.0271  0.0271  0.0271  0.0270  0.0271  0.0270  0.0270
  0.0273  0.0272  0.0271  0.0271  0.0271  0.0273  0.0272  0.0274  0.0272  0.0273  0.0271  0.0271
  0.0276  0.0275  0.0273  0.0273  0.0274  0.0276  0.0275  0.0279  0.0274  0.0275  0.0271  0.0272
niter,ni,del,rscale     1    3    5.0000    0.4000
parameters
   -1.0098    1.8890    6.0653   -8.9613  -18.0572  -12.0290
    5.0313   -6.6646   -0.2831   36.4466    2.8463  -43.3053
eta,q 0.97301  9.16850
  0.0274  0.0273  0.0272  0.0272  0.0272  0.0274  0.0273  0.0276  0.0272  0.0273  0.0271  0.0271
  0.0272  0.0271  0.0271  0.0271  0.0271  0.0272  0.0271  0.0272  0.0271  0.0272  0.0270  0.0270
  0.0270  0.0270  0.0270  0.0270  0.0270  0.0270  0.0270  0.0270  0.0270  0.0270  0.0270  0.0270
  0.0270  0.0270  0.0270  0.0270  0.0270  0.0270  0.0270  0.0270  0.0270  0.0270  0.0270  0.0270
  0.0270  0.0270  0.0270  0.0270  0.0270  0.0271  0.0270  0.0271  0.0270  0.0270  0.0270  0.0270
  0.0272  0.0271  0.0271  0.0271  0.0271  0.0272  0.0271  0.0273  0.0271  0.0272  0.0270  0.0271
  0.0274  0.0273  0.0272  0.0272  0.0272  0.0274  0.0273  0.0276  0.0272  0.0273  0.0271  0.0271
registration optimization eta report
parameter search radius
    0.8000    0.8000    0.8000    2.4000    2.4000    2.4000
    2.4000    2.4000    2.4000    2.4000    2.4000    2.4000
100000*second partial in parameter space
       62.       45.       28.        4.        4.        7.
        6.       10.        4.        6.        2.        2.
  0.0274  0.0273  0.0272  0.0272  0.0272  0.0274  0.0273  0.0276  0.0272  0.0273  0.0271  0.0271
  0.0272  0.0271  0.0271  0.0271  0.0271  0.0272  0.0271  0.0272  0.0271  0.0272  0.0270  0.0270
  0.0270  0.0270  0.0270  0.0270  0.0270  0.0270  0.0270  0.0270  0.0270  0.0270  0.0270  0.0270
  0.0270  0.0270  0.0270  0.0270  0.0270  0.0270  0.0270  0.0270  0.0270  0.0270  0.0270  0.0270
  0.0270  0.0270  0.0270  0.0270  0.0270  0.0271  0.0270  0.0271  0.0270  0.0270  0.0270  0.0270
  0.0272  0.0271  0.0271  0.0271  0.0271  0.0272  0.0271  0.0273  0.0271  0.0272  0.0270  0.0271
  0.0274  0.0273  0.0272  0.0272  0.0272  0.0274  0.0273  0.0276  0.0272  0.0273  0.0271  0.0271
   -1.0098    1.8890    6.0653   -8.9613  -18.0572  -12.0290
    5.0313   -6.6646   -0.2831   36.4466    2.8463  -43.3053
eta,q 0.97301  9.16850

---------------------------------------------------------------------
compute_vox2vox talsrcimg talsrcimg_to_711-2C_as_mni_average_305_t4 /opt/freesurfer/average/711-2C_as_mni_average_305
---------------------------------------------------------------------

freesurfer compute_vox2vox.c
Reading: talsrcimg.4dfp.ifh
Reading: talsrcimg_to_711-2C_as_mni_average_305_t4
Reading: /opt/freesurfer/average/711-2C_as_mni_average_305.4dfp.ifh
Writing: talsrcimg_to_711-2C_as_mni_average_305_t4_vox2vox.txt

start time Sun Mar 8 15:48:31 CET 2026
end		time Sun Mar 8 15:48:45 CET 2026

mpr2mni305 success

avi2talxfm orig_nu.mgz /opt/freesurfer/average/mni305.cor.mgz talsrcimg_to_711-2C_as_mni_average_305_t4_vox2vox.txt transforms/talairach.auto.xfm
avi2talxfm done
mv -f /out/sourcedata/freesurfer/sub-v1s13x0050024_ses-1/mri/talsrcimg_to_711-2C_as_mni_average_305_t4_vox2vox.txt /out/sourcedata/freesurfer/sub-v1s13x0050024_ses-1/mri/transforms/talsrcimg_to_711-2C_as_mni_average_305_t4_vox2vox.txt
lta_convert --src orig_nu.mgz --trg /opt/freesurfer/average/mni305.cor.mgz --inxfm transforms/talairach.auto.xfm --outlta transforms/talairach.auto.xfm.lta --subject fsaverage
7.3.2

--src: orig_nu.mgz src image (geometry).
--trg: /opt/freesurfer/average/mni305.cor.mgz trg image (geometry).
--inmni: transforms/talairach.auto.xfm input MNI/XFM transform.
--outlta: transforms/talairach.auto.xfm.lta output LTA.
--s: fsaverage subject name
 LTA read, type : 1
 1.09553   0.09095  -0.01920  -4.25440;
-0.02755   0.93027   0.49332  -0.16956;
 0.01604  -0.41345   1.00088   15.53056;
 0.00000   0.00000   0.00000   1.00000;
setting subject to fsaverage
Writing  LTA to file transforms/talairach.auto.xfm.lta...
lta_convert successful.
 
 
Started at Sun Mar 8 15:48:31 CET 2026
Ended   at Sun Mar  8 15:48:45 CET 2026
talairach_avi done
