status file for recon-all
Sun Mar  8 16:35:00 CET 2026
#@# MotionCor Sun Mar  8 16:35:02 CET 2026
#@# Talairach Sun Mar  8 16:35:11 CET 2026
#@# Talairach Failure Detection Sun Mar  8 16:39:38 CET 2026
#@# Nu Intensity Correction Sun Mar  8 16:39:38 CET 2026
#@# Intensity Normalization Sun Mar  8 16:42:53 CET 2026
recon-all -s sub-v1s13x0050042_ses-1 finished without error at Sun Mar  8 16:44:17 CET 2026



#New# invocation of recon-all 



status file for recon-all
Sun Mar  8 16:51:27 CET 2026
#@# EM Registration Sun Mar  8 16:51:27 CET 2026
recon-all -s sub-v1s13x0050042_ses-1 finished without error at Sun Mar  8 16:53:25 CET 2026



#New# invocation of recon-all 



status file for recon-all
Sun Mar  8 16:53:28 CET 2026
#@# CA Normalize Sun Mar  8 16:53:28 CET 2026
#@# CA Reg Sun Mar  8 16:54:47 CET 2026
#@# SubCort Seg Sun Mar  8 17:36:38 CET 2026
#@# CC Seg Sun Mar  8 18:07:01 CET 2026
#@# Merge ASeg Sun Mar  8 18:07:38 CET 2026
#@# Intensity Normalization2 Sun Mar  8 18:07:38 CET 2026
#@# Mask BFS Sun Mar  8 18:09:50 CET 2026
#@# WM Segmentation Sun Mar  8 18:09:51 CET 2026
#@# Fill Sun Mar  8 18:11:47 CET 2026
recon-all -s sub-v1s13x0050042_ses-1 finished without error at Sun Mar  8 18:12:49 CET 2026



#New# invocation of recon-all 



status file for recon-all
Sun Mar  8 18:50:20 CET 2026
#@# white curv lh Sun Mar  8 18:50:20 CET 2026
#@# white area lh Sun Mar  8 18:50:20 CET 2026
#@# pial curv lh Sun Mar  8 18:50:20 CET 2026
#@# pial area lh Sun Mar  8 18:50:20 CET 2026
#@# thickness lh Sun Mar  8 18:50:20 CET 2026
#@# area and vertex vol lh Sun Mar  8 18:50:20 CET 2026
#@# white curv rh Sun Mar  8 18:50:21 CET 2026
#@# white area rh Sun Mar  8 18:50:21 CET 2026
#@# pial curv rh Sun Mar  8 18:50:21 CET 2026
#@# pial area rh Sun Mar  8 18:50:21 CET 2026
#@# thickness rh Sun Mar  8 18:50:21 CET 2026
#@# area and vertex vol rh Sun Mar  8 18:50:21 CET 2026
#@# Cortical ribbon mask Sun Mar  8 18:50:21 CET 2026
recon-all -s sub-v1s13x0050042_ses-1 finished without error at Sun Mar  8 18:53:24 CET 2026



#New# invocation of recon-all 



status file for recon-all
Sun Mar  8 18:59:07 CET 2026
#@# white curv lh Sun Mar  8 18:59:07 CET 2026
#@# white area lh Sun Mar  8 18:59:07 CET 2026
#@# pial curv lh Sun Mar  8 18:59:07 CET 2026
#@# pial area lh Sun Mar  8 18:59:07 CET 2026
#@# thickness lh Sun Mar  8 18:59:07 CET 2026
#@# area and vertex vol lh Sun Mar  8 18:59:07 CET 2026
#@# white curv rh Sun Mar  8 18:59:07 CET 2026
#@# white area rh Sun Mar  8 18:59:07 CET 2026
#@# pial curv rh Sun Mar  8 18:59:07 CET 2026
#@# pial area rh Sun Mar  8 18:59:07 CET 2026
#@# thickness rh Sun Mar  8 18:59:07 CET 2026
#@# area and vertex vol rh Sun Mar  8 18:59:07 CET 2026
#@# Curvature Stats lh Sun Mar  8 18:59:07 CET 2026
#@# Curvature Stats rh Sun Mar  8 18:59:09 CET 2026
#@# Relabel Hypointensities Sun Mar  8 18:59:11 CET 2026
#@# APas-to-ASeg Sun Mar  8 18:59:26 CET 2026
#@# AParc-to-ASeg aparc Sun Mar  8 18:59:32 CET 2026
#@# AParc-to-ASeg aparc.a2009s Sun Mar  8 18:59:57 CET 2026
#@# AParc-to-ASeg aparc.DKTatlas Sun Mar  8 19:00:23 CET 2026
#@# WMParc Sun Mar  8 19:00:49 CET 2026
#@# ASeg Stats Sun Mar  8 19:04:23 CET 2026
recon-all -s sub-v1s13x0050042_ses-1 finished without error at Sun Mar  8 19:04:55 CET 2026
