status file for recon-all
Sun Mar  8 18:31:25 CET 2026
#@# Tessellate rh Sun Mar  8 18:31:25 CET 2026
#@# Smooth1 rh Sun Mar  8 18:31:28 CET 2026
#@# Inflation1 rh Sun Mar  8 18:31:30 CET 2026
#@# QSphere rh Sun Mar  8 18:31:40 CET 2026
#@# Fix Topology rh Sun Mar  8 18:32:32 CET 2026
#@# Smooth2 rh Sun Mar  8 18:37:57 CET 2026
#@# Inflation2 rh Sun Mar  8 18:37:59 CET 2026
#@# Curv .H and .K rh Sun Mar  8 18:38:10 CET 2026
#@# Sphere rh Sun Mar  8 18:38:53 CET 2026
#@# Surf Reg rh Sun Mar  8 18:41:11 CET 2026
#@# Jacobian white rh Sun Mar  8 18:44:12 CET 2026
#@# AvgCurv rh Sun Mar  8 18:44:13 CET 2026
#@# Cortical Parc rh Sun Mar  8 18:44:13 CET 2026
#@# white curv rh Sun Mar  8 18:49:17 CET 2026
#@# white area rh Sun Mar  8 18:49:18 CET 2026
#@# pial curv rh Sun Mar  8 18:49:19 CET 2026
#@# pial area rh Sun Mar  8 18:49:20 CET 2026
#@# thickness rh Sun Mar  8 18:49:21 CET 2026
#@# area and vertex vol rh Sun Mar  8 18:49:48 CET 2026
#@# Curvature Stats rh Sun Mar  8 18:49:49 CET 2026
#@# Cortical Parc 2 rh Sun Mar  8 18:49:51 CET 2026
#@# Cortical Parc 3 rh Sun Mar  8 18:50:04 CET 2026
#@# WM/GM Contrast rh Sun Mar  8 18:50:13 CET 2026
recon-all -s sub-v1s13x0050042_ses-1 finished without error at Sun Mar  8 18:50:15 CET 2026



#New# invocation of recon-all 



status file for recon-all
Sun Mar  8 18:56:17 CET 2026
#@# white curv rh Sun Mar  8 18:56:17 CET 2026
#@# white area rh Sun Mar  8 18:56:17 CET 2026
#@# pial curv rh Sun Mar  8 18:56:17 CET 2026
#@# pial area rh Sun Mar  8 18:56:17 CET 2026
#@# thickness rh Sun Mar  8 18:56:17 CET 2026
#@# area and vertex vol rh Sun Mar  8 18:56:17 CET 2026
#@# Parcellation Stats rh Sun Mar  8 18:56:17 CET 2026
#@# Parcellation Stats 2 rh Sun Mar  8 18:56:33 CET 2026
#@# Parcellation Stats 3 rh Sun Mar  8 18:56:41 CET 2026
#@# BA_exvivo Labels rh Sun Mar  8 18:56:49 CET 2026
recon-all -s sub-v1s13x0050042_ses-1 finished without error at Sun Mar  8 18:59:03 CET 2026
