status file for recon-all
Sun Mar  8 18:12:54 CET 2026
#@# Tessellate lh Sun Mar  8 18:12:54 CET 2026
#@# Smooth1 lh Sun Mar  8 18:12:58 CET 2026
#@# Inflation1 lh Sun Mar  8 18:13:01 CET 2026
#@# QSphere lh Sun Mar  8 18:13:10 CET 2026
#@# Fix Topology lh Sun Mar  8 18:14:05 CET 2026
#@# Smooth2 lh Sun Mar  8 18:18:47 CET 2026
#@# Inflation2 lh Sun Mar  8 18:18:50 CET 2026
#@# Curv .H and .K lh Sun Mar  8 18:18:59 CET 2026
#@# Sphere lh Sun Mar  8 18:19:43 CET 2026
#@# Surf Reg lh Sun Mar  8 18:22:16 CET 2026
#@# Jacobian white lh Sun Mar  8 18:25:12 CET 2026
#@# AvgCurv lh Sun Mar  8 18:25:12 CET 2026
#@# Cortical Parc lh Sun Mar  8 18:25:13 CET 2026
#@# white curv lh Sun Mar  8 18:30:25 CET 2026
#@# white area lh Sun Mar  8 18:30:26 CET 2026
#@# pial curv lh Sun Mar  8 18:30:27 CET 2026
#@# pial area lh Sun Mar  8 18:30:28 CET 2026
#@# thickness lh Sun Mar  8 18:30:29 CET 2026
#@# area and vertex vol lh Sun Mar  8 18:30:56 CET 2026
#@# Curvature Stats lh Sun Mar  8 18:30:57 CET 2026
#@# Cortical Parc 2 lh Sun Mar  8 18:30:59 CET 2026
#@# Cortical Parc 3 lh Sun Mar  8 18:31:11 CET 2026
#@# WM/GM Contrast lh Sun Mar  8 18:31:20 CET 2026
recon-all -s sub-v1s13x0050042_ses-1 finished without error at Sun Mar  8 18:31:23 CET 2026



#New# invocation of recon-all 



status file for recon-all
Sun Mar  8 18:53:27 CET 2026
#@# white curv lh Sun Mar  8 18:53:27 CET 2026
#@# white area lh Sun Mar  8 18:53:27 CET 2026
#@# pial curv lh Sun Mar  8 18:53:27 CET 2026
#@# pial area lh Sun Mar  8 18:53:27 CET 2026
#@# thickness lh Sun Mar  8 18:53:27 CET 2026
#@# area and vertex vol lh Sun Mar  8 18:53:27 CET 2026
#@# Parcellation Stats lh Sun Mar  8 18:53:27 CET 2026
#@# Parcellation Stats 2 lh Sun Mar  8 18:53:43 CET 2026
#@# Parcellation Stats 3 lh Sun Mar  8 18:53:52 CET 2026
#@# BA_exvivo Labels lh Sun Mar  8 18:54:00 CET 2026
recon-all -s sub-v1s13x0050042_ses-1 finished without error at Sun Mar  8 18:56:14 CET 2026
