status file for recon-all
Sun Mar  8 18:41:40 CET 2026
#@# Tessellate rh Sun Mar  8 18:41:40 CET 2026
#@# Smooth1 rh Sun Mar  8 18:41:43 CET 2026
#@# Inflation1 rh Sun Mar  8 18:41:45 CET 2026
#@# QSphere rh Sun Mar  8 18:41:58 CET 2026
#@# Fix Topology rh Sun Mar  8 18:44:20 CET 2026
#@# Smooth2 rh Sun Mar  8 18:51:03 CET 2026
#@# Inflation2 rh Sun Mar  8 18:51:05 CET 2026
#@# Curv .H and .K rh Sun Mar  8 18:51:17 CET 2026
#@# Sphere rh Sun Mar  8 18:51:52 CET 2026
#@# Surf Reg rh Sun Mar  8 18:55:22 CET 2026
#@# Jacobian white rh Sun Mar  8 18:58:41 CET 2026
#@# AvgCurv rh Sun Mar  8 18:58:42 CET 2026
#@# Cortical Parc rh Sun Mar  8 18:58:43 CET 2026
#@# white curv rh Sun Mar  8 19:04:05 CET 2026
#@# white area rh Sun Mar  8 19:04:06 CET 2026
#@# pial curv rh Sun Mar  8 19:04:06 CET 2026
#@# pial area rh Sun Mar  8 19:04:08 CET 2026
#@# thickness rh Sun Mar  8 19:04:08 CET 2026
#@# area and vertex vol rh Sun Mar  8 19:04:26 CET 2026
#@# Curvature Stats rh Sun Mar  8 19:04:27 CET 2026
#@# Cortical Parc 2 rh Sun Mar  8 19:04:28 CET 2026
#@# Cortical Parc 3 rh Sun Mar  8 19:04:38 CET 2026
#@# WM/GM Contrast rh Sun Mar  8 19:04:45 CET 2026
recon-all -s sub-v1s13x0050056_ses-1 finished without error at Sun Mar  8 19:04:47 CET 2026



#New# invocation of recon-all 



status file for recon-all
Sun Mar  8 19:10:11 CET 2026
#@# white curv rh Sun Mar  8 19:10:11 CET 2026
#@# white area rh Sun Mar  8 19:10:11 CET 2026
#@# pial curv rh Sun Mar  8 19:10:11 CET 2026
#@# pial area rh Sun Mar  8 19:10:11 CET 2026
#@# thickness rh Sun Mar  8 19:10:11 CET 2026
#@# area and vertex vol rh Sun Mar  8 19:10:11 CET 2026
#@# Parcellation Stats rh Sun Mar  8 19:10:11 CET 2026
#@# Parcellation Stats 2 rh Sun Mar  8 19:10:25 CET 2026
#@# Parcellation Stats 3 rh Sun Mar  8 19:10:31 CET 2026
#@# BA_exvivo Labels rh Sun Mar  8 19:10:38 CET 2026
recon-all -s sub-v1s13x0050056_ses-1 finished without error at Sun Mar  8 19:12:35 CET 2026
