/out/sourcedata/freesurfer/sub-v1s13x0050038_ses-1/mri
/opt/freesurfer/bin/talairach_avi
--i orig_nu.mgz --xfm transforms/talairach.auto.xfm
talairach_avi 7.3.2
Linux dna030 5.14.0-427.37.1.el9_4.x86_64 #1 SMP PREEMPT_DYNAMIC Fri Sep 13 12:41:50 EDT 2024 x86_64 x86_64 x86_64 GNU/Linux
Sun Mar  8 16:36:50 CET 2026
mri_convert orig_nu.mgz talsrcimg.img 
reading from orig_nu.mgz...
TR=0.00, TE=0.00, TI=0.00, flip angle=0.00
i_ras = (-1, 0, 0)
j_ras = (0, 0, -1)
k_ras = (0, 1, 0)
writing to talsrcimg.img...
Analyze Output Matrix
-1.00000   0.00000   0.00000   127.51466;
 0.00000   0.00000   1.00000  -132.31731;
 0.00000  -1.00000   0.00000   116.81491;
 0.00000   0.00000   0.00000   1.00000;
--------------------
INFO: set hdr.hist.orient to -1
mpr2mni305 talsrcimg
Sun Mar  8 16:36:50 CET 2026
/opt/freesurfer/bin/mpr2mni305 talsrcimg
mpr2mni305 7.3.2
target=711-2C_as_mni_average_305

---------------------------------------------------------------------
analyzeto4dfp talsrcimg -O0 -y
---------------------------------------------------------------------

freesurfer ifh2hdr.c
Sun Mar  8 16:36:51 2026
Writing: talsrcimg.4dfp.hdr
freesurfer analyzeto4dfp.c
Reading: talsrcimg.hdr
header size 348 bytes
hdr.dime.datatype	offset=70	value=2
hdr.dime.bitpix		offset=72	value=8
hdr.hist.orient		offset=252	value=-1
dimensionality     4
dimensions       256       256       256         1
Reading: talsrcimg.img
Writing: talsrcimg.4dfp.img
Writing: talsrcimg.4dfp.ifh
ifh2hdr talsrcimg -r0to255
ori=2

---------------------------------------------------------------------
gauss_4dfp talsrcimg 1.1
---------------------------------------------------------------------

freesurfer gauss_4dfp.c
Reading: talsrcimg.4dfp.img
Writing: talsrcimg_g11.4dfp.img
image dimensions 256 256 256 padded to 288 288 288
processing volume 1freesurfer ifh2hdr.c
Sun Mar  8 16:36:52 2026
Writing: talsrcimg_g11.4dfp.hdr

Writing: talsrcimg_g11.4dfp.ifh
including: talsrcimg.4dfp.img.rec in talsrcimg_g11.4dfp.img.rec

---------------------------------------------------------------------
imgreg_4dfp /opt/freesurfer/average/711-2C_as_mni_average_305 none talsrcimg_g11 none talsrcimg_to_711-2C_as_mni_average_305_t4 4355
---------------------------------------------------------------------

freesurfer imgreg_4dfp.c
/opt/freesurfer/average/711-2C_as_mni_average_305.4dfp.img
       256       256       256         1
  1.000000  1.000000  1.000000
orientation T byte_order littleendian
Reading image: /opt/freesurfer/average/711-2C_as_mni_average_305.4dfp.img
dimensions:      256       256       256
mmppix:       1.0000   -1.0000   -1.0000
center:     128.0000 -129.0000 -129.0000
talsrcimg_g11.4dfp.img
       256       256       256         1
  1.000000  1.000000  1.000000
orientation T byte_order littleendian
Reading image: talsrcimg_g11.4dfp.img
dimensions:      256       256       256
mmppix:       1.0000   -1.0000   -1.0000
center:     128.0000 -129.0000 -129.0000
t4_read: open error in t4_sub.f l:  41 t4_file(1:l)talsrcimg_to_711-2C_as_mni_average_305_t4 
t4_read: transform initialized to I4
rotation matrix determinant  1.000000
image alignment mode   4355 decimal     1103 hex
   -7.5000  -45.0000  -45.0000 8807.9570   14.1057
    0.0000  -45.0000  -45.0000 9168.9697   14.0870
    7.5000  -45.0000  -45.0000 8791.0283   14.0771
   -7.5000  -37.5000  -45.0000 9283.8818   14.0701
    0.0000  -37.5000  -45.0000 9643.1553   14.0507
    7.5000  -37.5000  -45.0000 9243.5010   14.0341
   -7.5000  -30.0000  -45.000010039.0957   14.0120
    0.0000  -30.0000  -45.000010428.6260   13.9935
    7.5000  -30.0000  -45.0000 9996.5898   13.9731
   -7.5000  -22.5000  -45.000010677.7168   13.9479
    0.0000  -22.5000  -45.000011099.1494   13.9308
    7.5000  -22.5000  -45.000010628.0176   13.9138
   -7.5000  -15.0000  -45.000011214.9385   13.8924
    0.0000  -15.0000  -45.000011670.8320   13.8754
    7.5000  -15.0000  -45.000011159.6787   13.8644
   -7.5000   -7.5000  -45.000011715.4453   13.8566
    0.0000   -7.5000  -45.000012202.1279   13.8384
    7.5000   -7.5000  -45.000011663.7266   13.8303
   -7.5000    0.0000  -45.000012118.6572   13.8427
    0.0000    0.0000  -45.000012643.7832   13.8236
    7.5000    0.0000  -45.000012071.4053   13.8127
   -7.5000    7.5000  -45.000011577.3105   13.8664
    0.0000    7.5000  -45.000012065.8076   13.8471
    7.5000    7.5000  -45.000011512.5439   13.8298
   -7.5000   15.0000  -45.000010950.8232   13.9134
    0.0000   15.0000  -45.000011396.3135   13.8949
    7.5000   15.0000  -45.000010877.5527   13.8740
   -7.5000   22.5000  -45.000010235.1533   14.0052
    0.0000   22.5000  -45.000010648.1719   13.9875
    7.5000   22.5000  -45.000010141.6230   13.9701
   -7.5000   30.0000  -45.0000 9495.7793   13.9603
    0.0000   30.0000  -45.0000 9874.4443   13.9409
    7.5000   30.0000  -45.0000 9405.9785   13.9286
   -7.5000   37.5000  -45.0000 9057.1836   14.1281
    0.0000   37.5000  -45.0000 9419.6885   14.1100
    7.5000   37.5000  -45.0000 8963.5615   14.0998
   -7.5000   45.0000  -45.0000 8297.1699   14.0063
    0.0000   45.0000  -45.0000 8624.7012   13.9847
    7.5000   45.0000  -45.0000 8189.1318   13.9704
   -7.5000  -45.0000  -37.5000 9406.4326   14.1038
    0.0000  -45.0000  -37.5000 9791.0596   14.0810
    7.5000  -45.0000  -37.5000 9387.3486   14.0708
   -7.5000  -37.5000  -37.5000 9894.6553   14.0641
    0.0000  -37.5000  -37.500010289.8457   14.0417
    7.5000  -37.5000  -37.5000 9857.6299   14.0270
   -7.5000  -30.0000  -37.500010704.7529   14.0023
    0.0000  -30.0000  -37.500011151.3838   13.9832
    7.5000  -30.0000  -37.500010648.3535   13.9647
   -7.5000  -22.5000  -37.500011390.0684   13.9387
    0.0000  -22.5000  -37.500011888.8330   13.9222
    7.5000  -22.5000  -37.500011320.4326   13.9046
   -7.5000  -15.0000  -37.500011951.7295   13.8851
    0.0000  -15.0000  -37.500012468.0518   13.8683
    7.5000  -15.0000  -37.500011886.2646   13.8547
   -7.5000   -7.5000  -37.500012464.2461   13.8499
    0.0000   -7.5000  -37.500012986.7793   13.8294
    7.5000   -7.5000  -37.500012394.8975   13.8191
   -7.5000    0.0000  -37.500012870.0107   13.8339
    0.0000    0.0000  -37.500013426.2920   13.8108
    7.5000    0.0000  -37.500012821.3105   13.7995
   -7.5000    7.5000  -37.500012280.0215   13.8540
    0.0000    7.5000  -37.500012807.8779   13.8316
    7.5000    7.5000  -37.500012220.1914   13.8161
   -7.5000   15.0000  -37.500011598.9834   13.8974
    0.0000   15.0000  -37.500012076.1709   13.8781
    7.5000   15.0000  -37.500011526.6348   13.8591
   -7.5000   22.5000  -37.500010802.8213   13.9917
    0.0000   22.5000  -37.500011255.2266   13.9750
    7.5000   22.5000  -37.500010730.1328   13.9569
   -7.5000   30.0000  -37.5000 9986.6631   13.9522
    0.0000   30.0000  -37.500010387.4414   13.9331
    7.5000   30.0000  -37.5000 9897.1182   13.9181
   -7.5000   37.5000  -37.5000 9499.3271   14.1222
    0.0000   37.5000  -37.5000 9895.4229   14.1030
    7.5000   37.5000  -37.5000 9403.2559   14.0900
   -7.5000   45.0000  -37.5000 8681.6816   14.0025
    0.0000   45.0000  -37.5000 9048.8438   13.9797
    7.5000   45.0000  -37.5000 8598.3174   13.9652
   -7.5000  -45.0000  -30.000010199.6025   14.6470
    0.0000  -45.0000  -30.000010629.5684   14.6260
    7.5000  -45.0000  -30.000010166.1787   14.6199
   -7.5000  -37.5000  -30.000010718.6338   14.5973
    0.0000  -37.5000  -30.000011149.1797   14.5787
    7.5000  -37.5000  -30.000010654.8232   14.5700
   -7.5000  -30.0000  -30.000011557.2627   14.5272
    0.0000  -30.0000  -30.000012065.8486   14.5139
    7.5000  -30.0000  -30.000011498.2383   14.5020
   -7.5000  -22.5000  -30.000012297.5254   14.4633
    0.0000  -22.5000  -30.000012828.0068   14.4527
    7.5000  -22.5000  -30.000012237.3281   14.4399
   -7.5000  -15.0000  -30.000012903.1250   14.4123
    0.0000  -15.0000  -30.000013443.4111   14.3995
    7.5000  -15.0000  -30.000012842.8242   14.3890
   -7.5000   -7.5000  -30.000013421.5840   14.3765
    0.0000   -7.5000  -30.000013991.0605   14.3579
    7.5000   -7.5000  -30.000013336.6689   14.3502
   -7.5000    0.0000  -30.000013849.3975   14.3557
    0.0000    0.0000  -30.000014444.3984   14.3341
    7.5000    0.0000  -30.000013749.5381   14.3266
   -7.5000    7.5000  -30.000013211.9766   14.3703
    0.0000    7.5000  -30.000013775.6846   14.3516
    7.5000    7.5000  -30.000013106.0117   14.3419
   -7.5000   15.0000  -30.000012436.9521   14.4119
    0.0000   15.0000  -30.000012967.2773   14.3983
    7.5000   15.0000  -30.000012352.1348   14.3858
   -7.5000   22.5000  -30.000011573.7627   14.5125
    0.0000   22.5000  -30.000012083.3252   14.5018
    7.5000   22.5000  -30.000011484.9346   14.4885
   -7.5000   30.0000  -30.000010681.5342   14.4808
    0.0000   30.0000  -30.000011131.4541   14.4661
    7.5000   30.0000  -30.000010579.0420   14.4539
   -7.5000   37.5000  -30.000010109.0254   14.6582
    0.0000   37.5000  -30.000010543.6309   14.6424
    7.5000   37.5000  -30.000010018.2744   14.6320
   -7.5000   45.0000  -30.0000 9229.6143   14.5435
    0.0000   45.0000  -30.0000 9625.5625   14.5249
    7.5000   45.0000  -30.0000 9147.7217   14.5147
   -7.5000  -45.0000  -22.500010915.7666   15.1014
    0.0000  -45.0000  -22.500011415.9297   15.0872
    7.5000  -45.0000  -22.500010916.2109   15.0869
   -7.5000  -37.5000  -22.500011444.3213   15.0458
    0.0000  -37.5000  -22.500011953.5146   15.0358
    7.5000  -37.5000  -22.500011406.5908   15.0328
   -7.5000  -30.0000  -22.500012368.5518   14.9734
    0.0000  -30.0000  -22.500012910.6973   14.9687
    7.5000  -30.0000  -22.500012307.6523   14.9633
   -7.5000  -22.5000  -22.500013163.4961   14.9110
    0.0000  -22.5000  -22.500013725.0850   14.9073
    7.5000  -22.5000  -22.500013075.4336   14.9017
   -7.5000  -15.0000  -22.500013783.6055   14.8621
    0.0000  -15.0000  -22.500014371.1982   14.8543
    7.5000  -15.0000  -22.500013700.8242   14.8505
   -7.5000   -7.5000  -22.500014325.4170   14.8247
    0.0000   -7.5000  -22.500014943.1299   14.8110
    7.5000   -7.5000  -22.500014213.2715   14.8091
   -7.5000    0.0000  -22.500014762.2031   14.7995
    0.0000    0.0000  -22.500015409.2266   14.7843
    7.5000    0.0000  -22.500014629.4814   14.7823
   -7.5000    7.5000  -22.500014052.0762   14.8119
    0.0000    7.5000  -22.500014663.2021   14.8014
    7.5000    7.5000  -22.500013925.0078   14.7972
   -7.5000   15.0000  -22.500013214.5225   14.8559
    0.0000   15.0000  -22.500013815.6309   14.8506
    7.5000   15.0000  -22.500013108.5234   14.8445
   -7.5000   22.5000  -22.500012264.1309   14.9612
    0.0000   22.5000  -22.500012828.8730   14.9572
    7.5000   22.5000  -22.500012170.9609   14.9508
   -7.5000   30.0000  -22.500011298.2891   14.9336
    0.0000   30.0000  -22.500011797.1426   14.9238
    7.5000   30.0000  -22.500011200.9355   14.9183
   -7.5000   37.5000  -22.500010672.0039   15.1136
    0.0000   37.5000  -22.500011129.9990   15.1032
    7.5000   37.5000  -22.500010579.0752   15.0992
   -7.5000   45.0000  -22.5000 9729.3818   15.0004
    0.0000   45.0000  -22.500010155.6738   14.9880
    7.5000   45.0000  -22.5000 9647.9189   14.9840
   -7.5000  -45.0000  -15.000011635.9707   15.4456
    0.0000  -45.0000  -15.000012166.8242   15.4352
    7.5000  -45.0000  -15.000011637.4014   15.4364
   -7.5000  -37.5000  -15.000012177.6211   15.3914
    0.0000  -37.5000  -15.000012722.8779   15.3849
    7.5000  -37.5000  -15.000012157.6826   15.3816
   -7.5000  -30.0000  -15.000013136.3105   15.3208
    0.0000  -30.0000  -15.000013713.9697   15.3179
    7.5000  -30.0000  -15.000013091.6982   15.3123
   -7.5000  -22.5000  -15.000013945.5547   15.2564
    0.0000  -22.5000  -15.000014557.7129   15.2529
    7.5000  -22.5000  -15.000013886.7705   15.2489
   -7.5000  -15.0000  -15.000014614.9512   15.2035
    0.0000  -15.0000  -15.000015240.1748   15.1959
    7.5000  -15.0000  -15.000014526.3672   15.1951
   -7.5000   -7.5000  -15.000015187.2119   15.1625
    0.0000   -7.5000  -15.000015839.2812   15.1507
    7.5000   -7.5000  -15.000015057.1445   15.1516
   -7.5000    0.0000  -15.000015644.9307   15.1358
    0.0000    0.0000  -15.000016337.8789   15.1244
    7.5000    0.0000  -15.000015485.1592   15.1239
   -7.5000    7.5000  -15.000014868.4912   15.1516
    0.0000    7.5000  -15.000015533.2119   15.1444
    7.5000    7.5000  -15.000014733.8066   15.1401
   -7.5000   15.0000  -15.000013946.7734   15.2010
    0.0000   15.0000  -15.000014596.4609   15.1975
    7.5000   15.0000  -15.000013860.6455   15.1910
   -7.5000   22.5000  -15.000012907.5957   15.3068
    0.0000   22.5000  -15.000013515.7012   15.3027
    7.5000   22.5000  -15.000012826.8496   15.2979
   -7.5000   30.0000  -15.000011854.6104   15.2769
    0.0000   30.0000  -15.000012401.5332   15.2671
    7.5000   30.0000  -15.000011777.9072   15.2648
   -7.5000   37.5000  -15.000011213.0498   15.4566
    0.0000   37.5000  -15.000011714.5547   15.4470
    7.5000   37.5000  -15.000011112.9180   15.4464
   -7.5000   45.0000  -15.000010212.3203   15.3440
    0.0000   45.0000  -15.000010663.6836   15.3325
    7.5000   45.0000  -15.000010107.7451   15.3300
   -7.5000  -45.0000   -7.500012359.7061   15.6412
    0.0000  -45.0000   -7.500012963.5596   15.6277
    7.5000  -45.0000   -7.500012394.7168   15.6234
   -7.5000  -37.5000   -7.500012931.0840   15.5933
    0.0000  -37.5000   -7.500013564.4971   15.5808
    7.5000  -37.5000   -7.500012943.2012   15.5697
   -7.5000  -30.0000   -7.500013910.2939   15.5249
    0.0000  -30.0000   -7.500014577.3477   15.5135
    7.5000  -30.0000   -7.500013913.8662   15.4990
   -7.5000  -22.5000   -7.500014750.1396   15.4535
    0.0000  -22.5000   -7.500015448.9062   15.4419
    7.5000  -22.5000   -7.500014743.2539   15.4311
   -7.5000  -15.0000   -7.500015457.8652   15.3921
    0.0000  -15.0000   -7.500016157.5293   15.3787
    7.5000  -15.0000   -7.500015414.3145   15.3735
   -7.5000   -7.5000   -7.500016054.7939   15.3485
    0.0000   -7.5000   -7.500016787.5684   15.3335
    7.5000   -7.5000   -7.500015968.8691   15.3306
   -7.5000    0.0000   -7.500016527.8633   15.3257
    0.0000    0.0000   -7.500017320.0742   15.3114
    7.5000    0.0000   -7.500016404.8086   15.3056
   -7.5000    7.5000   -7.500015662.5879   15.3489
    0.0000    7.5000   -7.500016431.4121   15.3360
    7.5000    7.5000   -7.500015573.8418   15.3239
   -7.5000   15.0000   -7.500014646.3730   15.4021
    0.0000   15.0000   -7.500015375.3857   15.3903
    7.5000   15.0000   -7.500014595.5898   15.3750
   -7.5000   22.5000   -7.500013556.5742   15.5019
    0.0000   22.5000   -7.500014225.1934   15.4895
    7.5000   22.5000   -7.500013520.7295   15.4781
   -7.5000   30.0000   -7.500012417.2207   15.4653
    0.0000   30.0000   -7.500013014.2793   15.4493
    7.5000   30.0000   -7.500012379.7344   15.4428
   -7.5000   37.5000   -7.500011744.1660   15.6454
    0.0000   37.5000   -7.500012286.4355   15.6311
    7.5000   37.5000   -7.500011676.1396   15.6266
   -7.5000   45.0000   -7.500010678.0664   15.5353
    0.0000   45.0000   -7.500011168.6641   15.5182
    7.5000   45.0000   -7.500010598.8096   15.5094
   -7.5000  -45.0000    0.000013005.1572   15.6924
    0.0000  -45.0000    0.000013667.3887   15.6717
    7.5000  -45.0000    0.000013040.4033   15.6614
   -7.5000  -37.5000    0.000013576.1738   15.6476
    0.0000  -37.5000    0.000014285.3047   15.6261
    7.5000  -37.5000    0.000013629.9531   15.6085
   -7.5000  -30.0000    0.000014591.1631   15.5785
    0.0000  -30.0000    0.000015336.0127   15.5580
    7.5000  -30.0000    0.000014641.8418   15.5360
   -7.5000  -22.5000    0.000015505.2861   15.5027
    0.0000  -22.5000    0.000016258.0703   15.4837
    7.5000  -22.5000    0.000015535.2773   15.4654
   -7.5000  -15.0000    0.000016264.7305   15.4368
    0.0000  -15.0000    0.000017077.0059   15.4178
    7.5000  -15.0000    0.000016260.9453   15.4060
   -7.5000   -7.5000    0.000016899.1602   15.3932
    0.0000   -7.5000    0.000017716.7168   15.3728
    7.5000   -7.5000    0.000016852.0039   15.3641
   -7.5000    0.0000    0.000017328.7871   15.3744
    0.0000    0.0000    0.000018158.7793   15.3532
    7.5000    0.0000    0.000017294.5801   15.3415
   -7.5000    7.5000    0.000016383.0605   15.4009
    0.0000    7.5000    0.000017188.3457   15.3794
    7.5000    7.5000    0.000016394.7695   15.3609
   -7.5000   15.0000    0.000015271.4922   15.4535
    0.0000   15.0000    0.000016070.6406   15.4329
    7.5000   15.0000    0.000015311.0830   15.4103
   -7.5000   22.5000    0.000014143.7598   15.5504
    0.0000   22.5000    0.000014874.4482   15.5308
    7.5000   22.5000    0.000014160.1719   15.5119
   -7.5000   30.0000    0.000012967.0146   15.5114
    0.0000   30.0000    0.000013625.1504   15.4897
    7.5000   30.0000    0.000012960.3428   15.4763
   -7.5000   37.5000    0.000012270.4238   15.6939
    0.0000   37.5000    0.000012830.3662   15.6736
    7.5000   37.5000    0.000012204.4736   15.6627
   -7.5000   45.0000    0.000011124.4297   15.5866
    0.0000   45.0000    0.000011628.0625   15.5626
    7.5000   45.0000    0.000011042.2529   15.5472
   -7.5000  -45.0000    7.500012659.3076   15.7208
    0.0000  -45.0000    7.500013273.4756   15.6956
    7.5000  -45.0000    7.500012657.1650   15.6846
   -7.5000  -37.5000    7.500013182.2432   15.6737
    0.0000  -37.5000    7.500013842.0605   15.6488
    7.5000  -37.5000    7.500013219.0820   15.6328
   -7.5000  -30.0000    7.500014149.2959   15.6024
    0.0000  -30.0000    7.500014830.2559   15.5811
    7.5000  -30.0000    7.500014164.6865   15.5609
   -7.5000  -22.5000    7.500015113.9883   15.5294
    0.0000  -22.5000    7.500015883.4355   15.5110
    7.5000  -22.5000    7.500015098.6260   15.4917
   -7.5000  -15.0000    7.500015899.2227   15.4676
    0.0000  -15.0000    7.500016701.0488   15.4487
    7.5000  -15.0000    7.500015899.9639   15.4339
   -7.5000   -7.5000    7.500016370.7998   15.4263
    0.0000   -7.5000    7.500017122.5410   15.4034
    7.5000   -7.5000    7.500016427.5645   15.3922
   -7.5000    0.0000    7.500016697.4824   15.4069
    0.0000    0.0000    7.500017441.9863   15.3811
    7.5000    0.0000    7.500016782.6484   15.3689
   -7.5000    7.5000    7.500015782.4893   15.4293
    0.0000    7.5000    7.500016532.2520   15.4043
    7.5000    7.5000    7.500015868.4590   15.3873
   -7.5000   15.0000    7.500014733.9658   15.4777
    0.0000   15.0000    7.500015485.2480   15.4562
    7.5000   15.0000    7.500014796.0928   15.4353
   -7.5000   22.5000    7.500013680.8408   15.5776
    0.0000   22.5000    7.500014357.7002   15.5590
    7.5000   22.5000    7.500013672.9492   15.5391
   -7.5000   30.0000    7.500012546.0869   15.5444
    0.0000   30.0000    7.500013130.4580   15.5231
    7.5000   30.0000    7.500012478.9844   15.5066
   -7.5000   37.5000    7.500011869.9717   15.7318
    0.0000   37.5000    7.500012404.9951   15.7102
    7.5000   37.5000    7.500011751.8867   15.6961
   -7.5000   45.0000    7.500010765.4941   15.6275
    0.0000   45.0000    7.500011247.6885   15.6020
    7.5000   45.0000    7.500010669.5664   15.5861
   -7.5000  -45.0000   15.000012188.1572   15.7467
    0.0000  -45.0000   15.000012742.1904   15.7241
    7.5000  -45.0000   15.000012165.3789   15.7177
   -7.5000  -37.5000   15.000012682.6396   15.6945
    0.0000  -37.5000   15.000013255.6104   15.6747
    7.5000  -37.5000   15.000012687.7451   15.6655
   -7.5000  -30.0000   15.000013576.9941   15.6212
    0.0000  -30.0000   15.000014136.8027   15.6071
    7.5000  -30.0000   15.000013578.6973   15.5944
   -7.5000  -22.5000   15.000014521.1074   15.5538
    0.0000  -22.5000   15.000015155.1016   15.5424
    7.5000  -22.5000   15.000014468.1807   15.5288
   -7.5000  -15.0000   15.000015338.3643   15.4988
    0.0000  -15.0000   15.000016055.0771   15.4852
    7.5000  -15.0000   15.000015276.1631   15.4739
   -7.5000   -7.5000   15.000015830.9434   15.4601
    0.0000   -7.5000   15.000016565.3086   15.4401
    7.5000   -7.5000   15.000015821.7178   15.4319
   -7.5000    0.0000   15.000016176.3779   15.4376
    0.0000    0.0000   15.000016921.2324   15.4143
    7.5000    0.0000   15.000016145.5928   15.4064
   -7.5000    7.5000   15.000015251.7959   15.4533
    0.0000    7.5000   15.000016005.7432   15.4333
    7.5000    7.5000   15.000015204.8154   15.4229
   -7.5000   15.0000   15.000014229.5703   15.4983
    0.0000   15.0000   15.000014965.6025   15.4837
    7.5000   15.0000   15.000014157.2793   15.4703
   -7.5000   22.5000   15.000013149.4395   15.6033
    0.0000   22.5000   15.000013792.0693   15.5919
    7.5000   22.5000   15.000013068.5742   15.5776
   -7.5000   30.0000   15.000012017.9912   15.5775
    0.0000   30.0000   15.000012562.6748   15.5618
    7.5000   30.0000   15.000011930.9004   15.5487
   -7.5000   37.5000   15.000011371.6748   15.7685
    0.0000   37.5000   15.000011864.1934   15.7515
    7.5000   37.5000   15.000011266.2275   15.7404
   -7.5000   45.0000   15.000010329.5420   15.6660
    0.0000   45.0000   15.000010765.3926   15.6460
    7.5000   45.0000   15.000010222.1055   15.6352
   -7.5000  -45.0000   22.500011599.5732   15.7894
    0.0000  -45.0000   22.500012100.3867   15.7748
    7.5000  -45.0000   22.500011541.1094   15.7741
   -7.5000  -37.5000   22.500012098.9033   15.7361
    0.0000  -37.5000   22.500012595.2979   15.7260
    7.5000  -37.5000   22.500012052.0801   15.7226
   -7.5000  -30.0000   22.500012974.8447   15.6647
    0.0000  -30.0000   22.500013459.6855   15.6602
    7.5000  -30.0000   22.500012907.8779   15.6544
   -7.5000  -22.5000   22.500013829.1768   15.6016
    0.0000  -22.5000   22.500014368.4834   15.5981
    7.5000  -22.5000   22.500013707.5967   15.5921
   -7.5000  -15.0000   22.500014577.0156   15.5502
    0.0000  -15.0000   22.500015188.3799   15.5423
    7.5000  -15.0000   22.500014421.2656   15.5382
   -7.5000   -7.5000   22.500015110.5762   15.5109
    0.0000   -7.5000   22.500015779.6650   15.4968
    7.5000   -7.5000   22.500014973.8066   15.4946
   -7.5000    0.0000   22.500015484.4268   15.4845
    0.0000    0.0000   22.500016223.0732   15.4689
    7.5000    0.0000   22.500015342.3350   15.4665
   -7.5000    7.5000   22.500014592.8643   15.4976
    0.0000    7.5000   22.500015326.1045   15.4869
    7.5000    7.5000   22.500014475.9961   15.4823
   -7.5000   15.0000   22.500013580.3682   15.5439
    0.0000   15.0000   22.500014261.5391   15.5387
    7.5000   15.0000   22.500013492.1865   15.5321
   -7.5000   22.5000   22.500012524.9570   15.6524
    0.0000   22.5000   22.500013129.8213   15.6486
    7.5000   22.5000   22.500012444.7227   15.6417
   -7.5000   30.0000   22.500011412.7227   15.6294
    0.0000   30.0000   22.500011928.0391   15.6194
    7.5000   30.0000   22.500011338.0986   15.6135
   -7.5000   37.5000   22.500010779.4336   15.8192
    0.0000   37.5000   22.500011253.0791   15.8085
    7.5000   37.5000   22.500010700.5029   15.8040
   -7.5000   45.0000   22.5000 9787.2783   15.7137
    0.0000   45.0000   22.500010191.0430   15.7009
    7.5000   45.0000   22.5000 9705.0898   15.6964
   -7.5000  -45.0000   30.000010872.0166   15.8624
    0.0000  -45.0000   30.000011323.2754   15.8523
    7.5000  -45.0000   30.000010791.2158   15.8531
   -7.5000  -37.5000   30.000011380.8887   15.8131
    0.0000  -37.5000   30.000011832.1875   15.8070
    7.5000  -37.5000   30.000011298.2754   15.8034
   -7.5000  -30.0000   30.000012228.4971   15.7478
    0.0000  -30.0000   30.000012692.9111   15.7455
    7.5000  -30.0000   30.000012136.0791   15.7393
   -7.5000  -22.5000   30.000013030.3809   15.6854
    0.0000  -22.5000   30.000013538.0156   15.6823
    7.5000  -22.5000   30.000012899.7061   15.6779
   -7.5000  -15.0000   30.000013711.7578   15.6309
    0.0000  -15.0000   30.000014223.9990   15.6235
    7.5000  -15.0000   30.000013567.9131   15.6224
   -7.5000   -7.5000   30.000014203.1924   15.5883
    0.0000   -7.5000   30.000014755.9102   15.5766
    7.5000   -7.5000   30.000014079.4912   15.5772
   -7.5000    0.0000   30.000014570.7715   15.5606
    0.0000    0.0000   30.000015157.2520   15.5493
    7.5000    0.0000   30.000014444.4551   15.5485
   -7.5000    7.5000   30.000013728.8281   15.5762
    0.0000    7.5000   30.000014314.0732   15.5693
    7.5000    7.5000   30.000013622.2979   15.5645
   -7.5000   15.0000   30.000012790.6494   15.6257
    0.0000   15.0000   30.000013332.2725   15.6227
    7.5000   15.0000   30.000012703.7021   15.6157
   -7.5000   22.5000   30.000011801.6602   15.7318
    0.0000   22.5000   30.000012309.0176   15.7281
    7.5000   22.5000   30.000011739.7529   15.7229
   -7.5000   30.0000   30.000010777.5303   15.7021
    0.0000   30.0000   30.000011234.7119   15.6925
    7.5000   30.0000   30.000010705.3018   15.6899
   -7.5000   37.5000   30.000010148.6895   15.8862
    0.0000   37.5000   30.000010571.9111   15.8769
    7.5000   37.5000   30.000010075.2510   15.8760
   -7.5000   45.0000   30.0000 9199.0557   15.7748
    0.0000   45.0000   30.0000 9572.2451   15.7635
    7.5000   45.0000   30.0000 9119.4111   15.7607
   -7.5000  -45.0000   37.500010519.8164   16.0038
    0.0000  -45.0000   37.500010930.1426   15.9905
    7.5000  -45.0000   37.500010439.5352   15.9855
   -7.5000  -37.5000   37.500011047.4229   15.9624
    0.0000  -37.5000   37.500011443.6689   15.9501
    7.5000  -37.5000   37.500010947.2256   15.9381
   -7.5000  -30.0000   37.500011885.5479   15.9025
    0.0000  -30.0000   37.500012303.2852   15.8913
    7.5000  -30.0000   37.500011788.0225   15.8756
   -7.5000  -22.5000   37.500012663.3779   15.8349
    0.0000  -22.5000   37.500013110.5879   15.8235
    7.5000  -22.5000   37.500012528.2783   15.8118
   -7.5000  -15.0000   37.500013315.8193   15.7721
    0.0000  -15.0000   37.500013788.3398   15.7586
    7.5000  -15.0000   37.500013168.7783   15.7528
   -7.5000   -7.5000   37.500013798.2051   15.7265
    0.0000   -7.5000   37.500014326.3359   15.7114
    7.5000   -7.5000   37.500013682.2021   15.7081
   -7.5000    0.0000   37.500014127.6973   15.7027
    0.0000    0.0000   37.500014694.6250   15.6884
    7.5000    0.0000   37.500014021.7197   15.6820
   -7.5000    7.5000   37.500013316.2383   15.7246
    0.0000    7.5000   37.500013870.9609   15.7119
    7.5000    7.5000   37.500013235.2363   15.6989
   -7.5000   15.0000   37.500012412.0898   15.7769
    0.0000   15.0000   37.500012944.0117   15.7653
    7.5000   15.0000   37.500012333.0293   15.7490
   -7.5000   22.5000   37.500011461.8301   15.8768
    0.0000   22.5000   37.500011959.9990   15.8646
    7.5000   22.5000   37.500011388.9678   15.8523
   -7.5000   30.0000   37.500010494.3652   15.8374
    0.0000   30.0000   37.500010925.3594   15.8215
    7.5000   30.0000   37.500010411.6934   15.8144
   -7.5000   37.5000   37.5000 9880.4160   16.0195
    0.0000   37.5000   37.500010279.1816   16.0053
    7.5000   37.5000   37.5000 9798.4131   16.0004
   -7.5000   45.0000   37.5000 8955.2930   15.9066
    0.0000   45.0000   37.5000 9307.5703   15.8894
    7.5000   45.0000   37.5000 8858.9824   15.8802
   -7.5000  -45.0000   45.0000 9679.2402   16.1086
    0.0000  -45.0000   45.000010044.2686   16.0882
    7.5000  -45.0000   45.0000 9613.0703   16.0772
   -7.5000  -37.5000   45.000010159.9941   16.0708
    0.0000  -37.5000   45.000010537.5049   16.0498
    7.5000  -37.5000   45.000010086.1006   16.0311
   -7.5000  -30.0000   45.000010937.2236   16.0123
    0.0000  -30.0000   45.000011365.9443   15.9921
    7.5000  -30.0000   45.000010850.4297   15.9689
   -7.5000  -22.5000   45.000011643.5000   15.9417
    0.0000  -22.5000   45.000012095.9365   15.9228
    7.5000  -22.5000   45.000011521.6982   15.9036
   -7.5000  -15.0000   45.000012276.6113   15.8743
    0.0000  -15.0000   45.000012721.0615   15.8554
    7.5000  -15.0000   45.000012118.2344   15.8430
   -7.5000   -7.5000   45.000012722.3438   15.8284
    0.0000   -7.5000   45.000013215.1553   15.8080
    7.5000   -7.5000   45.000012597.6504   15.7989
   -7.5000    0.0000   45.000013023.3760   15.8084
    0.0000    0.0000   45.000013533.6699   15.7874
    7.5000    0.0000   45.000012891.6963   15.7752
   -7.5000    7.5000   45.000012280.1133   15.8327
    0.0000    7.5000   45.000012799.3926   15.8115
    7.5000    7.5000   45.000012196.8291   15.7920
   -7.5000   15.0000   45.000011457.7119   15.8832
    0.0000   15.0000   45.000011946.7275   15.8628
    7.5000   15.0000   45.000011378.6309   15.8391
   -7.5000   22.5000   45.000010587.2793   15.9795
    0.0000   22.5000   45.000011052.5020   15.9599
    7.5000   22.5000   45.000010510.1963   15.9402
   -7.5000   30.0000   45.0000 9692.4346   15.9349
    0.0000   30.0000   45.000010120.6943   15.9132
    7.5000   30.0000   45.0000 9615.0303   15.8994
   -7.5000   37.5000   45.0000 9131.4873   16.1194
    0.0000   37.5000   45.0000 9512.7930   16.0993
    7.5000   37.5000   45.0000 9047.4004   16.0880
   -7.5000   45.0000   45.0000 8282.1357   16.0171
    0.0000   45.0000   45.0000 8619.9102   15.9931
    7.5000   45.0000   45.0000 8208.4990   15.9773

---------------------------------------------------------------------
imgreg_4dfp /opt/freesurfer/average/711-2C_as_mni_average_305 /opt/freesurfer/average/711-2B_as_mni_average_305_mask talsrcimg_g11 none talsrcimg_to_711-2C_as_mni_average_305_t4 4355
---------------------------------------------------------------------

freesurfer imgreg_4dfp.c
/opt/freesurfer/average/711-2C_as_mni_average_305.4dfp.img
       256       256       256         1
  1.000000  1.000000  1.000000
orientation T byte_order littleendian
Reading image: /opt/freesurfer/average/711-2C_as_mni_average_305.4dfp.img
dimensions:      256       256       256
mmppix:       1.0000   -1.0000   -1.0000
center:     128.0000 -129.0000 -129.0000
/opt/freesurfer/average/711-2B_as_mni_average_305_mask.4dfp.img
       256       256       256         1
  1.000000  1.000000  1.000000
orientation T byte_order littleendian
Reading mask: /opt/freesurfer/average/711-2B_as_mni_average_305_mask.4dfp.img (2306576 pixels)
talsrcimg_g11.4dfp.img
       256       256       256         1
  1.000000  1.000000  1.000000
orientation T byte_order littleendian
Reading image: talsrcimg_g11.4dfp.img
dimensions:      256       256       256
mmppix:       1.0000   -1.0000   -1.0000
center:     128.0000 -129.0000 -129.0000
rotation matrix determinant  1.000000
image alignment mode   4355 decimal     1103 hex
   -7.5000  -45.0000  -45.0000 2143.3293   16.6820
    0.0000  -45.0000  -45.0000 2149.6631   16.6478
    7.5000  -45.0000  -45.0000 2138.1047   16.8024
   -7.5000  -37.5000  -45.0000 2195.9995   15.7928
    0.0000  -37.5000  -45.0000 2201.3086   15.7650
    7.5000  -37.5000  -45.0000 2190.6252   15.9010
   -7.5000  -30.0000  -45.0000 2226.6082   15.1191
    0.0000  -30.0000  -45.0000 2231.6990   15.0731
    7.5000  -30.0000  -45.0000 2222.3726   15.2128
   -7.5000  -22.5000  -45.0000 2248.6584   14.6125
    0.0000  -22.5000  -45.0000 2252.5818   14.5966
    7.5000  -22.5000  -45.0000 2243.8130   14.7256
   -7.5000  -15.0000  -45.0000 2256.5312   14.3516
    0.0000  -15.0000  -45.0000 2262.0583   14.2960
    7.5000  -15.0000  -45.0000 2247.5740   14.4534
   -7.5000   -7.5000  -45.0000 2254.5000   14.2668
    0.0000   -7.5000  -45.0000 2262.0867   14.2059
    7.5000   -7.5000  -45.0000 2244.8003   14.3697
   -7.5000    0.0000  -45.0000 2241.5510   14.4231
    0.0000    0.0000  -45.0000 2245.0776   14.3803
    7.5000    0.0000  -45.0000 2226.9097   14.5288
   -7.5000    7.5000  -45.0000 2205.3228   14.9152
    0.0000    7.5000  -45.0000 2210.5596   14.8668
    7.5000    7.5000  -45.0000 2187.4866   15.0486
   -7.5000   15.0000  -45.0000 2154.4192   15.7067
    0.0000   15.0000  -45.0000 2158.0847   15.6798
    7.5000   15.0000  -45.0000 2137.3325   15.8689
   -7.5000   22.5000  -45.0000 2089.3381   16.7890
    0.0000   22.5000  -45.0000 2092.7683   16.7606
    7.5000   22.5000  -45.0000 2069.0820   16.9643
   -7.5000   30.0000  -45.0000 2004.5328   18.2720
    0.0000   30.0000  -45.0000 2008.4738   18.1971
    7.5000   30.0000  -45.0000 1990.3877   18.4694
   -7.5000   37.5000  -45.0000 1911.7622   20.3520
    0.0000   37.5000  -45.0000 1913.7125   20.2023
    7.5000   37.5000  -45.0000 1897.2765   20.5572
   -7.5000   45.0000  -45.0000 1809.1046   23.2768
    0.0000   45.0000  -45.0000 1808.6732   23.0661
    7.5000   45.0000  -45.0000 1792.2908   23.4253
   -7.5000  -45.0000  -37.5000 2243.3628   15.3003
    0.0000  -45.0000  -37.5000 2253.2878   15.2865
    7.5000  -45.0000  -37.5000 2241.6355   15.3888
   -7.5000  -37.5000  -37.5000 2293.6804   14.4970
    0.0000  -37.5000  -37.5000 2300.5503   14.5033
    7.5000  -37.5000  -37.5000 2291.8308   14.6068
   -7.5000  -30.0000  -37.5000 2329.3748   13.9112
    0.0000  -30.0000  -37.5000 2337.9585   13.9190
    7.5000  -30.0000  -37.5000 2323.5142   14.0028
   -7.5000  -22.5000  -37.5000 2347.4248   13.5132
    0.0000  -22.5000  -37.5000 2357.5261   13.5044
    7.5000  -22.5000  -37.5000 2339.2510   13.5960
   -7.5000  -15.0000  -37.5000 2353.1853   13.2603
    0.0000  -15.0000  -37.5000 2362.0728   13.2342
    7.5000  -15.0000  -37.5000 2340.4915   13.3857
   -7.5000   -7.5000  -37.5000 2349.7395   13.1928
    0.0000   -7.5000  -37.5000 2359.3816   13.1483
    7.5000   -7.5000  -37.5000 2337.7856   13.2965
   -7.5000    0.0000  -37.5000 2338.4541   13.2974
    0.0000    0.0000  -37.5000 2343.4624   13.2780
    7.5000    0.0000  -37.5000 2323.8164   13.4244
   -7.5000    7.5000  -37.5000 2303.1636   13.7483
    0.0000    7.5000  -37.5000 2308.4075   13.6910
    7.5000    7.5000  -37.5000 2286.5752   13.8712
   -7.5000   15.0000  -37.5000 2245.8489   14.4329
    0.0000   15.0000  -37.5000 2250.3401   14.4038
    7.5000   15.0000  -37.5000 2229.5432   14.5965
   -7.5000   22.5000  -37.5000 2174.9861   15.4070
    0.0000   22.5000  -37.5000 2178.3696   15.3860
    7.5000   22.5000  -37.5000 2160.6311   15.5906
   -7.5000   30.0000  -37.5000 2086.5217   16.7705
    0.0000   30.0000  -37.5000 2087.8721   16.7048
    7.5000   30.0000  -37.5000 2071.2866   16.9405
   -7.5000   37.5000  -37.5000 1989.5829   18.6546
    0.0000   37.5000  -37.5000 1991.2963   18.5416
    7.5000   37.5000  -37.5000 1968.6570   18.7986
   -7.5000   45.0000  -37.5000 1881.6792   21.2416
    0.0000   45.0000  -37.5000 1883.6292   21.0949
    7.5000   45.0000  -37.5000 1861.6893   21.3743
   -7.5000  -45.0000  -30.0000 2383.9385   14.6006
    0.0000  -45.0000  -30.0000 2394.6135   14.6488
    7.5000  -45.0000  -30.0000 2382.8186   14.7392
   -7.5000  -37.5000  -30.0000 2436.8145   13.8249
    0.0000  -37.5000  -30.0000 2449.1213   13.8510
    7.5000  -37.5000  -30.0000 2434.0815   13.9494
   -7.5000  -30.0000  -30.0000 2471.2876   13.2642
    0.0000  -30.0000  -30.0000 2483.5725   13.2579
    7.5000  -30.0000  -30.0000 2465.7302   13.3625
   -7.5000  -22.5000  -30.0000 2492.2034   12.9159
    0.0000  -22.5000  -30.0000 2500.2573   12.9181
    7.5000  -22.5000  -30.0000 2483.2463   13.0085
   -7.5000  -15.0000  -30.0000 2502.7979   12.7078
    0.0000  -15.0000  -30.0000 2507.9062   12.6574
    7.5000  -15.0000  -30.0000 2490.8345   12.7951
   -7.5000   -7.5000  -30.0000 2495.7512   12.6606
    0.0000   -7.5000  -30.0000 2505.6191   12.6005
    7.5000   -7.5000  -30.0000 2483.5037   12.7632
   -7.5000    0.0000  -30.0000 2479.3879   12.7865
    0.0000    0.0000  -30.0000 2487.8425   12.7322
    7.5000    0.0000  -30.0000 2461.9233   12.8996
   -7.5000    7.5000  -30.0000 2446.8015   13.1681
    0.0000    7.5000  -30.0000 2453.9424   13.0988
    7.5000    7.5000  -30.0000 2426.5039   13.2820
   -7.5000   15.0000  -30.0000 2386.8176   13.7668
    0.0000   15.0000  -30.0000 2392.9675   13.7363
    7.5000   15.0000  -30.0000 2368.7791   13.9271
   -7.5000   22.5000  -30.0000 2311.7087   14.6484
    0.0000   22.5000  -30.0000 2315.8767   14.6492
    7.5000   22.5000  -30.0000 2290.5654   14.8448
   -7.5000   30.0000  -30.0000 2213.8000   15.9170
    0.0000   30.0000  -30.0000 2217.5620   15.8931
    7.5000   30.0000  -30.0000 2196.1511   16.0731
   -7.5000   37.5000  -30.0000 2100.8022   17.6564
    0.0000   37.5000  -30.0000 2107.2910   17.5783
    7.5000   37.5000  -30.0000 2085.5361   17.7704
   -7.5000   45.0000  -30.0000 1986.2314   20.0649
    0.0000   45.0000  -30.0000 1994.5999   19.9668
    7.5000   45.0000  -30.0000 1972.2390   20.1638
   -7.5000  -45.0000  -22.5000 2489.5251   13.8483
    0.0000  -45.0000  -22.5000 2502.9839   13.8812
    7.5000  -45.0000  -22.5000 2487.8433   14.0103
   -7.5000  -37.5000  -22.5000 2543.1553   13.0915
    0.0000  -37.5000  -22.5000 2557.3340   13.1054
    7.5000  -37.5000  -22.5000 2535.5032   13.2215
   -7.5000  -30.0000  -22.5000 2585.1978   12.5612
    0.0000  -30.0000  -22.5000 2597.1030   12.5528
    7.5000  -30.0000  -22.5000 2575.4187   12.6668
   -7.5000  -22.5000  -22.5000 2619.4851   12.2263
    0.0000  -22.5000  -22.5000 2625.2153   12.1971
    7.5000  -22.5000  -22.5000 2603.2625   12.2972
   -7.5000  -15.0000  -22.5000 2628.7644   12.0517
    0.0000  -15.0000  -22.5000 2633.3564   12.0077
    7.5000  -15.0000  -22.5000 2611.9968   12.1142
   -7.5000   -7.5000  -22.5000 2624.8582   12.0375
    0.0000   -7.5000  -22.5000 2631.9404   11.9971
    7.5000   -7.5000  -22.5000 2606.2590   12.1226
   -7.5000    0.0000  -22.5000 2604.2532   12.1824
    0.0000    0.0000  -22.5000 2613.4353   12.1446
    7.5000    0.0000  -22.5000 2583.2417   12.2856
   -7.5000    7.5000  -22.5000 2568.6377   12.5355
    0.0000    7.5000  -22.5000 2577.5151   12.4954
    7.5000    7.5000  -22.5000 2547.6697   12.6572
   -7.5000   15.0000  -22.5000 2505.7305   13.0877
    0.0000   15.0000  -22.5000 2515.0435   13.0639
    7.5000   15.0000  -22.5000 2486.1106   13.2290
   -7.5000   22.5000  -22.5000 2422.7998   13.8843
    0.0000   22.5000  -22.5000 2429.2334   13.8828
    7.5000   22.5000  -22.5000 2401.4612   14.0508
   -7.5000   30.0000  -22.5000 2318.9895   15.0516
    0.0000   30.0000  -22.5000 2326.8923   15.0184
    7.5000   30.0000  -22.5000 2302.7866   15.1988
   -7.5000   37.5000  -22.5000 2198.1614   16.6685
    0.0000   37.5000  -22.5000 2204.8472   16.5992
    7.5000   37.5000  -22.5000 2181.6841   16.7965
   -7.5000   45.0000  -22.5000 2070.5208   18.8554
    0.0000   45.0000  -22.5000 2074.8564   18.7826
    7.5000   45.0000  -22.5000 2054.1206   19.0026
   -7.5000  -45.0000  -15.0000 2555.5771   13.2305
    0.0000  -45.0000  -15.0000 2568.1272   13.2177
    7.5000  -45.0000  -15.0000 2552.9124   13.3345
   -7.5000  -37.5000  -15.0000 2614.5032   12.4731
    0.0000  -37.5000  -15.0000 2624.6045   12.4428
    7.5000  -37.5000  -15.0000 2605.6162   12.5656
   -7.5000  -30.0000  -15.0000 2663.5161   11.9382
    0.0000  -30.0000  -15.0000 2673.6340   11.9008
    7.5000  -30.0000  -15.0000 2649.1001   12.0358
   -7.5000  -22.5000  -15.0000 2701.4368   11.5839
    0.0000  -22.5000  -15.0000 2708.8018   11.5530
    7.5000  -22.5000  -15.0000 2685.5500   11.6639
   -7.5000  -15.0000  -15.0000 2723.2888   11.3983
    0.0000  -15.0000  -15.0000 2726.7158   11.3679
    7.5000  -15.0000  -15.0000 2699.6912   11.4804
   -7.5000   -7.5000  -15.0000 2726.0503   11.4102
    0.0000   -7.5000  -15.0000 2729.0251   11.3770
    7.5000   -7.5000  -15.0000 2703.0674   11.4927
   -7.5000    0.0000  -15.0000 2710.6365   11.5789
    0.0000    0.0000  -15.0000 2718.5815   11.5449
    7.5000    0.0000  -15.0000 2685.6360   11.6690
   -7.5000    7.5000  -15.0000 2670.6931   11.9487
    0.0000    7.5000  -15.0000 2682.3586   11.9133
    7.5000    7.5000  -15.0000 2648.0596   12.0446
   -7.5000   15.0000  -15.0000 2603.6028   12.4542
    0.0000   15.0000  -15.0000 2614.9878   12.4258
    7.5000   15.0000  -15.0000 2583.4075   12.5878
   -7.5000   22.5000  -15.0000 2512.0708   13.1914
    0.0000   22.5000  -15.0000 2519.9336   13.1662
    7.5000   22.5000  -15.0000 2491.9353   13.3518
   -7.5000   30.0000  -15.0000 2400.8545   14.2705
    0.0000   30.0000  -15.0000 2407.7307   14.2236
    7.5000   30.0000  -15.0000 2382.8667   14.4107
   -7.5000   37.5000  -15.0000 2268.8577   15.8065
    0.0000   37.5000  -15.0000 2275.7681   15.7450
    7.5000   37.5000  -15.0000 2252.4377   15.9360
   -7.5000   45.0000  -15.0000 2132.0474   17.8953
    0.0000   45.0000  -15.0000 2134.6445   17.8054
    7.5000   45.0000  -15.0000 2111.3633   18.0198
   -7.5000  -45.0000   -7.5000 2595.3750   12.6840
    0.0000  -45.0000   -7.5000 2611.1506   12.6781
    7.5000  -45.0000   -7.5000 2596.1472   12.7991
   -7.5000  -37.5000   -7.5000 2660.2156   11.9425
    0.0000  -37.5000   -7.5000 2673.0903   11.9364
    7.5000  -37.5000   -7.5000 2654.8176   12.0376
   -7.5000  -30.0000   -7.5000 2713.6289   11.4120
    0.0000  -30.0000   -7.5000 2723.7739   11.3846
    7.5000  -30.0000   -7.5000 2704.4851   11.4988
   -7.5000  -22.5000   -7.5000 2761.9634   11.0454
    0.0000  -22.5000   -7.5000 2772.0234   11.0169
    7.5000  -22.5000   -7.5000 2747.1750   11.1332
   -7.5000  -15.0000   -7.5000 2795.6494   10.8523
    0.0000  -15.0000   -7.5000 2803.8650   10.8139
    7.5000  -15.0000   -7.5000 2771.1875   10.9466
   -7.5000   -7.5000   -7.5000 2805.9771   10.8598
    0.0000   -7.5000   -7.5000 2814.1521   10.8171
    7.5000   -7.5000   -7.5000 2783.7913   10.9293
   -7.5000    0.0000   -7.5000 2800.3462   11.0494
    0.0000    0.0000   -7.5000 2809.9136   11.0006
    7.5000    0.0000   -7.5000 2769.4580   11.1269
   -7.5000    7.5000   -7.5000 2757.1995   11.4060
    0.0000    7.5000   -7.5000 2770.1770   11.3545
    7.5000    7.5000   -7.5000 2732.4146   11.4835
   -7.5000   15.0000   -7.5000 2678.9753   11.8921
    0.0000   15.0000   -7.5000 2692.2847   11.8556
    7.5000   15.0000   -7.5000 2657.2800   12.0171
   -7.5000   22.5000   -7.5000 2582.4868   12.6028
    0.0000   22.5000   -7.5000 2590.6985   12.5437
    7.5000   22.5000   -7.5000 2560.0015   12.7445
   -7.5000   30.0000   -7.5000 2457.1709   13.6214
    0.0000   30.0000   -7.5000 2467.1584   13.5445
    7.5000   30.0000   -7.5000 2440.1372   13.7564
   -7.5000   37.5000   -7.5000 2322.7576   15.0932
    0.0000   37.5000   -7.5000 2330.9858   15.0185
    7.5000   37.5000   -7.5000 2302.2864   15.2243
   -7.5000   45.0000   -7.5000 2175.4490   17.0757
    0.0000   45.0000   -7.5000 2183.5850   17.0070
    7.5000   45.0000   -7.5000 2160.1990   17.1961
   -7.5000  -45.0000    0.0000 2618.0603   12.3400
    0.0000  -45.0000    0.0000 2634.1340   12.3204
    7.5000  -45.0000    0.0000 2618.7783   12.4260
   -7.5000  -37.5000    0.0000 2684.1892   11.5800
    0.0000  -37.5000    0.0000 2700.0847   11.5491
    7.5000  -37.5000    0.0000 2684.4797   11.6625
   -7.5000  -30.0000    0.0000 2742.6001   11.0326
    0.0000  -30.0000    0.0000 2756.0071   10.9981
    7.5000  -30.0000    0.0000 2740.6543   11.1141
   -7.5000  -22.5000    0.0000 2804.0286   10.6852
    0.0000  -22.5000    0.0000 2818.3315   10.6334
    7.5000  -22.5000    0.0000 2793.4058   10.7590
   -7.5000  -15.0000    0.0000 2849.8896   10.5054
    0.0000  -15.0000    0.0000 2869.1111   10.4323
    7.5000  -15.0000    0.0000 2831.1018   10.5811
   -7.5000   -7.5000    0.0000 2878.6431   10.4641
    0.0000   -7.5000    0.0000 2889.1719   10.3847
    7.5000   -7.5000    0.0000 2849.6709   10.5504
   -7.5000    0.0000    0.0000 2866.2551   10.6851
    0.0000    0.0000    0.0000 2878.7488   10.5995
    7.5000    0.0000    0.0000 2835.6038   10.7615
   -7.5000    7.5000    0.0000 2820.8738   11.0180
    0.0000    7.5000    0.0000 2837.5710   10.9400
    7.5000    7.5000    0.0000 2792.3955   11.1036
   -7.5000   15.0000    0.0000 2731.7095   11.5149
    0.0000   15.0000    0.0000 2753.2419   11.4260
    7.5000   15.0000    0.0000 2707.4260   11.6288
   -7.5000   22.5000    0.0000 2626.6321   12.2042
    0.0000   22.5000    0.0000 2639.0229   12.1212
    7.5000   22.5000    0.0000 2602.6191   12.3542
   -7.5000   30.0000    0.0000 2496.0588   13.1724
    0.0000   30.0000    0.0000 2505.6958   13.1028
    7.5000   30.0000    0.0000 2478.7905   13.3172
   -7.5000   37.5000    0.0000 2359.7295   14.5824
    0.0000   37.5000    0.0000 2367.2507   14.5142
    7.5000   37.5000    0.0000 2339.0564   14.7323
   -7.5000   45.0000    0.0000 2207.1914   16.4725
    0.0000   45.0000    0.0000 2215.3796   16.4218
    7.5000   45.0000    0.0000 2188.8840   16.6183
   -7.5000  -45.0000    7.5000 2614.6982   12.1668
    0.0000  -45.0000    7.5000 2634.6350   12.0743
    7.5000  -45.0000    7.5000 2618.3135   12.1960
   -7.5000  -37.5000    7.5000 2685.9949   11.3630
    0.0000  -37.5000    7.5000 2707.4622   11.2779
    7.5000  -37.5000    7.5000 2690.2214   11.4236
   -7.5000  -30.0000    7.5000 2753.9065   10.8028
    0.0000  -30.0000    7.5000 2772.0110   10.6988
    7.5000  -30.0000    7.5000 2751.5020   10.8643
   -7.5000  -22.5000    7.5000 2827.0696   10.4889
    0.0000  -22.5000    7.5000 2842.2935   10.3819
    7.5000  -22.5000    7.5000 2815.7944   10.5304
   -7.5000  -15.0000    7.5000 2887.5071   10.3181
    0.0000  -15.0000    7.5000 2910.0071   10.2215
    7.5000  -15.0000    7.5000 2869.6448   10.3659
   -7.5000   -7.5000    7.5000 2920.2078   10.2485
    0.0000   -7.5000    7.5000 2948.4519   10.1162
    7.5000   -7.5000    7.5000 2890.3320   10.3442
   -7.5000    0.0000    7.5000 2907.8855   10.4117
    0.0000    0.0000    7.5000 2929.7620   10.2478
    7.5000    0.0000    7.5000 2876.0938   10.5211
   -7.5000    7.5000    7.5000 2854.1565   10.7546
    0.0000    7.5000    7.5000 2873.5720   10.5970
    7.5000    7.5000    7.5000 2824.9380   10.8599
   -7.5000   15.0000    7.5000 2760.6206   11.2579
    0.0000   15.0000    7.5000 2779.4329   11.1377
    7.5000   15.0000    7.5000 2736.1953   11.3529
   -7.5000   22.5000    7.5000 2648.8984   11.9756
    0.0000   22.5000    7.5000 2658.2268   11.8907
    7.5000   22.5000    7.5000 2625.8130   12.0743
   -7.5000   30.0000    7.5000 2510.1982   12.9636
    0.0000   30.0000    7.5000 2518.6841   12.8857
    7.5000   30.0000    7.5000 2493.6165   13.0362
   -7.5000   37.5000    7.5000 2371.1089   14.3221
    0.0000   37.5000    7.5000 2381.9224   14.2450
    7.5000   37.5000    7.5000 2353.6694   14.4105
   -7.5000   45.0000    7.5000 2219.8926   16.1559
    0.0000   45.0000    7.5000 2226.5979   16.0748
    7.5000   45.0000    7.5000 2202.6311   16.2494
   -7.5000  -45.0000   15.0000 2598.7468   12.1324
    0.0000  -45.0000   15.0000 2618.9395   12.0106
    7.5000  -45.0000   15.0000 2602.4072   12.1715
   -7.5000  -37.5000   15.0000 2673.3994   11.2868
    0.0000  -37.5000   15.0000 2695.3972   11.1634
    7.5000  -37.5000   15.0000 2672.7981   11.3451
   -7.5000  -30.0000   15.0000 2747.2163   10.6998
    0.0000  -30.0000   15.0000 2767.1050   10.5593
    7.5000  -30.0000   15.0000 2743.0271   10.7663
   -7.5000  -22.5000   15.0000 2824.0110   10.3801
    0.0000  -22.5000   15.0000 2845.8203   10.2118
    7.5000  -22.5000   15.0000 2815.6877   10.4268
   -7.5000  -15.0000   15.0000 2886.1265   10.2833
    0.0000  -15.0000   15.0000 2913.8743   10.1444
    7.5000  -15.0000   15.0000 2873.1199   10.3001
   -7.5000   -7.5000   15.0000 2918.9775   10.2484
    0.0000   -7.5000   15.0000 2954.6934   10.1204
    7.5000   -7.5000   15.0000 2898.1760   10.3042
   -7.5000    0.0000   15.0000 2910.5679   10.3758
    0.0000    0.0000   15.0000 2939.1877   10.2345
    7.5000    0.0000   15.0000 2886.3647   10.4501
   -7.5000    7.5000   15.0000 2856.7822   10.6652
    0.0000    7.5000   15.0000 2879.7759   10.5402
    7.5000    7.5000   15.0000 2835.2959   10.7276
   -7.5000   15.0000   15.0000 2760.6501   11.1759
    0.0000   15.0000   15.0000 2780.9194   11.0742
    7.5000   15.0000   15.0000 2742.5510   11.2334
   -7.5000   22.5000   15.0000 2642.7859   11.9325
    0.0000   22.5000   15.0000 2653.7996   11.8464
    7.5000   22.5000   15.0000 2626.0310   11.9969
   -7.5000   30.0000   15.0000 2504.7881   12.9250
    0.0000   30.0000   15.0000 2511.2549   12.8602
    7.5000   30.0000   15.0000 2489.7556   13.0011
   -7.5000   37.5000   15.0000 2366.6897   14.2529
    0.0000   37.5000   15.0000 2372.3120   14.2041
    7.5000   37.5000   15.0000 2349.4065   14.3304
   -7.5000   45.0000   15.0000 2215.4297   15.9906
    0.0000   45.0000   15.0000 2221.3359   15.9347
    7.5000   45.0000   15.0000 2198.7354   16.0592
   -7.5000  -45.0000   22.5000 2573.7485   12.2893
    0.0000  -45.0000   22.5000 2598.7764   12.1084
    7.5000  -45.0000   22.5000 2580.7715   12.3036
   -7.5000  -37.5000   22.5000 2645.1433   11.4517
    0.0000  -37.5000   22.5000 2666.2246   11.2785
    7.5000  -37.5000   22.5000 2648.3154   11.4876
   -7.5000  -30.0000   22.5000 2717.7620   10.8411
    0.0000  -30.0000   22.5000 2737.0491   10.6903
    7.5000  -30.0000   22.5000 2712.1726   10.9040
   -7.5000  -22.5000   22.5000 2790.7449   10.5034
    0.0000  -22.5000   22.5000 2810.0859   10.3517
    7.5000  -22.5000   22.5000 2778.4216   10.5477
   -7.5000  -15.0000   22.5000 2852.7561   10.3577
    0.0000  -15.0000   22.5000 2876.5613   10.2484
    7.5000  -15.0000   22.5000 2836.0361   10.3984
   -7.5000   -7.5000   22.5000 2889.2412   10.3655
    0.0000   -7.5000   22.5000 2914.4751   10.2471
    7.5000   -7.5000   22.5000 2867.5818   10.4259
   -7.5000    0.0000   22.5000 2878.3066   10.5335
    0.0000    0.0000   22.5000 2902.9021   10.4312
    7.5000    0.0000   22.5000 2859.1123   10.5839
   -7.5000    7.5000   22.5000 2821.5596   10.8458
    0.0000    7.5000   22.5000 2842.7087   10.7693
    7.5000    7.5000   22.5000 2804.0505   10.9005
   -7.5000   15.0000   22.5000 2729.4316   11.3509
    0.0000   15.0000   22.5000 2746.6501   11.2770
    7.5000   15.0000   22.5000 2714.4509   11.4117
   -7.5000   22.5000   22.5000 2619.0874   12.0629
    0.0000   22.5000   22.5000 2630.9934   11.9667
    7.5000   22.5000   22.5000 2606.5037   12.1147
   -7.5000   30.0000   22.5000 2481.8005   13.0445
    0.0000   30.0000   22.5000 2490.1721   12.9480
    7.5000   30.0000   22.5000 2471.7551   13.1042
   -7.5000   37.5000   22.5000 2344.7417   14.3442
    0.0000   37.5000   22.5000 2354.4763   14.2693
    7.5000   37.5000   22.5000 2332.1748   14.4043
   -7.5000   45.0000   22.5000 2191.3218   16.0368
    0.0000   45.0000   22.5000 2202.2495   15.9419
    7.5000   45.0000   22.5000 2184.3308   16.1148
   -7.5000  -45.0000   30.0000 2541.2065   12.6326
    0.0000  -45.0000   30.0000 2561.7446   12.4246
    7.5000  -45.0000   30.0000 2545.2002   12.6135
   -7.5000  -37.5000   30.0000 2606.6365   11.7994
    0.0000  -37.5000   30.0000 2626.8535   11.6104
    7.5000  -37.5000   30.0000 2609.7319   11.8066
   -7.5000  -30.0000   30.0000 2671.8423   11.1949
    0.0000  -30.0000   30.0000 2689.3975   11.0181
    7.5000  -30.0000   30.0000 2670.5371   11.2233
   -7.5000  -22.5000   30.0000 2735.1963   10.8291
    0.0000  -22.5000   30.0000 2754.5320   10.6859
    7.5000  -22.5000   30.0000 2728.0593   10.8582
   -7.5000  -15.0000   30.0000 2791.0981   10.6716
    0.0000  -15.0000   30.0000 2805.8452   10.5306
    7.5000  -15.0000   30.0000 2775.6533   10.7165
   -7.5000   -7.5000   30.0000 2824.5137   10.6507
    0.0000   -7.5000   30.0000 2841.2908   10.5260
    7.5000   -7.5000   30.0000 2803.4504   10.7243
   -7.5000    0.0000   30.0000 2810.8687   10.8782
    0.0000    0.0000   30.0000 2827.5334   10.7431
    7.5000    0.0000   30.0000 2794.2039   10.9200
   -7.5000    7.5000   30.0000 2753.5986   11.2282
    0.0000    7.5000   30.0000 2770.3855   11.1108
    7.5000    7.5000   30.0000 2738.6533   11.2805
   -7.5000   15.0000   30.0000 2668.5159   11.7424
    0.0000   15.0000   30.0000 2683.7651   11.6323
    7.5000   15.0000   30.0000 2658.5615   11.7882
   -7.5000   22.5000   30.0000 2565.2087   12.4285
    0.0000   22.5000   30.0000 2580.6104   12.3075
    7.5000   22.5000   30.0000 2557.6829   12.4698
   -7.5000   30.0000   30.0000 2445.4719   13.3530
    0.0000   30.0000   30.0000 2458.7451   13.2360
    7.5000   30.0000   30.0000 2437.0022   13.4141
   -7.5000   37.5000   30.0000 2308.2874   14.6182
    0.0000   37.5000   30.0000 2319.4119   14.5350
    7.5000   37.5000   30.0000 2303.0347   14.6693
   -7.5000   45.0000   30.0000 2158.9219   16.2641
    0.0000   45.0000   30.0000 2168.0674   16.1967
    7.5000   45.0000   30.0000 2156.0498   16.3172
   -7.5000  -45.0000   37.5000 2495.4580   13.2179
    0.0000  -45.0000   37.5000 2517.4385   12.9663
    7.5000  -45.0000   37.5000 2500.2322   13.1557
   -7.5000  -37.5000   37.5000 2562.6045   12.3481
    0.0000  -37.5000   37.5000 2583.8574   12.1131
    7.5000  -37.5000   37.5000 2565.5083   12.3022
   -7.5000  -30.0000   37.5000 2623.2202   11.7327
    0.0000  -30.0000   37.5000 2639.9995   11.5270
    7.5000  -30.0000   37.5000 2622.1655   11.7232
   -7.5000  -22.5000   37.5000 2678.8196   11.3652
    0.0000  -22.5000   37.5000 2692.6069   11.1930
    7.5000  -22.5000   37.5000 2670.7573   11.3811
   -7.5000  -15.0000   37.5000 2721.0078   11.2084
    0.0000  -15.0000   37.5000 2732.5515   11.0616
    7.5000  -15.0000   37.5000 2706.1111   11.2399
   -7.5000   -7.5000   37.5000 2740.3240   11.2088
    0.0000   -7.5000   37.5000 2749.2261   11.0975
    7.5000   -7.5000   37.5000 2723.9695   11.2638
   -7.5000    0.0000   37.5000 2718.4863   11.4423
    0.0000    0.0000   37.5000 2732.7664   11.3229
    7.5000    0.0000   37.5000 2706.7437   11.4781
   -7.5000    7.5000   37.5000 2661.6050   11.8213
    0.0000    7.5000   37.5000 2678.8259   11.6980
    7.5000    7.5000   37.5000 2654.9709   11.8533
   -7.5000   15.0000   37.5000 2588.0562   12.3027
    0.0000   15.0000   37.5000 2605.0366   12.2083
    7.5000   15.0000   37.5000 2580.4180   12.3596
   -7.5000   22.5000   37.5000 2501.0540   12.9542
    0.0000   22.5000   37.5000 2515.7725   12.8569
    7.5000   22.5000   37.5000 2491.3918   13.0089
   -7.5000   30.0000   37.5000 2395.5107   13.8423
    0.0000   30.0000   37.5000 2406.6199   13.7338
    7.5000   30.0000   37.5000 2385.8662   13.9193
   -7.5000   37.5000   37.5000 2266.5803   15.0697
    0.0000   37.5000   37.5000 2276.9148   14.9866
    7.5000   37.5000   37.5000 2260.5894   15.1363
   -7.5000   45.0000   37.5000 2121.8164   16.7169
    0.0000   45.0000   37.5000 2129.5859   16.6664
    7.5000   45.0000   37.5000 2113.0908   16.7881
   -7.5000  -45.0000   45.0000 2436.7124   13.9868
    0.0000  -45.0000   45.0000 2459.3938   13.6900
    7.5000  -45.0000   45.0000 2445.4446   13.8861
   -7.5000  -37.5000   45.0000 2501.8557   13.0841
    0.0000  -37.5000   45.0000 2524.0359   12.8248
    7.5000  -37.5000   45.0000 2506.4878   13.0077
   -7.5000  -30.0000   45.0000 2556.3423   12.4633
    0.0000  -30.0000   45.0000 2575.5549   12.2683
    7.5000  -30.0000   45.0000 2554.2886   12.4162
   -7.5000  -22.5000   45.0000 2598.9153   12.0875
    0.0000  -22.5000   45.0000 2619.1577   11.9140
    7.5000  -22.5000   45.0000 2592.9712   12.0758
   -7.5000  -15.0000   45.0000 2635.1550   11.9412
    0.0000  -15.0000   45.0000 2647.9326   11.7824
    7.5000  -15.0000   45.0000 2620.0754   11.9340
   -7.5000   -7.5000   45.0000 2641.7117   11.9547
    0.0000   -7.5000   45.0000 2651.0146   11.8498
    7.5000   -7.5000   45.0000 2631.5164   11.9832
   -7.5000    0.0000   45.0000 2615.9604   12.2034
    0.0000    0.0000   45.0000 2629.4709   12.0804
    7.5000    0.0000   45.0000 2609.9355   12.2021
   -7.5000    7.5000   45.0000 2563.8774   12.5875
    0.0000    7.5000   45.0000 2578.5393   12.4844
    7.5000    7.5000   45.0000 2562.2080   12.5926
   -7.5000   15.0000   45.0000 2498.9629   13.0840
    0.0000   15.0000   45.0000 2512.2432   13.0003
    7.5000   15.0000   45.0000 2493.3064   13.1089
   -7.5000   22.5000   45.0000 2418.7747   13.7103
    0.0000   22.5000   45.0000 2435.5378   13.6281
    7.5000   22.5000   45.0000 2412.1770   13.7691
   -7.5000   30.0000   45.0000 2330.1670   14.5586
    0.0000   30.0000   45.0000 2344.9292   14.4647
    7.5000   30.0000   45.0000 2323.6748   14.6221
   -7.5000   37.5000   45.0000 2213.5859   15.7680
    0.0000   37.5000   45.0000 2220.7029   15.6773
    7.5000   37.5000   45.0000 2204.8022   15.8207
   -7.5000   45.0000   45.0000 2074.4800   17.4603
    0.0000   45.0000   45.0000 2079.1887   17.3915
    7.5000   45.0000   45.0000 2069.0745   17.5142

---------------------------------------------------------------------
imgreg_4dfp /opt/freesurfer/average/711-2C_as_mni_average_305 /opt/freesurfer/average/711-2B_as_mni_average_305_mask talsrcimg_g11 none talsrcimg_to_711-2C_as_mni_average_305_t4 1283
---------------------------------------------------------------------

freesurfer imgreg_4dfp.c
/opt/freesurfer/average/711-2C_as_mni_average_305.4dfp.img
       256       256       256         1
  1.000000  1.000000  1.000000
orientation T byte_order littleendian
Reading image: /opt/freesurfer/average/711-2C_as_mni_average_305.4dfp.img
dimensions:      256       256       256
mmppix:       1.0000   -1.0000   -1.0000
center:     128.0000 -129.0000 -129.0000
/opt/freesurfer/average/711-2B_as_mni_average_305_mask.4dfp.img
       256       256       256         1
  1.000000  1.000000  1.000000
orientation T byte_order littleendian
Reading mask: /opt/freesurfer/average/711-2B_as_mni_average_305_mask.4dfp.img (2306576 pixels)
talsrcimg_g11.4dfp.img
       256       256       256         1
  1.000000  1.000000  1.000000
orientation T byte_order littleendian
Reading image: talsrcimg_g11.4dfp.img
dimensions:      256       256       256
mmppix:       1.0000   -1.0000   -1.0000
center:     128.0000 -129.0000 -129.0000
rotation matrix determinant  1.000000
fimgreg.f
image alignment mode   1283 decimal      503 hex
parameters
    0.0000   -7.5000   15.0000    0.0000    0.0000    0.0000
eta,q 0.92588 10.13257
niter,ni,del,rscale     5    3   12.0000    1.2000
parameter  4  1.397640 ->  0.500000 qaram    1.1500
parameter  6 -0.639301 -> -0.500000 qaram    1.1500
parameters
   -1.3370   -5.8135   12.8906   -3.4500    0.5023    3.4500
eta,q 0.93409  9.99381
  0.0807  0.0811  0.0749  0.0663  0.0738  0.0724
  0.0752  0.0770  0.0723  0.0667  0.0703  0.0702
  0.0726  0.0741  0.0704  0.0681  0.0680  0.0684
  0.0736  0.0723  0.0719  0.0703  0.0670  0.0670
  0.0775  0.0718  0.0759  0.0731  0.0675  0.0660
  0.0835  0.0728  0.0798  0.0760  0.0692  0.0660
  0.0891  0.0748  0.0838  0.0792  0.0717  0.0663
niter,ni,del,rscale     6    3   12.0000    1.2000
parameter  4  1.087765 ->  0.500000 qaram    1.3225
parameter  6 -0.757042 -> -0.500000 qaram    1.3225
parameters
   -1.3247   -4.4205   11.9018   -7.4175    0.7506    7.4175
eta,q 0.93856  9.95135
  0.0797  0.0742  0.0712  0.0616  0.0685  0.0658
  0.0728  0.0703  0.0679  0.0621  0.0648  0.0646
  0.0673  0.0670  0.0657  0.0629  0.0627  0.0635
  0.0659  0.0659  0.0658  0.0654  0.0622  0.0623
  0.0679  0.0658  0.0687  0.0684  0.0634  0.0616
  0.0730  0.0664  0.0719  0.0721  0.0649  0.0614
  0.0791  0.0689  0.0744  0.0757  0.0669  0.0618
niter,ni,del,rscale     7    3   12.0000    1.2000
parameter  4  0.771529 ->  0.500000 qaram    1.5209
parameters
   -1.0436   -2.8231   10.7996  -11.9801    1.1769    6.1559
eta,q 0.94343  9.90584
  0.0749  0.0722  0.0664  0.0570  0.0637  0.0595
  0.0691  0.0669  0.0627  0.0567  0.0609  0.0583
  0.0640  0.0631  0.0603  0.0579  0.0583  0.0566
  0.0614  0.0612  0.0610  0.0602  0.0569  0.0569
  0.0616  0.0610  0.0637  0.0631  0.0577  0.0575
  0.0667  0.0622  0.0671  0.0677  0.0596  0.0594
  0.0736  0.0643  0.0708  0.0738  0.0622  0.0628
niter,ni,del,rscale     7    3   12.0000    1.2000
parameter  4  0.607916 ->  0.500000 qaram    1.7490
parameters
   -1.4749   -0.8083   10.1311  -17.2272    0.4691    4.5303
eta,q 0.94578  9.91659
  0.0683  0.0692  0.0615  0.0549  0.0607  0.0567
  0.0623  0.0649  0.0588  0.0549  0.0575  0.0554
  0.0576  0.0598  0.0564  0.0548  0.0551  0.0545
  0.0566  0.0565  0.0561  0.0559  0.0547  0.0546
  0.0592  0.0561  0.0580  0.0591  0.0568  0.0559
  0.0650  0.0573  0.0606  0.0630  0.0599  0.0572
  0.0720  0.0597  0.0641  0.0680  0.0638  0.0592
niter,ni,del,rscale     7    3   12.0000    1.2000
parameter  2 -0.729599 -> -0.500000 qaram    1.1500
parameters
   -1.4845    2.6417    9.5002  -19.1716    0.3677    4.0000
eta,q 0.94954  9.90449
  0.0693  0.0633  0.0604  0.0600  0.0579  0.0561
  0.0619  0.0591  0.0559  0.0540  0.0539  0.0536
  0.0564  0.0566  0.0518  0.0512  0.0514  0.0512
  0.0542  0.0542  0.0511  0.0509  0.0504  0.0504
  0.0561  0.0520  0.0538  0.0560  0.0516  0.0516
  0.0621  0.0510  0.0589  0.0618  0.0545  0.0544
  0.0695  0.0526  0.0653  0.0666  0.0582  0.0582
niter,ni,del,rscale     7    3   12.0000    1.2000
parameters
   -1.4530    2.1082    8.9110  -19.6732    0.3443    4.0282
eta,q 0.94917  9.91139
  0.0667  0.0593  0.0599  0.0622  0.0582  0.0565
  0.0584  0.0559  0.0557  0.0558  0.0543  0.0541
  0.0527  0.0526  0.0520  0.0521  0.0519  0.0517
  0.0505  0.0505  0.0508  0.0508  0.0508  0.0508
  0.0526  0.0511  0.0531  0.0531  0.0519  0.0514
  0.0587  0.0567  0.0583  0.0585  0.0546  0.0536
  0.0662  0.0647  0.0646  0.0636  0.0582  0.0569
niter,ni,del,rscale     6    3   12.0000    1.2000
parameters
   -1.4486    2.0768    8.7347  -19.8790    0.3306    4.0908
eta,q 0.94905  9.91597
  0.0668  0.0607  0.0608  0.0627  0.0582  0.0566
  0.0587  0.0566  0.0566  0.0563  0.0544  0.0541
  0.0531  0.0530  0.0529  0.0523  0.0520  0.0518
  0.0508  0.0508  0.0508  0.0509  0.0510  0.0510
  0.0529  0.0509  0.0522  0.0526  0.0519  0.0514
  0.0590  0.0553  0.0567  0.0577  0.0546  0.0535
  0.0666  0.0627  0.0629  0.0631  0.0583  0.0568
niter,ni,del,rscale     5    3   12.0000    1.2000
parameters
   -1.4468    2.0888    8.6872  -19.9616    0.3201    4.1215
eta,q 0.94901  9.91765
  0.0669  0.0610  0.0611  0.0628  0.0582  0.0565
  0.0589  0.0567  0.0569  0.0566  0.0544  0.0541
  0.0533  0.0530  0.0532  0.0525  0.0521  0.0517
  0.0509  0.0509  0.0509  0.0510  0.0510  0.0510
  0.0530  0.0511  0.0520  0.0523  0.0519  0.0515
  0.0591  0.0553  0.0563  0.0575  0.0545  0.0535
  0.0668  0.0625  0.0624  0.0629  0.0583  0.0569
registration optimization eta report
parameter search radius
    6.0000    6.9000    6.0000   10.4940    6.0000    7.9350
100000*second partial in parameter space
       43.       23.       29.       11.       20.        9.
  0.0669  0.0610  0.0611  0.0628  0.0582  0.0565
  0.0589  0.0567  0.0569  0.0566  0.0544  0.0541
  0.0533  0.0530  0.0532  0.0525  0.0521  0.0517
  0.0509  0.0509  0.0509  0.0510  0.0510  0.0510
  0.0530  0.0511  0.0520  0.0523  0.0519  0.0515
  0.0591  0.0553  0.0563  0.0575  0.0545  0.0535
  0.0668  0.0625  0.0624  0.0629  0.0583  0.0569
   -1.4468    2.0888    8.6872  -19.9616    0.3201    4.1215
eta,q 0.94901  9.91765

---------------------------------------------------------------------
imgreg_4dfp /opt/freesurfer/average/711-2C_as_mni_average_305 /opt/freesurfer/average/711-2B_as_mni_average_305_mask talsrcimg_g11 none talsrcimg_to_711-2C_as_mni_average_305_t4 3335
---------------------------------------------------------------------

freesurfer imgreg_4dfp.c
/opt/freesurfer/average/711-2C_as_mni_average_305.4dfp.img
       256       256       256         1
  1.000000  1.000000  1.000000
orientation T byte_order littleendian
Reading image: /opt/freesurfer/average/711-2C_as_mni_average_305.4dfp.img
dimensions:      256       256       256
mmppix:       1.0000   -1.0000   -1.0000
center:     128.0000 -129.0000 -129.0000
/opt/freesurfer/average/711-2B_as_mni_average_305_mask.4dfp.img
       256       256       256         1
  1.000000  1.000000  1.000000
orientation T byte_order littleendian
Reading mask: /opt/freesurfer/average/711-2B_as_mni_average_305_mask.4dfp.img (2306576 pixels)
talsrcimg_g11.4dfp.img
       256       256       256         1
  1.000000  1.000000  1.000000
orientation T byte_order littleendian
Reading image: talsrcimg_g11.4dfp.img
dimensions:      256       256       256
mmppix:       1.0000   -1.0000   -1.0000
center:     128.0000 -129.0000 -129.0000
fimgreg.f
image alignment mode   3335 decimal      D07 hex
parameters
   -1.4468    2.0888    8.6872   -0.2602   -6.2372   -6.0093
   -6.5651   -2.9773    7.1870   34.0130    0.5586  -34.1385
eta,q 0.94948  9.99702
niter,ni,del,rscale     5    3    5.0000    1.2000
parameter  4  1.034670 ->  0.500000 qaram    1.1500
parameter  5  2.627439 ->  0.500000 qaram    1.1500
parameter  6  1.233527 ->  0.500000 qaram    1.1500
parameter 10  1.343124 ->  0.500000 qaram    1.1500
parameter 12 -1.141174 -> -0.500000 qaram    1.1500
parameters
   -1.5267    1.6472    8.5106   -4.4002  -10.3772  -10.1493
   -6.0804   -2.4023    7.0425   29.8730    0.2227  -29.9985
eta,q 0.96399  9.44048
  0.0529  0.0514  0.0517  0.0471  0.0414  0.0384  0.0417  0.0443  0.0409  0.0363  0.0384  0.0409
  0.0516  0.0508  0.0510  0.0475  0.0432  0.0393  0.0406  0.0421  0.0402  0.0369  0.0376  0.0393
  0.0508  0.0505  0.0505  0.0485  0.0453  0.0410  0.0399  0.0404  0.0398  0.0379  0.0372  0.0380
  0.0505  0.0505  0.0505  0.0504  0.0477  0.0437  0.0396  0.0396  0.0396  0.0396  0.0371  0.0371
  0.0508  0.0509  0.0507  0.0532  0.0505  0.0473  0.0398  0.0398  0.0398  0.0417  0.0373  0.0364
  0.0518  0.0515  0.0513  0.0564  0.0536  0.0517  0.0403  0.0411  0.0402  0.0442  0.0378  0.0359
  0.0533  0.0524  0.0522  0.0603  0.0570  0.0564  0.0412  0.0431  0.0410  0.0469  0.0386  0.0356
niter,ni,del,rscale     7    3    5.0000    1.2000
parameter  5  1.563679 ->  0.500000 qaram    1.3225
parameter  6  0.566180 ->  0.500000 qaram    1.3225
parameter 10  0.697969 ->  0.500000 qaram    1.3225
parameter 12 -0.548774 -> -0.500000 qaram    1.3225
parameters
   -1.5557    2.5577    8.0389   -7.1430  -15.1382  -14.9103
   -6.1496   -2.4055    7.2081   25.1120   -1.5813  -25.2375
eta,q 0.97045  8.77868
  0.0389  0.0390  0.0368  0.0368  0.0309  0.0314  0.0331  0.0344  0.0330  0.0305  0.0305  0.0332
  0.0373  0.0377  0.0360  0.0360  0.0319  0.0313  0.0322  0.0327  0.0321  0.0301  0.0302  0.0318
  0.0363  0.0367  0.0356  0.0355  0.0334  0.0315  0.0316  0.0317  0.0316  0.0304  0.0301  0.0308
  0.0360  0.0360  0.0357  0.0356  0.0355  0.0323  0.0314  0.0314  0.0314  0.0314  0.0301  0.0300
  0.0364  0.0357  0.0362  0.0367  0.0381  0.0342  0.0316  0.0317  0.0315  0.0329  0.0303  0.0296
  0.0374  0.0358  0.0370  0.0392  0.0411  0.0376  0.0322  0.0327  0.0320  0.0350  0.0306  0.0296
  0.0390  0.0365  0.0382  0.0423  0.0445  0.0422  0.0332  0.0343  0.0328  0.0373  0.0311  0.0299
niter,ni,del,rscale     7    3    5.0000    1.2000
parameter  5  0.648930 ->  0.500000 qaram    1.5209
parameters
   -1.6180    2.4707    8.7103   -7.7689  -20.6134  -16.5365
   -6.7036   -2.1864    7.4938   23.8135   -0.5711  -24.5152
eta,q 0.97216  8.37954
  0.0320  0.0316  0.0317  0.0309  0.0285  0.0301  0.0298  0.0313  0.0299  0.0311  0.0287  0.0302
  0.0306  0.0304  0.0307  0.0302  0.0281  0.0289  0.0287  0.0295  0.0289  0.0290  0.0283  0.0291
  0.0298  0.0297  0.0300  0.0297  0.0283  0.0282  0.0281  0.0284  0.0283  0.0280  0.0280  0.0282
  0.0295  0.0296  0.0295  0.0294  0.0294  0.0280  0.0280  0.0280  0.0280  0.0280  0.0279  0.0279
  0.0299  0.0299  0.0294  0.0295  0.0313  0.0287  0.0284  0.0284  0.0281  0.0290  0.0279  0.0280
  0.0308  0.0307  0.0296  0.0302  0.0337  0.0300  0.0292  0.0294  0.0287  0.0308  0.0280  0.0287
  0.0322  0.0319  0.0302  0.0320  0.0369  0.0329  0.0304  0.0308  0.0297  0.0331  0.0284  0.0296
niter,ni,del,rscale     7    3    5.0000    1.2000
parameters
   -1.5983    2.7075    8.1395   -7.9443  -21.9412  -17.4841
   -6.7157   -2.2990    7.4192   24.0551   -0.7502  -24.5855
eta,q 0.97225  8.26716
  0.0303  0.0305  0.0285  0.0291  0.0305  0.0303  0.0298  0.0307  0.0294  0.0320  0.0283  0.0296
  0.0290  0.0291  0.0280  0.0283  0.0290  0.0288  0.0287  0.0290  0.0285  0.0296  0.0280  0.0286
  0.0282  0.0282  0.0278  0.0280  0.0280  0.0280  0.0280  0.0280  0.0279  0.0282  0.0278  0.0279
  0.0278  0.0278  0.0278  0.0277  0.0278  0.0278  0.0277  0.0277  0.0277  0.0277  0.0277  0.0277
  0.0281  0.0280  0.0282  0.0277  0.0285  0.0285  0.0280  0.0282  0.0279  0.0283  0.0278  0.0280
  0.0289  0.0286  0.0288  0.0281  0.0301  0.0296  0.0287  0.0292  0.0285  0.0296  0.0280  0.0287
  0.0303  0.0296  0.0297  0.0296  0.0325  0.0315  0.0298  0.0308  0.0295  0.0314  0.0283  0.0295
niter,ni,del,rscale     6    3    5.0000    1.2000
parameters
   -1.6246    2.9191    7.6149   -8.2497  -22.4890  -18.5501
   -6.5826   -2.4503    7.5122   24.6365   -0.9842  -24.4619
eta,q 0.97234  8.18581
  0.0300  0.0302  0.0284  0.0289  0.0307  0.0302  0.0297  0.0305  0.0293  0.0319  0.0281  0.0293
  0.0288  0.0289  0.0279  0.0281  0.0292  0.0288  0.0286  0.0289  0.0284  0.0297  0.0278  0.0284
  0.0280  0.0281  0.0277  0.0278  0.0281  0.0279  0.0279  0.0279  0.0279  0.0282  0.0277  0.0278
  0.0277  0.0277  0.0277  0.0277  0.0277  0.0277  0.0277  0.0277  0.0277  0.0277  0.0277  0.0277
  0.0280  0.0279  0.0281  0.0277  0.0281  0.0285  0.0279  0.0281  0.0278  0.0280  0.0277  0.0279
  0.0288  0.0285  0.0286  0.0280  0.0295  0.0297  0.0285  0.0291  0.0283  0.0292  0.0279  0.0284
  0.0302  0.0294  0.0294  0.0293  0.0316  0.0314  0.0295  0.0307  0.0292  0.0309  0.0282  0.0292
niter,ni,del,rscale     5    3    5.0000    1.2000
parameters
   -1.6875    3.1991    7.0256   -8.6234  -23.3714  -19.9493
   -6.3679   -2.6754    7.6340   25.6389   -0.9509  -23.8335
eta,q 0.97253  8.07330
  0.0298  0.0301  0.0282  0.0287  0.0303  0.0299  0.0295  0.0302  0.0291  0.0318  0.0280  0.0291
  0.0286  0.0288  0.0278  0.0279  0.0288  0.0286  0.0285  0.0287  0.0283  0.0297  0.0277  0.0282
  0.0279  0.0280  0.0276  0.0276  0.0279  0.0277  0.0278  0.0278  0.0277  0.0282  0.0275  0.0277
  0.0277  0.0277  0.0276  0.0276  0.0276  0.0276  0.0275  0.0275  0.0275  0.0275  0.0275  0.0275
  0.0279  0.0277  0.0280  0.0276  0.0281  0.0285  0.0277  0.0280  0.0276  0.0277  0.0275  0.0276
  0.0287  0.0282  0.0285  0.0279  0.0294  0.0299  0.0283  0.0290  0.0282  0.0287  0.0277  0.0280
  0.0301  0.0291  0.0293  0.0291  0.0315  0.0315  0.0293  0.0305  0.0291  0.0303  0.0280  0.0287
niter,ni,del,rscale     4    3    5.0000    1.2000
parameters
   -1.7928    3.7277    6.2170   -9.2654  -25.0394  -21.8774
   -6.0833   -2.9545    7.4927   27.2890   -0.1855  -22.8919
eta,q 0.97310  7.90143
  0.0294  0.0302  0.0277  0.0283  0.0296  0.0293  0.0290  0.0297  0.0288  0.0318  0.0278  0.0286
  0.0284  0.0289  0.0273  0.0274  0.0282  0.0280  0.0280  0.0283  0.0279  0.0297  0.0274  0.0277
  0.0277  0.0280  0.0272  0.0271  0.0273  0.0272  0.0274  0.0274  0.0273  0.0281  0.0271  0.0272
  0.0275  0.0275  0.0274  0.0272  0.0272  0.0272  0.0271  0.0271  0.0271  0.0271  0.0269  0.0269
  0.0277  0.0274  0.0278  0.0274  0.0280  0.0282  0.0273  0.0276  0.0273  0.0270  0.0269  0.0270
  0.0286  0.0278  0.0284  0.0277  0.0295  0.0300  0.0278  0.0286  0.0280  0.0279  0.0271  0.0274
  0.0299  0.0285  0.0292  0.0287  0.0317  0.0320  0.0287  0.0300  0.0290  0.0296  0.0275  0.0280
niter,ni,del,rscale     3    3    5.0000    1.2000
parameters
   -1.8755    4.3983    5.4111   -9.9786  -26.5437  -23.3547
   -6.0495   -2.9326    7.1049   28.3906    0.5288  -22.6376
eta,q 0.97359  7.76147
  0.0288  0.0301  0.0271  0.0278  0.0292  0.0290  0.0283  0.0293  0.0283  0.0312  0.0274  0.0279
  0.0278  0.0286  0.0268  0.0268  0.0277  0.0277  0.0274  0.0279  0.0273  0.0291  0.0269  0.0271
  0.0271  0.0275  0.0266  0.0265  0.0268  0.0268  0.0268  0.0269  0.0267  0.0275  0.0266  0.0266
  0.0269  0.0269  0.0268  0.0266  0.0266  0.0265  0.0265  0.0265  0.0265  0.0265  0.0264  0.0264
  0.0271  0.0268  0.0271  0.0270  0.0273  0.0273  0.0267  0.0269  0.0268  0.0266  0.0264  0.0266
  0.0279  0.0271  0.0278  0.0273  0.0290  0.0291  0.0274  0.0279  0.0276  0.0277  0.0267  0.0271
  0.0292  0.0278  0.0286  0.0281  0.0313  0.0314  0.0283  0.0293  0.0287  0.0297  0.0271  0.0277
niter,ni,del,rscale     2    3    5.0000    1.2000
parameters
   -1.8087    4.7299    5.0075  -10.2292  -26.9912  -23.9592
   -6.0668   -2.7958    6.9269   28.8350    0.6662  -22.9353
eta,q 0.97367  7.72144
  0.0286  0.0291  0.0271  0.0279  0.0296  0.0293  0.0281  0.0293  0.0283  0.0308  0.0272  0.0276
  0.0275  0.0277  0.0266  0.0268  0.0280  0.0279  0.0272  0.0278  0.0272  0.0287  0.0268  0.0269
  0.0267  0.0268  0.0264  0.0263  0.0268  0.0268  0.0266  0.0268  0.0266  0.0271  0.0265  0.0265
  0.0264  0.0264  0.0264  0.0263  0.0263  0.0263  0.0264  0.0264  0.0264  0.0264  0.0263  0.0263
  0.0266  0.0265  0.0266  0.0268  0.0268  0.0268  0.0266  0.0267  0.0266  0.0267  0.0264  0.0266
  0.0273  0.0270  0.0271  0.0272  0.0282  0.0283  0.0272  0.0277  0.0274  0.0281  0.0267  0.0271
  0.0284  0.0279  0.0278  0.0278  0.0305  0.0304  0.0281  0.0291  0.0285  0.0301  0.0272  0.0277
niter,ni,del,rscale     1    3    5.0000    1.2000
parameters
   -1.7536    4.8403    4.8622  -10.2751  -27.0831  -24.1593
   -6.0768   -2.7163    6.8727   29.0614    0.6251  -23.1541
eta,q 0.97367  7.71527
  0.0285  0.0286  0.0273  0.0280  0.0298  0.0295  0.0281  0.0293  0.0283  0.0306  0.0272  0.0276
  0.0274  0.0274  0.0267  0.0269  0.0282  0.0280  0.0272  0.0278  0.0273  0.0285  0.0267  0.0269
  0.0266  0.0266  0.0264  0.0263  0.0269  0.0269  0.0266  0.0267  0.0266  0.0270  0.0264  0.0265
  0.0263  0.0263  0.0263  0.0263  0.0263  0.0263  0.0263  0.0263  0.0263  0.0263  0.0263  0.0263
  0.0265  0.0265  0.0265  0.0267  0.0266  0.0266  0.0266  0.0267  0.0266  0.0268  0.0264  0.0266
  0.0272  0.0272  0.0269  0.0272  0.0280  0.0280  0.0272  0.0277  0.0273  0.0282  0.0267  0.0271
  0.0284  0.0282  0.0275  0.0278  0.0302  0.0300  0.0281  0.0291  0.0284  0.0303  0.0272  0.0277
registration optimization eta report
parameter search radius
    2.4000    2.4000    2.4000    8.2800   10.9503    9.5220
    7.2000    7.2000    7.2000    9.5220    7.2000    9.5220
100000*second partial in parameter space
       37.       36.       19.        2.        3.        4.
        3.        5.        4.        4.        2.        1.
  0.0285  0.0286  0.0273  0.0280  0.0298  0.0295  0.0281  0.0293  0.0283  0.0306  0.0272  0.0276
  0.0274  0.0274  0.0267  0.0269  0.0282  0.0280  0.0272  0.0278  0.0273  0.0285  0.0267  0.0269
  0.0266  0.0266  0.0264  0.0263  0.0269  0.0269  0.0266  0.0267  0.0266  0.0270  0.0264  0.0265
  0.0263  0.0263  0.0263  0.0263  0.0263  0.0263  0.0263  0.0263  0.0263  0.0263  0.0263  0.0263
  0.0265  0.0265  0.0265  0.0267  0.0266  0.0266  0.0266  0.0267  0.0266  0.0268  0.0264  0.0266
  0.0272  0.0272  0.0269  0.0272  0.0280  0.0280  0.0272  0.0277  0.0273  0.0282  0.0267  0.0271
  0.0284  0.0282  0.0275  0.0278  0.0302  0.0300  0.0281  0.0291  0.0284  0.0303  0.0272  0.0277
   -1.7536    4.8403    4.8622  -10.2751  -27.0831  -24.1593
   -6.0768   -2.7163    6.8727   29.0614    0.6251  -23.1541
eta,q 0.97367  7.71527

---------------------------------------------------------------------
imgreg_4dfp /opt/freesurfer/average/711-2C_as_mni_average_305 /opt/freesurfer/average/711-2B_as_mni_average_305_mask talsrcimg_g11 none talsrcimg_to_711-2C_as_mni_average_305_t4 2311
---------------------------------------------------------------------

freesurfer imgreg_4dfp.c
/opt/freesurfer/average/711-2C_as_mni_average_305.4dfp.img
       256       256       256         1
  1.000000  1.000000  1.000000
orientation T byte_order littleendian
Reading image: /opt/freesurfer/average/711-2C_as_mni_average_305.4dfp.img
dimensions:      256       256       256
mmppix:       1.0000   -1.0000   -1.0000
center:     128.0000 -129.0000 -129.0000
/opt/freesurfer/average/711-2B_as_mni_average_305_mask.4dfp.img
       256       256       256         1
  1.000000  1.000000  1.000000
orientation T byte_order littleendian
Reading mask: /opt/freesurfer/average/711-2B_as_mni_average_305_mask.4dfp.img (2306576 pixels)
talsrcimg_g11.4dfp.img
       256       256       256         1
  1.000000  1.000000  1.000000
orientation T byte_order littleendian
Reading image: talsrcimg_g11.4dfp.img
dimensions:      256       256       256
mmppix:       1.0000   -1.0000   -1.0000
center:     128.0000 -129.0000 -129.0000
fimgreg.f
image alignment mode   2311 decimal      907 hex
parameters
   -1.7536    4.8403    4.8622  -10.2751  -27.0831  -24.1593
   -6.0768   -2.7163    6.8727   29.0614    0.6251  -23.1541
eta,q 0.97367  7.71527
niter,ni,del,rscale     5    3    5.0000    0.8000
parameters
   -1.7094    4.8417    4.8244  -11.2293  -26.4694  -23.6338
   -6.1138   -2.6065    6.8490   29.1308    0.6063  -23.5862
eta,q 0.97379  7.71772
  0.0273  0.0273  0.0268  0.0267  0.0272  0.0274  0.0271  0.0277  0.0272  0.0275  0.0266  0.0265
  0.0268  0.0267  0.0265  0.0264  0.0268  0.0269  0.0266  0.0269  0.0266  0.0268  0.0264  0.0263
  0.0265  0.0264  0.0264  0.0263  0.0264  0.0265  0.0263  0.0264  0.0263  0.0264  0.0263  0.0262
  0.0263  0.0263  0.0263  0.0263  0.0263  0.0262  0.0262  0.0262  0.0262  0.0262  0.0262  0.0262
  0.0264  0.0264  0.0264  0.0265  0.0263  0.0262  0.0263  0.0264  0.0263  0.0263  0.0263  0.0263
  0.0267  0.0268  0.0266  0.0268  0.0265  0.0265  0.0266  0.0269  0.0267  0.0268  0.0264  0.0265
  0.0272  0.0273  0.0268  0.0271  0.0269  0.0270  0.0271  0.0276  0.0272  0.0274  0.0266  0.0267
niter,ni,del,rscale     4    3    5.0000    0.7000
parameters
   -1.7521    4.8500    4.8832  -11.3777  -26.5072  -23.4837
   -6.0646   -2.6444    6.8543   29.2095    0.5907  -23.6815
eta,q 0.97380  7.71659
  0.0270  0.0270  0.0266  0.0268  0.0268  0.0270  0.0269  0.0273  0.0269  0.0272  0.0265  0.0265
  0.0265  0.0265  0.0264  0.0264  0.0265  0.0266  0.0265  0.0267  0.0265  0.0267  0.0263  0.0263
  0.0263  0.0263  0.0263  0.0262  0.0263  0.0263  0.0263  0.0263  0.0263  0.0263  0.0262  0.0262
  0.0262  0.0262  0.0262  0.0262  0.0262  0.0262  0.0262  0.0262  0.0262  0.0262  0.0262  0.0262
  0.0263  0.0263  0.0262  0.0263  0.0263  0.0262  0.0263  0.0263  0.0263  0.0263  0.0262  0.0262
  0.0266  0.0265  0.0264  0.0265  0.0265  0.0265  0.0265  0.0267  0.0265  0.0266  0.0263  0.0264
  0.0270  0.0269  0.0266  0.0268  0.0269  0.0270  0.0269  0.0273  0.0269  0.0271  0.0265  0.0265
niter,ni,del,rscale     3    3    5.0000    0.6000
parameters
   -1.7759    4.8535    4.9099  -11.5186  -26.5050  -23.3667
   -6.0359   -2.6669    6.8537   29.2360    0.5879  -23.7294
eta,q 0.97381  7.71490
  0.0268  0.0267  0.0265  0.0266  0.0267  0.0268  0.0267  0.0270  0.0267  0.0269  0.0264  0.0264
  0.0264  0.0264  0.0263  0.0264  0.0264  0.0265  0.0264  0.0266  0.0264  0.0265  0.0263  0.0263
  0.0263  0.0263  0.0262  0.0262  0.0263  0.0263  0.0262  0.0263  0.0263  0.0263  0.0262  0.0262
  0.0262  0.0262  0.0262  0.0262  0.0262  0.0262  0.0262  0.0262  0.0262  0.0262  0.0262  0.0262
  0.0263  0.0263  0.0262  0.0263  0.0262  0.0262  0.0262  0.0263  0.0263  0.0263  0.0262  0.0262
  0.0265  0.0264  0.0263  0.0264  0.0264  0.0264  0.0264  0.0266  0.0264  0.0265  0.0263  0.0263
  0.0268  0.0267  0.0265  0.0266  0.0267  0.0268  0.0267  0.0270  0.0267  0.0269  0.0264  0.0264
niter,ni,del,rscale     2    3    5.0000    0.5000
parameters
   -1.7940    4.8535    4.9297  -11.6243  -26.4948  -23.2724
   -6.0134   -2.6835    6.8495   29.2422    0.6003  -23.7528
eta,q 0.97382  7.71375
  0.0266  0.0266  0.0264  0.0265  0.0265  0.0266  0.0265  0.0268  0.0266  0.0267  0.0264  0.0263
  0.0264  0.0264  0.0263  0.0263  0.0263  0.0264  0.0263  0.0265  0.0264  0.0264  0.0263  0.0263
  0.0262  0.0262  0.0262  0.0262  0.0262  0.0263  0.0262  0.0263  0.0262  0.0263  0.0262  0.0262
  0.0262  0.0262  0.0262  0.0262  0.0262  0.0262  0.0262  0.0262  0.0262  0.0262  0.0262  0.0262
  0.0262  0.0262  0.0262  0.0263  0.0262  0.0262  0.0262  0.0263  0.0262  0.0262  0.0262  0.0262
  0.0264  0.0264  0.0263  0.0264  0.0263  0.0263  0.0263  0.0265  0.0264  0.0264  0.0263  0.0263
  0.0266  0.0266  0.0264  0.0265  0.0265  0.0266  0.0265  0.0268  0.0266  0.0267  0.0264  0.0263
niter,ni,del,rscale     1    3    5.0000    0.4000
parameters
   -1.8066    4.8508    4.9381  -11.7517  -26.4833  -23.1796
   -5.9948   -2.6862    6.8478   29.2558    0.6015  -23.7570
eta,q 0.97382  7.71142
  0.0264  0.0264  0.0263  0.0264  0.0264  0.0265  0.0264  0.0266  0.0264  0.0265  0.0263  0.0263
  0.0263  0.0263  0.0262  0.0263  0.0263  0.0263  0.0263  0.0264  0.0263  0.0263  0.0262  0.0262
  0.0262  0.0262  0.0262  0.0262  0.0262  0.0262  0.0262  0.0262  0.0262  0.0262  0.0262  0.0262
  0.0262  0.0262  0.0262  0.0262  0.0262  0.0262  0.0262  0.0262  0.0262  0.0262  0.0262  0.0262
  0.0262  0.0262  0.0262  0.0262  0.0262  0.0262  0.0262  0.0262  0.0262  0.0262  0.0262  0.0262
  0.0263  0.0263  0.0262  0.0263  0.0263  0.0263  0.0263  0.0264  0.0263  0.0263  0.0262  0.0262
  0.0265  0.0264  0.0263  0.0264  0.0264  0.0264  0.0264  0.0266  0.0264  0.0265  0.0263  0.0263
registration optimization eta report
parameter search radius
    0.8000    0.8000    0.8000    2.4000    2.4000    2.4000
    2.4000    2.4000    2.4000    2.4000    2.4000    2.4000
100000*second partial in parameter space
       41.       38.       20.        4.        4.        5.
        4.        7.        4.        6.        2.        2.
  0.0264  0.0264  0.0263  0.0264  0.0264  0.0265  0.0264  0.0266  0.0264  0.0265  0.0263  0.0263
  0.0263  0.0263  0.0262  0.0263  0.0263  0.0263  0.0263  0.0264  0.0263  0.0263  0.0262  0.0262
  0.0262  0.0262  0.0262  0.0262  0.0262  0.0262  0.0262  0.0262  0.0262  0.0262  0.0262  0.0262
  0.0262  0.0262  0.0262  0.0262  0.0262  0.0262  0.0262  0.0262  0.0262  0.0262  0.0262  0.0262
  0.0262  0.0262  0.0262  0.0262  0.0262  0.0262  0.0262  0.0262  0.0262  0.0262  0.0262  0.0262
  0.0263  0.0263  0.0262  0.0263  0.0263  0.0263  0.0263  0.0264  0.0263  0.0263  0.0262  0.0262
  0.0265  0.0264  0.0263  0.0264  0.0264  0.0264  0.0264  0.0266  0.0264  0.0265  0.0263  0.0263
   -1.8066    4.8508    4.9381  -11.7517  -26.4833  -23.1796
   -5.9948   -2.6862    6.8478   29.2558    0.6015  -23.7570
eta,q 0.97382  7.71142

---------------------------------------------------------------------
imgreg_4dfp /opt/freesurfer/average/711-2C_as_mni_average_305 /opt/freesurfer/average/711-2B_as_mni_average_305_mask talsrcimg_g11 none talsrcimg_to_711-2C_as_mni_average_305_t4 2311
---------------------------------------------------------------------

freesurfer imgreg_4dfp.c
/opt/freesurfer/average/711-2C_as_mni_average_305.4dfp.img
       256       256       256         1
  1.000000  1.000000  1.000000
orientation T byte_order littleendian
Reading image: /opt/freesurfer/average/711-2C_as_mni_average_305.4dfp.img
dimensions:      256       256       256
mmppix:       1.0000   -1.0000   -1.0000
center:     128.0000 -129.0000 -129.0000
/opt/freesurfer/average/711-2B_as_mni_average_305_mask.4dfp.img
       256       256       256         1
  1.000000  1.000000  1.000000
orientation T byte_order littleendian
Reading mask: /opt/freesurfer/average/711-2B_as_mni_average_305_mask.4dfp.img (2306576 pixels)
talsrcimg_g11.4dfp.img
       256       256       256         1
  1.000000  1.000000  1.000000
orientation T byte_order littleendian
Reading image: talsrcimg_g11.4dfp.img
dimensions:      256       256       256
mmppix:       1.0000   -1.0000   -1.0000
center:     128.0000 -129.0000 -129.0000
fimgreg.f
image alignment mode   2311 decimal      907 hex
parameters
   -1.8066    4.8508    4.9381  -11.7517  -26.4833  -23.1796
   -5.9948   -2.6862    6.8478   29.2558    0.6015  -23.7570
eta,q 0.97382  7.71142
niter,ni,del,rscale     5    3    5.0000    0.8000
parameters
   -1.8047    4.8802    4.9563  -11.3637  -26.6346  -23.4808
   -6.0132   -2.6922    6.8567   29.2594    0.6176  -23.6565
eta,q 0.97380  7.71354
  0.0272  0.0272  0.0267  0.0271  0.0269  0.0271  0.0271  0.0276  0.0272  0.0274  0.0266  0.0266
  0.0266  0.0266  0.0264  0.0266  0.0265  0.0266  0.0266  0.0269  0.0266  0.0268  0.0264  0.0264
  0.0263  0.0263  0.0262  0.0263  0.0263  0.0263  0.0263  0.0264  0.0263  0.0264  0.0263  0.0263
  0.0262  0.0262  0.0262  0.0262  0.0262  0.0262  0.0262  0.0262  0.0262  0.0262  0.0262  0.0262
  0.0263  0.0263  0.0262  0.0263  0.0263  0.0263  0.0263  0.0264  0.0263  0.0263  0.0262  0.0262
  0.0267  0.0266  0.0264  0.0265  0.0266  0.0267  0.0266  0.0269  0.0266  0.0268  0.0264  0.0264
  0.0272  0.0271  0.0267  0.0268  0.0271  0.0274  0.0271  0.0276  0.0271  0.0274  0.0266  0.0266
niter,ni,del,rscale     4    3    5.0000    0.7000
parameters
   -1.7842    4.8659    4.9104  -11.4050  -26.5518  -23.4576
   -6.0251   -2.6757    6.8633   29.2395    0.6100  -23.6927
eta,q 0.97380  7.71522
  0.0270  0.0269  0.0266  0.0268  0.0268  0.0270  0.0269  0.0273  0.0269  0.0272  0.0265  0.0265
  0.0266  0.0265  0.0264  0.0264  0.0265  0.0266  0.0265  0.0267  0.0265  0.0267  0.0263  0.0263
  0.0263  0.0263  0.0262  0.0262  0.0263  0.0263  0.0263  0.0263  0.0263  0.0263  0.0262  0.0262
  0.0262  0.0262  0.0262  0.0262  0.0262  0.0262  0.0262  0.0262  0.0262  0.0262  0.0262  0.0262
  0.0263  0.0263  0.0263  0.0263  0.0263  0.0263  0.0263  0.0263  0.0263  0.0263  0.0262  0.0262
  0.0265  0.0265  0.0264  0.0265  0.0265  0.0265  0.0265  0.0267  0.0265  0.0267  0.0263  0.0263
  0.0270  0.0269  0.0266  0.0268  0.0268  0.0270  0.0269  0.0273  0.0269  0.0272  0.0265  0.0265
niter,ni,del,rscale     3    3    5.0000    0.6000
parameters
   -1.7845    4.8575    4.9084  -11.5252  -26.5098  -23.3683
   -6.0220   -2.6781    6.8477   29.2413    0.5945  -23.7141
eta,q 0.97381  7.71425
  0.0268  0.0267  0.0265  0.0266  0.0267  0.0268  0.0267  0.0270  0.0267  0.0269  0.0264  0.0264
  0.0265  0.0264  0.0263  0.0264  0.0264  0.0265  0.0264  0.0266  0.0264  0.0265  0.0263  0.0263
  0.0263  0.0263  0.0262  0.0262  0.0263  0.0263  0.0263  0.0263  0.0263  0.0263  0.0262  0.0262
  0.0262  0.0262  0.0262  0.0262  0.0262  0.0262  0.0262  0.0262  0.0262  0.0262  0.0262  0.0262
  0.0263  0.0263  0.0262  0.0263  0.0262  0.0262  0.0262  0.0263  0.0263  0.0263  0.0262  0.0262
  0.0265  0.0264  0.0263  0.0264  0.0264  0.0264  0.0264  0.0266  0.0264  0.0265  0.0263  0.0263
  0.0268  0.0267  0.0265  0.0266  0.0267  0.0268  0.0267  0.0270  0.0267  0.0269  0.0264  0.0264
niter,ni,del,rscale     2    3    5.0000    0.5000
parameters
   -1.7967    4.8547    4.9262  -11.6362  -26.4922  -23.2714
   -6.0060   -2.6862    6.8475   29.2457    0.5914  -23.7460
eta,q 0.97381  7.71330
  0.0266  0.0266  0.0264  0.0265  0.0265  0.0266  0.0265  0.0268  0.0266  0.0267  0.0264  0.0263
  0.0264  0.0264  0.0263  0.0263  0.0263  0.0264  0.0263  0.0265  0.0264  0.0264  0.0263  0.0263
  0.0262  0.0262  0.0262  0.0262  0.0262  0.0263  0.0262  0.0263  0.0262  0.0263  0.0262  0.0262
  0.0262  0.0262  0.0262  0.0262  0.0262  0.0262  0.0262  0.0262  0.0262  0.0262  0.0262  0.0262
  0.0262  0.0262  0.0262  0.0263  0.0262  0.0262  0.0262  0.0263  0.0262  0.0262  0.0262  0.0262
  0.0264  0.0264  0.0263  0.0264  0.0263  0.0263  0.0263  0.0265  0.0264  0.0264  0.0263  0.0263
  0.0266  0.0266  0.0264  0.0265  0.0265  0.0266  0.0265  0.0268  0.0266  0.0267  0.0264  0.0263
niter,ni,del,rscale     1    3    5.0000    0.4000
parameters
   -1.8110    4.8520    4.9385  -11.7517  -26.4897  -23.1778
   -5.9904   -2.6905    6.8451   29.2458    0.6158  -23.7826
eta,q 0.97382  7.71133
  0.0264  0.0264  0.0263  0.0264  0.0264  0.0265  0.0264  0.0266  0.0264  0.0265  0.0263  0.0263
  0.0263  0.0263  0.0262  0.0263  0.0263  0.0263  0.0263  0.0264  0.0263  0.0263  0.0262  0.0262
  0.0262  0.0262  0.0262  0.0262  0.0262  0.0262  0.0262  0.0262  0.0262  0.0262  0.0262  0.0262
  0.0262  0.0262  0.0262  0.0262  0.0262  0.0262  0.0262  0.0262  0.0262  0.0262  0.0262  0.0262
  0.0262  0.0262  0.0262  0.0262  0.0262  0.0262  0.0262  0.0262  0.0262  0.0262  0.0262  0.0262
  0.0263  0.0263  0.0262  0.0263  0.0263  0.0263  0.0263  0.0264  0.0263  0.0263  0.0262  0.0262
  0.0265  0.0264  0.0263  0.0264  0.0264  0.0264  0.0264  0.0266  0.0264  0.0265  0.0263  0.0263
registration optimization eta report
parameter search radius
    0.8000    0.8000    0.8000    2.4000    2.4000    2.4000
    2.4000    2.4000    2.4000    2.4000    2.4000    2.4000
100000*second partial in parameter space
       40.       37.       20.        4.        4.        5.
        4.        7.        4.        6.        2.        2.
  0.0264  0.0264  0.0263  0.0264  0.0264  0.0265  0.0264  0.0266  0.0264  0.0265  0.0263  0.0263
  0.0263  0.0263  0.0262  0.0263  0.0263  0.0263  0.0263  0.0264  0.0263  0.0263  0.0262  0.0262
  0.0262  0.0262  0.0262  0.0262  0.0262  0.0262  0.0262  0.0262  0.0262  0.0262  0.0262  0.0262
  0.0262  0.0262  0.0262  0.0262  0.0262  0.0262  0.0262  0.0262  0.0262  0.0262  0.0262  0.0262
  0.0262  0.0262  0.0262  0.0262  0.0262  0.0262  0.0262  0.0262  0.0262  0.0262  0.0262  0.0262
  0.0263  0.0263  0.0262  0.0263  0.0263  0.0263  0.0263  0.0264  0.0263  0.0263  0.0262  0.0262
  0.0265  0.0264  0.0263  0.0264  0.0264  0.0264  0.0264  0.0266  0.0264  0.0265  0.0263  0.0263
   -1.8110    4.8520    4.9385  -11.7517  -26.4897  -23.1778
   -5.9904   -2.6905    6.8451   29.2458    0.6158  -23.7826
eta,q 0.97382  7.71133

---------------------------------------------------------------------
compute_vox2vox talsrcimg talsrcimg_to_711-2C_as_mni_average_305_t4 /opt/freesurfer/average/711-2C_as_mni_average_305
---------------------------------------------------------------------

freesurfer compute_vox2vox.c
Reading: talsrcimg.4dfp.ifh
Reading: talsrcimg_to_711-2C_as_mni_average_305_t4
Reading: /opt/freesurfer/average/711-2C_as_mni_average_305.4dfp.ifh
Writing: talsrcimg_to_711-2C_as_mni_average_305_t4_vox2vox.txt

start time Sun Mar 8 16:36:50 CET 2026
end		time Sun Mar 8 16:38:17 CET 2026

mpr2mni305 success

avi2talxfm orig_nu.mgz /opt/freesurfer/average/mni305.cor.mgz talsrcimg_to_711-2C_as_mni_average_305_t4_vox2vox.txt transforms/talairach.auto.xfm
avi2talxfm done
mv -f /out/sourcedata/freesurfer/sub-v1s13x0050038_ses-1/mri/talsrcimg_to_711-2C_as_mni_average_305_t4_vox2vox.txt /out/sourcedata/freesurfer/sub-v1s13x0050038_ses-1/mri/transforms/talsrcimg_to_711-2C_as_mni_average_305_t4_vox2vox.txt
lta_convert --src orig_nu.mgz --trg /opt/freesurfer/average/mni305.cor.mgz --inxfm transforms/talairach.auto.xfm --outlta transforms/talairach.auto.xfm.lta --subject fsaverage
7.3.2

--src: orig_nu.mgz src image (geometry).
--trg: /opt/freesurfer/average/mni305.cor.mgz trg image (geometry).
--inmni: transforms/talairach.auto.xfm input MNI/XFM transform.
--outlta: transforms/talairach.auto.xfm.lta output LTA.
--s: fsaverage subject name
 LTA read, type : 1
 1.12592   0.00401   0.09305   4.39120;
-0.03693   1.15883   0.37190   0.88565;
-0.09015  -0.46141   1.20373   8.81654;
 0.00000   0.00000   0.00000   1.00000;
setting subject to fsaverage
Writing  LTA to file transforms/talairach.auto.xfm.lta...
lta_convert successful.
 
 
Started at Sun Mar 8 16:36:50 CET 2026
Ended   at Sun Mar  8 16:38:17 CET 2026
talairach_avi done
