status file for recon-all
Sun Mar  8 17:31:19 CET 2026
#@# Tessellate rh Sun Mar  8 17:31:19 CET 2026
#@# Smooth1 rh Sun Mar  8 17:31:22 CET 2026
#@# Inflation1 rh Sun Mar  8 17:31:24 CET 2026
#@# QSphere rh Sun Mar  8 17:31:32 CET 2026
#@# Fix Topology rh Sun Mar  8 17:32:37 CET 2026
#@# Smooth2 rh Sun Mar  8 17:38:39 CET 2026
#@# Inflation2 rh Sun Mar  8 17:38:42 CET 2026
#@# Curv .H and .K rh Sun Mar  8 17:38:51 CET 2026
#@# Sphere rh Sun Mar  8 17:39:33 CET 2026
#@# Surf Reg rh Sun Mar  8 17:41:57 CET 2026
#@# Jacobian white rh Sun Mar  8 17:44:56 CET 2026
#@# AvgCurv rh Sun Mar  8 17:44:57 CET 2026
#@# Cortical Parc rh Sun Mar  8 17:44:57 CET 2026
#@# white curv rh Sun Mar  8 17:51:05 CET 2026
#@# white area rh Sun Mar  8 17:51:07 CET 2026
#@# pial curv rh Sun Mar  8 17:51:07 CET 2026
#@# pial area rh Sun Mar  8 17:51:09 CET 2026
#@# thickness rh Sun Mar  8 17:51:09 CET 2026
#@# area and vertex vol rh Sun Mar  8 17:51:32 CET 2026
#@# Curvature Stats rh Sun Mar  8 17:51:33 CET 2026
#@# Cortical Parc 2 rh Sun Mar  8 17:51:35 CET 2026
#@# Cortical Parc 3 rh Sun Mar  8 17:51:47 CET 2026
#@# WM/GM Contrast rh Sun Mar  8 17:51:56 CET 2026
recon-all -s sub-v1s13x0050026_ses-1 finished without error at Sun Mar  8 17:51:58 CET 2026



#New# invocation of recon-all 



status file for recon-all
Sun Mar  8 17:58:23 CET 2026
#@# white curv rh Sun Mar  8 17:58:23 CET 2026
#@# white area rh Sun Mar  8 17:58:23 CET 2026
#@# pial curv rh Sun Mar  8 17:58:23 CET 2026
#@# pial area rh Sun Mar  8 17:58:23 CET 2026
#@# thickness rh Sun Mar  8 17:58:23 CET 2026
#@# area and vertex vol rh Sun Mar  8 17:58:23 CET 2026
#@# Parcellation Stats rh Sun Mar  8 17:58:23 CET 2026
#@# Parcellation Stats 2 rh Sun Mar  8 17:58:41 CET 2026
#@# Parcellation Stats 3 rh Sun Mar  8 17:58:50 CET 2026
#@# BA_exvivo Labels rh Sun Mar  8 17:58:59 CET 2026
recon-all -s sub-v1s13x0050026_ses-1 finished without error at Sun Mar  8 18:01:13 CET 2026
