status file for recon-all
Sun Mar  8 15:56:03 CET 2026
#@# MotionCor Sun Mar  8 15:56:05 CET 2026
#@# Talairach Sun Mar  8 15:56:11 CET 2026
#@# Talairach Failure Detection Sun Mar  8 15:59:01 CET 2026
#@# Nu Intensity Correction Sun Mar  8 15:59:01 CET 2026
#@# Intensity Normalization Sun Mar  8 16:01:46 CET 2026
recon-all -s sub-v1s13x0050026_ses-1 finished without error at Sun Mar  8 16:02:46 CET 2026



#New# invocation of recon-all 



status file for recon-all
Sun Mar  8 16:08:31 CET 2026
#@# EM Registration Sun Mar  8 16:08:31 CET 2026
recon-all -s sub-v1s13x0050026_ses-1 finished without error at Sun Mar  8 16:09:37 CET 2026



#New# invocation of recon-all 



status file for recon-all
Sun Mar  8 16:09:40 CET 2026
#@# CA Normalize Sun Mar  8 16:09:40 CET 2026
#@# CA Reg Sun Mar  8 16:10:34 CET 2026
#@# SubCort Seg Sun Mar  8 16:43:01 CET 2026
#@# CC Seg Sun Mar  8 17:05:38 CET 2026
#@# Merge ASeg Sun Mar  8 17:05:59 CET 2026
#@# Intensity Normalization2 Sun Mar  8 17:05:59 CET 2026
#@# Mask BFS Sun Mar  8 17:07:24 CET 2026
#@# WM Segmentation Sun Mar  8 17:07:24 CET 2026
#@# Fill Sun Mar  8 17:09:02 CET 2026
recon-all -s sub-v1s13x0050026_ses-1 finished without error at Sun Mar  8 17:09:39 CET 2026



#New# invocation of recon-all 



status file for recon-all
Sun Mar  8 17:52:03 CET 2026
#@# white curv lh Sun Mar  8 17:52:03 CET 2026
#@# white area lh Sun Mar  8 17:52:03 CET 2026
#@# pial curv lh Sun Mar  8 17:52:03 CET 2026
#@# pial area lh Sun Mar  8 17:52:03 CET 2026
#@# thickness lh Sun Mar  8 17:52:03 CET 2026
#@# area and vertex vol lh Sun Mar  8 17:52:03 CET 2026
#@# white curv rh Sun Mar  8 17:52:03 CET 2026
#@# white area rh Sun Mar  8 17:52:03 CET 2026
#@# pial curv rh Sun Mar  8 17:52:03 CET 2026
#@# pial area rh Sun Mar  8 17:52:03 CET 2026
#@# thickness rh Sun Mar  8 17:52:03 CET 2026
#@# area and vertex vol rh Sun Mar  8 17:52:03 CET 2026
#@# Cortical ribbon mask Sun Mar  8 17:52:03 CET 2026
recon-all -s sub-v1s13x0050026_ses-1 finished without error at Sun Mar  8 17:55:29 CET 2026



#New# invocation of recon-all 



status file for recon-all
Sun Mar  8 18:01:17 CET 2026
#@# white curv lh Sun Mar  8 18:01:17 CET 2026
#@# white area lh Sun Mar  8 18:01:17 CET 2026
#@# pial curv lh Sun Mar  8 18:01:17 CET 2026
#@# pial area lh Sun Mar  8 18:01:17 CET 2026
#@# thickness lh Sun Mar  8 18:01:17 CET 2026
#@# area and vertex vol lh Sun Mar  8 18:01:17 CET 2026
#@# white curv rh Sun Mar  8 18:01:17 CET 2026
#@# white area rh Sun Mar  8 18:01:17 CET 2026
#@# pial curv rh Sun Mar  8 18:01:17 CET 2026
#@# pial area rh Sun Mar  8 18:01:17 CET 2026
#@# thickness rh Sun Mar  8 18:01:17 CET 2026
#@# area and vertex vol rh Sun Mar  8 18:01:17 CET 2026
#@# Curvature Stats lh Sun Mar  8 18:01:17 CET 2026
#@# Curvature Stats rh Sun Mar  8 18:01:19 CET 2026
#@# Relabel Hypointensities Sun Mar  8 18:01:21 CET 2026
#@# APas-to-ASeg Sun Mar  8 18:01:33 CET 2026
#@# AParc-to-ASeg aparc Sun Mar  8 18:01:40 CET 2026
#@# AParc-to-ASeg aparc.a2009s Sun Mar  8 18:02:02 CET 2026
#@# AParc-to-ASeg aparc.DKTatlas Sun Mar  8 18:02:28 CET 2026
#@# WMParc Sun Mar  8 18:02:53 CET 2026
#@# ASeg Stats Sun Mar  8 18:04:51 CET 2026
recon-all -s sub-v1s13x0050026_ses-1 finished without error at Sun Mar  8 18:05:12 CET 2026
