status file for recon-all
Sun Mar  8 17:09:44 CET 2026
#@# Tessellate lh Sun Mar  8 17:09:44 CET 2026
#@# Smooth1 lh Sun Mar  8 17:09:47 CET 2026
#@# Inflation1 lh Sun Mar  8 17:09:49 CET 2026
#@# QSphere lh Sun Mar  8 17:09:58 CET 2026
#@# Fix Topology lh Sun Mar  8 17:10:38 CET 2026
#@# Smooth2 lh Sun Mar  8 17:18:33 CET 2026
#@# Inflation2 lh Sun Mar  8 17:18:35 CET 2026
#@# Curv .H and .K lh Sun Mar  8 17:18:43 CET 2026
#@# Sphere lh Sun Mar  8 17:19:23 CET 2026
#@# Surf Reg lh Sun Mar  8 17:21:45 CET 2026
#@# Jacobian white lh Sun Mar  8 17:24:35 CET 2026
#@# AvgCurv lh Sun Mar  8 17:24:35 CET 2026
#@# Cortical Parc lh Sun Mar  8 17:24:36 CET 2026
#@# white curv lh Sun Mar  8 17:30:25 CET 2026
#@# white area lh Sun Mar  8 17:30:27 CET 2026
#@# pial curv lh Sun Mar  8 17:30:27 CET 2026
#@# pial area lh Sun Mar  8 17:30:29 CET 2026
#@# thickness lh Sun Mar  8 17:30:30 CET 2026
#@# area and vertex vol lh Sun Mar  8 17:30:51 CET 2026
#@# Curvature Stats lh Sun Mar  8 17:30:53 CET 2026
#@# Cortical Parc 2 lh Sun Mar  8 17:30:55 CET 2026
#@# Cortical Parc 3 lh Sun Mar  8 17:31:05 CET 2026
#@# WM/GM Contrast lh Sun Mar  8 17:31:13 CET 2026
recon-all -s sub-v1s13x0050026_ses-1 finished without error at Sun Mar  8 17:31:16 CET 2026



#New# invocation of recon-all 



status file for recon-all
Sun Mar  8 17:55:33 CET 2026
#@# white curv lh Sun Mar  8 17:55:33 CET 2026
#@# white area lh Sun Mar  8 17:55:33 CET 2026
#@# pial curv lh Sun Mar  8 17:55:33 CET 2026
#@# pial area lh Sun Mar  8 17:55:33 CET 2026
#@# thickness lh Sun Mar  8 17:55:33 CET 2026
#@# area and vertex vol lh Sun Mar  8 17:55:33 CET 2026
#@# Parcellation Stats lh Sun Mar  8 17:55:33 CET 2026
#@# Parcellation Stats 2 lh Sun Mar  8 17:55:51 CET 2026
#@# Parcellation Stats 3 lh Sun Mar  8 17:56:00 CET 2026
#@# BA_exvivo Labels lh Sun Mar  8 17:56:09 CET 2026
recon-all -s sub-v1s13x0050026_ses-1 finished without error at Sun Mar  8 17:58:21 CET 2026
