status file for recon-all
Sun Mar  8 14:47:45 CET 2026
#@# Tessellate rh Sun Mar  8 14:47:45 CET 2026
#@# Smooth1 rh Sun Mar  8 14:47:48 CET 2026
#@# Inflation1 rh Sun Mar  8 14:47:50 CET 2026
#@# QSphere rh Sun Mar  8 14:47:59 CET 2026
#@# Fix Topology rh Sun Mar  8 14:48:52 CET 2026
#@# Smooth2 rh Sun Mar  8 14:53:48 CET 2026
#@# Inflation2 rh Sun Mar  8 14:53:50 CET 2026
#@# Curv .H and .K rh Sun Mar  8 14:54:00 CET 2026
#@# Sphere rh Sun Mar  8 14:54:33 CET 2026
#@# Surf Reg rh Sun Mar  8 14:56:27 CET 2026
#@# Jacobian white rh Sun Mar  8 14:59:24 CET 2026
#@# AvgCurv rh Sun Mar  8 14:59:25 CET 2026
#@# Cortical Parc rh Sun Mar  8 14:59:25 CET 2026
#@# white curv rh Sun Mar  8 15:03:45 CET 2026
#@# white area rh Sun Mar  8 15:03:47 CET 2026
#@# pial curv rh Sun Mar  8 15:03:47 CET 2026
#@# pial area rh Sun Mar  8 15:03:49 CET 2026
#@# thickness rh Sun Mar  8 15:03:49 CET 2026
#@# area and vertex vol rh Sun Mar  8 15:04:09 CET 2026
#@# Curvature Stats rh Sun Mar  8 15:04:10 CET 2026
#@# Cortical Parc 2 rh Sun Mar  8 15:04:11 CET 2026
#@# Cortical Parc 3 rh Sun Mar  8 15:04:22 CET 2026
#@# WM/GM Contrast rh Sun Mar  8 15:04:30 CET 2026
recon-all -s sub-v1s13x0050010_ses-1 finished without error at Sun Mar  8 15:04:32 CET 2026



#New# invocation of recon-all 



status file for recon-all
Sun Mar  8 15:09:26 CET 2026
#@# white curv rh Sun Mar  8 15:09:26 CET 2026
#@# white area rh Sun Mar  8 15:09:26 CET 2026
#@# pial curv rh Sun Mar  8 15:09:26 CET 2026
#@# pial area rh Sun Mar  8 15:09:26 CET 2026
#@# thickness rh Sun Mar  8 15:09:26 CET 2026
#@# area and vertex vol rh Sun Mar  8 15:09:26 CET 2026
#@# Parcellation Stats rh Sun Mar  8 15:09:26 CET 2026
#@# Parcellation Stats 2 rh Sun Mar  8 15:09:37 CET 2026
#@# Parcellation Stats 3 rh Sun Mar  8 15:09:42 CET 2026
#@# BA_exvivo Labels rh Sun Mar  8 15:09:47 CET 2026
recon-all -s sub-v1s13x0050010_ses-1 finished without error at Sun Mar  8 15:11:43 CET 2026
