status file for recon-all
Sun Mar  8 14:13:56 CET 2026
#@# MotionCor Sun Mar  8 14:13:59 CET 2026
#@# Talairach Sun Mar  8 14:14:08 CET 2026
#@# Talairach Failure Detection Sun Mar  8 14:18:32 CET 2026
#@# Nu Intensity Correction Sun Mar  8 14:18:32 CET 2026
#@# Intensity Normalization Sun Mar  8 14:21:51 CET 2026
recon-all -s sub-v1s13x0050019_ses-1 finished without error at Sun Mar  8 14:23:10 CET 2026



#New# invocation of recon-all 



status file for recon-all
Sun Mar  8 14:30:19 CET 2026
#@# EM Registration Sun Mar  8 14:30:19 CET 2026
recon-all -s sub-v1s13x0050019_ses-1 finished without error at Sun Mar  8 14:31:51 CET 2026



#New# invocation of recon-all 



status file for recon-all
Sun Mar  8 14:31:54 CET 2026
#@# CA Normalize Sun Mar  8 14:31:54 CET 2026
#@# CA Reg Sun Mar  8 14:33:13 CET 2026
#@# SubCort Seg Sun Mar  8 15:17:39 CET 2026
#@# CC Seg Sun Mar  8 15:56:04 CET 2026
#@# Merge ASeg Sun Mar  8 15:56:41 CET 2026
#@# Intensity Normalization2 Sun Mar  8 15:56:41 CET 2026
#@# Mask BFS Sun Mar  8 15:58:53 CET 2026
#@# WM Segmentation Sun Mar  8 15:58:54 CET 2026
#@# Fill Sun Mar  8 16:01:06 CET 2026
recon-all -s sub-v1s13x0050019_ses-1 finished without error at Sun Mar  8 16:02:10 CET 2026



#New# invocation of recon-all 



status file for recon-all
Sun Mar  8 17:01:34 CET 2026
#@# white curv lh Sun Mar  8 17:01:34 CET 2026
#@# white area lh Sun Mar  8 17:01:34 CET 2026
#@# pial curv lh Sun Mar  8 17:01:34 CET 2026
#@# pial area lh Sun Mar  8 17:01:34 CET 2026
#@# thickness lh Sun Mar  8 17:01:34 CET 2026
#@# area and vertex vol lh Sun Mar  8 17:01:34 CET 2026
#@# white curv rh Sun Mar  8 17:01:34 CET 2026
#@# white area rh Sun Mar  8 17:01:34 CET 2026
#@# pial curv rh Sun Mar  8 17:01:34 CET 2026
#@# pial area rh Sun Mar  8 17:01:34 CET 2026
#@# thickness rh Sun Mar  8 17:01:34 CET 2026
#@# area and vertex vol rh Sun Mar  8 17:01:34 CET 2026
#@# Cortical ribbon mask Sun Mar  8 17:01:34 CET 2026
recon-all -s sub-v1s13x0050019_ses-1 finished without error at Sun Mar  8 17:07:22 CET 2026



#New# invocation of recon-all 



status file for recon-all
Sun Mar  8 17:16:06 CET 2026
#@# white curv lh Sun Mar  8 17:16:06 CET 2026
#@# white area lh Sun Mar  8 17:16:06 CET 2026
#@# pial curv lh Sun Mar  8 17:16:06 CET 2026
#@# pial area lh Sun Mar  8 17:16:06 CET 2026
#@# thickness lh Sun Mar  8 17:16:06 CET 2026
#@# area and vertex vol lh Sun Mar  8 17:16:06 CET 2026
#@# white curv rh Sun Mar  8 17:16:06 CET 2026
#@# white area rh Sun Mar  8 17:16:06 CET 2026
#@# pial curv rh Sun Mar  8 17:16:06 CET 2026
#@# pial area rh Sun Mar  8 17:16:06 CET 2026
#@# thickness rh Sun Mar  8 17:16:06 CET 2026
#@# area and vertex vol rh Sun Mar  8 17:16:06 CET 2026
#@# Curvature Stats lh Sun Mar  8 17:16:06 CET 2026
#@# Curvature Stats rh Sun Mar  8 17:16:09 CET 2026
#@# Relabel Hypointensities Sun Mar  8 17:16:13 CET 2026
#@# APas-to-ASeg Sun Mar  8 17:16:31 CET 2026
#@# AParc-to-ASeg aparc Sun Mar  8 17:16:42 CET 2026
#@# AParc-to-ASeg aparc.a2009s Sun Mar  8 17:17:24 CET 2026
#@# AParc-to-ASeg aparc.DKTatlas Sun Mar  8 17:18:07 CET 2026
#@# WMParc Sun Mar  8 17:18:51 CET 2026
#@# ASeg Stats Sun Mar  8 17:23:44 CET 2026
recon-all -s sub-v1s13x0050019_ses-1 finished without error at Sun Mar  8 17:24:23 CET 2026
