/out/sourcedata/freesurfer/sub-v1s13x0050007_ses-1/mri
/opt/freesurfer/bin/talairach_avi
--i orig_nu.mgz --xfm transforms/talairach.auto.xfm
talairach_avi 7.3.2
Linux dna025 5.14.0-427.37.1.el9_4.x86_64 #1 SMP PREEMPT_DYNAMIC Fri Sep 13 12:41:50 EDT 2024 x86_64 x86_64 x86_64 GNU/Linux
Sun Mar  8 12:46:16 CET 2026
mri_convert orig_nu.mgz talsrcimg.img 
reading from orig_nu.mgz...
TR=0.00, TE=0.00, TI=0.00, flip angle=0.00
i_ras = (-1, 0, 0)
j_ras = (0, 0, -1)
k_ras = (0, 1, 0)
writing to talsrcimg.img...
Analyze Output Matrix
-1.00000   0.00000   0.00000   128.07220;
 0.00000   0.00000   1.00000  -134.35098;
 0.00000  -1.00000   0.00000   118.95007;
 0.00000   0.00000   0.00000   1.00000;
--------------------
INFO: set hdr.hist.orient to -1
mpr2mni305 talsrcimg
Sun Mar  8 12:46:16 CET 2026
/opt/freesurfer/bin/mpr2mni305 talsrcimg
mpr2mni305 7.3.2
target=711-2C_as_mni_average_305

---------------------------------------------------------------------
analyzeto4dfp talsrcimg -O0 -y
---------------------------------------------------------------------

freesurfer ifh2hdr.c
Sun Mar  8 12:46:17 2026
Writing: talsrcimg.4dfp.hdr
freesurfer analyzeto4dfp.c
Reading: talsrcimg.hdr
header size 348 bytes
hdr.dime.datatype	offset=70	value=2
hdr.dime.bitpix		offset=72	value=8
hdr.hist.orient		offset=252	value=-1
dimensionality     4
dimensions       256       256       256         1
Reading: talsrcimg.img
Writing: talsrcimg.4dfp.img
Writing: talsrcimg.4dfp.ifh
ifh2hdr talsrcimg -r0to202
ori=2

---------------------------------------------------------------------
gauss_4dfp talsrcimg 1.1
---------------------------------------------------------------------

freesurfer gauss_4dfp.c
Reading: talsrcimg.4dfp.img
Writing: talsrcimg_g11.4dfp.img
image dimensions 256 256 256 padded to 288 288 288
processing volume 1freesurfer ifh2hdr.c
Sun Mar  8 12:46:18 2026
Writing: talsrcimg_g11.4dfp.hdr

Writing: talsrcimg_g11.4dfp.ifh
including: talsrcimg.4dfp.img.rec in talsrcimg_g11.4dfp.img.rec

---------------------------------------------------------------------
imgreg_4dfp /opt/freesurfer/average/711-2C_as_mni_average_305 none talsrcimg_g11 none talsrcimg_to_711-2C_as_mni_average_305_t4 4355
---------------------------------------------------------------------

freesurfer imgreg_4dfp.c
/opt/freesurfer/average/711-2C_as_mni_average_305.4dfp.img
       256       256       256         1
  1.000000  1.000000  1.000000
orientation T byte_order littleendian
Reading image: /opt/freesurfer/average/711-2C_as_mni_average_305.4dfp.img
dimensions:      256       256       256
mmppix:       1.0000   -1.0000   -1.0000
center:     128.0000 -129.0000 -129.0000
talsrcimg_g11.4dfp.img
       256       256       256         1
  1.000000  1.000000  1.000000
orientation T byte_order littleendian
Reading image: talsrcimg_g11.4dfp.img
dimensions:      256       256       256
mmppix:       1.0000   -1.0000   -1.0000
center:     128.0000 -129.0000 -129.0000
t4_read: open error in t4_sub.f l:  41 t4_file(1:l)talsrcimg_to_711-2C_as_mni_average_305_t4 
t4_read: transform initialized to I4
rotation matrix determinant  1.000000
image alignment mode   4355 decimal     1103 hex
   -7.5000  -45.0000  -45.0000 8510.7373   14.5380
    0.0000  -45.0000  -45.0000 8872.6514   14.5388
    7.5000  -45.0000  -45.0000 8514.1104   14.5258
   -7.5000  -37.5000  -45.0000 9027.4443   14.4167
    0.0000  -37.5000  -45.0000 9415.9170   14.4205
    7.5000  -37.5000  -45.0000 9028.5361   14.4073
   -7.5000  -30.0000  -45.0000 9845.2471   14.3470
    0.0000  -30.0000  -45.000010251.0449   14.3505
    7.5000  -30.0000  -45.0000 9837.1201   14.3405
   -7.5000  -22.5000  -45.000010593.9307   14.2758
    0.0000  -22.5000  -45.000011032.6758   14.2752
    7.5000  -22.5000  -45.000010576.4707   14.2692
   -7.5000  -15.0000  -45.000011259.7500   14.2136
    0.0000  -15.0000  -45.000011766.5664   14.2091
    7.5000  -15.0000  -45.000011251.9404   14.2043
   -7.5000   -7.5000  -45.000011873.0547   14.1642
    0.0000   -7.5000  -45.000012413.9619   14.1593
    7.5000   -7.5000  -45.000011856.2012   14.1508
   -7.5000    0.0000  -45.000012400.2510   14.1247
    0.0000    0.0000  -45.000012975.9346   14.1230
    7.5000    0.0000  -45.000012381.3252   14.1101
   -7.5000    7.5000  -45.000011935.0898   14.1472
    0.0000    7.5000  -45.000012476.1562   14.1489
    7.5000    7.5000  -45.000011919.9609   14.1358
   -7.5000   15.0000  -45.000011331.1650   14.2167
    0.0000   15.0000  -45.000011858.0195   14.2187
    7.5000   15.0000  -45.000011338.0850   14.2085
   -7.5000   22.5000  -45.000010687.2725   14.3403
    0.0000   22.5000  -45.000011196.1250   14.3394
    7.5000   22.5000  -45.000010699.4639   14.3331
   -7.5000   30.0000  -45.000010055.1650   14.3211
    0.0000   30.0000  -45.000010547.8506   14.3145
    7.5000   30.0000  -45.000010054.7100   14.3072
   -7.5000   37.5000  -45.0000 9758.1914   14.4876
    0.0000   37.5000  -45.000010228.5078   14.4783
    7.5000   37.5000  -45.0000 9723.2041   14.4656
   -7.5000   45.0000  -45.0000 9131.1270   14.3702
    0.0000   45.0000  -45.0000 9548.1953   14.3640
    7.5000   45.0000  -45.0000 9075.6348   14.3446
   -7.5000  -45.0000  -37.5000 9037.8174   14.5099
    0.0000  -45.0000  -37.5000 9453.0850   14.5124
    7.5000  -45.0000  -37.5000 9058.6426   14.4989
   -7.5000  -37.5000  -37.5000 9590.1006   14.3903
    0.0000  -37.5000  -37.500010015.0254   14.3937
    7.5000  -37.5000  -37.5000 9600.4268   14.3810
   -7.5000  -30.0000  -37.500010489.7451   14.3199
    0.0000  -30.0000  -37.500010935.0322   14.3221
    7.5000  -30.0000  -37.500010476.5410   14.3130
   -7.5000  -22.5000  -37.500011284.7695   14.2473
    0.0000  -22.5000  -37.500011776.7324   14.2464
    7.5000  -22.5000  -37.500011267.2695   14.2407
   -7.5000  -15.0000  -37.500011984.3643   14.1841
    0.0000  -15.0000  -37.500012531.7490   14.1812
    7.5000  -15.0000  -37.500011959.5684   14.1757
   -7.5000   -7.5000  -37.500012595.9092   14.1356
    0.0000   -7.5000  -37.500013186.3076   14.1330
    7.5000   -7.5000  -37.500012583.6045   14.1236
   -7.5000    0.0000  -37.500013135.3389   14.0982
    0.0000    0.0000  -37.500013761.2695   14.0980
    7.5000    0.0000  -37.500013126.4072   14.0847
   -7.5000    7.5000  -37.500012643.5732   14.1216
    0.0000    7.5000  -37.500013227.8887   14.1229
    7.5000    7.5000  -37.500012614.5586   14.1103
   -7.5000   15.0000  -37.500012030.1250   14.1897
    0.0000   15.0000  -37.500012598.1631   14.1905
    7.5000   15.0000  -37.500012008.2256   14.1811
   -7.5000   22.5000  -37.500011344.0186   14.3097
    0.0000   22.5000  -37.500011887.6035   14.3087
    7.5000   22.5000  -37.500011310.9805   14.3029
   -7.5000   30.0000  -37.500010634.3760   14.2862
    0.0000   30.0000  -37.500011150.0664   14.2821
    7.5000   30.0000  -37.500010614.9531   14.2750
   -7.5000   37.5000  -37.500010286.7295   14.4520
    0.0000   37.5000  -37.500010791.2920   14.4468
    7.5000   37.5000  -37.500010256.5586   14.4343
   -7.5000   45.0000  -37.5000 9582.1670   14.3376
    0.0000   45.0000  -37.500010046.5908   14.3346
    7.5000   45.0000  -37.5000 9536.7559   14.3160
   -7.5000  -45.0000  -30.0000 9795.4346   15.0690
    0.0000  -45.0000  -30.000010225.0361   15.0699
    7.5000  -45.0000  -30.0000 9794.8877   15.0517
   -7.5000  -37.5000  -30.000010428.1963   14.9418
    0.0000  -37.5000  -30.000010871.5361   14.9435
    7.5000  -37.5000  -30.000010404.5869   14.9266
   -7.5000  -30.0000  -30.000011409.8496   14.8656
    0.0000  -30.0000  -30.000011906.3740   14.8659
    7.5000  -30.0000  -30.000011380.1924   14.8528
   -7.5000  -22.5000  -30.000012258.1035   14.7884
    0.0000  -22.5000  -30.000012812.3135   14.7858
    7.5000  -22.5000  -30.000012226.7412   14.7752
   -7.5000  -15.0000  -30.000013026.4404   14.7220
    0.0000  -15.0000  -30.000013621.1729   14.7173
    7.5000  -15.0000  -30.000012978.9307   14.7064
   -7.5000   -7.5000  -30.000013664.8486   14.6700
    0.0000   -7.5000  -30.000014300.0400   14.6660
    7.5000   -7.5000  -30.000013628.6182   14.6514
   -7.5000    0.0000  -30.000014223.6953   14.6291
    0.0000    0.0000  -30.000014860.1504   14.6271
    7.5000    0.0000  -30.000014192.0215   14.6093
   -7.5000    7.5000  -30.000013645.3477   14.6525
    0.0000    7.5000  -30.000014248.5068   14.6521
    7.5000    7.5000  -30.000013607.6211   14.6354
   -7.5000   15.0000  -30.000012977.5723   14.7220
    0.0000   15.0000  -30.000013572.3135   14.7207
    7.5000   15.0000  -30.000012951.3428   14.7073
   -7.5000   22.5000  -30.000012255.6240   14.8443
    0.0000   22.5000  -30.000012832.6924   14.8417
    7.5000   22.5000  -30.000012215.5957   14.8313
   -7.5000   30.0000  -30.000011462.7559   14.8217
    0.0000   30.0000  -30.000012003.1621   14.8168
    7.5000   30.0000  -30.000011440.4473   14.8046
   -7.5000   37.5000  -30.000011041.9131   14.9881
    0.0000   37.5000  -30.000011567.6494   14.9834
    7.5000   37.5000  -30.000011010.8809   14.9663
   -7.5000   45.0000  -30.000010246.5234   14.8770
    0.0000   45.0000  -30.000010737.2490   14.8740
    7.5000   45.0000  -30.000010210.0889   14.8521
   -7.5000  -45.0000  -22.500010587.5225   15.5596
    0.0000  -45.0000  -22.500011058.1865   15.5573
    7.5000  -45.0000  -22.500010582.8164   15.5350
   -7.5000  -37.5000  -22.500011264.0977   15.4261
    0.0000  -37.5000  -22.500011751.1445   15.4260
    7.5000  -37.5000  -22.500011242.8145   15.4046
   -7.5000  -30.0000  -22.500012315.7139   15.3476
    0.0000  -30.0000  -22.500012862.7041   15.3464
    7.5000  -30.0000  -22.500012290.3818   15.3277
   -7.5000  -22.5000  -22.500013231.9014   15.2684
    0.0000  -22.5000  -22.500013840.3447   15.2629
    7.5000  -22.5000  -22.500013199.1445   15.2462
   -7.5000  -15.0000  -22.500014058.3789   15.1980
    0.0000  -15.0000  -22.500014714.5234   15.1895
    7.5000  -15.0000  -22.500014016.1758   15.1727
   -7.5000   -7.5000  -22.500014751.0244   15.1393
    0.0000   -7.5000  -22.500015425.5781   15.1312
    7.5000   -7.5000  -22.500014695.9336   15.1121
   -7.5000    0.0000  -22.500015320.8438   15.0919
    0.0000    0.0000  -22.500016000.7754   15.0866
    7.5000    0.0000  -22.500015267.0918   15.0651
   -7.5000    7.5000  -22.500014671.9326   15.1165
    0.0000    7.5000  -22.500015325.7578   15.1142
    7.5000    7.5000  -22.500014641.8076   15.0932
   -7.5000   15.0000  -22.500013953.9697   15.1907
    0.0000   15.0000  -22.500014593.4150   15.1878
    7.5000   15.0000  -22.500013926.5195   15.1689
   -7.5000   22.5000  -22.500013159.4092   15.3193
    0.0000   22.5000  -22.500013782.2002   15.3139
    7.5000   22.5000  -22.500013126.0889   15.2974
   -7.5000   30.0000  -22.500012302.4658   15.3008
    0.0000   30.0000  -22.500012887.4971   15.2918
    7.5000   30.0000  -22.500012280.1064   15.2730
   -7.5000   37.5000  -22.500011810.3018   15.4644
    0.0000   37.5000  -22.500012356.4473   15.4553
    7.5000   37.5000  -22.500011775.6914   15.4332
   -7.5000   45.0000  -22.500010917.2031   15.3527
    0.0000   45.0000  -22.500011420.4004   15.3463
    7.5000   45.0000  -22.500010883.6035   15.3209
   -7.5000  -45.0000  -15.000011375.9004   15.8968
    0.0000  -45.0000  -15.000011910.4170   15.8922
    7.5000  -45.0000  -15.000011356.6445   15.8700
   -7.5000  -37.5000  -15.000012088.0127   15.7561
    0.0000  -37.5000  -15.000012642.4951   15.7553
    7.5000  -37.5000  -15.000012064.0381   15.7329
   -7.5000  -30.0000  -15.000013192.4365   15.6752
    0.0000  -30.0000  -15.000013789.5537   15.6740
    7.5000  -30.0000  -15.000013180.5264   15.6535
   -7.5000  -22.5000  -15.000014166.9463   15.5954
    0.0000  -22.5000  -15.000014813.1328   15.5890
    7.5000  -22.5000  -15.000014149.0068   15.5708
   -7.5000  -15.0000  -15.000015048.1152   15.5232
    0.0000  -15.0000  -15.000015737.7822   15.5122
    7.5000  -15.0000  -15.000015025.4756   15.4949
   -7.5000   -7.5000  -15.000015791.8125   15.4593
    0.0000   -7.5000  -15.000016525.6777   15.4482
    7.5000   -7.5000  -15.000015759.9883   15.4293
   -7.5000    0.0000  -15.000016401.5352   15.4053
    0.0000    0.0000  -15.000017162.1074   15.3978
    7.5000    0.0000  -15.000016356.3848   15.3765
   -7.5000    7.5000  -15.000015686.2021   15.4291
    0.0000    7.5000  -15.000016399.7559   15.4260
    7.5000    7.5000  -15.000015643.5762   15.4041
   -7.5000   15.0000  -15.000014896.0557   15.5069
    0.0000   15.0000  -15.000015590.7168   15.5039
    7.5000   15.0000  -15.000014871.5508   15.4833
   -7.5000   22.5000  -15.000014026.8848   15.6424
    0.0000   22.5000  -15.000014660.4863   15.6356
    7.5000   22.5000  -15.000014000.0879   15.6174
   -7.5000   30.0000  -15.000013086.2988   15.6310
    0.0000   30.0000  -15.000013693.5850   15.6185
    7.5000   30.0000  -15.000013074.2949   15.5983
   -7.5000   37.5000  -15.000012527.1406   15.7943
    0.0000   37.5000  -15.000013097.3926   15.7804
    7.5000   37.5000  -15.000012517.9141   15.7573
   -7.5000   45.0000  -15.000011573.6250   15.6813
    0.0000   45.0000  -15.000012085.6953   15.6710
    7.5000   45.0000  -15.000011556.0654   15.6444
   -7.5000  -45.0000   -7.500012161.3623   16.0306
    0.0000  -45.0000   -7.500012739.3545   16.0269
    7.5000  -45.0000   -7.500012134.7979   16.0095
   -7.5000  -37.5000   -7.500012909.7285   15.8868
    0.0000  -37.5000   -7.500013507.0986   15.8875
    7.5000  -37.5000   -7.500012876.4268   15.8693
   -7.5000  -30.0000   -7.500014096.4863   15.8033
    0.0000  -30.0000   -7.500014745.6279   15.8040
    7.5000  -30.0000   -7.500014069.0693   15.7883
   -7.5000  -22.5000   -7.500015145.9033   15.7197
    0.0000  -22.5000   -7.500015860.3340   15.7150
    7.5000  -22.5000   -7.500015110.3232   15.7029
   -7.5000  -15.0000   -7.500016074.2637   15.6438
    0.0000  -15.0000   -7.500016803.5391   15.6341
    7.5000  -15.0000   -7.500016033.7490   15.6236
   -7.5000   -7.5000   -7.500016869.0820   15.5775
    0.0000   -7.5000   -7.500017630.9473   15.5671
    7.5000   -7.5000   -7.500016818.5020   15.5541
   -7.5000    0.0000   -7.500017525.0488   15.5220
    0.0000    0.0000   -7.500018338.5801   15.5154
    7.5000    0.0000   -7.500017456.7402   15.4986
   -7.5000    7.5000   -7.500016735.5742   15.5467
    0.0000    7.5000   -7.500017512.6172   15.5450
    7.5000    7.5000   -7.500016703.7715   15.5272
   -7.5000   15.0000   -7.500015858.2500   15.6259
    0.0000   15.0000   -7.500016598.4004   15.6248
    7.5000   15.0000   -7.500015843.6660   15.6089
   -7.5000   22.5000   -7.500014882.5254   15.7608
    0.0000   22.5000   -7.500015558.0928   15.7556
    7.5000   22.5000   -7.500014860.7852   15.7431
   -7.5000   30.0000   -7.500013870.3447   15.7515
    0.0000   30.0000   -7.500014499.0977   15.7394
    7.5000   30.0000   -7.500013847.7178   15.7257
   -7.5000   37.5000   -7.500013286.4990   15.9183
    0.0000   37.5000   -7.500013880.1055   15.9031
    7.5000   37.5000   -7.500013273.4736   15.8852
   -7.5000   45.0000   -7.500012268.9336   15.8081
    0.0000   45.0000   -7.500012811.7637   15.7968
    7.5000   45.0000   -7.500012254.0996   15.7732
   -7.5000  -45.0000    0.000012813.7930   16.0169
    0.0000  -45.0000    0.000013420.1709   16.0168
    7.5000  -45.0000    0.000012795.2676   16.0039
   -7.5000  -37.5000    0.000013607.5176   15.8720
    0.0000  -37.5000    0.000014224.1865   15.8748
    7.5000  -37.5000    0.000013561.0713   15.8616
   -7.5000  -30.0000    0.000014889.6650   15.7854
    0.0000  -30.0000    0.000015575.1484   15.7875
    7.5000  -30.0000    0.000014830.4443   15.7777
   -7.5000  -22.5000    0.000016027.9023   15.6985
    0.0000  -22.5000    0.000016806.7832   15.6963
    7.5000  -22.5000    0.000015984.8965   15.6907
   -7.5000  -15.0000    0.000017007.0703   15.6217
    0.0000  -15.0000    0.000017815.0938   15.6156
    7.5000  -15.0000    0.000016967.7324   15.6113
   -7.5000   -7.5000    0.000017839.9531   15.5583
    0.0000   -7.5000    0.000018666.7266   15.5518
    7.5000   -7.5000    0.000017765.6797   15.5438
   -7.5000    0.0000    0.000018545.0508   15.5062
    0.0000    0.0000    0.000019450.1660   15.5030
    7.5000    0.0000    0.000018440.3652   15.4904
   -7.5000    7.5000    0.000017724.6465   15.5312
    0.0000    7.5000    0.000018577.2969   15.5316
    7.5000    7.5000    0.000017657.5723   15.5185
   -7.5000   15.0000    0.000016736.6074   15.6080
    0.0000   15.0000    0.000017499.4395   15.6084
    7.5000   15.0000    0.000016708.9531   15.5983
   -7.5000   22.5000    0.000015677.1387   15.7387
    0.0000   22.5000    0.000016359.9121   15.7360
    7.5000   22.5000    0.000015657.6064   15.7300
   -7.5000   30.0000    0.000014583.6270   15.7277
    0.0000   30.0000    0.000015229.2168   15.7192
    7.5000   30.0000    0.000014558.6709   15.7124
   -7.5000   37.5000    0.000013989.6631   15.9001
    0.0000   37.5000    0.000014609.1133   15.8888
    7.5000   37.5000    0.000013952.9727   15.8763
   -7.5000   45.0000    0.000012898.9580   15.7955
    0.0000   45.0000    0.000013491.1221   15.7875
    7.5000   45.0000    0.000012864.5420   15.7678
   -7.5000  -45.0000    7.500012469.5615   16.0767
    0.0000  -45.0000    7.500013058.8027   16.0790
    7.5000  -45.0000    7.500012437.7314   16.0650
   -7.5000  -37.5000    7.500013253.8320   15.9335
    0.0000  -37.5000    7.500013877.2627   15.9367
    7.5000  -37.5000    7.500013207.4287   15.9235
   -7.5000  -30.0000    7.500014511.5537   15.8462
    0.0000  -30.0000    7.500015216.7500   15.8479
    7.5000  -30.0000    7.500014470.5459   15.8387
   -7.5000  -22.5000    7.500015631.8076   15.7585
    0.0000  -22.5000    7.500016417.6152   15.7569
    7.5000  -22.5000    7.500015586.3115   15.7513
   -7.5000  -15.0000    7.500016592.1074   15.6823
    0.0000  -15.0000    7.500017393.7559   15.6785
    7.5000  -15.0000    7.500016533.9707   15.6733
   -7.5000   -7.5000    7.500017437.2148   15.6221
    0.0000   -7.5000    7.500018260.4375   15.6186
    7.5000   -7.5000    7.500017343.5781   15.6093
   -7.5000    0.0000    7.500018140.9727   15.5739
    0.0000    0.0000    7.500019086.8906   15.5729
    7.5000    0.0000    7.500018028.2637   15.5592
   -7.5000    7.5000    7.500017362.2539   15.5992
    0.0000    7.5000    7.500018304.7168   15.6000
    7.5000    7.5000    7.500017258.1797   15.5868
   -7.5000   15.0000    7.500016370.5010   15.6742
    0.0000   15.0000    7.500017211.9551   15.6743
    7.5000   15.0000    7.500016312.0098   15.6647
   -7.5000   22.5000    7.500015307.0654   15.8020
    0.0000   22.5000    7.500016015.8223   15.8002
    7.5000   22.5000    7.500015240.7764   15.7946
   -7.5000   30.0000    7.500014220.9805   15.7877
    0.0000   30.0000    7.500014837.7295   15.7826
    7.5000   30.0000    7.500014129.7930   15.7757
   -7.5000   37.5000    7.500013627.3867   15.9639
    0.0000   37.5000    7.500014228.0078   15.9576
    7.5000   37.5000    7.500013549.7432   15.9449
   -7.5000   45.0000    7.500012578.8740   15.8639
    0.0000   45.0000    7.500013150.6035   15.8599
    7.5000   45.0000    7.500012509.7920   15.8404
   -7.5000  -45.0000   15.000011994.3271   16.1840
    0.0000  -45.0000   15.000012580.6367   16.1851
    7.5000  -45.0000   15.000011967.3672   16.1664
   -7.5000  -37.5000   15.000012733.1123   16.0413
    0.0000  -37.5000   15.000013343.8818   16.0432
    7.5000  -37.5000   15.000012712.7969   16.0261
   -7.5000  -30.0000   15.000013959.9707   15.9545
    0.0000  -30.0000   15.000014629.9639   15.9547
    7.5000  -30.0000   15.000013943.9951   15.9413
   -7.5000  -22.5000   15.000015060.6797   15.8679
    0.0000  -22.5000   15.000015803.6143   15.8647
    7.5000  -22.5000   15.000015035.8379   15.8537
   -7.5000  -15.0000   15.000016018.1504   15.7932
    0.0000  -15.0000   15.000016789.0957   15.7877
    7.5000  -15.0000   15.000015988.4404   15.7765
   -7.5000   -7.5000   15.000016863.3242   15.7338
    0.0000   -7.5000   15.000017711.7930   15.7292
    7.5000   -7.5000   15.000016793.8340   15.7143
   -7.5000    0.0000   15.000017538.3223   15.6865
    0.0000    0.0000   15.000018537.9551   15.6843
    7.5000    0.0000   15.000017414.3828   15.6662
   -7.5000    7.5000   15.000016735.2715   15.7115
    0.0000    7.5000   15.000017712.1758   15.7110
    7.5000    7.5000   15.000016579.9062   15.6941
   -7.5000   15.0000   15.000015773.0498   15.7864
    0.0000   15.0000   15.000016663.6797   15.7849
    7.5000   15.0000   15.000015633.8066   15.7712
   -7.5000   22.5000   15.000014768.0615   15.9148
    0.0000   22.5000   15.000015548.6641   15.9117
    7.5000   22.5000   15.000014642.9258   15.9009
   -7.5000   30.0000   15.000013722.3398   15.8989
    0.0000   30.0000   15.000014397.8213   15.8932
    7.5000   30.0000   15.000013595.4385   15.8805
   -7.5000   37.5000   15.000013149.5205   16.0730
    0.0000   37.5000   15.000013760.3877   16.0674
    7.5000   37.5000   15.000013026.3184   16.0499
   -7.5000   45.0000   15.000012140.4590   15.9696
    0.0000   45.0000   15.000012686.9189   15.9663
    7.5000   45.0000   15.000012032.9912   15.9439
   -7.5000  -45.0000   22.500011419.9619   16.2980
    0.0000  -45.0000   22.500011963.6523   16.2958
    7.5000  -45.0000   22.500011439.2178   16.2729
   -7.5000  -37.5000   22.500012122.0244   16.1535
    0.0000  -37.5000   22.500012696.5342   16.1535
    7.5000  -37.5000   22.500012153.3125   16.1315
   -7.5000  -30.0000   22.500013297.7119   16.0699
    0.0000  -30.0000   22.500013937.4727   16.0685
    7.5000  -30.0000   22.500013305.1133   16.0491
   -7.5000  -22.5000   22.500014352.4277   15.9874
    0.0000  -22.5000   22.500015072.5371   15.9814
    7.5000  -22.5000   22.500014344.3672   15.9638
   -7.5000  -15.0000   22.500015306.0195   15.9153
    0.0000  -15.0000   22.500016055.2207   15.9060
    7.5000  -15.0000   22.500015259.8721   15.8884
   -7.5000   -7.5000   22.500016133.9521   15.8553
    0.0000   -7.5000   22.500016979.4023   15.8467
    7.5000   -7.5000   22.500016049.1016   15.8269
   -7.5000    0.0000   22.500016732.6973   15.8061
    0.0000    0.0000   22.500017663.4531   15.8008
    7.5000    0.0000   22.500016602.1445   15.7786
   -7.5000    7.5000   22.500015955.9004   15.8286
    0.0000    7.5000   22.500016802.4863   15.8264
    7.5000    7.5000   22.500015811.9814   15.8048
   -7.5000   15.0000   22.500015033.8076   15.9030
    0.0000   15.0000   22.500015797.8779   15.8999
    7.5000   15.0000   22.500014912.9043   15.8803
   -7.5000   22.5000   22.500014068.4082   16.0336
    0.0000   22.5000   22.500014747.0039   16.0277
    7.5000   22.5000   22.500013963.7441   16.0104
   -7.5000   30.0000   22.500013057.7549   16.0182
    0.0000   30.0000   22.500013668.8662   16.0085
    7.5000   30.0000   22.500012964.4102   15.9889
   -7.5000   37.5000   22.500012531.3193   16.1883
    0.0000   37.5000   22.500013093.9150   16.1787
    7.5000   37.5000   22.500012413.7881   16.1558
   -7.5000   45.0000   22.500011585.6074   16.0781
    0.0000   45.0000   22.500012096.5889   16.0716
    7.5000   45.0000   22.500011471.0400   16.0455
   -7.5000  -45.0000   30.000010768.5459   16.4258
    0.0000  -45.0000   30.000011283.1992   16.4214
    7.5000  -45.0000   30.000010813.1211   16.3983
   -7.5000  -37.5000   30.000011435.0859   16.2780
    0.0000  -37.5000   30.000011978.6455   16.2778
    7.5000  -37.5000   30.000011474.4990   16.2546
   -7.5000  -30.0000   30.000012522.0762   16.1981
    0.0000  -30.0000   30.000013115.8232   16.1972
    7.5000  -30.0000   30.000012536.5762   16.1757
   -7.5000  -22.5000   30.000013482.1611   16.1210
    0.0000  -22.5000   30.000014125.8369   16.1142
    7.5000  -22.5000   30.000013459.1133   16.0949
   -7.5000  -15.0000   30.000014363.7295   16.0525
    0.0000  -15.0000   30.000015043.7705   16.0407
    7.5000  -15.0000   30.000014312.5186   16.0222
   -7.5000   -7.5000   30.000015153.1797   15.9921
    0.0000   -7.5000   30.000015937.1182   15.9805
    7.5000   -7.5000   30.000015071.3965   15.9605
   -7.5000    0.0000   30.000015721.1934   15.9399
    0.0000    0.0000   30.000016554.1680   15.9326
    7.5000    0.0000   30.000015629.5742   15.9103
   -7.5000    7.5000   30.000015011.3369   15.9590
    0.0000    7.5000   30.000015774.7588   15.9565
    7.5000    7.5000   30.000014929.4102   15.9337
   -7.5000   15.0000   30.000014184.2969   16.0338
    0.0000   15.0000   30.000014894.2920   16.0312
    7.5000   15.0000   30.000014123.8115   16.0095
   -7.5000   22.5000   30.000013267.2158   16.1687
    0.0000   22.5000   30.000013919.5830   16.1618
    7.5000   22.5000   30.000013219.4482   16.1424
   -7.5000   30.0000   30.000012278.6934   16.1564
    0.0000   30.0000   30.000012856.2705   16.1433
    7.5000   30.0000   30.000012234.1543   16.1218
   -7.5000   37.5000   30.000011778.4072   16.3260
    0.0000   37.5000   30.000012298.9248   16.3115
    7.5000   37.5000   30.000011704.1904   16.2872
   -7.5000   45.0000   30.000010894.6279   16.2085
    0.0000   45.0000   30.000011359.0459   16.1982
    7.5000   45.0000   30.000010814.2471   16.1707
   -7.5000  -45.0000   37.500010450.3809   16.5521
    0.0000  -45.0000   37.500010938.3887   16.5491
    7.5000  -45.0000   37.500010482.7598   16.5309
   -7.5000  -37.5000   37.500011088.3467   16.4011
    0.0000  -37.5000   37.500011602.4551   16.4029
    7.5000  -37.5000   37.500011115.5098   16.3838
   -7.5000  -30.0000   37.500012108.5029   16.3214
    0.0000  -30.0000   37.500012682.4814   16.3229
    7.5000  -30.0000   37.500012122.7627   16.3060
   -7.5000  -22.5000   37.500013025.4404   16.2450
    0.0000  -22.5000   37.500013627.3906   16.2404
    7.5000  -22.5000   37.500013008.2852   16.2272
   -7.5000  -15.0000   37.500013875.3174   16.1785
    0.0000  -15.0000   37.500014525.9004   16.1686
    7.5000  -15.0000   37.500013848.1777   16.1571
   -7.5000   -7.5000   37.500014622.4971   16.1216
    0.0000   -7.5000   37.500015368.2090   16.1113
    7.5000   -7.5000   37.500014599.0186   16.0974
   -7.5000    0.0000   37.500015176.7490   16.0717
    0.0000    0.0000   37.500015932.0645   16.0659
    7.5000    0.0000   37.500015125.4873   16.0483
   -7.5000    7.5000   37.500014500.1787   16.0886
    0.0000    7.5000   37.500015172.1748   16.0882
    7.5000    7.5000   37.500014445.3408   16.0694
   -7.5000   15.0000   37.500013736.1904   16.1613
    0.0000   15.0000   37.500014374.3945   16.1611
    7.5000   15.0000   37.500013696.8145   16.1442
   -7.5000   22.5000   37.500012866.4385   16.2954
    0.0000   22.5000   37.500013462.0996   16.2905
    7.5000   22.5000   37.500012829.9922   16.2770
   -7.5000   30.0000   37.500011917.3018   16.2836
    0.0000   30.0000   37.500012445.6992   16.2713
    7.5000   30.0000   37.500011887.3857   16.2566
   -7.5000   37.5000   37.500011426.2061   16.4597
    0.0000   37.5000   37.500011919.3701   16.4445
    7.5000   37.5000   37.500011378.6289   16.4257
   -7.5000   45.0000   37.500010560.3359   16.3416
    0.0000   45.0000   37.500011020.5732   16.3310
    7.5000   45.0000   37.500010502.5879   16.3067
   -7.5000  -45.0000   45.0000 9651.7988   16.6883
    0.0000  -45.0000   45.000010090.7979   16.6907
    7.5000  -45.0000   45.0000 9676.2471   16.6775
   -7.5000  -37.5000   45.000010230.1689   16.5350
    0.0000  -37.5000   45.000010695.8721   16.5403
    7.5000  -37.5000   45.000010251.3477   16.5270
   -7.5000  -30.0000   45.000011142.7754   16.4545
    0.0000  -30.0000   45.000011660.5195   16.4586
    7.5000  -30.0000   45.000011161.6758   16.4487
   -7.5000  -22.5000   45.000011992.2158   16.3763
    0.0000  -22.5000   45.000012548.0967   16.3759
    7.5000  -22.5000   45.000011988.4482   16.3700
   -7.5000  -15.0000   45.000012773.2246   16.3099
    0.0000  -15.0000   45.000013385.9873   16.3055
    7.5000  -15.0000   45.000012779.2773   16.3008
   -7.5000   -7.5000   45.000013466.2744   16.2561
    0.0000   -7.5000   45.000014126.1426   16.2519
    7.5000   -7.5000   45.000013470.0371   16.2435
   -7.5000    0.0000   45.000013940.7236   16.2103
    0.0000    0.0000   45.000014596.9043   16.2097
    7.5000    0.0000   45.000013924.7998   16.1968
   -7.5000    7.5000   45.000013302.2959   16.2266
    0.0000    7.5000   45.000013890.6357   16.2295
    7.5000    7.5000   45.000013267.1729   16.2164
   -7.5000   15.0000   45.000012609.6191   16.2975
    0.0000   15.0000   45.000013167.2520   16.3001
    7.5000   15.0000   45.000012588.0586   16.2900
   -7.5000   22.5000   45.000011828.7266   16.4288
    0.0000   22.5000   45.000012361.3604   16.4282
    7.5000   22.5000   45.000011812.2158   16.4221
   -7.5000   30.0000   45.000010996.0225   16.4133
    0.0000   30.0000   45.000011475.2842   16.4066
    7.5000   30.0000   45.000010964.7812   16.3995
   -7.5000   37.5000   45.000010563.9785   16.5972
    0.0000   37.5000   45.000011015.8252   16.5879
    7.5000   37.5000   45.000010525.8672   16.5750
   -7.5000   45.0000   45.0000 9753.4170   16.4923
    0.0000   45.0000   45.000010190.7979   16.4867
    7.5000   45.0000   45.0000 9715.1533   16.4666

---------------------------------------------------------------------
imgreg_4dfp /opt/freesurfer/average/711-2C_as_mni_average_305 /opt/freesurfer/average/711-2B_as_mni_average_305_mask talsrcimg_g11 none talsrcimg_to_711-2C_as_mni_average_305_t4 4355
---------------------------------------------------------------------

freesurfer imgreg_4dfp.c
/opt/freesurfer/average/711-2C_as_mni_average_305.4dfp.img
       256       256       256         1
  1.000000  1.000000  1.000000
orientation T byte_order littleendian
Reading image: /opt/freesurfer/average/711-2C_as_mni_average_305.4dfp.img
dimensions:      256       256       256
mmppix:       1.0000   -1.0000   -1.0000
center:     128.0000 -129.0000 -129.0000
/opt/freesurfer/average/711-2B_as_mni_average_305_mask.4dfp.img
       256       256       256         1
  1.000000  1.000000  1.000000
orientation T byte_order littleendian
Reading mask: /opt/freesurfer/average/711-2B_as_mni_average_305_mask.4dfp.img (2306576 pixels)
talsrcimg_g11.4dfp.img
       256       256       256         1
  1.000000  1.000000  1.000000
orientation T byte_order littleendian
Reading image: talsrcimg_g11.4dfp.img
dimensions:      256       256       256
mmppix:       1.0000   -1.0000   -1.0000
center:     128.0000 -129.0000 -129.0000
rotation matrix determinant  1.000000
image alignment mode   4355 decimal     1103 hex
   -7.5000  -45.0000  -45.0000 2223.4519   20.3021
    0.0000  -45.0000  -45.0000 2237.5952   20.2264
    7.5000  -45.0000  -45.0000 2220.2532   20.3577
   -7.5000  -37.5000  -45.0000 2267.5571   19.0740
    0.0000  -37.5000  -45.0000 2277.6995   19.0328
    7.5000  -37.5000  -45.0000 2266.1558   19.1419
   -7.5000  -30.0000  -45.0000 2298.1670   18.1197
    0.0000  -30.0000  -45.0000 2307.9739   18.0655
    7.5000  -30.0000  -45.0000 2297.4988   18.2119
   -7.5000  -22.5000  -45.0000 2332.6143   17.3464
    0.0000  -22.5000  -45.0000 2341.9519   17.2669
    7.5000  -22.5000  -45.0000 2330.1387   17.4650
   -7.5000  -15.0000  -45.0000 2355.2012   16.7783
    0.0000  -15.0000  -45.0000 2364.6226   16.7266
    7.5000  -15.0000  -45.0000 2347.9336   16.8833
   -7.5000   -7.5000  -45.0000 2368.9595   16.3806
    0.0000   -7.5000  -45.0000 2379.8591   16.3211
    7.5000   -7.5000  -45.0000 2361.2744   16.4899
   -7.5000    0.0000  -45.0000 2371.2290   16.2381
    0.0000    0.0000  -45.0000 2384.9487   16.1837
    7.5000    0.0000  -45.0000 2362.3218   16.3281
   -7.5000    7.5000  -45.0000 2364.0146   16.4019
    0.0000    7.5000  -45.0000 2381.1309   16.3425
    7.5000    7.5000  -45.0000 2357.0999   16.4823
   -7.5000   15.0000  -45.0000 2337.6611   16.8173
    0.0000   15.0000  -45.0000 2356.6201   16.7620
    7.5000   15.0000  -45.0000 2334.0769   16.9096
   -7.5000   22.5000  -45.0000 2297.6763   17.4582
    0.0000   22.5000  -45.0000 2320.0305   17.4223
    7.5000   22.5000  -45.0000 2299.8369   17.5600
   -7.5000   30.0000  -45.0000 2247.4109   18.3706
    0.0000   30.0000  -45.0000 2268.2075   18.3245
    7.5000   30.0000  -45.0000 2247.1011   18.4851
   -7.5000   37.5000  -45.0000 2182.2935   19.6643
    0.0000   37.5000  -45.0000 2200.4385   19.6008
    7.5000   37.5000  -45.0000 2180.7439   19.7590
   -7.5000   45.0000  -45.0000 2104.8345   21.4802
    0.0000   45.0000  -45.0000 2114.0679   21.3841
    7.5000   45.0000  -45.0000 2101.6411   21.5839
   -7.5000  -45.0000  -37.5000 2298.0874   18.8086
    0.0000  -45.0000  -37.5000 2316.1177   18.7791
    7.5000  -45.0000  -37.5000 2301.4077   18.9034
   -7.5000  -37.5000  -37.5000 2342.4490   17.6914
    0.0000  -37.5000  -37.5000 2356.2324   17.6755
    7.5000  -37.5000  -37.5000 2344.4126   17.7832
   -7.5000  -30.0000  -37.5000 2386.9292   16.7873
    0.0000  -30.0000  -37.5000 2395.4712   16.7667
    7.5000  -30.0000  -37.5000 2385.8208   16.9318
   -7.5000  -22.5000  -37.5000 2418.4902   16.0639
    0.0000  -22.5000  -37.5000 2429.6335   16.0279
    7.5000  -22.5000  -37.5000 2415.9597   16.1923
   -7.5000  -15.0000  -37.5000 2436.6553   15.5040
    0.0000  -15.0000  -37.5000 2451.0981   15.4547
    7.5000  -15.0000  -37.5000 2431.2720   15.5865
   -7.5000   -7.5000  -37.5000 2449.1892   15.1212
    0.0000   -7.5000  -37.5000 2464.9666   15.0725
    7.5000   -7.5000  -37.5000 2443.6980   15.1988
   -7.5000    0.0000  -37.5000 2454.6150   14.9760
    0.0000    0.0000  -37.5000 2470.2231   14.9214
    7.5000    0.0000  -37.5000 2448.4492   15.0559
   -7.5000    7.5000  -37.5000 2455.0212   15.1089
    0.0000    7.5000  -37.5000 2470.0588   15.0439
    7.5000    7.5000  -37.5000 2446.5957   15.1964
   -7.5000   15.0000  -37.5000 2430.2983   15.4994
    0.0000   15.0000  -37.5000 2449.4387   15.4286
    7.5000   15.0000  -37.5000 2426.1619   15.5724
   -7.5000   22.5000  -37.5000 2392.3899   16.1040
    0.0000   22.5000  -37.5000 2415.9583   16.0515
    7.5000   22.5000  -37.5000 2389.9927   16.1941
   -7.5000   30.0000  -37.5000 2336.3511   16.9675
    0.0000   30.0000  -37.5000 2356.0132   16.9014
    7.5000   30.0000  -37.5000 2333.2925   17.0524
   -7.5000   37.5000  -37.5000 2268.0608   18.1748
    0.0000   37.5000  -37.5000 2286.3315   18.1024
    7.5000   37.5000  -37.5000 2263.8704   18.2218
   -7.5000   45.0000  -37.5000 2180.4998   19.8484
    0.0000   45.0000  -37.5000 2196.7336   19.7744
    7.5000   45.0000  -37.5000 2177.1848   19.9065
   -7.5000  -45.0000  -30.0000 2424.2888   18.0264
    0.0000  -45.0000  -30.0000 2439.1641   18.0178
    7.5000  -45.0000  -30.0000 2425.9729   18.1029
   -7.5000  -37.5000  -30.0000 2481.3125   16.9731
    0.0000  -37.5000  -30.0000 2490.1084   16.9343
    7.5000  -37.5000  -30.0000 2477.5034   17.0592
   -7.5000  -30.0000  -30.0000 2527.9822   16.0882
    0.0000  -30.0000  -30.0000 2536.7146   16.0590
    7.5000  -30.0000  -30.0000 2523.3821   16.1887
   -7.5000  -22.5000  -30.0000 2557.8755   15.3607
    0.0000  -22.5000  -30.0000 2568.2944   15.3439
    7.5000  -22.5000  -30.0000 2550.6582   15.4712
   -7.5000  -15.0000  -30.0000 2577.9106   14.8139
    0.0000  -15.0000  -30.0000 2591.4509   14.7652
    7.5000  -15.0000  -30.0000 2567.3669   14.8940
   -7.5000   -7.5000  -30.0000 2587.4243   14.4635
    0.0000   -7.5000  -30.0000 2604.1829   14.4118
    7.5000   -7.5000  -30.0000 2582.3765   14.5412
   -7.5000    0.0000  -30.0000 2599.2947   14.3152
    0.0000    0.0000  -30.0000 2615.3633   14.2424
    7.5000    0.0000  -30.0000 2594.0132   14.3956
   -7.5000    7.5000  -30.0000 2595.8103   14.4125
    0.0000    7.5000  -30.0000 2610.1953   14.3372
    7.5000    7.5000  -30.0000 2588.4604   14.4961
   -7.5000   15.0000  -30.0000 2575.3193   14.7641
    0.0000   15.0000  -30.0000 2592.5886   14.6961
    7.5000   15.0000  -30.0000 2571.3137   14.8479
   -7.5000   22.5000  -30.0000 2540.1257   15.3478
    0.0000   22.5000  -30.0000 2559.2576   15.2746
    7.5000   22.5000  -30.0000 2533.7039   15.4276
   -7.5000   30.0000  -30.0000 2479.5071   16.2053
    0.0000   30.0000  -30.0000 2495.6667   16.1104
    7.5000   30.0000  -30.0000 2475.7874   16.2587
   -7.5000   37.5000  -30.0000 2400.2490   17.3850
    0.0000   37.5000  -30.0000 2416.9648   17.3131
    7.5000   37.5000  -30.0000 2396.2847   17.4212
   -7.5000   45.0000  -30.0000 2302.9509   19.0150
    0.0000   45.0000  -30.0000 2316.7625   18.9177
    7.5000   45.0000  -30.0000 2298.8564   19.0511
   -7.5000  -45.0000  -22.5000 2525.4160   17.2485
    0.0000  -45.0000  -22.5000 2537.4951   17.2416
    7.5000  -45.0000  -22.5000 2527.0525   17.3187
   -7.5000  -37.5000  -22.5000 2587.4177   16.2017
    0.0000  -37.5000  -22.5000 2593.6299   16.1696
    7.5000  -37.5000  -22.5000 2581.2551   16.2585
   -7.5000  -30.0000  -22.5000 2631.3486   15.3058
    0.0000  -30.0000  -22.5000 2640.6399   15.2674
    7.5000  -30.0000  -22.5000 2624.8220   15.3852
   -7.5000  -22.5000  -22.5000 2661.2317   14.6066
    0.0000  -22.5000  -22.5000 2673.7292   14.5633
    7.5000  -22.5000  -22.5000 2653.8596   14.6868
   -7.5000  -15.0000  -22.5000 2688.0933   14.0891
    0.0000  -15.0000  -22.5000 2703.4846   14.0055
    7.5000  -15.0000  -22.5000 2678.0256   14.1525
   -7.5000   -7.5000  -22.5000 2703.1523   13.7783
    0.0000   -7.5000  -22.5000 2721.6843   13.6833
    7.5000   -7.5000  -22.5000 2697.7864   13.8317
   -7.5000    0.0000  -22.5000 2715.6223   13.6498
    0.0000    0.0000  -22.5000 2733.1340   13.5655
    7.5000    0.0000  -22.5000 2709.9397   13.7147
   -7.5000    7.5000  -22.5000 2716.0757   13.7214
    0.0000    7.5000  -22.5000 2735.3521   13.6317
    7.5000    7.5000  -22.5000 2711.6396   13.7811
   -7.5000   15.0000  -22.5000 2698.8833   14.0309
    0.0000   15.0000  -22.5000 2719.0388   13.9500
    7.5000   15.0000  -22.5000 2693.7744   14.0819
   -7.5000   22.5000  -22.5000 2657.7568   14.5876
    0.0000   22.5000  -22.5000 2681.8113   14.4962
    7.5000   22.5000  -22.5000 2655.2200   14.6384
   -7.5000   30.0000  -22.5000 2595.6426   15.4118
    0.0000   30.0000  -22.5000 2616.2034   15.2999
    7.5000   30.0000  -22.5000 2592.1956   15.4423
   -7.5000   37.5000  -22.5000 2506.2654   16.5583
    0.0000   37.5000  -22.5000 2524.1785   16.4485
    7.5000   37.5000  -22.5000 2502.0820   16.5837
   -7.5000   45.0000  -22.5000 2395.9893   18.0958
    0.0000   45.0000  -22.5000 2410.5540   17.9893
    7.5000   45.0000  -22.5000 2393.4067   18.1309
   -7.5000  -45.0000  -15.0000 2593.3137   16.5552
    0.0000  -45.0000  -15.0000 2608.7644   16.5117
    7.5000  -45.0000  -15.0000 2589.3894   16.6136
   -7.5000  -37.5000  -15.0000 2654.0840   15.4801
    0.0000  -37.5000  -15.0000 2668.7190   15.4297
    7.5000  -37.5000  -15.0000 2647.5166   15.5396
   -7.5000  -30.0000  -15.0000 2693.0530   14.6048
    0.0000  -30.0000  -15.0000 2706.4890   14.5255
    7.5000  -30.0000  -15.0000 2690.6833   14.6486
   -7.5000  -22.5000  -15.0000 2730.5679   13.9124
    0.0000  -22.5000  -15.0000 2744.9404   13.8284
    7.5000  -22.5000  -15.0000 2728.1689   13.9415
   -7.5000  -15.0000  -15.0000 2762.3115   13.4174
    0.0000  -15.0000  -15.0000 2780.8352   13.3043
    7.5000  -15.0000  -15.0000 2757.3325   13.4290
   -7.5000   -7.5000  -15.0000 2789.4827   13.1049
    0.0000   -7.5000  -15.0000 2808.9880   12.9847
    7.5000   -7.5000  -15.0000 2784.7883   13.1168
   -7.5000    0.0000  -15.0000 2808.6890   12.9975
    0.0000    0.0000  -15.0000 2830.1541   12.8838
    7.5000    0.0000  -15.0000 2803.2495   13.0299
   -7.5000    7.5000  -15.0000 2814.9163   13.0666
    0.0000    7.5000  -15.0000 2839.0059   12.9497
    7.5000    7.5000  -15.0000 2809.8677   13.1036
   -7.5000   15.0000  -15.0000 2796.7734   13.3505
    0.0000   15.0000  -15.0000 2822.2703   13.2438
    7.5000   15.0000  -15.0000 2791.0161   13.3820
   -7.5000   22.5000  -15.0000 2751.7107   13.8726
    0.0000   22.5000  -15.0000 2777.0884   13.7551
    7.5000   22.5000  -15.0000 2749.9512   13.8959
   -7.5000   30.0000  -15.0000 2680.1934   14.6606
    0.0000   30.0000  -15.0000 2704.9890   14.5268
    7.5000   30.0000  -15.0000 2681.6128   14.6693
   -7.5000   37.5000  -15.0000 2581.9224   15.7513
    0.0000   37.5000  -15.0000 2604.0112   15.6263
    7.5000   37.5000  -15.0000 2583.7041   15.7803
   -7.5000   45.0000  -15.0000 2467.3416   17.2466
    0.0000   45.0000  -15.0000 2485.7893   17.1290
    7.5000   45.0000  -15.0000 2467.9026   17.2686
   -7.5000  -45.0000   -7.5000 2637.7725   15.9760
    0.0000  -45.0000   -7.5000 2655.0747   15.8949
    7.5000  -45.0000   -7.5000 2636.3926   16.0066
   -7.5000  -37.5000   -7.5000 2692.7732   14.8995
    0.0000  -37.5000   -7.5000 2710.2949   14.8057
    7.5000  -37.5000   -7.5000 2688.8892   14.9179
   -7.5000  -30.0000   -7.5000 2736.5962   14.0031
    0.0000  -30.0000   -7.5000 2752.6753   13.8925
    7.5000  -30.0000   -7.5000 2733.6265   14.0411
   -7.5000  -22.5000   -7.5000 2779.2017   13.3112
    0.0000  -22.5000   -7.5000 2799.3396   13.1877
    7.5000  -22.5000   -7.5000 2776.7537   13.3278
   -7.5000  -15.0000   -7.5000 2816.6023   12.7966
    0.0000  -15.0000   -7.5000 2836.8499   12.6783
    7.5000  -15.0000   -7.5000 2816.5432   12.8005
   -7.5000   -7.5000   -7.5000 2852.5444   12.4687
    0.0000   -7.5000   -7.5000 2873.2881   12.3416
    7.5000   -7.5000   -7.5000 2850.6213   12.4850
   -7.5000    0.0000   -7.5000 2882.6470   12.3558
    0.0000    0.0000   -7.5000 2908.0288   12.2272
    7.5000    0.0000   -7.5000 2878.1665   12.3727
   -7.5000    7.5000   -7.5000 2894.9641   12.4205
    0.0000    7.5000   -7.5000 2925.1765   12.2935
    7.5000    7.5000   -7.5000 2891.6765   12.4517
   -7.5000   15.0000   -7.5000 2872.2119   12.6966
    0.0000   15.0000   -7.5000 2905.8933   12.5659
    7.5000   15.0000   -7.5000 2869.7952   12.7482
   -7.5000   22.5000   -7.5000 2821.0710   13.2058
    0.0000   22.5000   -7.5000 2849.5286   13.0579
    7.5000   22.5000   -7.5000 2821.0027   13.2234
   -7.5000   30.0000   -7.5000 2740.7158   13.9623
    0.0000   30.0000   -7.5000 2770.0076   13.8004
    7.5000   30.0000   -7.5000 2744.3472   13.9659
   -7.5000   37.5000   -7.5000 2636.7471   15.0545
    0.0000   37.5000   -7.5000 2664.2891   14.8920
    7.5000   37.5000   -7.5000 2640.5491   15.0707
   -7.5000   45.0000   -7.5000 2516.6960   16.5034
    0.0000   45.0000   -7.5000 2542.3445   16.3497
    7.5000   45.0000   -7.5000 2517.3196   16.5206
   -7.5000  -45.0000    0.0000 2660.0425   15.5667
    0.0000  -45.0000    0.0000 2682.2283   15.4460
    7.5000  -45.0000    0.0000 2664.2844   15.5599
   -7.5000  -37.5000    0.0000 2713.9666   14.4447
    0.0000  -37.5000    0.0000 2731.2344   14.3207
    7.5000  -37.5000    0.0000 2713.7937   14.4706
   -7.5000  -30.0000    0.0000 2761.8657   13.5624
    0.0000  -30.0000    0.0000 2780.4333   13.4187
    7.5000  -30.0000    0.0000 2758.5342   13.5809
   -7.5000  -22.5000    0.0000 2810.6470   12.8501
    0.0000  -22.5000    0.0000 2834.8342   12.7212
    7.5000  -22.5000    0.0000 2811.5027   12.8646
   -7.5000  -15.0000    0.0000 2859.2419   12.3364
    0.0000  -15.0000    0.0000 2883.3997   12.2002
    7.5000  -15.0000    0.0000 2861.2588   12.3538
   -7.5000   -7.5000    0.0000 2898.9038   11.9960
    0.0000   -7.5000    0.0000 2928.7756   11.8507
    7.5000   -7.5000    0.0000 2899.9346   12.0068
   -7.5000    0.0000    0.0000 2936.9094   11.8850
    0.0000    0.0000    0.0000 2969.6814   11.7467
    7.5000    0.0000    0.0000 2935.5369   11.8820
   -7.5000    7.5000    0.0000 2955.1829   11.9476
    0.0000    7.5000    0.0000 2995.0259   11.8001
    7.5000    7.5000    0.0000 2954.2495   11.9663
   -7.5000   15.0000    0.0000 2930.6270   12.2161
    0.0000   15.0000    0.0000 2968.0044   12.0442
    7.5000   15.0000    0.0000 2928.7729   12.2578
   -7.5000   22.5000    0.0000 2872.1128   12.7103
    0.0000   22.5000    0.0000 2903.3928   12.5201
    7.5000   22.5000    0.0000 2872.4197   12.7373
   -7.5000   30.0000    0.0000 2783.4470   13.4410
    0.0000   30.0000    0.0000 2816.0637   13.2493
    7.5000   30.0000    0.0000 2786.2100   13.4528
   -7.5000   37.5000    0.0000 2671.8574   14.5343
    0.0000   37.5000    0.0000 2701.1675   14.3507
    7.5000   37.5000    0.0000 2675.2593   14.5405
   -7.5000   45.0000    0.0000 2548.0732   15.9792
    0.0000   45.0000    0.0000 2575.7310   15.7984
    7.5000   45.0000    0.0000 2549.2332   15.9946
   -7.5000  -45.0000    7.5000 2662.1343   15.3483
    0.0000  -45.0000    7.5000 2683.7681   15.2296
    7.5000  -45.0000    7.5000 2667.3042   15.3595
   -7.5000  -37.5000    7.5000 2717.9734   14.1956
    0.0000  -37.5000    7.5000 2736.1006   14.0847
    7.5000  -37.5000    7.5000 2721.8611   14.1952
   -7.5000  -30.0000    7.5000 2772.0393   13.2695
    0.0000  -30.0000    7.5000 2790.5261   13.1498
    7.5000  -30.0000    7.5000 2775.7151   13.2814
   -7.5000  -22.5000    7.5000 2827.5312   12.5371
    0.0000  -22.5000    7.5000 2852.1218   12.4130
    7.5000  -22.5000    7.5000 2829.0542   12.5542
   -7.5000  -15.0000    7.5000 2880.8628   12.0233
    0.0000  -15.0000    7.5000 2908.5862   11.8806
    7.5000  -15.0000    7.5000 2884.4573   12.0344
   -7.5000   -7.5000    7.5000 2932.7217   11.7117
    0.0000   -7.5000    7.5000 2964.5776   11.5476
    7.5000   -7.5000    7.5000 2934.4424   11.7140
   -7.5000    0.0000    7.5000 2974.7136   11.6245
    0.0000    0.0000    7.5000 3014.7400   11.4781
    7.5000    0.0000    7.5000 2975.8723   11.6129
   -7.5000    7.5000    7.5000 2992.5522   11.6943
    0.0000    7.5000    7.5000 3044.5598   11.5546
    7.5000    7.5000    7.5000 2994.3743   11.6838
   -7.5000   15.0000    7.5000 2960.3354   11.9231
    0.0000   15.0000    7.5000 3006.5762   11.7742
    7.5000   15.0000    7.5000 2963.3789   11.9422
   -7.5000   22.5000    7.5000 2900.8149   12.3670
    0.0000   22.5000    7.5000 2936.4431   12.1959
    7.5000   22.5000    7.5000 2904.2590   12.3866
   -7.5000   30.0000    7.5000 2808.0898   13.1027
    0.0000   30.0000    7.5000 2838.6953   12.9233
    7.5000   30.0000    7.5000 2812.5024   13.1029
   -7.5000   37.5000    7.5000 2688.2168   14.2237
    0.0000   37.5000    7.5000 2718.4004   14.0456
    7.5000   37.5000    7.5000 2693.8599   14.2257
   -7.5000   45.0000    7.5000 2558.5566   15.6536
    0.0000   45.0000    7.5000 2582.7410   15.5058
    7.5000   45.0000    7.5000 2560.7329   15.6761
   -7.5000  -45.0000   15.0000 2651.7668   15.2806
    0.0000  -45.0000   15.0000 2673.9258   15.1751
    7.5000  -45.0000   15.0000 2657.3020   15.3021
   -7.5000  -37.5000   15.0000 2705.3428   14.1176
    0.0000  -37.5000   15.0000 2722.7327   13.9861
    7.5000  -37.5000   15.0000 2710.8787   14.1356
   -7.5000  -30.0000   15.0000 2759.9143   13.1791
    0.0000  -30.0000   15.0000 2776.4946   13.0430
    7.5000  -30.0000   15.0000 2764.8396   13.2010
   -7.5000  -22.5000   15.0000 2821.3601   12.4778
    0.0000  -22.5000   15.0000 2843.1719   12.3383
    7.5000  -22.5000   15.0000 2824.9207   12.5019
   -7.5000  -15.0000   15.0000 2883.7656   11.9484
    0.0000  -15.0000   15.0000 2909.1824   11.8137
    7.5000  -15.0000   15.0000 2886.3000   11.9723
   -7.5000   -7.5000   15.0000 2941.4895   11.6355
    0.0000   -7.5000   15.0000 2976.2971   11.4899
    7.5000   -7.5000   15.0000 2945.3660   11.6510
   -7.5000    0.0000   15.0000 2985.6890   11.5556
    0.0000    0.0000   15.0000 3033.7139   11.4206
    7.5000    0.0000   15.0000 2993.9202   11.5206
   -7.5000    7.5000   15.0000 3003.0107   11.5833
    0.0000    7.5000   15.0000 3059.1392   11.4751
    7.5000    7.5000   15.0000 3005.7627   11.5502
   -7.5000   15.0000   15.0000 2965.4958   11.8218
    0.0000   15.0000   15.0000 3012.6768   11.7179
    7.5000   15.0000   15.0000 2968.3259   11.8087
   -7.5000   22.5000   15.0000 2900.8206   12.3003
    0.0000   22.5000   15.0000 2935.4956   12.1833
    7.5000   22.5000   15.0000 2902.4387   12.3150
   -7.5000   30.0000   15.0000 2805.9827   13.0526
    0.0000   30.0000   15.0000 2832.8523   12.9216
    7.5000   30.0000   15.0000 2808.7422   13.0640
   -7.5000   37.5000   15.0000 2686.2278   14.1535
    0.0000   37.5000   15.0000 2709.2104   14.0189
    7.5000   37.5000   15.0000 2688.6316   14.1552
   -7.5000   45.0000   15.0000 2553.7295   15.5544
    0.0000   45.0000   15.0000 2572.2874   15.4201
    7.5000   45.0000   15.0000 2556.6665   15.5619
   -7.5000  -45.0000   22.5000 2632.7515   15.4177
    0.0000  -45.0000   22.5000 2654.9634   15.2528
    7.5000  -45.0000   22.5000 2644.5923   15.4319
   -7.5000  -37.5000   22.5000 2684.7925   14.2827
    0.0000  -37.5000   22.5000 2702.9917   14.1157
    7.5000  -37.5000   22.5000 2694.3574   14.3194
   -7.5000  -30.0000   22.5000 2741.6714   13.3641
    0.0000  -30.0000   22.5000 2762.5569   13.1785
    7.5000  -30.0000   22.5000 2747.8367   13.3709
   -7.5000  -22.5000   22.5000 2803.8171   12.6412
    0.0000  -22.5000   22.5000 2826.9680   12.4730
    7.5000  -22.5000   22.5000 2810.8040   12.6329
   -7.5000  -15.0000   22.5000 2869.7449   12.0962
    0.0000  -15.0000   22.5000 2894.7510   11.9517
    7.5000  -15.0000   22.5000 2874.5911   12.0985
   -7.5000   -7.5000   22.5000 2929.8955   11.8176
    0.0000   -7.5000   22.5000 2964.1372   11.6592
    7.5000   -7.5000   22.5000 2935.0642   11.7936
   -7.5000    0.0000   22.5000 2973.2725   11.6966
    0.0000    0.0000   22.5000 3020.7070   11.5473
    7.5000    0.0000   22.5000 2979.1248   11.6353
   -7.5000    7.5000   22.5000 2987.2471   11.7015
    0.0000    7.5000   22.5000 3041.8965   11.5460
    7.5000    7.5000   22.5000 2988.2449   11.6684
   -7.5000   15.0000   22.5000 2946.4187   11.9523
    0.0000   15.0000   22.5000 2992.4497   11.7739
    7.5000   15.0000   22.5000 2948.8311   11.9385
   -7.5000   22.5000   22.5000 2875.6602   12.4470
    0.0000   22.5000   22.5000 2909.0945   12.2786
    7.5000   22.5000   22.5000 2878.0774   12.4446
   -7.5000   30.0000   22.5000 2780.3696   13.2410
    0.0000   30.0000   22.5000 2803.6724   13.0564
    7.5000   30.0000   22.5000 2785.0459   13.2027
   -7.5000   37.5000   22.5000 2663.6399   14.3318
    0.0000   37.5000   22.5000 2681.9512   14.1552
    7.5000   37.5000   22.5000 2665.8650   14.3060
   -7.5000   45.0000   22.5000 2531.8396   15.7106
    0.0000   45.0000   22.5000 2549.6682   15.5746
    7.5000   45.0000   22.5000 2535.8374   15.7011
   -7.5000  -45.0000   30.0000 2611.4712   15.7744
    0.0000  -45.0000   30.0000 2633.1687   15.5777
    7.5000  -45.0000   30.0000 2621.5522   15.8123
   -7.5000  -37.5000   30.0000 2663.2434   14.6124
    0.0000  -37.5000   30.0000 2680.3911   14.4370
    7.5000  -37.5000   30.0000 2672.1125   14.6513
   -7.5000  -30.0000   30.0000 2719.6575   13.7048
    0.0000  -30.0000   30.0000 2736.6323   13.5166
    7.5000  -30.0000   30.0000 2724.6565   13.6817
   -7.5000  -22.5000   30.0000 2775.7976   12.9808
    0.0000  -22.5000   30.0000 2799.6067   12.7755
    7.5000  -22.5000   30.0000 2783.3850   12.9315
   -7.5000  -15.0000   30.0000 2838.4509   12.4468
    0.0000  -15.0000   30.0000 2864.6270   12.2510
    7.5000  -15.0000   30.0000 2843.8906   12.4145
   -7.5000   -7.5000   30.0000 2895.4011   12.1807
    0.0000   -7.5000   30.0000 2929.3000   11.9976
    7.5000   -7.5000   30.0000 2897.8062   12.1384
   -7.5000    0.0000   30.0000 2932.7822   12.0599
    0.0000    0.0000   30.0000 2974.6990   11.9036
    7.5000    0.0000   30.0000 2935.1680   12.0215
   -7.5000    7.5000   30.0000 2940.3391   12.0841
    0.0000    7.5000   30.0000 2982.0342   11.9006
    7.5000    7.5000   30.0000 2940.6755   12.0628
   -7.5000   15.0000   30.0000 2897.8108   12.3531
    0.0000   15.0000   30.0000 2934.0386   12.1627
    7.5000   15.0000   30.0000 2900.9546   12.3423
   -7.5000   22.5000   30.0000 2828.1631   12.8429
    0.0000   22.5000   30.0000 2857.5662   12.6608
    7.5000   22.5000   30.0000 2831.1685   12.8319
   -7.5000   30.0000   30.0000 2731.1692   13.6075
    0.0000   30.0000   30.0000 2756.8474   13.4051
    7.5000   30.0000   30.0000 2736.7979   13.5696
   -7.5000   37.5000   30.0000 2622.7068   14.6591
    0.0000   37.5000   30.0000 2642.3462   14.4726
    7.5000   37.5000   30.0000 2625.7188   14.6146
   -7.5000   45.0000   30.0000 2496.2158   16.0386
    0.0000   45.0000   30.0000 2513.5679   15.8621
    7.5000   45.0000   30.0000 2499.6184   16.0091
   -7.5000  -45.0000   37.5000 2576.2136   16.2607
    0.0000  -45.0000   37.5000 2596.6865   16.0310
    7.5000  -45.0000   37.5000 2583.6047   16.2950
   -7.5000  -37.5000   37.5000 2634.3689   15.0777
    0.0000  -37.5000   37.5000 2655.9495   14.8706
    7.5000  -37.5000   37.5000 2643.0625   15.1076
   -7.5000  -30.0000   37.5000 2690.5247   14.1460
    0.0000  -30.0000   37.5000 2712.9561   13.9357
    7.5000  -30.0000   37.5000 2699.7334   14.1351
   -7.5000  -22.5000   37.5000 2746.2686   13.4422
    0.0000  -22.5000   37.5000 2768.3481   13.2259
    7.5000  -22.5000   37.5000 2751.3208   13.4019
   -7.5000  -15.0000   37.5000 2801.5840   12.9630
    0.0000  -15.0000   37.5000 2823.6028   12.7616
    7.5000  -15.0000   37.5000 2803.7019   12.9428
   -7.5000   -7.5000   37.5000 2846.4570   12.7255
    0.0000   -7.5000   37.5000 2875.4536   12.5548
    7.5000   -7.5000   37.5000 2849.2185   12.7080
   -7.5000    0.0000   37.5000 2871.2622   12.6248
    0.0000    0.0000   37.5000 2906.3430   12.4475
    7.5000    0.0000   37.5000 2874.4475   12.5923
   -7.5000    7.5000   37.5000 2869.5327   12.6881
    0.0000    7.5000   37.5000 2899.4404   12.4967
    7.5000    7.5000   37.5000 2867.7241   12.6710
   -7.5000   15.0000   37.5000 2831.9468   12.9575
    0.0000   15.0000   37.5000 2857.4072   12.7834
    7.5000   15.0000   37.5000 2835.4309   12.9504
   -7.5000   22.5000   37.5000 2766.8335   13.4467
    0.0000   22.5000   37.5000 2791.1414   13.2626
    7.5000   22.5000   37.5000 2770.8740   13.4383
   -7.5000   30.0000   37.5000 2675.0251   14.1884
    0.0000   30.0000   37.5000 2696.2664   13.9799
    7.5000   30.0000   37.5000 2680.1431   14.1471
   -7.5000   37.5000   37.5000 2570.3726   15.1820
    0.0000   37.5000   37.5000 2590.0798   14.9896
    7.5000   37.5000   37.5000 2574.3181   15.1435
   -7.5000   45.0000   37.5000 2451.8857   16.5399
    0.0000   45.0000   37.5000 2467.0601   16.3659
    7.5000   45.0000   37.5000 2452.2148   16.5065
   -7.5000  -45.0000   45.0000 2526.5342   16.9154
    0.0000  -45.0000   45.0000 2544.7427   16.6490
    7.5000  -45.0000   45.0000 2534.5962   16.9380
   -7.5000  -37.5000   45.0000 2589.2893   15.7371
    0.0000  -37.5000   45.0000 2610.4524   15.4841
    7.5000  -37.5000   45.0000 2598.8755   15.7450
   -7.5000  -30.0000   45.0000 2644.3262   14.7658
    0.0000  -30.0000   45.0000 2667.9402   14.5382
    7.5000  -30.0000   45.0000 2657.0432   14.7608
   -7.5000  -22.5000   45.0000 2700.9597   14.0768
    0.0000  -22.5000   45.0000 2722.7893   13.8569
    7.5000  -22.5000   45.0000 2705.8789   14.0647
   -7.5000  -15.0000   45.0000 2747.8799   13.6337
    0.0000  -15.0000   45.0000 2773.5078   13.4443
    7.5000  -15.0000   45.0000 2752.4788   13.6456
   -7.5000   -7.5000   45.0000 2785.0830   13.4183
    0.0000   -7.5000   45.0000 2815.5435   13.2391
    7.5000   -7.5000   45.0000 2790.8237   13.4222
   -7.5000    0.0000   45.0000 2794.1050   13.3435
    0.0000    0.0000   45.0000 2826.1763   13.1552
    7.5000    0.0000   45.0000 2799.7510   13.3337
   -7.5000    7.5000   45.0000 2782.1792   13.4466
    0.0000    7.5000   45.0000 2806.4885   13.2580
    7.5000    7.5000   45.0000 2781.6309   13.4355
   -7.5000   15.0000   45.0000 2749.4529   13.6930
    0.0000   15.0000   45.0000 2771.7917   13.5398
    7.5000   15.0000   45.0000 2752.5007   13.7092
   -7.5000   22.5000   45.0000 2689.0784   14.1831
    0.0000   22.5000   45.0000 2711.7148   14.0197
    7.5000   22.5000   45.0000 2692.8745   14.1886
   -7.5000   30.0000   45.0000 2605.0637   14.8984
    0.0000   30.0000   45.0000 2624.2041   14.7113
    7.5000   30.0000   45.0000 2607.7756   14.8913
   -7.5000   37.5000   45.0000 2508.9485   15.8746
    0.0000   37.5000   45.0000 2526.8369   15.6980
    7.5000   37.5000   45.0000 2512.0156   15.8812
   -7.5000   45.0000   45.0000 2393.1736   17.2381
    0.0000   45.0000   45.0000 2411.3174   17.0858
    7.5000   45.0000   45.0000 2398.2832   17.2387

---------------------------------------------------------------------
imgreg_4dfp /opt/freesurfer/average/711-2C_as_mni_average_305 /opt/freesurfer/average/711-2B_as_mni_average_305_mask talsrcimg_g11 none talsrcimg_to_711-2C_as_mni_average_305_t4 1283
---------------------------------------------------------------------

freesurfer imgreg_4dfp.c
/opt/freesurfer/average/711-2C_as_mni_average_305.4dfp.img
       256       256       256         1
  1.000000  1.000000  1.000000
orientation T byte_order littleendian
Reading image: /opt/freesurfer/average/711-2C_as_mni_average_305.4dfp.img
dimensions:      256       256       256
mmppix:       1.0000   -1.0000   -1.0000
center:     128.0000 -129.0000 -129.0000
/opt/freesurfer/average/711-2B_as_mni_average_305_mask.4dfp.img
       256       256       256         1
  1.000000  1.000000  1.000000
orientation T byte_order littleendian
Reading mask: /opt/freesurfer/average/711-2B_as_mni_average_305_mask.4dfp.img (2306576 pixels)
talsrcimg_g11.4dfp.img
       256       256       256         1
  1.000000  1.000000  1.000000
orientation T byte_order littleendian
Reading image: talsrcimg_g11.4dfp.img
dimensions:      256       256       256
mmppix:       1.0000   -1.0000   -1.0000
center:     128.0000 -129.0000 -129.0000
rotation matrix determinant  1.000000
fimgreg.f
image alignment mode   1283 decimal      503 hex
parameters
    0.0000    7.5000   15.0000    0.0000    0.0000    0.0000
eta,q 0.95877 11.47206
niter,ni,del,rscale     5    3   12.0000    1.2000
parameter  4  3.713693 ->  0.500000 qaram    1.1500
parameters
    0.1657    5.4998   16.1513   -3.4500   -0.4214    0.1787
eta,q 0.96367 11.36237
  0.0549  0.0435  0.0446  0.0336  0.0408  0.0404
  0.0477  0.0409  0.0426  0.0358  0.0388  0.0382
  0.0425  0.0401  0.0406  0.0380  0.0370  0.0369
  0.0410  0.0410  0.0401  0.0402  0.0364  0.0364
  0.0429  0.0436  0.0404  0.0419  0.0371  0.0366
  0.0471  0.0472  0.0407  0.0444  0.0394  0.0378
  0.0530  0.0523  0.0421  0.0482  0.0427  0.0401
niter,ni,del,rscale     5    3   12.0000    1.2000
parameter  4  2.425118 ->  0.500000 qaram    1.3225
parameters
    0.4113    6.2695   15.5227   -7.4175   -1.1206   -0.2525
eta,q 0.96836 11.41202
  0.0522  0.0477  0.0390  0.0314  0.0372  0.0369
  0.0442  0.0422  0.0372  0.0313  0.0344  0.0339
  0.0383  0.0384  0.0365  0.0333  0.0325  0.0320
  0.0363  0.0364  0.0360  0.0362  0.0316  0.0317
  0.0381  0.0363  0.0362  0.0391  0.0332  0.0329
  0.0431  0.0389  0.0379  0.0413  0.0365  0.0352
  0.0494  0.0432  0.0415  0.0436  0.0407  0.0384
niter,ni,del,rscale     5    3   12.0000    1.2000
parameter  4  0.524181 ->  0.500000 qaram    1.5209
parameters
    0.2785    7.1565   14.4417  -11.9801   -1.1357   -0.6715
eta,q 0.96974 11.44376
  0.0480  0.0458  0.0351  0.0320  0.0372  0.0348
  0.0393  0.0398  0.0330  0.0305  0.0339  0.0322
  0.0336  0.0345  0.0317  0.0301  0.0316  0.0308
  0.0316  0.0316  0.0314  0.0314  0.0302  0.0302
  0.0345  0.0320  0.0327  0.0348  0.0308  0.0309
  0.0413  0.0351  0.0355  0.0384  0.0337  0.0332
  0.0486  0.0398  0.0399  0.0411  0.0378  0.0364
niter,ni,del,rscale     5    3   12.0000    1.2000
parameters
    0.1411    8.5297   13.5965  -12.8533   -0.9281   -0.8787
eta,q 0.97067 11.41648
  0.0478  0.0443  0.0346  0.0356  0.0373  0.0337
  0.0382  0.0375  0.0315  0.0324  0.0331  0.0311
  0.0320  0.0326  0.0297  0.0303  0.0305  0.0297
  0.0303  0.0302  0.0295  0.0294  0.0294  0.0293
  0.0334  0.0296  0.0310  0.0309  0.0299  0.0297
  0.0403  0.0314  0.0342  0.0343  0.0324  0.0316
  0.0484  0.0355  0.0385  0.0385  0.0364  0.0344
niter,ni,del,rscale     4    3   12.0000    1.2000
parameters
    0.0905    8.7472   13.3653  -13.2893   -0.8160   -0.9544
eta,q 0.97071 11.40818
  0.0476  0.0394  0.0358  0.0359  0.0372  0.0339
  0.0377  0.0339  0.0321  0.0328  0.0329  0.0311
  0.0311  0.0308  0.0299  0.0306  0.0303  0.0296
  0.0293  0.0293  0.0293  0.0293  0.0293  0.0293
  0.0323  0.0300  0.0302  0.0304  0.0300  0.0297
  0.0389  0.0331  0.0329  0.0335  0.0326  0.0314
  0.0473  0.0381  0.0368  0.0376  0.0366  0.0341
niter,ni,del,rscale     3    3   12.0000    1.2000
parameters
    0.0828    8.9207   13.2516  -13.5722   -0.7762   -0.9782
eta,q 0.97069 11.40367
  0.0477  0.0389  0.0361  0.0360  0.0370  0.0340
  0.0380  0.0337  0.0322  0.0328  0.0327  0.0311
  0.0312  0.0307  0.0299  0.0308  0.0302  0.0296
  0.0293  0.0293  0.0292  0.0292  0.0293  0.0293
  0.0321  0.0300  0.0301  0.0303  0.0301  0.0297
  0.0386  0.0331  0.0327  0.0332  0.0327  0.0313
  0.0471  0.0379  0.0365  0.0373  0.0367  0.0340
niter,ni,del,rscale     2    3   12.0000    1.2000
parameters
    0.0920    9.0502   13.1593  -13.7943   -0.7781   -0.9769
eta,q 0.97066 11.40051
  0.0477  0.0386  0.0362  0.0360  0.0369  0.0341
  0.0380  0.0336  0.0322  0.0328  0.0326  0.0312
  0.0313  0.0306  0.0299  0.0308  0.0301  0.0296
  0.0293  0.0293  0.0293  0.0293  0.0293  0.0293
  0.0320  0.0301  0.0302  0.0302  0.0302  0.0297
  0.0385  0.0332  0.0327  0.0331  0.0328  0.0313
  0.0470  0.0379  0.0364  0.0371  0.0367  0.0340
niter,ni,del,rscale     1    3   12.0000    1.2000
parameters
    0.1149    9.1594   13.0803  -13.9855   -0.8040   -0.9579
eta,q 0.97061 11.39861
  0.0477  0.0384  0.0363  0.0361  0.0368  0.0342
  0.0381  0.0335  0.0322  0.0327  0.0325  0.0313
  0.0314  0.0306  0.0299  0.0308  0.0301  0.0297
  0.0293  0.0293  0.0293  0.0293  0.0294  0.0294
  0.0319  0.0302  0.0302  0.0302  0.0302  0.0298
  0.0384  0.0331  0.0327  0.0330  0.0329  0.0313
  0.0469  0.0378  0.0364  0.0370  0.0367  0.0340
registration optimization eta report
parameter search radius
    6.0000    6.0000    6.0000    9.1253    6.0000    6.0000
100000*second partial in parameter space
       49.       24.       20.        8.       21.       13.
  0.0477  0.0384  0.0363  0.0361  0.0368  0.0342
  0.0381  0.0335  0.0322  0.0327  0.0325  0.0313
  0.0314  0.0306  0.0299  0.0308  0.0301  0.0297
  0.0293  0.0293  0.0293  0.0293  0.0294  0.0294
  0.0319  0.0302  0.0302  0.0302  0.0302  0.0298
  0.0384  0.0331  0.0327  0.0330  0.0329  0.0313
  0.0469  0.0378  0.0364  0.0370  0.0367  0.0340
    0.1149    9.1594   13.0803  -13.9855   -0.8040   -0.9579
eta,q 0.97061 11.39861

---------------------------------------------------------------------
imgreg_4dfp /opt/freesurfer/average/711-2C_as_mni_average_305 /opt/freesurfer/average/711-2B_as_mni_average_305_mask talsrcimg_g11 none talsrcimg_to_711-2C_as_mni_average_305_t4 3335
---------------------------------------------------------------------

freesurfer imgreg_4dfp.c
/opt/freesurfer/average/711-2C_as_mni_average_305.4dfp.img
       256       256       256         1
  1.000000  1.000000  1.000000
orientation T byte_order littleendian
Reading image: /opt/freesurfer/average/711-2C_as_mni_average_305.4dfp.img
dimensions:      256       256       256
mmppix:       1.0000   -1.0000   -1.0000
center:     128.0000 -129.0000 -129.0000
/opt/freesurfer/average/711-2B_as_mni_average_305_mask.4dfp.img
       256       256       256         1
  1.000000  1.000000  1.000000
orientation T byte_order littleendian
Reading mask: /opt/freesurfer/average/711-2B_as_mni_average_305_mask.4dfp.img (2306576 pixels)
talsrcimg_g11.4dfp.img
       256       256       256         1
  1.000000  1.000000  1.000000
orientation T byte_order littleendian
Reading image: talsrcimg_g11.4dfp.img
dimensions:      256       256       256
mmppix:       1.0000   -1.0000   -1.0000
center:     128.0000 -129.0000 -129.0000
fimgreg.f
image alignment mode   3335 decimal      D07 hex
parameters
    0.1149    9.1594   13.0803   -0.0238   -2.9722   -2.9738
    1.2831    1.7654   -1.6715   24.1414   -1.4032  -24.1652
eta,q 0.97094 11.46042
niter,ni,del,rscale     5    3    5.0000    1.2000
parameter  4  0.670168 ->  0.500000 qaram    1.1500
parameter  5  0.568534 ->  0.500000 qaram    1.1500
parameter 10  1.174618 ->  0.500000 qaram    1.1500
parameter 12  1.204798 ->  0.500000 qaram    1.1500
parameters
    0.2085    9.1400   12.9150   -4.1638   -7.1122   -6.3780
    0.7721    1.9954   -1.4805   20.0014   -4.5647  -28.3052
eta,q 0.97505 10.78401
  0.0321  0.0307  0.0301  0.0282  0.0279  0.0277  0.0291  0.0308  0.0288  0.0256  0.0260  0.0247
  0.0305  0.0298  0.0295  0.0281  0.0277  0.0274  0.0281  0.0291  0.0280  0.0258  0.0259  0.0249
  0.0294  0.0292  0.0291  0.0284  0.0277  0.0274  0.0275  0.0279  0.0276  0.0264  0.0258  0.0253
  0.0291  0.0291  0.0291  0.0291  0.0281  0.0277  0.0274  0.0274  0.0274  0.0274  0.0259  0.0258
  0.0293  0.0293  0.0292  0.0303  0.0288  0.0285  0.0277  0.0277  0.0275  0.0286  0.0261  0.0266
  0.0302  0.0298  0.0297  0.0323  0.0297  0.0301  0.0285  0.0287  0.0279  0.0301  0.0264  0.0275
  0.0316  0.0307  0.0304  0.0348  0.0309  0.0324  0.0296  0.0306  0.0286  0.0318  0.0268  0.0286
niter,ni,del,rscale     7    3    5.0000    1.2000
parameters
    0.2523    9.2518   12.0868   -6.1664   -5.8012   -7.1824
    0.4240    2.3688   -0.4512   18.8111   -6.5181  -30.7426
eta,q 0.97566 10.70092
  0.0276  0.0270  0.0253  0.0256  0.0271  0.0265  0.0264  0.0283  0.0265  0.0265  0.0248  0.0251
  0.0262  0.0259  0.0249  0.0251  0.0261  0.0255  0.0254  0.0264  0.0256  0.0252  0.0246  0.0245
  0.0253  0.0252  0.0248  0.0248  0.0253  0.0248  0.0248  0.0252  0.0250  0.0246  0.0245  0.0243
  0.0249  0.0249  0.0249  0.0248  0.0248  0.0247  0.0247  0.0247  0.0247  0.0246  0.0245  0.0245
  0.0252  0.0251  0.0254  0.0251  0.0247  0.0252  0.0250  0.0249  0.0247  0.0252  0.0247  0.0250
  0.0261  0.0257  0.0260  0.0260  0.0252  0.0262  0.0257  0.0259  0.0250  0.0263  0.0249  0.0257
  0.0275  0.0266  0.0270  0.0279  0.0261  0.0276  0.0268  0.0276  0.0257  0.0277  0.0253  0.0266
niter,ni,del,rscale     6    3    5.0000    1.2000
parameters
    0.3221    9.1421   12.1102   -6.1612   -5.1894   -7.0985
    0.0863    2.4964   -0.0007   19.1922   -6.6843  -30.9674
eta,q 0.97572 10.74619
  0.0270  0.0262  0.0257  0.0259  0.0267  0.0268  0.0262  0.0278  0.0260  0.0273  0.0249  0.0257
  0.0256  0.0251  0.0250  0.0250  0.0256  0.0256  0.0251  0.0259  0.0252  0.0257  0.0245  0.0249
  0.0247  0.0245  0.0245  0.0245  0.0248  0.0247  0.0245  0.0247  0.0246  0.0247  0.0243  0.0244
  0.0243  0.0243  0.0243  0.0243  0.0243  0.0243  0.0243  0.0243  0.0243  0.0243  0.0243  0.0243
  0.0246  0.0247  0.0245  0.0244  0.0244  0.0246  0.0246  0.0246  0.0244  0.0246  0.0243  0.0245
  0.0254  0.0254  0.0249  0.0249  0.0251  0.0255  0.0254  0.0258  0.0249  0.0255  0.0246  0.0250
  0.0268  0.0265  0.0257  0.0260  0.0262  0.0267  0.0265  0.0276  0.0257  0.0267  0.0249  0.0258
niter,ni,del,rscale     5    3    5.0000    1.2000
parameters
    0.3492    9.1094   12.0872   -6.1797   -5.1760   -7.0737
   -0.0390    2.5261    0.0724   19.2504   -6.7400  -31.0099
eta,q 0.97573 10.74855
  0.0269  0.0263  0.0256  0.0259  0.0264  0.0267  0.0263  0.0277  0.0259  0.0271  0.0249  0.0257
  0.0255  0.0252  0.0249  0.0249  0.0254  0.0255  0.0252  0.0259  0.0251  0.0255  0.0245  0.0249
  0.0246  0.0245  0.0244  0.0245  0.0246  0.0246  0.0245  0.0247  0.0245  0.0246  0.0243  0.0244
  0.0243  0.0243  0.0243  0.0243  0.0243  0.0243  0.0243  0.0243  0.0243  0.0243  0.0243  0.0243
  0.0245  0.0246  0.0244  0.0243  0.0245  0.0246  0.0246  0.0246  0.0244  0.0246  0.0243  0.0245
  0.0254  0.0253  0.0249  0.0248  0.0252  0.0255  0.0253  0.0258  0.0250  0.0256  0.0246  0.0250
  0.0268  0.0264  0.0257  0.0260  0.0265  0.0267  0.0264  0.0277  0.0258  0.0269  0.0249  0.0258
niter,ni,del,rscale     4    3    5.0000    1.2000
parameters
    0.3592    9.1106   12.0862   -6.1680   -5.1850   -7.0665
   -0.0606    2.5396    0.0916   19.2701   -6.7675  -31.0146
eta,q 0.97573 10.74959
  0.0269  0.0264  0.0256  0.0259  0.0264  0.0267  0.0263  0.0277  0.0259  0.0271  0.0249  0.0258
  0.0255  0.0252  0.0249  0.0249  0.0254  0.0255  0.0252  0.0258  0.0250  0.0255  0.0245  0.0250
  0.0246  0.0245  0.0244  0.0245  0.0246  0.0246  0.0245  0.0247  0.0245  0.0246  0.0243  0.0244
  0.0243  0.0243  0.0243  0.0243  0.0243  0.0243  0.0243  0.0243  0.0243  0.0243  0.0243  0.0243
  0.0246  0.0245  0.0244  0.0243  0.0245  0.0246  0.0245  0.0247  0.0244  0.0246  0.0243  0.0245
  0.0254  0.0252  0.0249  0.0248  0.0252  0.0255  0.0253  0.0258  0.0250  0.0256  0.0246  0.0250
  0.0269  0.0263  0.0256  0.0260  0.0265  0.0267  0.0263  0.0277  0.0259  0.0269  0.0249  0.0257
registration optimization eta report
parameter search radius
    2.4000    2.4000    2.4000    8.2800    8.2800    7.2000
    7.2000    7.2000    7.2000    8.2800    7.2000    8.2800
100000*second partial in parameter space
       45.       36.       23.        2.        3.        5.
        4.        7.        3.        4.        1.        2.
  0.0269  0.0264  0.0256  0.0259  0.0264  0.0267  0.0263  0.0277  0.0259  0.0271  0.0249  0.0258
  0.0255  0.0252  0.0249  0.0249  0.0254  0.0255  0.0252  0.0258  0.0250  0.0255  0.0245  0.0250
  0.0246  0.0245  0.0244  0.0245  0.0246  0.0246  0.0245  0.0247  0.0245  0.0246  0.0243  0.0244
  0.0243  0.0243  0.0243  0.0243  0.0243  0.0243  0.0243  0.0243  0.0243  0.0243  0.0243  0.0243
  0.0246  0.0245  0.0244  0.0243  0.0245  0.0246  0.0245  0.0247  0.0244  0.0246  0.0243  0.0245
  0.0254  0.0252  0.0249  0.0248  0.0252  0.0255  0.0253  0.0258  0.0250  0.0256  0.0246  0.0250
  0.0269  0.0263  0.0256  0.0260  0.0265  0.0267  0.0263  0.0277  0.0259  0.0269  0.0249  0.0257
    0.3592    9.1106   12.0862   -6.1680   -5.1850   -7.0665
   -0.0606    2.5396    0.0916   19.2701   -6.7675  -31.0146
eta,q 0.97573 10.74959

---------------------------------------------------------------------
imgreg_4dfp /opt/freesurfer/average/711-2C_as_mni_average_305 /opt/freesurfer/average/711-2B_as_mni_average_305_mask talsrcimg_g11 none talsrcimg_to_711-2C_as_mni_average_305_t4 2311
---------------------------------------------------------------------

freesurfer imgreg_4dfp.c
/opt/freesurfer/average/711-2C_as_mni_average_305.4dfp.img
       256       256       256         1
  1.000000  1.000000  1.000000
orientation T byte_order littleendian
Reading image: /opt/freesurfer/average/711-2C_as_mni_average_305.4dfp.img
dimensions:      256       256       256
mmppix:       1.0000   -1.0000   -1.0000
center:     128.0000 -129.0000 -129.0000
/opt/freesurfer/average/711-2B_as_mni_average_305_mask.4dfp.img
       256       256       256         1
  1.000000  1.000000  1.000000
orientation T byte_order littleendian
Reading mask: /opt/freesurfer/average/711-2B_as_mni_average_305_mask.4dfp.img (2306576 pixels)
talsrcimg_g11.4dfp.img
       256       256       256         1
  1.000000  1.000000  1.000000
orientation T byte_order littleendian
Reading image: talsrcimg_g11.4dfp.img
dimensions:      256       256       256
mmppix:       1.0000   -1.0000   -1.0000
center:     128.0000 -129.0000 -129.0000
fimgreg.f
image alignment mode   2311 decimal      907 hex
parameters
    0.3592    9.1106   12.0862   -6.1680   -5.1850   -7.0665
   -0.0606    2.5396    0.0916   19.2701   -6.7675  -31.0146
eta,q 0.97573 10.74958
niter,ni,del,rscale     5    3    5.0000    0.8000
parameters
    0.3737    9.0979   12.0879   -5.7498   -4.9134   -7.0821
   -0.0443    2.5637    0.1651   19.0855   -6.7341  -30.9772
eta,q 0.97575 10.78396
  0.0255  0.0252  0.0249  0.0248  0.0251  0.0255  0.0252  0.0258  0.0250  0.0252  0.0245  0.0248
  0.0248  0.0247  0.0245  0.0245  0.0247  0.0248  0.0247  0.0250  0.0246  0.0247  0.0244  0.0245
  0.0244  0.0244  0.0243  0.0244  0.0244  0.0244  0.0244  0.0244  0.0243  0.0243  0.0243  0.0243
  0.0243  0.0243  0.0243  0.0243  0.0243  0.0243  0.0243  0.0243  0.0243  0.0243  0.0243  0.0243
  0.0244  0.0244  0.0243  0.0243  0.0243  0.0244  0.0244  0.0244  0.0243  0.0244  0.0243  0.0243
  0.0248  0.0247  0.0245  0.0244  0.0246  0.0248  0.0247  0.0249  0.0246  0.0248  0.0244  0.0245
  0.0254  0.0252  0.0249  0.0247  0.0250  0.0255  0.0252  0.0258  0.0250  0.0253  0.0245  0.0248
niter,ni,del,rscale     4    3    5.0000    0.7000
parameters
    0.3898    9.0389   12.1069   -5.6487   -4.8144   -7.0501
   -0.0632    2.5797    0.1851   19.0089   -6.7108  -30.9647
eta,q 0.97576 10.79461
  0.0252  0.0249  0.0247  0.0246  0.0249  0.0252  0.0250  0.0255  0.0248  0.0250  0.0245  0.0246
  0.0247  0.0245  0.0245  0.0244  0.0246  0.0247  0.0246  0.0248  0.0245  0.0246  0.0243  0.0244
  0.0244  0.0243  0.0243  0.0243  0.0243  0.0244  0.0243  0.0244  0.0243  0.0243  0.0243  0.0243
  0.0243  0.0243  0.0242  0.0242  0.0242  0.0242  0.0242  0.0242  0.0242  0.0242  0.0242  0.0242
  0.0243  0.0244  0.0243  0.0243  0.0243  0.0243  0.0243  0.0244  0.0243  0.0243  0.0243  0.0243
  0.0247  0.0246  0.0244  0.0244  0.0245  0.0247  0.0246  0.0248  0.0245  0.0246  0.0243  0.0244
  0.0252  0.0251  0.0247  0.0246  0.0248  0.0252  0.0250  0.0255  0.0248  0.0251  0.0245  0.0246
niter,ni,del,rscale     3    3    5.0000    0.6000
parameters
    0.3987    9.0117   12.1272   -5.5459   -4.7818   -7.0147
   -0.0557    2.5837    0.1904   18.9822   -6.6565  -30.9578
eta,q 0.97576 10.80324
  0.0249  0.0248  0.0246  0.0245  0.0247  0.0250  0.0248  0.0251  0.0247  0.0248  0.0244  0.0245
  0.0246  0.0245  0.0244  0.0244  0.0245  0.0246  0.0245  0.0246  0.0244  0.0245  0.0243  0.0244
  0.0243  0.0243  0.0243  0.0243  0.0243  0.0243  0.0243  0.0243  0.0243  0.0243  0.0243  0.0243
  0.0242  0.0242  0.0242  0.0242  0.0242  0.0242  0.0242  0.0242  0.0242  0.0242  0.0242  0.0242
  0.0243  0.0243  0.0243  0.0242  0.0243  0.0243  0.0243  0.0243  0.0243  0.0243  0.0243  0.0243
  0.0245  0.0245  0.0244  0.0243  0.0245  0.0246  0.0245  0.0246  0.0244  0.0245  0.0243  0.0244
  0.0249  0.0248  0.0246  0.0245  0.0247  0.0250  0.0248  0.0251  0.0247  0.0248  0.0244  0.0245
niter,ni,del,rscale     2    3    5.0000    0.5000
parameters
    0.4025    9.0014   12.1368   -5.4184   -4.7650   -6.9868
   -0.0297    2.5943    0.1795   18.9823   -6.6036  -30.9615
eta,q 0.97577 10.81277
  0.0247  0.0246  0.0245  0.0244  0.0246  0.0248  0.0246  0.0249  0.0245  0.0246  0.0243  0.0244
  0.0245  0.0244  0.0244  0.0244  0.0244  0.0245  0.0244  0.0245  0.0244  0.0244  0.0243  0.0243
  0.0243  0.0243  0.0243  0.0243  0.0243  0.0243  0.0243  0.0243  0.0243  0.0243  0.0242  0.0243
  0.0242  0.0242  0.0242  0.0242  0.0242  0.0242  0.0242  0.0242  0.0242  0.0242  0.0242  0.0242
  0.0243  0.0243  0.0243  0.0242  0.0243  0.0243  0.0243  0.0243  0.0243  0.0243  0.0242  0.0243
  0.0245  0.0244  0.0243  0.0243  0.0244  0.0245  0.0244  0.0245  0.0244  0.0244  0.0243  0.0243
  0.0247  0.0246  0.0245  0.0244  0.0246  0.0248  0.0246  0.0249  0.0245  0.0247  0.0243  0.0244
niter,ni,del,rscale     1    3    5.0000    0.4000
parameters
    0.4048    8.9947   12.1489   -5.3048   -4.7614   -6.9644
   -0.0196    2.5979    0.1895   18.9876   -6.5546  -30.9925
eta,q 0.97577 10.82101
  0.0245  0.0245  0.0244  0.0244  0.0245  0.0246  0.0245  0.0246  0.0244  0.0245  0.0243  0.0244
  0.0244  0.0243  0.0243  0.0243  0.0243  0.0244  0.0243  0.0244  0.0243  0.0244  0.0243  0.0243
  0.0243  0.0243  0.0243  0.0243  0.0243  0.0243  0.0243  0.0243  0.0243  0.0243  0.0242  0.0242
  0.0242  0.0242  0.0242  0.0242  0.0242  0.0242  0.0242  0.0242  0.0242  0.0242  0.0242  0.0242
  0.0243  0.0243  0.0242  0.0242  0.0243  0.0243  0.0243  0.0243  0.0243  0.0243  0.0242  0.0242
  0.0244  0.0244  0.0243  0.0243  0.0243  0.0244  0.0243  0.0244  0.0243  0.0244  0.0243  0.0243
  0.0245  0.0245  0.0244  0.0244  0.0245  0.0246  0.0245  0.0246  0.0244  0.0245  0.0243  0.0244
registration optimization eta report
parameter search radius
    0.8000    0.8000    0.8000    2.4000    2.4000    2.4000
    2.4000    2.4000    2.4000    2.4000    2.4000    2.4000
100000*second partial in parameter space
       49.       40.       24.        2.        4.        6.
        4.        7.        3.        5.        1.        2.
  0.0245  0.0245  0.0244  0.0244  0.0245  0.0246  0.0245  0.0246  0.0244  0.0245  0.0243  0.0244
  0.0244  0.0243  0.0243  0.0243  0.0243  0.0244  0.0243  0.0244  0.0243  0.0244  0.0243  0.0243
  0.0243  0.0243  0.0243  0.0243  0.0243  0.0243  0.0243  0.0243  0.0243  0.0243  0.0242  0.0242
  0.0242  0.0242  0.0242  0.0242  0.0242  0.0242  0.0242  0.0242  0.0242  0.0242  0.0242  0.0242
  0.0243  0.0243  0.0242  0.0242  0.0243  0.0243  0.0243  0.0243  0.0243  0.0243  0.0242  0.0242
  0.0244  0.0244  0.0243  0.0243  0.0243  0.0244  0.0243  0.0244  0.0243  0.0244  0.0243  0.0243
  0.0245  0.0245  0.0244  0.0244  0.0245  0.0246  0.0245  0.0246  0.0244  0.0245  0.0243  0.0244
    0.4048    8.9947   12.1489   -5.3048   -4.7614   -6.9644
   -0.0196    2.5979    0.1895   18.9876   -6.5546  -30.9925
eta,q 0.97577 10.82101

---------------------------------------------------------------------
imgreg_4dfp /opt/freesurfer/average/711-2C_as_mni_average_305 /opt/freesurfer/average/711-2B_as_mni_average_305_mask talsrcimg_g11 none talsrcimg_to_711-2C_as_mni_average_305_t4 2311
---------------------------------------------------------------------

freesurfer imgreg_4dfp.c
/opt/freesurfer/average/711-2C_as_mni_average_305.4dfp.img
       256       256       256         1
  1.000000  1.000000  1.000000
orientation T byte_order littleendian
Reading image: /opt/freesurfer/average/711-2C_as_mni_average_305.4dfp.img
dimensions:      256       256       256
mmppix:       1.0000   -1.0000   -1.0000
center:     128.0000 -129.0000 -129.0000
/opt/freesurfer/average/711-2B_as_mni_average_305_mask.4dfp.img
       256       256       256         1
  1.000000  1.000000  1.000000
orientation T byte_order littleendian
Reading mask: /opt/freesurfer/average/711-2B_as_mni_average_305_mask.4dfp.img (2306576 pixels)
talsrcimg_g11.4dfp.img
       256       256       256         1
  1.000000  1.000000  1.000000
orientation T byte_order littleendian
Reading image: talsrcimg_g11.4dfp.img
dimensions:      256       256       256
mmppix:       1.0000   -1.0000   -1.0000
center:     128.0000 -129.0000 -129.0000
fimgreg.f
image alignment mode   2311 decimal      907 hex
parameters
    0.4048    8.9947   12.1489   -5.3048   -4.7614   -6.9644
   -0.0196    2.5979    0.1895   18.9876   -6.5546  -30.9925
eta,q 0.97577 10.82101
niter,ni,del,rscale     5    3    5.0000    0.8000
parameters
    0.3987    8.9926   12.1493   -5.7219   -4.8007   -7.0032
   -0.0693    2.5639    0.1243   18.9554   -6.7020  -30.9265
eta,q 0.97576 10.79162
  0.0254  0.0252  0.0249  0.0246  0.0250  0.0255  0.0252  0.0258  0.0250  0.0253  0.0245  0.0248
  0.0248  0.0247  0.0245  0.0244  0.0246  0.0248  0.0247  0.0249  0.0246  0.0247  0.0244  0.0245
  0.0244  0.0243  0.0243  0.0243  0.0243  0.0244  0.0243  0.0244  0.0243  0.0244  0.0243  0.0243
  0.0242  0.0242  0.0242  0.0242  0.0242  0.0242  0.0242  0.0242  0.0242  0.0242  0.0242  0.0242
  0.0244  0.0244  0.0243  0.0243  0.0243  0.0244  0.0244  0.0244  0.0243  0.0244  0.0243  0.0243
  0.0248  0.0247  0.0245  0.0245  0.0246  0.0248  0.0247  0.0250  0.0246  0.0247  0.0244  0.0245
  0.0255  0.0252  0.0249  0.0249  0.0251  0.0255  0.0252  0.0258  0.0250  0.0253  0.0245  0.0248
niter,ni,del,rscale     4    3    5.0000    0.7000
parameters
    0.3969    9.0066   12.1405   -5.6434   -4.7899   -7.0197
   -0.0587    2.5776    0.1576   18.9470   -6.6792  -30.9444
eta,q 0.97576 10.79615
  0.0252  0.0250  0.0247  0.0246  0.0249  0.0252  0.0250  0.0255  0.0248  0.0250  0.0245  0.0246
  0.0247  0.0246  0.0244  0.0244  0.0245  0.0247  0.0246  0.0248  0.0245  0.0246  0.0243  0.0244
  0.0243  0.0243  0.0243  0.0243  0.0243  0.0244  0.0243  0.0244  0.0243  0.0243  0.0243  0.0243
  0.0242  0.0242  0.0242  0.0242  0.0242  0.0242  0.0242  0.0242  0.0242  0.0242  0.0242  0.0242
  0.0243  0.0243  0.0243  0.0243  0.0243  0.0244  0.0243  0.0244  0.0243  0.0243  0.0243  0.0243
  0.0247  0.0246  0.0245  0.0244  0.0245  0.0247  0.0246  0.0248  0.0245  0.0246  0.0243  0.0244
  0.0252  0.0250  0.0247  0.0246  0.0249  0.0252  0.0250  0.0255  0.0248  0.0250  0.0245  0.0246
niter,ni,del,rscale     3    3    5.0000    0.6000
parameters
    0.4025    9.0030   12.1388   -5.5536   -4.7678   -7.0055
   -0.0510    2.5888    0.1751   18.9624   -6.6461  -30.9544
eta,q 0.97576 10.80350
  0.0249  0.0248  0.0246  0.0245  0.0247  0.0250  0.0248  0.0251  0.0247  0.0248  0.0244  0.0245
  0.0246  0.0245  0.0244  0.0244  0.0245  0.0246  0.0245  0.0246  0.0244  0.0245  0.0243  0.0244
  0.0243  0.0243  0.0243  0.0243  0.0243  0.0243  0.0243  0.0243  0.0243  0.0243  0.0243  0.0243
  0.0242  0.0242  0.0242  0.0242  0.0242  0.0242  0.0242  0.0242  0.0242  0.0242  0.0242  0.0242
  0.0243  0.0243  0.0243  0.0242  0.0243  0.0243  0.0243  0.0243  0.0243  0.0243  0.0243  0.0243
  0.0245  0.0245  0.0244  0.0243  0.0245  0.0246  0.0245  0.0246  0.0244  0.0245  0.0243  0.0244
  0.0249  0.0248  0.0246  0.0245  0.0247  0.0250  0.0248  0.0251  0.0247  0.0248  0.0244  0.0245
niter,ni,del,rscale     2    3    5.0000    0.5000
parameters
    0.4020    8.9959   12.1406   -5.4096   -4.7606   -6.9785
   -0.0247    2.5946    0.1830   18.9748   -6.5824  -30.9598
eta,q 0.97576 10.81373
  0.0247  0.0246  0.0245  0.0244  0.0246  0.0248  0.0246  0.0249  0.0245  0.0246  0.0243  0.0244
  0.0245  0.0244  0.0243  0.0244  0.0244  0.0245  0.0244  0.0245  0.0244  0.0244  0.0243  0.0243
  0.0243  0.0243  0.0243  0.0243  0.0243  0.0243  0.0243  0.0243  0.0243  0.0243  0.0242  0.0243
  0.0242  0.0242  0.0242  0.0242  0.0242  0.0242  0.0242  0.0242  0.0242  0.0242  0.0242  0.0242
  0.0243  0.0243  0.0243  0.0242  0.0243  0.0243  0.0243  0.0243  0.0243  0.0243  0.0242  0.0243
  0.0245  0.0244  0.0243  0.0243  0.0244  0.0245  0.0244  0.0245  0.0244  0.0244  0.0243  0.0243
  0.0247  0.0246  0.0245  0.0244  0.0246  0.0248  0.0246  0.0249  0.0245  0.0246  0.0243  0.0244
niter,ni,del,rscale     1    3    5.0000    0.4000
parameters
    0.4039    8.9960   12.1504   -5.3095   -4.7586   -6.9635
   -0.0221    2.5879    0.1888   18.9842   -6.5581  -30.9795
eta,q 0.97577 10.82070
  0.0245  0.0245  0.0244  0.0244  0.0245  0.0246  0.0245  0.0246  0.0244  0.0245  0.0243  0.0244
  0.0244  0.0243  0.0243  0.0243  0.0243  0.0244  0.0243  0.0244  0.0243  0.0244  0.0243  0.0243
  0.0243  0.0243  0.0243  0.0243  0.0243  0.0243  0.0243  0.0243  0.0243  0.0243  0.0242  0.0242
  0.0242  0.0242  0.0242  0.0242  0.0242  0.0242  0.0242  0.0242  0.0242  0.0242  0.0242  0.0242
  0.0243  0.0243  0.0243  0.0242  0.0243  0.0243  0.0243  0.0243  0.0243  0.0243  0.0242  0.0242
  0.0244  0.0243  0.0243  0.0243  0.0243  0.0244  0.0243  0.0244  0.0243  0.0243  0.0243  0.0243
  0.0245  0.0245  0.0244  0.0244  0.0245  0.0246  0.0245  0.0246  0.0244  0.0245  0.0243  0.0244
registration optimization eta report
parameter search radius
    0.8000    0.8000    0.8000    2.4000    2.4000    2.4000
    2.4000    2.4000    2.4000    2.4000    2.4000    2.4000
100000*second partial in parameter space
       49.       39.       24.        2.        4.        6.
        4.        7.        3.        5.        1.        2.
  0.0245  0.0245  0.0244  0.0244  0.0245  0.0246  0.0245  0.0246  0.0244  0.0245  0.0243  0.0244
  0.0244  0.0243  0.0243  0.0243  0.0243  0.0244  0.0243  0.0244  0.0243  0.0244  0.0243  0.0243
  0.0243  0.0243  0.0243  0.0243  0.0243  0.0243  0.0243  0.0243  0.0243  0.0243  0.0242  0.0242
  0.0242  0.0242  0.0242  0.0242  0.0242  0.0242  0.0242  0.0242  0.0242  0.0242  0.0242  0.0242
  0.0243  0.0243  0.0243  0.0242  0.0243  0.0243  0.0243  0.0243  0.0243  0.0243  0.0242  0.0242
  0.0244  0.0243  0.0243  0.0243  0.0243  0.0244  0.0243  0.0244  0.0243  0.0243  0.0243  0.0243
  0.0245  0.0245  0.0244  0.0244  0.0245  0.0246  0.0245  0.0246  0.0244  0.0245  0.0243  0.0244
    0.4039    8.9960   12.1504   -5.3095   -4.7586   -6.9635
   -0.0221    2.5879    0.1888   18.9842   -6.5581  -30.9795
eta,q 0.97577 10.82070

---------------------------------------------------------------------
compute_vox2vox talsrcimg talsrcimg_to_711-2C_as_mni_average_305_t4 /opt/freesurfer/average/711-2C_as_mni_average_305
---------------------------------------------------------------------

freesurfer compute_vox2vox.c
Reading: talsrcimg.4dfp.ifh
Reading: talsrcimg_to_711-2C_as_mni_average_305_t4
Reading: /opt/freesurfer/average/711-2C_as_mni_average_305.4dfp.ifh
Writing: talsrcimg_to_711-2C_as_mni_average_305_t4_vox2vox.txt

start time Sun Mar 8 12:46:16 CET 2026
end		time Sun Mar 8 12:47:41 CET 2026

mpr2mni305 success

avi2talxfm orig_nu.mgz /opt/freesurfer/average/mni305.cor.mgz talsrcimg_to_711-2C_as_mni_average_305_t4_vox2vox.txt transforms/talairach.auto.xfm
avi2talxfm done
mv -f /out/sourcedata/freesurfer/sub-v1s13x0050007_ses-1/mri/talsrcimg_to_711-2C_as_mni_average_305_t4_vox2vox.txt /out/sourcedata/freesurfer/sub-v1s13x0050007_ses-1/mri/transforms/talsrcimg_to_711-2C_as_mni_average_305_t4_vox2vox.txt
lta_convert --src orig_nu.mgz --trg /opt/freesurfer/average/mni305.cor.mgz --inxfm transforms/talairach.auto.xfm --outlta transforms/talairach.auto.xfm.lta --subject fsaverage
7.3.2

--src: orig_nu.mgz src image (geometry).
--trg: /opt/freesurfer/average/mni305.cor.mgz trg image (geometry).
--inmni: transforms/talairach.auto.xfm input MNI/XFM transform.
--outlta: transforms/talairach.auto.xfm.lta output LTA.
--s: fsaverage subject name
 LTA read, type : 1
 1.05418  -0.02754  -0.00872   0.70284;
 0.06903   1.00614   0.32729  -6.45393;
-0.01585  -0.20050   0.98474   2.19229;
 0.00000   0.00000   0.00000   1.00000;
setting subject to fsaverage
Writing  LTA to file transforms/talairach.auto.xfm.lta...
lta_convert successful.
 
 
Started at Sun Mar 8 12:46:16 CET 2026
Ended   at Sun Mar  8 12:47:41 CET 2026
talairach_avi done
