status file for recon-all
Sun Mar  8 15:45:49 CET 2026
#@# MotionCor Sun Mar  8 15:45:51 CET 2026
#@# Talairach Sun Mar  8 15:45:57 CET 2026
#@# Talairach Failure Detection Sun Mar  8 15:48:47 CET 2026
#@# Nu Intensity Correction Sun Mar  8 15:48:47 CET 2026
#@# Intensity Normalization Sun Mar  8 15:51:33 CET 2026
recon-all -s sub-v1s13x0050024_ses-1 finished without error at Sun Mar  8 15:52:27 CET 2026



#New# invocation of recon-all 



status file for recon-all
Sun Mar  8 15:58:15 CET 2026
#@# EM Registration Sun Mar  8 15:58:15 CET 2026
recon-all -s sub-v1s13x0050024_ses-1 finished without error at Sun Mar  8 15:59:36 CET 2026



#New# invocation of recon-all 



status file for recon-all
Sun Mar  8 15:59:40 CET 2026
#@# CA Normalize Sun Mar  8 15:59:40 CET 2026
#@# CA Reg Sun Mar  8 16:00:32 CET 2026
#@# SubCort Seg Sun Mar  8 16:37:50 CET 2026
#@# CC Seg Sun Mar  8 16:59:55 CET 2026
#@# Merge ASeg Sun Mar  8 17:00:26 CET 2026
#@# Intensity Normalization2 Sun Mar  8 17:00:26 CET 2026
#@# Mask BFS Sun Mar  8 17:01:46 CET 2026
#@# WM Segmentation Sun Mar  8 17:01:47 CET 2026
#@# Fill Sun Mar  8 17:03:22 CET 2026
recon-all -s sub-v1s13x0050024_ses-1 finished without error at Sun Mar  8 17:03:59 CET 2026



#New# invocation of recon-all 



status file for recon-all
Sun Mar  8 17:46:03 CET 2026
#@# white curv lh Sun Mar  8 17:46:03 CET 2026
#@# white area lh Sun Mar  8 17:46:03 CET 2026
#@# pial curv lh Sun Mar  8 17:46:03 CET 2026
#@# pial area lh Sun Mar  8 17:46:03 CET 2026
#@# thickness lh Sun Mar  8 17:46:03 CET 2026
#@# area and vertex vol lh Sun Mar  8 17:46:03 CET 2026
#@# white curv rh Sun Mar  8 17:46:03 CET 2026
#@# white area rh Sun Mar  8 17:46:03 CET 2026
#@# pial curv rh Sun Mar  8 17:46:03 CET 2026
#@# pial area rh Sun Mar  8 17:46:03 CET 2026
#@# thickness rh Sun Mar  8 17:46:03 CET 2026
#@# area and vertex vol rh Sun Mar  8 17:46:03 CET 2026
#@# Cortical ribbon mask Sun Mar  8 17:46:03 CET 2026
recon-all -s sub-v1s13x0050024_ses-1 finished without error at Sun Mar  8 17:51:08 CET 2026



#New# invocation of recon-all 



status file for recon-all
Sun Mar  8 17:55:39 CET 2026
#@# white curv lh Sun Mar  8 17:55:39 CET 2026
#@# white area lh Sun Mar  8 17:55:40 CET 2026
#@# pial curv lh Sun Mar  8 17:55:40 CET 2026
#@# pial area lh Sun Mar  8 17:55:40 CET 2026
#@# thickness lh Sun Mar  8 17:55:40 CET 2026
#@# area and vertex vol lh Sun Mar  8 17:55:40 CET 2026
#@# white curv rh Sun Mar  8 17:55:40 CET 2026
#@# white area rh Sun Mar  8 17:55:40 CET 2026
#@# pial curv rh Sun Mar  8 17:55:40 CET 2026
#@# pial area rh Sun Mar  8 17:55:40 CET 2026
#@# thickness rh Sun Mar  8 17:55:40 CET 2026
#@# area and vertex vol rh Sun Mar  8 17:55:40 CET 2026
#@# Curvature Stats lh Sun Mar  8 17:55:40 CET 2026
#@# Curvature Stats rh Sun Mar  8 17:55:41 CET 2026
#@# Relabel Hypointensities Sun Mar  8 17:55:43 CET 2026
#@# APas-to-ASeg Sun Mar  8 17:55:53 CET 2026
#@# AParc-to-ASeg aparc Sun Mar  8 17:55:58 CET 2026
#@# AParc-to-ASeg aparc.a2009s Sun Mar  8 17:56:13 CET 2026
#@# AParc-to-ASeg aparc.DKTatlas Sun Mar  8 17:56:28 CET 2026
#@# WMParc Sun Mar  8 17:56:46 CET 2026
#@# ASeg Stats Sun Mar  8 17:58:43 CET 2026
recon-all -s sub-v1s13x0050024_ses-1 finished without error at Sun Mar  8 17:59:02 CET 2026
