status file for recon-all
Sun Mar  8 17:29:44 CET 2026
#@# Tessellate rh Sun Mar  8 17:29:44 CET 2026
#@# Smooth1 rh Sun Mar  8 17:29:47 CET 2026
#@# Inflation1 rh Sun Mar  8 17:29:49 CET 2026
#@# QSphere rh Sun Mar  8 17:29:57 CET 2026
#@# Fix Topology rh Sun Mar  8 17:30:39 CET 2026
#@# Smooth2 rh Sun Mar  8 17:36:37 CET 2026
#@# Inflation2 rh Sun Mar  8 17:36:39 CET 2026
#@# Curv .H and .K rh Sun Mar  8 17:36:48 CET 2026
#@# Sphere rh Sun Mar  8 17:37:23 CET 2026
#@# Surf Reg rh Sun Mar  8 17:38:30 CET 2026
#@# Jacobian white rh Sun Mar  8 17:40:38 CET 2026
#@# AvgCurv rh Sun Mar  8 17:40:38 CET 2026
#@# Cortical Parc rh Sun Mar  8 17:40:39 CET 2026
#@# white curv rh Sun Mar  8 17:45:17 CET 2026
#@# white area rh Sun Mar  8 17:45:18 CET 2026
#@# pial curv rh Sun Mar  8 17:45:19 CET 2026
#@# pial area rh Sun Mar  8 17:45:20 CET 2026
#@# thickness rh Sun Mar  8 17:45:20 CET 2026
#@# area and vertex vol rh Sun Mar  8 17:45:38 CET 2026
#@# Curvature Stats rh Sun Mar  8 17:45:39 CET 2026
#@# Cortical Parc 2 rh Sun Mar  8 17:45:41 CET 2026
#@# Cortical Parc 3 rh Sun Mar  8 17:45:50 CET 2026
#@# WM/GM Contrast rh Sun Mar  8 17:45:57 CET 2026
recon-all -s sub-v1s13x0050024_ses-1 finished without error at Sun Mar  8 17:45:59 CET 2026



#New# invocation of recon-all 



status file for recon-all
Sun Mar  8 17:53:25 CET 2026
#@# white curv rh Sun Mar  8 17:53:25 CET 2026
#@# white area rh Sun Mar  8 17:53:25 CET 2026
#@# pial curv rh Sun Mar  8 17:53:25 CET 2026
#@# pial area rh Sun Mar  8 17:53:25 CET 2026
#@# thickness rh Sun Mar  8 17:53:25 CET 2026
#@# area and vertex vol rh Sun Mar  8 17:53:25 CET 2026
#@# Parcellation Stats rh Sun Mar  8 17:53:25 CET 2026
#@# Parcellation Stats 2 rh Sun Mar  8 17:53:38 CET 2026
#@# Parcellation Stats 3 rh Sun Mar  8 17:53:45 CET 2026
#@# BA_exvivo Labels rh Sun Mar  8 17:53:52 CET 2026
recon-all -s sub-v1s13x0050024_ses-1 finished without error at Sun Mar  8 17:55:36 CET 2026
