status file for recon-all
Sun Mar  8 17:04:04 CET 2026
#@# Tessellate lh Sun Mar  8 17:04:04 CET 2026
#@# Smooth1 lh Sun Mar  8 17:04:06 CET 2026
#@# Inflation1 lh Sun Mar  8 17:04:08 CET 2026
#@# QSphere lh Sun Mar  8 17:04:17 CET 2026
#@# Fix Topology lh Sun Mar  8 17:04:56 CET 2026
#@# Smooth2 lh Sun Mar  8 17:19:21 CET 2026
#@# Inflation2 lh Sun Mar  8 17:19:22 CET 2026
#@# Curv .H and .K lh Sun Mar  8 17:19:31 CET 2026
#@# Sphere lh Sun Mar  8 17:20:07 CET 2026
#@# Surf Reg lh Sun Mar  8 17:21:54 CET 2026
#@# Jacobian white lh Sun Mar  8 17:24:21 CET 2026
#@# AvgCurv lh Sun Mar  8 17:24:22 CET 2026
#@# Cortical Parc lh Sun Mar  8 17:24:22 CET 2026
#@# white curv lh Sun Mar  8 17:28:59 CET 2026
#@# white area lh Sun Mar  8 17:29:01 CET 2026
#@# pial curv lh Sun Mar  8 17:29:01 CET 2026
#@# pial area lh Sun Mar  8 17:29:02 CET 2026
#@# thickness lh Sun Mar  8 17:29:03 CET 2026
#@# area and vertex vol lh Sun Mar  8 17:29:20 CET 2026
#@# Curvature Stats lh Sun Mar  8 17:29:21 CET 2026
#@# Cortical Parc 2 lh Sun Mar  8 17:29:23 CET 2026
#@# Cortical Parc 3 lh Sun Mar  8 17:29:32 CET 2026
#@# WM/GM Contrast lh Sun Mar  8 17:29:39 CET 2026
recon-all -s sub-v1s13x0050024_ses-1 finished without error at Sun Mar  8 17:29:41 CET 2026



#New# invocation of recon-all 



status file for recon-all
Sun Mar  8 17:51:11 CET 2026
#@# white curv lh Sun Mar  8 17:51:11 CET 2026
#@# white area lh Sun Mar  8 17:51:11 CET 2026
#@# pial curv lh Sun Mar  8 17:51:11 CET 2026
#@# pial area lh Sun Mar  8 17:51:11 CET 2026
#@# thickness lh Sun Mar  8 17:51:11 CET 2026
#@# area and vertex vol lh Sun Mar  8 17:51:11 CET 2026
#@# Parcellation Stats lh Sun Mar  8 17:51:11 CET 2026
#@# Parcellation Stats 2 lh Sun Mar  8 17:51:24 CET 2026
#@# Parcellation Stats 3 lh Sun Mar  8 17:51:31 CET 2026
#@# BA_exvivo Labels lh Sun Mar  8 17:51:38 CET 2026
recon-all -s sub-v1s13x0050024_ses-1 finished without error at Sun Mar  8 17:53:22 CET 2026
