status file for recon-all
Sun Mar  8 19:32:24 CET 2026
#@# Tessellate rh Sun Mar  8 19:32:24 CET 2026
#@# Smooth1 rh Sun Mar  8 19:32:29 CET 2026
#@# Inflation1 rh Sun Mar  8 19:32:32 CET 2026
#@# QSphere rh Sun Mar  8 19:32:47 CET 2026
#@# Fix Topology rh Sun Mar  8 19:34:15 CET 2026
#@# Smooth2 rh Sun Mar  8 19:54:51 CET 2026
#@# Inflation2 rh Sun Mar  8 19:54:55 CET 2026
#@# Curv .H and .K rh Sun Mar  8 19:55:12 CET 2026
#@# Sphere rh Sun Mar  8 19:56:04 CET 2026
#@# Surf Reg rh Sun Mar  8 20:00:20 CET 2026
#@# Jacobian white rh Sun Mar  8 20:05:12 CET 2026
#@# AvgCurv rh Sun Mar  8 20:05:13 CET 2026
#@# Cortical Parc rh Sun Mar  8 20:05:14 CET 2026
#@# white curv rh Sun Mar  8 20:12:33 CET 2026
#@# white area rh Sun Mar  8 20:12:35 CET 2026
#@# pial curv rh Sun Mar  8 20:12:36 CET 2026
#@# pial area rh Sun Mar  8 20:12:38 CET 2026
#@# thickness rh Sun Mar  8 20:12:39 CET 2026
#@# area and vertex vol rh Sun Mar  8 20:13:15 CET 2026
#@# Curvature Stats rh Sun Mar  8 20:13:17 CET 2026
#@# Cortical Parc 2 rh Sun Mar  8 20:13:20 CET 2026
#@# Cortical Parc 3 rh Sun Mar  8 20:13:37 CET 2026
#@# WM/GM Contrast rh Sun Mar  8 20:13:49 CET 2026
recon-all -s sub-v1s13x0050059_ses-1 finished without error at Sun Mar  8 20:13:53 CET 2026



#New# invocation of recon-all 



status file for recon-all
Sun Mar  8 20:22:47 CET 2026
#@# white curv rh Sun Mar  8 20:22:47 CET 2026
#@# white area rh Sun Mar  8 20:22:47 CET 2026
#@# pial curv rh Sun Mar  8 20:22:47 CET 2026
#@# pial area rh Sun Mar  8 20:22:47 CET 2026
#@# thickness rh Sun Mar  8 20:22:47 CET 2026
#@# area and vertex vol rh Sun Mar  8 20:22:47 CET 2026
#@# Parcellation Stats rh Sun Mar  8 20:22:47 CET 2026
#@# Parcellation Stats 2 rh Sun Mar  8 20:23:11 CET 2026
#@# Parcellation Stats 3 rh Sun Mar  8 20:23:24 CET 2026
#@# BA_exvivo Labels rh Sun Mar  8 20:23:35 CET 2026
recon-all -s sub-v1s13x0050059_ses-1 finished without error at Sun Mar  8 20:26:50 CET 2026
