status file for recon-all
Sun Mar  8 18:55:16 CET 2026
#@# Tessellate lh Sun Mar  8 18:55:16 CET 2026
#@# Smooth1 lh Sun Mar  8 18:55:20 CET 2026
#@# Inflation1 lh Sun Mar  8 18:55:24 CET 2026
#@# QSphere lh Sun Mar  8 18:55:47 CET 2026
#@# Fix Topology lh Sun Mar  8 18:57:17 CET 2026
#@# Smooth2 lh Sun Mar  8 19:12:37 CET 2026
#@# Inflation2 lh Sun Mar  8 19:12:40 CET 2026
#@# Curv .H and .K lh Sun Mar  8 19:12:59 CET 2026
#@# Sphere lh Sun Mar  8 19:13:51 CET 2026
#@# Surf Reg lh Sun Mar  8 19:18:56 CET 2026
#@# Jacobian white lh Sun Mar  8 19:23:44 CET 2026
#@# AvgCurv lh Sun Mar  8 19:23:45 CET 2026
#@# Cortical Parc lh Sun Mar  8 19:23:46 CET 2026
#@# white curv lh Sun Mar  8 19:31:03 CET 2026
#@# white area lh Sun Mar  8 19:31:05 CET 2026
#@# pial curv lh Sun Mar  8 19:31:06 CET 2026
#@# pial area lh Sun Mar  8 19:31:08 CET 2026
#@# thickness lh Sun Mar  8 19:31:09 CET 2026
#@# area and vertex vol lh Sun Mar  8 19:31:44 CET 2026
#@# Curvature Stats lh Sun Mar  8 19:31:46 CET 2026
#@# Cortical Parc 2 lh Sun Mar  8 19:31:49 CET 2026
#@# Cortical Parc 3 lh Sun Mar  8 19:32:05 CET 2026
#@# WM/GM Contrast lh Sun Mar  8 19:32:18 CET 2026
recon-all -s sub-v1s13x0050059_ses-1 finished without error at Sun Mar  8 19:32:22 CET 2026



#New# invocation of recon-all 



status file for recon-all
Sun Mar  8 20:18:48 CET 2026
#@# white curv lh Sun Mar  8 20:18:49 CET 2026
#@# white area lh Sun Mar  8 20:18:49 CET 2026
#@# pial curv lh Sun Mar  8 20:18:49 CET 2026
#@# pial area lh Sun Mar  8 20:18:49 CET 2026
#@# thickness lh Sun Mar  8 20:18:49 CET 2026
#@# area and vertex vol lh Sun Mar  8 20:18:49 CET 2026
#@# Parcellation Stats lh Sun Mar  8 20:18:49 CET 2026
#@# Parcellation Stats 2 lh Sun Mar  8 20:19:12 CET 2026
#@# Parcellation Stats 3 lh Sun Mar  8 20:19:24 CET 2026
#@# BA_exvivo Labels lh Sun Mar  8 20:19:36 CET 2026
recon-all -s sub-v1s13x0050059_ses-1 finished without error at Sun Mar  8 20:22:44 CET 2026
